Node memory for rank-1 cuts will be used (5.15247)
~~~~~~~~~~~~~~~~~~~~~~~~~~~~~~~~~~~~~~~~~~~~~~~~~~~~~~~~~~~~~~~~~~~~~~~~~~~~~~~~~~~~~
VRPSolver v0.5.27, 24/02/2023, © Inria Bordeaux, France, vrpsolver.math.u-bordeaux.fr
      Corresponds to the solver by Pessoa, Sadykov, Uchoa and Vanderbeck (2020)
                 Paper: dx.doi.org/10.1007/s10107-020-01523-z
~~~~~~~~~~~~~~~~~~~~~~~~~~~~~~~~~~~~~~~~~~~~~~~~~~~~~~~~~~~~~~~~~~~~~~~~~~~~~~~~~~~~~
   BaPCod v0.77, 15/03/2023, © Inria Bordeaux, France, bapcod.math.u-bordeaux.fr 
           THIS CODE IS PROVIDED AS IS, USE IT AT YOUR OWN RISK
~~~~~~~~~~~~~~~~~~~~~~~~~~~~~~~~~~~~~~~~~~~~~~~~~~~~~~~~~~~~~~~~~~~~~~~~~~~~~~~~~~~~~
Bucket steps were recalculated for graph G_1 : [4]
RCSP solver info : symmetric case is detected for graph G_1! 
Bidirectional border value is initialised to 50
RCSP solver info : number of forw. reachable buckets / buck. strongly connected components is 1204( 90.7994% ) / 1204( 100% )
Generating neighbourhoods for rank-1 cuts separation
Building structures for 4- and 5-row rank-1 packing cut separation...done!
Model is built TIME = 0h0m0s3t = 3
************************************************************************************************
**** BaB tree root node
**** Local DB = -1e+12, global bounds : [ -1e+12 , 710.1 ], TIME = 0h0m0s3t = 3
**** 1 open nodes, 0 columns (0 active), 0 dyn. constrs. (0 active), 100 art. vars. (100 active)
************************************************************************************************
#<DWph=2> <it=  1> <et=0.04> <Mt= 0.00> <Spt= 0.00> <nCl= 30> <al=0.00> <DB=-1167222.2400> <Mlp=92028.9600> <PB=710.1> 
#<DWph=2> <it=  2> <et=0.04> <Mt= 0.00> <Spt= 0.00> <nCl= 30> <al=0.55> <DB=-840505.4040> <Mlp=85626.3733> <PB=710.1> 
#<DWph=2> <it=  3> <et=0.04> <Mt= 0.00> <Spt= 0.00> <nCl= 30> <al=0.60> <DB=-654929.2173> <Mlp=83660.5100> <PB=710.1> 
#<DWph=2> <it=  4> <et=0.05> <Mt= 0.00> <Spt= 0.01> <nCl= 30> <al=0.50> <DB=-598350.2642> <Mlp=77997.7038> <PB=710.1> 
#<DWph=2> <it=  5> <et=0.05> <Mt= 0.00> <Spt= 0.00> <nCl= 30> <al=0.55> <DB=-493851.1884> <Mlp=71529.7338> <PB=710.1> 
#<DWph=2> <it=  6> <et=0.05> <Mt= 0.00> <Spt= 0.00> <nCl= 30> <al=0.45> <DB=-464107.6680> <Mlp=63461.3897> <PB=710.1> 
#<DWph=2> <it=  7> <et=0.05> <Mt= 0.00> <Spt= 0.00> <nCl= 30> <al=0.50> <DB=-434071.6057> <Mlp=52076.3544> <PB=710.1> 
#<DWph=2> <it=  8> <et=0.06> <Mt= 0.00> <Spt= 0.00> <nCl= 30> <al=0.40> <DB=-404412.0100> <Mlp=38118.5978> <PB=710.1> 
#<DWph=2> <it=  9> <et=0.06> <Mt= 0.00> <Spt= 0.01> <nCl= 30> <al=0.46> <DB=-350722.5440> <Mlp=30383.3710> <PB=710.1> 
#<DWph=2> <it= 10> <et=0.06> <Mt= 0.00> <Spt= 0.00> <nCl= 30> <al=0.51> <DB=-327084.3838> <Mlp=23422.4778> <PB=710.1> 
#<DWph=2> <it= 11> <et=0.06> <Mt= 0.00> <Spt= 0.00> <nCl= 30> <al=0.56> <DB=-261813.7673> <Mlp=18758.7967> <PB=710.1> 
#<DWph=2> <it= 12> <et=0.07> <Mt= 0.00> <Spt= 0.00> <nCl= 30> <al=0.46> <DB=-253209.0793> <Mlp= 3685.3362> <PB=710.1> 
#<DWph=2> <it= 13> <et=0.07> <Mt= 0.00> <Spt= 0.01> <nCl= 30> <al=0.52> <DB=-179608.9414> <Mlp= 1744.9161> <PB=710.1> 
#<DWph=2> <it= 14> <et=0.07> <Mt= 0.00> <Spt= 0.00> <nCl= 14> <al=0.42> <DB=-51998.8903> <Mlp= 1387.6451> <PB=710.1> 
#<DWph=2> <it= 15> <et=0.07> <Mt= 0.00> <Spt= 0.00> <nCl= 30> <al=0.32> <DB=-5599.5750> <Mlp= 1313.7959> <PB=710.1> 
<DWph=2> <it= 16> <et=0.08> <Mt= 0.00> <Spt= 0.00> <nCl= 30> <al=0.22> <DB=-2191.0834> <Mlp= 1059.5107> <PB=710.1> 
<DWph=2> <it= 17> <et=0.08> <Mt= 0.00> <Spt= 0.00> <nCl= 30> <al=0.30> <DB=-4606.8463> <Mlp=  948.3204> <PB=710.1> 
<DWph=2> <it= 18> <et=0.08> <Mt= 0.00> <Spt= 0.00> <nCl= 30> <al=0.37> <DB=-1137.4438> <Mlp=  929.1862> <PB=710.1> 
<DWph=2> <it= 19> <et=0.09> <Mt= 0.00> <Spt= 0.01> <nCl= 30> <al=0.43> <DB=-1288.2307> <Mlp=  893.9287> <PB=710.1> 
<DWph=2> <it= 20> <et=0.09> <Mt= 0.01> <Spt= 0.00> <nCl= 30> <al=0.49> <DB=-1213.2673> <Mlp=  824.7659> <PB=710.1> 
<DWph=2> <it= 21> <et=0.09> <Mt= 0.00> <Spt= 0.00> <nCl= 28> <al=0.54> <DB= -497.3103> <Mlp=  788.7914> <PB=710.1> 
<DWph=2> <it= 22> <et=0.09> <Mt= 0.00> <Spt= 0.00> <nCl= 24> <al=0.58> <DB=   19.9281> <Mlp=  777.5567> <PB=710.1> 
<DWph=2> <it= 23> <et=0.10> <Mt= 0.00> <Spt= 0.00> <nCl= 24> <al=0.63> <DB=  323.4964> <Mlp=  758.8994> <PB=710.1> 
<DWph=2> <it= 24> <et=0.10> <Mt= 0.00> <Spt= 0.01> <nCl= 30> <al=0.53> <DB=  421.9111> <Mlp=  747.7048> <PB=710.1> 
<DWph=2> <it= 25> <et=0.10> <Mt= 0.00> <Spt= 0.00> <nCl= 28> <al=0.57> <DB=  440.9770> <Mlp=  727.0957> <PB=710.1> 
<DWph=2> <it= 26> <et=0.11> <Mt= 0.00> <Spt= 0.00> <nCl= 25> <al=0.62> <DB=  524.6744> <Mlp=  710.8600> <PB=710.1> 
<DWph=2> <it= 27> <et=0.11> <Mt= 0.00> <Spt= 0.00> <nCl= 20> <al=0.65> <DB=  622.3721> <Mlp=  692.4938> <PB=710.1> 
<DWph=2> <it= 28> <et=0.11> <Mt= 0.00> <Spt= 0.01> <nCl=  7> <al=0.69> <DB=  646.5404> <Mlp=  690.0000> <PB=710.1> 
<DWph=2> <it= 29> <et=0.11> <Mt= 0.00> <Spt= 0.00> <nCl=  7> <al=0.59> <DB=  648.8733> <Mlp=  689.2521> <PB=710.1> 
<DWph=2> <it= 30> <et=0.12> <Mt= 0.00> <Spt= 0.00> <nCl=  8> <al=0.63> <DB=  663.6161> <Mlp=  688.6969> <PB=710.1> 
<DWph=2> <it= 31> <et=0.12> <Mt= 0.00> <Spt= 0.00> <nCl=  2> <al=0.53> <DB=  675.1393> <Mlp=  688.5060> <PB=710.1> 
<DWph=2> <it= 32> <et=0.12> <Mt= 0.00> <Spt= 0.00> <nCl=  5> <al=0.58> <DB=  677.5238> <Mlp=  688.1350> <PB=710.1> 
<DWph=2> <it= 33> <et=0.12> <Mt= 0.00> <Spt= 0.01> <nCl=  1> <al=0.48> <DB=  680.1643> <Mlp=  687.5465> <PB=710.1> 
<DWph=2> <it= 34> <et=0.13> <Mt= 0.00> <Spt= 0.00> <nCl=  3> <al=0.53> <DB=  679.9778> <Mlp=  687.5357> <PB=710.1> 
<DWph=2> <it= 35> <et=0.13> <Mt= 0.00> <Spt= 0.00> <nCl=  5> <al=0.00> <DB=  686.5709> <Mlp=  687.5287> <PB=710.1> 
<DWph=2> <it= 36> <et=0.14> <Mt= 0.00> <Spt= 0.01> <nCl=  1> <al=0.00> <DB=  687.5274> <Mlp=  687.5274> <PB=710.1> 
<DWph=1> <it= 37> <et=0.14> <Mt= 0.00> <Spt= 0.00> <nCl=  6> <al=0.38> <DB=  677.8067> <Mlp=  687.5274> <PB=710.1> 
<DWph=1> <it= 38> <et=0.14> <Mt= 0.00> <Spt= 0.00> <nCl=  8> <al=0.28> <DB=  677.9161> <Mlp=  687.4712> <PB=710.1> 
<DWph=1> <it= 39> <et=0.15> <Mt= 0.00> <Spt= 0.01> <nCl=  7> <al=0.00> <DB=  687.1012> <Mlp=  687.3481> <PB=710.1> 
<DWph=1> <it= 40> <et=0.16> <Mt= 0.00> <Spt= 0.01> <nCl=  2> <al=0.00> <DB=  687.3467> <Mlp=  687.3467> <PB=710.1> 
    RCSP exact solver info for graph G_1 : TT = 0.003426, pt = 1.3e-05, dt = 0.002702, ct = 0.000517, ndl = 0', bdl = 9', odl = 1', odf = 9', bsi = 1', cnt = 1', bdch = 44', odch = 6', lcp = 3', #sols = 150
    RCSP exact solver info for graph G_1 : TT = 0.002569, pt = 2e-05, dt = 0.001843, ct = 0.000512, ndl = 0', bdl = 9', odl = 1', odf = 9', bsi = 1', cnt = 1', bdch = 44', odch = 6', lcp = 3', #sols = 150
<DWph=0> <it= 41> <et=0.16> <Mt= 0.00> <Spt= 0.00> <nCl= 54> <al=0.00> <DB=  687.3467> <Mlp=  687.3467> <PB=710.1> 
Dynamic params and stats :  aver.obdmd = 22.6275 aver.buck.num. = 26
@@ 1 0 687.347 0.002787 0.003219 78.2215 0.16
Labels distribution in buckets (bucket size) : largest - 11, top 0.1% - 11, top 0.5% - 10, top 2% - 8, top 10% - 4, top 50% - 1
Reduced cost fixing for graph G_1... 18561 buck. arcs remain (41.1% from prev., 32.2% from max.) + 3613 jump buck. arcs (6.26% from max.)
 TT = 0.01813, pt = 0.00139, dt = 0.005532, ct = 0.01111, ndl = 4', bdl = 43', odl = 3', odf = 31', lpcb = 96', cnt = 48', bdch = 339', odch = 63', lcp = 37'
Labels distribution in buckets (bucket size) : largest - 13, top 0.1% - 13, top 0.5% - 11, top 2% - 8, top 10% - 5, top 50% - 1
Run forward enumeration with border = 50... succeeded! lpt = 0.030601, ndl = 6', dl = 10', lpcb = 124', dch = 207'
Run enumeration concatenation with time limit 0.3 sec.... succeeded!
Sorting and storing enumerated solutions ... done!
 TT = 0.09624, pt = 0.00199, dt = 0.030601, ct = 0.03061, ndl = 6', bdl = 10', lpcb = 124', cnt = 83', bdch = 207', odch = 0', lcp = 0'
Enumeration succeeded!, number of elem. solutions is 30019
Estimating inspection time...     TT = 0.001546, performed by inspection with 30019 solutions, nbR1C = 0, nbDiscC = 0
Inspection time is low enough. Pricing will be done by inspection.
Added 378 columns in the formulation 
Removed 501 columns (not in the enumerated set) from the formulation
Regenerated 378 columns with the 'enumerated' flag
<DWph=2> <it= 42> <et=0.29> <Mt= 0.01> <Spt= 0.00> <nCl=  0> <al=0.00> <DB=  687.4757> <Mlp=  687.4757> <PB=710.1> 
<DWph=1> <it= 43> <et=0.29> <Mt= 0.00> <Spt= 0.01> <nCl=  0> <al=0.00> <DB=  687.4757> <Mlp=  687.4757> <PB=710.1> 
    TT = 0.001098, performed by inspection with 30019 solutions, nbR1C = 0, nbDiscC = 0
<DWph=0> <it= 44> <et=0.29> <Mt= 0.00> <Spt= 0.00> <nCl= 70> <al=0.30> <DB=  659.5217> <Mlp=  687.4757> <PB=710.1> 
    TT = 0.001042, performed by inspection with 30019 solutions, nbR1C = 0, nbDiscC = 0
    TT = 0.000965, performed by inspection with 30019 solutions, nbR1C = 0, nbDiscC = 0
<DWph=0> <it= 45> <et=0.30> <Mt= 0.00> <Spt= 0.00> <nCl= 17> <al=0.00> <DB=  687.4757> <Mlp=  687.4757> <PB=710.1> 
Dynamic params and stats :  aver.obdmd = 22.6275 aver.buck.num. = 26
@@ 1 0 687.476 0.001035 0.001098 0 0.3
Reduced cost fixing for graph G_1...  took 0 sec., done by inspection with 30019 solutions, remains 28850 (96.1%)
Removed 2 columns (not in the enumerated set) from the formulation
    Full reduced cost fixing is not called (gap ratio is 0.994305)
ColGenEvalAlg final dual bound: 687.476 (rounded: 688)
In total 1 RCC cut(s) are found by the connected components heuristic 
Shrinking heuristic shrunk 4 edges
In total 10 RCC cut(s) are found by the Fractional capacity min-cut heuristic 
In total 23 RCC cut(s) are found by the greedy construction heuristic 
----- Add fac. cuts : CAP(34), max.viol = 0.355499, aver.viol = 0.108131, sep/add took 0.00921473/0.00389979 sec. -----
463 columns (463 active), 34 dyn. constrs. (34 active), 134 art. vars. (134 active)
<DWph=2> <it=  1> <et=0.32> <Mt= 0.00> <Spt= 0.00> <nCl=  0> <al=0.00> <DB=  689.0954> <Mlp=  689.0954> <PB=710.1> 
<DWph=1> <it=  2> <et=0.32> <Mt= 0.00> <Spt= 0.00> <nCl=  0> <al=0.00> <DB=  689.0954> <Mlp=  689.0954> <PB=710.1> 
    TT = 0.000956, performed by inspection with 28850 solutions, nbR1C = 0, nbDiscC = 0
<DWph=0> <it=  3> <et=0.32> <Mt= 0.00> <Spt= 0.01> <nCl= 24> <al=0.30> <DB=  666.8485> <Mlp=  689.0954> <PB=710.1> 
    TT = 0.000914, performed by inspection with 28850 solutions, nbR1C = 0, nbDiscC = 0
<DWph=0> <it=  4> <et=0.32> <Mt= 0.00> <Spt= 0.00> <nCl=  1> <al=0.20> <DB=  684.6460> <Mlp=  689.0954> <PB=710.1> 
    TT = 0.000869, performed by inspection with 28850 solutions, nbR1C = 0, nbDiscC = 0
    TT = 0.000821, performed by inspection with 28850 solutions, nbR1C = 0, nbDiscC = 0
<DWph=0> <it=  5> <et=0.33> <Mt= 0.00> <Spt= 0.00> <nCl=  2> <al=0.00> <DB=  689.0926> <Mlp=  689.0926> <PB=710.1> 
Dynamic params and stats :  aver.obdmd = 22.6275 aver.buck.num. = 26
@@ 1 1 689.093 0.00089 0.000956 0 0.33
Reduced cost fixing for graph G_1...  took 0 sec., done by inspection with 28850 solutions, remains 27665 (95.9%)
    Full reduced cost fixing is not called (gap ratio is 0.922929)
ColGenEvalAlg final dual bound: 689.093 (rounded: 690)
Gap improvement since the last cut separation : 0.0714677 (687.476)
Current active cuts : CAP(13,-7.29469)
Shrinking heuristic shrunk 4 edges
In total 3 RCC cut(s) are found by the Fractional capacity min-cut heuristic 
In total 3 RCC cut(s) are found by the greedy construction heuristic 
----- Add fac. cuts : CAP(6), max.viol = 0.314321, aver.viol = 0.141163, sep/add took 0.00857543/0.000585713 sec. -----
490 columns (490 active), 40 dyn. constrs. (26 active), 140 art. vars. (126 active)
<DWph=2> <it=  1> <et=0.35> <Mt= 0.00> <Spt= 0.00> <nCl=  0> <al=0.00> <DB=  689.5800> <Mlp=  689.5800> <PB=710.1> 
<DWph=1> <it=  2> <et=0.35> <Mt= 0.00> <Spt= 0.00> <nCl=  0> <al=0.00> <DB=  689.5800> <Mlp=  689.5800> <PB=710.1> 
    TT = 0.000872, performed by inspection with 27665 solutions, nbR1C = 0, nbDiscC = 0
    TT = 0.000836, performed by inspection with 27665 solutions, nbR1C = 0, nbDiscC = 0
<DWph=0> <it=  3> <et=0.35> <Mt= 0.00> <Spt= 0.01> <nCl=  3> <al=0.00> <DB=  689.5800> <Mlp=  689.5800> <PB=710.1> 
Dynamic params and stats :  aver.obdmd = 22.6275 aver.buck.num. = 26
@@ 1 2 689.58 0.000854 0.000872 0 0.35
Reduced cost fixing for graph G_1...  took 0 sec., done by inspection with 27665 solutions, remains 27121 (98%)
Removed 1 columns (not in the enumerated set) from the formulation
    Full reduced cost fixing is not called (gap ratio is 0.901412)
ColGenEvalAlg final dual bound: 689.58 (rounded: 690)
Gap improvement since the last cut separation : 0.0232024 (689.093)
Current active cuts : CAP(15,9.43951)
Shrinking heuristic shrunk 2 edges
61 Rank-1 3-rows pack. cuts added ,  max viol. = 0.381933, aver. viol. = 0.166325
Building structures for heuristic rank-1 packing cut separation...done!
91 Rank-1 4-rows pack. cuts added ,  max viol. = 0.454834, aver. viol. = 0.210811
100 Rank-1 5-rows pack. cuts added ,  max viol. = 0.454834, aver. viol. = 0.383391
----- Add fac. cuts : R1C(252), max.viol = 0.454834, aver.viol = 0.268527, sep/add took 0.394654/0.0191241 sec. -----
493 columns (492 active), 278 dyn. constrs. (271 active), 392 art. vars. (371 active)
<DWph=2> <it=  1> <et=0.78> <Mt= 0.00> <Spt= 0.00> <nCl=  0> <al=0.00> <DB=  696.6203> <Mlp=  696.6203> <PB=710.1> 
<DWph=1> <it=  2> <et=0.78> <Mt= 0.00> <Spt= 0.00> <nCl=  0> <al=0.00> <DB=  696.6203> <Mlp=  696.6203> <PB=710.1> 
    TT = 0.003135, performed by inspection with 27121 solutions, nbR1C = 35, nbDiscC = 0
<DWph=0> <it=  3> <et=0.80> <Mt= 0.00> <Spt= 0.01> <nCl=150> <al=0.30> <DB=  133.8383> <Mlp=  696.6203> <PB=710.1> 
    TT = 0.003085, performed by inspection with 27121 solutions, nbR1C = 41, nbDiscC = 0
<DWph=0> <it=  4> <et=0.81> <Mt= 0.01> <Spt= 0.01> <nCl= 46> <al=0.20> <DB=  661.5207> <Mlp=  695.0398> <PB=710.1> 
    TT = 0.003177, performed by inspection with 27121 solutions, nbR1C = 44, nbDiscC = 0
<DWph=0> <it=  5> <et=0.81> <Mt= 0.00> <Spt= 0.00> <nCl=  9> <al=0.10> <DB=  692.1860> <Mlp=  694.5508> <PB=710.1> 
    TT = 0.002467, performed by inspection with 27121 solutions, nbR1C = 27, nbDiscC = 0
<DWph=0> <it=  6> <et=0.82> <Mt= 0.00> <Spt= 0.01> <nCl=  2> <al=0.00> <DB=  694.5508> <Mlp=  694.5508> <PB=710.1> 
Dynamic params and stats :  aver.obdmd = 22.6275 aver.buck.num. = 26 nbR1C = 27 with avMem = 0
@@ 1 3 694.551 0.002966 0.003177 0 0.82
Reduced cost fixing for graph G_1...  took 0 sec., done by inspection with 27121 solutions, remains 16778 (61.9%)
Removed 9 columns (not in the enumerated set) from the formulation
ColGenEvalAlg final dual bound: 694.551 (rounded: 695)
Gap improvement since the last cut separation : 0.242243 (689.58)
Current active cuts : CAP(6,29.2571) R1C(27,38.4068) 3rowPackR1C(14) 4rowPackR1C(8) 5rowPackR1C(5)
Shrinking heuristic shrunk 7 edges
In total 2 RCC cut(s) are found by the Fractional capacity min-cut heuristic 
In total 1 RCC cut(s) are found by the greedy construction heuristic 
36 Rank-1 3-rows pack. cuts added ,  max viol. = 0.372881, aver. viol. = 0.122646
Building structures for heuristic rank-1 packing cut separation...done!
59 Rank-1 4-rows pack. cuts added ,  max viol. = 0.372881, aver. viol. = 0.12913
100 Rank-1 5-rows pack. cuts added ,  max viol. = 0.372881, aver. viol. = 0.250381
----- Add fac. cuts : CAP(3) R1C(195), max.viol = 0.483051, aver.viol = 0.252183, sep/add took 0.374238/0.0224708 sec. -----
699 columns (690 active), 469 dyn. constrs. (235 active), 590 art. vars. (335 active)
<DWph=2> <it=  1> <et=1.23> <Mt= 0.00> <Spt= 0.00> <nCl=  0> <al=0.00> <DB=  695.0000> <Mlp=  695.0000> <PB=710.1> 
<DWph=1> <it=  2> <et=1.23> <Mt= 0.00> <Spt= 0.00> <nCl=  0> <al=0.00> <DB=  695.0000> <Mlp=  695.0000> <PB=710.1> 
    TT = 0.001974, performed by inspection with 16778 solutions, nbR1C = 38, nbDiscC = 0
    TT = 0.001659, performed by inspection with 16778 solutions, nbR1C = 36, nbDiscC = 0
<DWph=0> <it=  3> <et=1.24> <Mt= 0.00> <Spt= 0.01> <nCl=  7> <al=0.00> <DB=  695.0000> <Mlp=  695.0000> <PB=710.1> 
Dynamic params and stats :  aver.obdmd = 22.6275 aver.buck.num. = 26 nbR1C = 36 with avMem = 0
@@ 1 4 695 0.0018165 0.001974 0 1.24
Reduced cost fixing for graph G_1...  took 0 sec., done by inspection with 16778 solutions, remains 15454 (92.1%)
    Full reduced cost fixing is not called (gap ratio is 0.970927)
ColGenEvalAlg final dual bound: 695 (rounded: 695)
Gap improvement since the last cut separation : 0.028886 (694.551)
Current active cuts : CAP(5,22.0714) R1C(36,42.3571) 3rowPackR1C(15) 4rowPackR1C(13) 5rowPackR1C(8)
Shrinking heuristic shrunk 9 edges
3 Rank-1 3-rows pack. cuts added ,  max viol. = 0.25, aver. viol. = 0.25
Building structures for heuristic rank-1 packing cut separation...done!
13 Rank-1 4-rows pack. cuts added ,  max viol. = 0.25, aver. viol. = 0.25
100 Rank-1 5-rows pack. cuts added ,  max viol. = 0.25, aver. viol. = 0.17375
----- Add fac. cuts : R1C(116), max.viol = 0.25, aver.viol = 0.25, sep/add took 0.252174/0.0131668 sec. -----
706 columns (697 active), 351 dyn. constrs. (163 active), 706 art. vars. (263 active)
<DWph=2> <it=  1> <et=1.52> <Mt= 0.01> <Spt= 0.00> <nCl=  0> <al=0.00> <DB=  695.2745> <Mlp=  695.2745> <PB=710.1> 
<DWph=1> <it=  2> <et=1.52> <Mt= 0.00> <Spt= 0.00> <nCl=  0> <al=0.00> <DB=  695.2745> <Mlp=  695.2745> <PB=710.1> 
    TT = 0.001878, performed by inspection with 15454 solutions, nbR1C = 43, nbDiscC = 0
    TT = 0.001684, performed by inspection with 15454 solutions, nbR1C = 43, nbDiscC = 0
<DWph=0> <it=  3> <et=1.53> <Mt= 0.00> <Spt= 0.00> <nCl=  2> <al=0.00> <DB=  695.2745> <Mlp=  695.2745> <PB=710.1> 
Dynamic params and stats :  aver.obdmd = 22.6275 aver.buck.num. = 26 nbR1C = 43 with avMem = 0
@@ 1 5 695.275 0.001781 0.001878 0 1.53
Reduced cost fixing for graph G_1...  took 0 sec., done by inspection with 15454 solutions, remains 14819 (95.9%)
    Full reduced cost fixing is not called (gap ratio is 0.953158)
ColGenEvalAlg final dual bound: 695.275 (rounded: 696)
Gap improvement since the last cut separation : 0.0181795 (695)
Cut generation tailing off counter increased to 1
Current active cuts : CAP(5,21.902) R1C(43,49.902) 3rowPackR1C(15) 4rowPackR1C(13) 5rowPackR1C(15)
Shrinking heuristic shrunk 6 edges
In total 1 RCC cut(s) are found by the Fractional capacity min-cut heuristic 
In total 1 RCC cut(s) are found by the greedy construction heuristic 
11 Rank-1 3-rows pack. cuts added ,  max viol. = 0.22549, aver. viol. = 0.110517
Building structures for heuristic rank-1 packing cut separation...done!
32 Rank-1 4-rows pack. cuts added ,  max viol. = 0.235294, aver. viol. = 0.118873
100 Rank-1 5-rows pack. cuts added ,  max viol. = 0.235294, aver. viol. = 0.129951
----- Add fac. cuts : CAP(2) R1C(143), max.viol = 0.352941, aver.viol = 0.169168, sep/add took 0.370666/0.0159435 sec. -----
708 columns (699 active), 308 dyn. constrs. (198 active), 851 art. vars. (298 active)
<DWph=2> <it=  1> <et=1.93> <Mt= 0.00> <Spt= 0.00> <nCl=  0> <al=0.00> <DB=  695.5165> <Mlp=  695.5165> <PB=710.1> 
<DWph=1> <it=  2> <et=1.93> <Mt= 0.00> <Spt= 0.01> <nCl=  0> <al=0.00> <DB=  695.5165> <Mlp=  695.5165> <PB=710.1> 
    TT = 0.001891, performed by inspection with 14819 solutions, nbR1C = 44, nbDiscC = 0
<DWph=0> <it=  3> <et=1.93> <Mt= 0.00> <Spt= 0.00> <nCl= 12> <al=0.30> <DB=  682.0000> <Mlp=  695.5165> <PB=710.1> 
    TT = 0.00174, performed by inspection with 14819 solutions, nbR1C = 48, nbDiscC = 0
    TT = 0.001584, performed by inspection with 14819 solutions, nbR1C = 45, nbDiscC = 0
<DWph=0> <it=  4> <et=1.94> <Mt= 0.00> <Spt= 0.00> <nCl=  2> <al=0.00> <DB=  695.5149> <Mlp=  695.5149> <PB=710.1> 
Dynamic params and stats :  aver.obdmd = 22.6275 aver.buck.num. = 26 nbR1C = 45 with avMem = 0
@@ 1 6 695.515 0.00173833 0.001891 0 1.94
Reduced cost fixing for graph G_1...  took 0 sec., done by inspection with 14819 solutions, remains 13418 (90.5%)
Removed 4 columns (not in the enumerated set) from the formulation
    Full reduced cost fixing is not called (gap ratio is 0.937598)
ColGenEvalAlg final dual bound: 695.515 (rounded: 696)
Gap improvement since the last cut separation : 0.0162147 (695.275)
Cut generation tailing off counter increased to 2
Current active cuts : CAP(5,24.3253) R1C(45,52.5008) 3rowPackR1C(13) 4rowPackR1C(12) 5rowPackR1C(20)
Shrinking heuristic shrunk 6 edges
In total 2 RCC cut(s) are found by the Fractional capacity min-cut heuristic 
21 Rank-1 3-rows pack. cuts added ,  max viol. = 0.0678808, aver. viol. = 0.0350836
Building structures for heuristic rank-1 packing cut separation...done!
42 Rank-1 4-rows pack. cuts added ,  max viol. = 0.18543, aver. viol. = 0.0550694
100 Rank-1 5-rows pack. cuts added ,  max viol. = 0.18543, aver. viol. = 0.0790149
----- Add fac. cuts : CAP(2) R1C(163), max.viol = 0.220199, aver.viol = 0.0816476, sep/add took 0.466531/0.0181555 sec. -----
713 columns (709 active), 363 dyn. constrs. (219 active), 1016 art. vars. (319 active)
<DWph=2> <it=  1> <et=2.44> <Mt= 0.00> <Spt= 0.00> <nCl=  0> <al=0.50> <DB=  695.5149> <Mlp=  696.0000> <PB=696> 
ColGenEvalAlg final dual bound: 695.515 (rounded: 696)
Gap improvement since the last cut separation : 1 (695.515)
Current active cuts : CAP(4,7.06142) R1C(58,61.5767) 3rowPackR1C(13) 4rowPackR1C(12) 5rowPackR1C(33)
New model incumbent solution 696, TIME = 0h0m2s45t = 245
************************************************************************************************
Search is finished, global bounds : [ 696 , 696 ], TIME = 0h0m2s45t = 245
************************************************************************************************
Built-in heuristic is enabled
instance_name solver_name ext_heuristic solution_value solution_time best_lb root_lb root_time nb_branch_and_bound_nodes status
/home/logis/Downloads/VRPSolverEasy/VRPSolverEasy/demos/data/CVRP/P-n50-k10 CPLEX False 696.0 2.452803893 696.0 696.0 2.45232358 1 0

