Time resource is critical for vehicle type 1 (21,0)
Capacity resource will be imposed by rounded capacity cuts (0.269388)
Node memory for rank-1 cuts will be used (9.85714)
~~~~~~~~~~~~~~~~~~~~~~~~~~~~~~~~~~~~~~~~~~~~~~~~~~~~~~~~~~~~~~~~~~~~~~~~~~~~~~~~~~~~~
VRPSolver v0.5.27, 24/02/2023, © Inria Bordeaux, France, vrpsolver.math.u-bordeaux.fr
      Corresponds to the solver by Pessoa, Sadykov, Uchoa and Vanderbeck (2020)
                 Paper: dx.doi.org/10.1007/s10107-020-01523-z
~~~~~~~~~~~~~~~~~~~~~~~~~~~~~~~~~~~~~~~~~~~~~~~~~~~~~~~~~~~~~~~~~~~~~~~~~~~~~~~~~~~~~
   BaPCod v0.77, 15/03/2023, © Inria Bordeaux, France, bapcod.math.u-bordeaux.fr 
           THIS CODE IS PROVIDED AS IS, USE IT AT YOUR OWN RISK
~~~~~~~~~~~~~~~~~~~~~~~~~~~~~~~~~~~~~~~~~~~~~~~~~~~~~~~~~~~~~~~~~~~~~~~~~~~~~~~~~~~~~
Bucket steps were recalculated for graph G_1 : [135.6]
RCSP solver info : non-symmetric case as the resource 0 consumption for the reverse arc of 0->100 is not the same : 38 against 128
Bidirectional border value is initialised to 1558.9
RCSP solver info : number of forw. reachable buckets / buck. strongly connected components is 439( 94.8164% ) / 136( 30.9795% )
RCSP solver info : number of back. reachable buckets / buck. strongly connected components is 439( 94.8164% ) / 132( 30.0683% )
Generating neighbourhoods for rank-1 cuts separation
Building structures for 4- and 5-row rank-1 packing cut separation...done!
Model is built TIME = 0h0m0s7t = 7
************************************************************************************************
**** BaB tree root node
**** Local DB = -1e+12, global bounds : [ -1e+12 , 586.1 ], TIME = 0h0m0s7t = 7
**** 1 open nodes, 0 columns (0 active), 0 dyn. constrs. (0 active), 202 art. vars. (202 active)
************************************************************************************************
#<DWph=2> <it=  1> <et=0.07> <Mt= 0.00> <Spt= 0.00> <nCl= 30> <al=0.00> <DB=-1084273.5000> <Mlp=142773.9600> <PB=586.1> 
#<DWph=2> <it=  2> <et=0.08> <Mt= 0.00> <Spt= 0.00> <nCl= 30> <al=0.55> <DB=-999247.0800> <Mlp=27402.5600> <PB=586.1> 
#<DWph=2> <it=  3> <et=0.08> <Mt= 0.00> <Spt= 0.01> <nCl= 30> <al=0.45> <DB=-989056.3285> <Mlp=27402.5600> <PB=586.1> 
#<DWph=2> <it=  4> <et=0.08> <Mt= 0.00> <Spt= 0.00> <nCl= 30> <al=0.51> <DB=-924219.0545> <Mlp=26665.8333> <PB=586.1> 
#<DWph=2> <it=  5> <et=0.09> <Mt= 0.00> <Spt= 0.00> <nCl= 30> <al=0.55> <DB=-831717.2572> <Mlp=23842.9236> <PB=586.1> 
#<DWph=2> <it=  6> <et=0.09> <Mt= 0.00> <Spt= 0.00> <nCl= 30> <al=0.60> <DB=-780528.6647> <Mlp=19807.6909> <PB=586.1> 
#<DWph=2> <it=  7> <et=0.10> <Mt= 0.00> <Spt= 0.01> <nCl= 30> <al=0.64> <DB=-834107.4023> <Mlp=17366.5040> <PB=586.1> 
#<DWph=2> <it=  8> <et=0.10> <Mt= 0.00> <Spt= 0.00> <nCl= 30> <al=0.68> <DB=-703433.6428> <Mlp=13165.1267> <PB=586.1> 
#<DWph=2> <it=  9> <et=0.10> <Mt= 0.00> <Spt= 0.00> <nCl= 30> <al=0.58> <DB=-731114.8029> <Mlp=12275.5701> <PB=586.1> 
#<DWph=2> <it= 10> <et=0.11> <Mt= 0.00> <Spt= 0.01> <nCl= 30> <al=0.62> <DB=-710976.5474> <Mlp=10107.6944> <PB=586.1> 
#<DWph=2> <it= 11> <et=0.11> <Mt= 0.00> <Spt= 0.00> <nCl= 30> <al=0.66> <DB=-613325.2285> <Mlp= 9170.7121> <PB=586.1> 
#<DWph=2> <it= 12> <et=0.12> <Mt= 0.00> <Spt= 0.00> <nCl= 30> <al=0.69> <DB=-612522.2216> <Mlp= 8328.2925> <PB=586.1> 
#<DWph=2> <it= 13> <et=0.12> <Mt= 0.01> <Spt= 0.01> <nCl= 30> <al=0.72> <DB=-615630.8667> <Mlp= 7501.1417> <PB=586.1> 
#<DWph=2> <it= 14> <et=0.13> <Mt= 0.00> <Spt= 0.00> <nCl= 30> <al=0.75> <DB=-570021.8725> <Mlp= 6802.6280> <PB=586.1> 
#<DWph=2> <it= 15> <et=0.13> <Mt= 0.00> <Spt= 0.00> <nCl= 30> <al=0.77> <DB=-563312.4648> <Mlp= 6558.0191> <PB=586.1> 
#<DWph=2> <it= 16> <et=0.13> <Mt= 0.00> <Spt= 0.01> <nCl= 30> <al=0.80> <DB=-482131.8521> <Mlp= 6225.4461> <PB=586.1> 
#<DWph=2> <it= 17> <et=0.14> <Mt= 0.00> <Spt= 0.00> <nCl= 30> <al=0.70> <DB=-557712.0899> <Mlp= 6036.8250> <PB=586.1> 
#<DWph=2> <it= 18> <et=0.14> <Mt= 0.00> <Spt= 0.00> <nCl= 30> <al=0.73> <DB=-468610.2802> <Mlp= 5455.7318> <PB=586.1> 
#<DWph=2> <it= 19> <et=0.15> <Mt= 0.00> <Spt= 0.01> <nCl= 30> <al=0.75> <DB=-470325.2636> <Mlp= 5224.2615> <PB=586.1> 
#<DWph=2> <it= 20> <et=0.15> <Mt= 0.00> <Spt= 0.00> <nCl= 30> <al=0.78> <DB=-479092.0374> <Mlp= 5040.6974> <PB=586.1> 
#<DWph=2> <it= 21> <et=0.16> <Mt= 0.01> <Spt= 0.00> <nCl= 30> <al=0.80> <DB=-415635.0142> <Mlp= 4840.8653> <PB=586.1> 
#<DWph=2> <it= 22> <et=0.16> <Mt= 0.00> <Spt= 0.00> <nCl= 30> <al=0.82> <DB=-422878.7118> <Mlp= 4596.9114> <PB=586.1> 
#<DWph=2> <it= 23> <et=0.17> <Mt= 0.00> <Spt= 0.01> <nCl= 30> <al=0.84> <DB=-385155.0570> <Mlp= 4405.0875> <PB=586.1> 
#<DWph=2> <it= 24> <et=0.17> <Mt= 0.00> <Spt= 0.00> <nCl= 30> <al=0.85> <DB=-383376.1336> <Mlp= 4287.5220> <PB=586.1> 
#<DWph=2> <it= 25> <et=0.18> <Mt= 0.00> <Spt= 0.00> <nCl= 30> <al=0.87> <DB=-378023.1017> <Mlp= 4081.6430> <PB=586.1> 
#<DWph=2> <it= 26> <et=0.18> <Mt= 0.00> <Spt= 0.01> <nCl= 30> <al=0.88> <DB=-372997.5228> <Mlp= 3963.1531> <PB=586.1> 
#<DWph=2> <it= 27> <et=0.19> <Mt= 0.01> <Spt= 0.00> <nCl= 30> <al=0.89> <DB=-350636.1866> <Mlp= 3765.7133> <PB=586.1> 
#<DWph=2> <it= 28> <et=0.19> <Mt= 0.00> <Spt= 0.00> <nCl= 30> <al=0.90> <DB=-351813.6836> <Mlp= 3682.9221> <PB=586.1> 
#<DWph=2> <it= 29> <et=0.20> <Mt= 0.00> <Spt= 0.01> <nCl= 30> <al=0.91> <DB=-340464.9786> <Mlp= 3615.9927> <PB=586.1> 
#<DWph=2> <it= 30> <et=0.20> <Mt= 0.00> <Spt= 0.00> <nCl= 30> <al=0.81> <DB=-325599.3082> <Mlp= 3545.0428> <PB=586.1> 
#<DWph=2> <it= 31> <et=0.21> <Mt= 0.00> <Spt= 0.00> <nCl= 30> <al=0.83> <DB=-342453.8919> <Mlp= 3396.0014> <PB=586.1> 
#<DWph=2> <it= 32> <et=0.21> <Mt= 0.01> <Spt= 0.01> <nCl= 30> <al=0.85> <DB=-318343.8362> <Mlp= 3305.3410> <PB=586.1> 
#<DWph=2> <it= 33> <et=0.22> <Mt= 0.00> <Spt= 0.00> <nCl= 30> <al=0.86> <DB=-293790.7918> <Mlp= 3273.0925> <PB=586.1> 
#<DWph=2> <it= 34> <et=0.22> <Mt= 0.00> <Spt= 0.00> <nCl= 30> <al=0.88> <DB=-300395.7050> <Mlp= 3230.2078> <PB=586.1> 
#<DWph=2> <it= 35> <et=0.23> <Mt= 0.00> <Spt= 0.01> <nCl= 30> <al=0.89> <DB=-291491.2509> <Mlp= 3180.0773> <PB=586.1> 
#<DWph=2> <it= 36> <et=0.24> <Mt= 0.01> <Spt= 0.00> <nCl= 30> <al=0.79> <DB=-335826.3603> <Mlp= 3140.9673> <PB=586.1> 
#<DWph=2> <it= 37> <et=0.24> <Mt= 0.00> <Spt= 0.00> <nCl= 30> <al=0.81> <DB=-268807.0310> <Mlp= 3069.8858> <PB=586.1> 
#<DWph=2> <it= 38> <et=0.25> <Mt= 0.01> <Spt= 0.01> <nCl= 30> <al=0.83> <DB=-292752.4085> <Mlp= 3017.6411> <PB=586.1> 
#<DWph=2> <it= 39> <et=0.26> <Mt= 0.00> <Spt= 0.00> <nCl= 30> <al=0.85> <DB=-266720.3712> <Mlp= 2978.7007> <PB=586.1> 
#<DWph=2> <it= 40> <et=0.26> <Mt= 0.00> <Spt= 0.00> <nCl= 30> <al=0.86> <DB=-279387.0368> <Mlp= 2970.0849> <PB=586.1> 
#<DWph=2> <it= 41> <et=0.27> <Mt= 0.00> <Spt= 0.00> <nCl= 30> <al=0.88> <DB=-256996.0765> <Mlp= 2948.9499> <PB=586.1> 
#<DWph=2> <it= 42> <et=0.28> <Mt= 0.01> <Spt= 0.01> <nCl= 30> <al=0.78> <DB=-268378.2787> <Mlp= 2943.7203> <PB=586.1> 
#<DWph=2> <it= 43> <et=0.28> <Mt= 0.00> <Spt= 0.00> <nCl= 30> <al=0.80> <DB=-264158.2435> <Mlp= 2913.8049> <PB=586.1> 
#<DWph=2> <it= 44> <et=0.29> <Mt= 0.01> <Spt= 0.00> <nCl= 30> <al=0.82> <DB=-237941.6417> <Mlp= 2876.1717> <PB=586.1> 
#<DWph=2> <it= 45> <et=0.30> <Mt= 0.00> <Spt= 0.01> <nCl= 30> <al=0.84> <DB=-246964.1230> <Mlp= 2847.9499> <PB=586.1> 
#<DWph=2> <it= 46> <et=0.31> <Mt= 0.00> <Spt= 0.00> <nCl= 30> <al=0.85> <DB=-222124.2928> <Mlp= 2813.5292> <PB=586.1> 
#<DWph=2> <it= 47> <et=0.32> <Mt= 0.01> <Spt= 0.01> <nCl= 30> <al=0.87> <DB=-235825.6613> <Mlp= 2798.6895> <PB=586.1> 
#<DWph=2> <it= 48> <et=0.32> <Mt= 0.00> <Spt= 0.00> <nCl= 30> <al=0.88> <DB=-214495.9527> <Mlp= 2767.1370> <PB=586.1> 
#<DWph=2> <it= 49> <et=0.33> <Mt= 0.01> <Spt= 0.00> <nCl= 30> <al=0.78> <DB=-217559.9793> <Mlp= 2742.6884> <PB=586.1> 
#<DWph=2> <it= 50> <et=0.34> <Mt= 0.00> <Spt= 0.01> <nCl= 30> <al=0.80> <DB=-192870.8988> <Mlp= 2710.7953> <PB=586.1> 
#<DWph=2> <it= 51> <et=0.35> <Mt= 0.00> <Spt= 0.00> <nCl= 30> <al=0.82> <DB=-204641.9574> <Mlp= 2691.3855> <PB=586.1> 
#<DWph=2> <it= 52> <et=0.35> <Mt= 0.01> <Spt= 0.01> <nCl= 30> <al=0.84> <DB=-182606.1333> <Mlp= 2684.1926> <PB=586.1> 
#<DWph=2> <it= 53> <et=0.36> <Mt= 0.00> <Spt= 0.00> <nCl= 30> <al=0.86> <DB=-168186.4537> <Mlp= 2681.1044> <PB=586.1> 
#<DWph=2> <it= 54> <et=0.37> <Mt= 0.00> <Spt= 0.00> <nCl= 30> <al=0.87> <DB=-155702.5393> <Mlp= 2665.8988> <PB=586.1> 
#<DWph=2> <it= 55> <et=0.37> <Mt= 0.00> <Spt= 0.01> <nCl= 30> <al=0.77> <DB=-164486.4333> <Mlp= 2662.8978> <PB=586.1> 
#<DWph=2> <it= 56> <et=0.38> <Mt= 0.01> <Spt= 0.00> <nCl= 30> <al=0.79> <DB=-151085.7699> <Mlp= 2634.8764> <PB=586.1> 
#<DWph=2> <it= 57> <et=0.39> <Mt= 0.00> <Spt= 0.00> <nCl= 30> <al=0.81> <DB=-162012.6726> <Mlp= 2624.5428> <PB=586.1> 
#<DWph=2> <it= 58> <et=0.40> <Mt= 0.01> <Spt= 0.01> <nCl= 30> <al=0.83> <DB=-140117.1890> <Mlp= 2596.2582> <PB=586.1> 
#<DWph=2> <it= 59> <et=0.40> <Mt= 0.00> <Spt= 0.00> <nCl= 30> <al=0.85> <DB=-137282.7525> <Mlp= 2574.7504> <PB=586.1> 
#<DWph=2> <it= 60> <et=0.42> <Mt= 0.01> <Spt= 0.00> <nCl= 30> <al=0.86> <DB=-132905.2787> <Mlp= 2429.8505> <PB=586.1> 
#<DWph=2> <it= 61> <et=0.43> <Mt= 0.01> <Spt= 0.01> <nCl= 30> <al=0.88> <DB=-126680.8233> <Mlp= 2373.8198> <PB=586.1> 
#<DWph=2> <it= 62> <et=0.44> <Mt= 0.00> <Spt= 0.00> <nCl= 30> <al=0.89> <DB=-126109.6954> <Mlp= 2174.5975> <PB=586.1> 
#<DWph=2> <it= 63> <et=0.45> <Mt= 0.01> <Spt= 0.00> <nCl= 30> <al=0.90> <DB=-128392.4244> <Mlp= 2033.2573> <PB=586.1> 
<DWph=2> <it= 64> <et=0.46> <Mt= 0.01> <Spt= 0.01> <nCl= 30> <al=0.91> <DB=-115333.9960> <Mlp= 1845.2027> <PB=586.1> 
<DWph=2> <it= 65> <et=0.46> <Mt= 0.00> <Spt= 0.00> <nCl= 30> <al=0.81> <DB=-93943.4169> <Mlp= 1845.0367> <PB=586.1> 
<DWph=2> <it= 66> <et=0.47> <Mt= 0.00> <Spt= 0.00> <nCl= 30> <al=0.71> <DB=-86270.7308> <Mlp= 1835.0067> <PB=586.1> 
<DWph=2> <it= 67> <et=0.48> <Mt= 0.01> <Spt= 0.01> <nCl= 30> <al=0.74> <DB=-68521.7743> <Mlp= 1817.1989> <PB=586.1> 
<DWph=2> <it= 68> <et=0.49> <Mt= 0.00> <Spt= 0.00> <nCl= 30> <al=0.64> <DB=-54203.5455> <Mlp= 1807.3122> <PB=586.1> 
<DWph=2> <it= 69> <et=0.50> <Mt= 0.01> <Spt= 0.01> <nCl= 30> <al=0.54> <DB=-39739.7919> <Mlp= 1784.9291> <PB=586.1> 
<DWph=2> <it= 70> <et=0.51> <Mt= 0.01> <Spt= 0.00> <nCl= 30> <al=0.44> <DB=-43676.8604> <Mlp= 1739.1600> <PB=586.1> 
<DWph=2> <it= 71> <et=0.52> <Mt= 0.01> <Spt= 0.00> <nCl= 30> <al=0.50> <DB=-31452.7702> <Mlp= 1711.6433> <PB=586.1> 
<DWph=2> <it= 72> <et=0.53> <Mt= 0.00> <Spt= 0.01> <nCl= 30> <al=0.55> <DB=-29234.0163> <Mlp= 1695.7260> <PB=586.1> 
<DWph=2> <it= 73> <et=0.54> <Mt= 0.01> <Spt= 0.00> <nCl= 30> <al=0.59> <DB=-23144.6556> <Mlp= 1671.8831> <PB=586.1> 
<DWph=2> <it= 74> <et=0.55> <Mt= 0.00> <Spt= 0.00> <nCl= 30> <al=0.63> <DB=-23003.5584> <Mlp= 1661.6168> <PB=586.1> 
<DWph=2> <it= 75> <et=0.56> <Mt= 0.01> <Spt= 0.01> <nCl= 30> <al=0.67> <DB=-21476.2917> <Mlp= 1643.8152> <PB=586.1> 
<DWph=2> <it= 76> <et=0.57> <Mt= 0.00> <Spt= 0.00> <nCl= 30> <al=0.70> <DB=-19607.6688> <Mlp= 1627.4027> <PB=586.1> 
<DWph=2> <it= 77> <et=0.58> <Mt= 0.01> <Spt= 0.00> <nCl= 30> <al=0.73> <DB=-17421.2425> <Mlp= 1617.4275> <PB=586.1> 
<DWph=2> <it= 78> <et=0.59> <Mt= 0.01> <Spt= 0.01> <nCl= 30> <al=0.76> <DB=-15728.5098> <Mlp= 1592.3764> <PB=586.1> 
<DWph=2> <it= 79> <et=0.60> <Mt= 0.00> <Spt= 0.00> <nCl= 30> <al=0.78> <DB=-16506.2056> <Mlp= 1575.3762> <PB=586.1> 
<DWph=2> <it= 80> <et=0.61> <Mt= 0.01> <Spt= 0.01> <nCl= 30> <al=0.80> <DB=-15391.8561> <Mlp= 1551.2244> <PB=586.1> 
<DWph=2> <it= 81> <et=0.62> <Mt= 0.01> <Spt= 0.00> <nCl= 30> <al=0.82> <DB=-14377.8109> <Mlp= 1534.4766> <PB=586.1> 
<DWph=2> <it= 82> <et=0.63> <Mt= 0.01> <Spt= 0.00> <nCl= 30> <al=0.84> <DB=-13471.0899> <Mlp= 1513.1028> <PB=586.1> 
<DWph=2> <it= 83> <et=0.64> <Mt= 0.00> <Spt= 0.01> <nCl= 30> <al=0.86> <DB=-14311.7824> <Mlp= 1487.0034> <PB=586.1> 
<DWph=2> <it= 84> <et=0.65> <Mt= 0.01> <Spt= 0.00> <nCl= 30> <al=0.87> <DB=-13091.0898> <Mlp= 1463.4531> <PB=586.1> 
<DWph=2> <it= 85> <et=0.66> <Mt= 0.00> <Spt= 0.00> <nCl= 30> <al=0.77> <DB=-13715.0132> <Mlp= 1452.0817> <PB=586.1> 
<DWph=2> <it= 86> <et=0.68> <Mt= 0.01> <Spt= 0.01> <nCl= 30> <al=0.79> <DB=-14275.3246> <Mlp= 1427.2129> <PB=586.1> 
<DWph=2> <it= 87> <et=0.69> <Mt= 0.01> <Spt= 0.00> <nCl= 30> <al=0.82> <DB=-13919.3907> <Mlp= 1396.3555> <PB=586.1> 
<DWph=2> <it= 88> <et=0.70> <Mt= 0.01> <Spt= 0.01> <nCl= 30> <al=0.83> <DB=-13971.5550> <Mlp= 1357.5630> <PB=586.1> 
<DWph=2> <it= 89> <et=0.71> <Mt= 0.01> <Spt= 0.00> <nCl= 30> <al=0.85> <DB=-12638.9748> <Mlp= 1341.2565> <PB=586.1> 
<DWph=2> <it= 90> <et=0.73> <Mt= 0.01> <Spt= 0.00> <nCl= 30> <al=0.87> <DB=-12275.6226> <Mlp= 1316.9281> <PB=586.1> 
<DWph=2> <it= 91> <et=0.74> <Mt= 0.00> <Spt= 0.01> <nCl= 30> <al=0.77> <DB=-14811.2991> <Mlp= 1304.3553> <PB=586.1> 
<DWph=2> <it= 92> <et=0.75> <Mt= 0.02> <Spt= 0.00> <nCl= 30> <al=0.79> <DB=-13525.5214> <Mlp= 1259.9255> <PB=586.1> 
<DWph=2> <it= 93> <et=0.76> <Mt= 0.00> <Spt= 0.01> <nCl= 30> <al=0.81> <DB=-13282.8323> <Mlp= 1230.2957> <PB=586.1> 
<DWph=2> <it= 94> <et=0.77> <Mt= 0.01> <Spt= 0.00> <nCl= 30> <al=0.83> <DB=-11259.7898> <Mlp= 1215.7607> <PB=586.1> 
<DWph=2> <it= 95> <et=0.78> <Mt= 0.01> <Spt= 0.00> <nCl= 30> <al=0.85> <DB=-12540.5904> <Mlp= 1208.8134> <PB=586.1> 
<DWph=2> <it= 96> <et=0.80> <Mt= 0.01> <Spt= 0.01> <nCl= 30> <al=0.86> <DB=-10690.4492> <Mlp= 1199.3768> <PB=586.1> 
<DWph=2> <it= 97> <et=0.81> <Mt= 0.00> <Spt= 0.00> <nCl= 30> <al=0.88> <DB=-10605.1752> <Mlp= 1186.1804> <PB=586.1> 
<DWph=2> <it= 98> <et=0.82> <Mt= 0.01> <Spt= 0.00> <nCl= 30> <al=0.89> <DB=-11309.2848> <Mlp= 1176.7788> <PB=586.1> 
<DWph=2> <it= 99> <et=0.83> <Mt= 0.00> <Spt= 0.01> <nCl= 30> <al=0.90> <DB=-10919.8700> <Mlp= 1168.9369> <PB=586.1> 
<DWph=2> <it=100> <et=0.84> <Mt= 0.01> <Spt= 0.00> <nCl= 30> <al=0.91> <DB=-10180.6584> <Mlp= 1157.4144> <PB=586.1> 
<DWph=2> <it=101> <et=0.85> <Mt= 0.01> <Spt= 0.01> <nCl= 30> <al=0.92> <DB=-9387.2842> <Mlp= 1148.0836> <PB=586.1> 
<DWph=2> <it=102> <et=0.86> <Mt= 0.01> <Spt= 0.00> <nCl= 30> <al=0.82> <DB=-11666.2660> <Mlp= 1135.0491> <PB=586.1> 
<DWph=2> <it=103> <et=0.87> <Mt= 0.00> <Spt= 0.00> <nCl= 30> <al=0.84> <DB=-9706.8596> <Mlp= 1118.6963> <PB=586.1> 
<DWph=2> <it=104> <et=0.88> <Mt= 0.01> <Spt= 0.01> <nCl= 30> <al=0.85> <DB=-9552.0604> <Mlp= 1108.7091> <PB=586.1> 
<DWph=2> <it=105> <et=0.90> <Mt= 0.01> <Spt= 0.00> <nCl= 30> <al=0.87> <DB=-9860.6602> <Mlp= 1093.7899> <PB=586.1> 
<DWph=2> <it=106> <et=0.91> <Mt= 0.01> <Spt= 0.01> <nCl= 30> <al=0.88> <DB=-8771.5431> <Mlp= 1086.3988> <PB=586.1> 
<DWph=2> <it=107> <et=0.92> <Mt= 0.00> <Spt= 0.00> <nCl= 30> <al=0.89> <DB=-8780.8121> <Mlp= 1072.3443> <PB=586.1> 
<DWph=2> <it=108> <et=0.93> <Mt= 0.01> <Spt= 0.00> <nCl= 30> <al=0.90> <DB=-8318.8558> <Mlp= 1064.5022> <PB=586.1> 
<DWph=2> <it=109> <et=0.94> <Mt= 0.01> <Spt= 0.01> <nCl= 30> <al=0.80> <DB=-7909.8294> <Mlp= 1054.9269> <PB=586.1> 
<DWph=2> <it=110> <et=0.95> <Mt= 0.01> <Spt= 0.00> <nCl= 30> <al=0.82> <DB=-8977.9204> <Mlp= 1045.9895> <PB=586.1> 
<DWph=2> <it=111> <et=0.96> <Mt= 0.00> <Spt= 0.00> <nCl= 30> <al=0.84> <DB=-8072.2297> <Mlp= 1038.1181> <PB=586.1> 
<DWph=2> <it=112> <et=0.98> <Mt= 0.01> <Spt= 0.01> <nCl= 30> <al=0.86> <DB=-7844.6064> <Mlp= 1026.7100> <PB=586.1> 
<DWph=2> <it=113> <et=0.99> <Mt= 0.01> <Spt= 0.00> <nCl= 30> <al=0.76> <DB=-10306.0073> <Mlp= 1015.7592> <PB=586.1> 
<DWph=2> <it=114> <et=1.00> <Mt= 0.01> <Spt= 0.01> <nCl= 30> <al=0.78> <DB=-8869.2483> <Mlp= 1002.8773> <PB=586.1> 
<DWph=2> <it=115> <et=1.01> <Mt= 0.00> <Spt= 0.00> <nCl= 30> <al=0.80> <DB=-7286.4630> <Mlp=  995.5922> <PB=586.1> 
<DWph=2> <it=116> <et=1.02> <Mt= 0.01> <Spt= 0.00> <nCl= 30> <al=0.82> <DB=-7950.8249> <Mlp=  987.8962> <PB=586.1> 
<DWph=2> <it=117> <et=1.03> <Mt= 0.01> <Spt= 0.01> <nCl= 30> <al=0.84> <DB=-6570.7450> <Mlp=  984.4620> <PB=586.1> 
<DWph=2> <it=118> <et=1.04> <Mt= 0.00> <Spt= 0.00> <nCl= 30> <al=0.74> <DB=-8347.9296> <Mlp=  982.3441> <PB=586.1> 
<DWph=2> <it=119> <et=1.05> <Mt= 0.01> <Spt= 0.01> <nCl= 30> <al=0.77> <DB=-5942.2472> <Mlp=  978.3085> <PB=586.1> 
<DWph=2> <it=120> <et=1.06> <Mt= 0.01> <Spt= 0.00> <nCl= 30> <al=0.79> <DB=-5979.7790> <Mlp=  967.9814> <PB=586.1> 
<DWph=2> <it=121> <et=1.07> <Mt= 0.00> <Spt= 0.00> <nCl= 30> <al=0.81> <DB=-5135.4867> <Mlp=  962.1168> <PB=586.1> 
<DWph=2> <it=122> <et=1.08> <Mt= 0.01> <Spt= 0.01> <nCl= 30> <al=0.83> <DB=-5219.8489> <Mlp=  955.9882> <PB=586.1> 
<DWph=2> <it=123> <et=1.09> <Mt= 0.01> <Spt= 0.00> <nCl= 30> <al=0.85> <DB=-5267.4414> <Mlp=  948.6919> <PB=586.1> 
<DWph=2> <it=124> <et=1.11> <Mt= 0.00> <Spt= 0.01> <nCl= 30> <al=0.86> <DB=-4893.5683> <Mlp=  941.4871> <PB=586.1> 
<DWph=2> <it=125> <et=1.12> <Mt= 0.01> <Spt= 0.00> <nCl= 30> <al=0.88> <DB=-4925.0567> <Mlp=  933.7132> <PB=586.1> 
<DWph=2> <it=126> <et=1.13> <Mt= 0.01> <Spt= 0.01> <nCl= 30> <al=0.89> <DB=-4473.0751> <Mlp=  928.9015> <PB=586.1> 
<DWph=2> <it=127> <et=1.14> <Mt= 0.00> <Spt= 0.00> <nCl= 30> <al=0.79> <DB=-4425.6283> <Mlp=  923.4541> <PB=586.1> 
<DWph=2> <it=128> <et=1.15> <Mt= 0.01> <Spt= 0.00> <nCl= 30> <al=0.81> <DB=-4548.6969> <Mlp=  912.9838> <PB=586.1> 
<DWph=2> <it=129> <et=1.16> <Mt= 0.01> <Spt= 0.01> <nCl= 30> <al=0.83> <DB=-4359.3749> <Mlp=  910.0108> <PB=586.1> 
<DWph=2> <it=130> <et=1.17> <Mt= 0.00> <Spt= 0.00> <nCl= 30> <al=0.85> <DB=-4066.8840> <Mlp=  902.2910> <PB=586.1> 
<DWph=2> <it=131> <et=1.18> <Mt= 0.01> <Spt= 0.01> <nCl= 30> <al=0.75> <DB=-5189.5855> <Mlp=  898.3597> <PB=586.1> 
<DWph=2> <it=132> <et=1.19> <Mt= 0.01> <Spt= 0.00> <nCl= 30> <al=0.77> <DB=-5333.4280> <Mlp=  890.6546> <PB=586.1> 
<DWph=2> <it=133> <et=1.21> <Mt= 0.01> <Spt= 0.00> <nCl= 30> <al=0.79> <DB=-4016.6074> <Mlp=  882.3742> <PB=586.1> 
<DWph=2> <it=134> <et=1.22> <Mt= 0.00> <Spt= 0.01> <nCl= 30> <al=0.81> <DB=-4049.6690> <Mlp=  873.6363> <PB=586.1> 
<DWph=2> <it=135> <et=1.23> <Mt= 0.01> <Spt= 0.00> <nCl= 30> <al=0.83> <DB=-3832.3901> <Mlp=  869.0830> <PB=586.1> 
<DWph=2> <it=136> <et=1.24> <Mt= 0.01> <Spt= 0.01> <nCl= 30> <al=0.85> <DB=-3528.6787> <Mlp=  867.0904> <PB=586.1> 
<DWph=2> <it=137> <et=1.25> <Mt= 0.00> <Spt= 0.00> <nCl= 30> <al=0.86> <DB=-3239.1350> <Mlp=  863.5020> <PB=586.1> 
<DWph=2> <it=138> <et=1.26> <Mt= 0.01> <Spt= 0.00> <nCl= 30> <al=0.88> <DB=-3355.1463> <Mlp=  861.6816> <PB=586.1> 
<DWph=2> <it=139> <et=1.27> <Mt= 0.00> <Spt= 0.01> <nCl= 30> <al=0.89> <DB=-2947.1149> <Mlp=  857.4287> <PB=586.1> 
<DWph=2> <it=140> <et=1.27> <Mt= 0.01> <Spt= 0.00> <nCl= 30> <al=0.79> <DB=-2749.4340> <Mlp=  856.6988> <PB=586.1> 
<DWph=2> <it=141> <et=1.28> <Mt= 0.00> <Spt= 0.01> <nCl= 30> <al=0.81> <DB=-2841.7940> <Mlp=  855.2815> <PB=586.1> 
<DWph=2> <it=142> <et=1.29> <Mt= 0.01> <Spt= 0.00> <nCl= 30> <al=0.83> <DB=-2547.9600> <Mlp=  850.5217> <PB=586.1> 
<DWph=2> <it=143> <et=1.30> <Mt= 0.00> <Spt= 0.00> <nCl= 30> <al=0.85> <DB=-2776.1618> <Mlp=  846.6687> <PB=586.1> 
<DWph=2> <it=144> <et=1.32> <Mt= 0.01> <Spt= 0.01> <nCl= 30> <al=0.86> <DB=-2587.9166> <Mlp=  843.6727> <PB=586.1> 
<DWph=2> <it=145> <et=1.33> <Mt= 0.01> <Spt= 0.00> <nCl= 30> <al=0.88> <DB=-2328.9335> <Mlp=  840.3968> <PB=586.1> 
<DWph=2> <it=146> <et=1.34> <Mt= 0.00> <Spt= 0.01> <nCl= 30> <al=0.78> <DB=-2744.2868> <Mlp=  830.2889> <PB=586.1> 
<DWph=2> <it=147> <et=1.35> <Mt= 0.01> <Spt= 0.00> <nCl= 30> <al=0.80> <DB=-2008.8681> <Mlp=  821.2308> <PB=586.1> 
<DWph=2> <it=148> <et=1.36> <Mt= 0.01> <Spt= 0.01> <nCl= 30> <al=0.82> <DB=-2301.7510> <Mlp=  815.9534> <PB=586.1> 
<DWph=2> <it=149> <et=1.38> <Mt= 0.01> <Spt= 0.00> <nCl= 30> <al=0.84> <DB=-1751.5456> <Mlp=  811.6377> <PB=586.1> 
<DWph=2> <it=150> <et=1.39> <Mt= 0.01> <Spt= 0.00> <nCl= 30> <al=0.74> <DB=-2341.5963> <Mlp=  805.6374> <PB=586.1> 
<DWph=2> <it=151> <et=1.40> <Mt= 0.00> <Spt= 0.01> <nCl= 30> <al=0.76> <DB=-2229.8849> <Mlp=  793.3568> <PB=586.1> 
<DWph=2> <it=152> <et=1.41> <Mt= 0.01> <Spt= 0.00> <nCl= 30> <al=0.79> <DB=-1790.7556> <Mlp=  786.4165> <PB=586.1> 
<DWph=2> <it=153> <et=1.42> <Mt= 0.01> <Spt= 0.01> <nCl= 30> <al=0.81> <DB=-1950.9897> <Mlp=  780.3617> <PB=586.1> 
<DWph=2> <it=154> <et=1.44> <Mt= 0.01> <Spt= 0.00> <nCl= 30> <al=0.83> <DB=-1489.7115> <Mlp=  775.5685> <PB=586.1> 
<DWph=2> <it=155> <et=1.44> <Mt= 0.00> <Spt= 0.00> <nCl= 30> <al=0.73> <DB=-1963.8778> <Mlp=  772.6322> <PB=586.1> 
<DWph=2> <it=156> <et=1.45> <Mt= 0.01> <Spt= 0.01> <nCl= 30> <al=0.75> <DB=-1870.2406> <Mlp=  766.7530> <PB=586.1> 
<DWph=2> <it=157> <et=1.47> <Mt= 0.01> <Spt= 0.00> <nCl= 30> <al=0.78> <DB=-1813.8968> <Mlp=  757.2937> <PB=586.1> 
<DWph=2> <it=158> <et=1.48> <Mt= 0.01> <Spt= 0.01> <nCl= 30> <al=0.80> <DB=-1378.9201> <Mlp=  752.6745> <PB=586.1> 
<DWph=2> <it=159> <et=1.49> <Mt= 0.00> <Spt= 0.00> <nCl= 30> <al=0.82> <DB=-1554.6838> <Mlp=  746.8036> <PB=586.1> 
<DWph=2> <it=160> <et=1.50> <Mt= 0.01> <Spt= 0.00> <nCl= 30> <al=0.84> <DB=-1193.7115> <Mlp=  739.2661> <PB=586.1> 
<DWph=2> <it=161> <et=1.52> <Mt= 0.01> <Spt= 0.01> <nCl= 30> <al=0.74> <DB=-2104.1493> <Mlp=  731.6141> <PB=586.1> 
<DWph=2> <it=162> <et=1.53> <Mt= 0.01> <Spt= 0.00> <nCl= 30> <al=0.77> <DB=-1474.2099> <Mlp=  724.9834> <PB=586.1> 
<DWph=2> <it=163> <et=1.54> <Mt= 0.01> <Spt= 0.01> <nCl= 30> <al=0.79> <DB=-1282.7622> <Mlp=  719.4156> <PB=586.1> 
<DWph=2> <it=164> <et=1.55> <Mt= 0.00> <Spt= 0.00> <nCl= 30> <al=0.81> <DB=-1205.4544> <Mlp=  716.1534> <PB=586.1> 
<DWph=2> <it=165> <et=1.56> <Mt= 0.01> <Spt= 0.01> <nCl= 30> <al=0.83> <DB=-1137.9689> <Mlp=  711.9109> <PB=586.1> 
<DWph=2> <it=166> <et=1.57> <Mt= 0.01> <Spt= 0.00> <nCl= 30> <al=0.85> <DB=-1329.3718> <Mlp=  709.5437> <PB=586.1> 
<DWph=2> <it=167> <et=1.59> <Mt= 0.01> <Spt= 0.00> <nCl= 30> <al=0.86> <DB=-1118.9922> <Mlp=  701.8628> <PB=586.1> 
<DWph=2> <it=168> <et=1.60> <Mt= 0.00> <Spt= 0.01> <nCl= 30> <al=0.88> <DB=-1384.4667> <Mlp=  698.5474> <PB=586.1> 
<DWph=2> <it=169> <et=1.61> <Mt= 0.01> <Spt= 0.00> <nCl= 30> <al=0.89> <DB=-1084.3909> <Mlp=  692.2591> <PB=586.1> 
<DWph=2> <it=170> <et=1.62> <Mt= 0.01> <Spt= 0.01> <nCl= 30> <al=0.90> <DB=-1230.4760> <Mlp=  688.0861> <PB=586.1> 
<DWph=2> <it=171> <et=1.63> <Mt= 0.00> <Spt= 0.00> <nCl= 30> <al=0.91> <DB=-1151.3314> <Mlp=  685.4116> <PB=586.1> 
<DWph=2> <it=172> <et=1.65> <Mt= 0.02> <Spt= 0.00> <nCl= 27> <al=0.92> <DB=-1130.0909> <Mlp=  681.1049> <PB=586.1> 
<DWph=2> <it=173> <et=1.66> <Mt= 0.00> <Spt= 0.01> <nCl= 30> <al=0.82> <DB=-1035.0978> <Mlp=  681.0036> <PB=586.1> 
<DWph=2> <it=174> <et=1.67> <Mt= 0.01> <Spt= 0.00> <nCl= 30> <al=0.84> <DB= -969.0081> <Mlp=  678.9788> <PB=586.1> 
<DWph=2> <it=175> <et=1.68> <Mt= 0.00> <Spt= 0.01> <nCl= 30> <al=0.85> <DB= -750.0773> <Mlp=  676.1627> <PB=586.1> 
<DWph=2> <it=176> <et=1.69> <Mt= 0.01> <Spt= 0.00> <nCl= 26> <al=0.87> <DB= -908.2019> <Mlp=  673.2712> <PB=586.1> 
<DWph=2> <it=177> <et=1.70> <Mt= 0.01> <Spt= 0.00> <nCl= 30> <al=0.88> <DB= -723.9223> <Mlp=  672.7989> <PB=586.1> 
<DWph=2> <it=178> <et=1.71> <Mt= 0.00> <Spt= 0.01> <nCl= 30> <al=0.78> <DB= -638.5273> <Mlp=  672.3407> <PB=586.1> 
<DWph=2> <it=179> <et=1.72> <Mt= 0.01> <Spt= 0.00> <nCl= 30> <al=0.68> <DB=-1088.5911> <Mlp=  670.5785> <PB=586.1> 
<DWph=2> <it=180> <et=1.73> <Mt= 0.00> <Spt= 0.01> <nCl= 30> <al=0.71> <DB= -791.3032> <Mlp=  669.6295> <PB=586.1> 
<DWph=2> <it=181> <et=1.74> <Mt= 0.01> <Spt= 0.00> <nCl= 30> <al=0.74> <DB= -478.9570> <Mlp=  669.0271> <PB=586.1> 
<DWph=2> <it=182> <et=1.75> <Mt= 0.00> <Spt= 0.00> <nCl= 27> <al=0.77> <DB= -499.4127> <Mlp=  667.9503> <PB=586.1> 
<DWph=2> <it=183> <et=1.76> <Mt= 0.01> <Spt= 0.01> <nCl= 29> <al=0.79> <DB= -430.8764> <Mlp=  666.7258> <PB=586.1> 
<DWph=2> <it=184> <et=1.76> <Mt= 0.00> <Spt= 0.00> <nCl= 24> <al=0.81> <DB= -336.6314> <Mlp=  666.3827> <PB=586.1> 
<DWph=2> <it=185> <et=1.77> <Mt= 0.01> <Spt= 0.00> <nCl= 30> <al=0.83> <DB= -332.4152> <Mlp=  666.0253> <PB=586.1> 
<DWph=2> <it=186> <et=1.78> <Mt= 0.00> <Spt= 0.01> <nCl= 30> <al=0.85> <DB= -302.7786> <Mlp=  665.1341> <PB=586.1> 
<DWph=2> <it=187> <et=1.79> <Mt= 0.01> <Spt= 0.00> <nCl= 30> <al=0.75> <DB= -267.1546> <Mlp=  663.5991> <PB=586.1> 
<DWph=2> <it=188> <et=1.80> <Mt= 0.01> <Spt= 0.01> <nCl= 29> <al=0.77> <DB= -343.4673> <Mlp=  661.5807> <PB=586.1> 
<DWph=2> <it=189> <et=1.81> <Mt= 0.00> <Spt= 0.00> <nCl= 28> <al=0.80> <DB= -299.9697> <Mlp=  659.1793> <PB=586.1> 
<DWph=2> <it=190> <et=1.82> <Mt= 0.01> <Spt= 0.00> <nCl= 27> <al=0.82> <DB= -260.2028> <Mlp=  657.2048> <PB=586.1> 
<DWph=2> <it=191> <et=1.83> <Mt= 0.01> <Spt= 0.01> <nCl= 28> <al=0.83> <DB= -170.0805> <Mlp=  655.6730> <PB=586.1> 
<DWph=2> <it=192> <et=1.85> <Mt= 0.00> <Spt= 0.00> <nCl= 30> <al=0.73> <DB= -356.0505> <Mlp=  654.9180> <PB=586.1> 
<DWph=2> <it=193> <et=1.86> <Mt= 0.01> <Spt= 0.01> <nCl= 30> <al=0.76> <DB= -526.9324> <Mlp=  652.1858> <PB=586.1> 
<DWph=2> <it=194> <et=1.87> <Mt= 0.01> <Spt= 0.00> <nCl= 30> <al=0.78> <DB= -191.4214> <Mlp=  651.4476> <PB=586.1> 
<DWph=2> <it=195> <et=1.88> <Mt= 0.01> <Spt= 0.01> <nCl= 28> <al=0.81> <DB=  -96.5067> <Mlp=  649.6239> <PB=586.1> 
<DWph=2> <it=196> <et=1.89> <Mt= 0.00> <Spt= 0.00> <nCl= 27> <al=0.83> <DB= -105.5174> <Mlp=  648.2686> <PB=586.1> 
<DWph=2> <it=197> <et=1.91> <Mt= 0.01> <Spt= 0.01> <nCl= 27> <al=0.84> <DB=  -84.6288> <Mlp=  646.3908> <PB=586.1> 
<DWph=2> <it=198> <et=1.92> <Mt= 0.01> <Spt= 0.00> <nCl= 27> <al=0.86> <DB=  -69.6249> <Mlp=  644.4029> <PB=586.1> 
<DWph=2> <it=199> <et=1.93> <Mt= 0.00> <Spt= 0.00> <nCl= 29> <al=0.87> <DB=  -24.4737> <Mlp=  642.9448> <PB=586.1> 
<DWph=2> <it=200> <et=1.94> <Mt= 0.01> <Spt= 0.01> <nCl= 26> <al=0.89> <DB=   31.2885> <Mlp=  640.9666> <PB=586.1> 
<DWph=2> <it=201> <et=1.96> <Mt= 0.02> <Spt= 0.00> <nCl= 25> <al=0.90> <DB=  -13.1952> <Mlp=  639.9072> <PB=586.1> 
<DWph=2> <it=202> <et=1.97> <Mt= 0.01> <Spt= 0.01> <nCl= 14> <al=0.91> <DB=   59.4869> <Mlp=  638.8389> <PB=586.1> 
<DWph=2> <it=203> <et=1.98> <Mt= 0.00> <Spt= 0.00> <nCl= 26> <al=0.92> <DB=   18.0912> <Mlp=  638.8358> <PB=586.1> 
<DWph=2> <it=204> <et=1.99> <Mt= 0.01> <Spt= 0.00> <nCl= 26> <al=0.82> <DB=   61.5434> <Mlp=  638.4364> <PB=586.1> 
<DWph=2> <it=205> <et=2.01> <Mt= 0.01> <Spt= 0.01> <nCl= 29> <al=0.72> <DB=  -23.9016> <Mlp=  636.7968> <PB=586.1> 
<DWph=2> <it=206> <et=2.02> <Mt= 0.01> <Spt= 0.00> <nCl= 26> <al=0.74> <DB=  -34.0104> <Mlp=  635.5051> <PB=586.1> 
<DWph=2> <it=207> <et=2.04> <Mt= 0.01> <Spt= 0.00> <nCl= 26> <al=0.77> <DB=   65.2651> <Mlp=  634.8680> <PB=586.1> 
<DWph=2> <it=208> <et=2.05> <Mt= 0.01> <Spt= 0.01> <nCl= 29> <al=0.79> <DB=   70.0856> <Mlp=  633.9175> <PB=586.1> 
<DWph=2> <it=209> <et=2.06> <Mt= 0.01> <Spt= 0.00> <nCl= 25> <al=0.81> <DB=   83.3297> <Mlp=  633.3170> <PB=586.1> 
<DWph=2> <it=210> <et=2.08> <Mt= 0.01> <Spt= 0.01> <nCl= 22> <al=0.83> <DB=  142.6548> <Mlp=  632.0729> <PB=586.1> 
<DWph=2> <it=211> <et=2.09> <Mt= 0.01> <Spt= 0.00> <nCl= 21> <al=0.73> <DB=  160.2958> <Mlp=  631.3266> <PB=586.1> 
<DWph=2> <it=212> <et=2.11> <Mt= 0.01> <Spt= 0.00> <nCl= 26> <al=0.63> <DB=  222.4511> <Mlp=  630.5319> <PB=586.1> 
<DWph=2> <it=213> <et=2.12> <Mt= 0.01> <Spt= 0.01> <nCl= 27> <al=0.67> <DB=  165.7252> <Mlp=  630.0793> <PB=586.1> 
<DWph=2> <it=214> <et=2.13> <Mt= 0.01> <Spt= 0.00> <nCl= 25> <al=0.70> <DB=  111.3719> <Mlp=  628.9440> <PB=586.1> 
<DWph=2> <it=215> <et=2.14> <Mt= 0.00> <Spt= 0.01> <nCl= 23> <al=0.73> <DB=  186.6410> <Mlp=  628.3889> <PB=586.1> 
<DWph=2> <it=216> <et=2.15> <Mt= 0.01> <Spt= 0.00> <nCl= 21> <al=0.76> <DB=  292.9901> <Mlp=  627.9649> <PB=586.1> 
<DWph=2> <it=217> <et=2.16> <Mt= 0.00> <Spt= 0.00> <nCl= 22> <al=0.66> <DB=  225.7904> <Mlp=  627.7921> <PB=586.1> 
<DWph=2> <it=218> <et=2.17> <Mt= 0.01> <Spt= 0.01> <nCl= 24> <al=0.69> <DB=  278.4159> <Mlp=  627.0425> <PB=586.1> 
<DWph=2> <it=219> <et=2.18> <Mt= 0.00> <Spt= 0.00> <nCl= 22> <al=0.72> <DB=  325.7587> <Mlp=  626.9614> <PB=586.1> 
<DWph=2> <it=220> <et=2.19> <Mt= 0.01> <Spt= 0.01> <nCl= 19> <al=0.75> <DB=  330.9044> <Mlp=  626.6580> <PB=586.1> 
<DWph=2> <it=221> <et=2.19> <Mt= 0.00> <Spt= 0.00> <nCl= 23> <al=0.65> <DB=  290.7280> <Mlp=  626.6196> <PB=586.1> 
<DWph=2> <it=222> <et=2.20> <Mt= 0.01> <Spt= 0.00> <nCl= 18> <al=0.69> <DB=  348.5869> <Mlp=  626.4127> <PB=586.1> 
<DWph=2> <it=223> <et=2.22> <Mt= 0.01> <Spt= 0.01> <nCl= 21> <al=0.72> <DB=  320.4136> <Mlp=  625.7923> <PB=586.1> 
<DWph=2> <it=224> <et=2.23> <Mt= 0.01> <Spt= 0.00> <nCl= 25> <al=0.75> <DB=  377.3397> <Mlp=  624.9240> <PB=586.1> 
<DWph=2> <it=225> <et=2.24> <Mt= 0.00> <Spt= 0.01> <nCl= 26> <al=0.77> <DB=  339.5907> <Mlp=  624.6662> <PB=586.1> 
<DWph=2> <it=226> <et=2.25> <Mt= 0.01> <Spt= 0.00> <nCl= 24> <al=0.67> <DB=  192.5798> <Mlp=  623.8024> <PB=586.1> 
<DWph=2> <it=227> <et=2.27> <Mt= 0.01> <Spt= 0.00> <nCl= 25> <al=0.70> <DB=  341.6893> <Mlp=  623.3316> <PB=586.1> 
<DWph=2> <it=228> <et=2.27> <Mt= 0.01> <Spt= 0.01> <nCl= 25> <al=0.60> <DB=  165.9670> <Mlp=  622.8160> <PB=586.1> 
<DWph=2> <it=229> <et=2.28> <Mt= 0.00> <Spt= 0.00> <nCl= 22> <al=0.64> <DB=  352.4794> <Mlp=  622.3037> <PB=586.1> 
<DWph=2> <it=230> <et=2.29> <Mt= 0.00> <Spt= 0.00> <nCl= 19> <al=0.68> <DB=  384.7393> <Mlp=  622.0372> <PB=586.1> 
<DWph=2> <it=231> <et=2.30> <Mt= 0.01> <Spt= 0.01> <nCl= 27> <al=0.71> <DB=  266.3075> <Mlp=  621.9598> <PB=586.1> 
<DWph=2> <it=232> <et=2.31> <Mt= 0.00> <Spt= 0.00> <nCl= 18> <al=0.74> <DB=  356.8726> <Mlp=  621.5285> <PB=586.1> 
<DWph=2> <it=233> <et=2.32> <Mt= 0.01> <Spt= 0.01> <nCl= 21> <al=0.77> <DB=  370.9362> <Mlp=  620.5178> <PB=586.1> 
<DWph=2> <it=234> <et=2.32> <Mt= 0.00> <Spt= 0.00> <nCl= 20> <al=0.67> <DB=  330.5203> <Mlp=  620.3909> <PB=586.1> 
<DWph=2> <it=235> <et=2.33> <Mt= 0.01> <Spt= 0.00> <nCl= 25> <al=0.70> <DB=  300.9541> <Mlp=  612.9958> <PB=586.1> 
<DWph=2> <it=236> <et=2.34> <Mt= 0.00> <Spt= 0.01> <nCl= 23> <al=0.73> <DB=  399.0749> <Mlp=  612.9958> <PB=586.1> 
<DWph=2> <it=237> <et=2.35> <Mt= 0.01> <Spt= 0.00> <nCl= 24> <al=0.76> <DB=  244.4666> <Mlp=  612.9958> <PB=586.1> 
<DWph=2> <it=238> <et=2.36> <Mt= 0.00> <Spt= 0.01> <nCl= 24> <al=0.78> <DB=  340.7565> <Mlp=  612.1707> <PB=586.1> 
<DWph=2> <it=239> <et=2.37> <Mt= 0.01> <Spt= 0.00> <nCl= 20> <al=0.80> <DB=  354.4081> <Mlp=  612.1021> <PB=586.1> 
<DWph=2> <it=240> <et=2.40> <Mt= 0.03> <Spt= 0.00> <nCl= 23> <al=0.82> <DB=  300.1941> <Mlp=  612.1021> <PB=586.1> 
<DWph=2> <it=241> <et=2.44> <Mt= 0.03> <Spt= 0.01> <nCl= 15> <al=0.84> <DB=  368.0175> <Mlp=  611.7913> <PB=586.1> 
<DWph=2> <it=242> <et=2.45> <Mt= 0.00> <Spt= 0.00> <nCl= 19> <al=0.74> <DB=  311.5403> <Mlp=  611.7913> <PB=586.1> 
<DWph=2> <it=243> <et=2.46> <Mt= 0.01> <Spt= 0.01> <nCl= 17> <al=0.77> <DB=  432.4275> <Mlp=  611.7913> <PB=586.1> 
<DWph=2> <it=244> <et=2.46> <Mt= 0.00> <Spt= 0.00> <nCl= 26> <al=0.67> <DB=  243.2227> <Mlp=  611.7913> <PB=586.1> 
<DWph=2> <it=245> <et=2.47> <Mt= 0.00> <Spt= 0.00> <nCl= 23> <al=0.70> <DB=  322.9804> <Mlp=  611.7913> <PB=586.1> 
<DWph=2> <it=246> <et=2.48> <Mt= 0.01> <Spt= 0.01> <nCl= 20> <al=0.73> <DB=  424.2444> <Mlp=  611.3723> <PB=586.1> 
<DWph=2> <it=247> <et=2.49> <Mt= 0.01> <Spt= 0.00> <nCl= 20> <al=0.76> <DB=  467.7469> <Mlp=  611.3723> <PB=586.1> 
<DWph=2> <it=248> <et=2.50> <Mt= 0.00> <Spt= 0.01> <nCl= 23> <al=0.78> <DB=  328.4927> <Mlp=  611.3723> <PB=586.1> 
<DWph=2> <it=249> <et=2.51> <Mt= 0.01> <Spt= 0.00> <nCl= 22> <al=0.80> <DB=  307.1907> <Mlp=  611.3723> <PB=586.1> 
<DWph=2> <it=250> <et=2.56> <Mt= 0.04> <Spt= 0.00> <nCl= 25> <al=0.70> <DB=  376.9479> <Mlp=  600.4800> <PB=586.1> 
<DWph=2> <it=251> <et=2.57> <Mt= 0.01> <Spt= 0.01> <nCl= 25> <al=0.73> <DB=  379.2028> <Mlp=  600.4800> <PB=586.1> 
<DWph=2> <it=252> <et=2.60> <Mt= 0.03> <Spt= 0.00> <nCl= 24> <al=0.76> <DB=  432.9259> <Mlp=  600.4800> <PB=586.1> 
<DWph=2> <it=253> <et=2.62> <Mt= 0.01> <Spt= 0.01> <nCl= 21> <al=0.78> <DB=  430.3048> <Mlp=  600.4800> <PB=586.1> 
<DWph=2> <it=254> <et=2.63> <Mt= 0.00> <Spt= 0.00> <nCl= 24> <al=0.81> <DB=  474.1868> <Mlp=  600.4800> <PB=586.1> 
<DWph=2> <it=255> <et=2.63> <Mt= 0.01> <Spt= 0.01> <nCl= 26> <al=0.82> <DB=  337.7112> <Mlp=  600.4800> <PB=586.1> 
<DWph=2> <it=256> <et=2.67> <Mt= 0.03> <Spt= 0.00> <nCl= 19> <al=0.84> <DB=  454.7326> <Mlp=  600.4800> <PB=586.1> 
<DWph=2> <it=257> <et=2.68> <Mt= 0.00> <Spt= 0.00> <nCl= 23> <al=0.86> <DB=  462.2333> <Mlp=  594.3000> <PB=586.1> 
<DWph=2> <it=258> <et=2.69> <Mt= 0.01> <Spt= 0.01> <nCl= 22> <al=0.76> <DB=  468.2464> <Mlp=  594.3000> <PB=586.1> 
<DWph=2> <it=259> <et=2.70> <Mt= 0.00> <Spt= 0.00> <nCl= 13> <al=0.78> <DB=  477.1800> <Mlp=  594.3000> <PB=586.1> 
<DWph=2> <it=260> <et=2.71> <Mt= 0.01> <Spt= 0.01> <nCl= 24> <al=0.80> <DB=  260.4354> <Mlp=  594.3000> <PB=586.1> 
<DWph=2> <it=261> <et=2.76> <Mt= 0.05> <Spt= 0.00> <nCl= 27> <al=0.82> <DB=  307.5352> <Mlp=  594.3000> <PB=586.1> 
<DWph=2> <it=262> <et=2.81> <Mt= 0.04> <Spt= 0.00> <nCl= 27> <al=0.84> <DB=  358.5342> <Mlp=  594.3000> <PB=586.1> 
<DWph=2> <it=263> <et=2.82> <Mt= 0.01> <Spt= 0.01> <nCl= 23> <al=0.86> <DB=  455.9266> <Mlp=  594.3000> <PB=586.1> 
<DWph=2> <it=264> <et=2.87> <Mt= 0.04> <Spt= 0.00> <nCl= 28> <al=0.76> <DB=  322.9706> <Mlp=  594.3000> <PB=586.1> 
<DWph=2> <it=265> <et=2.88> <Mt= 0.01> <Spt= 0.01> <nCl= 23> <al=0.78> <DB=  392.7948> <Mlp=  594.3000> <PB=586.1> 
<DWph=2> <it=266> <et=2.93> <Mt= 0.04> <Spt= 0.00> <nCl= 25> <al=0.80> <DB=  441.6226> <Mlp=  594.3000> <PB=586.1> 
<DWph=2> <it=267> <et=2.94> <Mt= 0.01> <Spt= 0.00> <nCl= 25> <al=0.82> <DB=  467.8389> <Mlp=  594.3000> <PB=586.1> 
<DWph=2> <it=268> <et=2.95> <Mt= 0.01> <Spt= 0.01> <nCl= 12> <al=0.84> <DB=  521.1631> <Mlp=  594.3000> <PB=586.1> 
<DWph=2> <it=269> <et=2.95> <Mt= 0.00> <Spt= 0.00> <nCl= 27> <al=0.74> <DB=  334.5441> <Mlp=  594.3000> <PB=586.1> 
<DWph=2> <it=270> <et=3.00> <Mt= 0.04> <Spt= 0.01> <nCl= 25> <al=0.77> <DB=  405.2754> <Mlp=  594.3000> <PB=586.1> 
<DWph=2> <it=271> <et=3.04> <Mt= 0.04> <Spt= 0.00> <nCl= 27> <al=0.79> <DB=  544.5177> <Mlp=  594.3000> <PB=586.1> 
<DWph=2> <it=272> <et=3.05> <Mt= 0.00> <Spt= 0.01> <nCl= 26> <al=0.81> <DB=  381.1738> <Mlp=  594.3000> <PB=586.1> 
<DWph=2> <it=273> <et=3.10> <Mt= 0.04> <Spt= 0.00> <nCl= 16> <al=0.83> <DB=  448.0129> <Mlp=  594.3000> <PB=586.1> 
<DWph=2> <it=274> <et=3.11> <Mt= 0.01> <Spt= 0.00> <nCl= 26> <al=0.85> <DB=  455.4453> <Mlp=  594.3000> <PB=586.1> 
<DWph=2> <it=275> <et=3.16> <Mt= 0.04> <Spt= 0.01> <nCl= 26> <al=0.86> <DB=  512.4192> <Mlp=  594.3000> <PB=586.1> 
<DWph=2> <it=276> <et=3.20> <Mt= 0.05> <Spt= 0.00> <nCl= 19> <al=0.88> <DB=  458.1157> <Mlp=  594.3000> <PB=586.1> 
<DWph=2> <it=277> <et=3.25> <Mt= 0.04> <Spt= 0.01> <nCl= 19> <al=0.89> <DB=  506.4882> <Mlp=  594.3000> <PB=586.1> 
<DWph=2> <it=278> <et=3.29> <Mt= 0.04> <Spt= 0.00> <nCl= 15> <al=0.90> <DB=  565.2903> <Mlp=  594.3000> <PB=586.1> 
<DWph=2> <it=279> <et=3.34> <Mt= 0.04> <Spt= 0.00> <nCl=  7> <al=0.91> <DB=  561.1784> <Mlp=  594.3000> <PB=586.1> 
<DWph=2> <it=280> <et=3.35> <Mt= 0.01> <Spt= 0.01> <nCl=  6> <al=0.92> <DB=  555.0460> <Mlp=  594.3000> <PB=586.1> 
<DWph=2> <it=281> <et=3.36> <Mt= 0.01> <Spt= 0.00> <nCl=  8> <al=0.93> <DB=  551.2471> <Mlp=  594.3000> <PB=586.1> 
<DWph=2> <it=282> <et=3.38> <Mt= 0.01> <Spt= 0.01> <nCl= 34> <al=0.87> <DB=  470.5562> <Mlp=  594.3000> <PB=586.1> 
<DWph=2> <it=283> <et=3.39> <Mt= 0.00> <Spt= 0.00> <nCl= 24> <al=0.83> <DB=  483.4515> <Mlp=  594.3000> <PB=586.1> 
<DWph=2> <it=284> <et=3.40> <Mt= 0.01> <Spt= 0.01> <nCl= 24> <al=0.85> <DB=  435.5335> <Mlp=  594.3000> <PB=586.1> 
<DWph=2> <it=285> <et=3.42> <Mt= 0.01> <Spt= 0.00> <nCl= 16> <al=0.87> <DB=  515.2309> <Mlp=  594.3000> <PB=586.1> 
<DWph=2> <it=286> <et=3.43> <Mt= 0.00> <Spt= 0.01> <nCl= 22> <al=0.88> <DB=  527.3987> <Mlp=  594.3000> <PB=586.1> 
<DWph=2> <it=287> <et=3.43> <Mt= 0.01> <Spt= 0.00> <nCl= 21> <al=0.78> <DB=  474.7201> <Mlp=  594.3000> <PB=586.1> 
<DWph=2> <it=288> <et=3.45> <Mt= 0.01> <Spt= 0.01> <nCl= 15> <al=0.80> <DB=  481.6451> <Mlp=  594.3000> <PB=586.1> 
<DWph=2> <it=289> <et=3.46> <Mt= 0.00> <Spt= 0.00> <nCl= 23> <al=0.82> <DB=  535.3813> <Mlp=  594.3000> <PB=586.1> 
<DWph=2> <it=290> <et=3.47> <Mt= 0.01> <Spt= 0.01> <nCl= 28> <al=0.68> <DB=  444.0007> <Mlp=  594.3000> <PB=586.1> 
<DWph=2> <it=291> <et=3.52> <Mt= 0.04> <Spt= 0.00> <nCl= 27> <al=0.74> <DB=  511.4911> <Mlp=  594.3000> <PB=586.1> 
<DWph=2> <it=292> <et=3.53> <Mt= 0.01> <Spt= 0.01> <nCl= 26> <al=0.77> <DB=  367.4179> <Mlp=  594.3000> <PB=586.1> 
<DWph=2> <it=293> <et=3.58> <Mt= 0.04> <Spt= 0.00> <nCl= 11> <al=0.79> <DB=  550.4599> <Mlp=  594.3000> <PB=586.1> 
<DWph=2> <it=294> <et=3.59> <Mt= 0.01> <Spt= 0.00> <nCl=  8> <al=0.81> <DB=  570.9939> <Mlp=  594.3000> <PB=586.1> 
<DWph=2> <it=295> <et=3.60> <Mt= 0.00> <Spt= 0.01> <nCl=  8> <al=0.83> <DB=  582.7069> <Mlp=  594.3000> <PB=586.1> 
<DWph=2> <it=296> <et=3.61> <Mt= 0.01> <Spt= 0.00> <nCl= 28> <al=0.73> <DB=  349.1916> <Mlp=  594.3000> <PB=586.1> 
<DWph=2> <it=297> <et=3.65> <Mt= 0.04> <Spt= 0.01> <nCl= 20> <al=0.76> <DB=  277.9835> <Mlp=  594.3000> <PB=586.1> 
<DWph=2> <it=298> <et=3.70> <Mt= 0.04> <Spt= 0.00> <nCl= 15> <al=0.78> <DB=  582.3189> <Mlp=  594.3000> <PB=586.1> 
<DWph=2> <it=299> <et=3.71> <Mt= 0.01> <Spt= 0.00> <nCl= 20> <al=0.80> <DB=  508.0631> <Mlp=  594.3000> <PB=586.1> 
<DWph=2> <it=300> <et=3.72> <Mt= 0.00> <Spt= 0.01> <nCl=  8> <al=0.82> <DB=  557.1757> <Mlp=  594.3000> <PB=586.1> 
<DWph=2> <it=301> <et=3.73> <Mt= 0.01> <Spt= 0.00> <nCl=  8> <al=0.84> <DB=  600.5180> <Mlp=  594.3000> <PB=586.1> 
<DWph=1> <it=302> <et=3.74> <Mt= 0.00> <Spt= 0.01> <nCl= 28> <al=0.74> <DB=  365.1266> <Mlp=  594.3000> <PB=586.1> 
<DWph=1> <it=303> <et=3.78> <Mt= 0.03> <Spt= 0.00> <nCl= 28> <al=0.77> <DB=  371.4902> <Mlp=  594.3000> <PB=586.1> 
<DWph=1> <it=304> <et=3.81> <Mt= 0.03> <Spt= 0.01> <nCl= 27> <al=0.79> <DB=  417.8871> <Mlp=  594.3000> <PB=586.1> 
<DWph=1> <it=305> <et=3.82> <Mt= 0.01> <Spt= 0.01> <nCl= 26> <al=0.81> <DB=  418.1081> <Mlp=  594.3000> <PB=586.1> 
<DWph=1> <it=306> <et=3.84> <Mt= 0.01> <Spt= 0.00> <nCl= 18> <al=0.83> <DB=  310.8394> <Mlp=  594.3000> <PB=586.1> 
<DWph=1> <it=307> <et=3.85> <Mt= 0.00> <Spt= 0.01> <nCl= 15> <al=0.85> <DB=  422.1293> <Mlp=  594.3000> <PB=586.1> 
<DWph=1> <it=308> <et=3.86> <Mt= 0.01> <Spt= 0.00> <nCl= 19> <al=0.86> <DB=  283.3060> <Mlp=  594.3000> <PB=586.1> 
<DWph=1> <it=309> <et=3.87> <Mt= 0.01> <Spt= 0.01> <nCl= 24> <al=0.88> <DB=  358.1791> <Mlp=  594.3000> <PB=586.1> 
<DWph=1> <it=310> <et=3.88> <Mt= 0.00> <Spt= 0.00> <nCl= 24> <al=0.89> <DB=  375.1565> <Mlp=  594.3000> <PB=586.1> 
<DWph=1> <it=311> <et=3.92> <Mt= 0.04> <Spt= 0.01> <nCl= 17> <al=0.90> <DB=  371.9852> <Mlp=  594.3000> <PB=586.1> 
<DWph=1> <it=312> <et=3.94> <Mt= 0.01> <Spt= 0.00> <nCl= 18> <al=0.80> <DB=  360.1567> <Mlp=  594.3000> <PB=586.1> 
<DWph=1> <it=313> <et=3.95> <Mt= 0.00> <Spt= 0.01> <nCl= 15> <al=0.82> <DB=  355.5413> <Mlp=  594.3000> <PB=586.1> 
<DWph=1> <it=314> <et=3.96> <Mt= 0.01> <Spt= 0.00> <nCl= 15> <al=0.84> <DB=  361.2809> <Mlp=  594.3000> <PB=586.1> 
<DWph=1> <it=315> <et=3.97> <Mt= 0.00> <Spt= 0.01> <nCl=  7> <al=0.85> <DB=  436.9022> <Mlp=  594.3000> <PB=586.1> 
<DWph=1> <it=316> <et=3.98> <Mt= 0.01> <Spt= 0.00> <nCl= 10> <al=0.87> <DB=  340.5714> <Mlp=  594.3000> <PB=586.1> 
<DWph=1> <it=317> <et=4.02> <Mt= 0.04> <Spt= 0.00> <nCl=  8> <al=0.88> <DB=  396.0789> <Mlp=  594.3000> <PB=586.1> 
<DWph=1> <it=318> <et=4.03> <Mt= 0.00> <Spt= 0.01> <nCl= 14> <al=0.78> <DB=  415.6694> <Mlp=  594.3000> <PB=586.1> 
<DWph=1> <it=319> <et=4.04> <Mt= 0.01> <Spt= 0.00> <nCl= 24> <al=0.68> <DB=  435.9452> <Mlp=  594.3000> <PB=586.1> 
<DWph=1> <it=320> <et=4.09> <Mt= 0.04> <Spt= 0.01> <nCl= 25> <al=0.58> <DB=  389.7728> <Mlp=  594.3000> <PB=586.1> 
<DWph=1> <it=321> <et=4.13> <Mt= 0.03> <Spt= 0.01> <nCl= 23> <al=0.62> <DB=  359.1708> <Mlp=  594.3000> <PB=586.1> 
<DWph=1> <it=322> <et=4.17> <Mt= 0.04> <Spt= 0.00> <nCl= 23> <al=0.66> <DB=  419.4114> <Mlp=  594.3000> <PB=586.1> 
<DWph=1> <it=323> <et=4.20> <Mt= 0.03> <Spt= 0.01> <nCl= 22> <al=0.69> <DB=  442.0433> <Mlp=  594.3000> <PB=586.1> 
<DWph=1> <it=324> <et=4.21> <Mt= 0.00> <Spt= 0.00> <nCl= 23> <al=0.73> <DB=  460.2349> <Mlp=  594.3000> <PB=586.1> 
<DWph=1> <it=325> <et=4.22> <Mt= 0.01> <Spt= 0.01> <nCl= 27> <al=0.75> <DB=  467.8304> <Mlp=  594.3000> <PB=586.1> 
<DWph=1> <it=326> <et=4.24> <Mt= 0.01> <Spt= 0.00> <nCl= 25> <al=0.78> <DB=  418.0531> <Mlp=  594.3000> <PB=586.1> 
<DWph=1> <it=327> <et=4.25> <Mt= 0.00> <Spt= 0.01> <nCl= 24> <al=0.80> <DB=  472.1984> <Mlp=  594.3000> <PB=586.1> 
<DWph=1> <it=328> <et=4.26> <Mt= 0.01> <Spt= 0.00> <nCl= 26> <al=0.82> <DB=  430.1725> <Mlp=  594.3000> <PB=586.1> 
<DWph=1> <it=329> <et=4.27> <Mt= 0.01> <Spt= 0.01> <nCl= 19> <al=0.84> <DB=  458.8202> <Mlp=  594.3000> <PB=586.1> 
<DWph=1> <it=330> <et=4.28> <Mt= 0.00> <Spt= 0.00> <nCl= 14> <al=0.85> <DB=  474.7409> <Mlp=  594.3000> <PB=586.1> 
<DWph=1> <it=331> <et=4.29> <Mt= 0.01> <Spt= 0.01> <nCl= 22> <al=0.87> <DB=  436.1507> <Mlp=  594.3000> <PB=586.1> 
<DWph=1> <it=332> <et=4.31> <Mt= 0.01> <Spt= 0.00> <nCl= 20> <al=0.88> <DB=  491.4944> <Mlp=  594.3000> <PB=586.1> 
<DWph=1> <it=333> <et=4.32> <Mt= 0.00> <Spt= 0.01> <nCl= 20> <al=0.89> <DB=  461.9421> <Mlp=  594.3000> <PB=586.1> 
<DWph=1> <it=334> <et=4.33> <Mt= 0.01> <Spt= 0.00> <nCl= 19> <al=0.90> <DB=  499.7333> <Mlp=  588.4000> <PB=586.1> 
<DWph=1> <it=335> <et=4.34> <Mt= 0.01> <Spt= 0.01> <nCl= 14> <al=0.91> <DB=  501.4755> <Mlp=  588.4000> <PB=586.1> 
<DWph=1> <it=336> <et=4.35> <Mt= 0.00> <Spt= 0.00> <nCl= 23> <al=0.81> <DB=  452.7158> <Mlp=  588.4000> <PB=586.1> 
<DWph=1> <it=337> <et=4.36> <Mt= 0.01> <Spt= 0.01> <nCl= 20> <al=0.83> <DB=  500.4166> <Mlp=  588.4000> <PB=586.1> 
<DWph=1> <it=338> <et=4.39> <Mt= 0.02> <Spt= 0.00> <nCl= 13> <al=0.85> <DB=  539.7918> <Mlp=  588.4000> <PB=586.1> 
<DWph=1> <it=339> <et=4.40> <Mt= 0.01> <Spt= 0.01> <nCl= 19> <al=0.75> <DB=  559.3012> <Mlp=  588.4000> <PB=586.1> 
<DWph=1> <it=340> <et=4.42> <Mt= 0.01> <Spt= 0.00> <nCl= 21> <al=0.77> <DB=  556.0377> <Mlp=  588.4000> <PB=586.1> 
<DWph=1> <it=341> <et=4.43> <Mt= 0.00> <Spt= 0.01> <nCl= 11> <al=0.80> <DB=  549.4563> <Mlp=  588.4000> <PB=586.1> 
<DWph=1> <it=342> <et=4.44> <Mt= 0.01> <Spt= 0.00> <nCl=  4> <al=0.82> <DB=  576.3862> <Mlp=  588.4000> <PB=586.1> 
<DWph=1> <it=343> <et=4.45> <Mt= 0.01> <Spt= 0.01> <nCl= 22> <al=0.72> <DB=  556.2967> <Mlp=  588.4000> <PB=586.1> 
<DWph=1> <it=344> <et=4.47> <Mt= 0.01> <Spt= 0.00> <nCl= 19> <al=0.75> <DB=  574.6873> <Mlp=  588.4000> <PB=586.1> 
<DWph=1> <it=345> <et=4.48> <Mt= 0.00> <Spt= 0.01> <nCl= 15> <al=0.77> <DB=  578.9435> <Mlp=  588.4000> <PB=586.1> 
<DWph=1> <it=346> <et=4.49> <Mt= 0.01> <Spt= 0.00> <nCl= 23> <al=0.67> <DB=  576.5404> <Mlp=  588.4000> <PB=586.1> 
<DWph=1> <it=347> <et=4.50> <Mt= 0.00> <Spt= 0.01> <nCl= 18> <al=0.70> <DB=  578.6659> <Mlp=  588.4000> <PB=586.1> 
<DWph=1> <it=348> <et=4.51> <Mt= 0.01> <Spt= 0.00> <nCl= 14> <al=0.73> <DB=  581.2004> <Mlp=  588.4000> <PB=586.1> 
<DWph=1> <it=349> <et=4.52> <Mt= 0.01> <Spt= 0.01> <nCl= 18> <al=0.76> <DB=  577.9933> <Mlp=  588.4000> <PB=586.1> 
<DWph=1> <it=350> <et=4.54> <Mt= 0.01> <Spt= 0.00> <nCl= 16> <al=0.78> <DB=  580.6014> <Mlp=  588.4000> <PB=586.1> 
<DWph=1> <it=351> <et=4.55> <Mt= 0.00> <Spt= 0.01> <nCl= 16> <al=0.81> <DB=  581.4014> <Mlp=  588.4000> <PB=586.1> 
<DWph=1> <it=352> <et=4.56> <Mt= 0.01> <Spt= 0.00> <nCl= 17> <al=0.83> <DB=  580.0907> <Mlp=  588.4000> <PB=586.1> 
<DWph=1> <it=353> <et=4.57> <Mt= 0.00> <Spt= 0.01> <nCl= 15> <al=0.84> <DB=  583.0991> <Mlp=  588.4000> <PB=586.1> 
<DWph=1> <it=354> <et=4.58> <Mt= 0.01> <Spt= 0.00> <nCl= 16> <al=0.74> <DB=  580.9666> <Mlp=  588.4000> <PB=586.1> 
<DWph=1> <it=355> <et=4.59> <Mt= 0.00> <Spt= 0.01> <nCl= 12> <al=0.77> <DB=  584.0003> <Mlp=  588.4000> <PB=586.1> 
<DWph=1> <it=356> <et=4.60> <Mt= 0.01> <Spt= 0.00> <nCl=  9> <al=0.79> <DB=  580.7164> <Mlp=  588.4000> <PB=586.1> 
<DWph=1> <it=357> <et=4.61> <Mt= 0.00> <Spt= 0.01> <nCl= 14> <al=0.81> <DB=  582.5073> <Mlp=  588.4000> <PB=586.1> 
<DWph=1> <it=358> <et=4.62> <Mt= 0.01> <Spt= 0.00> <nCl=  9> <al=0.83> <DB=  585.0030> <Mlp=  588.4000> <PB=586.1> 
<DWph=1> <it=359> <et=4.63> <Mt= 0.00> <Spt= 0.01> <nCl= 18> <al=0.73> <DB=  581.0396> <Mlp=  588.4000> <PB=586.1> 
<DWph=1> <it=360> <et=4.64> <Mt= 0.01> <Spt= 0.00> <nCl= 19> <al=0.76> <DB=  577.3521> <Mlp=  588.4000> <PB=586.1> 
<DWph=1> <it=361> <et=4.65> <Mt= 0.00> <Spt= 0.01> <nCl= 17> <al=0.78> <DB=  583.2869> <Mlp=  588.4000> <PB=586.1> 
<DWph=1> <it=362> <et=4.66> <Mt= 0.01> <Spt= 0.00> <nCl=  9> <al=0.80> <DB=  581.7137> <Mlp=  588.4000> <PB=586.1> 
Shrinking heuristic shrunk 97 edges
<DWph=1> <it=363> <et=4.67> <Mt= 0.00> <Spt= 0.01> <nCl= 19> <al=0.70> <DB=  576.5733> <Mlp=  586.0000> <PB=586> 
<DWph=1> <it=364> <et=4.68> <Mt= 0.01> <Spt= 0.00> <nCl= 16> <al=0.73> <DB=  582.0149> <Mlp=  586.0000> <PB=586> 
<DWph=1> <it=365> <et=4.69> <Mt= 0.00> <Spt= 0.01> <nCl= 11> <al=0.76> <DB=  584.9608> <Mlp=  586.0000> <PB=586> 
<DWph=1> <it=366> <et=4.70> <Mt= 0.01> <Spt= 0.00> <nCl=  5> <al=0.78> <DB=  585.1577> <Mlp=  586.0000> <PB=586> 
<DWph=1> <it=367> <et=4.71> <Mt= 0.00> <Spt= 0.01> <nCl= 18> <al=0.68> <DB=  577.9445> <Mlp=  586.0000> <PB=586> 
<DWph=1> <it=368> <et=4.72> <Mt= 0.01> <Spt= 0.00> <nCl= 14> <al=0.72> <DB=  584.2264> <Mlp=  586.0000> <PB=586> 
<DWph=1> <it=369> <et=4.73> <Mt= 0.00> <Spt= 0.01> <nCl= 15> <al=0.74> <DB=  584.0848> <Mlp=  586.0000> <PB=586> 
<DWph=1> <it=370> <et=4.74> <Mt= 0.01> <Spt= 0.00> <nCl= 13> <al=0.77> <DB=  584.5192> <Mlp=  586.0000> <PB=586> 
<DWph=1> <it=371> <et=4.75> <Mt= 0.00> <Spt= 0.00> <nCl= 12> <al=0.79> <DB=  584.8753> <Mlp=  586.0000> <PB=586> 
<DWph=1> <it=372> <et=4.76> <Mt= 0.00> <Spt= 0.01> <nCl= 14> <al=0.63> <DB=  583.3228> <Mlp=  586.0000> <PB=586> 
<DWph=1> <it=373> <et=4.77> <Mt= 0.01> <Spt= 0.01> <nCl= 22> <al=0.71> <DB=  584.2997> <Mlp=  586.0000> <PB=586> 
<DWph=1> <it=374> <et=4.78> <Mt= 0.00> <Spt= 0.00> <nCl= 11> <al=0.74> <DB=  583.8063> <Mlp=  586.0000> <PB=586> 
<DWph=1> <it=375> <et=4.79> <Mt= 0.01> <Spt= 0.01> <nCl= 10> <al=0.77> <DB=  584.7743> <Mlp=  586.0000> <PB=586> 
<DWph=1> <it=376> <et=4.80> <Mt= 0.00> <Spt= 0.00> <nCl= 11> <al=0.67> <DB=  585.1024> <Mlp=  586.0000> <PB=586> 
<DWph=1> <it=377> <et=4.81> <Mt= 0.01> <Spt= 0.01> <nCl=  5> <al=0.70> <DB=  585.1340> <Mlp=  586.0000> <PB=586> 
<DWph=1> <it=378> <et=4.81> <Mt= 0.00> <Spt= 0.00> <nCl=  5> <al=0.73> <DB=  584.7793> <Mlp=  586.0000> <PB=586> 
<DWph=1> <it=379> <et=4.82> <Mt= 0.00> <Spt= 0.01> <nCl=  3> <al=0.76> <DB=  585.4835> <Mlp=  586.0000> <PB=586> 
<DWph=1> <it=380> <et=4.83> <Mt= 0.01> <Spt= 0.00> <nCl=  4> <al=0.66> <DB=  585.5517> <Mlp=  586.0000> <PB=586> 
<DWph=1> <it=381> <et=4.84> <Mt= 0.00> <Spt= 0.00> <nCl= 15> <al=0.56> <DB=  584.3177> <Mlp=  586.0000> <PB=586> 
<DWph=1> <it=382> <et=4.85> <Mt= 0.01> <Spt= 0.01> <nCl= 12> <al=0.60> <DB=  583.6460> <Mlp=  586.0000> <PB=586> 
<DWph=1> <it=383> <et=4.86> <Mt= 0.00> <Spt= 0.00> <nCl= 11> <al=0.64> <DB=  585.2222> <Mlp=  586.0000> <PB=586> 
<DWph=1> <it=384> <et=4.87> <Mt= 0.00> <Spt= 0.01> <nCl= 16> <al=0.36> <DB=  584.5499> <Mlp=  586.0000> <PB=586> 
<DWph=1> <it=385> <et=4.88> <Mt= 0.01> <Spt= 0.01> <nCl=  4> <al=0.58> <DB=  585.3972> <Mlp=  586.0000> <PB=586> 
<DWph=1> <it=386> <et=4.89> <Mt= 0.00> <Spt= 0.01> <nCl= 22> <al=0.24> <DB=  582.5439> <Mlp=  586.0000> <PB=586> 
<DWph=1> <it=387> <et=4.90> <Mt= 0.01> <Spt= 0.00> <nCl= 11> <al=0.52> <DB=  585.1557> <Mlp=  586.0000> <PB=586> 
<DWph=1> <it=388> <et=4.91> <Mt= 0.00> <Spt= 0.01> <nCl=  6> <al=0.57> <DB=  585.5616> <Mlp=  586.0000> <PB=586> 
<DWph=1> <it=389> <et=4.92> <Mt= 0.00> <Spt= 0.01> <nCl= 11> <al=0.22> <DB=  584.1296> <Mlp=  586.0000> <PB=586> 
<DWph=1> <it=390> <et=4.93> <Mt= 0.01> <Spt= 0.00> <nCl= 14> <al=0.02> <DB=  580.7153> <Mlp=  586.0000> <PB=586> 
<DWph=1> <it=391> <et=4.94> <Mt= 0.00> <Spt= 0.01> <nCl= 11> <al=0.41> <DB=  584.7698> <Mlp=  586.0000> <PB=586> 
<DWph=1> <it=392> <et=4.95> <Mt= 0.01> <Spt= 0.00> <nCl= 11> <al=0.47> <DB=  584.3643> <Mlp=  586.0000> <PB=586> 
<DWph=1> <it=393> <et=4.96> <Mt= 0.00> <Spt= 0.01> <nCl=  5> <al=0.52> <DB=  585.5947> <Mlp=  586.0000> <PB=586> 
<DWph=1> <it=394> <et=4.97> <Mt= 0.00> <Spt= 0.01> <nCl= 14> <al=0.14> <DB=  582.6938> <Mlp=  586.0000> <PB=586> 
<DWph=1> <it=395> <et=4.98> <Mt= 0.01> <Spt= 0.00> <nCl=  8> <al=0.47> <DB=  583.0052> <Mlp=  586.0000> <PB=586> 
<DWph=1> <it=396> <et=4.99> <Mt= 0.00> <Spt= 0.00> <nCl=  5> <al=0.52> <DB=  585.6380> <Mlp=  586.0000> <PB=586> 
<DWph=1> <it=397> <et=5.00> <Mt= 0.00> <Spt= 0.01> <nCl=  5> <al=0.57> <DB=  585.6459> <Mlp=  586.0000> <PB=586> 
<DWph=1> <it=398> <et=5.01> <Mt= 0.01> <Spt= 0.01> <nCl= 14> <al=0.23> <DB=  583.1726> <Mlp=  586.0000> <PB=586> 
<DWph=1> <it=399> <et=5.02> <Mt= 0.00> <Spt= 0.00> <nCl=  7> <al=0.51> <DB=  585.0424> <Mlp=  586.0000> <PB=586> 
<DWph=1> <it=400> <et=5.03> <Mt= 0.01> <Spt= 0.01> <nCl=  5> <al=0.56> <DB=  585.5793> <Mlp=  586.0000> <PB=586> 
<DWph=1> <it=401> <et=5.04> <Mt= 0.00> <Spt= 0.01> <nCl= 10> <al=0.21> <DB=  582.6768> <Mlp=  586.0000> <PB=586> 
<DWph=1> <it=402> <et=5.04> <Mt= 0.00> <Spt= 0.00> <nCl=  6> <al=0.51> <DB=  585.5363> <Mlp=  586.0000> <PB=586> 
<DWph=1> <it=403> <et=5.06> <Mt= 0.00> <Spt= 0.01> <nCl= 19> <al=0.00> <DB=  579.9885> <Mlp=  586.0000> <PB=586> 
<DWph=1> <it=404> <et=5.07> <Mt= 0.01> <Spt= 0.00> <nCl=  9> <al=0.31> <DB=  584.2775> <Mlp=  586.0000> <PB=586> 
<DWph=1> <it=405> <et=5.07> <Mt= 0.00> <Spt= 0.01> <nCl=  8> <al=0.38> <DB=  585.2751> <Mlp=  586.0000> <PB=586> 
<DWph=1> <it=406> <et=5.08> <Mt= 0.01> <Spt= 0.00> <nCl=  3> <al=0.44> <DB=  585.8532> <Mlp=  586.0000> <PB=586> 
<DWph=1> <it=407> <et=5.09> <Mt= 0.00> <Spt= 0.01> <nCl=  9> <al=0.49> <DB=  584.0286> <Mlp=  586.0000> <PB=586> 
<DWph=1> <it=408> <et=5.10> <Mt= 0.00> <Spt= 0.00> <nCl=  6> <al=0.54> <DB=  585.6805> <Mlp=  586.0000> <PB=586> 
<DWph=1> <it=409> <et=5.11> <Mt= 0.01> <Spt= 0.00> <nCl=  2> <al=0.59> <DB=  585.8409> <Mlp=  586.0000> <PB=586> 
<DWph=1> <it=410> <et=5.11> <Mt= 0.00> <Spt= 0.01> <nCl=  3> <al=0.63> <DB=  585.1375> <Mlp=  586.0000> <PB=586> 
<DWph=1> <it=411> <et=5.12> <Mt= 0.00> <Spt= 0.00> <nCl=  3> <al=0.53> <DB=  585.2741> <Mlp=  586.0000> <PB=586> 
<DWph=1> <it=412> <et=5.13> <Mt= 0.01> <Spt= 0.01> <nCl= 12> <al=0.00> <DB=  585.0348> <Mlp=  586.0000> <PB=586> 
<DWph=1> <it=413> <et=5.14> <Mt= 0.00> <Spt= 0.01> <nCl= 11> <al=0.33> <DB=  585.3531> <Mlp=  586.0000> <PB=586> 
<DWph=1> <it=414> <et=5.15> <Mt= 0.00> <Spt= 0.00> <nCl=  9> <al=0.40> <DB=  584.6499> <Mlp=  586.0000> <PB=586> 
<DWph=1> <it=415> <et=5.15> <Mt= 0.01> <Spt= 0.01> <nCl= 10> <al=0.30> <DB=  585.5142> <Mlp=  586.0000> <PB=586> 
<DWph=1> <it=416> <et=5.16> <Mt= 0.00> <Spt= 0.00> <nCl=  4> <al=0.37> <DB=  585.4675> <Mlp=  586.0000> <PB=586> 
<DWph=1> <it=417> <et=5.17> <Mt= 0.00> <Spt= 0.00> <nCl=  3> <al=0.43> <DB=  585.7199> <Mlp=  586.0000> <PB=586> 
<DWph=1> <it=418> <et=5.18> <Mt= 0.00> <Spt= 0.01> <nCl=  9> <al=0.00> <DB=  585.6824> <Mlp=  586.0000> <PB=586> 
<DWph=1> <it=419> <et=5.19> <Mt= 0.01> <Spt= 0.01> <nCl=  9> <al=0.00> <DB=  586.0000> <Mlp=  586.0000> <PB=586> 
    RCSP exact solver info for graph G_1 : TT = 0.006996, pt = 1.7e-05, dt = 0.005606, ct = 0.000723, ndl = 2', bdl = 62', odl = 2', odf = 10', bsi = 1', cnt = 0', bdch = 255', odch = 31', lcp = 19', #sols = 150
<DWph=0> <it=420> <et=5.21> <Mt= 0.00> <Spt= 0.01> <nCl=150> <al=0.29> <DB=  568.6500> <Mlp=  586.0000> <PB=586> 
    RCSP exact solver info for graph G_1 : TT = 0.006276, pt = 3.7e-05, dt = 0.00478, ct = 0.000747, ndl = 2', bdl = 59', odl = 2', odf = 10', bsi = 1', cnt = 0', bdch = 250', odch = 32', lcp = 19', #sols = 150
<DWph=0> <it=421> <et=5.23> <Mt= 0.01> <Spt= 0.02> <nCl=150> <al=0.19> <DB=  572.0926> <Mlp=  586.0000> <PB=586> 
    RCSP exact solver info for graph G_1 : TT = 0.006664, pt = 4.6e-05, dt = 0.005022, ct = 0.000739, ndl = 2', bdl = 60', odl = 2', odf = 10', bsi = 1', cnt = 0', bdch = 243', odch = 30', lcp = 18', #sols = 150
<DWph=0> <it=422> <et=5.34> <Mt= 0.00> <Spt= 0.01> <nCl=150> <al=0.09> <DB=  578.1802> <Mlp=  586.0000> <PB=586> 
    RCSP exact solver info for graph G_1 : TT = 0.006151, pt = 4.1e-05, dt = 0.004676, ct = 0.000727, ndl = 1', bdl = 58', odl = 2', odf = 9', bsi = 0', cnt = 0', bdch = 235', odch = 28', lcp = 18', #sols = 150
<DWph=0> <it=423> <et=5.36> <Mt= 0.01> <Spt= 0.02> <nCl=125> <al=0.00> <DB=  581.7571> <Mlp=  586.0000> <PB=586> 
    RCSP exact solver info for graph G_1 : TT = 0.00658, pt = 4.1e-05, dt = 0.005078, ct = 0.000754, ndl = 2', bdl = 67', odl = 2', odf = 10', bsi = 1', cnt = 1', bdch = 275', odch = 34', lcp = 21', #sols = 150
<DWph=0> <it=424> <et=5.38> <Mt= 0.00> <Spt= 0.01> <nCl=113> <al=0.09> <DB=  581.3551> <Mlp=  586.0000> <PB=586> 
    RCSP exact solver info for graph G_1 : TT = 0.006471, pt = 3.4e-05, dt = 0.004973, ct = 0.000778, ndl = 2', bdl = 64', odl = 2', odf = 10', bsi = 1', cnt = 1', bdch = 263', odch = 33', lcp = 21', #sols = 150
<DWph=0> <it=425> <et=5.40> <Mt= 0.01> <Spt= 0.02> <nCl=101> <al=0.18> <DB=  582.5015> <Mlp=  586.0000> <PB=586> 
    RCSP exact solver info for graph G_1 : TT = 0.006275, pt = 3.5e-05, dt = 0.004821, ct = 0.000751, ndl = 2', bdl = 62', odl = 2', odf = 10', bsi = 0', cnt = 0', bdch = 254', odch = 33', lcp = 20', #sols = 150
<DWph=0> <it=426> <et=5.41> <Mt= 0.00> <Spt= 0.01> <nCl= 57> <al=0.08> <DB=  584.8460> <Mlp=  586.0000> <PB=586> 
    RCSP exact solver info for graph G_1 : TT = 0.006265, pt = 3.5e-05, dt = 0.004822, ct = 0.000736, ndl = 2', bdl = 62', odl = 2', odf = 10', bsi = 0', cnt = 0', bdch = 249', odch = 33', lcp = 20', #sols = 150
<DWph=0> <it=427> <et=5.43> <Mt= 0.00> <Spt= 0.01> <nCl= 40> <al=0.17> <DB=  585.1000> <Mlp=  586.0000> <PB=586> 
    RCSP exact solver info for graph G_1 : TT = 0.006479, pt = 3.2e-05, dt = 0.00501, ct = 0.000737, ndl = 2', bdl = 62', odl = 2', odf = 10', bsi = 0', cnt = 0', bdch = 250', odch = 34', lcp = 20', #sols = 150
    RCSP exact solver info for graph G_1 : TT = 0.005575, pt = 2.3e-05, dt = 0.004314, ct = 0.000671, ndl = 1', bdl = 55', odl = 2', odf = 9', bsi = 0', cnt = 0', bdch = 208', odch = 29', lcp = 17', #sols = 150
<DWph=0> <it=428> <et=5.45> <Mt= 0.01> <Spt= 0.02> <nCl=129> <al=0.00> <DB=  586.0000> <Mlp=  586.0000> <PB=586> 
Dynamic params and stats :  bidir.bord. = 1146.1 aver.obdmd = 3.31373 aver.buck.num. = 4.53922
@@ 1 0 586 0.0056465 0.006329 89.4461 5.45
ColGenEvalAlg final dual bound: 586 (rounded: 586)
New model incumbent solution 586, TIME = 0h0m5s46t = 546
************************************************************************************************
Search is finished, global bounds : [ 586 , 586 ], TIME = 0h0m5s46t = 546
************************************************************************************************
instance_name solver_name ext_heuristic solution_value solution_time best_lb root_lb root_time nb_branch_and_bound_nodes status
/home/logis/Downloads/VRPSolverEasy/VRPSolverEasy/demos/data/CVRPTW/C206 CPLEX False 586.0 5.46097682 586.0 586.0 5.460702583 1 0

