Arc memory for rank-1 cuts will be used (12.2493)
~~~~~~~~~~~~~~~~~~~~~~~~~~~~~~~~~~~~~~~~~~~~~~~~~~~~~~~~~~~~~~~~~~~~~~~~~~~~~~~~~~~~~
VRPSolver v0.5.27, 24/02/2023, © Inria Bordeaux, France, vrpsolver.math.u-bordeaux.fr
      Corresponds to the solver by Pessoa, Sadykov, Uchoa and Vanderbeck (2020)
                 Paper: dx.doi.org/10.1007/s10107-020-01523-z
~~~~~~~~~~~~~~~~~~~~~~~~~~~~~~~~~~~~~~~~~~~~~~~~~~~~~~~~~~~~~~~~~~~~~~~~~~~~~~~~~~~~~
   BaPCod v0.77, 15/03/2023, © Inria Bordeaux, France, bapcod.math.u-bordeaux.fr 
           THIS CODE IS PROVIDED AS IS, USE IT AT YOUR OWN RISK
~~~~~~~~~~~~~~~~~~~~~~~~~~~~~~~~~~~~~~~~~~~~~~~~~~~~~~~~~~~~~~~~~~~~~~~~~~~~~~~~~~~~~
Bucket steps were recalculated for graph G_1 : [80.5]
RCSP solver info : symmetric case is detected for graph G_1! 
Bidirectional border value is initialised to 1005
RCSP solver info : number of forw. reachable buckets / buck. strongly connected components is 1096( 95.3043% ) / 271( 24.7263% )
Generating neighbourhoods for rank-1 cuts separation
Building structures for 4- and 5-row rank-1 packing cut separation...done!
Model is built TIME = 0h0m0s3t = 3
************************************************************************************************
**** BaB tree root node
**** Local DB = -1e+12, global bounds : [ -1e+12 , 725.1 ], TIME = 0h0m0s3t = 3
**** 1 open nodes, 0 columns (0 active), 0 dyn. constrs. (0 active), 90 art. vars. (90 active)
************************************************************************************************
#<DWph=2> <it=  1> <et=0.03> <Mt= 0.00> <Spt= 0.00> <nCl= 30> <al=0.00> <DB=-17681302.4400> <Mlp=80051.0400> <PB=725.1> 
#<DWph=2> <it=  2> <et=0.04> <Mt= 0.00> <Spt= 0.00> <nCl= 30> <al=0.55> <DB=-9671688.6480> <Mlp=74270.4000> <PB=725.1> 
#<DWph=2> <it=  3> <et=0.04> <Mt= 0.00> <Spt= 0.01> <nCl= 30> <al=0.45> <DB=-7217131.7120> <Mlp=71623.2811> <PB=725.1> 
#<DWph=2> <it=  4> <et=0.05> <Mt= 0.00> <Spt= 0.00> <nCl= 30> <al=0.35> <DB=-6063582.1788> <Mlp=69459.8997> <PB=725.1> 
#<DWph=2> <it=  5> <et=0.05> <Mt= 0.00> <Spt= 0.01> <nCl= 30> <al=0.42> <DB=-7258690.3974> <Mlp=65168.4634> <PB=725.1> 
#<DWph=2> <it=  6> <et=0.05> <Mt= 0.00> <Spt= 0.00> <nCl= 30> <al=0.47> <DB=-6688704.2794> <Mlp=63067.0120> <PB=725.1> 
#<DWph=2> <it=  7> <et=0.06> <Mt= 0.00> <Spt= 0.00> <nCl= 30> <al=0.37> <DB=-4516637.0029> <Mlp=61377.3188> <PB=725.1> 
#<DWph=2> <it=  8> <et=0.06> <Mt= 0.00> <Spt= 0.01> <nCl= 30> <al=0.44> <DB=-5813497.7234> <Mlp=60884.8443> <PB=725.1> 
#<DWph=2> <it=  9> <et=0.07> <Mt= 0.00> <Spt= 0.00> <nCl= 30> <al=0.49> <DB=-3934230.3520> <Mlp=60060.3929> <PB=725.1> 
#<DWph=2> <it= 10> <et=0.07> <Mt= 0.00> <Spt= 0.00> <nCl= 30> <al=0.54> <DB=-3855033.2796> <Mlp=55605.4415> <PB=725.1> 
#<DWph=2> <it= 11> <et=0.07> <Mt= 0.00> <Spt= 0.01> <nCl= 30> <al=0.59> <DB=-2969247.2525> <Mlp=53939.7716> <PB=725.1> 
#<DWph=2> <it= 12> <et=0.08> <Mt= 0.00> <Spt= 0.00> <nCl= 30> <al=0.49> <DB=-2877216.9926> <Mlp=52656.6713> <PB=725.1> 
#<DWph=2> <it= 13> <et=0.08> <Mt= 0.00> <Spt= 0.00> <nCl= 30> <al=0.54> <DB=-5351110.5715> <Mlp=52227.6005> <PB=725.1> 
#<DWph=2> <it= 14> <et=0.09> <Mt= 0.00> <Spt= 0.01> <nCl= 30> <al=0.59> <DB=-4935304.9805> <Mlp=51285.8268> <PB=725.1> 
#<DWph=2> <it= 15> <et=0.09> <Mt= 0.00> <Spt= 0.00> <nCl= 30> <al=0.63> <DB=-3663760.4321> <Mlp=50565.7762> <PB=725.1> 
#<DWph=2> <it= 16> <et=0.09> <Mt= 0.00> <Spt= 0.01> <nCl= 30> <al=0.53> <DB=-3825988.8810> <Mlp=49823.4431> <PB=725.1> 
#<DWph=2> <it= 17> <et=0.10> <Mt= 0.00> <Spt= 0.00> <nCl= 30> <al=0.43> <DB=-3305305.5680> <Mlp=48271.7876> <PB=725.1> 
#<DWph=2> <it= 18> <et=0.10> <Mt= 0.00> <Spt= 0.00> <nCl= 30> <al=0.48> <DB=-2549607.0016> <Mlp=45855.3815> <PB=725.1> 
#<DWph=2> <it= 19> <et=0.11> <Mt= 0.00> <Spt= 0.01> <nCl= 30> <al=0.38> <DB=-6236825.2199> <Mlp=44701.5864> <PB=725.1> 
#<DWph=2> <it= 20> <et=0.12> <Mt= 0.00> <Spt= 0.00> <nCl= 30> <al=0.45> <DB=-3473687.2676> <Mlp=44433.4338> <PB=725.1> 
#<DWph=2> <it= 21> <et=0.12> <Mt= 0.00> <Spt= 0.01> <nCl= 30> <al=0.50> <DB=-2229315.1437> <Mlp=44142.6622> <PB=725.1> 
#<DWph=2> <it= 22> <et=0.12> <Mt= 0.00> <Spt= 0.00> <nCl= 30> <al=0.55> <DB=-2252549.8679> <Mlp=43491.3933> <PB=725.1> 
#<DWph=2> <it= 23> <et=0.13> <Mt= 0.00> <Spt= 0.01> <nCl= 30> <al=0.60> <DB=-1930457.2169> <Mlp=42637.3283> <PB=725.1> 
#<DWph=2> <it= 24> <et=0.13> <Mt= 0.00> <Spt= 0.00> <nCl= 30> <al=0.50> <DB=-3016076.9241> <Mlp=38019.7091> <PB=725.1> 
#<DWph=2> <it= 25> <et=0.14> <Mt= 0.00> <Spt= 0.00> <nCl= 30> <al=0.55> <DB=-1843011.0637> <Mlp=37378.7067> <PB=725.1> 
#<DWph=2> <it= 26> <et=0.14> <Mt= 0.00> <Spt= 0.01> <nCl= 30> <al=0.59> <DB=-2550218.7128> <Mlp=33240.9983> <PB=725.1> 
#<DWph=2> <it= 27> <et=0.14> <Mt= 0.00> <Spt= 0.00> <nCl= 30> <al=0.63> <DB=-1751437.4717> <Mlp=32929.8601> <PB=725.1> 
#<DWph=2> <it= 28> <et=0.15> <Mt= 0.01> <Spt= 0.00> <nCl= 30> <al=0.67> <DB=-1622971.0431> <Mlp=32091.2298> <PB=725.1> 
#<DWph=2> <it= 29> <et=0.15> <Mt= 0.00> <Spt= 0.01> <nCl= 30> <al=0.70> <DB=-1477860.3232> <Mlp=30101.7082> <PB=725.1> 
#<DWph=2> <it= 30> <et=0.16> <Mt= 0.00> <Spt= 0.00> <nCl= 30> <al=0.73> <DB=-1326867.4315> <Mlp=29139.3098> <PB=725.1> 
#<DWph=2> <it= 31> <et=0.16> <Mt= 0.00> <Spt= 0.00> <nCl= 30> <al=0.76> <DB=-1256875.0051> <Mlp=28614.2624> <PB=725.1> 
#<DWph=2> <it= 32> <et=0.16> <Mt= 0.00> <Spt= 0.00> <nCl= 30> <al=0.78> <DB=-1128608.3358> <Mlp=26929.7814> <PB=725.1> 
#<DWph=2> <it= 33> <et=0.17> <Mt= 0.00> <Spt= 0.01> <nCl= 30> <al=0.80> <DB=-1453063.8233> <Mlp=25855.7030> <PB=725.1> 
#<DWph=2> <it= 34> <et=0.17> <Mt= 0.00> <Spt= 0.00> <nCl= 30> <al=0.82> <DB=-1154302.9517> <Mlp=25003.6455> <PB=725.1> 
#<DWph=2> <it= 35> <et=0.18> <Mt= 0.00> <Spt= 0.00> <nCl= 30> <al=0.84> <DB=-1107224.2549> <Mlp=22114.8202> <PB=725.1> 
#<DWph=2> <it= 36> <et=0.18> <Mt= 0.00> <Spt= 0.01> <nCl= 30> <al=0.74> <DB=-1128049.5249> <Mlp=21438.9417> <PB=725.1> 
#<DWph=2> <it= 37> <et=0.19> <Mt= 0.00> <Spt= 0.00> <nCl= 30> <al=0.77> <DB=-880865.1411> <Mlp=21077.8426> <PB=725.1> 
#<DWph=2> <it= 38> <et=0.19> <Mt= 0.00> <Spt= 0.00> <nCl= 30> <al=0.67> <DB=-879206.4199> <Mlp=19879.4205> <PB=725.1> 
#<DWph=2> <it= 39> <et=0.19> <Mt= 0.01> <Spt= 0.01> <nCl= 30> <al=0.70> <DB=-894631.0930> <Mlp=19749.8921> <PB=725.1> 
#<DWph=2> <it= 40> <et=0.20> <Mt= 0.00> <Spt= 0.00> <nCl= 30> <al=0.60> <DB=-715033.0773> <Mlp=19305.3980> <PB=725.1> 
#<DWph=2> <it= 41> <et=0.20> <Mt= 0.00> <Spt= 0.00> <nCl= 30> <al=0.50> <DB=-641615.4262> <Mlp=17999.9692> <PB=725.1> 
#<DWph=2> <it= 42> <et=0.21> <Mt= 0.00> <Spt= 0.01> <nCl= 30> <al=0.55> <DB=-538421.9739> <Mlp=17594.6604> <PB=725.1> 
#<DWph=2> <it= 43> <et=0.21> <Mt= 0.00> <Spt= 0.00> <nCl= 30> <al=0.45> <DB=-323178.8070> <Mlp=16309.1131> <PB=725.1> 
#<DWph=2> <it= 44> <et=0.22> <Mt= 0.00> <Spt= 0.00> <nCl= 30> <al=0.35> <DB=-242548.5251> <Mlp=14425.7991> <PB=725.1> 
#<DWph=2> <it= 45> <et=0.22> <Mt= 0.00> <Spt= 0.01> <nCl= 30> <al=0.42> <DB=-251419.8476> <Mlp=11707.3699> <PB=725.1> 
#<DWph=2> <it= 46> <et=0.23> <Mt= 0.01> <Spt= 0.00> <nCl= 30> <al=0.47> <DB=-283124.8448> <Mlp=10174.0840> <PB=725.1> 
#<DWph=2> <it= 47> <et=0.23> <Mt= 0.00> <Spt= 0.00> <nCl= 30> <al=0.53> <DB=-241659.1221> <Mlp=10029.5221> <PB=725.1> 
#<DWph=2> <it= 48> <et=0.23> <Mt= 0.00> <Spt= 0.00> <nCl= 30> <al=0.57> <DB=-407941.0056> <Mlp= 9642.3916> <PB=725.1> 
#<DWph=2> <it= 49> <et=0.24> <Mt= 0.00> <Spt= 0.01> <nCl= 30> <al=0.62> <DB=-285450.1901> <Mlp= 9552.9730> <PB=725.1> 
#<DWph=2> <it= 50> <et=0.24> <Mt= 0.00> <Spt= 0.00> <nCl= 30> <al=0.66> <DB=-230594.8509> <Mlp= 9418.5663> <PB=725.1> 
#<DWph=2> <it= 51> <et=0.25> <Mt= 0.00> <Spt= 0.00> <nCl= 30> <al=0.69> <DB=-212707.0496> <Mlp= 7010.4030> <PB=725.1> 
#<DWph=2> <it= 52> <et=0.25> <Mt= 0.00> <Spt= 0.01> <nCl= 30> <al=0.72> <DB=-208242.9780> <Mlp= 6460.7200> <PB=725.1> 
#<DWph=2> <it= 53> <et=0.26> <Mt= 0.01> <Spt= 0.00> <nCl= 30> <al=0.75> <DB=-283548.2709> <Mlp= 6194.8186> <PB=725.1> 
#<DWph=2> <it= 54> <et=0.26> <Mt= 0.00> <Spt= 0.00> <nCl= 30> <al=0.77> <DB=-216183.5024> <Mlp= 6136.7953> <PB=725.1> 
#<DWph=2> <it= 55> <et=0.27> <Mt= 0.00> <Spt= 0.01> <nCl= 30> <al=0.80> <DB=-261422.3579> <Mlp= 5383.4412> <PB=725.1> 
#<DWph=2> <it= 56> <et=0.27> <Mt= 0.00> <Spt= 0.00> <nCl= 30> <al=0.82> <DB=-193246.9230> <Mlp= 5343.0054> <PB=725.1> 
#<DWph=2> <it= 57> <et=0.27> <Mt= 0.00> <Spt= 0.00> <nCl= 30> <al=0.83> <DB=-179844.7967> <Mlp= 4494.9784> <PB=725.1> 
#<DWph=2> <it= 58> <et=0.28> <Mt= 0.00> <Spt= 0.00> <nCl= 23> <al=0.73> <DB=-121574.1932> <Mlp= 4369.3079> <PB=725.1> 
#<DWph=2> <it= 59> <et=0.28> <Mt= 0.01> <Spt= 0.01> <nCl= 30> <al=0.63> <DB=-83502.3517> <Mlp= 2179.8327> <PB=725.1> 
#<DWph=2> <it= 60> <et=0.29> <Mt= 0.00> <Spt= 0.00> <nCl= 30> <al=0.53> <DB=-27032.4804> <Mlp= 2057.1103> <PB=725.1> 
#<DWph=2> <it= 61> <et=0.29> <Mt= 0.00> <Spt= 0.00> <nCl= 30> <al=0.43> <DB=-4059.0759> <Mlp= 1991.6350> <PB=725.1> 
#<DWph=2> <it= 62> <et=0.30> <Mt= 0.00> <Spt= 0.01> <nCl= 30> <al=0.49> <DB=-7950.5609> <Mlp= 1962.4541> <PB=725.1> 
#<DWph=2> <it= 63> <et=0.30> <Mt= 0.00> <Spt= 0.00> <nCl= 30> <al=0.54> <DB=-13154.2368> <Mlp= 1870.2876> <PB=725.1> 
#<DWph=2> <it= 64> <et=0.31> <Mt= 0.00> <Spt= 0.00> <nCl= 30> <al=0.59> <DB=-6911.8503> <Mlp= 1851.6575> <PB=725.1> 
#<DWph=2> <it= 65> <et=0.31> <Mt= 0.01> <Spt= 0.01> <nCl= 30> <al=0.63> <DB=-2116.8522> <Mlp= 1797.1898> <PB=725.1> 
<DWph=2> <it= 66> <et=0.32> <Mt= 0.00> <Spt= 0.00> <nCl= 30> <al=0.67> <DB=-10840.9132> <Mlp= 1440.6594> <PB=725.1> 
<DWph=2> <it= 67> <et=0.32> <Mt= 0.00> <Spt= 0.00> <nCl= 30> <al=0.70> <DB=-5227.8208> <Mlp= 1405.3864> <PB=725.1> 
<DWph=2> <it= 68> <et=0.33> <Mt= 0.00> <Spt= 0.00> <nCl= 25> <al=0.73> <DB=-1189.9930> <Mlp= 1312.9394> <PB=725.1> 
<DWph=2> <it= 69> <et=0.33> <Mt= 0.00> <Spt= 0.01> <nCl= 30> <al=0.63> <DB=-7992.6882> <Mlp= 1259.0241> <PB=725.1> 
<DWph=2> <it= 70> <et=0.34> <Mt= 0.00> <Spt= 0.00> <nCl= 30> <al=0.67> <DB=-5429.4893> <Mlp= 1240.1092> <PB=725.1> 
<DWph=2> <it= 71> <et=0.34> <Mt= 0.01> <Spt= 0.01> <nCl= 30> <al=0.70> <DB=-1159.3328> <Mlp= 1219.0657> <PB=725.1> 
<DWph=2> <it= 72> <et=0.35> <Mt= 0.00> <Spt= 0.00> <nCl= 30> <al=0.73> <DB=-5818.9801> <Mlp= 1209.2937> <PB=725.1> 
<DWph=2> <it= 73> <et=0.35> <Mt= 0.00> <Spt= 0.00> <nCl= 30> <al=0.76> <DB=-2047.3073> <Mlp= 1198.7702> <PB=725.1> 
<DWph=2> <it= 74> <et=0.36> <Mt= 0.00> <Spt= 0.01> <nCl= 30> <al=0.78> <DB= -610.2647> <Mlp= 1143.7681> <PB=725.1> 
<DWph=2> <it= 75> <et=0.36> <Mt= 0.00> <Spt= 0.00> <nCl= 30> <al=0.80> <DB=-1847.7493> <Mlp= 1127.1982> <PB=725.1> 
<DWph=2> <it= 76> <et=0.37> <Mt= 0.00> <Spt= 0.00> <nCl= 30> <al=0.82> <DB= -588.0057> <Mlp= 1110.0251> <PB=725.1> 
<DWph=2> <it= 77> <et=0.38> <Mt= 0.01> <Spt= 0.01> <nCl= 30> <al=0.84> <DB= -754.4327> <Mlp= 1040.8597> <PB=725.1> 
<DWph=2> <it= 78> <et=0.38> <Mt= 0.00> <Spt= 0.00> <nCl= 30> <al=0.86> <DB= -462.0257> <Mlp= 1005.9310> <PB=725.1> 
<DWph=2> <it= 79> <et=0.39> <Mt= 0.00> <Spt= 0.00> <nCl= 30> <al=0.76> <DB= -749.7659> <Mlp=  995.6251> <PB=725.1> 
<DWph=2> <it= 80> <et=0.39> <Mt= 0.00> <Spt= 0.01> <nCl= 30> <al=0.78> <DB=-1330.6833> <Mlp=  904.2638> <PB=725.1> 
<DWph=2> <it= 81> <et=0.40> <Mt= 0.01> <Spt= 0.00> <nCl= 30> <al=0.80> <DB= -482.5998> <Mlp=  865.8965> <PB=725.1> 
<DWph=2> <it= 82> <et=0.40> <Mt= 0.00> <Spt= 0.00> <nCl= 30> <al=0.82> <DB=  -42.0343> <Mlp=  856.0864> <PB=725.1> 
<DWph=2> <it= 83> <et=0.41> <Mt= 0.00> <Spt= 0.01> <nCl= 29> <al=0.84> <DB=-1015.2006> <Mlp=  848.1186> <PB=725.1> 
<DWph=2> <it= 84> <et=0.41> <Mt= 0.00> <Spt= 0.00> <nCl= 28> <al=0.86> <DB=  123.9162> <Mlp=  845.4010> <PB=725.1> 
<DWph=2> <it= 85> <et=0.42> <Mt= 0.00> <Spt= 0.00> <nCl= 30> <al=0.76> <DB= -970.7265> <Mlp=  837.4424> <PB=725.1> 
<DWph=2> <it= 86> <et=0.43> <Mt= 0.01> <Spt= 0.01> <nCl= 30> <al=0.78> <DB=-1227.7228> <Mlp=  828.6562> <PB=725.1> 
<DWph=2> <it= 87> <et=0.43> <Mt= 0.00> <Spt= 0.00> <nCl= 24> <al=0.80> <DB=   98.5922> <Mlp=  826.4536> <PB=725.1> 
<DWph=2> <it= 88> <et=0.44> <Mt= 0.00> <Spt= 0.00> <nCl= 19> <al=0.82> <DB=  302.1201> <Mlp=  817.5031> <PB=725.1> 
<DWph=2> <it= 89> <et=0.44> <Mt= 0.00> <Spt= 0.01> <nCl= 30> <al=0.72> <DB=-1955.5438> <Mlp=  816.7633> <PB=725.1> 
<DWph=2> <it= 90> <et=0.45> <Mt= 0.01> <Spt= 0.00> <nCl= 30> <al=0.75> <DB= -410.0563> <Mlp=  802.1153> <PB=725.1> 
<DWph=2> <it= 91> <et=0.46> <Mt= 0.00> <Spt= 0.00> <nCl= 26> <al=0.78> <DB=   36.6831> <Mlp=  801.1736> <PB=725.1> 
<DWph=2> <it= 92> <et=0.47> <Mt= 0.01> <Spt= 0.01> <nCl= 19> <al=0.80> <DB=  173.1339> <Mlp=  773.8758> <PB=725.1> 
<DWph=2> <it= 93> <et=0.48> <Mt= 0.01> <Spt= 0.00> <nCl= 20> <al=0.82> <DB=   45.5523> <Mlp=  769.1600> <PB=725.1> 
<DWph=2> <it= 94> <et=0.49> <Mt= 0.00> <Spt= 0.00> <nCl= 28> <al=0.84> <DB=  -22.7489> <Mlp=  767.1432> <PB=725.1> 
<DWph=2> <it= 95> <et=0.49> <Mt= 0.00> <Spt= 0.01> <nCl= 18> <al=0.74> <DB=  325.7126> <Mlp=  767.0967> <PB=725.1> 
<DWph=2> <it= 96> <et=0.49> <Mt= 0.00> <Spt= 0.00> <nCl= 27> <al=0.64> <DB= -312.8045> <Mlp=  767.0393> <PB=725.1> 
<DWph=2> <it= 97> <et=0.50> <Mt= 0.01> <Spt= 0.00> <nCl= 23> <al=0.67> <DB=   54.5218> <Mlp=  752.4764> <PB=725.1> 
<DWph=2> <it= 98> <et=0.51> <Mt= 0.00> <Spt= 0.01> <nCl= 26> <al=0.71> <DB=  477.0961> <Mlp=  743.1176> <PB=725.1> 
<DWph=2> <it= 99> <et=0.52> <Mt= 0.01> <Spt= 0.00> <nCl= 30> <al=0.73> <DB=-1141.1745> <Mlp=  740.2045> <PB=725.1> 
<DWph=2> <it=100> <et=0.53> <Mt= 0.00> <Spt= 0.00> <nCl= 28> <al=0.76> <DB= -543.9467> <Mlp=  740.1805> <PB=725.1> 
<DWph=2> <it=101> <et=0.54> <Mt= 0.01> <Spt= 0.01> <nCl= 29> <al=0.79> <DB=  133.9406> <Mlp=  733.6191> <PB=725.1> 
<DWph=2> <it=102> <et=0.55> <Mt= 0.00> <Spt= 0.00> <nCl= 24> <al=0.81> <DB=  476.3096> <Mlp=  730.6690> <PB=725.1> 
<DWph=2> <it=103> <et=0.55> <Mt= 0.00> <Spt= 0.00> <nCl= 26> <al=0.83> <DB=  426.7366> <Mlp=  727.9736> <PB=725.1> 
<DWph=2> <it=104> <et=0.56> <Mt= 0.01> <Spt= 0.01> <nCl= 25> <al=0.73> <DB=  538.2499> <Mlp=  723.2344> <PB=725.1> 
<DWph=2> <it=105> <et=0.57> <Mt= 0.00> <Spt= 0.00> <nCl= 30> <al=0.63> <DB=  -21.1316> <Mlp=  709.5078> <PB=725.1> 
<DWph=2> <it=106> <et=0.57> <Mt= 0.00> <Spt= 0.00> <nCl= 30> <al=0.66> <DB= -466.5332> <Mlp=  709.5078> <PB=725.1> 
<DWph=2> <it=107> <et=0.58> <Mt= 0.01> <Spt= 0.01> <nCl= 28> <al=0.70> <DB=  255.7190> <Mlp=  708.2915> <PB=725.1> 
<DWph=2> <it=108> <et=0.58> <Mt= 0.00> <Spt= 0.00> <nCl= 24> <al=0.73> <DB=  550.2740> <Mlp=  703.5323> <PB=725.1> 
<DWph=2> <it=109> <et=0.59> <Mt= 0.00> <Spt= 0.00> <nCl= 24> <al=0.75> <DB=  340.9666> <Mlp=  701.9216> <PB=725.1> 
<DWph=2> <it=110> <et=0.60> <Mt= 0.01> <Spt= 0.01> <nCl= 24> <al=0.78> <DB=  447.2160> <Mlp=  699.1820> <PB=725.1> 
<DWph=2> <it=111> <et=0.60> <Mt= 0.00> <Spt= 0.00> <nCl= 15> <al=0.80> <DB=  579.7696> <Mlp=  698.6377> <PB=725.1> 
<DWph=2> <it=112> <et=0.61> <Mt= 0.00> <Spt= 0.00> <nCl= 19> <al=0.70> <DB=  617.9682> <Mlp=  698.4198> <PB=725.1> 
<DWph=2> <it=113> <et=0.61> <Mt= 0.00> <Spt= 0.01> <nCl= 25> <al=0.73> <DB=  216.5555> <Mlp=  698.2706> <PB=725.1> 
<DWph=2> <it=114> <et=0.62> <Mt= 0.01> <Spt= 0.00> <nCl= 17> <al=0.76> <DB=  282.5090> <Mlp=  697.1432> <PB=725.1> 
<DWph=2> <it=115> <et=0.62> <Mt= 0.00> <Spt= 0.00> <nCl= 12> <al=0.66> <DB=  582.5863> <Mlp=  697.1432> <PB=725.1> 
<DWph=2> <it=116> <et=0.63> <Mt= 0.00> <Spt= 0.01> <nCl= 27> <al=0.56> <DB= -153.2188> <Mlp=  697.1121> <PB=725.1> 
<DWph=2> <it=117> <et=0.63> <Mt= 0.00> <Spt= 0.00> <nCl= 17> <al=0.46> <DB=  370.1394> <Mlp=  696.6781> <PB=725.1> 
<DWph=2> <it=118> <et=0.63> <Mt= 0.00> <Spt= 0.00> <nCl= 19> <al=0.51> <DB=  365.3837> <Mlp=  696.6352> <PB=725.1> 
<DWph=2> <it=119> <et=0.64> <Mt= 0.00> <Spt= 0.00> <nCl= 24> <al=0.56> <DB=  275.2205> <Mlp=  696.0323> <PB=725.1> 
<DWph=2> <it=120> <et=0.64> <Mt= 0.00> <Spt= 0.01> <nCl= 11> <al=0.60> <DB=  178.5814> <Mlp=  696.0323> <PB=725.1> 
<DWph=2> <it=121> <et=0.65> <Mt= 0.00> <Spt= 0.00> <nCl= 15> <al=0.50> <DB=  397.5284> <Mlp=  695.9286> <PB=725.1> 
<DWph=2> <it=122> <et=0.65> <Mt= 0.00> <Spt= 0.00> <nCl= 13> <al=0.55> <DB=  489.8934> <Mlp=  695.8671> <PB=725.1> 
<DWph=2> <it=123> <et=0.65> <Mt= 0.00> <Spt= 0.01> <nCl= 22> <al=0.45> <DB=  376.8706> <Mlp=  695.8605> <PB=725.1> 
<DWph=2> <it=124> <et=0.66> <Mt= 0.00> <Spt= 0.00> <nCl= 24> <al=0.35> <DB=  457.4934> <Mlp=  695.6585> <PB=725.1> 
<DWph=2> <it=125> <et=0.66> <Mt= 0.01> <Spt= 0.00> <nCl= 26> <al=0.42> <DB=  412.9686> <Mlp=  695.1220> <PB=725.1> 
<DWph=2> <it=126> <et=0.67> <Mt= 0.00> <Spt= 0.01> <nCl= 23> <al=0.32> <DB=  519.2309> <Mlp=  694.4047> <PB=725.1> 
<DWph=2> <it=127> <et=0.67> <Mt= 0.00> <Spt= 0.00> <nCl= 15> <al=0.39> <DB=  674.5977> <Mlp=  693.9447> <PB=725.1> 
<DWph=2> <it=128> <et=0.68> <Mt= 0.00> <Spt= 0.00> <nCl= 22> <al=0.45> <DB=  326.4286> <Mlp=  693.9447> <PB=725.1> 
<DWph=2> <it=129> <et=0.68> <Mt= 0.00> <Spt= 0.01> <nCl= 21> <al=0.50> <DB=  612.0009> <Mlp=  693.6233> <PB=725.1> 
<DWph=2> <it=130> <et=0.69> <Mt= 0.00> <Spt= 0.00> <nCl= 18> <al=0.40> <DB=  331.8197> <Mlp=  693.6233> <PB=725.1> 
<DWph=2> <it=131> <et=0.69> <Mt= 0.00> <Spt= 0.00> <nCl= 16> <al=0.30> <DB=  481.6385> <Mlp=  692.7692> <PB=725.1> 
<DWph=2> <it=132> <et=0.69> <Mt= 0.00> <Spt= 0.01> <nCl=  9> <al=0.37> <DB=  681.0031> <Mlp=  692.7530> <PB=725.1> 
<DWph=2> <it=133> <et=0.70> <Mt= 0.01> <Spt= 0.00> <nCl= 18> <al=0.44> <DB=  516.3512> <Mlp=  692.6161> <PB=725.1> 
<DWph=2> <it=134> <et=0.70> <Mt= 0.00> <Spt= 0.00> <nCl=  8> <al=0.49> <DB=  402.1169> <Mlp=  692.0362> <PB=725.1> 
<DWph=2> <it=135> <et=0.71> <Mt= 0.00> <Spt= 0.01> <nCl= 11> <al=0.54> <DB=  599.8163> <Mlp=  691.1897> <PB=725.1> 
<DWph=2> <it=136> <et=0.71> <Mt= 0.00> <Spt= 0.00> <nCl=  5> <al=0.44> <DB=  628.8880> <Mlp=  691.0259> <PB=725.1> 
<DWph=2> <it=137> <et=0.72> <Mt= 0.00> <Spt= 0.00> <nCl=  2> <al=0.34> <DB=  624.1413> <Mlp=  691.0174> <PB=725.1> 
<DWph=2> <it=138> <et=0.72> <Mt= 0.00> <Spt= 0.01> <nCl= 13> <al=0.00> <DB=  653.4685> <Mlp=  690.9685> <PB=725.1> 
<DWph=2> <it=139> <et=0.73> <Mt= 0.00> <Spt= 0.00> <nCl=  8> <al=0.00> <DB=  690.9685> <Mlp=  690.9685> <PB=725.1> 
<DWph=1> <it=140> <et=0.74> <Mt= 0.00> <Spt= 0.01> <nCl= 26> <al=0.21> <DB=  465.9685> <Mlp=  690.9685> <PB=725.1> 
<DWph=1> <it=141> <et=0.75> <Mt= 0.00> <Spt= 0.01> <nCl= 22> <al=0.29> <DB=  530.2036> <Mlp=  690.8565> <PB=725.1> 
<DWph=1> <it=142> <et=0.76> <Mt= 0.00> <Spt= 0.01> <nCl= 21> <al=0.36> <DB=  371.8042> <Mlp=  690.6795> <PB=725.1> 
<DWph=1> <it=143> <et=0.77> <Mt= 0.01> <Spt= 0.01> <nCl= 12> <al=0.42> <DB=  487.8158> <Mlp=  690.6378> <PB=725.1> 
<DWph=1> <it=144> <et=0.78> <Mt= 0.00> <Spt= 0.00> <nCl= 13> <al=0.48> <DB=  524.5426> <Mlp=  690.6378> <PB=725.1> 
<DWph=1> <it=145> <et=0.79> <Mt= 0.00> <Spt= 0.01> <nCl= 24> <al=0.53> <DB=  463.6678> <Mlp=  690.1875> <PB=725.1> 
<DWph=1> <it=146> <et=0.80> <Mt= 0.00> <Spt= 0.01> <nCl= 15> <al=0.58> <DB=  516.7905> <Mlp=  690.1875> <PB=725.1> 
<DWph=1> <it=147> <et=0.80> <Mt= 0.00> <Spt= 0.01> <nCl= 12> <al=0.62> <DB=  487.4950> <Mlp=  690.1875> <PB=725.1> 
<DWph=1> <it=148> <et=0.81> <Mt= 0.00> <Spt= 0.01> <nCl= 13> <al=0.66> <DB=  572.8009> <Mlp=  689.8576> <PB=725.1> 
<DWph=1> <it=149> <et=0.82> <Mt= 0.00> <Spt= 0.01> <nCl= 11> <al=0.56> <DB=  585.6976> <Mlp=  689.8489> <PB=725.1> 
<DWph=1> <it=150> <et=0.83> <Mt= 0.00> <Spt= 0.00> <nCl= 17> <al=0.46> <DB=  490.1857> <Mlp=  689.7414> <PB=725.1> 
<DWph=1> <it=151> <et=0.84> <Mt= 0.00> <Spt= 0.01> <nCl=  7> <al=0.51> <DB=  623.8549> <Mlp=  689.7241> <PB=725.1> 
<DWph=1> <it=152> <et=0.85> <Mt= 0.01> <Spt= 0.01> <nCl= 14> <al=0.41> <DB=  612.1265> <Mlp=  689.7069> <PB=725.1> 
<DWph=1> <it=153> <et=0.86> <Mt= 0.00> <Spt= 0.01> <nCl=  5> <al=0.47> <DB=  658.3755> <Mlp=  689.2472> <PB=725.1> 
<DWph=1> <it=154> <et=0.87> <Mt= 0.00> <Spt= 0.00> <nCl= 13> <al=0.37> <DB=  667.5481> <Mlp=  689.2472> <PB=725.1> 
<DWph=1> <it=155> <et=0.88> <Mt= 0.00> <Spt= 0.01> <nCl=  7> <al=0.43> <DB=  664.1090> <Mlp=  689.2472> <PB=725.1> 
<DWph=1> <it=156> <et=0.89> <Mt= 0.00> <Spt= 0.02> <nCl= 16> <al=0.00> <DB=  682.6742> <Mlp=  689.2472> <PB=725.1> 
<DWph=1> <it=157> <et=0.91> <Mt= 0.00> <Spt= 0.01> <nCl=  6> <al=0.00> <DB=  662.9551> <Mlp=  689.2472> <PB=725.1> 
<DWph=1> <it=158> <et=0.92> <Mt= 0.00> <Spt= 0.02> <nCl=  0> <al=0.00> <DB=  689.2472> <Mlp=  689.2472> <PB=725.1> 
    RCSP exact solver info for graph G_1 : TT = 0.022347, pt = 8e-06, dt = 0.020873, ct = 0.000894, ndl = 6', bdl = 212', odl = 8', odf = 54', bsi = 1', cnt = 23', bdch = 2383', odch = 340', lcp = 206', #sols = 150
<DWph=0> <it=159> <et=0.95> <Mt= 0.00> <Spt= 0.02> <nCl=150> <al=0.19> <DB=  457.1685> <Mlp=  689.2472> <PB=725.1> 
    RCSP exact solver info for graph G_1 : TT = 0.022904, pt = 1.7e-05, dt = 0.021413, ct = 0.000996, ndl = 6', bdl = 226', odl = 8', odf = 57', bsi = 2', cnt = 43', bdch = 2684', odch = 373', lcp = 202', #sols = 149
<DWph=0> <it=160> <et=0.98> <Mt= 0.00> <Spt= 0.03> <nCl=145> <al=0.09> <DB=  599.7991> <Mlp=  688.3802> <PB=725.1> 
    RCSP exact solver info for graph G_1 : TT = 0.026829, pt = 1.7e-05, dt = 0.025231, ct = 0.001191, ndl = 7', bdl = 256', odl = 8', odf = 61', bsi = 2', cnt = 75', bdch = 3343', odch = 482', lcp = 256', #sols = 149
<DWph=0> <it=161> <et=1.01> <Mt= 0.00> <Spt= 0.03> <nCl=108> <al=0.18> <DB=  636.3558> <Mlp=  687.5402> <PB=725.1> 
    RCSP exact solver info for graph G_1 : TT = 0.024924, pt = 1.6e-05, dt = 0.023417, ct = 0.001108, ndl = 7', bdl = 245', odl = 8', odf = 60', bsi = 2', cnt = 69', bdch = 3057', odch = 432', lcp = 247', #sols = 150
<DWph=0> <it=162> <et=1.04> <Mt= 0.01> <Spt= 0.03> <nCl= 87> <al=0.26> <DB=  629.2000> <Mlp=  687.5000> <PB=725.1> 
    RCSP exact solver info for graph G_1 : TT = 0.027726, pt = 1.6e-05, dt = 0.026151, ct = 0.001178, ndl = 8', bdl = 270', odl = 8', odf = 62', bsi = 2', cnt = 61', bdch = 3522', odch = 534', lcp = 284', #sols = 150
<DWph=0> <it=163> <et=1.07> <Mt= 0.00> <Spt= 0.03> <nCl= 80> <al=0.34> <DB=  672.9927> <Mlp=  687.4870> <PB=725.1> 
    RCSP exact solver info for graph G_1 : TT = 0.02761, pt = 1.6e-05, dt = 0.026091, ct = 0.001142, ndl = 8', bdl = 272', odl = 8', odf = 62', bsi = 2', cnt = 58', bdch = 3532', odch = 536', lcp = 292', #sols = 150
    RCSP exact solver info for graph G_1 : TT = 0.023874, pt = 1.6e-05, dt = 0.022485, ct = 0.001001, ndl = 7', bdl = 237', odl = 8', odf = 59', bsi = 2', cnt = 39', bdch = 2923', odch = 445', lcp = 258', #sols = 150
<DWph=0> <it=164> <et=1.13> <Mt= 0.00> <Spt= 0.06> <nCl=132> <al=0.00> <DB=  687.4870> <Mlp=  687.4870> <PB=725.1> 
Dynamic params and stats :  aver.obdmd = 22.8478 aver.buck.num. = 25
@@ 1 0 687.487 0.0247387 0.027329 93.6423 1.13
Labels distribution in buckets (bucket size) : largest - 168, top 0.1% - 168, top 0.5% - 130, top 2% - 89, top 10% - 33, top 50% - 6
Reduced cost fixing for graph G_1... 27380 buck. arcs remain (62% from prev., 58.1% from max.) + 4795 jump buck. arcs (10.2% from max.)
 TT = 0.065998, pt = 0.0029, dt = 0.039546, ct = 0.023402, ndl = 21', bdl = 213', odl = 8', odf = 115', lpcb = 315', cnt = 1297', bdch = 4547', odch = 1209', lcp = 507'
Labels distribution in buckets (bucket size) : largest - 168, top 0.1% - 168, top 0.5% - 130, top 2% - 92, top 10% - 34, top 50% - 6
Run forward enumeration with border = 1005... not succeeded (ratio 0.743404) lpt = 0.112397, ndl = 80', dl = 36', lpcb = 545', dch = 208'
 TT = 0.115434, pt = 0.001994, dt = 0.112397, ct = 0, ndl = 80', bdl = 36', lpcb = 545', cnt = 1616', bdch = 208', odch = 0', lcp = 0'
ColGenEvalAlg final dual bound: 687.487 (rounded: 688)
In total 5 RCC cut(s) are found by the connected components heuristic 
Shrinking heuristic shrunk 29 edges
In total 8 RCC cut(s) are found by the Fractional capacity min-cut heuristic 
In total 28 RCC cut(s) are found by the greedy construction heuristic 
----- Add fac. cuts : CAP(41), max.viol = 0.643478, aver.viol = 0.411453, sep/add took 0.00181401/0.127726 sec. -----
4608 columns (4608 active), 41 dyn. constrs. (41 active), 131 art. vars. (131 active)
<DWph=2> <it=  1> <et=1.47> <Mt= 0.01> <Spt= 0.00> <nCl= 29> <al=0.50> <DB=  388.4549> <Mlp=  739.6818> <PB=725.1> 
<DWph=2> <it=  2> <et=1.49> <Mt= 0.02> <Spt= 0.00> <nCl= 24> <al=0.55> <DB=  707.0094> <Mlp=  733.7869> <PB=725.1> 
<DWph=2> <it=  3> <et=1.51> <Mt= 0.02> <Spt= 0.01> <nCl= 30> <al=0.60> <DB=  455.2865> <Mlp=  731.5952> <PB=725.1> 
<DWph=2> <it=  4> <et=1.53> <Mt= 0.02> <Spt= 0.00> <nCl= 23> <al=0.64> <DB=  591.3516> <Mlp=  728.8125> <PB=725.1> 
<DWph=2> <it=  5> <et=1.55> <Mt= 0.01> <Spt= 0.00> <nCl= 16> <al=0.67> <DB=  631.7347> <Mlp=  728.6204> <PB=725.1> 
<DWph=2> <it=  6> <et=1.55> <Mt= 0.00> <Spt= 0.01> <nCl=  4> <al=0.70> <DB=  714.3149> <Mlp=  728.6204> <PB=725.1> 
<DWph=2> <it=  7> <et=1.56> <Mt= 0.01> <Spt= 0.00> <nCl= 25> <al=0.60> <DB=  579.1631> <Mlp=  728.6204> <PB=725.1> 
<DWph=2> <it=  8> <et=1.57> <Mt= 0.00> <Spt= 0.01> <nCl= 29> <al=0.64> <DB=  169.3098> <Mlp=  728.6204> <PB=725.1> 
<DWph=2> <it=  9> <et=1.58> <Mt= 0.01> <Spt= 0.00> <nCl= 14> <al=0.68> <DB=  715.3956> <Mlp=  726.3333> <PB=725.1> 
<DWph=2> <it= 10> <et=1.59> <Mt= 0.01> <Spt= 0.00> <nCl= 28> <al=0.71> <DB=  172.9669> <Mlp=  726.0714> <PB=725.1> 
<DWph=2> <it= 11> <et=1.60> <Mt= 0.00> <Spt= 0.01> <nCl= 22> <al=0.74> <DB=  529.9829> <Mlp=  726.0714> <PB=725.1> 
<DWph=2> <it= 12> <et=1.61> <Mt= 0.01> <Spt= 0.00> <nCl= 21> <al=0.77> <DB=  719.9175> <Mlp=  725.6820> <PB=725.1> 
<DWph=2> <it= 13> <et=1.61> <Mt= 0.00> <Spt= 0.00> <nCl= 25> <al=0.67> <DB=  461.3858> <Mlp=  725.5161> <PB=725.1> 
<DWph=2> <it= 14> <et=1.63> <Mt= 0.01> <Spt= 0.01> <nCl= 19> <al=0.70> <DB=  721.2085> <Mlp=  724.2200> <PB=725.1> 
<DWph=2> <it= 15> <et=1.64> <Mt= 0.01> <Spt= 0.00> <nCl= 30> <al=0.60> <DB= -231.1223> <Mlp=  724.1148> <PB=725.1> 
<DWph=2> <it= 16> <et=1.65> <Mt= 0.00> <Spt= 0.00> <nCl= 30> <al=0.64> <DB=  310.9688> <Mlp=  724.1148> <PB=725.1> 
<DWph=2> <it= 17> <et=1.66> <Mt= 0.01> <Spt= 0.01> <nCl= 23> <al=0.68> <DB=  661.3851> <Mlp=  724.1148> <PB=725.1> 
<DWph=2> <it= 18> <et=1.67> <Mt= 0.00> <Spt= 0.00> <nCl= 22> <al=0.71> <DB=  673.9087> <Mlp=  724.1148> <PB=725.1> 
<DWph=2> <it= 19> <et=1.68> <Mt= 0.01> <Spt= 0.01> <nCl= 18> <al=0.74> <DB=  721.8882> <Mlp=  723.7983> <PB=725.1> 
<DWph=2> <it= 20> <et=1.68> <Mt= 0.00> <Spt= 0.00> <nCl= 20> <al=0.64> <DB=  719.9319> <Mlp=  723.7051> <PB=725.1> 
<DWph=2> <it= 21> <et=1.69> <Mt= 0.00> <Spt= 0.00> <nCl= 15> <al=0.67> <DB=  722.4484> <Mlp=  723.6053> <PB=725.1> 
<DWph=2> <it= 22> <et=1.69> <Mt= 0.00> <Spt= 0.01> <nCl= 27> <al=0.57> <DB=  658.7409> <Mlp=  723.6053> <PB=725.1> 
<DWph=2> <it= 23> <et=1.70> <Mt= 0.01> <Spt= 0.00> <nCl= 17> <al=0.62> <DB=  644.9029> <Mlp=  723.6053> <PB=725.1> 
<DWph=2> <it= 24> <et=1.71> <Mt= 0.00> <Spt= 0.00> <nCl= 17> <al=0.65> <DB=  602.2081> <Mlp=  723.6053> <PB=725.1> 
<DWph=2> <it= 25> <et=1.71> <Mt= 0.00> <Spt= 0.01> <nCl= 24> <al=0.38> <DB=  711.8604> <Mlp=  723.6053> <PB=725.1> 
<DWph=2> <it= 26> <et=1.72> <Mt= 0.00> <Spt= 0.00> <nCl=  5> <al=0.59> <DB=  722.9235> <Mlp=  723.6053> <PB=725.1> 
<DWph=2> <it= 27> <et=1.72> <Mt= 0.00> <Spt= 0.00> <nCl=  8> <al=0.49> <DB=  669.6805> <Mlp=  723.6053> <PB=725.1> 
<DWph=2> <it= 28> <et=1.73> <Mt= 0.01> <Spt= 0.01> <nCl= 28> <al=0.00> <DB=  467.5197> <Mlp=  723.6053> <PB=725.1> 
<DWph=2> <it= 29> <et=1.74> <Mt= 0.00> <Spt= 0.00> <nCl= 14> <al=0.29> <DB=  585.5961> <Mlp=  723.5822> <PB=725.1> 
<DWph=2> <it= 30> <et=1.75> <Mt= 0.00> <Spt= 0.01> <nCl= 21> <al=0.00> <DB=  633.5822> <Mlp=  723.5822> <PB=725.1> 
<DWph=2> <it= 31> <et=1.76> <Mt= 0.01> <Spt= 0.01> <nCl= 17> <al=0.00> <DB=  723.5822> <Mlp=  723.5822> <PB=725.1> 
<DWph=1> <it= 32> <et=1.77> <Mt= 0.00> <Spt= 0.00> <nCl= 30> <al=0.16> <DB=  162.8214> <Mlp=  723.5822> <PB=725.1> 
<DWph=1> <it= 33> <et=1.77> <Mt= 0.00> <Spt= 0.01> <nCl= 29> <al=0.06> <DB=  247.6560> <Mlp=  723.5822> <PB=725.1> 
<DWph=1> <it= 34> <et=1.79> <Mt= 0.00> <Spt= 0.01> <nCl= 28> <al=0.00> <DB=  457.5750> <Mlp=  723.0750> <PB=725.1> 
<DWph=1> <it= 35> <et=1.80> <Mt= 0.01> <Spt= 0.01> <nCl= 30> <al=0.06> <DB=  222.2771> <Mlp=  722.7431> <PB=725.1> 
<DWph=1> <it= 36> <et=1.81> <Mt= 0.00> <Spt= 0.00> <nCl= 26> <al=0.16> <DB=  298.1064> <Mlp=  722.7431> <PB=725.1> 
<DWph=1> <it= 37> <et=1.82> <Mt= 0.00> <Spt= 0.01> <nCl= 30> <al=0.24> <DB=  159.3256> <Mlp=  722.7410> <PB=725.1> 
<DWph=1> <it= 38> <et=1.83> <Mt= 0.00> <Spt= 0.01> <nCl= 25> <al=0.32> <DB=  438.1771> <Mlp=  722.7410> <PB=725.1> 
<DWph=1> <it= 39> <et=1.83> <Mt= 0.01> <Spt= 0.00> <nCl= 19> <al=0.22> <DB=  553.1090> <Mlp=  722.7410> <PB=725.1> 
<DWph=1> <it= 40> <et=1.84> <Mt= 0.00> <Spt= 0.01> <nCl= 26> <al=0.30> <DB=  572.8054> <Mlp=  722.7410> <PB=725.1> 
<DWph=1> <it= 41> <et=1.85> <Mt= 0.00> <Spt= 0.00> <nCl= 22> <al=0.37> <DB=  569.9269> <Mlp=  722.7410> <PB=725.1> 
<DWph=1> <it= 42> <et=1.86> <Mt= 0.00> <Spt= 0.01> <nCl= 16> <al=0.27> <DB=  678.4388> <Mlp=  722.7410> <PB=725.1> 
<DWph=1> <it= 43> <et=1.87> <Mt= 0.01> <Spt= 0.01> <nCl= 20> <al=0.34> <DB=  377.9266> <Mlp=  722.7410> <PB=725.1> 
<DWph=1> <it= 44> <et=1.88> <Mt= 0.00> <Spt= 0.00> <nCl= 20> <al=0.41> <DB=  524.2907> <Mlp=  722.7372> <PB=725.1> 
<DWph=1> <it= 45> <et=1.89> <Mt= 0.00> <Spt= 0.01> <nCl= 27> <al=0.31> <DB=  339.3014> <Mlp=  722.5862> <PB=725.1> 
<DWph=1> <it= 46> <et=1.92> <Mt= 0.03> <Spt= 0.01> <nCl= 28> <al=0.38> <DB=  555.7400> <Mlp=  719.5000> <PB=725.1> 
<DWph=1> <it= 47> <et=1.93> <Mt= 0.00> <Spt= 0.00> <nCl= 26> <al=0.28> <DB=  501.3182> <Mlp=  719.4545> <PB=725.1> 
<DWph=1> <it= 48> <et=1.95> <Mt= 0.01> <Spt= 0.01> <nCl= 22> <al=0.35> <DB=  667.3452> <Mlp=  719.4545> <PB=725.1> 
<DWph=1> <it= 49> <et=1.96> <Mt= 0.00> <Spt= 0.01> <nCl= 15> <al=0.41> <DB=  663.1173> <Mlp=  719.4545> <PB=725.1> 
<DWph=1> <it= 50> <et=1.96> <Mt= 0.00> <Spt= 0.00> <nCl=  7> <al=0.31> <DB=  688.9520> <Mlp=  719.4545> <PB=725.1> 
<DWph=1> <it= 51> <et=1.97> <Mt= 0.01> <Spt= 0.01> <nCl= 24> <al=0.38> <DB=  636.4175> <Mlp=  719.4545> <PB=725.1> 
<DWph=1> <it= 52> <et=1.98> <Mt= 0.00> <Spt= 0.01> <nCl= 17> <al=0.44> <DB=  636.7385> <Mlp=  719.3548> <PB=725.1> 
<DWph=1> <it= 53> <et=1.99> <Mt= 0.00> <Spt= 0.00> <nCl= 13> <al=0.50> <DB=  573.4773> <Mlp=  719.3548> <PB=725.1> 
<DWph=1> <it= 54> <et=2.00> <Mt= 0.01> <Spt= 0.01> <nCl= 14> <al=0.55> <DB=  692.7194> <Mlp=  719.3548> <PB=725.1> 
<DWph=1> <it= 55> <et=2.01> <Mt= 0.00> <Spt= 0.01> <nCl=  7> <al=0.59> <DB=  690.3926> <Mlp=  719.3125> <PB=725.1> 
<DWph=1> <it= 56> <et=2.03> <Mt= 0.00> <Spt= 0.01> <nCl= 17> <al=0.27> <DB=  619.9195> <Mlp=  719.3125> <PB=725.1> 
<DWph=1> <it= 57> <et=2.03> <Mt= 0.00> <Spt= 0.00> <nCl=  6> <al=0.53> <DB=  719.5377> <Mlp=  719.3125> <PB=725.1> 
    RCSP exact solver info for graph G_1 : TT = 0.017449, pt = 8e-06, dt = 0.015739, ct = 0.001274, ndl = 6', bdl = 119', odl = 7', odf = 55', bsi = 2', cnt = 34', bdch = 1695', odch = 421', lcp = 196', #sols = 150
<DWph=0> <it= 58> <et=2.06> <Mt= 0.01> <Spt= 0.03> <nCl=150> <al=0.58> <DB=  473.1180> <Mlp=  719.3125> <PB=725.1> 
    RCSP exact solver info for graph G_1 : TT = 0.016158, pt = 2.5e-05, dt = 0.014463, ct = 0.00121, ndl = 6', bdl = 110', odl = 7', odf = 53', bsi = 2', cnt = 30', bdch = 1538', odch = 389', lcp = 193', #sols = 148
<DWph=0> <it= 59> <et=2.09> <Mt= 0.00> <Spt= 0.02> <nCl=102> <al=0.62> <DB=  553.3609> <Mlp=  719.3125> <PB=725.1> 
    RCSP exact solver info for graph G_1 : TT = 0.018468, pt = 2.5e-05, dt = 0.016529, ct = 0.001419, ndl = 7', bdl = 126', odl = 7', odf = 58', bsi = 2', cnt = 47', bdch = 1866', odch = 482', lcp = 223', #sols = 150
<DWph=0> <it= 60> <et=2.12> <Mt= 0.00> <Spt= 0.03> <nCl=134> <al=0.52> <DB=  607.0993> <Mlp=  719.3125> <PB=725.1> 
    RCSP exact solver info for graph G_1 : TT = 0.015696, pt = 2.3e-05, dt = 0.013968, ct = 0.001252, ndl = 6', bdl = 112', odl = 7', odf = 52', bsi = 2', cnt = 44', bdch = 1432', odch = 383', lcp = 172', #sols = 150
<DWph=0> <it= 61> <et=2.15> <Mt= 0.01> <Spt= 0.02> <nCl= 75> <al=0.57> <DB=  636.4454> <Mlp=  719.0000> <PB=725.1> 
    RCSP exact solver info for graph G_1 : TT = 0.016973, pt = 2.7e-05, dt = 0.015079, ct = 0.001346, ndl = 6', bdl = 120', odl = 7', odf = 56', bsi = 2', cnt = 49', bdch = 1648', odch = 422', lcp = 189', #sols = 150
<DWph=0> <it= 62> <et=2.18> <Mt= 0.00> <Spt= 0.03> <nCl=107> <al=0.61> <DB=  635.3831> <Mlp=  719.0000> <PB=725.1> 
    RCSP exact solver info for graph G_1 : TT = 0.013992, pt = 2.5e-05, dt = 0.012479, ct = 0.001125, ndl = 5', bdl = 98', odl = 7', odf = 51', bsi = 1', cnt = 37', bdch = 1213', odch = 352', lcp = 153', #sols = 150
    RCSP exact solver info for graph G_1 : TT = 0.013806, pt = 1.6e-05, dt = 0.012309, ct = 0.001145, ndl = 5', bdl = 97', odl = 7', odf = 53', bsi = 1', cnt = 39', bdch = 1196', odch = 358', lcp = 152', #sols = 149
<DWph=0> <it= 63> <et=2.22> <Mt= 0.01> <Spt= 0.03> <nCl= 90> <al=0.30> <DB=  678.0484> <Mlp=  719.0000> <PB=725.1> 
    RCSP exact solver info for graph G_1 : TT = 0.01357, pt = 1.9e-05, dt = 0.012098, ct = 0.001122, ndl = 5', bdl = 95', odl = 7', odf = 52', bsi = 1', cnt = 41', bdch = 1152', odch = 334', lcp = 144', #sols = 150
    RCSP exact solver info for graph G_1 : TT = 0.013425, pt = 1.9e-05, dt = 0.01191, ct = 0.001139, ndl = 5', bdl = 95', odl = 7', odf = 51', bsi = 1', cnt = 43', bdch = 1138', odch = 331', lcp = 141', #sols = 150
<DWph=0> <it= 64> <et=2.26> <Mt= 0.00> <Spt= 0.04> <nCl= 66> <al=0.10> <DB=  703.2049> <Mlp=  719.0000> <PB=725.1> 
    RCSP exact solver info for graph G_1 : TT = 0.01316, pt = 2e-05, dt = 0.011681, ct = 0.001108, ndl = 5', bdl = 93', odl = 7', odf = 51', bsi = 1', cnt = 40', bdch = 1095', odch = 312', lcp = 137', #sols = 150
<DWph=0> <it= 65> <et=2.28> <Mt= 0.01> <Spt= 0.01> <nCl= 33> <al=0.45> <DB=  711.8534> <Mlp=  719.0000> <PB=725.1> 
    RCSP exact solver info for graph G_1 : TT = 0.013456, pt = 2.5e-05, dt = 0.011931, ct = 0.001115, ndl = 5', bdl = 93', odl = 7', odf = 51', bsi = 1', cnt = 42', bdch = 1085', odch = 308', lcp = 135', #sols = 150
    RCSP exact solver info for graph G_1 : TT = 0.011027, pt = 1.7e-05, dt = 0.009793, ct = 0.0009, ndl = 4', bdl = 78', odl = 7', odf = 47', bsi = 1', cnt = 24', bdch = 859', odch = 258', lcp = 116', #sols = 150
<DWph=0> <it= 66> <et=2.31> <Mt= 0.00> <Spt= 0.03> <nCl= 37> <al=0.00> <DB=  719.0000> <Mlp=  719.0000> <PB=725.1> 
Dynamic params and stats :  aver.obdmd = 22.8478 aver.buck.num. = 25
@@ 1 1 719 0.0143445 0.017948 58.102 2.31
Labels distribution in buckets (bucket size) : largest - 111, top 0.1% - 111, top 0.5% - 87, top 2% - 60, top 10% - 20, top 50% - 4
Reduced cost fixing for graph G_1... 9393 buck. arcs remain (34.3% from prev., 19.9% from max.) + 3344 jump buck. arcs (7.1% from max.)
 TT = 0.016577, pt = 0.001529, dt = 0.006568, ct = 0.008384, ndl = 9', bdl = 56', odl = 3', odf = 52', lpcb = 110', cnt = 418', bdch = 364', odch = 246', lcp = 78'
Labels distribution in buckets (bucket size) : largest - 111, top 0.1% - 111, top 0.5% - 87, top 2% - 67, top 10% - 21, top 50% - 4
Run forward enumeration with border = 1005... succeeded! lpt = 0.234974, ndl = 132', dl = 24', lpcb = 854', dch = 122'
Run enumeration concatenation with time limit 0.3213 sec.... time limit reached, not succeeded.
Sorting and storing enumerated solutions ...  TT = 0.640279, pt = 0, dt = 0.234974, ct = 0.357456, ndl = 132', bdl = 24', lpcb = 854', cnt = 4456', bdch = 122', odch = 0', lcp = 0'
ColGenEvalAlg final dual bound: 719 (rounded: 719)
Gap improvement since the last cut separation : 0.837822 (687.487)
Current active cuts : CAP(10,834.897)
In total 2 RCC cut(s) are found by the connected components heuristic 
Shrinking heuristic shrunk 29 edges
In total 1 RCC cut(s) are found by the Fractional capacity min-cut heuristic 
In total 1 RCC cut(s) are found by the greedy construction heuristic 
----- Add fac. cuts : CAP(4), max.viol = 0.333333, aver.viol = 0.333333, sep/add took 0.000600232/0.0213214 sec. -----
6591 columns (6591 active), 45 dyn. constrs. (14 active), 135 art. vars. (104 active)
<DWph=2> <it=  1> <et=3.00> <Mt= 0.00> <Spt= 0.01> <nCl= 11> <al=0.50> <DB=  719.1429> <Mlp=  719.2857> <PB=725.1> 
<DWph=2> <it=  2> <et=3.00> <Mt= 0.00> <Spt= 0.00> <nCl= 17> <al=0.00> <DB=  674.2857> <Mlp=  719.2857> <PB=725.1> 
<DWph=2> <it=  3> <et=3.01> <Mt= 0.01> <Spt= 0.00> <nCl= 12> <al=0.30> <DB=  718.3011> <Mlp=  719.2857> <PB=725.1> 
<DWph=2> <it=  4> <et=3.01> <Mt= 0.00> <Spt= 0.00> <nCl= 16> <al=0.00> <DB=  719.2857> <Mlp=  719.2857> <PB=725.1> 
<DWph=1> <it=  5> <et=3.02> <Mt= 0.00> <Spt= 0.01> <nCl= 13> <al=0.27> <DB=  718.0000> <Mlp=  719.2857> <PB=725.1> 
<DWph=1> <it=  6> <et=3.02> <Mt= 0.00> <Spt= 0.00> <nCl= 12> <al=0.00> <DB=  719.2857> <Mlp=  719.2857> <PB=725.1> 
    RCSP exact solver info for graph G_1 : TT = 0.004544, pt = 9e-06, dt = 0.00374, ct = 0.00048, ndl = 4', bdl = 14', odl = 3', odf = 32', bsi = 1', cnt = 21', bdch = 224', odch = 173', lcp = 64', #sols = 150
<DWph=0> <it=  7> <et=3.03> <Mt= 0.00> <Spt= 0.01> <nCl= 52> <al=0.07> <DB=  680.7143> <Mlp=  719.2857> <PB=725.1> 
    RCSP exact solver info for graph G_1 : TT = 0.005008, pt = 1.6e-05, dt = 0.004149, ct = 0.000498, ndl = 4', bdl = 15', odl = 3', odf = 34', bsi = 1', cnt = 28', bdch = 254', odch = 211', lcp = 73', #sols = 150
<DWph=0> <it=  8> <et=3.04> <Mt= 0.00> <Spt= 0.01> <nCl= 44> <al=0.00> <DB=  706.4286> <Mlp=  719.2857> <PB=725.1> 
    RCSP exact solver info for graph G_1 : TT = 0.005001, pt = 1.6e-05, dt = 0.004151, ct = 0.000496, ndl = 4', bdl = 15', odl = 3', odf = 34', bsi = 1', cnt = 28', bdch = 253', odch = 213', lcp = 73', #sols = 150
    RCSP exact solver info for graph G_1 : TT = 0.003761, pt = 1.5e-05, dt = 0.003017, ct = 0.000411, ndl = 3', bdl = 10', odl = 3', odf = 27', bsi = 1', cnt = 17', bdch = 148', odch = 118', lcp = 42', #sols = 150
<DWph=0> <it=  9> <et=3.06> <Mt= 0.01> <Spt= 0.01> <nCl= 13> <al=0.00> <DB=  719.2857> <Mlp=  719.2857> <PB=725.1> 
Dynamic params and stats :  aver.obdmd = 22.8478 aver.buck.num. = 25
@@ 1 2 719.286 0.0042355 0.004647 19.9325 3.06
    Full reduced cost fixing is not called (gap ratio is 0.952381)
ColGenEvalAlg final dual bound: 719.286 (rounded: 720)
Gap improvement since the last cut separation : 0.0468384 (719)
Current active cuts : CAP(11,837.714)
Shrinking heuristic shrunk 28 edges
In total 4 RCC cut(s) are found by the Fractional capacity min-cut heuristic 
In total 11 RCC cut(s) are found by the greedy construction heuristic 
In total 1 RCC cut(s) are found by the global pool greedy search heuristic 
----- Add fac. cuts : CAP(16), max.viol = 0.428571, aver.viol = 0.196429, sep/add took 0.00127844/0.0841817 sec. -----
6781 columns (6781 active), 30 dyn. constrs. (27 active), 151 art. vars. (117 active)
<DWph=2> <it=  1> <et=3.20> <Mt= 0.00> <Spt= 0.01> <nCl= 22> <al=0.00> <DB=  720.3333> <Mlp=  720.3333> <PB=725.1> 
<DWph=1> <it=  2> <et=3.20> <Mt= 0.00> <Spt= 0.00> <nCl= 24> <al=0.40> <DB=  672.8333> <Mlp=  720.3333> <PB=725.1> 
<DWph=1> <it=  3> <et=3.21> <Mt= 0.01> <Spt= 0.00> <nCl= 27> <al=0.00> <DB=  709.7179> <Mlp=  720.3333> <PB=725.1> 
<DWph=1> <it=  4> <et=3.21> <Mt= 0.00> <Spt= 0.01> <nCl=  6> <al=0.36> <DB=  709.8209> <Mlp=  720.3333> <PB=725.1> 
<DWph=1> <it=  5> <et=3.22> <Mt= 0.00> <Spt= 0.00> <nCl=  4> <al=0.26> <DB=  715.9053> <Mlp=  720.3333> <PB=725.1> 
<DWph=1> <it=  6> <et=3.23> <Mt= 0.00> <Spt= 0.00> <nCl= 13> <al=0.00> <DB=  720.3333> <Mlp=  720.3333> <PB=725.1> 
    RCSP exact solver info for graph G_1 : TT = 0.003498, pt = 9e-06, dt = 0.002635, ct = 0.000383, ndl = 3', bdl = 9', odl = 3', odf = 26', bsi = 1', cnt = 18', bdch = 120', odch = 95', lcp = 33', #sols = 150
<DWph=0> <it=  7> <et=3.24> <Mt= 0.00> <Spt= 0.01> <nCl= 74> <al=0.23> <DB=  641.4333> <Mlp=  720.3333> <PB=725.1> 
    RCSP exact solver info for graph G_1 : TT = 0.003579, pt = 2.3e-05, dt = 0.002753, ct = 0.000379, ndl = 3', bdl = 9', odl = 2', odf = 26', bsi = 1', cnt = 19', bdch = 116', odch = 92', lcp = 31', #sols = 148
<DWph=0> <it=  8> <et=3.25> <Mt= 0.01> <Spt= 0.01> <nCl= 47> <al=0.31> <DB=  678.3980> <Mlp=  720.3333> <PB=725.1> 
    RCSP exact solver info for graph G_1 : TT = 0.003738, pt = 2.1e-05, dt = 0.002937, ct = 0.000363, ndl = 3', bdl = 10', odl = 2', odf = 26', bsi = 1', cnt = 17', bdch = 134', odch = 107', lcp = 36', #sols = 150
<DWph=0> <it=  9> <et=3.26> <Mt= 0.00> <Spt= 0.01> <nCl= 16> <al=0.38> <DB=  704.4172> <Mlp=  720.3333> <PB=725.1> 
    RCSP exact solver info for graph G_1 : TT = 0.003607, pt = 1.9e-05, dt = 0.00285, ct = 0.000359, ndl = 3', bdl = 10', odl = 2', odf = 25', bsi = 1', cnt = 16', bdch = 127', odch = 103', lcp = 35', #sols = 150
<DWph=0> <it= 10> <et=3.27> <Mt= 0.00> <Spt= 0.00> <nCl= 15> <al=0.28> <DB=  710.3526> <Mlp=  720.3333> <PB=725.1> 
    RCSP exact solver info for graph G_1 : TT = 0.003572, pt = 2e-05, dt = 0.002824, ct = 0.000358, ndl = 3', bdl = 9', odl = 2', odf = 25', bsi = 1', cnt = 17', bdch = 127', odch = 103', lcp = 35', #sols = 150
    RCSP exact solver info for graph G_1 : TT = 0.003361, pt = 1.7e-05, dt = 0.002658, ct = 0.000335, ndl = 3', bdl = 9', odl = 2', odf = 24', bsi = 1', cnt = 14', bdch = 114', odch = 92', lcp = 31', #sols = 150
<DWph=0> <it= 11> <et=3.28> <Mt= 0.00> <Spt= 0.01> <nCl= 15> <al=0.00> <DB=  720.3333> <Mlp=  720.3333> <PB=725.1> 
Dynamic params and stats :  aver.obdmd = 22.8478 aver.buck.num. = 25
@@ 1 3 720.333 0.003139 0.0033 19.9325 3.28
Labels distribution in buckets (bucket size) : largest - 73, top 0.1% - 73, top 0.5% - 56, top 2% - 36, top 10% - 14, top 50% - 2
Reduced cost fixing for graph G_1... 7494 buck. arcs remain (79.8% from prev., 15.9% from max.) + 2644 jump buck. arcs (5.61% from max.)
 TT = 0.008376, pt = 0.000349, dt = 0.002722, ct = 0.005225, ndl = 5', bdl = 13', odl = 2', odf = 31', lpcb = 15', cnt = 198', bdch = 82', odch = 79', lcp = 19'
Labels distribution in buckets (bucket size) : largest - 73, top 0.1% - 73, top 0.5% - 56, top 2% - 37, top 10% - 14, top 50% - 2
Run forward enumeration with border = 1005... succeeded! lpt = 0.093115, ndl = 68', dl = 12', lpcb = 307', dch = 50'
Run enumeration concatenation with time limit 0.3 sec.... succeeded!
Sorting and storing enumerated solutions ... done!
 TT = 0.304091, pt = 0, dt = 0.093115, ct = 0.154068, ndl = 68', bdl = 12', lpcb = 307', cnt = 1752', bdch = 50', odch = 0', lcp = 0'
Enumeration succeeded!, number of elem. solutions is 28676
Estimating inspection time...     TT = 0.006143, performed by inspection with 28676 solutions, nbR1C = 0, nbDiscC = 0
Inspection time is low enough. Pricing will be done by inspection.
Added 872 columns in the formulation 
Removed 6172 columns (not in the enumerated set) from the formulation
Regenerated 872 columns with the 'enumerated' flag
<DWph=2> <it= 12> <et=3.68> <Mt= 0.01> <Spt= 0.00> <nCl=  0> <al=0.50> <DB=  720.3333> <Mlp=  721.0000> <PB=721> 
ColGenEvalAlg final dual bound: 720.333 (rounded: 721)
Gap improvement since the last cut separation : 1 (719.286)
Current active cuts : CAP(13,20409)
New model incumbent solution 721, TIME = 0h0m3s78t = 378
************************************************************************************************
Search is finished, global bounds : [ 721 , 721 ], TIME = 0h0m3s78t = 378
************************************************************************************************
Built-in heuristic is enabled
instance_name solver_name ext_heuristic solution_value solution_time best_lb root_lb root_time nb_branch_and_bound_nodes status
/home/logis/Downloads/VRPSolverEasy/VRPSolverEasy/demos/data/CVRP/F-n45-k4 CPLEX False 721.0000000000001 3.7893746220000004 721.0 721.0 3.788757715 1 0

