Node memory for rank-1 cuts will be used (8.92857)
~~~~~~~~~~~~~~~~~~~~~~~~~~~~~~~~~~~~~~~~~~~~~~~~~~~~~~~~~~~~~~~~~~~~~~~~~~~~~~~~~~~~~
VRPSolver v0.5.27, 24/02/2023, © Inria Bordeaux, France, vrpsolver.math.u-bordeaux.fr
      Corresponds to the solver by Pessoa, Sadykov, Uchoa and Vanderbeck (2020)
                 Paper: dx.doi.org/10.1007/s10107-020-01523-z
~~~~~~~~~~~~~~~~~~~~~~~~~~~~~~~~~~~~~~~~~~~~~~~~~~~~~~~~~~~~~~~~~~~~~~~~~~~~~~~~~~~~~
   BaPCod v0.77, 15/03/2023, © Inria Bordeaux, France, bapcod.math.u-bordeaux.fr 
           THIS CODE IS PROVIDED AS IS, USE IT AT YOUR OWN RISK
~~~~~~~~~~~~~~~~~~~~~~~~~~~~~~~~~~~~~~~~~~~~~~~~~~~~~~~~~~~~~~~~~~~~~~~~~~~~~~~~~~~~~
Bucket steps were recalculated for graph G_1 : [4]
RCSP solver info : symmetric case is detected for graph G_1! 
Bidirectional border value is initialised to 50
RCSP solver info : number of forw. reachable buckets / buck. strongly connected components is 1409( 95.0742% ) / 984( 69.8368% )
Generating neighbourhoods for rank-1 cuts separation
Building structures for 4- and 5-row rank-1 packing cut separation...done!
Model is built TIME = 0h0m0s2t = 2
************************************************************************************************
**** BaB tree root node
**** Local DB = -1e+12, global bounds : [ -1e+12 , 711.1 ], TIME = 0h0m0s2t = 2
**** 1 open nodes, 0 columns (0 active), 0 dyn. constrs. (0 active), 112 art. vars. (112 active)
************************************************************************************************
#<DWph=2> <it=  1> <et=0.02> <Mt= 0.00> <Spt= 0.00> <nCl= 30> <al=0.00> <DB=-4534926.8000> <Mlp=99838.4400> <PB=711.1> 
#<DWph=2> <it=  2> <et=0.03> <Mt= 0.00> <Spt= 0.00> <nCl= 30> <al=0.55> <DB=-4484554.6206> <Mlp=96416.6164> <PB=711.1> 
#<DWph=2> <it=  3> <et=0.03> <Mt= 0.00> <Spt= 0.01> <nCl= 30> <al=0.60> <DB=-3835965.4426> <Mlp=93031.0655> <PB=711.1> 
#<DWph=2> <it=  4> <et=0.03> <Mt= 0.00> <Spt= 0.00> <nCl= 30> <al=0.50> <DB=-2312378.8067> <Mlp=92879.5565> <PB=711.1> 
#<DWph=2> <it=  5> <et=0.04> <Mt= 0.00> <Spt= 0.00> <nCl= 30> <al=0.40> <DB=-2248834.0611> <Mlp=88806.1531> <PB=711.1> 
#<DWph=2> <it=  6> <et=0.04> <Mt= 0.00> <Spt= 0.01> <nCl= 30> <al=0.46> <DB=-1799160.7314> <Mlp=82365.1484> <PB=711.1> 
#<DWph=2> <it=  7> <et=0.05> <Mt= 0.00> <Spt= 0.00> <nCl= 30> <al=0.36> <DB=-1785692.7098> <Mlp=82324.2338> <PB=711.1> 
#<DWph=2> <it=  8> <et=0.05> <Mt= 0.00> <Spt= 0.01> <nCl= 30> <al=0.42> <DB=-1698489.4508> <Mlp=80597.7513> <PB=711.1> 
#<DWph=2> <it=  9> <et=0.05> <Mt= 0.00> <Spt= 0.00> <nCl= 30> <al=0.48> <DB=-2050089.6055> <Mlp=76411.4074> <PB=711.1> 
#<DWph=2> <it= 10> <et=0.06> <Mt= 0.00> <Spt= 0.00> <nCl= 30> <al=0.53> <DB=-1553054.2653> <Mlp=75637.6112> <PB=711.1> 
#<DWph=2> <it= 11> <et=0.06> <Mt= 0.00> <Spt= 0.01> <nCl= 30> <al=0.58> <DB=-1362763.2959> <Mlp=72500.5755> <PB=711.1> 
#<DWph=2> <it= 12> <et=0.07> <Mt= 0.00> <Spt= 0.00> <nCl= 30> <al=0.48> <DB=-1429655.4393> <Mlp=67240.2143> <PB=711.1> 
#<DWph=2> <it= 13> <et=0.07> <Mt= 0.00> <Spt= 0.00> <nCl= 30> <al=0.53> <DB=-1225880.6694> <Mlp=65276.2697> <PB=711.1> 
#<DWph=2> <it= 14> <et=0.07> <Mt= 0.00> <Spt= 0.01> <nCl= 30> <al=0.58> <DB=-1133805.0534> <Mlp=60742.4875> <PB=711.1> 
#<DWph=2> <it= 15> <et=0.08> <Mt= 0.00> <Spt= 0.00> <nCl= 30> <al=0.62> <DB=-1200569.5567> <Mlp=59581.0211> <PB=711.1> 
#<DWph=2> <it= 16> <et=0.08> <Mt= 0.00> <Spt= 0.00> <nCl= 30> <al=0.66> <DB=-1030001.5533> <Mlp=54663.8148> <PB=711.1> 
#<DWph=2> <it= 17> <et=0.09> <Mt= 0.00> <Spt= 0.01> <nCl= 30> <al=0.56> <DB=-969177.1331> <Mlp=53744.2715> <PB=711.1> 
#<DWph=2> <it= 18> <et=0.09> <Mt= 0.00> <Spt= 0.00> <nCl= 30> <al=0.60> <DB=-968510.0317> <Mlp=52711.1681> <PB=711.1> 
#<DWph=2> <it= 19> <et=0.09> <Mt= 0.00> <Spt= 0.00> <nCl= 30> <al=0.64> <DB=-857888.0593> <Mlp=52216.7993> <PB=711.1> 
#<DWph=2> <it= 20> <et=0.10> <Mt= 0.00> <Spt= 0.01> <nCl= 30> <al=0.68> <DB=-756775.8307> <Mlp=47093.9358> <PB=711.1> 
#<DWph=2> <it= 21> <et=0.10> <Mt= 0.00> <Spt= 0.00> <nCl= 30> <al=0.58> <DB=-668619.0411> <Mlp=41558.5316> <PB=711.1> 
#<DWph=2> <it= 22> <et=0.11> <Mt= 0.01> <Spt= 0.00> <nCl= 30> <al=0.48> <DB=-580469.5487> <Mlp=38827.7378> <PB=711.1> 
#<DWph=2> <it= 23> <et=0.11> <Mt= 0.00> <Spt= 0.01> <nCl= 30> <al=0.53> <DB=-603560.9289> <Mlp=33509.4028> <PB=711.1> 
#<DWph=2> <it= 24> <et=0.12> <Mt= 0.00> <Spt= 0.00> <nCl= 30> <al=0.58> <DB=-583828.8287> <Mlp=32925.3961> <PB=711.1> 
#<DWph=2> <it= 25> <et=0.12> <Mt= 0.00> <Spt= 0.00> <nCl= 30> <al=0.62> <DB=-572797.4613> <Mlp=29800.5786> <PB=711.1> 
#<DWph=2> <it= 26> <et=0.13> <Mt= 0.00> <Spt= 0.01> <nCl= 30> <al=0.66> <DB=-611801.4962> <Mlp=28742.7949> <PB=711.1> 
#<DWph=2> <it= 27> <et=0.13> <Mt= 0.00> <Spt= 0.00> <nCl= 30> <al=0.69> <DB=-562610.2310> <Mlp=27104.6377> <PB=711.1> 
#<DWph=2> <it= 28> <et=0.13> <Mt= 0.00> <Spt= 0.00> <nCl= 30> <al=0.72> <DB=-515425.6379> <Mlp=24314.8293> <PB=711.1> 
#<DWph=2> <it= 29> <et=0.14> <Mt= 0.01> <Spt= 0.01> <nCl= 30> <al=0.75> <DB=-485539.6848> <Mlp=19014.6896> <PB=711.1> 
#<DWph=2> <it= 30> <et=0.15> <Mt= 0.00> <Spt= 0.00> <nCl= 30> <al=0.77> <DB=-431200.8970> <Mlp=15914.0481> <PB=711.1> 
#<DWph=2> <it= 31> <et=0.15> <Mt= 0.00> <Spt= 0.00> <nCl= 30> <al=0.67> <DB=-392128.1632> <Mlp=13678.4785> <PB=711.1> 
#<DWph=2> <it= 32> <et=0.16> <Mt= 0.00> <Spt= 0.01> <nCl= 30> <al=0.71> <DB=-391079.1191> <Mlp= 5735.0176> <PB=711.1> 
#<DWph=2> <it= 33> <et=0.16> <Mt= 0.00> <Spt= 0.00> <nCl= 30> <al=0.74> <DB=-354549.5080> <Mlp= 4003.1472> <PB=711.1> 
#<DWph=2> <it= 34> <et=0.17> <Mt= 0.00> <Spt= 0.00> <nCl= 30> <al=0.76> <DB=-328841.7457> <Mlp= 3213.5648> <PB=711.1> 
#<DWph=2> <it= 35> <et=0.17> <Mt= 0.01> <Spt= 0.00> <nCl= 24> <al=0.66> <DB=-203534.1142> <Mlp= 2485.2736> <PB=711.1> 
#<DWph=2> <it= 36> <et=0.18> <Mt= 0.00> <Spt= 0.01> <nCl= 28> <al=0.56> <DB=-98822.1251> <Mlp= 2365.3930> <PB=711.1> 
#<DWph=2> <it= 37> <et=0.18> <Mt= 0.00> <Spt= 0.00> <nCl= 30> <al=0.46> <DB=-27628.7703> <Mlp= 2314.6091> <PB=711.1> 
#<DWph=2> <it= 38> <et=0.18> <Mt= 0.00> <Spt= 0.00> <nCl= 30> <al=0.36> <DB=-2908.5524> <Mlp= 2296.7197> <PB=711.1> 
<DWph=2> <it= 39> <et=0.19> <Mt= 0.00> <Spt= 0.01> <nCl= 30> <al=0.26> <DB=-27688.5233> <Mlp= 1648.5447> <PB=711.1> 
<DWph=2> <it= 40> <et=0.19> <Mt= 0.01> <Spt= 0.00> <nCl= 30> <al=0.34> <DB=-10233.4298> <Mlp= 1571.8904> <PB=711.1> 
<DWph=2> <it= 41> <et=0.20> <Mt= 0.00> <Spt= 0.00> <nCl= 30> <al=0.40> <DB=-2649.9847> <Mlp= 1429.5559> <PB=711.1> 
<DWph=2> <it= 42> <et=0.21> <Mt= 0.00> <Spt= 0.01> <nCl= 30> <al=0.46> <DB=-15029.1813> <Mlp= 1346.2983> <PB=711.1> 
<DWph=2> <it= 43> <et=0.21> <Mt= 0.00> <Spt= 0.00> <nCl= 30> <al=0.52> <DB=-5788.7325> <Mlp= 1288.1982> <PB=711.1> 
<DWph=2> <it= 44> <et=0.22> <Mt= 0.00> <Spt= 0.00> <nCl= 30> <al=0.56> <DB=-6431.9610> <Mlp= 1202.4419> <PB=711.1> 
<DWph=2> <it= 45> <et=0.22> <Mt= 0.01> <Spt= 0.01> <nCl= 30> <al=0.61> <DB=-2288.0485> <Mlp= 1186.4696> <PB=711.1> 
<DWph=2> <it= 46> <et=0.23> <Mt= 0.00> <Spt= 0.00> <nCl= 30> <al=0.65> <DB=-4006.8092> <Mlp= 1133.8763> <PB=711.1> 
<DWph=2> <it= 47> <et=0.23> <Mt= 0.00> <Spt= 0.00> <nCl= 30> <al=0.68> <DB=-2143.7686> <Mlp= 1086.0758> <PB=711.1> 
<DWph=2> <it= 48> <et=0.24> <Mt= 0.00> <Spt= 0.01> <nCl= 30> <al=0.71> <DB=-3346.0174> <Mlp= 1049.7588> <PB=711.1> 
<DWph=2> <it= 49> <et=0.24> <Mt= 0.00> <Spt= 0.00> <nCl= 30> <al=0.74> <DB=-1948.1578> <Mlp= 1004.6837> <PB=711.1> 
<DWph=2> <it= 50> <et=0.25> <Mt= 0.00> <Spt= 0.00> <nCl= 30> <al=0.77> <DB=-2374.7395> <Mlp=  957.4203> <PB=711.1> 
<DWph=2> <it= 51> <et=0.25> <Mt= 0.01> <Spt= 0.01> <nCl= 29> <al=0.79> <DB=-1979.1321> <Mlp=  901.1684> <PB=711.1> 
<DWph=2> <it= 52> <et=0.26> <Mt= 0.00> <Spt= 0.00> <nCl= 30> <al=0.69> <DB=-1317.5573> <Mlp=  864.2787> <PB=711.1> 
<DWph=2> <it= 53> <et=0.27> <Mt= 0.00> <Spt= 0.00> <nCl= 30> <al=0.72> <DB=-1268.4409> <Mlp=  810.6544> <PB=711.1> 
<DWph=2> <it= 54> <et=0.27> <Mt= 0.01> <Spt= 0.01> <nCl= 30> <al=0.75> <DB=-1513.1819> <Mlp=  762.4046> <PB=711.1> 
<DWph=2> <it= 55> <et=0.28> <Mt= 0.00> <Spt= 0.00> <nCl= 30> <al=0.78> <DB= -882.6333> <Mlp=  731.4450> <PB=711.1> 
<DWph=2> <it= 56> <et=0.28> <Mt= 0.00> <Spt= 0.00> <nCl= 28> <al=0.80> <DB= -707.0073> <Mlp=  711.8746> <PB=711.1> 
<DWph=2> <it= 57> <et=0.29> <Mt= 0.00> <Spt= 0.01> <nCl= 29> <al=0.82> <DB= -533.4625> <Mlp=  695.9314> <PB=711.1> 
<DWph=2> <it= 58> <et=0.30> <Mt= 0.00> <Spt= 0.00> <nCl= 30> <al=0.84> <DB= -319.5295> <Mlp=  689.6846> <PB=711.1> 
<DWph=2> <it= 59> <et=0.30> <Mt= 0.00> <Spt= 0.01> <nCl= 29> <al=0.85> <DB= -405.2522> <Mlp=  683.5535> <PB=711.1> 
<DWph=2> <it= 60> <et=0.31> <Mt= 0.01> <Spt= 0.00> <nCl= 29> <al=0.75> <DB=  -90.1912> <Mlp=  677.2031> <PB=711.1> 
<DWph=2> <it= 61> <et=0.31> <Mt= 0.00> <Spt= 0.00> <nCl= 26> <al=0.78> <DB=  -87.1136> <Mlp=  674.4005> <PB=711.1> 
<DWph=2> <it= 62> <et=0.32> <Mt= 0.00> <Spt= 0.01> <nCl= 30> <al=0.80> <DB=   65.5503> <Mlp=  664.7832> <PB=711.1> 
<DWph=2> <it= 63> <et=0.32> <Mt= 0.00> <Spt= 0.00> <nCl= 28> <al=0.70> <DB=  -26.5755> <Mlp=  657.1758> <PB=711.1> 
<DWph=2> <it= 64> <et=0.33> <Mt= 0.00> <Spt= 0.00> <nCl= 24> <al=0.73> <DB=  360.2414> <Mlp=  654.1642> <PB=711.1> 
<DWph=2> <it= 65> <et=0.33> <Mt= 0.01> <Spt= 0.01> <nCl= 29> <al=0.63> <DB=  343.9996> <Mlp=  648.4914> <PB=711.1> 
<DWph=2> <it= 66> <et=0.34> <Mt= 0.00> <Spt= 0.00> <nCl= 22> <al=0.67> <DB=  511.1984> <Mlp=  645.7551> <PB=711.1> 
<DWph=2> <it= 67> <et=0.34> <Mt= 0.00> <Spt= 0.00> <nCl= 24> <al=0.70> <DB=  612.8413> <Mlp=  645.7426> <PB=711.1> 
<DWph=2> <it= 68> <et=0.35> <Mt= 0.00> <Spt= 0.01> <nCl= 18> <al=0.60> <DB=  609.3520> <Mlp=  644.9289> <PB=711.1> 
<DWph=2> <it= 69> <et=0.35> <Mt= 0.00> <Spt= 0.00> <nCl= 18> <al=0.64> <DB=  610.6793> <Mlp=  644.6971> <PB=711.1> 
<DWph=2> <it= 70> <et=0.36> <Mt= 0.00> <Spt= 0.00> <nCl= 15> <al=0.54> <DB=  609.2100> <Mlp=  643.6819> <PB=711.1> 
<DWph=2> <it= 71> <et=0.36> <Mt= 0.00> <Spt= 0.01> <nCl= 24> <al=0.44> <DB=  388.5001> <Mlp=  640.8786> <PB=711.1> 
<DWph=2> <it= 72> <et=0.36> <Mt= 0.00> <Spt= 0.00> <nCl= 18> <al=0.50> <DB=  599.4952> <Mlp=  639.3786> <PB=711.1> 
<DWph=2> <it= 73> <et=0.37> <Mt= 0.01> <Spt= 0.00> <nCl= 17> <al=0.55> <DB=  610.4107> <Mlp=  639.2473> <PB=711.1> 
<DWph=2> <it= 74> <et=0.37> <Mt= 0.00> <Spt= 0.01> <nCl= 13> <al=0.59> <DB=  614.7534> <Mlp=  638.7937> <PB=711.1> 
<DWph=2> <it= 75> <et=0.38> <Mt= 0.00> <Spt= 0.00> <nCl= 15> <al=0.49> <DB=  619.1515> <Mlp=  638.6500> <PB=711.1> 
<DWph=2> <it= 76> <et=0.38> <Mt= 0.00> <Spt= 0.00> <nCl= 16> <al=0.54> <DB=  590.9735> <Mlp=  638.4833> <PB=711.1> 
<DWph=2> <it= 77> <et=0.39> <Mt= 0.00> <Spt= 0.01> <nCl= 13> <al=0.59> <DB=  617.0032> <Mlp=  638.0750> <PB=711.1> 
<DWph=2> <it= 78> <et=0.39> <Mt= 0.00> <Spt= 0.00> <nCl=  9> <al=0.63> <DB=  624.0238> <Mlp=  637.8357> <PB=711.1> 
<DWph=2> <it= 79> <et=0.40> <Mt= 0.00> <Spt= 0.00> <nCl=  5> <al=0.67> <DB=  628.4760> <Mlp=  637.3757> <PB=711.1> 
<DWph=2> <it= 80> <et=0.40> <Mt= 0.00> <Spt= 0.01> <nCl=  9> <al=0.57> <DB=  625.6143> <Mlp=  637.3757> <PB=711.1> 
<DWph=2> <it= 81> <et=0.40> <Mt= 0.00> <Spt= 0.00> <nCl=  8> <al=0.61> <DB=  635.0100> <Mlp=  637.3757> <PB=711.1> 
<DWph=2> <it= 82> <et=0.41> <Mt= 0.00> <Spt= 0.00> <nCl=  8> <al=0.51> <DB=  620.7814> <Mlp=  637.3757> <PB=711.1> 
<DWph=2> <it= 83> <et=0.41> <Mt= 0.00> <Spt= 0.01> <nCl=  5> <al=0.56> <DB=  631.3946> <Mlp=  637.3757> <PB=711.1> 
<DWph=2> <it= 84> <et=0.42> <Mt= 0.01> <Spt= 0.00> <nCl= 12> <al=0.21> <DB=  636.2574> <Mlp=  637.3757> <PB=711.1> 
<DWph=2> <it= 85> <et=0.43> <Mt= 0.00> <Spt= 0.01> <nCl= 11> <al=0.00> <DB=  637.3757> <Mlp=  637.3757> <PB=711.1> 
<DWph=1> <it= 86> <et=0.44> <Mt= 0.00> <Spt= 0.01> <nCl= 21> <al=0.40> <DB=  619.8757> <Mlp=  637.3757> <PB=711.1> 
<DWph=1> <it= 87> <et=0.44> <Mt= 0.00> <Spt= 0.00> <nCl= 14> <al=0.46> <DB=  623.3321> <Mlp=  637.2946> <PB=711.1> 
<DWph=1> <it= 88> <et=0.45> <Mt= 0.00> <Spt= 0.01> <nCl=  8> <al=0.52> <DB=  622.6608> <Mlp=  637.1865> <PB=711.1> 
<DWph=1> <it= 89> <et=0.46> <Mt= 0.00> <Spt= 0.01> <nCl=  5> <al=0.56> <DB=  627.2922> <Mlp=  637.1532> <PB=711.1> 
<DWph=1> <it= 90> <et=0.46> <Mt= 0.00> <Spt= 0.00> <nCl=  6> <al=0.46> <DB=  630.2001> <Mlp=  637.1532> <PB=711.1> 
<DWph=1> <it= 91> <et=0.47> <Mt= 0.00> <Spt= 0.01> <nCl=  3> <al=0.52> <DB=  633.5046> <Mlp=  637.0604> <PB=711.1> 
<DWph=1> <it= 92> <et=0.48> <Mt= 0.00> <Spt= 0.00> <nCl=  5> <al=0.42> <DB=  633.4520> <Mlp=  637.0604> <PB=711.1> 
<DWph=1> <it= 93> <et=0.48> <Mt= 0.00> <Spt= 0.01> <nCl=  4> <al=0.48> <DB=  633.2979> <Mlp=  637.0604> <PB=711.1> 
<DWph=1> <it= 94> <et=0.49> <Mt= 0.00> <Spt= 0.01> <nCl=  2> <al=0.38> <DB=  635.5353> <Mlp=  637.0604> <PB=711.1> 
<DWph=1> <it= 95> <et=0.50> <Mt= 0.01> <Spt= 0.01> <nCl=  7> <al=0.00> <DB=  637.0495> <Mlp=  637.0495> <PB=711.1> 
    RCSP exact solver info for graph G_1 : TT = 0.024074, pt = 1e-05, dt = 0.020794, ct = 0.002931, ndl = 6', bdl = 174', odl = 3', odf = 29', bsi = 1', cnt = 228', bdch = 2455', odch = 120', lcp = 102', #sols = 150
<DWph=0> <it= 96> <et=0.53> <Mt= 0.00> <Spt= 0.02> <nCl=150> <al=0.18> <DB=  620.2539> <Mlp=  637.0495> <PB=711.1> 
    RCSP exact solver info for graph G_1 : TT = 0.021931, pt = 2.7e-05, dt = 0.018194, ct = 0.003386, ndl = 6', bdl = 187', odl = 3', odf = 33', bsi = 2', cnt = 340', bdch = 2633', odch = 166', lcp = 134', #sols = 150
<DWph=0> <it= 97> <et=0.56> <Mt= 0.00> <Spt= 0.03> <nCl=150> <al=0.08> <DB=  607.1839> <Mlp=  636.7439> <PB=711.1> 
    RCSP exact solver info for graph G_1 : TT = 0.025391, pt = 2.1e-05, dt = 0.021544, ct = 0.003484, ndl = 7', bdl = 201', odl = 3', odf = 34', bsi = 1', cnt = 283', bdch = 3355', odch = 168', lcp = 163', #sols = 150
<DWph=0> <it= 98> <et=0.59> <Mt= 0.00> <Spt= 0.03> <nCl=150> <al=0.17> <DB=  619.8140> <Mlp=  636.3475> <PB=711.1> 
    RCSP exact solver info for graph G_1 : TT = 0.024258, pt = 2.4e-05, dt = 0.020278, ct = 0.003628, ndl = 7', bdl = 199', odl = 3', odf = 34', bsi = 1', cnt = 350', bdch = 3196', odch = 183', lcp = 158', #sols = 150
<DWph=0> <it= 99> <et=0.62> <Mt= 0.00> <Spt= 0.02> <nCl=128> <al=0.25> <DB=  623.7128> <Mlp=  636.2096> <PB=711.1> 
    RCSP exact solver info for graph G_1 : TT = 0.023461, pt = 2.2e-05, dt = 0.019614, ct = 0.003501, ndl = 7', bdl = 196', odl = 3', odf = 34', bsi = 1', cnt = 345', bdch = 3051', odch = 176', lcp = 144', #sols = 150
<DWph=0> <it=100> <et=0.64> <Mt= 0.00> <Spt= 0.03> <nCl= 40> <al=0.33> <DB=  631.9513> <Mlp=  635.9498> <PB=711.1> 
    RCSP exact solver info for graph G_1 : TT = 0.023926, pt = 2.1e-05, dt = 0.019988, ct = 0.003605, ndl = 7', bdl = 200', odl = 3', odf = 34', bsi = 1', cnt = 363', bdch = 3145', odch = 183', lcp = 149', #sols = 150
<DWph=0> <it=101> <et=0.67> <Mt= 0.00> <Spt= 0.03> <nCl= 73> <al=0.23> <DB=  630.5813> <Mlp=  635.9348> <PB=711.1> 
    RCSP exact solver info for graph G_1 : TT = 0.024272, pt = 2.1e-05, dt = 0.020263, ct = 0.003651, ndl = 7', bdl = 203', odl = 3', odf = 35', bsi = 1', cnt = 375', bdch = 3218', odch = 185', lcp = 149', #sols = 150
    RCSP exact solver info for graph G_1 : TT = 0.022002, pt = 2.1e-05, dt = 0.018384, ct = 0.003297, ndl = 6', bdl = 186', odl = 3', odf = 32', bsi = 1', cnt = 287', bdch = 2783', odch = 145', lcp = 124', #sols = 150
<DWph=0> <it=102> <et=0.72> <Mt= 0.00> <Spt= 0.05> <nCl= 80> <al=0.00> <DB=  635.9348> <Mlp=  635.9348> <PB=711.1> 
Dynamic params and stats :  aver.obdmd = 23.7368 aver.buck.num. = 26
@@ 1 0 635.935 0.0233178 0.025028 87.1741 0.72
Labels distribution in buckets (bucket size) : largest - 91, top 0.1% - 91, top 0.5% - 84, top 2% - 61, top 10% - 32, top 50% - 3
Reduced cost fixing for graph G_1... 53112 buck. arcs remain (80.1% from prev., 69.8% from max.) + 5387 jump buck. arcs (7.08% from max.)
 TT = 0.15054, pt = 0.011237, dt = 0.092891, ct = 0.046252, ndl = 28', bdl = 838', odl = 4', odf = 106', lpcb = 279', cnt = 1954', bdch = 19043', odch = 1806', lcp = 932'
Labels distribution in buckets (bucket size) : largest - 113, top 0.1% - 113, top 0.5% - 91, top 2% - 69, top 10% - 35, top 50% - 3
Run forward enumeration with border = 50... not succeeded (ratio 0.966703) lpt = 0.008348, ndl = 12', dl = 0', lpcb = 8', dch = 8'
 TT = 0.011374, pt = 0.001972, dt = 0.008348, ct = 0, ndl = 12', bdl = 0', lpcb = 8', cnt = 97', bdch = 8', odch = 0', lcp = 0'
ColGenEvalAlg final dual bound: 635.935 (rounded: 636)
In total 8 RCC cut(s) are found by the connected components heuristic 
Shrinking heuristic shrunk 23 edges
In total 6 RCC cut(s) are found by the Fractional capacity min-cut heuristic 
In total 5 RCC cut(s) are found by the greedy construction heuristic 
----- Add fac. cuts : CAP(19), max.viol = 0.941667, aver.viol = 0.276419, sep/add took 0.00338817/0.0165951 sec. -----
3049 columns (3049 active), 19 dyn. constrs. (19 active), 131 art. vars. (131 active)
<DWph=2> <it=  1> <et=0.92> <Mt= 0.01> <Spt= 0.00> <nCl= 26> <al=0.50> <DB=  668.7647> <Mlp=  739.6880> <PB=711.1> 
<DWph=2> <it=  2> <et=0.92> <Mt= 0.00> <Spt= 0.00> <nCl= 30> <al=0.55> <DB= -191.1327> <Mlp=  737.6966> <PB=711.1> 
<DWph=2> <it=  3> <et=0.93> <Mt= 0.01> <Spt= 0.01> <nCl= 28> <al=0.60> <DB=  650.6498> <Mlp=  707.7333> <PB=711.1> 
<DWph=2> <it=  4> <et=0.95> <Mt= 0.01> <Spt= 0.00> <nCl= 19> <al=0.64> <DB=  682.9494> <Mlp=  707.2709> <PB=711.1> 
<DWph=2> <it=  5> <et=0.95> <Mt= 0.00> <Spt= 0.00> <nCl= 24> <al=0.54> <DB=  690.0025> <Mlp=  706.6000> <PB=711.1> 
<DWph=2> <it=  6> <et=0.96> <Mt= 0.00> <Spt= 0.01> <nCl= 14> <al=0.58> <DB=  696.7739> <Mlp=  706.2000> <PB=711.1> 
<DWph=2> <it=  7> <et=0.96> <Mt= 0.01> <Spt= 0.00> <nCl= 26> <al=0.48> <DB=  693.3241> <Mlp=  706.2000> <PB=711.1> 
<DWph=2> <it=  8> <et=0.97> <Mt= 0.00> <Spt= 0.00> <nCl= 19> <al=0.53> <DB=  692.9500> <Mlp=  705.1930> <PB=711.1> 
<DWph=2> <it=  9> <et=0.98> <Mt= 0.00> <Spt= 0.01> <nCl= 10> <al=0.58> <DB=  700.7551> <Mlp=  703.7500> <PB=711.1> 
<DWph=2> <it= 10> <et=0.98> <Mt= 0.01> <Spt= 0.00> <nCl= 13> <al=0.48> <DB=  697.8108> <Mlp=  703.5000> <PB=711.1> 
<DWph=2> <it= 11> <et=0.99> <Mt= 0.00> <Spt= 0.00> <nCl= 13> <al=0.53> <DB=  702.2339> <Mlp=  703.5000> <PB=711.1> 
<DWph=2> <it= 12> <et=0.99> <Mt= 0.00> <Spt= 0.01> <nCl=  7> <al=0.43> <DB=  702.8539> <Mlp=  703.5000> <PB=711.1> 
<DWph=2> <it= 13> <et=1.00> <Mt= 0.00> <Spt= 0.00> <nCl=  6> <al=0.49> <DB=  701.7004> <Mlp=  703.5000> <PB=711.1> 
<DWph=2> <it= 14> <et=1.01> <Mt= 0.00> <Spt= 0.00> <nCl=  7> <al=0.08> <DB=  699.3733> <Mlp=  703.5000> <PB=711.1> 
<DWph=2> <it= 15> <et=1.01> <Mt= 0.01> <Spt= 0.01> <nCl=  1> <al=0.44> <DB=  703.3989> <Mlp=  703.5000> <PB=711.1> 
<DWph=2> <it= 16> <et=1.02> <Mt= 0.00> <Spt= 0.00> <nCl=  1> <al=0.34> <DB=  703.4653> <Mlp=  703.5000> <PB=711.1> 
<DWph=2> <it= 17> <et=1.02> <Mt= 0.00> <Spt= 0.01> <nCl=  8> <al=0.00> <DB=  693.0000> <Mlp=  703.5000> <PB=711.1> 
<DWph=2> <it= 18> <et=1.03> <Mt= 0.00> <Spt= 0.00> <nCl=  4> <al=0.00> <DB=  703.5000> <Mlp=  703.5000> <PB=711.1> 
<DWph=1> <it= 19> <et=1.04> <Mt= 0.00> <Spt= 0.01> <nCl= 13> <al=0.21> <DB=  693.0000> <Mlp=  703.5000> <PB=711.1> 
<DWph=1> <it= 20> <et=1.05> <Mt= 0.00> <Spt= 0.00> <nCl=  5> <al=0.11> <DB=  699.4094> <Mlp=  703.5000> <PB=711.1> 
<DWph=1> <it= 21> <et=1.05> <Mt= 0.01> <Spt= 0.01> <nCl=  5> <al=0.01> <DB=  698.8106> <Mlp=  703.5000> <PB=711.1> 
<DWph=1> <it= 22> <et=1.06> <Mt= 0.00> <Spt= 0.00> <nCl=  6> <al=0.11> <DB=  697.1817> <Mlp=  703.5000> <PB=711.1> 
<DWph=1> <it= 23> <et=1.07> <Mt= 0.00> <Spt= 0.01> <nCl=  1> <al=0.20> <DB=  701.6547> <Mlp=  703.5000> <PB=711.1> 
<DWph=1> <it= 24> <et=1.07> <Mt= 0.00> <Spt= 0.00> <nCl=  1> <al=0.10> <DB=  701.7880> <Mlp=  703.5000> <PB=711.1> 
<DWph=1> <it= 25> <et=1.09> <Mt= 0.00> <Spt= 0.01> <nCl=  5> <al=0.00> <DB=  703.5000> <Mlp=  703.5000> <PB=711.1> 
    RCSP exact solver info for graph G_1 : TT = 0.013423, pt = 1.1e-05, dt = 0.010862, ct = 0.002267, ndl = 4', bdl = 107', odl = 3', odf = 28', bsi = 1', cnt = 154', bdch = 1174', odch = 89', lcp = 54', #sols = 150
<DWph=0> <it= 26> <et=1.10> <Mt= 0.00> <Spt= 0.02> <nCl=142> <al=0.09> <DB=  698.2500> <Mlp=  703.5000> <PB=711.1> 
    RCSP exact solver info for graph G_1 : TT = 0.013031, pt = 2e-05, dt = 0.010602, ct = 0.002118, ndl = 4', bdl = 104', odl = 3', odf = 27', bsi = 1', cnt = 123', bdch = 1113', odch = 81', lcp = 48', #sols = 150
<DWph=0> <it= 27> <et=1.12> <Mt= 0.01> <Spt= 0.02> <nCl= 73> <al=0.00> <DB=  703.5000> <Mlp=  703.5000> <PB=711.1> 
Dynamic params and stats :  aver.obdmd = 23.7368 aver.buck.num. = 26
@@ 1 1 703.5 0.0129245 0.013129 69.8245 1.12
Labels distribution in buckets (bucket size) : largest - 50, top 0.1% - 50, top 0.5% - 45, top 2% - 34, top 10% - 20, top 50% - 2
Reduced cost fixing for graph G_1... 15159 buck. arcs remain (28.5% from prev., 19.9% from max.) + 5310 jump buck. arcs (6.98% from max.)
 TT = 0.035882, pt = 0.005671, dt = 0.015322, ct = 0.014755, ndl = 15', bdl = 147', odl = 3', odf = 65', lpcb = 373', cnt = 386', bdch = 1970', odch = 380', lcp = 156'
Labels distribution in buckets (bucket size) : largest - 59, top 0.1% - 59, top 0.5% - 47, top 2% - 36, top 10% - 23, top 50% - 2
Run forward enumeration with border = 50... succeeded! lpt = 0.232741, ndl = 73', dl = 50', lpcb = 1004', dch = 355'
Run enumeration concatenation with time limit 0.3822 sec.... succeeded!
Sorting and storing enumerated solutions ... done!
 TT = 0.714344, pt = 0, dt = 0.232741, ct = 0.379943, ndl = 73', bdl = 50', lpcb = 1004', cnt = 4129', bdch = 355', odch = 0', lcp = 0'
Enumeration succeeded!, number of elem. solutions is 41681
Estimating inspection time...     TT = 0.002487, performed by inspection with 41681 solutions, nbR1C = 0, nbDiscC = 0
Inspection time is low enough. Pricing will be done by inspection.
Added 830 columns in the formulation 
Removed 2726 columns (not in the enumerated set) from the formulation
Regenerated 830 columns with the 'enumerated' flag
<DWph=2> <it= 28> <et=1.91> <Mt= 0.00> <Spt= 0.00> <nCl=  0> <al=0.00> <DB=  703.5000> <Mlp=  703.5000> <PB=711.1> 
<DWph=1> <it= 29> <et=1.91> <Mt= 0.00> <Spt= 0.00> <nCl=  0> <al=0.00> <DB=  703.5000> <Mlp=  703.5000> <PB=711.1> 
<DWph=0> <it= 30> <et=1.91> <Mt= 0.00> <Spt= 0.00> <nCl=  0> <al=0.30> <DB=  703.5000> <Mlp=  703.5000> <PB=711.1> 
@@ 1 1 703.5 0 0 0 1.91
ColGenEvalAlg final dual bound: 703.5 (rounded: 704)
False gap improvement since the last cut separation : 1.06245 (635.935)
Current active cuts : CAP(5,1073.5)
In total 7 RCC cut(s) are found by the connected components heuristic 
Shrinking heuristic shrunk 42 edges
In total 1 RCC cut(s) are found by the global pool greedy search heuristic 
----- Add fac. cuts : CAP(8), max.viol = 0.75, aver.viol = 0.75, sep/add took 0.000795708/0.00570461 sec. -----
3879 columns (830 active), 27 dyn. constrs. (27 active), 139 art. vars. (139 active)
<DWph=2> <it=  1> <et=1.93> <Mt= 0.00> <Spt= 0.00> <nCl=  0> <al=0.00> <DB=  707.6667> <Mlp=  707.6667> <PB=711.1> 
<DWph=1> <it=  2> <et=1.93> <Mt= 0.00> <Spt= 0.00> <nCl=  0> <al=0.00> <DB=  707.6667> <Mlp=  707.6667> <PB=711.1> 
    TT = 0.001421, performed by inspection with 41681 solutions, nbR1C = 0, nbDiscC = 0
<DWph=0> <it=  3> <et=1.94> <Mt= 0.00> <Spt= 0.01> <nCl=150> <al=0.30> <DB=-5430.4797> <Mlp=  707.6667> <PB=711.1> 
    TT = 0.001418, performed by inspection with 41681 solutions, nbR1C = 0, nbDiscC = 0
<DWph=0> <it=  4> <et=1.95> <Mt= 0.00> <Spt= 0.00> <nCl=112> <al=0.20> <DB= -668.3333> <Mlp=  707.6667> <PB=711.1> 
    TT = 0.001439, performed by inspection with 41681 solutions, nbR1C = 0, nbDiscC = 0
<DWph=0> <it=  5> <et=1.95> <Mt= 0.01> <Spt= 0.01> <nCl= 95> <al=0.20> <DB=  671.1864> <Mlp=  705.3000> <PB=711.1> 
    TT = 0.001356, performed by inspection with 41681 solutions, nbR1C = 0, nbDiscC = 0
<DWph=0> <it=  6> <et=1.96> <Mt= 0.00> <Spt= 0.00> <nCl=115> <al=0.10> <DB=  685.2058> <Mlp=  705.0000> <PB=711.1> 
    TT = 0.001344, performed by inspection with 41681 solutions, nbR1C = 0, nbDiscC = 0
<DWph=0> <it=  7> <et=1.97> <Mt= 0.00> <Spt= 0.01> <nCl= 76> <al=0.19> <DB=  699.4306> <Mlp=  705.0000> <PB=711.1> 
    TT = 0.001329, performed by inspection with 41681 solutions, nbR1C = 0, nbDiscC = 0
<DWph=0> <it=  8> <et=1.98> <Mt= 0.01> <Spt= 0.00> <nCl= 17> <al=0.27> <DB=  703.7058> <Mlp=  705.0000> <PB=711.1> 
    TT = 0.001324, performed by inspection with 41681 solutions, nbR1C = 0, nbDiscC = 0
    TT = 0.001313, performed by inspection with 41681 solutions, nbR1C = 0, nbDiscC = 0
<DWph=0> <it=  9> <et=1.98> <Mt= 0.00> <Spt= 0.01> <nCl=  5> <al=0.00> <DB=  705.0000> <Mlp=  705.0000> <PB=711.1> 
Dynamic params and stats :  aver.obdmd = 23.7368 aver.buck.num. = 26
@@ 1 2 705 0.001368 0.001439 0 1.98
Reduced cost fixing for graph G_1...  took 0 sec., done by inspection with 41681 solutions, remains 13824 (33.2%)
Removed 167 columns (not in the enumerated set) from the formulation
ColGenEvalAlg final dual bound: 705 (rounded: 705)
Gap improvement since the last cut separation : 0.197368 (703.5)
Current active cuts : CAP(8,1335.98)
In total 3 RCC cut(s) are found by the connected components heuristic 
Shrinking heuristic shrunk 40 edges
In total 1 RCC cut(s) are found by the Fractional capacity min-cut heuristic 
In total 3 RCC cut(s) are found by the greedy construction heuristic 
----- Add fac. cuts : CAP(7), max.viol = 0.5, aver.viol = 0.392857, sep/add took 0.000880345/0.00368599 sec. -----
1371 columns (1233 active), 34 dyn. constrs. (16 active), 146 art. vars. (128 active)
<DWph=2> <it=  1> <et=2.03> <Mt= 0.00> <Spt= 0.00> <nCl=  0> <al=0.00> <DB=  705.0000> <Mlp=  705.0000> <PB=711.1> 
<DWph=1> <it=  2> <et=2.03> <Mt= 0.00> <Spt= 0.00> <nCl=  0> <al=0.00> <DB=  705.0000> <Mlp=  705.0000> <PB=711.1> 
<DWph=0> <it=  3> <et=2.03> <Mt= 0.00> <Spt= 0.00> <nCl=  0> <al=0.30> <DB=  705.0000> <Mlp=  705.0000> <PB=711.1> 
@@ 1 3 705 0 0 0 2.03
ColGenEvalAlg final dual bound: 705 (rounded: 705)
Gap improvement since the last cut separation : 5.40478e-13 (705)
Cut generation tailing off counter increased to 1
Current active cuts : CAP(8,1335.98)
Shrinking heuristic shrunk 41 edges
Building structures for heuristic rank-1 packing cut separation...done!
----- Add fac. cuts : sep. took 0.106406 sec.----- no cuts found  -----
Current active cuts : CAP(8,1335.98)
**** Strong branching phase 1 is started *****
SB phase 1 cand.  1 branch on EDGE[0,19] (lhs=0.5000) : [  706.4017,   707.0000], score = 2.80      <et=2.16>
SB phase 1 cand.  2 branch on EDGE[0,21] (lhs=0.5000) : [  705.7778,   707.0000], score = 1.56      <et=2.17>
SB phase 1 cand.  3 branch on EDGE[0,45] (lhs=0.5000) : [  705.0000,   706.0000], score = 0.00      <et=2.18>
SB phase 1 cand.  4 branch on EDGE[1,21] (lhs=0.5000) : [  705.3333,   707.6795], score = 0.89      <et=2.18>
SB phase 1 cand.  5 branch on EDGE[1,52] (lhs=0.5000) : [  705.1000,   706.5600], score = 0.16      <et=2.19>
SB phase 1 cand.  6 branch on EDGE[3,36] (lhs=0.5000) : [  706.0800,   706.4167], score = 1.53      <et=2.2>
SB phase 1 cand.  7 branch on EDGE[7,19] (lhs=0.5000) : [  706.6250,   707.0000], score = 3.25      <et=2.21>
SB phase 1 cand.  8 branch on EDGE[7,37] (lhs=0.5000) : [  705.6429,   707.0000], score = 1.29      <et=2.21>
SB phase 1 cand.  9 branch on EDGE[15,24] (lhs=0.5000): [  705.6429,   707.0000], score = 1.29      <et=2.22>
SB phase 1 cand. 10 branch on EDGE[15,37] (lhs=0.5000): [  705.8947,   706.0000], score = 0.89      <et=2.23>
SB phase 1 cand. 11 branch on EDGE[24,42] (lhs=0.5000): [  705.6087,   706.0000], score = 0.61      <et=2.23>
SB phase 1 cand. 12 branch on EDGE[27,35] (lhs=0.5000): [  705.0000,   707.0000], score = 0.00      <et=2.24>
SB phase 1 cand. 13 branch on EDGE[27,52] (lhs=0.5000): [  705.3333,   706.1111], score = 0.37      <et=2.24>
SB phase 1 cand. 14 branch on EDGE[32,48] (lhs=0.5000): [  705.5789,   705.7778], score = 0.45      <et=2.25>
SB phase 1 cand. 15 branch on EDGE[35,48] (lhs=0.5000): [  705.6000,   706.0000], score = 0.60      <et=2.26>
SB phase 1 cand. 16 branch on EDGE[41,42] (lhs=0.5000): [  705.8750,   711.0000], score = 5.25      <et=2.27>
SB phase 1 cand. 17 branch on EDGE[41,45] (lhs=0.5000): [  705.5000,   707.0000], score = 1.00      <et=2.28>
SB phase 1 cand. 18 branch on EDGE[0,2] (lhs=0.5000)  : [  705.5000,   707.0854], score = 1.04      <et=2.29>
SB phase 1 cand. 19 branch on EDGE[0,13] (lhs=0.5000) : [  705.7000,   706.5000], score = 1.05      <et=2.29>
SB phase 1 cand. 20 branch on EDGE[2,54] (lhs=0.5000) : [  705.0000,   705.6333], score = 0.00      <et=2.3>
SB phase 1 cand. 21 branch on EDGE[30,31] (lhs=0.5000): [  705.0000,   705.6333], score = 0.00      <et=2.3>
SB phase 1 cand. 22 branch on EDGE[33,49] (lhs=0.5000): [  705.7500,   707.0000], score = 1.50      <et=2.31>
SB phase 1 cand. 23 branch on EDGE[0,48] (lhs=0.5000) : [  705.6000,   705.8333], score = 0.50      <et=2.32>
SB phase 1 cand. 24 branch on EDGE[3,13] (lhs=0.5000) : [  705.7000,   706.8750], score = 1.31      <et=2.32>
SB phase 1 cand. 25 branch on EDGE[32,49] (lhs=0.5000): [  705.7059,   707.0000], score = 1.41      <et=2.33>
SB phase 1 cand. 26 branch on EDGE[36,48] (lhs=0.5000): [  705.5789,   706.3636], score = 0.79      <et=2.34>
SB phase 1 cand. 27 branch on EDGE[0,33] (lhs=0.5000) : [  705.6333,   707.0000], score = 1.27      <et=2.35>
SB phase 1 cand. 28 branch on EDGE[2,19] (lhs=0.5000) : [  707.0000,   707.0854], score = 4.17      <et=2.36>
SB phase 1 cand. 29 branch on EDGE[2,30] (lhs=0.5000) : [  705.5000,   705.6333], score = 0.32      <et=2.36>
SB phase 1 cand. 30 branch on EDGE[19,25] (lhs=0.5000): [  706.1500,   707.0000], score = 2.30      <et=2.37>
SB phase 1 cand. 31 branch on EDGE[31,54] (lhs=0.5000): [  705.5000,   705.6333], score = 0.32      <et=2.38>
SB phase 1 cand. 32 branch on EDGE[0,25] (lhs=1.5000) : [  706.7000,   710.5000], score = 9.35      <et=2.39>
**** Strong branching phase 2 is started *****
    TT = 0.000501, performed by inspection with 13824 solutions, nbR1C = 0, nbDiscC = 0
    TT = 0.000481, performed by inspection with 13824 solutions, nbR1C = 0, nbDiscC = 0
    TT = 0.000449, performed by inspection with 13824 solutions, nbR1C = 0, nbDiscC = 0
    TT = 0.000434, performed by inspection with 13824 solutions, nbR1C = 0, nbDiscC = 0
    TT = 0.000423, performed by inspection with 13824 solutions, nbR1C = 0, nbDiscC = 0
    TT = 0.00043, performed by inspection with 13824 solutions, nbR1C = 0, nbDiscC = 0
Dynamic params and stats :  aver.obdmd = 23.7368 aver.buck.num. = 26
<DWph=0> <it=  7> <et=2.42> <Mt= 0.01> <Spt= 0.02> <nCl=323> <al=0.00> <DB=  709.2958> <Mlp=  709.2958> <PB=711.1> 
    TT = 0.000464, performed by inspection with 13824 solutions, nbR1C = 0, nbDiscC = 0
    TT = 0.000471, performed by inspection with 13824 solutions, nbR1C = 0, nbDiscC = 0
    TT = 0.000465, performed by inspection with 13824 solutions, nbR1C = 0, nbDiscC = 0
    TT = 0.000429, performed by inspection with 13824 solutions, nbR1C = 0, nbDiscC = 0
    TT = 0.000426, performed by inspection with 13824 solutions, nbR1C = 0, nbDiscC = 0
    TT = 0.000417, performed by inspection with 13824 solutions, nbR1C = 0, nbDiscC = 0
Dynamic params and stats :  aver.obdmd = 23.7368 aver.buck.num. = 26
<DWph=0> <it=  6> <et=2.47> <Mt= 0.02> <Spt= 0.02> <nCl=367> <al=0.00> <DB=  706.7000> <Mlp=  706.7000> <PB=711.1> 
SB phase 2 cand.  1 branch on EDGE[0,25] (lhs=1.5000) : [  706.7000,   709.2958], score = 7.30      <et=2.47>
    TT = 0.000478, performed by inspection with 13824 solutions, nbR1C = 0, nbDiscC = 0
    TT = 0.000461, performed by inspection with 13824 solutions, nbR1C = 0, nbDiscC = 0
    TT = 0.000447, performed by inspection with 13824 solutions, nbR1C = 0, nbDiscC = 0
    TT = 0.000426, performed by inspection with 13824 solutions, nbR1C = 0, nbDiscC = 0
    TT = 0.00041, performed by inspection with 13824 solutions, nbR1C = 0, nbDiscC = 0
    TT = 0.000411, performed by inspection with 13824 solutions, nbR1C = 0, nbDiscC = 0
Dynamic params and stats :  aver.obdmd = 23.7368 aver.buck.num. = 26
<DWph=0> <it=  7> <et=2.50> <Mt= 0.01> <Spt= 0.01> <nCl=278> <al=0.00> <DB=  706.1429> <Mlp=  706.1429> <PB=711.1> 
    TT = 0.000456, performed by inspection with 13824 solutions, nbR1C = 0, nbDiscC = 0
    TT = 0.000436, performed by inspection with 13824 solutions, nbR1C = 0, nbDiscC = 0
    TT = 0.00043, performed by inspection with 13824 solutions, nbR1C = 0, nbDiscC = 0
    TT = 0.000426, performed by inspection with 13824 solutions, nbR1C = 0, nbDiscC = 0
    TT = 0.000414, performed by inspection with 13824 solutions, nbR1C = 0, nbDiscC = 0
    TT = 0.000408, performed by inspection with 13824 solutions, nbR1C = 0, nbDiscC = 0
Dynamic params and stats :  aver.obdmd = 23.7368 aver.buck.num. = 26
<DWph=0> <it=  7> <et=2.54> <Mt= 0.01> <Spt= 0.02> <nCl=237> <al=0.00> <DB=  705.8000> <Mlp=  705.8000> <PB=711.1> 
SB phase 2 cand.  2 branch on EDGE[41,42] (lhs=0.5000): [  705.8000,   706.1429], score = 0.91      <et=2.55>
    TT = 0.000468, performed by inspection with 13824 solutions, nbR1C = 0, nbDiscC = 0
    TT = 0.000465, performed by inspection with 13824 solutions, nbR1C = 0, nbDiscC = 0
    TT = 0.000444, performed by inspection with 13824 solutions, nbR1C = 0, nbDiscC = 0
    TT = 0.000427, performed by inspection with 13824 solutions, nbR1C = 0, nbDiscC = 0
    TT = 0.000422, performed by inspection with 13824 solutions, nbR1C = 0, nbDiscC = 0
    TT = 0.000417, performed by inspection with 13824 solutions, nbR1C = 0, nbDiscC = 0
    TT = 0.000417, performed by inspection with 13824 solutions, nbR1C = 0, nbDiscC = 0
Dynamic params and stats :  aver.obdmd = 23.7368 aver.buck.num. = 26
<DWph=0> <it=  7> <et=2.59> <Mt= 0.02> <Spt= 0.02> <nCl=407> <al=0.00> <DB=  706.2500> <Mlp=  706.2500> <PB=711.1> 
    TT = 0.000446, performed by inspection with 13824 solutions, nbR1C = 0, nbDiscC = 0
    TT = 0.000437, performed by inspection with 13824 solutions, nbR1C = 0, nbDiscC = 0
    TT = 0.000423, performed by inspection with 13824 solutions, nbR1C = 0, nbDiscC = 0
Dynamic params and stats :  aver.obdmd = 23.7368 aver.buck.num. = 26
<DWph=0> <it=  4> <et=2.61> <Mt= 0.00> <Spt= 0.01> <nCl= 98> <al=0.00> <DB=  707.0000> <Mlp=  707.0000> <PB=707> 
SB phase 2 cand.  3 branch on EDGE[2,19] (lhs=0.5000) : [  706.2500,   707.0000], score = 2.50      <et=2.62>
**** Strong branching phase 3 is started *****
**** SB phase 3 evaluation of candidate 1, branch 1 ( EDGE[0,25] >= 2 ), value = 709.296
<DWph=2> <it=  1> <et=2.63> <Mt= 0.01> <Spt= 0.00> <nCl=  0> <al=0.00> <DB=  709.2958> <Mlp=  709.2958> <PB=707> 
<DWph=1> <it=  2> <et=2.63> <Mt= 0.00> <Spt= 0.00> <nCl=  0> <al=0.00> <DB=  709.2958> <Mlp=  709.2958> <PB=707> 
    TT = 0.000473, performed by inspection with 13824 solutions, nbR1C = 0, nbDiscC = 0
    TT = 0.000462, performed by inspection with 13824 solutions, nbR1C = 0, nbDiscC = 0
<DWph=0> <it=  3> <et=2.64> <Mt= 0.00> <Spt= 0.01> <nCl=  0> <al=0.00> <DB=  709.2958> <Mlp=  709.2958> <PB=707> 
Dynamic params and stats :  aver.obdmd = 23.7368 aver.buck.num. = 26
@@ 72 0 709.296 0.0004675 0.000473 0 2.64
ColGenEvalAlg final dual bound: 709.296 (rounded: 710)
Current active cuts : CAP(6,1428.89)
**** SB phase 3 evaluation of candidate 1, branch 2 ( EDGE[0,25] <= 1 ), value = 706.7
<DWph=2> <it=  1> <et=2.67> <Mt= 0.00> <Spt= 0.00> <nCl=  0> <al=0.00> <DB=  706.7000> <Mlp=  706.7000> <PB=707> 
<DWph=1> <it=  2> <et=2.67> <Mt= 0.00> <Spt= 0.00> <nCl=  0> <al=0.00> <DB=  706.7000> <Mlp=  706.7000> <PB=707> 
    TT = 0.000481, performed by inspection with 13824 solutions, nbR1C = 0, nbDiscC = 0
<DWph=0> <it=  3> <et=2.67> <Mt= 0.00> <Spt= 0.00> <nCl=100> <al=0.30> <DB=  643.2211> <Mlp=  706.7000> <PB=707> 
    TT = 0.000458, performed by inspection with 13824 solutions, nbR1C = 0, nbDiscC = 0
    TT = 0.000439, performed by inspection with 13824 solutions, nbR1C = 0, nbDiscC = 0
<DWph=0> <it=  4> <et=2.68> <Mt= 0.01> <Spt= 0.01> <nCl=  9> <al=0.00> <DB=  706.7000> <Mlp=  706.7000> <PB=707> 
Dynamic params and stats :  aver.obdmd = 23.7368 aver.buck.num. = 26
@@ 73 0 706.7 0.000459333 0.000481 0 2.68
ColGenEvalAlg final dual bound: 706.7 (rounded: 707)
Current active cuts : CAP(7,1396.55)
 SB phase 3 candidate 1 is conquered !
SB with phases chosed candidate EDGE[0,25] (lhs=1.5)
New model incumbent solution 707, TIME = 0h0m2s69t = 269
************************************************************************************************
Search is finished, global bounds : [ 707 , 707 ], TIME = 0h0m2s69t = 269
************************************************************************************************
Built-in heuristic is enabled
instance_name solver_name ext_heuristic solution_value solution_time best_lb root_lb root_time nb_branch_and_bound_nodes status
/home/logis/Downloads/VRPSolverEasy/VRPSolverEasy/demos/data/CVRP/B-n56-k7 CLP False 706.9999998868714 2.692479665 707.0 705.0 2.15543126 3 0

