Node memory for rank-1 cuts will be used (8.38641)
~~~~~~~~~~~~~~~~~~~~~~~~~~~~~~~~~~~~~~~~~~~~~~~~~~~~~~~~~~~~~~~~~~~~~~~~~~~~~~~~~~~~~
VRPSolver v0.5.27, 24/02/2023, © Inria Bordeaux, France, vrpsolver.math.u-bordeaux.fr
      Corresponds to the solver by Pessoa, Sadykov, Uchoa and Vanderbeck (2020)
                 Paper: dx.doi.org/10.1007/s10107-020-01523-z
~~~~~~~~~~~~~~~~~~~~~~~~~~~~~~~~~~~~~~~~~~~~~~~~~~~~~~~~~~~~~~~~~~~~~~~~~~~~~~~~~~~~~
   BaPCod v0.77, 15/03/2023, © Inria Bordeaux, France, bapcod.math.u-bordeaux.fr 
           THIS CODE IS PROVIDED AS IS, USE IT AT YOUR OWN RISK
~~~~~~~~~~~~~~~~~~~~~~~~~~~~~~~~~~~~~~~~~~~~~~~~~~~~~~~~~~~~~~~~~~~~~~~~~~~~~~~~~~~~~
Bucket steps were recalculated for graph G_1 : [4]
RCSP solver info : symmetric case is detected for graph G_1! 
Bidirectional border value is initialised to 50
RCSP solver info : number of forw. reachable buckets / buck. strongly connected components is 2002( 95.0617% ) / 1427( 71.2787% )
Generating neighbourhoods for rank-1 cuts separation
Building structures for 4- and 5-row rank-1 packing cut separation...done!
Model is built TIME = 0h0m0s4t = 4
************************************************************************************************
**** BaB tree root node
**** Local DB = -1e+12, global bounds : [ -1e+12 , 1810.1 ], TIME = 0h0m0s4t = 4
**** 1 open nodes, 0 columns (0 active), 0 dyn. constrs. (0 active), 160 art. vars. (160 active)
************************************************************************************************
#<DWph=2> <it=  1> <et=0.05> <Mt= 0.00> <Spt= 0.00> <nCl= 30> <al=0.00> <DB=-16919605.0400> <Mlp=364916.1600> <PB=1810.1> 
#<DWph=2> <it=  2> <et=0.06> <Mt= 0.00> <Spt= 0.01> <nCl= 30> <al=0.55> <DB=-9103988.9202> <Mlp=355991.9818> <PB=1810.1> 
#<DWph=2> <it=  3> <et=0.07> <Mt= 0.00> <Spt= 0.01> <nCl= 30> <al=0.45> <DB=-16898527.9931> <Mlp=355760.1473> <PB=1810.1> 
#<DWph=2> <it=  4> <et=0.07> <Mt= 0.00> <Spt= 0.00> <nCl= 30> <al=0.51> <DB=-20545087.3670> <Mlp=346848.2418> <PB=1810.1> 
#<DWph=2> <it=  5> <et=0.08> <Mt= 0.00> <Spt= 0.01> <nCl= 30> <al=0.41> <DB=-16162268.1017> <Mlp=343122.0719> <PB=1810.1> 
#<DWph=2> <it=  6> <et=0.09> <Mt= 0.00> <Spt= 0.01> <nCl= 30> <al=0.31> <DB=-16046160.3369> <Mlp=337008.8701> <PB=1810.1> 
#<DWph=2> <it=  7> <et=0.10> <Mt= 0.00> <Spt= 0.01> <nCl= 30> <al=0.21> <DB=-14523947.1606> <Mlp=335117.0744> <PB=1810.1> 
#<DWph=2> <it=  8> <et=0.10> <Mt= 0.00> <Spt= 0.00> <nCl= 30> <al=0.11> <DB=-14767927.2027> <Mlp=326404.1744> <PB=1810.1> 
#<DWph=2> <it=  9> <et=0.11> <Mt= 0.00> <Spt= 0.01> <nCl= 30> <al=0.01> <DB=-15191250.4837> <Mlp=326080.2439> <PB=1810.1> 
#<DWph=2> <it= 10> <et=0.12> <Mt= 0.00> <Spt= 0.01> <nCl= 30> <al=0.00> <DB=-11695388.6673> <Mlp=320497.3479> <PB=1810.1> 
#<DWph=2> <it= 11> <et=0.13> <Mt= 0.00> <Spt= 0.01> <nCl= 30> <al=0.00> <DB=-8550719.1997> <Mlp=317910.2815> <PB=1810.1> 
#<DWph=2> <it= 12> <et=0.14> <Mt= 0.00> <Spt= 0.00> <nCl= 30> <al=0.00> <DB=-14904463.1735> <Mlp=307944.1271> <PB=1810.1> 
#<DWph=2> <it= 13> <et=0.14> <Mt= 0.00> <Spt= 0.01> <nCl= 30> <al=0.00> <DB=-13158582.5584> <Mlp=302890.4653> <PB=1810.1> 
#<DWph=2> <it= 14> <et=0.15> <Mt= 0.00> <Spt= 0.01> <nCl= 30> <al=0.00> <DB=-14436862.0157> <Mlp=298017.5782> <PB=1810.1> 
#<DWph=2> <it= 15> <et=0.16> <Mt= 0.00> <Spt= 0.01> <nCl= 30> <al=0.06> <DB=-8317108.0644> <Mlp=297893.2847> <PB=1810.1> 
#<DWph=2> <it= 16> <et=0.17> <Mt= 0.00> <Spt= 0.00> <nCl= 30> <al=0.15> <DB=-6281423.5270> <Mlp=288772.3173> <PB=1810.1> 
#<DWph=2> <it= 17> <et=0.17> <Mt= 0.00> <Spt= 0.01> <nCl= 30> <al=0.05> <DB=-5992549.4498> <Mlp=281489.0496> <PB=1810.1> 
#<DWph=2> <it= 18> <et=0.18> <Mt= 0.00> <Spt= 0.01> <nCl= 30> <al=0.15> <DB=-5628954.1903> <Mlp=272561.9989> <PB=1810.1> 
#<DWph=2> <it= 19> <et=0.19> <Mt= 0.00> <Spt= 0.00> <nCl= 30> <al=0.23> <DB=-4624641.7779> <Mlp=266578.7137> <PB=1810.1> 
#<DWph=2> <it= 20> <et=0.19> <Mt= 0.00> <Spt= 0.01> <nCl= 30> <al=0.31> <DB=-4059710.2879> <Mlp=255515.0708> <PB=1810.1> 
#<DWph=2> <it= 21> <et=0.20> <Mt= 0.00> <Spt= 0.01> <nCl= 30> <al=0.38> <DB=-4420635.4647> <Mlp=250377.7452> <PB=1810.1> 
#<DWph=2> <it= 22> <et=0.21> <Mt= 0.00> <Spt= 0.00> <nCl= 30> <al=0.44> <DB=-8110586.7163> <Mlp=248058.5593> <PB=1810.1> 
#<DWph=2> <it= 23> <et=0.22> <Mt= 0.00> <Spt= 0.01> <nCl= 30> <al=0.50> <DB=-3960230.4859> <Mlp=244899.4502> <PB=1810.1> 
#<DWph=2> <it= 24> <et=0.22> <Mt= 0.00> <Spt= 0.01> <nCl= 30> <al=0.40> <DB=-3911324.6219> <Mlp=233783.0588> <PB=1810.1> 
#<DWph=2> <it= 25> <et=0.23> <Mt= 0.00> <Spt= 0.00> <nCl= 30> <al=0.46> <DB=-3289810.2047> <Mlp=227528.3484> <PB=1810.1> 
#<DWph=2> <it= 26> <et=0.24> <Mt= 0.01> <Spt= 0.01> <nCl= 30> <al=0.51> <DB=-2803263.0532> <Mlp=201697.0953> <PB=1810.1> 
#<DWph=2> <it= 27> <et=0.25> <Mt= 0.00> <Spt= 0.01> <nCl= 30> <al=0.56> <DB=-2665486.5495> <Mlp=191510.0335> <PB=1810.1> 
#<DWph=2> <it= 28> <et=0.26> <Mt= 0.00> <Spt= 0.00> <nCl= 30> <al=0.60> <DB=-2654892.3873> <Mlp=170673.2244> <PB=1810.1> 
#<DWph=2> <it= 29> <et=0.27> <Mt= 0.00> <Spt= 0.01> <nCl= 30> <al=0.64> <DB=-2415739.4564> <Mlp=161055.3169> <PB=1810.1> 
#<DWph=2> <it= 30> <et=0.28> <Mt= 0.00> <Spt= 0.01> <nCl= 30> <al=0.68> <DB=-2393257.3864> <Mlp=143166.4078> <PB=1810.1> 
#<DWph=2> <it= 31> <et=0.28> <Mt= 0.01> <Spt= 0.00> <nCl= 30> <al=0.71> <DB=-2126127.6570> <Mlp=136047.7573> <PB=1810.1> 
#<DWph=2> <it= 32> <et=0.29> <Mt= 0.00> <Spt= 0.01> <nCl= 30> <al=0.61> <DB=-2059425.1605> <Mlp=127728.3503> <PB=1810.1> 
#<DWph=2> <it= 33> <et=0.30> <Mt= 0.00> <Spt= 0.01> <nCl= 30> <al=0.65> <DB=-2029795.2445> <Mlp=120838.2630> <PB=1810.1> 
#<DWph=2> <it= 34> <et=0.31> <Mt= 0.00> <Spt= 0.00> <nCl= 30> <al=0.55> <DB=-1812790.6951> <Mlp=106544.3333> <PB=1810.1> 
#<DWph=2> <it= 35> <et=0.32> <Mt= 0.01> <Spt= 0.01> <nCl= 30> <al=0.59> <DB=-1628398.9376> <Mlp=97145.3584> <PB=1810.1> 
#<DWph=2> <it= 36> <et=0.33> <Mt= 0.00> <Spt= 0.01> <nCl= 30> <al=0.64> <DB=-1519959.1323> <Mlp=84935.2301> <PB=1810.1> 
#<DWph=2> <it= 37> <et=0.34> <Mt= 0.00> <Spt= 0.00> <nCl= 30> <al=0.67> <DB=-1338357.4998> <Mlp=63409.4838> <PB=1810.1> 
#<DWph=2> <it= 38> <et=0.35> <Mt= 0.00> <Spt= 0.01> <nCl= 30> <al=0.70> <DB=-1368879.8087> <Mlp=56054.5886> <PB=1810.1> 
#<DWph=2> <it= 39> <et=0.36> <Mt= 0.01> <Spt= 0.00> <nCl= 30> <al=0.73> <DB=-1342415.1811> <Mlp=38715.5451> <PB=1810.1> 
#<DWph=2> <it= 40> <et=0.37> <Mt= 0.00> <Spt= 0.01> <nCl= 30> <al=0.63> <DB=-1207060.4956> <Mlp= 5665.8067> <PB=1810.1> 
#<DWph=2> <it= 41> <et=0.38> <Mt= 0.01> <Spt= 0.01> <nCl= 19> <al=0.53> <DB=-564751.4568> <Mlp= 4364.9814> <PB=1810.1> 
#<DWph=2> <it= 42> <et=0.38> <Mt= 0.00> <Spt= 0.00> <nCl= 29> <al=0.43> <DB=-156460.0259> <Mlp= 4357.5831> <PB=1810.1> 
#<DWph=2> <it= 43> <et=0.39> <Mt= 0.00> <Spt= 0.01> <nCl= 30> <al=0.33> <DB=-12404.5199> <Mlp= 4298.3482> <PB=1810.1> 
<DWph=2> <it= 44> <et=0.40> <Mt= 0.00> <Spt= 0.00> <nCl= 30> <al=0.40> <DB=-25930.1998> <Mlp= 3300.2316> <PB=1810.1> 
<DWph=2> <it= 45> <et=0.41> <Mt= 0.00> <Spt= 0.01> <nCl= 30> <al=0.46> <DB=-16081.5300> <Mlp= 3246.2735> <PB=1810.1> 
<DWph=2> <it= 46> <et=0.42> <Mt= 0.01> <Spt= 0.00> <nCl= 24> <al=0.51> <DB=-4755.1540> <Mlp= 3200.0200> <PB=1810.1> 
<DWph=2> <it= 47> <et=0.43> <Mt= 0.00> <Spt= 0.01> <nCl= 30> <al=0.41> <DB=-35811.3737> <Mlp= 3112.0158> <PB=1810.1> 
<DWph=2> <it= 48> <et=0.44> <Mt= 0.00> <Spt= 0.01> <nCl= 30> <al=0.47> <DB=-7607.7275> <Mlp= 3045.2547> <PB=1810.1> 
<DWph=2> <it= 49> <et=0.45> <Mt= 0.01> <Spt= 0.01> <nCl= 30> <al=0.53> <DB=-6616.6682> <Mlp= 2977.0467> <PB=1810.1> 
<DWph=2> <it= 50> <et=0.46> <Mt= 0.00> <Spt= 0.00> <nCl= 30> <al=0.57> <DB=-2319.2848> <Mlp= 2940.3732> <PB=1810.1> 
<DWph=2> <it= 51> <et=0.46> <Mt= 0.00> <Spt= 0.01> <nCl= 30> <al=0.62> <DB=-12827.7545> <Mlp= 2922.3001> <PB=1810.1> 
<DWph=2> <it= 52> <et=0.47> <Mt= 0.00> <Spt= 0.01> <nCl= 30> <al=0.65> <DB=-5959.2141> <Mlp= 2913.5974> <PB=1810.1> 
<DWph=2> <it= 53> <et=0.48> <Mt= 0.01> <Spt= 0.00> <nCl= 30> <al=0.69> <DB=-3025.4813> <Mlp= 2824.4321> <PB=1810.1> 
<DWph=2> <it= 54> <et=0.49> <Mt= 0.00> <Spt= 0.01> <nCl= 30> <al=0.72> <DB= -558.4988> <Mlp= 2773.2053> <PB=1810.1> 
<DWph=2> <it= 55> <et=0.50> <Mt= 0.00> <Spt= 0.01> <nCl= 30> <al=0.75> <DB= -964.6613> <Mlp= 2748.0108> <PB=1810.1> 
<DWph=2> <it= 56> <et=0.51> <Mt= 0.01> <Spt= 0.00> <nCl= 30> <al=0.77> <DB= -476.0486> <Mlp= 2709.6394> <PB=1810.1> 
<DWph=2> <it= 57> <et=0.53> <Mt= 0.00> <Spt= 0.01> <nCl= 30> <al=0.67> <DB=-12217.5311> <Mlp= 2662.2742> <PB=1810.1> 
<DWph=2> <it= 58> <et=0.54> <Mt= 0.00> <Spt= 0.01> <nCl= 30> <al=0.71> <DB=-4617.4424> <Mlp= 2632.5187> <PB=1810.1> 
<DWph=2> <it= 59> <et=0.55> <Mt= 0.01> <Spt= 0.00> <nCl= 30> <al=0.74> <DB=-1460.5218> <Mlp= 2564.9648> <PB=1810.1> 
<DWph=2> <it= 60> <et=0.56> <Mt= 0.00> <Spt= 0.01> <nCl= 30> <al=0.76> <DB= -370.9088> <Mlp= 2464.1718> <PB=1810.1> 
<DWph=2> <it= 61> <et=0.57> <Mt= 0.01> <Spt= 0.01> <nCl= 30> <al=0.79> <DB= -899.8570> <Mlp= 2416.8113> <PB=1810.1> 
<DWph=2> <it= 62> <et=0.58> <Mt= 0.00> <Spt= 0.01> <nCl= 30> <al=0.81> <DB= -379.3399> <Mlp= 2343.7986> <PB=1810.1> 
<DWph=2> <it= 63> <et=0.59> <Mt= 0.01> <Spt= 0.00> <nCl= 30> <al=0.83> <DB=  198.4891> <Mlp= 2291.9444> <PB=1810.1> 
<DWph=2> <it= 64> <et=0.60> <Mt= 0.00> <Spt= 0.01> <nCl= 30> <al=0.84> <DB=  338.6340> <Mlp= 2264.6310> <PB=1810.1> 
<DWph=2> <it= 65> <et=0.62> <Mt= 0.00> <Spt= 0.01> <nCl= 30> <al=0.86> <DB=  653.4992> <Mlp= 2199.9011> <PB=1810.1> 
<DWph=2> <it= 66> <et=0.63> <Mt= 0.01> <Spt= 0.00> <nCl= 30> <al=0.76> <DB= -675.7199> <Mlp= 2138.5932> <PB=1810.1> 
<DWph=2> <it= 67> <et=0.64> <Mt= 0.00> <Spt= 0.01> <nCl= 30> <al=0.78> <DB=  295.0794> <Mlp= 2109.8795> <PB=1810.1> 
<DWph=2> <it= 68> <et=0.65> <Mt= 0.01> <Spt= 0.01> <nCl= 30> <al=0.81> <DB=  707.1426> <Mlp= 2037.6878> <PB=1810.1> 
<DWph=2> <it= 69> <et=0.66> <Mt= 0.00> <Spt= 0.01> <nCl= 30> <al=0.82> <DB=  226.4725> <Mlp= 2002.5515> <PB=1810.1> 
<DWph=2> <it= 70> <et=0.68> <Mt= 0.01> <Spt= 0.00> <nCl= 24> <al=0.84> <DB=  914.4645> <Mlp= 1973.5192> <PB=1810.1> 
<DWph=2> <it= 71> <et=0.69> <Mt= 0.00> <Spt= 0.01> <nCl= 30> <al=0.86> <DB=  688.6498> <Mlp= 1960.1664> <PB=1810.1> 
<DWph=2> <it= 72> <et=0.70> <Mt= 0.01> <Spt= 0.01> <nCl= 17> <al=0.87> <DB= 1218.0292> <Mlp= 1952.3961> <PB=1810.1> 
<DWph=2> <it= 73> <et=0.71> <Mt= 0.00> <Spt= 0.00> <nCl= 28> <al=0.77> <DB=  747.1727> <Mlp= 1919.1624> <PB=1810.1> 
<DWph=2> <it= 74> <et=0.73> <Mt= 0.01> <Spt= 0.01> <nCl= 26> <al=0.79> <DB= 1511.2739> <Mlp= 1882.7873> <PB=1810.1> 
<DWph=2> <it= 75> <et=0.74> <Mt= 0.00> <Spt= 0.01> <nCl= 22> <al=0.82> <DB= 1640.9236> <Mlp= 1873.9111> <PB=1810.1> 
<DWph=2> <it= 76> <et=0.75> <Mt= 0.01> <Spt= 0.00> <nCl= 30> <al=0.72> <DB= 1188.8805> <Mlp= 1856.1694> <PB=1810.1> 
<DWph=2> <it= 77> <et=0.76> <Mt= 0.00> <Spt= 0.01> <nCl= 27> <al=0.74> <DB= 1666.5633> <Mlp= 1830.6392> <PB=1810.1> 
<DWph=2> <it= 78> <et=0.77> <Mt= 0.01> <Spt= 0.01> <nCl= 29> <al=0.77> <DB= 1101.3920> <Mlp= 1815.8107> <PB=1810.1> 
<DWph=2> <it= 79> <et=0.78> <Mt= 0.00> <Spt= 0.01> <nCl= 28> <al=0.79> <DB= 1539.8295> <Mlp= 1808.1155> <PB=1810.1> 
<DWph=2> <it= 80> <et=0.80> <Mt= 0.01> <Spt= 0.00> <nCl= 26> <al=0.81> <DB= 1352.7432> <Mlp= 1780.5525> <PB=1810.1> 
<DWph=2> <it= 81> <et=0.81> <Mt= 0.00> <Spt= 0.01> <nCl= 11> <al=0.83> <DB= 1682.3242> <Mlp= 1766.8937> <PB=1810.1> 
<DWph=2> <it= 82> <et=0.82> <Mt= 0.01> <Spt= 0.01> <nCl= 25> <al=0.73> <DB= 1656.3520> <Mlp= 1765.8436> <PB=1810.1> 
<DWph=2> <it= 83> <et=0.83> <Mt= 0.00> <Spt= 0.00> <nCl= 25> <al=0.76> <DB= 1678.8793> <Mlp= 1758.3132> <PB=1810.1> 
<DWph=2> <it= 84> <et=0.84> <Mt= 0.00> <Spt= 0.01> <nCl= 21> <al=0.66> <DB= 1696.4561> <Mlp= 1750.0167> <PB=1810.1> 
<DWph=2> <it= 85> <et=0.85> <Mt= 0.01> <Spt= 0.01> <nCl= 23> <al=0.69> <DB= 1677.0597> <Mlp= 1746.3225> <PB=1810.1> 
<DWph=2> <it= 86> <et=0.86> <Mt= 0.00> <Spt= 0.01> <nCl= 16> <al=0.72> <DB= 1706.3013> <Mlp= 1743.7143> <PB=1810.1> 
<DWph=2> <it= 87> <et=0.87> <Mt= 0.00> <Spt= 0.00> <nCl= 19> <al=0.62> <DB= 1707.8020> <Mlp= 1743.3819> <PB=1810.1> 
<DWph=2> <it= 88> <et=0.88> <Mt= 0.00> <Spt= 0.01> <nCl= 18> <al=0.66> <DB= 1682.8723> <Mlp= 1742.8622> <PB=1810.1> 
<DWph=2> <it= 89> <et=0.89> <Mt= 0.01> <Spt= 0.01> <nCl= 12> <al=0.56> <DB= 1708.5284> <Mlp= 1740.0856> <PB=1810.1> 
<DWph=2> <it= 90> <et=0.90> <Mt= 0.00> <Spt= 0.00> <nCl= 18> <al=0.61> <DB= 1690.5755> <Mlp= 1739.5852> <PB=1810.1> 
<DWph=2> <it= 91> <et=0.91> <Mt= 0.00> <Spt= 0.01> <nCl=  8> <al=0.64> <DB= 1719.7454> <Mlp= 1738.7419> <PB=1810.1> 
<DWph=2> <it= 92> <et=0.92> <Mt= 0.00> <Spt= 0.01> <nCl= 18> <al=0.54> <DB= 1704.0845> <Mlp= 1738.6647> <PB=1810.1> 
<DWph=2> <it= 93> <et=0.93> <Mt= 0.01> <Spt= 0.01> <nCl= 21> <al=0.18> <DB= 1630.0281> <Mlp= 1738.3688> <PB=1810.1> 
<DWph=2> <it= 94> <et=0.94> <Mt= 0.00> <Spt= 0.01> <nCl=  9> <al=0.49> <DB= 1726.1883> <Mlp= 1737.9130> <PB=1810.1> 
<DWph=2> <it= 95> <et=0.95> <Mt= 0.00> <Spt= 0.00> <nCl=  8> <al=0.39> <DB= 1713.9775> <Mlp= 1737.9039> <PB=1810.1> 
<DWph=2> <it= 96> <et=0.96> <Mt= 0.00> <Spt= 0.01> <nCl=  8> <al=0.29> <DB= 1698.7129> <Mlp= 1737.6703> <PB=1810.1> 
<DWph=2> <it= 97> <et=0.97> <Mt= 0.00> <Spt= 0.01> <nCl=  6> <al=0.19> <DB= 1702.4564> <Mlp= 1737.6667> <PB=1810.1> 
<DWph=2> <it= 98> <et=0.98> <Mt= 0.00> <Spt= 0.01> <nCl= 15> <al=0.09> <DB= 1730.0375> <Mlp= 1737.0898> <PB=1810.1> 
<DWph=2> <it= 99> <et=0.99> <Mt= 0.01> <Spt= 0.00> <nCl=  7> <al=0.00> <DB= 1722.0629> <Mlp= 1737.0308> <PB=1810.1> 
<DWph=2> <it=100> <et=1.00> <Mt= 0.00> <Spt= 0.01> <nCl=  5> <al=0.00> <DB= 1711.0523> <Mlp= 1737.0075> <PB=1810.1> 
<DWph=2> <it=101> <et=1.01> <Mt= 0.00> <Spt= 0.01> <nCl=  8> <al=0.00> <DB= 1720.4918> <Mlp= 1736.8924> <PB=1810.1> 
<DWph=2> <it=102> <et=1.01> <Mt= 0.00> <Spt= 0.01> <nCl=  4> <al=0.00> <DB= 1734.7565> <Mlp= 1736.8920> <PB=1810.1> 
<DWph=2> <it=103> <et=1.02> <Mt= 0.00> <Spt= 0.00> <nCl=  0> <al=0.00> <DB= 1736.8920> <Mlp= 1736.8920> <PB=1810.1> 
<DWph=1> <it=104> <et=1.04> <Mt= 0.00> <Spt= 0.02> <nCl= 29> <al=0.00> <DB= 1683.5395> <Mlp= 1736.8920> <PB=1810.1> 
<DWph=1> <it=105> <et=1.05> <Mt= 0.00> <Spt= 0.01> <nCl= 24> <al=0.00> <DB= 1669.8728> <Mlp= 1734.9451> <PB=1810.1> 
<DWph=1> <it=106> <et=1.07> <Mt= 0.01> <Spt= 0.02> <nCl= 24> <al=0.00> <DB= 1703.0833> <Mlp= 1732.8118> <PB=1810.1> 
<DWph=1> <it=107> <et=1.09> <Mt= 0.00> <Spt= 0.01> <nCl= 15> <al=0.00> <DB= 1713.1303> <Mlp= 1732.4947> <PB=1810.1> 
<DWph=1> <it=108> <et=1.10> <Mt= 0.00> <Spt= 0.01> <nCl=  7> <al=0.00> <DB= 1720.4041> <Mlp= 1732.3436> <PB=1810.1> 
<DWph=1> <it=109> <et=1.12> <Mt= 0.00> <Spt= 0.02> <nCl= 12> <al=0.00> <DB= 1701.9429> <Mlp= 1732.2114> <PB=1810.1> 
<DWph=1> <it=110> <et=1.14> <Mt= 0.01> <Spt= 0.01> <nCl= 18> <al=0.00> <DB= 1671.9288> <Mlp= 1731.8785> <PB=1810.1> 
<DWph=1> <it=111> <et=1.15> <Mt= 0.00> <Spt= 0.02> <nCl= 10> <al=0.00> <DB= 1712.4447> <Mlp= 1731.4887> <PB=1810.1> 
<DWph=1> <it=112> <et=1.17> <Mt= 0.00> <Spt= 0.01> <nCl=  3> <al=0.00> <DB= 1726.5506> <Mlp= 1731.3969> <PB=1810.1> 
<DWph=1> <it=113> <et=1.19> <Mt= 0.00> <Spt= 0.02> <nCl=  3> <al=0.01> <DB= 1724.5559> <Mlp= 1731.3668> <PB=1810.1> 
<DWph=1> <it=114> <et=1.20> <Mt= 0.00> <Spt= 0.01> <nCl=  0> <al=0.00> <DB= 1731.3625> <Mlp= 1731.3625> <PB=1810.1> 
    RCSP exact solver info for graph G_1 : TT = 0.045711, pt = 1.7e-05, dt = 0.041353, ct = 0.003866, ndl = 9', bdl = 425', odl = 3', odf = 28', bsi = 2', cnt = 13', bdch = 4711', odch = 84', lcp = 122', #sols = 150
<DWph=0> <it=115> <et=1.25> <Mt= 0.00> <Spt= 0.05> <nCl= 87> <al=0.00> <DB= 1700.5714> <Mlp= 1731.3625> <PB=1810.1> 
    RCSP exact solver info for graph G_1 : TT = 0.038729, pt = 3.9e-05, dt = 0.034281, ct = 0.003911, ndl = 9', bdl = 419', odl = 3', odf = 28', bsi = 2', cnt = 12', bdch = 4615', odch = 82', lcp = 118', #sols = 150
<DWph=0> <it=116> <et=1.30> <Mt= 0.01> <Spt= 0.04> <nCl= 45> <al=0.00> <DB= 1716.0520> <Mlp= 1730.8883> <PB=1810.1> 
    RCSP exact solver info for graph G_1 : TT = 0.039724, pt = 3.3e-05, dt = 0.035253, ct = 0.003955, ndl = 9', bdl = 431', odl = 3', odf = 29', bsi = 2', cnt = 12', bdch = 4819', odch = 86', lcp = 124', #sols = 150
<DWph=0> <it=117> <et=1.34> <Mt= 0.00> <Spt= 0.04> <nCl= 14> <al=0.00> <DB= 1724.2386> <Mlp= 1730.7776> <PB=1810.1> 
    RCSP exact solver info for graph G_1 : TT = 0.039189, pt = 3.3e-05, dt = 0.034757, ct = 0.003924, ndl = 9', bdl = 429', odl = 3', odf = 28', bsi = 2', cnt = 12', bdch = 4774', odch = 87', lcp = 123', #sols = 150
<DWph=0> <it=118> <et=1.38> <Mt= 0.00> <Spt= 0.04> <nCl=  3> <al=0.00> <DB= 1730.7769> <Mlp= 1730.7769> <PB=1810.1> 
Dynamic params and stats :  aver.obdmd = 23.7284 aver.buck.num. = 26
@@ 1 0 1730.78 0.040325 0.045219 86.4276 1.38
Labels distribution in buckets (bucket size) : largest - 98, top 0.1% - 98, top 0.5% - 87, top 2% - 54, top 10% - 25, top 50% - 5
Reduced cost fixing for graph G_1... 113209 buck. arcs remain (83.9% from prev., 72.5% from max.) + 7043 jump buck. arcs (4.51% from max.)
 TT = 0.243804, pt = 0.015979, dt = 0.136106, ct = 0.091445, ndl = 32', bdl = 1358', odl = 3', odf = 74', lpcb = 454', cnt = 3121', bdch = 23310', odch = 407', lcp = 458'
Labels distribution in buckets (bucket size) : largest - 99, top 0.1% - 99, top 0.5% - 89, top 2% - 56, top 10% - 29, top 50% - 5
Run forward enumeration with border = 50... not succeeded (ratio 0.976999) lpt = 0.006895, ndl = 8', dl = 0', lpcb = 5', dch = 7'
 TT = 0.008527, pt = 0.000495, dt = 0.006895, ct = 0, ndl = 8', bdl = 0', lpcb = 5', cnt = 32', bdch = 7', odch = 0', lcp = 0'
ColGenEvalAlg final dual bound: 1730.78 (rounded: 1731)
In total 3 RCC cut(s) are found by the connected components heuristic 
Shrinking heuristic shrunk 18 edges
In total 27 RCC cut(s) are found by the Fractional capacity min-cut heuristic 
In total 208 RCC cut(s) are found by the greedy construction heuristic 
----- Add fac. cuts : CAP(100), max.viol = 0.826278, aver.viol = 0.298119, sep/add took 0.0224749/0.156257 sec. -----
2938 columns (2938 active), 100 dyn. constrs. (100 active), 260 art. vars. (260 active)
<DWph=2> <it=  1> <et=1.90> <Mt= 0.07> <Spt= 0.01> <nCl= 24> <al=0.50> <DB= 1715.3120> <Mlp= 1767.1027> <PB=1810.1> 
<DWph=2> <it=  2> <et=1.97> <Mt= 0.06> <Spt= 0.01> <nCl= 10> <al=0.55> <DB= 1734.9492> <Mlp= 1759.9173> <PB=1810.1> 
<DWph=2> <it=  3> <et=2.00> <Mt= 0.02> <Spt= 0.01> <nCl= 20> <al=0.60> <DB= 1727.8844> <Mlp= 1758.0335> <PB=1810.1> 
<DWph=2> <it=  4> <et=2.04> <Mt= 0.03> <Spt= 0.01> <nCl=  7> <al=0.64> <DB= 1731.2436> <Mlp= 1756.7755> <PB=1810.1> 
<DWph=2> <it=  5> <et=2.08> <Mt= 0.03> <Spt= 0.01> <nCl=  4> <al=0.67> <DB= 1747.6053> <Mlp= 1755.2151> <PB=1810.1> 
<DWph=2> <it=  6> <et=2.10> <Mt= 0.01> <Spt= 0.01> <nCl=  7> <al=0.70> <DB= 1748.8649> <Mlp= 1755.1666> <PB=1810.1> 
<DWph=2> <it=  7> <et=2.13> <Mt= 0.02> <Spt= 0.01> <nCl=  5> <al=0.73> <DB= 1740.6989> <Mlp= 1754.5012> <PB=1810.1> 
<DWph=2> <it=  8> <et=2.15> <Mt= 0.01> <Spt= 0.01> <nCl=  2> <al=0.76> <DB= 1747.4170> <Mlp= 1753.5102> <PB=1810.1> 
<DWph=2> <it=  9> <et=2.17> <Mt= 0.01> <Spt= 0.01> <nCl=  2> <al=0.57> <DB= 1748.9492> <Mlp= 1753.5102> <PB=1810.1> 
<DWph=2> <it= 10> <et=2.19> <Mt= 0.01> <Spt= 0.01> <nCl=  2> <al=0.68> <DB= 1747.8597> <Mlp= 1753.5102> <PB=1810.1> 
<DWph=2> <it= 11> <et=2.20> <Mt= 0.01> <Spt= 0.01> <nCl=  3> <al=0.72> <DB= 1750.2292> <Mlp= 1753.4610> <PB=1810.1> 
<DWph=2> <it= 12> <et=2.22> <Mt= 0.00> <Spt= 0.01> <nCl=  1> <al=0.62> <DB= 1751.4693> <Mlp= 1753.4610> <PB=1810.1> 
<DWph=2> <it= 13> <et=2.23> <Mt= 0.01> <Spt= 0.01> <nCl=  8> <al=0.52> <DB= 1718.8441> <Mlp= 1753.4610> <PB=1810.1> 
<DWph=2> <it= 14> <et=2.26> <Mt= 0.01> <Spt= 0.01> <nCl=  4> <al=0.13> <DB= 1733.3057> <Mlp= 1753.4485> <PB=1810.1> 
<DWph=2> <it= 15> <et=2.28> <Mt= 0.01> <Spt= 0.01> <nCl=  1> <al=0.46> <DB= 1740.1769> <Mlp= 1753.1998> <PB=1810.1> 
<DWph=2> <it= 16> <et=2.30> <Mt= 0.01> <Spt= 0.01> <nCl=  2> <al=0.36> <DB= 1739.4892> <Mlp= 1753.1998> <PB=1810.1> 
<DWph=2> <it= 17> <et=2.31> <Mt= 0.01> <Spt= 0.01> <nCl=  5> <al=0.26> <DB= 1706.1276> <Mlp= 1753.1812> <PB=1810.1> 
<DWph=2> <it= 18> <et=2.34> <Mt= 0.01> <Spt= 0.01> <nCl=  8> <al=0.34> <DB= 1733.3553> <Mlp= 1752.4635> <PB=1810.1> 
<DWph=2> <it= 19> <et=2.35> <Mt= 0.02> <Spt= 0.00> <nCl=  0> <al=0.40> <DB= 1733.3553> <Mlp= 1752.2685> <PB=1810.1> 
<DWph=1> <it= 20> <et=2.37> <Mt= 0.00> <Spt= 0.01> <nCl= 15> <al=0.40> <DB= 1738.6795> <Mlp= 1752.2685> <PB=1810.1> 
<DWph=1> <it= 21> <et=2.40> <Mt= 0.01> <Spt= 0.02> <nCl=  9> <al=0.30> <DB= 1747.6793> <Mlp= 1752.1332> <PB=1810.1> 
<DWph=1> <it= 22> <et=2.42> <Mt= 0.01> <Spt= 0.01> <nCl=  8> <al=0.20> <DB= 1737.9308> <Mlp= 1752.0653> <PB=1810.1> 
<DWph=1> <it= 23> <et=2.46> <Mt= 0.01> <Spt= 0.03> <nCl=  5> <al=0.00> <DB= 1750.7863> <Mlp= 1752.0298> <PB=1810.1> 
<DWph=1> <it= 24> <et=2.49> <Mt= 0.01> <Spt= 0.02> <nCl=  1> <al=0.18> <DB= 1751.8103> <Mlp= 1752.0280> <PB=1810.1> 
<DWph=1> <it= 25> <et=2.52> <Mt= 0.00> <Spt= 0.02> <nCl=  3> <al=0.00> <DB= 1752.0280> <Mlp= 1752.0280> <PB=1810.1> 
    RCSP exact solver info for graph G_1 : TT = 0.031627, pt = 2.8e-05, dt = 0.027556, ct = 0.003533, ndl = 8', bdl = 329', odl = 3', odf = 29', bsi = 1', cnt = 8', bdch = 3283', odch = 99', lcp = 104', #sols = 150
<DWph=0> <it= 26> <et=2.57> <Mt= 0.01> <Spt= 0.05> <nCl= 86> <al=0.00> <DB= 1731.3426> <Mlp= 1752.0280> <PB=1810.1> 
    RCSP exact solver info for graph G_1 : TT = 0.030791, pt = 5.5e-05, dt = 0.026805, ct = 0.003426, ndl = 7', bdl = 321', odl = 3', odf = 29', bsi = 1', cnt = 7', bdch = 3172', odch = 95', lcp = 99', #sols = 150
<DWph=0> <it= 27> <et=2.63> <Mt= 0.02> <Spt= 0.03> <nCl= 59> <al=0.00> <DB= 1735.3353> <Mlp= 1751.6102> <PB=1810.1> 
    RCSP exact solver info for graph G_1 : TT = 0.030821, pt = 5.1e-05, dt = 0.026828, ct = 0.003418, ndl = 7', bdl = 322', odl = 3', odf = 29', bsi = 1', cnt = 7', bdch = 3192', odch = 96', lcp = 101', #sols = 150
<DWph=0> <it= 28> <et=2.67> <Mt= 0.01> <Spt= 0.04> <nCl= 18> <al=0.00> <DB= 1750.5993> <Mlp= 1751.5850> <PB=1810.1> 
    RCSP exact solver info for graph G_1 : TT = 0.030813, pt = 4.7e-05, dt = 0.02684, ct = 0.003416, ndl = 7', bdl = 322', odl = 3', odf = 29', bsi = 1', cnt = 7', bdch = 3192', odch = 96', lcp = 101', #sols = 150
<DWph=0> <it= 29> <et=2.72> <Mt= 0.01> <Spt= 0.04> <nCl=  1> <al=0.00> <DB= 1751.5850> <Mlp= 1751.5850> <PB=1810.1> 
Dynamic params and stats :  aver.obdmd = 23.7284 aver.buck.num. = 26
@@ 1 1 1751.58 0.0304555 0.031089 72.5215 2.72
Labels distribution in buckets (bucket size) : largest - 99, top 0.1% - 99, top 0.5% - 87, top 2% - 52, top 10% - 20, top 50% - 4
Reduced cost fixing for graph G_1... 101057 buck. arcs remain (89.3% from prev., 64.7% from max.) + 10651 jump buck. arcs (6.82% from max.)
 TT = 0.170937, pt = 0.012276, dt = 0.083665, ct = 0.074739, ndl = 26', bdl = 980', odl = 4', odf = 77', lpcb = 289', cnt = 2005', bdch = 13537', odch = 369', lcp = 336'
Labels distribution in buckets (bucket size) : largest - 103, top 0.1% - 103, top 0.5% - 89, top 2% - 53, top 10% - 23, top 50% - 4
Run forward enumeration with border = 50... not succeeded (ratio 0.974378) lpt = 0.005226, ndl = 8', dl = 0', lpcb = 6', dch = 5'
 TT = 0.006238, pt = 0, dt = 0.005226, ct = 0, ndl = 8', bdl = 0', lpcb = 6', cnt = 29', bdch = 5', odch = 0', lcp = 0'
ColGenEvalAlg final dual bound: 1751.58 (rounded: 1752)
Gap improvement since the last cut separation : 0.26232 (1730.78)
Current active cuts : CAP(17,51.035)
In total 1 RCC cut(s) are found by the connected components heuristic 
Shrinking heuristic shrunk 16 edges
In total 12 RCC cut(s) are found by the Fractional capacity min-cut heuristic 
In total 56 RCC cut(s) are found by the greedy construction heuristic 
In total 3 RCC cut(s) are found by the global pool greedy search heuristic 
----- Add fac. cuts : CAP(72), max.viol = 0.611198, aver.viol = 0.19788, sep/add took 0.0260922/0.143957 sec. -----
3258 columns (3258 active), 172 dyn. constrs. (102 active), 332 art. vars. (262 active)
<DWph=2> <it=  1> <et=3.13> <Mt= 0.05> <Spt= 0.01> <nCl= 11> <al=0.50> <DB= 1728.4739> <Mlp= 1757.3022> <PB=1810.1> 
<DWph=2> <it=  2> <et=3.18> <Mt= 0.03> <Spt= 0.01> <nCl=  4> <al=0.55> <DB= 1751.0554> <Mlp= 1755.2187> <PB=1810.1> 
<DWph=2> <it=  3> <et=3.20> <Mt= 0.01> <Spt= 0.01> <nCl= 10> <al=0.19> <DB= 1744.6258> <Mlp= 1755.2187> <PB=1810.1> 
<DWph=2> <it=  4> <et=3.23> <Mt= 0.01> <Spt= 0.01> <nCl=  1> <al=0.50> <DB= 1748.2231> <Mlp= 1755.1035> <PB=1810.1> 
<DWph=2> <it=  5> <et=3.25> <Mt= 0.01> <Spt= 0.02> <nCl=  4> <al=0.09> <DB= 1752.2091> <Mlp= 1755.1035> <PB=1810.1> 
<DWph=2> <it=  6> <et=3.28> <Mt= 0.01> <Spt= 0.02> <nCl=  3> <al=0.00> <DB= 1755.0834> <Mlp= 1755.0834> <PB=1810.1> 
<DWph=1> <it=  7> <et=3.30> <Mt= 0.00> <Spt= 0.01> <nCl= 10> <al=0.35> <DB= 1743.6573> <Mlp= 1755.0834> <PB=1810.1> 
<DWph=1> <it=  8> <et=3.34> <Mt= 0.02> <Spt= 0.03> <nCl=  2> <al=0.00> <DB= 1754.7061> <Mlp= 1755.0391> <PB=1810.1> 
<DWph=1> <it=  9> <et=3.37> <Mt= 0.00> <Spt= 0.03> <nCl=  0> <al=0.00> <DB= 1755.0389> <Mlp= 1755.0389> <PB=1810.1> 
    RCSP exact solver info for graph G_1 : TT = 0.027151, pt = 2.5e-05, dt = 0.023025, ct = 0.003593, ndl = 7', bdl = 247', odl = 3', odf = 28', bsi = 1', cnt = 9', bdch = 2417', odch = 81', lcp = 86', #sols = 150
<DWph=0> <it= 10> <et=3.41> <Mt= 0.01> <Spt= 0.03> <nCl= 30> <al=0.05> <DB= 1736.2007> <Mlp= 1755.0389> <PB=1810.1> 
    RCSP exact solver info for graph G_1 : TT = 0.027819, pt = 5.1e-05, dt = 0.023561, ct = 0.003649, ndl = 7', bdl = 251', odl = 3', odf = 28', bsi = 1', cnt = 8', bdch = 2512', odch = 84', lcp = 89', #sols = 150
<DWph=0> <it= 11> <et=3.47> <Mt= 0.02> <Spt= 0.04> <nCl= 15> <al=0.14> <DB= 1749.5293> <Mlp= 1754.7042> <PB=1810.1> 
    RCSP exact solver info for graph G_1 : TT = 0.027424, pt = 4.7e-05, dt = 0.023222, ct = 0.003639, ndl = 7', bdl = 248', odl = 3', odf = 29', bsi = 1', cnt = 8', bdch = 2475', odch = 88', lcp = 91', #sols = 150
    RCSP exact solver info for graph G_1 : TT = 0.027487, pt = 3.4e-05, dt = 0.023293, ct = 0.003661, ndl = 7', bdl = 250', odl = 3', odf = 29', bsi = 1', cnt = 8', bdch = 2508', odch = 88', lcp = 92', #sols = 150
<DWph=0> <it= 12> <et=3.55> <Mt= 0.01> <Spt= 0.06> <nCl= 13> <al=0.00> <DB= 1754.6994> <Mlp= 1754.6994> <PB=1810.1> 
Dynamic params and stats :  aver.obdmd = 23.7284 aver.buck.num. = 26
@@ 1 2 1754.7 0.0269108 0.02721 64.737 3.55
    Full reduced cost fixing is not called (gap ratio is 0.946684)
ColGenEvalAlg final dual bound: 1754.7 (rounded: 1755)
Gap improvement since the last cut separation : 0.0532246 (1751.58)
Current active cuts : CAP(26,209.876)
In total 1 RCC cut(s) are found by the connected components heuristic 
Shrinking heuristic shrunk 19 edges
In total 3 RCC cut(s) are found by the Fractional capacity min-cut heuristic 
In total 5 RCC cut(s) are found by the greedy construction heuristic 
In total 6 RCC cut(s) are found by the global pool greedy search heuristic 
----- Add fac. cuts : CAP(15), max.viol = 0.370442, aver.viol = 0.185813, sep/add took 0.0198353/0.0275662 sec. -----
3361 columns (3361 active), 117 dyn. constrs. (54 active), 347 art. vars. (214 active)
<DWph=2> <it=  1> <et=3.68> <Mt= 0.02> <Spt= 0.01> <nCl=  5> <al=0.50> <DB= 1749.6857> <Mlp= 1755.7253> <PB=1810.1> 
<DWph=2> <it=  2> <et=3.70> <Mt= 0.00> <Spt= 0.02> <nCl=  4> <al=0.10> <DB= 1753.3548> <Mlp= 1755.7253> <PB=1810.1> 
<DWph=2> <it=  3> <et=3.72> <Mt= 0.01> <Spt= 0.01> <nCl=  5> <al=0.00> <DB= 1755.4288> <Mlp= 1755.7221> <PB=1810.1> 
<DWph=2> <it=  4> <et=3.74> <Mt= 0.01> <Spt= 0.02> <nCl=  0> <al=0.00> <DB= 1755.7220> <Mlp= 1755.7220> <PB=1810.1> 
<DWph=1> <it=  5> <et=3.76> <Mt= 0.00> <Spt= 0.01> <nCl=  9> <al=0.25> <DB= 1747.7420> <Mlp= 1755.7220> <PB=1810.1> 
<DWph=1> <it=  6> <et=3.79> <Mt= 0.00> <Spt= 0.03> <nCl=  4> <al=0.00> <DB= 1743.0737> <Mlp= 1755.7034> <PB=1810.1> 
<DWph=1> <it=  7> <et=3.81> <Mt= 0.01> <Spt= 0.01> <nCl=  3> <al=0.23> <DB= 1751.3341> <Mlp= 1755.6303> <PB=1810.1> 
<DWph=1> <it=  8> <et=3.85> <Mt= 0.01> <Spt= 0.03> <nCl=  1> <al=0.00> <DB= 1755.6303> <Mlp= 1755.6303> <PB=1810.1> 
    RCSP exact solver info for graph G_1 : TT = 0.026694, pt = 3e-05, dt = 0.022586, ct = 0.00359, ndl = 7', bdl = 238', odl = 3', odf = 27', bsi = 1', cnt = 8', bdch = 2297', odch = 73', lcp = 79', #sols = 150
<DWph=0> <it=  9> <et=3.88> <Mt= 0.00> <Spt= 0.03> <nCl= 41> <al=0.20> <DB= 1750.5379> <Mlp= 1755.6303> <PB=1810.1> 
    RCSP exact solver info for graph G_1 : TT = 0.027375, pt = 8.6e-05, dt = 0.023172, ct = 0.003578, ndl = 7', bdl = 238', odl = 3', odf = 27', bsi = 1', cnt = 8', bdch = 2298', odch = 73', lcp = 79', #sols = 150
    RCSP exact solver info for graph G_1 : TT = 0.026758, pt = 4e-05, dt = 0.022635, ct = 0.003567, ndl = 7', bdl = 238', odl = 3', odf = 27', bsi = 1', cnt = 8', bdch = 2298', odch = 73', lcp = 79', #sols = 150
<DWph=0> <it= 10> <et=3.95> <Mt= 0.01> <Spt= 0.07> <nCl=  0> <al=0.00> <DB= 1755.6303> <Mlp= 1755.6303> <PB=1810.1> 
Dynamic params and stats :  aver.obdmd = 23.7284 aver.buck.num. = 26
@@ 1 3 1755.63 0.026376 0.02675 64.737 3.95
    Full reduced cost fixing is not called (gap ratio is 0.930748)
ColGenEvalAlg final dual bound: 1755.63 (rounded: 1756)
Gap improvement since the last cut separation : 0.0168034 (1754.7)
Cut generation tailing off counter increased to 1
Current active cuts : CAP(27,360.173)
Shrinking heuristic shrunk 15 edges
In total 1 RCC cut(s) are found by the Fractional capacity min-cut heuristic 
In total 4 RCC cut(s) are found by the greedy construction heuristic 
In total 5 RCC cut(s) are found by the global pool greedy search heuristic 
----- Add fac. cuts : CAP(10), max.viol = 0.100096, aver.viol = 0.0483164, sep/add took 0.0252339/0.0217495 sec. -----
3433 columns (3433 active), 64 dyn. constrs. (58 active), 357 art. vars. (218 active)
<DWph=2> <it=  1> <et=4.09> <Mt= 0.02> <Spt= 0.01> <nCl=  7> <al=0.50> <DB= 1735.4804> <Mlp= 1756.0523> <PB=1810.1> 
<DWph=2> <it=  2> <et=4.11> <Mt= 0.01> <Spt= 0.00> <nCl=  1> <al=0.55> <DB= 1753.9702> <Mlp= 1755.7412> <PB=1810.1> 
<DWph=2> <it=  3> <et=4.14> <Mt= 0.01> <Spt= 0.02> <nCl=  1> <al=0.00> <DB= 1754.5298> <Mlp= 1755.7412> <PB=1810.1> 
<DWph=2> <it=  4> <et=4.15> <Mt= 0.00> <Spt= 0.02> <nCl=  1> <al=0.00> <DB= 1755.7389> <Mlp= 1755.7389> <PB=1810.1> 
<DWph=1> <it=  5> <et=4.17> <Mt= 0.01> <Spt= 0.01> <nCl=  1> <al=0.40> <DB= 1754.2275> <Mlp= 1755.7389> <PB=1810.1> 
<DWph=1> <it=  6> <et=4.20> <Mt= 0.00> <Spt= 0.02> <nCl=  1> <al=0.00> <DB= 1755.7389> <Mlp= 1755.7389> <PB=1810.1> 
    RCSP exact solver info for graph G_1 : TT = 0.026598, pt = 2.2e-05, dt = 0.022447, ct = 0.003608, ndl = 7', bdl = 244', odl = 3', odf = 27', bsi = 1', cnt = 8', bdch = 2364', odch = 80', lcp = 84', #sols = 150
<DWph=0> <it=  7> <et=4.23> <Mt= 0.00> <Spt= 0.03> <nCl= 14> <al=0.36> <DB= 1745.9970> <Mlp= 1755.7389> <PB=1810.1> 
    RCSP exact solver info for graph G_1 : TT = 0.026315, pt = 4.7e-05, dt = 0.022242, ct = 0.003512, ndl = 7', bdl = 239', odl = 3', odf = 27', bsi = 1', cnt = 8', bdch = 2318', odch = 78', lcp = 83', #sols = 150
    RCSP exact solver info for graph G_1 : TT = 0.026055, pt = 3.5e-05, dt = 0.022046, ct = 0.003497, ndl = 7', bdl = 238', odl = 3', odf = 27', bsi = 1', cnt = 8', bdch = 2302', odch = 77', lcp = 83', #sols = 150
<DWph=0> <it=  8> <et=4.30> <Mt= 0.01> <Spt= 0.06> <nCl= 41> <al=0.00> <DB= 1755.7363> <Mlp= 1755.7363> <PB=1810.1> 
Dynamic params and stats :  aver.obdmd = 23.7284 aver.buck.num. = 26
@@ 1 4 1755.74 0.025784 0.026055 64.737 4.3
    Full reduced cost fixing is not called (gap ratio is 0.928934)
ColGenEvalAlg final dual bound: 1755.74 (rounded: 1756)
Gap improvement since the last cut separation : 0.00194566 (1755.63)
Cut generation tailing off counter increased to 2
Current active cuts : CAP(29,371.188)
Shrinking heuristic shrunk 18 edges
In total 6 RCC cut(s) are found by the greedy construction heuristic 
In total 2 RCC cut(s) are found by the global pool greedy search heuristic 
----- Add fac. cuts : CAP(8), max.viol = 0.0893017, aver.viol = 0.0632298, sep/add took 0.021238/0.0157968 sec. -----
3500 columns (3500 active), 66 dyn. constrs. (57 active), 365 art. vars. (217 active)
<DWph=2> <it=  1> <et=4.37> <Mt= 0.02> <Spt= 0.01> <nCl=  6> <al=0.50> <DB= 1752.8026> <Mlp= 1755.9421> <PB=1810.1> 
<DWph=2> <it=  2> <et=4.39> <Mt= 0.00> <Spt= 0.01> <nCl=  6> <al=0.10> <DB= 1754.8312> <Mlp= 1755.8255> <PB=1810.1> 
<DWph=2> <it=  3> <et=4.41> <Mt= 0.01> <Spt= 0.02> <nCl=  0> <al=0.00> <DB= 1755.8208> <Mlp= 1755.8208> <PB=1810.1> 
<DWph=1> <it=  4> <et=4.44> <Mt= 0.00> <Spt= 0.02> <nCl=  0> <al=0.00> <DB= 1755.8208> <Mlp= 1755.8208> <PB=1810.1> 
    RCSP exact solver info for graph G_1 : TT = 0.025965, pt = 2e-05, dt = 0.021974, ct = 0.003473, ndl = 7', bdl = 237', odl = 3', odf = 28', bsi = 1', cnt = 8', bdch = 2290', odch = 77', lcp = 81', #sols = 150
    RCSP exact solver info for graph G_1 : TT = 0.026023, pt = 3.4e-05, dt = 0.022023, ct = 0.003467, ndl = 7', bdl = 237', odl = 3', odf = 28', bsi = 1', cnt = 8', bdch = 2290', odch = 77', lcp = 81', #sols = 150
<DWph=0> <it=  5> <et=4.50> <Mt= 0.00> <Spt= 0.06> <nCl=  1> <al=0.00> <DB= 1755.8208> <Mlp= 1755.8208> <PB=1810.1> 
Dynamic params and stats :  aver.obdmd = 23.7284 aver.buck.num. = 26
@@ 1 5 1755.82 0.0254685 0.02549 64.737 4.5
    Full reduced cost fixing is not called (gap ratio is 0.927486)
ColGenEvalAlg final dual bound: 1755.82 (rounded: 1756)
Gap improvement since the last cut separation : 0.00155515 (1755.74)
----- Cut separators priority level decreased to 1-----
Current active cuts : CAP(31,344.232)
Shrinking heuristic shrunk 15 edges
In total 2 RCC cut(s) are found by the greedy construction heuristic 
In total 1 RCC cut(s) are found by the global pool greedy search heuristic 
4 Rank-1 1-rows pack. cuts added ,  max viol. = 0.158316, aver. viol. = 0.130992
150 Rank-1 3-rows pack. cuts added ,  max viol. = 0.376978, aver. viol. = 0.183251
----- Add fac. cuts : CAP(3) R1C(154), max.viol = 0.376978, aver.viol = 0.182149, sep/add took 0.0256078/0.135774 sec. -----
3513 columns (3513 active), 214 dyn. constrs. (213 active), 522 art. vars. (373 active)
<DWph=2> <it=  1> <et=4.80> <Mt= 0.11> <Spt= 0.01> <nCl= 30> <al=0.50> <DB= 1654.5148> <Mlp= 1764.3635> <PB=1810.1> 
<DWph=2> <it=  2> <et=4.89> <Mt= 0.08> <Spt= 0.02> <nCl= 20> <al=0.55> <DB= 1742.0699> <Mlp= 1763.8626> <PB=1810.1> 
<DWph=2> <it=  3> <et=4.95> <Mt= 0.05> <Spt= 0.01> <nCl=  9> <al=0.60> <DB= 1749.5258> <Mlp= 1763.6087> <PB=1810.1> 
<DWph=2> <it=  4> <et=5.03> <Mt= 0.07> <Spt= 0.01> <nCl=  4> <al=0.64> <DB= 1753.7565> <Mlp= 1762.8118> <PB=1810.1> 
<DWph=2> <it=  5> <et=5.09> <Mt= 0.04> <Spt= 0.02> <nCl= 15> <al=0.34> <DB= 1730.8465> <Mlp= 1762.6385> <PB=1810.1> 
<DWph=2> <it=  6> <et=5.17> <Mt= 0.06> <Spt= 0.01> <nCl=  9> <al=0.57> <DB= 1742.0814> <Mlp= 1762.2083> <PB=1810.1> 
<DWph=2> <it=  7> <et=5.23> <Mt= 0.05> <Spt= 0.01> <nCl=  4> <al=0.61> <DB= 1754.9987> <Mlp= 1761.8167> <PB=1810.1> 
<DWph=2> <it=  8> <et=5.26> <Mt= 0.03> <Spt= 0.01> <nCl=  2> <al=0.65> <DB= 1757.0676> <Mlp= 1761.8103> <PB=1810.1> 
<DWph=2> <it=  9> <et=5.28> <Mt= 0.00> <Spt= 0.02> <nCl=  1> <al=0.69> <DB= 1750.0342> <Mlp= 1761.8100> <PB=1810.1> 
<DWph=2> <it= 10> <et=5.33> <Mt= 0.03> <Spt= 0.02> <nCl=  4> <al=0.44> <DB= 1757.2885> <Mlp= 1761.7809> <PB=1810.1> 
<DWph=2> <it= 11> <et=5.35> <Mt= 0.01> <Spt= 0.01> <nCl=  2> <al=0.62> <DB= 1757.2168> <Mlp= 1761.7798> <PB=1810.1> 
<DWph=2> <it= 12> <et=5.38> <Mt= 0.01> <Spt= 0.01> <nCl=  4> <al=0.52> <DB= 1760.3833> <Mlp= 1761.7655> <PB=1810.1> 
<DWph=2> <it= 13> <et=5.40> <Mt= 0.01> <Spt= 0.01> <nCl=  7> <al=0.57> <DB= 1745.5622> <Mlp= 1761.7556> <PB=1810.1> 
<DWph=2> <it= 14> <et=5.44> <Mt= 0.03> <Spt= 0.02> <nCl=  8> <al=0.22> <DB= 1754.5037> <Mlp= 1761.6789> <PB=1810.1> 
<DWph=2> <it= 15> <et=5.46> <Mt= 0.00> <Spt= 0.01> <nCl=  4> <al=0.51> <DB= 1758.4264> <Mlp= 1761.6777> <PB=1810.1> 
<DWph=2> <it= 16> <et=5.49> <Mt= 0.01> <Spt= 0.03> <nCl= 11> <al=0.12> <DB= 1725.9134> <Mlp= 1761.6777> <PB=1810.1> 
<DWph=2> <it= 17> <et=5.52> <Mt= 0.01> <Spt= 0.01> <nCl= 19> <al=0.46> <DB= 1683.9369> <Mlp= 1761.6765> <PB=1810.1> 
<DWph=2> <it= 18> <et=5.55> <Mt= 0.02> <Spt= 0.01> <nCl=  3> <al=0.51> <DB= 1758.5011> <Mlp= 1761.6351> <PB=1810.1> 
<DWph=2> <it= 19> <et=5.58> <Mt= 0.02> <Spt= 0.02> <nCl=  1> <al=0.56> <DB= 1760.3757> <Mlp= 1761.6279> <PB=1810.1> 
<DWph=2> <it= 20> <et=5.61> <Mt= 0.00> <Spt= 0.02> <nCl= 13> <al=0.00> <DB= 1740.1431> <Mlp= 1761.6279> <PB=1810.1> 
<DWph=2> <it= 21> <et=5.63> <Mt= 0.02> <Spt= 0.01> <nCl=  3> <al=0.36> <DB= 1753.8523> <Mlp= 1761.5917> <PB=1810.1> 
<DWph=2> <it= 22> <et=5.66> <Mt= 0.01> <Spt= 0.02> <nCl=  5> <al=0.00> <DB= 1758.3100> <Mlp= 1761.5917> <PB=1810.1> 
<DWph=2> <it= 23> <et=5.69> <Mt= 0.00> <Spt= 0.02> <nCl=  1> <al=0.00> <DB= 1761.5917> <Mlp= 1761.5917> <PB=1810.1> 
<DWph=1> <it= 24> <et=5.72> <Mt= 0.01> <Spt= 0.02> <nCl= 30> <al=0.23> <DB= 1699.1543> <Mlp= 1761.5917> <PB=1810.1> 
<DWph=1> <it= 25> <et=5.78> <Mt= 0.03> <Spt= 0.03> <nCl= 19> <al=0.13> <DB= 1721.7838> <Mlp= 1761.3373> <PB=1810.1> 
<DWph=1> <it= 26> <et=5.88> <Mt= 0.08> <Spt= 0.02> <nCl= 23> <al=0.21> <DB= 1727.7899> <Mlp= 1760.2796> <PB=1810.1> 
<DWph=1> <it= 27> <et=5.95> <Mt= 0.05> <Spt= 0.02> <nCl= 14> <al=0.29> <DB= 1725.0481> <Mlp= 1760.0576> <PB=1810.1> 
<DWph=1> <it= 28> <et=6.00> <Mt= 0.03> <Spt= 0.03> <nCl=  6> <al=0.36> <DB= 1746.7708> <Mlp= 1760.0197> <PB=1810.1> 
<DWph=1> <it= 29> <et=6.04> <Mt= 0.01> <Spt= 0.02> <nCl=  3> <al=0.43> <DB= 1743.3574> <Mlp= 1760.0062> <PB=1810.1> 
<DWph=1> <it= 30> <et=6.07> <Mt= 0.01> <Spt= 0.02> <nCl=  1> <al=0.33> <DB= 1753.9392> <Mlp= 1759.9903> <PB=1810.1> 
<DWph=1> <it= 31> <et=6.10> <Mt= 0.01> <Spt= 0.02> <nCl=  6> <al=0.23> <DB= 1747.3337> <Mlp= 1759.9903> <PB=1810.1> 
<DWph=1> <it= 32> <et=6.14> <Mt= 0.01> <Spt= 0.03> <nCl=  2> <al=0.30> <DB= 1755.7430> <Mlp= 1759.9897> <PB=1810.1> 
<DWph=1> <it= 33> <et=6.17> <Mt= 0.01> <Spt= 0.02> <nCl=  1> <al=0.37> <DB= 1757.5296> <Mlp= 1759.9897> <PB=1810.1> 
<DWph=1> <it= 34> <et=6.21> <Mt= 0.01> <Spt= 0.04> <nCl=  7> <al=0.00> <DB= 1759.9897> <Mlp= 1759.9897> <PB=1810.1> 
    RCSP exact solver info for graph G_1 : TT = 0.122564, pt = 0.000612, dt = 0.107668, ct = 0.013653, ndl = 12', bdl = 401', odl = 3', odf = 44', bsi = 1', cnt = 123', bdch = 5659', odch = 415', lcp = 384', #sols = 150
<DWph=0> <it= 35> <et=6.37> <Mt= 0.00> <Spt= 0.15> <nCl=150> <al=0.34> <DB= 1736.8250> <Mlp= 1759.9897> <PB=1810.1> 
    RCSP exact solver info for graph G_1 : TT = 0.08873, pt = 0.000779, dt = 0.074572, ct = 0.012777, ndl = 11', bdl = 384', odl = 3', odf = 42', bsi = 1', cnt = 74', bdch = 5290', odch = 342', lcp = 331', #sols = 150
<DWph=0> <it= 36> <et=6.55> <Mt= 0.08> <Spt= 0.10> <nCl=111> <al=0.24> <DB= 1747.1690> <Mlp= 1759.6817> <PB=1810.1> 
    RCSP exact solver info for graph G_1 : TT = 0.086712, pt = 0.000882, dt = 0.072927, ct = 0.012329, ndl = 11', bdl = 373', odl = 3', odf = 40', bsi = 1', cnt = 68', bdch = 5031', odch = 305', lcp = 296', #sols = 150
<DWph=0> <it= 37> <et=6.70> <Mt= 0.05> <Spt= 0.10> <nCl= 52> <al=0.31> <DB= 1750.4480> <Mlp= 1759.5841> <PB=1810.1> 
    RCSP exact solver info for graph G_1 : TT = 0.086127, pt = 0.000912, dt = 0.072454, ct = 0.012173, ndl = 11', bdl = 365', odl = 3', odf = 39', bsi = 1', cnt = 70', bdch = 4793', odch = 304', lcp = 293', #sols = 150
<DWph=0> <it= 38> <et=6.82> <Mt= 0.02> <Spt= 0.10> <nCl= 11> <al=0.38> <DB= 1756.0945> <Mlp= 1759.5740> <PB=1810.1> 
    RCSP exact solver info for graph G_1 : TT = 0.087562, pt = 0.00089, dt = 0.073719, ct = 0.012368, ndl = 11', bdl = 371', odl = 3', odf = 39', bsi = 1', cnt = 76', bdch = 4933', odch = 320', lcp = 305', #sols = 150
<DWph=0> <it= 39> <et=6.92> <Mt= 0.01> <Spt= 0.09> <nCl= 15> <al=0.28> <DB= 1758.5953> <Mlp= 1759.5740> <PB=1810.1> 
    RCSP exact solver info for graph G_1 : TT = 0.090973, pt = 0.000868, dt = 0.076148, ct = 0.013268, ndl = 11', bdl = 378', odl = 3', odf = 40', bsi = 1', cnt = 83', bdch = 5127', odch = 344', lcp = 326', #sols = 150
<DWph=0> <it= 40> <et=7.02> <Mt= 0.01> <Spt= 0.09> <nCl=  8> <al=0.18> <DB= 1759.3283> <Mlp= 1759.5739> <PB=1810.1> 
    RCSP exact solver info for graph G_1 : TT = 0.08989, pt = 0.000908, dt = 0.075674, ct = 0.012688, ndl = 11', bdl = 376', odl = 3', odf = 40', bsi = 1', cnt = 84', bdch = 5106', odch = 344', lcp = 325', #sols = 150
    RCSP exact solver info for graph G_1 : TT = 0.083341, pt = 0.00069, dt = 0.070026, ct = 0.012084, ndl = 11', bdl = 362', odl = 3', odf = 39', bsi = 1', cnt = 75', bdch = 4734', odch = 308', lcp = 289', #sols = 150
<DWph=0> <it= 41> <et=7.22> <Mt= 0.01> <Spt= 0.19> <nCl= 23> <al=0.00> <DB= 1759.5738> <Mlp= 1759.5738> <PB=1810.1> 
Dynamic params and stats :  aver.obdmd = 23.7284 aver.buck.num. = 26 nbR1C = 57 with avMem = 7.42105
@@ 1 6 1759.57 0.090566 0.121321 64.737 7.22
Labels distribution in buckets (bucket size) : largest - 193, top 0.1% - 193, top 0.5% - 150, top 2% - 107, top 10% - 28, top 50% - 4
Reduced cost fixing for graph G_1... 99207 buck. arcs remain (98.2% from prev., 63.6% from max.) + 10879 jump buck. arcs (6.97% from max.)
 TT = 0.415992, pt = 0.029404, dt = 0.219836, ct = 0.166243, ndl = 38', bdl = 1530', odl = 4', odf = 112', lpcb = 339', cnt = 3553', bdch = 25539', odch = 1266', lcp = 1004'
Labels distribution in buckets (bucket size) : largest - 198, top 0.1% - 198, top 0.5% - 164, top 2% - 113, top 10% - 32, top 50% - 4
Run forward enumeration with border = 50... not succeeded (ratio 0.974583) lpt = 0.00718, ndl = 8', dl = 0', lpcb = 6', dch = 5'
 TT = 0.008817, pt = 0, dt = 0.00718, ct = 0, ndl = 8', bdl = 0', lpcb = 6', cnt = 34', bdch = 5', odch = 0', lcp = 0'
ColGenEvalAlg final dual bound: 1759.57 (rounded: 1760)
Gap improvement since the last cut separation : 0.0691426 (1755.82)
Current active cuts : CAP(29,339.716) R1C(1+56,50.9144) 1rowPackR1C(1) 3rowPackR1C(56)
Shrinking heuristic shrunk 17 edges
In total 3 RCC cut(s) are found by the greedy construction heuristic 
In total 6 RCC cut(s) are found by the global pool greedy search heuristic 
2 Rank-1 1-rows pack. cuts added ,  max viol. = 0.112965, aver. viol. = 0.0751954
150 Rank-1 3-rows pack. cuts added ,  max viol. = 0.332148, aver. viol. = 0.0707429
----- Add fac. cuts : CAP(9) R1C(152), max.viol = 0.332148, aver.viol = 0.0704943, sep/add took 0.027895/0.170738 sec. -----
4174 columns (4174 active), 374 dyn. constrs. (274 active), 683 art. vars. (434 active)
<DWph=2> <it=  1> <et=7.98> <Mt= 0.11> <Spt= 0.01> <nCl=  4> <al=0.50> <DB= 1757.5075> <Mlp= 1760.7272> <PB=1810.1> 
<DWph=2> <it=  2> <et=8.07> <Mt= 0.07> <Spt= 0.03> <nCl=  6> <al=0.10> <DB= 1758.8534> <Mlp= 1760.6393> <PB=1810.1> 
<DWph=2> <it=  3> <et=8.10> <Mt= 0.01> <Spt= 0.01> <nCl=  2> <al=0.45> <DB= 1752.4201> <Mlp= 1760.6369> <PB=1810.1> 
<DWph=2> <it=  4> <et=8.19> <Mt= 0.06> <Spt= 0.03> <nCl=  5> <al=0.01> <DB= 1751.9684> <Mlp= 1760.5267> <PB=1810.1> 
<DWph=2> <it=  5> <et=8.23> <Mt= 0.02> <Spt= 0.03> <nCl=  6> <al=0.00> <DB= 1752.5747> <Mlp= 1760.5258> <PB=1810.1> 
<DWph=2> <it=  6> <et=8.31> <Mt= 0.05> <Spt= 0.02> <nCl=  2> <al=0.00> <DB= 1759.3766> <Mlp= 1760.5184> <PB=1810.1> 
<DWph=2> <it=  7> <et=8.34> <Mt= 0.01> <Spt= 0.03> <nCl=  0> <al=0.00> <DB= 1760.5184> <Mlp= 1760.5184> <PB=1810.1> 
<DWph=1> <it=  8> <et=8.37> <Mt= 0.00> <Spt= 0.02> <nCl= 10> <al=0.11> <DB= 1738.7354> <Mlp= 1760.5184> <PB=1810.1> 
<DWph=1> <it=  9> <et=8.48> <Mt= 0.09> <Spt= 0.03> <nCl= 12> <al=0.01> <DB= 1752.8809> <Mlp= 1760.4140> <PB=1810.1> 
<DWph=1> <it= 10> <et=8.55> <Mt= 0.03> <Spt= 0.02> <nCl=  2> <al=0.00> <DB= 1759.8694> <Mlp= 1760.4056> <PB=1810.1> 
<DWph=1> <it= 11> <et=8.60> <Mt= 0.01> <Spt= 0.05> <nCl=  0> <al=0.00> <DB= 1760.4056> <Mlp= 1760.4056> <PB=1810.1> 
    RCSP exact solver info for graph G_1 : TT = 0.132733, pt = 0.000933, dt = 0.113809, ct = 0.017349, ndl = 15', bdl = 475', odl = 3', odf = 55', bsi = 1', cnt = 176', bdch = 7477', odch = 928', lcp = 672', #sols = 150
<DWph=0> <it= 12> <et=8.76> <Mt= 0.01> <Spt= 0.16> <nCl=144> <al=0.00> <DB= 1741.7406> <Mlp= 1760.4056> <PB=1810.1> 
    RCSP exact solver info for graph G_1 : TT = 0.118754, pt = 0.001078, dt = 0.101263, ct = 0.015754, ndl = 14', bdl = 451', odl = 3', odf = 52', bsi = 1', cnt = 128', bdch = 6870', odch = 720', lcp = 541', #sols = 150
<DWph=0> <it= 13> <et=8.96> <Mt= 0.07> <Spt= 0.12> <nCl= 25> <al=0.00> <DB= 1757.2274> <Mlp= 1760.3745> <PB=1810.1> 
    RCSP exact solver info for graph G_1 : TT = 0.118625, pt = 0.001048, dt = 0.101122, ct = 0.015767, ndl = 14', bdl = 451', odl = 3', odf = 52', bsi = 1', cnt = 127', bdch = 6859', odch = 720', lcp = 538', #sols = 150
<DWph=0> <it= 14> <et=9.09> <Mt= 0.00> <Spt= 0.13> <nCl=  2> <al=0.00> <DB= 1760.3745> <Mlp= 1760.3745> <PB=1810.1> 
Dynamic params and stats :  aver.obdmd = 23.7284 aver.buck.num. = 26 nbR1C = 73 with avMem = 8.78082
@@ 1 7 1760.37 0.121688 0.131158 63.5519 9.09
    Full reduced cost fixing is not called (gap ratio is 0.984122)
ColGenEvalAlg final dual bound: 1760.37 (rounded: 1761)
Gap improvement since the last cut separation : 0.0158462 (1759.57)
Separator R1C not in maximum phase
Cut generation tailing off counter increased to 0
Current active cuts : CAP(31,321.048) R1C(4+69,61.3241) 1rowPackR1C(4) 3rowPackR1C(69)
Shrinking heuristic shrunk 12 edges
In total 33 RCC cut(s) are found by the global pool greedy search heuristic 
3 Rank-1 1-rows pack. cuts added ,  max viol. = 0.0783377, aver. viol. = 0.045528
150 Rank-1 3-rows pack. cuts added ,  max viol. = 0.234782, aver. viol. = 0.0654497
Building structures for heuristic rank-1 packing cut separation...done!
100 Rank-1 4-rows pack. cuts added ,  max viol. = 0.253384, aver. viol. = 0.0848171
----- Add fac. cuts : CAP(33) R1C(253), max.viol = 0.253384, aver.viol = 0.0711956, sep/add took 0.107364/0.377489 sec. -----
4394 columns (4394 active), 560 dyn. constrs. (416 active), 969 art. vars. (576 active)
<DWph=2> <it=  1> <et=9.79> <Mt= 0.17> <Spt= 0.01> <nCl=  3> <al=0.50> <DB= 1754.0846> <Mlp= 1761.7806> <PB=1810.1> 
<DWph=2> <it=  2> <et=10.02> <Mt= 0.21> <Spt= 0.02> <nCl=  2> <al=0.55> <DB= 1757.8878> <Mlp= 1761.6230> <PB=1810.1> 
<DWph=2> <it=  3> <et=10.06> <Mt= 0.02> <Spt= 0.02> <nCl=  2> <al=0.60> <DB= 1760.5220> <Mlp= 1761.6228> <PB=1810.1> 
<DWph=2> <it=  4> <et=10.28> <Mt= 0.21> <Spt= 0.02> <nCl=  3> <al=0.64> <DB= 1757.6135> <Mlp= 1761.5194> <PB=1810.1> 
<DWph=2> <it=  5> <et=10.40> <Mt= 0.10> <Spt= 0.02> <nCl=  2> <al=0.67> <DB= 1760.8476> <Mlp= 1761.5145> <PB=1810.1> 
<DWph=2> <it=  6> <et=10.43> <Mt= 0.02> <Spt= 0.01> <nCl=  4> <al=0.57> <DB= 1756.2669> <Mlp= 1761.5145> <PB=1810.1> 
<DWph=2> <it=  7> <et=10.50> <Mt= 0.04> <Spt= 0.02> <nCl=  2> <al=0.61> <DB= 1757.6620> <Mlp= 1761.5131> <PB=1810.1> 
<DWph=2> <it=  8> <et=10.55> <Mt= 0.04> <Spt= 0.02> <nCl=  4> <al=0.65> <DB= 1761.0771> <Mlp= 1761.5095> <PB=1810.1> 
<DWph=2> <it=  9> <et=10.59> <Mt= 0.02> <Spt= 0.02> <nCl=  1> <al=0.55> <DB= 1756.4324> <Mlp= 1761.5092> <PB=1810.1> 
<DWph=2> <it= 10> <et=10.62> <Mt= 0.01> <Spt= 0.02> <nCl=  2> <al=0.60> <DB= 1758.1476> <Mlp= 1761.5092> <PB=1810.1> 
<DWph=2> <it= 11> <et=10.75> <Mt= 0.11> <Spt= 0.02> <nCl= 30> <al=0.64> <DB= 1435.9968> <Mlp= 1761.5053> <PB=1810.1> 
#<DWph=2> <it= 12> <et=10.91> <Mt= 0.11> <Spt= 0.04> <nCl= 10> <al=0.35> <DB= 1742.5769> <Mlp= 1761.4912> <PB=1810.1> 
<DWph=2> <it= 13> <et=10.98> <Mt= 0.03> <Spt= 0.04> <nCl= 29> <al=0.15> <DB= 1708.2758> <Mlp= 1761.5092> <PB=1810.1> 
<DWph=2> <it= 14> <et=11.02> <Mt= 0.03> <Spt= 0.02> <nCl=  2> <al=0.47> <DB= 1758.3683> <Mlp= 1761.5092> <PB=1810.1> 
<DWph=2> <it= 15> <et=11.07> <Mt= 0.01> <Spt= 0.03> <nCl=  3> <al=0.05> <DB= 1753.2331> <Mlp= 1761.5092> <PB=1810.1> 
<DWph=2> <it= 16> <et=11.12> <Mt= 0.02> <Spt= 0.03> <nCl=  1> <al=0.00> <DB= 1761.5092> <Mlp= 1761.5092> <PB=1810.1> 
<DWph=1> <it= 17> <et=11.16> <Mt= 0.01> <Spt= 0.04> <nCl= 23> <al=0.33> <DB= 1744.7321> <Mlp= 1761.5092> <PB=1810.1> 
<DWph=1> <it= 18> <et=11.32> <Mt= 0.13> <Spt= 0.03> <nCl= 12> <al=0.23> <DB= 1742.4089> <Mlp= 1761.4881> <PB=1810.1> 
<DWph=1> <it= 19> <et=11.48> <Mt= 0.12> <Spt= 0.03> <nCl= 11> <al=0.13> <DB= 1737.5934> <Mlp= 1761.4846> <PB=1810.1> 
<DWph=1> <it= 20> <et=11.63> <Mt= 0.12> <Spt= 0.03> <nCl= 10> <al=0.21> <DB= 1740.8854> <Mlp= 1761.4706> <PB=1810.1> 
<DWph=1> <it= 21> <et=11.69> <Mt= 0.03> <Spt= 0.03> <nCl=  3> <al=0.29> <DB= 1756.5693> <Mlp= 1761.4701> <PB=1810.1> 
<DWph=1> <it= 22> <et=11.94> <Mt= 0.22> <Spt= 0.03> <nCl=  7> <al=0.19> <DB= 1742.2128> <Mlp= 1761.4407> <PB=1810.1> 
<DWph=1> <it= 23> <et=12.07> <Mt= 0.08> <Spt= 0.06> <nCl=  3> <al=0.00> <DB= 1754.1563> <Mlp= 1761.4378> <PB=1810.1> 
<DWph=1> <it= 24> <et=12.16> <Mt= 0.03> <Spt= 0.05> <nCl=  3> <al=0.00> <DB= 1750.1959> <Mlp= 1761.4376> <PB=1810.1> 
<DWph=1> <it= 25> <et=12.23> <Mt= 0.01> <Spt= 0.06> <nCl=  0> <al=0.00> <DB= 1761.4376> <Mlp= 1761.4376> <PB=1810.1> 
    RCSP exact solver info for graph G_1 : TT = 0.272208, pt = 0.001422, dt = 0.240836, ct = 0.029253, ndl = 24', bdl = 733', odl = 3', odf = 96', bsi = 2', cnt = 367', bdch = 16780', odch = 2829', lcp = 1766', #sols = 150
<DWph=0> <it= 26> <et=12.55> <Mt= 0.01> <Spt= 0.31> <nCl=150> <al=0.00> <DB= 1717.7297> <Mlp= 1761.4376> <PB=1810.1> 
    RCSP exact solver info for graph G_1 : TT = 0.200518, pt = 0.001477, dt = 0.172849, ct = 0.025479, ndl = 21', bdl = 634', odl = 3', odf = 81', bsi = 1', cnt = 291', bdch = 13271', odch = 1777', lcp = 1191', #sols = 150
<DWph=0> <it= 27> <et=12.98> <Mt= 0.20> <Spt= 0.23> <nCl=120> <al=0.00> <DB= 1745.3562> <Mlp= 1761.4031> <PB=1810.1> 
    RCSP exact solver info for graph G_1 : TT = 0.216264, pt = 0.001723, dt = 0.188182, ct = 0.025656, ndl = 21', bdl = 659', odl = 3', odf = 84', bsi = 1', cnt = 285', bdch = 13955', odch = 2079', lcp = 1343', #sols = 150
<DWph=0> <it= 28> <et=13.40> <Mt= 0.19> <Spt= 0.23> <nCl= 28> <al=0.08> <DB= 1757.5592> <Mlp= 1761.3856> <PB=1810.1> 
    RCSP exact solver info for graph G_1 : TT = 0.21896, pt = 0.001888, dt = 0.190568, ct = 0.02581, ndl = 21', bdl = 649', odl = 4', odf = 83', bsi = 1', cnt = 288', bdch = 13899', odch = 2057', lcp = 1332', #sols = 150
<DWph=0> <it= 29> <et=13.70> <Mt= 0.06> <Spt= 0.23> <nCl= 23> <al=0.17> <DB= 1758.7553> <Mlp= 1761.3850> <PB=1810.1> 
    RCSP exact solver info for graph G_1 : TT = 0.223441, pt = 0.001889, dt = 0.194608, ct = 0.026186, ndl = 21', bdl = 662', odl = 4', odf = 85', bsi = 1', cnt = 292', bdch = 14354', odch = 2101', lcp = 1364', #sols = 150
    RCSP exact solver info for graph G_1 : TT = 0.209519, pt = 0.001432, dt = 0.181737, ct = 0.025708, ndl = 21', bdl = 654', odl = 4', odf = 84', bsi = 1', cnt = 292', bdch = 14187', odch = 2059', lcp = 1337', #sols = 150
<DWph=0> <it= 30> <et=14.17> <Mt= 0.03> <Spt= 0.45> <nCl= 26> <al=0.00> <DB= 1761.3850> <Mlp= 1761.3850> <PB=1810.1> 
Dynamic params and stats :  aver.obdmd = 23.7284 aver.buck.num. = 26 nbR1C = 101 with avMem = 9.37624
@@ 1 8 1761.39 0.221145 0.270089 63.5519 14.17
    Full reduced cost fixing is not called (gap ratio is 0.964083)
Bucket graph for G_1 is regenerated as bucket steps were adjusted for 81 vertices
RCSP solver info : number of forw. reachable buckets / buck. strongly connected components is 3771( 91.2854% ) / 3279( 86.9531% )
197717 forw. buck. arcs remain (67.2781% from max.)
ColGenEvalAlg final dual bound: 1761.39 (rounded: 1762)
Gap improvement since the last cut separation : 0.020322 (1760.37)
Current active cuts : CAP(31,301.7) R1C(5+96,89.144) 1rowPackR1C(5) 3rowPackR1C(69) 4rowPackR1C(27)
Shrinking heuristic shrunk 12 edges
In total 1 RCC cut(s) are found by the Fractional capacity min-cut heuristic 
In total 2 RCC cut(s) are found by the global pool greedy search heuristic 
50 Rank-1 3-rows pack. cuts added ,  max viol. = 0.0800889, aver. viol. = 0.0417158
Building structures for heuristic rank-1 packing cut separation...done!
21 Rank-1 4-rows pack. cuts added ,  max viol. = 0.0746809, aver. viol. = 0.0490361
100 Rank-1 5-rows pack. cuts added ,  max viol. = 0.131172, aver. viol. = 0.0619469
----- Add fac. cuts : CAP(3) R1C(171), max.viol = 0.262344, aver.viol = 0.073087, sep/add took 0.708136/0.236426 sec. -----
4913 columns (4913 active), 590 dyn. constrs. (332 active), 1143 art. vars. (492 active)
<DWph=2> <it=  1> <et=15.40> <Mt= 0.17> <Spt= 0.03> <nCl=  2> <al=0.50> <DB= 1757.3868> <Mlp= 1761.7180> <PB=1810.1> 
<DWph=2> <it=  2> <et=15.47> <Mt= 0.04> <Spt= 0.02> <nCl=  1> <al=0.55> <DB= 1759.1748> <Mlp= 1761.7137> <PB=1810.1> 
<DWph=2> <it=  3> <et=15.53> <Mt= 0.01> <Spt= 0.05> <nCl=  2> <al=0.19> <DB= 1760.6788> <Mlp= 1761.7137> <PB=1810.1> 
<DWph=2> <it=  4> <et=15.61> <Mt= 0.04> <Spt= 0.05> <nCl=  2> <al=0.00> <DB= 1757.4955> <Mlp= 1761.7118> <PB=1810.1> 
<DWph=2> <it=  5> <et=15.69> <Mt= 0.02> <Spt= 0.05> <nCl=  0> <al=0.00> <DB= 1761.7108> <Mlp= 1761.7108> <PB=1810.1> 
<DWph=1> <it=  6> <et=15.73> <Mt= 0.01> <Spt= 0.04> <nCl=  2> <al=0.30> <DB= 1761.1477> <Mlp= 1761.7108> <PB=1810.1> 
<DWph=1> <it=  7> <et=15.82> <Mt= 0.01> <Spt= 0.07> <nCl=  3> <al=0.00> <DB= 1761.7101> <Mlp= 1761.7101> <PB=1810.1> 
    RCSP exact solver info for graph G_1 : TT = 0.210134, pt = 0.001583, dt = 0.180933, ct = 0.026845, ndl = 22', bdl = 680', odl = 6', odf = 159', bsi = 1', cnt = 254', bdch = 8813', odch = 3003', lcp = 880', #sols = 150
<DWph=0> <it=  8> <et=16.05> <Mt= 0.01> <Spt= 0.22> <nCl= 57> <al=0.10> <DB= 1738.0189> <Mlp= 1761.7101> <PB=1810.1> 
    RCSP exact solver info for graph G_1 : TT = 0.208462, pt = 0.001847, dt = 0.179499, ct = 0.026333, ndl = 22', bdl = 673', odl = 6', odf = 152', bsi = 1', cnt = 246', bdch = 8537', odch = 2606', lcp = 788', #sols = 150
<DWph=0> <it=  9> <et=16.36> <Mt= 0.09> <Spt= 0.22> <nCl= 15> <al=0.19> <DB= 1757.2544> <Mlp= 1761.6353> <PB=1810.1> 
    RCSP exact solver info for graph G_1 : TT = 0.20563, pt = 0.001875, dt = 0.177203, ct = 0.025786, ndl = 21', bdl = 663', odl = 6', odf = 150', bsi = 1', cnt = 230', bdch = 8318', odch = 2545', lcp = 755', #sols = 150
<DWph=0> <it= 10> <et=16.60> <Mt= 0.04> <Spt= 0.21> <nCl= 13> <al=0.09> <DB= 1760.8897> <Mlp= 1761.6339> <PB=1810.1> 
    RCSP exact solver info for graph G_1 : TT = 0.207311, pt = 0.001865, dt = 0.178742, ct = 0.026022, ndl = 22', bdl = 669', odl = 6', odf = 151', bsi = 1', cnt = 231', bdch = 8479', odch = 2586', lcp = 767', #sols = 150
<DWph=0> <it= 11> <et=16.84> <Mt= 0.01> <Spt= 0.22> <nCl= 12> <al=0.18> <DB= 1761.0886> <Mlp= 1761.6339> <PB=1810.1> 
    RCSP exact solver info for graph G_1 : TT = 0.206195, pt = 0.001863, dt = 0.177732, ct = 0.025839, ndl = 21', bdl = 664', odl = 6', odf = 150', bsi = 1', cnt = 230', bdch = 8350', odch = 2578', lcp = 764', #sols = 150
    RCSP exact solver info for graph G_1 : TT = 0.20355, pt = 0.001639, dt = 0.175255, ct = 0.025941, ndl = 22', bdl = 667', odl = 6', odf = 151', bsi = 1', cnt = 233', bdch = 8435', odch = 2603', lcp = 772', #sols = 150
<DWph=0> <it= 12> <et=17.27> <Mt= 0.02> <Spt= 0.42> <nCl= 20> <al=0.00> <DB= 1761.6339> <Mlp= 1761.6339> <PB=1810.1> 
Dynamic params and stats :  aver.obdmd = 47.4568 aver.buck.num. = 51 nbR1C = 100 with avMem = 10.33
@@ 1 9 1761.63 0.204355 0.207778 67.2781 17.27
    Full reduced cost fixing is not called (gap ratio is 0.959148)
ColGenEvalAlg final dual bound: 1761.63 (rounded: 1762)
Gap improvement since the last cut separation : 0.0051082 (1761.39)
Cut generation tailing off counter increased to 1
Current active cuts : CAP(32,279.028) R1C(5+95,94.0842) 1rowPackR1C(5) 3rowPackR1C(58) 4rowPackR1C(23) 5rowPackR1C(14)
Shrinking heuristic shrunk 6 edges
In total 12 RCC cut(s) are found by the global pool greedy search heuristic 
2 Rank-1 1-rows pack. cuts added ,  max viol. = 0.0257535, aver. viol. = 0.0253201
107 Rank-1 3-rows pack. cuts added ,  max viol. = 0.0560278, aver. viol. = 0.0287502
Building structures for heuristic rank-1 packing cut separation...done!
75 Rank-1 4-rows pack. cuts added ,  max viol. = 0.0752071, aver. viol. = 0.0356046
100 Rank-1 5-rows pack. cuts added ,  max viol. = 0.102491, aver. viol. = 0.0563741
----- Add fac. cuts : CAP(12) R1C(284), max.viol = 0.211688, aver.viol = 0.0487487, sep/add took 1.05191/0.395761 sec. -----
5042 columns (5042 active), 628 dyn. constrs. (455 active), 1439 art. vars. (615 active)
<DWph=2> <it=  1> <et=19.00> <Mt= 0.17> <Spt= 0.03> <nCl=  2> <al=0.50> <DB= 1757.7651> <Mlp= 1762.0448> <PB=1810.1> 
<DWph=2> <it=  2> <et=19.12> <Mt= 0.09> <Spt= 0.03> <nCl=  1> <al=0.55> <DB= 1752.4444> <Mlp= 1762.0418> <PB=1810.1> 
<DWph=2> <it=  3> <et=19.21> <Mt= 0.03> <Spt= 0.06> <nCl=  6> <al=0.19> <DB= 1744.0424> <Mlp= 1762.0418> <PB=1810.1> 
<DWph=2> <it=  4> <et=19.30> <Mt= 0.05> <Spt= 0.04> <nCl=  6> <al=0.50> <DB= 1751.8554> <Mlp= 1762.0418> <PB=1810.1> 
<DWph=2> <it=  5> <et=19.50> <Mt= 0.14> <Spt= 0.06> <nCl=  8> <al=0.09> <DB= 1747.2230> <Mlp= 1762.0399> <PB=1810.1> 
<DWph=2> <it=  6> <et=19.64> <Mt= 0.10> <Spt= 0.03> <nCl=  7> <al=0.45> <DB= 1758.7850> <Mlp= 1762.0316> <PB=1810.1> 
<DWph=2> <it=  7> <et=19.74> <Mt= 0.07> <Spt= 0.04> <nCl=  3> <al=0.50> <DB= 1757.4729> <Mlp= 1762.0303> <PB=1810.1> 
<DWph=2> <it=  8> <et=19.84> <Mt= 0.04> <Spt= 0.06> <nCl=  5> <al=0.10> <DB= 1749.4469> <Mlp= 1762.0294> <PB=1810.1> 
<DWph=2> <it=  9> <et=19.94> <Mt= 0.03> <Spt= 0.06> <nCl=  7> <al=0.00> <DB= 1751.8157> <Mlp= 1762.0294> <PB=1810.1> 
<DWph=2> <it= 10> <et=20.02> <Mt= 0.03> <Spt= 0.06> <nCl=  2> <al=0.00> <DB= 1745.5551> <Mlp= 1762.0294> <PB=1810.1> 
<DWph=2> <it= 11> <et=20.08> <Mt= 0.02> <Spt= 0.04> <nCl=  3> <al=0.25> <DB= 1761.6864> <Mlp= 1762.0294> <PB=1810.1> 
<DWph=2> <it= 12> <et=20.15> <Mt= 0.03> <Spt= 0.03> <nCl=  1> <al=0.33> <DB= 1759.8638> <Mlp= 1762.0294> <PB=1810.1> 
<DWph=2> <it= 13> <et=20.26> <Mt= 0.05> <Spt= 0.06> <nCl=  4> <al=0.00> <DB= 1758.8850> <Mlp= 1762.0290> <PB=1810.1> 
<DWph=2> <it= 14> <et=20.36> <Mt= 0.06> <Spt= 0.04> <nCl=  1> <al=0.29> <DB= 1760.3092> <Mlp= 1762.0280> <PB=1810.1> 
<DWph=2> <it= 15> <et=20.43> <Mt= 0.02> <Spt= 0.06> <nCl=  2> <al=0.00> <DB= 1761.9134> <Mlp= 1762.0280> <PB=1810.1> 
<DWph=2> <it= 16> <et=20.51> <Mt= 0.01> <Spt= 0.06> <nCl=  0> <al=0.00> <DB= 1762.0280> <Mlp= 1762.0280> <PB=1810.1> 
<DWph=1> <it= 17> <et=20.55> <Mt= 0.01> <Spt= 0.04> <nCl=  5> <al=0.16> <DB= 1739.3938> <Mlp= 1762.0280> <PB=1810.1> 
<DWph=1> <it= 18> <et=20.76> <Mt= 0.17> <Spt= 0.04> <nCl=  4> <al=0.25> <DB= 1756.3433> <Mlp= 1762.0251> <PB=1810.1> 
<DWph=1> <it= 19> <et=20.86> <Mt= 0.01> <Spt= 0.08> <nCl=  6> <al=0.00> <DB= 1761.8224> <Mlp= 1762.0251> <PB=1810.1> 
<DWph=1> <it= 20> <et=20.96> <Mt= 0.02> <Spt= 0.08> <nCl=  0> <al=0.00> <DB= 1762.0251> <Mlp= 1762.0251> <PB=1810.1> 
    RCSP exact solver info for graph G_1 : TT = 0.371941, pt = 0.002114, dt = 0.324562, ct = 0.04436, ndl = 31', bdl = 923', odl = 6', odf = 219', bsi = 1', cnt = 510', bdch = 15447', odch = 5861', lcp = 1915', #sols = 150
<DWph=0> <it= 21> <et=21.38> <Mt= 0.00> <Spt= 0.42> <nCl=150> <al=0.12> <DB= 1741.3843> <Mlp= 1762.0251> <PB=1810.1> 
    RCSP exact solver info for graph G_1 : TT = 0.378499, pt = 0.002556, dt = 0.331636, ct = 0.043452, ndl = 32', bdl = 945', odl = 6', odf = 223', bsi = 1', cnt = 462', bdch = 16044', odch = 6058', lcp = 1908', #sols = 150
<DWph=0> <it= 22> <et=22.08> <Mt= 0.31> <Spt= 0.40> <nCl= 62> <al=0.02> <DB= 1747.8425> <Mlp= 1762.0102> <PB=1810.1> 
    RCSP exact solver info for graph G_1 : TT = 0.374452, pt = 0.002663, dt = 0.328236, ct = 0.042679, ndl = 31', bdl = 930', odl = 6', odf = 219', bsi = 1', cnt = 453', bdch = 15357', odch = 5840', lcp = 1837', #sols = 150
<DWph=0> <it= 23> <et=22.57> <Mt= 0.10> <Spt= 0.38> <nCl=  6> <al=0.12> <DB= 1757.7684> <Mlp= 1762.0030> <PB=1810.1> 
    RCSP exact solver info for graph G_1 : TT = 0.370867, pt = 0.002659, dt = 0.32508, ct = 0.042334, ndl = 31', bdl = 924', odl = 6', odf = 218', bsi = 1', cnt = 449', bdch = 15191', odch = 5749', lcp = 1808', #sols = 150
<DWph=0> <it= 24> <et=22.96> <Mt= 0.02> <Spt= 0.38> <nCl=  4> <al=0.21> <DB= 1760.3333> <Mlp= 1762.0030> <PB=1810.1> 
    RCSP exact solver info for graph G_1 : TT = 0.373838, pt = 0.002666, dt = 0.327629, ct = 0.042679, ndl = 31', bdl = 928', odl = 6', odf = 219', bsi = 1', cnt = 456', bdch = 15323', odch = 5846', lcp = 1832', #sols = 150
<DWph=0> <it= 25> <et=23.36> <Mt= 0.01> <Spt= 0.38> <nCl=  7> <al=0.29> <DB= 1761.5229> <Mlp= 1762.0030> <PB=1810.1> 
    RCSP exact solver info for graph G_1 : TT = 0.37263, pt = 0.002652, dt = 0.326608, ct = 0.042501, ndl = 31', bdl = 923', odl = 6', odf = 218', bsi = 1', cnt = 447', bdch = 15206', odch = 5750', lcp = 1802', #sols = 150
    RCSP exact solver info for graph G_1 : TT = 0.346974, pt = 0.002058, dt = 0.302984, ct = 0.041157, ndl = 31', bdl = 924', odl = 6', odf = 219', bsi = 1', cnt = 449', bdch = 15200', odch = 5758', lcp = 1804', #sols = 150
<DWph=0> <it= 26> <et=24.11> <Mt= 0.02> <Spt= 0.73> <nCl= 29> <al=0.00> <DB= 1762.0030> <Mlp= 1762.0030> <PB=1810.1> 
Dynamic params and stats :  aver.obdmd = 47.4568 aver.buck.num. = 51 nbR1C = 120 with avMem = 10.6917
@@ 1 10 1762 0.366557 0.375088 67.2781 24.11
    Full reduced cost fixing is not called (gap ratio is 0.951827)
ColGenEvalAlg final dual bound: 1762 (rounded: 1763)
Gap improvement since the last cut separation : 0.00761718 (1761.63)
Cut generation tailing off counter increased to 2
Current active cuts : CAP(29,222.237) R1C(7+113,128.759) 1rowPackR1C(7) 3rowPackR1C(64) 4rowPackR1C(28) 5rowPackR1C(21)
Shrinking heuristic shrunk 8 edges
In total 1 RCC cut(s) are found by the greedy construction heuristic 
In total 8 RCC cut(s) are found by the global pool greedy search heuristic 
4 Rank-1 1-rows pack. cuts added ,  max viol. = 0.0438937, aver. viol. = 0.0400621
43 Rank-1 3-rows pack. cuts added ,  max viol. = 0.105114, aver. viol. = 0.0483486
Building structures for heuristic rank-1 packing cut separation...done!
29 Rank-1 4-rows pack. cuts added ,  max viol. = 0.0743197, aver. viol. = 0.039447
100 Rank-1 5-rows pack. cuts added ,  max viol. = 0.0737065, aver. viol. = 0.0476809
----- Add fac. cuts : CAP(9) R1C(176), max.viol = 0.161973, aver.viol = 0.0635871, sep/add took 0.878446/0.279041 sec. -----
5373 columns (5373 active), 640 dyn. constrs. (361 active), 1624 art. vars. (521 active)
<DWph=2> <it=  1> <et=25.55> <Mt= 0.22> <Spt= 0.03> <nCl=  2> <al=0.50> <DB= 1758.3289> <Mlp= 1762.2567> <PB=1810.1> 
<DWph=2> <it=  2> <et=25.65> <Mt= 0.06> <Spt= 0.03> <nCl=  2> <al=0.55> <DB= 1762.0843> <Mlp= 1762.2526> <PB=1810.1> 
<DWph=2> <it=  3> <et=25.69> <Mt= 0.02> <Spt= 0.03> <nCl=  2> <al=0.60> <DB= 1761.1922> <Mlp= 1762.2526> <PB=1810.1> 
<DWph=2> <it=  4> <et=25.78> <Mt= 0.03> <Spt= 0.06> <nCl=  1> <al=0.27> <DB= 1760.7856> <Mlp= 1762.2517> <PB=1810.1> 
<DWph=2> <it=  5> <et=25.89> <Mt= 0.04> <Spt= 0.07> <nCl=  4> <al=0.07> <DB= 1747.5346> <Mlp= 1762.2486> <PB=1810.1> 
<DWph=2> <it=  6> <et=25.96> <Mt= 0.01> <Spt= 0.05> <nCl=  2> <al=0.00> <DB= 1762.2486> <Mlp= 1762.2486> <PB=1810.1> 
<DWph=1> <it=  7> <et=26.01> <Mt= 0.01> <Spt= 0.04> <nCl=  2> <al=0.34> <DB= 1760.1599> <Mlp= 1762.2486> <PB=1810.1> 
<DWph=1> <it=  8> <et=26.10> <Mt= 0.01> <Spt= 0.08> <nCl=  0> <al=0.00> <DB= 1762.2486> <Mlp= 1762.2486> <PB=1810.1> 
    RCSP exact solver info for graph G_1 : TT = 0.319253, pt = 0.001953, dt = 0.279082, ct = 0.037431, ndl = 30', bdl = 885', odl = 6', odf = 210', bsi = 1', cnt = 334', bdch = 14415', odch = 5158', lcp = 1673', #sols = 150
<DWph=0> <it=  9> <et=26.44> <Mt= 0.01> <Spt= 0.33> <nCl= 63> <al=0.30> <DB= 1753.3805> <Mlp= 1762.2486> <PB=1810.1> 
    RCSP exact solver info for graph G_1 : TT = 0.31666, pt = 0.002329, dt = 0.277824, ct = 0.035722, ndl = 28', bdl = 847', odl = 6', odf = 201', bsi = 1', cnt = 292', bdch = 13410', odch = 4448', lcp = 1421', #sols = 150
<DWph=0> <it= 10> <et=26.83> <Mt= 0.06> <Spt= 0.33> <nCl=  6> <al=0.37> <DB= 1758.9480> <Mlp= 1762.2424> <PB=1810.1> 
    RCSP exact solver info for graph G_1 : TT = 0.31236, pt = 0.002349, dt = 0.27377, ct = 0.035463, ndl = 28', bdl = 851', odl = 6', odf = 200', bsi = 1', cnt = 283', bdch = 13318', odch = 4394', lcp = 1386', #sols = 150
    RCSP exact solver info for graph G_1 : TT = 0.307079, pt = 0.002084, dt = 0.268774, ct = 0.035368, ndl = 29', bdl = 851', odl = 6', odf = 200', bsi = 1', cnt = 289', bdch = 13377', odch = 4449', lcp = 1394', #sols = 150
<DWph=0> <it= 11> <et=27.48> <Mt= 0.02> <Spt= 0.63> <nCl= 25> <al=0.00> <DB= 1762.2424> <Mlp= 1762.2424> <PB=1810.1> 
Dynamic params and stats :  aver.obdmd = 47.4568 aver.buck.num. = 51 nbR1C = 121 with avMem = 10.876
@@ 1 11 1762.24 0.310858 0.316513 67.2781 27.48
    Full reduced cost fixing is not called (gap ratio is 0.947081)
ColGenEvalAlg final dual bound: 1762.24 (rounded: 1763)
Gap improvement since the last cut separation : 0.00497584 (1762)
----- Cut generation is stopped due to tailing off -----
Current active cuts : CAP(30,202.113) R1C(10+111,127.215) 1rowPackR1C(10) 3rowPackR1C(60) 4rowPackR1C(26) 5rowPackR1C(25)
**** Strong branching phase 1 is started *****
SB phase 1 cand.  1 branch on EDGE[20,29] (lhs=0.4877): [ 1762.8155,  1763.5027], score = 0.72      <et=28.03>
SB phase 1 cand.  2 branch on EDGE[23,44] (lhs=0.5670): [ 1762.7709,  1763.0860], score = 0.45      <et=28.41>
SB phase 1 cand.  3 branch on EDGE[6,30] (lhs=0.5907) : [ 1762.8648,  1763.2833], score = 0.65      <et=28.83>
SB phase 1 cand.  4 branch on EDGE[17,29] (lhs=0.4086): [ 1762.4998,  1763.2916], score = 0.27      <et=29.19>
SB phase 1 cand.  5 branch on EDGE[0,24] (lhs=0.4081) : [ 1762.5164,  1762.9573], score = 0.20      <et=29.57>
SB phase 1 cand.  6 branch on EDGE[30,59] (lhs=0.5967): [ 1763.4032,  1763.5001], score = 1.46      <et=30.09>
SB phase 1 cand.  7 branch on EDGE[5,78] (lhs=0.3965) : [ 1762.7858,  1764.0038], score = 0.96      <et=30.48>
SB phase 1 cand.  8 branch on EDGE[13,74] (lhs=0.6167): [ 1762.5454,  1764.0000], score = 0.53      <et=30.87>
SB phase 1 cand.  9 branch on EDGE[63,71] (lhs=0.6247): [ 1763.0870,  1763.7368], score = 1.26      <et=31.35>
SB phase 1 cand. 10 branch on EDGE[27,31] (lhs=0.6312): [ 1762.6641,  1762.6761], score = 0.18      <et=31.73>
SB phase 1 cand. 11 branch on EDGE[0,62] (lhs=0.3651) : [ 1762.8297,  1763.0372], score = 0.47      <et=32.11>
SB phase 1 cand. 12 branch on EDGE[0,5] (lhs=0.6370)  : [ 1762.7051,  1762.9211], score = 0.31      <et=32.49>
SB phase 1 cand. 13 branch on EDGE[30,78] (lhs=0.3548): [ 1762.6995,  1764.2583], score = 0.92      <et=32.91>
SB phase 1 cand. 14 branch on EDGE[11,52] (lhs=0.6503): [ 1762.8946,  1762.9651], score = 0.47      <et=33.3>
SB phase 1 cand. 15 branch on EDGE[0,30] (lhs=0.3482) : [ 1762.6642,  1764.1932], score = 0.82      <et=33.7>
SB phase 1 cand. 16 branch on EDGE[0,52] (lhs=0.3432) : [ 1762.4720,  1763.1509], score = 0.21      <et=34.06>
SB phase 1 cand. 17 branch on EDGE[42,53] (lhs=0.6657): [ 1762.8702,  1763.6960], score = 0.91      <et=34.52>
SB phase 1 cand. 18 branch on EDGE[23,62] (lhs=0.6671): [ 1762.6933,  1763.0640], score = 0.37      <et=34.94>
SB phase 1 cand. 19 branch on EDGE[60,74] (lhs=0.6698): [ 1763.2245,  1763.4680], score = 1.20      <et=35.43>
SB phase 1 cand. 20 branch on EDGE[5,44] (lhs=0.3288) : [ 1762.6985,  1763.0467], score = 0.37      <et=35.84>
SB phase 1 cand. 21 branch on EDGE[62,63] (lhs=0.6746): [ 1763.0802,  1763.3030], score = 0.89      <et=36.3>
SB phase 1 cand. 22 branch on EDGE[36,66] (lhs=0.7003): [ 1762.2424,  1763.1283], score = 0.00      <et=36.55>
SB phase 1 cand. 23 branch on EDGE[53,67] (lhs=0.7012): [ 1762.2424,  1762.7813], score = 0.00      <et=36.75>
SB phase 1 cand. 24 branch on EDGE[0,74] (lhs=0.2972) : [ 1762.7857,  1763.2718], score = 0.56      <et=37.12>
SB phase 1 cand. 25 branch on EDGE[17,74] (lhs=0.2972): [ 1762.5887,  1763.7788], score = 0.53      <et=37.52>
SB phase 1 cand. 26 branch on EDGE[0,17] (lhs=0.2942) : [ 1762.3580,  1763.5997], score = 0.16      <et=37.89>
SB phase 1 cand. 27 branch on EDGE[3,39] (lhs=0.7302) : [ 1762.5535,  1762.5963], score = 0.11      <et=38.22>
SB phase 1 cand. 28 branch on EDGE[0,34] (lhs=0.7377) : [ 1763.0517,  1763.5077], score = 1.02      <et=38.68>
SB phase 1 cand. 29 branch on EDGE[11,24] (lhs=0.2621): [ 1762.4363,  1765.7458], score = 0.68      <et=39.11>
SB phase 1 cand. 30 branch on EDGE[0,11] (lhs=0.7452) : [ 1762.5560,  1762.9928], score = 0.24      <et=39.46>
SB phase 1 cand. 31 branch on EDGE[36,42] (lhs=0.2513): [ 1763.0391,  1763.6969], score = 1.16      <et=39.94>
SB phase 1 cand. 32 branch on EDGE[11,63] (lhs=0.2482): [ 1762.5404,  1763.4378], score = 0.36      <et=40.34>
SB phase 1 cand. 33 branch on EDGE[5,20] (lhs=0.2404) : [ 1762.3748,  1765.6493], score = 0.45      <et=40.74>
SB phase 1 cand. 34 branch on EDGE[0,10] (lhs=0.7609) : [ 1762.5902,  1765.3808], score = 1.09      <et=41.19>
SB phase 1 cand. 35 branch on EDGE[13,42] (lhs=0.2351): [ 1762.4563,  1764.0026], score = 0.38      <et=41.6>
SB phase 1 cand. 36 branch on EDGE[0,42] (lhs=0.7649) : [ 1762.3421,  1763.4266], score = 0.12      <et=41.95>
SB phase 1 cand. 37 branch on EDGE[38,72] (lhs=0.7659): [ 1763.1737,  1763.4733], score = 1.15      <et=42.37>
SB phase 1 cand. 38 branch on EDGE[41,55] (lhs=0.7659): [ 1762.4260,  1763.7388], score = 0.27      <et=42.73>
SB phase 1 cand. 39 branch on EDGE[7,21] (lhs=0.7705) : [ 1762.6644,  1765.9819], score = 1.58      <et=43.22>
SB phase 1 cand. 40 branch on EDGE[70,76] (lhs=0.7768): [ 1762.5730,  1763.8343], score = 0.53      <et=43.65>
SB phase 1 cand. 41 branch on EDGE[0,70] (lhs=0.7819) : [ 1762.6215,  1764.0233], score = 0.68      <et=44.06>
SB phase 1 cand. 42 branch on EDGE[0,67] (lhs=0.2157) : [ 1762.3208,  1763.6956], score = 0.11      <et=44.43>
SB phase 1 cand. 43 branch on EDGE[0,63] (lhs=0.2151) : [ 1762.6267,  1764.7671], score = 0.97      <et=44.87>
SB phase 1 cand. 44 branch on EDGE[0,7] (lhs=0.2134)  : [ 1762.3271,  1767.2386], score = 0.42      <et=45.32>
SB phase 1 cand. 45 branch on EDGE[1,7] (lhs=0.7866)  : [ 1762.4133,  1767.2359], score = 0.85      <et=45.76>
SB phase 1 cand. 46 branch on EDGE[28,52] (lhs=0.7890): [ 1762.5047,  1764.4221], score = 0.57      <et=46.13>
SB phase 1 cand. 47 branch on EDGE[28,71] (lhs=0.2110): [ 1762.3956,  1764.2880], score = 0.31      <et=46.46>
SB phase 1 cand. 48 branch on EDGE[7,10] (lhs=0.2069) : [ 1762.4678,  1767.5136], score = 1.19      <et=46.94>
SB phase 1 cand. 49 branch on EDGE[39,53] (lhs=0.2013): [ 1762.5024,  1764.0615], score = 0.47      <et=47.34>
SB phase 1 cand. 50 branch on EDGE[34,52] (lhs=0.1999): [ 1762.4076,  1765.2906], score = 0.50      <et=47.75>
SB phase 1 cand. 51 branch on EDGE[66,70] (lhs=0.1996): [ 1762.2821,  1764.3696], score = 0.08      <et=48.07>
SB phase 1 cand. 52 branch on EDGE[1,21] (lhs=0.1973) : [ 1762.3148,  1768.0015], score = 0.42      <et=48.52>
SB phase 1 cand. 53 branch on EDGE[15,47] (lhs=0.8080): [ 1762.3457,  1763.1029], score = 0.09      <et=48.81>
SB phase 1 cand. 54 branch on EDGE[0,23] (lhs=0.1916) : [ 1762.4862,  1763.5990], score = 0.33      <et=49.16>
SB phase 1 cand. 55 branch on EDGE[0,27] (lhs=0.1892) : [ 1762.4055,  1763.8786], score = 0.27      <et=49.56>
SB phase 1 cand. 56 branch on EDGE[0,53] (lhs=0.1853) : [ 1762.4748,  1764.7806], score = 0.59      <et=49.95>
SB phase 1 cand. 57 branch on EDGE[3,60] (lhs=0.1676) : [ 1762.4752,  1767.9258], score = 1.32      <et=50.45>
SB phase 1 cand. 58 branch on EDGE[5,59] (lhs=0.1652) : [ 1762.3572,  1764.0271], score = 0.20      <et=50.81>
SB phase 1 cand. 59 branch on EDGE[50,76] (lhs=0.8369): [ 1762.3875,  1764.1935], score = 0.28      <et=51.19>
SB phase 1 cand. 60 branch on EDGE[72,76] (lhs=0.1630): [ 1762.3875,  1764.2963], score = 0.30      <et=51.58>
SB phase 1 cand. 61 branch on EDGE[17,31] (lhs=0.8374): [ 1762.3547,  1763.8287], score = 0.18      <et=51.95>
SB phase 1 cand. 62 branch on EDGE[0,31] (lhs=0.1612) : [ 1762.3353,  1763.8880], score = 0.15      <et=52.36>
SB phase 1 cand. 63 branch on EDGE[23,24] (lhs=0.1608): [ 1762.3543,  1765.2650], score = 0.34      <et=52.75>
SB phase 1 cand. 64 branch on EDGE[32,58] (lhs=0.8396): [ 1762.3644,  1764.1415], score = 0.23      <et=53.14>
SB phase 1 cand. 65 branch on EDGE[0,64] (lhs=0.8407) : [ 1762.3307,  1763.6645], score = 0.13      <et=53.49>
SB phase 1 cand. 66 branch on EDGE[17,27] (lhs=0.1581): [ 1762.3351,  1764.3354], score = 0.19      <et=53.87>
SB phase 1 cand. 67 branch on EDGE[15,55] (lhs=0.1557): [ 1762.3423,  1764.1629], score = 0.19      <et=54.25>
SB phase 1 cand. 68 branch on EDGE[27,59] (lhs=0.8494): [ 1762.3829,  1764.2236], score = 0.28      <et=54.63>
SB phase 1 cand. 69 branch on EDGE[15,41] (lhs=0.1502): [ 1762.3142,  1764.2889], score = 0.15      <et=55.01>
SB phase 1 cand. 70 branch on EDGE[58,76] (lhs=0.1464): [ 1762.3349,  1764.5907], score = 0.22      <et=55.4>
SB phase 1 cand. 71 branch on EDGE[0,14] (lhs=0.8568) : [ 1762.2475,  1763.3033], score = 0.01      <et=55.65>
SB phase 1 cand. 72 branch on EDGE[27,78] (lhs=0.1371): [ 1762.2997,  1766.5437], score = 0.25      <et=56.07>
SB phase 1 cand. 73 branch on EDGE[0,71] (lhs=0.1367) : [ 1762.4181,  1763.7814], score = 0.27      <et=56.43>
SB phase 1 cand. 74 branch on EDGE[10,71] (lhs=0.8633): [ 1762.4279,  1763.7814], score = 0.29      <et=56.78>
SB phase 1 cand. 75 branch on EDGE[14,71] (lhs=0.1367): [ 1762.2424,  1763.4763], score = 0.00      <et=57>
SB phase 1 cand. 76 branch on EDGE[3,77] (lhs=0.8671) : [ 1762.3429,  1763.3007], score = 0.11      <et=57.33>
SB phase 1 cand. 77 branch on EDGE[13,62] (lhs=0.1320): [ 1762.3203,  1767.6615], score = 0.42      <et=57.76>
SB phase 1 cand. 78 branch on EDGE[6,23] (lhs=0.1317) : [ 1762.3406,  1764.6523], score = 0.24      <et=58.13>
SB phase 1 cand. 79 branch on EDGE[10,63] (lhs=0.1301): [ 1762.3282,  1765.0000], score = 0.24      <et=58.4>
SB phase 1 cand. 80 branch on EDGE[19,57] (lhs=0.8845): [ 1762.3413,  1765.3468], score = 0.31      <et=58.8>
SB phase 1 cand. 81 branch on EDGE[15,33] (lhs=0.8862): [ 1762.3041,  1764.7740], score = 0.16      <et=59.2>
SB phase 1 cand. 82 branch on EDGE[0,3] (lhs=0.1135)  : [ 1762.2465,  1764.1570], score = 0.01      <et=59.44>
SB phase 1 cand. 83 branch on EDGE[31,60] (lhs=0.1135): [ 1762.2748,  1765.1483], score = 0.09      <et=59.78>
SB phase 1 cand. 84 branch on EDGE[32,38] (lhs=0.1099): [ 1762.3182,  1764.7365], score = 0.19      <et=60.17>
SB phase 1 cand. 85 branch on EDGE[0,46] (lhs=0.8905) : [ 1762.3531,  1763.5477], score = 0.14      <et=60.55>
SB phase 1 cand. 86 branch on EDGE[0,50] (lhs=0.1089) : [ 1762.3182,  1764.7365], score = 0.19      <et=60.92>
SB phase 1 cand. 87 branch on EDGE[5,6] (lhs=0.1079)  : [ 1762.2658,  1765.9565], score = 0.09      <et=61.28>
SB phase 1 cand. 88 branch on EDGE[61,78] (lhs=0.8941): [ 1762.3075,  1766.3046], score = 0.26      <et=61.67>
SB phase 1 cand. 89 branch on EDGE[31,59] (lhs=0.1036): [ 1762.3084,  1764.0678], score = 0.12      <et=62.03>
SB phase 1 cand. 90 branch on EDGE[23,30] (lhs=0.1031): [ 1762.2748,  1764.9637], score = 0.09      <et=62.36>
SB phase 1 cand. 91 branch on EDGE[6,59] (lhs=0.1010) : [ 1762.2751,  1771.0439], score = 0.29      <et=62.79>
SB phase 1 cand. 92 branch on EDGE[53,64] (lhs=0.1008): [ 1762.2989,  1767.2019], score = 0.28      <et=63.25>
SB phase 1 cand. 93 branch on EDGE[33,47] (lhs=0.1003): [ 1762.2424,  1764.7931], score = 0.00      <et=63.51>
SB phase 1 cand. 94 branch on EDGE[0,66] (lhs=0.0987) : [ 1762.3133,  1764.2187], score = 0.14      <et=63.88>
SB phase 1 cand. 95 branch on EDGE[0,20] (lhs=0.0949) : [ 1762.2880,  1764.9475], score = 0.12      <et=64.23>
SB phase 1 cand. 96 branch on EDGE[57,75] (lhs=0.9069): [ 1762.3824,  1766.8359], score = 0.64      <et=64.66>
SB phase 1 cand. 97 branch on EDGE[20,31] (lhs=0.0929): [ 1762.2863,  1764.8459], score = 0.11      <et=65.04>
SB phase 1 cand. 98 branch on EDGE[3,74] (lhs=0.0861) : [ 1762.2807,  1764.4009], score = 0.08      <et=65.36>
SB phase 1 cand. 99 branch on EDGE[0,29] (lhs=0.9178) : [ 1762.2773,  1764.7527], score = 0.09      <et=65.67>
SB phase 1 cand. 100 branch on EDGE[68,78] (lhs=0.0813): [ 1762.2894,  1766.4900], score = 0.20      <et=66.12>
**** Strong branching phase 2 is started *****
#<DWph=1> <it=  9> <et=67.78> <Mt= 1.22> <Spt= 0.43> <nCl= 68> <al=0.00> <DB= 1765.3125> <Mlp= 1765.3125> <PB=1810.1> 
#<DWph=1> <it=  8> <et=69.21> <Mt= 0.96> <Spt= 0.40> <nCl= 62> <al=0.00> <DB= 1762.3907> <Mlp= 1762.3907> <PB=1810.1> 
SB phase 2 cand.  1 branch on EDGE[7,21] (lhs=0.7705) : [ 1762.3907,  1765.3125], score = 0.46      <et=69.22>
#<DWph=1> <it= 17> <et=70.69> <Mt= 0.71> <Spt= 0.69> <nCl= 83> <al=0.00> <DB= 1763.2309> <Mlp= 1763.2309> <PB=1810.1> 
<DWph=2> <it=  5> <et=71.61> <Mt= 0.70> <Spt= 0.16> <nCl= 40> <al=0.55> <DB= 1762.2424> <Mlp= 1763.0000> <PB=1763> 
<DWph=1> <it=  5> <et=71.61> <Mt= 0.00> <Spt= 0.00> <nCl=  0> <al=0.00> <DB= 1761.1131> <Mlp= 1763.0000> <PB=1763> 
SB phase 2 cand.  2 branch on EDGE[30,59] (lhs=0.5967): [ 1763.0000,  1763.2309], score = 0.75      <et=71.62>
#<DWph=2> <it=  1> <et=71.88> <Mt= 0.20> <Spt= 0.00> <nCl=  0> <al=0.50> <DB= 1762.2424> <Mlp= 1767.8118> <PB=1763> 
<DWph=1> <it=  1> <et=71.88> <Mt= 0.00> <Spt= 0.00> <nCl=  0> <al=0.00> <DB= 1762.2424> <Mlp= 1767.8118> <PB=1763> 
#<DWph=2> <it=  1> <et=72.08> <Mt= 0.15> <Spt= 0.00> <nCl=  0> <al=0.50> <DB= 1762.2424> <Mlp= 1762.4468> <PB=1763> 
<DWph=1> <it=  1> <et=72.08> <Mt= 0.00> <Spt= 0.00> <nCl=  0> <al=0.00> <DB= 1762.2424> <Mlp= 1762.4468> <PB=1763> 
 SB phase 2 candidate 3 is conquered !
**** Strong branching phase 3 is started *****
**** SB phase 3 evaluation of candidate 1, branch 1 ( EDGE[3,60] >= 1 ), value = 1e+12
Branch is already conquered!
**** SB phase 3 evaluation of candidate 1, branch 2 ( EDGE[3,60] <= 0 ), value = 1e+12
Branch is already conquered!
 SB phase 3 candidate 1 is conquered !
SB with phases chosed candidate EDGE[3,60] (lhs=0.167585)
New model incumbent solution 1763, TIME = 0h1m12s9t = 7209
************************************************************************************************
Search is finished, global bounds : [ 1763 , 1763 ], TIME = 0h1m12s10t = 7210
************************************************************************************************
Built-in heuristic is enabled
instance_name solver_name ext_heuristic solution_value solution_time best_lb root_lb root_time nb_branch_and_bound_nodes status
/home/logis/Downloads/VRPSolverEasy/VRPSolverEasy/demos/data/CVRP/A-n80-k10 CLP False 1762.9999998868534 72.101413984 1763.0 1763.0 27.565266774 3 0

