Node memory for rank-1 cuts will be used (8.71638)
~~~~~~~~~~~~~~~~~~~~~~~~~~~~~~~~~~~~~~~~~~~~~~~~~~~~~~~~~~~~~~~~~~~~~~~~~~~~~~~~~~~~~
VRPSolver v0.5.27, 24/02/2023, © Inria Bordeaux, France, vrpsolver.math.u-bordeaux.fr
      Corresponds to the solver by Pessoa, Sadykov, Uchoa and Vanderbeck (2020)
                 Paper: dx.doi.org/10.1007/s10107-020-01523-z
~~~~~~~~~~~~~~~~~~~~~~~~~~~~~~~~~~~~~~~~~~~~~~~~~~~~~~~~~~~~~~~~~~~~~~~~~~~~~~~~~~~~~
   BaPCod v0.77, 15/03/2023, © Inria Bordeaux, France, bapcod.math.u-bordeaux.fr 
           THIS CODE IS PROVIDED AS IS, USE IT AT YOUR OWN RISK
~~~~~~~~~~~~~~~~~~~~~~~~~~~~~~~~~~~~~~~~~~~~~~~~~~~~~~~~~~~~~~~~~~~~~~~~~~~~~~~~~~~~~
Bucket steps were recalculated for graph G_1 : [320]
RCSP solver info : symmetric case is detected for graph G_1! 
Bidirectional border value is initialised to 4000
RCSP solver info : number of forw. reachable buckets / buck. strongly connected components is 827( 93.552% ) / 552( 66.7473% )
Generating neighbourhoods for rank-1 cuts separation
Building structures for 4- and 5-row rank-1 packing cut separation...done!
Model is built TIME = 0h0m0s0t = 0
************************************************************************************************
**** BaB tree root node
**** Local DB = -1e+12, global bounds : [ -1e+12 , 1e+06 ], TIME = 0h0m0s0t = 0
**** 1 open nodes, 0 columns (0 active), 0 dyn. constrs. (0 active), 66 art. vars. (66 active)
************************************************************************************************
#<DWph=2> <it=  1> <et=0.00> <Mt= 0.00> <Spt= 0.00> <nCl= 30> <al=0.00> <DB=-242663304.0000> <Mlp=5100000.0000> <PB=1000000> 
#<DWph=2> <it=  2> <et=0.01> <Mt= 0.00> <Spt= 0.00> <nCl= 30> <al=0.55> <DB=-357278465.1600> <Mlp=4775063.5333> <PB=1000000> 
#<DWph=2> <it=  3> <et=0.01> <Mt= 0.00> <Spt= 0.00> <nCl= 30> <al=0.45> <DB=-232291625.8843> <Mlp=4579737.0741> <PB=1000000> 
#<DWph=2> <it=  4> <et=0.01> <Mt= 0.00> <Spt= 0.00> <nCl= 30> <al=0.35> <DB=-145078706.9374> <Mlp=4400593.0715> <PB=1000000> 
#<DWph=2> <it=  5> <et=0.01> <Mt= 0.00> <Spt= 0.00> <nCl= 30> <al=0.25> <DB=-164343363.8413> <Mlp=4246628.0326> <PB=1000000> 
#<DWph=2> <it=  6> <et=0.01> <Mt= 0.00> <Spt= 0.00> <nCl= 30> <al=0.33> <DB=-107556705.2779> <Mlp=4113099.6847> <PB=1000000> 
#<DWph=2> <it=  7> <et=0.02> <Mt= 0.00> <Spt= 0.01> <nCl= 30> <al=0.39> <DB=-89718716.5789> <Mlp=3876634.8129> <PB=1000000> 
#<DWph=2> <it=  8> <et=0.02> <Mt= 0.00> <Spt= 0.00> <nCl= 30> <al=0.45> <DB=-92648117.8860> <Mlp=3775288.4332> <PB=1000000> 
#<DWph=2> <it=  9> <et=0.02> <Mt= 0.00> <Spt= 0.00> <nCl= 30> <al=0.51> <DB=-78236106.2198> <Mlp=3594185.9054> <PB=1000000> 
#<DWph=2> <it= 10> <et=0.02> <Mt= 0.00> <Spt= 0.00> <nCl= 30> <al=0.41> <DB=-69815633.1933> <Mlp=3510304.1375> <PB=1000000> 
#<DWph=2> <it= 11> <et=0.02> <Mt= 0.00> <Spt= 0.00> <nCl= 30> <al=0.47> <DB=-63683438.6719> <Mlp=3298352.8409> <PB=1000000> 
#<DWph=2> <it= 12> <et=0.02> <Mt= 0.00> <Spt= 0.00> <nCl= 30> <al=0.52> <DB=-69492640.7312> <Mlp=3202521.5819> <PB=1000000> 
#<DWph=2> <it= 13> <et=0.03> <Mt= 0.00> <Spt= 0.00> <nCl= 30> <al=0.57> <DB=-59180243.3990> <Mlp=2963183.5125> <PB=1000000> 
#<DWph=2> <it= 14> <et=0.03> <Mt= 0.00> <Spt= 0.01> <nCl= 30> <al=0.61> <DB=-53043276.3827> <Mlp=2550418.9762> <PB=1000000> 
#<DWph=2> <it= 15> <et=0.03> <Mt= 0.00> <Spt= 0.00> <nCl= 30> <al=0.65> <DB=-47134892.2930> <Mlp=2047543.3118> <PB=1000000> 
#<DWph=2> <it= 16> <et=0.03> <Mt= 0.00> <Spt= 0.00> <nCl= 30> <al=0.69> <DB=-40624982.0153> <Mlp=1745052.1850> <PB=1000000> 
#<DWph=2> <it= 17> <et=0.03> <Mt= 0.00> <Spt= 0.00> <nCl= 30> <al=0.59> <DB=-35981268.0880> <Mlp=1613625.1137> <PB=1000000> 
#<DWph=2> <it= 18> <et=0.04> <Mt= 0.00> <Spt= 0.00> <nCl= 30> <al=0.63> <DB=-30306255.5925> <Mlp=1247979.0043> <PB=1000000> 
#<DWph=2> <it= 19> <et=0.04> <Mt= 0.00> <Spt= 0.00> <nCl= 30> <al=0.53> <DB=-24066981.2487> <Mlp=871168.0157> <PB=1000000> 
#<DWph=2> <it= 20> <et=0.04> <Mt= 0.00> <Spt= 0.00> <nCl= 30> <al=0.43> <DB=-26490176.8004> <Mlp=397679.5008> <PB=1000000> 
#<DWph=2> <it= 21> <et=0.04> <Mt= 0.00> <Spt= 0.01> <nCl= 30> <al=0.48> <DB=-19747492.5650> <Mlp=336532.7148> <PB=1000000> 
#<DWph=2> <it= 22> <et=0.04> <Mt= 0.00> <Spt= 0.00> <nCl= 30> <al=0.54> <DB=-14637592.8115> <Mlp=294405.7679> <PB=1000000> 
#<DWph=2> <it= 23> <et=0.05> <Mt= 0.00> <Spt= 0.00> <nCl= 30> <al=0.58> <DB=-10611167.8232> <Mlp=43810.0114> <PB=1000000> 
#<DWph=2> <it= 24> <et=0.05> <Mt= 0.01> <Spt= 0.00> <nCl=  1> <al=0.48> <DB=-3875089.2393> <Mlp=16876.2186> <PB=1000000> 
#<DWph=2> <it= 25> <et=0.05> <Mt= 0.00> <Spt= 0.00> <nCl= 30> <al=0.38> <DB=-220372.9474> <Mlp=16875.8399> <PB=1000000> 
<DWph=2> <it= 26> <et=0.05> <Mt= 0.00> <Spt= 0.00> <nCl= 27> <al=0.28> <DB=-60965.0519> <Mlp= 1465.5848> <PB=1000000> 
<DWph=2> <it= 27> <et=0.05> <Mt= 0.00> <Spt= 0.00> <nCl= 30> <al=0.18> <DB=-9912.4682> <Mlp= 1417.9571> <PB=1000000> 
<DWph=2> <it= 28> <et=0.06> <Mt= 0.00> <Spt= 0.00> <nCl= 30> <al=0.08> <DB=-3286.1166> <Mlp= 1396.9573> <PB=1000000> 
<DWph=2> <it= 29> <et=0.06> <Mt= 0.00> <Spt= 0.00> <nCl= 30> <al=0.17> <DB=-10675.8396> <Mlp= 1305.0045> <PB=1000000> 
<DWph=2> <it= 30> <et=0.06> <Mt= 0.00> <Spt= 0.01> <nCl= 30> <al=0.26> <DB=-5257.1346> <Mlp= 1245.3842> <PB=1000000> 
<DWph=2> <it= 31> <et=0.06> <Mt= 0.00> <Spt= 0.00> <nCl= 30> <al=0.33> <DB=-5592.4914> <Mlp= 1207.5704> <PB=1000000> 
<DWph=2> <it= 32> <et=0.07> <Mt= 0.00> <Spt= 0.00> <nCl= 30> <al=0.40> <DB=-4178.3413> <Mlp= 1150.3163> <PB=1000000> 
<DWph=2> <it= 33> <et=0.07> <Mt= 0.00> <Spt= 0.00> <nCl= 30> <al=0.46> <DB=-6573.2138> <Mlp= 1086.4352> <PB=1000000> 
<DWph=2> <it= 34> <et=0.07> <Mt= 0.01> <Spt= 0.00> <nCl= 30> <al=0.51> <DB=-1379.5417> <Mlp= 1074.5494> <PB=1000000> 
<DWph=2> <it= 35> <et=0.07> <Mt= 0.00> <Spt= 0.00> <nCl= 30> <al=0.56> <DB=-2547.3289> <Mlp= 1066.2847> <PB=1000000> 
<DWph=2> <it= 36> <et=0.08> <Mt= 0.00> <Spt= 0.01> <nCl= 30> <al=0.60> <DB=-1494.3301> <Mlp= 1047.8265> <PB=1000000> 
<DWph=2> <it= 37> <et=0.08> <Mt= 0.00> <Spt= 0.00> <nCl= 30> <al=0.64> <DB= -704.8410> <Mlp= 1014.8021> <PB=1000000> 
<DWph=2> <it= 38> <et=0.08> <Mt= 0.00> <Spt= 0.00> <nCl= 30> <al=0.68> <DB=-1483.0368> <Mlp=  992.2494> <PB=1000000> 
<DWph=2> <it= 39> <et=0.09> <Mt= 0.00> <Spt= 0.00> <nCl= 30> <al=0.71> <DB= -277.1824> <Mlp=  942.9215> <PB=1000000> 
<DWph=2> <it= 40> <et=0.09> <Mt= 0.00> <Spt= 0.00> <nCl= 30> <al=0.74> <DB= -233.2186> <Mlp=  912.0839> <PB=1000000> 
<DWph=2> <it= 41> <et=0.09> <Mt= 0.01> <Spt= 0.00> <nCl= 22> <al=0.77> <DB=  656.1950> <Mlp=  890.7716> <PB=1000000> 
<DWph=2> <it= 42> <et=0.09> <Mt= 0.00> <Spt= 0.00> <nCl= 30> <al=0.67> <DB=  688.2697> <Mlp=  890.0018> <PB=1000000> 
<DWph=2> <it= 43> <et=0.10> <Mt= 0.00> <Spt= 0.01> <nCl= 30> <al=0.70> <DB=  686.6157> <Mlp=  880.8732> <PB=1000000> 
<DWph=2> <it= 44> <et=0.10> <Mt= 0.00> <Spt= 0.00> <nCl= 30> <al=0.73> <DB=  725.2499> <Mlp=  876.8298> <PB=1000000> 
<DWph=2> <it= 45> <et=0.10> <Mt= 0.00> <Spt= 0.00> <nCl= 30> <al=0.63> <DB=  731.5633> <Mlp=  872.6090> <PB=1000000> 
<DWph=2> <it= 46> <et=0.11> <Mt= 0.00> <Spt= 0.00> <nCl= 29> <al=0.53> <DB=  766.7039> <Mlp=  859.2856> <PB=1000000> 
<DWph=2> <it= 47> <et=0.11> <Mt= 0.00> <Spt= 0.00> <nCl= 30> <al=0.43> <DB=  781.0001> <Mlp=  851.5613> <PB=1000000> 
<DWph=2> <it= 48> <et=0.11> <Mt= 0.00> <Spt= 0.00> <nCl= 29> <al=0.49> <DB=  795.9745> <Mlp=  843.0188> <PB=1000000> 
<DWph=2> <it= 49> <et=0.11> <Mt= 0.01> <Spt= 0.00> <nCl= 29> <al=0.39> <DB=  779.9543> <Mlp=  837.3412> <PB=1000000> 
<DWph=2> <it= 50> <et=0.12> <Mt= 0.00> <Spt= 0.01> <nCl= 24> <al=0.45> <DB=  814.2751> <Mlp=  835.7826> <PB=1000000> 
<DWph=2> <it= 51> <et=0.12> <Mt= 0.00> <Spt= 0.00> <nCl= 27> <al=0.35> <DB=  800.9698> <Mlp=  832.9935> <PB=1000000> 
<DWph=2> <it= 52> <et=0.12> <Mt= 0.00> <Spt= 0.00> <nCl= 27> <al=0.25> <DB=  797.9962> <Mlp=  829.6275> <PB=1000000> 
<DWph=2> <it= 53> <et=0.13> <Mt= 0.00> <Spt= 0.00> <nCl= 17> <al=0.32> <DB=  804.1286> <Mlp=  829.2291> <PB=1000000> 
<DWph=2> <it= 54> <et=0.13> <Mt= 0.00> <Spt= 0.00> <nCl= 15> <al=0.39> <DB=  813.8530> <Mlp=  829.0848> <PB=1000000> 
<DWph=2> <it= 55> <et=0.13> <Mt= 0.00> <Spt= 0.00> <nCl= 13> <al=0.29> <DB=  816.5854> <Mlp=  829.0848> <PB=1000000> 
<DWph=2> <it= 56> <et=0.13> <Mt= 0.00> <Spt= 0.00> <nCl=  8> <al=0.19> <DB=  821.0609> <Mlp=  828.6959> <PB=1000000> 
<DWph=2> <it= 57> <et=0.13> <Mt= 0.00> <Spt= 0.01> <nCl= 14> <al=0.09> <DB=  805.8272> <Mlp=  827.8519> <PB=1000000> 
<DWph=2> <it= 58> <et=0.14> <Mt= 0.00> <Spt= 0.00> <nCl= 10> <al=0.18> <DB=  794.6116> <Mlp=  827.7913> <PB=1000000> 
<DWph=2> <it= 59> <et=0.14> <Mt= 0.00> <Spt= 0.00> <nCl= 14> <al=0.26> <DB=  811.4133> <Mlp=  824.6233> <PB=1000000> 
<DWph=2> <it= 60> <et=0.14> <Mt= 0.01> <Spt= 0.00> <nCl= 15> <al=0.34> <DB=  798.7771> <Mlp=  824.6233> <PB=1000000> 
<DWph=2> <it= 61> <et=0.14> <Mt= 0.00> <Spt= 0.00> <nCl= 11> <al=0.40> <DB=  815.6303> <Mlp=  824.1136> <PB=1000000> 
<DWph=2> <it= 62> <et=0.15> <Mt= 0.00> <Spt= 0.00> <nCl=  9> <al=0.46> <DB=  822.2087> <Mlp=  824.0833> <PB=1000000> 
<DWph=2> <it= 63> <et=0.15> <Mt= 0.00> <Spt= 0.00> <nCl= 13> <al=0.36> <DB=  821.0469> <Mlp=  824.0299> <PB=1000000> 
<DWph=2> <it= 64> <et=0.15> <Mt= 0.00> <Spt= 0.01> <nCl=  7> <al=0.00> <DB=  814.8955> <Mlp=  824.0299> <PB=1000000> 
<DWph=1> <it= 65> <et=0.16> <Mt= 0.00> <Spt= 0.00> <nCl= 21> <al=0.33> <DB=  802.0508> <Mlp=  823.9179> <PB=1000000> 
<DWph=1> <it= 66> <et=0.16> <Mt= 0.00> <Spt= 0.00> <nCl= 16> <al=0.23> <DB=  814.0432> <Mlp=  822.6856> <PB=1000000> 
<DWph=1> <it= 67> <et=0.16> <Mt= 0.00> <Spt= 0.01> <nCl= 16> <al=0.30> <DB=  814.0562> <Mlp=  822.0889> <PB=1000000> 
<DWph=1> <it= 68> <et=0.17> <Mt= 0.00> <Spt= 0.00> <nCl= 13> <al=0.37> <DB=  818.8214> <Mlp=  821.6667> <PB=1000000> 
<DWph=1> <it= 69> <et=0.17> <Mt= 0.00> <Spt= 0.00> <nCl= 15> <al=0.27> <DB=  817.5879> <Mlp=  821.6667> <PB=1000000> 
<DWph=1> <it= 70> <et=0.18> <Mt= 0.00> <Spt= 0.01> <nCl= 10> <al=0.17> <DB=  817.5199> <Mlp=  821.5099> <PB=1000000> 
<DWph=1> <it= 71> <et=0.18> <Mt= 0.00> <Spt= 0.00> <nCl= 11> <al=0.07> <DB=  817.5370> <Mlp=  821.5099> <PB=1000000> 
<DWph=1> <it= 72> <et=0.18> <Mt= 0.01> <Spt= 0.00> <nCl=  9> <al=0.00> <DB=  816.9338> <Mlp=  820.9338> <PB=1000000> 
<DWph=1> <it= 73> <et=0.19> <Mt= 0.00> <Spt= 0.01> <nCl=  5> <al=0.00> <DB=  820.9338> <Mlp=  820.9338> <PB=1000000> 
    RCSP exact solver info for graph G_1 : TT = 0.012117, pt = 6e-06, dt = 0.010644, ct = 0.001203, ndl = 4', bdl = 69', odl = 3', odf = 25', bsi = 1', cnt = 82', bdch = 1229', odch = 126', lcp = 92', #sols = 150
<DWph=0> <it= 74> <et=0.21> <Mt= 0.00> <Spt= 0.01> <nCl=119> <al=0.00> <DB=  797.7285> <Mlp=  820.9338> <PB=1000000> 
    RCSP exact solver info for graph G_1 : TT = 0.013453, pt = 1.3e-05, dt = 0.01175, ct = 0.001423, ndl = 5', bdl = 82', odl = 3', odf = 28', bsi = 2', cnt = 109', bdch = 1692', odch = 187', lcp = 127', #sols = 150
<DWph=0> <it= 75> <et=0.22> <Mt= 0.00> <Spt= 0.02> <nCl= 44> <al=0.00> <DB=  812.9338> <Mlp=  820.9338> <PB=1000000> 
    RCSP exact solver info for graph G_1 : TT = 0.013008, pt = 1.5e-05, dt = 0.01124, ct = 0.001476, ndl = 5', bdl = 81', odl = 3', odf = 28', bsi = 2', cnt = 118', bdch = 1634', odch = 194', lcp = 133', #sols = 150
<DWph=0> <it= 76> <et=0.24> <Mt= 0.00> <Spt= 0.01> <nCl= 24> <al=0.08> <DB=  819.8224> <Mlp=  820.9180> <PB=1000000> 
    RCSP exact solver info for graph G_1 : TT = 0.013101, pt = 1.4e-05, dt = 0.011349, ct = 0.001479, ndl = 5', bdl = 82', odl = 3', odf = 28', bsi = 2', cnt = 117', bdch = 1665', odch = 200', lcp = 137', #sols = 150
    RCSP exact solver info for graph G_1 : TT = 0.012932, pt = 1.3e-05, dt = 0.010948, ct = 0.001474, ndl = 5', bdl = 78', odl = 3', odf = 27', bsi = 2', cnt = 92', bdch = 1550', odch = 172', lcp = 122', #sols = 150
<DWph=0> <it= 77> <et=0.27> <Mt= 0.00> <Spt= 0.03> <nCl= 37> <al=0.00> <DB=  820.9180> <Mlp=  820.9180> <PB=1000000> 
Dynamic params and stats :  aver.obdmd = 23.3529 aver.buck.num. = 26
@@ 1 0 820.918 0.0125972 0.013173 86.7119 0.27
Labels distribution in buckets (bucket size) : largest - 166, top 0.1% - 166, top 0.5% - 134, top 2% - 90, top 10% - 30, top 50% - 6
Reduced cost fixing for graph G_1... 21234 buck. arcs remain (95.5% from prev., 82.8% from max.) + 0 jump buck. arcs (0% from max.)
 TT = 0.064495, pt = 0.00559, dt = 0.036685, ct = 0.021996, ndl = 16', bdl = 277', odl = 5', odf = 65', lpcb = 36', cnt = 1059', bdch = 6470', odch = 673', lcp = 393'
Labels distribution in buckets (bucket size) : largest - 175, top 0.1% - 175, top 0.5% - 166, top 2% - 99, top 10% - 31, top 50% - 7
Run forward enumeration with border = 4000... not succeeded (ratio 0.931642) lpt = 0.020416, ndl = 24', dl = 19', lpcb = 0', dch = 133'
 TT = 0.023344, pt = 0.001976, dt = 0.020416, ct = 0, ndl = 24', bdl = 19', lpcb = 0', cnt = 313', bdch = 133', odch = 0', lcp = 0'
ColGenEvalAlg final dual bound: 820.918 (rounded: 821)
In total 1 RCC cut(s) are found by the connected components heuristic 
Shrinking heuristic shrunk 1 edges
In total 20 RCC cut(s) are found by the Fractional capacity min-cut heuristic 
In total 60 RCC cut(s) are found by the greedy construction heuristic 
----- Add fac. cuts : CAP(81), max.viol = 0.336898, aver.viol = 0.221639, sep/add took 0.00403983/0.0779314 sec. -----
1991 columns (1991 active), 81 dyn. constrs. (81 active), 147 art. vars. (147 active)
<DWph=2> <it=  1> <et=0.45> <Mt= 0.01> <Spt= 0.00> <nCl= 16> <al=0.50> <DB=  831.6257> <Mlp=  842.3333> <PB=1000000> 
<DWph=2> <it=  2> <et=0.46> <Mt= 0.00> <Spt= 0.01> <nCl= 27> <al=0.40> <DB=  820.0895> <Mlp=  841.2623> <PB=1000000> 
<DWph=2> <it=  3> <et=0.47> <Mt= 0.01> <Spt= 0.00> <nCl= 25> <al=0.46> <DB=  831.4527> <Mlp=  837.0000> <PB=1000000> 
<DWph=2> <it=  4> <et=0.48> <Mt= 0.01> <Spt= 0.01> <nCl= 15> <al=0.51> <DB=  829.0506> <Mlp=  836.8333> <PB=1000000> 
<DWph=2> <it=  5> <et=0.49> <Mt= 0.01> <Spt= 0.00> <nCl=  8> <al=0.56> <DB=  833.1016> <Mlp=  835.0000> <PB=835> 
<DWph=2> <it=  6> <et=0.50> <Mt= 0.00> <Spt= 0.00> <nCl= 23> <al=0.46> <DB=  820.8379> <Mlp=  835.0000> <PB=835> 
<DWph=2> <it=  7> <et=0.51> <Mt= 0.01> <Spt= 0.00> <nCl=  9> <al=0.52> <DB=  833.4773> <Mlp=  835.0000> <PB=835> 
<DWph=2> <it=  8> <et=0.52> <Mt= 0.01> <Spt= 0.00> <nCl= 14> <al=0.56> <DB=  822.4926> <Mlp=  835.0000> <PB=835> 
<DWph=2> <it=  9> <et=0.53> <Mt= 0.00> <Spt= 0.01> <nCl= 13> <al=0.46> <DB=  830.5600> <Mlp=  835.0000> <PB=835> 
<DWph=2> <it= 10> <et=0.53> <Mt= 0.01> <Spt= 0.00> <nCl= 10> <al=0.36> <DB=  831.5154> <Mlp=  835.0000> <PB=835> 
<DWph=2> <it= 11> <et=0.54> <Mt= 0.00> <Spt= 0.00> <nCl= 12> <al=0.26> <DB=  832.4709> <Mlp=  835.0000> <PB=835> 
<DWph=2> <it= 12> <et=0.55> <Mt= 0.01> <Spt= 0.00> <nCl=  8> <al=0.16> <DB=  833.4263> <Mlp=  835.0000> <PB=835> 
<DWph=2> <it= 13> <et=0.55> <Mt= 0.00> <Spt= 0.00> <nCl= 13> <al=0.06> <DB=  832.7366> <Mlp=  835.0000> <PB=835> 
<DWph=2> <it= 14> <et=0.56> <Mt= 0.01> <Spt= 0.01> <nCl= 14> <al=0.16> <DB=  834.7591> <Mlp=  835.0000> <PB=835> 
<DWph=2> <it= 15> <et=0.57> <Mt= 0.00> <Spt= 0.00> <nCl=  5> <al=0.06> <DB=  833.7350> <Mlp=  835.0000> <PB=835> 
<DWph=2> <it= 16> <et=0.57> <Mt= 0.01> <Spt= 0.00> <nCl=  2> <al=0.15> <DB=  834.8275> <Mlp=  835.0000> <PB=835> 
<DWph=2> <it= 17> <et=0.58> <Mt= 0.00> <Spt= 0.00> <nCl=  6> <al=0.00> <DB=  834.4217> <Mlp=  835.0000> <PB=835> 
<DWph=2> <it= 18> <et=0.59> <Mt= 0.00> <Spt= 0.00> <nCl=  1> <al=0.00> <DB=  835.0000> <Mlp=  835.0000> <PB=835> 
<DWph=1> <it= 19> <et=0.60> <Mt= 0.01> <Spt= 0.01> <nCl= 22> <al=0.04> <DB=  827.0739> <Mlp=  835.0000> <PB=835> 
<DWph=1> <it= 20> <et=0.61> <Mt= 0.01> <Spt= 0.00> <nCl= 21> <al=0.04> <DB=  826.1467> <Mlp=  835.0000> <PB=835> 
<DWph=1> <it= 21> <et=0.62> <Mt= 0.00> <Spt= 0.01> <nCl= 18> <al=0.13> <DB=  825.0733> <Mlp=  835.0000> <PB=835> 
<DWph=1> <it= 22> <et=0.63> <Mt= 0.01> <Spt= 0.00> <nCl= 19> <al=0.22> <DB=  830.3013> <Mlp=  835.0000> <PB=835> 
<DWph=1> <it= 23> <et=0.64> <Mt= 0.01> <Spt= 0.00> <nCl=  6> <al=0.12> <DB=  833.5231> <Mlp=  835.0000> <PB=835> 
<DWph=1> <it= 24> <et=0.65> <Mt= 0.01> <Spt= 0.01> <nCl=  7> <al=0.21> <DB=  834.2746> <Mlp=  835.0000> <PB=835> 
<DWph=1> <it= 25> <et=0.66> <Mt= 0.00> <Spt= 0.00> <nCl=  1> <al=0.29> <DB=  834.7223> <Mlp=  835.0000> <PB=835> 
<DWph=1> <it= 26> <et=0.67> <Mt= 0.00> <Spt= 0.00> <nCl=  1> <al=0.36> <DB=  834.8685> <Mlp=  835.0000> <PB=835> 
<DWph=1> <it= 27> <et=0.68> <Mt= 0.01> <Spt= 0.01> <nCl=  5> <al=0.00> <DB=  835.0000> <Mlp=  835.0000> <PB=835> 
    RCSP exact solver info for graph G_1 : TT = 0.009125, pt = 6e-06, dt = 0.007778, ct = 0.001065, ndl = 3', bdl = 61', odl = 4', odf = 35', bsi = 1', cnt = 146', bdch = 1011', odch = 218', lcp = 94', #sols = 150
<DWph=0> <it= 28> <et=0.69> <Mt= 0.00> <Spt= 0.01> <nCl=103> <al=0.16> <DB=  829.4464> <Mlp=  835.0000> <PB=835> 
    RCSP exact solver info for graph G_1 : TT = 0.009367, pt = 1.6e-05, dt = 0.007896, ct = 0.001201, ndl = 3', bdl = 62', odl = 3', odf = 35', bsi = 1', cnt = 177', bdch = 1017', odch = 251', lcp = 106', #sols = 150
<DWph=0> <it= 29> <et=0.72> <Mt= 0.01> <Spt= 0.02> <nCl= 66> <al=0.06> <DB=  833.4150> <Mlp=  835.0000> <PB=835> 
    RCSP exact solver info for graph G_1 : TT = 0.009431, pt = 1.5e-05, dt = 0.007991, ct = 0.001161, ndl = 3', bdl = 63', odl = 3', odf = 35', bsi = 1', cnt = 171', bdch = 1050', odch = 237', lcp = 101', #sols = 150
<DWph=0> <it= 30> <et=0.73> <Mt= 0.00> <Spt= 0.01> <nCl= 28> <al=0.15> <DB=  834.7580> <Mlp=  835.0000> <PB=835> 
Dynamic params and stats :  aver.obdmd = 23.3529 aver.buck.num. = 26
@@ 1 1 834.758 0.00903067 0.009152 82.8418 0.73
ColGenEvalAlg final dual bound: 834.758 (rounded: 835)
Gap improvement since the last cut separation : 1 (820.918)
Current active cuts : CAP(1+9,97.04)
New model incumbent solution 835, TIME = 0h0m0s73t = 73
************************************************************************************************
Search is finished, global bounds : [ 835 , 835 ], TIME = 0h0m0s73t = 73
************************************************************************************************
Built-in heuristic is enabled
instance_name solver_name ext_heuristic solution_value solution_time best_lb root_lb root_time nb_branch_and_bound_nodes status
/home/logis/Downloads/VRPSolverEasy/VRPSolverEasy/demos/data/CVRP/E-n33-k4 CLP False 835.0000000565508 0.739141546 835.0 835.0 0.738989818 1 0

