Node memory for rank-1 cuts will be used (8.32196)
~~~~~~~~~~~~~~~~~~~~~~~~~~~~~~~~~~~~~~~~~~~~~~~~~~~~~~~~~~~~~~~~~~~~~~~~~~~~~~~~~~~~~
VRPSolver v0.5.27, 24/02/2023, © Inria Bordeaux, France, vrpsolver.math.u-bordeaux.fr
      Corresponds to the solver by Pessoa, Sadykov, Uchoa and Vanderbeck (2020)
                 Paper: dx.doi.org/10.1007/s10107-020-01523-z
~~~~~~~~~~~~~~~~~~~~~~~~~~~~~~~~~~~~~~~~~~~~~~~~~~~~~~~~~~~~~~~~~~~~~~~~~~~~~~~~~~~~~
   BaPCod v0.77, 15/03/2023, © Inria Bordeaux, France, bapcod.math.u-bordeaux.fr 
           THIS CODE IS PROVIDED AS IS, USE IT AT YOUR OWN RISK
~~~~~~~~~~~~~~~~~~~~~~~~~~~~~~~~~~~~~~~~~~~~~~~~~~~~~~~~~~~~~~~~~~~~~~~~~~~~~~~~~~~~~
Bucket steps were recalculated for graph G_1 : [4]
RCSP solver info : symmetric case is detected for graph G_1! 
Bidirectional border value is initialised to 50
RCSP solver info : number of forw. reachable buckets / buck. strongly connected components is 1545( 94.3223% ) / 1095( 70.8738% )
Generating neighbourhoods for rank-1 cuts separation
Building structures for 4- and 5-row rank-1 packing cut separation...done!
Model is built TIME = 0h0m0s4t = 4
************************************************************************************************
**** BaB tree root node
**** Local DB = -1e+12, global bounds : [ -1e+12 , 1313.1 ], TIME = 0h0m0s4t = 4
**** 1 open nodes, 0 columns (0 active), 0 dyn. constrs. (0 active), 124 art. vars. (124 active)
************************************************************************************************
#<DWph=2> <it=  1> <et=0.05> <Mt= 0.00> <Spt= 0.00> <nCl= 30> <al=0.00> <DB=-14271432.1600> <Mlp=204843.6000> <PB=1313.1> 
#<DWph=2> <it=  2> <et=0.06> <Mt= 0.00> <Spt= 0.01> <nCl= 31> <al=0.10> <DB=-5032817.4500> <Mlp=195303.5000> <PB=1313.1> 
#<DWph=2> <it=  3> <et=0.06> <Mt= 0.00> <Spt= 0.00> <nCl= 30> <al=0.45> <DB=-9508056.5406> <Mlp=195144.2543> <PB=1313.1> 
#<DWph=2> <it=  4> <et=0.07> <Mt= 0.00> <Spt= 0.01> <nCl= 30> <al=0.51> <DB=-8721466.3918> <Mlp=182368.2836> <PB=1313.1> 
#<DWph=2> <it=  5> <et=0.07> <Mt= 0.00> <Spt= 0.00> <nCl= 30> <al=0.55> <DB=-6018102.2782> <Mlp=173844.3664> <PB=1313.1> 
#<DWph=2> <it=  6> <et=0.08> <Mt= 0.00> <Spt= 0.01> <nCl= 30> <al=0.45> <DB=-8264571.1685> <Mlp=173495.1473> <PB=1313.1> 
#<DWph=2> <it=  7> <et=0.08> <Mt= 0.00> <Spt= 0.00> <nCl= 30> <al=0.35> <DB=-6341146.2764> <Mlp=169234.1130> <PB=1313.1> 
#<DWph=2> <it=  8> <et=0.09> <Mt= 0.00> <Spt= 0.01> <nCl= 30> <al=0.25> <DB=-4780284.9687> <Mlp=167543.7183> <PB=1313.1> 
#<DWph=2> <it=  9> <et=0.09> <Mt= 0.00> <Spt= 0.00> <nCl= 30> <al=0.33> <DB=-5998789.7721> <Mlp=160011.0091> <PB=1313.1> 
#<DWph=2> <it= 10> <et=0.10> <Mt= 0.00> <Spt= 0.00> <nCl= 30> <al=0.40> <DB=-7678818.7378> <Mlp=156169.8149> <PB=1313.1> 
#<DWph=2> <it= 11> <et=0.10> <Mt= 0.00> <Spt= 0.01> <nCl= 30> <al=0.46> <DB=-7432739.0745> <Mlp=156116.1852> <PB=1313.1> 
#<DWph=2> <it= 12> <et=0.11> <Mt= 0.00> <Spt= 0.00> <nCl= 30> <al=0.51> <DB=-4212068.6000> <Mlp=155918.3624> <PB=1313.1> 
#<DWph=2> <it= 13> <et=0.11> <Mt= 0.00> <Spt= 0.01> <nCl= 30> <al=0.41> <DB=-5976291.5635> <Mlp=153144.9986> <PB=1313.1> 
#<DWph=2> <it= 14> <et=0.11> <Mt= 0.00> <Spt= 0.00> <nCl= 30> <al=0.47> <DB=-2882958.4230> <Mlp=151996.2165> <PB=1313.1> 
#<DWph=2> <it= 15> <et=0.12> <Mt= 0.00> <Spt= 0.01> <nCl= 30> <al=0.37> <DB=-5708387.1640> <Mlp=150977.6550> <PB=1313.1> 
#<DWph=2> <it= 16> <et=0.12> <Mt= 0.00> <Spt= 0.00> <nCl= 30> <al=0.43> <DB=-3792526.0472> <Mlp=148931.8386> <PB=1313.1> 
#<DWph=2> <it= 17> <et=0.13> <Mt= 0.00> <Spt= 0.00> <nCl= 30> <al=0.49> <DB=-3355041.2468> <Mlp=147884.8257> <PB=1313.1> 
#<DWph=2> <it= 18> <et=0.13> <Mt= 0.00> <Spt= 0.01> <nCl= 30> <al=0.54> <DB=-3242435.2711> <Mlp=145766.8314> <PB=1313.1> 
#<DWph=2> <it= 19> <et=0.14> <Mt= 0.00> <Spt= 0.00> <nCl= 30> <al=0.59> <DB=-2702024.0556> <Mlp=144206.8867> <PB=1313.1> 
#<DWph=2> <it= 20> <et=0.14> <Mt= 0.00> <Spt= 0.01> <nCl= 30> <al=0.63> <DB=-2767570.5170> <Mlp=142434.8067> <PB=1313.1> 
#<DWph=2> <it= 21> <et=0.15> <Mt= 0.00> <Spt= 0.00> <nCl= 30> <al=0.67> <DB=-2471461.7969> <Mlp=140700.5679> <PB=1313.1> 
#<DWph=2> <it= 22> <et=0.15> <Mt= 0.00> <Spt= 0.00> <nCl= 30> <al=0.57> <DB=-2329104.4885> <Mlp=135380.2369> <PB=1313.1> 
#<DWph=2> <it= 23> <et=0.15> <Mt= 0.00> <Spt= 0.01> <nCl= 30> <al=0.61> <DB=-2139165.3819> <Mlp=129210.1385> <PB=1313.1> 
#<DWph=2> <it= 24> <et=0.16> <Mt= 0.00> <Spt= 0.00> <nCl= 30> <al=0.65> <DB=-2138604.3940> <Mlp=127681.8160> <PB=1313.1> 
#<DWph=2> <it= 25> <et=0.16> <Mt= 0.00> <Spt= 0.01> <nCl= 30> <al=0.68> <DB=-1741652.4014> <Mlp=122834.1662> <PB=1313.1> 
#<DWph=2> <it= 26> <et=0.17> <Mt= 0.00> <Spt= 0.00> <nCl= 30> <al=0.58> <DB=-1918467.0489> <Mlp=116612.9320> <PB=1313.1> 
#<DWph=2> <it= 27> <et=0.17> <Mt= 0.00> <Spt= 0.00> <nCl= 30> <al=0.62> <DB=-1763283.0982> <Mlp=111204.9780> <PB=1313.1> 
#<DWph=2> <it= 28> <et=0.18> <Mt= 0.00> <Spt= 0.01> <nCl= 30> <al=0.52> <DB=-1626658.4523> <Mlp=107690.6254> <PB=1313.1> 
#<DWph=2> <it= 29> <et=0.18> <Mt= 0.00> <Spt= 0.00> <nCl= 30> <al=0.57> <DB=-1448427.7904> <Mlp=101005.7013> <PB=1313.1> 
#<DWph=2> <it= 30> <et=0.19> <Mt= 0.01> <Spt= 0.01> <nCl= 30> <al=0.61> <DB=-1118620.3631> <Mlp=92705.7669> <PB=1313.1> 
#<DWph=2> <it= 31> <et=0.19> <Mt= 0.00> <Spt= 0.00> <nCl= 30> <al=0.51> <DB=-1128573.7115> <Mlp=89074.7223> <PB=1313.1> 
#<DWph=2> <it= 32> <et=0.20> <Mt= 0.00> <Spt= 0.00> <nCl= 30> <al=0.56> <DB=-1078257.3002> <Mlp=87309.5412> <PB=1313.1> 
#<DWph=2> <it= 33> <et=0.20> <Mt= 0.00> <Spt= 0.01> <nCl= 30> <al=0.61> <DB=-1066007.4106> <Mlp=67888.6394> <PB=1313.1> 
#<DWph=2> <it= 34> <et=0.21> <Mt= 0.00> <Spt= 0.00> <nCl= 30> <al=0.65> <DB=-906324.4198> <Mlp=57301.7328> <PB=1313.1> 
#<DWph=2> <it= 35> <et=0.21> <Mt= 0.00> <Spt= 0.01> <nCl= 30> <al=0.68> <DB=-888907.1392> <Mlp=42815.4763> <PB=1313.1> 
#<DWph=2> <it= 36> <et=0.22> <Mt= 0.00> <Spt= 0.00> <nCl= 30> <al=0.71> <DB=-783274.6936> <Mlp=33017.0121> <PB=1313.1> 
#<DWph=2> <it= 37> <et=0.23> <Mt= 0.01> <Spt= 0.00> <nCl= 30> <al=0.74> <DB=-691267.0649> <Mlp= 7144.0583> <PB=1313.1> 
#<DWph=2> <it= 38> <et=0.23> <Mt= 0.00> <Spt= 0.01> <nCl= 30> <al=0.64> <DB=-407315.1808> <Mlp= 3820.9776> <PB=1313.1> 
#<DWph=2> <it= 39> <et=0.24> <Mt= 0.00> <Spt= 0.00> <nCl= 26> <al=0.54> <DB=-178926.1340> <Mlp= 3533.6419> <PB=1313.1> 
#<DWph=2> <it= 40> <et=0.24> <Mt= 0.00> <Spt= 0.00> <nCl= 30> <al=0.44> <DB=-33353.9967> <Mlp= 3520.4845> <PB=1313.1> 
#<DWph=2> <it= 41> <et=0.24> <Mt= 0.00> <Spt= 0.00> <nCl= 30> <al=0.34> <DB=-6773.6130> <Mlp= 3214.8347> <PB=1313.1> 
<DWph=2> <it= 42> <et=0.25> <Mt= 0.01> <Spt= 0.01> <nCl= 30> <al=0.41> <DB=-8134.6355> <Mlp= 2402.5759> <PB=1313.1> 
<DWph=2> <it= 43> <et=0.26> <Mt= 0.00> <Spt= 0.00> <nCl= 23> <al=0.47> <DB=-1944.0672> <Mlp= 2290.9982> <PB=1313.1> 
<DWph=2> <it= 44> <et=0.26> <Mt= 0.00> <Spt= 0.01> <nCl= 30> <al=0.37> <DB=-18664.9491> <Mlp= 2228.8382> <PB=1313.1> 
<DWph=2> <it= 45> <et=0.27> <Mt= 0.00> <Spt= 0.00> <nCl= 30> <al=0.43> <DB=-14490.3489> <Mlp= 2202.5849> <PB=1313.1> 
<DWph=2> <it= 46> <et=0.27> <Mt= 0.00> <Spt= 0.00> <nCl= 30> <al=0.49> <DB=-8075.2871> <Mlp= 2180.6295> <PB=1313.1> 
<DWph=2> <it= 47> <et=0.28> <Mt= 0.00> <Spt= 0.01> <nCl= 30> <al=0.54> <DB=-4736.9847> <Mlp= 2123.7033> <PB=1313.1> 
<DWph=2> <it= 48> <et=0.28> <Mt= 0.00> <Spt= 0.00> <nCl= 30> <al=0.58> <DB= -915.1728> <Mlp= 2061.2066> <PB=1313.1> 
<DWph=2> <it= 49> <et=0.29> <Mt= 0.01> <Spt= 0.01> <nCl= 30> <al=0.63> <DB=-6072.1283> <Mlp= 1987.5246> <PB=1313.1> 
<DWph=2> <it= 50> <et=0.30> <Mt= 0.00> <Spt= 0.00> <nCl= 30> <al=0.66> <DB=-2883.2057> <Mlp= 1943.0046> <PB=1313.1> 
<DWph=2> <it= 51> <et=0.30> <Mt= 0.00> <Spt= 0.01> <nCl= 30> <al=0.70> <DB=-1190.5611> <Mlp= 1861.1730> <PB=1313.1> 
<DWph=2> <it= 52> <et=0.31> <Mt= 0.00> <Spt= 0.00> <nCl= 30> <al=0.73> <DB= -652.2764> <Mlp= 1754.0773> <PB=1313.1> 
<DWph=2> <it= 53> <et=0.31> <Mt= 0.00> <Spt= 0.00> <nCl= 30> <al=0.75> <DB=-2108.5761> <Mlp= 1726.9974> <PB=1313.1> 
<DWph=2> <it= 54> <et=0.32> <Mt= 0.00> <Spt= 0.01> <nCl= 30> <al=0.78> <DB= -871.0539> <Mlp= 1721.1125> <PB=1313.1> 
<DWph=2> <it= 55> <et=0.32> <Mt= 0.01> <Spt= 0.00> <nCl= 30> <al=0.80> <DB= -525.5916> <Mlp= 1696.3356> <PB=1313.1> 
<DWph=2> <it= 56> <et=0.33> <Mt= 0.00> <Spt= 0.01> <nCl= 30> <al=0.82> <DB= -510.0861> <Mlp= 1683.3509> <PB=1313.1> 
<DWph=2> <it= 57> <et=0.34> <Mt= 0.00> <Spt= 0.00> <nCl= 30> <al=0.84> <DB= -505.7707> <Mlp= 1672.3265> <PB=1313.1> 
<DWph=2> <it= 58> <et=0.34> <Mt= 0.00> <Spt= 0.00> <nCl= 30> <al=0.86> <DB= -407.5222> <Mlp= 1635.6408> <PB=1313.1> 
<DWph=2> <it= 59> <et=0.35> <Mt= 0.00> <Spt= 0.01> <nCl= 30> <al=0.87> <DB= -150.5395> <Mlp= 1610.8720> <PB=1313.1> 
<DWph=2> <it= 60> <et=0.35> <Mt= 0.00> <Spt= 0.00> <nCl= 30> <al=0.88> <DB= -128.6928> <Mlp= 1582.1312> <PB=1313.1> 
<DWph=2> <it= 61> <et=0.36> <Mt= 0.01> <Spt= 0.01> <nCl= 26> <al=0.89> <DB= -117.1060> <Mlp= 1530.0451> <PB=1313.1> 
<DWph=2> <it= 62> <et=0.37> <Mt= 0.00> <Spt= 0.00> <nCl= 30> <al=0.91> <DB= -200.9783> <Mlp= 1501.6103> <PB=1313.1> 
<DWph=2> <it= 63> <et=0.37> <Mt= 0.00> <Spt= 0.01> <nCl= 23> <al=0.91> <DB=  135.2933> <Mlp= 1468.0200> <PB=1313.1> 
<DWph=2> <it= 64> <et=0.38> <Mt= 0.00> <Spt= 0.00> <nCl= 30> <al=0.81> <DB= -206.8195> <Mlp= 1465.2457> <PB=1313.1> 
<DWph=2> <it= 65> <et=0.39> <Mt= 0.00> <Spt= 0.00> <nCl= 28> <al=0.83> <DB=  236.3625> <Mlp= 1422.9950> <PB=1313.1> 
<DWph=2> <it= 66> <et=0.39> <Mt= 0.00> <Spt= 0.01> <nCl= 29> <al=0.85> <DB=  432.1781> <Mlp= 1403.3594> <PB=1313.1> 
<DWph=2> <it= 67> <et=0.40> <Mt= 0.01> <Spt= 0.00> <nCl= 28> <al=0.86> <DB=  364.4219> <Mlp= 1390.2526> <PB=1313.1> 
<DWph=2> <it= 68> <et=0.40> <Mt= 0.00> <Spt= 0.01> <nCl= 19> <al=0.88> <DB=  425.0454> <Mlp= 1364.5929> <PB=1313.1> 
<DWph=2> <it= 69> <et=0.41> <Mt= 0.00> <Spt= 0.00> <nCl= 16> <al=0.89> <DB=  542.6095> <Mlp= 1357.7107> <PB=1313.1> 
<DWph=2> <it= 70> <et=0.42> <Mt= 0.00> <Spt= 0.01> <nCl= 29> <al=0.79> <DB=  187.1815> <Mlp= 1341.6274> <PB=1313.1> 
<DWph=2> <it= 71> <et=0.42> <Mt= 0.00> <Spt= 0.00> <nCl= 22> <al=0.81> <DB=  642.3964> <Mlp= 1326.9099> <PB=1313.1> 
<DWph=2> <it= 72> <et=0.43> <Mt= 0.01> <Spt= 0.00> <nCl= 27> <al=0.83> <DB=  632.0838> <Mlp= 1315.2727> <PB=1313.1> 
<DWph=2> <it= 73> <et=0.43> <Mt= 0.00> <Spt= 0.01> <nCl= 17> <al=0.85> <DB=  798.1877> <Mlp= 1304.3010> <PB=1313.1> 
<DWph=2> <it= 74> <et=0.44> <Mt= 0.00> <Spt= 0.00> <nCl= 30> <al=0.75> <DB=  344.8867> <Mlp= 1303.2063> <PB=1313.1> 
<DWph=2> <it= 75> <et=0.44> <Mt= 0.00> <Spt= 0.01> <nCl= 17> <al=0.77> <DB=  720.3907> <Mlp= 1285.2993> <PB=1313.1> 
<DWph=2> <it= 76> <et=0.45> <Mt= 0.00> <Spt= 0.00> <nCl= 12> <al=0.80> <DB=  901.2074> <Mlp= 1279.2415> <PB=1313.1> 
<DWph=2> <it= 77> <et=0.46> <Mt= 0.00> <Spt= 0.00> <nCl= 24> <al=0.70> <DB=  874.3047> <Mlp= 1278.7988> <PB=1313.1> 
<DWph=2> <it= 78> <et=0.46> <Mt= 0.00> <Spt= 0.01> <nCl= 18> <al=0.73> <DB=  865.9363> <Mlp= 1270.8698> <PB=1313.1> 
<DWph=2> <it= 79> <et=0.47> <Mt= 0.01> <Spt= 0.00> <nCl=  9> <al=0.75> <DB=  955.0647> <Mlp= 1269.0685> <PB=1313.1> 
<DWph=2> <it= 80> <et=0.47> <Mt= 0.00> <Spt= 0.01> <nCl= 22> <al=0.65> <DB=  530.0555> <Mlp= 1268.4260> <PB=1313.1> 
<DWph=2> <it= 81> <et=0.48> <Mt= 0.00> <Spt= 0.00> <nCl= 14> <al=0.69> <DB=  969.6009> <Mlp= 1263.1964> <PB=1313.1> 
<DWph=2> <it= 82> <et=0.48> <Mt= 0.00> <Spt= 0.01> <nCl= 17> <al=0.59> <DB=  856.7282> <Mlp= 1262.4509> <PB=1313.1> 
<DWph=2> <it= 83> <et=0.49> <Mt= 0.00> <Spt= 0.00> <nCl=  7> <al=0.63> <DB= 1160.8886> <Mlp= 1261.8814> <PB=1313.1> 
<DWph=2> <it= 84> <et=0.49> <Mt= 0.00> <Spt= 0.00> <nCl=  9> <al=0.67> <DB= 1123.5283> <Mlp= 1261.4923> <PB=1313.1> 
<DWph=2> <it= 85> <et=0.50> <Mt= 0.00> <Spt= 0.01> <nCl= 12> <al=0.40> <DB= 1097.6508> <Mlp= 1261.3094> <PB=1313.1> 
<DWph=2> <it= 86> <et=0.51> <Mt= 0.00> <Spt= 0.01> <nCl=  6> <al=0.60> <DB= 1232.5047> <Mlp= 1261.2765> <PB=1313.1> 
<DWph=2> <it= 87> <et=0.51> <Mt= 0.00> <Spt= 0.00> <nCl=  4> <al=0.50> <DB= 1104.4838> <Mlp= 1261.2755> <PB=1313.1> 
<DWph=2> <it= 88> <et=0.52> <Mt= 0.00> <Spt= 0.00> <nCl=  4> <al=0.55> <DB= 1257.4823> <Mlp= 1261.1281> <PB=1313.1> 
<DWph=2> <it= 89> <et=0.52> <Mt= 0.00> <Spt= 0.01> <nCl= 10> <al=0.00> <DB= 1095.3707> <Mlp= 1261.0881> <PB=1313.1> 
<DWph=2> <it= 90> <et=0.53> <Mt= 0.01> <Spt= 0.00> <nCl=  7> <al=0.35> <DB= 1117.0080> <Mlp= 1260.4040> <PB=1313.1> 
<DWph=2> <it= 91> <et=0.53> <Mt= 0.00> <Spt= 0.01> <nCl=  5> <al=0.25> <DB= 1259.4729> <Mlp= 1259.8881> <PB=1313.1> 
<DWph=2> <it= 92> <et=0.54> <Mt= 0.00> <Spt= 0.01> <nCl= 10> <al=0.00> <DB= 1006.4355> <Mlp= 1259.8692> <PB=1313.1> 
<DWph=2> <it= 93> <et=0.54> <Mt= 0.00> <Spt= 0.00> <nCl=  0> <al=0.05> <DB= 1006.4355> <Mlp= 1257.5099> <PB=1313.1> 
<DWph=1> <it= 94> <et=0.55> <Mt= 0.00> <Spt= 0.01> <nCl= 29> <al=0.05> <DB=  707.7436> <Mlp= 1257.5099> <PB=1313.1> 
<DWph=1> <it= 95> <et=0.56> <Mt= 0.00> <Spt= 0.00> <nCl= 23> <al=0.14> <DB=  946.1990> <Mlp= 1256.4744> <PB=1313.1> 
<DWph=1> <it= 96> <et=0.57> <Mt= 0.00> <Spt= 0.01> <nCl= 19> <al=0.23> <DB=  891.2903> <Mlp= 1255.5869> <PB=1313.1> 
<DWph=1> <it= 97> <et=0.58> <Mt= 0.00> <Spt= 0.01> <nCl= 15> <al=0.31> <DB= 1150.0427> <Mlp= 1254.5948> <PB=1313.1> 
<DWph=1> <it= 98> <et=0.59> <Mt= 0.00> <Spt= 0.01> <nCl= 13> <al=0.21> <DB= 1179.4053> <Mlp= 1254.4405> <PB=1313.1> 
<DWph=1> <it= 99> <et=0.60> <Mt= 0.00> <Spt= 0.01> <nCl=  6> <al=0.29> <DB= 1201.4449> <Mlp= 1254.0829> <PB=1313.1> 
<DWph=1> <it=100> <et=0.61> <Mt= 0.01> <Spt= 0.01> <nCl=  5> <al=0.36> <DB= 1188.4506> <Mlp= 1254.0277> <PB=1313.1> 
<DWph=1> <it=101> <et=0.62> <Mt= 0.00> <Spt= 0.01> <nCl=  3> <al=0.42> <DB= 1232.1331> <Mlp= 1254.0202> <PB=1313.1> 
<DWph=1> <it=102> <et=0.63> <Mt= 0.00> <Spt= 0.01> <nCl=  1> <al=0.32> <DB= 1251.7426> <Mlp= 1254.0202> <PB=1313.1> 
<DWph=1> <it=103> <et=0.64> <Mt= 0.00> <Spt= 0.01> <nCl=  2> <al=0.22> <DB= 1243.9993> <Mlp= 1254.0175> <PB=1313.1> 
<DWph=1> <it=104> <et=0.66> <Mt= 0.00> <Spt= 0.01> <nCl=  3> <al=0.00> <DB= 1254.0060> <Mlp= 1254.0060> <PB=1313.1> 
    RCSP exact solver info for graph G_1 : TT = 0.028371, pt = 1.1e-05, dt = 0.025209, ct = 0.002783, ndl = 7', bdl = 223', odl = 2', odf = 24', bsi = 1', cnt = 16', bdch = 2509', odch = 61', lcp = 64', #sols = 150
<DWph=0> <it=105> <et=0.69> <Mt= 0.00> <Spt= 0.03> <nCl=140> <al=0.20> <DB= 1009.5873> <Mlp= 1254.0060> <PB=1313.1> 
    RCSP exact solver info for graph G_1 : TT = 0.022865, pt = 3.2e-05, dt = 0.019733, ct = 0.00273, ndl = 7', bdl = 220', odl = 2', odf = 24', bsi = 1', cnt = 16', bdch = 2458', odch = 60', lcp = 61', #sols = 150
<DWph=0> <it=106> <et=0.72> <Mt= 0.00> <Spt= 0.03> <nCl= 77> <al=0.10> <DB= 1189.5428> <Mlp= 1251.7723> <PB=1313.1> 
    RCSP exact solver info for graph G_1 : TT = 0.022981, pt = 2.6e-05, dt = 0.019832, ct = 0.00277, ndl = 7', bdl = 221', odl = 2', odf = 24', bsi = 1', cnt = 16', bdch = 2486', odch = 61', lcp = 61', #sols = 150
<DWph=0> <it=107> <et=0.74> <Mt= 0.00> <Spt= 0.02> <nCl= 28> <al=0.00> <DB= 1189.5347> <Mlp= 1251.5347> <PB=1313.1> 
    RCSP exact solver info for graph G_1 : TT = 0.022919, pt = 2.5e-05, dt = 0.019798, ct = 0.002755, ndl = 7', bdl = 221', odl = 2', odf = 24', bsi = 1', cnt = 17', bdch = 2480', odch = 60', lcp = 61', #sols = 150
    RCSP exact solver info for graph G_1 : TT = 0.022823, pt = 2.3e-05, dt = 0.019707, ct = 0.002755, ndl = 7', bdl = 221', odl = 2', odf = 24', bsi = 1', cnt = 16', bdch = 2470', odch = 60', lcp = 61', #sols = 150
<DWph=0> <it=108> <et=0.79> <Mt= 0.00> <Spt= 0.05> <nCl=  7> <al=0.00> <DB= 1251.4656> <Mlp= 1251.4656> <PB=1313.1> 
Dynamic params and stats :  aver.obdmd = 23.5397 aver.buck.num. = 26
@@ 1 0 1251.47 0.0236144 0.027992 86.2334 0.79
Labels distribution in buckets (bucket size) : largest - 74, top 0.1% - 74, top 0.5% - 62, top 2% - 41, top 10% - 24, top 50% - 6
Reduced cost fixing for graph G_1... 56566 buck. arcs remain (70.8% from prev., 61% from max.) + 7870 jump buck. arcs (8.49% from max.)
 TT = 0.124815, pt = 0.012191, dt = 0.063841, ct = 0.048596, ndl = 27', bdl = 689', odl = 2', odf = 77', lpcb = 477', cnt = 1496', bdch = 10252', odch = 709', lcp = 405'
Labels distribution in buckets (bucket size) : largest - 85, top 0.1% - 85, top 0.5% - 71, top 2% - 47, top 10% - 25, top 50% - 6
Run forward enumeration with border = 50... not succeeded (ratio 0.955142) lpt = 0.015476, ndl = 16', dl = 0', lpcb = 22', dch = 17'
 TT = 0.018541, pt = 0.001973, dt = 0.015476, ct = 0, ndl = 16', bdl = 0', lpcb = 22', cnt = 76', bdch = 17', odch = 0', lcp = 0'
ColGenEvalAlg final dual bound: 1251.47 (rounded: 1252)
In total 2 RCC cut(s) are found by the connected components heuristic 
Shrinking heuristic shrunk 15 edges
In total 21 RCC cut(s) are found by the Fractional capacity min-cut heuristic 
In total 183 RCC cut(s) are found by the greedy construction heuristic 
----- Add fac. cuts : CAP(100), max.viol = 0.78607, aver.viol = 0.359325, sep/add took 0.0125538/0.129852 sec. -----
2722 columns (2722 active), 100 dyn. constrs. (100 active), 224 art. vars. (224 active)
<DWph=2> <it=  1> <et=1.10> <Mt= 0.01> <Spt= 0.01> <nCl= 17> <al=0.50> <DB= 1149.3068> <Mlp= 1279.2761> <PB=1313.1> 
<DWph=2> <it=  2> <et=1.12> <Mt= 0.01> <Spt= 0.01> <nCl= 29> <al=0.10> <DB= 1140.8645> <Mlp= 1274.9859> <PB=1313.1> 
<DWph=2> <it=  3> <et=1.13> <Mt= 0.01> <Spt= 0.01> <nCl=  6> <al=0.45> <DB= 1252.1857> <Mlp= 1272.2260> <PB=1313.1> 
<DWph=2> <it=  4> <et=1.14> <Mt= 0.00> <Spt= 0.00> <nCl=  3> <al=0.51> <DB= 1264.9249> <Mlp= 1272.2260> <PB=1313.1> 
<DWph=2> <it=  5> <et=1.15> <Mt= 0.00> <Spt= 0.01> <nCl= 14> <al=0.41> <DB= 1267.1934> <Mlp= 1272.1934> <PB=1313.1> 
<DWph=2> <it=  6> <et=1.16> <Mt= 0.01> <Spt= 0.00> <nCl= 11> <al=0.46> <DB= 1257.8053> <Mlp= 1272.1569> <PB=1313.1> 
<DWph=2> <it=  7> <et=1.17> <Mt= 0.00> <Spt= 0.01> <nCl= 15> <al=0.04> <DB= 1255.6356> <Mlp= 1272.0106> <PB=1313.1> 
<DWph=2> <it=  8> <et=1.18> <Mt= 0.00> <Spt= 0.00> <nCl=  1> <al=0.42> <DB= 1268.4338> <Mlp= 1272.0106> <PB=1313.1> 
<DWph=2> <it=  9> <et=1.19> <Mt= 0.01> <Spt= 0.01> <nCl=  8> <al=0.00> <DB= 1259.9283> <Mlp= 1272.0106> <PB=1313.1> 
<DWph=2> <it= 10> <et=1.20> <Mt= 0.00> <Spt= 0.01> <nCl=  7> <al=0.00> <DB= 1259.2019> <Mlp= 1271.7496> <PB=1313.1> 
<DWph=2> <it= 11> <et=1.21> <Mt= 0.00> <Spt= 0.01> <nCl=  1> <al=0.00> <DB= 1271.7496> <Mlp= 1271.7496> <PB=1313.1> 
<DWph=1> <it= 12> <et=1.22> <Mt= 0.00> <Spt= 0.01> <nCl= 15> <al=0.02> <DB= 1254.2968> <Mlp= 1271.7496> <PB=1313.1> 
<DWph=1> <it= 13> <et=1.24> <Mt= 0.01> <Spt= 0.01> <nCl=  9> <al=0.12> <DB= 1264.7145> <Mlp= 1271.6488> <PB=1313.1> 
<DWph=1> <it= 14> <et=1.25> <Mt= 0.00> <Spt= 0.01> <nCl=  5> <al=0.02> <DB= 1267.6718> <Mlp= 1271.5603> <PB=1313.1> 
<DWph=1> <it= 15> <et=1.27> <Mt= 0.00> <Spt= 0.01> <nCl=  0> <al=0.00> <DB= 1271.5592> <Mlp= 1271.5592> <PB=1313.1> 
    RCSP exact solver info for graph G_1 : TT = 0.014944, pt = 1.3e-05, dt = 0.012289, ct = 0.002287, ndl = 5', bdl = 117', odl = 2', odf = 21', bsi = 1', cnt = 9', bdch = 1084', odch = 50', lcp = 46', #sols = 150
<DWph=0> <it= 16> <et=1.29> <Mt= 0.00> <Spt= 0.02> <nCl= 70> <al=0.01> <DB= 1255.6786> <Mlp= 1271.5592> <PB=1313.1> 
    RCSP exact solver info for graph G_1 : TT = 0.015019, pt = 3.4e-05, dt = 0.012277, ct = 0.002304, ndl = 5', bdl = 118', odl = 2', odf = 21', bsi = 1', cnt = 10', bdch = 1096', odch = 49', lcp = 46', #sols = 150
<DWph=0> <it= 17> <et=1.31> <Mt= 0.01> <Spt= 0.02> <nCl= 42> <al=0.00> <DB= 1265.9013> <Mlp= 1271.4108> <PB=1313.1> 
    RCSP exact solver info for graph G_1 : TT = 0.015473, pt = 3e-05, dt = 0.012715, ct = 0.002336, ndl = 5', bdl = 124', odl = 2', odf = 22', bsi = 1', cnt = 10', bdch = 1169', odch = 52', lcp = 46', #sols = 150
<DWph=0> <it= 18> <et=1.34> <Mt= 0.00> <Spt= 0.02> <nCl= 26> <al=0.02> <DB= 1270.8589> <Mlp= 1271.3050> <PB=1313.1> 
    RCSP exact solver info for graph G_1 : TT = 0.016364, pt = 2.8e-05, dt = 0.013536, ct = 0.002415, ndl = 5', bdl = 134', odl = 2', odf = 23', bsi = 1', cnt = 11', bdch = 1294', odch = 56', lcp = 49', #sols = 150
    RCSP exact solver info for graph G_1 : TT = 0.015046, pt = 2.4e-05, dt = 0.012361, ct = 0.002289, ndl = 5', bdl = 121', odl = 2', odf = 22', bsi = 1', cnt = 10', bdch = 1125', odch = 50', lcp = 46', #sols = 150
<DWph=0> <it= 19> <et=1.38> <Mt= 0.01> <Spt= 0.04> <nCl= 15> <al=0.00> <DB= 1271.3046> <Mlp= 1271.3046> <PB=1313.1> 
Dynamic params and stats :  aver.obdmd = 23.5397 aver.buck.num. = 26
@@ 1 1 1271.3 0.0149618 0.015951 61.0475 1.38
Labels distribution in buckets (bucket size) : largest - 71, top 0.1% - 71, top 0.5% - 53, top 2% - 37, top 10% - 19, top 50% - 4
Reduced cost fixing for graph G_1... 44598 buck. arcs remain (78.8% from prev., 48.1% from max.) + 10364 jump buck. arcs (11.2% from max.)
 TT = 0.078531, pt = 0.007238, dt = 0.036454, ct = 0.034673, ndl = 21', bdl = 430', odl = 2', odf = 70', lpcb = 293', cnt = 805', bdch = 4578', odch = 508', lcp = 319'
Labels distribution in buckets (bucket size) : largest - 82, top 0.1% - 82, top 0.5% - 65, top 2% - 38, top 10% - 19, top 50% - 4
Run forward enumeration with border = 50... not succeeded (ratio 0.928381) lpt = 0.016925, ndl = 24', dl = 4', lpcb = 55', dch = 28'
 TT = 0.018448, pt = 0, dt = 0.016925, ct = 0, ndl = 24', bdl = 4', lpcb = 55', cnt = 118', bdch = 28', odch = 0', lcp = 0'
ColGenEvalAlg final dual bound: 1271.3 (rounded: 1272)
Gap improvement since the last cut separation : 0.321882 (1251.47)
Current active cuts : CAP(10,168.327)
In total 4 RCC cut(s) are found by the connected components heuristic 
Shrinking heuristic shrunk 11 edges
In total 20 RCC cut(s) are found by the Fractional capacity min-cut heuristic 
In total 111 RCC cut(s) are found by the greedy construction heuristic 
In total 10 RCC cut(s) are found by the global pool greedy search heuristic 
----- Add fac. cuts : CAP(100), max.viol = 0.617752, aver.viol = 0.274885, sep/add took 0.0157633/0.154849 sec. -----
3016 columns (3016 active), 200 dyn. constrs. (110 active), 324 art. vars. (234 active)
<DWph=2> <it=  1> <et=1.68> <Mt= 0.02> <Spt= 0.01> <nCl= 29> <al=0.50> <DB=  782.1008> <Mlp= 1286.6122> <PB=1313.1> 
<DWph=2> <it=  2> <et=1.72> <Mt= 0.02> <Spt= 0.01> <nCl= 16> <al=0.55> <DB= 1062.1704> <Mlp= 1280.6879> <PB=1313.1> 
<DWph=2> <it=  3> <et=1.73> <Mt= 0.01> <Spt= 0.00> <nCl=  4> <al=0.60> <DB= 1275.0722> <Mlp= 1280.6074> <PB=1313.1> 
<DWph=2> <it=  4> <et=1.74> <Mt= 0.00> <Spt= 0.01> <nCl= 28> <al=0.27> <DB= 1171.7260> <Mlp= 1280.3695> <PB=1313.1> 
<DWph=2> <it=  5> <et=1.76> <Mt= 0.01> <Spt= 0.01> <nCl=  9> <al=0.54> <DB= 1271.4538> <Mlp= 1280.1586> <PB=1313.1> 
<DWph=2> <it=  6> <et=1.77> <Mt= 0.01> <Spt= 0.00> <nCl= 12> <al=0.58> <DB= 1272.5818> <Mlp= 1279.8249> <PB=1313.1> 
<DWph=2> <it=  7> <et=1.79> <Mt= 0.00> <Spt= 0.02> <nCl= 10> <al=0.25> <DB= 1131.7157> <Mlp= 1279.8249> <PB=1313.1> 
<DWph=2> <it=  8> <et=1.80> <Mt= 0.01> <Spt= 0.01> <nCl= 17> <al=0.05> <DB= 1265.5489> <Mlp= 1279.7995> <PB=1313.1> 
<DWph=2> <it=  9> <et=1.81> <Mt= 0.00> <Spt= 0.00> <nCl=  2> <al=0.42> <DB= 1278.5722> <Mlp= 1279.7261> <PB=1313.1> 
<DWph=2> <it= 10> <et=1.82> <Mt= 0.00> <Spt= 0.01> <nCl= 12> <al=0.00> <DB= 1264.2071> <Mlp= 1279.7261> <PB=1313.1> 
<DWph=2> <it= 11> <et=1.84> <Mt= 0.01> <Spt= 0.01> <nCl=  9> <al=0.00> <DB= 1279.2858> <Mlp= 1279.6457> <PB=1313.1> 
<DWph=2> <it= 12> <et=1.85> <Mt= 0.00> <Spt= 0.01> <nCl=  3> <al=0.00> <DB= 1279.6457> <Mlp= 1279.6457> <PB=1313.1> 
<DWph=1> <it= 13> <et=1.86> <Mt= 0.00> <Spt= 0.01> <nCl= 16> <al=0.18> <DB= 1206.4884> <Mlp= 1279.6457> <PB=1313.1> 
<DWph=1> <it= 14> <et=1.88> <Mt= 0.01> <Spt= 0.01> <nCl= 18> <al=0.08> <DB= 1225.2084> <Mlp= 1279.3501> <PB=1313.1> 
<DWph=1> <it= 15> <et=1.89> <Mt= 0.01> <Spt= 0.01> <nCl= 10> <al=0.17> <DB= 1272.7135> <Mlp= 1279.3292> <PB=1313.1> 
<DWph=1> <it= 16> <et=1.91> <Mt= 0.00> <Spt= 0.01> <nCl=  4> <al=0.26> <DB= 1271.7801> <Mlp= 1279.3276> <PB=1313.1> 
<DWph=1> <it= 17> <et=1.93> <Mt= 0.00> <Spt= 0.01> <nCl=  7> <al=0.00> <DB= 1277.8341> <Mlp= 1279.3083> <PB=1313.1> 
<DWph=1> <it= 18> <et=1.94> <Mt= 0.01> <Spt= 0.01> <nCl=  5> <al=0.23> <DB= 1277.1022> <Mlp= 1279.3065> <PB=1313.1> 
<DWph=1> <it= 19> <et=1.95> <Mt= 0.00> <Spt= 0.01> <nCl=  3> <al=0.00> <DB= 1279.3003> <Mlp= 1279.3003> <PB=1313.1> 
    RCSP exact solver info for graph G_1 : TT = 0.012781, pt = 1.4e-05, dt = 0.010216, ct = 0.002142, ndl = 5', bdl = 84', odl = 2', odf = 21', bsi = 1', cnt = 10', bdch = 807', odch = 43', lcp = 43', #sols = 150
<DWph=0> <it= 20> <et=1.98> <Mt= 0.00> <Spt= 0.03> <nCl= 80> <al=0.03> <DB= 1239.6637> <Mlp= 1279.3003> <PB=1313.1> 
    RCSP exact solver info for graph G_1 : TT = 0.012968, pt = 3.8e-05, dt = 0.010349, ct = 0.002141, ndl = 5', bdl = 84', odl = 2', odf = 21', bsi = 1', cnt = 11', bdch = 814', odch = 43', lcp = 41', #sols = 150
<DWph=0> <it= 21> <et=2.00> <Mt= 0.01> <Spt= 0.02> <nCl= 61> <al=0.00> <DB= 1273.7352> <Mlp= 1278.7801> <PB=1313.1> 
    RCSP exact solver info for graph G_1 : TT = 0.01249, pt = 3.6e-05, dt = 0.009998, ct = 0.00205, ndl = 4', bdl = 81', odl = 2', odf = 21', bsi = 1', cnt = 10', bdch = 771', odch = 40', lcp = 39', #sols = 150
<DWph=0> <it= 22> <et=2.03> <Mt= 0.00> <Spt= 0.02> <nCl= 28> <al=0.00> <DB= 1275.5675> <Mlp= 1278.7462> <PB=1313.1> 
    RCSP exact solver info for graph G_1 : TT = 0.012436, pt = 3.3e-05, dt = 0.009925, ct = 0.00206, ndl = 4', bdl = 81', odl = 2', odf = 20', bsi = 1', cnt = 10', bdch = 766', odch = 40', lcp = 39', #sols = 150
<DWph=0> <it= 23> <et=2.05> <Mt= 0.00> <Spt= 0.01> <nCl=  1> <al=0.00> <DB= 1278.7462> <Mlp= 1278.7462> <PB=1313.1> 
Dynamic params and stats :  aver.obdmd = 23.5397 aver.buck.num. = 26
@@ 1 2 1278.75 0.0122202 0.01249 48.1313 2.05
Labels distribution in buckets (bucket size) : largest - 52, top 0.1% - 52, top 0.5% - 42, top 2% - 33, top 10% - 19, top 50% - 4
Reduced cost fixing for graph G_1... 41575 buck. arcs remain (93.2% from prev., 44.9% from max.) + 10295 jump buck. arcs (11.1% from max.)
 TT = 0.066903, pt = 0.00553, dt = 0.030505, ct = 0.030717, ndl = 18', bdl = 376', odl = 2', odf = 67', lpcb = 187', cnt = 692', bdch = 3495', odch = 416', lcp = 252'
Labels distribution in buckets (bucket size) : largest - 56, top 0.1% - 56, top 0.5% - 48, top 2% - 34, top 10% - 21, top 50% - 4
Run forward enumeration with border = 50... not succeeded (ratio 0.92465) lpt = 0.017216, ndl = 24', dl = 5', lpcb = 54', dch = 27'
 TT = 0.01843, pt = 0, dt = 0.017216, ct = 0, ndl = 24', bdl = 5', lpcb = 54', cnt = 123', bdch = 27', odch = 0', lcp = 0'
ColGenEvalAlg final dual bound: 1278.75 (rounded: 1279)
Gap improvement since the last cut separation : 0.178047 (1271.3)
Current active cuts : CAP(19,452.797)
Shrinking heuristic shrunk 16 edges
In total 13 RCC cut(s) are found by the Fractional capacity min-cut heuristic 
In total 38 RCC cut(s) are found by the greedy construction heuristic 
In total 2 RCC cut(s) are found by the global pool greedy search heuristic 
----- Add fac. cuts : CAP(53), max.viol = 0.287512, aver.viol = 0.107445, sep/add took 0.0126601/0.0907571 sec. -----
3400 columns (3400 active), 163 dyn. constrs. (88 active), 377 art. vars. (212 active)
<DWph=2> <it=  1> <et=2.32> <Mt= 0.02> <Spt= 0.01> <nCl=  3> <al=0.50> <DB= 1279.7046> <Mlp= 1280.6629> <PB=1313.1> 
<DWph=2> <it=  2> <et=2.33> <Mt= 0.00> <Spt= 0.01> <nCl= 15> <al=0.00> <DB= 1279.6586> <Mlp= 1280.6629> <PB=1313.1> 
<DWph=2> <it=  3> <et=2.34> <Mt= 0.00> <Spt= 0.01> <nCl=  2> <al=0.00> <DB= 1280.6575> <Mlp= 1280.6575> <PB=1313.1> 
<DWph=1> <it=  4> <et=2.35> <Mt= 0.00> <Spt= 0.01> <nCl= 12> <al=0.20> <DB= 1265.0470> <Mlp= 1280.6575> <PB=1313.1> 
<DWph=1> <it=  5> <et=2.36> <Mt= 0.01> <Spt= 0.00> <nCl=  7> <al=0.28> <DB= 1276.0195> <Mlp= 1280.4619> <PB=1313.1> 
<DWph=1> <it=  6> <et=2.38> <Mt= 0.00> <Spt= 0.02> <nCl=  3> <al=0.00> <DB= 1280.1286> <Mlp= 1280.4463> <PB=1313.1> 
<DWph=1> <it=  7> <et=2.40> <Mt= 0.00> <Spt= 0.01> <nCl=  4> <al=0.00> <DB= 1280.4463> <Mlp= 1280.4463> <PB=1313.1> 
    RCSP exact solver info for graph G_1 : TT = 0.011816, pt = 1.7e-05, dt = 0.009302, ct = 0.002077, ndl = 5', bdl = 72', odl = 2', odf = 20', bsi = 1', cnt = 11', bdch = 692', odch = 43', lcp = 41', #sols = 150
<DWph=0> <it=  8> <et=2.42> <Mt= 0.00> <Spt= 0.02> <nCl= 53> <al=0.15> <DB= 1270.4757> <Mlp= 1280.4463> <PB=1313.1> 
    RCSP exact solver info for graph G_1 : TT = 0.012336, pt = 3.8e-05, dt = 0.009792, ct = 0.002071, ndl = 5', bdl = 74', odl = 2', odf = 21', bsi = 1', cnt = 10', bdch = 740', odch = 43', lcp = 42', #sols = 150
<DWph=0> <it=  9> <et=2.44> <Mt= 0.01> <Spt= 0.02> <nCl= 13> <al=0.05> <DB= 1277.7337> <Mlp= 1280.3145> <PB=1313.1> 
    RCSP exact solver info for graph G_1 : TT = 0.014749, pt = 8.8e-05, dt = 0.012134, ct = 0.002039, ndl = 5', bdl = 73', odl = 2', odf = 20', bsi = 1', cnt = 10', bdch = 722', odch = 41', lcp = 41', #sols = 150
<DWph=0> <it= 10> <et=2.46> <Mt= 0.00> <Spt= 0.02> <nCl=  2> <al=0.15> <DB= 1279.7923> <Mlp= 1280.3076> <PB=1313.1> 
    RCSP exact solver info for graph G_1 : TT = 0.012016, pt = 3.3e-05, dt = 0.00952, ct = 0.002046, ndl = 5', bdl = 73', odl = 2', odf = 21', bsi = 1', cnt = 9', bdch = 721', odch = 41', lcp = 41', #sols = 150
    RCSP exact solver info for graph G_1 : TT = 0.011792, pt = 2.5e-05, dt = 0.009373, ct = 0.00201, ndl = 5', bdl = 73', odl = 2', odf = 20', bsi = 1', cnt = 9', bdch = 716', odch = 41', lcp = 41', #sols = 150
<DWph=0> <it= 11> <et=2.50> <Mt= 0.00> <Spt= 0.03> <nCl= 11> <al=0.00> <DB= 1280.3076> <Mlp= 1280.3076> <PB=1313.1> 
Dynamic params and stats :  aver.obdmd = 23.5397 aver.buck.num. = 26
@@ 1 3 1280.31 0.0120728 0.014173 44.8688 2.5
    Full reduced cost fixing is not called (gap ratio is 0.954415)
ColGenEvalAlg final dual bound: 1280.31 (rounded: 1281)
Gap improvement since the last cut separation : 0.0454522 (1278.75)
Current active cuts : CAP(28,682.634)
Shrinking heuristic shrunk 10 edges
In total 1 RCC cut(s) are found by the Fractional capacity min-cut heuristic 
In total 20 RCC cut(s) are found by the greedy construction heuristic 
In total 17 RCC cut(s) are found by the global pool greedy search heuristic 
----- Add fac. cuts : CAP(38), max.viol = 0.161576, aver.viol = 0.072844, sep/add took 0.0171413/0.0602638 sec. -----
3525 columns (3525 active), 126 dyn. constrs. (82 active), 415 art. vars. (206 active)
<DWph=2> <it=  1> <et=2.66> <Mt= 0.02> <Spt= 0.01> <nCl= 15> <al=0.00> <DB= 1271.5045> <Mlp= 1281.3217> <PB=1313.1> 
<DWph=2> <it=  2> <et=2.66> <Mt= 0.00> <Spt= 0.00> <nCl=  3> <al=0.40> <DB= 1280.9067> <Mlp= 1281.2915> <PB=1313.1> 
<DWph=2> <it=  3> <et=2.68> <Mt= 0.00> <Spt= 0.01> <nCl=  3> <al=0.00> <DB= 1281.2811> <Mlp= 1281.2811> <PB=1313.1> 
<DWph=1> <it=  4> <et=2.68> <Mt= 0.01> <Spt= 0.01> <nCl= 12> <al=0.36> <DB= 1269.1819> <Mlp= 1281.2811> <PB=1313.1> 
<DWph=1> <it=  5> <et=2.70> <Mt= 0.00> <Spt= 0.01> <nCl=  5> <al=0.26> <DB= 1277.0493> <Mlp= 1281.2349> <PB=1313.1> 
<DWph=1> <it=  6> <et=2.71> <Mt= 0.00> <Spt= 0.00> <nCl=  2> <al=0.16> <DB= 1277.6886> <Mlp= 1281.2170> <PB=1313.1> 
<DWph=1> <it=  7> <et=2.72> <Mt= 0.01> <Spt= 0.01> <nCl=  2> <al=0.06> <DB= 1274.0126> <Mlp= 1281.2138> <PB=1313.1> 
<DWph=1> <it=  8> <et=2.73> <Mt= 0.00> <Spt= 0.01> <nCl=  1> <al=0.00> <DB= 1281.1997> <Mlp= 1281.1997> <PB=1313.1> 
    RCSP exact solver info for graph G_1 : TT = 0.011073, pt = 1.5e-05, dt = 0.0087, ct = 0.001925, ndl = 4', bdl = 66', odl = 2', odf = 20', bsi = 1', cnt = 8', bdch = 609', odch = 38', lcp = 38', #sols = 150
<DWph=0> <it=  9> <et=2.75> <Mt= 0.00> <Spt= 0.02> <nCl= 31> <al=0.05> <DB= 1273.1997> <Mlp= 1281.1997> <PB=1313.1> 
    RCSP exact solver info for graph G_1 : TT = 0.011298, pt = 3.1e-05, dt = 0.00894, ct = 0.001909, ndl = 4', bdl = 68', odl = 2', odf = 20', bsi = 1', cnt = 8', bdch = 626', odch = 38', lcp = 38', #sols = 150
<DWph=0> <it= 10> <et=2.77> <Mt= 0.00> <Spt= 0.01> <nCl=  7> <al=0.15> <DB= 1279.5028> <Mlp= 1281.1192> <PB=1313.1> 
    RCSP exact solver info for graph G_1 : TT = 0.011315, pt = 3e-05, dt = 0.008945, ct = 0.001917, ndl = 4', bdl = 68', odl = 2', odf = 20', bsi = 1', cnt = 8', bdch = 635', odch = 38', lcp = 38', #sols = 150
    RCSP exact solver info for graph G_1 : TT = 0.011045, pt = 2.4e-05, dt = 0.008731, ct = 0.001893, ndl = 4', bdl = 67', odl = 2', odf = 20', bsi = 1', cnt = 8', bdch = 613', odch = 37', lcp = 38', #sols = 150
<DWph=0> <it= 11> <et=2.80> <Mt= 0.01> <Spt= 0.03> <nCl=  7> <al=0.00> <DB= 1281.1190> <Mlp= 1281.1190> <PB=1313.1> 
Dynamic params and stats :  aver.obdmd = 23.5397 aver.buck.num. = 26
@@ 1 4 1281.12 0.01074 0.010862 44.8688 2.8
    Full reduced cost fixing is not called (gap ratio is 0.930729)
ColGenEvalAlg final dual bound: 1281.12 (rounded: 1282)
Gap improvement since the last cut separation : 0.0247419 (1280.31)
Current active cuts : CAP(30,845.325)
Shrinking heuristic shrunk 8 edges
In total 3 RCC cut(s) are found by the Fractional capacity min-cut heuristic 
In total 4 RCC cut(s) are found by the greedy construction heuristic 
----- Add fac. cuts : CAP(7), max.viol = 0.118248, aver.viol = 0.0554464, sep/add took 0.0167193/0.0118213 sec. -----
3613 columns (3613 active), 89 dyn. constrs. (53 active), 422 art. vars. (177 active)
<DWph=2> <it=  1> <et=2.89> <Mt= 0.00> <Spt= 0.01> <nCl=  5> <al=0.00> <DB= 1281.3064> <Mlp= 1281.3064> <PB=1313.1> 
<DWph=1> <it=  2> <et=2.89> <Mt= 0.00> <Spt= 0.01> <nCl=  1> <al=0.40> <DB= 1278.6493> <Mlp= 1281.3064> <PB=1313.1> 
<DWph=1> <it=  3> <et=2.90> <Mt= 0.01> <Spt= 0.01> <nCl=  3> <al=0.46> <DB= 1279.5014> <Mlp= 1281.3016> <PB=1313.1> 
<DWph=1> <it=  4> <et=2.92> <Mt= 0.00> <Spt= 0.01> <nCl=  2> <al=0.00> <DB= 1281.2963> <Mlp= 1281.2963> <PB=1313.1> 
    RCSP exact solver info for graph G_1 : TT = 0.010211, pt = 1.3e-05, dt = 0.008042, ct = 0.001752, ndl = 4', bdl = 62', odl = 2', odf = 19', bsi = 1', cnt = 8', bdch = 525', odch = 34', lcp = 32', #sols = 150
<DWph=0> <it=  5> <et=2.93> <Mt= 0.00> <Spt= 0.01> <nCl= 18> <al=0.26> <DB= 1276.2869> <Mlp= 1281.2963> <PB=1313.1> 
    RCSP exact solver info for graph G_1 : TT = 0.010427, pt = 3.1e-05, dt = 0.008197, ct = 0.001768, ndl = 4', bdl = 62', odl = 2', odf = 19', bsi = 1', cnt = 8', bdch = 529', odch = 35', lcp = 33', #sols = 150
    RCSP exact solver info for graph G_1 : TT = 0.01028, pt = 2.8e-05, dt = 0.008134, ct = 0.001732, ndl = 4', bdl = 63', odl = 2', odf = 19', bsi = 1', cnt = 8', bdch = 532', odch = 35', lcp = 33', #sols = 150
<DWph=0> <it=  6> <et=2.96> <Mt= 0.00> <Spt= 0.03> <nCl=  6> <al=0.00> <DB= 1281.2865> <Mlp= 1281.2865> <PB=1313.1> 
Dynamic params and stats :  aver.obdmd = 23.5397 aver.buck.num. = 26
@@ 1 5 1281.29 0.009875 0.009965 44.8688 2.96
    Full reduced cost fixing is not called (gap ratio is 0.925838)
ColGenEvalAlg final dual bound: 1281.29 (rounded: 1282)
Gap improvement since the last cut separation : 0.00523809 (1281.12)
Cut generation tailing off counter increased to 1
Current active cuts : CAP(28,825.05)
Shrinking heuristic shrunk 9 edges
In total 1 RCC cut(s) are found by the Fractional capacity min-cut heuristic 
In total 2 RCC cut(s) are found by the greedy construction heuristic 
In total 7 RCC cut(s) are found by the global pool greedy search heuristic 
----- Add fac. cuts : CAP(10), max.viol = 0.046129, aver.viol = 0.0226118, sep/add took 0.0167753/0.0162181 sec. -----
3648 columns (3648 active), 63 dyn. constrs. (54 active), 432 art. vars. (178 active)
<DWph=2> <it=  1> <et=3.04> <Mt= 0.01> <Spt= 0.01> <nCl=  6> <al=0.00> <DB= 1280.3989> <Mlp= 1281.3625> <PB=1313.1> 
<DWph=2> <it=  2> <et=3.05> <Mt= 0.00> <Spt= 0.00> <nCl=  0> <al=0.00> <DB= 1281.3616> <Mlp= 1281.3616> <PB=1313.1> 
<DWph=1> <it=  3> <et=3.06> <Mt= 0.00> <Spt= 0.01> <nCl=  3> <al=0.30> <DB= 1279.3976> <Mlp= 1281.3616> <PB=1313.1> 
<DWph=1> <it=  4> <et=3.06> <Mt= 0.00> <Spt= 0.00> <nCl=  1> <al=0.37> <DB= 1280.6419> <Mlp= 1281.3611> <PB=1313.1> 
<DWph=1> <it=  5> <et=3.08> <Mt= 0.01> <Spt= 0.02> <nCl=  2> <al=0.00> <DB= 1281.3610> <Mlp= 1281.3610> <PB=1313.1> 
    RCSP exact solver info for graph G_1 : TT = 0.010326, pt = 1.2e-05, dt = 0.008128, ct = 0.00179, ndl = 4', bdl = 62', odl = 2', odf = 19', bsi = 1', cnt = 8', bdch = 543', odch = 34', lcp = 33', #sols = 150
<DWph=0> <it=  6> <et=3.09> <Mt= 0.00> <Spt= 0.01> <nCl= 10> <al=0.17> <DB= 1280.6447> <Mlp= 1281.3610> <PB=1313.1> 
    RCSP exact solver info for graph G_1 : TT = 0.010693, pt = 2.9e-05, dt = 0.00842, ct = 0.001806, ndl = 4', bdl = 64', odl = 2', odf = 20', bsi = 1', cnt = 8', bdch = 562', odch = 36', lcp = 34', #sols = 150
    RCSP exact solver info for graph G_1 : TT = 0.010526, pt = 2.5e-05, dt = 0.0083, ct = 0.001785, ndl = 4', bdl = 64', odl = 2', odf = 20', bsi = 1', cnt = 8', bdch = 558', odch = 36', lcp = 34', #sols = 150
<DWph=0> <it=  7> <et=3.12> <Mt= 0.00> <Spt= 0.02> <nCl=  6> <al=0.00> <DB= 1281.3609> <Mlp= 1281.3609> <PB=1313.1> 
Dynamic params and stats :  aver.obdmd = 23.5397 aver.buck.num. = 26
@@ 1 6 1281.36 0.0100763 0.010226 44.8688 3.12
    Full reduced cost fixing is not called (gap ratio is 0.923665)
ColGenEvalAlg final dual bound: 1281.36 (rounded: 1282)
Gap improvement since the last cut separation : 0.00233972 (1281.29)
Cut generation tailing off counter increased to 2
Current active cuts : CAP(32,850.146)
Shrinking heuristic shrunk 8 edges
In total 4 RCC cut(s) are found by the global pool greedy search heuristic 
----- Add fac. cuts : CAP(4), max.viol = 0.028436, aver.viol = 0.0132222, sep/add took 0.0169447/0.00450939 sec. -----
3676 columns (3676 active), 58 dyn. constrs. (52 active), 436 art. vars. (176 active)
<DWph=2> <it=  1> <et=3.16> <Mt= 0.00> <Spt= 0.01> <nCl=  0> <al=0.00> <DB= 1281.3713> <Mlp= 1281.3713> <PB=1313.1> 
<DWph=1> <it=  2> <et=3.17> <Mt= 0.00> <Spt= 0.01> <nCl=  1> <al=0.40> <DB= 1281.2790> <Mlp= 1281.3713> <PB=1313.1> 
<DWph=1> <it=  3> <et=3.18> <Mt= 0.00> <Spt= 0.01> <nCl=  1> <al=0.00> <DB= 1281.3711> <Mlp= 1281.3711> <PB=1313.1> 
    RCSP exact solver info for graph G_1 : TT = 0.01039, pt = 1.2e-05, dt = 0.008185, ct = 0.00181, ndl = 4', bdl = 63', odl = 2', odf = 19', bsi = 1', cnt = 8', bdch = 551', odch = 34', lcp = 34', #sols = 150
<DWph=0> <it=  4> <et=3.20> <Mt= 0.00> <Spt= 0.01> <nCl=  2> <al=0.20> <DB= 1281.3605> <Mlp= 1281.3711> <PB=1313.1> 
    RCSP exact solver info for graph G_1 : TT = 0.010502, pt = 3e-05, dt = 0.008265, ct = 0.001798, ndl = 4', bdl = 63', odl = 2', odf = 19', bsi = 1', cnt = 8', bdch = 551', odch = 34', lcp = 34', #sols = 150
    RCSP exact solver info for graph G_1 : TT = 0.010364, pt = 2.5e-05, dt = 0.008191, ct = 0.001782, ndl = 4', bdl = 63', odl = 2', odf = 19', bsi = 1', cnt = 8', bdch = 551', odch = 34', lcp = 34', #sols = 150
<DWph=0> <it=  5> <et=3.22> <Mt= 0.01> <Spt= 0.03> <nCl=  0> <al=0.00> <DB= 1281.3711> <Mlp= 1281.3711> <PB=1313.1> 
Dynamic params and stats :  aver.obdmd = 23.5397 aver.buck.num. = 26
@@ 1 7 1281.37 0.0100103 0.010063 44.8688 3.22
    Full reduced cost fixing is not called (gap ratio is 0.923368)
ColGenEvalAlg final dual bound: 1281.37 (rounded: 1282)
Gap improvement since the last cut separation : 0.000321344 (1281.36)
----- Cut separators priority level decreased to 1-----
Current active cuts : CAP(34,852.508)
Shrinking heuristic shrunk 11 edges
7 Rank-1 1-rows pack. cuts added ,  max viol. = 0.194456, aver. viol. = 0.0733133
150 Rank-1 3-rows pack. cuts added ,  max viol. = 0.275409, aver. viol. = 0.142247
----- Add fac. cuts : R1C(157), max.viol = 0.275409, aver.viol = 0.139848, sep/add took 0.0169481/0.143896 sec. -----
3680 columns (3680 active), 209 dyn. constrs. (207 active), 593 art. vars. (331 active)
<DWph=2> <it=  1> <et=3.45> <Mt= 0.04> <Spt= 0.01> <nCl= 22> <al=0.50> <DB= 1094.1040> <Mlp= 1284.8859> <PB=1313.1> 
<DWph=2> <it=  2> <et=3.47> <Mt= 0.01> <Spt= 0.00> <nCl=  4> <al=0.55> <DB= 1282.6779> <Mlp= 1284.2751> <PB=1313.1> 
<DWph=2> <it=  3> <et=3.48> <Mt= 0.01> <Spt= 0.01> <nCl=  7> <al=0.45> <DB= 1280.4690> <Mlp= 1284.0814> <PB=1313.1> 
<DWph=2> <it=  4> <et=3.50> <Mt= 0.01> <Spt= 0.01> <nCl=  7> <al=0.51> <DB= 1281.3692> <Mlp= 1284.0339> <PB=1313.1> 
<DWph=2> <it=  5> <et=3.51> <Mt= 0.00> <Spt= 0.01> <nCl=  8> <al=0.11> <DB= 1278.9704> <Mlp= 1284.0145> <PB=1313.1> 
<DWph=2> <it=  6> <et=3.53> <Mt= 0.01> <Spt= 0.01> <nCl=  5> <al=0.00> <DB= 1284.0094> <Mlp= 1284.0094> <PB=1313.1> 
<DWph=1> <it=  7> <et=3.55> <Mt= 0.00> <Spt= 0.01> <nCl= 11> <al=0.35> <DB= 1270.5571> <Mlp= 1284.0094> <PB=1313.1> 
<DWph=1> <it=  8> <et=3.57> <Mt= 0.01> <Spt= 0.01> <nCl= 10> <al=0.42> <DB= 1274.6385> <Mlp= 1283.9355> <PB=1313.1> 
<DWph=1> <it=  9> <et=3.59> <Mt= 0.01> <Spt= 0.02> <nCl=  9> <al=0.32> <DB= 1276.9186> <Mlp= 1283.9293> <PB=1313.1> 
<DWph=1> <it= 10> <et=3.61> <Mt= 0.00> <Spt= 0.02> <nCl=  9> <al=0.00> <DB= 1280.6631> <Mlp= 1283.9279> <PB=1313.1> 
<DWph=1> <it= 11> <et=3.62> <Mt= 0.00> <Spt= 0.01> <nCl=  3> <al=0.29> <DB= 1283.1487> <Mlp= 1283.9279> <PB=1313.1> 
<DWph=1> <it= 12> <et=3.65> <Mt= 0.01> <Spt= 0.02> <nCl=  1> <al=0.00> <DB= 1283.9279> <Mlp= 1283.9279> <PB=1313.1> 
    RCSP exact solver info for graph G_1 : TT = 0.041883, pt = 0.000214, dt = 0.035548, ct = 0.005613, ndl = 6', bdl = 100', odl = 2', odf = 27', bsi = 1', cnt = 18', bdch = 1254', odch = 94', lcp = 84', #sols = 150
<DWph=0> <it= 13> <et=3.70> <Mt= 0.00> <Spt= 0.05> <nCl= 69> <al=0.09> <DB= 1268.7386> <Mlp= 1283.9279> <PB=1313.1> 
    RCSP exact solver info for graph G_1 : TT = 0.043054, pt = 0.000414, dt = 0.035523, ct = 0.006594, ndl = 8', bdl = 116', odl = 2', odf = 30', bsi = 1', cnt = 25', bdch = 1630', odch = 123', lcp = 122', #sols = 150
<DWph=0> <it= 14> <et=3.76> <Mt= 0.01> <Spt= 0.05> <nCl= 27> <al=0.18> <DB= 1277.9079> <Mlp= 1283.7439> <PB=1313.1> 
    RCSP exact solver info for graph G_1 : TT = 0.041534, pt = 0.000472, dt = 0.034053, ct = 0.006527, ndl = 7', bdl = 112', odl = 2', odf = 30', bsi = 1', cnt = 26', bdch = 1550', odch = 123', lcp = 119', #sols = 150
<DWph=0> <it= 15> <et=3.82> <Mt= 0.01> <Spt= 0.05> <nCl= 12> <al=0.26> <DB= 1279.6117> <Mlp= 1283.7028> <PB=1313.1> 
    RCSP exact solver info for graph G_1 : TT = 0.041469, pt = 0.000414, dt = 0.034052, ct = 0.006525, ndl = 7', bdl = 112', odl = 2', odf = 30', bsi = 1', cnt = 26', bdch = 1557', odch = 124', lcp = 119', #sols = 150
<DWph=0> <it= 16> <et=3.86> <Mt= 0.00> <Spt= 0.04> <nCl=  4> <al=0.33> <DB= 1281.6400> <Mlp= 1283.7022> <PB=1313.1> 
    RCSP exact solver info for graph G_1 : TT = 0.041375, pt = 0.000413, dt = 0.034007, ct = 0.006491, ndl = 7', bdl = 112', odl = 2', odf = 30', bsi = 1', cnt = 25', bdch = 1553', odch = 124', lcp = 120', #sols = 150
    RCSP exact solver info for graph G_1 : TT = 0.037891, pt = 0.000316, dt = 0.030881, ct = 0.006201, ndl = 7', bdl = 107', odl = 2', odf = 29', bsi = 1', cnt = 22', bdch = 1430', odch = 111', lcp = 109', #sols = 150
<DWph=0> <it= 17> <et=3.95> <Mt= 0.00> <Spt= 0.09> <nCl= 13> <al=0.00> <DB= 1283.7022> <Mlp= 1283.7022> <PB=1313.1> 
Dynamic params and stats :  aver.obdmd = 23.5397 aver.buck.num. = 26 nbR1C = 25 with avMem = 10.44
@@ 1 8 1283.7 0.0403358 0.042117 44.8688 3.95
Labels distribution in buckets (bucket size) : largest - 110, top 0.1% - 110, top 0.5% - 77, top 2% - 63, top 10% - 35, top 50% - 4
Reduced cost fixing for graph G_1... 39718 buck. arcs remain (95.5% from prev., 42.9% from max.) + 10141 jump buck. arcs (10.9% from max.)
 TT = 0.155877, pt = 0.015867, dt = 0.073681, ct = 0.065927, ndl = 25', bdl = 495', odl = 3', odf = 86', lpcb = 263', cnt = 1023', bdch = 5605', odch = 628', lcp = 441'
Labels distribution in buckets (bucket size) : largest - 110, top 0.1% - 110, top 0.5% - 97, top 2% - 66, top 10% - 36, top 50% - 4
Run forward enumeration with border = 50... not succeeded (ratio 0.879187) lpt = 0.053219, ndl = 40', dl = 9', lpcb = 157', dch = 85'
 TT = 0.057419, pt = 0, dt = 0.053219, ct = 0, ndl = 40', bdl = 9', lpcb = 157', cnt = 269', bdch = 85', odch = 0', lcp = 0'
ColGenEvalAlg final dual bound: 1283.7 (rounded: 1284)
Gap improvement since the last cut separation : 0.073467 (1281.37)
Current active cuts : CAP(24,665.12) R1C(3+22,23.0546) 1rowPackR1C(3) 3rowPackR1C(22)
Shrinking heuristic shrunk 10 edges
In total 2 RCC cut(s) are found by the Fractional capacity min-cut heuristic 
In total 11 RCC cut(s) are found by the greedy construction heuristic 
In total 17 RCC cut(s) are found by the global pool greedy search heuristic 
8 Rank-1 1-rows pack. cuts added ,  max viol. = 0.122479, aver. viol. = 0.0749344
150 Rank-1 3-rows pack. cuts added ,  max viol. = 0.184031, aver. viol. = 0.0638337
----- Add fac. cuts : CAP(30) R1C(158), max.viol = 0.218628, aver.viol = 0.0651767, sep/add took 0.0183636/0.195132 sec. -----
3901 columns (3901 active), 395 dyn. constrs. (255 active), 781 art. vars. (379 active)
<DWph=2> <it=  1> <et=4.43> <Mt= 0.03> <Spt= 0.01> <nCl=  5> <al=0.50> <DB= 1280.5416> <Mlp= 1285.1481> <PB=1313.1> 
<DWph=2> <it=  2> <et=4.44> <Mt= 0.01> <Spt= 0.00> <nCl=  2> <al=0.55> <DB= 1284.3528> <Mlp= 1285.1481> <PB=1313.1> 
<DWph=2> <it=  3> <et=4.46> <Mt= 0.00> <Spt= 0.01> <nCl= 14> <al=0.45> <DB= 1273.2019> <Mlp= 1285.1480> <PB=1313.1> 
<DWph=2> <it=  4> <et=4.48> <Mt= 0.01> <Spt= 0.01> <nCl=  6> <al=0.51> <DB= 1277.1058> <Mlp= 1285.1058> <PB=1313.1> 
<DWph=2> <it=  5> <et=4.50> <Mt= 0.01> <Spt= 0.02> <nCl=  8> <al=0.11> <DB= 1279.9710> <Mlp= 1285.0956> <PB=1313.1> 
<DWph=2> <it=  6> <et=4.52> <Mt= 0.01> <Spt= 0.01> <nCl=  8> <al=0.00> <DB= 1267.1199> <Mlp= 1285.0956> <PB=1313.1> 
<DWph=2> <it=  7> <et=4.54> <Mt= 0.00> <Spt= 0.01> <nCl=  5> <al=0.00> <DB= 1281.2409> <Mlp= 1285.0954> <PB=1313.1> 
<DWph=2> <it=  8> <et=4.56> <Mt= 0.01> <Spt= 0.02> <nCl=  3> <al=0.00> <DB= 1285.0954> <Mlp= 1285.0954> <PB=1313.1> 
<DWph=1> <it=  9> <et=4.57> <Mt= 0.00> <Spt= 0.01> <nCl= 19> <al=0.15> <DB= 1259.2603> <Mlp= 1285.0954> <PB=1313.1> 
<DWph=1> <it= 10> <et=4.62> <Mt= 0.03> <Spt= 0.02> <nCl= 17> <al=0.05> <DB= 1167.1943> <Mlp= 1284.9597> <PB=1313.1> 
<DWph=1> <it= 11> <et=4.72> <Mt= 0.08> <Spt= 0.01> <nCl= 23> <al=0.15> <DB=  896.4412> <Mlp= 1284.9489> <PB=1313.1> 
<DWph=1> <it= 12> <et=4.74> <Mt= 0.01> <Spt= 0.02> <nCl= 17> <al=0.23> <DB= 1200.6514> <Mlp= 1284.9489> <PB=1313.1> 
<DWph=1> <it= 13> <et=4.76> <Mt= 0.01> <Spt= 0.01> <nCl=  2> <al=0.31> <DB= 1281.8384> <Mlp= 1284.9456> <PB=1313.1> 
<DWph=1> <it= 14> <et=4.78> <Mt= 0.01> <Spt= 0.01> <nCl=  8> <al=0.21> <DB= 1276.8756> <Mlp= 1284.9454> <PB=1313.1> 
<DWph=1> <it= 15> <et=4.80> <Mt= 0.00> <Spt= 0.02> <nCl=  3> <al=0.29> <DB= 1276.4274> <Mlp= 1284.9454> <PB=1313.1> 
<DWph=1> <it= 16> <et=4.83> <Mt= 0.01> <Spt= 0.02> <nCl=  7> <al=0.00> <DB= 1283.8187> <Mlp= 1284.9454> <PB=1313.1> 
<DWph=1> <it= 17> <et=4.86> <Mt= 0.00> <Spt= 0.02> <nCl=  0> <al=0.00> <DB= 1284.9454> <Mlp= 1284.9454> <PB=1313.1> 
    RCSP exact solver info for graph G_1 : TT = 0.073584, pt = 0.000503, dt = 0.062167, ct = 0.010373, ndl = 12', bdl = 167', odl = 2', odf = 43', bsi = 1', cnt = 81', bdch = 3296', odch = 303', lcp = 308', #sols = 150
<DWph=0> <it= 18> <et=4.96> <Mt= 0.00> <Spt= 0.11> <nCl=150> <al=0.16> <DB= 1272.6314> <Mlp= 1284.9454> <PB=1313.1> 
    RCSP exact solver info for graph G_1 : TT = 0.060462, pt = 0.000637, dt = 0.050362, ct = 0.008951, ndl = 11', bdl = 151', odl = 2', odf = 38', bsi = 1', cnt = 41', bdch = 2799', odch = 249', lcp = 253', #sols = 150
<DWph=0> <it= 19> <et=5.05> <Mt= 0.02> <Spt= 0.06> <nCl= 39> <al=0.24> <DB= 1276.1077> <Mlp= 1284.8776> <PB=1313.1> 
    RCSP exact solver info for graph G_1 : TT = 0.059723, pt = 0.000675, dt = 0.049961, ct = 0.008581, ndl = 10', bdl = 150', odl = 2', odf = 38', bsi = 1', cnt = 40', bdch = 2685', odch = 218', lcp = 219', #sols = 150
<DWph=0> <it= 20> <et=5.14> <Mt= 0.02> <Spt= 0.07> <nCl= 39> <al=0.32> <DB= 1282.0541> <Mlp= 1284.8544> <PB=1313.1> 
    RCSP exact solver info for graph G_1 : TT = 0.056288, pt = 0.000688, dt = 0.047028, ct = 0.008055, ndl = 10', bdl = 143', odl = 2', odf = 36', bsi = 1', cnt = 39', bdch = 2396', odch = 193', lcp = 197', #sols = 150
<DWph=0> <it= 21> <et=5.21> <Mt= 0.01> <Spt= 0.06> <nCl= 20> <al=0.22> <DB= 1284.2373> <Mlp= 1284.8536> <PB=1313.1> 
    RCSP exact solver info for graph G_1 : TT = 0.05784, pt = 0.000671, dt = 0.048434, ct = 0.008213, ndl = 10', bdl = 150', odl = 2', odf = 37', bsi = 1', cnt = 40', bdch = 2540', odch = 198', lcp = 199', #sols = 150
<DWph=0> <it= 22> <et=5.28> <Mt= 0.00> <Spt= 0.07> <nCl=  9> <al=0.12> <DB= 1283.7068> <Mlp= 1284.8536> <PB=1313.1> 
    RCSP exact solver info for graph G_1 : TT = 0.056363, pt = 0.000665, dt = 0.047104, ct = 0.008111, ndl = 10', bdl = 143', odl = 2', odf = 36', bsi = 1', cnt = 40', bdch = 2405', odch = 193', lcp = 197', #sols = 150
    RCSP exact solver info for graph G_1 : TT = 0.052208, pt = 0.000501, dt = 0.043307, ct = 0.007991, ndl = 10', bdl = 142', odl = 2', odf = 36', bsi = 1', cnt = 40', bdch = 2376', odch = 192', lcp = 194', #sols = 150
<DWph=0> <it= 23> <et=5.39> <Mt= 0.01> <Spt= 0.11> <nCl=  9> <al=0.00> <DB= 1284.8536> <Mlp= 1284.8536> <PB=1313.1> 
Dynamic params and stats :  aver.obdmd = 23.5397 aver.buck.num. = 26 nbR1C = 54 with avMem = 8.5
@@ 1 9 1284.85 0.0583769 0.07254 42.8647 5.39
    Full reduced cost fixing is not called (gap ratio is 0.960698)
ColGenEvalAlg final dual bound: 1284.85 (rounded: 1285)
Gap improvement since the last cut separation : 0.0391683 (1283.7)
Current active cuts : CAP(23,505.823) R1C(7+47,63.7754) 1rowPackR1C(7) 3rowPackR1C(47)
Shrinking heuristic shrunk 13 edges
In total 2 RCC cut(s) are found by the Fractional capacity min-cut heuristic 
In total 3 RCC cut(s) are found by the greedy construction heuristic 
In total 1 RCC cut(s) are found by the global pool greedy search heuristic 
5 Rank-1 1-rows pack. cuts added ,  max viol. = 0.160826, aver. viol. = 0.0903852
90 Rank-1 3-rows pack. cuts added ,  max viol. = 0.199397, aver. viol. = 0.0596137
Building structures for heuristic rank-1 packing cut separation...done!
97 Rank-1 4-rows pack. cuts added ,  max viol. = 0.142255, aver. viol. = 0.0652636
100 Rank-1 5-rows pack. cuts added ,  max viol. = 0.231404, aver. viol. = 0.117092
----- Add fac. cuts : CAP(6) R1C(292), max.viol = 0.336109, aver.viol = 0.101082, sep/add took 0.578481/0.363399 sec. -----
4314 columns (4314 active), 553 dyn. constrs. (393 active), 1079 art. vars. (517 active)
<DWph=2> <it=  1> <et=6.45> <Mt= 0.06> <Spt= 0.02> <nCl=  4> <al=0.00> <DB= 1286.1665> <Mlp= 1286.1665> <PB=1313.1> 
<DWph=1> <it=  2> <et=6.47> <Mt= 0.00> <Spt= 0.02> <nCl= 14> <al=0.40> <DB= 1272.7238> <Mlp= 1286.1665> <PB=1313.1> 
<DWph=1> <it=  3> <et=6.50> <Mt= 0.01> <Spt= 0.02> <nCl=  4> <al=0.46> <DB= 1281.7852> <Mlp= 1286.1341> <PB=1313.1> 
<DWph=1> <it=  4> <et=6.53> <Mt= 0.01> <Spt= 0.01> <nCl=  3> <al=0.36> <DB= 1284.7536> <Mlp= 1286.1308> <PB=1313.1> 
<DWph=1> <it=  5> <et=6.55> <Mt= 0.01> <Spt= 0.02> <nCl=  1> <al=0.26> <DB= 1285.7728> <Mlp= 1286.1308> <PB=1313.1> 
<DWph=1> <it=  6> <et=6.57> <Mt= 0.00> <Spt= 0.02> <nCl=  5> <al=0.16> <DB= 1285.9349> <Mlp= 1286.1306> <PB=1313.1> 
<DWph=1> <it=  7> <et=6.61> <Mt= 0.01> <Spt= 0.03> <nCl=  2> <al=0.00> <DB= 1286.1305> <Mlp= 1286.1305> <PB=1313.1> 
    RCSP exact solver info for graph G_1 : TT = 0.172726, pt = 0.000981, dt = 0.153399, ct = 0.017701, ndl = 20', bdl = 280', odl = 3', odf = 70', bsi = 1', cnt = 133', bdch = 9018', odch = 1152', lcp = 1029', #sols = 150
<DWph=0> <it=  8> <et=6.81> <Mt= 0.00> <Spt= 0.20> <nCl=111> <al=0.00> <DB= 1273.9728> <Mlp= 1286.1305> <PB=1313.1> 
    RCSP exact solver info for graph G_1 : TT = 0.110802, pt = 0.000984, dt = 0.095449, ct = 0.013728, ndl = 16', bdl = 221', odl = 3', odf = 55', bsi = 1', cnt = 96', bdch = 5696', odch = 575', lcp = 607', #sols = 150
<DWph=0> <it=  9> <et=6.96> <Mt= 0.02> <Spt= 0.13> <nCl= 66> <al=0.00> <DB= 1278.2980> <Mlp= 1285.9961> <PB=1313.1> 
    RCSP exact solver info for graph G_1 : TT = 0.11436, pt = 0.001058, dt = 0.098949, ct = 0.013783, ndl = 16', bdl = 223', odl = 3', odf = 55', bsi = 1', cnt = 95', bdch = 5706', odch = 570', lcp = 594', #sols = 150
    RCSP exact solver info for graph G_1 : TT = 0.114933, pt = 0.000935, dt = 0.09951, ct = 0.013933, ndl = 16', bdl = 224', odl = 3', odf = 56', bsi = 1', cnt = 97', bdch = 5784', odch = 579', lcp = 601', #sols = 150
<DWph=0> <it= 10> <et=7.22> <Mt= 0.02> <Spt= 0.23> <nCl=  6> <al=0.00> <DB= 1285.9909> <Mlp= 1285.9909> <PB=1313.1> 
Dynamic params and stats :  aver.obdmd = 23.5397 aver.buck.num. = 26 nbR1C = 80 with avMem = 10.975
@@ 1 10 1285.99 0.126613 0.1711 42.8647 7.22
    Full reduced cost fixing is not called (gap ratio is 0.921882)
ColGenEvalAlg final dual bound: 1285.99 (rounded: 1286)
Gap improvement since the last cut separation : 0.040261 (1284.85)
Current active cuts : CAP(21,498.398) R1C(10+70,71.7989) 1rowPackR1C(10) 3rowPackR1C(51) 4rowPackR1C(9) 5rowPackR1C(10)
Shrinking heuristic shrunk 13 edges
In total 3 RCC cut(s) are found by the Fractional capacity min-cut heuristic 
In total 5 RCC cut(s) are found by the greedy construction heuristic 
In total 12 RCC cut(s) are found by the global pool greedy search heuristic 
3 Rank-1 1-rows pack. cuts added ,  max viol. = 0.106286, aver. viol. = 0.0761968
89 Rank-1 3-rows pack. cuts added ,  max viol. = 0.149448, aver. viol. = 0.0454639
Building structures for heuristic rank-1 packing cut separation...done!
96 Rank-1 4-rows pack. cuts added ,  max viol. = 0.161329, aver. viol. = 0.0541202
100 Rank-1 5-rows pack. cuts added ,  max viol. = 0.203805, aver. viol. = 0.108113
----- Add fac. cuts : CAP(20) R1C(288), max.viol = 0.260312, aver.viol = 0.082866, sep/add took 0.674134/0.382507 sec. -----
4530 columns (4530 active), 701 dyn. constrs. (428 active), 1387 art. vars. (552 active)
<DWph=2> <it=  1> <et=8.42> <Mt= 0.07> <Spt= 0.02> <nCl=  8> <al=0.00> <DB= 1283.4292> <Mlp= 1286.6315> <PB=1313.1> 
<DWph=2> <it=  2> <et=8.44> <Mt= 0.00> <Spt= 0.02> <nCl=  2> <al=0.00> <DB= 1286.6315> <Mlp= 1286.6315> <PB=1313.1> 
<DWph=1> <it=  3> <et=8.46> <Mt= 0.01> <Spt= 0.02> <nCl= 14> <al=0.30> <DB= 1276.1122> <Mlp= 1286.6315> <PB=1313.1> 
<DWph=1> <it=  4> <et=8.66> <Mt= 0.17> <Spt= 0.02> <nCl=  6> <al=0.37> <DB= 1282.4725> <Mlp= 1286.5850> <PB=1313.1> 
<DWph=1> <it=  5> <et=8.69> <Mt= 0.01> <Spt= 0.02> <nCl= 11> <al=0.43> <DB= 1277.2583> <Mlp= 1286.5815> <PB=1313.1> 
<DWph=1> <it=  6> <et=8.72> <Mt= 0.01> <Spt= 0.02> <nCl=  5> <al=0.49> <DB= 1278.8608> <Mlp= 1286.5809> <PB=1313.1> 
<DWph=1> <it=  7> <et=8.76> <Mt= 0.01> <Spt= 0.03> <nCl=  1> <al=0.08> <DB= 1284.5782> <Mlp= 1286.5809> <PB=1313.1> 
<DWph=1> <it=  8> <et=8.80> <Mt= 0.01> <Spt= 0.04> <nCl=  3> <al=0.00> <DB= 1285.2950> <Mlp= 1286.5807> <PB=1313.1> 
<DWph=1> <it=  9> <et=8.84> <Mt= 0.00> <Spt= 0.03> <nCl=  1> <al=0.00> <DB= 1286.5807> <Mlp= 1286.5807> <PB=1313.1> 
    RCSP exact solver info for graph G_1 : TT = 0.159015, pt = 0.000955, dt = 0.137342, ct = 0.020126, ndl = 22', bdl = 262', odl = 3', odf = 76', bsi = 2', cnt = 195', bdch = 9135', odch = 1082', lcp = 1023', #sols = 150
<DWph=0> <it= 10> <et=9.04> <Mt= 0.00> <Spt= 0.19> <nCl=150> <al=0.24> <DB= 1221.9625> <Mlp= 1286.5807> <PB=1313.1> 
    RCSP exact solver info for graph G_1 : TT = 0.1445, pt = 0.001293, dt = 0.124178, ct = 0.018433, ndl = 20', bdl = 240', odl = 3', odf = 68', bsi = 2', cnt = 193', bdch = 7315', odch = 840', lcp = 812', #sols = 150
<DWph=0> <it= 11> <et=9.29> <Mt= 0.10> <Spt= 0.16> <nCl= 34> <al=0.14> <DB= 1275.5936> <Mlp= 1286.5277> <PB=1313.1> 
    RCSP exact solver info for graph G_1 : TT = 0.138242, pt = 0.001278, dt = 0.118598, ct = 0.017772, ndl = 19', bdl = 233', odl = 3', odf = 67', bsi = 1', cnt = 175', bdch = 6872', odch = 775', lcp = 736', #sols = 150
<DWph=0> <it= 12> <et=9.44> <Mt= 0.01> <Spt= 0.14> <nCl=  9> <al=0.23> <DB= 1284.0488> <Mlp= 1286.5269> <PB=1313.1> 
    RCSP exact solver info for graph G_1 : TT = 0.138156, pt = 0.001275, dt = 0.118511, ct = 0.01777, ndl = 19', bdl = 233', odl = 3', odf = 67', bsi = 1', cnt = 172', bdch = 6898', odch = 774', lcp = 729', #sols = 150
<DWph=0> <it= 13> <et=9.59> <Mt= 0.00> <Spt= 0.15> <nCl=  8> <al=0.13> <DB= 1286.1130> <Mlp= 1286.5269> <PB=1313.1> 
    RCSP exact solver info for graph G_1 : TT = 0.13804, pt = 0.001282, dt = 0.118421, ct = 0.017751, ndl = 19', bdl = 234', odl = 3', odf = 67', bsi = 1', cnt = 172', bdch = 6902', odch = 771', lcp = 725', #sols = 150
    RCSP exact solver info for graph G_1 : TT = 0.130535, pt = 0.001046, dt = 0.111538, ct = 0.017336, ndl = 19', bdl = 232', odl = 3', odf = 66', bsi = 2', cnt = 168', bdch = 6785', odch = 758', lcp = 711', #sols = 150
<DWph=0> <it= 14> <et=9.87> <Mt= 0.01> <Spt= 0.27> <nCl= 10> <al=0.00> <DB= 1286.5269> <Mlp= 1286.5269> <PB=1313.1> 
Dynamic params and stats :  aver.obdmd = 23.5397 aver.buck.num. = 26 nbR1C = 88 with avMem = 10.6477
@@ 1 11 1286.53 0.139629 0.157468 42.8647 9.87
    Full reduced cost fixing is not called (gap ratio is 0.903587)
ColGenEvalAlg final dual bound: 1286.53 (rounded: 1287)
Gap improvement since the last cut separation : 0.0197722 (1285.99)
Cut generation tailing off counter increased to 1
Current active cuts : CAP(17,389.505) R1C(9+79,91.8566) 1rowPackR1C(9) 3rowPackR1C(46) 4rowPackR1C(17) 5rowPackR1C(16)
Shrinking heuristic shrunk 13 edges
In total 3 RCC cut(s) are found by the global pool greedy search heuristic 
34 Rank-1 3-rows pack. cuts added ,  max viol. = 0.232278, aver. viol. = 0.0821493
Building structures for heuristic rank-1 packing cut separation...done!
65 Rank-1 4-rows pack. cuts added ,  max viol. = 0.252879, aver. viol. = 0.0890456
100 Rank-1 5-rows pack. cuts added ,  max viol. = 0.2596, aver. viol. = 0.222293
----- Add fac. cuts : CAP(3) R1C(199), max.viol = 0.320169, aver.viol = 0.169625, sep/add took 0.659639/0.28576 sec. -----
4792 columns (4792 active), 630 dyn. constrs. (324 active), 1589 art. vars. (448 active)
<DWph=2> <it=  1> <et=10.96> <Mt= 0.06> <Spt= 0.03> <nCl=  6> <al=0.00> <DB= 1283.4412> <Mlp= 1286.9288> <PB=1313.1> 
<DWph=2> <it=  2> <et=10.99> <Mt= 0.01> <Spt= 0.02> <nCl=  2> <al=0.00> <DB= 1286.8634> <Mlp= 1286.9221> <PB=1313.1> 
<DWph=2> <it=  3> <et=11.01> <Mt= 0.00> <Spt= 0.01> <nCl=  1> <al=0.00> <DB= 1286.9221> <Mlp= 1286.9221> <PB=1313.1> 
<DWph=1> <it=  4> <et=11.03> <Mt= 0.00> <Spt= 0.02> <nCl=  9> <al=0.20> <DB= 1281.5698> <Mlp= 1286.9221> <PB=1313.1> 
<DWph=1> <it=  5> <et=11.08> <Mt= 0.04> <Spt= 0.02> <nCl=  2> <al=0.10> <DB= 1285.5273> <Mlp= 1286.9062> <PB=1313.1> 
<DWph=1> <it=  6> <et=11.11> <Mt= 0.01> <Spt= 0.02> <nCl=  1> <al=0.00> <DB= 1286.9049> <Mlp= 1286.9049> <PB=1313.1> 
    RCSP exact solver info for graph G_1 : TT = 0.200864, pt = 0.001153, dt = 0.176797, ct = 0.022301, ndl = 24', bdl = 297', odl = 3', odf = 81', bsi = 1', cnt = 247', bdch = 11185', odch = 1383', lcp = 1417', #sols = 150
<DWph=0> <it=  7> <et=11.33> <Mt= 0.00> <Spt= 0.21> <nCl= 48> <al=0.00> <DB= 1276.5567> <Mlp= 1286.9049> <PB=1313.1> 
    RCSP exact solver info for graph G_1 : TT = 0.189594, pt = 0.001288, dt = 0.165782, ct = 0.02182, ndl = 23', bdl = 286', odl = 3', odf = 77', bsi = 1', cnt = 231', bdch = 10233', odch = 1206', lcp = 1227', #sols = 150
<DWph=0> <it=  8> <et=11.55> <Mt= 0.02> <Spt= 0.20> <nCl= 18> <al=0.01> <DB= 1286.6995> <Mlp= 1286.8867> <PB=1313.1> 
    RCSP exact solver info for graph G_1 : TT = 0.188071, pt = 0.001272, dt = 0.164805, ct = 0.02136, ndl = 23', bdl = 287', odl = 3', odf = 78', bsi = 1', cnt = 226', bdch = 10278', odch = 1213', lcp = 1229', #sols = 150
<DWph=0> <it=  9> <et=11.75> <Mt= 0.01> <Spt= 0.19> <nCl=  5> <al=0.11> <DB= 1286.7886> <Mlp= 1286.8865> <PB=1313.1> 
    RCSP exact solver info for graph G_1 : TT = 0.186797, pt = 0.001233, dt = 0.163708, ct = 0.021265, ndl = 23', bdl = 285', odl = 3', odf = 77', bsi = 1', cnt = 225', bdch = 10186', odch = 1202', lcp = 1220', #sols = 150
    RCSP exact solver info for graph G_1 : TT = 0.183824, pt = 0.001117, dt = 0.160904, ct = 0.021176, ndl = 23', bdl = 285', odl = 3', odf = 77', bsi = 1', cnt = 225', bdch = 10193', odch = 1202', lcp = 1209', #sols = 150
<DWph=0> <it= 10> <et=12.13> <Mt= 0.01> <Spt= 0.38> <nCl=  7> <al=0.00> <DB= 1286.8865> <Mlp= 1286.8865> <PB=1313.1> 
Dynamic params and stats :  aver.obdmd = 23.5397 aver.buck.num. = 26 nbR1C = 90 with avMem = 11.4222
@@ 1 12 1286.89 0.187984 0.199098 42.8647 12.13
Labels distribution in buckets (bucket size) : largest - 347, top 0.1% - 347, top 0.5% - 316, top 2% - 255, top 10% - 98, top 50% - 7
Reduced cost fixing for graph G_1... 36688 buck. arcs remain (92.4% from prev., 39.6% from max.) + 10999 jump buck. arcs (11.9% from max.)
 TT = 0.630831, pt = 0.091428, dt = 0.341575, ct = 0.197069, ndl = 78', bdl = 1307', odl = 5', odf = 241', lpcb = 964', cnt = 4260', bdch = 31763', odch = 4358', lcp = 3121'
Labels distribution in buckets (bucket size) : largest - 347, top 0.1% - 347, top 0.5% - 316, top 2% - 272, top 10% - 108, top 50% - 8
Run forward enumeration with border = 50... not succeeded (ratio 0.854095) lpt = 0.106397, ndl = 44', dl = 9', lpcb = 209', dch = 94'
 TT = 0.110358, pt = 0, dt = 0.106397, ct = 0, ndl = 44', bdl = 9', lpcb = 209', cnt = 599', bdch = 94', odch = 0', lcp = 0'
ColGenEvalAlg final dual bound: 1286.89 (rounded: 1287)
Gap improvement since the last cut separation : 0.0135354 (1286.53)
Cut generation tailing off counter increased to 2
Current active cuts : CAP(17,359.9) R1C(9+81,93.4166) 1rowPackR1C(9) 3rowPackR1C(40) 4rowPackR1C(23) 5rowPackR1C(18)
Shrinking heuristic shrunk 14 edges
In total 1 RCC cut(s) are found by the greedy construction heuristic 
In total 2 RCC cut(s) are found by the global pool greedy search heuristic 
1 Rank-1 1-rows pack. cuts added ,  max viol. = 0.0218869, aver. viol. = 0.0218869
66 Rank-1 3-rows pack. cuts added ,  max viol. = 0.0579452, aver. viol. = 0.0355224
Building structures for heuristic rank-1 packing cut separation...done!
96 Rank-1 4-rows pack. cuts added ,  max viol. = 0.0732207, aver. viol. = 0.0401362
100 Rank-1 5-rows pack. cuts added ,  max viol. = 0.137792, aver. viol. = 0.0792326
----- Add fac. cuts : CAP(3) R1C(263), max.viol = 0.275583, aver.viol = 0.0692231, sep/add took 0.631097/0.367305 sec. -----
4891 columns (4891 active), 590 dyn. constrs. (392 active), 1855 art. vars. (516 active)
<DWph=2> <it=  1> <et=14.05> <Mt= 0.08> <Spt= 0.02> <nCl= 12> <al=0.00> <DB= 1286.8344> <Mlp= 1287.4754> <PB=1313.1> 
<DWph=2> <it=  2> <et=14.08> <Mt= 0.01> <Spt= 0.02> <nCl=  2> <al=0.00> <DB= 1286.7584> <Mlp= 1287.4754> <PB=1313.1> 
<DWph=2> <it=  3> <et=14.10> <Mt= 0.00> <Spt= 0.02> <nCl=  0> <al=0.00> <DB= 1287.4754> <Mlp= 1287.4754> <PB=1313.1> 
<DWph=1> <it=  4> <et=14.13> <Mt= 0.00> <Spt= 0.02> <nCl=  5> <al=0.20> <DB= 1277.9383> <Mlp= 1287.4754> <PB=1313.1> 
<DWph=1> <it=  5> <et=14.19> <Mt= 0.04> <Spt= 0.02> <nCl= 12> <al=0.10> <DB= 1273.3608> <Mlp= 1287.4195> <PB=1313.1> 
<DWph=1> <it=  6> <et=14.22> <Mt= 0.02> <Spt= 0.02> <nCl=  2> <al=0.19> <DB= 1286.5360> <Mlp= 1287.4190> <PB=1313.1> 
<DWph=1> <it=  7> <et=14.25> <Mt= 0.01> <Spt= 0.02> <nCl=  4> <al=0.09> <DB= 1278.9972> <Mlp= 1287.4189> <PB=1313.1> 
<DWph=1> <it=  8> <et=14.29> <Mt= 0.02> <Spt= 0.01> <nCl=  5> <al=0.18> <DB= 1278.5056> <Mlp= 1287.4084> <PB=1313.1> 
<DWph=1> <it=  9> <et=14.32> <Mt= 0.01> <Spt= 0.02> <nCl=  5> <al=0.26> <DB= 1285.0053> <Mlp= 1287.4081> <PB=1313.1> 
<DWph=1> <it= 10> <et=14.36> <Mt= 0.00> <Spt= 0.04> <nCl=  4> <al=0.00> <DB= 1287.4081> <Mlp= 1287.4081> <PB=1313.1> 
    RCSP exact solver info for graph G_1 : TT = 0.260457, pt = 0.001235, dt = 0.22992, ct = 0.028611, ndl = 29', bdl = 306', odl = 3', odf = 99', bsi = 2', cnt = 437', bdch = 15019', odch = 2318', lcp = 2005', #sols = 150
<DWph=0> <it= 11> <et=14.64> <Mt= 0.00> <Spt= 0.28> <nCl= 76> <al=0.24> <DB= 1279.6925> <Mlp= 1287.4081> <PB=1313.1> 
    RCSP exact solver info for graph G_1 : TT = 0.254692, pt = 0.001423, dt = 0.224596, ct = 0.028053, ndl = 29', bdl = 315', odl = 3', odf = 96', bsi = 1', cnt = 424', bdch = 14679', odch = 2152', lcp = 1917', #sols = 150
<DWph=0> <it= 12> <et=14.95> <Mt= 0.04> <Spt= 0.27> <nCl= 47> <al=0.31> <DB= 1285.2355> <Mlp= 1287.3832> <PB=1313.1> 
    RCSP exact solver info for graph G_1 : TT = 0.262279, pt = 0.0014, dt = 0.231622, ct = 0.028613, ndl = 29', bdl = 323', odl = 3', odf = 99', bsi = 1', cnt = 452', bdch = 15485', odch = 2236', lcp = 2009', #sols = 150
<DWph=0> <it= 13> <et=15.24> <Mt= 0.02> <Spt= 0.27> <nCl= 33> <al=0.21> <DB= 1284.5652> <Mlp= 1287.3819> <PB=1313.1> 
    RCSP exact solver info for graph G_1 : TT = 0.260957, pt = 0.001422, dt = 0.230696, ct = 0.028203, ndl = 29', bdl = 320', odl = 3', odf = 98', bsi = 1', cnt = 431', bdch = 15381', odch = 2218', lcp = 2014', #sols = 150
    RCSP exact solver info for graph G_1 : TT = 0.242785, pt = 0.001228, dt = 0.213696, ct = 0.027215, ndl = 28', bdl = 302', odl = 3', odf = 95', bsi = 1', cnt = 423', bdch = 14381', odch = 2114', lcp = 1929', #sols = 150
<DWph=0> <it= 14> <et=15.76> <Mt= 0.00> <Spt= 0.52> <nCl= 24> <al=0.00> <DB= 1286.9234> <Mlp= 1287.3819> <PB=1313.1> 
    RCSP exact solver info for graph G_1 : TT = 0.244619, pt = 0.001299, dt = 0.21509, ct = 0.027573, ndl = 28', bdl = 306', odl = 3', odf = 96', bsi = 2', cnt = 432', bdch = 14534', odch = 2138', lcp = 1941', #sols = 150
    RCSP exact solver info for graph G_1 : TT = 0.245298, pt = 0.001289, dt = 0.216092, ct = 0.027302, ndl = 28', bdl = 305', odl = 3', odf = 96', bsi = 1', cnt = 422', bdch = 14508', odch = 2132', lcp = 1943', #sols = 150
<DWph=0> <it= 15> <et=16.27> <Mt= 0.01> <Spt= 0.50> <nCl= 10> <al=0.00> <DB= 1287.3818> <Mlp= 1287.3818> <PB=1313.1> 
Dynamic params and stats :  aver.obdmd = 23.5397 aver.buck.num. = 26 nbR1C = 98 with avMem = 11.3061
@@ 1 13 1287.38 0.25104 0.260235 39.5946 16.27
    Full reduced cost fixing is not called (gap ratio is 0.981033)
Bucket graph for G_1 is regenerated as bucket steps were adjusted for 63 vertices
RCSP solver info : number of forw. reachable buckets / buck. strongly connected components is 2905( 90.4139% ) / 2585( 88.9845% )
72970 forw. buck. arcs remain (41.9141% from max.)
ColGenEvalAlg final dual bound: 1287.38 (rounded: 1288)
Gap improvement since the last cut separation : 0.0188946 (1286.89)
----- Cut generation is stopped due to tailing off -----
Current active cuts : CAP(18,318.711) R1C(10+88,101.131) 1rowPackR1C(10) 3rowPackR1C(32) 4rowPackR1C(25) 5rowPackR1C(31)
**** Strong branching phase 1 is started *****
SB phase 1 cand.  1 branch on EDGE[6,40] (lhs=0.4958) : [ 1288.0000,  1288.3048], score = 0.57      <et=16.47>
SB phase 1 cand.  2 branch on EDGE[0,6] (lhs=0.4909)  : [ 1288.0000,  1288.1956], score = 0.50      <et=16.53>
SB phase 1 cand.  3 branch on EDGE[29,61] (lhs=0.5094): [ 1287.9880,  1288.5156], score = 0.69      <et=16.62>
SB phase 1 cand.  4 branch on EDGE[0,19] (lhs=0.5103) : [ 1287.3818,  1288.4507], score = 0.00      <et=16.67>
SB phase 1 cand.  5 branch on EDGE[12,38] (lhs=0.5103): [ 1287.3818,  1290.9721], score = 0.00      <et=16.74>
SB phase 1 cand.  6 branch on EDGE[15,56] (lhs=0.5103): [ 1287.3818,  1289.5135], score = 0.00      <et=16.82>
SB phase 1 cand.  7 branch on EDGE[0,38] (lhs=0.4863) : [ 1287.3819,  1287.8957], score = 0.00      <et=16.86>
SB phase 1 cand.  8 branch on EDGE[15,28] (lhs=0.4840): [ 1287.5718,  1288.0000], score = 0.12      <et=16.91>
SB phase 1 cand.  9 branch on EDGE[32,57] (lhs=0.5181): [ 1288.0000,  1288.4177], score = 0.64      <et=16.97>
SB phase 1 cand. 10 branch on EDGE[8,10] (lhs=0.5181) : [ 1288.0000,  1290.1135], score = 1.69      <et=17.06>
SB phase 1 cand. 11 branch on EDGE[0,8] (lhs=0.4819)  : [ 1287.8605,  1290.1135], score = 1.31      <et=17.16>
SB phase 1 cand. 12 branch on EDGE[0,52] (lhs=0.5181) : [ 1287.3818,  1288.0270], score = 0.00      <et=17.21>
SB phase 1 cand. 13 branch on EDGE[28,52] (lhs=0.4819): [ 1287.3818,  1288.2349], score = 0.00      <et=17.26>
SB phase 1 cand. 14 branch on EDGE[29,32] (lhs=0.4746): [ 1287.9432,  1289.1971], score = 1.02      <et=17.35>
SB phase 1 cand. 15 branch on EDGE[10,51] (lhs=0.5265): [ 1287.9881,  1288.0000], score = 0.37      <et=17.4>
SB phase 1 cand. 16 branch on EDGE[28,51] (lhs=0.4699): [ 1287.6784,  1288.0000], score = 0.18      <et=17.46>
SB phase 1 cand. 17 branch on EDGE[0,28] (lhs=0.5301) : [ 1287.7282,  1288.0000], score = 0.21      <et=17.51>
SB phase 1 cand. 18 branch on EDGE[1,18] (lhs=0.4686) : [ 1287.5414,  1287.6667], score = 0.05      <et=17.57>
SB phase 1 cand. 19 branch on EDGE[11,49] (lhs=0.4311): [ 1287.9365,  1288.0511], score = 0.37      <et=17.66>
SB phase 1 cand. 20 branch on EDGE[4,11] (lhs=0.5692) : [ 1287.9368,  1288.0097], score = 0.35      <et=17.74>
SB phase 1 cand. 21 branch on EDGE[25,49] (lhs=0.4284): [ 1287.6136,  1288.0000], score = 0.14      <et=17.8>
SB phase 1 cand. 22 branch on EDGE[18,30] (lhs=0.4141): [ 1287.6667,  1287.7047], score = 0.09      <et=17.88>
SB phase 1 cand. 23 branch on EDGE[9,11] (lhs=0.4117) : [ 1287.8077,  1288.7112], score = 0.57      <et=17.97>
SB phase 1 cand. 24 branch on EDGE[3,54] (lhs=0.6013) : [ 1287.6258,  1287.7105], score = 0.08      <et=18.05>
SB phase 1 cand. 25 branch on EDGE[0,56] (lhs=0.3971) : [ 1287.4192,  1287.6650], score = 0.01      <et=18.11>
SB phase 1 cand. 26 branch on EDGE[48,56] (lhs=0.6034): [ 1287.8091,  1288.0000], score = 0.26      <et=18.16>
SB phase 1 cand. 27 branch on EDGE[12,13] (lhs=0.3861): [ 1287.5450,  1288.0000], score = 0.10      <et=18.21>
SB phase 1 cand. 28 branch on EDGE[1,30] (lhs=0.6177) : [ 1287.8405,  1288.3352], score = 0.44      <et=18.3>
SB phase 1 cand. 29 branch on EDGE[9,54] (lhs=0.6178) : [ 1287.6667,  1288.3274], score = 0.27      <et=18.38>
SB phase 1 cand. 30 branch on EDGE[48,53] (lhs=0.3778): [ 1287.6588,  1288.0000], score = 0.17      <et=18.43>
SB phase 1 cand. 31 branch on EDGE[0,55] (lhs=0.6227) : [ 1287.9423,  1288.0907], score = 0.40      <et=18.52>
SB phase 1 cand. 32 branch on EDGE[20,40] (lhs=0.6270): [ 1287.7250,  1287.9491], score = 0.19      <et=18.6>
SB phase 1 cand. 33 branch on EDGE[26,55] (lhs=0.6273): [ 1287.5730,  1288.0000], score = 0.12      <et=18.65>
SB phase 1 cand. 34 branch on EDGE[19,30] (lhs=0.3700): [ 1287.5538,  1288.0000], score = 0.11      <et=18.71>
SB phase 1 cand. 35 branch on EDGE[13,53] (lhs=0.3673): [ 1287.6638,  1293.7966], score = 1.81      <et=18.82>
SB phase 1 cand. 36 branch on EDGE[25,31] (lhs=0.6331): [ 1287.6219,  1288.0000], score = 0.15      <et=18.87>
SB phase 1 cand. 37 branch on EDGE[31,34] (lhs=0.6422): [ 1287.8937,  1288.1733], score = 0.41      <et=18.96>
SB phase 1 cand. 38 branch on EDGE[26,59] (lhs=0.3517): [ 1287.5612,  1288.0000], score = 0.11      <et=19.01>
SB phase 1 cand. 39 branch on EDGE[4,25] (lhs=0.3458) : [ 1287.6648,  1289.4757], score = 0.59      <et=19.1>
SB phase 1 cand. 40 branch on EDGE[33,55] (lhs=0.3430): [ 1287.5580,  1288.0000], score = 0.11      <et=19.14>
SB phase 1 cand. 41 branch on EDGE[20,61] (lhs=0.3378): [ 1287.6696,  1288.8537], score = 0.42      <et=19.23>
SB phase 1 cand. 42 branch on EDGE[1,9] (lhs=0.3309)  : [ 1287.6203,  1288.8240], score = 0.34      <et=19.33>
SB phase 1 cand. 43 branch on EDGE[5,60] (lhs=0.6812) : [ 1287.4519,  1288.0000], score = 0.04      <et=19.38>
SB phase 1 cand. 44 branch on EDGE[0,57] (lhs=0.3152) : [ 1287.9045,  1289.8795], score = 1.31      <et=19.49>
SB phase 1 cand. 45 branch on EDGE[5,9] (lhs=0.3097)  : [ 1287.4658,  1288.0000], score = 0.05      <et=19.53>
SB phase 1 cand. 46 branch on EDGE[25,60] (lhs=0.2882): [ 1287.4419,  1288.0000], score = 0.04      <et=19.58>
SB phase 1 cand. 47 branch on EDGE[42,46] (lhs=0.7162): [ 1287.5435,  1288.1888], score = 0.13      <et=19.66>
SB phase 1 cand. 48 branch on EDGE[33,59] (lhs=0.2812): [ 1287.8258,  1291.3724], score = 1.77      <et=19.77>
SB phase 1 cand. 49 branch on EDGE[31,60] (lhs=0.2794): [ 1287.5887,  1288.4056], score = 0.21      <et=19.86>
SB phase 1 cand. 50 branch on EDGE[5,14] (lhs=0.7388) : [ 1287.5480,  1288.2304], score = 0.14      <et=19.95>
SB phase 1 cand. 51 branch on EDGE[56,60] (lhs=0.2466): [ 1287.4220,  1288.0000], score = 0.02      <et=19.98>
SB phase 1 cand. 52 branch on EDGE[0,13] (lhs=0.2460) : [ 1287.5545,  1287.8038], score = 0.07      <et=20.06>
SB phase 1 cand. 53 branch on EDGE[11,31] (lhs=0.2408): [ 1287.4511,  1288.0000], score = 0.04      <et=20.1>
SB phase 1 cand. 54 branch on EDGE[26,35] (lhs=0.7724): [ 1287.6137,  1289.0568], score = 0.39      <et=20.19>
SB phase 1 cand. 55 branch on EDGE[55,59] (lhs=0.2260): [ 1287.6363,  1289.5001], score = 0.54      <et=20.29>
SB phase 1 cand. 56 branch on EDGE[1,54] (lhs=0.2227) : [ 1287.5320,  1288.9528], score = 0.24      <et=20.38>
SB phase 1 cand. 57 branch on EDGE[0,14] (lhs=0.7780) : [ 1287.5218,  1288.0815], score = 0.10      <et=20.45>
SB phase 1 cand. 58 branch on EDGE[0,30] (lhs=0.2218) : [ 1287.4879,  1289.3845], score = 0.21      <et=20.53>
SB phase 1 cand. 59 branch on EDGE[11,25] (lhs=0.2211): [ 1287.4982,  1288.0860], score = 0.08      <et=20.61>
SB phase 1 cand. 60 branch on EDGE[42,54] (lhs=0.2031): [ 1287.4770,  1288.5063], score = 0.11      <et=20.69>
SB phase 1 cand. 61 branch on EDGE[26,33] (lhs=0.1997): [ 1287.5234,  1290.0890], score = 0.38      <et=20.78>
SB phase 1 cand. 62 branch on EDGE[14,60] (lhs=0.1966): [ 1287.4743,  1288.5411], score = 0.11      <et=20.86>
SB phase 1 cand. 63 branch on EDGE[30,54] (lhs=0.1875): [ 1287.5270,  1292.0074], score = 0.67      <et=20.95>
SB phase 1 cand. 64 branch on EDGE[0,1] (lhs=0.1854)  : [ 1287.4816,  1289.4389], score = 0.21      <et=21.04>
SB phase 1 cand. 65 branch on EDGE[40,61] (lhs=0.8189): [ 1287.5027,  1288.5292], score = 0.14      <et=21.12>
SB phase 1 cand. 66 branch on EDGE[24,42] (lhs=0.8366): [ 1287.4635,  1288.5748], score = 0.10      <et=21.19>
SB phase 1 cand. 67 branch on EDGE[0,61] (lhs=0.1621) : [ 1287.4738,  1289.4471], score = 0.19      <et=21.28>
SB phase 1 cand. 68 branch on EDGE[57,61] (lhs=0.1584): [ 1287.4682,  1290.5976], score = 0.28      <et=21.36>
SB phase 1 cand. 69 branch on EDGE[34,55] (lhs=0.1513): [ 1287.4596,  1292.5475], score = 0.40      <et=21.46>
SB phase 1 cand. 70 branch on EDGE[33,34] (lhs=0.1482): [ 1287.5187,  1290.0000], score = 0.36      <et=21.54>
SB phase 1 cand. 71 branch on EDGE[35,59] (lhs=0.1411): [ 1287.4568,  1292.4688], score = 0.38      <et=21.63>
SB phase 1 cand. 72 branch on EDGE[3,39] (lhs=0.8595) : [ 1287.4434,  1288.5847], score = 0.07      <et=21.71>
SB phase 1 cand. 73 branch on EDGE[3,42] (lhs=0.1403) : [ 1287.4546,  1288.6060], score = 0.09      <et=21.78>
SB phase 1 cand. 74 branch on EDGE[14,53] (lhs=0.1337): [ 1287.4407,  1290.0000], score = 0.15      <et=21.86>
SB phase 1 cand. 75 branch on EDGE[0,46] (lhs=0.8674) : [ 1287.4847,  1288.1557], score = 0.08      <et=21.94>
SB phase 1 cand. 76 branch on EDGE[31,56] (lhs=0.1284): [ 1287.4298,  1298.8779], score = 0.55      <et=22.04>
SB phase 1 cand. 77 branch on EDGE[11,60] (lhs=0.1261): [ 1287.4159,  1292.0964], score = 0.16      <et=22.13>
SB phase 1 cand. 78 branch on EDGE[9,60] (lhs=0.1217) : [ 1287.4637,  1290.5775], score = 0.26      <et=22.23>
SB phase 1 cand. 79 branch on EDGE[3,46] (lhs=0.1180) : [ 1287.4066,  1290.0000], score = 0.06      <et=22.31>
SB phase 1 cand. 80 branch on EDGE[9,49] (lhs=0.1129) : [ 1287.4593,  1292.4738], score = 0.39      <et=22.41>
SB phase 1 cand. 81 branch on EDGE[3,24] (lhs=0.1049) : [ 1287.4288,  1288.8451], score = 0.07      <et=22.48>
SB phase 1 cand. 82 branch on EDGE[3,30] (lhs=0.1046) : [ 1287.3977,  1295.6887], score = 0.13      <et=22.57>
SB phase 1 cand. 83 branch on EDGE[24,47] (lhs=0.8966): [ 1287.4204,  1288.8829], score = 0.06      <et=22.65>
SB phase 1 cand. 84 branch on EDGE[12,48] (lhs=0.8988): [ 1287.4546,  1289.1414], score = 0.13      <et=22.73>
SB phase 1 cand. 85 branch on EDGE[12,53] (lhs=0.1007): [ 1287.4735,  1289.3343], score = 0.18      <et=22.81>
SB phase 1 cand. 86 branch on EDGE[24,46] (lhs=0.0907): [ 1287.4131,  1289.2633], score = 0.06      <et=22.89>
SB phase 1 cand. 87 branch on EDGE[0,5] (lhs=0.0906)  : [ 1287.4435,  1289.3169], score = 0.12      <et=22.97>
SB phase 1 cand. 88 branch on EDGE[13,18] (lhs=0.9107): [ 1287.4414,  1288.4099], score = 0.06      <et=23.05>
SB phase 1 cand. 89 branch on EDGE[0,59] (lhs=0.9141) : [ 1287.4906,  1290.7557], score = 0.37      <et=23.14>
SB phase 1 cand. 90 branch on EDGE[18,54] (lhs=0.0825): [ 1287.4161,  1291.0019], score = 0.12      <et=23.23>
SB phase 1 cand. 91 branch on EDGE[0,48] (lhs=0.0814) : [ 1287.4209,  1289.3704], score = 0.08      <et=23.3>
SB phase 1 cand. 92 branch on EDGE[1,5] (lhs=0.0751)  : [ 1287.4257,  1294.5333], score = 0.31      <et=23.4>
SB phase 1 cand. 93 branch on EDGE[0,34] (lhs=0.9268) : [ 1287.4486,  1290.6404], score = 0.22      <et=23.48>
SB phase 1 cand. 94 branch on EDGE[5,25] (lhs=0.0728) : [ 1287.4121,  1291.5468], score = 0.13      <et=23.57>
SB phase 1 cand. 95 branch on EDGE[7,10] (lhs=0.9289) : [ 1287.5033,  1288.4578], score = 0.13      <et=23.64>
SB phase 1 cand. 96 branch on EDGE[18,19] (lhs=0.0696): [ 1287.4019,  1292.8016], score = 0.11      <et=23.73>
SB phase 1 cand. 97 branch on EDGE[39,47] (lhs=0.0678): [ 1287.4092,  1289.6208], score = 0.06      <et=23.81>
SB phase 1 cand. 98 branch on EDGE[34,59] (lhs=0.0640): [ 1287.4360,  1291.6707], score = 0.23      <et=23.89>
SB phase 1 cand. 99 branch on EDGE[4,35] (lhs=0.0624) : [ 1287.4313,  1291.9669], score = 0.23      <et=23.98>
SB phase 1 cand. 100 branch on EDGE[35,49] (lhs=0.9376): [ 1287.4093,  1290.8236], score = 0.09      <et=24.06>
**** Strong branching phase 2 is started *****
<DWph=1> <it= 17> <et=24.55> <Mt= 0.15> <Spt= 0.32> <nCl= 92> <al=0.00> <DB= 1290.3814> <Mlp= 1290.3814> <PB=1313.1> 
<DWph=1> <it=  5> <et=24.76> <Mt= 0.02> <Spt= 0.15> <nCl=  9> <al=0.00> <DB= 1287.6272> <Mlp= 1287.6272> <PB=1313.1> 
SB phase 2 cand.  1 branch on EDGE[13,53] (lhs=0.3673): [ 1287.6272,  1290.3814], score = 0.74      <et=24.76>
<DWph=1> <it= 26> <et=25.55> <Mt= 0.18> <Spt= 0.58> <nCl=178> <al=0.00> <DB= 1289.6118> <Mlp= 1289.6118> <PB=1313.1> 
<DWph=1> <it=  4> <et=25.70> <Mt= 0.01> <Spt= 0.10> <nCl=  4> <al=0.00> <DB= 1287.8235> <Mlp= 1287.8235> <PB=1313.1> 
SB phase 2 cand.  2 branch on EDGE[33,59] (lhs=0.2812): [ 1287.8235,  1289.6118], score = 0.98      <et=25.7>
<DWph=1> <it= 12> <et=26.07> <Mt= 0.09> <Spt= 0.26> <nCl= 63> <al=0.00> <DB= 1289.4459> <Mlp= 1289.4459> <PB=1313.1> 
<DWph=2> <it=  1> <et=26.11> <Mt= 0.00> <Spt= 0.00> <nCl=  0> <al=0.50> <DB= 1287.3818> <Mlp= 1288.0000> <PB=1288> 
<DWph=1> <it=  1> <et=26.11> <Mt= 0.00> <Spt= 0.00> <nCl=  0> <al=0.00> <DB= 1287.3818> <Mlp= 1288.0000> <PB=1288> 
SB phase 2 cand.  3 branch on EDGE[8,10] (lhs=0.5181) : [ 1288.0000,  1289.4459], score = 1.28      <et=26.11>
**** Strong branching phase 3 is started *****
**** SB phase 3 evaluation of candidate 1, branch 1 ( EDGE[8,10] <= 0 ), value = 1289.45
<DWph=2> <it=  1> <et=26.14> <Mt= 0.00> <Spt= 0.00> <nCl=  0> <al=0.50> <DB= 1287.3818> <Mlp= 1289.4459> <PB=1288> 
ColGenEvalAlg final dual bound: 1287.38 (rounded: 1288)
Current active cuts : CAP(15,394.261) R1C(8+59,85.9995) 1rowPackR1C(8) 3rowPackR1C(23) 4rowPackR1C(18) 5rowPackR1C(18)
**** SB phase 3 evaluation of candidate 1, branch 2 ( EDGE[8,10] >= 1 ), value = 1288
Branch is already conquered!
 SB phase 3 candidate 1 is conquered !
SB with phases chosed candidate EDGE[8,10] (lhs=0.518075)
New model incumbent solution 1288, TIME = 0h0m26s16t = 2616
************************************************************************************************
Search is finished, global bounds : [ 1288 , 1288 ], TIME = 0h0m26s16t = 2616
************************************************************************************************
Built-in heuristic is disabled
instance_name solver_name ext_heuristic solution_value solution_time best_lb root_lb root_time nb_branch_and_bound_nodes status
/home/logis/Downloads/VRPSolverEasy/VRPSolverEasy/demos/data/CVRP/A-n62-k8 CPLEX False 1288.0000000000002 26.165312288 1288.0 1288.0 16.399501201 3 0

