Node memory for rank-1 cuts will be used (6.97385)
~~~~~~~~~~~~~~~~~~~~~~~~~~~~~~~~~~~~~~~~~~~~~~~~~~~~~~~~~~~~~~~~~~~~~~~~~~~~~~~~~~~~~
VRPSolver v0.5.27, 24/02/2023, © Inria Bordeaux, France, vrpsolver.math.u-bordeaux.fr
      Corresponds to the solver by Pessoa, Sadykov, Uchoa and Vanderbeck (2020)
                 Paper: dx.doi.org/10.1007/s10107-020-01523-z
~~~~~~~~~~~~~~~~~~~~~~~~~~~~~~~~~~~~~~~~~~~~~~~~~~~~~~~~~~~~~~~~~~~~~~~~~~~~~~~~~~~~~
   BaPCod v0.77, 15/03/2023, © Inria Bordeaux, France, bapcod.math.u-bordeaux.fr 
           THIS CODE IS PROVIDED AS IS, USE IT AT YOUR OWN RISK
~~~~~~~~~~~~~~~~~~~~~~~~~~~~~~~~~~~~~~~~~~~~~~~~~~~~~~~~~~~~~~~~~~~~~~~~~~~~~~~~~~~~~
Bucket steps were recalculated for graph G_1 : [4]
RCSP solver info : symmetric case is detected for graph G_1! 
Bidirectional border value is initialised to 50
RCSP solver info : number of forw. reachable buckets / buck. strongly connected components is 1406( 93.2361% ) / 1206( 85.7752% )
Generating neighbourhoods for rank-1 cuts separation
Building structures for 4- and 5-row rank-1 packing cut separation...done!
Model is built TIME = 0h0m0s2t = 2
************************************************************************************************
**** BaB tree root node
**** Local DB = -1e+12, global bounds : [ -1e+12 , 1598.1 ], TIME = 0h0m0s2t = 2
**** 1 open nodes, 0 columns (0 active), 0 dyn. constrs. (0 active), 114 art. vars. (114 active)
************************************************************************************************
#<DWph=2> <it=  1> <et=0.02> <Mt= 0.00> <Spt= 0.00> <nCl= 30> <al=0.00> <DB=-10588140.3600> <Mlp=232044.1200> <PB=1598.1> 
#<DWph=2> <it=  2> <et=0.03> <Mt= 0.00> <Spt= 0.00> <nCl= 30> <al=0.55> <DB=-5669991.0171> <Mlp=224180.8820> <PB=1598.1> 
#<DWph=2> <it=  3> <et=0.03> <Mt= 0.00> <Spt= 0.01> <nCl= 30> <al=0.45> <DB=-10459618.0610> <Mlp=223990.5240> <PB=1598.1> 
#<DWph=2> <it=  4> <et=0.03> <Mt= 0.00> <Spt= 0.00> <nCl= 30> <al=0.35> <DB=-10350261.8133> <Mlp=216308.4440> <PB=1598.1> 
#<DWph=2> <it=  5> <et=0.04> <Mt= 0.00> <Spt= 0.00> <nCl= 30> <al=0.25> <DB=-8589718.8690> <Mlp=215805.4631> <PB=1598.1> 
#<DWph=2> <it=  6> <et=0.04> <Mt= 0.00> <Spt= 0.01> <nCl= 30> <al=0.33> <DB=-5026331.3194> <Mlp=212408.7276> <PB=1598.1> 
#<DWph=2> <it=  7> <et=0.04> <Mt= 0.00> <Spt= 0.00> <nCl= 30> <al=0.23> <DB=-3788474.0506> <Mlp=199538.9743> <PB=1598.1> 
#<DWph=2> <it=  8> <et=0.05> <Mt= 0.00> <Spt= 0.00> <nCl= 30> <al=0.13> <DB=-3368276.5059> <Mlp=197823.9300> <PB=1598.1> 
#<DWph=2> <it=  9> <et=0.05> <Mt= 0.00> <Spt= 0.01> <nCl= 30> <al=0.21> <DB=-3107148.4467> <Mlp=193580.3483> <PB=1598.1> 
#<DWph=2> <it= 10> <et=0.05> <Mt= 0.00> <Spt= 0.00> <nCl= 30> <al=0.29> <DB=-2657970.3280> <Mlp=184874.8053> <PB=1598.1> 
#<DWph=2> <it= 11> <et=0.06> <Mt= 0.00> <Spt= 0.00> <nCl= 30> <al=0.36> <DB=-2219460.6135> <Mlp=171136.1490> <PB=1598.1> 
#<DWph=2> <it= 12> <et=0.06> <Mt= 0.00> <Spt= 0.01> <nCl= 30> <al=0.43> <DB=-1993254.1670> <Mlp=158483.9502> <PB=1598.1> 
#<DWph=2> <it= 13> <et=0.06> <Mt= 0.00> <Spt= 0.00> <nCl= 30> <al=0.48> <DB=-1594143.3465> <Mlp=150673.0026> <PB=1598.1> 
#<DWph=2> <it= 14> <et=0.07> <Mt= 0.00> <Spt= 0.00> <nCl= 30> <al=0.53> <DB=-1380886.2799> <Mlp=132447.4238> <PB=1598.1> 
#<DWph=2> <it= 15> <et=0.07> <Mt= 0.00> <Spt= 0.00> <nCl= 30> <al=0.58> <DB=-1210085.0620> <Mlp=123672.1280> <PB=1598.1> 
#<DWph=2> <it= 16> <et=0.08> <Mt= 0.00> <Spt= 0.01> <nCl= 30> <al=0.62> <DB=-1144307.9632> <Mlp=106086.8002> <PB=1598.1> 
#<DWph=2> <it= 17> <et=0.08> <Mt= 0.00> <Spt= 0.00> <nCl= 30> <al=0.52> <DB=-1111270.2277> <Mlp=91970.8543> <PB=1598.1> 
#<DWph=2> <it= 18> <et=0.08> <Mt= 0.00> <Spt= 0.00> <nCl= 30> <al=0.57> <DB=-1008110.1616> <Mlp=89669.7117> <PB=1598.1> 
#<DWph=2> <it= 19> <et=0.09> <Mt= 0.00> <Spt= 0.01> <nCl= 30> <al=0.61> <DB=-980742.9170> <Mlp=66474.3806> <PB=1598.1> 
#<DWph=2> <it= 20> <et=0.09> <Mt= 0.00> <Spt= 0.00> <nCl= 30> <al=0.65> <DB=-1007382.2178> <Mlp=42631.3846> <PB=1598.1> 
#<DWph=2> <it= 21> <et=0.10> <Mt= 0.01> <Spt= 0.00> <nCl= 30> <al=0.69> <DB=-812951.6701> <Mlp=36587.2511> <PB=1598.1> 
#<DWph=2> <it= 22> <et=0.10> <Mt= 0.00> <Spt= 0.01> <nCl= 27> <al=0.72> <DB=-577811.0653> <Mlp= 4286.7522> <PB=1598.1> 
#<DWph=2> <it= 23> <et=0.11> <Mt= 0.00> <Spt= 0.00> <nCl= 29> <al=0.62> <DB=-322973.7482> <Mlp= 4229.0596> <PB=1598.1> 
#<DWph=2> <it= 24> <et=0.11> <Mt= 0.00> <Spt= 0.00> <nCl= 18> <al=0.52> <DB=-119459.5790> <Mlp= 4180.7636> <PB=1598.1> 
#<DWph=2> <it= 25> <et=0.11> <Mt= 0.00> <Spt= 0.00> <nCl= 30> <al=0.42> <DB=-5668.2749> <Mlp= 4168.0736> <PB=1598.1> 
<DWph=2> <it= 26> <et=0.12> <Mt= 0.00> <Spt= 0.01> <nCl= 30> <al=0.48> <DB=-10102.9347> <Mlp= 2572.2144> <PB=1598.1> 
<DWph=2> <it= 27> <et=0.12> <Mt= 0.00> <Spt= 0.00> <nCl= 21> <al=0.53> <DB=-1860.1975> <Mlp= 2312.8519> <PB=1598.1> 
<DWph=2> <it= 28> <et=0.12> <Mt= 0.00> <Spt= 0.00> <nCl= 30> <al=0.43> <DB=-1116.1525> <Mlp= 2300.0968> <PB=1598.1> 
<DWph=2> <it= 29> <et=0.13> <Mt= 0.01> <Spt= 0.00> <nCl= 30> <al=0.49> <DB=-5853.2896> <Mlp= 2244.1548> <PB=1598.1> 
<DWph=2> <it= 30> <et=0.13> <Mt= 0.00> <Spt= 0.01> <nCl= 30> <al=0.54> <DB=-3559.7358> <Mlp= 2205.7189> <PB=1598.1> 
<DWph=2> <it= 31> <et=0.14> <Mt= 0.00> <Spt= 0.00> <nCl= 30> <al=0.58> <DB=  594.4627> <Mlp= 2118.0137> <PB=1598.1> 
<DWph=2> <it= 32> <et=0.14> <Mt= 0.00> <Spt= 0.00> <nCl= 30> <al=0.48> <DB=-2236.1140> <Mlp= 2048.5748> <PB=1598.1> 
<DWph=2> <it= 33> <et=0.15> <Mt= 0.00> <Spt= 0.01> <nCl= 30> <al=0.54> <DB=  864.2133> <Mlp= 1985.9111> <PB=1598.1> 
<DWph=2> <it= 34> <et=0.15> <Mt= 0.00> <Spt= 0.00> <nCl= 30> <al=0.58> <DB= 1043.5714> <Mlp= 1901.0913> <PB=1598.1> 
<DWph=2> <it= 35> <et=0.16> <Mt= 0.01> <Spt= 0.00> <nCl= 30> <al=0.62> <DB= 1206.6855> <Mlp= 1842.5296> <PB=1598.1> 
<DWph=2> <it= 36> <et=0.16> <Mt= 0.00> <Spt= 0.01> <nCl= 30> <al=0.66> <DB= 1167.9174> <Mlp= 1802.9144> <PB=1598.1> 
<DWph=2> <it= 37> <et=0.17> <Mt= 0.00> <Spt= 0.00> <nCl= 30> <al=0.70> <DB= 1142.4914> <Mlp= 1757.0658> <PB=1598.1> 
<DWph=2> <it= 38> <et=0.17> <Mt= 0.00> <Spt= 0.00> <nCl= 30> <al=0.73> <DB= 1280.0461> <Mlp= 1699.5078> <PB=1598.1> 
<DWph=2> <it= 39> <et=0.18> <Mt= 0.00> <Spt= 0.00> <nCl= 28> <al=0.75> <DB= 1417.5557> <Mlp= 1673.7912> <PB=1598.1> 
<DWph=2> <it= 40> <et=0.18> <Mt= 0.00> <Spt= 0.01> <nCl= 21> <al=0.78> <DB= 1454.7810> <Mlp= 1661.9510> <PB=1598.1> 
<DWph=2> <it= 41> <et=0.18> <Mt= 0.00> <Spt= 0.00> <nCl= 29> <al=0.68> <DB= 1463.5475> <Mlp= 1655.1554> <PB=1598.1> 
<DWph=2> <it= 42> <et=0.19> <Mt= 0.01> <Spt= 0.00> <nCl= 30> <al=0.71> <DB= 1413.1484> <Mlp= 1637.6714> <PB=1598.1> 
<DWph=2> <it= 43> <et=0.19> <Mt= 0.00> <Spt= 0.01> <nCl= 29> <al=0.74> <DB= 1441.4050> <Mlp= 1609.9513> <PB=1598.1> 
<DWph=2> <it= 44> <et=0.20> <Mt= 0.00> <Spt= 0.00> <nCl= 15> <al=0.77> <DB= 1493.7496> <Mlp= 1607.7927> <PB=1598.1> 
<DWph=2> <it= 45> <et=0.20> <Mt= 0.00> <Spt= 0.00> <nCl= 19> <al=0.79> <DB= 1517.1078> <Mlp= 1604.2354> <PB=1598.1> 
<DWph=2> <it= 46> <et=0.21> <Mt= 0.00> <Spt= 0.01> <nCl= 27> <al=0.69> <DB= 1494.4124> <Mlp= 1601.4306> <PB=1598.1> 
<DWph=2> <it= 47> <et=0.21> <Mt= 0.00> <Spt= 0.00> <nCl= 18> <al=0.72> <DB= 1550.0661> <Mlp= 1593.3066> <PB=1598.1> 
<DWph=2> <it= 48> <et=0.21> <Mt= 0.00> <Spt= 0.00> <nCl= 27> <al=0.62> <DB= 1523.2268> <Mlp= 1590.2777> <PB=1598.1> 
<DWph=2> <it= 49> <et=0.22> <Mt= 0.00> <Spt= 0.01> <nCl= 17> <al=0.52> <DB= 1558.7177> <Mlp= 1585.4143> <PB=1598.1> 
<DWph=2> <it= 50> <et=0.22> <Mt= 0.01> <Spt= 0.00> <nCl= 17> <al=0.42> <DB= 1512.1799> <Mlp= 1584.4878> <PB=1598.1> 
<DWph=2> <it= 51> <et=0.23> <Mt= 0.00> <Spt= 0.00> <nCl= 14> <al=0.32> <DB= 1557.0650> <Mlp= 1581.0946> <PB=1598.1> 
<DWph=2> <it= 52> <et=0.23> <Mt= 0.00> <Spt= 0.00> <nCl= 13> <al=0.39> <DB= 1565.8497> <Mlp= 1580.2682> <PB=1598.1> 
<DWph=2> <it= 53> <et=0.24> <Mt= 0.00> <Spt= 0.01> <nCl= 20> <al=0.29> <DB= 1545.6709> <Mlp= 1579.4440> <PB=1598.1> 
<DWph=2> <it= 54> <et=0.24> <Mt= 0.00> <Spt= 0.00> <nCl=  7> <al=0.19> <DB= 1560.0154> <Mlp= 1577.8889> <PB=1598.1> 
<DWph=2> <it= 55> <et=0.24> <Mt= 0.00> <Spt= 0.00> <nCl=  5> <al=0.27> <DB= 1568.9907> <Mlp= 1577.4000> <PB=1598.1> 
<DWph=2> <it= 56> <et=0.25> <Mt= 0.00> <Spt= 0.01> <nCl=  7> <al=0.34> <DB= 1566.9253> <Mlp= 1577.3398> <PB=1598.1> 
<DWph=2> <it= 57> <et=0.25> <Mt= 0.00> <Spt= 0.00> <nCl=  6> <al=0.41> <DB= 1573.1277> <Mlp= 1577.1143> <PB=1598.1> 
<DWph=2> <it= 58> <et=0.26> <Mt= 0.00> <Spt= 0.00> <nCl= 18> <al=0.00> <DB= 1567.9234> <Mlp= 1576.9234> <PB=1598.1> 
<DWph=2> <it= 59> <et=0.26> <Mt= 0.00> <Spt= 0.01> <nCl=  3> <al=0.37> <DB= 1576.2455> <Mlp= 1576.7272> <PB=1598.1> 
<DWph=2> <it= 60> <et=0.27> <Mt= 0.00> <Spt= 0.00> <nCl= 11> <al=0.00> <DB= 1576.7272> <Mlp= 1576.7272> <PB=1598.1> 
<DWph=1> <it= 61> <et=0.27> <Mt= 0.00> <Spt= 0.01> <nCl= 22> <al=0.17> <DB= 1547.0515> <Mlp= 1576.7272> <PB=1598.1> 
<DWph=1> <it= 62> <et=0.28> <Mt= 0.00> <Spt= 0.00> <nCl= 11> <al=0.25> <DB= 1551.5734> <Mlp= 1574.5325> <PB=1598.1> 
<DWph=1> <it= 63> <et=0.28> <Mt= 0.00> <Spt= 0.01> <nCl= 12> <al=0.15> <DB= 1563.3066> <Mlp= 1574.0800> <PB=1598.1> 
<DWph=1> <it= 64> <et=0.29> <Mt= 0.01> <Spt= 0.00> <nCl=  5> <al=0.24> <DB= 1565.1636> <Mlp= 1573.8846> <PB=1598.1> 
<DWph=1> <it= 65> <et=0.30> <Mt= 0.00> <Spt= 0.01> <nCl=  2> <al=0.31> <DB= 1565.0456> <Mlp= 1573.8225> <PB=1598.1> 
<DWph=1> <it= 66> <et=0.30> <Mt= 0.00> <Spt= 0.01> <nCl=  4> <al=0.38> <DB= 1569.7364> <Mlp= 1573.6476> <PB=1598.1> 
<DWph=1> <it= 67> <et=0.31> <Mt= 0.00> <Spt= 0.01> <nCl=  5> <al=0.00> <DB= 1573.6476> <Mlp= 1573.6476> <PB=1598.1> 
    RCSP exact solver info for graph G_1 : TT = 0.009958, pt = 1e-05, dt = 0.008377, ct = 0.001309, ndl = 2', bdl = 60', odl = 2', odf = 18', bsi = 1', cnt = 12', bdch = 429', odch = 27', lcp = 18', #sols = 150
<DWph=0> <it= 68> <et=0.33> <Mt= 0.00> <Spt= 0.01> <nCl=117> <al=0.34> <DB= 1513.6476> <Mlp= 1573.6476> <PB=1598.1> 
    RCSP exact solver info for graph G_1 : TT = 0.007969, pt = 2.4e-05, dt = 0.006355, ct = 0.001327, ndl = 2', bdl = 59', odl = 2', odf = 18', bsi = 1', cnt = 11', bdch = 419', odch = 27', lcp = 19', #sols = 150
    RCSP exact solver info for graph G_1 : TT = 0.007687, pt = 1.9e-05, dt = 0.006129, ct = 0.001275, ndl = 2', bdl = 56', odl = 2', odf = 18', bsi = 1', cnt = 10', bdch = 394', odch = 25', lcp = 18', #sols = 150
<DWph=0> <it= 69> <et=0.35> <Mt= 0.00> <Spt= 0.02> <nCl= 65> <al=0.00> <DB= 1563.1937> <Mlp= 1572.1937> <PB=1598.1> 
    RCSP exact solver info for graph G_1 : TT = 0.00771, pt = 2.1e-05, dt = 0.00615, ct = 0.001286, ndl = 2', bdl = 56', odl = 2', odf = 18', bsi = 1', cnt = 10', bdch = 395', odch = 25', lcp = 18', #sols = 150
    RCSP exact solver info for graph G_1 : TT = 0.007627, pt = 2e-05, dt = 0.006102, ct = 0.001257, ndl = 2', bdl = 56', odl = 2', odf = 18', bsi = 1', cnt = 10', bdch = 394', odch = 25', lcp = 18', #sols = 150
<DWph=0> <it= 70> <et=0.37> <Mt= 0.00> <Spt= 0.01> <nCl=  2> <al=0.00> <DB= 1571.9937> <Mlp= 1571.9937> <PB=1598.1> 
Dynamic params and stats :  aver.obdmd = 23.2586 aver.buck.num. = 26
@@ 1 0 1571.99 0.0079134 0.009686 83.7811 0.37
Labels distribution in buckets (bucket size) : largest - 31, top 0.1% - 31, top 0.5% - 26, top 2% - 20, top 10% - 11, top 50% - 2
Reduced cost fixing for graph G_1... 23589 buck. arcs remain (36.4% from prev., 30.5% from max.) + 8733 jump buck. arcs (11.3% from max.)
 TT = 0.048936, pt = 0.005433, dt = 0.023127, ct = 0.020247, ndl = 15', bdl = 187', odl = 4', odf = 78', lpcb = 415', cnt = 276', bdch = 2809', odch = 331', lcp = 287'
Labels distribution in buckets (bucket size) : largest - 32, top 0.1% - 32, top 0.5% - 26, top 2% - 22, top 10% - 12, top 50% - 2
Run forward enumeration with border = 50... succeeded! lpt = 0.443767, ndl = 80', dl = 185', lpcb = 2061', dch = 2936'
Run enumeration concatenation with time limit 0.3 sec.... time limit reached, not succeeded.
Sorting and storing enumerated solutions ...  TT = 0.871475, pt = 0.001979, dt = 0.443767, ct = 0.301507, ndl = 80', bdl = 185', lpcb = 2061', cnt = 2286', bdch = 2936', odch = 0', lcp = 0'
ColGenEvalAlg final dual bound: 1571.99 (rounded: 1572)
In total 6 RCC cut(s) are found by the connected components heuristic 
Shrinking heuristic shrunk 16 edges
In total 28 RCC cut(s) are found by the Fractional capacity min-cut heuristic 
In total 85 RCC cut(s) are found by the greedy construction heuristic 
----- Add fac. cuts : CAP(100), max.viol = 0.595573, aver.viol = 0.294937, sep/add took 0.00866394/0.0444376 sec. -----
1741 columns (1741 active), 100 dyn. constrs. (100 active), 214 art. vars. (214 active)
<DWph=2> <it=  1> <et=1.35> <Mt= 0.01> <Spt= 0.01> <nCl= 19> <al=0.50> <DB= 1547.7074> <Mlp= 1598.2472> <PB=1598.1> 
<DWph=2> <it=  2> <et=1.37> <Mt= 0.01> <Spt= 0.00> <nCl= 15> <al=0.55> <DB= 1556.9904> <Mlp= 1590.0028> <PB=1598.1> 
<DWph=2> <it=  3> <et=1.38> <Mt= 0.01> <Spt= 0.01> <nCl= 26> <al=0.19> <DB= 1548.8063> <Mlp= 1587.3011> <PB=1598.1> 
<DWph=2> <it=  4> <et=1.39> <Mt= 0.00> <Spt= 0.01> <nCl= 17> <al=0.00> <DB= 1564.4970> <Mlp= 1586.8711> <PB=1598.1> 
<DWph=2> <it=  5> <et=1.40> <Mt= 0.01> <Spt= 0.00> <nCl=  6> <al=0.40> <DB= 1581.9284> <Mlp= 1586.0568> <PB=1598.1> 
<DWph=2> <it=  6> <et=1.41> <Mt= 0.00> <Spt= 0.00> <nCl=  7> <al=0.00> <DB= 1569.9817> <Mlp= 1586.0568> <PB=1598.1> 
<DWph=2> <it=  7> <et=1.42> <Mt= 0.00> <Spt= 0.01> <nCl= 10> <al=0.00> <DB= 1581.0169> <Mlp= 1585.9888> <PB=1598.1> 
<DWph=2> <it=  8> <et=1.43> <Mt= 0.00> <Spt= 0.01> <nCl=  2> <al=0.00> <DB= 1585.9802> <Mlp= 1585.9802> <PB=1598.1> 
<DWph=1> <it=  9> <et=1.43> <Mt= 0.01> <Spt= 0.00> <nCl= 11> <al=0.16> <DB= 1567.9802> <Mlp= 1585.9802> <PB=1598.1> 
<DWph=1> <it= 10> <et=1.44> <Mt= 0.00> <Spt= 0.00> <nCl=  8> <al=0.06> <DB= 1557.6373> <Mlp= 1585.5676> <PB=1598.1> 
<DWph=1> <it= 11> <et=1.45> <Mt= 0.00> <Spt= 0.01> <nCl=  6> <al=0.00> <DB= 1582.8398> <Mlp= 1585.4517> <PB=1598.1> 
<DWph=1> <it= 12> <et=1.46> <Mt= 0.01> <Spt= 0.00> <nCl=  3> <al=0.00> <DB= 1585.4316> <Mlp= 1585.4316> <PB=1598.1> 
    RCSP exact solver info for graph G_1 : TT = 0.004533, pt = 1.1e-05, dt = 0.003349, ct = 0.000905, ndl = 2', bdl = 15', odl = 1', odf = 14', bsi = 1', cnt = 6', bdch = 119', odch = 14', lcp = 13', #sols = 150
<DWph=0> <it= 13> <et=1.47> <Mt= 0.00> <Spt= 0.01> <nCl= 72> <al=0.00> <DB= 1584.5054> <Mlp= 1585.4316> <PB=1598.1> 
    RCSP exact solver info for graph G_1 : TT = 0.004595, pt = 2.3e-05, dt = 0.003378, ct = 0.000889, ndl = 2', bdl = 15', odl = 1', odf = 14', bsi = 1', cnt = 6', bdch = 115', odch = 14', lcp = 12', #sols = 150
<DWph=0> <it= 14> <et=1.48> <Mt= 0.00> <Spt= 0.01> <nCl= 22> <al=0.00> <DB= 1585.4308> <Mlp= 1585.4308> <PB=1598.1> 
Dynamic params and stats :  aver.obdmd = 23.2586 aver.buck.num. = 26
@@ 1 1 1585.43 0.0042605 0.004267 30.5241 1.48
Labels distribution in buckets (bucket size) : largest - 31, top 0.1% - 31, top 0.5% - 28, top 2% - 19, top 10% - 9, top 50% - 2
Reduced cost fixing for graph G_1... 15133 buck. arcs remain (64.2% from prev., 19.6% from max.) + 7883 jump buck. arcs (10.2% from max.)
 TT = 0.026572, pt = 0.002698, dt = 0.011708, ct = 0.012047, ndl = 12', bdl = 94', odl = 3', odf = 56', lpcb = 165', cnt = 151', bdch = 1194', odch = 165', lcp = 206'
Labels distribution in buckets (bucket size) : largest - 38, top 0.1% - 38, top 0.5% - 28, top 2% - 20, top 10% - 10, top 50% - 2
Run forward enumeration with border = 50... succeeded! lpt = 0.087912, ndl = 24', dl = 28', lpcb = 513', dch = 290'
Run enumeration concatenation with time limit 0.3 sec.... succeeded!
Sorting and storing enumerated solutions ... done!
 TT = 0.25871, pt = 0, dt = 0.087912, ct = 0.104202, ndl = 24', bdl = 28', lpcb = 513', cnt = 534', bdch = 290', odch = 0', lcp = 0'
Enumeration succeeded!, number of elem. solutions is 44196
Estimating inspection time...     TT = 0.007031, performed by inspection with 44196 solutions, nbR1C = 0, nbDiscC = 0
Inspection time is low enough. Pricing will be done by inspection.
Added 795 columns in the formulation 
Removed 1170 columns (not in the enumerated set) from the formulation
Regenerated 795 columns with the 'enumerated' flag
<DWph=2> <it= 15> <et=1.83> <Mt= 0.01> <Spt= 0.00> <nCl=  0> <al=0.00> <DB= 1585.5467> <Mlp= 1585.5467> <PB=1598.1> 
<DWph=1> <it= 16> <et=1.84> <Mt= 0.00> <Spt= 0.00> <nCl=  0> <al=0.00> <DB= 1585.5467> <Mlp= 1585.5467> <PB=1598.1> 
    TT = 0.001769, performed by inspection with 44196 solutions, nbR1C = 0, nbDiscC = 0
<DWph=0> <it= 17> <et=1.84> <Mt= 0.00> <Spt= 0.01> <nCl= 83> <al=0.30> <DB= 1559.2565> <Mlp= 1585.5467> <PB=1598.1> 
    TT = 0.001734, performed by inspection with 44196 solutions, nbR1C = 0, nbDiscC = 0
    TT = 0.001702, performed by inspection with 44196 solutions, nbR1C = 0, nbDiscC = 0
<DWph=0> <it= 18> <et=1.85> <Mt= 0.00> <Spt= 0.01> <nCl= 28> <al=0.00> <DB= 1585.5459> <Mlp= 1585.5459> <PB=1598.1> 
Dynamic params and stats :  aver.obdmd = 23.2586 aver.buck.num. = 26
@@ 1 1 1585.55 0.001735 0.001769 0 1.85
Reduced cost fixing for graph G_1...  took 0 sec., done by inspection with 44196 solutions, remains 34681 (78.5%)
Removed 45 columns (not in the enumerated set) from the formulation
    Full reduced cost fixing is not called (gap ratio is 0.990846)
ColGenEvalAlg final dual bound: 1585.55 (rounded: 1586)
Gap improvement since the last cut separation : 0.519115 (1571.99)
Current active cuts : CAP(9,211.26)
In total 1 RCC cut(s) are found by the connected components heuristic 
Shrinking heuristic shrunk 17 edges
In total 16 RCC cut(s) are found by the Fractional capacity min-cut heuristic 
In total 57 RCC cut(s) are found by the greedy construction heuristic 
In total 1 RCC cut(s) are found by the global pool greedy search heuristic 
----- Add fac. cuts : CAP(75), max.viol = 0.44962, aver.viol = 0.27504, sep/add took 0.00928636/0.0408134 sec. -----
2602 columns (861 active), 175 dyn. constrs. (84 active), 289 art. vars. (198 active)
<DWph=2> <it=  1> <et=1.93> <Mt= 0.00> <Spt= 0.00> <nCl=  0> <al=0.00> <DB= 1588.8706> <Mlp= 1588.8706> <PB=1598.1> 
<DWph=1> <it=  2> <et=1.93> <Mt= 0.00> <Spt= 0.01> <nCl=  0> <al=0.00> <DB= 1588.8706> <Mlp= 1588.8706> <PB=1598.1> 
    TT = 0.001297, performed by inspection with 34681 solutions, nbR1C = 0, nbDiscC = 0
<DWph=0> <it=  3> <et=1.95> <Mt= 0.01> <Spt= 0.01> <nCl=150> <al=0.30> <DB= 1534.7619> <Mlp= 1588.8706> <PB=1598.1> 
    TT = 0.001252, performed by inspection with 34681 solutions, nbR1C = 0, nbDiscC = 0
<DWph=0> <it=  4> <et=1.96> <Mt= 0.00> <Spt= 0.00> <nCl= 34> <al=0.20> <DB= 1578.4804> <Mlp= 1588.2586> <PB=1598.1> 
    TT = 0.001235, performed by inspection with 34681 solutions, nbR1C = 0, nbDiscC = 0
    TT = 0.001195, performed by inspection with 34681 solutions, nbR1C = 0, nbDiscC = 0
<DWph=0> <it=  5> <et=1.97> <Mt= 0.00> <Spt= 0.01> <nCl=  7> <al=0.00> <DB= 1588.2586> <Mlp= 1588.2586> <PB=1598.1> 
Dynamic params and stats :  aver.obdmd = 23.2586 aver.buck.num. = 26
@@ 1 2 1588.26 0.00124475 0.001297 0 1.97
Reduced cost fixing for graph G_1...  took 0 sec., done by inspection with 34681 solutions, remains 24978 (72%)
Removed 32 columns (not in the enumerated set) from the formulation
ColGenEvalAlg final dual bound: 1588.26 (rounded: 1589)
Gap improvement since the last cut separation : 0.216085 (1585.55)
Current active cuts : CAP(13,442.407)
In total 2 RCC cut(s) are found by the connected components heuristic 
Shrinking heuristic shrunk 13 edges
In total 12 RCC cut(s) are found by the Fractional capacity min-cut heuristic 
In total 35 RCC cut(s) are found by the greedy construction heuristic 
In total 1 RCC cut(s) are found by the global pool greedy search heuristic 
----- Add fac. cuts : CAP(50), max.viol = 0.594728, aver.viol = 0.286853, sep/add took 0.00921306/0.0122322 sec. -----
1052 columns (1020 active), 134 dyn. constrs. (64 active), 339 art. vars. (178 active)
<DWph=2> <it=  1> <et=2.05> <Mt= 0.01> <Spt= 0.01> <nCl=  0> <al=0.00> <DB= 1595.4828> <Mlp= 1595.4828> <PB=1598.1> 
<DWph=1> <it=  2> <et=2.06> <Mt= 0.00> <Spt= 0.00> <nCl=  0> <al=0.00> <DB= 1595.4828> <Mlp= 1595.4828> <PB=1598.1> 
    TT = 0.000865, performed by inspection with 24978 solutions, nbR1C = 0, nbDiscC = 0
<DWph=0> <it=  3> <et=2.06> <Mt= 0.00> <Spt= 0.00> <nCl= 56> <al=0.30> <DB= 1571.4612> <Mlp= 1595.4828> <PB=1598.1> 
    TT = 0.000829, performed by inspection with 24978 solutions, nbR1C = 0, nbDiscC = 0
<DWph=0> <it=  4> <et=2.07> <Mt= 0.00> <Spt= 0.01> <nCl= 26> <al=0.37> <DB= 1586.3475> <Mlp= 1595.0903> <PB=1598.1> 
    TT = 0.000816, performed by inspection with 24978 solutions, nbR1C = 0, nbDiscC = 0
    TT = 0.000792, performed by inspection with 24978 solutions, nbR1C = 0, nbDiscC = 0
<DWph=0> <it=  5> <et=2.08> <Mt= 0.01> <Spt= 0.00> <nCl= 10> <al=0.00> <DB= 1595.0000> <Mlp= 1595.0000> <PB=1598.1> 
Dynamic params and stats :  aver.obdmd = 23.2586 aver.buck.num. = 26
@@ 1 3 1595 0.0008255 0.000865 0 2.08
Reduced cost fixing for graph G_1...  took 0 sec., done by inspection with 24978 solutions, remains 1099 (4.4%)
Removed 418 columns (not in the enumerated set) from the formulation
ColGenEvalAlg final dual bound: 1595 (rounded: 1595)
Gap improvement since the last cut separation : 0.685003 (1588.26)
Current active cuts : CAP(11,698.333)
In total 2 RCC cut(s) are found by the connected components heuristic 
Shrinking heuristic shrunk 29 edges
----- Add fac. cuts : CAP(2), max.viol = 0.75, aver.viol = 0.625, sep/add took 0.0021832/0.000485389 sec. -----
1112 columns (694 active), 66 dyn. constrs. (13 active), 341 art. vars. (127 active)
<DWph=2> <it=  1> <et=2.11> <Mt= 0.00> <Spt= 0.00> <nCl=  0> <al=0.00> <DB= 1595.6333> <Mlp= 1595.6333> <PB=1598.1> 
<DWph=1> <it=  2> <et=2.11> <Mt= 0.00> <Spt= 0.00> <nCl=  0> <al=0.00> <DB= 1595.6333> <Mlp= 1595.6333> <PB=1598.1> 
    TT = 7.9e-05, performed by inspection with 1099 solutions, nbR1C = 0, nbDiscC = 0
    TT = 6.5e-05, performed by inspection with 1099 solutions, nbR1C = 0, nbDiscC = 0
<DWph=0> <it=  3> <et=2.11> <Mt= 0.00> <Spt= 0.01> <nCl=  9> <al=0.00> <DB= 1595.6333> <Mlp= 1595.6333> <PB=1598.1> 
Dynamic params and stats :  aver.obdmd = 23.2586 aver.buck.num. = 26
@@ 1 4 1595.63 7.2e-05 7.9e-05 0 2.11
Reduced cost fixing for graph G_1...  took 0 sec., done by inspection with 1099 solutions, remains 737 (67.1%)
Removed 66 columns (not in the enumerated set) from the formulation
ColGenEvalAlg final dual bound: 1595.63 (rounded: 1596)
Gap improvement since the last cut separation : 0.204301 (1595)
Current active cuts : CAP(12,701.562)
Shrinking heuristic shrunk 15 edges
In total 12 RCC cut(s) are found by the Fractional capacity min-cut heuristic 
In total 54 RCC cut(s) are found by the greedy construction heuristic 
In total 10 RCC cut(s) are found by the global pool greedy search heuristic 
----- Add fac. cuts : CAP(76), max.viol = 0.166667, aver.viol = 0.0605263, sep/add took 0.0100465/0.0169557 sec. -----
703 columns (637 active), 89 dyn. constrs. (88 active), 417 art. vars. (202 active)
<DWph=2> <it=  1> <et=2.16> <Mt= 0.00> <Spt= 0.00> <nCl=  0> <al=0.00> <DB= 1595.6667> <Mlp= 1595.6667> <PB=1598.1> 
<DWph=1> <it=  2> <et=2.16> <Mt= 0.00> <Spt= 0.00> <nCl=  0> <al=0.00> <DB= 1595.6667> <Mlp= 1595.6667> <PB=1598.1> 
    TT = 7.2e-05, performed by inspection with 737 solutions, nbR1C = 0, nbDiscC = 0
    TT = 6.3e-05, performed by inspection with 737 solutions, nbR1C = 0, nbDiscC = 0
<DWph=0> <it=  3> <et=2.16> <Mt= 0.00> <Spt= 0.01> <nCl=  6> <al=0.00> <DB= 1595.6667> <Mlp= 1595.6667> <PB=1598.1> 
Dynamic params and stats :  aver.obdmd = 23.2586 aver.buck.num. = 26
@@ 1 5 1595.67 6.75e-05 7.2e-05 0 2.16
Reduced cost fixing for graph G_1...  took 0 sec., done by inspection with 737 solutions, remains 712 (96.6%)
Removed 4 columns (not in the enumerated set) from the formulation
    Full reduced cost fixing is not called (gap ratio is 0.985915)
ColGenEvalAlg final dual bound: 1595.67 (rounded: 1596)
Gap improvement since the last cut separation : 0.0135135 (1595.63)
Cut generation tailing off counter increased to 1
Current active cuts : CAP(16,715.619)
In total 1 RCC cut(s) are found by the connected components heuristic 
Shrinking heuristic shrunk 31 edges
----- Add fac. cuts : CAP(1), max.viol = 0.666667, aver.viol = 0.666667, sep/add took 0.00172173/0.000182747 sec. -----
643 columns (639 active), 89 dyn. constrs. (19 active), 418 art. vars. (133 active)
<DWph=2> <it=  1> <et=2.17> <Mt= 0.00> <Spt= 0.00> <nCl=  0> <al=0.00> <DB= 1595.7632> <Mlp= 1595.7632> <PB=1598.1> 
<DWph=1> <it=  2> <et=2.18> <Mt= 0.00> <Spt= 0.00> <nCl=  0> <al=0.00> <DB= 1595.7632> <Mlp= 1595.7632> <PB=1598.1> 
    TT = 6.4e-05, performed by inspection with 712 solutions, nbR1C = 0, nbDiscC = 0
<DWph=0> <it=  3> <et=2.18> <Mt= 0.00> <Spt= 0.00> <nCl=  6> <al=0.30> <DB= 1593.5446> <Mlp= 1595.7632> <PB=1598.1> 
    TT = 5.8e-05, performed by inspection with 712 solutions, nbR1C = 0, nbDiscC = 0
    TT = 5.4e-05, performed by inspection with 712 solutions, nbR1C = 0, nbDiscC = 0
<DWph=0> <it=  4> <et=2.18> <Mt= 0.00> <Spt= 0.00> <nCl=  1> <al=0.00> <DB= 1595.7632> <Mlp= 1595.7632> <PB=1598.1> 
Dynamic params and stats :  aver.obdmd = 23.2586 aver.buck.num. = 26
@@ 1 6 1595.76 5.86667e-05 6.4e-05 0 2.18
Reduced cost fixing for graph G_1...  took 0 sec., done by inspection with 712 solutions, remains 620 (87.1%)
Removed 60 columns (not in the enumerated set) from the formulation
    Full reduced cost fixing is not called (gap ratio is 0.945145)
ColGenEvalAlg final dual bound: 1595.76 (rounded: 1596)
Gap improvement since the last cut separation : 0.0396539 (1595.67)
Current active cuts : CAP(17,769.737)
Shrinking heuristic shrunk 22 edges
In total 6 RCC cut(s) are found by the Fractional capacity min-cut heuristic 
In total 6 RCC cut(s) are found by the greedy construction heuristic 
In total 8 RCC cut(s) are found by the global pool greedy search heuristic 
----- Add fac. cuts : CAP(20), max.viol = 0.184211, aver.viol = 0.147368, sep/add took 0.00511507/0.00446382 sec. -----
646 columns (586 active), 39 dyn. constrs. (37 active), 438 art. vars. (151 active)
<DWph=2> <it=  1> <et=2.21> <Mt= 0.01> <Spt= 0.01> <nCl=  0> <al=0.00> <DB= 1596.0000> <Mlp= 1596.0000> <PB=1598.1> 
<DWph=1> <it=  2> <et=2.21> <Mt= 0.00> <Spt= 0.00> <nCl=  0> <al=0.00> <DB= 1596.0000> <Mlp= 1596.0000> <PB=1598.1> 
    TT = 5.9e-05, performed by inspection with 620 solutions, nbR1C = 0, nbDiscC = 0
    TT = 4.8e-05, performed by inspection with 620 solutions, nbR1C = 0, nbDiscC = 0
<DWph=0> <it=  3> <et=2.21> <Mt= 0.00> <Spt= 0.00> <nCl= 10> <al=0.00> <DB= 1596.0000> <Mlp= 1596.0000> <PB=1598.1> 
Dynamic params and stats :  aver.obdmd = 23.2586 aver.buck.num. = 26
@@ 1 7 1596 5.35e-05 5.9e-05 0 2.21
Reduced cost fixing for graph G_1...  took 0 sec., done by inspection with 620 solutions, remains 552 (89%)
Removed 21 columns (not in the enumerated set) from the formulation
ColGenEvalAlg final dual bound: 1596 (rounded: 1596)
Gap improvement since the last cut separation : 0.101351 (1595.76)
Current active cuts : CAP(17,881)
In total 1 RCC cut(s) are found by the connected components heuristic 
Shrinking heuristic shrunk 30 edges
In total 1 RCC cut(s) are found by the Fractional capacity min-cut heuristic 
----- Add fac. cuts : CAP(2), max.viol = 0.5, aver.viol = 0.5, sep/add took 0.00197234/0.000349231 sec. -----
596 columns (575 active), 39 dyn. constrs. (22 active), 440 art. vars. (136 active)
<DWph=2> <it=  1> <et=2.22> <Mt= 0.00> <Spt= 0.00> <nCl=  0> <al=0.00> <DB= 1596.2500> <Mlp= 1596.2500> <PB=1598.1> 
<DWph=1> <it=  2> <et=2.22> <Mt= 0.00> <Spt= 0.00> <nCl=  0> <al=0.00> <DB= 1596.2500> <Mlp= 1596.2500> <PB=1598.1> 
    TT = 5.7e-05, performed by inspection with 552 solutions, nbR1C = 0, nbDiscC = 0
<DWph=0> <it=  3> <et=2.22> <Mt= 0.00> <Spt= 0.00> <nCl= 20> <al=0.30> <DB= 1585.0000> <Mlp= 1596.2500> <PB=1598.1> 
    TT = 5.7e-05, performed by inspection with 552 solutions, nbR1C = 0, nbDiscC = 0
    TT = 5.5e-05, performed by inspection with 552 solutions, nbR1C = 0, nbDiscC = 0
<DWph=0> <it=  4> <et=2.23> <Mt= 0.00> <Spt= 0.01> <nCl=  3> <al=0.00> <DB= 1596.1667> <Mlp= 1596.1667> <PB=1598.1> 
Dynamic params and stats :  aver.obdmd = 23.2586 aver.buck.num. = 26
@@ 1 8 1596.17 5.63333e-05 5.7e-05 0 2.23
Reduced cost fixing for graph G_1...  took 0 sec., done by inspection with 552 solutions, remains 327 (59.2%)
Removed 193 columns (not in the enumerated set) from the formulation
    Full reduced cost fixing is not called (gap ratio is 0.916667)
ColGenEvalAlg final dual bound: 1596.17 (rounded: 1597)
Gap improvement since the last cut separation : 0.0793651 (1596)
Current active cuts : CAP(18,1138.22)
Shrinking heuristic shrunk 30 edges
73 Rank-1 3-rows pack. cuts added ,  max viol. = 0.5, aver. viol. = 0.283105
Building structures for heuristic rank-1 packing cut separation...done!
97 Rank-1 4-rows pack. cuts added ,  max viol. = 0.5, aver. viol. = 0.347079
100 Rank-1 5-rows pack. cuts added ,  max viol. = 0.5, aver. viol. = 0.5
----- Add fac. cuts : R1C(270), max.viol = 0.5, aver.viol = 0.38642, sep/add took 0.222119/0.019606 sec. -----
598 columns (405 active), 292 dyn. constrs. (288 active), 710 art. vars. (402 active)
<DWph=2> <it=  1> <et=2.48> <Mt= 0.01> <Spt= 0.00> <nCl=  0> <al=0.00> <DB= 1598.0000> <Mlp= 1598.0000> <PB=1598> 
<DWph=1> <it=  2> <et=2.48> <Mt= 0.00> <Spt= 0.00> <nCl=  0> <al=0.00> <DB= 1598.0000> <Mlp= 1598.0000> <PB=1598> 
    TT = 9.9e-05, performed by inspection with 327 solutions, nbR1C = 26, nbDiscC = 0
<DWph=0> <it=  3> <et=2.49> <Mt= 0.00> <Spt= 0.00> <nCl= 24> <al=0.30> <DB= 1577.7500> <Mlp= 1598.0000> <PB=1598> 
    TT = 0.000108, performed by inspection with 327 solutions, nbR1C = 38, nbDiscC = 0
<DWph=0> <it=  4> <et=2.49> <Mt= 0.00> <Spt= 0.01> <nCl=  7> <al=0.37> <DB= 1589.3526> <Mlp= 1598.0000> <PB=1598> 
    TT = 0.000101, performed by inspection with 327 solutions, nbR1C = 40, nbDiscC = 0
    TT = 8.9e-05, performed by inspection with 327 solutions, nbR1C = 30, nbDiscC = 0
<DWph=0> <it=  5> <et=2.50> <Mt= 0.00> <Spt= 0.00> <nCl=  1> <al=0.00> <DB= 1598.0000> <Mlp= 1598.0000> <PB=1598> 
Dynamic params and stats :  aver.obdmd = 23.2586 aver.buck.num. = 26 nbR1C = 30 with avMem = 0
@@ 1 9 1598 9.925e-05 0.000108 0 2.5
ColGenEvalAlg final dual bound: 1598 (rounded: 1598)
Gap improvement since the last cut separation : 1 (1596.17)
Current active cuts : CAP(13,939.853) R1C(30,36.7845) 3rowPackR1C(15) 4rowPackR1C(9) 5rowPackR1C(6)
New model incumbent solution 1598, TIME = 0h0m2s50t = 250
************************************************************************************************
Search is finished, global bounds : [ 1598 , 1598 ], TIME = 0h0m2s50t = 250
************************************************************************************************
1598.0
[[31, 55, 9, 28, 18, 27, 1], [32, 40, 3, 50, 46, 22], [8, 15, 51, 25, 37, 11, 33], [5, 47, 36, 21, 41, 29, 53], [12, 38, 48, 35, 49, 30, 4], [6, 56], [10, 17, 45, 24, 52, 54, 43], [14, 34, 19, 39, 26, 13], [7, 20, 2, 23, 16, 44, 42]]
Built-in heuristic is enabled
instance_name solver_name ext_heuristic solution_value solution_time best_lb root_lb root_time nb_branch_and_bound_nodes status
/home/logis/Downloads/VRPSolverEasy/VRPSolverEasy/demos/data/CVRP/B-n57-k9 CLP True 1598.0 2.508129645 1598.0 1598.0 2.507561829 1 0

