Node memory for rank-1 cuts will be used (9.53757)
~~~~~~~~~~~~~~~~~~~~~~~~~~~~~~~~~~~~~~~~~~~~~~~~~~~~~~~~~~~~~~~~~~~~~~~~~~~~~~~~~~~~~
VRPSolver v0.5.27, 24/02/2023, © Inria Bordeaux, France, vrpsolver.math.u-bordeaux.fr
      Corresponds to the solver by Pessoa, Sadykov, Uchoa and Vanderbeck (2020)
                 Paper: dx.doi.org/10.1007/s10107-020-01523-z
~~~~~~~~~~~~~~~~~~~~~~~~~~~~~~~~~~~~~~~~~~~~~~~~~~~~~~~~~~~~~~~~~~~~~~~~~~~~~~~~~~~~~
   BaPCod v0.77, 15/03/2023, © Inria Bordeaux, France, bapcod.math.u-bordeaux.fr 
           THIS CODE IS PROVIDED AS IS, USE IT AT YOUR OWN RISK
~~~~~~~~~~~~~~~~~~~~~~~~~~~~~~~~~~~~~~~~~~~~~~~~~~~~~~~~~~~~~~~~~~~~~~~~~~~~~~~~~~~~~
Bucket steps were recalculated for graph G_1 : [6]
RCSP solver info : symmetric case is detected for graph G_1! 
Bidirectional border value is initialised to 75
RCSP solver info : number of forw. reachable buckets / buck. strongly connected components is 1136( 94.9833% ) / 936( 82.3944% )
Generating neighbourhoods for rank-1 cuts separation
Building structures for 4- and 5-row rank-1 packing cut separation...done!
Model is built TIME = 0h0m0s1t = 1
************************************************************************************************
**** BaB tree root node
**** Local DB = -1e+12, global bounds : [ -1e+12 , 1e+06 ], TIME = 0h0m0s1t = 1
**** 1 open nodes, 0 columns (0 active), 0 dyn. constrs. (0 active), 90 art. vars. (90 active)
************************************************************************************************
#<DWph=2> <it=  1> <et=0.01> <Mt= 0.00> <Spt= 0.00> <nCl= 30> <al=0.00> <DB=-176795953.6364> <Mlp=5072727.2727> <PB=1000000> 
#<DWph=2> <it=  2> <et=0.01> <Mt= 0.00> <Spt= 0.00> <nCl= 30> <al=0.55> <DB=-112007652.1048> <Mlp=4837552.4375> <PB=1000000> 
#<DWph=2> <it=  3> <et=0.02> <Mt= 0.00> <Spt= 0.00> <nCl= 30> <al=0.45> <DB=-99073644.1193> <Mlp=4576094.6622> <PB=1000000> 
#<DWph=2> <it=  4> <et=0.02> <Mt= 0.00> <Spt= 0.00> <nCl= 30> <al=0.51> <DB=-85037444.3404> <Mlp=4322946.3838> <PB=1000000> 
#<DWph=2> <it=  5> <et=0.02> <Mt= 0.00> <Spt= 0.01> <nCl= 30> <al=0.55> <DB=-73226848.3199> <Mlp=3838221.2323> <PB=1000000> 
#<DWph=2> <it=  6> <et=0.03> <Mt= 0.00> <Spt= 0.00> <nCl= 30> <al=0.60> <DB=-69727186.5097> <Mlp=3586134.1201> <PB=1000000> 
#<DWph=2> <it=  7> <et=0.03> <Mt= 0.00> <Spt= 0.00> <nCl= 30> <al=0.64> <DB=-62356737.9668> <Mlp=3537683.1273> <PB=1000000> 
#<DWph=2> <it=  8> <et=0.03> <Mt= 0.00> <Spt= 0.00> <nCl= 30> <al=0.68> <DB=-59790730.7641> <Mlp=3447449.6216> <PB=1000000> 
#<DWph=2> <it=  9> <et=0.03> <Mt= 0.00> <Spt= 0.01> <nCl= 30> <al=0.71> <DB=-57723129.5717> <Mlp=3154192.2533> <PB=1000000> 
#<DWph=2> <it= 10> <et=0.04> <Mt= 0.00> <Spt= 0.00> <nCl= 30> <al=0.74> <DB=-52170203.4819> <Mlp=2938483.1162> <PB=1000000> 
#<DWph=2> <it= 11> <et=0.04> <Mt= 0.00> <Spt= 0.00> <nCl= 30> <al=0.76> <DB=-40966693.9527> <Mlp=2707925.3478> <PB=1000000> 
#<DWph=2> <it= 12> <et=0.04> <Mt= 0.00> <Spt= 0.00> <nCl= 30> <al=0.66> <DB=-46505615.9245> <Mlp=2630986.7423> <PB=1000000> 
#<DWph=2> <it= 13> <et=0.04> <Mt= 0.00> <Spt= 0.01> <nCl= 30> <al=0.70> <DB=-46422579.7259> <Mlp=2248156.6670> <PB=1000000> 
#<DWph=2> <it= 14> <et=0.05> <Mt= 0.00> <Spt= 0.00> <nCl= 30> <al=0.73> <DB=-40465357.6046> <Mlp=1925396.5158> <PB=1000000> 
#<DWph=2> <it= 15> <et=0.05> <Mt= 0.00> <Spt= 0.00> <nCl= 30> <al=0.75> <DB=-38202053.9927> <Mlp=1825849.0115> <PB=1000000> 
#<DWph=2> <it= 16> <et=0.05> <Mt= 0.00> <Spt= 0.00> <nCl= 30> <al=0.65> <DB=-37572880.2950> <Mlp=1568957.6032> <PB=1000000> 
#<DWph=2> <it= 17> <et=0.06> <Mt= 0.00> <Spt= 0.00> <nCl= 30> <al=0.55> <DB=-36241939.4630> <Mlp=1341027.4572> <PB=1000000> 
#<DWph=2> <it= 18> <et=0.06> <Mt= 0.00> <Spt= 0.01> <nCl= 30> <al=0.60> <DB=-32398574.8159> <Mlp=1202385.6876> <PB=1000000> 
#<DWph=2> <it= 19> <et=0.06> <Mt= 0.00> <Spt= 0.00> <nCl= 30> <al=0.50> <DB=-32780382.5606> <Mlp=877146.3410> <PB=1000000> 
#<DWph=2> <it= 20> <et=0.07> <Mt= 0.00> <Spt= 0.00> <nCl= 30> <al=0.55> <DB=-32279961.8960> <Mlp=750941.9345> <PB=1000000> 
#<DWph=2> <it= 21> <et=0.07> <Mt= 0.01> <Spt= 0.00> <nCl= 30> <al=0.59> <DB=-26231701.8951> <Mlp=680195.7130> <PB=1000000> 
#<DWph=2> <it= 22> <et=0.07> <Mt= 0.00> <Spt= 0.01> <nCl= 30> <al=0.63> <DB=-25092548.4675> <Mlp=354551.7066> <PB=1000000> 
#<DWph=2> <it= 23> <et=0.08> <Mt= 0.00> <Spt= 0.00> <nCl= 30> <al=0.67> <DB=-17371897.3343> <Mlp=64044.7196> <PB=1000000> 
#<DWph=2> <it= 24> <et=0.08> <Mt= 0.00> <Spt= 0.00> <nCl= 15> <al=0.57> <DB=-8932053.8060> <Mlp=13638.6142> <PB=1000000> 
#<DWph=2> <it= 25> <et=0.08> <Mt= 0.00> <Spt= 0.00> <nCl= 26> <al=0.47> <DB=-2993975.1652> <Mlp=13330.8683> <PB=1000000> 
#<DWph=2> <it= 26> <et=0.09> <Mt= 0.00> <Spt= 0.00> <nCl= 30> <al=0.37> <DB=-204159.0920> <Mlp=12653.2641> <PB=1000000> 
<DWph=2> <it= 27> <et=0.09> <Mt= 0.01> <Spt= 0.01> <nCl= 30> <al=0.00> <DB=-17923.6673> <Mlp= 1235.0852> <PB=1000000> 
<DWph=2> <it= 28> <et=0.09> <Mt= 0.00> <Spt= 0.00> <nCl= 30> <al=0.17> <DB=-13668.3131> <Mlp= 1196.6141> <PB=1000000> 
<DWph=2> <it= 29> <et=0.10> <Mt= 0.00> <Spt= 0.00> <nCl= 30> <al=0.07> <DB=-11662.6822> <Mlp= 1142.4677> <PB=1000000> 
<DWph=2> <it= 30> <et=0.10> <Mt= 0.00> <Spt= 0.00> <nCl= 30> <al=0.16> <DB=-10828.2625> <Mlp= 1043.3577> <PB=1000000> 
<DWph=2> <it= 31> <et=0.11> <Mt= 0.00> <Spt= 0.00> <nCl= 30> <al=0.25> <DB=-14384.9562> <Mlp=  988.3162> <PB=1000000> 
<DWph=2> <it= 32> <et=0.11> <Mt= 0.00> <Spt= 0.01> <nCl= 30> <al=0.32> <DB=-10188.0663> <Mlp=  959.7823> <PB=1000000> 
<DWph=2> <it= 33> <et=0.11> <Mt= 0.00> <Spt= 0.00> <nCl= 30> <al=0.39> <DB=-7400.5157> <Mlp=  906.8674> <PB=1000000> 
<DWph=2> <it= 34> <et=0.12> <Mt= 0.01> <Spt= 0.00> <nCl= 30> <al=0.45> <DB=-6532.4640> <Mlp=  869.0939> <PB=1000000> 
<DWph=2> <it= 35> <et=0.12> <Mt= 0.00> <Spt= 0.00> <nCl= 30> <al=0.51> <DB=-6143.3729> <Mlp=  817.0349> <PB=1000000> 
<DWph=2> <it= 36> <et=0.13> <Mt= 0.00> <Spt= 0.01> <nCl= 30> <al=0.56> <DB=-6123.3659> <Mlp=  807.7891> <PB=1000000> 
<DWph=2> <it= 37> <et=0.13> <Mt= 0.00> <Spt= 0.00> <nCl= 30> <al=0.60> <DB=-4348.7276> <Mlp=  742.3267> <PB=1000000> 
<DWph=2> <it= 38> <et=0.14> <Mt= 0.00> <Spt= 0.00> <nCl= 30> <al=0.64> <DB=-3944.1704> <Mlp=  691.6059> <PB=1000000> 
<DWph=2> <it= 39> <et=0.14> <Mt= 0.01> <Spt= 0.00> <nCl= 30> <al=0.68> <DB=-2558.4988> <Mlp=  661.9879> <PB=1000000> 
<DWph=2> <it= 40> <et=0.14> <Mt= 0.00> <Spt= 0.01> <nCl= 30> <al=0.71> <DB=-2105.9809> <Mlp=  627.4836> <PB=1000000> 
<DWph=2> <it= 41> <et=0.15> <Mt= 0.00> <Spt= 0.00> <nCl= 30> <al=0.61> <DB=-1686.4299> <Mlp=  597.9947> <PB=1000000> 
<DWph=2> <it= 42> <et=0.15> <Mt= 0.00> <Spt= 0.00> <nCl= 30> <al=0.65> <DB=-1569.3394> <Mlp=  571.2306> <PB=1000000> 
<DWph=2> <it= 43> <et=0.16> <Mt= 0.00> <Spt= 0.00> <nCl= 30> <al=0.68> <DB=-1512.1566> <Mlp=  566.9114> <PB=1000000> 
<DWph=2> <it= 44> <et=0.16> <Mt= 0.00> <Spt= 0.00> <nCl= 29> <al=0.71> <DB= -940.5184> <Mlp=  553.1530> <PB=1000000> 
<DWph=2> <it= 45> <et=0.16> <Mt= 0.01> <Spt= 0.01> <nCl= 30> <al=0.74> <DB= -822.6060> <Mlp=  537.8560> <PB=1000000> 
<DWph=2> <it= 46> <et=0.17> <Mt= 0.00> <Spt= 0.00> <nCl= 26> <al=0.77> <DB= -450.3624> <Mlp=  526.9431> <PB=1000000> 
<DWph=2> <it= 47> <et=0.17> <Mt= 0.00> <Spt= 0.00> <nCl= 29> <al=0.67> <DB= -308.3535> <Mlp=  522.5931> <PB=1000000> 
<DWph=2> <it= 48> <et=0.18> <Mt= 0.00> <Spt= 0.00> <nCl= 19> <al=0.70> <DB=   78.5101> <Mlp=  519.4240> <PB=1000000> 
<DWph=2> <it= 49> <et=0.18> <Mt= 0.00> <Spt= 0.01> <nCl= 30> <al=0.60> <DB=  163.6467> <Mlp=  517.7119> <PB=1000000> 
<DWph=2> <it= 50> <et=0.18> <Mt= 0.00> <Spt= 0.00> <nCl= 27> <al=0.64> <DB=  420.9517> <Mlp=  512.5456> <PB=1000000> 
<DWph=2> <it= 51> <et=0.19> <Mt= 0.01> <Spt= 0.00> <nCl= 15> <al=0.54> <DB=  485.4626> <Mlp=  509.6366> <PB=1000000> 
<DWph=2> <it= 52> <et=0.19> <Mt= 0.00> <Spt= 0.00> <nCl= 20> <al=0.44> <DB=  490.2234> <Mlp=  508.0793> <PB=1000000> 
<DWph=2> <it= 53> <et=0.20> <Mt= 0.00> <Spt= 0.00> <nCl= 26> <al=0.50> <DB=  481.8030> <Mlp=  505.6234> <PB=1000000> 
<DWph=2> <it= 54> <et=0.20> <Mt= 0.00> <Spt= 0.01> <nCl= 18> <al=0.40> <DB=  499.8305> <Mlp=  504.3158> <PB=1000000> 
<DWph=2> <it= 55> <et=0.20> <Mt= 0.00> <Spt= 0.00> <nCl= 23> <al=0.30> <DB=  487.6563> <Mlp=  504.2667> <PB=1000000> 
<DWph=2> <it= 56> <et=0.20> <Mt= 0.00> <Spt= 0.00> <nCl= 21> <al=0.20> <DB=  489.0889> <Mlp=  503.0861> <PB=1000000> 
<DWph=2> <it= 57> <et=0.21> <Mt= 0.00> <Spt= 0.00> <nCl= 10> <al=0.28> <DB=  498.0190> <Mlp=  502.8462> <PB=1000000> 
<DWph=2> <it= 58> <et=0.21> <Mt= 0.00> <Spt= 0.00> <nCl= 11> <al=0.35> <DB=  499.4326> <Mlp=  502.8242> <PB=1000000> 
<DWph=2> <it= 59> <et=0.21> <Mt= 0.00> <Spt= 0.01> <nCl=  2> <al=0.42> <DB=  501.3302> <Mlp=  502.6858> <PB=1000000> 
<DWph=2> <it= 60> <et=0.22> <Mt= 0.01> <Spt= 0.00> <nCl=  4> <al=0.32> <DB=  493.5906> <Mlp=  502.6858> <PB=1000000> 
<DWph=2> <it= 61> <et=0.22> <Mt= 0.00> <Spt= 0.00> <nCl=  1> <al=0.38> <DB=  500.0203> <Mlp=  502.5559> <PB=1000000> 
<DWph=2> <it= 62> <et=0.22> <Mt= 0.00> <Spt= 0.00> <nCl= 14> <al=0.00> <DB=  495.7292> <Mlp=  502.5559> <PB=1000000> 
<DWph=2> <it= 63> <et=0.23> <Mt= 0.00> <Spt= 0.01> <nCl=  4> <al=0.00> <DB=  496.1419> <Mlp=  502.5439> <PB=1000000> 
<DWph=2> <it= 64> <et=0.23> <Mt= 0.00> <Spt= 0.00> <nCl=  3> <al=0.25> <DB=  502.5035> <Mlp=  502.5283> <PB=1000000> 
<DWph=2> <it= 65> <et=0.23> <Mt= 0.00> <Spt= 0.00> <nCl=  3> <al=0.15> <DB=  497.1945> <Mlp=  502.5283> <PB=1000000> 
<DWph=2> <it= 66> <et=0.24> <Mt= 0.00> <Spt= 0.00> <nCl=  0> <al=0.23> <DB=  497.1945> <Mlp=  502.4967> <PB=1000000> 
<DWph=1> <it= 67> <et=0.24> <Mt= 0.00> <Spt= 0.01> <nCl=  9> <al=0.23> <DB=  500.8295> <Mlp=  502.4967> <PB=1000000> 
<DWph=1> <it= 68> <et=0.24> <Mt= 0.00> <Spt= 0.00> <nCl=  5> <al=0.13> <DB=  500.8156> <Mlp=  502.4957> <PB=1000000> 
<DWph=1> <it= 69> <et=0.25> <Mt= 0.00> <Spt= 0.00> <nCl=  2> <al=0.22> <DB=  501.5659> <Mlp=  502.4770> <PB=1000000> 
<DWph=1> <it= 70> <et=0.25> <Mt= 0.00> <Spt= 0.01> <nCl=  3> <al=0.30> <DB=  501.9032> <Mlp=  502.4541> <PB=1000000> 
<DWph=1> <it= 71> <et=0.26> <Mt= 0.00> <Spt= 0.00> <nCl=  2> <al=0.37> <DB=  501.7958> <Mlp=  502.4541> <PB=1000000> 
<DWph=1> <it= 72> <et=0.27> <Mt= 0.00> <Spt= 0.01> <nCl=  5> <al=0.00> <DB=  502.2554> <Mlp=  502.4532> <PB=1000000> 
<DWph=1> <it= 73> <et=0.28> <Mt= 0.01> <Spt= 0.01> <nCl=  0> <al=0.00> <DB=  502.4532> <Mlp=  502.4532> <PB=1000000> 
    RCSP exact solver info for graph G_1 : TT = 0.007402, pt = 9e-06, dt = 0.006513, ct = 0.000616, ndl = 2', bdl = 50', odl = 3', odf = 25', bsi = 1', cnt = 3', bdch = 478', odch = 42', lcp = 27', #sols = 150
<DWph=0> <it= 74> <et=0.28> <Mt= 0.00> <Spt= 0.01> <nCl= 84> <al=0.23> <DB=  496.9496> <Mlp=  502.4532> <PB=1000000> 
    RCSP exact solver info for graph G_1 : TT = 0.006492, pt = 1.7e-05, dt = 0.005605, ct = 0.000613, ndl = 2', bdl = 51', odl = 3', odf = 26', bsi = 1', cnt = 3', bdch = 496', odch = 43', lcp = 28', #sols = 150
<DWph=0> <it= 75> <et=0.29> <Mt= 0.00> <Spt= 0.00> <nCl= 18> <al=0.13> <DB=  501.6538> <Mlp=  502.3544> <PB=1000000> 
    RCSP exact solver info for graph G_1 : TT = 0.006439, pt = 1.5e-05, dt = 0.005565, ct = 0.000607, ndl = 2', bdl = 51', odl = 3', odf = 25', bsi = 1', cnt = 3', bdch = 491', odch = 43', lcp = 27', #sols = 150
    RCSP exact solver info for graph G_1 : TT = 0.006427, pt = 1.6e-05, dt = 0.005545, ct = 0.000606, ndl = 2', bdl = 51', odl = 3', odf = 25', bsi = 1', cnt = 3', bdch = 491', odch = 43', lcp = 27', #sols = 150
<DWph=0> <it= 76> <et=0.31> <Mt= 0.00> <Spt= 0.02> <nCl=  9> <al=0.00> <DB=  502.3531> <Mlp=  502.3531> <PB=1000000> 
Dynamic params and stats :  aver.obdmd = 23.7174 aver.buck.num. = 26
@@ 1 0 502.353 0.0064175 0.007129 87.9034 0.31
Labels distribution in buckets (bucket size) : largest - 28, top 0.1% - 28, top 0.5% - 22, top 2% - 18, top 10% - 11, top 50% - 2
Reduced cost fixing for graph G_1... 41427 buck. arcs remain (96.5% from prev., 84.8% from max.) + 0 jump buck. arcs (0% from max.)
 TT = 0.048798, pt = 0.001996, dt = 0.022435, ct = 0.024273, ndl = 8', bdl = 198', odl = 5', odf = 65', lpcb = 29', cnt = 383', bdch = 2757', odch = 229', lcp = 105'
Labels distribution in buckets (bucket size) : largest - 29, top 0.1% - 29, top 0.5% - 25, top 2% - 18, top 10% - 12, top 50% - 2
Run forward enumeration with border = 75... not succeeded (ratio 0.975579) lpt = 0.004588, ndl = 8', dl = 0', lpcb = 0', dch = 4'
 TT = 0.007382, pt = 0.001982, dt = 0.004588, ct = 0, ndl = 8', bdl = 0', cnt = 23', bdch = 4', odch = 0', lcp = 0'
ColGenEvalAlg final dual bound: 502.353 (rounded: 503)
In total 1 RCC cut(s) are found by the connected components heuristic 
Shrinking heuristic shrunk 10 edges
In total 18 RCC cut(s) are found by the Fractional capacity min-cut heuristic 
In total 43 RCC cut(s) are found by the greedy construction heuristic 
----- Add fac. cuts : CAP(62), max.viol = 0.405432, aver.viol = 0.233636, sep/add took 0.00460919/0.045331 sec. -----
1773 columns (1773 active), 62 dyn. constrs. (62 active), 152 art. vars. (152 active)
<DWph=2> <it=  1> <et=0.43> <Mt= 0.00> <Spt= 0.00> <nCl= 11> <al=0.50> <DB=  497.5638> <Mlp=  505.6236> <PB=1000000> 
<DWph=2> <it=  2> <et=0.44> <Mt= 0.01> <Spt= 0.01> <nCl= 22> <al=0.10> <DB=  421.6275> <Mlp=  504.9890> <PB=1000000> 
<DWph=2> <it=  3> <et=0.44> <Mt= 0.00> <Spt= 0.00> <nCl=  5> <al=0.45> <DB=  503.2460> <Mlp=  504.9489> <PB=1000000> 
<DWph=2> <it=  4> <et=0.45> <Mt= 0.01> <Spt= 0.00> <nCl=  9> <al=0.00> <DB=  501.9576> <Mlp=  504.9357> <PB=1000000> 
<DWph=2> <it=  5> <et=0.46> <Mt= 0.00> <Spt= 0.01> <nCl=  2> <al=0.25> <DB=  503.0687> <Mlp=  504.8796> <PB=1000000> 
<DWph=2> <it=  6> <et=0.46> <Mt= 0.00> <Spt= 0.00> <nCl=  3> <al=0.15> <DB=  501.3866> <Mlp=  504.8614> <PB=1000000> 
<DWph=2> <it=  7> <et=0.47> <Mt= 0.00> <Spt= 0.00> <nCl=  5> <al=0.05> <DB=  504.6704> <Mlp=  504.8614> <PB=1000000> 
<DWph=2> <it=  8> <et=0.47> <Mt= 0.01> <Spt= 0.00> <nCl=  4> <al=0.00> <DB=  501.5088> <Mlp=  504.8606> <PB=1000000> 
<DWph=2> <it=  9> <et=0.48> <Mt= 0.00> <Spt= 0.01> <nCl=  2> <al=0.00> <DB=  503.6374> <Mlp=  504.8489> <PB=1000000> 
<DWph=2> <it= 10> <et=0.48> <Mt= 0.00> <Spt= 0.00> <nCl=  0> <al=0.00> <DB=  504.8489> <Mlp=  504.8489> <PB=1000000> 
<DWph=1> <it= 11> <et=0.49> <Mt= 0.00> <Spt= 0.00> <nCl=  6> <al=0.00> <DB=  503.5994> <Mlp=  504.8489> <PB=1000000> 
<DWph=1> <it= 12> <et=0.49> <Mt= 0.01> <Spt= 0.00> <nCl=  0> <al=0.00> <DB=  504.8489> <Mlp=  504.8489> <PB=1000000> 
    RCSP exact solver info for graph G_1 : TT = 0.005295, pt = 8e-06, dt = 0.004562, ct = 0.000491, ndl = 1', bdl = 41', odl = 3', odf = 25', bsi = 1', cnt = 2', bdch = 358', odch = 37', lcp = 22', #sols = 150
<DWph=0> <it= 13> <et=0.50> <Mt= 0.00> <Spt= 0.01> <nCl= 40> <al=0.00> <DB=  502.8252> <Mlp=  504.8489> <PB=1000000> 
    RCSP exact solver info for graph G_1 : TT = 0.005296, pt = 1.7e-05, dt = 0.004552, ct = 0.00049, ndl = 1', bdl = 41', odl = 3', odf = 25', bsi = 1', cnt = 2', bdch = 354', odch = 37', lcp = 22', #sols = 150
<DWph=0> <it= 14> <et=0.51> <Mt= 0.00> <Spt= 0.01> <nCl=  0> <al=0.00> <DB=  504.7940> <Mlp=  504.7940> <PB=1000000> 
Dynamic params and stats :  aver.obdmd = 23.7174 aver.buck.num. = 26
@@ 1 1 504.794 0.0050475 0.005053 84.8219 0.51
    Full reduced cost fixing is not called (gap ratio is 0.999998)
ColGenEvalAlg final dual bound: 504.794 (rounded: 505)
False gap improvement since the last cut separation : 0.0485912 (502.353)
Current active cuts : CAP(9,30.5049)
In total 2 RCC cut(s) are found by the connected components heuristic 
Shrinking heuristic shrunk 13 edges
In total 7 RCC cut(s) are found by the Fractional capacity min-cut heuristic 
In total 24 RCC cut(s) are found by the greedy construction heuristic 
In total 5 RCC cut(s) are found by the global pool greedy search heuristic 
----- Add fac. cuts : CAP(38), max.viol = 0.25526, aver.viol = 0.111046, sep/add took 0.00379547/0.035016 sec. -----
1882 columns (1882 active), 100 dyn. constrs. (57 active), 190 art. vars. (147 active)
<DWph=2> <it=  1> <et=0.56> <Mt= 0.01> <Spt= 0.00> <nCl=  7> <al=0.50> <DB=  496.2591> <Mlp=  505.7070> <PB=1000000> 
<DWph=2> <it=  2> <et=0.57> <Mt= 0.00> <Spt= 0.00> <nCl=  1> <al=0.55> <DB=  504.6275> <Mlp=  505.7070> <PB=1000000> 
<DWph=2> <it=  3> <et=0.58> <Mt= 0.00> <Spt= 0.01> <nCl= 11> <al=0.00> <DB=  503.2500> <Mlp=  505.4375> <PB=1000000> 
<DWph=2> <it=  4> <et=0.58> <Mt= 0.01> <Spt= 0.01> <nCl=  1> <al=0.00> <DB=  505.4375> <Mlp=  505.4375> <PB=1000000> 
<DWph=1> <it=  5> <et=0.59> <Mt= 0.00> <Spt= 0.00> <nCl=  3> <al=0.40> <DB=  504.8125> <Mlp=  505.4375> <PB=1000000> 
<DWph=1> <it=  6> <et=0.60> <Mt= 0.00> <Spt= 0.01> <nCl=  0> <al=0.00> <DB=  505.4375> <Mlp=  505.4375> <PB=1000000> 
    RCSP exact solver info for graph G_1 : TT = 0.00488, pt = 9e-06, dt = 0.004217, ct = 0.000426, ndl = 1', bdl = 38', odl = 3', odf = 26', bsi = 1', cnt = 2', bdch = 315', odch = 37', lcp = 20', #sols = 150
<DWph=0> <it=  7> <et=0.61> <Mt= 0.00> <Spt= 0.00> <nCl= 36> <al=0.36> <DB=  504.1875> <Mlp=  505.4375> <PB=1000000> 
    RCSP exact solver info for graph G_1 : TT = 0.004949, pt = 1.6e-05, dt = 0.004266, ct = 0.000429, ndl = 1', bdl = 38', odl = 3', odf = 26', bsi = 1', cnt = 2', bdch = 319', odch = 38', lcp = 21', #sols = 150
    RCSP exact solver info for graph G_1 : TT = 0.004899, pt = 1.6e-05, dt = 0.004231, ct = 0.000419, ndl = 1', bdl = 38', odl = 3', odf = 26', bsi = 1', cnt = 2', bdch = 316', odch = 37', lcp = 21', #sols = 150
<DWph=0> <it=  8> <et=0.62> <Mt= 0.00> <Spt= 0.02> <nCl=  4> <al=0.00> <DB=  505.4375> <Mlp=  505.4375> <PB=1000000> 
Dynamic params and stats :  aver.obdmd = 23.7174 aver.buck.num. = 26
@@ 1 2 505.437 0.00466267 0.004695 84.8219 0.62
    Full reduced cost fixing is not called (gap ratio is 0.999997)
ColGenEvalAlg final dual bound: 505.437 (rounded: 506)
False gap improvement since the last cut separation : 0.0127468 (504.794)
Cut generation tailing off counter increased to 1
Current active cuts : CAP(1+14,42.75)
Shrinking heuristic shrunk 15 edges
In total 4 RCC cut(s) are found by the Fractional capacity min-cut heuristic 
In total 4 RCC cut(s) are found by the greedy construction heuristic 
In total 1 RCC cut(s) are found by the global pool greedy search heuristic 
----- Add fac. cuts : CAP(9), max.viol = 0.2, aver.viol = 0.0805556, sep/add took 0.00296783/0.00605418 sec. -----
1945 columns (1945 active), 66 dyn. constrs. (34 active), 199 art. vars. (124 active)
<DWph=2> <it=  1> <et=0.65> <Mt= 0.01> <Spt= 0.00> <nCl= 11> <al=0.50> <DB=  499.7968> <Mlp=  505.9677> <PB=1000000> 
<DWph=2> <it=  2> <et=0.66> <Mt= 0.00> <Spt= 0.00> <nCl=  5> <al=0.55> <DB=  505.0550> <Mlp=  505.8583> <PB=1000000> 
<DWph=2> <it=  3> <et=0.67> <Mt= 0.01> <Spt= 0.01> <nCl= 12> <al=0.19> <DB=  500.1259> <Mlp=  505.8583> <PB=1000000> 
<DWph=2> <it=  4> <et=0.67> <Mt= 0.00> <Spt= 0.00> <nCl=  3> <al=0.50> <DB=  505.3410> <Mlp=  505.8583> <PB=1000000> 
<DWph=2> <it=  5> <et=0.68> <Mt= 0.00> <Spt= 0.00> <nCl=  5> <al=0.00> <DB=  505.8583> <Mlp=  505.8583> <PB=1000000> 
<DWph=1> <it=  6> <et=0.69> <Mt= 0.00> <Spt= 0.01> <nCl=  4> <al=0.45> <DB=  501.7333> <Mlp=  505.8583> <PB=1000000> 
<DWph=1> <it=  7> <et=0.70> <Mt= 0.00> <Spt= 0.01> <nCl=  9> <al=0.00> <DB=  505.8583> <Mlp=  505.8583> <PB=1000000> 
    RCSP exact solver info for graph G_1 : TT = 0.004996, pt = 9e-06, dt = 0.004318, ct = 0.000432, ndl = 1', bdl = 39', odl = 3', odf = 25', bsi = 1', cnt = 2', bdch = 327', odch = 38', lcp = 21', #sols = 150
    RCSP exact solver info for graph G_1 : TT = 0.004992, pt = 1.5e-05, dt = 0.004317, ct = 0.00043, ndl = 1', bdl = 39', odl = 3', odf = 25', bsi = 1', cnt = 2', bdch = 327', odch = 38', lcp = 21', #sols = 150
<DWph=0> <it=  8> <et=0.71> <Mt= 0.00> <Spt= 0.01> <nCl= 20> <al=0.00> <DB=  505.8583> <Mlp=  505.8583> <PB=1000000> 
Dynamic params and stats :  aver.obdmd = 23.7174 aver.buck.num. = 26
@@ 1 3 505.858 0.0047485 0.00475 84.8219 0.71
    Full reduced cost fixing is not called (gap ratio is 0.999996)
ColGenEvalAlg final dual bound: 505.858 (rounded: 506)
False gap improvement since the last cut separation : 0.00832612 (505.437)
Cut generation tailing off counter increased to 2
Current active cuts : CAP(1+15,55.8875)
In total 2 RCC cut(s) are found by the connected components heuristic 
Shrinking heuristic shrunk 12 edges
In total 1 RCC cut(s) are found by the Fractional capacity min-cut heuristic 
In total 3 RCC cut(s) are found by the greedy construction heuristic 
In total 7 RCC cut(s) are found by the global pool greedy search heuristic 
----- Add fac. cuts : CAP(13), max.viol = 0.05, aver.viol = 0.05, sep/add took 0.00383796/0.0109278 sec. -----
2014 columns (2014 active), 47 dyn. constrs. (40 active), 212 art. vars. (130 active)
<DWph=2> <it=  1> <et=0.75> <Mt= 0.01> <Spt= 0.00> <nCl=  0> <al=0.00> <DB=  505.9444> <Mlp=  505.9444> <PB=1000000> 
<DWph=1> <it=  2> <et=0.75> <Mt= 0.00> <Spt= 0.01> <nCl=  0> <al=0.00> <DB=  505.9444> <Mlp=  505.9444> <PB=1000000> 
    RCSP exact solver info for graph G_1 : TT = 0.004806, pt = 8e-06, dt = 0.00412, ct = 0.000412, ndl = 1', bdl = 36', odl = 3', odf = 25', bsi = 1', cnt = 2', bdch = 297', odch = 36', lcp = 19', #sols = 150
    RCSP exact solver info for graph G_1 : TT = 0.00478, pt = 1.7e-05, dt = 0.004113, ct = 0.000404, ndl = 1', bdl = 36', odl = 3', odf = 25', bsi = 1', cnt = 2', bdch = 297', odch = 36', lcp = 19', #sols = 150
<DWph=0> <it=  3> <et=0.77> <Mt= 0.00> <Spt= 0.01> <nCl= 10> <al=0.00> <DB=  505.9444> <Mlp=  505.9444> <PB=1000000> 
Dynamic params and stats :  aver.obdmd = 23.7174 aver.buck.num. = 26
@@ 1 4 505.944 0.0045245 0.004532 84.8219 0.77
    Full reduced cost fixing is not called (gap ratio is 0.999996)
ColGenEvalAlg final dual bound: 505.944 (rounded: 506)
False gap improvement since the last cut separation : 0.00170228 (505.858)
----- Cut separators priority level decreased to 1-----
Current active cuts : CAP(1+17,55.8333)
Shrinking heuristic shrunk 17 edges
2 Rank-1 1-rows pack. cuts added ,  max viol. = 0.333333, aver. viol. = 0.194444
150 Rank-1 3-rows pack. cuts added ,  max viol. = 0.388889, aver. viol. = 0.234074
----- Add fac. cuts : R1C(152), max.viol = 0.388889, aver.viol = 0.234284, sep/add took 0.00308761/0.0615571 sec. -----
2024 columns (2024 active), 192 dyn. constrs. (181 active), 364 art. vars. (271 active)
<DWph=2> <it=  1> <et=0.86> <Mt= 0.02> <Spt= 0.01> <nCl= 23> <al=0.50> <DB=  494.3442> <Mlp=  512.4663> <PB=1000000> 
<DWph=2> <it=  2> <et=0.89> <Mt= 0.02> <Spt= 0.01> <nCl= 11> <al=0.55> <DB=  502.4760> <Mlp=  511.2500> <PB=1000000> 
<DWph=2> <it=  3> <et=0.91> <Mt= 0.02> <Spt= 0.00> <nCl= 22> <al=0.45> <DB=  482.8406> <Mlp=  510.2517> <PB=1000000> 
<DWph=2> <it=  4> <et=0.93> <Mt= 0.01> <Spt= 0.01> <nCl= 11> <al=0.51> <DB=  505.4474> <Mlp=  510.1341> <PB=1000000> 
<DWph=2> <it=  5> <et=0.95> <Mt= 0.01> <Spt= 0.00> <nCl= 34> <al=0.11> <DB=  484.1674> <Mlp=  509.9926> <PB=1000000> 
<DWph=2> <it=  6> <et=0.96> <Mt= 0.00> <Spt= 0.01> <nCl= 11> <al=0.45> <DB=  499.7708> <Mlp=  509.9229> <PB=1000000> 
<DWph=2> <it=  7> <et=0.97> <Mt= 0.01> <Spt= 0.00> <nCl=  3> <al=0.51> <DB=  508.0821> <Mlp=  509.9025> <PB=1000000> 
<DWph=2> <it=  8> <et=0.98> <Mt= 0.00> <Spt= 0.01> <nCl= 14> <al=0.56> <DB=  504.1755> <Mlp=  509.9025> <PB=1000000> 
<DWph=2> <it=  9> <et=0.98> <Mt= 0.01> <Spt= 0.00> <nCl=  6> <al=0.60> <DB=  507.5748> <Mlp=  509.8741> <PB=1000000> 
<DWph=2> <it= 10> <et=0.99> <Mt= 0.00> <Spt= 0.01> <nCl=  4> <al=0.64> <DB=  508.7198> <Mlp=  509.8638> <PB=1000000> 
<DWph=2> <it= 11> <et=1.00> <Mt= 0.01> <Spt= 0.00> <nCl=  4> <al=0.54> <DB=  507.1145> <Mlp=  509.8628> <PB=1000000> 
<DWph=2> <it= 12> <et=1.01> <Mt= 0.00> <Spt= 0.01> <nCl=  9> <al=0.18> <DB=  500.1965> <Mlp=  509.8228> <PB=1000000> 
<DWph=2> <it= 13> <et=1.03> <Mt= 0.01> <Spt= 0.00> <nCl=  8> <al=0.49> <DB=  507.0578> <Mlp=  509.4857> <PB=1000000> 
<DWph=2> <it= 14> <et=1.04> <Mt= 0.00> <Spt= 0.01> <nCl=  5> <al=0.54> <DB=  508.8909> <Mlp=  509.4745> <PB=1000000> 
<DWph=2> <it= 15> <et=1.05> <Mt= 0.01> <Spt= 0.01> <nCl= 11> <al=0.00> <DB=  507.3459> <Mlp=  509.4715> <PB=1000000> 
<DWph=2> <it= 16> <et=1.06> <Mt= 0.00> <Spt= 0.01> <nCl=  5> <al=0.00> <DB=  509.4711> <Mlp=  509.4711> <PB=1000000> 
<DWph=1> <it= 17> <et=1.07> <Mt= 0.00> <Spt= 0.00> <nCl= 11> <al=0.24> <DB=  501.2567> <Mlp=  509.4711> <PB=1000000> 
<DWph=1> <it= 18> <et=1.09> <Mt= 0.01> <Spt= 0.01> <nCl= 12> <al=0.14> <DB=  499.0090> <Mlp=  509.4393> <PB=1000000> 
<DWph=1> <it= 19> <et=1.11> <Mt= 0.01> <Spt= 0.01> <nCl= 12> <al=0.23> <DB=  505.5649> <Mlp=  509.0239> <PB=1000000> 
<DWph=1> <it= 20> <et=1.12> <Mt= 0.01> <Spt= 0.01> <nCl=  7> <al=0.30> <DB=  506.5427> <Mlp=  509.0199> <PB=1000000> 
<DWph=1> <it= 21> <et=1.13> <Mt= 0.00> <Spt= 0.01> <nCl=  4> <al=0.37> <DB=  507.3141> <Mlp=  509.0199> <PB=1000000> 
<DWph=1> <it= 22> <et=1.15> <Mt= 0.00> <Spt= 0.01> <nCl=  3> <al=0.44> <DB=  503.8403> <Mlp=  509.0199> <PB=1000000> 
<DWph=1> <it= 23> <et=1.16> <Mt= 0.01> <Spt= 0.00> <nCl=  4> <al=0.49> <DB=  507.5581> <Mlp=  509.0000> <PB=1000000> 
<DWph=1> <it= 24> <et=1.17> <Mt= 0.01> <Spt= 0.01> <nCl=  3> <al=0.54> <DB=  505.6220> <Mlp=  508.9926> <PB=1000000> 
<DWph=1> <it= 25> <et=1.19> <Mt= 0.00> <Spt= 0.01> <nCl=  1> <al=0.59> <DB=  507.3521> <Mlp=  508.9926> <PB=1000000> 
<DWph=1> <it= 26> <et=1.21> <Mt= 0.01> <Spt= 0.02> <nCl=  6> <al=0.26> <DB=  508.2238> <Mlp=  508.9773> <PB=1000000> 
<DWph=1> <it= 27> <et=1.24> <Mt= 0.00> <Spt= 0.02> <nCl=  4> <al=0.00> <DB=  508.9773> <Mlp=  508.9773> <PB=1000000> 
    RCSP exact solver info for graph G_1 : TT = 0.015243, pt = 0.00026, dt = 0.01337, ct = 0.001317, ndl = 2', bdl = 57', odl = 4', odf = 31', bsi = 1', cnt = 7', bdch = 591', odch = 65', lcp = 36', #sols = 150
<DWph=0> <it= 28> <et=1.26> <Mt= 0.00> <Spt= 0.02> <nCl= 78> <al=0.43> <DB=  504.0341> <Mlp=  508.9773> <PB=1000000> 
    RCSP exact solver info for graph G_1 : TT = 0.014981, pt = 0.00034, dt = 0.012919, ct = 0.001419, ndl = 2', bdl = 59', odl = 4', odf = 31', bsi = 1', cnt = 8', bdch = 630', odch = 69', lcp = 37', #sols = 150
<DWph=0> <it= 29> <et=1.29> <Mt= 0.01> <Spt= 0.02> <nCl= 35> <al=0.49> <DB=  506.5622> <Mlp=  508.9571> <PB=1000000> 
    RCSP exact solver info for graph G_1 : TT = 0.014483, pt = 0.000339, dt = 0.012472, ct = 0.001372, ndl = 2', bdl = 57', odl = 4', odf = 31', bsi = 1', cnt = 7', bdch = 599', odch = 67', lcp = 35', #sols = 150
<DWph=0> <it= 30> <et=1.31> <Mt= 0.01> <Spt= 0.02> <nCl= 10> <al=0.39> <DB=  508.0316> <Mlp=  508.9571> <PB=1000000> 
    RCSP exact solver info for graph G_1 : TT = 0.014453, pt = 0.000344, dt = 0.012477, ct = 0.001344, ndl = 2', bdl = 57', odl = 4', odf = 31', bsi = 1', cnt = 7', bdch = 604', odch = 66', lcp = 36', #sols = 150
    RCSP exact solver info for graph G_1 : TT = 0.013814, pt = 0.000281, dt = 0.01192, ct = 0.001318, ndl = 2', bdl = 57', odl = 4', odf = 31', bsi = 1', cnt = 7', bdch = 599', odch = 66', lcp = 36', #sols = 150
<DWph=0> <it= 31> <et=1.35> <Mt= 0.00> <Spt= 0.03> <nCl= 13> <al=0.00> <DB=  508.9571> <Mlp=  508.9571> <PB=1000000> 
Dynamic params and stats :  aver.obdmd = 23.7174 aver.buck.num. = 26 nbR1C = 52 with avMem = 6.96154
@@ 1 5 508.957 0.0139856 0.014687 84.8219 1.35
    Full reduced cost fixing is not called (gap ratio is 0.999993)
ColGenEvalAlg final dual bound: 508.957 (rounded: 509)
False gap improvement since the last cut separation : 0.059546 (505.944)
Current active cuts : CAP(9,16.4128) R1C(52,45.1032) 3rowPackR1C(52)
Shrinking heuristic shrunk 12 edges
In total 6 RCC cut(s) are found by the Fractional capacity min-cut heuristic 
In total 27 RCC cut(s) are found by the greedy construction heuristic 
In total 7 RCC cut(s) are found by the global pool greedy search heuristic 
7 Rank-1 1-rows pack. cuts added ,  max viol. = 0.2, aver. viol. = 0.110204
150 Rank-1 3-rows pack. cuts added ,  max viol. = 0.4, aver. viol. = 0.178952
----- Add fac. cuts : CAP(40) R1C(157), max.viol = 0.4, aver.viol = 0.173749, sep/add took 0.00576623/0.134988 sec. -----
2408 columns (2408 active), 378 dyn. constrs. (276 active), 561 art. vars. (366 active)
<DWph=2> <it=  1> <et=1.53> <Mt= 0.02> <Spt= 0.01> <nCl=  7> <al=0.00> <DB=  507.2066> <Mlp=  510.0000> <PB=510> 
<DWph=2> <it=  2> <et=1.55> <Mt= 0.01> <Spt= 0.01> <nCl=  0> <al=0.00> <DB=  510.0000> <Mlp=  510.0000> <PB=510> 
<DWph=1> <it=  3> <et=1.56> <Mt= 0.01> <Spt= 0.01> <nCl=  8> <al=0.30> <DB=  506.8057> <Mlp=  510.0000> <PB=510> 
<DWph=1> <it=  4> <et=1.59> <Mt= 0.01> <Spt= 0.01> <nCl=  3> <al=0.20> <DB=  506.2054> <Mlp=  510.0000> <PB=510> 
<DWph=1> <it=  5> <et=1.62> <Mt= 0.03> <Spt= 0.01> <nCl=  3> <al=0.28> <DB=  509.1056> <Mlp=  510.0000> <PB=510> 
<DWph=1> <it=  6> <et=1.65> <Mt= 0.01> <Spt= 0.02> <nCl=  2> <al=0.00> <DB=  510.0000> <Mlp=  510.0000> <PB=510> 
    RCSP exact solver info for graph G_1 : TT = 0.016976, pt = 0.000403, dt = 0.014626, ct = 0.001659, ndl = 2', bdl = 61', odl = 4', odf = 32', bsi = 1', cnt = 10', bdch = 669', odch = 69', lcp = 41', #sols = 150
<DWph=0> <it=  7> <et=1.68> <Mt= 0.00> <Spt= 0.02> <nCl= 41> <al=0.08> <DB=  507.2774> <Mlp=  510.0000> <PB=510> 
    RCSP exact solver info for graph G_1 : TT = 0.01627, pt = 0.000405, dt = 0.013938, ct = 0.001609, ndl = 2', bdl = 58', odl = 4', odf = 32', bsi = 1', cnt = 9', bdch = 641', odch = 68', lcp = 40', #sols = 150
<DWph=0> <it=  8> <et=1.72> <Mt= 0.02> <Spt= 0.02> <nCl= 15> <al=0.00> <DB=  509.5025> <Mlp=  510.0000> <PB=510> 
Dynamic params and stats :  aver.obdmd = 23.7174 aver.buck.num. = 26 nbR1C = 66 with avMem = 7.87879
@@ 1 6 509.503 0.015916 0.016285 84.8219 1.72
ColGenEvalAlg final dual bound: 509.503 (rounded: 510)
Gap improvement since the last cut separation : 1 (508.957)
Current active cuts : CAP(9,17.0867) R1C(2+64,46.254) 1rowPackR1C(2) 3rowPackR1C(64)
New model incumbent solution 510, TIME = 0h0m1s73t = 173
************************************************************************************************
Search is finished, global bounds : [ 510 , 510 ], TIME = 0h0m1s73t = 173
************************************************************************************************
Built-in heuristic is enabled
instance_name solver_name ext_heuristic solution_value solution_time best_lb root_lb root_time nb_branch_and_bound_nodes status
/home/logis/Downloads/VRPSolverEasy/VRPSolverEasy/demos/data/CVRP/P-n45-k5 CLP False 509.99999999999966 1.735837683 510.0 510.0 1.7353508110000002 1 0

