Node memory for rank-1 cuts will be used (6.65236)
~~~~~~~~~~~~~~~~~~~~~~~~~~~~~~~~~~~~~~~~~~~~~~~~~~~~~~~~~~~~~~~~~~~~~~~~~~~~~~~~~~~~~
VRPSolver v0.5.27, 24/02/2023, © Inria Bordeaux, France, vrpsolver.math.u-bordeaux.fr
      Corresponds to the solver by Pessoa, Sadykov, Uchoa and Vanderbeck (2020)
                 Paper: dx.doi.org/10.1007/s10107-020-01523-z
~~~~~~~~~~~~~~~~~~~~~~~~~~~~~~~~~~~~~~~~~~~~~~~~~~~~~~~~~~~~~~~~~~~~~~~~~~~~~~~~~~~~~
   BaPCod v0.77, 15/03/2023, © Inria Bordeaux, France, bapcod.math.u-bordeaux.fr 
           THIS CODE IS PROVIDED AS IS, USE IT AT YOUR OWN RISK
~~~~~~~~~~~~~~~~~~~~~~~~~~~~~~~~~~~~~~~~~~~~~~~~~~~~~~~~~~~~~~~~~~~~~~~~~~~~~~~~~~~~~
Bucket steps were recalculated for graph G_1 : [4]
RCSP solver info : symmetric case is detected for graph G_1! 
Bidirectional border value is initialised to 50
RCSP solver info : number of forw. reachable buckets / buck. strongly connected components is 1548( 93.0288% ) / 1198( 77.3902% )
Generating neighbourhoods for rank-1 cuts separation
Building structures for 4- and 5-row rank-1 packing cut separation...done!
Model is built TIME = 0h0m0s4t = 4
************************************************************************************************
**** BaB tree root node
**** Local DB = -1e+12, global bounds : [ -1e+12 , 1339.1 ], TIME = 0h0m0s4t = 4
**** 1 open nodes, 0 columns (0 active), 0 dyn. constrs. (0 active), 126 art. vars. (126 active)
************************************************************************************************
#<DWph=2> <it=  1> <et=0.05> <Mt= 0.00> <Spt= 0.00> <nCl= 30> <al=0.00> <DB=-19672957.9200> <Mlp=215327.2800> <PB=1339.1> 
#<DWph=2> <it=  2> <et=0.06> <Mt= 0.00> <Spt= 0.01> <nCl= 32> <al=0.10> <DB=-14466929.6182> <Mlp=208615.9891> <PB=1339.1> 
#<DWph=2> <it=  3> <et=0.06> <Mt= 0.00> <Spt= 0.00> <nCl= 30> <al=0.45> <DB=-8544749.7924> <Mlp=204019.4265> <PB=1339.1> 
#<DWph=2> <it=  4> <et=0.07> <Mt= 0.00> <Spt= 0.01> <nCl= 30> <al=0.35> <DB=-7487043.0359> <Mlp=202203.1810> <PB=1339.1> 
#<DWph=2> <it=  5> <et=0.07> <Mt= 0.00> <Spt= 0.00> <nCl= 30> <al=0.25> <DB=-11009664.2736> <Mlp=200022.9250> <PB=1339.1> 
#<DWph=2> <it=  6> <et=0.08> <Mt= 0.00> <Spt= 0.01> <nCl= 30> <al=0.33> <DB=-9644185.7130> <Mlp=196021.1577> <PB=1339.1> 
#<DWph=2> <it=  7> <et=0.08> <Mt= 0.00> <Spt= 0.00> <nCl= 30> <al=0.39> <DB=-6567153.1381> <Mlp=194166.7726> <PB=1339.1> 
#<DWph=2> <it=  8> <et=0.09> <Mt= 0.00> <Spt= 0.01> <nCl= 30> <al=0.29> <DB=-8492616.0257> <Mlp=194113.9684> <PB=1339.1> 
#<DWph=2> <it=  9> <et=0.09> <Mt= 0.00> <Spt= 0.00> <nCl= 30> <al=0.36> <DB=-3280074.0970> <Mlp=192543.5304> <PB=1339.1> 
#<DWph=2> <it= 10> <et=0.10> <Mt= 0.00> <Spt= 0.01> <nCl= 30> <al=0.26> <DB=-4086718.0995> <Mlp=189727.4706> <PB=1339.1> 
#<DWph=2> <it= 11> <et=0.10> <Mt= 0.00> <Spt= 0.00> <nCl= 30> <al=0.34> <DB=-7781957.8302> <Mlp=184833.8987> <PB=1339.1> 
#<DWph=2> <it= 12> <et=0.11> <Mt= 0.00> <Spt= 0.00> <nCl= 30> <al=0.40> <DB=-3771232.6503> <Mlp=182082.1174> <PB=1339.1> 
#<DWph=2> <it= 13> <et=0.11> <Mt= 0.00> <Spt= 0.01> <nCl= 30> <al=0.46> <DB=-3600271.9477> <Mlp=180080.0221> <PB=1339.1> 
#<DWph=2> <it= 14> <et=0.12> <Mt= 0.00> <Spt= 0.00> <nCl= 30> <al=0.52> <DB=-3513561.0977> <Mlp=177881.4492> <PB=1339.1> 
#<DWph=2> <it= 15> <et=0.12> <Mt= 0.00> <Spt= 0.01> <nCl= 30> <al=0.56> <DB=-3820557.7961> <Mlp=176001.4470> <PB=1339.1> 
#<DWph=2> <it= 16> <et=0.12> <Mt= 0.00> <Spt= 0.00> <nCl= 30> <al=0.61> <DB=-3208423.7100> <Mlp=174330.5814> <PB=1339.1> 
#<DWph=2> <it= 17> <et=0.13> <Mt= 0.00> <Spt= 0.01> <nCl= 30> <al=0.51> <DB=-3329550.6146> <Mlp=170907.9430> <PB=1339.1> 
#<DWph=2> <it= 18> <et=0.13> <Mt= 0.00> <Spt= 0.00> <nCl= 30> <al=0.56> <DB=-3074081.7057> <Mlp=170191.6492> <PB=1339.1> 
#<DWph=2> <it= 19> <et=0.14> <Mt= 0.00> <Spt= 0.00> <nCl= 30> <al=0.60> <DB=-3005521.9873> <Mlp=167621.3070> <PB=1339.1> 
#<DWph=2> <it= 20> <et=0.14> <Mt= 0.00> <Spt= 0.01> <nCl= 30> <al=0.64> <DB=-2691978.8413> <Mlp=166831.0218> <PB=1339.1> 
#<DWph=2> <it= 21> <et=0.15> <Mt= 0.00> <Spt= 0.00> <nCl= 30> <al=0.54> <DB=-1871127.8870> <Mlp=162226.2137> <PB=1339.1> 
#<DWph=2> <it= 22> <et=0.15> <Mt= 0.00> <Spt= 0.01> <nCl= 30> <al=0.44> <DB=-1916791.5491> <Mlp=155673.7955> <PB=1339.1> 
#<DWph=2> <it= 23> <et=0.16> <Mt= 0.00> <Spt= 0.00> <nCl= 30> <al=0.50> <DB=-1709017.2494> <Mlp=153982.7481> <PB=1339.1> 
#<DWph=2> <it= 24> <et=0.16> <Mt= 0.00> <Spt= 0.00> <nCl= 30> <al=0.40> <DB=-1661819.4404> <Mlp=138412.3045> <PB=1339.1> 
#<DWph=2> <it= 25> <et=0.16> <Mt= 0.00> <Spt= 0.01> <nCl= 30> <al=0.46> <DB=-1481934.8755> <Mlp=126541.0002> <PB=1339.1> 
#<DWph=2> <it= 26> <et=0.17> <Mt= 0.00> <Spt= 0.00> <nCl= 30> <al=0.51> <DB=-1135228.6166> <Mlp=117850.0941> <PB=1339.1> 
#<DWph=2> <it= 27> <et=0.17> <Mt= 0.00> <Spt= 0.00> <nCl= 30> <al=0.41> <DB=-1081141.7696> <Mlp=89434.8198> <PB=1339.1> 
#<DWph=2> <it= 28> <et=0.18> <Mt= 0.01> <Spt= 0.01> <nCl= 30> <al=0.31> <DB=-933503.3830> <Mlp=72498.4698> <PB=1339.1> 
#<DWph=2> <it= 29> <et=0.18> <Mt= 0.00> <Spt= 0.00> <nCl= 30> <al=0.38> <DB=-787936.2668> <Mlp=55437.7543> <PB=1339.1> 
#<DWph=2> <it= 30> <et=0.19> <Mt= 0.00> <Spt= 0.01> <nCl= 30> <al=0.44> <DB=-840502.7748> <Mlp=41976.3259> <PB=1339.1> 
#<DWph=2> <it= 31> <et=0.20> <Mt= 0.00> <Spt= 0.00> <nCl= 30> <al=0.50> <DB=-855390.1507> <Mlp=35984.3584> <PB=1339.1> 
#<DWph=2> <it= 32> <et=0.20> <Mt= 0.00> <Spt= 0.00> <nCl= 30> <al=0.55> <DB=-772561.7213> <Mlp=32410.3812> <PB=1339.1> 
#<DWph=2> <it= 33> <et=0.21> <Mt= 0.00> <Spt= 0.01> <nCl= 30> <al=0.59> <DB=-926565.0888> <Mlp=20962.2812> <PB=1339.1> 
#<DWph=2> <it= 34> <et=0.21> <Mt= 0.00> <Spt= 0.00> <nCl= 30> <al=0.63> <DB=-738767.4838> <Mlp=19424.8929> <PB=1339.1> 
#<DWph=2> <it= 35> <et=0.22> <Mt= 0.01> <Spt= 0.01> <nCl= 30> <al=0.67> <DB=-688199.8523> <Mlp=13473.7391> <PB=1339.1> 
#<DWph=2> <it= 36> <et=0.22> <Mt= 0.00> <Spt= 0.00> <nCl= 30> <al=0.57> <DB=-354296.8846> <Mlp= 7621.8449> <PB=1339.1> 
#<DWph=2> <it= 37> <et=0.23> <Mt= 0.00> <Spt= 0.00> <nCl= 30> <al=0.47> <DB=-240920.2627> <Mlp= 7507.6757> <PB=1339.1> 
#<DWph=2> <it= 38> <et=0.23> <Mt= 0.00> <Spt= 0.01> <nCl= 30> <al=0.37> <DB=-36584.5587> <Mlp= 3226.7675> <PB=1339.1> 
#<DWph=2> <it= 39> <et=0.24> <Mt= 0.00> <Spt= 0.00> <nCl= 30> <al=0.27> <DB=-11315.2434> <Mlp= 3021.5490> <PB=1339.1> 
<DWph=2> <it= 40> <et=0.24> <Mt= 0.01> <Spt= 0.00> <nCl= 30> <al=0.34> <DB=-14031.4909> <Mlp= 2306.7497> <PB=1339.1> 
<DWph=2> <it= 41> <et=0.25> <Mt= 0.00> <Spt= 0.00> <nCl= 22> <al=0.41> <DB=-3307.7119> <Mlp= 2244.0977> <PB=1339.1> 
<DWph=2> <it= 42> <et=0.25> <Mt= 0.00> <Spt= 0.01> <nCl= 30> <al=0.31> <DB=-16764.6221> <Mlp= 2192.2223> <PB=1339.1> 
<DWph=2> <it= 43> <et=0.26> <Mt= 0.00> <Spt= 0.00> <nCl= 30> <al=0.38> <DB=-1730.7849> <Mlp= 2145.2921> <PB=1339.1> 
<DWph=2> <it= 44> <et=0.26> <Mt= 0.00> <Spt= 0.00> <nCl= 30> <al=0.44> <DB=-10548.0603> <Mlp= 2036.6792> <PB=1339.1> 
<DWph=2> <it= 45> <et=0.27> <Mt= 0.00> <Spt= 0.01> <nCl= 30> <al=0.50> <DB=-5870.6356> <Mlp= 1965.2135> <PB=1339.1> 
<DWph=2> <it= 46> <et=0.27> <Mt= 0.01> <Spt= 0.00> <nCl= 30> <al=0.55> <DB=-3992.2551> <Mlp= 1880.8002> <PB=1339.1> 
<DWph=2> <it= 47> <et=0.28> <Mt= 0.00> <Spt= 0.01> <nCl= 30> <al=0.59> <DB=-3920.8953> <Mlp= 1798.5392> <PB=1339.1> 
<DWph=2> <it= 48> <et=0.28> <Mt= 0.00> <Spt= 0.00> <nCl= 29> <al=0.63> <DB= -654.8078> <Mlp= 1762.8891> <PB=1339.1> 
<DWph=2> <it= 49> <et=0.29> <Mt= 0.00> <Spt= 0.00> <nCl= 30> <al=0.67> <DB=-1006.3336> <Mlp= 1714.7263> <PB=1339.1> 
<DWph=2> <it= 50> <et=0.29> <Mt= 0.00> <Spt= 0.01> <nCl= 30> <al=0.70> <DB=-1038.4430> <Mlp= 1657.4865> <PB=1339.1> 
<DWph=2> <it= 51> <et=0.30> <Mt= 0.00> <Spt= 0.00> <nCl= 28> <al=0.73> <DB=  335.3314> <Mlp= 1629.9565> <PB=1339.1> 
<DWph=2> <it= 52> <et=0.31> <Mt= 0.00> <Spt= 0.01> <nCl= 30> <al=0.76> <DB=  227.2747> <Mlp= 1613.2961> <PB=1339.1> 
<DWph=2> <it= 53> <et=0.31> <Mt= 0.01> <Spt= 0.00> <nCl= 27> <al=0.78> <DB=  652.2717> <Mlp= 1571.7605> <PB=1339.1> 
<DWph=2> <it= 54> <et=0.32> <Mt= 0.00> <Spt= 0.00> <nCl= 22> <al=0.80> <DB=  894.8964> <Mlp= 1546.2250> <PB=1339.1> 
<DWph=2> <it= 55> <et=0.32> <Mt= 0.00> <Spt= 0.01> <nCl= 24> <al=0.82> <DB=  818.9925> <Mlp= 1520.1387> <PB=1339.1> 
<DWph=2> <it= 56> <et=0.33> <Mt= 0.00> <Spt= 0.00> <nCl= 23> <al=0.84> <DB=  923.6806> <Mlp= 1477.2007> <PB=1339.1> 
<DWph=2> <it= 57> <et=0.33> <Mt= 0.00> <Spt= 0.01> <nCl= 24> <al=0.86> <DB=  429.3301> <Mlp= 1429.8566> <PB=1339.1> 
<DWph=2> <it= 58> <et=0.34> <Mt= 0.00> <Spt= 0.00> <nCl= 10> <al=0.87> <DB= 1020.8030> <Mlp= 1374.5738> <PB=1339.1> 
<DWph=2> <it= 59> <et=0.34> <Mt= 0.00> <Spt= 0.00> <nCl= 23> <al=0.77> <DB= 1021.7038> <Mlp= 1367.3612> <PB=1339.1> 
<DWph=2> <it= 60> <et=0.35> <Mt= 0.01> <Spt= 0.01> <nCl= 22> <al=0.79> <DB=  768.2532> <Mlp= 1359.2917> <PB=1339.1> 
<DWph=2> <it= 61> <et=0.35> <Mt= 0.00> <Spt= 0.00> <nCl= 20> <al=0.82> <DB= 1057.6761> <Mlp= 1344.0277> <PB=1339.1> 
<DWph=2> <it= 62> <et=0.36> <Mt= 0.00> <Spt= 0.00> <nCl= 24> <al=0.72> <DB=  977.3930> <Mlp= 1322.8039> <PB=1339.1> 
<DWph=2> <it= 63> <et=0.37> <Mt= 0.01> <Spt= 0.01> <nCl= 23> <al=0.74> <DB=  566.3152> <Mlp= 1300.5316> <PB=1339.1> 
<DWph=2> <it= 64> <et=0.37> <Mt= 0.00> <Spt= 0.00> <nCl= 15> <al=0.77> <DB=  890.0985> <Mlp= 1300.0978> <PB=1339.1> 
<DWph=2> <it= 65> <et=0.38> <Mt= 0.00> <Spt= 0.01> <nCl=  8> <al=0.79> <DB= 1153.4010> <Mlp= 1298.2881> <PB=1339.1> 
<DWph=2> <it= 66> <et=0.38> <Mt= 0.00> <Spt= 0.00> <nCl= 19> <al=0.69> <DB= 1157.4607> <Mlp= 1298.2881> <PB=1339.1> 
<DWph=2> <it= 67> <et=0.39> <Mt= 0.00> <Spt= 0.00> <nCl= 24> <al=0.72> <DB=  902.6244> <Mlp= 1294.2942> <PB=1339.1> 
<DWph=2> <it= 68> <et=0.39> <Mt= 0.00> <Spt= 0.01> <nCl= 16> <al=0.62> <DB= 1245.4362> <Mlp= 1290.6918> <PB=1339.1> 
<DWph=2> <it= 69> <et=0.40> <Mt= 0.00> <Spt= 0.00> <nCl= 13> <al=0.66> <DB= 1248.9556> <Mlp= 1290.0233> <PB=1339.1> 
<DWph=2> <it= 70> <et=0.40> <Mt= 0.00> <Spt= 0.01> <nCl=  8> <al=0.56> <DB= 1245.6271> <Mlp= 1289.9624> <PB=1339.1> 
<DWph=2> <it= 71> <et=0.41> <Mt= 0.00> <Spt= 0.00> <nCl=  6> <al=0.46> <DB= 1272.9287> <Mlp= 1289.5460> <PB=1339.1> 
<DWph=2> <it= 72> <et=0.41> <Mt= 0.00> <Spt= 0.00> <nCl= 10> <al=0.36> <DB= 1256.6215> <Mlp= 1289.4171> <PB=1339.1> 
<DWph=2> <it= 73> <et=0.42> <Mt= 0.00> <Spt= 0.01> <nCl=  8> <al=0.42> <DB= 1267.2156> <Mlp= 1289.1494> <PB=1339.1> 
<DWph=2> <it= 74> <et=0.42> <Mt= 0.01> <Spt= 0.00> <nCl=  4> <al=0.48> <DB= 1274.5882> <Mlp= 1289.1494> <PB=1339.1> 
<DWph=2> <it= 75> <et=0.43> <Mt= 0.00> <Spt= 0.01> <nCl=  4> <al=0.07> <DB= 1286.4260> <Mlp= 1289.1494> <PB=1339.1> 
<DWph=2> <it= 76> <et=0.43> <Mt= 0.00> <Spt= 0.00> <nCl=  4> <al=0.43> <DB= 1287.5623> <Mlp= 1289.1494> <PB=1339.1> 
<DWph=2> <it= 77> <et=0.44> <Mt= 0.00> <Spt= 0.01> <nCl=  3> <al=0.33> <DB= 1288.5767> <Mlp= 1289.1494> <PB=1339.1> 
<DWph=2> <it= 78> <et=0.45> <Mt= 0.00> <Spt= 0.00> <nCl=  5> <al=0.00> <DB= 1289.1494> <Mlp= 1289.1494> <PB=1339.1> 
<DWph=1> <it= 79> <et=0.45> <Mt= 0.00> <Spt= 0.01> <nCl= 21> <al=0.30> <DB= 1239.1494> <Mlp= 1289.1494> <PB=1339.1> 
<DWph=1> <it= 80> <et=0.46> <Mt= 0.00> <Spt= 0.01> <nCl= 15> <al=0.37> <DB= 1252.5955> <Mlp= 1288.0779> <PB=1339.1> 
<DWph=1> <it= 81> <et=0.47> <Mt= 0.00> <Spt= 0.00> <nCl= 12> <al=0.27> <DB= 1261.2143> <Mlp= 1287.5378> <PB=1339.1> 
<DWph=1> <it= 82> <et=0.48> <Mt= 0.00> <Spt= 0.01> <nCl=  7> <al=0.34> <DB= 1263.3148> <Mlp= 1287.3873> <PB=1339.1> 
<DWph=1> <it= 83> <et=0.49> <Mt= 0.00> <Spt= 0.01> <nCl=  5> <al=0.41> <DB= 1277.3500> <Mlp= 1287.0714> <PB=1339.1> 
<DWph=1> <it= 84> <et=0.50> <Mt= 0.00> <Spt= 0.01> <nCl= 10> <al=0.00> <DB= 1273.7544> <Mlp= 1286.9897> <PB=1339.1> 
<DWph=1> <it= 85> <et=0.51> <Mt= 0.00> <Spt= 0.01> <nCl=  6> <al=0.21> <DB= 1276.1223> <Mlp= 1286.8271> <PB=1339.1> 
<DWph=1> <it= 86> <et=0.52> <Mt= 0.00> <Spt= 0.01> <nCl=  3> <al=0.00> <DB= 1286.7288> <Mlp= 1286.7288> <PB=1339.1> 
    RCSP exact solver info for graph G_1 : TT = 0.012527, pt = 1.2e-05, dt = 0.010707, ct = 0.001512, ndl = 3', bdl = 83', odl = 2', odf = 17', bsi = 1', cnt = 5', bdch = 573', odch = 26', lcp = 22', #sols = 150
<DWph=0> <it= 87> <et=0.54> <Mt= 0.00> <Spt= 0.02> <nCl= 88> <al=0.19> <DB= 1266.7288> <Mlp= 1286.7288> <PB=1339.1> 
    RCSP exact solver info for graph G_1 : TT = 0.010146, pt = 2.9e-05, dt = 0.008264, ct = 0.001541, ndl = 3', bdl = 83', odl = 2', odf = 17', bsi = 1', cnt = 6', bdch = 582', odch = 26', lcp = 22', #sols = 150
<DWph=0> <it= 88> <et=0.55> <Mt= 0.00> <Spt= 0.01> <nCl= 27> <al=0.27> <DB= 1279.6273> <Mlp= 1286.5877> <PB=1339.1> 
    RCSP exact solver info for graph G_1 : TT = 0.010156, pt = 2.2e-05, dt = 0.008298, ct = 0.001546, ndl = 3', bdl = 84', odl = 2', odf = 17', bsi = 1', cnt = 6', bdch = 588', odch = 26', lcp = 22', #sols = 150
<DWph=0> <it= 89> <et=0.56> <Mt= 0.00> <Spt= 0.01> <nCl=  4> <al=0.34> <DB= 1284.1988> <Mlp= 1286.5803> <PB=1339.1> 
    RCSP exact solver info for graph G_1 : TT = 0.010085, pt = 2.1e-05, dt = 0.008243, ct = 0.001545, ndl = 3', bdl = 84', odl = 2', odf = 17', bsi = 1', cnt = 6', bdch = 589', odch = 26', lcp = 22', #sols = 150
    RCSP exact solver info for graph G_1 : TT = 0.009456, pt = 2.1e-05, dt = 0.007725, ct = 0.001445, ndl = 3', bdl = 79', odl = 2', odf = 17', bsi = 1', cnt = 5', bdch = 527', odch = 23', lcp = 19', #sols = 150
<DWph=0> <it= 90> <et=0.59> <Mt= 0.01> <Spt= 0.02> <nCl= 20> <al=0.00> <DB= 1286.1854> <Mlp= 1286.5803> <PB=1339.1> 
    RCSP exact solver info for graph G_1 : TT = 0.009454, pt = 2.2e-05, dt = 0.007718, ct = 0.001448, ndl = 3', bdl = 78', odl = 2', odf = 17', bsi = 1', cnt = 5', bdch = 525', odch = 23', lcp = 19', #sols = 150
    RCSP exact solver info for graph G_1 : TT = 0.009378, pt = 2.1e-05, dt = 0.007679, ct = 0.001425, ndl = 3', bdl = 78', odl = 2', odf = 17', bsi = 1', cnt = 5', bdch = 520', odch = 23', lcp = 19', #sols = 150
<DWph=0> <it= 91> <et=0.61> <Mt= 0.00> <Spt= 0.03> <nCl=  0> <al=0.00> <DB= 1286.5803> <Mlp= 1286.5803> <PB=1339.1> 
Dynamic params and stats :  aver.obdmd = 23.2031 aver.buck.num. = 26
@@ 1 0 1286.58 0.00987086 0.012219 83.0295 0.61
Labels distribution in buckets (bucket size) : largest - 30, top 0.1% - 30, top 0.5% - 23, top 2% - 18, top 10% - 11, top 50% - 2
Reduced cost fixing for graph G_1... 49887 buck. arcs remain (63.7% from prev., 52.9% from max.) + 8110 jump buck. arcs (8.59% from max.)
 TT = 0.065289, pt = 0.004919, dt = 0.02649, ct = 0.03373, ndl = 12', bdl = 284', odl = 3', odf = 53', lpcb = 265', cnt = 438', bdch = 2831', odch = 169', lcp = 116'
Labels distribution in buckets (bucket size) : largest - 35, top 0.1% - 35, top 0.5% - 29, top 2% - 20, top 10% - 12, top 50% - 2
Run forward enumeration with border = 50... not succeeded (ratio 0.937622) lpt = 0.017959, ndl = 20', dl = 2', lpcb = 41', dch = 44'
 TT = 0.020917, pt = 0.001971, dt = 0.017959, ct = 0, ndl = 20', bdl = 2', lpcb = 41', cnt = 79', bdch = 44', odch = 0', lcp = 0'
ColGenEvalAlg final dual bound: 1286.58 (rounded: 1287)
In total 9 RCC cut(s) are found by the connected components heuristic 
Shrinking heuristic shrunk 23 edges
In total 15 RCC cut(s) are found by the Fractional capacity min-cut heuristic 
In total 71 RCC cut(s) are found by the greedy construction heuristic 
----- Add fac. cuts : CAP(95), max.viol = 0.792639, aver.viol = 0.320505, sep/add took 0.00954303/0.0662197 sec. -----
2158 columns (2158 active), 95 dyn. constrs. (95 active), 221 art. vars. (221 active)
<DWph=2> <it=  1> <et=0.79> <Mt= 0.00> <Spt= 0.00> <nCl= 16> <al=0.50> <DB= 1254.8250> <Mlp= 1300.8515> <PB=1339.1> 
<DWph=2> <it=  2> <et=0.79> <Mt= 0.00> <Spt= 0.01> <nCl= 13> <al=0.55> <DB= 1245.7633> <Mlp= 1298.9776> <PB=1339.1> 
<DWph=2> <it=  3> <et=0.81> <Mt= 0.01> <Spt= 0.01> <nCl= 16> <al=0.19> <DB= 1274.4087> <Mlp= 1298.7288> <PB=1339.1> 
<DWph=2> <it=  4> <et=0.81> <Mt= 0.00> <Spt= 0.00> <nCl=  4> <al=0.50> <DB= 1293.0374> <Mlp= 1298.4384> <PB=1339.1> 
<DWph=2> <it=  5> <et=0.82> <Mt= 0.00> <Spt= 0.00> <nCl=  3> <al=0.55> <DB= 1295.4669> <Mlp= 1298.3828> <PB=1339.1> 
<DWph=2> <it=  6> <et=0.83> <Mt= 0.00> <Spt= 0.01> <nCl=  1> <al=0.45> <DB= 1297.0837> <Mlp= 1298.3828> <PB=1339.1> 
<DWph=2> <it=  7> <et=0.83> <Mt= 0.00> <Spt= 0.00> <nCl=  1> <al=0.35> <DB= 1296.9051> <Mlp= 1298.3669> <PB=1339.1> 
<DWph=2> <it=  8> <et=0.84> <Mt= 0.01> <Spt= 0.01> <nCl=  4> <al=0.00> <DB= 1297.2758> <Mlp= 1298.3669> <PB=1339.1> 
<DWph=2> <it=  9> <et=0.85> <Mt= 0.00> <Spt= 0.01> <nCl=  3> <al=0.00> <DB= 1298.3617> <Mlp= 1298.3617> <PB=1339.1> 
<DWph=1> <it= 10> <et=0.86> <Mt= 0.00> <Spt= 0.01> <nCl=  8> <al=0.21> <DB= 1269.6703> <Mlp= 1298.3617> <PB=1339.1> 
<DWph=1> <it= 11> <et=0.87> <Mt= 0.00> <Spt= 0.00> <nCl=  5> <al=0.29> <DB= 1289.8275> <Mlp= 1298.0549> <PB=1339.1> 
<DWph=1> <it= 12> <et=0.87> <Mt= 0.00> <Spt= 0.01> <nCl=  3> <al=0.19> <DB= 1294.5426> <Mlp= 1298.0495> <PB=1339.1> 
<DWph=1> <it= 13> <et=0.89> <Mt= 0.00> <Spt= 0.01> <nCl=  2> <al=0.00> <DB= 1298.0481> <Mlp= 1298.0481> <PB=1339.1> 
    RCSP exact solver info for graph G_1 : TT = 0.007683, pt = 1.2e-05, dt = 0.006018, ct = 0.00132, ndl = 2', bdl = 45', odl = 2', odf = 17', bsi = 1', cnt = 4', bdch = 303', odch = 25', lcp = 20', #sols = 150
<DWph=0> <it= 14> <et=0.90> <Mt= 0.00> <Spt= 0.01> <nCl= 48> <al=0.17> <DB= 1281.8399> <Mlp= 1298.0481> <PB=1339.1> 
    RCSP exact solver info for graph G_1 : TT = 0.007911, pt = 2.6e-05, dt = 0.006205, ct = 0.00137, ndl = 2', bdl = 46', odl = 2', odf = 17', bsi = 1', cnt = 5', bdch = 320', odch = 25', lcp = 21', #sols = 150
<DWph=0> <it= 15> <et=0.92> <Mt= 0.01> <Spt= 0.01> <nCl= 11> <al=0.07> <DB= 1295.9560> <Mlp= 1297.7846> <PB=1339.1> 
    RCSP exact solver info for graph G_1 : TT = 0.008159, pt = 2.5e-05, dt = 0.006399, ct = 0.001408, ndl = 3', bdl = 48', odl = 2', odf = 18', bsi = 1', cnt = 5', bdch = 346', odch = 29', lcp = 23', #sols = 150
    RCSP exact solver info for graph G_1 : TT = 0.007925, pt = 2.4e-05, dt = 0.006092, ct = 0.001503, ndl = 2', bdl = 46', odl = 2', odf = 17', bsi = 1', cnt = 5', bdch = 317', odch = 25', lcp = 21', #sols = 150
<DWph=0> <it= 16> <et=0.94> <Mt= 0.00> <Spt= 0.03> <nCl= 23> <al=0.00> <DB= 1297.7793> <Mlp= 1297.7793> <PB=1339.1> 
Dynamic params and stats :  aver.obdmd = 23.2031 aver.buck.num. = 26
@@ 1 1 1297.78 0.00757875 0.007807 52.8666 0.94
Labels distribution in buckets (bucket size) : largest - 37, top 0.1% - 37, top 0.5% - 25, top 2% - 18, top 10% - 11, top 50% - 2
Reduced cost fixing for graph G_1... 44459 buck. arcs remain (89.1% from prev., 47.1% from max.) + 8525 jump buck. arcs (9.03% from max.)
 TT = 0.050128, pt = 0.003938, dt = 0.018452, ct = 0.027598, ndl = 11', bdl = 223', odl = 4', odf = 52', lpcb = 114', cnt = 327', bdch = 1861', odch = 156', lcp = 100'
Labels distribution in buckets (bucket size) : largest - 37, top 0.1% - 37, top 0.5% - 27, top 2% - 20, top 10% - 12, top 50% - 2
Run forward enumeration with border = 50... not succeeded (ratio 0.810459) lpt = 0.093717, ndl = 60', dl = 25', lpcb = 420', dch = 448'
 TT = 0.097664, pt = 0, dt = 0.093717, ct = 0, ndl = 60', bdl = 25', lpcb = 420', cnt = 386', bdch = 448', odch = 0', lcp = 0'
ColGenEvalAlg final dual bound: 1297.78 (rounded: 1298)
Gap improvement since the last cut separation : 0.213233 (1286.58)
Current active cuts : CAP(10,216.28)
In total 1 RCC cut(s) are found by the connected components heuristic 
Shrinking heuristic shrunk 7 edges
In total 11 RCC cut(s) are found by the Fractional capacity min-cut heuristic 
In total 21 RCC cut(s) are found by the greedy construction heuristic 
In total 3 RCC cut(s) are found by the global pool greedy search heuristic 
----- Add fac. cuts : CAP(36), max.viol = 0.478904, aver.viol = 0.171347, sep/add took 0.0169233/0.0289017 sec. -----
2319 columns (2319 active), 131 dyn. constrs. (46 active), 257 art. vars. (172 active)
<DWph=2> <it=  1> <et=1.15> <Mt= 0.00> <Spt= 0.00> <nCl= 24> <al=0.50> <DB= 1208.3813> <Mlp= 1305.9213> <PB=1339.1> 
<DWph=2> <it=  2> <et=1.16> <Mt= 0.01> <Spt= 0.01> <nCl= 12> <al=0.10> <DB= 1271.4510> <Mlp= 1303.5783> <PB=1339.1> 
<DWph=2> <it=  3> <et=1.17> <Mt= 0.00> <Spt= 0.01> <nCl=  2> <al=0.45> <DB= 1301.8676> <Mlp= 1303.0775> <PB=1339.1> 
<DWph=2> <it=  4> <et=1.17> <Mt= 0.00> <Spt= 0.00> <nCl=  4> <al=0.35> <DB= 1297.2912> <Mlp= 1303.0685> <PB=1339.1> 
<DWph=2> <it=  5> <et=1.18> <Mt= 0.00> <Spt= 0.01> <nCl=  2> <al=0.00> <DB= 1302.9452> <Mlp= 1302.9452> <PB=1339.1> 
<DWph=1> <it=  6> <et=1.19> <Mt= 0.00> <Spt= 0.00> <nCl= 11> <al=0.32> <DB= 1292.7826> <Mlp= 1302.9452> <PB=1339.1> 
<DWph=1> <it=  7> <et=1.20> <Mt= 0.00> <Spt= 0.01> <nCl=  2> <al=0.22> <DB= 1293.6697> <Mlp= 1302.8042> <PB=1339.1> 
<DWph=1> <it=  8> <et=1.21> <Mt= 0.00> <Spt= 0.01> <nCl=  0> <al=0.00> <DB= 1302.8042> <Mlp= 1302.8042> <PB=1339.1> 
    RCSP exact solver info for graph G_1 : TT = 0.006752, pt = 1.2e-05, dt = 0.005239, ct = 0.001203, ndl = 2', bdl = 35', odl = 2', odf = 16', bsi = 1', cnt = 4', bdch = 239', odch = 22', lcp = 18', #sols = 150
<DWph=0> <it=  9> <et=1.22> <Mt= 0.00> <Spt= 0.01> <nCl= 11> <al=0.19> <DB= 1289.1472> <Mlp= 1302.8042> <PB=1339.1> 
    RCSP exact solver info for graph G_1 : TT = 0.006739, pt = 2.1e-05, dt = 0.005244, ct = 0.001176, ndl = 2', bdl = 35', odl = 2', odf = 16', bsi = 1', cnt = 4', bdch = 234', odch = 22', lcp = 18', #sols = 150
<DWph=0> <it= 10> <et=1.23> <Mt= 0.01> <Spt= 0.01> <nCl= 21> <al=0.09> <DB= 1300.1766> <Mlp= 1302.6289> <PB=1339.1> 
    RCSP exact solver info for graph G_1 : TT = 0.007055, pt = 2.2e-05, dt = 0.005493, ct = 0.00123, ndl = 2', bdl = 37', odl = 2', odf = 16', bsi = 1', cnt = 5', bdch = 255', odch = 24', lcp = 19', #sols = 150
    RCSP exact solver info for graph G_1 : TT = 0.006738, pt = 2.2e-05, dt = 0.005232, ct = 0.00117, ndl = 2', bdl = 35', odl = 2', odf = 16', bsi = 1', cnt = 4', bdch = 233', odch = 22', lcp = 17', #sols = 150
<DWph=0> <it= 11> <et=1.25> <Mt= 0.00> <Spt= 0.02> <nCl=  3> <al=0.00> <DB= 1302.6227> <Mlp= 1302.6227> <PB=1339.1> 
Dynamic params and stats :  aver.obdmd = 23.2031 aver.buck.num. = 26
@@ 1 2 1302.62 0.00649675 0.006723 47.1144 1.25
Labels distribution in buckets (bucket size) : largest - 31, top 0.1% - 31, top 0.5% - 21, top 2% - 17, top 10% - 10, top 50% - 2
Reduced cost fixing for graph G_1... 42512 buck. arcs remain (95.6% from prev., 45.1% from max.) + 8526 jump buck. arcs (9.04% from max.)
 TT = 0.045538, pt = 0.00327, dt = 0.016559, ct = 0.02557, ndl = 10', bdl = 198', odl = 4', odf = 51', lpcb = 83', cnt = 289', bdch = 1576', odch = 142', lcp = 94'
Labels distribution in buckets (bucket size) : largest - 31, top 0.1% - 31, top 0.5% - 25, top 2% - 19, top 10% - 11, top 50% - 2
Run forward enumeration with border = 50... not succeeded (ratio 0.906729) lpt = 0.023004, ndl = 28', dl = 8', lpcb = 82', dch = 87'
 TT = 0.025071, pt = 0, dt = 0.023004, ct = 0, ndl = 28', bdl = 8', lpcb = 82', cnt = 128', bdch = 87', odch = 0', lcp = 0'
ColGenEvalAlg final dual bound: 1302.62 (rounded: 1303)
Gap improvement since the last cut separation : 0.117216 (1297.78)
Current active cuts : CAP(18,375.517)
Shrinking heuristic shrunk 9 edges
In total 8 RCC cut(s) are found by the Fractional capacity min-cut heuristic 
In total 12 RCC cut(s) are found by the greedy construction heuristic 
In total 8 RCC cut(s) are found by the global pool greedy search heuristic 
----- Add fac. cuts : CAP(28), max.viol = 0.182994, aver.viol = 0.0614377, sep/add took 0.0177772/0.0223724 sec. -----
2411 columns (2411 active), 74 dyn. constrs. (48 active), 285 art. vars. (174 active)
<DWph=2> <it=  1> <et=1.40> <Mt= 0.00> <Spt= 0.00> <nCl=  3> <al=0.50> <DB= 1301.8003> <Mlp= 1302.9402> <PB=1339.1> 
<DWph=2> <it=  2> <et=1.41> <Mt= 0.00> <Spt= 0.01> <nCl=  4> <al=0.10> <DB= 1298.8396> <Mlp= 1302.9004> <PB=1339.1> 
<DWph=2> <it=  3> <et=1.42> <Mt= 0.00> <Spt= 0.01> <nCl=  2> <al=0.00> <DB= 1301.8086> <Mlp= 1302.8907> <PB=1339.1> 
<DWph=2> <it=  4> <et=1.42> <Mt= 0.00> <Spt= 0.00> <nCl=  2> <al=0.00> <DB= 1302.8903> <Mlp= 1302.8903> <PB=1339.1> 
<DWph=1> <it=  5> <et=1.44> <Mt= 0.00> <Spt= 0.01> <nCl=  2> <al=0.00> <DB= 1302.8903> <Mlp= 1302.8903> <PB=1339.1> 
    RCSP exact solver info for graph G_1 : TT = 0.006604, pt = 1.2e-05, dt = 0.005079, ct = 0.001184, ndl = 2', bdl = 33', odl = 2', odf = 15', bsi = 1', cnt = 5', bdch = 223', odch = 22', lcp = 18', #sols = 150
<DWph=0> <it=  6> <et=1.44> <Mt= 0.00> <Spt= 0.01> <nCl= 12> <al=0.15> <DB= 1293.2605> <Mlp= 1302.8903> <PB=1339.1> 
    RCSP exact solver info for graph G_1 : TT = 0.00675, pt = 2.7e-05, dt = 0.005205, ct = 0.001182, ndl = 2', bdl = 33', odl = 2', odf = 16', bsi = 1', cnt = 5', bdch = 228', odch = 22', lcp = 18', #sols = 150
    RCSP exact solver info for graph G_1 : TT = 0.006875, pt = 2.2e-05, dt = 0.005331, ct = 0.001219, ndl = 2', bdl = 35', odl = 2', odf = 16', bsi = 1', cnt = 5', bdch = 242', odch = 24', lcp = 19', #sols = 150
<DWph=0> <it=  7> <et=1.46> <Mt= 0.01> <Spt= 0.02> <nCl=  5> <al=0.00> <DB= 1302.8495> <Mlp= 1302.8495> <PB=1339.1> 
Dynamic params and stats :  aver.obdmd = 23.2031 aver.buck.num. = 26
@@ 1 3 1302.85 0.0064 0.00655 45.0511 1.46
    Full reduced cost fixing is not called (gap ratio is 0.993767)
ColGenEvalAlg final dual bound: 1302.85 (rounded: 1303)
Gap improvement since the last cut separation : 0.00621591 (1302.62)
Cut generation tailing off counter increased to 1
Current active cuts : CAP(22,435.196)
Shrinking heuristic shrunk 9 edges
In total 8 RCC cut(s) are found by the greedy construction heuristic 
In total 5 RCC cut(s) are found by the global pool greedy search heuristic 
----- Add fac. cuts : CAP(13), max.viol = 0.12036, aver.viol = 0.0389935, sep/add took 0.0159434/0.0114454 sec. -----
2441 columns (2441 active), 61 dyn. constrs. (37 active), 298 art. vars. (163 active)
<DWph=2> <it=  1> <et=1.51> <Mt= 0.00> <Spt= 0.01> <nCl=  1> <al=0.00> <DB= 1302.9775> <Mlp= 1302.9775> <PB=1339.1> 
<DWph=1> <it=  2> <et=1.52> <Mt= 0.00> <Spt= 0.01> <nCl=  1> <al=0.00> <DB= 1302.9775> <Mlp= 1302.9775> <PB=1339.1> 
    RCSP exact solver info for graph G_1 : TT = 0.00657, pt = 1.2e-05, dt = 0.005046, ct = 0.001176, ndl = 2', bdl = 33', odl = 2', odf = 16', bsi = 1', cnt = 5', bdch = 219', odch = 22', lcp = 18', #sols = 150
    RCSP exact solver info for graph G_1 : TT = 0.006539, pt = 2.2e-05, dt = 0.005041, ct = 0.001167, ndl = 2', bdl = 33', odl = 2', odf = 16', bsi = 1', cnt = 5', bdch = 219', odch = 22', lcp = 18', #sols = 150
<DWph=0> <it=  3> <et=1.54> <Mt= 0.00> <Spt= 0.01> <nCl=  2> <al=0.00> <DB= 1302.9775> <Mlp= 1302.9775> <PB=1339.1> 
Dynamic params and stats :  aver.obdmd = 23.2031 aver.buck.num. = 26
@@ 1 4 1302.98 0.006215 0.006222 45.0511 1.54
    Full reduced cost fixing is not called (gap ratio is 0.990248)
ColGenEvalAlg final dual bound: 1302.98 (rounded: 1303)
Gap improvement since the last cut separation : 0.00353102 (1302.85)
Cut generation tailing off counter increased to 2
Current active cuts : CAP(22,416.3)
Shrinking heuristic shrunk 9 edges
In total 1 RCC cut(s) are found by the greedy construction heuristic 
In total 1 RCC cut(s) are found by the global pool greedy search heuristic 
----- Add fac. cuts : CAP(2), max.viol = 0.0497619, aver.viol = 0.0348445, sep/add took 0.0158683/0.00244557 sec. -----
2445 columns (2445 active), 39 dyn. constrs. (27 active), 300 art. vars. (153 active)
<DWph=2> <it=  1> <et=1.58> <Mt= 0.00> <Spt= 0.01> <nCl=  0> <al=0.00> <DB= 1302.9872> <Mlp= 1302.9872> <PB=1339.1> 
<DWph=1> <it=  2> <et=1.59> <Mt= 0.00> <Spt= 0.01> <nCl=  0> <al=0.00> <DB= 1302.9872> <Mlp= 1302.9872> <PB=1339.1> 
    RCSP exact solver info for graph G_1 : TT = 0.006514, pt = 1.1e-05, dt = 0.005006, ct = 0.001171, ndl = 2', bdl = 33', odl = 2', odf = 15', bsi = 1', cnt = 4', bdch = 218', odch = 22', lcp = 17', #sols = 150
    RCSP exact solver info for graph G_1 : TT = 0.006497, pt = 2.3e-05, dt = 0.005029, ct = 0.001152, ndl = 2', bdl = 33', odl = 2', odf = 15', bsi = 1', cnt = 4', bdch = 218', odch = 22', lcp = 17', #sols = 150
<DWph=0> <it=  3> <et=1.61> <Mt= 0.00> <Spt= 0.02> <nCl=  1> <al=0.00> <DB= 1302.9872> <Mlp= 1302.9872> <PB=1339.1> 
Dynamic params and stats :  aver.obdmd = 23.2031 aver.buck.num. = 26
@@ 1 5 1302.99 0.006179 0.006181 45.0511 1.61
    Full reduced cost fixing is not called (gap ratio is 0.98998)
ColGenEvalAlg final dual bound: 1302.99 (rounded: 1303)
Gap improvement since the last cut separation : 0.000269946 (1302.98)
----- Cut separators priority level decreased to 1-----
Current active cuts : CAP(23,415.631)
Shrinking heuristic shrunk 9 edges
In total 2 RCC cut(s) are found by the global pool greedy search heuristic 
10 Rank-1 1-rows pack. cuts added ,  max viol. = 0.2753, aver. viol. = 0.122836
150 Rank-1 3-rows pack. cuts added ,  max viol. = 0.437336, aver. viol. = 0.134016
----- Add fac. cuts : CAP(2) R1C(160), max.viol = 0.437336, aver.viol = 0.134774, sep/add took 0.0172445/0.0801284 sec. -----
2446 columns (2446 active), 189 dyn. constrs. (188 active), 462 art. vars. (314 active)
<DWph=2> <it=  1> <et=1.74> <Mt= 0.02> <Spt= 0.00> <nCl= 26> <al=0.50> <DB= 1164.7871> <Mlp= 1308.8864> <PB=1339.1> 
<DWph=2> <it=  2> <et=1.80> <Mt= 0.05> <Spt= 0.01> <nCl= 30> <al=0.55> <DB=  388.8359> <Mlp= 1307.6087> <PB=1339.1> 
<DWph=2> <it=  3> <et=1.86> <Mt= 0.05> <Spt= 0.01> <nCl= 16> <al=0.60> <DB= 1169.8199> <Mlp= 1307.6087> <PB=1339.1> 
<DWph=2> <it=  4> <et=1.87> <Mt= 0.01> <Spt= 0.00> <nCl=  4> <al=0.64> <DB= 1298.8150> <Mlp= 1307.6087> <PB=1339.1> 
<DWph=2> <it=  5> <et=1.93> <Mt= 0.05> <Spt= 0.01> <nCl= 21> <al=0.34> <DB= 1270.0501> <Mlp= 1307.5314> <PB=1339.1> 
<DWph=2> <it=  6> <et=1.94> <Mt= 0.01> <Spt= 0.01> <nCl=  4> <al=0.57> <DB= 1304.1982> <Mlp= 1307.3058> <PB=1339.1> 
<DWph=2> <it=  7> <et=1.96> <Mt= 0.00> <Spt= 0.01> <nCl= 16> <al=0.23> <DB= 1279.8402> <Mlp= 1307.2360> <PB=1339.1> 
<DWph=2> <it=  8> <et=1.97> <Mt= 0.01> <Spt= 0.01> <nCl=  7> <al=0.51> <DB= 1184.2999> <Mlp= 1307.1802> <PB=1339.1> 
<DWph=2> <it=  9> <et=1.99> <Mt= 0.01> <Spt= 0.01> <nCl=  8> <al=0.13> <DB= 1271.9895> <Mlp= 1306.8864> <PB=1339.1> 
<DWph=2> <it= 10> <et=1.99> <Mt= 0.00> <Spt= 0.00> <nCl=  1> <al=0.46> <DB= 1304.1109> <Mlp= 1306.8373> <PB=1339.1> 
<DWph=2> <it= 11> <et=2.01> <Mt= 0.00> <Spt= 0.01> <nCl=  6> <al=0.03> <DB= 1304.5061> <Mlp= 1306.8358> <PB=1339.1> 
<DWph=2> <it= 12> <et=2.02> <Mt= 0.00> <Spt= 0.00> <nCl=  1> <al=0.42> <DB= 1306.1608> <Mlp= 1306.8239> <PB=1339.1> 
<DWph=2> <it= 13> <et=2.03> <Mt= 0.01> <Spt= 0.01> <nCl=  3> <al=0.00> <DB= 1302.5382> <Mlp= 1306.8239> <PB=1339.1> 
<DWph=2> <it= 14> <et=2.04> <Mt= 0.00> <Spt= 0.01> <nCl=  1> <al=0.00> <DB= 1303.8299> <Mlp= 1306.7752> <PB=1339.1> 
<DWph=2> <it= 15> <et=2.05> <Mt= 0.00> <Spt= 0.01> <nCl=  0> <al=0.00> <DB= 1306.7752> <Mlp= 1306.7752> <PB=1339.1> 
<DWph=1> <it= 16> <et=2.06> <Mt= 0.00> <Spt= 0.01> <nCl= 10> <al=0.18> <DB= 1287.5439> <Mlp= 1306.7752> <PB=1339.1> 
<DWph=1> <it= 17> <et=2.07> <Mt= 0.00> <Spt= 0.01> <nCl=  5> <al=0.08> <DB= 1299.3635> <Mlp= 1306.7357> <PB=1339.1> 
<DWph=1> <it= 18> <et=2.08> <Mt= 0.00> <Spt= 0.01> <nCl=  1> <al=0.17> <DB= 1305.4986> <Mlp= 1306.7350> <PB=1339.1> 
<DWph=1> <it= 19> <et=2.09> <Mt= 0.01> <Spt= 0.01> <nCl=  2> <al=0.00> <DB= 1306.7350> <Mlp= 1306.7350> <PB=1339.1> 
    RCSP exact solver info for graph G_1 : TT = 0.019142, pt = 0.000207, dt = 0.015971, ct = 0.002584, ndl = 3', bdl = 39', odl = 2', odf = 16', bsi = 1', cnt = 10', bdch = 267', odch = 27', lcp = 22', #sols = 150
<DWph=0> <it= 20> <et=2.12> <Mt= 0.00> <Spt= 0.03> <nCl= 46> <al=0.00> <DB= 1295.3590> <Mlp= 1306.7350> <PB=1339.1> 
    RCSP exact solver info for graph G_1 : TT = 0.014601, pt = 0.000281, dt = 0.011363, ct = 0.002588, ndl = 3', bdl = 39', odl = 2', odf = 16', bsi = 1', cnt = 11', bdch = 263', odch = 27', lcp = 21', #sols = 150
<DWph=0> <it= 21> <et=2.14> <Mt= 0.00> <Spt= 0.01> <nCl= 29> <al=0.00> <DB= 1296.7186> <Mlp= 1306.7186> <PB=1339.1> 
    RCSP exact solver info for graph G_1 : TT = 0.0144, pt = 0.000242, dt = 0.011252, ct = 0.002574, ndl = 3', bdl = 39', odl = 2', odf = 16', bsi = 1', cnt = 10', bdch = 262', odch = 27', lcp = 21', #sols = 150
    RCSP exact solver info for graph G_1 : TT = 0.014272, pt = 0.000234, dt = 0.011173, ct = 0.002566, ndl = 3', bdl = 39', odl = 2', odf = 16', bsi = 1', cnt = 10', bdch = 263', odch = 27', lcp = 21', #sols = 150
<DWph=0> <it= 22> <et=2.18> <Mt= 0.00> <Spt= 0.04> <nCl=  1> <al=0.00> <DB= 1306.7186> <Mlp= 1306.7186> <PB=1339.1> 
Dynamic params and stats :  aver.obdmd = 23.2031 aver.buck.num. = 26 nbR1C = 30 with avMem = 5.86667
@@ 1 6 1306.72 0.0150177 0.018555 45.0511 2.18
Labels distribution in buckets (bucket size) : largest - 35, top 0.1% - 35, top 0.5% - 27, top 2% - 20, top 10% - 12, top 50% - 2
Reduced cost fixing for graph G_1... 40374 buck. arcs remain (95% from prev., 42.8% from max.) + 8792 jump buck. arcs (9.32% from max.)
 TT = 0.075738, pt = 0.006328, dt = 0.02922, ct = 0.039965, ndl = 12', bdl = 216', odl = 4', odf = 55', lpcb = 99', cnt = 321', bdch = 1792', odch = 166', lcp = 116'
Labels distribution in buckets (bucket size) : largest - 44, top 0.1% - 44, top 0.5% - 30, top 2% - 22, top 10% - 12, top 50% - 2
Run forward enumeration with border = 50... not succeeded (ratio 0.789889) lpt = 0.151021, ndl = 68', dl = 31', lpcb = 487', dch = 530'
 TT = 0.157829, pt = 0, dt = 0.151021, ct = 0, ndl = 68', bdl = 31', lpcb = 487', cnt = 481', bdch = 530', odch = 0', lcp = 0'
ColGenEvalAlg final dual bound: 1306.72 (rounded: 1307)
Gap improvement since the last cut separation : 0.103327 (1302.99)
Current active cuts : CAP(16,438.442) R1C(4+26,44.692) 1rowPackR1C(4) 3rowPackR1C(26)
Shrinking heuristic shrunk 11 edges
In total 2 RCC cut(s) are found by the Fractional capacity min-cut heuristic 
In total 1 RCC cut(s) are found by the greedy construction heuristic 
In total 5 RCC cut(s) are found by the global pool greedy search heuristic 
1 Rank-1 1-rows pack. cuts added ,  max viol. = 0.028842, aver. viol. = 0.028842
89 Rank-1 3-rows pack. cuts added ,  max viol. = 0.325269, aver. viol. = 0.139958
Building structures for heuristic rank-1 packing cut separation...done!
93 Rank-1 4-rows pack. cuts added ,  max viol. = 0.381231, aver. viol. = 0.20075
100 Rank-1 5-rows pack. cuts added ,  max viol. = 0.381231, aver. viol. = 0.329354
----- Add fac. cuts : CAP(8) R1C(283), max.viol = 0.398192, aver.viol = 0.226306, sep/add took 0.451018/0.175844 sec. -----
2684 columns (2684 active), 479 dyn. constrs. (340 active), 753 art. vars. (466 active)
<DWph=2> <it=  1> <et=3.07> <Mt= 0.02> <Spt= 0.00> <nCl=  4> <al=0.50> <DB= 1303.6638> <Mlp= 1308.7010> <PB=1339.1> 
<DWph=2> <it=  2> <et=3.15> <Mt= 0.07> <Spt= 0.01> <nCl= 19> <al=0.55> <DB=  947.2326> <Mlp= 1308.0000> <PB=1339.1> 
<DWph=2> <it=  3> <et=3.34> <Mt= 0.18> <Spt= 0.01> <nCl=  7> <al=0.60> <DB= 1298.7621> <Mlp= 1308.0000> <PB=1339.1> 
<DWph=2> <it=  4> <et=3.36> <Mt= 0.01> <Spt= 0.01> <nCl=  4> <al=0.27> <DB= 1290.8677> <Mlp= 1308.0000> <PB=1339.1> 
<DWph=2> <it=  5> <et=3.37> <Mt= 0.01> <Spt= 0.01> <nCl=  1> <al=0.54> <DB= 1306.3346> <Mlp= 1308.0000> <PB=1339.1> 
<DWph=2> <it=  6> <et=3.38> <Mt= 0.00> <Spt= 0.01> <nCl=  9> <al=0.16> <DB= 1197.8218> <Mlp= 1308.0000> <PB=1339.1> 
<DWph=2> <it=  7> <et=3.40> <Mt= 0.01> <Spt= 0.01> <nCl=  9> <al=0.00> <DB= 1293.0007> <Mlp= 1308.0000> <PB=1339.1> 
<DWph=2> <it=  8> <et=3.41> <Mt= 0.00> <Spt= 0.01> <nCl=  2> <al=0.00> <DB= 1306.4760> <Mlp= 1308.0000> <PB=1339.1> 
<DWph=2> <it=  9> <et=3.43> <Mt= 0.00> <Spt= 0.01> <nCl=  0> <al=0.00> <DB= 1308.0000> <Mlp= 1308.0000> <PB=1339.1> 
<DWph=1> <it= 10> <et=3.44> <Mt= 0.00> <Spt= 0.01> <nCl=  7> <al=0.18> <DB= 1294.0160> <Mlp= 1308.0000> <PB=1339.1> 
<DWph=1> <it= 11> <et=3.45> <Mt= 0.01> <Spt= 0.01> <nCl=  5> <al=0.26> <DB= 1213.9487> <Mlp= 1308.0000> <PB=1339.1> 
<DWph=1> <it= 12> <et=3.47> <Mt= 0.01> <Spt= 0.00> <nCl=  8> <al=0.16> <DB= 1292.4856> <Mlp= 1308.0000> <PB=1339.1> 
<DWph=1> <it= 13> <et=3.49> <Mt= 0.00> <Spt= 0.01> <nCl=  5> <al=0.25> <DB= 1301.1573> <Mlp= 1308.0000> <PB=1339.1> 
<DWph=1> <it= 14> <et=3.50> <Mt= 0.01> <Spt= 0.01> <nCl=  3> <al=0.32> <DB= 1301.4298> <Mlp= 1308.0000> <PB=1339.1> 
<DWph=1> <it= 15> <et=3.51> <Mt= 0.00> <Spt= 0.01> <nCl=  1> <al=0.39> <DB= 1305.4352> <Mlp= 1308.0000> <PB=1339.1> 
<DWph=1> <it= 16> <et=3.52> <Mt= 0.00> <Spt= 0.01> <nCl=  3> <al=0.29> <DB= 1306.3202> <Mlp= 1308.0000> <PB=1339.1> 
<DWph=1> <it= 17> <et=3.53> <Mt= 0.01> <Spt= 0.01> <nCl=  1> <al=0.36> <DB= 1306.8002> <Mlp= 1308.0000> <PB=1339.1> 
<DWph=1> <it= 18> <et=3.55> <Mt= 0.00> <Spt= 0.02> <nCl=  2> <al=0.00> <DB= 1308.0000> <Mlp= 1308.0000> <PB=1339.1> 
    RCSP exact solver info for graph G_1 : TT = 0.017596, pt = 0.000238, dt = 0.013876, ct = 0.00311, ndl = 3', bdl = 42', odl = 2', odf = 20', bsi = 1', cnt = 18', bdch = 330', odch = 43', lcp = 31', #sols = 150
<DWph=0> <it= 19> <et=3.58> <Mt= 0.00> <Spt= 0.03> <nCl= 75> <al=0.33> <DB= 1183.1793> <Mlp= 1308.0000> <PB=1339.1> 
    RCSP exact solver info for graph G_1 : TT = 0.025086, pt = 0.00052, dt = 0.020051, ct = 0.004086, ndl = 5', bdl = 53', odl = 2', odf = 24', bsi = 1', cnt = 32', bdch = 497', odch = 82', lcp = 59', #sols = 150
<DWph=0> <it= 20> <et=3.75> <Mt= 0.13> <Spt= 0.03> <nCl= 64> <al=0.23> <DB= 1293.1998> <Mlp= 1308.0000> <PB=1339.1> 
    RCSP exact solver info for graph G_1 : TT = 0.022794, pt = 0.000511, dt = 0.017995, ct = 0.003887, ndl = 4', bdl = 52', odl = 2', odf = 22', bsi = 1', cnt = 25', bdch = 467', odch = 72', lcp = 50', #sols = 150
<DWph=0> <it= 21> <et=3.79> <Mt= 0.01> <Spt= 0.03> <nCl= 16> <al=0.30> <DB= 1298.4947> <Mlp= 1308.0000> <PB=1339.1> 
    RCSP exact solver info for graph G_1 : TT = 0.02193, pt = 0.000486, dt = 0.017319, ct = 0.003738, ndl = 4', bdl = 50', odl = 2', odf = 22', bsi = 1', cnt = 23', bdch = 439', odch = 66', lcp = 46', #sols = 150
<DWph=0> <it= 22> <et=3.82> <Mt= 0.01> <Spt= 0.03> <nCl= 22> <al=0.37> <DB= 1304.4601> <Mlp= 1308.0000> <PB=1339.1> 
    RCSP exact solver info for graph G_1 : TT = 0.022136, pt = 0.00049, dt = 0.01749, ct = 0.003783, ndl = 4', bdl = 50', odl = 2', odf = 22', bsi = 1', cnt = 23', bdch = 446', odch = 66', lcp = 46', #sols = 150
<DWph=0> <it= 23> <et=3.85> <Mt= 0.00> <Spt= 0.02> <nCl=  4> <al=0.27> <DB= 1307.0357> <Mlp= 1308.0000> <PB=1339.1> 
    RCSP exact solver info for graph G_1 : TT = 0.022274, pt = 0.000487, dt = 0.017625, ct = 0.003795, ndl = 4', bdl = 51', odl = 2', odf = 22', bsi = 1', cnt = 24', bdch = 453', odch = 67', lcp = 46', #sols = 150
<DWph=0> <it= 24> <et=3.88> <Mt= 0.00> <Spt= 0.03> <nCl=  4> <al=0.17> <DB= 1307.8337> <Mlp= 1308.0000> <PB=1339.1> 
    RCSP exact solver info for graph G_1 : TT = 0.022085, pt = 0.000483, dt = 0.01746, ct = 0.003771, ndl = 4', bdl = 51', odl = 2', odf = 22', bsi = 1', cnt = 24', bdch = 448', odch = 65', lcp = 45', #sols = 150
    RCSP exact solver info for graph G_1 : TT = 0.019488, pt = 0.0003, dt = 0.015234, ct = 0.003617, ndl = 4', bdl = 48', odl = 2', odf = 21', bsi = 1', cnt = 22', bdch = 422', odch = 59', lcp = 41', #sols = 150
<DWph=0> <it= 25> <et=3.93> <Mt= 0.01> <Spt= 0.05> <nCl= 28> <al=0.00> <DB= 1308.0000> <Mlp= 1308.0000> <PB=1339.1> 
Dynamic params and stats :  aver.obdmd = 23.2031 aver.buck.num. = 26 nbR1C = 34 with avMem = 6.76471
@@ 1 7 1308 0.0208546 0.024137 42.7854 3.93
    Full reduced cost fixing is not called (gap ratio is 0.960306)
ColGenEvalAlg final dual bound: 1308 (rounded: 1308)
Gap improvement since the last cut separation : 0.0395709 (1306.72)
Current active cuts : CAP(16,497.724) R1C(3+31,65.7289) 1rowPackR1C(3) 3rowPackR1C(22) 4rowPackR1C(8) 5rowPackR1C(1)
In total 1 RCC cut(s) are found by the connected components heuristic 
Shrinking heuristic shrunk 41 edges
In total 1 RCC cut(s) are found by the Fractional capacity min-cut heuristic 
In total 3 RCC cut(s) are found by the greedy construction heuristic 
In total 4 RCC cut(s) are found by the global pool greedy search heuristic 
10 Rank-1 3-rows pack. cuts added ,  max viol. = 0.5, aver. viol. = 0.5
Building structures for heuristic rank-1 packing cut separation...done!
11 Rank-1 4-rows pack. cuts added ,  max viol. = 0.5, aver. viol. = 0.5
100 Rank-1 5-rows pack. cuts added ,  max viol. = 0.5, aver. viol. = 0.3525
----- Add fac. cuts : CAP(9) R1C(121), max.viol = 0.5, aver.viol = 0.5, sep/add took 0.189569/0.0925652 sec. -----
2987 columns (2987 active), 470 dyn. constrs. (180 active), 883 art. vars. (306 active)
<DWph=2> <it=  1> <et=4.24> <Mt= 0.00> <Spt= 0.01> <nCl=  4> <al=0.00> <DB= 1308.0957> <Mlp= 1308.0957> <PB=1339.1> 
<DWph=1> <it=  2> <et=4.25> <Mt= 0.00> <Spt= 0.01> <nCl=  1> <al=0.40> <DB= 1304.9335> <Mlp= 1308.0957> <PB=1339.1> 
<DWph=1> <it=  3> <et=4.27> <Mt= 0.00> <Spt= 0.01> <nCl=  0> <al=0.00> <DB= 1308.0957> <Mlp= 1308.0957> <PB=1339.1> 
    RCSP exact solver info for graph G_1 : TT = 0.018597, pt = 0.000289, dt = 0.014516, ct = 0.003409, ndl = 4', bdl = 46', odl = 2', odf = 21', bsi = 1', cnt = 22', bdch = 382', odch = 53', lcp = 37', #sols = 150
<DWph=0> <it=  4> <et=4.30> <Mt= 0.01> <Spt= 0.03> <nCl=  9> <al=0.20> <DB= 1305.4083> <Mlp= 1308.0957> <PB=1339.1> 
    RCSP exact solver info for graph G_1 : TT = 0.018806, pt = 0.00033, dt = 0.014694, ct = 0.003405, ndl = 4', bdl = 46', odl = 2', odf = 20', bsi = 1', cnt = 21', bdch = 385', odch = 53', lcp = 37', #sols = 150
    RCSP exact solver info for graph G_1 : TT = 0.01841, pt = 0.000313, dt = 0.014392, ct = 0.003322, ndl = 4', bdl = 45', odl = 2', odf = 20', bsi = 1', cnt = 20', bdch = 371', odch = 51', lcp = 36', #sols = 150
<DWph=0> <it=  5> <et=4.34> <Mt= 0.00> <Spt= 0.04> <nCl= 14> <al=0.00> <DB= 1308.0943> <Mlp= 1308.0943> <PB=1339.1> 
Dynamic params and stats :  aver.obdmd = 23.2031 aver.buck.num. = 26 nbR1C = 37 with avMem = 6.78378
@@ 1 8 1308.09 0.0179127 0.018099 42.7854 4.34
    Full reduced cost fixing is not called (gap ratio is 0.957386)
ColGenEvalAlg final dual bound: 1308.09 (rounded: 1309)
Gap improvement since the last cut separation : 0.00303187 (1308)
Cut generation tailing off counter increased to 1
Current active cuts : CAP(16,466.786) R1C(3+34,68.5768) 1rowPackR1C(3) 3rowPackR1C(23) 4rowPackR1C(8) 5rowPackR1C(3)
Shrinking heuristic shrunk 7 edges
In total 3 RCC cut(s) are found by the Fractional capacity min-cut heuristic 
In total 1 RCC cut(s) are found by the greedy construction heuristic 
In total 6 RCC cut(s) are found by the global pool greedy search heuristic 
5 Rank-1 1-rows pack. cuts added ,  max viol. = 0.105265, aver. viol. = 0.0594231
140 Rank-1 3-rows pack. cuts added ,  max viol. = 0.209853, aver. viol. = 0.0568239
Building structures for heuristic rank-1 packing cut separation...done!
84 Rank-1 4-rows pack. cuts added ,  max viol. = 0.264636, aver. viol. = 0.101038
100 Rank-1 5-rows pack. cuts added ,  max viol. = 0.2736, aver. viol. = 0.184388
----- Add fac. cuts : CAP(10) R1C(329), max.viol = 0.370099, aver.viol = 0.128232, sep/add took 0.582946/0.227836 sec. -----
3015 columns (3015 active), 519 dyn. constrs. (392 active), 1222 art. vars. (518 active)
<DWph=2> <it=  1> <et=5.21> <Mt= 0.02> <Spt= 0.01> <nCl=  6> <al=0.50> <DB= 1300.5212> <Mlp= 1310.0445> <PB=1339.1> 
<DWph=2> <it=  2> <et=5.22> <Mt= 0.01> <Spt= 0.00> <nCl=  2> <al=0.55> <DB= 1305.6486> <Mlp= 1309.9705> <PB=1339.1> 
<DWph=2> <it=  3> <et=5.23> <Mt= 0.01> <Spt= 0.01> <nCl=  1> <al=0.60> <DB= 1299.2393> <Mlp= 1309.8356> <PB=1339.1> 
<DWph=2> <it=  4> <et=5.25> <Mt= 0.00> <Spt= 0.01> <nCl=  7> <al=0.27> <DB= 1304.2267> <Mlp= 1309.8356> <PB=1339.1> 
<DWph=2> <it=  5> <et=5.26> <Mt= 0.00> <Spt= 0.01> <nCl=  2> <al=0.54> <DB= 1302.3666> <Mlp= 1309.7553> <PB=1339.1> 
<DWph=2> <it=  6> <et=5.28> <Mt= 0.01> <Spt= 0.02> <nCl=  6> <al=0.16> <DB= 1306.7444> <Mlp= 1309.7553> <PB=1339.1> 
<DWph=2> <it=  7> <et=5.30> <Mt= 0.00> <Spt= 0.01> <nCl=  2> <al=0.00> <DB= 1308.5595> <Mlp= 1309.7410> <PB=1339.1> 
<DWph=2> <it=  8> <et=5.31> <Mt= 0.00> <Spt= 0.01> <nCl=  2> <al=0.00> <DB= 1309.7393> <Mlp= 1309.7393> <PB=1339.1> 
<DWph=1> <it=  9> <et=5.33> <Mt= 0.01> <Spt= 0.01> <nCl= 10> <al=0.28> <DB= 1287.0352> <Mlp= 1309.7393> <PB=1339.1> 
<DWph=1> <it= 10> <et=5.37> <Mt= 0.02> <Spt= 0.02> <nCl=  6> <al=0.35> <DB= 1301.5111> <Mlp= 1309.4353> <PB=1339.1> 
<DWph=1> <it= 11> <et=5.38> <Mt= 0.01> <Spt= 0.01> <nCl=  3> <al=0.25> <DB= 1303.8595> <Mlp= 1309.4246> <PB=1339.1> 
<DWph=1> <it= 12> <et=5.41> <Mt= 0.00> <Spt= 0.02> <nCl=  1> <al=0.00> <DB= 1303.8520> <Mlp= 1309.4246> <PB=1339.1> 
<DWph=1> <it= 13> <et=5.43> <Mt= 0.00> <Spt= 0.02> <nCl=  0> <al=0.00> <DB= 1309.4246> <Mlp= 1309.4246> <PB=1339.1> 
    RCSP exact solver info for graph G_1 : TT = 0.0318, pt = 0.000618, dt = 0.025302, ct = 0.005444, ndl = 6', bdl = 65', odl = 2', odf = 29', bsi = 1', cnt = 65', bdch = 753', odch = 133', lcp = 88', #sols = 150
<DWph=0> <it= 14> <et=5.49> <Mt= 0.00> <Spt= 0.05> <nCl= 84> <al=0.13> <DB= 1289.2523> <Mlp= 1309.4246> <PB=1339.1> 
    RCSP exact solver info for graph G_1 : TT = 0.031371, pt = 0.000789, dt = 0.024916, ct = 0.005204, ndl = 6', bdl = 64', odl = 2', odf = 28', bsi = 1', cnt = 52', bdch = 723', odch = 119', lcp = 81', #sols = 150
<DWph=0> <it= 15> <et=5.53> <Mt= 0.01> <Spt= 0.04> <nCl= 16> <al=0.22> <DB= 1304.0450> <Mlp= 1309.4023> <PB=1339.1> 
    RCSP exact solver info for graph G_1 : TT = 0.031227, pt = 0.000805, dt = 0.024973, ct = 0.005002, ndl = 5', bdl = 63', odl = 3', odf = 28', bsi = 1', cnt = 46', bdch = 696', odch = 115', lcp = 79', #sols = 150
<DWph=0> <it= 16> <et=5.57> <Mt= 0.01> <Spt= 0.04> <nCl= 13> <al=0.29> <DB= 1288.9354> <Mlp= 1309.3924> <PB=1339.1> 
    RCSP exact solver info for graph G_1 : TT = 0.032339, pt = 0.000816, dt = 0.025873, ct = 0.005191, ndl = 6', bdl = 65', odl = 3', odf = 28', bsi = 1', cnt = 50', bdch = 737', odch = 120', lcp = 84', #sols = 150
    RCSP exact solver info for graph G_1 : TT = 0.031525, pt = 0.000666, dt = 0.025131, ct = 0.005276, ndl = 6', bdl = 66', odl = 2', odf = 29', bsi = 1', cnt = 51', bdch = 748', odch = 122', lcp = 86', #sols = 150
<DWph=0> <it= 17> <et=5.65> <Mt= 0.00> <Spt= 0.07> <nCl= 24> <al=0.00> <DB= 1299.3924> <Mlp= 1309.3924> <PB=1339.1> 
    RCSP exact solver info for graph G_1 : TT = 0.033295, pt = 0.000809, dt = 0.026921, ct = 0.005096, ndl = 5', bdl = 63', odl = 2', odf = 28', bsi = 1', cnt = 45', bdch = 687', odch = 110', lcp = 77', #sols = 150
    RCSP exact solver info for graph G_1 : TT = 0.031468, pt = 0.000704, dt = 0.025064, ct = 0.00525, ndl = 6', bdl = 66', odl = 2', odf = 28', bsi = 1', cnt = 50', bdch = 742', odch = 121', lcp = 85', #sols = 150
<DWph=0> <it= 18> <et=5.72> <Mt= 0.00> <Spt= 0.07> <nCl=  1> <al=0.00> <DB= 1309.3924> <Mlp= 1309.3924> <PB=1339.1> 
Dynamic params and stats :  aver.obdmd = 23.2031 aver.buck.num. = 26 nbR1C = 66 with avMem = 8.74242
@@ 1 9 1309.39 0.0306633 0.032017 42.7854 5.72
    Full reduced cost fixing is not called (gap ratio is 0.917174)
ColGenEvalAlg final dual bound: 1309.39 (rounded: 1310)
Gap improvement since the last cut separation : 0.0418656 (1308.09)
Current active cuts : CAP(15,319.751) R1C(2+64,94.26) 1rowPackR1C(2) 3rowPackR1C(38) 4rowPackR1C(11) 5rowPackR1C(15)
Shrinking heuristic shrunk 9 edges
In total 3 RCC cut(s) are found by the Fractional capacity min-cut heuristic 
In total 3 RCC cut(s) are found by the global pool greedy search heuristic 
3 Rank-1 1-rows pack. cuts added ,  max viol. = 0.152381, aver. viol. = 0.0740354
73 Rank-1 3-rows pack. cuts added ,  max viol. = 0.0967826, aver. viol. = 0.0438573
Building structures for heuristic rank-1 packing cut separation...done!
96 Rank-1 4-rows pack. cuts added ,  max viol. = 0.114536, aver. viol. = 0.049424
100 Rank-1 5-rows pack. cuts added ,  max viol. = 0.125511, aver. viol. = 0.0741475
----- Add fac. cuts : CAP(6) R1C(272), max.viol = 0.247553, aver.viol = 0.0673235, sep/add took 0.617618/0.204803 sec. -----
3201 columns (3201 active), 670 dyn. constrs. (361 active), 1500 art. vars. (487 active)
<DWph=2> <it=  1> <et=6.60> <Mt= 0.03> <Spt= 0.01> <nCl=  2> <al=0.50> <DB= 1308.2800> <Mlp= 1310.3042> <PB=1339.1> 
<DWph=2> <it=  2> <et=6.62> <Mt= 0.00> <Spt= 0.01> <nCl=  7> <al=0.10> <DB= 1304.9489> <Mlp= 1310.2513> <PB=1339.1> 
<DWph=2> <it=  3> <et=6.64> <Mt= 0.01> <Spt= 0.02> <nCl=  3> <al=0.00> <DB= 1310.2501> <Mlp= 1310.2501> <PB=1339.1> 
<DWph=1> <it=  4> <et=6.65> <Mt= 0.00> <Spt= 0.01> <nCl=  7> <al=0.35> <DB= 1297.2449> <Mlp= 1310.2501> <PB=1339.1> 
<DWph=1> <it=  5> <et=6.67> <Mt= 0.00> <Spt= 0.01> <nCl=  7> <al=0.25> <DB= 1302.4296> <Mlp= 1310.1803> <PB=1339.1> 
<DWph=1> <it=  6> <et=6.69> <Mt= 0.01> <Spt= 0.02> <nCl=  2> <al=0.00> <DB= 1310.1678> <Mlp= 1310.1678> <PB=1339.1> 
    RCSP exact solver info for graph G_1 : TT = 0.036121, pt = 0.000597, dt = 0.028507, ct = 0.006603, ndl = 7', bdl = 71', odl = 3', odf = 33', bsi = 1', cnt = 117', bdch = 889', odch = 188', lcp = 132', #sols = 150
<DWph=0> <it=  7> <et=6.75> <Mt= 0.00> <Spt= 0.06> <nCl= 77> <al=0.23> <DB= 1289.5400> <Mlp= 1310.1678> <PB=1339.1> 
    RCSP exact solver info for graph G_1 : TT = 0.037044, pt = 0.000717, dt = 0.029533, ct = 0.006348, ndl = 7', bdl = 73', odl = 3', odf = 33', bsi = 1', cnt = 77', bdch = 935', odch = 196', lcp = 139', #sols = 150
<DWph=0> <it=  8> <et=6.80> <Mt= 0.01> <Spt= 0.04> <nCl= 39> <al=0.13> <DB= 1301.2583> <Mlp= 1310.1531> <PB=1339.1> 
    RCSP exact solver info for graph G_1 : TT = 0.037099, pt = 0.000705, dt = 0.029544, ct = 0.006402, ndl = 7', bdl = 73', odl = 3', odf = 33', bsi = 1', cnt = 77', bdch = 954', odch = 201', lcp = 141', #sols = 150
    RCSP exact solver info for graph G_1 : TT = 0.034641, pt = 0.000602, dt = 0.027535, ct = 0.006079, ndl = 6', bdl = 70', odl = 3', odf = 32', bsi = 1', cnt = 73', bdch = 871', odch = 184', lcp = 127', #sols = 150
<DWph=0> <it=  9> <et=6.89> <Mt= 0.00> <Spt= 0.08> <nCl= 21> <al=0.00> <DB= 1310.1531> <Mlp= 1310.1531> <PB=1339.1> 
Dynamic params and stats :  aver.obdmd = 23.2031 aver.buck.num. = 26 nbR1C = 60 with avMem = 8.68333
@@ 1 10 1310.15 0.0351378 0.035946 42.7854 6.89
Labels distribution in buckets (bucket size) : largest - 155, top 0.1% - 155, top 0.5% - 107, top 2% - 74, top 10% - 23, top 50% - 4
Reduced cost fixing for graph G_1... 37242 buck. arcs remain (92.2% from prev., 39.5% from max.) + 9433 jump buck. arcs (10% from max.)
 TT = 0.185866, pt = 0.020407, dt = 0.094607, ct = 0.070492, ndl = 31', bdl = 449', odl = 6', odf = 135', lpcb = 309', cnt = 847', bdch = 7177', odch = 1407', lcp = 819'
Labels distribution in buckets (bucket size) : largest - 155, top 0.1% - 155, top 0.5% - 139, top 2% - 83, top 10% - 24, top 50% - 4
Run forward enumeration with border = 50... succeeded! lpt = 1.83081, ndl = 195', dl = 191', lpcb = 6594', dch = 3870'
Run enumeration concatenation with time limit 1.02648 sec.... time limit reached, not succeeded.
Sorting and storing enumerated solutions ...  TT = 3.41311, pt = 0, dt = 1.83081, ct = 1.07154, ndl = 195', bdl = 191', lpcb = 6594', cnt = 8830', bdch = 3870', odch = 0', lcp = 0'
ColGenEvalAlg final dual bound: 1310.15 (rounded: 1311)
Gap improvement since the last cut separation : 0.0256085 (1309.39)
Current active cuts : CAP(13,292.297) R1C(1+59,105.368) 1rowPackR1C(1) 3rowPackR1C(34) 4rowPackR1C(14) 5rowPackR1C(11)
Shrinking heuristic shrunk 12 edges
In total 2 RCC cut(s) are found by the global pool greedy search heuristic 
2 Rank-1 1-rows pack. cuts added ,  max viol. = 0.0645793, aver. viol. = 0.049576
5 Rank-1 3-rows pack. cuts added ,  max viol. = 0.106327, aver. viol. = 0.0696673
Building structures for heuristic rank-1 packing cut separation...done!
20 Rank-1 4-rows pack. cuts added ,  max viol. = 0.12818, aver. viol. = 0.094439
100 Rank-1 5-rows pack. cuts added ,  max viol. = 0.186562, aver. viol. = 0.0856042
----- Add fac. cuts : CAP(2) R1C(127), max.viol = 0.187541, aver.viol = 0.107977, sep/add took 0.493535/0.10613 sec. -----
3366 columns (3366 active), 490 dyn. constrs. (207 active), 1629 art. vars. (333 active)
<DWph=2> <it=  1> <et=11.14> <Mt= 0.02> <Spt= 0.01> <nCl=  1> <al=0.50> <DB= 1310.2645> <Mlp= 1310.3758> <PB=1339.1> 
<DWph=2> <it=  2> <et=11.15> <Mt= 0.00> <Spt= 0.01> <nCl=  2> <al=0.40> <DB= 1310.1479> <Mlp= 1310.3684> <PB=1339.1> 
<DWph=2> <it=  3> <et=11.16> <Mt= 0.00> <Spt= 0.01> <nCl=  4> <al=0.00> <DB= 1309.9214> <Mlp= 1310.3675> <PB=1339.1> 
<DWph=2> <it=  4> <et=11.18> <Mt= 0.01> <Spt= 0.01> <nCl=  0> <al=0.00> <DB= 1310.3675> <Mlp= 1310.3675> <PB=1339.1> 
<DWph=1> <it=  5> <et=11.19> <Mt= 0.00> <Spt= 0.01> <nCl=  1> <al=0.26> <DB= 1307.1269> <Mlp= 1310.3675> <PB=1339.1> 
<DWph=1> <it=  6> <et=11.21> <Mt= 0.00> <Spt= 0.02> <nCl=  0> <al=0.00> <DB= 1310.3673> <Mlp= 1310.3673> <PB=1339.1> 
    RCSP exact solver info for graph G_1 : TT = 0.033821, pt = 0.000648, dt = 0.02667, ct = 0.006065, ndl = 6', bdl = 61', odl = 3', odf = 31', bsi = 1', cnt = 76', bdch = 777', odch = 164', lcp = 114', #sols = 150
<DWph=0> <it=  7> <et=11.25> <Mt= 0.00> <Spt= 0.04> <nCl= 14> <al=0.23> <DB= 1306.4163> <Mlp= 1310.3673> <PB=1339.1> 
    RCSP exact solver info for graph G_1 : TT = 0.034682, pt = 0.000757, dt = 0.027341, ct = 0.006104, ndl = 6', bdl = 61', odl = 3', odf = 31', bsi = 1', cnt = 79', bdch = 769', odch = 167', lcp = 116', #sols = 150
<DWph=0> <it=  8> <et=11.29> <Mt= 0.00> <Spt= 0.04> <nCl= 16> <al=0.13> <DB= 1308.3480> <Mlp= 1310.3644> <PB=1339.1> 
    RCSP exact solver info for graph G_1 : TT = 0.03466, pt = 0.00074, dt = 0.027397, ct = 0.006049, ndl = 6', bdl = 61', odl = 3', odf = 31', bsi = 1', cnt = 79', bdch = 772', odch = 170', lcp = 117', #sols = 150
<DWph=0> <it=  9> <et=11.33> <Mt= 0.01> <Spt= 0.04> <nCl= 10> <al=0.22> <DB= 1309.7916> <Mlp= 1310.3629> <PB=1339.1> 
    RCSP exact solver info for graph G_1 : TT = 0.033922, pt = 0.000745, dt = 0.026798, ct = 0.005913, ndl = 6', bdl = 60', odl = 3', odf = 31', bsi = 1', cnt = 71', bdch = 743', odch = 157', lcp = 109', #sols = 150
    RCSP exact solver info for graph G_1 : TT = 0.033107, pt = 0.000689, dt = 0.02612, ct = 0.005854, ndl = 6', bdl = 60', odl = 3', odf = 31', bsi = 1', cnt = 73', bdch = 742', odch = 158', lcp = 110', #sols = 150
<DWph=0> <it= 10> <et=11.41> <Mt= 0.00> <Spt= 0.07> <nCl=  3> <al=0.00> <DB= 1310.3629> <Mlp= 1310.3629> <PB=1339.1> 
Dynamic params and stats :  aver.obdmd = 23.2031 aver.buck.num. = 26 nbR1C = 70 with avMem = 8.62857
@@ 1 11 1310.36 0.0328622 0.033446 39.4663 11.41
    Full reduced cost fixing is not called (gap ratio is 0.992728)
ColGenEvalAlg final dual bound: 1310.36 (rounded: 1311)
Gap improvement since the last cut separation : 0.00724686 (1310.15)
Cut generation tailing off counter increased to 2
Current active cuts : CAP(14,297.904) R1C(2+68,106.769) 1rowPackR1C(2) 3rowPackR1C(36) 4rowPackR1C(15) 5rowPackR1C(17)
Shrinking heuristic shrunk 10 edges
In total 4 RCC cut(s) are found by the Fractional capacity min-cut heuristic 
In total 6 RCC cut(s) are found by the greedy construction heuristic 
In total 8 RCC cut(s) are found by the global pool greedy search heuristic 
3 Rank-1 1-rows pack. cuts added ,  max viol. = 0.0346369, aver. viol. = 0.0300186
47 Rank-1 3-rows pack. cuts added ,  max viol. = 0.118883, aver. viol. = 0.0401379
Building structures for heuristic rank-1 packing cut separation...done!
43 Rank-1 4-rows pack. cuts added ,  max viol. = 0.118883, aver. viol. = 0.0469897
100 Rank-1 5-rows pack. cuts added ,  max viol. = 0.121564, aver. viol. = 0.0816715
----- Add fac. cuts : CAP(18) R1C(193), max.viol = 0.238883, aver.viol = 0.0747322, sep/add took 0.544367/0.175787 sec. -----
3417 columns (3417 active), 418 dyn. constrs. (297 active), 1840 art. vars. (423 active)
<DWph=2> <it=  1> <et=12.18> <Mt= 0.02> <Spt= 0.01> <nCl=  2> <al=0.50> <DB= 1306.5058> <Mlp= 1310.8185> <PB=1339.1> 
<DWph=2> <it=  2> <et=12.20> <Mt= 0.00> <Spt= 0.01> <nCl=  9> <al=0.10> <DB= 1293.4172> <Mlp= 1310.8185> <PB=1339.1> 
<DWph=2> <it=  3> <et=12.21> <Mt= 0.00> <Spt= 0.01> <nCl=  1> <al=0.45> <DB= 1308.0897> <Mlp= 1310.8048> <PB=1339.1> 
<DWph=2> <it=  4> <et=12.24> <Mt= 0.01> <Spt= 0.02> <nCl=  3> <al=0.00> <DB= 1310.7968> <Mlp= 1310.7968> <PB=1339.1> 
<DWph=1> <it=  5> <et=12.25> <Mt= 0.00> <Spt= 0.01> <nCl=  6> <al=0.41> <DB= 1306.0683> <Mlp= 1310.7968> <PB=1339.1> 
<DWph=1> <it=  6> <et=12.28> <Mt= 0.01> <Spt= 0.02> <nCl=  1> <al=0.00> <DB= 1310.7910> <Mlp= 1310.7910> <PB=1339.1> 
    RCSP exact solver info for graph G_1 : TT = 0.037071, pt = 0.00072, dt = 0.029313, ct = 0.006617, ndl = 7', bdl = 66', odl = 3', odf = 34', bsi = 1', cnt = 81', bdch = 884', odch = 187', lcp = 127', #sols = 150
<DWph=0> <it=  7> <et=12.33> <Mt= 0.00> <Spt= 0.05> <nCl= 49> <al=0.36> <DB= 1295.0810> <Mlp= 1310.7910> <PB=1339.1> 
    RCSP exact solver info for graph G_1 : TT = 0.036808, pt = 0.000871, dt = 0.029114, ct = 0.006346, ndl = 7', bdl = 65', odl = 3', odf = 33', bsi = 1', cnt = 68', bdch = 847', odch = 169', lcp = 117', #sols = 150
<DWph=0> <it=  8> <et=12.38> <Mt= 0.01> <Spt= 0.04> <nCl= 11> <al=0.26> <DB= 1306.6067> <Mlp= 1310.7516> <PB=1339.1> 
    RCSP exact solver info for graph G_1 : TT = 0.03635, pt = 0.000852, dt = 0.028792, ct = 0.00627, ndl = 7', bdl = 64', odl = 3', odf = 32', bsi = 1', cnt = 67', bdch = 826', odch = 166', lcp = 114', #sols = 150
    RCSP exact solver info for graph G_1 : TT = 0.035821, pt = 0.000765, dt = 0.028279, ct = 0.006313, ndl = 7', bdl = 64', odl = 3', odf = 32', bsi = 1', cnt = 68', bdch = 839', odch = 168', lcp = 116', #sols = 150
<DWph=0> <it=  9> <et=12.46> <Mt= 0.00> <Spt= 0.08> <nCl= 18> <al=0.00> <DB= 1310.7505> <Mlp= 1310.7505> <PB=1339.1> 
Dynamic params and stats :  aver.obdmd = 23.2031 aver.buck.num. = 26 nbR1C = 79 with avMem = 8.43038
@@ 1 12 1310.75 0.035261 0.03593 39.4663 12.46
    Full reduced cost fixing is not called (gap ratio is 0.979291)
ColGenEvalAlg final dual bound: 1310.75 (rounded: 1311)
Gap improvement since the last cut separation : 0.0134882 (1310.36)
----- Cut generation is stopped due to tailing off -----
Current active cuts : CAP(15,325.394) R1C(3+76,112.526) 1rowPackR1C(3) 3rowPackR1C(34) 4rowPackR1C(20) 5rowPackR1C(22)
------------------------------------------------
-- Enumeration for restr. mast. heur. started --
------------------------------------------------
<DWph=2> <it=  1> <et=12.50> <Mt= 0.00> <Spt= 0.00> <nCl=  0> <al=0.50> <DB= 1310.7505> <Mlp= 1310.7505> <PB=1339.1> 
<DWph=1> <it=  2> <et=12.50> <Mt= 0.00> <Spt= 0.00> <nCl=  0> <al=0.50> <DB= 1310.7505> <Mlp= 1310.7505> <PB=1339.1> 
@@ 2 0 1310.75 0 0 39.4663 12.5
<DWph=1> <it=  2> <et=12.50> <Mt= 0.00> <Spt= 0.00> <nCl=  0> <al=0.00> <DB= 1310.7505> <Mlp= 1310.7505> <PB=1339.1> 
False gap = 28.3495
Labels distribution in buckets (bucket size) : largest - 143, top 0.1% - 143, top 0.5% - 96, top 2% - 67, top 10% - 25, top 50% - 4
Reduced cost fixing for graph G_1... 36872 buck. arcs remain (99% from prev., 39.1% from max.) + 9474 jump buck. arcs (10% from max.)
 TT = 0.239816, pt = 0.02213, dt = 0.133518, ct = 0.083648, ndl = 40', bdl = 540', odl = 9', odf = 179', lpcb = 295', cnt = 880', bdch = 8833', odch = 1634', lcp = 969'
Labels distribution in buckets (bucket size) : largest - 143, top 0.1% - 143, top 0.5% - 134, top 2% - 75, top 10% - 27, top 50% - 4
Run forward enumeration with border = 50... not succeeded (ratio 0.913792) lpt = 0.019803, ndl = 14', dl = 1', lpcb = 35', dch = 23'
 TT = 0.022543, pt = 0.000241, dt = 0.019803, ct = 0, ndl = 14', bdl = 1', lpcb = 35', cnt = 81', bdch = 23', odch = 0', lcp = 0'
False gap = 14.1747
Labels distribution in buckets (bucket size) : largest - 143, top 0.1% - 143, top 0.5% - 134, top 2% - 75, top 10% - 27, top 50% - 4
Reduced cost fixing for graph G_1... 19670 buck. arcs remain (53.3% from prev., 20.8% from max.) + 8836 jump buck. arcs (9.36% from max.)
 TT = 0.165132, pt = 0.021921, dt = 0.09119, ct = 0.051665, ndl = 37', bdl = 319', odl = 8', odf = 156', lpcb = 466', cnt = 492', bdch = 4650', odch = 1160', lcp = 722'
Labels distribution in buckets (bucket size) : largest - 143, top 0.1% - 143, top 0.5% - 134, top 2% - 75, top 10% - 27, top 50% - 4
Run forward enumeration with border = 50... succeeded! lpt = 0.191794, ndl = 30', dl = 14', lpcb = 630', dch = 160'
Run enumeration concatenation with time limit 3000 sec.... succeeded!
Sorting and storing enumerated solutions ... done!
 TT = 0.462609, pt = 0, dt = 0.191794, ct = 0.173129, ndl = 30', bdl = 14', lpcb = 630', cnt = 1206', bdch = 160', odch = 0', lcp = 0'
Enumeration succeeded!, number of elem. solutions is 57061
57061 enum. solutions in graph 1
Added 1633 columns in the formulation 
Removed 1884 columns (not in the enumerated set) from the formulation
Regenerated 1633 columns with the 'enumerated' flag
Added 5000 enum. columns to the heuristic restricted master 
Added 4572 columns in the formulation 
------------------------------------------------
---- Restricted Master IP Heuristic started ----
------------------------------------------------
Version identifier: 20.1.0.0 | 2020-11-10 | 9bedb6d68
CPXPARAM_Advance                                 0
CPXPARAM_Threads                                 1
CPXPARAM_Emphasis_MIP                            1
CPXPARAM_MIP_Limits_Nodes                        2000000
CPXPARAM_Simplex_Tolerances_Optimality           9.9999999999999995e-08
CPXPARAM_Simplex_Tolerances_Feasibility          9.9999999999999995e-08
CPXPARAM_TimeLimit                               20
CPXPARAM_MIP_Tolerances_UpperCutoff              1339.0000010000001
CPXPARAM_MIP_Tolerances_MIPGap                   1.0000000000000001e-09
Tried aggregator 1 time.
MIP Presolve eliminated 7 rows and 1018 columns.
MIP Presolve modified 16757 coefficients.
Reduced MIP has 152 rows, 5187 columns, and 109338 nonzeros.
Reduced MIP has 5187 binaries, 0 generals, 0 SOSs, and 0 indicators.
Presolve time = 0.09 sec. (115.08 ticks)
Tried aggregator 1 time.
Detecting symmetries...
Reduced MIP has 152 rows, 5187 columns, and 109338 nonzeros.
Reduced MIP has 5187 binaries, 0 generals, 0 SOSs, and 0 indicators.
Presolve time = 0.05 sec. (68.60 ticks)
Probing fixed 476 vars, tightened 0 bounds.
Probing time = 0.60 sec. (1013.98 ticks)
Clique table members: 442.
MIP emphasis: integer feasibility.
MIP search method: dynamic search.
Parallel mode: none, using 1 thread.
Root relaxation solution time = 0.06 sec. (83.44 ticks)

        Nodes                                         Cuts/
   Node  Left     Objective  IInf  Best Integer    Best Bound    ItCnt     Gap

      0     0     1310.9498    89                   1310.9498      852         
      0     0     1311.6344    96                    Cuts: 30     1012         
      0     0     1311.9240   100                    Cuts: 16     1204         
      0     0     1312.0031    97                     Cuts: 3     1319         
Detecting symmetries...
      0     2     1312.0031    97                   1312.0031     1319         
Elapsed time = 1.37 sec. (2118.30 ticks, tree = 0.01 MB, solutions = 0)
     40    36     1321.5000     4                   1312.0031     3328         
*    59    43      integral     0     1335.0000     1312.0031     3633    1.72%
     90    56     1315.4713    63     1335.0000     1312.0748     4964    1.72%
    140   106     1324.1250    41     1335.0000     1312.0748     6217    1.72%
    213   179     1330.2370    50     1335.0000     1312.0748     7449    1.72%
    251   213     1319.2500    18     1335.0000     1312.0748     8279    1.72%
*   270+  215                         1332.0000     1312.0748             1.50%
*   290    82      integral     0     1322.0000     1312.0748     8803    0.75%
*   330+   72                         1321.0000     1312.0748             0.68%
    344    80     1312.4622    90     1321.0000     1312.0854    10591    0.67%
    368   104     1319.1515    85     1321.0000     1312.0854    12250    0.67%
*   377    84      integral     0     1320.0000     1312.0854    12752    0.60%
*   381    64      integral     0     1319.0000     1312.0854    13054    0.52%
*   389    35      integral     0     1318.0000     1312.0854    13402    0.45%
*   393     5      integral     0     1315.0000     1312.4796    13735    0.19%
*   397     3      integral     0     1314.0000     1312.7705    13920    0.09%

Clique cuts applied:  9
Cover cuts applied:  1
Zero-half cuts applied:  7
Gomory fractional cuts applied:  1

Root node processing (before b&c):
  Real time             =    1.37 sec. (2119.00 ticks)
Sequential b&c:
  Real time             =    1.21 sec. (2021.52 ticks)
                          ------------
Total (root+branch&cut) =    2.59 sec. (4140.51 ticks)
Solution status = Optimum
**** Strong branching phase 1 is started *****
SB phase 1 cand.  1 branch on EDGE[7,23] (lhs=0.4834) : [ 1311.0035,  1311.1015], score = 0.09      <et=16.42>
SB phase 1 cand.  2 branch on EDGE[20,28] (lhs=0.5247): [ 1311.2460,  1311.9892], score = 0.61      <et=16.46>
SB phase 1 cand.  3 branch on EDGE[0,61] (lhs=0.5313) : [ 1311.0472,  1311.6912], score = 0.28      <et=16.49>
SB phase 1 cand.  4 branch on EDGE[28,57] (lhs=0.5597): [ 1311.4647,  1311.6958], score = 0.68      <et=16.52>
SB phase 1 cand.  5 branch on EDGE[16,54] (lhs=0.4356): [ 1311.0335,  1312.1961], score = 0.41      <et=16.55>
SB phase 1 cand.  6 branch on EDGE[0,13] (lhs=0.5675) : [ 1310.7505,  1311.4278], score = 0.00      <et=16.57>
SB phase 1 cand.  7 branch on EDGE[44,50] (lhs=0.5725): [ 1311.1362,  1311.8824], score = 0.44      <et=16.6>
SB phase 1 cand.  8 branch on EDGE[0,30] (lhs=0.5752) : [ 1311.1812,  1311.3778], score = 0.27      <et=16.63>
SB phase 1 cand.  9 branch on EDGE[4,26] (lhs=0.5791) : [ 1310.7659,  1311.1452], score = 0.01      <et=16.65>
SB phase 1 cand. 10 branch on EDGE[31,51] (lhs=0.4174): [ 1311.4942,  1312.2308], score = 1.10      <et=16.69>
SB phase 1 cand. 11 branch on EDGE[0,36] (lhs=0.4170) : [ 1311.1590,  1311.8132], score = 0.43      <et=16.72>
SB phase 1 cand. 12 branch on EDGE[0,24] (lhs=0.6090) : [ 1311.4779,  1312.8964], score = 1.56      <et=16.76>
SB phase 1 cand. 13 branch on EDGE[54,60] (lhs=0.3898): [ 1311.3876,  1311.5066], score = 0.48      <et=16.79>
SB phase 1 cand. 14 branch on EDGE[21,61] (lhs=0.3832): [ 1310.8632,  1312.5161], score = 0.20      <et=16.82>
SB phase 1 cand. 15 branch on EDGE[46,61] (lhs=0.3779): [ 1311.0982,  1311.6567], score = 0.32      <et=16.85>
SB phase 1 cand. 16 branch on EDGE[60,61] (lhs=0.3765): [ 1310.8819,  1313.8380], score = 0.41      <et=16.88>
SB phase 1 cand. 17 branch on EDGE[51,58] (lhs=0.6305): [ 1311.2187,  1312.5404], score = 0.84      <et=16.91>
SB phase 1 cand. 18 branch on EDGE[24,46] (lhs=0.3364): [ 1310.9014,  1313.6923], score = 0.44      <et=16.94>
SB phase 1 cand. 19 branch on EDGE[50,62] (lhs=0.3302): [ 1311.1002,  1311.1689], score = 0.15      <et=16.96>
SB phase 1 cand. 20 branch on EDGE[0,50] (lhs=0.6737) : [ 1311.0803,  1311.2028], score = 0.15      <et=16.99>
SB phase 1 cand. 21 branch on EDGE[32,34] (lhs=0.6912): [ 1311.3248,  1312.3636], score = 0.93      <et=17.02>
SB phase 1 cand. 22 branch on EDGE[37,60] (lhs=0.7104): [ 1311.3176,  1313.1268], score = 1.35      <et=17.06>
SB phase 1 cand. 23 branch on EDGE[29,56] (lhs=0.7122): [ 1311.2855,  1311.5067], score = 0.40      <et=17.09>
SB phase 1 cand. 24 branch on EDGE[28,50] (lhs=0.2877): [ 1310.9790,  1312.1132], score = 0.31      <et=17.12>
SB phase 1 cand. 25 branch on EDGE[0,51] (lhs=0.2874) : [ 1310.8256,  1312.0646], score = 0.10      <et=17.15>
SB phase 1 cand. 26 branch on EDGE[23,46] (lhs=0.7128): [ 1311.0910,  1312.1424], score = 0.47      <et=17.18>
SB phase 1 cand. 27 branch on EDGE[22,55] (lhs=0.7184): [ 1311.6165,  1312.3767], score = 1.41      <et=17.21>
SB phase 1 cand. 28 branch on EDGE[0,16] (lhs=0.2684) : [ 1310.9502,  1311.4959], score = 0.15      <et=17.24>
SB phase 1 cand. 29 branch on EDGE[36,43] (lhs=0.7339): [ 1311.2316,  1311.2888], score = 0.26      <et=17.27>
SB phase 1 cand. 30 branch on EDGE[28,32] (lhs=0.2622): [ 1310.7881,  1314.0086], score = 0.12      <et=17.29>
SB phase 1 cand. 31 branch on EDGE[0,58] (lhs=0.2609) : [ 1310.9322,  1314.0000], score = 0.59      <et=17.32>
SB phase 1 cand. 32 branch on EDGE[24,33] (lhs=0.2609): [ 1311.0625,  1314.0000], score = 1.01      <et=17.35>
SB phase 1 cand. 33 branch on EDGE[0,33] (lhs=0.2563) : [ 1310.8230,  1312.7345], score = 0.14      <et=17.37>
SB phase 1 cand. 34 branch on EDGE[51,62] (lhs=0.2563): [ 1310.8230,  1312.5629], score = 0.13      <et=17.4>
SB phase 1 cand. 35 branch on EDGE[1,9] (lhs=0.7510)  : [ 1311.6036,  1311.6474], score = 0.77      <et=17.44>
SB phase 1 cand. 36 branch on EDGE[18,45] (lhs=0.7510): [ 1311.5754,  1311.5768], score = 0.68      <et=17.47>
SB phase 1 cand. 37 branch on EDGE[12,41] (lhs=0.7510): [ 1311.5270,  1311.5768], score = 0.64      <et=17.5>
SB phase 1 cand. 38 branch on EDGE[0,40] (lhs=0.2451) : [ 1311.5575,  1312.5389], score = 1.44      <et=17.54>
SB phase 1 cand. 39 branch on EDGE[0,54] (lhs=0.7567) : [ 1310.9762,  1311.0642], score = 0.07      <et=17.57>
SB phase 1 cand. 40 branch on EDGE[5,18] (lhs=0.2428) : [ 1311.4491,  1312.2371], score = 1.04      <et=17.6>
SB phase 1 cand. 41 branch on EDGE[5,49] (lhs=0.7572) : [ 1311.5288,  1311.7226], score = 0.76      <et=17.64>
SB phase 1 cand. 42 branch on EDGE[25,40] (lhs=0.7611): [ 1311.0233,  1312.3479], score = 0.44      <et=17.66>
SB phase 1 cand. 43 branch on EDGE[30,43] (lhs=0.2389): [ 1310.9296,  1311.4606], score = 0.13      <et=17.69>
SB phase 1 cand. 44 branch on EDGE[17,56] (lhs=0.7611): [ 1311.8813,  1313.5349], score = 3.15      <et=17.73>
SB phase 1 cand. 45 branch on EDGE[0,53] (lhs=0.7631) : [ 1311.1415,  1311.7015], score = 0.37      <et=17.76>
SB phase 1 cand. 46 branch on EDGE[13,57] (lhs=0.2350): [ 1310.7569,  1317.8568], score = 0.05      <et=17.79>
SB phase 1 cand. 47 branch on EDGE[24,31] (lhs=0.2347): [ 1311.0440,  1313.3676], score = 0.77      <et=17.83>
SB phase 1 cand. 48 branch on EDGE[4,20] (lhs=0.2311) : [ 1311.0389,  1314.6700], score = 1.13      <et=17.86>
SB phase 1 cand. 49 branch on EDGE[7,46] (lhs=0.2302) : [ 1310.7965,  1311.3637], score = 0.03      <et=17.88>
SB phase 1 cand. 50 branch on EDGE[9,12] (lhs=0.2302) : [ 1311.3737,  1311.7355], score = 0.61      <et=17.91>
SB phase 1 cand. 51 branch on EDGE[0,41] (lhs=0.7753) : [ 1311.5548,  1311.5845], score = 0.67      <et=17.94>
SB phase 1 cand. 52 branch on EDGE[0,26] (lhs=0.2234) : [ 1311.0252,  1311.3872], score = 0.17      <et=17.97>
SB phase 1 cand. 53 branch on EDGE[0,29] (lhs=0.2162) : [ 1311.1216,  1311.6218], score = 0.32      <et=17.99>
SB phase 1 cand. 54 branch on EDGE[29,40] (lhs=0.7838): [ 1311.3143,  1311.6181], score = 0.49      <et=18.02>
SB phase 1 cand. 55 branch on EDGE[1,41] (lhs=0.2126) : [ 1311.5525,  1311.7143], score = 0.77      <et=18.06>
SB phase 1 cand. 56 branch on EDGE[0,56] (lhs=0.2122) : [ 1311.2092,  1314.3333], score = 1.64      <et=18.09>
SB phase 1 cand. 57 branch on EDGE[44,51] (lhs=0.2055): [ 1311.0206,  1314.0000], score = 0.88      <et=18.12>
SB phase 1 cand. 58 branch on EDGE[21,33] (lhs=0.2011): [ 1310.8997,  1315.2621], score = 0.67      <et=18.15>
SB phase 1 cand. 59 branch on EDGE[15,49] (lhs=0.8059): [ 1311.0514,  1312.5712], score = 0.55      <et=18.19>
SB phase 1 cand. 60 branch on EDGE[0,18] (lhs=0.8059) : [ 1311.1929,  1311.8087], score = 0.47      <et=18.22>
SB phase 1 cand. 61 branch on EDGE[38,43] (lhs=0.1937): [ 1310.9838,  1311.6974], score = 0.22      <et=18.25>
SB phase 1 cand. 62 branch on EDGE[30,38] (lhs=0.8063): [ 1311.2942,  1311.7039], score = 0.52      <et=18.28>
SB phase 1 cand. 63 branch on EDGE[0,8] (lhs=0.8076)  : [ 1310.8288,  1311.7124], score = 0.08      <et=18.31>
SB phase 1 cand. 64 branch on EDGE[15,53] (lhs=0.1879): [ 1310.9444,  1313.4730], score = 0.53      <et=18.34>
SB phase 1 cand. 65 branch on EDGE[0,21] (lhs=0.8140) : [ 1310.8180,  1311.5489], score = 0.05      <et=18.36>
SB phase 1 cand. 66 branch on EDGE[4,30] (lhs=0.1820) : [ 1310.9838,  1313.3538], score = 0.61      <et=18.4>
SB phase 1 cand. 67 branch on EDGE[0,31] (lhs=0.8190) : [ 1310.8795,  1311.7933], score = 0.13      <et=18.43>
SB phase 1 cand. 68 branch on EDGE[7,21] (lhs=0.1803) : [ 1310.7937,  1311.5705], score = 0.04      <et=18.45>
SB phase 1 cand. 69 branch on EDGE[20,26] (lhs=0.1781): [ 1310.9774,  1317.2768], score = 1.48      <et=18.49>
SB phase 1 cand. 70 branch on EDGE[13,28] (lhs=0.1781): [ 1311.3396,  1311.7530], score = 0.59      <et=18.52>
SB phase 1 cand. 71 branch on EDGE[0,62] (lhs=0.8219) : [ 1311.0000,  1311.8817], score = 0.28      <et=18.55>
SB phase 1 cand. 72 branch on EDGE[36,48] (lhs=0.8219): [ 1310.9696,  1312.5830], score = 0.40      <et=18.58>
SB phase 1 cand. 73 branch on EDGE[9,41] (lhs=0.1763) : [ 1311.0155,  1311.9195], score = 0.31      <et=18.61>
SB phase 1 cand. 74 branch on EDGE[43,52] (lhs=0.8258): [ 1310.9517,  1312.1489], score = 0.28      <et=18.64>
SB phase 1 cand. 75 branch on EDGE[16,56] (lhs=0.1710): [ 1310.7505,  1317.7500], score = 0.00      <et=18.67>
SB phase 1 cand. 76 branch on EDGE[30,48] (lhs=0.1704): [ 1310.9145,  1314.0000], score = 0.53      <et=18.7>
SB phase 1 cand. 77 branch on EDGE[17,62] (lhs=0.1665): [ 1310.9665,  1316.1333], score = 1.16      <et=18.74>
SB phase 1 cand. 78 branch on EDGE[0,25] (lhs=0.8335) : [ 1310.8850,  1312.4355], score = 0.23      <et=18.77>
SB phase 1 cand. 79 branch on EDGE[21,23] (lhs=0.1659): [ 1310.7977,  1312.7000], score = 0.09      <et=18.79>
SB phase 1 cand. 80 branch on EDGE[6,27] (lhs=0.1642) : [ 1310.7563,  1310.7815], score = 0.00      <et=18.8>
SB phase 1 cand. 81 branch on EDGE[11,47] (lhs=0.8360): [ 1310.7737,  1312.3636], score = 0.04      <et=18.82>
SB phase 1 cand. 82 branch on EDGE[31,44] (lhs=0.1637): [ 1310.9111,  1313.0580], score = 0.37      <et=18.85>
SB phase 1 cand. 83 branch on EDGE[23,61] (lhs=0.1630): [ 1310.8007,  1312.2355], score = 0.07      <et=18.88>
SB phase 1 cand. 84 branch on EDGE[23,60] (lhs=0.1615): [ 1310.9756,  1313.1282], score = 0.54      <et=18.91>
SB phase 1 cand. 85 branch on EDGE[25,52] (lhs=0.1603): [ 1310.8841,  1318.8514], score = 1.08      <et=18.95>
SB phase 1 cand. 86 branch on EDGE[6,12] (lhs=0.8425) : [ 1311.1658,  1311.7871], score = 0.43      <et=18.98>
SB phase 1 cand. 87 branch on EDGE[2,9] (lhs=0.8425)  : [ 1310.9152,  1311.9908], score = 0.20      <et=19.01>
SB phase 1 cand. 88 branch on EDGE[2,12] (lhs=0.1575) : [ 1310.9152,  1311.9912], score = 0.20      <et=19.04>
SB phase 1 cand. 89 branch on EDGE[24,55] (lhs=0.1565): [ 1310.9334,  1316.2586], score = 1.01      <et=19.07>
SB phase 1 cand. 90 branch on EDGE[22,34] (lhs=0.1565): [ 1310.7505,  1314.1290], score = 0.00      <et=19.1>
SB phase 1 cand. 91 branch on EDGE[31,62] (lhs=0.1522): [ 1310.8212,  1313.4101], score = 0.19      <et=19.13>
SB phase 1 cand. 92 branch on EDGE[0,45] (lhs=0.1514) : [ 1310.8744,  1313.4084], score = 0.33      <et=19.16>
SB phase 1 cand. 93 branch on EDGE[24,62] (lhs=0.1437): [ 1310.7820,  1317.1863], score = 0.20      <et=19.19>
SB phase 1 cand. 94 branch on EDGE[14,40] (lhs=0.1392): [ 1310.8526,  1314.2080], score = 0.35      <et=19.22>
SB phase 1 cand. 95 branch on EDGE[14,53] (lhs=0.8608): [ 1311.0941,  1311.9912], score = 0.43      <et=19.26>
SB phase 1 cand. 96 branch on EDGE[18,49] (lhs=0.1390): [ 1310.8059,  1314.6582], score = 0.22      <et=19.29>
SB phase 1 cand. 97 branch on EDGE[25,49] (lhs=0.1390): [ 1310.8059,  1317.6496], score = 0.38      <et=19.32>
SB phase 1 cand. 98 branch on EDGE[23,31] (lhs=0.1335): [ 1310.7505,  1314.0000], score = 0.00      <et=19.33>
SB phase 1 cand. 99 branch on EDGE[21,46] (lhs=0.1297): [ 1310.7913,  1313.2758], score = 0.10      <et=19.36>
SB phase 1 cand. 100 branch on EDGE[46,60] (lhs=0.1257): [ 1310.8031,  1317.4596], score = 0.35      <et=19.4>
**** Strong branching phase 2 is started *****
<DWph=1> <it=  6> <et=19.52> <Mt= 0.03> <Spt= 0.09> <nCl= 11> <al=0.00> <DB= 1311.6105> <Mlp= 1311.6105> <PB=1314> 
<DWph=1> <it= 14> <et=19.84> <Mt= 0.04> <Spt= 0.17> <nCl= 53> <al=0.00> <DB= 1311.7348> <Mlp= 1311.7348> <PB=1314> 
SB phase 2 cand.  1 branch on EDGE[17,56] (lhs=0.7611): [ 1311.6105,  1311.7348], score = 0.85      <et=19.85>
<DWph=1> <it=  7> <et=20.02> <Mt= 0.06> <Spt= 0.09> <nCl= 18> <al=0.00> <DB= 1313.4424> <Mlp= 1313.4424> <PB=1314> 
<DWph=1> <it=  8> <et=20.17> <Mt= 0.02> <Spt= 0.12> <nCl= 18> <al=0.00> <DB= 1311.1299> <Mlp= 1311.1299> <PB=1314> 
SB phase 2 cand.  2 branch on EDGE[0,56] (lhs=0.2122) : [ 1311.1299,  1313.4424], score = 1.02      <et=20.17>
<DWph=1> <it=  8> <et=20.30> <Mt= 0.02> <Spt= 0.10> <nCl= 17> <al=0.00> <DB= 1312.2235> <Mlp= 1312.2235> <PB=1314> 
<DWph=1> <it=  8> <et=20.46> <Mt= 0.01> <Spt= 0.11> <nCl= 16> <al=0.00> <DB= 1311.4432> <Mlp= 1311.4432> <PB=1314> 
SB phase 2 cand.  3 branch on EDGE[0,24] (lhs=0.6090) : [ 1311.4432,  1312.2235], score = 1.02      <et=20.46>
**** Strong branching phase 3 is started *****
**** SB phase 3 evaluation of candidate 1, branch 1 ( EDGE[0,56] >= 1 ), value = 1313.44
<DWph=2> <it=  1> <et=20.49> <Mt= 0.01> <Spt= 0.02> <nCl=  0> <al=0.00> <DB= 1313.4424> <Mlp= 1313.4424> <PB=1314> 
<DWph=1> <it=  2> <et=20.51> <Mt= 0.00> <Spt= 0.02> <nCl=  0> <al=0.00> <DB= 1313.4424> <Mlp= 1313.4424> <PB=1314> 
    RCSP exact solver info for graph G_1 : TT = 0.028704, pt = 0.000447, dt = 0.023067, ct = 0.004797, ndl = 5', bdl = 54', odl = 2', odf = 27', bsi = 1', cnt = 40', bdch = 603', odch = 112', lcp = 83', #sols = 150
<DWph=0> <it=  3> <et=20.55> <Mt= 0.00> <Spt= 0.03> <nCl= 41> <al=0.30> <DB= 1298.6768> <Mlp= 1313.4424> <PB=1314> 
    RCSP exact solver info for graph G_1 : TT = 0.030344, pt = 0.000535, dt = 0.024335, ct = 0.005044, ndl = 6', bdl = 56', odl = 3', odf = 28', bsi = 1', cnt = 48', bdch = 639', odch = 123', lcp = 90', #sols = 150
<DWph=0> <it=  4> <et=20.59> <Mt= 0.00> <Spt= 0.03> <nCl= 20> <al=0.20> <DB= 1307.0475> <Mlp= 1313.4378> <PB=1314> 
    RCSP exact solver info for graph G_1 : TT = 0.030261, pt = 0.000542, dt = 0.024258, ct = 0.005028, ndl = 6', bdl = 55', odl = 3', odf = 28', bsi = 1', cnt = 48', bdch = 634', odch = 120', lcp = 87', #sols = 150
<DWph=0> <it=  5> <et=20.62> <Mt= 0.01> <Spt= 0.04> <nCl=  6> <al=0.28> <DB= 1305.3061> <Mlp= 1313.4378> <PB=1314> 
    RCSP exact solver info for graph G_1 : TT = 0.03061, pt = 0.00054, dt = 0.024543, ct = 0.005101, ndl = 6', bdl = 56', odl = 3', odf = 28', bsi = 1', cnt = 49', bdch = 652', odch = 124', lcp = 91', #sols = 150
    RCSP exact solver info for graph G_1 : TT = 0.02951, pt = 0.000494, dt = 0.023599, ct = 0.004996, ndl = 5', bdl = 55', odl = 3', odf = 27', bsi = 1', cnt = 48', bdch = 625', odch = 119', lcp = 87', #sols = 150
<DWph=0> <it=  6> <et=20.69> <Mt= 0.00> <Spt= 0.06> <nCl= 13> <al=0.00> <DB= 1312.5968> <Mlp= 1313.4378> <PB=1314> 
    RCSP exact solver info for graph G_1 : TT = 0.029656, pt = 0.000502, dt = 0.023744, ct = 0.004996, ndl = 5', bdl = 55', odl = 3', odf = 27', bsi = 1', cnt = 48', bdch = 626', odch = 119', lcp = 87', #sols = 150
    RCSP exact solver info for graph G_1 : TT = 0.029858, pt = 0.000506, dt = 0.02381, ct = 0.005107, ndl = 5', bdl = 55', odl = 3', odf = 27', bsi = 1', cnt = 48', bdch = 625', odch = 119', lcp = 88', #sols = 150
<DWph=0> <it=  7> <et=20.76> <Mt= 0.00> <Spt= 0.07> <nCl=  0> <al=0.00> <DB= 1313.4378> <Mlp= 1313.4378> <PB=1314> 
Dynamic params and stats :  aver.obdmd = 23.2031 aver.buck.num. = 26 nbR1C = 51 with avMem = 8
@@ 210 0 1313.44 0.0289179 0.029644 39.4663 20.76
ColGenEvalAlg final dual bound: 1313.44 (rounded: 1314)
Current active cuts : CAP(11,350.398) R1C(3+48,105.92) 1rowPackR1C(3) 3rowPackR1C(26) 4rowPackR1C(15) 5rowPackR1C(7)
**** SB phase 3 evaluation of candidate 1, branch 2 ( EDGE[0,56] <= 0 ), value = 1311.13
<DWph=2> <it=  1> <et=20.80> <Mt= 0.00> <Spt= 0.01> <nCl=  0> <al=0.00> <DB= 1311.1299> <Mlp= 1311.1299> <PB=1314> 
<DWph=1> <it=  2> <et=20.82> <Mt= 0.00> <Spt= 0.03> <nCl=  0> <al=0.00> <DB= 1311.1299> <Mlp= 1311.1299> <PB=1314> 
    RCSP exact solver info for graph G_1 : TT = 0.034593, pt = 0.000651, dt = 0.027791, ct = 0.005776, ndl = 6', bdl = 59', odl = 3', odf = 31', bsi = 1', cnt = 55', bdch = 732', odch = 156', lcp = 108', #sols = 150
<DWph=0> <it=  3> <et=20.86> <Mt= 0.00> <Spt= 0.03> <nCl= 22> <al=0.30> <DB= 1303.2787> <Mlp= 1311.1299> <PB=1314> 
    RCSP exact solver info for graph G_1 : TT = 0.034848, pt = 0.000696, dt = 0.02795, ct = 0.005767, ndl = 6', bdl = 59', odl = 3', odf = 31', bsi = 1', cnt = 54', bdch = 739', odch = 158', lcp = 112', #sols = 150
    RCSP exact solver info for graph G_1 : TT = 0.034204, pt = 0.000679, dt = 0.027402, ct = 0.005694, ndl = 6', bdl = 59', odl = 3', odf = 31', bsi = 1', cnt = 54', bdch = 723', odch = 155', lcp = 108', #sols = 150
<DWph=0> <it=  4> <et=20.94> <Mt= 0.01> <Spt= 0.08> <nCl=  9> <al=0.00> <DB= 1311.1050> <Mlp= 1311.1050> <PB=1314> 
Dynamic params and stats :  aver.obdmd = 23.2031 aver.buck.num. = 26 nbR1C = 65 with avMem = 8.49231
@@ 211 0 1311.11 0.03346 0.033717 39.4663 20.94
Labels distribution in buckets (bucket size) : largest - 134, top 0.1% - 134, top 0.5% - 92, top 2% - 65, top 10% - 22, top 50% - 4
Reduced cost fixing for graph G_1... 4145 buck. arcs remain (11.1% from prev., 4.39% from max.) + 5535 jump buck. arcs (5.87% from max.)
 TT = 0.057141, pt = 0.019437, dt = 0.017221, ct = 0.020157, ndl = 15', bdl = 168', odl = 3', odf = 46', lpcb = 248', cnt = 174', bdch = 1913', odch = 323', lcp = 164'
Labels distribution in buckets (bucket size) : largest - 134, top 0.1% - 134, top 0.5% - 115, top 2% - 71, top 10% - 25, top 50% - 4
Run forward enumeration with border = 50... succeeded! lpt = 0.004969, ndl = 1', dl = 0', lpcb = 9', dch = 0'
Run enumeration concatenation with time limit 1.01325 sec.... succeeded!
Sorting and storing enumerated solutions ... done!
 TT = 0.007771, pt = 0.000313, dt = 0.004969, ct = 0.000846, ndl = 1', bdl = 0', lpcb = 9', cnt = 31', bdch = 0', odch = 0', lcp = 0'
Enumeration succeeded!, number of elem. solutions is 461
Estimating inspection time...     TT = 0.000412, performed by inspection with 461 solutions, nbR1C = 65, nbDiscC = 0
Inspection time is low enough. Pricing will be done by inspection.
Added 858 columns in the formulation 
Removed 2708 columns (not in the enumerated set) from the formulation
Regenerated 858 columns with the 'enumerated' flag
Added 195 columns in the formulation 
ColGenEvalAlg final dual bound: 1311.11 (rounded: 1312)
Current active cuts : CAP(14,257.186) R1C(1+64,112.237) 1rowPackR1C(1) 3rowPackR1C(30) 4rowPackR1C(18) 5rowPackR1C(16)
----- Terminating the node by MIP -----
Version identifier: 20.1.0.0 | 2020-11-10 | 9bedb6d68
CPXPARAM_Advance                                 0
CPXPARAM_Threads                                 1
CPXPARAM_MIP_Limits_Nodes                        2000000
CPXPARAM_Simplex_Tolerances_Optimality           9.9999999999999995e-08
CPXPARAM_Simplex_Tolerances_Feasibility          9.9999999999999995e-08
CPXPARAM_TimeLimit                               1743.3612000000001
CPXPARAM_MIP_Tolerances_UpperCutoff              1313.0000010000001
CPXPARAM_MIP_Tolerances_MIPGap                   1.0000000000000001e-09
Tried aggregator 1 time.
MIP Presolve eliminated 35 rows and 750 columns.
MIP Presolve modified 2830 coefficients.
Reduced MIP has 115 rows, 303 columns, and 5795 nonzeros.
Reduced MIP has 303 binaries, 0 generals, 0 SOSs, and 0 indicators.
Presolve time = 0.02 sec. (29.13 ticks)
Probing fixed 31 vars, tightened 0 bounds.
Probing changed sense of 6 constraints.
Probing time = 0.01 sec. (9.33 ticks)
Cover probing fixed 2 vars, tightened 0 bounds.
Tried aggregator 1 time.
MIP Presolve eliminated 10 rows and 35 columns.
MIP Presolve modified 173 coefficients.
Reduced MIP has 104 rows, 268 columns, and 4850 nonzeros.
Reduced MIP has 268 binaries, 0 generals, 0 SOSs, and 0 indicators.
Presolve time = 0.00 sec. (4.84 ticks)
Probing fixed 5 vars, tightened 0 bounds.
Probing time = 0.00 sec. (7.52 ticks)
Tried aggregator 1 time.
Detecting symmetries...
MIP Presolve eliminated 0 rows and 5 columns.
Reduced MIP has 104 rows, 263 columns, and 4720 nonzeros.
Reduced MIP has 263 binaries, 0 generals, 0 SOSs, and 0 indicators.
Presolve time = 0.00 sec. (3.45 ticks)
Probing time = 0.00 sec. (2.96 ticks)
Clique table members: 239.
MIP emphasis: balance optimality and feasibility.
MIP search method: dynamic search.
Parallel mode: none, using 1 thread.
Root relaxation solution time = 0.00 sec. (7.46 ticks)

        Nodes                                         Cuts/
   Node  Left     Objective  IInf  Best Integer    Best Bound    ItCnt     Gap

      0     0     1311.6065    62                   1311.6065      301         
      0     0     1312.8273    67                    Cuts: 24      406         
      0     0        cutoff                                        424         
Elapsed time = 0.06 sec. (86.75 ticks, tree = 0.01 MB, solutions = 0)

Clique cuts applied:  5
Zero-half cuts applied:  1
Gomory fractional cuts applied:  2

Root node processing (before b&c):
  Real time             =    0.06 sec. (86.77 ticks)
Sequential b&c:
  Real time             =    0.00 sec. (0.00 ticks)
                          ------------
Total (root+branch&cut) =    0.06 sec. (86.77 ticks)
Solution status = Infeasible
 SB phase 3 candidate 1 is conquered !
SB with phases chosed candidate EDGE[0,56] (lhs=0.212228)
New model incumbent solution 1314, TIME = 0h0m21s13t = 2113
************************************************************************************************
Search is finished, global bounds : [ 1314 , 1314 ], TIME = 0h0m21s13t = 2113
************************************************************************************************
Built-in heuristic is enabled
instance_name solver_name ext_heuristic solution_value solution_time best_lb root_lb root_time nb_branch_and_bound_nodes status
/home/logis/Downloads/VRPSolverEasy/VRPSolverEasy/demos/data/CVRP/A-n63-k10 CPLEX False 1314.0 21.132013985 1314.0 1311.0 12.497021597999998 3 0

