Time resource is critical for vehicle type 1 (20,1)
Capacity resource will be imposed in pricing (0.47381)
Node memory for rank-1 cuts will be used (6.2381)
~~~~~~~~~~~~~~~~~~~~~~~~~~~~~~~~~~~~~~~~~~~~~~~~~~~~~~~~~~~~~~~~~~~~~~~~~~~~~~~~~~~~~
VRPSolver v0.5.27, 24/02/2023, © Inria Bordeaux, France, vrpsolver.math.u-bordeaux.fr
      Corresponds to the solver by Pessoa, Sadykov, Uchoa and Vanderbeck (2020)
                 Paper: dx.doi.org/10.1007/s10107-020-01523-z
~~~~~~~~~~~~~~~~~~~~~~~~~~~~~~~~~~~~~~~~~~~~~~~~~~~~~~~~~~~~~~~~~~~~~~~~~~~~~~~~~~~~~
   BaPCod v0.77, 15/03/2023, © Inria Bordeaux, France, bapcod.math.u-bordeaux.fr 
           THIS CODE IS PROVIDED AS IS, USE IT AT YOUR OWN RISK
~~~~~~~~~~~~~~~~~~~~~~~~~~~~~~~~~~~~~~~~~~~~~~~~~~~~~~~~~~~~~~~~~~~~~~~~~~~~~~~~~~~~~
Bucket steps were recalculated for graph G_1 : [247.2, 40]
RCSP solver info : non-symmetric case as the resource 0 consumption for the reverse arc of 0->100 is not the same : 38 against 128
Bidirectional border value is initialised to 481.1
RCSP solver info : number of forw. reachable buckets / buck. strongly connected components is 1213( 96.2698% ) / 323( 26.6282% )
RCSP solver info : number of back. reachable buckets / buck. strongly connected components is 1231( 97.6984% ) / 361( 29.3258% )
Generating neighbourhoods for rank-1 cuts separation
Building structures for 4- and 5-row rank-1 packing cut separation...done!
Model is built TIME = 0h0m0s8t = 8
************************************************************************************************
**** BaB tree root node
**** Local DB = -1e+12, global bounds : [ -1e+12 , 853.2 ], TIME = 0h0m0s8t = 8
**** 1 open nodes, 0 columns (0 active), 0 dyn. constrs. (0 active), 202 art. vars. (202 active)
************************************************************************************************
#<DWph=2> <it=  1> <et=0.09> <Mt= 0.00> <Spt= 0.00> <nCl= 30> <al=0.00> <DB=-407983.5000> <Mlp=215006.4000> <PB=853.2> 
#<DWph=2> <it=  2> <et=0.10> <Mt= 0.00> <Spt= 0.01> <nCl= 30> <al=0.55> <DB=-446169.2580> <Mlp=127299.1600> <PB=853.2> 
#<DWph=2> <it=  3> <et=0.10> <Mt= 0.00> <Spt= 0.00> <nCl= 30> <al=0.60> <DB=-470442.2507> <Mlp=56151.4600> <PB=853.2> 
#<DWph=2> <it=  4> <et=0.11> <Mt= 0.00> <Spt= 0.01> <nCl= 30> <al=0.64> <DB=-429341.9492> <Mlp=47165.9378> <PB=853.2> 
#<DWph=2> <it=  5> <et=0.11> <Mt= 0.00> <Spt= 0.00> <nCl= 30> <al=0.67> <DB=-430780.0693> <Mlp=36758.9487> <PB=853.2> 
#<DWph=2> <it=  6> <et=0.12> <Mt= 0.00> <Spt= 0.01> <nCl= 30> <al=0.70> <DB=-374897.5675> <Mlp=31965.7853> <PB=853.2> 
#<DWph=2> <it=  7> <et=0.13> <Mt= 0.00> <Spt= 0.00> <nCl= 30> <al=0.73> <DB=-373165.6164> <Mlp=24229.8962> <PB=853.2> 
#<DWph=2> <it=  8> <et=0.13> <Mt= 0.00> <Spt= 0.01> <nCl= 30> <al=0.76> <DB=-371940.8762> <Mlp=19620.5857> <PB=853.2> 
#<DWph=2> <it=  9> <et=0.14> <Mt= 0.00> <Spt= 0.00> <nCl= 30> <al=0.66> <DB=-336797.2831> <Mlp=15374.3139> <PB=853.2> 
#<DWph=2> <it= 10> <et=0.15> <Mt= 0.00> <Spt= 0.01> <nCl= 30> <al=0.69> <DB=-316584.9013> <Mlp=14729.8442> <PB=853.2> 
#<DWph=2> <it= 11> <et=0.15> <Mt= 0.00> <Spt= 0.01> <nCl= 30> <al=0.73> <DB=-274832.2556> <Mlp=11697.4050> <PB=853.2> 
#<DWph=2> <it= 12> <et=0.16> <Mt= 0.01> <Spt= 0.00> <nCl= 30> <al=0.75> <DB=-249399.6388> <Mlp=10573.4687> <PB=853.2> 
#<DWph=2> <it= 13> <et=0.17> <Mt= 0.00> <Spt= 0.01> <nCl= 30> <al=0.65> <DB=-245719.3286> <Mlp= 8484.8250> <PB=853.2> 
#<DWph=2> <it= 14> <et=0.18> <Mt= 0.00> <Spt= 0.00> <nCl= 30> <al=0.69> <DB=-224734.7885> <Mlp= 7880.4708> <PB=853.2> 
#<DWph=2> <it= 15> <et=0.18> <Mt= 0.00> <Spt= 0.01> <nCl= 30> <al=0.72> <DB=-213327.1437> <Mlp= 6322.4965> <PB=853.2> 
#<DWph=2> <it= 16> <et=0.19> <Mt= 0.00> <Spt= 0.00> <nCl= 30> <al=0.62> <DB=-199282.1064> <Mlp= 6027.5325> <PB=853.2> 
#<DWph=2> <it= 17> <et=0.20> <Mt= 0.01> <Spt= 0.01> <nCl= 30> <al=0.66> <DB=-199865.2411> <Mlp= 4880.5939> <PB=853.2> 
#<DWph=2> <it= 18> <et=0.21> <Mt= 0.00> <Spt= 0.00> <nCl= 30> <al=0.69> <DB=-175855.0093> <Mlp= 3883.6658> <PB=853.2> 
#<DWph=2> <it= 19> <et=0.21> <Mt= 0.00> <Spt= 0.01> <nCl= 30> <al=0.72> <DB=-142565.6198> <Mlp= 3159.0531> <PB=853.2> 
#<DWph=2> <it= 20> <et=0.22> <Mt= 0.00> <Spt= 0.00> <nCl= 30> <al=0.75> <DB=-150773.6011> <Mlp= 2749.1462> <PB=853.2> 
#<DWph=2> <it= 21> <et=0.23> <Mt= 0.01> <Spt= 0.01> <nCl= 30> <al=0.77> <DB=-125767.7950> <Mlp= 1842.4080> <PB=853.2> 
#<DWph=2> <it= 22> <et=0.24> <Mt= 0.00> <Spt= 0.00> <nCl= 30> <al=0.67> <DB=-82128.7457> <Mlp= 1726.4230> <PB=853.2> 
<DWph=2> <it= 23> <et=0.24> <Mt= 0.00> <Spt= 0.01> <nCl= 30> <al=0.57> <DB=-49501.7738> <Mlp= 1679.3441> <PB=853.2> 
<DWph=2> <it= 24> <et=0.25> <Mt= 0.00> <Spt= 0.00> <nCl= 30> <al=0.47> <DB=-23214.6837> <Mlp= 1630.5063> <PB=853.2> 
<DWph=2> <it= 25> <et=0.26> <Mt= 0.01> <Spt= 0.01> <nCl= 30> <al=0.37> <DB=-13840.1460> <Mlp= 1627.5523> <PB=853.2> 
<DWph=2> <it= 26> <et=0.27> <Mt= 0.00> <Spt= 0.00> <nCl= 30> <al=0.27> <DB=-8868.6716> <Mlp= 1613.5915> <PB=853.2> 
<DWph=2> <it= 27> <et=0.27> <Mt= 0.00> <Spt= 0.01> <nCl= 30> <al=0.35> <DB=-8053.3525> <Mlp= 1590.5714> <PB=853.2> 
<DWph=2> <it= 28> <et=0.28> <Mt= 0.00> <Spt= 0.00> <nCl= 30> <al=0.41> <DB=-4745.4681> <Mlp= 1575.2593> <PB=853.2> 
<DWph=2> <it= 29> <et=0.29> <Mt= 0.00> <Spt= 0.01> <nCl= 30> <al=0.47> <DB=-5668.6755> <Mlp= 1541.8617> <PB=853.2> 
<DWph=2> <it= 30> <et=0.30> <Mt= 0.01> <Spt= 0.01> <nCl= 30> <al=0.52> <DB=-3543.8923> <Mlp= 1516.6380> <PB=853.2> 
<DWph=2> <it= 31> <et=0.31> <Mt= 0.00> <Spt= 0.00> <nCl= 30> <al=0.57> <DB=-3504.2247> <Mlp= 1473.4002> <PB=853.2> 
<DWph=2> <it= 32> <et=0.31> <Mt= 0.00> <Spt= 0.01> <nCl= 30> <al=0.61> <DB=-3041.0540> <Mlp= 1445.0731> <PB=853.2> 
<DWph=2> <it= 33> <et=0.32> <Mt= 0.01> <Spt= 0.00> <nCl= 30> <al=0.65> <DB=-3558.5910> <Mlp= 1423.2171> <PB=853.2> 
<DWph=2> <it= 34> <et=0.33> <Mt= 0.00> <Spt= 0.01> <nCl= 30> <al=0.69> <DB=-2178.7835> <Mlp= 1403.9464> <PB=853.2> 
<DWph=2> <it= 35> <et=0.34> <Mt= 0.00> <Spt= 0.00> <nCl= 30> <al=0.72> <DB=-3351.0164> <Mlp= 1364.7871> <PB=853.2> 
<DWph=2> <it= 36> <et=0.35> <Mt= 0.01> <Spt= 0.01> <nCl= 30> <al=0.75> <DB=-1947.5936> <Mlp= 1325.2326> <PB=853.2> 
<DWph=2> <it= 37> <et=0.36> <Mt= 0.00> <Spt= 0.01> <nCl= 30> <al=0.65> <DB=-2369.6661> <Mlp= 1289.9172> <PB=853.2> 
<DWph=2> <it= 38> <et=0.37> <Mt= 0.00> <Spt= 0.00> <nCl= 30> <al=0.68> <DB=-1531.7462> <Mlp= 1263.9157> <PB=853.2> 
<DWph=2> <it= 39> <et=0.38> <Mt= 0.01> <Spt= 0.01> <nCl= 30> <al=0.71> <DB=-1358.3739> <Mlp= 1234.7280> <PB=853.2> 
<DWph=2> <it= 40> <et=0.39> <Mt= 0.00> <Spt= 0.00> <nCl= 30> <al=0.74> <DB=-1815.0479> <Mlp= 1213.2581> <PB=853.2> 
<DWph=2> <it= 41> <et=0.40> <Mt= 0.00> <Spt= 0.01> <nCl= 30> <al=0.77> <DB=-1240.5321> <Mlp= 1165.7652> <PB=853.2> 
<DWph=2> <it= 42> <et=0.41> <Mt= 0.01> <Spt= 0.00> <nCl= 30> <al=0.67> <DB=-1510.8764> <Mlp= 1146.2795> <PB=853.2> 
<DWph=2> <it= 43> <et=0.42> <Mt= 0.00> <Spt= 0.01> <nCl= 30> <al=0.70> <DB=-1091.2769> <Mlp= 1137.3585> <PB=853.2> 
<DWph=2> <it= 44> <et=0.43> <Mt= 0.01> <Spt= 0.01> <nCl= 30> <al=0.73> <DB= -533.8369> <Mlp= 1093.4213> <PB=853.2> 
<DWph=2> <it= 45> <et=0.44> <Mt= 0.00> <Spt= 0.00> <nCl= 30> <al=0.63> <DB= -774.1693> <Mlp= 1060.7220> <PB=853.2> 
<DWph=2> <it= 46> <et=0.45> <Mt= 0.00> <Spt= 0.01> <nCl= 30> <al=0.67> <DB= -158.4656> <Mlp= 1056.8245> <PB=853.2> 
<DWph=2> <it= 47> <et=0.46> <Mt= 0.01> <Spt= 0.00> <nCl= 30> <al=0.70> <DB= -178.9214> <Mlp= 1031.8569> <PB=853.2> 
<DWph=2> <it= 48> <et=0.47> <Mt= 0.00> <Spt= 0.01> <nCl= 30> <al=0.73> <DB= -141.8256> <Mlp= 1024.5019> <PB=853.2> 
<DWph=2> <it= 49> <et=0.48> <Mt= 0.01> <Spt= 0.01> <nCl= 30> <al=0.76> <DB= -286.8583> <Mlp= 1005.8195> <PB=853.2> 
<DWph=2> <it= 50> <et=0.49> <Mt= 0.00> <Spt= 0.00> <nCl= 28> <al=0.78> <DB= -172.9925> <Mlp=  985.1150> <PB=853.2> 
<DWph=2> <it= 51> <et=0.51> <Mt= 0.01> <Spt= 0.01> <nCl= 30> <al=0.80> <DB= -103.2375> <Mlp=  958.8585> <PB=853.2> 
<DWph=2> <it= 52> <et=0.52> <Mt= 0.01> <Spt= 0.00> <nCl= 30> <al=0.70> <DB=  -93.7683> <Mlp=  932.1651> <PB=853.2> 
<DWph=2> <it= 53> <et=0.53> <Mt= 0.00> <Spt= 0.01> <nCl= 30> <al=0.73> <DB= -184.1326> <Mlp=  930.5657> <PB=853.2> 
<DWph=2> <it= 54> <et=0.54> <Mt= 0.01> <Spt= 0.01> <nCl= 30> <al=0.76> <DB=  129.4945> <Mlp=  923.2769> <PB=853.2> 
<DWph=2> <it= 55> <et=0.55> <Mt= 0.00> <Spt= 0.00> <nCl= 29> <al=0.78> <DB=   -5.4296> <Mlp=  920.0184> <PB=853.2> 
<DWph=2> <it= 56> <et=0.56> <Mt= 0.01> <Spt= 0.01> <nCl= 30> <al=0.81> <DB=  -90.7771> <Mlp=  909.4372> <PB=853.2> 
<DWph=2> <it= 57> <et=0.57> <Mt= 0.00> <Spt= 0.00> <nCl= 26> <al=0.83> <DB=  198.9599> <Mlp=  907.4558> <PB=853.2> 
<DWph=2> <it= 58> <et=0.58> <Mt= 0.01> <Spt= 0.01> <nCl= 26> <al=0.84> <DB=  171.3490> <Mlp=  905.1367> <PB=853.2> 
<DWph=2> <it= 59> <et=0.60> <Mt= 0.01> <Spt= 0.01> <nCl= 21> <al=0.86> <DB=  249.0574> <Mlp=  897.7135> <PB=853.2> 
<DWph=2> <it= 60> <et=0.61> <Mt= 0.00> <Spt= 0.00> <nCl= 29> <al=0.76> <DB=  -58.5141> <Mlp=  896.6786> <PB=853.2> 
<DWph=2> <it= 61> <et=0.62> <Mt= 0.01> <Spt= 0.01> <nCl= 27> <al=0.78> <DB=  253.1606> <Mlp=  894.4876> <PB=853.2> 
<DWph=2> <it= 62> <et=0.63> <Mt= 0.00> <Spt= 0.00> <nCl= 28> <al=0.80> <DB=  206.8528> <Mlp=  892.1386> <PB=853.2> 
<DWph=2> <it= 63> <et=0.65> <Mt= 0.01> <Spt= 0.01> <nCl= 27> <al=0.82> <DB=  306.4670> <Mlp=  885.2861> <PB=853.2> 
<DWph=2> <it= 64> <et=0.66> <Mt= 0.01> <Spt= 0.01> <nCl= 28> <al=0.72> <DB=  496.2978> <Mlp=  881.3552> <PB=853.2> 
<DWph=2> <it= 65> <et=0.67> <Mt= 0.00> <Spt= 0.00> <nCl= 28> <al=0.75> <DB=  310.0749> <Mlp=  878.3024> <PB=853.2> 
<DWph=2> <it= 66> <et=0.68> <Mt= 0.01> <Spt= 0.01> <nCl= 27> <al=0.78> <DB=  302.8165> <Mlp=  877.5105> <PB=853.2> 
<DWph=2> <it= 67> <et=0.69> <Mt= 0.00> <Spt= 0.00> <nCl= 22> <al=0.80> <DB=  424.4736> <Mlp=  871.1597> <PB=853.2> 
<DWph=2> <it= 68> <et=0.70> <Mt= 0.00> <Spt= 0.01> <nCl= 19> <al=0.82> <DB=  481.3005> <Mlp=  868.4611> <PB=853.2> 
<DWph=2> <it= 69> <et=0.71> <Mt= 0.01> <Spt= 0.01> <nCl= 12> <al=0.72> <DB=  559.8016> <Mlp=  868.4578> <PB=853.2> 
<DWph=2> <it= 70> <et=0.72> <Mt= 0.00> <Spt= 0.00> <nCl= 30> <al=0.62> <DB=   32.3520> <Mlp=  866.1178> <PB=853.2> 
<DWph=2> <it= 71> <et=0.72> <Mt= 0.00> <Spt= 0.01> <nCl= 29> <al=0.66> <DB=  509.2999> <Mlp=  866.1178> <PB=853.2> 
<DWph=2> <it= 72> <et=0.73> <Mt= 0.00> <Spt= 0.00> <nCl= 23> <al=0.69> <DB=  618.1713> <Mlp=  865.8208> <PB=853.2> 
<DWph=2> <it= 73> <et=0.74> <Mt= 0.00> <Spt= 0.01> <nCl= 24> <al=0.59> <DB=  410.1072> <Mlp=  865.3267> <PB=853.2> 
<DWph=2> <it= 74> <et=0.75> <Mt= 0.01> <Spt= 0.01> <nCl= 28> <al=0.63> <DB=  547.1533> <Mlp=  864.0794> <PB=853.2> 
<DWph=2> <it= 75> <et=0.76> <Mt= 0.00> <Spt= 0.00> <nCl= 29> <al=0.67> <DB=  237.3425> <Mlp=  861.5104> <PB=853.2> 
<DWph=2> <it= 76> <et=0.77> <Mt= 0.01> <Spt= 0.01> <nCl= 22> <al=0.70> <DB=  567.0568> <Mlp=  861.3893> <PB=853.2> 
<DWph=2> <it= 77> <et=0.78> <Mt= 0.00> <Spt= 0.00> <nCl= 17> <al=0.73> <DB=  586.7326> <Mlp=  861.2482> <PB=853.2> 
<DWph=2> <it= 78> <et=0.79> <Mt= 0.00> <Spt= 0.01> <nCl= 19> <al=0.76> <DB=  635.0980> <Mlp=  859.4783> <PB=853.2> 
<DWph=2> <it= 79> <et=0.80> <Mt= 0.00> <Spt= 0.01> <nCl= 28> <al=0.66> <DB=  503.4881> <Mlp=  853.4315> <PB=853.2> 
<DWph=2> <it= 80> <et=0.81> <Mt= 0.01> <Spt= 0.00> <nCl= 21> <al=0.69> <DB=  620.0434> <Mlp=  852.2942> <PB=853.2> 
<DWph=2> <it= 81> <et=0.82> <Mt= 0.00> <Spt= 0.01> <nCl= 13> <al=0.72> <DB=  595.7502> <Mlp=  851.6469> <PB=853.2> 
<DWph=2> <it= 82> <et=0.82> <Mt= 0.00> <Spt= 0.00> <nCl= 13> <al=0.75> <DB=  592.1052> <Mlp=  851.2618> <PB=853.2> 
<DWph=2> <it= 83> <et=0.83> <Mt= 0.00> <Spt= 0.01> <nCl= 14> <al=0.78> <DB=  665.0938> <Mlp=  849.3143> <PB=853.2> 
<DWph=2> <it= 84> <et=0.84> <Mt= 0.00> <Spt= 0.01> <nCl= 21> <al=0.80> <DB=  549.4972> <Mlp=  848.3625> <PB=853.2> 
<DWph=2> <it= 85> <et=0.85> <Mt= 0.00> <Spt= 0.00> <nCl= 15> <al=0.82> <DB=  603.3124> <Mlp=  847.9375> <PB=853.2> 
<DWph=2> <it= 86> <et=0.85> <Mt= 0.01> <Spt= 0.01> <nCl= 22> <al=0.72> <DB=  650.5886> <Mlp=  843.9714> <PB=853.2> 
<DWph=2> <it= 87> <et=0.86> <Mt= 0.00> <Spt= 0.00> <nCl= 11> <al=0.75> <DB=  720.3655> <Mlp=  843.9714> <PB=853.2> 
<DWph=2> <it= 88> <et=0.87> <Mt= 0.00> <Spt= 0.01> <nCl= 26> <al=0.65> <DB=  515.5786> <Mlp=  843.9714> <PB=853.2> 
<DWph=2> <it= 89> <et=0.87> <Mt= 0.00> <Spt= 0.00> <nCl= 27> <al=0.68> <DB=  544.6161> <Mlp=  843.9714> <PB=853.2> 
<DWph=2> <it= 90> <et=0.88> <Mt= 0.00> <Spt= 0.01> <nCl= 17> <al=0.71> <DB=  692.5386> <Mlp=  839.0250> <PB=853.2> 
<DWph=2> <it= 91> <et=0.89> <Mt= 0.00> <Spt= 0.01> <nCl= 21> <al=0.61> <DB=  585.0264> <Mlp=  839.0250> <PB=853.2> 
<DWph=2> <it= 92> <et=0.90> <Mt= 0.01> <Spt= 0.00> <nCl= 27> <al=0.51> <DB=  446.2474> <Mlp=  831.1000> <PB=831.1> 
<DWph=2> <it= 93> <et=0.90> <Mt= 0.00> <Spt= 0.01> <nCl= 23> <al=0.56> <DB=  578.5184> <Mlp=  831.1000> <PB=831.1> 
<DWph=2> <it= 94> <et=0.91> <Mt= 0.00> <Spt= 0.00> <nCl= 27> <al=0.61> <DB=  630.6054> <Mlp=  831.1000> <PB=831.1> 
<DWph=2> <it= 95> <et=0.93> <Mt= 0.01> <Spt= 0.01> <nCl= 26> <al=0.65> <DB=  710.3911> <Mlp=  831.1000> <PB=831.1> 
<DWph=2> <it= 96> <et=0.94> <Mt= 0.00> <Spt= 0.00> <nCl= 13> <al=0.68> <DB=  786.7448> <Mlp=  831.1000> <PB=831.1> 
<DWph=2> <it= 97> <et=0.94> <Mt= 0.00> <Spt= 0.01> <nCl= 27> <al=0.58> <DB=  632.2754> <Mlp=  831.1000> <PB=831.1> 
<DWph=2> <it= 98> <et=0.95> <Mt= 0.01> <Spt= 0.01> <nCl= 23> <al=0.62> <DB=  671.2342> <Mlp=  831.1000> <PB=831.1> 
<DWph=2> <it= 99> <et=0.96> <Mt= 0.00> <Spt= 0.00> <nCl= 19> <al=0.66> <DB=  737.6650> <Mlp=  831.1000> <PB=831.1> 
<DWph=2> <it=100> <et=0.96> <Mt= 0.00> <Spt= 0.01> <nCl= 10> <al=0.69> <DB=  779.0431> <Mlp=  831.1000> <PB=831.1> 
<DWph=2> <it=101> <et=0.97> <Mt= 0.00> <Spt= 0.00> <nCl= 10> <al=0.73> <DB=  750.3665> <Mlp=  830.3000> <PB=830.3> 
<DWph=2> <it=102> <et=0.98> <Mt= 0.00> <Spt= 0.01> <nCl=  6> <al=0.63> <DB=  783.0985> <Mlp=  830.3000> <PB=830.3> 
<DWph=2> <it=103> <et=0.99> <Mt= 0.00> <Spt= 0.00> <nCl= 14> <al=0.66> <DB=  763.4897> <Mlp=  830.3000> <PB=830.3> 
<DWph=2> <it=104> <et=0.99> <Mt= 0.00> <Spt= 0.01> <nCl= 10> <al=0.56> <DB=  787.1189> <Mlp=  830.3000> <PB=830.3> 
<DWph=2> <it=105> <et=1.00> <Mt= 0.00> <Spt= 0.00> <nCl= 29> <al=0.61> <DB=  568.2737> <Mlp=  830.3000> <PB=830.3> 
<DWph=2> <it=106> <et=1.01> <Mt= 0.01> <Spt= 0.01> <nCl= 17> <al=0.65> <DB=  721.4641> <Mlp=  830.3000> <PB=830.3> 
<DWph=2> <it=107> <et=1.01> <Mt= 0.00> <Spt= 0.01> <nCl= 19> <al=0.68> <DB=  714.9760> <Mlp=  830.3000> <PB=830.3> 
<DWph=2> <it=108> <et=1.02> <Mt= 0.00> <Spt= 0.00> <nCl=  7> <al=0.71> <DB=  785.5996> <Mlp=  830.3000> <PB=830.3> 
<DWph=2> <it=109> <et=1.03> <Mt= 0.00> <Spt= 0.01> <nCl= 14> <al=0.61> <DB=  574.4712> <Mlp=  830.3000> <PB=830.3> 
<DWph=2> <it=110> <et=1.03> <Mt= 0.00> <Spt= 0.00> <nCl=  6> <al=0.65> <DB=  781.3297> <Mlp=  830.3000> <PB=830.3> 
<DWph=2> <it=111> <et=1.04> <Mt= 0.00> <Spt= 0.01> <nCl= 14> <al=0.55> <DB=  762.0844> <Mlp=  830.3000> <PB=830.3> 
<DWph=2> <it=112> <et=1.05> <Mt= 0.00> <Spt= 0.00> <nCl= 10> <al=0.60> <DB=  792.9015> <Mlp=  830.3000> <PB=830.3> 
<DWph=2> <it=113> <et=1.06> <Mt= 0.01> <Spt= 0.01> <nCl= 22> <al=0.50> <DB=  645.8079> <Mlp=  830.3000> <PB=830.3> 
<DWph=2> <it=114> <et=1.06> <Mt= 0.00> <Spt= 0.01> <nCl= 26> <al=0.55> <DB=  694.7162> <Mlp=  830.3000> <PB=830.3> 
<DWph=2> <it=115> <et=1.07> <Mt= 0.00> <Spt= 0.00> <nCl= 10> <al=0.59> <DB=  803.8676> <Mlp=  830.3000> <PB=830.3> 
<DWph=2> <it=116> <et=1.08> <Mt= 0.00> <Spt= 0.01> <nCl= 20> <al=0.49> <DB=  604.7799> <Mlp=  830.3000> <PB=830.3> 
<DWph=2> <it=117> <et=1.08> <Mt= 0.00> <Spt= 0.00> <nCl= 22> <al=0.54> <DB=  731.2326> <Mlp=  830.3000> <PB=830.3> 
<DWph=2> <it=118> <et=1.09> <Mt= 0.00> <Spt= 0.01> <nCl= 17> <al=0.44> <DB=  759.0869> <Mlp=  830.3000> <PB=830.3> 
<DWph=2> <it=119> <et=1.10> <Mt= 0.00> <Spt= 0.00> <nCl= 20> <al=0.50> <DB=  611.3727> <Mlp=  830.3000> <PB=830.3> 
<DWph=2> <it=120> <et=1.11> <Mt= 0.01> <Spt= 0.01> <nCl=  5> <al=0.55> <DB=  805.4990> <Mlp=  830.3000> <PB=830.3> 
<DWph=2> <it=121> <et=1.11> <Mt= 0.00> <Spt= 0.01> <nCl= 19> <al=0.45> <DB=  678.5529> <Mlp=  830.3000> <PB=830.3> 
<DWph=2> <it=122> <et=1.12> <Mt= 0.00> <Spt= 0.00> <nCl= 18> <al=0.50> <DB=  777.2938> <Mlp=  830.3000> <PB=830.3> 
<DWph=2> <it=123> <et=1.13> <Mt= 0.00> <Spt= 0.01> <nCl= 20> <al=0.55> <DB=  697.3682> <Mlp=  830.3000> <PB=830.3> 
<DWph=2> <it=124> <et=1.13> <Mt= 0.00> <Spt= 0.00> <nCl=  7> <al=0.60> <DB=  799.2144> <Mlp=  830.3000> <PB=830.3> 
<DWph=2> <it=125> <et=1.14> <Mt= 0.00> <Spt= 0.01> <nCl=  3> <al=0.64> <DB=  814.4678> <Mlp=  830.3000> <PB=830.3> 
<DWph=2> <it=126> <et=1.15> <Mt= 0.00> <Spt= 0.00> <nCl=  4> <al=0.54> <DB=  787.5295> <Mlp=  830.3000> <PB=830.3> 
<DWph=2> <it=127> <et=1.16> <Mt= 0.00> <Spt= 0.01> <nCl= 14> <al=0.17> <DB=  650.3017> <Mlp=  830.3000> <PB=830.3> 
<DWph=2> <it=128> <et=1.17> <Mt= 0.00> <Spt= 0.01> <nCl= 14> <al=0.48> <DB=  709.2708> <Mlp=  830.3000> <PB=830.3> 
<DWph=2> <it=129> <et=1.17> <Mt= 0.01> <Spt= 0.01> <nCl=  4> <al=0.54> <DB=  825.3389> <Mlp=  830.3000> <PB=830.3> 
<DWph=2> <it=130> <et=1.18> <Mt= 0.00> <Spt= 0.00> <nCl=  9> <al=0.44> <DB=  796.0050> <Mlp=  830.3000> <PB=830.3> 
<DWph=2> <it=131> <et=1.19> <Mt= 0.00> <Spt= 0.01> <nCl= 26> <al=0.00> <DB=  671.9651> <Mlp=  830.3000> <PB=830.3> 
<DWph=2> <it=132> <et=1.20> <Mt= 0.00> <Spt= 0.01> <nCl=  9> <al=0.39> <DB=  700.8804> <Mlp=  830.3000> <PB=830.3> 
<DWph=2> <it=133> <et=1.21> <Mt= 0.00> <Spt= 0.01> <nCl= 26> <al=0.00> <DB=  634.6861> <Mlp=  830.3000> <PB=830.3> 
<DWph=2> <it=134> <et=1.22> <Mt= 0.00> <Spt= 0.00> <nCl= 15> <al=0.35> <DB=  700.3470> <Mlp=  830.3000> <PB=830.3> 
<DWph=2> <it=135> <et=1.22> <Mt= 0.00> <Spt= 0.01> <nCl=  7> <al=0.42> <DB=  792.0193> <Mlp=  830.3000> <PB=830.3> 
<DWph=2> <it=136> <et=1.23> <Mt= 0.00> <Spt= 0.01> <nCl=  4> <al=0.32> <DB=  800.6981> <Mlp=  830.3000> <PB=830.3> 
<DWph=2> <it=137> <et=1.24> <Mt= 0.00> <Spt= 0.00> <nCl=  5> <al=0.39> <DB=  827.6011> <Mlp=  830.3000> <PB=830.3> 
<DWph=2> <it=138> <et=1.25> <Mt= 0.01> <Spt= 0.01> <nCl= 17> <al=0.00> <DB=  718.7663> <Mlp=  830.3000> <PB=830.3> 
<DWph=2> <it=139> <et=1.26> <Mt= 0.00> <Spt= 0.01> <nCl= 12> <al=0.35> <DB=  711.0598> <Mlp=  830.3000> <PB=830.3> 
<DWph=2> <it=140> <et=1.26> <Mt= 0.00> <Spt= 0.00> <nCl=  2> <al=0.41> <DB=  823.9506> <Mlp=  830.3000> <PB=830.3> 
<DWph=2> <it=141> <et=1.27> <Mt= 0.00> <Spt= 0.01> <nCl=  5> <al=0.31> <DB=  747.0223> <Mlp=  830.3000> <PB=830.3> 
<DWph=2> <it=142> <et=1.28> <Mt= 0.00> <Spt= 0.00> <nCl=  4> <al=0.38> <DB=  824.4317> <Mlp=  830.3000> <PB=830.3> 
<DWph=2> <it=143> <et=1.29> <Mt= 0.00> <Spt= 0.01> <nCl=  3> <al=0.00> <DB=  827.8110> <Mlp=  830.3000> <PB=830.3> 
<DWph=2> <it=144> <et=1.30> <Mt= 0.00> <Spt= 0.02> <nCl=  0> <al=0.00> <DB=  830.3000> <Mlp=  830.3000> <PB=830.3> 
<DWph=1> <it=145> <et=1.31> <Mt= 0.00> <Spt= 0.01> <nCl= 30> <al=0.08> <DB=  500.0950> <Mlp=  830.3000> <PB=830.3> 
<DWph=1> <it=146> <et=1.33> <Mt= 0.00> <Spt= 0.01> <nCl= 30> <al=0.00> <DB=  400.6526> <Mlp=  830.3000> <PB=830.3> 
<DWph=1> <it=147> <et=1.35> <Mt= 0.01> <Spt= 0.02> <nCl= 30> <al=0.08> <DB=  504.4789> <Mlp=  830.3000> <PB=830.3> 
<DWph=1> <it=148> <et=1.36> <Mt= 0.00> <Spt= 0.01> <nCl= 29> <al=0.17> <DB=  585.9855> <Mlp=  830.3000> <PB=830.3> 
<DWph=1> <it=149> <et=1.38> <Mt= 0.00> <Spt= 0.01> <nCl= 30> <al=0.26> <DB=  476.5607> <Mlp=  830.0000> <PB=830> 
<DWph=1> <it=150> <et=1.39> <Mt= 0.00> <Spt= 0.02> <nCl= 30> <al=0.33> <DB=  609.0688> <Mlp=  830.0000> <PB=830> 
<DWph=1> <it=151> <et=1.41> <Mt= 0.01> <Spt= 0.01> <nCl= 26> <al=0.40> <DB=  647.8789> <Mlp=  830.0000> <PB=830> 
<DWph=1> <it=152> <et=1.42> <Mt= 0.00> <Spt= 0.01> <nCl= 28> <al=0.30> <DB=  577.3520> <Mlp=  830.0000> <PB=830> 
<DWph=1> <it=153> <et=1.44> <Mt= 0.00> <Spt= 0.01> <nCl= 20> <al=0.37> <DB=  744.7891> <Mlp=  830.0000> <PB=830> 
<DWph=1> <it=154> <et=1.45> <Mt= 0.00> <Spt= 0.02> <nCl= 23> <al=0.27> <DB=  684.6345> <Mlp=  830.0000> <PB=830> 
<DWph=1> <it=155> <et=1.47> <Mt= 0.01> <Spt= 0.01> <nCl= 19> <al=0.34> <DB=  762.5050> <Mlp=  830.0000> <PB=830> 
<DWph=1> <it=156> <et=1.48> <Mt= 0.00> <Spt= 0.01> <nCl= 12> <al=0.41> <DB=  786.2179> <Mlp=  827.3000> <PB=827.3> 
<DWph=1> <it=157> <et=1.50> <Mt= 0.00> <Spt= 0.01> <nCl= 10> <al=0.47> <DB=  783.3774> <Mlp=  827.3000> <PB=827.3> 
<DWph=1> <it=158> <et=1.51> <Mt= 0.00> <Spt= 0.02> <nCl=  4> <al=0.52> <DB=  791.9357> <Mlp=  827.3000> <PB=827.3> 
<DWph=1> <it=159> <et=1.52> <Mt= 0.00> <Spt= 0.01> <nCl=  6> <al=0.57> <DB=  799.1748> <Mlp=  827.3000> <PB=827.3> 
<DWph=1> <it=160> <et=1.54> <Mt= 0.00> <Spt= 0.01> <nCl=  2> <al=0.61> <DB=  810.1053> <Mlp=  827.3000> <PB=827.3> 
<DWph=1> <it=161> <et=1.55> <Mt= 0.00> <Spt= 0.01> <nCl=  7> <al=0.51> <DB=  813.1002> <Mlp=  827.3000> <PB=827.3> 
<DWph=1> <it=162> <et=1.56> <Mt= 0.00> <Spt= 0.02> <nCl=  4> <al=0.56> <DB=  814.3992> <Mlp=  827.3000> <PB=827.3> 
<DWph=1> <it=163> <et=1.58> <Mt= 0.01> <Spt= 0.01> <nCl=  1> <al=0.60> <DB=  815.1340> <Mlp=  827.3000> <PB=827.3> 
<DWph=1> <it=164> <et=1.59> <Mt= 0.00> <Spt= 0.01> <nCl=  1> <al=0.64> <DB=  819.4677> <Mlp=  827.3000> <PB=827.3> 
<DWph=1> <it=165> <et=1.60> <Mt= 0.00> <Spt= 0.01> <nCl=  5> <al=0.54> <DB=  811.7319> <Mlp=  827.3000> <PB=827.3> 
<DWph=1> <it=166> <et=1.62> <Mt= 0.00> <Spt= 0.01> <nCl=  1> <al=0.59> <DB=  821.5228> <Mlp=  827.3000> <PB=827.3> 
<DWph=1> <it=167> <et=1.63> <Mt= 0.00> <Spt= 0.02> <nCl=  7> <al=0.49> <DB=  819.4666> <Mlp=  827.3000> <PB=827.3> 
<DWph=1> <it=168> <et=1.67> <Mt= 0.00> <Spt= 0.04> <nCl=  3> <al=0.00> <DB=  827.3000> <Mlp=  827.3000> <PB=827.3> 
    RCSP exact solver info for graph G_1 : TT = 0.021397, pt = 5.2e-05, dt = 0.018351, ct = 0.002358, ndl = 5', bdl = 92', odl = 4', odf = 20', bsi = 1', cnt = 5', bdch = 861', odch = 59', lcp = 64', #sols = 150
<DWph=0> <it=169> <et=1.70> <Mt= 0.00> <Spt= 0.02> <nCl= 70> <al=0.44> <DB=  660.8221> <Mlp=  827.3000> <PB=827.3> 
    RCSP exact solver info for graph G_1 : TT = 0.019491, pt = 6e-05, dt = 0.016192, ct = 0.00258, ndl = 5', bdl = 92', odl = 4', odf = 21', bsi = 1', cnt = 8', bdch = 913', odch = 65', lcp = 74', #sols = 150
<DWph=0> <it=170> <et=1.72> <Mt= 0.00> <Spt= 0.03> <nCl= 41> <al=0.50> <DB=  744.6572> <Mlp=  827.3000> <PB=827.3> 
    RCSP exact solver info for graph G_1 : TT = 0.019463, pt = 5.4e-05, dt = 0.015974, ct = 0.002776, ndl = 6', bdl = 95', odl = 4', odf = 22', bsi = 1', cnt = 8', bdch = 974', odch = 68', lcp = 81', #sols = 150
<DWph=0> <it=171> <et=1.75> <Mt= 0.00> <Spt= 0.02> <nCl= 19> <al=0.40> <DB=  794.5388> <Mlp=  827.3000> <PB=827.3> 
    RCSP exact solver info for graph G_1 : TT = 0.01983, pt = 5.4e-05, dt = 0.016288, ct = 0.002851, ndl = 6', bdl = 92', odl = 4', odf = 24', bsi = 1', cnt = 12', bdch = 973', odch = 76', lcp = 89', #sols = 149
<DWph=0> <it=172> <et=1.78> <Mt= 0.01> <Spt= 0.03> <nCl= 26> <al=0.30> <DB=  800.0568> <Mlp=  827.3000> <PB=827.3> 
    RCSP exact solver info for graph G_1 : TT = 0.019728, pt = 5.6e-05, dt = 0.01626, ct = 0.002745, ndl = 6', bdl = 94', odl = 4', odf = 24', bsi = 1', cnt = 13', bdch = 991', odch = 77', lcp = 87', #sols = 150
<DWph=0> <it=173> <et=1.80> <Mt= 0.00> <Spt= 0.02> <nCl= 16> <al=0.37> <DB=  815.2521> <Mlp=  827.3000> <PB=827.3> 
    RCSP exact solver info for graph G_1 : TT = 0.019713, pt = 5.1e-05, dt = 0.016247, ct = 0.002743, ndl = 6', bdl = 94', odl = 4', odf = 24', bsi = 1', cnt = 12', bdch = 995', odch = 77', lcp = 87', #sols = 150
    RCSP exact solver info for graph G_1 : TT = 0.019328, pt = 4.6e-05, dt = 0.015893, ct = 0.002746, ndl = 6', bdl = 91', odl = 4', odf = 23', bsi = 1', cnt = 11', bdch = 944', odch = 73', lcp = 84', #sols = 150
<DWph=0> <it=174> <et=1.85> <Mt= 0.00> <Spt= 0.04> <nCl= 16> <al=0.00> <DB=  827.3000> <Mlp=  827.3000> <PB=827.3> 
Dynamic params and stats :  bidir.bord. = 434.2 aver.obdmd = 5.98039 aver.buck.num. = 12.3529
@@ 1 0 827.3 0.0191434 0.020709 68.285 1.85
ColGenEvalAlg final dual bound: 827.3 (rounded: 827.3)
New model incumbent solution 827.3, TIME = 0h0m1s85t = 185
************************************************************************************************
Search is finished, global bounds : [ 827.3 , 827.3 ], TIME = 0h0m1s85t = 185
************************************************************************************************
instance_name solver_name ext_heuristic solution_value solution_time best_lb root_lb root_time nb_branch_and_bound_nodes status
/home/logis/Downloads/VRPSolverEasy/VRPSolverEasy/demos/data/CVRPTW/C109 CPLEX False 827.3000000000019 1.8558484999999998 827.3000000000001 827.3000000000001 1.855545713 1 0

