Time resource is critical for vehicle type 1 (21,0)
Capacity resource will be imposed by rounded capacity cuts (0.224048)
Node memory for rank-1 cuts will be used (2.95238)
~~~~~~~~~~~~~~~~~~~~~~~~~~~~~~~~~~~~~~~~~~~~~~~~~~~~~~~~~~~~~~~~~~~~~~~~~~~~~~~~~~~~~
VRPSolver v0.5.27, 24/02/2023, © Inria Bordeaux, France, vrpsolver.math.u-bordeaux.fr
      Corresponds to the solver by Pessoa, Sadykov, Uchoa and Vanderbeck (2020)
                 Paper: dx.doi.org/10.1007/s10107-020-01523-z
~~~~~~~~~~~~~~~~~~~~~~~~~~~~~~~~~~~~~~~~~~~~~~~~~~~~~~~~~~~~~~~~~~~~~~~~~~~~~~~~~~~~~
   BaPCod v0.77, 15/03/2023, © Inria Bordeaux, France, bapcod.math.u-bordeaux.fr 
           THIS CODE IS PROVIDED AS IS, USE IT AT YOUR OWN RISK
~~~~~~~~~~~~~~~~~~~~~~~~~~~~~~~~~~~~~~~~~~~~~~~~~~~~~~~~~~~~~~~~~~~~~~~~~~~~~~~~~~~~~
Bucket steps were recalculated for graph G_1 : [9.2001]
RCSP solver info : non-symmetric case as the resource 0 consumption for the reverse arc of 0->100 is not the same : 24 against 34
Bidirectional border value is initialised to 101.7
RCSP solver info : number of forw. reachable buckets / buck. strongly connected components is 213( 85.2% ) / 213( 100% )
RCSP solver info : number of back. reachable buckets / buck. strongly connected components is 213( 85.2% ) / 213( 100% )
Generating neighbourhoods for rank-1 cuts separation
Building structures for 4- and 5-row rank-1 packing cut separation...done!
Model is built TIME = 0h0m0s4t = 4
************************************************************************************************
**** BaB tree root node
**** Local DB = -1e+12, global bounds : [ -1e+12 , 100000 ], TIME = 0h0m0s4t = 4
**** 1 open nodes, 0 columns (0 active), 0 dyn. constrs. (0 active), 202 art. vars. (202 active)
************************************************************************************************
#<DWph=2> <it=  1> <et=0.05> <Mt= 0.00> <Spt= 0.00> <nCl= 30> <al=0.00> <DB=-2997912.5000> <Mlp=2496000.0000> <PB=100000> 
#<DWph=2> <it=  2> <et=0.05> <Mt= 0.00> <Spt= 0.00> <nCl= 30> <al=0.55> <DB=-3061988.9650> <Mlp=1656727.5000> <PB=100000> 
#<DWph=2> <it=  3> <et=0.05> <Mt= 0.00> <Spt= 0.00> <nCl= 30> <al=0.60> <DB=-2338963.5585> <Mlp=1344794.3000> <PB=100000> 
#<DWph=2> <it=  4> <et=0.05> <Mt= 0.00> <Spt= 0.00> <nCl= 30> <al=0.50> <DB=-2638334.8917> <Mlp=853187.9500> <PB=100000> 
#<DWph=2> <it=  5> <et=0.05> <Mt= 0.00> <Spt= 0.00> <nCl= 30> <al=0.55> <DB=-2535287.2088> <Mlp=553419.1500> <PB=100000> 
#<DWph=2> <it=  6> <et=0.05> <Mt= 0.00> <Spt= 0.00> <nCl= 30> <al=0.59> <DB=-2213490.4119> <Mlp=265604.2000> <PB=100000> 
#<DWph=2> <it=  7> <et=0.06> <Mt= 0.00> <Spt= 0.00> <nCl= 30> <al=0.63> <DB=-2509548.3212> <Mlp=265604.2000> <PB=100000> 
#<DWph=2> <it=  8> <et=0.06> <Mt= 0.00> <Spt= 0.00> <nCl= 30> <al=0.67> <DB=-1923285.0214> <Mlp=193664.9000> <PB=100000> 
#<DWph=2> <it=  9> <et=0.06> <Mt= 0.00> <Spt= 0.00> <nCl= 30> <al=0.70> <DB=-1868501.7738> <Mlp=175066.5333> <PB=100000> 
#<DWph=2> <it= 10> <et=0.06> <Mt= 0.00> <Spt= 0.01> <nCl= 30> <al=0.73> <DB=-1706247.0654> <Mlp=157707.9111> <PB=100000> 
#<DWph=2> <it= 11> <et=0.06> <Mt= 0.00> <Spt= 0.00> <nCl= 30> <al=0.76> <DB=-1540274.9004> <Mlp=135954.8409> <PB=100000> 
#<DWph=2> <it= 12> <et=0.07> <Mt= 0.00> <Spt= 0.00> <nCl= 30> <al=0.66> <DB=-1374611.9746> <Mlp=127144.5778> <PB=100000> 
#<DWph=2> <it= 13> <et=0.07> <Mt= 0.00> <Spt= 0.00> <nCl= 30> <al=0.56> <DB=-1113185.6116> <Mlp=113746.7417> <PB=100000> 
#<DWph=2> <it= 14> <et=0.07> <Mt= 0.00> <Spt= 0.00> <nCl= 30> <al=0.60> <DB=-1519499.5240> <Mlp=80987.9030> <PB=100000> 
#<DWph=2> <it= 15> <et=0.07> <Mt= 0.01> <Spt= 0.00> <nCl= 30> <al=0.64> <DB=-1097287.8068> <Mlp=61190.6295> <PB=100000> 
#<DWph=2> <it= 16> <et=0.07> <Mt= 0.00> <Spt= 0.00> <nCl= 30> <al=0.68> <DB=-991473.8881> <Mlp=49908.4333> <PB=100000> 
#<DWph=2> <it= 17> <et=0.08> <Mt= 0.00> <Spt= 0.00> <nCl= 30> <al=0.71> <DB=-993266.8741> <Mlp=29699.3667> <PB=100000> 
#<DWph=2> <it= 18> <et=0.08> <Mt= 0.00> <Spt= 0.00> <nCl= 25> <al=0.74> <DB=-767672.7349> <Mlp=16662.0510> <PB=100000> 
#<DWph=2> <it= 19> <et=0.08> <Mt= 0.00> <Spt= 0.00> <nCl= 30> <al=0.64> <DB=-776702.5917> <Mlp=15133.9794> <PB=100000> 
#<DWph=2> <it= 20> <et=0.08> <Mt= 0.00> <Spt= 0.00> <nCl= 30> <al=0.68> <DB=-666576.3188> <Mlp= 3966.9922> <PB=100000> 
<DWph=2> <it= 21> <et=0.09> <Mt= 0.01> <Spt= 0.01> <nCl= 10> <al=0.15> <DB=-98399.4003> <Mlp= 1906.6422> <PB=100000> 
<DWph=2> <it= 22> <et=0.09> <Mt= 0.00> <Spt= 0.00> <nCl= 33> <al=0.00> <DB=-2027.3059> <Mlp= 1894.4406> <PB=100000> 
<DWph=2> <it= 23> <et=0.09> <Mt= 0.00> <Spt= 0.00> <nCl= 30> <al=0.38> <DB=-1650.1847> <Mlp= 1879.5417> <PB=100000> 
<DWph=2> <it= 24> <et=0.10> <Mt= 0.00> <Spt= 0.00> <nCl= 30> <al=0.44> <DB= -630.5520> <Mlp= 1870.8222> <PB=100000> 
<DWph=2> <it= 25> <et=0.10> <Mt= 0.00> <Spt= 0.00> <nCl= 30> <al=0.49> <DB=   33.9360> <Mlp= 1858.1261> <PB=100000> 
<DWph=2> <it= 26> <et=0.10> <Mt= 0.00> <Spt= 0.00> <nCl= 30> <al=0.39> <DB=  489.4888> <Mlp= 1824.0793> <PB=100000> 
<DWph=2> <it= 27> <et=0.10> <Mt= 0.00> <Spt= 0.00> <nCl= 30> <al=0.45> <DB=  300.9118> <Mlp= 1787.8415> <PB=100000> 
<DWph=2> <it= 28> <et=0.10> <Mt= 0.00> <Spt= 0.00> <nCl= 29> <al=0.51> <DB=  802.2865> <Mlp= 1770.5568> <PB=100000> 
<DWph=2> <it= 29> <et=0.11> <Mt= 0.00> <Spt= 0.00> <nCl= 30> <al=0.56> <DB= 1040.2731> <Mlp= 1744.7917> <PB=100000> 
<DWph=2> <it= 30> <et=0.11> <Mt= 0.01> <Spt= 0.01> <nCl= 30> <al=0.46> <DB= 1043.9188> <Mlp= 1722.7760> <PB=100000> 
<DWph=2> <it= 31> <et=0.11> <Mt= 0.00> <Spt= 0.00> <nCl= 29> <al=0.51> <DB= 1175.2608> <Mlp= 1699.4224> <PB=100000> 
<DWph=2> <it= 32> <et=0.12> <Mt= 0.00> <Spt= 0.00> <nCl= 27> <al=0.56> <DB= 1313.8225> <Mlp= 1671.8462> <PB=100000> 
<DWph=2> <it= 33> <et=0.12> <Mt= 0.00> <Spt= 0.00> <nCl= 23> <al=0.61> <DB= 1367.7684> <Mlp= 1666.7000> <PB=100000> 
<DWph=2> <it= 34> <et=0.12> <Mt= 0.00> <Spt= 0.00> <nCl= 24> <al=0.64> <DB= 1410.5794> <Mlp= 1655.5542> <PB=100000> 
<DWph=2> <it= 35> <et=0.12> <Mt= 0.00> <Spt= 0.00> <nCl= 19> <al=0.68> <DB= 1436.4574> <Mlp= 1648.2217> <PB=100000> 
<DWph=2> <it= 36> <et=0.12> <Mt= 0.00> <Spt= 0.00> <nCl= 19> <al=0.71> <DB= 1454.8609> <Mlp= 1647.3241> <PB=100000> 
<DWph=2> <it= 37> <et=0.12> <Mt= 0.00> <Spt= 0.00> <nCl= 14> <al=0.74> <DB= 1457.6458> <Mlp= 1647.0889> <PB=100000> 
<DWph=2> <it= 38> <et=0.13> <Mt= 0.00> <Spt= 0.00> <nCl= 17> <al=0.77> <DB= 1475.7203> <Mlp= 1646.1292> <PB=100000> 
<DWph=2> <it= 39> <et=0.13> <Mt= 0.01> <Spt= 0.00> <nCl= 10> <al=0.79> <DB= 1511.2858> <Mlp= 1645.1722> <PB=100000> 
<DWph=2> <it= 40> <et=0.13> <Mt= 0.00> <Spt= 0.01> <nCl= 12> <al=0.69> <DB= 1534.7910> <Mlp= 1644.8278> <PB=100000> 
<DWph=2> <it= 41> <et=0.13> <Mt= 0.00> <Spt= 0.00> <nCl= 17> <al=0.59> <DB= 1544.6581> <Mlp= 1641.0833> <PB=100000> 
<DWph=2> <it= 42> <et=0.13> <Mt= 0.00> <Spt= 0.00> <nCl= 17> <al=0.63> <DB= 1570.0361> <Mlp= 1638.6167> <PB=100000> 
<DWph=2> <it= 43> <et=0.13> <Mt= 0.00> <Spt= 0.00> <nCl= 12> <al=0.53> <DB= 1572.5534> <Mlp= 1638.6167> <PB=100000> 
<DWph=2> <it= 44> <et=0.14> <Mt= 0.00> <Spt= 0.00> <nCl= 17> <al=0.58> <DB= 1575.8563> <Mlp= 1638.5500> <PB=100000> 
<DWph=2> <it= 45> <et=0.14> <Mt= 0.00> <Spt= 0.00> <nCl=  7> <al=0.62> <DB= 1599.6393> <Mlp= 1638.4750> <PB=100000> 
<DWph=2> <it= 46> <et=0.14> <Mt= 0.00> <Spt= 0.00> <nCl= 12> <al=0.52> <DB= 1604.5621> <Mlp= 1638.3750> <PB=100000> 
<DWph=2> <it= 47> <et=0.14> <Mt= 0.00> <Spt= 0.00> <nCl=  6> <al=0.57> <DB= 1614.0378> <Mlp= 1637.4750> <PB=100000> 
<DWph=2> <it= 48> <et=0.14> <Mt= 0.00> <Spt= 0.00> <nCl= 14> <al=0.00> <DB= 1628.7500> <Mlp= 1636.8750> <PB=100000> 
<DWph=2> <it= 49> <et=0.14> <Mt= 0.00> <Spt= 0.01> <nCl=  2> <al=0.51> <DB= 1634.2742> <Mlp= 1636.8750> <PB=100000> 
<DWph=2> <it= 50> <et=0.15> <Mt= 0.00> <Spt= 0.00> <nCl=  2> <al=0.00> <DB= 1636.8000> <Mlp= 1636.8000> <PB=100000> 
<DWph=1> <it= 51> <et=0.15> <Mt= 0.00> <Spt= 0.00> <nCl= 18> <al=0.31> <DB= 1388.0500> <Mlp= 1636.8000> <PB=100000> 
<DWph=1> <it= 52> <et=0.15> <Mt= 0.00> <Spt= 0.00> <nCl= 15> <al=0.21> <DB= 1436.9459> <Mlp= 1635.0250> <PB=100000> 
<DWph=1> <it= 53> <et=0.15> <Mt= 0.00> <Spt= 0.00> <nCl= 12> <al=0.29> <DB= 1539.7575> <Mlp= 1632.2000> <PB=100000> 
<DWph=1> <it= 54> <et=0.15> <Mt= 0.00> <Spt= 0.00> <nCl=  4> <al=0.19> <DB= 1576.9786> <Mlp= 1631.1500> <PB=100000> 
<DWph=1> <it= 55> <et=0.15> <Mt= 0.00> <Spt= 0.00> <nCl=  6> <al=0.00> <DB= 1631.1500> <Mlp= 1631.1500> <PB=100000> 
    RCSP exact solver info for graph G_1 : TT = 0.000947, pt = 1.2e-05, dt = 0.000525, ct = 0.000136, ndl = 0', bdl = 1', odl = 0', odf = 0', bsi = 0', cnt = 0', bdch = 2', odch = 0', lcp = 0', #sols = 150
    RCSP exact solver info for graph G_1 : TT = 0.000765, pt = 1.2e-05, dt = 0.000365, ct = 0.000134, ndl = 0', bdl = 1', odl = 0', odf = 0', bsi = 0', cnt = 0', bdch = 2', odch = 0', lcp = 0', #sols = 150
<DWph=0> <it= 56> <et=0.16> <Mt= 0.00> <Spt= 0.01> <nCl= 77> <al=0.00> <DB= 1631.1500> <Mlp= 1631.1500> <PB=100000> 
Dynamic params and stats :  bidir.bord. = 96.6 aver.obdmd = 1.18627 aver.buck.num. = 2.45098
@@ 1 0 1631.15 0.00058 0.000661 93.3339 0.16
Labels distribution in buckets (bucket size) : largest - 10, top 0.1% - 10, top 0.5% - 7, top 2% - 5, top 10% - 3, top 50% - 1
Reduced cost fixing for graph G_1... 5410 buck. arcs remain (100% from prev., 93.6% from max.) + 0 jump buck. arcs (0% from max.)
Backward reduced cost fixing... 5171 buck. arcs remain (100% from prev., 93% from max.) + 0 jump buck. arcs (0% from max.)
 TT = 0.003975, pt = 0.00012, dt = 0.000514, ct = 0.003234, ndl = 0', bdl = 11', odl = 0', odf = 0', lpcb = 0', cnt = 13', bdch = 17', odch = 0', lcp = 0'
Labels distribution in buckets (bucket size) : largest - 11, top 0.1% - 11, top 0.5% - 10, top 2% - 7, top 10% - 4, top 50% - 1
Run forward enumeration with border = 96.6... succeeded! lpt = 0.029169, ndl = 1', dl = 0', lpcb = 0', dch = 721'
Run backward enumeration... succeeded! lpt = 0.010699, ndl = 4', dl = 0', lpcb = 0', dch = 0'
Run enumeration concatenation with time limit 0.3 sec.... time limit reached, not succeeded.
 TT = 0.595318, pt = 0.002059, dt = 0.039868, ct = 0.30231, ndl = 6', bdl = 0', cnt = 57', bdch = 721', odch = 0', lcp = 0'
ColGenEvalAlg final dual bound: 1631.15 (rounded: 1631.15)
Shrinking heuristic shrunk 70 edges
8 Rank-1 3-rows pack. cuts added ,  max viol. = 0.5, aver. viol. = 0.5
Building structures for heuristic rank-1 packing cut separation...done!
5 Rank-1 4-rows pack. cuts added ,  max viol. = 0.5, aver. viol. = 0.5
100 Rank-1 5-rows pack. cuts added ,  max viol. = 0.5, aver. viol. = 0.3075
----- Add fac. cuts : R1C(113), max.viol = 0.5, aver.viol = 0.5, sep/add took 0.232535/0.0198124 sec. -----
1309 columns (1309 active), 113 dyn. constrs. (113 active), 315 art. vars. (315 active)
<DWph=2> <it=  1> <et=1.02> <Mt= 0.00> <Spt= 0.00> <nCl=  6> <al=0.00> <DB= 1615.2000> <Mlp= 1635.2000> <PB=100000> 
<DWph=2> <it=  2> <et=1.02> <Mt= 0.00> <Spt= 0.00> <nCl=  0> <al=0.00> <DB= 1634.8000> <Mlp= 1634.8000> <PB=100000> 
<DWph=1> <it=  3> <et=1.03> <Mt= 0.01> <Spt= 0.00> <nCl=  0> <al=0.00> <DB= 1634.8000> <Mlp= 1634.8000> <PB=100000> 
    RCSP exact solver info for graph G_1 : TT = 0.001253, pt = 0.000142, dt = 0.000662, ct = 0.000207, ndl = 0', bdl = 1', odl = 0', odf = 0', bsi = 0', cnt = 0', bdch = 2', odch = 0', lcp = 0', #sols = 150
    RCSP exact solver info for graph G_1 : TT = 0.000986, pt = 9.3e-05, dt = 0.000484, ct = 0.000211, ndl = 0', bdl = 1', odl = 0', odf = 0', bsi = 0', cnt = 0', bdch = 2', odch = 0', lcp = 0', #sols = 150
<DWph=0> <it=  4> <et=1.03> <Mt= 0.00> <Spt= 0.01> <nCl= 20> <al=0.00> <DB= 1634.8000> <Mlp= 1634.8000> <PB=100000> 
Dynamic params and stats :  bidir.bord. = 87.2 aver.obdmd = 1.18627 aver.buck.num. = 2.45098 nbR1C = 4 with avMem = 5
@@ 1 1 1634.8 0.000782 0.000869 93.2987 1.03
    Full reduced cost fixing is not called (gap ratio is 0.999963)
ColGenEvalAlg final dual bound: 1634.8 (rounded: 1634.8)
False gap improvement since the last cut separation : 0.0223769 (1631.15)
Current active cuts : R1C(4,9.7) 3rowPackR1C(2) 5rowPackR1C(2)
Shrinking heuristic shrunk 68 edges
9 Rank-1 3-rows pack. cuts added ,  max viol. = 0.5, aver. viol. = 0.5
Building structures for heuristic rank-1 packing cut separation...done!
6 Rank-1 4-rows pack. cuts added ,  max viol. = 0.5, aver. viol. = 0.5
100 Rank-1 5-rows pack. cuts added ,  max viol. = 0.5, aver. viol. = 0.34
----- Add fac. cuts : R1C(115), max.viol = 0.5, aver.viol = 0.5, sep/add took 0.232179/0.0203966 sec. -----
1335 columns (1335 active), 228 dyn. constrs. (123 active), 430 art. vars. (325 active)
<DWph=2> <it=  1> <et=1.29> <Mt= 0.00> <Spt= 0.00> <nCl=  5> <al=0.50> <DB= 1590.5950> <Mlp= 1637.3900> <PB=100000> 
<DWph=2> <it=  2> <et=1.29> <Mt= 0.00> <Spt= 0.00> <nCl=  1> <al=0.55> <DB= 1621.3956> <Mlp= 1636.8875> <PB=100000> 
<DWph=2> <it=  3> <et=1.29> <Mt= 0.00> <Spt= 0.00> <nCl=  1> <al=0.60> <DB= 1622.7361> <Mlp= 1636.8875> <PB=100000> 
<DWph=2> <it=  4> <et=1.29> <Mt= 0.00> <Spt= 0.01> <nCl=  2> <al=0.27> <DB= 1627.1645> <Mlp= 1636.2500> <PB=100000> 
<DWph=2> <it=  5> <et=1.30> <Mt= 0.00> <Spt= 0.00> <nCl=  3> <al=0.07> <DB= 1624.5214> <Mlp= 1636.2500> <PB=100000> 
<DWph=2> <it=  6> <et=1.30> <Mt= 0.00> <Spt= 0.00> <nCl=  5> <al=0.00> <DB= 1633.7500> <Mlp= 1636.2500> <PB=100000> 
<DWph=2> <it=  7> <et=1.30> <Mt= 0.00> <Spt= 0.00> <nCl=  0> <al=0.00> <DB= 1636.2500> <Mlp= 1636.2500> <PB=100000> 
<DWph=1> <it=  8> <et=1.30> <Mt= 0.00> <Spt= 0.00> <nCl=  0> <al=0.00> <DB= 1636.2500> <Mlp= 1636.2500> <PB=100000> 
    RCSP exact solver info for graph G_1 : TT = 0.001201, pt = 0.000147, dt = 0.00057, ct = 0.000235, ndl = 0', bdl = 1', odl = 0', odf = 0', bsi = 0', cnt = 0', bdch = 2', odch = 0', lcp = 0', #sols = 150
<DWph=0> <it=  9> <et=1.31> <Mt= 0.00> <Spt= 0.01> <nCl= 17> <al=0.14> <DB= 1593.7500> <Mlp= 1636.2500> <PB=100000> 
    RCSP exact solver info for graph G_1 : TT = 0.001063, pt = 0.000111, dt = 0.000502, ct = 0.000222, ndl = 0', bdl = 1', odl = 0', odf = 0', bsi = 0', cnt = 0', bdch = 2', odch = 0', lcp = 0', #sols = 150
    RCSP exact solver info for graph G_1 : TT = 0.001015, pt = 0.000105, dt = 0.000478, ct = 0.000222, ndl = 0', bdl = 1', odl = 0', odf = 0', bsi = 0', cnt = 0', bdch = 2', odch = 0', lcp = 0', #sols = 150
<DWph=0> <it= 10> <et=1.31> <Mt= 0.00> <Spt= 0.00> <nCl=  2> <al=0.00> <DB= 1636.2500> <Mlp= 1636.2500> <PB=100000> 
Dynamic params and stats :  bidir.bord. = 87.2 aver.obdmd = 1.18627 aver.buck.num. = 2.45098 nbR1C = 5 with avMem = 5.2
@@ 1 2 1636.25 0.000743 0.000805 93.2987 1.31
    Full reduced cost fixing is not called (gap ratio is 0.999948)
ColGenEvalAlg final dual bound: 1636.25 (rounded: 1636.25)
False gap improvement since the last cut separation : 0.00886959 (1634.8)
Cut generation tailing off counter increased to 1
Current active cuts : R1C(5,16.6) 3rowPackR1C(2) 5rowPackR1C(3)
Shrinking heuristic shrunk 67 edges
2 Rank-1 3-rows pack. cuts added ,  max viol. = 0.5, aver. viol. = 0.5
Building structures for heuristic rank-1 packing cut separation...done!
4 Rank-1 4-rows pack. cuts added ,  max viol. = 0.5, aver. viol. = 0.5
50 Rank-1 5-rows pack. cuts added ,  max viol. = 0.5, aver. viol. = 0.29
----- Add fac. cuts : R1C(56), max.viol = 0.5, aver.viol = 0.5, sep/add took 0.241384/0.0106244 sec. -----
1371 columns (1371 active), 179 dyn. constrs. (65 active), 486 art. vars. (267 active)
<DWph=2> <it=  1> <et=1.57> <Mt= 0.00> <Spt= 0.00> <nCl=  0> <al=0.00> <DB= 1636.2500> <Mlp= 1636.2500> <PB=100000> 
<DWph=1> <it=  2> <et=1.57> <Mt= 0.00> <Spt= 0.01> <nCl=  0> <al=0.00> <DB= 1636.2500> <Mlp= 1636.2500> <PB=100000> 
<DWph=0> <it=  3> <et=1.57> <Mt= 0.00> <Spt= 0.00> <nCl=  0> <al=0.30> <DB= 1636.2500> <Mlp= 1636.2500> <PB=100000> 
@@ 1 3 1636.25 0 0 93.2987 1.57
ColGenEvalAlg final dual bound: 1636.25 (rounded: 1636.25)
False gap improvement since the last cut separation : 0 (1636.25)
Cut generation tailing off counter increased to 2
Current active cuts : R1C(5,16.6) 3rowPackR1C(2) 5rowPackR1C(3)
Shrinking heuristic shrunk 67 edges
Building structures for heuristic rank-1 packing cut separation...done!
----- Add fac. cuts : sep. took 0.242204 sec.----- no cuts found  -----
Current active cuts : R1C(5,16.6) 3rowPackR1C(2) 5rowPackR1C(3)
------------------------------------------------
-- Enumeration for restr. mast. heur. started --
------------------------------------------------
<DWph=2> <it=  1> <et=1.82> <Mt= 0.00> <Spt= 0.00> <nCl=  0> <al=0.50> <DB= 1636.2500> <Mlp= 1636.2500> <PB=100000> 
<DWph=1> <it=  2> <et=1.82> <Mt= 0.00> <Spt= 0.00> <nCl=  0> <al=0.50> <DB= 1636.2500> <Mlp= 1636.2500> <PB=100000> 
@@ 2 0 1636.25 0 0 93.2987 1.82
<DWph=1> <it=  2> <et=1.82> <Mt= 0.00> <Spt= 0.00> <nCl=  0> <al=0.00> <DB= 1636.2500> <Mlp= 1636.2500> <PB=100000> 
False gap = 163.625
Labels distribution in buckets (bucket size) : largest - 7, top 0.1% - 7, top 0.5% - 7, top 2% - 4, top 10% - 2, top 50% - 1
Reduced cost fixing for graph G_1... 5410 buck. arcs remain (100% from prev., 93.6% from max.) + 0 jump buck. arcs (0% from max.)
Backward reduced cost fixing... 5171 buck. arcs remain (100% from prev., 93% from max.) + 0 jump buck. arcs (0% from max.)
 TT = 0.006039, pt = 0.000372, dt = 0.00152, ct = 0.00395, ndl = 0', bdl = 13', odl = 0', odf = 0', lpcb = 0', cnt = 15', bdch = 21', odch = 0', lcp = 0'
Labels distribution in buckets (bucket size) : largest - 10, top 0.1% - 10, top 0.5% - 7, top 2% - 7, top 10% - 4, top 50% - 1
Run forward enumeration with border = 87.2... succeeded! lpt = 0.010577, ndl = 0', dl = 0', lpcb = 0', dch = 553'
Run backward enumeration... succeeded! lpt = 0.012833, ndl = 8', dl = 0', lpcb = 0', dch = 1'
Run enumeration concatenation with time limit 3000 sec.... max. number of elem. solutions exceeded, not succeeded.
 TT = 0.716158, pt = 0.000236, dt = 0.02341, ct = 0.419062, ndl = 9', bdl = 0', cnt = 38', bdch = 554', odch = 0', lcp = 0'
False gap = 81.8125
Labels distribution in buckets (bucket size) : largest - 10, top 0.1% - 10, top 0.5% - 7, top 2% - 7, top 10% - 4, top 50% - 1
Reduced cost fixing for graph G_1... 5305 buck. arcs remain (98.1% from prev., 91.8% from max.) + 0 jump buck. arcs (0% from max.)
Backward reduced cost fixing... 5066 buck. arcs remain (98% from prev., 91.1% from max.) + 0 jump buck. arcs (0% from max.)
 TT = 0.006015, pt = 0.000354, dt = 0.001514, ct = 0.003951, ndl = 0', bdl = 13', odl = 0', odf = 0', lpcb = 0', cnt = 14', bdch = 20', odch = 0', lcp = 0'
Labels distribution in buckets (bucket size) : largest - 10, top 0.1% - 10, top 0.5% - 7, top 2% - 7, top 10% - 4, top 50% - 1
Run forward enumeration with border = 87.2... succeeded! lpt = 0.009533, ndl = 0', dl = 0', lpcb = 1', dch = 479'
Run backward enumeration... succeeded! lpt = 0.012692, ndl = 8', dl = 0', lpcb = 0', dch = 1'
Run enumeration concatenation with time limit 3000 sec.... done!
 TT = 1.83463, pt = 1e-06, dt = 0.022225, ct = 0.311432, ndl = 9', bdl = 0', lpcb = 1', cnt = 35', bdch = 480', odch = 0', lcp = 0'
Enumeration succeeded!, number of elem. solutions is 865218
865218 enum. solutions in graph 1
Added 1368 columns in the formulation 
Removed 3 columns (not in the enumerated set) from the formulation
Regenerated 1368 columns with the 'enumerated' flag
Added 5000 enum. columns to the heuristic restricted master 
Added 4332 columns in the formulation 
------------------------------------------------
---- Restricted Master IP Heuristic started ----
------------------------------------------------
Version identifier: 20.1.0.0 | 2020-11-10 | 9bedb6d68
CPXPARAM_Advance                                 0
CPXPARAM_Preprocessing_Linear                    0
CPXPARAM_Threads                                 1
CPXPARAM_MIP_Strategy_CallbackReducedLP          0
CPXPARAM_Emphasis_MIP                            1
CPXPARAM_MIP_Limits_Nodes                        2000000
CPXPARAM_Simplex_Tolerances_Optimality           9.9999999999999995e-08
CPXPARAM_Simplex_Tolerances_Feasibility          9.9999999999999995e-08
CPXPARAM_TimeLimit                               20
CPXPARAM_MIP_Tolerances_UpperCutoff              100000
CPXPARAM_MIP_Tolerances_MIPGap                   1.0000000000000001e-09
Legacy callback                                  L
Warning: Control callbacks may disable some MIP features.
Tried aggregator 1 time.
MIP Presolve eliminated 31 rows and 251 columns.
MIP Presolve modified 5145 coefficients.
Reduced MIP has 136 rows, 5449 columns, and 44105 nonzeros.
Reduced MIP has 5449 binaries, 0 generals, 0 SOSs, and 0 indicators.
Presolve time = 0.03 sec. (40.52 ticks)
Probing fixed 12 vars, tightened 0 bounds.
Probing time = 0.06 sec. (77.95 ticks)
Clique table members: 1127.
MIP emphasis: integer feasibility.
MIP search method: traditional branch-and-cut.
Parallel mode: none, using 1 thread.
Root relaxation solution time = 0.01 sec. (22.78 ticks)

        Nodes                                         Cuts/
   Node  Left     Objective  IInf  Best Integer    Best Bound    ItCnt     Gap         Variable B NodeID Parent  Depth

      0     0     1636.2500    19                   1636.2500      462         
Shrinking heuristic shrunk 80 edges
*     0     0      integral     0     1637.7000       Cuts: 5      477    0.00%
      0     0        cutoff           1637.7000     1637.7000      477    0.00%                        0             0
Elapsed time = 0.14 sec. (207.86 ticks, tree = 0.01 MB, solutions = 1)

Clique cuts applied:  2
Zero-half cuts applied:  1
Gomory fractional cuts applied:  1

Root node processing (before b&c):
  Real time             =    0.14 sec. (208.03 ticks)
Sequential b&c:
  Real time             =    0.00 sec. (0.00 ticks)
                          ------------
Total (root+branch&cut) =    0.14 sec. (208.03 ticks)
Solution status = Optimum
Shrinking heuristic shrunk 80 edges
**** Strong branching phase 1 is started *****
SB phase 1 cand.  1 branch on VNB (lhs=19.5000)       : [ 1636.8000,  1648.8500], score = 6.93      <et=5.16>
SB phase 1 cand.  2 branch on EDGE[0,7] (lhs=0.5000)  : [ 1637.7000,  1643.9500], score = 11.16      <et=5.16>
SB phase 1 cand.  3 branch on EDGE[0,82] (lhs=0.5000) : [ 1636.6500,  1636.9500], score = 0.28      <et=5.17>
SB phase 1 cand.  4 branch on EDGE[5,61] (lhs=0.5000) : [ 1636.6500,  1636.9500], score = 0.28      <et=5.17>
SB phase 1 cand.  5 branch on EDGE[5,83] (lhs=0.5000) : [ 1636.6500,  1636.9500], score = 0.28      <et=5.17>
SB phase 1 cand.  6 branch on EDGE[6,18] (lhs=0.5000) : [ 1636.6000,  1636.6500], score = 0.14      <et=5.17>
SB phase 1 cand.  7 branch on EDGE[6,52] (lhs=0.5000) : [ 1636.6000,  1637.7000], score = 0.51      <et=5.17>
SB phase 1 cand.  8 branch on EDGE[7,10] (lhs=0.5000) : [ 1637.7000,  1644.2125], score = 11.55      <et=5.18>
SB phase 1 cand.  9 branch on EDGE[9,51] (lhs=0.5000) : [ 1637.7000,  1638.5000], score = 3.26      <et=5.18>
SB phase 1 cand. 10 branch on EDGE[9,71] (lhs=0.5000) : [ 1637.7000,  1638.5000], score = 3.26      <et=5.18>
SB phase 1 cand. 11 branch on EDGE[10,90] (lhs=0.5000): [ 1637.7000,  1644.2125], score = 11.55      <et=5.18>
SB phase 1 cand. 12 branch on EDGE[18,84] (lhs=0.5000): [ 1636.6000,  1636.6500], score = 0.14      <et=5.19>
SB phase 1 cand. 13 branch on EDGE[20,51] (lhs=0.5000): [ 1637.7000,  1638.5000], score = 3.26      <et=5.19>
SB phase 1 cand. 14 branch on EDGE[20,90] (lhs=0.5000): [ 1637.0500,  1644.4750], score = 6.58      <et=5.19>
SB phase 1 cand. 15 branch on EDGE[29,78] (lhs=0.5000): [ 1637.4250,  1638.4500], score = 2.58      <et=5.19>
SB phase 1 cand. 16 branch on EDGE[29,79] (lhs=0.5000): [ 1637.4250,  1638.4500], score = 2.59      <et=5.19>
SB phase 1 cand. 17 branch on EDGE[30,31] (lhs=0.5000): [ 1637.7000,  1638.5000], score = 3.26      <et=5.2>
SB phase 1 cand. 18 branch on EDGE[30,51] (lhs=0.5000): [ 1637.7000,  1638.5000], score = 3.26      <et=5.2>
SB phase 1 cand. 19 branch on EDGE[30,69] (lhs=0.5000): [ 1637.7000,  1638.5000], score = 3.26      <et=5.2>
SB phase 1 cand. 20 branch on EDGE[30,81] (lhs=0.5000): [ 1637.7000,  1669.0000], score = 47.49      <et=5.2>
SB phase 1 cand. 21 branch on EDGE[31,88] (lhs=0.5000): [ 1637.7000,  1638.5000], score = 3.26      <et=5.21>
SB phase 1 cand. 22 branch on EDGE[45,82] (lhs=0.5000): [ 1636.6500,  1636.9500], score = 0.28      <et=5.21>
SB phase 1 cand. 23 branch on EDGE[45,83] (lhs=0.5000): [ 1636.6500,  1636.9500], score = 0.28      <et=5.21>
SB phase 1 cand. 24 branch on EDGE[51,69] (lhs=0.5000): [ 1637.7000,  1638.5000], score = 3.26      <et=5.21>
SB phase 1 cand. 25 branch on EDGE[52,88] (lhs=0.5000): [ 1637.7000,  1638.5000], score = 3.26      <et=5.22>
SB phase 1 cand. 26 branch on EDGE[61,83] (lhs=0.5000): [ 1636.6500,  1636.9500], score = 0.28      <et=5.22>
SB phase 1 cand. 27 branch on EDGE[71,78] (lhs=0.5000): [ 1637.4250,  1643.0000], score = 7.93      <et=5.22>
SB phase 1 cand. 28 branch on EDGE[76,79] (lhs=0.5000): [ 1637.4250,  1638.4500], score = 2.58      <et=5.22>
SB phase 1 cand. 29 branch on EDGE[76,81] (lhs=0.5000): [ 1637.4250,  1643.0000], score = 7.93      <et=5.22>
SB phase 1 cand. 30 branch on EDGE[83,84] (lhs=0.5000): [ 1636.6500,  1636.9500], score = 0.28      <et=5.23>
**** Strong branching phase 2 is started *****
<DWph=1> <it=  6> <et=5.25> <Mt= 0.01> <Spt= 0.01> <nCl= 48> <al=0.00> <DB= 1639.7000> <Mlp= 1639.7000> <PB=1637.7> 
<DWph=1> <it=  2> <et=5.30> <Mt= 0.00> <Spt= 0.00> <nCl=  0> <al=0.00> <DB= 1637.7000> <Mlp= 1637.7000> <PB=1637.7> 
SB phase 2 cand.  1 branch on EDGE[30,81] (lhs=0.5000): [ 1637.7000,  1639.7000], score = 5.00      <et=5.3>
<DWph=1> <it=  7> <et=5.33> <Mt= 0.00> <Spt= 0.02> <nCl= 26> <al=0.00> <DB= 1639.8500> <Mlp= 1639.8500> <PB=1637.7> 
<DWph=1> <it=  2> <et=5.34> <Mt= 0.00> <Spt= 0.00> <nCl=  0> <al=0.00> <DB= 1637.7000> <Mlp= 1637.7000> <PB=1637.7> 
SB phase 2 cand.  2 branch on EDGE[10,90] (lhs=0.5000): [ 1637.7000,  1639.8500], score = 5.22      <et=5.34>
<DWph=1> <it=  5> <et=5.36> <Mt= 0.01> <Spt= 0.01> <nCl= 25> <al=0.00> <DB= 1639.8500> <Mlp= 1639.8500> <PB=1637.7> 
<DWph=1> <it=  3> <et=5.37> <Mt= 0.00> <Spt= 0.01> <nCl=  3> <al=0.00> <DB= 1637.6500> <Mlp= 1637.6500> <PB=1637.7> 
SB phase 2 cand.  3 branch on EDGE[7,10] (lhs=0.5000) : [ 1637.6500,  1639.8500], score = 5.04      <et=5.37>
**** Strong branching phase 3 is started *****
**** SB phase 3 evaluation of candidate 1, branch 1 ( EDGE[10,90] <= 0 ), value = 1639.85
<DWph=2> <it=  1> <et=5.38> <Mt= 0.00> <Spt= 0.00> <nCl=  0> <al=0.00> <DB= 1639.8500> <Mlp= 1639.8500> <PB=1637.7> 
<DWph=1> <it=  2> <et=5.38> <Mt= 0.00> <Spt= 0.00> <nCl=  0> <al=0.00> <DB= 1639.8500> <Mlp= 1639.8500> <PB=1637.7> 
    RCSP exact solver info for graph G_1 : TT = 0.001426, pt = 0.000175, dt = 0.000752, ct = 0.000235, ndl = 0', bdl = 1', odl = 0', odf = 0', bsi = 0', cnt = 0', bdch = 2', odch = 0', lcp = 0', #sols = 150
<DWph=0> <it=  3> <et=5.39> <Mt= 0.00> <Spt= 0.01> <nCl= 20> <al=0.30> <DB= 1586.1000> <Mlp= 1639.8500> <PB=1637.7> 
    RCSP exact solver info for graph G_1 : TT = 0.001295, pt = 0.00014, dt = 0.000685, ct = 0.000223, ndl = 0', bdl = 1', odl = 0', odf = 0', bsi = 0', cnt = 0', bdch = 2', odch = 0', lcp = 0', #sols = 150
    RCSP exact solver info for graph G_1 : TT = 0.001206, pt = 0.000125, dt = 0.000633, ct = 0.000222, ndl = 0', bdl = 1', odl = 0', odf = 0', bsi = 0', cnt = 0', bdch = 2', odch = 0', lcp = 0', #sols = 150
<DWph=0> <it=  4> <et=5.39> <Mt= 0.00> <Spt= 0.00> <nCl=  4> <al=0.00> <DB= 1639.8500> <Mlp= 1639.8500> <PB=1637.7> 
Dynamic params and stats :  bidir.bord. = 87.2 aver.obdmd = 1.18627 aver.buck.num. = 2.45098 nbR1C = 6 with avMem = 5.16667
@@ 70 0 1639.85 0.000916667 0.000987 93.2987 5.39
ColGenEvalAlg final dual bound: 1639.85 (rounded: 1639.85)
Current active cuts : R1C(6,29.1) 3rowPackR1C(2) 5rowPackR1C(4)
**** SB phase 3 evaluation of candidate 1, branch 2 ( EDGE[10,90] >= 1 ), value = 1637.7
<DWph=2> <it=  1> <et=5.40> <Mt= 0.00> <Spt= 0.00> <nCl=  0> <al=0.00> <DB= 1637.7000> <Mlp= 1637.7000> <PB=1637.7> 
<DWph=1> <it=  2> <et=5.41> <Mt= 0.00> <Spt= 0.01> <nCl=  0> <al=0.00> <DB= 1637.7000> <Mlp= 1637.7000> <PB=1637.7> 
    RCSP exact solver info for graph G_1 : TT = 0.001417, pt = 0.000134, dt = 0.000776, ct = 0.00024, ndl = 0', bdl = 1', odl = 0', odf = 0', bsi = 0', cnt = 0', bdch = 2', odch = 0', lcp = 0', #sols = 150
    RCSP exact solver info for graph G_1 : TT = 0.001218, pt = 0.000111, dt = 0.000634, ct = 0.00023, ndl = 0', bdl = 1', odl = 0', odf = 0', bsi = 0', cnt = 0', bdch = 2', odch = 0', lcp = 0', #sols = 150
<DWph=0> <it=  3> <et=5.41> <Mt= 0.00> <Spt= 0.00> <nCl=  0> <al=0.00> <DB= 1637.7000> <Mlp= 1637.7000> <PB=1637.7> 
Dynamic params and stats :  bidir.bord. = 87.2 aver.obdmd = 1.18627 aver.buck.num. = 2.45098 nbR1C = 5 with avMem = 5.2
@@ 71 0 1637.7 0.00094 0.001016 93.2987 5.41
ColGenEvalAlg final dual bound: 1637.7 (rounded: 1637.7)
Current active cuts : R1C(5,17.1) 3rowPackR1C(2) 5rowPackR1C(3)
 SB phase 3 candidate 1 is conquered !
SB with phases chosed candidate EDGE[10,90] (lhs=0.5)
New model incumbent solution 1637.7, TIME = 0h0m5s41t = 541
************************************************************************************************
Search is finished, global bounds : [ 1637.7 , 1637.7 ], TIME = 0h0m5s41t = 541
************************************************************************************************
instance_name solver_name ext_heuristic solution_value solution_time best_lb root_lb root_time nb_branch_and_bound_nodes status
/home/logis/Downloads/VRPSolverEasy/VRPSolverEasy/demos/data/CVRPTW/R101 CPLEX False 1637.7 5.419988673000001 1637.6999999999998 1636.25 1.820483052 3 0

