Node memory for rank-1 cuts will be used (8)
~~~~~~~~~~~~~~~~~~~~~~~~~~~~~~~~~~~~~~~~~~~~~~~~~~~~~~~~~~~~~~~~~~~~~~~~~~~~~~~~~~~~~
VRPSolver v0.5.27, 24/02/2023, © Inria Bordeaux, France, vrpsolver.math.u-bordeaux.fr
      Corresponds to the solver by Pessoa, Sadykov, Uchoa and Vanderbeck (2020)
                 Paper: dx.doi.org/10.1007/s10107-020-01523-z
~~~~~~~~~~~~~~~~~~~~~~~~~~~~~~~~~~~~~~~~~~~~~~~~~~~~~~~~~~~~~~~~~~~~~~~~~~~~~~~~~~~~~
   BaPCod v0.77, 15/03/2023, © Inria Bordeaux, France, bapcod.math.u-bordeaux.fr 
           THIS CODE IS PROVIDED AS IS, USE IT AT YOUR OWN RISK
~~~~~~~~~~~~~~~~~~~~~~~~~~~~~~~~~~~~~~~~~~~~~~~~~~~~~~~~~~~~~~~~~~~~~~~~~~~~~~~~~~~~~
Bucket steps were recalculated for graph G_1 : [4]
RCSP solver info : symmetric case is detected for graph G_1! 
Bidirectional border value is initialised to 50
RCSP solver info : number of forw. reachable buckets / buck. strongly connected components is 973( 93.5577% ) / 648( 66.5982% )
Generating neighbourhoods for rank-1 cuts separation
Building structures for 4- and 5-row rank-1 packing cut separation...done!
Model is built TIME = 0h0m0s1t = 1
************************************************************************************************
**** BaB tree root node
**** Local DB = -1e+12, global bounds : [ -1e+12 , 826.1 ], TIME = 0h0m0s1t = 1
**** 1 open nodes, 0 columns (0 active), 0 dyn. constrs. (0 active), 78 art. vars. (78 active)
************************************************************************************************
#<DWph=2> <it=  1> <et=0.01> <Mt= 0.00> <Spt= 0.00> <nCl= 30> <al=0.00> <DB=-3697753.6800> <Mlp=80296.9200> <PB=826.1> 
#<DWph=2> <it=  2> <et=0.01> <Mt= 0.00> <Spt= 0.00> <nCl= 30> <al=0.55> <DB=-2514684.5160> <Mlp=76198.8667> <PB=826.1> 
#<DWph=2> <it=  3> <et=0.01> <Mt= 0.00> <Spt= 0.00> <nCl= 30> <al=0.45> <DB=-2440707.6626> <Mlp=74121.2615> <PB=826.1> 
#<DWph=2> <it=  4> <et=0.02> <Mt= 0.00> <Spt= 0.00> <nCl= 30> <al=0.35> <DB=-2050010.3816> <Mlp=73240.6515> <PB=826.1> 
#<DWph=2> <it=  5> <et=0.02> <Mt= 0.00> <Spt= 0.01> <nCl= 30> <al=0.42> <DB=-1742819.6660> <Mlp=67791.5813> <PB=826.1> 
#<DWph=2> <it=  6> <et=0.02> <Mt= 0.00> <Spt= 0.00> <nCl= 30> <al=0.47> <DB=-1712073.4048> <Mlp=65576.3559> <PB=826.1> 
#<DWph=2> <it=  7> <et=0.02> <Mt= 0.00> <Spt= 0.00> <nCl= 30> <al=0.53> <DB=-1796444.7339> <Mlp=62360.6046> <PB=826.1> 
#<DWph=2> <it=  8> <et=0.02> <Mt= 0.00> <Spt= 0.00> <nCl= 30> <al=0.57> <DB=-1705441.6784> <Mlp=61599.5770> <PB=826.1> 
#<DWph=2> <it=  9> <et=0.03> <Mt= 0.00> <Spt= 0.00> <nCl= 30> <al=0.47> <DB=-1320259.0621> <Mlp=60109.8343> <PB=826.1> 
#<DWph=2> <it= 10> <et=0.03> <Mt= 0.00> <Spt= 0.00> <nCl= 30> <al=0.53> <DB=-1044238.1089> <Mlp=59124.5921> <PB=826.1> 
#<DWph=2> <it= 11> <et=0.03> <Mt= 0.00> <Spt= 0.01> <nCl= 30> <al=0.43> <DB=-1230448.8013> <Mlp=57039.0631> <PB=826.1> 
#<DWph=2> <it= 12> <et=0.03> <Mt= 0.00> <Spt= 0.00> <nCl= 30> <al=0.48> <DB=-1090235.4542> <Mlp=53970.1090> <PB=826.1> 
#<DWph=2> <it= 13> <et=0.03> <Mt= 0.00> <Spt= 0.00> <nCl= 30> <al=0.54> <DB=-1010547.5965> <Mlp=47596.7245> <PB=826.1> 
#<DWph=2> <it= 14> <et=0.04> <Mt= 0.00> <Spt= 0.00> <nCl= 30> <al=0.44> <DB=-840611.2834> <Mlp=46899.0126> <PB=826.1> 
#<DWph=2> <it= 15> <et=0.04> <Mt= 0.00> <Spt= 0.00> <nCl= 30> <al=0.49> <DB=-723744.6987> <Mlp=46229.6125> <PB=826.1> 
#<DWph=2> <it= 16> <et=0.04> <Mt= 0.00> <Spt= 0.01> <nCl= 30> <al=0.39> <DB=-581482.7310> <Mlp=42923.4211> <PB=826.1> 
#<DWph=2> <it= 17> <et=0.04> <Mt= 0.00> <Spt= 0.00> <nCl= 30> <al=0.29> <DB=-514333.3270> <Mlp=37027.5492> <PB=826.1> 
#<DWph=2> <it= 18> <et=0.05> <Mt= 0.00> <Spt= 0.00> <nCl= 30> <al=0.36> <DB=-434141.2249> <Mlp=33278.0288> <PB=826.1> 
#<DWph=2> <it= 19> <et=0.05> <Mt= 0.00> <Spt= 0.00> <nCl= 30> <al=0.26> <DB=-357579.9103> <Mlp=25846.3035> <PB=826.1> 
#<DWph=2> <it= 20> <et=0.05> <Mt= 0.00> <Spt= 0.00> <nCl= 30> <al=0.34> <DB=-335912.2076> <Mlp=15756.7360> <PB=826.1> 
#<DWph=2> <it= 21> <et=0.05> <Mt= 0.00> <Spt= 0.00> <nCl= 30> <al=0.24> <DB=-523333.7901> <Mlp=10136.9228> <PB=826.1> 
#<DWph=2> <it= 22> <et=0.06> <Mt= 0.00> <Spt= 0.01> <nCl= 30> <al=0.31> <DB=-296335.7222> <Mlp= 9584.7608> <PB=826.1> 
#<DWph=2> <it= 23> <et=0.06> <Mt= 0.01> <Spt= 0.00> <nCl= 30> <al=0.38> <DB=-272965.1977> <Mlp= 2067.0250> <PB=826.1> 
#<DWph=2> <it= 24> <et=0.06> <Mt= 0.00> <Spt= 0.00> <nCl= 30> <al=0.44> <DB=-101263.4357> <Mlp= 1970.2581> <PB=826.1> 
#<DWph=2> <it= 25> <et=0.07> <Mt= 0.00> <Spt= 0.00> <nCl= 30> <al=0.34> <DB=-17372.0445> <Mlp= 1889.1345> <PB=826.1> 
#<DWph=2> <it= 26> <et=0.07> <Mt= 0.00> <Spt= 0.00> <nCl= 30> <al=0.24> <DB=-2890.4614> <Mlp= 1809.4377> <PB=826.1> 
<DWph=2> <it= 27> <et=0.07> <Mt= 0.00> <Spt= 0.00> <nCl= 30> <al=0.32> <DB=-7773.1168> <Mlp= 1584.4507> <PB=826.1> 
<DWph=2> <it= 28> <et=0.07> <Mt= 0.00> <Spt= 0.01> <nCl= 30> <al=0.39> <DB=-2524.2925> <Mlp= 1518.1678> <PB=826.1> 
<DWph=2> <it= 29> <et=0.08> <Mt= 0.00> <Spt= 0.00> <nCl= 30> <al=0.45> <DB=-6116.5188> <Mlp= 1446.3254> <PB=826.1> 
<DWph=2> <it= 30> <et=0.08> <Mt= 0.00> <Spt= 0.00> <nCl= 30> <al=0.50> <DB=-4690.4847> <Mlp= 1350.4815> <PB=826.1> 
<DWph=2> <it= 31> <et=0.08> <Mt= 0.00> <Spt= 0.00> <nCl= 30> <al=0.55> <DB=-3106.4612> <Mlp= 1258.3994> <PB=826.1> 
<DWph=2> <it= 32> <et=0.09> <Mt= 0.01> <Spt= 0.00> <nCl= 30> <al=0.60> <DB= -625.1937> <Mlp= 1220.7052> <PB=826.1> 
<DWph=2> <it= 33> <et=0.09> <Mt= 0.00> <Spt= 0.01> <nCl= 30> <al=0.64> <DB=-1386.6905> <Mlp= 1154.1819> <PB=826.1> 
<DWph=2> <it= 34> <et=0.09> <Mt= 0.00> <Spt= 0.00> <nCl= 30> <al=0.67> <DB=-1026.0932> <Mlp= 1135.3153> <PB=826.1> 
<DWph=2> <it= 35> <et=0.10> <Mt= 0.00> <Spt= 0.00> <nCl= 30> <al=0.71> <DB= -215.8038> <Mlp= 1092.8261> <PB=826.1> 
<DWph=2> <it= 36> <et=0.10> <Mt= 0.00> <Spt= 0.00> <nCl= 30> <al=0.74> <DB= -826.5194> <Mlp= 1022.5565> <PB=826.1> 
<DWph=2> <it= 37> <et=0.10> <Mt= 0.00> <Spt= 0.00> <nCl= 29> <al=0.76> <DB=   39.2972> <Mlp= 1004.4618> <PB=826.1> 
<DWph=2> <it= 38> <et=0.11> <Mt= 0.00> <Spt= 0.00> <nCl= 27> <al=0.79> <DB= -183.6984> <Mlp=  968.8890> <PB=826.1> 
<DWph=2> <it= 39> <et=0.11> <Mt= 0.01> <Spt= 0.01> <nCl= 26> <al=0.81> <DB=  239.1507> <Mlp=  929.6377> <PB=826.1> 
<DWph=2> <it= 40> <et=0.11> <Mt= 0.00> <Spt= 0.00> <nCl= 30> <al=0.83> <DB=   77.0634> <Mlp=  914.9179> <PB=826.1> 
<DWph=2> <it= 41> <et=0.12> <Mt= 0.00> <Spt= 0.00> <nCl= 23> <al=0.84> <DB=  276.8807> <Mlp=  892.7855> <PB=826.1> 
<DWph=2> <it= 42> <et=0.12> <Mt= 0.00> <Spt= 0.00> <nCl= 30> <al=0.74> <DB=  205.3376> <Mlp=  869.4666> <PB=826.1> 
<DWph=2> <it= 43> <et=0.12> <Mt= 0.00> <Spt= 0.00> <nCl= 26> <al=0.77> <DB=  462.1962> <Mlp=  842.1063> <PB=826.1> 
<DWph=2> <it= 44> <et=0.12> <Mt= 0.00> <Spt= 0.00> <nCl= 29> <al=0.67> <DB=  224.4094> <Mlp=  823.2918> <PB=826.1> 
<DWph=2> <it= 45> <et=0.13> <Mt= 0.00> <Spt= 0.01> <nCl= 20> <al=0.70> <DB=  529.9219> <Mlp=  813.4826> <PB=826.1> 
<DWph=2> <it= 46> <et=0.13> <Mt= 0.00> <Spt= 0.00> <nCl= 26> <al=0.60> <DB=  586.4694> <Mlp=  807.6389> <PB=826.1> 
<DWph=2> <it= 47> <et=0.13> <Mt= 0.01> <Spt= 0.00> <nCl= 21> <al=0.64> <DB=  623.0403> <Mlp=  803.4465> <PB=826.1> 
<DWph=2> <it= 48> <et=0.14> <Mt= 0.00> <Spt= 0.00> <nCl= 16> <al=0.68> <DB=  611.9808> <Mlp=  803.2795> <PB=826.1> 
<DWph=2> <it= 49> <et=0.14> <Mt= 0.00> <Spt= 0.00> <nCl= 13> <al=0.71> <DB=  598.3284> <Mlp=  801.6596> <PB=826.1> 
<DWph=2> <it= 50> <et=0.14> <Mt= 0.00> <Spt= 0.01> <nCl= 13> <al=0.74> <DB=  596.8610> <Mlp=  800.7598> <PB=826.1> 
<DWph=2> <it= 51> <et=0.14> <Mt= 0.00> <Spt= 0.00> <nCl=  4> <al=0.77> <DB=  637.3055> <Mlp=  799.2609> <PB=826.1> 
<DWph=2> <it= 52> <et=0.15> <Mt= 0.00> <Spt= 0.00> <nCl= 12> <al=0.58> <DB=  676.6500> <Mlp=  799.2609> <PB=826.1> 
<DWph=2> <it= 53> <et=0.15> <Mt= 0.00> <Spt= 0.00> <nCl=  7> <al=0.69> <DB=  746.4322> <Mlp=  799.2174> <PB=826.1> 
<DWph=2> <it= 54> <et=0.15> <Mt= 0.00> <Spt= 0.00> <nCl= 11> <al=0.59> <DB=  578.8127> <Mlp=  799.2174> <PB=826.1> 
<DWph=2> <it= 55> <et=0.16> <Mt= 0.00> <Spt= 0.01> <nCl= 15> <al=0.26> <DB=  609.6732> <Mlp=  799.2174> <PB=826.1> 
<DWph=2> <it= 56> <et=0.16> <Mt= 0.00> <Spt= 0.00> <nCl=  5> <al=0.53> <DB=  685.7469> <Mlp=  798.6579> <PB=826.1> 
<DWph=2> <it= 57> <et=0.16> <Mt= 0.00> <Spt= 0.00> <nCl=  4> <al=0.58> <DB=  704.8218> <Mlp=  798.6452> <PB=826.1> 
<DWph=2> <it= 58> <et=0.16> <Mt= 0.00> <Spt= 0.00> <nCl=  5> <al=0.48> <DB=  721.0583> <Mlp=  798.6000> <PB=826.1> 
<DWph=2> <it= 59> <et=0.17> <Mt= 0.01> <Spt= 0.00> <nCl=  4> <al=0.38> <DB=  758.6991> <Mlp=  798.2519> <PB=826.1> 
<DWph=2> <it= 60> <et=0.17> <Mt= 0.00> <Spt= 0.00> <nCl=  7> <al=0.44> <DB=  645.5945> <Mlp=  798.0625> <PB=826.1> 
<DWph=2> <it= 61> <et=0.17> <Mt= 0.00> <Spt= 0.01> <nCl=  8> <al=0.50> <DB=  767.6186> <Mlp=  797.5816> <PB=826.1> 
<DWph=2> <it= 62> <et=0.17> <Mt= 0.00> <Spt= 0.00> <nCl=  8> <al=0.40> <DB=  752.1927> <Mlp=  797.5816> <PB=826.1> 
<DWph=2> <it= 63> <et=0.18> <Mt= 0.00> <Spt= 0.00> <nCl=  3> <al=0.46> <DB=  777.0447> <Mlp=  797.4931> <PB=826.1> 
<DWph=2> <it= 64> <et=0.18> <Mt= 0.00> <Spt= 0.00> <nCl=  4> <al=0.51> <DB=  770.3158> <Mlp=  797.4500> <PB=826.1> 
<DWph=2> <it= 65> <et=0.18> <Mt= 0.00> <Spt= 0.00> <nCl=  6> <al=0.12> <DB=  720.8079> <Mlp=  797.3636> <PB=826.1> 
<DWph=2> <it= 66> <et=0.19> <Mt= 0.00> <Spt= 0.01> <nCl=  8> <al=0.00> <DB=  797.3529> <Mlp=  797.3529> <PB=826.1> 
<DWph=1> <it= 67> <et=0.19> <Mt= 0.00> <Spt= 0.00> <nCl= 13> <al=0.36> <DB=  604.0735> <Mlp=  797.3529> <PB=826.1> 
<DWph=1> <it= 68> <et=0.19> <Mt= 0.00> <Spt= 0.00> <nCl=  8> <al=0.42> <DB=  558.4331> <Mlp=  797.1071> <PB=826.1> 
<DWph=1> <it= 69> <et=0.20> <Mt= 0.00> <Spt= 0.01> <nCl=  9> <al=0.32> <DB=  682.5090> <Mlp=  795.8649> <PB=826.1> 
<DWph=1> <it= 70> <et=0.20> <Mt= 0.00> <Spt= 0.00> <nCl=  9> <al=0.39> <DB=  661.8266> <Mlp=  795.5421> <PB=826.1> 
<DWph=1> <it= 71> <et=0.21> <Mt= 0.00> <Spt= 0.00> <nCl=  6> <al=0.45> <DB=  755.3116> <Mlp=  795.5421> <PB=826.1> 
<DWph=1> <it= 72> <et=0.21> <Mt= 0.01> <Spt= 0.01> <nCl=  8> <al=0.01> <DB=  785.6403> <Mlp=  795.4468> <PB=826.1> 
<DWph=1> <it= 73> <et=0.22> <Mt= 0.00> <Spt= 0.00> <nCl=  3> <al=0.41> <DB=  791.4467> <Mlp=  795.4269> <PB=826.1> 
<DWph=1> <it= 74> <et=0.22> <Mt= 0.00> <Spt= 0.01> <nCl=  2> <al=0.00> <DB=  795.4269> <Mlp=  795.4269> <PB=826.1> 
    RCSP exact solver info for graph G_1 : TT = 0.005371, pt = 7e-06, dt = 0.004504, ct = 0.000624, ndl = 2', bdl = 32', odl = 2', odf = 13', bsi = 1', cnt = 5', bdch = 263', odch = 20', lcp = 16', #sols = 150
<DWph=0> <it= 75> <et=0.23> <Mt= 0.00> <Spt= 0.01> <nCl= 96> <al=0.21> <DB=  720.6199> <Mlp=  795.4269> <PB=826.1> 
    RCSP exact solver info for graph G_1 : TT = 0.004562, pt = 1.5e-05, dt = 0.003691, ct = 0.000631, ndl = 2', bdl = 32', odl = 2', odf = 13', bsi = 1', cnt = 5', bdch = 266', odch = 21', lcp = 16', #sols = 150
    RCSP exact solver info for graph G_1 : TT = 0.004527, pt = 1.4e-05, dt = 0.003648, ct = 0.000632, ndl = 2', bdl = 32', odl = 2', odf = 13', bsi = 1', cnt = 5', bdch = 264', odch = 21', lcp = 16', #sols = 150
<DWph=0> <it= 76> <et=0.24> <Mt= 0.00> <Spt= 0.01> <nCl= 30> <al=0.00> <DB=  795.3684> <Mlp=  795.3684> <PB=826.1> 
Dynamic params and stats :  aver.obdmd = 23.35 aver.buck.num. = 26
@@ 1 0 795.368 0.00457667 0.005128 85.8501 0.24
Labels distribution in buckets (bucket size) : largest - 41, top 0.1% - 41, top 0.5% - 27, top 2% - 22, top 10% - 12, top 50% - 2
Reduced cost fixing for graph G_1... 12928 buck. arcs remain (41.8% from prev., 35.9% from max.) + 5403 jump buck. arcs (15% from max.)
 TT = 0.020673, pt = 0.001871, dt = 0.008557, ct = 0.010175, ndl = 8', bdl = 71', odl = 2', odf = 32', lpcb = 142', cnt = 122', bdch = 728', odch = 119', lcp = 69'
Labels distribution in buckets (bucket size) : largest - 47, top 0.1% - 47, top 0.5% - 35, top 2% - 24, top 10% - 12, top 50% - 2
Run forward enumeration with border = 50... succeeded! lpt = 0.169975, ndl = 44', dl = 34', lpcb = 912', dch = 403'
Run enumeration concatenation with time limit 0.3 sec.... time limit reached, not succeeded.
Sorting and storing enumerated solutions ...  TT = 0.530945, pt = 0.001982, dt = 0.169975, ct = 0.307186, ndl = 44', bdl = 34', lpcb = 912', cnt = 901', bdch = 403', odch = 0', lcp = 0'
ColGenEvalAlg final dual bound: 795.368 (rounded: 796)
In total 3 RCC cut(s) are found by the connected components heuristic 
Shrinking heuristic shrunk 15 edges
In total 19 RCC cut(s) are found by the Fractional capacity min-cut heuristic 
In total 75 RCC cut(s) are found by the greedy construction heuristic 
----- Add fac. cuts : CAP(97), max.viol = 0.473684, aver.viol = 0.33478, sep/add took 0.00341688/0.0665885 sec. -----
1704 columns (1704 active), 97 dyn. constrs. (97 active), 175 art. vars. (175 active)
<DWph=2> <it=  1> <et=0.88> <Mt= 0.00> <Spt= 0.00> <nCl= 13> <al=0.50> <DB=  755.1164> <Mlp=  809.5973> <PB=826.1> 
<DWph=2> <it=  2> <et=0.88> <Mt= 0.01> <Spt= 0.00> <nCl=  4> <al=0.55> <DB=  801.3743> <Mlp=  808.7149> <PB=826.1> 
<DWph=2> <it=  3> <et=0.89> <Mt= 0.00> <Spt= 0.00> <nCl=  9> <al=0.45> <DB=  668.1221> <Mlp=  808.7149> <PB=826.1> 
<DWph=2> <it=  4> <et=0.90> <Mt= 0.01> <Spt= 0.01> <nCl= 19> <al=0.01> <DB=  685.8539> <Mlp=  808.1719> <PB=826.1> 
<DWph=2> <it=  5> <et=0.91> <Mt= 0.00> <Spt= 0.00> <nCl=  3> <al=0.41> <DB=  793.7763> <Mlp=  807.8522> <PB=826.1> 
<DWph=2> <it=  6> <et=0.92> <Mt= 0.01> <Spt= 0.00> <nCl= 11> <al=0.00> <DB=  690.5916> <Mlp=  807.5916> <PB=826.1> 
<DWph=2> <it=  7> <et=0.92> <Mt= 0.00> <Spt= 0.01> <nCl=  8> <al=0.00> <DB=  794.2939> <Mlp=  807.3530> <PB=826.1> 
<DWph=2> <it=  8> <et=0.93> <Mt= 0.01> <Spt= 0.00> <nCl=  3> <al=0.00> <DB=  807.3530> <Mlp=  807.3530> <PB=826.1> 
<DWph=1> <it=  9> <et=0.94> <Mt= 0.00> <Spt= 0.00> <nCl= 20> <al=0.16> <DB=  663.1121> <Mlp=  807.3530> <PB=826.1> 
<DWph=1> <it= 10> <et=0.95> <Mt= 0.01> <Spt= 0.01> <nCl= 11> <al=0.06> <DB=  727.2490> <Mlp=  807.0576> <PB=826.1> 
<DWph=1> <it= 11> <et=0.95> <Mt= 0.00> <Spt= 0.00> <nCl=  3> <al=0.16> <DB=  745.8183> <Mlp=  807.0576> <PB=826.1> 
<DWph=1> <it= 12> <et=0.96> <Mt= 0.00> <Spt= 0.00> <nCl=  3> <al=0.24> <DB=  755.9086> <Mlp=  807.0576> <PB=826.1> 
<DWph=1> <it= 13> <et=0.96> <Mt= 0.01> <Spt= 0.00> <nCl=  1> <al=0.32> <DB=  790.7912> <Mlp=  807.0576> <PB=826.1> 
<DWph=1> <it= 14> <et=0.97> <Mt= 0.00> <Spt= 0.01> <nCl=  1> <al=0.22> <DB=  802.7046> <Mlp=  807.0576> <PB=826.1> 
<DWph=1> <it= 15> <et=0.97> <Mt= 0.00> <Spt= 0.00> <nCl=  2> <al=0.12> <DB=  800.3212> <Mlp=  807.0566> <PB=826.1> 
<DWph=1> <it= 16> <et=0.98> <Mt= 0.01> <Spt= 0.00> <nCl=  1> <al=0.00> <DB=  807.0566> <Mlp=  807.0566> <PB=826.1> 
    RCSP exact solver info for graph G_1 : TT = 0.003695, pt = 8e-06, dt = 0.002778, ct = 0.000667, ndl = 2', bdl = 13', odl = 1', odf = 12', bsi = 1', cnt = 5', bdch = 140', odch = 23', lcp = 18', #sols = 150
<DWph=0> <it= 17> <et=0.99> <Mt= 0.00> <Spt= 0.01> <nCl= 66> <al=0.11> <DB=  763.0006> <Mlp=  807.0566> <PB=826.1> 
    RCSP exact solver info for graph G_1 : TT = 0.003633, pt = 2e-05, dt = 0.002707, ct = 0.000655, ndl = 2', bdl = 13', odl = 1', odf = 12', bsi = 1', cnt = 4', bdch = 139', odch = 23', lcp = 17', #sols = 150
    RCSP exact solver info for graph G_1 : TT = 0.003597, pt = 1.4e-05, dt = 0.002678, ct = 0.000663, ndl = 2', bdl = 13', odl = 1', odf = 12', bsi = 1', cnt = 4', bdch = 138', odch = 23', lcp = 17', #sols = 150
<DWph=0> <it= 18> <et=1.01> <Mt= 0.00> <Spt= 0.01> <nCl= 17> <al=0.00> <DB=  807.0344> <Mlp=  807.0344> <PB=826.1> 
Dynamic params and stats :  aver.obdmd = 23.35 aver.buck.num. = 26
@@ 1 1 807.034 0.00338267 0.003445 35.9251 1.01
Labels distribution in buckets (bucket size) : largest - 43, top 0.1% - 43, top 0.5% - 34, top 2% - 22, top 10% - 12, top 50% - 2
Reduced cost fixing for graph G_1... 10249 buck. arcs remain (79.3% from prev., 28.5% from max.) + 5204 jump buck. arcs (14.5% from max.)
 TT = 0.015095, pt = 0.001629, dt = 0.005883, ct = 0.007502, ndl = 7', bdl = 60', odl = 2', odf = 33', lpcb = 63', cnt = 95', bdch = 515', odch = 95', lcp = 66'
Labels distribution in buckets (bucket size) : largest - 43, top 0.1% - 43, top 0.5% - 35, top 2% - 25, top 10% - 13, top 50% - 2
Run forward enumeration with border = 50... succeeded! lpt = 0.119439, ndl = 39', dl = 18', lpcb = 712', dch = 193'
Run enumeration concatenation with time limit 0.3 sec.... succeeded!
Sorting and storing enumerated solutions ... done!
 TT = 0.452904, pt = 0, dt = 0.119439, ct = 0.169717, ndl = 39', bdl = 18', lpcb = 712', cnt = 722', bdch = 193', odch = 0', lcp = 0'
Enumeration succeeded!, number of elem. solutions is 83759
Estimating inspection time...     TT = 0.010632, performed by inspection with 83759 solutions, nbR1C = 0, nbDiscC = 0
Inspection time is low enough. Pricing will be done by inspection.
Added 658 columns in the formulation 
Removed 1241 columns (not in the enumerated set) from the formulation
Regenerated 658 columns with the 'enumerated' flag
<DWph=2> <it= 19> <et=1.55> <Mt= 0.01> <Spt= 0.01> <nCl=  0> <al=0.00> <DB=  809.3400> <Mlp=  809.3400> <PB=826.1> 
<DWph=1> <it= 20> <et=1.55> <Mt= 0.00> <Spt= 0.00> <nCl=  0> <al=0.00> <DB=  809.3400> <Mlp=  809.3400> <PB=826.1> 
    TT = 0.002854, performed by inspection with 83759 solutions, nbR1C = 0, nbDiscC = 0
<DWph=0> <it= 21> <et=1.56> <Mt= 0.00> <Spt= 0.01> <nCl= 73> <al=0.30> <DB=  692.3400> <Mlp=  809.3400> <PB=826.1> 
    TT = 0.002807, performed by inspection with 83759 solutions, nbR1C = 0, nbDiscC = 0
<DWph=0> <it= 22> <et=1.57> <Mt= 0.00> <Spt= 0.00> <nCl= 13> <al=0.20> <DB=  785.7188> <Mlp=  809.0635> <PB=826.1> 
    TT = 0.002753, performed by inspection with 83759 solutions, nbR1C = 0, nbDiscC = 0
    TT = 0.00272, performed by inspection with 83759 solutions, nbR1C = 0, nbDiscC = 0
<DWph=0> <it= 23> <et=1.58> <Mt= 0.00> <Spt= 0.01> <nCl=  1> <al=0.00> <DB=  809.0635> <Mlp=  809.0635> <PB=826.1> 
Dynamic params and stats :  aver.obdmd = 23.35 aver.buck.num. = 26
@@ 1 1 809.063 0.0027835 0.002854 0 1.58
Reduced cost fixing for graph G_1...  took 0 sec., done by inspection with 83759 solutions, remains 37093 (44.3%)
Removed 46 columns (not in the enumerated set) from the formulation
ColGenEvalAlg final dual bound: 809.063 (rounded: 810)
Gap improvement since the last cut separation : 0.445635 (795.368)
Current active cuts : CAP(11,305.73)
In total 3 RCC cut(s) are found by the connected components heuristic 
Shrinking heuristic shrunk 5 edges
In total 20 RCC cut(s) are found by the Fractional capacity min-cut heuristic 
In total 65 RCC cut(s) are found by the greedy construction heuristic 
In total 10 RCC cut(s) are found by the global pool greedy search heuristic 
----- Add fac. cuts : CAP(98), max.viol = 0.460317, aver.viol = 0.182823, sep/add took 0.00640739/0.0450772 sec. -----
2403 columns (699 active), 195 dyn. constrs. (109 active), 273 art. vars. (187 active)
<DWph=2> <it=  1> <et=1.67> <Mt= 0.01> <Spt= 0.00> <nCl=  0> <al=0.00> <DB=  829.2072> <Mlp=  829.2072> <PB=826.1> 
<DWph=1> <it=  2> <et=1.67> <Mt= 0.00> <Spt= 0.00> <nCl=  0> <al=0.00> <DB=  829.2072> <Mlp=  829.2072> <PB=826.1> 
    TT = 0.001393, performed by inspection with 37093 solutions, nbR1C = 0, nbDiscC = 0
<DWph=0> <it=  3> <et=1.69> <Mt= 0.00> <Spt= 0.02> <nCl=150> <al=0.30> <DB=-5955.2117> <Mlp=  829.2072> <PB=826.1> 
    TT = 0.001348, performed by inspection with 37093 solutions, nbR1C = 0, nbDiscC = 0
<DWph=0> <it=  4> <et=1.71> <Mt= 0.01> <Spt= 0.00> <nCl= 61> <al=0.20> <DB= -518.8278> <Mlp=  818.7919> <PB=826.1> 
    TT = 0.001292, performed by inspection with 37093 solutions, nbR1C = 0, nbDiscC = 0
<DWph=0> <it=  5> <et=1.72> <Mt= 0.01> <Spt= 0.02> <nCl=120> <al=0.10> <DB=  596.1321> <Mlp=  818.7919> <PB=826.1> 
    TT = 0.001313, performed by inspection with 37093 solutions, nbR1C = 0, nbDiscC = 0
<DWph=0> <it=  6> <et=1.73> <Mt= 0.00> <Spt= 0.00> <nCl= 38> <al=0.00> <DB=  796.8125> <Mlp=  817.9375> <PB=826.1> 
    TT = 0.001281, performed by inspection with 37093 solutions, nbR1C = 0, nbDiscC = 0
    TT = 0.00126, performed by inspection with 37093 solutions, nbR1C = 0, nbDiscC = 0
<DWph=0> <it=  7> <et=1.74> <Mt= 0.00> <Spt= 0.01> <nCl=  5> <al=0.00> <DB=  817.9150> <Mlp=  817.9150> <PB=826.1> 
Dynamic params and stats :  aver.obdmd = 23.35 aver.buck.num. = 26
@@ 1 2 817.915 0.0013145 0.001393 0 1.74
Reduced cost fixing for graph G_1...  took 0 sec., done by inspection with 37093 solutions, remains 5324 (14.4%)
Removed 260 columns (not in the enumerated set) from the formulation
ColGenEvalAlg final dual bound: 817.915 (rounded: 818)
Gap improvement since the last cut separation : 0.519563 (809.063)
Current active cuts : CAP(2+14,341.255)
Shrinking heuristic shrunk 7 edges
In total 5 RCC cut(s) are found by the Fractional capacity min-cut heuristic 
In total 4 RCC cut(s) are found by the greedy construction heuristic 
----- Add fac. cuts : CAP(9), max.viol = 0.287582, aver.viol = 0.151053, sep/add took 0.00439261/0.00371543 sec. -----
1030 columns (813 active), 118 dyn. constrs. (29 active), 282 art. vars. (107 active)
<DWph=2> <it=  1> <et=1.83> <Mt= 0.01> <Spt= 0.00> <nCl=  0> <al=0.00> <DB=  818.5278> <Mlp=  818.5278> <PB=826.1> 
<DWph=1> <it=  2> <et=1.83> <Mt= 0.00> <Spt= 0.00> <nCl=  0> <al=0.00> <DB=  818.5278> <Mlp=  818.5278> <PB=826.1> 
    TT = 0.000246, performed by inspection with 5324 solutions, nbR1C = 0, nbDiscC = 0
    TT = 0.000232, performed by inspection with 5324 solutions, nbR1C = 0, nbDiscC = 0
<DWph=0> <it=  3> <et=1.84> <Mt= 0.00> <Spt= 0.01> <nCl= 12> <al=0.00> <DB=  818.5278> <Mlp=  818.5278> <PB=826.1> 
Dynamic params and stats :  aver.obdmd = 23.35 aver.buck.num. = 26
@@ 1 3 818.528 0.000239 0.000246 0 1.84
Reduced cost fixing for graph G_1...  took 0 sec., done by inspection with 5324 solutions, remains 4146 (77.9%)
Removed 21 columns (not in the enumerated set) from the formulation
    Full reduced cost fixing is not called (gap ratio is 0.924212)
ColGenEvalAlg final dual bound: 818.528 (rounded: 819)
Gap improvement since the last cut separation : 0.0748623 (817.915)
Current active cuts : CAP(1+17,372.042)
In total 1 RCC cut(s) are found by the connected components heuristic 
Shrinking heuristic shrunk 9 edges
In total 1 RCC cut(s) are found by the Fractional capacity min-cut heuristic 
In total 2 RCC cut(s) are found by the greedy construction heuristic 
----- Add fac. cuts : CAP(4), max.viol = 0.194444, aver.viol = 0.0694444, sep/add took 0.00336778/0.0017323 sec. -----
825 columns (804 active), 33 dyn. constrs. (23 active), 286 art. vars. (101 active)
<DWph=2> <it=  1> <et=1.88> <Mt= 0.00> <Spt= 0.00> <nCl=  0> <al=0.00> <DB=  818.8491> <Mlp=  818.8491> <PB=826.1> 
<DWph=1> <it=  2> <et=1.88> <Mt= 0.00> <Spt= 0.00> <nCl=  0> <al=0.00> <DB=  818.8491> <Mlp=  818.8491> <PB=826.1> 
    TT = 0.000215, performed by inspection with 4146 solutions, nbR1C = 0, nbDiscC = 0
<DWph=0> <it=  3> <et=1.88> <Mt= 0.00> <Spt= 0.00> <nCl= 17> <al=0.30> <DB=  803.3962> <Mlp=  818.8491> <PB=826.1> 
    TT = 0.000175, performed by inspection with 4146 solutions, nbR1C = 0, nbDiscC = 0
    TT = 0.000148, performed by inspection with 4146 solutions, nbR1C = 0, nbDiscC = 0
<DWph=0> <it=  4> <et=1.88> <Mt= 0.00> <Spt= 0.00> <nCl=  1> <al=0.00> <DB=  818.8444> <Mlp=  818.8444> <PB=826.1> 
Dynamic params and stats :  aver.obdmd = 23.35 aver.buck.num. = 26
@@ 1 4 818.844 0.000179333 0.000215 0 1.88
Reduced cost fixing for graph G_1...  took 0 sec., done by inspection with 4146 solutions, remains 3837 (92.5%)
Removed 20 columns (not in the enumerated set) from the formulation
ColGenEvalAlg final dual bound: 818.844 (rounded: 819)
Gap improvement since the last cut separation : 0.0418195 (818.528)
Current active cuts : CAP(1+18,418.422)
Shrinking heuristic shrunk 8 edges
In total 2 RCC cut(s) are found by the Fractional capacity min-cut heuristic 
In total 19 RCC cut(s) are found by the greedy construction heuristic 
In total 17 RCC cut(s) are found by the global pool greedy search heuristic 
----- Add fac. cuts : CAP(38), max.viol = 0.0666667, aver.viol = 0.0315789, sep/add took 0.00494066/0.016066 sec. -----
822 columns (802 active), 61 dyn. constrs. (59 active), 324 art. vars. (137 active)
<DWph=2> <it=  1> <et=1.91> <Mt= 0.00> <Spt= 0.00> <nCl=  0> <al=0.00> <DB=  818.8824> <Mlp=  818.8824> <PB=826.1> 
<DWph=1> <it=  2> <et=1.91> <Mt= 0.00> <Spt= 0.00> <nCl=  0> <al=0.00> <DB=  818.8824> <Mlp=  818.8824> <PB=826.1> 
    TT = 0.000228, performed by inspection with 3837 solutions, nbR1C = 0, nbDiscC = 0
    TT = 0.000203, performed by inspection with 3837 solutions, nbR1C = 0, nbDiscC = 0
<DWph=0> <it=  3> <et=1.92> <Mt= 0.00> <Spt= 0.01> <nCl=  5> <al=0.00> <DB=  818.8824> <Mlp=  818.8824> <PB=826.1> 
Dynamic params and stats :  aver.obdmd = 23.35 aver.buck.num. = 26
@@ 1 5 818.882 0.0002155 0.000228 0 1.92
Reduced cost fixing for graph G_1...  took 0 sec., done by inspection with 3837 solutions, remains 3740 (97.5%)
Removed 15 columns (not in the enumerated set) from the formulation
    Full reduced cost fixing is not called (gap ratio is 0.994702)
ColGenEvalAlg final dual bound: 818.882 (rounded: 819)
Gap improvement since the last cut separation : 0.00522475 (818.844)
Cut generation tailing off counter increased to 1
Current active cuts : CAP(1+20,426.294)
Shrinking heuristic shrunk 9 edges
In total 2 RCC cut(s) are found by the global pool greedy search heuristic 
----- Add fac. cuts : CAP(2), max.viol = 0.0326797, aver.viol = 0.0326797, sep/add took 0.00351754/0.000986812 sec. -----
807 columns (792 active), 61 dyn. constrs. (25 active), 326 art. vars. (103 active)
<DWph=2> <it=  1> <et=1.93> <Mt= 0.01> <Spt= 0.00> <nCl=  0> <al=0.00> <DB=  818.8854> <Mlp=  818.8854> <PB=826.1> 
<DWph=1> <it=  2> <et=1.93> <Mt= 0.00> <Spt= 0.00> <nCl=  0> <al=0.00> <DB=  818.8854> <Mlp=  818.8854> <PB=826.1> 
    TT = 0.000179, performed by inspection with 3740 solutions, nbR1C = 0, nbDiscC = 0
    TT = 0.000156, performed by inspection with 3740 solutions, nbR1C = 0, nbDiscC = 0
<DWph=0> <it=  3> <et=1.94> <Mt= 0.00> <Spt= 0.00> <nCl=  4> <al=0.00> <DB=  818.8854> <Mlp=  818.8854> <PB=826.1> 
Dynamic params and stats :  aver.obdmd = 23.35 aver.buck.num. = 26
@@ 1 6 818.885 0.0001675 0.000179 0 1.94
Reduced cost fixing for graph G_1...  took 0 sec., done by inspection with 3740 solutions, remains 3619 (96.8%)
Removed 2 columns (not in the enumerated set) from the formulation
    Full reduced cost fixing is not called (gap ratio is 0.994274)
ColGenEvalAlg final dual bound: 818.885 (rounded: 819)
Gap improvement since the last cut separation : 0.000424477 (818.882)
Cut generation tailing off counter increased to 2
Current active cuts : CAP(1+21,439.403)
Shrinking heuristic shrunk 9 edges
150 Rank-1 3-rows pack. cuts added ,  max viol. = 0.40625, aver. viol. = 0.150833
----- Add fac. cuts : R1C(150), max.viol = 0.40625, aver.viol = 0.150833, sep/add took 0.003971/0.0244924 sec. -----
796 columns (794 active), 175 dyn. constrs. (174 active), 476 art. vars. (252 active)
<DWph=2> <it=  1> <et=1.98> <Mt= 0.00> <Spt= 0.00> <nCl=  0> <al=0.00> <DB=  822.0000> <Mlp=  822.0000> <PB=822> 
<DWph=1> <it=  2> <et=1.98> <Mt= 0.00> <Spt= 0.00> <nCl=  0> <al=0.00> <DB=  822.0000> <Mlp=  822.0000> <PB=822> 
    TT = 0.000659, performed by inspection with 3619 solutions, nbR1C = 35, nbDiscC = 0
<DWph=0> <it=  3> <et=1.99> <Mt= 0.01> <Spt= 0.01> <nCl= 41> <al=0.30> <DB=  769.3775> <Mlp=  822.0000> <PB=822> 
    TT = 0.000945, performed by inspection with 3619 solutions, nbR1C = 63, nbDiscC = 0
<DWph=0> <it=  4> <et=2.01> <Mt= 0.02> <Spt= 0.00> <nCl= 15> <al=0.37> <DB=  788.0129> <Mlp=  822.0000> <PB=822> 
    TT = 0.001151, performed by inspection with 3619 solutions, nbR1C = 87, nbDiscC = 0
<DWph=0> <it=  5> <et=2.03> <Mt= 0.01> <Spt= 0.00> <nCl=  8> <al=0.43> <DB=  807.2836> <Mlp=  822.0000> <PB=822> 
    TT = 0.001222, performed by inspection with 3619 solutions, nbR1C = 97, nbDiscC = 0
<DWph=0> <it=  6> <et=2.04> <Mt= 0.01> <Spt= 0.01> <nCl=  5> <al=0.33> <DB=  814.6578> <Mlp=  822.0000> <PB=822> 
    TT = 0.00125, performed by inspection with 3619 solutions, nbR1C = 99, nbDiscC = 0
<DWph=0> <it=  7> <et=2.05> <Mt= 0.00> <Spt= 0.00> <nCl=  2> <al=0.40> <DB=  819.0653> <Mlp=  822.0000> <PB=822> 
    TT = 0.00124, performed by inspection with 3619 solutions, nbR1C = 99, nbDiscC = 0
    TT = 0.000923, performed by inspection with 3619 solutions, nbR1C = 68, nbDiscC = 0
<DWph=0> <it=  8> <et=2.05> <Mt= 0.00> <Spt= 0.00> <nCl=  0> <al=0.00> <DB=  822.0000> <Mlp=  822.0000> <PB=822> 
Dynamic params and stats :  aver.obdmd = 23.35 aver.buck.num. = 26 nbR1C = 68 with avMem = 0
@@ 1 7 822 0.00105571 0.00125 0 2.05
ColGenEvalAlg final dual bound: 822 (rounded: 822)
Gap improvement since the last cut separation : 1 (818.885)
Current active cuts : CAP(1+15,371.498) R1C(68,35.5137) 3rowPackR1C(68)
New model incumbent solution 822, TIME = 0h0m2s6t = 206
************************************************************************************************
Search is finished, global bounds : [ 822 , 822 ], TIME = 0h0m2s6t = 206
************************************************************************************************
Built-in heuristic is enabled
instance_name solver_name ext_heuristic solution_value solution_time best_lb root_lb root_time nb_branch_and_bound_nodes status
/home/logis/Downloads/VRPSolverEasy/VRPSolverEasy/demos/data/CVRP/A-n39-k5 CLP False 822.0000000000023 2.061990358 822.0 822.0 2.061580223 1 0

