Node memory for rank-1 cuts will be used (8.06142)
~~~~~~~~~~~~~~~~~~~~~~~~~~~~~~~~~~~~~~~~~~~~~~~~~~~~~~~~~~~~~~~~~~~~~~~~~~~~~~~~~~~~~
VRPSolver v0.5.27, 24/02/2023, © Inria Bordeaux, France, vrpsolver.math.u-bordeaux.fr
      Corresponds to the solver by Pessoa, Sadykov, Uchoa and Vanderbeck (2020)
                 Paper: dx.doi.org/10.1007/s10107-020-01523-z
~~~~~~~~~~~~~~~~~~~~~~~~~~~~~~~~~~~~~~~~~~~~~~~~~~~~~~~~~~~~~~~~~~~~~~~~~~~~~~~~~~~~~
   BaPCod v0.77, 15/03/2023, © Inria Bordeaux, France, bapcod.math.u-bordeaux.fr 
           THIS CODE IS PROVIDED AS IS, USE IT AT YOUR OWN RISK
~~~~~~~~~~~~~~~~~~~~~~~~~~~~~~~~~~~~~~~~~~~~~~~~~~~~~~~~~~~~~~~~~~~~~~~~~~~~~~~~~~~~~
Bucket steps were recalculated for graph G_1 : [4]
RCSP solver info : symmetric case is detected for graph G_1! 
Bidirectional border value is initialised to 50
RCSP solver info : number of forw. reachable buckets / buck. strongly connected components is 1072( 93.7063% ) / 897( 83.6754% )
Generating neighbourhoods for rank-1 cuts separation
Building structures for 4- and 5-row rank-1 packing cut separation...done!
Model is built TIME = 0h0m0s1t = 1
************************************************************************************************
**** BaB tree root node
**** Local DB = -1e+12, global bounds : [ -1e+12 , 1e+06 ], TIME = 0h0m0s1t = 1
**** 1 open nodes, 0 columns (0 active), 0 dyn. constrs. (0 active), 86 art. vars. (86 active)
************************************************************************************************
#<DWph=2> <it=  1> <et=0.01> <Mt= 0.00> <Spt= 0.00> <nCl= 30> <al=0.00> <DB=-240801625.7143> <Mlp=5142857.1429> <PB=1000000> 
#<DWph=2> <it=  2> <et=0.01> <Mt= 0.00> <Spt= 0.00> <nCl= 30> <al=0.55> <DB=-130336570.0847> <Mlp=4901408.3831> <PB=1000000> 
#<DWph=2> <it=  3> <et=0.02> <Mt= 0.00> <Spt= 0.00> <nCl= 30> <al=0.45> <DB=-113279886.7313> <Mlp=4889651.2981> <PB=1000000> 
#<DWph=2> <it=  4> <et=0.02> <Mt= 0.00> <Spt= 0.00> <nCl= 30> <al=0.51> <DB=-111836815.9161> <Mlp=4611202.7446> <PB=1000000> 
#<DWph=2> <it=  5> <et=0.02> <Mt= 0.00> <Spt= 0.01> <nCl= 30> <al=0.41> <DB=-87407338.5092> <Mlp=4349301.1395> <PB=1000000> 
#<DWph=2> <it=  6> <et=0.02> <Mt= 0.00> <Spt= 0.00> <nCl= 30> <al=0.46> <DB=-72281373.9994> <Mlp=4261956.0934> <PB=1000000> 
#<DWph=2> <it=  7> <et=0.03> <Mt= 0.00> <Spt= 0.00> <nCl= 30> <al=0.52> <DB=-60487590.0396> <Mlp=4110923.0737> <PB=1000000> 
#<DWph=2> <it=  8> <et=0.03> <Mt= 0.00> <Spt= 0.00> <nCl= 30> <al=0.57> <DB=-60028984.5548> <Mlp=3690552.0383> <PB=1000000> 
#<DWph=2> <it=  9> <et=0.03> <Mt= 0.00> <Spt= 0.00> <nCl= 30> <al=0.61> <DB=-55444262.5097> <Mlp=3599088.7186> <PB=1000000> 
#<DWph=2> <it= 10> <et=0.03> <Mt= 0.00> <Spt= 0.01> <nCl= 30> <al=0.65> <DB=-47664848.6644> <Mlp=3294522.9727> <PB=1000000> 
#<DWph=2> <it= 11> <et=0.03> <Mt= 0.00> <Spt= 0.00> <nCl= 30> <al=0.55> <DB=-42835615.9589> <Mlp=3021485.0714> <PB=1000000> 
#<DWph=2> <it= 12> <et=0.04> <Mt= 0.00> <Spt= 0.00> <nCl= 30> <al=0.59> <DB=-42147730.8762> <Mlp=2374291.5396> <PB=1000000> 
#<DWph=2> <it= 13> <et=0.04> <Mt= 0.00> <Spt= 0.00> <nCl= 30> <al=0.63> <DB=-39271047.5744> <Mlp=2208550.5088> <PB=1000000> 
#<DWph=2> <it= 14> <et=0.04> <Mt= 0.00> <Spt= 0.00> <nCl= 30> <al=0.67> <DB=-31675286.2339> <Mlp=1891147.5657> <PB=1000000> 
#<DWph=2> <it= 15> <et=0.05> <Mt= 0.00> <Spt= 0.01> <nCl= 30> <al=0.70> <DB=-32368474.8275> <Mlp=1676822.2171> <PB=1000000> 
#<DWph=2> <it= 16> <et=0.05> <Mt= 0.00> <Spt= 0.00> <nCl= 30> <al=0.73> <DB=-26833082.9108> <Mlp=1424196.2166> <PB=1000000> 
#<DWph=2> <it= 17> <et=0.05> <Mt= 0.00> <Spt= 0.00> <nCl= 30> <al=0.76> <DB=-23961588.4177> <Mlp=1277172.9392> <PB=1000000> 
#<DWph=2> <it= 18> <et=0.05> <Mt= 0.00> <Spt= 0.00> <nCl= 30> <al=0.78> <DB=-20201475.3153> <Mlp=956126.3929> <PB=1000000> 
#<DWph=2> <it= 19> <et=0.06> <Mt= 0.00> <Spt= 0.00> <nCl= 30> <al=0.68> <DB=-18993514.6167> <Mlp=654058.3545> <PB=1000000> 
#<DWph=2> <it= 20> <et=0.06> <Mt= 0.01> <Spt= 0.01> <nCl= 30> <al=0.58> <DB=-19263792.0566> <Mlp=282663.8719> <PB=1000000> 
#<DWph=2> <it= 21> <et=0.06> <Mt= 0.00> <Spt= 0.00> <nCl= 30> <al=0.63> <DB=-11078915.3139> <Mlp=36238.2865> <PB=1000000> 
#<DWph=2> <it= 22> <et=0.07> <Mt= 0.00> <Spt= 0.00> <nCl= 29> <al=0.53> <DB=-4803888.5297> <Mlp=35817.8891> <PB=1000000> 
#<DWph=2> <it= 23> <et=0.07> <Mt= 0.00> <Spt= 0.00> <nCl= 30> <al=0.43> <DB=-905509.4745> <Mlp=34321.9888> <PB=1000000> 
#<DWph=2> <it= 24> <et=0.07> <Mt= 0.00> <Spt= 0.00> <nCl= 30> <al=0.33> <DB=-242561.7944> <Mlp=30996.8358> <PB=1000000> 
<DWph=2> <it= 25> <et=0.08> <Mt= 0.00> <Spt= 0.00> <nCl= 30> <al=0.00> <DB=-22339.9152> <Mlp= 1352.8480> <PB=1000000> 
<DWph=2> <it= 26> <et=0.08> <Mt= 0.00> <Spt= 0.01> <nCl= 30> <al=0.29> <DB=-18570.7223> <Mlp= 1269.0606> <PB=1000000> 
<DWph=2> <it= 27> <et=0.08> <Mt= 0.00> <Spt= 0.00> <nCl= 30> <al=0.36> <DB=-10236.5649> <Mlp= 1210.2221> <PB=1000000> 
<DWph=2> <it= 28> <et=0.09> <Mt= 0.01> <Spt= 0.00> <nCl= 30> <al=0.26> <DB=-10309.2096> <Mlp= 1152.8766> <PB=1000000> 
<DWph=2> <it= 29> <et=0.09> <Mt= 0.00> <Spt= 0.00> <nCl= 30> <al=0.34> <DB=-7816.8887> <Mlp= 1108.5856> <PB=1000000> 
<DWph=2> <it= 30> <et=0.09> <Mt= 0.00> <Spt= 0.01> <nCl= 30> <al=0.40> <DB=-6331.4755> <Mlp= 1071.6324> <PB=1000000> 
<DWph=2> <it= 31> <et=0.10> <Mt= 0.00> <Spt= 0.00> <nCl= 30> <al=0.46> <DB=-4343.7585> <Mlp=  960.6170> <PB=1000000> 
<DWph=2> <it= 32> <et=0.10> <Mt= 0.00> <Spt= 0.00> <nCl= 30> <al=0.52> <DB=-3878.7754> <Mlp=  912.7917> <PB=1000000> 
<DWph=2> <it= 33> <et=0.10> <Mt= 0.00> <Spt= 0.00> <nCl= 30> <al=0.57> <DB=-3165.0645> <Mlp=  889.5417> <PB=1000000> 
<DWph=2> <it= 34> <et=0.11> <Mt= 0.00> <Spt= 0.00> <nCl= 30> <al=0.61> <DB=-2240.4937> <Mlp=  872.7077> <PB=1000000> 
<DWph=2> <it= 35> <et=0.11> <Mt= 0.00> <Spt= 0.01> <nCl= 30> <al=0.51> <DB=-1583.9370> <Mlp=  835.9040> <PB=1000000> 
<DWph=2> <it= 36> <et=0.11> <Mt= 0.01> <Spt= 0.00> <nCl= 30> <al=0.56> <DB= -949.3329> <Mlp=  813.9056> <PB=1000000> 
<DWph=2> <it= 37> <et=0.12> <Mt= 0.00> <Spt= 0.00> <nCl= 29> <al=0.60> <DB= -187.9600> <Mlp=  778.4462> <PB=1000000> 
<DWph=2> <it= 38> <et=0.12> <Mt= 0.00> <Spt= 0.00> <nCl= 30> <al=0.50> <DB= -198.5482> <Mlp=  762.3101> <PB=1000000> 
<DWph=2> <it= 39> <et=0.13> <Mt= 0.00> <Spt= 0.00> <nCl= 30> <al=0.55> <DB=  -38.8246> <Mlp=  749.4264> <PB=1000000> 
<DWph=2> <it= 40> <et=0.13> <Mt= 0.00> <Spt= 0.01> <nCl= 26> <al=0.60> <DB=  151.9652> <Mlp=  733.9991> <PB=1000000> 
<DWph=2> <it= 41> <et=0.13> <Mt= 0.00> <Spt= 0.00> <nCl= 29> <al=0.64> <DB=  668.1833> <Mlp=  725.3303> <PB=1000000> 
<DWph=2> <it= 42> <et=0.14> <Mt= 0.01> <Spt= 0.00> <nCl= 26> <al=0.54> <DB=  682.6669> <Mlp=  718.1551> <PB=1000000> 
<DWph=2> <it= 43> <et=0.14> <Mt= 0.00> <Spt= 0.00> <nCl= 27> <al=0.44> <DB=  689.0478> <Mlp=  715.8233> <PB=1000000> 
<DWph=2> <it= 44> <et=0.14> <Mt= 0.00> <Spt= 0.00> <nCl= 22> <al=0.34> <DB=  688.2259> <Mlp=  713.5362> <PB=1000000> 
<DWph=2> <it= 45> <et=0.14> <Mt= 0.00> <Spt= 0.01> <nCl= 20> <al=0.24> <DB=  673.5965> <Mlp=  711.3944> <PB=1000000> 
<DWph=2> <it= 46> <et=0.15> <Mt= 0.00> <Spt= 0.00> <nCl= 16> <al=0.14> <DB=  695.0273> <Mlp=  709.3402> <PB=1000000> 
<DWph=2> <it= 47> <et=0.15> <Mt= 0.00> <Spt= 0.00> <nCl= 20> <al=0.22> <DB=  691.4324> <Mlp=  708.1581> <PB=1000000> 
<DWph=2> <it= 48> <et=0.15> <Mt= 0.00> <Spt= 0.00> <nCl= 16> <al=0.30> <DB=  701.9229> <Mlp=  707.0439> <PB=1000000> 
<DWph=2> <it= 49> <et=0.16> <Mt= 0.00> <Spt= 0.00> <nCl=  8> <al=0.37> <DB=  705.1100> <Mlp=  706.9889> <PB=1000000> 
<DWph=2> <it= 50> <et=0.16> <Mt= 0.00> <Spt= 0.01> <nCl= 15> <al=0.00> <DB=  693.4434> <Mlp=  706.9819> <PB=1000000> 
<DWph=2> <it= 51> <et=0.16> <Mt= 0.00> <Spt= 0.00> <nCl=  0> <al=0.33> <DB=  693.4434> <Mlp=  706.7333> <PB=1000000> 
<DWph=1> <it= 52> <et=0.17> <Mt= 0.00> <Spt= 0.00> <nCl= 24> <al=0.33> <DB=  686.8129> <Mlp=  706.7333> <PB=1000000> 
<DWph=1> <it= 53> <et=0.17> <Mt= 0.00> <Spt= 0.01> <nCl= 18> <al=0.23> <DB=  684.1597> <Mlp=  705.4210> <PB=1000000> 
<DWph=1> <it= 54> <et=0.17> <Mt= 0.01> <Spt= 0.00> <nCl= 15> <al=0.31> <DB=  694.9831> <Mlp=  705.2438> <PB=1000000> 
<DWph=1> <it= 55> <et=0.18> <Mt= 0.00> <Spt= 0.00> <nCl=  9> <al=0.38> <DB=  699.1343> <Mlp=  704.7655> <PB=1000000> 
<DWph=1> <it= 56> <et=0.18> <Mt= 0.00> <Spt= 0.01> <nCl= 11> <al=0.44> <DB=  698.3278> <Mlp=  704.5272> <PB=1000000> 
<DWph=1> <it= 57> <et=0.19> <Mt= 0.00> <Spt= 0.00> <nCl=  7> <al=0.50> <DB=  698.6412> <Mlp=  704.4691> <PB=1000000> 
<DWph=1> <it= 58> <et=0.19> <Mt= 0.00> <Spt= 0.00> <nCl=  4> <al=0.55> <DB=  701.5091> <Mlp=  704.3833> <PB=1000000> 
<DWph=1> <it= 59> <et=0.20> <Mt= 0.00> <Spt= 0.01> <nCl=  7> <al=0.00> <DB=  703.8434> <Mlp=  704.3819> <PB=1000000> 
<DWph=1> <it= 60> <et=0.21> <Mt= 0.00> <Spt= 0.01> <nCl=  2> <al=0.00> <DB=  704.3793> <Mlp=  704.3793> <PB=1000000> 
    RCSP exact solver info for graph G_1 : TT = 0.008559, pt = 8e-06, dt = 0.007223, ct = 0.001077, ndl = 3', bdl = 50', odl = 2', odf = 16', bsi = 1', cnt = 15', bdch = 469', odch = 21', lcp = 36', #sols = 150
<DWph=0> <it= 61> <et=0.22> <Mt= 0.00> <Spt= 0.01> <nCl=110> <al=0.25> <DB=  691.5447> <Mlp=  704.3793> <PB=1000000> 
    RCSP exact solver info for graph G_1 : TT = 0.00711, pt = 1.7e-05, dt = 0.005739, ct = 0.001111, ndl = 3', bdl = 50', odl = 2', odf = 16', bsi = 1', cnt = 17', bdch = 477', odch = 20', lcp = 37', #sols = 150
    RCSP exact solver info for graph G_1 : TT = 0.006992, pt = 1.6e-05, dt = 0.005632, ct = 0.001102, ndl = 3', bdl = 51', odl = 2', odf = 16', bsi = 1', cnt = 17', bdch = 480', odch = 20', lcp = 37', #sols = 150
<DWph=0> <it= 62> <et=0.24> <Mt= 0.00> <Spt= 0.02> <nCl= 51> <al=0.00> <DB=  703.6840> <Mlp=  703.6840> <PB=1000000> 
Dynamic params and stats :  aver.obdmd = 23.3864 aver.buck.num. = 26
@@ 1 0 703.684 0.00729467 0.0083 85.9374 0.24
Labels distribution in buckets (bucket size) : largest - 67, top 0.1% - 67, top 0.5% - 52, top 2% - 37, top 10% - 15, top 50% - 3
Reduced cost fixing for graph G_1... 35827 buck. arcs remain (94.9% from prev., 81.6% from max.) + 0 jump buck. arcs (0% from max.)
 TT = 0.091294, pt = 0.00458, dt = 0.058703, ct = 0.027901, ndl = 20', bdl = 480', odl = 2', odf = 67', lpcb = 109', cnt = 946', bdch = 10635', odch = 629', lcp = 766'
Labels distribution in buckets (bucket size) : largest - 80, top 0.1% - 80, top 0.5% - 67, top 2% - 41, top 10% - 17, top 50% - 3
Run forward enumeration with border = 50... not succeeded (ratio 0.974391) lpt = 0.005144, ndl = 8', dl = 0', lpcb = 0', dch = 5'
 TT = 0.008058, pt = 0.00201, dt = 0.005144, ct = 0, ndl = 8', bdl = 0', cnt = 44', bdch = 5', odch = 0', lcp = 0'
ColGenEvalAlg final dual bound: 703.684 (rounded: 704)
In total 3 RCC cut(s) are found by the connected components heuristic 
Shrinking heuristic shrunk 3 edges
In total 9 RCC cut(s) are found by the Fractional capacity min-cut heuristic 
In total 30 RCC cut(s) are found by the greedy construction heuristic 
----- Add fac. cuts : CAP(42), max.viol = 0.75, aver.viol = 0.214638, sep/add took 0.00601862/0.0302586 sec. -----
1651 columns (1651 active), 42 dyn. constrs. (42 active), 128 art. vars. (128 active)
<DWph=2> <it=  1> <et=0.39> <Mt= 0.01> <Spt= 0.00> <nCl= 19> <al=0.50> <DB=  716.9791> <Mlp=  737.5551> <PB=1000000> 
<DWph=2> <it=  2> <et=0.39> <Mt= 0.00> <Spt= 0.00> <nCl= 18> <al=0.55> <DB=  719.3727> <Mlp=  728.7854> <PB=1000000> 
<DWph=2> <it=  3> <et=0.40> <Mt= 0.01> <Spt= 0.00> <nCl= 15> <al=0.60> <DB=  716.6028> <Mlp=  727.1126> <PB=1000000> 
<DWph=2> <it=  4> <et=0.40> <Mt= 0.00> <Spt= 0.01> <nCl=  9> <al=0.64> <DB=  721.2894> <Mlp=  727.0107> <PB=1000000> 
<DWph=2> <it=  5> <et=0.41> <Mt= 0.00> <Spt= 0.00> <nCl= 14> <al=0.54> <DB=  717.2881> <Mlp=  727.0107> <PB=1000000> 
<DWph=2> <it=  6> <et=0.41> <Mt= 0.00> <Spt= 0.00> <nCl=  9> <al=0.58> <DB=  715.6073> <Mlp=  726.4830> <PB=1000000> 
<DWph=2> <it=  7> <et=0.42> <Mt= 0.01> <Spt= 0.01> <nCl= 11> <al=0.25> <DB=  722.4287> <Mlp=  726.3886> <PB=1000000> 
<DWph=2> <it=  8> <et=0.43> <Mt= 0.00> <Spt= 0.00> <nCl=  4> <al=0.05> <DB=  726.0807> <Mlp=  726.2075> <PB=1000000> 
<DWph=2> <it=  9> <et=0.43> <Mt= 0.00> <Spt= 0.00> <nCl=  6> <al=0.00> <DB=  726.2075> <Mlp=  726.2075> <PB=1000000> 
<DWph=1> <it= 10> <et=0.44> <Mt= 0.00> <Spt= 0.01> <nCl= 18> <al=0.32> <DB=  720.6978> <Mlp=  726.2075> <PB=1000000> 
<DWph=1> <it= 11> <et=0.44> <Mt= 0.00> <Spt= 0.00> <nCl=  6> <al=0.39> <DB=  721.9865> <Mlp=  726.0755> <PB=1000000> 
<DWph=1> <it= 12> <et=0.45> <Mt= 0.00> <Spt= 0.00> <nCl=  4> <al=0.29> <DB=  724.8399> <Mlp=  726.0131> <PB=1000000> 
<DWph=1> <it= 13> <et=0.45> <Mt= 0.01> <Spt= 0.01> <nCl=  6> <al=0.19> <DB=  720.2578> <Mlp=  726.0062> <PB=1000000> 
<DWph=1> <it= 14> <et=0.46> <Mt= 0.00> <Spt= 0.01> <nCl=  5> <al=0.00> <DB=  726.0010> <Mlp=  726.0010> <PB=1000000> 
    RCSP exact solver info for graph G_1 : TT = 0.006088, pt = 8e-06, dt = 0.004899, ct = 0.000959, ndl = 2', bdl = 43', odl = 2', odf = 16', bsi = 1', cnt = 11', bdch = 382', odch = 20', lcp = 28', #sols = 150
<DWph=0> <it= 15> <et=0.47> <Mt= 0.00> <Spt= 0.00> <nCl= 71> <al=0.17> <DB=  720.0010> <Mlp=  726.0010> <PB=1000000> 
    RCSP exact solver info for graph G_1 : TT = 0.006047, pt = 1.6e-05, dt = 0.004841, ct = 0.000953, ndl = 2', bdl = 42', odl = 2', odf = 16', bsi = 1', cnt = 10', bdch = 369', odch = 19', lcp = 29', #sols = 150
<DWph=0> <it= 16> <et=0.48> <Mt= 0.00> <Spt= 0.01> <nCl= 20> <al=0.26> <DB=  723.9901> <Mlp=  725.9684> <PB=1000000> 
    RCSP exact solver info for graph G_1 : TT = 0.006033, pt = 1.6e-05, dt = 0.00485, ct = 0.000937, ndl = 2', bdl = 43', odl = 2', odf = 16', bsi = 1', cnt = 10', bdch = 368', odch = 19', lcp = 29', #sols = 150
    RCSP exact solver info for graph G_1 : TT = 0.005966, pt = 1.5e-05, dt = 0.004798, ct = 0.000932, ndl = 2', bdl = 43', odl = 2', odf = 15', bsi = 1', cnt = 10', bdch = 363', odch = 18', lcp = 29', #sols = 150
<DWph=0> <it= 17> <et=0.50> <Mt= 0.00> <Spt= 0.02> <nCl= 14> <al=0.00> <DB=  725.9684> <Mlp=  725.9684> <PB=1000000> 
Dynamic params and stats :  aver.obdmd = 23.3864 aver.buck.num. = 26
@@ 1 1 725.968 0.00579225 0.005858 81.551 0.5
    Full reduced cost fixing is not called (gap ratio is 0.999978)
ColGenEvalAlg final dual bound: 725.968 (rounded: 726)
False gap improvement since the last cut separation : 0.316682 (703.684)
Current active cuts : CAP(7,321.062)
In total 3 RCC cut(s) are found by the connected components heuristic 
Shrinking heuristic shrunk 9 edges
In total 9 RCC cut(s) are found by the Fractional capacity min-cut heuristic 
In total 24 RCC cut(s) are found by the greedy construction heuristic 
----- Add fac. cuts : CAP(36), max.viol = 0.674797, aver.viol = 0.291679, sep/add took 0.00439486/0.0255222 sec. -----
1900 columns (1900 active), 78 dyn. constrs. (43 active), 164 art. vars. (129 active)
<DWph=2> <it=  1> <et=0.55> <Mt= 0.02> <Spt= 0.00> <nCl= 18> <al=0.50> <DB=  711.6278> <Mlp=  742.5177> <PB=1000000> 
<DWph=2> <it=  2> <et=0.56> <Mt= 0.00> <Spt= 0.00> <nCl= 10> <al=0.55> <DB=  731.3293> <Mlp=  737.8816> <PB=1000000> 
<DWph=2> <it=  3> <et=0.57> <Mt= 0.01> <Spt= 0.01> <nCl= 27> <al=0.45> <DB=  696.7884> <Mlp=  737.1429> <PB=1000000> 
<DWph=2> <it=  4> <et=0.57> <Mt= 0.00> <Spt= 0.00> <nCl=  8> <al=0.51> <DB=  731.3358> <Mlp=  736.5365> <PB=1000000> 
<DWph=2> <it=  5> <et=0.58> <Mt= 0.01> <Spt= 0.00> <nCl= 21> <al=0.41> <DB=  728.1754> <Mlp=  736.4219> <PB=1000000> 
<DWph=2> <it=  6> <et=0.59> <Mt= 0.00> <Spt= 0.00> <nCl=  4> <al=0.46> <DB=  732.3402> <Mlp=  736.1525> <PB=1000000> 
<DWph=2> <it=  7> <et=0.59> <Mt= 0.00> <Spt= 0.00> <nCl= 11> <al=0.52> <DB=  730.8791> <Mlp=  736.1520> <PB=1000000> 
<DWph=2> <it=  8> <et=0.59> <Mt= 0.01> <Spt= 0.01> <nCl=  6> <al=0.57> <DB=  733.6899> <Mlp=  736.1000> <PB=1000000> 
<DWph=2> <it=  9> <et=0.60> <Mt= 0.00> <Spt= 0.00> <nCl=  5> <al=0.61> <DB=  734.3592> <Mlp=  735.9934> <PB=1000000> 
<DWph=2> <it= 10> <et=0.61> <Mt= 0.00> <Spt= 0.00> <nCl=  4> <al=0.30> <DB=  733.3779> <Mlp=  735.9899> <PB=1000000> 
<DWph=2> <it= 11> <et=0.61> <Mt= 0.00> <Spt= 0.01> <nCl=  8> <al=0.00> <DB=  735.9899> <Mlp=  735.9899> <PB=1000000> 
<DWph=1> <it= 12> <et=0.62> <Mt= 0.00> <Spt= 0.00> <nCl=  8> <al=0.45> <DB=  731.9824> <Mlp=  735.9899> <PB=1000000> 
<DWph=1> <it= 13> <et=0.62> <Mt= 0.01> <Spt= 0.00> <nCl=  2> <al=0.50> <DB=  733.9663> <Mlp=  735.9805> <PB=1000000> 
<DWph=1> <it= 14> <et=0.63> <Mt= 0.00> <Spt= 0.01> <nCl=  4> <al=0.00> <DB=  735.7631> <Mlp=  735.9799> <PB=1000000> 
<DWph=1> <it= 15> <et=0.64> <Mt= 0.00> <Spt= 0.01> <nCl=  0> <al=0.00> <DB=  735.9799> <Mlp=  735.9799> <PB=1000000> 
    RCSP exact solver info for graph G_1 : TT = 0.003977, pt = 9e-06, dt = 0.003147, ct = 0.000611, ndl = 1', bdl = 26', odl = 2', odf = 14', bsi = 1', cnt = 6', bdch = 171', odch = 16', lcp = 16', #sols = 150
<DWph=0> <it= 16> <et=0.65> <Mt= 0.00> <Spt= 0.00> <nCl= 53> <al=0.20> <DB=  731.1094> <Mlp=  735.9799> <PB=1000000> 
    RCSP exact solver info for graph G_1 : TT = 0.004013, pt = 1.6e-05, dt = 0.003156, ct = 0.000609, ndl = 1', bdl = 26', odl = 2', odf = 14', bsi = 1', cnt = 6', bdch = 169', odch = 16', lcp = 16', #sols = 150
    RCSP exact solver info for graph G_1 : TT = 0.00396, pt = 1.5e-05, dt = 0.003117, ct = 0.0006, ndl = 1', bdl = 26', odl = 2', odf = 14', bsi = 1', cnt = 6', bdch = 166', odch = 16', lcp = 15', #sols = 150
<DWph=0> <it= 17> <et=0.66> <Mt= 0.00> <Spt= 0.01> <nCl= 10> <al=0.00> <DB=  735.9796> <Mlp=  735.9796> <PB=1000000> 
Dynamic params and stats :  aver.obdmd = 23.3864 aver.buck.num. = 26
@@ 1 2 735.98 0.00374667 0.003765 81.551 0.66
    Full reduced cost fixing is not called (gap ratio is 0.999968)
ColGenEvalAlg final dual bound: 735.98 (rounded: 736)
False gap improvement since the last cut separation : 0.137902 (725.968)
Current active cuts : CAP(13,782.268)
Shrinking heuristic shrunk 12 edges
In total 5 RCC cut(s) are found by the Fractional capacity min-cut heuristic 
In total 19 RCC cut(s) are found by the greedy construction heuristic 
----- Add fac. cuts : CAP(24), max.viol = 0.396947, aver.viol = 0.126696, sep/add took 0.00342274/0.0207215 sec. -----
2099 columns (2099 active), 67 dyn. constrs. (39 active), 188 art. vars. (125 active)
<DWph=2> <it=  1> <et=0.71> <Mt= 0.01> <Spt= 0.01> <nCl=  8> <al=0.00> <DB=  736.3764> <Mlp=  736.3764> <PB=1000000> 
<DWph=1> <it=  2> <et=0.71> <Mt= 0.00> <Spt= 0.00> <nCl=  4> <al=0.40> <DB=  734.9439> <Mlp=  736.3764> <PB=1000000> 
<DWph=1> <it=  3> <et=0.72> <Mt= 0.00> <Spt= 0.01> <nCl=  0> <al=0.00> <DB=  736.3764> <Mlp=  736.3764> <PB=1000000> 
    RCSP exact solver info for graph G_1 : TT = 0.003903, pt = 9e-06, dt = 0.003064, ct = 0.000574, ndl = 1', bdl = 26', odl = 2', odf = 14', bsi = 1', cnt = 5', bdch = 165', odch = 17', lcp = 15', #sols = 150
<DWph=0> <it=  4> <et=0.73> <Mt= 0.00> <Spt= 0.00> <nCl= 19> <al=0.36> <DB=  730.3764> <Mlp=  736.3764> <PB=1000000> 
    RCSP exact solver info for graph G_1 : TT = 0.003746, pt = 1.6e-05, dt = 0.002942, ct = 0.000544, ndl = 1', bdl = 24', odl = 2', odf = 14', bsi = 1', cnt = 4', bdch = 153', odch = 16', lcp = 14', #sols = 150
    RCSP exact solver info for graph G_1 : TT = 0.003669, pt = 1.6e-05, dt = 0.002886, ct = 0.000543, ndl = 1', bdl = 24', odl = 2', odf = 14', bsi = 1', cnt = 4', bdch = 148', odch = 16', lcp = 13', #sols = 150
<DWph=0> <it=  5> <et=0.74> <Mt= 0.01> <Spt= 0.02> <nCl= 14> <al=0.00> <DB=  736.3762> <Mlp=  736.3762> <PB=1000000> 
Dynamic params and stats :  aver.obdmd = 23.3864 aver.buck.num. = 26
@@ 1 3 736.376 0.00351767 0.003638 81.551 0.74
    Full reduced cost fixing is not called (gap ratio is 0.999967)
ColGenEvalAlg final dual bound: 736.376 (rounded: 737)
False gap improvement since the last cut separation : 0.00538853 (735.98)
Cut generation tailing off counter increased to 1
Current active cuts : CAP(17,838.689)
Shrinking heuristic shrunk 9 edges
In total 1 RCC cut(s) are found by the Fractional capacity min-cut heuristic 
In total 3 RCC cut(s) are found by the greedy construction heuristic 
In total 2 RCC cut(s) are found by the global pool greedy search heuristic 
----- Add fac. cuts : CAP(6), max.viol = 0.165326, aver.viol = 0.162645, sep/add took 0.00426188/0.00494446 sec. -----
2144 columns (2144 active), 45 dyn. constrs. (25 active), 194 art. vars. (111 active)
<DWph=2> <it=  1> <et=0.76> <Mt= 0.00> <Spt= 0.00> <nCl=  9> <al=0.00> <DB=  732.7632> <Mlp=  736.7105> <PB=1000000> 
<DWph=2> <it=  2> <et=0.77> <Mt= 0.00> <Spt= 0.00> <nCl=  2> <al=0.00> <DB=  736.6905> <Mlp=  736.6905> <PB=1000000> 
<DWph=1> <it=  3> <et=0.77> <Mt= 0.00> <Spt= 0.01> <nCl=  3> <al=0.30> <DB=  735.9872> <Mlp=  736.6905> <PB=1000000> 
<DWph=1> <it=  4> <et=0.78> <Mt= 0.00> <Spt= 0.00> <nCl=  2> <al=0.00> <DB=  736.6862> <Mlp=  736.6862> <PB=1000000> 
    RCSP exact solver info for graph G_1 : TT = 0.003076, pt = 8e-06, dt = 0.00238, ct = 0.000434, ndl = 1', bdl = 19', odl = 2', odf = 13', bsi = 1', cnt = 3', bdch = 105', odch = 12', lcp = 9', #sols = 150
<DWph=0> <it=  5> <et=0.79> <Mt= 0.01> <Spt= 0.01> <nCl= 26> <al=0.27> <DB=  734.5479> <Mlp=  736.6862> <PB=1000000> 
    RCSP exact solver info for graph G_1 : TT = 0.003259, pt = 1.7e-05, dt = 0.002531, ct = 0.00047, ndl = 1', bdl = 20', odl = 2', odf = 13', bsi = 1', cnt = 3', bdch = 116', odch = 13', lcp = 10', #sols = 150
    RCSP exact solver info for graph G_1 : TT = 0.003275, pt = 1.5e-05, dt = 0.002561, ct = 0.00047, ndl = 1', bdl = 20', odl = 2', odf = 13', bsi = 1', cnt = 3', bdch = 118', odch = 13', lcp = 10', #sols = 150
<DWph=0> <it=  6> <et=0.80> <Mt= 0.00> <Spt= 0.01> <nCl=  5> <al=0.00> <DB=  736.6818> <Mlp=  736.6818> <PB=1000000> 
Dynamic params and stats :  aver.obdmd = 23.3864 aver.buck.num. = 26
@@ 1 4 736.682 0.00294867 0.003031 81.551 0.8
    Full reduced cost fixing is not called (gap ratio is 0.999967)
ColGenEvalAlg final dual bound: 736.682 (rounded: 737)
False gap improvement since the last cut separation : 0.00414991 (736.376)
Cut generation tailing off counter increased to 2
Current active cuts : CAP(19,940.773)
Shrinking heuristic shrunk 9 edges
In total 1 RCC cut(s) are found by the Fractional capacity min-cut heuristic 
----- Add fac. cuts : CAP(1), max.viol = 0.27972, aver.viol = 0.27972, sep/add took 0.00386952/0.000602923 sec. -----
2191 columns (2191 active), 26 dyn. constrs. (22 active), 195 art. vars. (108 active)
<DWph=2> <it=  1> <et=0.82> <Mt= 0.00> <Spt= 0.00> <nCl= 10> <al=0.00> <DB=  734.9600> <Mlp=  736.8800> <PB=1000000> 
<DWph=2> <it=  2> <et=0.83> <Mt= 0.00> <Spt= 0.00> <nCl=  7> <al=0.00> <DB=  736.7830> <Mlp=  736.8679> <PB=1000000> 
<DWph=2> <it=  3> <et=0.83> <Mt= 0.00> <Spt= 0.01> <nCl=  1> <al=0.00> <DB=  736.8679> <Mlp=  736.8679> <PB=1000000> 
<DWph=1> <it=  4> <et=0.83> <Mt= 0.01> <Spt= 0.00> <nCl=  2> <al=0.20> <DB=  736.1887> <Mlp=  736.8679> <PB=1000000> 
<DWph=1> <it=  5> <et=0.84> <Mt= 0.00> <Spt= 0.01> <nCl=  0> <al=0.00> <DB=  736.8659> <Mlp=  736.8659> <PB=1000000> 
    RCSP exact solver info for graph G_1 : TT = 0.003494, pt = 9e-06, dt = 0.002694, ct = 0.000525, ndl = 1', bdl = 22', odl = 2', odf = 14', bsi = 1', cnt = 4', bdch = 129', odch = 15', lcp = 12', #sols = 150
<DWph=0> <it=  6> <et=0.85> <Mt= 0.00> <Spt= 0.00> <nCl= 15> <al=0.00> <DB=  735.9146> <Mlp=  736.8659> <PB=1000000> 
    RCSP exact solver info for graph G_1 : TT = 0.003576, pt = 1.7e-05, dt = 0.002778, ct = 0.000541, ndl = 1', bdl = 23', odl = 2', odf = 14', bsi = 1', cnt = 4', bdch = 138', odch = 15', lcp = 12', #sols = 150
<DWph=0> <it=  7> <et=0.85> <Mt= 0.00> <Spt= 0.01> <nCl=  8> <al=0.00> <DB=  736.8540> <Mlp=  736.8540> <PB=1000000> 
Dynamic params and stats :  aver.obdmd = 23.3864 aver.buck.num. = 26
@@ 1 5 736.854 0.003269 0.003319 81.551 0.85
    Full reduced cost fixing is not called (gap ratio is 0.999967)
ColGenEvalAlg final dual bound: 736.854 (rounded: 737)
False gap improvement since the last cut separation : 0.00233661 (736.682)
----- Cut separators priority level decreased to 1-----
Current active cuts : CAP(20,877.356)
Shrinking heuristic shrunk 9 edges
In total 1 RCC cut(s) are found by the greedy construction heuristic 
5 Rank-1 1-rows pack. cuts added ,  max viol. = 0.319588, aver. viol. = 0.154639
120 Rank-1 3-rows pack. cuts added ,  max viol. = 0.436426, aver. viol. = 0.197752
Building structures for heuristic rank-1 packing cut separation...done!
100 Rank-1 4-rows pack. cuts added ,  max viol. = 0.436426, aver. viol. = 0.281203
----- Add fac. cuts : CAP(1) R1C(225), max.viol = 0.436426, aver.viol = 0.247841, sep/add took 0.0252703/0.101473 sec. -----
2234 columns (2234 active), 248 dyn. constrs. (248 active), 421 art. vars. (334 active)
<DWph=2> <it=  1> <et=1.01> <Mt= 0.02> <Spt= 0.00> <nCl=  9> <al=0.50> <DB=  734.0353> <Mlp=  738.6889> <PB=1000000> 
<DWph=2> <it=  2> <et=1.04> <Mt= 0.02> <Spt= 0.01> <nCl=  7> <al=0.55> <DB=  735.3168> <Mlp=  738.5926> <PB=1000000> 
<DWph=2> <it=  3> <et=1.06> <Mt= 0.03> <Spt= 0.00> <nCl=  4> <al=0.60> <DB=  735.8514> <Mlp=  738.5764> <PB=1000000> 
<DWph=2> <it=  4> <et=1.08> <Mt= 0.00> <Spt= 0.01> <nCl=  8> <al=0.27> <DB=  737.2372> <Mlp=  738.5763> <PB=1000000> 
<DWph=2> <it=  5> <et=1.09> <Mt= 0.01> <Spt= 0.00> <nCl=  2> <al=0.54> <DB=  737.9889> <Mlp=  738.5735> <PB=1000000> 
<DWph=2> <it=  6> <et=1.10> <Mt= 0.00> <Spt= 0.01> <nCl=  8> <al=0.58> <DB=  737.1210> <Mlp=  738.5730> <PB=1000000> 
<DWph=2> <it=  7> <et=1.11> <Mt= 0.01> <Spt= 0.01> <nCl=  2> <al=0.25> <DB=  738.4284> <Mlp=  738.5730> <PB=1000000> 
<DWph=2> <it=  8> <et=1.12> <Mt= 0.00> <Spt= 0.00> <nCl=  2> <al=0.52> <DB=  738.4032> <Mlp=  738.5730> <PB=1000000> 
<DWph=2> <it=  9> <et=1.14> <Mt= 0.01> <Spt= 0.01> <nCl=  7> <al=0.14> <DB=  736.0650> <Mlp=  738.5728> <PB=1000000> 
<DWph=2> <it= 10> <et=1.14> <Mt= 0.00> <Spt= 0.00> <nCl=  1> <al=0.47> <DB=  736.3083> <Mlp=  738.5728> <PB=1000000> 
<DWph=2> <it= 11> <et=1.16> <Mt= 0.00> <Spt= 0.02> <nCl=  4> <al=0.00> <DB=  738.5719> <Mlp=  738.5719> <PB=1000000> 
<DWph=1> <it= 12> <et=1.17> <Mt= 0.01> <Spt= 0.00> <nCl= 10> <al=0.42> <DB=  733.4537> <Mlp=  738.5719> <PB=1000000> 
<DWph=1> <it= 13> <et=1.20> <Mt= 0.02> <Spt= 0.01> <nCl=  8> <al=0.48> <DB=  735.0039> <Mlp=  738.5560> <PB=1000000> 
<DWph=1> <it= 14> <et=1.22> <Mt= 0.00> <Spt= 0.01> <nCl=  5> <al=0.38> <DB=  736.7371> <Mlp=  738.5523> <PB=1000000> 
<DWph=1> <it= 15> <et=1.23> <Mt= 0.01> <Spt= 0.01> <nCl=  3> <al=0.44> <DB=  737.2498> <Mlp=  738.5488> <PB=1000000> 
<DWph=1> <it= 16> <et=1.24> <Mt= 0.00> <Spt= 0.01> <nCl=  1> <al=0.50> <DB=  737.9002> <Mlp=  738.5486> <PB=1000000> 
<DWph=1> <it= 17> <et=1.26> <Mt= 0.01> <Spt= 0.01> <nCl=  2> <al=0.00> <DB=  738.5003> <Mlp=  738.5486> <PB=1000000> 
<DWph=1> <it= 18> <et=1.28> <Mt= 0.00> <Spt= 0.02> <nCl=  0> <al=0.00> <DB=  738.5486> <Mlp=  738.5486> <PB=1000000> 
    RCSP exact solver info for graph G_1 : TT = 0.018068, pt = 0.000328, dt = 0.015236, ct = 0.002165, ndl = 2', bdl = 41', odl = 2', odf = 20', bsi = 1', cnt = 25', bdch = 374', odch = 43', lcp = 29', #sols = 150
<DWph=0> <it= 19> <et=1.30> <Mt= 0.00> <Spt= 0.02> <nCl= 61> <al=0.20> <DB=  731.8176> <Mlp=  738.5486> <PB=1000000> 
    RCSP exact solver info for graph G_1 : TT = 0.016649, pt = 0.000484, dt = 0.013527, ct = 0.002328, ndl = 2', bdl = 44', odl = 2', odf = 20', bsi = 1', cnt = 25', bdch = 403', odch = 45', lcp = 31', #sols = 150
<DWph=0> <it= 20> <et=1.35> <Mt= 0.02> <Spt= 0.02> <nCl= 44> <al=0.10> <DB=  730.7244> <Mlp=  738.5415> <PB=1000000> 
    RCSP exact solver info for graph G_1 : TT = 0.015916, pt = 0.000461, dt = 0.012854, ct = 0.002279, ndl = 2', bdl = 43', odl = 2', odf = 20', bsi = 1', cnt = 24', bdch = 384', odch = 43', lcp = 31', #sols = 150
<DWph=0> <it= 21> <et=1.38> <Mt= 0.02> <Spt= 0.02> <nCl= 12> <al=0.19> <DB=  737.2681> <Mlp=  738.5411> <PB=1000000> 
    RCSP exact solver info for graph G_1 : TT = 0.015765, pt = 0.000465, dt = 0.012755, ct = 0.002243, ndl = 2', bdl = 42', odl = 2', odf = 19', bsi = 1', cnt = 23', bdch = 379', odch = 42', lcp = 30', #sols = 150
<DWph=0> <it= 22> <et=1.41> <Mt= 0.00> <Spt= 0.02> <nCl= 13> <al=0.09> <DB=  738.1904> <Mlp=  738.5411> <PB=1000000> 
    RCSP exact solver info for graph G_1 : TT = 0.015834, pt = 0.000475, dt = 0.012802, ct = 0.002244, ndl = 2', bdl = 42', odl = 2', odf = 19', bsi = 1', cnt = 23', bdch = 379', odch = 42', lcp = 30', #sols = 150
<DWph=0> <it= 23> <et=1.43> <Mt= 0.01> <Spt= 0.02> <nCl=  5> <al=0.18> <DB=  738.2657> <Mlp=  738.5411> <PB=1000000> 
    RCSP exact solver info for graph G_1 : TT = 0.015822, pt = 0.000463, dt = 0.012816, ct = 0.002256, ndl = 2', bdl = 43', odl = 2', odf = 20', bsi = 1', cnt = 23', bdch = 383', odch = 43', lcp = 30', #sols = 150
    RCSP exact solver info for graph G_1 : TT = 0.014519, pt = 0.00037, dt = 0.011758, ct = 0.002114, ndl = 2', bdl = 42', odl = 2', odf = 19', bsi = 1', cnt = 21', bdch = 367', odch = 40', lcp = 29', #sols = 150
<DWph=0> <it= 24> <et=1.47> <Mt= 0.00> <Spt= 0.03> <nCl= 10> <al=0.00> <DB=  738.5411> <Mlp=  738.5411> <PB=1000000> 
Dynamic params and stats :  aver.obdmd = 23.3864 aver.buck.num. = 26 nbR1C = 64 with avMem = 7.95312
@@ 1 6 738.541 0.0153396 0.017401 81.551 1.47
    Full reduced cost fixing is not called (gap ratio is 0.999965)
ColGenEvalAlg final dual bound: 738.541 (rounded: 739)
False gap improvement since the last cut separation : 0.0228972 (736.854)
Current active cuts : CAP(15,822.203) R1C(2+62,19.0991) 1rowPackR1C(2) 3rowPackR1C(35) 4rowPackR1C(27)
Shrinking heuristic shrunk 13 edges
3 Rank-1 1-rows pack. cuts added ,  max viol. = 0.191074, aver. viol. = 0.177127
57 Rank-1 3-rows pack. cuts added ,  max viol. = 0.237099, aver. viol. = 0.104456
Building structures for heuristic rank-1 packing cut separation...done!
71 Rank-1 4-rows pack. cuts added ,  max viol. = 0.23152, aver. viol. = 0.118137
100 Rank-1 5-rows pack. cuts added ,  max viol. = 0.232915, aver. viol. = 0.226513
----- Add fac. cuts : R1C(231), max.viol = 0.425384, aver.viol = 0.189619, sep/add took 0.246161/0.128835 sec. -----
2462 columns (2462 active), 479 dyn. constrs. (319 active), 652 art. vars. (405 active)
<DWph=2> <it=  1> <et=1.90> <Mt= 0.04> <Spt= 0.01> <nCl=  7> <al=0.50> <DB=  738.8507> <Mlp=  739.9520> <PB=1000000> 
<DWph=2> <it=  2> <et=1.91> <Mt= 0.01> <Spt= 0.01> <nCl=  4> <al=0.55> <DB=  736.3898> <Mlp=  739.9454> <PB=1000000> 
<DWph=2> <it=  3> <et=1.93> <Mt= 0.02> <Spt= 0.00> <nCl=  6> <al=0.60> <DB=  738.4263> <Mlp=  739.9136> <PB=1000000> 
<DWph=2> <it=  4> <et=1.95> <Mt= 0.01> <Spt= 0.02> <nCl=  7> <al=0.27> <DB=  732.7323> <Mlp=  739.9037> <PB=1000000> 
<DWph=2> <it=  5> <et=1.97> <Mt= 0.00> <Spt= 0.01> <nCl=  5> <al=0.07> <DB=  737.8897> <Mlp=  739.9037> <PB=1000000> 
<DWph=2> <it=  6> <et=1.99> <Mt= 0.01> <Spt= 0.01> <nCl=  6> <al=0.00> <DB=  738.5332> <Mlp=  739.8935> <PB=1000000> 
<DWph=2> <it=  7> <et=2.00> <Mt= 0.00> <Spt= 0.01> <nCl=  4> <al=0.00> <DB=  735.6413> <Mlp=  739.8922> <PB=1000000> 
<DWph=2> <it=  8> <et=2.02> <Mt= 0.02> <Spt= 0.00> <nCl=  0> <al=0.24> <DB=  735.6413> <Mlp=  739.8313> <PB=1000000> 
<DWph=1> <it=  9> <et=2.03> <Mt= 0.00> <Spt= 0.01> <nCl=  7> <al=0.24> <DB=  731.3974> <Mlp=  739.8313> <PB=1000000> 
<DWph=1> <it= 10> <et=2.06> <Mt= 0.02> <Spt= 0.01> <nCl= 11> <al=0.31> <DB=  733.9522> <Mlp=  739.7122> <PB=1000000> 
<DWph=1> <it= 11> <et=2.08> <Mt= 0.01> <Spt= 0.01> <nCl=  6> <al=0.21> <DB=  734.5461> <Mlp=  739.6858> <PB=1000000> 
<DWph=1> <it= 12> <et=2.10> <Mt= 0.01> <Spt= 0.01> <nCl=  4> <al=0.29> <DB=  734.6345> <Mlp=  739.6855> <PB=1000000> 
<DWph=1> <it= 13> <et=2.13> <Mt= 0.01> <Spt= 0.02> <nCl=  3> <al=0.36> <DB=  735.3527> <Mlp=  739.6855> <PB=1000000> 
<DWph=1> <it= 14> <et=2.15> <Mt= 0.01> <Spt= 0.01> <nCl=  3> <al=0.43> <DB=  733.7796> <Mlp=  739.6831> <PB=1000000> 
<DWph=1> <it= 15> <et=2.17> <Mt= 0.01> <Spt= 0.01> <nCl=  4> <al=0.33> <DB=  732.0847> <Mlp=  739.6822> <PB=1000000> 
<DWph=1> <it= 16> <et=2.20> <Mt= 0.02> <Spt= 0.01> <nCl=  2> <al=0.23> <DB=  737.9235> <Mlp=  739.6793> <PB=1000000> 
<DWph=1> <it= 17> <et=2.22> <Mt= 0.01> <Spt= 0.01> <nCl=  4> <al=0.13> <DB=  737.2064> <Mlp=  739.6702> <PB=1000000> 
<DWph=1> <it= 18> <et=2.24> <Mt= 0.01> <Spt= 0.01> <nCl=  1> <al=0.21> <DB=  738.5876> <Mlp=  739.6702> <PB=1000000> 
<DWph=1> <it= 19> <et=2.26> <Mt= 0.00> <Spt= 0.02> <nCl=  0> <al=0.00> <DB=  739.6702> <Mlp=  739.6702> <PB=1000000> 
    RCSP exact solver info for graph G_1 : TT = 0.024837, pt = 0.000449, dt = 0.020256, ct = 0.003786, ndl = 4', bdl = 58', odl = 2', odf = 25', bsi = 1', cnt = 62', bdch = 658', odch = 65', lcp = 55', #sols = 150
<DWph=0> <it= 20> <et=2.30> <Mt= 0.00> <Spt= 0.04> <nCl= 83> <al=0.19> <DB=  735.6810> <Mlp=  739.6702> <PB=1000000> 
    RCSP exact solver info for graph G_1 : TT = 0.024755, pt = 0.000603, dt = 0.019922, ct = 0.003875, ndl = 4', bdl = 59', odl = 2', odf = 24', bsi = 1', cnt = 56', bdch = 667', odch = 62', lcp = 54', #sols = 150
<DWph=0> <it= 21> <et=2.36> <Mt= 0.03> <Spt= 0.03> <nCl= 47> <al=0.09> <DB=  737.2430> <Mlp=  739.6272> <PB=1000000> 
    RCSP exact solver info for graph G_1 : TT = 0.026907, pt = 0.000678, dt = 0.021735, ct = 0.004145, ndl = 4', bdl = 59', odl = 2', odf = 24', bsi = 1', cnt = 59', bdch = 686', odch = 67', lcp = 59', #sols = 150
<DWph=0> <it= 22> <et=2.41> <Mt= 0.02> <Spt= 0.03> <nCl= 12> <al=0.18> <DB=  738.5396> <Mlp=  739.6149> <PB=1000000> 
    RCSP exact solver info for graph G_1 : TT = 0.025932, pt = 0.000718, dt = 0.020921, ct = 0.003933, ndl = 4', bdl = 57', odl = 2', odf = 24', bsi = 1', cnt = 54', bdch = 639', odch = 62', lcp = 53', #sols = 150
<DWph=0> <it= 23> <et=2.45> <Mt= 0.00> <Spt= 0.03> <nCl= 14> <al=0.08> <DB=  739.0118> <Mlp=  739.6135> <PB=1000000> 
    RCSP exact solver info for graph G_1 : TT = 0.026052, pt = 0.000711, dt = 0.021054, ct = 0.00394, ndl = 4', bdl = 57', odl = 2', odf = 24', bsi = 1', cnt = 55', bdch = 635', odch = 62', lcp = 53', #sols = 150
    RCSP exact solver info for graph G_1 : TT = 0.022903, pt = 0.000503, dt = 0.018454, ct = 0.00363, ndl = 4', bdl = 57', odl = 2', odf = 23', bsi = 1', cnt = 54', bdch = 634', odch = 61', lcp = 53', #sols = 150
<DWph=0> <it= 24> <et=2.51> <Mt= 0.01> <Spt= 0.05> <nCl=  9> <al=0.00> <DB=  739.6132> <Mlp=  739.6132> <PB=1000000> 
Dynamic params and stats :  aver.obdmd = 23.3864 aver.buck.num. = 26 nbR1C = 78 with avMem = 8.76923
@@ 1 7 739.613 0.0242752 0.02588 81.551 2.51
    Full reduced cost fixing is not called (gap ratio is 0.999964)
ColGenEvalAlg final dual bound: 739.613 (rounded: 740)
False gap improvement since the last cut separation : 0.0145157 (738.541)
Cut generation tailing off counter increased to 1
Current active cuts : CAP(14,756.159) R1C(2+76,29.4101) 1rowPackR1C(2) 3rowPackR1C(37) 4rowPackR1C(27) 5rowPackR1C(12)
Shrinking heuristic shrunk 11 edges
In total 1 RCC cut(s) are found by the Fractional capacity min-cut heuristic 
In total 2 RCC cut(s) are found by the greedy construction heuristic 
1 Rank-1 1-rows pack. cuts added ,  max viol. = 0.157264, aver. viol. = 0.157264
60 Rank-1 3-rows pack. cuts added ,  max viol. = 0.239492, aver. viol. = 0.0880025
Building structures for heuristic rank-1 packing cut separation...done!
18 Rank-1 4-rows pack. cuts added ,  max viol. = 0.264562, aver. viol. = 0.150372
100 Rank-1 5-rows pack. cuts added ,  max viol. = 0.308885, aver. viol. = 0.18349
----- Add fac. cuts : CAP(3) R1C(179), max.viol = 0.398103, aver.viol = 0.187398, sep/add took 0.359218/0.124843 sec. -----
2711 columns (2711 active), 501 dyn. constrs. (282 active), 834 art. vars. (368 active)
<DWph=2> <it=  1> <et=3.07> <Mt= 0.06> <Spt= 0.01> <nCl=  2> <al=0.50> <DB=  740.0969> <Mlp=  740.5806> <PB=1000000> 
<DWph=2> <it=  2> <et=3.09> <Mt= 0.00> <Spt= 0.01> <nCl=  6> <al=0.00> <DB=  740.0086> <Mlp=  740.5806> <PB=1000000> 
<DWph=2> <it=  3> <et=3.11> <Mt= 0.01> <Spt= 0.01> <nCl=  2> <al=0.00> <DB=  740.5796> <Mlp=  740.5796> <PB=1000000> 
<DWph=1> <it=  4> <et=3.12> <Mt= 0.00> <Spt= 0.02> <nCl=  7> <al=0.20> <DB=  739.2135> <Mlp=  740.5796> <PB=1000000> 
<DWph=1> <it=  5> <et=3.15> <Mt= 0.02> <Spt= 0.01> <nCl=  2> <al=0.28> <DB=  740.2548> <Mlp=  740.5635> <PB=1000000> 
<DWph=1> <it=  6> <et=3.17> <Mt= 0.00> <Spt= 0.02> <nCl=  0> <al=0.00> <DB=  740.5635> <Mlp=  740.5635> <PB=1000000> 
    RCSP exact solver info for graph G_1 : TT = 0.032279, pt = 0.000549, dt = 0.025965, ct = 0.005386, ndl = 4', bdl = 65', odl = 2', odf = 28', bsi = 1', cnt = 86', bdch = 813', odch = 91', lcp = 89', #sols = 150
<DWph=0> <it=  7> <et=3.22> <Mt= 0.01> <Spt= 0.04> <nCl= 64> <al=0.08> <DB=  735.9895> <Mlp=  740.5635> <PB=1000000> 
    RCSP exact solver info for graph G_1 : TT = 0.0312, pt = 0.000629, dt = 0.024861, ct = 0.005321, ndl = 4', bdl = 62', odl = 2', odf = 27', bsi = 1', cnt = 76', bdch = 748', odch = 88', lcp = 81', #sols = 150
<DWph=0> <it=  8> <et=3.29> <Mt= 0.03> <Spt= 0.04> <nCl= 13> <al=0.00> <DB=  739.9359> <Mlp=  740.5161> <PB=1000000> 
    RCSP exact solver info for graph G_1 : TT = 0.032457, pt = 0.000668, dt = 0.025926, ct = 0.005499, ndl = 4', bdl = 63', odl = 2', odf = 27', bsi = 1', cnt = 77', bdch = 752', odch = 88', lcp = 83', #sols = 150
    RCSP exact solver info for graph G_1 : TT = 0.032392, pt = 0.000641, dt = 0.025936, ct = 0.005433, ndl = 4', bdl = 63', odl = 2', odf = 28', bsi = 1', cnt = 78', bdch = 770', odch = 90', lcp = 83', #sols = 150
<DWph=0> <it=  9> <et=3.37> <Mt= 0.01> <Spt= 0.07> <nCl= 23> <al=0.00> <DB=  740.5154> <Mlp=  740.5154> <PB=1000000> 
Dynamic params and stats :  aver.obdmd = 23.3864 aver.buck.num. = 26 nbR1C = 89 with avMem = 9.92135
@@ 1 8 740.515 0.0310818 0.031425 81.551 3.37
    Full reduced cost fixing is not called (gap ratio is 0.999963)
ColGenEvalAlg final dual bound: 740.515 (rounded: 741)
False gap improvement since the last cut separation : 0.0121978 (739.613)
Cut generation tailing off counter increased to 2
Current active cuts : CAP(12,766.087) R1C(3+86,32.1935) 1rowPackR1C(3) 3rowPackR1C(38) 4rowPackR1C(16) 5rowPackR1C(32)
Shrinking heuristic shrunk 9 edges
In total 3 RCC cut(s) are found by the global pool greedy search heuristic 
2 Rank-1 1-rows pack. cuts added ,  max viol. = 0.0946262, aver. viol. = 0.0675435
74 Rank-1 3-rows pack. cuts added ,  max viol. = 0.17234, aver. viol. = 0.0700608
Building structures for heuristic rank-1 packing cut separation...done!
52 Rank-1 4-rows pack. cuts added ,  max viol. = 0.17234, aver. viol. = 0.0960833
100 Rank-1 5-rows pack. cuts added ,  max viol. = 0.18363, aver. viol. = 0.17182
----- Add fac. cuts : CAP(3) R1C(228), max.viol = 0.266966, aver.viol = 0.123184, sep/add took 0.47642/0.150639 sec. -----
2830 columns (2830 active), 513 dyn. constrs. (338 active), 1065 art. vars. (424 active)
<DWph=2> <it=  1> <et=4.10> <Mt= 0.07> <Spt= 0.01> <nCl= 12> <al=0.50> <DB=  730.4137> <Mlp=  741.2181> <PB=1000000> 
<DWph=2> <it=  2> <et=4.19> <Mt= 0.08> <Spt= 0.01> <nCl= 10> <al=0.55> <DB=  736.7279> <Mlp=  741.1859> <PB=1000000> 
<DWph=2> <it=  3> <et=4.23> <Mt= 0.03> <Spt= 0.01> <nCl= 17> <al=0.19> <DB=  727.7038> <Mlp=  741.1697> <PB=1000000> 
<DWph=2> <it=  4> <et=4.27> <Mt= 0.01> <Spt= 0.02> <nCl= 11> <al=0.00> <DB=  736.6946> <Mlp=  741.1588> <PB=1000000> 
<DWph=2> <it=  5> <et=4.29> <Mt= 0.02> <Spt= 0.01> <nCl=  2> <al=0.40> <DB=  739.0673> <Mlp=  741.1575> <PB=1000000> 
<DWph=2> <it=  6> <et=4.33> <Mt= 0.02> <Spt= 0.01> <nCl=  5> <al=0.00> <DB=  739.9467> <Mlp=  741.1517> <PB=1000000> 
<DWph=2> <it=  7> <et=4.35> <Mt= 0.01> <Spt= 0.01> <nCl=  3> <al=0.00> <DB=  741.1516> <Mlp=  741.1516> <PB=1000000> 
<DWph=1> <it=  8> <et=4.36> <Mt= 0.00> <Spt= 0.02> <nCl=  7> <al=0.26> <DB=  733.4931> <Mlp=  741.1516> <PB=1000000> 
<DWph=1> <it=  9> <et=4.39> <Mt= 0.02> <Spt= 0.01> <nCl=  3> <al=0.16> <DB=  738.9427> <Mlp=  741.1430> <PB=1000000> 
<DWph=1> <it= 10> <et=4.41> <Mt= 0.01> <Spt= 0.01> <nCl=  2> <al=0.24> <DB=  736.2487> <Mlp=  741.1424> <PB=1000000> 
<DWph=1> <it= 11> <et=4.44> <Mt= 0.02> <Spt= 0.01> <nCl=  5> <al=0.14> <DB=  737.4533> <Mlp=  741.1392> <PB=1000000> 
<DWph=1> <it= 12> <et=4.46> <Mt= 0.00> <Spt= 0.01> <nCl=  1> <al=0.04> <DB=  740.0180> <Mlp=  741.1385> <PB=1000000> 
<DWph=1> <it= 13> <et=4.49> <Mt= 0.01> <Spt= 0.03> <nCl=  2> <al=0.00> <DB=  741.1382> <Mlp=  741.1382> <PB=1000000> 
    RCSP exact solver info for graph G_1 : TT = 0.052886, pt = 0.000621, dt = 0.040615, ct = 0.011219, ndl = 6', bdl = 89', odl = 3', odf = 44', bsi = 1', cnt = 227', bdch = 1512', odch = 213', lcp = 156', #sols = 150
<DWph=0> <it= 14> <et=4.57> <Mt= 0.00> <Spt= 0.07> <nCl= 72> <al=0.04> <DB=  735.1565> <Mlp=  741.1382> <PB=1000000> 
    RCSP exact solver info for graph G_1 : TT = 0.051537, pt = 0.000733, dt = 0.038556, ct = 0.01183, ndl = 6', bdl = 88', odl = 3', odf = 43', bsi = 1', cnt = 234', bdch = 1486', odch = 203', lcp = 151', #sols = 150
<DWph=0> <it= 15> <et=4.67> <Mt= 0.04> <Spt= 0.06> <nCl= 45> <al=0.13> <DB=  740.0365> <Mlp=  741.0871> <PB=1000000> 
    RCSP exact solver info for graph G_1 : TT = 0.051738, pt = 0.000783, dt = 0.038681, ct = 0.011864, ndl = 6', bdl = 86', odl = 3', odf = 42', bsi = 1', cnt = 219', bdch = 1427', odch = 196', lcp = 144', #sols = 150
<DWph=0> <it= 16> <et=4.74> <Mt= 0.02> <Spt= 0.05> <nCl= 12> <al=0.22> <DB=  740.7518> <Mlp=  741.0850> <PB=1000000> 
    RCSP exact solver info for graph G_1 : TT = 0.051743, pt = 0.000787, dt = 0.038775, ct = 0.011762, ndl = 6', bdl = 87', odl = 3', odf = 42', bsi = 1', cnt = 215', bdch = 1428', odch = 192', lcp = 142', #sols = 150
    RCSP exact solver info for graph G_1 : TT = 0.048473, pt = 0.000658, dt = 0.036306, ct = 0.011139, ndl = 6', bdl = 87', odl = 3', odf = 42', bsi = 1', cnt = 220', bdch = 1447', odch = 195', lcp = 144', #sols = 150
<DWph=0> <it= 17> <et=4.85> <Mt= 0.00> <Spt= 0.11> <nCl= 18> <al=0.00> <DB=  741.0850> <Mlp=  741.0850> <PB=1000000> 
Dynamic params and stats :  aver.obdmd = 23.3864 aver.buck.num. = 26 nbR1C = 96 with avMem = 9.53125
@@ 1 9 741.085 0.0501494 0.051834 81.551 4.85
    Full reduced cost fixing is not called (gap ratio is 0.999963)
ColGenEvalAlg final dual bound: 741.085 (rounded: 742)
False gap improvement since the last cut separation : 0.00769199 (740.515)
----- Cut generation is stopped due to tailing off -----
Current active cuts : CAP(13,690.829) R1C(5+91,48.322) 1rowPackR1C(5) 3rowPackR1C(45) 4rowPackR1C(21) 5rowPackR1C(25)
**** Strong branching phase 1 is started *****
SB phase 1 cand.  1 branch on EDGE[12,38] (lhs=0.5058): [  741.2041,   741.3024], score = 0.03      <et=4.96>
SB phase 1 cand.  2 branch on EDGE[0,40] (lhs=0.5091) : [  741.3642,   741.5978], score = 0.14      <et=5.04>
SB phase 1 cand.  3 branch on EDGE[40,41] (lhs=0.4891): [  741.3853,   741.5978], score = 0.15      <et=5.12>
SB phase 1 cand.  4 branch on EDGE[0,20] (lhs=0.4724) : [  741.5978,   741.9848], score = 0.46      <et=5.2>
SB phase 1 cand.  5 branch on EDGE[20,33] (lhs=0.5276): [  741.5978,   742.0000], score = 0.47      <et=5.28>
SB phase 1 cand.  6 branch on EDGE[1,37] (lhs=0.4724) : [  741.8971,   741.9762], score = 0.72      <et=5.37>
SB phase 1 cand.  7 branch on EDGE[0,30] (lhs=0.4705) : [  741.4464,   741.5251], score = 0.16      <et=5.45>
SB phase 1 cand.  8 branch on EDGE[0,37] (lhs=0.5300) : [  741.8897,   741.9762], score = 0.72      <et=5.55>
SB phase 1 cand.  9 branch on EDGE[12,31] (lhs=0.4581): [  741.2097,   741.2346], score = 0.02      <et=5.6>
SB phase 1 cand. 10 branch on EDGE[6,42] (lhs=0.4558) : [  741.3563,   741.5465], score = 0.13      <et=5.67>
SB phase 1 cand. 11 branch on EDGE[7,16] (lhs=0.5473) : [  741.2604,   741.4067], score = 0.06      <et=5.73>
SB phase 1 cand. 12 branch on EDGE[0,7] (lhs=0.4486)  : [  741.2359,   741.3611], score = 0.04      <et=5.78>
SB phase 1 cand. 13 branch on EDGE[0,1] (lhs=0.4445)  : [  741.3008,   741.8677], score = 0.17      <et=5.86>
SB phase 1 cand. 14 branch on EDGE[0,3] (lhs=0.5564)  : [  741.5000,   742.0000], score = 0.38      <et=5.94>
SB phase 1 cand. 15 branch on EDGE[26,42] (lhs=0.4113): [  741.4244,   741.6922], score = 0.21      <et=6.02>
SB phase 1 cand. 16 branch on EDGE[3,22] (lhs=0.5895) : [  741.4811,   741.9762], score = 0.35      <et=6.11>
SB phase 1 cand. 17 branch on EDGE[9,17] (lhs=0.5968) : [  741.3721,   741.5055], score = 0.12      <et=6.18>
SB phase 1 cand. 18 branch on EDGE[0,17] (lhs=0.4032) : [  741.2779,   741.5055], score = 0.08      <et=6.26>
SB phase 1 cand. 19 branch on EDGE[10,31] (lhs=0.6123): [  741.1898,   741.4688], score = 0.04      <et=6.32>
SB phase 1 cand. 20 branch on EDGE[8,12] (lhs=0.3837) : [  741.2315,   741.5037], score = 0.06      <et=6.39>
SB phase 1 cand. 21 branch on EDGE[25,40] (lhs=0.3827): [  741.0873,   741.3767], score = 0.00      <et=6.43>
SB phase 1 cand. 22 branch on EDGE[27,40] (lhs=0.6181): [  741.0862,   741.3767], score = 0.00      <et=6.47>
SB phase 1 cand. 23 branch on EDGE[15,34] (lhs=0.3770): [  741.1132,   742.0000], score = 0.03      <et=6.52>
SB phase 1 cand. 24 branch on EDGE[35,41] (lhs=0.6261): [  741.3767,   741.7159], score = 0.18      <et=6.6>
SB phase 1 cand. 25 branch on EDGE[27,35] (lhs=0.3683): [  741.3767,   741.7209], score = 0.19      <et=6.67>
SB phase 1 cand. 26 branch on EDGE[25,27] (lhs=0.6380): [  741.3767,   741.7198], score = 0.19      <et=6.76>
SB phase 1 cand. 27 branch on EDGE[2,23] (lhs=0.6438) : [  741.6138,   741.6604], score = 0.30      <et=6.84>
SB phase 1 cand. 28 branch on EDGE[15,38] (lhs=0.3542): [  741.1854,   741.4922], score = 0.04      <et=6.9>
SB phase 1 cand. 29 branch on EDGE[29,30] (lhs=0.6458): [  741.4472,   741.6595], score = 0.21      <et=6.97>
SB phase 1 cand. 30 branch on EDGE[18,19] (lhs=0.6558): [  741.8104,   746.3642], score = 3.83      <et=7.09>
SB phase 1 cand. 31 branch on EDGE[27,29] (lhs=0.3405): [  741.0872,   741.7209], score = 0.00      <et=7.14>
SB phase 1 cand. 32 branch on EDGE[17,39] (lhs=0.3396): [  741.2415,   741.3288], score = 0.04      <et=7.2>
SB phase 1 cand. 33 branch on EDGE[0,19] (lhs=0.3393) : [  741.8104,   746.4006], score = 3.86      <et=7.32>
SB phase 1 cand. 34 branch on EDGE[3,26] (lhs=0.3393) : [  741.8104,   746.3444], score = 3.82      <et=7.45>
SB phase 1 cand. 35 branch on EDGE[18,33] (lhs=0.3393): [  741.5557,   746.3201], score = 2.46      <et=7.56>
SB phase 1 cand. 36 branch on EDGE[0,26] (lhs=0.6607) : [  741.8111,   742.0000], score = 0.66      <et=7.66>
SB phase 1 cand. 37 branch on EDGE[0,11] (lhs=0.6660) : [  741.2957,   741.6353], score = 0.12      <et=7.74>
SB phase 1 cand. 38 branch on EDGE[15,16] (lhs=0.6720): [  741.2386,   741.7275], score = 0.10      <et=7.8>
SB phase 1 cand. 39 branch on EDGE[3,11] (lhs=0.3240) : [  741.5000,   741.7155], score = 0.26      <et=7.89>
SB phase 1 cand. 40 branch on EDGE[0,39] (lhs=0.3083) : [  741.1319,   741.6590], score = 0.03      <et=7.95>
SB phase 1 cand. 41 branch on EDGE[34,39] (lhs=0.6944): [  741.2191,   741.6494], score = 0.08      <et=8.03>
SB phase 1 cand. 42 branch on EDGE[8,38] (lhs=0.2989) : [  741.1608,   741.4474], score = 0.03      <et=8.08>
SB phase 1 cand. 43 branch on EDGE[7,38] (lhs=0.2975) : [  741.1907,   741.5764], score = 0.05      <et=8.15>
SB phase 1 cand. 44 branch on EDGE[0,42] (lhs=0.2954) : [  741.3000,   741.9141], score = 0.18      <et=8.22>
SB phase 1 cand. 45 branch on EDGE[16,34] (lhs=0.2943): [  741.2279,   741.3548], score = 0.04      <et=8.28>
SB phase 1 cand. 46 branch on EDGE[15,36] (lhs=0.2919): [  741.2536,   741.5063], score = 0.07      <et=8.34>
SB phase 1 cand. 47 branch on EDGE[34,42] (lhs=0.2884): [  741.2258,   741.5310], score = 0.06      <et=8.42>
SB phase 1 cand. 48 branch on EDGE[31,38] (lhs=0.2764): [  741.1762,   741.4794], score = 0.04      <et=8.47>
SB phase 1 cand. 49 branch on EDGE[7,17] (lhs=0.2724) : [  741.1512,   742.0000], score = 0.06      <et=8.53>
SB phase 1 cand. 50 branch on EDGE[12,36] (lhs=0.2541): [  741.2342,   742.0000], score = 0.14      <et=8.59>
SB phase 1 cand. 51 branch on EDGE[7,9] (lhs=0.2433)  : [  741.2418,   742.0000], score = 0.14      <et=8.65>
SB phase 1 cand. 52 branch on EDGE[6,36] (lhs=0.2391) : [  741.3212,   742.0000], score = 0.22      <et=8.71>
SB phase 1 cand. 53 branch on EDGE[0,31] (lhs=0.2337) : [  741.1619,   741.6898], score = 0.05      <et=8.77>
SB phase 1 cand. 54 branch on EDGE[36,42] (lhs=0.2312): [  741.1847,   743.6831], score = 0.26      <et=8.85>
SB phase 1 cand. 55 branch on EDGE[13,30] (lhs=0.7701): [  741.1985,   742.0000], score = 0.10      <et=8.91>
SB phase 1 cand. 56 branch on EDGE[13,22] (lhs=0.2287): [  741.1985,   742.0000], score = 0.10      <et=8.97>
SB phase 1 cand. 57 branch on EDGE[39,42] (lhs=0.2261): [  741.1362,   741.5000], score = 0.02      <et=9.02>
SB phase 1 cand. 58 branch on EDGE[6,26] (lhs=0.2157) : [  741.1451,   743.0394], score = 0.12      <et=9.09>
SB phase 1 cand. 59 branch on EDGE[1,10] (lhs=0.1839) : [  741.1142,   742.0000], score = 0.03      <et=9.14>
SB phase 1 cand. 60 branch on EDGE[0,22] (lhs=0.1819) : [  741.2374,   741.8198], score = 0.11      <et=9.22>
SB phase 1 cand. 61 branch on EDGE[2,31] (lhs=0.1700) : [  741.0850,   741.8380], score = 0.00      <et=9.27>
SB phase 1 cand. 62 branch on EDGE[10,23] (lhs=0.1690): [  741.1636,   744.7931], score = 0.29      <et=9.37>
SB phase 1 cand. 63 branch on EDGE[0,12] (lhs=0.1678) : [  741.1135,   742.3037], score = 0.03      <et=9.44>
SB phase 1 cand. 64 branch on EDGE[12,23] (lhs=0.1678): [  741.1135,   743.7284], score = 0.08      <et=9.53>
SB phase 1 cand. 65 branch on EDGE[16,17] (lhs=0.1623): [  741.0901,   742.0000], score = 0.00      <et=9.57>
SB phase 1 cand. 66 branch on EDGE[9,26] (lhs=0.1600) : [  741.1358,   742.2353], score = 0.06      <et=9.65>
SB phase 1 cand. 67 branch on EDGE[17,34] (lhs=0.1544): [  741.1529,   743.3123], score = 0.15      <et=9.73>
SB phase 1 cand. 68 branch on EDGE[36,38] (lhs=0.1543): [  741.1093,   742.0000], score = 0.02      <et=9.77>
SB phase 1 cand. 69 branch on EDGE[16,36] (lhs=0.1488): [  741.1404,   742.8881], score = 0.10      <et=9.85>
SB phase 1 cand. 70 branch on EDGE[36,39] (lhs=0.1458): [  741.1025,   743.2543], score = 0.04      <et=9.92>
SB phase 1 cand. 71 branch on EDGE[0,35] (lhs=0.1378) : [  741.1614,   741.8678], score = 0.06      <et=9.98>
SB phase 1 cand. 72 branch on EDGE[4,35] (lhs=0.8638) : [  741.1642,   741.9300], score = 0.07      <et=10.06>
SB phase 1 cand. 73 branch on EDGE[2,36] (lhs=0.1354) : [  741.1396,   743.9812], score = 0.16      <et=10.13>
SB phase 1 cand. 74 branch on EDGE[1,23] (lhs=0.8693) : [  741.1644,   742.0000], score = 0.07      <et=10.18>
SB phase 1 cand. 75 branch on EDGE[21,33] (lhs=0.1307): [  741.1616,   742.0000], score = 0.07      <et=10.23>
SB phase 1 cand. 76 branch on EDGE[8,36] (lhs=0.1289) : [  741.0980,   742.5648], score = 0.02      <et=10.3>
SB phase 1 cand. 77 branch on EDGE[5,21] (lhs=0.8718) : [  741.1616,   742.0000], score = 0.07      <et=10.35>
SB phase 1 cand. 78 branch on EDGE[0,5] (lhs=0.1233)  : [  741.1532,   742.0000], score = 0.06      <et=10.4>
SB phase 1 cand. 79 branch on EDGE[0,41] (lhs=0.8793) : [  741.1640,   742.0000], score = 0.07      <et=10.48>
SB phase 1 cand. 80 branch on EDGE[7,15] (lhs=0.1195) : [  741.1236,   741.9617], score = 0.03      <et=10.54>
SB phase 1 cand. 81 branch on EDGE[26,39] (lhs=0.1133): [  741.1346,   742.0000], score = 0.05      <et=10.58>
SB phase 1 cand. 82 branch on EDGE[23,36] (lhs=0.1126): [  741.1086,   742.0000], score = 0.02      <et=10.62>
SB phase 1 cand. 83 branch on EDGE[11,30] (lhs=0.1016): [  741.1106,   744.2164], score = 0.08      <et=10.7>
SB phase 1 cand. 84 branch on EDGE[26,34] (lhs=0.0997): [  741.0962,   742.0000], score = 0.01      <et=10.74>
SB phase 1 cand. 85 branch on EDGE[11,13] (lhs=0.9012): [  741.1333,   747.0315], score = 0.29      <et=10.82>
SB phase 1 cand. 86 branch on EDGE[3,4] (lhs=0.0973)  : [  741.1075,   742.0000], score = 0.02      <et=10.87>
SB phase 1 cand. 87 branch on EDGE[8,31] (lhs=0.0946) : [  741.0933,   742.1825], score = 0.01      <et=10.92>
SB phase 1 cand. 88 branch on EDGE[0,6] (lhs=0.0893)  : [  741.1394,   751.5241], score = 0.57      <et=11.03>
SB phase 1 cand. 89 branch on EDGE[3,13] (lhs=0.0850) : [  741.1161,   746.9840], score = 0.18      <et=11.1>
SB phase 1 cand. 90 branch on EDGE[34,36] (lhs=0.0820): [  741.1011,   742.4580], score = 0.02      <et=11.16>
SB phase 1 cand. 91 branch on EDGE[17,42] (lhs=0.0713): [  741.0943,   744.4754], score = 0.03      <et=11.23>
SB phase 1 cand. 92 branch on EDGE[16,39] (lhs=0.0705): [  741.1044,   742.1510], score = 0.02      <et=11.3>
SB phase 1 cand. 93 branch on EDGE[8,15] (lhs=0.0665) : [  741.0919,   760.8841], score = 0.14      <et=11.38>
SB phase 1 cand. 94 branch on EDGE[2,38] (lhs=0.0574) : [  741.0861,   742.2478], score = 0.00      <et=11.43>
SB phase 1 cand. 95 branch on EDGE[0,36] (lhs=0.0555) : [  741.0912,   742.0000], score = 0.01      <et=11.47>
SB phase 1 cand. 96 branch on EDGE[15,31] (lhs=0.0468): [  741.0867,   742.7933], score = 0.00      <et=11.52>
SB phase 1 cand. 97 branch on EDGE[16,31] (lhs=0.0445): [  741.0900,   743.3954], score = 0.01      <et=11.59>
SB phase 1 cand. 98 branch on EDGE[12,16] (lhs=0.0407): [  741.1019,   748.6667], score = 0.13      <et=11.66>
SB phase 1 cand. 99 branch on EDGE[38,39] (lhs=0.0360): [  741.0867,   753.7451], score = 0.02      <et=11.74>
SB phase 1 cand. 100 branch on EDGE[7,31] (lhs=0.0357) : [  741.0865,   742.7992], score = 0.00      <et=11.8>
**** Strong branching phase 2 is started *****
<DWph=1> <it= 26> <et=12.27> <Mt= 0.25> <Spt= 0.22> <nCl=186> <al=0.00> <DB=  743.5364> <Mlp=  743.5364> <PB=1000000> 
<DWph=1> <it= 13> <et=12.51> <Mt= 0.09> <Spt= 0.12> <nCl= 89> <al=0.00> <DB=  741.7523> <Mlp=  741.7523> <PB=1000000> 
SB phase 2 cand.  1 branch on EDGE[0,19] (lhs=0.3393) : [  741.7523,   743.5364], score = 1.64      <et=12.51>
<DWph=1> <it= 13> <et=12.84> <Mt= 0.19> <Spt= 0.13> <nCl=116> <al=0.00> <DB=  742.6812> <Mlp=  742.6812> <PB=1000000> 
<DWph=1> <it= 14> <et=13.06> <Mt= 0.09> <Spt= 0.12> <nCl=108> <al=0.00> <DB=  741.7577> <Mlp=  741.7577> <PB=1000000> 
SB phase 2 cand.  2 branch on EDGE[18,19] (lhs=0.6558): [  741.7577,   742.6812], score = 1.07      <et=13.07>
<DWph=1> <it= 22> <et=13.46> <Mt= 0.16> <Spt= 0.22> <nCl=173> <al=0.00> <DB=  743.4845> <Mlp=  743.4845> <PB=1000000> 
<DWph=1> <it= 17> <et=13.74> <Mt= 0.13> <Spt= 0.15> <nCl=129> <al=0.00> <DB=  741.7223> <Mlp=  741.7223> <PB=1000000> 
SB phase 2 cand.  3 branch on EDGE[3,26] (lhs=0.3393) : [  741.7223,   743.4845], score = 1.53      <et=13.75>
**** Strong branching phase 3 is started *****
**** SB phase 3 evaluation of candidate 1, branch 1 ( EDGE[0,19] >= 1 ), value = 743.536
<DWph=2> <it=  1> <et=13.79> <Mt= 0.03> <Spt= 0.00> <nCl=  4> <al=0.50> <DB=  741.4799> <Mlp=  743.5363> <PB=1000000> 
<DWph=2> <it=  2> <et=13.80> <Mt= 0.00> <Spt= 0.01> <nCl=  5> <al=0.10> <DB=  739.4706> <Mlp=  743.5364> <PB=1000000> 
<DWph=2> <it=  3> <et=13.82> <Mt= 0.00> <Spt= 0.01> <nCl=  1> <al=0.00> <DB=  743.5364> <Mlp=  743.5364> <PB=1000000> 
<DWph=1> <it=  4> <et=13.83> <Mt= 0.00> <Spt= 0.01> <nCl=  6> <al=0.35> <DB=  737.9964> <Mlp=  743.5364> <PB=1000000> 
<DWph=1> <it=  5> <et=13.84> <Mt= 0.01> <Spt= 0.01> <nCl=  2> <al=0.42> <DB=  739.4861> <Mlp=  743.5364> <PB=1000000> 
<DWph=1> <it=  6> <et=13.86> <Mt= 0.00> <Spt= 0.02> <nCl=  1> <al=0.00> <DB=  743.5364> <Mlp=  743.5364> <PB=1000000> 
    RCSP exact solver info for graph G_1 : TT = 0.04085, pt = 0.000349, dt = 0.032215, ct = 0.007911, ndl = 6', bdl = 96', odl = 3', odf = 39', bsi = 1', cnt = 235', bdch = 1646', odch = 181', lcp = 148', #sols = 150
<DWph=0> <it=  7> <et=13.92> <Mt= 0.00> <Spt= 0.05> <nCl=103> <al=0.37> <DB=  737.5364> <Mlp=  743.5364> <PB=1000000> 
    RCSP exact solver info for graph G_1 : TT = 0.051668, pt = 0.000572, dt = 0.04097, ct = 0.009634, ndl = 7', bdl = 101', odl = 3', odf = 41', bsi = 1', cnt = 249', bdch = 1850', odch = 208', lcp = 171', #sols = 150
<DWph=0> <it=  8> <et=13.99> <Mt= 0.02> <Spt= 0.06> <nCl= 33> <al=0.44> <DB=  740.5903> <Mlp=  743.0000> <PB=743> 
    RCSP exact solver info for graph G_1 : TT = 0.054262, pt = 0.00061, dt = 0.04309, ct = 0.010137, ndl = 7', bdl = 104', odl = 3', odf = 43', bsi = 1', cnt = 252', bdch = 1919', odch = 213', lcp = 184', #sols = 150
<DWph=0> <it=  9> <et=14.06> <Mt= 0.02> <Spt= 0.05> <nCl= 21> <al=0.49> <DB=  741.8131> <Mlp=  743.0000> <PB=743> 
    RCSP exact solver info for graph G_1 : TT = 0.054904, pt = 0.000594, dt = 0.043375, ct = 0.010541, ndl = 7', bdl = 106', odl = 3', odf = 44', bsi = 1', cnt = 277', bdch = 1974', odch = 224', lcp = 189', #sols = 150
<DWph=0> <it= 10> <et=14.12> <Mt= 0.00> <Spt= 0.06> <nCl= 24> <al=0.39> <DB=  742.4941> <Mlp=  743.0000> <PB=743> 
Dynamic params and stats :  aver.obdmd = 23.3864 aver.buck.num. = 26 nbR1C = 84 with avMem = 9.59524
@@ 208 0 742.494 0.0494683 0.053916 81.551 14.13
ColGenEvalAlg final dual bound: 742.494 (rounded: 743)
Current active cuts : CAP(8,450.873) R1C(4+73,49.9032) 1rowPackR1C(4) 3rowPackR1C(33) 4rowPackR1C(19) 5rowPackR1C(21)
**** SB phase 3 evaluation of candidate 1, branch 2 ( EDGE[0,19] <= 0 ), value = 741.752
<DWph=2> <it=  1> <et=14.18> <Mt= 0.03> <Spt= 0.01> <nCl=  4> <al=0.50> <DB=  741.3010> <Mlp=  741.7523> <PB=743> 
<DWph=2> <it=  2> <et=14.19> <Mt= 0.00> <Spt= 0.01> <nCl= 20> <al=0.00> <DB=  707.8991> <Mlp=  741.7503> <PB=743> 
<DWph=1> <it=  3> <et=14.20> <Mt= 0.00> <Spt= 0.01> <nCl=  3> <al=0.40> <DB=  741.6605> <Mlp=  741.7503> <PB=743> 
<DWph=1> <it=  4> <et=14.22> <Mt= 0.01> <Spt= 0.01> <nCl=  0> <al=0.00> <DB=  741.7503> <Mlp=  741.7503> <PB=743> 
    RCSP exact solver info for graph G_1 : TT = 0.03726, pt = 0.000372, dt = 0.02779, ct = 0.008728, ndl = 5', bdl = 74', odl = 3', odf = 44', bsi = 1', cnt = 181', bdch = 1107', odch = 212', lcp = 121', #sols = 150
<DWph=0> <it=  5> <et=14.27> <Mt= 0.00> <Spt= 0.05> <nCl=150> <al=0.20> <DB=  725.7007> <Mlp=  741.7503> <PB=743> 
    RCSP exact solver info for graph G_1 : TT = 0.042869, pt = 0.00053, dt = 0.031782, ct = 0.010163, ndl = 6', bdl = 78', odl = 3', odf = 47', bsi = 1', cnt = 207', bdch = 1232', odch = 243', lcp = 134', #sols = 150
<DWph=0> <it=  6> <et=14.34> <Mt= 0.02> <Spt= 0.05> <nCl= 39> <al=0.10> <DB=  739.6587> <Mlp=  741.6739> <PB=743> 
    RCSP exact solver info for graph G_1 : TT = 0.044395, pt = 0.000655, dt = 0.0329, ct = 0.010355, ndl = 6', bdl = 80', odl = 3', odf = 48', bsi = 1', cnt = 211', bdch = 1265', odch = 243', lcp = 135', #sols = 150
<DWph=0> <it=  7> <et=14.40> <Mt= 0.01> <Spt= 0.05> <nCl= 13> <al=0.19> <DB=  741.1045> <Mlp=  741.6656> <PB=743> 
    RCSP exact solver info for graph G_1 : TT = 0.044048, pt = 0.000531, dt = 0.03266, ct = 0.010422, ndl = 6', bdl = 80', odl = 3', odf = 47', bsi = 1', cnt = 212', bdch = 1263', odch = 238', lcp = 136', #sols = 150
<DWph=0> <it=  8> <et=14.45> <Mt= 0.00> <Spt= 0.04> <nCl=  6> <al=0.27> <DB=  741.5136> <Mlp=  741.6656> <PB=743> 
    RCSP exact solver info for graph G_1 : TT = 0.044177, pt = 0.000532, dt = 0.032731, ct = 0.010527, ndl = 6', bdl = 80', odl = 3', odf = 47', bsi = 1', cnt = 218', bdch = 1267', odch = 243', lcp = 136', #sols = 150
    RCSP exact solver info for graph G_1 : TT = 0.043519, pt = 0.000506, dt = 0.032297, ct = 0.010383, ndl = 6', bdl = 79', odl = 3', odf = 48', bsi = 1', cnt = 216', bdch = 1262', odch = 245', lcp = 136', #sols = 150
<DWph=0> <it=  9> <et=14.54> <Mt= 0.00> <Spt= 0.10> <nCl= 10> <al=0.00> <DB=  741.6656> <Mlp=  741.6656> <PB=743> 
Dynamic params and stats :  aver.obdmd = 23.3864 aver.buck.num. = 26 nbR1C = 71 with avMem = 9.87324
@@ 209 0 741.666 0.0417897 0.043258 81.551 14.54
Labels distribution in buckets (bucket size) : largest - 115, top 0.1% - 115, top 0.5% - 98, top 2% - 73, top 10% - 37, top 50% - 3
Reduced cost fixing for graph G_1... 2756 buck. arcs remain (7.69% from prev., 6.27% from max.) + 2820 jump buck. arcs (6.42% from max.)
 TT = 0.099622, pt = 0.034845, dt = 0.032366, ct = 0.032143, ndl = 16', bdl = 138', odl = 4', odf = 89', lpcb = 372', cnt = 632', bdch = 4627', odch = 1051', lcp = 502'
Labels distribution in buckets (bucket size) : largest - 152, top 0.1% - 152, top 0.5% - 115, top 2% - 87, top 10% - 41, top 50% - 4
Run forward enumeration with border = 50... succeeded! lpt = 0.006895, ndl = 0', dl = 0', lpcb = 3', dch = 0'
Run enumeration concatenation with time limit 1.29558 sec.... succeeded!
Sorting and storing enumerated solutions ... done!
 TT = 0.008341, pt = 0, dt = 0.006895, ct = 0.000387, ndl = 0', bdl = 0', lpcb = 3', cnt = 86', bdch = 0', odch = 0', lcp = 0'
Enumeration succeeded!, number of elem. solutions is 167
Estimating inspection time...     TT = 0.00018, performed by inspection with 167 solutions, nbR1C = 71, nbDiscC = 0
Inspection time is low enough. Pricing will be done by inspection.
Added 486 columns in the formulation 
Removed 2905 columns (not in the enumerated set) from the formulation
Regenerated 486 columns with the 'enumerated' flag
<DWph=2> <it= 10> <et=14.71> <Mt= 0.01> <Spt= 0.00> <nCl=  0> <al=0.00> <DB=  741.7748> <Mlp=  741.7748> <PB=743> 
<DWph=1> <it= 11> <et=14.71> <Mt= 0.00> <Spt= 0.00> <nCl=  0> <al=0.00> <DB=  741.7748> <Mlp=  741.7748> <PB=743> 
    TT = 7.3e-05, performed by inspection with 167 solutions, nbR1C = 38, nbDiscC = 0
<DWph=0> <it= 12> <et=14.72> <Mt= 0.00> <Spt= 0.00> <nCl= 22> <al=0.30> <DB=  738.9856> <Mlp=  741.7748> <PB=743> 
    TT = 6.7e-05, performed by inspection with 167 solutions, nbR1C = 41, nbDiscC = 0
    TT = 6.3e-05, performed by inspection with 167 solutions, nbR1C = 39, nbDiscC = 0
<DWph=0> <it= 13> <et=14.72> <Mt= 0.01> <Spt= 0.00> <nCl=  1> <al=0.00> <DB=  741.7748> <Mlp=  741.7748> <PB=743> 
Dynamic params and stats :  aver.obdmd = 23.3864 aver.buck.num. = 26 nbR1C = 39 with avMem = 9.71795
@@ 209 0 741.775 6.76667e-05 7.3e-05 0 14.72
Reduced cost fixing for graph G_1...  took 0 sec., done by inspection with 167 solutions, remains 112 (67.1%)
Removed 224 columns (not in the enumerated set) from the formulation
ColGenEvalAlg final dual bound: 741.775 (rounded: 742)
Current active cuts : CAP(7,664.166) R1C(39,52.6578) 3rowPackR1C(20) 4rowPackR1C(9) 5rowPackR1C(10)
47 Rank-1 3-rows pack. cuts added ,  max viol. = 0.187843, aver. viol. = 0.0642856
Building structures for heuristic rank-1 packing cut separation...done!
61 Rank-1 4-rows pack. cuts added ,  max viol. = 0.274041, aver. viol. = 0.0935333
100 Rank-1 5-rows pack. cuts added ,  max viol. = 0.350772, aver. viol. = 0.183921
Shrinking heuristic shrunk 9 edges
----- Add fac. cuts : R1C(208), max.viol = 0.350772, aver.viol = 0.136211, sep/add took 0.367928/0.0136467 sec. -----
3343 columns (285 active), 322 dyn. constrs. (258 active), 408 art. vars. (344 active)
<DWph=2> <it=  1> <et=15.11> <Mt= 0.00> <Spt= 0.00> <nCl=  0> <al=0.50> <DB=  741.7748> <Mlp=  742.0000> <PB=742> 
ColGenEvalAlg final dual bound: 741.775 (rounded: 742)
Gap improvement since the last cut separation : 1 (741.775)
Current active cuts : CAP(7,662.446) R1C(49,56.4891) 3rowPackR1C(27) 4rowPackR1C(10) 5rowPackR1C(12)
 SB phase 3 candidate 1 is conquered !
SB with phases chosed candidate EDGE[0,19] (lhs=0.339271)
New model incumbent solution 742, TIME = 0h0m15s11t = 1511
************************************************************************************************
Search is finished, global bounds : [ 742 , 742 ], TIME = 0h0m15s11t = 1511
************************************************************************************************
Built-in heuristic is enabled
instance_name solver_name ext_heuristic solution_value solution_time best_lb root_lb root_time nb_branch_and_bound_nodes status
/home/logis/Downloads/VRPSolverEasy/VRPSolverEasy/demos/data/CVRP/B-n43-k6 CLP False 742.0 15.118201386 742.0 742.0 4.897012215 3 0

