Node memory for rank-1 cuts will be used (4.16226)
~~~~~~~~~~~~~~~~~~~~~~~~~~~~~~~~~~~~~~~~~~~~~~~~~~~~~~~~~~~~~~~~~~~~~~~~~~~~~~~~~~~~~
VRPSolver v0.5.27, 24/02/2023, © Inria Bordeaux, France, vrpsolver.math.u-bordeaux.fr
      Corresponds to the solver by Pessoa, Sadykov, Uchoa and Vanderbeck (2020)
                 Paper: dx.doi.org/10.1007/s10107-020-01523-z
~~~~~~~~~~~~~~~~~~~~~~~~~~~~~~~~~~~~~~~~~~~~~~~~~~~~~~~~~~~~~~~~~~~~~~~~~~~~~~~~~~~~~
   BaPCod v0.77, 15/03/2023, © Inria Bordeaux, France, bapcod.math.u-bordeaux.fr 
           THIS CODE IS PROVIDED AS IS, USE IT AT YOUR OWN RISK
~~~~~~~~~~~~~~~~~~~~~~~~~~~~~~~~~~~~~~~~~~~~~~~~~~~~~~~~~~~~~~~~~~~~~~~~~~~~~~~~~~~~~
Bucket steps were recalculated for graph G_1 : [3.5]
RCSP solver info : symmetric case is detected for graph G_1! 
Bidirectional border value is initialised to 40
RCSP solver info : number of forw. reachable buckets / buck. strongly connected components is 1245( 88.7384% ) / 1245( 100% )
Generating neighbourhoods for rank-1 cuts separation
Building structures for 4- and 5-row rank-1 packing cut separation...done!
Model is built TIME = 0h0m0s2t = 2
************************************************************************************************
**** BaB tree root node
**** Local DB = -1e+12, global bounds : [ -1e+12 , 1004.1 ], TIME = 0h0m0s2t = 2
**** 1 open nodes, 0 columns (0 active), 0 dyn. constrs. (0 active), 120 art. vars. (120 active)
************************************************************************************************
#<DWph=2> <it=  1> <et=0.02> <Mt= 0.00> <Spt= 0.00> <nCl= 30> <al=0.00> <DB=-1714814.6400> <Mlp=160254.3600> <PB=1004.1> 
#<DWph=2> <it=  2> <et=0.03> <Mt= 0.00> <Spt= 0.00> <nCl= 30> <al=0.55> <DB=-1314255.6180> <Mlp=151935.9200> <PB=1004.1> 
#<DWph=2> <it=  3> <et=0.03> <Mt= 0.00> <Spt= 0.00> <nCl= 30> <al=0.45> <DB=-889839.5261> <Mlp=149606.0800> <PB=1004.1> 
#<DWph=2> <it=  4> <et=0.03> <Mt= 0.00> <Spt= 0.01> <nCl= 30> <al=0.51> <DB=-791720.8628> <Mlp=141801.8620> <PB=1004.1> 
#<DWph=2> <it=  5> <et=0.04> <Mt= 0.00> <Spt= 0.00> <nCl= 30> <al=0.41> <DB=-687444.9611> <Mlp=127563.8100> <PB=1004.1> 
#<DWph=2> <it=  6> <et=0.04> <Mt= 0.00> <Spt= 0.00> <nCl= 30> <al=0.31> <DB=-729060.3350> <Mlp=114709.9150> <PB=1004.1> 
#<DWph=2> <it=  7> <et=0.04> <Mt= 0.00> <Spt= 0.01> <nCl= 30> <al=0.37> <DB=-650601.1905> <Mlp=112336.7533> <PB=1004.1> 
#<DWph=2> <it=  8> <et=0.04> <Mt= 0.00> <Spt= 0.00> <nCl= 30> <al=0.44> <DB=-621258.9465> <Mlp=98229.0020> <PB=1004.1> 
#<DWph=2> <it=  9> <et=0.05> <Mt= 0.00> <Spt= 0.00> <nCl= 30> <al=0.49> <DB=-551062.6287> <Mlp=86239.6320> <PB=1004.1> 
#<DWph=2> <it= 10> <et=0.05> <Mt= 0.00> <Spt= 0.00> <nCl= 30> <al=0.54> <DB=-508236.8998> <Mlp=70338.5377> <PB=1004.1> 
#<DWph=2> <it= 11> <et=0.05> <Mt= 0.00> <Spt= 0.01> <nCl= 30> <al=0.59> <DB=-447958.0114> <Mlp=52682.6022> <PB=1004.1> 
#<DWph=2> <it= 12> <et=0.06> <Mt= 0.00> <Spt= 0.00> <nCl= 30> <al=0.49> <DB=-406991.9436> <Mlp=43325.6322> <PB=1004.1> 
#<DWph=2> <it= 13> <et=0.06> <Mt= 0.00> <Spt= 0.00> <nCl= 30> <al=0.54> <DB=-401593.1822> <Mlp=31544.4485> <PB=1004.1> 
#<DWph=2> <it= 14> <et=0.06> <Mt= 0.00> <Spt= 0.00> <nCl= 30> <al=0.59> <DB=-304184.1640> <Mlp= 4478.9401> <PB=1004.1> 
#<DWph=2> <it= 15> <et=0.07> <Mt= 0.00> <Spt= 0.00> <nCl= 11> <al=0.63> <DB=-165567.0499> <Mlp= 2059.4915> <PB=1004.1> 
#<DWph=2> <it= 16> <et=0.07> <Mt= 0.00> <Spt= 0.01> <nCl= 10> <al=0.53> <DB=-57709.4713> <Mlp= 2049.1355> <PB=1004.1> 
#<DWph=2> <it= 17> <et=0.07> <Mt= 0.00> <Spt= 0.00> <nCl= 30> <al=0.43> <DB=-10722.3564> <Mlp= 1678.2351> <PB=1004.1> 
<DWph=2> <it= 18> <et=0.08> <Mt= 0.01> <Spt= 0.00> <nCl=  5> <al=0.33> <DB=-2461.6905> <Mlp= 1367.9346> <PB=1004.1> 
<DWph=2> <it= 19> <et=0.08> <Mt= 0.00> <Spt= 0.00> <nCl= 30> <al=0.23> <DB=-3927.4800> <Mlp= 1367.4437> <PB=1004.1> 
<DWph=2> <it= 20> <et=0.08> <Mt= 0.00> <Spt= 0.00> <nCl= 29> <al=0.31> <DB=    2.5857> <Mlp= 1320.7794> <PB=1004.1> 
<DWph=2> <it= 21> <et=0.08> <Mt= 0.00> <Spt= 0.01> <nCl= 30> <al=0.37> <DB=-1810.3636> <Mlp= 1267.4012> <PB=1004.1> 
<DWph=2> <it= 22> <et=0.09> <Mt= 0.00> <Spt= 0.00> <nCl= 30> <al=0.44> <DB= -837.4163> <Mlp= 1220.9286> <PB=1004.1> 
<DWph=2> <it= 23> <et=0.09> <Mt= 0.00> <Spt= 0.00> <nCl= 25> <al=0.49> <DB=  550.5652> <Mlp= 1165.9754> <PB=1004.1> 
<DWph=2> <it= 24> <et=0.09> <Mt= 0.00> <Spt= 0.00> <nCl= 30> <al=0.54> <DB=  179.5801> <Mlp= 1111.9820> <PB=1004.1> 
<DWph=2> <it= 25> <et=0.10> <Mt= 0.00> <Spt= 0.00> <nCl= 20> <al=0.59> <DB=  473.4651> <Mlp= 1065.9759> <PB=1004.1> 
<DWph=2> <it= 26> <et=0.10> <Mt= 0.00> <Spt= 0.01> <nCl= 12> <al=0.63> <DB=  756.3693> <Mlp= 1050.2289> <PB=1004.1> 
<DWph=2> <it= 27> <et=0.10> <Mt= 0.00> <Spt= 0.00> <nCl= 25> <al=0.53> <DB=  643.3814> <Mlp= 1041.8886> <PB=1004.1> 
<DWph=2> <it= 28> <et=0.11> <Mt= 0.01> <Spt= 0.00> <nCl= 13> <al=0.58> <DB=  866.2454> <Mlp= 1016.5216> <PB=1004.1> 
<DWph=2> <it= 29> <et=0.11> <Mt= 0.00> <Spt= 0.00> <nCl= 30> <al=0.48> <DB=  511.0717> <Mlp= 1006.6114> <PB=1004.1> 
<DWph=2> <it= 30> <et=0.11> <Mt= 0.00> <Spt= 0.01> <nCl= 25> <al=0.53> <DB=  737.3945> <Mlp=  979.3896> <PB=1004.1> 
<DWph=2> <it= 31> <et=0.12> <Mt= 0.00> <Spt= 0.00> <nCl= 10> <al=0.58> <DB=  909.2001> <Mlp=  967.7678> <PB=1004.1> 
<DWph=2> <it= 32> <et=0.12> <Mt= 0.00> <Spt= 0.00> <nCl= 17> <al=0.48> <DB=  813.0496> <Mlp=  965.9909> <PB=1004.1> 
<DWph=2> <it= 33> <et=0.12> <Mt= 0.00> <Spt= 0.00> <nCl=  5> <al=0.53> <DB=  933.7911> <Mlp=  961.4330> <PB=1004.1> 
<DWph=2> <it= 34> <et=0.13> <Mt= 0.00> <Spt= 0.01> <nCl= 11> <al=0.43> <DB=  917.6805> <Mlp=  960.5490> <PB=1004.1> 
<DWph=2> <it= 35> <et=0.13> <Mt= 0.00> <Spt= 0.00> <nCl=  3> <al=0.49> <DB=  942.5219> <Mlp=  959.8740> <PB=1004.1> 
<DWph=2> <it= 36> <et=0.13> <Mt= 0.00> <Spt= 0.00> <nCl=  3> <al=0.54> <DB=  950.5445> <Mlp=  959.8740> <PB=1004.1> 
<DWph=2> <it= 37> <et=0.14> <Mt= 0.00> <Spt= 0.00> <nCl=  3> <al=0.44> <DB=  951.8209> <Mlp=  959.7952> <PB=1004.1> 
<DWph=2> <it= 38> <et=0.14> <Mt= 0.00> <Spt= 0.01> <nCl=  8> <al=0.00> <DB=  953.9387> <Mlp=  959.7660> <PB=1004.1> 
<DWph=2> <it= 39> <et=0.15> <Mt= 0.00> <Spt= 0.00> <nCl=  3> <al=0.00> <DB=  959.7533> <Mlp=  959.7533> <PB=1004.1> 
<DWph=1> <it= 40> <et=0.15> <Mt= 0.00> <Spt= 0.01> <nCl=  2> <al=0.29> <DB=  929.8661> <Mlp=  959.7533> <PB=1004.1> 
<DWph=1> <it= 41> <et=0.16> <Mt= 0.00> <Spt= 0.00> <nCl=  7> <al=0.00> <DB=  958.8328> <Mlp=  959.6088> <PB=1004.1> 
<DWph=1> <it= 42> <et=0.17> <Mt= 0.00> <Spt= 0.01> <nCl=  2> <al=0.00> <DB=  959.6063> <Mlp=  959.6063> <PB=1004.1> 
    RCSP exact solver info for graph G_1 : TT = 0.003404, pt = 1e-05, dt = 0.002625, ct = 0.000574, ndl = 0', bdl = 7', odl = 1', odf = 5', bsi = 1', cnt = 1', bdch = 28', odch = 3', lcp = 1', #sols = 150
<DWph=0> <it= 43> <et=0.17> <Mt= 0.00> <Spt= 0.01> <nCl= 42> <al=0.00> <DB=  959.6063> <Mlp=  959.6063> <PB=1004.1> 
Dynamic params and stats :  aver.obdmd = 19.4262 aver.buck.num. = 23
@@ 1 0 959.606 0.003199 0.003199 75.8273 0.17
Labels distribution in buckets (bucket size) : largest - 9, top 0.1% - 9, top 0.5% - 8, top 2% - 6, top 10% - 3, top 50% - 1
Reduced cost fixing for graph G_1... 39833 buck. arcs remain (72.9% from prev., 55.2% from max.) + 2524 jump buck. arcs (3.5% from max.)
 TT = 0.028397, pt = 0.001767, dt = 0.006513, ct = 0.020016, ndl = 4', bdl = 68', odl = 2', odf = 21', lpcb = 73', cnt = 90', bdch = 465', odch = 39', lcp = 28'
Labels distribution in buckets (bucket size) : largest - 10, top 0.1% - 10, top 0.5% - 9, top 2% - 7, top 10% - 4, top 50% - 1
Run forward enumeration with border = 40... succeeded! lpt = 0.138001, ndl = 13', dl = 64', lpcb = 491', dch = 3114'
Run enumeration concatenation with time limit 0.3 sec.... succeeded!
Sorting and storing enumerated solutions ... done!
 TT = 0.671987, pt = 0.001974, dt = 0.138001, ct = 0.248229, ndl = 13', bdl = 64', lpcb = 491', cnt = 323', bdch = 3114', odch = 0', lcp = 0'
Enumeration succeeded!, number of elem. solutions is 149923
Estimating inspection time...     TT = 0.009782, performed by inspection with 149923 solutions, nbR1C = 0, nbDiscC = 0
Inspection time is low enough. Pricing will be done by inspection.
Added 486 columns in the formulation 
Removed 405 columns (not in the enumerated set) from the formulation
Regenerated 486 columns with the 'enumerated' flag
<DWph=2> <it= 44> <et=0.89> <Mt= 0.00> <Spt= 0.00> <nCl=  0> <al=0.00> <DB=  960.0193> <Mlp=  960.0193> <PB=1004.1> 
<DWph=1> <it= 45> <et=0.89> <Mt= 0.00> <Spt= 0.00> <nCl=  0> <al=0.00> <DB=  960.0193> <Mlp=  960.0193> <PB=1004.1> 
    TT = 0.005372, performed by inspection with 149923 solutions, nbR1C = 0, nbDiscC = 0
<DWph=0> <it= 46> <et=0.90> <Mt= 0.00> <Spt= 0.00> <nCl= 64> <al=0.30> <DB=  924.7765> <Mlp=  960.0193> <PB=1004.1> 
    TT = 0.005255, performed by inspection with 149923 solutions, nbR1C = 0, nbDiscC = 0
    TT = 0.005149, performed by inspection with 149923 solutions, nbR1C = 0, nbDiscC = 0
<DWph=0> <it= 47> <et=0.91> <Mt= 0.01> <Spt= 0.02> <nCl= 14> <al=0.00> <DB=  959.9956> <Mlp=  959.9956> <PB=1004.1> 
Dynamic params and stats :  aver.obdmd = 19.4262 aver.buck.num. = 23
@@ 1 0 959.996 0.00525867 0.005372 0 0.91
Reduced cost fixing for graph G_1...  took 0 sec., done by inspection with 149923 solutions, remains 141229 (94.2%)
Removed 3 columns (not in the enumerated set) from the formulation
    Full reduced cost fixing is not called (gap ratio is 0.99123)
ColGenEvalAlg final dual bound: 959.996 (rounded: 960)
In total 3 RCC cut(s) are found by the connected components heuristic 
Shrinking heuristic shrunk 8 edges
In total 11 RCC cut(s) are found by the Fractional capacity min-cut heuristic 
In total 20 RCC cut(s) are found by the greedy construction heuristic 
----- Add fac. cuts : CAP(34), max.viol = 0.524574, aver.viol = 0.115709, sep/add took 0.0132911/0.00465692 sec. -----
561 columns (561 active), 34 dyn. constrs. (34 active), 154 art. vars. (154 active)
<DWph=2> <it=  1> <et=0.97> <Mt= 0.00> <Spt= 0.00> <nCl=  0> <al=0.00> <DB=  964.0429> <Mlp=  964.0429> <PB=1004.1> 
<DWph=1> <it=  2> <et=0.97> <Mt= 0.00> <Spt= 0.00> <nCl=  0> <al=0.00> <DB=  964.0429> <Mlp=  964.0429> <PB=1004.1> 
    TT = 0.005228, performed by inspection with 141229 solutions, nbR1C = 0, nbDiscC = 0
<DWph=0> <it=  3> <et=0.98> <Mt= 0.00> <Spt= 0.01> <nCl= 69> <al=0.30> <DB=  916.4786> <Mlp=  964.0429> <PB=1004.1> 
    TT = 0.00514, performed by inspection with 141229 solutions, nbR1C = 0, nbDiscC = 0
<DWph=0> <it=  4> <et=0.99> <Mt= 0.00> <Spt= 0.00> <nCl= 14> <al=0.37> <DB=  946.0554> <Mlp=  963.4259> <PB=1004.1> 
    TT = 0.005032, performed by inspection with 141229 solutions, nbR1C = 0, nbDiscC = 0
    TT = 0.004909, performed by inspection with 141229 solutions, nbR1C = 0, nbDiscC = 0
<DWph=0> <it=  5> <et=1.00> <Mt= 0.00> <Spt= 0.01> <nCl=  7> <al=0.00> <DB=  963.4259> <Mlp=  963.4259> <PB=1004.1> 
Dynamic params and stats :  aver.obdmd = 19.4262 aver.buck.num. = 23
@@ 1 1 963.426 0.00507725 0.005228 0 1
Reduced cost fixing for graph G_1...  took 0 sec., done by inspection with 141229 solutions, remains 130984 (92.7%)
Removed 2 columns (not in the enumerated set) from the formulation
    Full reduced cost fixing is not called (gap ratio is 0.913959)
ColGenEvalAlg final dual bound: 963.426 (rounded: 964)
Gap improvement since the last cut separation : 0.0777778 (959.996)
Current active cuts : CAP(8,54.5679)
Shrinking heuristic shrunk 9 edges
In total 4 RCC cut(s) are found by the Fractional capacity min-cut heuristic 
In total 21 RCC cut(s) are found by the greedy construction heuristic 
----- Add fac. cuts : CAP(25), max.viol = 0.222222, aver.viol = 0.0811111, sep/add took 0.013186/0.0034193 sec. -----
651 columns (649 active), 59 dyn. constrs. (35 active), 179 art. vars. (155 active)
<DWph=2> <it=  1> <et=1.08> <Mt= 0.00> <Spt= 0.01> <nCl=  0> <al=0.00> <DB=  963.6051> <Mlp=  963.6051> <PB=1004.1> 
<DWph=1> <it=  2> <et=1.08> <Mt= 0.00> <Spt= 0.00> <nCl=  0> <al=0.00> <DB=  963.6051> <Mlp=  963.6051> <PB=1004.1> 
    TT = 0.004871, performed by inspection with 130984 solutions, nbR1C = 0, nbDiscC = 0
<DWph=0> <it=  3> <et=1.08> <Mt= 0.00> <Spt= 0.00> <nCl=  9> <al=0.30> <DB=  961.0988> <Mlp=  963.6051> <PB=1004.1> 
    TT = 0.004754, performed by inspection with 130984 solutions, nbR1C = 0, nbDiscC = 0
    TT = 0.004713, performed by inspection with 130984 solutions, nbR1C = 0, nbDiscC = 0
<DWph=0> <it=  4> <et=1.10> <Mt= 0.00> <Spt= 0.02> <nCl=  0> <al=0.00> <DB=  963.6051> <Mlp=  963.6051> <PB=1004.1> 
Dynamic params and stats :  aver.obdmd = 19.4262 aver.buck.num. = 23
@@ 1 2 963.605 0.00477933 0.004871 0 1.1
Reduced cost fixing for graph G_1...  took 0 sec., done by inspection with 130984 solutions, remains 130580 (99.7%)
    Full reduced cost fixing is not called (gap ratio is 0.909922)
ColGenEvalAlg final dual bound: 963.605 (rounded: 964)
Gap improvement since the last cut separation : 0.00440581 (963.426)
Cut generation tailing off counter increased to 1
Current active cuts : CAP(13,81.9624)
Shrinking heuristic shrunk 9 edges
31 Rank-1 3-rows pack. cuts added ,  max viol. = 0.438462, aver. viol. = 0.20397
Building structures for heuristic rank-1 packing cut separation...done!
53 Rank-1 4-rows pack. cuts added ,  max viol. = 0.438462, aver. viol. = 0.231301
100 Rank-1 5-rows pack. cuts added ,  max viol. = 0.438462, aver. viol. = 0.333385
----- Add fac. cuts : R1C(184), max.viol = 0.528205, aver.viol = 0.286483, sep/add took 0.357379/0.0154952 sec. -----
660 columns (658 active), 219 dyn. constrs. (199 active), 363 art. vars. (319 active)
<DWph=2> <it=  1> <et=1.53> <Mt= 0.00> <Spt= 0.00> <nCl=  0> <al=0.00> <DB=  966.5300> <Mlp=  966.5300> <PB=1004.1> 
<DWph=1> <it=  2> <et=1.53> <Mt= 0.01> <Spt= 0.00> <nCl=  0> <al=0.00> <DB=  966.5300> <Mlp=  966.5300> <PB=1004.1> 
    TT = 0.01055, performed by inspection with 130580 solutions, nbR1C = 21, nbDiscC = 0
<DWph=0> <it=  3> <et=1.55> <Mt= 0.00> <Spt= 0.01> <nCl= 15> <al=0.30> <DB=  956.3801> <Mlp=  966.5300> <PB=1004.1> 
    TT = 0.010295, performed by inspection with 130580 solutions, nbR1C = 21, nbDiscC = 0
    TT = 0.010142, performed by inspection with 130580 solutions, nbR1C = 21, nbDiscC = 0
<DWph=0> <it=  4> <et=1.57> <Mt= 0.00> <Spt= 0.02> <nCl=  0> <al=0.00> <DB=  966.5300> <Mlp=  966.5300> <PB=1004.1> 
Dynamic params and stats :  aver.obdmd = 19.4262 aver.buck.num. = 23 nbR1C = 21 with avMem = 0
@@ 1 3 966.53 0.010329 0.01055 0 1.57
Reduced cost fixing for graph G_1...  took 0.01 sec., done by inspection with 130580 solutions, remains 121883 (93.3%)
Removed 6 columns (not in the enumerated set) from the formulation
ColGenEvalAlg final dual bound: 966.53 (rounded: 967)
Gap improvement since the last cut separation : 0.0722274 (963.605)
Current active cuts : CAP(9,89.2287) R1C(21,18.623) 3rowPackR1C(6) 4rowPackR1C(11) 5rowPackR1C(4)
Shrinking heuristic shrunk 6 edges
In total 3 RCC cut(s) are found by the Fractional capacity min-cut heuristic 
In total 1 RCC cut(s) are found by the global pool greedy search heuristic 
45 Rank-1 3-rows pack. cuts added ,  max viol. = 0.369085, aver. viol. = 0.101577
Building structures for heuristic rank-1 packing cut separation...done!
50 Rank-1 4-rows pack. cuts added ,  max viol. = 0.460568, aver. viol. = 0.110852
100 Rank-1 5-rows pack. cuts added ,  max viol. = 0.460568, aver. viol. = 0.234448
----- Add fac. cuts : CAP(4) R1C(195), max.viol = 0.48265, aver.viol = 0.195837, sep/add took 0.433787/0.0173724 sec. -----
673 columns (667 active), 398 dyn. constrs. (232 active), 562 art. vars. (352 active)
<DWph=2> <it=  1> <et=2.08> <Mt= 0.00> <Spt= 0.01> <nCl=  0> <al=0.00> <DB=  967.5000> <Mlp=  967.5000> <PB=1004.1> 
<DWph=1> <it=  2> <et=2.09> <Mt= 0.00> <Spt= 0.00> <nCl=  0> <al=0.00> <DB=  967.5000> <Mlp=  967.5000> <PB=1004.1> 
    TT = 0.011634, performed by inspection with 121883 solutions, nbR1C = 39, nbDiscC = 0
<DWph=0> <it=  3> <et=2.10> <Mt= 0.00> <Spt= 0.01> <nCl=  8> <al=0.30> <DB=  966.6604> <Mlp=  967.5000> <PB=1004.1> 
    TT = 0.011451, performed by inspection with 121883 solutions, nbR1C = 40, nbDiscC = 0
    TT = 0.010997, performed by inspection with 121883 solutions, nbR1C = 35, nbDiscC = 0
<DWph=0> <it=  4> <et=2.13> <Mt= 0.00> <Spt= 0.03> <nCl=  0> <al=0.00> <DB=  967.5000> <Mlp=  967.5000> <PB=1004.1> 
Dynamic params and stats :  aver.obdmd = 19.4262 aver.buck.num. = 23 nbR1C = 35 with avMem = 0
@@ 1 4 967.5 0.0113607 0.011634 0 2.13
Reduced cost fixing for graph G_1...  took 0.01 sec., done by inspection with 121883 solutions, remains 119711 (98.2%)
Removed 1 columns (not in the enumerated set) from the formulation
    Full reduced cost fixing is not called (gap ratio is 0.974112)
ColGenEvalAlg final dual bound: 967.5 (rounded: 968)
Gap improvement since the last cut separation : 0.0258193 (966.53)
Current active cuts : CAP(9,88.7969) R1C(35,29.975) 3rowPackR1C(10) 4rowPackR1C(16) 5rowPackR1C(9)
Shrinking heuristic shrunk 35 edges
In total 1 RCC cut(s) are found by the Fractional capacity min-cut heuristic 
3 Rank-1 3-rows pack. cuts added ,  max viol. = 0.5, aver. viol. = 0.5
Building structures for heuristic rank-1 packing cut separation...done!
7 Rank-1 4-rows pack. cuts added ,  max viol. = 0.5, aver. viol. = 0.5
100 Rank-1 5-rows pack. cuts added ,  max viol. = 0.5, aver. viol. = 0.3075
----- Add fac. cuts : CAP(1) R1C(110), max.viol = 0.5, aver.viol = 0.5, sep/add took 0.194885/0.0103843 sec. -----
675 columns (674 active), 343 dyn. constrs. (157 active), 673 art. vars. (277 active)
<DWph=2> <it=  1> <et=2.39> <Mt= 0.00> <Spt= 0.00> <nCl=  0> <al=0.00> <DB=  967.9335> <Mlp=  967.9335> <PB=1004.1> 
<DWph=1> <it=  2> <et=2.40> <Mt= 0.00> <Spt= 0.00> <nCl=  0> <al=0.00> <DB=  967.9335> <Mlp=  967.9335> <PB=1004.1> 
    TT = 0.011741, performed by inspection with 119711 solutions, nbR1C = 38, nbDiscC = 0
<DWph=0> <it=  3> <et=2.41> <Mt= 0.00> <Spt= 0.01> <nCl= 14> <al=0.30> <DB=  957.8899> <Mlp=  967.9335> <PB=1004.1> 
    TT = 0.011546, performed by inspection with 119711 solutions, nbR1C = 38, nbDiscC = 0
    TT = 0.010725, performed by inspection with 119711 solutions, nbR1C = 31, nbDiscC = 0
<DWph=0> <it=  4> <et=2.44> <Mt= 0.00> <Spt= 0.03> <nCl=  1> <al=0.00> <DB=  967.9224> <Mlp=  967.9224> <PB=1004.1> 
Dynamic params and stats :  aver.obdmd = 19.4262 aver.buck.num. = 23 nbR1C = 31 with avMem = 0
@@ 1 5 967.922 0.0113373 0.011741 0 2.44
Reduced cost fixing for graph G_1...  took 0.01 sec., done by inspection with 119711 solutions, remains 116747 (97.5%)
Removed 3 columns (not in the enumerated set) from the formulation
    Full reduced cost fixing is not called (gap ratio is 0.962839)
ColGenEvalAlg final dual bound: 967.922 (rounded: 968)
Gap improvement since the last cut separation : 0.0115412 (967.5)
Cut generation tailing off counter increased to 1
Current active cuts : CAP(8,73.1641) R1C(31,39.7665) 3rowPackR1C(8) 4rowPackR1C(15) 5rowPackR1C(8)
In total 1 RCC cut(s) are found by the connected components heuristic 
Shrinking heuristic shrunk 5 edges
In total 3 RCC cut(s) are found by the Fractional capacity min-cut heuristic 
In total 3 RCC cut(s) are found by the greedy construction heuristic 
19 Rank-1 3-rows pack. cuts added ,  max viol. = 0.294244, aver. viol. = 0.0729974
Building structures for heuristic rank-1 packing cut separation...done!
43 Rank-1 4-rows pack. cuts added ,  max viol. = 0.294244, aver. viol. = 0.0808051
100 Rank-1 5-rows pack. cuts added ,  max viol. = 0.294244, aver. viol. = 0.147973
----- Add fac. cuts : CAP(7) R1C(162), max.viol = 0.309863, aver.viol = 0.157427, sep/add took 0.471603/0.0156691 sec. -----
689 columns (686 active), 326 dyn. constrs. (210 active), 842 art. vars. (330 active)
<DWph=2> <it=  1> <et=2.98> <Mt= 0.01> <Spt= 0.00> <nCl=  0> <al=0.50> <DB=  967.9224> <Mlp=  968.0000> <PB=968> 
ColGenEvalAlg final dual bound: 967.922 (rounded: 968)
Gap improvement since the last cut separation : 1 (967.922)
Current active cuts : CAP(8,73.4382) R1C(33,39.382) 3rowPackR1C(8) 4rowPackR1C(16) 5rowPackR1C(9)
New model incumbent solution 968, TIME = 0h0m3s4t = 304
************************************************************************************************
Search is finished, global bounds : [ 968 , 968 ], TIME = 0h0m3s5t = 305
************************************************************************************************
Built-in heuristic is enabled
instance_name solver_name ext_heuristic solution_value solution_time best_lb root_lb root_time nb_branch_and_bound_nodes status
/home/logis/Downloads/VRPSolverEasy/VRPSolverEasy/demos/data/CVRP/P-n60-k15 CLP False 968.0 3.052564133 968.0 968.0 3.049253358 1 0

