Node memory for rank-1 cuts will be used (7.78032)
~~~~~~~~~~~~~~~~~~~~~~~~~~~~~~~~~~~~~~~~~~~~~~~~~~~~~~~~~~~~~~~~~~~~~~~~~~~~~~~~~~~~~
VRPSolver v0.5.27, 24/02/2023, © Inria Bordeaux, France, vrpsolver.math.u-bordeaux.fr
      Corresponds to the solver by Pessoa, Sadykov, Uchoa and Vanderbeck (2020)
                 Paper: dx.doi.org/10.1007/s10107-020-01523-z
~~~~~~~~~~~~~~~~~~~~~~~~~~~~~~~~~~~~~~~~~~~~~~~~~~~~~~~~~~~~~~~~~~~~~~~~~~~~~~~~~~~~~
   BaPCod v0.77, 15/03/2023, © Inria Bordeaux, France, bapcod.math.u-bordeaux.fr 
           THIS CODE IS PROVIDED AS IS, USE IT AT YOUR OWN RISK
~~~~~~~~~~~~~~~~~~~~~~~~~~~~~~~~~~~~~~~~~~~~~~~~~~~~~~~~~~~~~~~~~~~~~~~~~~~~~~~~~~~~~
Bucket steps were recalculated for graph G_1 : [4]
RCSP solver info : symmetric case is detected for graph G_1! 
Bidirectional border value is initialised to 50
RCSP solver info : number of forw. reachable buckets / buck. strongly connected components is 870( 92.9487% ) / 695( 79.8851% )
Generating neighbourhoods for rank-1 cuts separation
Building structures for 4- and 5-row rank-1 packing cut separation...done!
Model is built TIME = 0h0m0s0t = 0
************************************************************************************************
**** BaB tree root node
**** Local DB = -1e+12, global bounds : [ -1e+12 , 955.1 ], TIME = 0h0m0s0t = 0
**** 1 open nodes, 0 columns (0 active), 0 dyn. constrs. (0 active), 70 art. vars. (70 active)
************************************************************************************************
#<DWph=2> <it=  1> <et=0.01> <Mt= 0.00> <Spt= 0.00> <nCl= 30> <al=0.00> <DB=-3959672.2400> <Mlp=83666.7600> <PB=955.1> 
#<DWph=2> <it=  2> <et=0.01> <Mt= 0.00> <Spt= 0.00> <nCl= 30> <al=0.55> <DB=-2839434.0940> <Mlp=74049.9400> <PB=955.1> 
#<DWph=2> <it=  3> <et=0.01> <Mt= 0.00> <Spt= 0.00> <nCl= 30> <al=0.45> <DB=-3175861.7883> <Mlp=71032.6800> <PB=955.1> 
#<DWph=2> <it=  4> <et=0.01> <Mt= 0.00> <Spt= 0.00> <nCl= 30> <al=0.51> <DB=-2316415.1554> <Mlp=67516.0680> <PB=955.1> 
#<DWph=2> <it=  5> <et=0.01> <Mt= 0.00> <Spt= 0.00> <nCl= 30> <al=0.55> <DB=-2626450.6085> <Mlp=66440.3099> <PB=955.1> 
#<DWph=2> <it=  6> <et=0.01> <Mt= 0.00> <Spt= 0.00> <nCl= 30> <al=0.60> <DB=-1859067.9519> <Mlp=65283.0292> <PB=955.1> 
#<DWph=2> <it=  7> <et=0.02> <Mt= 0.00> <Spt= 0.01> <nCl= 30> <al=0.64> <DB=-1110803.5366> <Mlp=64960.5374> <PB=955.1> 
#<DWph=2> <it=  8> <et=0.02> <Mt= 0.00> <Spt= 0.00> <nCl= 30> <al=0.54> <DB=-885662.6362> <Mlp=64813.4651> <PB=955.1> 
#<DWph=2> <it=  9> <et=0.02> <Mt= 0.00> <Spt= 0.00> <nCl= 30> <al=0.44> <DB=-698385.2875> <Mlp=59729.1263> <PB=955.1> 
#<DWph=2> <it= 10> <et=0.02> <Mt= 0.00> <Spt= 0.00> <nCl= 30> <al=0.50> <DB=-832125.5061> <Mlp=59232.2445> <PB=955.1> 
#<DWph=2> <it= 11> <et=0.02> <Mt= 0.00> <Spt= 0.00> <nCl= 30> <al=0.55> <DB=-1067226.9303> <Mlp=55673.8150> <PB=955.1> 
#<DWph=2> <it= 12> <et=0.03> <Mt= 0.00> <Spt= 0.00> <nCl= 30> <al=0.59> <DB=-599115.5667> <Mlp=54745.7790> <PB=955.1> 
#<DWph=2> <it= 13> <et=0.03> <Mt= 0.00> <Spt= 0.01> <nCl= 30> <al=0.49> <DB=-1136160.6051> <Mlp=50528.1278> <PB=955.1> 
#<DWph=2> <it= 14> <et=0.03> <Mt= 0.00> <Spt= 0.00> <nCl= 30> <al=0.54> <DB=-582554.3673> <Mlp=49941.7502> <PB=955.1> 
#<DWph=2> <it= 15> <et=0.03> <Mt= 0.00> <Spt= 0.00> <nCl= 30> <al=0.59> <DB=-517374.3766> <Mlp=41463.1943> <PB=955.1> 
#<DWph=2> <it= 16> <et=0.03> <Mt= 0.00> <Spt= 0.00> <nCl= 30> <al=0.63> <DB=-504174.9760> <Mlp=33763.5096> <PB=955.1> 
#<DWph=2> <it= 17> <et=0.04> <Mt= 0.00> <Spt= 0.00> <nCl= 30> <al=0.67> <DB=-451566.4981> <Mlp=31485.5774> <PB=955.1> 
#<DWph=2> <it= 18> <et=0.04> <Mt= 0.00> <Spt= 0.00> <nCl= 30> <al=0.57> <DB=-591453.8535> <Mlp=22089.1525> <PB=955.1> 
#<DWph=2> <it= 19> <et=0.04> <Mt= 0.00> <Spt= 0.00> <nCl= 30> <al=0.61> <DB=-419817.2258> <Mlp=20505.6813> <PB=955.1> 
#<DWph=2> <it= 20> <et=0.04> <Mt= 0.00> <Spt= 0.01> <nCl= 30> <al=0.65> <DB=-405998.0655> <Mlp=17246.0849> <PB=955.1> 
#<DWph=2> <it= 21> <et=0.04> <Mt= 0.00> <Spt= 0.00> <nCl= 30> <al=0.68> <DB=-326527.8906> <Mlp=13887.0423> <PB=955.1> 
#<DWph=2> <it= 22> <et=0.05> <Mt= 0.00> <Spt= 0.00> <nCl= 30> <al=0.58> <DB=-304768.4225> <Mlp=10207.6961> <PB=955.1> 
#<DWph=2> <it= 23> <et=0.05> <Mt= 0.00> <Spt= 0.00> <nCl= 30> <al=0.63> <DB=-309075.2477> <Mlp= 6452.2185> <PB=955.1> 
#<DWph=2> <it= 24> <et=0.05> <Mt= 0.00> <Spt= 0.00> <nCl= 30> <al=0.66> <DB=-262705.1252> <Mlp= 4030.2728> <PB=955.1> 
#<DWph=2> <it= 25> <et=0.05> <Mt= 0.01> <Spt= 0.00> <nCl= 24> <al=0.56> <DB=-132566.4306> <Mlp= 2666.2144> <PB=955.1> 
#<DWph=2> <it= 26> <et=0.06> <Mt= 0.00> <Spt= 0.00> <nCl= 29> <al=0.46> <DB=-42179.8892> <Mlp= 2559.1515> <PB=955.1> 
#<DWph=2> <it= 27> <et=0.06> <Mt= 0.00> <Spt= 0.00> <nCl= 30> <al=0.36> <DB=-1736.4529> <Mlp= 2424.4747> <PB=955.1> 
<DWph=2> <it= 28> <et=0.06> <Mt= 0.00> <Spt= 0.01> <nCl= 30> <al=0.26> <DB=-4968.1663> <Mlp= 1772.4252> <PB=955.1> 
<DWph=2> <it= 29> <et=0.06> <Mt= 0.00> <Spt= 0.00> <nCl= 30> <al=0.34> <DB=-3852.2201> <Mlp= 1583.6914> <PB=955.1> 
<DWph=2> <it= 30> <et=0.07> <Mt= 0.00> <Spt= 0.00> <nCl= 30> <al=0.40> <DB=   15.8051> <Mlp= 1392.9076> <PB=955.1> 
<DWph=2> <it= 31> <et=0.07> <Mt= 0.00> <Spt= 0.00> <nCl= 30> <al=0.46> <DB=-3501.0358> <Mlp= 1350.5176> <PB=955.1> 
<DWph=2> <it= 32> <et=0.07> <Mt= 0.00> <Spt= 0.00> <nCl= 30> <al=0.52> <DB= -531.8097> <Mlp= 1259.2446> <PB=955.1> 
<DWph=2> <it= 33> <et=0.07> <Mt= 0.01> <Spt= 0.00> <nCl= 29> <al=0.56> <DB=  505.4608> <Mlp= 1133.2645> <PB=955.1> 
<DWph=2> <it= 34> <et=0.08> <Mt= 0.00> <Spt= 0.00> <nCl= 30> <al=0.61> <DB=  684.8608> <Mlp= 1099.8488> <PB=955.1> 
<DWph=2> <it= 35> <et=0.08> <Mt= 0.00> <Spt= 0.01> <nCl= 30> <al=0.65> <DB=  557.0450> <Mlp= 1035.0168> <PB=955.1> 
<DWph=2> <it= 36> <et=0.08> <Mt= 0.00> <Spt= 0.00> <nCl= 30> <al=0.68> <DB=  650.9137> <Mlp= 1014.8859> <PB=955.1> 
<DWph=2> <it= 37> <et=0.08> <Mt= 0.00> <Spt= 0.00> <nCl= 29> <al=0.71> <DB=  762.1699> <Mlp=  978.5155> <PB=955.1> 
<DWph=2> <it= 38> <et=0.09> <Mt= 0.00> <Spt= 0.00> <nCl= 28> <al=0.61> <DB=  686.8312> <Mlp=  942.7603> <PB=955.1> 
<DWph=2> <it= 39> <et=0.09> <Mt= 0.00> <Spt= 0.00> <nCl= 25> <al=0.65> <DB=  796.6786> <Mlp=  930.0198> <PB=955.1> 
<DWph=2> <it= 40> <et=0.09> <Mt= 0.00> <Spt= 0.00> <nCl= 26> <al=0.69> <DB=  822.7752> <Mlp=  899.5280> <PB=955.1> 
<DWph=2> <it= 41> <et=0.09> <Mt= 0.00> <Spt= 0.01> <nCl= 29> <al=0.72> <DB=  814.1764> <Mlp=  896.9449> <PB=955.1> 
<DWph=2> <it= 42> <et=0.10> <Mt= 0.01> <Spt= 0.00> <nCl= 27> <al=0.62> <DB=  809.3243> <Mlp=  885.9643> <PB=955.1> 
<DWph=2> <it= 43> <et=0.10> <Mt= 0.00> <Spt= 0.00> <nCl= 19> <al=0.66> <DB=  822.0657> <Mlp=  882.1429> <PB=955.1> 
<DWph=2> <it= 44> <et=0.10> <Mt= 0.00> <Spt= 0.00> <nCl= 17> <al=0.69> <DB=  844.2394> <Mlp=  878.8095> <PB=955.1> 
<DWph=2> <it= 45> <et=0.10> <Mt= 0.00> <Spt= 0.00> <nCl= 19> <al=0.59> <DB=  852.2884> <Mlp=  878.8095> <PB=955.1> 
<DWph=2> <it= 46> <et=0.11> <Mt= 0.00> <Spt= 0.00> <nCl= 18> <al=0.63> <DB=  851.5047> <Mlp=  875.7500> <PB=955.1> 
<DWph=2> <it= 47> <et=0.11> <Mt= 0.00> <Spt= 0.00> <nCl= 19> <al=0.53> <DB=  838.1933> <Mlp=  873.7917> <PB=955.1> 
<DWph=2> <it= 48> <et=0.11> <Mt= 0.00> <Spt= 0.00> <nCl=  9> <al=0.58> <DB=  858.8764> <Mlp=  869.3750> <PB=955.1> 
<DWph=2> <it= 49> <et=0.11> <Mt= 0.00> <Spt= 0.01> <nCl=  7> <al=0.62> <DB=  862.8547> <Mlp=  869.3750> <PB=955.1> 
<DWph=2> <it= 50> <et=0.11> <Mt= 0.00> <Spt= 0.00> <nCl= 10> <al=0.52> <DB=  853.4686> <Mlp=  869.3750> <PB=955.1> 
<DWph=2> <it= 51> <et=0.12> <Mt= 0.00> <Spt= 0.00> <nCl= 12> <al=0.00> <DB=  869.0833> <Mlp=  869.0833> <PB=955.1> 
<DWph=1> <it= 52> <et=0.12> <Mt= 0.00> <Spt= 0.00> <nCl= 16> <al=0.47> <DB=  811.1042> <Mlp=  869.0833> <PB=955.1> 
<DWph=1> <it= 53> <et=0.12> <Mt= 0.00> <Spt= 0.01> <nCl= 11> <al=0.52> <DB=  838.8148> <Mlp=  869.0833> <PB=955.1> 
<DWph=1> <it= 54> <et=0.13> <Mt= 0.00> <Spt= 0.00> <nCl= 15> <al=0.42> <DB=  851.3082> <Mlp=  869.0833> <PB=955.1> 
<DWph=1> <it= 55> <et=0.13> <Mt= 0.00> <Spt= 0.00> <nCl= 10> <al=0.32> <DB=  860.6839> <Mlp=  869.0833> <PB=955.1> 
<DWph=1> <it= 56> <et=0.13> <Mt= 0.00> <Spt= 0.00> <nCl=  6> <al=0.39> <DB=  866.7074> <Mlp=  869.0833> <PB=955.1> 
<DWph=1> <it= 57> <et=0.14> <Mt= 0.00> <Spt= 0.01> <nCl=  2> <al=0.00> <DB=  869.0833> <Mlp=  869.0833> <PB=955.1> 
    RCSP exact solver info for graph G_1 : TT = 0.005109, pt = 7e-06, dt = 0.004201, ct = 0.000677, ndl = 2', bdl = 24', odl = 1', odf = 16', bsi = 1', cnt = 8', bdch = 251', odch = 29', lcp = 18', #sols = 150
<DWph=0> <it= 58> <et=0.15> <Mt= 0.01> <Spt= 0.00> <nCl=101> <al=0.19> <DB=  859.4457> <Mlp=  869.0833> <PB=955.1> 
    RCSP exact solver info for graph G_1 : TT = 0.004324, pt = 1.4e-05, dt = 0.003399, ct = 0.00069, ndl = 2', bdl = 25', odl = 1', odf = 16', bsi = 1', cnt = 8', bdch = 266', odch = 30', lcp = 19', #sols = 150
<DWph=0> <it= 59> <et=0.15> <Mt= 0.00> <Spt= 0.01> <nCl= 10> <al=0.09> <DB=  864.0833> <Mlp=  869.0833> <PB=955.1> 
    RCSP exact solver info for graph G_1 : TT = 0.004169, pt = 1.4e-05, dt = 0.003262, ct = 0.000674, ndl = 2', bdl = 25', odl = 1', odf = 16', bsi = 1', cnt = 8', bdch = 258', odch = 29', lcp = 18', #sols = 150
    RCSP exact solver info for graph G_1 : TT = 0.004144, pt = 1.4e-05, dt = 0.003245, ct = 0.000666, ndl = 2', bdl = 24', odl = 1', odf = 16', bsi = 1', cnt = 8', bdch = 257', odch = 29', lcp = 18', #sols = 150
<DWph=0> <it= 60> <et=0.16> <Mt= 0.00> <Spt= 0.01> <nCl= 18> <al=0.00> <DB=  868.0833> <Mlp=  868.0833> <PB=955.1> 
Dynamic params and stats :  aver.obdmd = 23.1944 aver.buck.num. = 26
@@ 1 0 868.083 0.0042035 0.004878 85.4753 0.16
Labels distribution in buckets (bucket size) : largest - 38, top 0.1% - 38, top 0.5% - 34, top 2% - 25, top 10% - 14, top 50% - 3
Reduced cost fixing for graph G_1... 18628 buck. arcs remain (75.9% from prev., 64.9% from max.) + 2118 jump buck. arcs (7.38% from max.)
 TT = 0.039972, pt = 0.00255, dt = 0.023424, ct = 0.013924, ndl = 11', bdl = 174', odl = 4', odf = 69', lpcb = 77', cnt = 352', bdch = 3728', odch = 501', lcp = 341'
Labels distribution in buckets (bucket size) : largest - 68, top 0.1% - 68, top 0.5% - 42, top 2% - 31, top 10% - 15, top 50% - 3
Run forward enumeration with border = 50... not succeeded (ratio 0.506895) lpt = 0.393773, ndl = 148', dl = 254', lpcb = 1574', dch = 3516'
 TT = 0.396665, pt = 0.00199, dt = 0.393773, ct = 0, ndl = 148', bdl = 254', lpcb = 1574', cnt = 3723', bdch = 3516', odch = 0', lcp = 0'
ColGenEvalAlg final dual bound: 868.083 (rounded: 869)
In total 9 RCC cut(s) are found by the connected components heuristic 
Shrinking heuristic shrunk 18 edges
In total 2 RCC cut(s) are found by the Fractional capacity min-cut heuristic 
In total 4 RCC cut(s) are found by the greedy construction heuristic 
----- Add fac. cuts : CAP(15), max.viol = 0.75, aver.viol = 0.544444, sep/add took 0.000807359/0.00584812 sec. -----
1555 columns (1555 active), 15 dyn. constrs. (15 active), 85 art. vars. (85 active)
<DWph=2> <it=  1> <et=0.64> <Mt= 0.00> <Spt= 0.00> <nCl= 24> <al=0.50> <DB=  883.2403> <Mlp=  967.0113> <PB=955.1> 
<DWph=2> <it=  2> <et=0.64> <Mt= 0.00> <Spt= 0.00> <nCl= 21> <al=0.55> <DB=  910.6445> <Mlp=  965.0214> <PB=955.1> 
<DWph=2> <it=  3> <et=0.64> <Mt= 0.00> <Spt= 0.00> <nCl= 24> <al=0.60> <DB=  890.3502> <Mlp=  963.2929> <PB=955.1> 
<DWph=2> <it=  4> <et=0.65> <Mt= 0.01> <Spt= 0.01> <nCl= 16> <al=0.64> <DB=  928.8020> <Mlp=  959.2840> <PB=955.1> 
<DWph=2> <it=  5> <et=0.65> <Mt= 0.00> <Spt= 0.00> <nCl= 14> <al=0.67> <DB=  935.7951> <Mlp=  955.7483> <PB=955.1> 
<DWph=2> <it=  6> <et=0.65> <Mt= 0.00> <Spt= 0.00> <nCl= 23> <al=0.70> <DB=  929.9284> <Mlp=  954.6214> <PB=955.1> 
<DWph=2> <it=  7> <et=0.66> <Mt= 0.00> <Spt= 0.00> <nCl= 11> <al=0.73> <DB=  940.4997> <Mlp=  953.5000> <PB=955.1> 
<DWph=2> <it=  8> <et=0.66> <Mt= 0.00> <Spt= 0.00> <nCl= 14> <al=0.63> <DB=  943.6031> <Mlp=  953.5000> <PB=955.1> 
<DWph=2> <it=  9> <et=0.66> <Mt= 0.00> <Spt= 0.00> <nCl= 17> <al=0.67> <DB=  945.8478> <Mlp=  953.0830> <PB=955.1> 
<DWph=2> <it= 10> <et=0.66> <Mt= 0.01> <Spt= 0.00> <nCl=  9> <al=0.70> <DB=  947.5491> <Mlp=  952.3455> <PB=955.1> 
<DWph=2> <it= 11> <et=0.67> <Mt= 0.00> <Spt= 0.01> <nCl= 22> <al=0.21> <DB=  945.4791> <Mlp=  951.9844> <PB=955.1> 
<DWph=2> <it= 12> <et=0.67> <Mt= 0.00> <Spt= 0.00> <nCl=  5> <al=0.01> <DB=  951.7219> <Mlp=  951.9844> <PB=955.1> 
<DWph=2> <it= 13> <et=0.67> <Mt= 0.00> <Spt= 0.00> <nCl= 13> <al=0.00> <DB=  949.1133> <Mlp=  951.9844> <PB=955.1> 
<DWph=2> <it= 14> <et=0.68> <Mt= 0.00> <Spt= 0.00> <nCl=  6> <al=0.30> <DB=  941.9848> <Mlp=  951.9844> <PB=955.1> 
<DWph=2> <it= 15> <et=0.68> <Mt= 0.00> <Spt= 0.00> <nCl=  0> <al=0.20> <DB=  941.9848> <Mlp=  951.7031> <PB=955.1> 
<DWph=1> <it= 16> <et=0.68> <Mt= 0.00> <Spt= 0.00> <nCl=  6> <al=0.20> <DB=  945.3804> <Mlp=  951.7031> <PB=955.1> 
<DWph=1> <it= 17> <et=0.68> <Mt= 0.00> <Spt= 0.01> <nCl=  7> <al=0.00> <DB=  950.9609> <Mlp=  951.7031> <PB=955.1> 
<DWph=1> <it= 18> <et=0.69> <Mt= 0.00> <Spt= 0.00> <nCl=  6> <al=0.00> <DB=  947.0938> <Mlp=  951.7031> <PB=955.1> 
<DWph=1> <it= 19> <et=0.69> <Mt= 0.00> <Spt= 0.00> <nCl=  2> <al=0.00> <DB=  951.5714> <Mlp=  951.5714> <PB=955.1> 
    RCSP exact solver info for graph G_1 : TT = 0.001697, pt = 7e-06, dt = 0.001237, ct = 0.00026, ndl = 0', bdl = 8', odl = 1', odf = 9', bsi = 0', cnt = 2', bdch = 39', odch = 6', lcp = 3', #sols = 150
<DWph=0> <it= 20> <et=0.70> <Mt= 0.00> <Spt= 0.01> <nCl= 90> <al=0.00> <DB=  946.5714> <Mlp=  951.5714> <PB=955.1> 
    RCSP exact solver info for graph G_1 : TT = 0.00173, pt = 1.3e-05, dt = 0.001246, ct = 0.000257, ndl = 0', bdl = 8', odl = 1', odf = 9', bsi = 0', cnt = 2', bdch = 40', odch = 6', lcp = 3', #sols = 150
    RCSP exact solver info for graph G_1 : TT = 0.001698, pt = 1.3e-05, dt = 0.00122, ct = 0.00025, ndl = 0', bdl = 8', odl = 1', odf = 8', bsi = 0', cnt = 2', bdch = 38', odch = 6', lcp = 3', #sols = 150
<DWph=0> <it= 21> <et=0.70> <Mt= 0.01> <Spt= 0.00> <nCl= 28> <al=0.00> <DB=  951.5714> <Mlp=  951.5714> <PB=955.1> 
Dynamic params and stats :  aver.obdmd = 23.1944 aver.buck.num. = 26
@@ 1 1 951.571 0.00149 0.001503 64.915 0.7
Labels distribution in buckets (bucket size) : largest - 14, top 0.1% - 14, top 0.5% - 10, top 2% - 8, top 10% - 5, top 50% - 1
Reduced cost fixing for graph G_1... 3546 buck. arcs remain (19% from prev., 12.4% from max.) + 1819 jump buck. arcs (6.34% from max.)
 TT = 0.004332, pt = 0.000442, dt = 0.001085, ct = 0.002749, ndl = 1', bdl = 9', odl = 1', odf = 15', lpcb = 21', cnt = 8', bdch = 57', odch = 15', lcp = 5'
Labels distribution in buckets (bucket size) : largest - 14, top 0.1% - 14, top 0.5% - 10, top 2% - 9, top 10% - 5, top 50% - 1
Run forward enumeration with border = 50... succeeded! lpt = 0.002481, ndl = 1', dl = 0', lpcb = 6', dch = 1'
Run enumeration concatenation with time limit 0.3 sec.... succeeded!
Sorting and storing enumerated solutions ... done!
 TT = 0.004267, pt = 0, dt = 0.002481, ct = 0.000583, ndl = 1', bdl = 0', lpcb = 6', cnt = 10', bdch = 1', odch = 0', lcp = 0'
Enumeration succeeded!, number of elem. solutions is 694
Estimating inspection time...     TT = 8.5e-05, performed by inspection with 694 solutions, nbR1C = 0, nbDiscC = 0
Inspection time is low enough. Pricing will be done by inspection.
Added 363 columns in the formulation 
Removed 1550 columns (not in the enumerated set) from the formulation
Regenerated 363 columns with the 'enumerated' flag
<DWph=2> <it= 22> <et=0.73> <Mt= 0.00> <Spt= 0.00> <nCl=  0> <al=0.00> <DB=  952.0000> <Mlp=  952.0000> <PB=955.1> 
<DWph=1> <it= 23> <et=0.73> <Mt= 0.00> <Spt= 0.00> <nCl=  0> <al=0.00> <DB=  952.0000> <Mlp=  952.0000> <PB=955.1> 
    TT = 4.5e-05, performed by inspection with 694 solutions, nbR1C = 0, nbDiscC = 0
    TT = 4.1e-05, performed by inspection with 694 solutions, nbR1C = 0, nbDiscC = 0
<DWph=0> <it= 24> <et=0.73> <Mt= 0.00> <Spt= 0.01> <nCl= 85> <al=0.00> <DB=  952.0000> <Mlp=  952.0000> <PB=955.1> 
Dynamic params and stats :  aver.obdmd = 23.1944 aver.buck.num. = 26
@@ 1 1 952 4.3e-05 4.5e-05 0 0.73
Reduced cost fixing for graph G_1...  took 0 sec., done by inspection with 694 solutions, remains 562 (81%)
Removed 17 columns (not in the enumerated set) from the formulation
ColGenEvalAlg final dual bound: 952 (rounded: 952)
False gap improvement since the last cut separation : 0.966689 (868.083)
Current active cuts : CAP(6,1055)
In total 1 RCC cut(s) are found by the connected components heuristic 
Shrinking heuristic shrunk 13 edges
In total 4 RCC cut(s) are found by the Fractional capacity min-cut heuristic 
In total 3 RCC cut(s) are found by the greedy construction heuristic 
In total 2 RCC cut(s) are found by the global pool greedy search heuristic 
----- Add fac. cuts : CAP(10), max.viol = 0.666667, aver.viol = 0.233333, sep/add took 0.00118089/0.00192869 sec. -----
1986 columns (431 active), 25 dyn. constrs. (16 active), 95 art. vars. (86 active)
#<DWph=2> <it=  1> <et=0.73> <Mt= 0.00> <Spt= 0.00> <nCl=  0> <al=0.00> <DB= 1831.6212> <Mlp= 1831.6212> <PB=955.1> 
 Artificial variables in the solution : decreasing phase of stage 
#<DWph=1> <it=  2> <et=0.73> <Mt= 0.00> <Spt= 0.00> <nCl=  0> <al=0.00> <DB= 1831.6212> <Mlp= 1831.6212> <PB=955.1> 
 Artificial variables in the solution : decreasing phase of stage 
#    TT = 5.2e-05, performed by inspection with 562 solutions, nbR1C = 0, nbDiscC = 0
<DWph=0> <it=  3> <et=0.74> <Mt= 0.00> <Spt= 0.00> <nCl= 79> <al=0.30> <DB=-28850.1212> <Mlp= 1831.6212> <PB=955.1> 
    TT = 5.1e-05, performed by inspection with 562 solutions, nbR1C = 0, nbDiscC = 0
<DWph=0> <it=  4> <et=0.74> <Mt= 0.00> <Spt= 0.00> <nCl= 41> <al=0.20> <DB=-3020.0242> <Mlp=  955.0000> <PB=955> 
    TT = 5e-05, performed by inspection with 562 solutions, nbR1C = 0, nbDiscC = 0
    TT = 5.2e-05, performed by inspection with 562 solutions, nbR1C = 0, nbDiscC = 0
<DWph=0> <it=  5> <et=0.74> <Mt= 0.00> <Spt= 0.00> <nCl= 29> <al=0.00> <DB=  955.0000> <Mlp=  955.0000> <PB=955> 
Dynamic params and stats :  aver.obdmd = 23.1944 aver.buck.num. = 26
@@ 1 2 955 5.125e-05 5.2e-05 0 0.74
ColGenEvalAlg final dual bound: 955 (rounded: 955)
Gap improvement since the last cut separation : 1 (952)
Current active cuts : CAP(4,20700.3)
New model incumbent solution 955, TIME = 0h0m0s75t = 75
************************************************************************************************
Search is finished, global bounds : [ 955 , 955 ], TIME = 0h0m0s75t = 75
************************************************************************************************
955.0
[[20, 7, 9, 23, 1, 26, 18, 3, 33, 6], [34, 27, 24, 28, 4, 14, 22], [13, 32, 2, 19, 11, 5, 30, 15], [8, 31, 25, 21], [17, 29, 10, 16, 12]]
Built-in heuristic is enabled
instance_name solver_name ext_heuristic solution_value solution_time best_lb root_lb root_time nb_branch_and_bound_nodes status
/home/logis/Downloads/VRPSolverEasy/VRPSolverEasy/demos/data/CVRP/B-n35-k5 CLP True 954.9999999044634 0.755191379 955.0 955.0 0.7534966660000001 1 0

