Node memory for rank-1 cuts will be used (7.46269)
~~~~~~~~~~~~~~~~~~~~~~~~~~~~~~~~~~~~~~~~~~~~~~~~~~~~~~~~~~~~~~~~~~~~~~~~~~~~~~~~~~~~~
VRPSolver v0.5.27, 24/02/2023, © Inria Bordeaux, France, vrpsolver.math.u-bordeaux.fr
      Corresponds to the solver by Pessoa, Sadykov, Uchoa and Vanderbeck (2020)
                 Paper: dx.doi.org/10.1007/s10107-020-01523-z
~~~~~~~~~~~~~~~~~~~~~~~~~~~~~~~~~~~~~~~~~~~~~~~~~~~~~~~~~~~~~~~~~~~~~~~~~~~~~~~~~~~~~
   BaPCod v0.77, 15/03/2023, © Inria Bordeaux, France, bapcod.math.u-bordeaux.fr 
           THIS CODE IS PROVIDED AS IS, USE IT AT YOUR OWN RISK
~~~~~~~~~~~~~~~~~~~~~~~~~~~~~~~~~~~~~~~~~~~~~~~~~~~~~~~~~~~~~~~~~~~~~~~~~~~~~~~~~~~~~
Bucket steps were recalculated for graph G_1 : [4]
RCSP solver info : symmetric case is detected for graph G_1! 
Bidirectional border value is initialised to 50
RCSP solver info : number of forw. reachable buckets / buck. strongly connected components is 1143( 93.5352% ) / 943( 82.5022% )
Generating neighbourhoods for rank-1 cuts separation
Building structures for 4- and 5-row rank-1 packing cut separation...done!
Model is built TIME = 0h0m0s1t = 1
************************************************************************************************
**** BaB tree root node
**** Local DB = -1e+12, global bounds : [ -1e+12 , 914.1 ], TIME = 0h0m0s1t = 1
**** 1 open nodes, 0 columns (0 active), 0 dyn. constrs. (0 active), 92 art. vars. (92 active)
************************************************************************************************
#<DWph=2> <it=  1> <et=0.01> <Mt= 0.00> <Spt= 0.00> <nCl= 30> <al=0.00> <DB=-7334187.2000> <Mlp=106401.2400> <PB=914.1> 
#<DWph=2> <it=  2> <et=0.02> <Mt= 0.00> <Spt= 0.00> <nCl= 30> <al=0.10> <DB=-2767867.2634> <Mlp=99782.4457> <PB=914.1> 
#<DWph=2> <it=  3> <et=0.02> <Mt= 0.00> <Spt= 0.01> <nCl= 30> <al=0.45> <DB=-2884701.8448> <Mlp=98984.2920> <PB=914.1> 
#<DWph=2> <it=  4> <et=0.02> <Mt= 0.00> <Spt= 0.00> <nCl= 30> <al=0.51> <DB=-3633385.9786> <Mlp=94687.3594> <PB=914.1> 
#<DWph=2> <it=  5> <et=0.03> <Mt= 0.00> <Spt= 0.00> <nCl= 30> <al=0.55> <DB=-3073114.7122> <Mlp=92968.3172> <PB=914.1> 
#<DWph=2> <it=  6> <et=0.03> <Mt= 0.00> <Spt= 0.00> <nCl= 30> <al=0.60> <DB=-2118749.2548> <Mlp=92643.8742> <PB=914.1> 
#<DWph=2> <it=  7> <et=0.03> <Mt= 0.00> <Spt= 0.01> <nCl= 30> <al=0.50> <DB=-1662976.0521> <Mlp=89533.2272> <PB=914.1> 
#<DWph=2> <it=  8> <et=0.04> <Mt= 0.00> <Spt= 0.00> <nCl= 30> <al=0.40> <DB=-1604415.0513> <Mlp=88021.6863> <PB=914.1> 
#<DWph=2> <it=  9> <et=0.04> <Mt= 0.00> <Spt= 0.00> <nCl= 30> <al=0.46> <DB=-1471572.1366> <Mlp=87422.7122> <PB=914.1> 
#<DWph=2> <it= 10> <et=0.04> <Mt= 0.00> <Spt= 0.00> <nCl= 30> <al=0.51> <DB=-1777410.4670> <Mlp=85792.6531> <PB=914.1> 
#<DWph=2> <it= 11> <et=0.04> <Mt= 0.00> <Spt= 0.01> <nCl= 30> <al=0.56> <DB=-1243068.8854> <Mlp=83420.7352> <PB=914.1> 
#<DWph=2> <it= 12> <et=0.05> <Mt= 0.00> <Spt= 0.00> <nCl= 30> <al=0.61> <DB=-1400068.3154> <Mlp=80731.5347> <PB=914.1> 
#<DWph=2> <it= 13> <et=0.05> <Mt= 0.00> <Spt= 0.00> <nCl= 30> <al=0.65> <DB=-1081207.1966> <Mlp=79485.0652> <PB=914.1> 
#<DWph=2> <it= 14> <et=0.05> <Mt= 0.00> <Spt= 0.00> <nCl= 30> <al=0.68> <DB=-926264.6450> <Mlp=75424.2620> <PB=914.1> 
#<DWph=2> <it= 15> <et=0.05> <Mt= 0.00> <Spt= 0.00> <nCl= 30> <al=0.58> <DB=-922271.5343> <Mlp=72263.4079> <PB=914.1> 
#<DWph=2> <it= 16> <et=0.06> <Mt= 0.00> <Spt= 0.01> <nCl= 30> <al=0.62> <DB=-790200.2449> <Mlp=68059.5616> <PB=914.1> 
#<DWph=2> <it= 17> <et=0.06> <Mt= 0.00> <Spt= 0.00> <nCl= 30> <al=0.52> <DB=-736595.2263> <Mlp=57911.1486> <PB=914.1> 
#<DWph=2> <it= 18> <et=0.06> <Mt= 0.00> <Spt= 0.00> <nCl= 30> <al=0.57> <DB=-663568.0720> <Mlp=52729.6547> <PB=914.1> 
#<DWph=2> <it= 19> <et=0.07> <Mt= 0.00> <Spt= 0.00> <nCl= 30> <al=0.61> <DB=-668677.6412> <Mlp=48569.4903> <PB=914.1> 
#<DWph=2> <it= 20> <et=0.07> <Mt= 0.00> <Spt= 0.01> <nCl= 30> <al=0.65> <DB=-574519.9579> <Mlp=45961.1477> <PB=914.1> 
#<DWph=2> <it= 21> <et=0.07> <Mt= 0.00> <Spt= 0.00> <nCl= 30> <al=0.55> <DB=-498848.2674> <Mlp=38066.1253> <PB=914.1> 
#<DWph=2> <it= 22> <et=0.07> <Mt= 0.00> <Spt= 0.00> <nCl= 30> <al=0.60> <DB=-471166.4750> <Mlp=34474.5118> <PB=914.1> 
#<DWph=2> <it= 23> <et=0.08> <Mt= 0.00> <Spt= 0.00> <nCl= 30> <al=0.64> <DB=-453741.6555> <Mlp=29585.7693> <PB=914.1> 
#<DWph=2> <it= 24> <et=0.08> <Mt= 0.01> <Spt= 0.00> <nCl= 30> <al=0.67> <DB=-397437.9800> <Mlp=12706.3538> <PB=914.1> 
#<DWph=2> <it= 25> <et=0.09> <Mt= 0.00> <Spt= 0.01> <nCl= 30> <al=0.71> <DB=-367961.6493> <Mlp= 6133.4253> <PB=914.1> 
#<DWph=2> <it= 26> <et=0.09> <Mt= 0.00> <Spt= 0.00> <nCl= 28> <al=0.61> <DB=-210037.4979> <Mlp= 2845.3922> <PB=914.1> 
#<DWph=2> <it= 27> <et=0.09> <Mt= 0.00> <Spt= 0.00> <nCl= 22> <al=0.51> <DB=-82873.4017> <Mlp= 2821.6610> <PB=914.1> 
#<DWph=2> <it= 28> <et=0.09> <Mt= 0.00> <Spt= 0.00> <nCl= 28> <al=0.41> <DB=-4762.0469> <Mlp= 2784.8582> <PB=914.1> 
#<DWph=2> <it= 29> <et=0.10> <Mt= 0.00> <Spt= 0.00> <nCl= 30> <al=0.31> <DB=-4149.7501> <Mlp= 2614.2100> <PB=914.1> 
<DWph=2> <it= 30> <et=0.10> <Mt= 0.00> <Spt= 0.01> <nCl= 30> <al=0.38> <DB=-2410.7285> <Mlp= 1738.2337> <PB=914.1> 
<DWph=2> <it= 31> <et=0.11> <Mt= 0.01> <Spt= 0.00> <nCl= 30> <al=0.44> <DB=-4866.3152> <Mlp= 1615.7669> <PB=914.1> 
<DWph=2> <it= 32> <et=0.11> <Mt= 0.00> <Spt= 0.00> <nCl= 30> <al=0.49> <DB=-3982.6065> <Mlp= 1507.2644> <PB=914.1> 
<DWph=2> <it= 33> <et=0.11> <Mt= 0.00> <Spt= 0.00> <nCl= 30> <al=0.54> <DB=-1897.9290> <Mlp= 1397.8860> <PB=914.1> 
<DWph=2> <it= 34> <et=0.12> <Mt= 0.00> <Spt= 0.01> <nCl= 30> <al=0.59> <DB=-1474.2947> <Mlp= 1353.4119> <PB=914.1> 
<DWph=2> <it= 35> <et=0.12> <Mt= 0.00> <Spt= 0.00> <nCl= 30> <al=0.63> <DB=-2763.5441> <Mlp= 1246.1644> <PB=914.1> 
<DWph=2> <it= 36> <et=0.12> <Mt= 0.00> <Spt= 0.00> <nCl= 30> <al=0.67> <DB=-1069.1038> <Mlp= 1190.5952> <PB=914.1> 
<DWph=2> <it= 37> <et=0.13> <Mt= 0.00> <Spt= 0.00> <nCl= 30> <al=0.57> <DB=-2394.8244> <Mlp= 1161.6969> <PB=914.1> 
<DWph=2> <it= 38> <et=0.13> <Mt= 0.01> <Spt= 0.00> <nCl= 30> <al=0.61> <DB=-1395.2952> <Mlp= 1139.2804> <PB=914.1> 
<DWph=2> <it= 39> <et=0.14> <Mt= 0.00> <Spt= 0.01> <nCl= 30> <al=0.65> <DB=-1343.2912> <Mlp= 1087.8907> <PB=914.1> 
<DWph=2> <it= 40> <et=0.14> <Mt= 0.00> <Spt= 0.00> <nCl= 27> <al=0.69> <DB= -188.6298> <Mlp= 1047.8381> <PB=914.1> 
<DWph=2> <it= 41> <et=0.14> <Mt= 0.00> <Spt= 0.00> <nCl= 26> <al=0.72> <DB=  -61.4485> <Mlp= 1018.5334> <PB=914.1> 
<DWph=2> <it= 42> <et=0.15> <Mt= 0.00> <Spt= 0.00> <nCl= 28> <al=0.74> <DB=    2.2676> <Mlp=  996.7605> <PB=914.1> 
<DWph=2> <it= 43> <et=0.15> <Mt= 0.00> <Spt= 0.01> <nCl= 29> <al=0.77> <DB= -102.6147> <Mlp=  967.6978> <PB=914.1> 
<DWph=2> <it= 44> <et=0.16> <Mt= 0.01> <Spt= 0.00> <nCl= 28> <al=0.79> <DB=  -96.4456> <Mlp=  943.3438> <PB=914.1> 
<DWph=2> <it= 45> <et=0.16> <Mt= 0.00> <Spt= 0.00> <nCl= 28> <al=0.69> <DB=  145.2932> <Mlp=  929.2227> <PB=914.1> 
<DWph=2> <it= 46> <et=0.16> <Mt= 0.00> <Spt= 0.00> <nCl= 21> <al=0.59> <DB=  444.6055> <Mlp=  920.3160> <PB=914.1> 
<DWph=2> <it= 47> <et=0.17> <Mt= 0.00> <Spt= 0.00> <nCl= 30> <al=0.49> <DB= -211.0361> <Mlp=  911.2785> <PB=914.1> 
<DWph=2> <it= 48> <et=0.17> <Mt= 0.00> <Spt= 0.01> <nCl= 27> <al=0.54> <DB=  762.9991> <Mlp=  910.6066> <PB=914.1> 
<DWph=2> <it= 49> <et=0.17> <Mt= 0.00> <Spt= 0.00> <nCl= 24> <al=0.44> <DB=  870.7287> <Mlp=  906.6188> <PB=914.1> 
<DWph=2> <it= 50> <et=0.18> <Mt= 0.00> <Spt= 0.00> <nCl= 10> <al=0.50> <DB=  888.0188> <Mlp=  905.2857> <PB=914.1> 
<DWph=2> <it= 51> <et=0.18> <Mt= 0.00> <Spt= 0.00> <nCl=  8> <al=0.40> <DB=  880.9824> <Mlp=  905.2857> <PB=914.1> 
<DWph=2> <it= 52> <et=0.18> <Mt= 0.00> <Spt= 0.01> <nCl=  3> <al=0.46> <DB=  896.7658> <Mlp=  905.0714> <PB=914.1> 
<DWph=2> <it= 53> <et=0.18> <Mt= 0.00> <Spt= 0.00> <nCl=  4> <al=0.51> <DB=  895.2077> <Mlp=  905.0714> <PB=914.1> 
<DWph=2> <it= 54> <et=0.19> <Mt= 0.00> <Spt= 0.00> <nCl= 13> <al=0.00> <DB=  900.1303> <Mlp=  905.0714> <PB=914.1> 
<DWph=2> <it= 55> <et=0.19> <Mt= 0.01> <Spt= 0.01> <nCl= 16> <al=0.00> <DB=  891.0714> <Mlp=  905.0714> <PB=914.1> 
<DWph=2> <it= 56> <et=0.20> <Mt= 0.00> <Spt= 0.00> <nCl=  0> <al=0.00> <DB=  905.0714> <Mlp=  905.0714> <PB=914.1> 
<DWph=1> <it= 57> <et=0.20> <Mt= 0.00> <Spt= 0.00> <nCl= 18> <al=0.11> <DB=  884.0714> <Mlp=  905.0714> <PB=914.1> 
<DWph=1> <it= 58> <et=0.21> <Mt= 0.00> <Spt= 0.01> <nCl=  9> <al=0.01> <DB=  890.9196> <Mlp=  904.9286> <PB=914.1> 
<DWph=1> <it= 59> <et=0.21> <Mt= 0.00> <Spt= 0.00> <nCl=  6> <al=0.11> <DB=  897.9396> <Mlp=  904.9286> <PB=914.1> 
<DWph=1> <it= 60> <et=0.22> <Mt= 0.00> <Spt= 0.01> <nCl=  4> <al=0.20> <DB=  903.4088> <Mlp=  904.7857> <PB=914.1> 
<DWph=1> <it= 61> <et=0.23> <Mt= 0.00> <Spt= 0.00> <nCl=  5> <al=0.00> <DB=  904.7857> <Mlp=  904.7857> <PB=914.1> 
    RCSP exact solver info for graph G_1 : TT = 0.006729, pt = 9e-06, dt = 0.005641, ct = 0.000842, ndl = 2', bdl = 39', odl = 1', odf = 15', bsi = 1', cnt = 6', bdch = 300', odch = 21', lcp = 16', #sols = 150
<DWph=0> <it= 62> <et=0.23> <Mt= 0.00> <Spt= 0.01> <nCl= 82> <al=0.00> <DB=  890.7857> <Mlp=  904.7857> <PB=914.1> 
    RCSP exact solver info for graph G_1 : TT = 0.00544, pt = 1.7e-05, dt = 0.004358, ct = 0.000833, ndl = 2', bdl = 38', odl = 1', odf = 15', bsi = 1', cnt = 6', bdch = 299', odch = 21', lcp = 16', #sols = 150
<DWph=0> <it= 63> <et=0.24> <Mt= 0.00> <Spt= 0.01> <nCl= 16> <al=0.10> <DB=  903.2432> <Mlp=  904.6429> <PB=914.1> 
    RCSP exact solver info for graph G_1 : TT = 0.005442, pt = 1.7e-05, dt = 0.004355, ct = 0.000837, ndl = 2', bdl = 39', odl = 1', odf = 15', bsi = 1', cnt = 6', bdch = 302', odch = 21', lcp = 16', #sols = 150
    RCSP exact solver info for graph G_1 : TT = 0.005293, pt = 1.6e-05, dt = 0.004228, ct = 0.000818, ndl = 2', bdl = 37', odl = 1', odf = 15', bsi = 1', cnt = 6', bdch = 286', odch = 21', lcp = 15', #sols = 150
<DWph=0> <it= 64> <et=0.25> <Mt= 0.00> <Spt= 0.01> <nCl=  6> <al=0.00> <DB=  904.6429> <Mlp=  904.6429> <PB=914.1> 
Dynamic params and stats :  aver.obdmd = 23.3404 aver.buck.num. = 26
@@ 1 0 904.643 0.005478 0.006483 84.906 0.25
Labels distribution in buckets (bucket size) : largest - 37, top 0.1% - 37, top 0.5% - 32, top 2% - 24, top 10% - 11, top 50% - 2
Reduced cost fixing for graph G_1... 4565 buck. arcs remain (10.7% from prev., 9.08% from max.) + 4215 jump buck. arcs (8.39% from max.)
 TT = 0.012118, pt = 0.002749, dt = 0.003945, ct = 0.005344, ndl = 6', bdl = 49', odl = 1', odf = 23', lpcb = 140', cnt = 24', bdch = 540', odch = 54', lcp = 31'
Labels distribution in buckets (bucket size) : largest - 39, top 0.1% - 39, top 0.5% - 36, top 2% - 29, top 10% - 12, top 50% - 2
Run forward enumeration with border = 50... succeeded! lpt = 0.005858, ndl = 2', dl = 0', lpcb = 18', dch = 3'
Run enumeration concatenation with time limit 0.3 sec.... succeeded!
Sorting and storing enumerated solutions ... done!
 TT = 0.011787, pt = 0.001989, dt = 0.005858, ct = 0.001403, ndl = 2', bdl = 0', lpcb = 18', cnt = 27', bdch = 3', odch = 0', lcp = 0'
Enumeration succeeded!, number of elem. solutions is 1875
Estimating inspection time...     TT = 0.000223, performed by inspection with 1875 solutions, nbR1C = 0, nbDiscC = 0
Inspection time is low enough. Pricing will be done by inspection.
Added 341 columns in the formulation 
Removed 1285 columns (not in the enumerated set) from the formulation
Regenerated 341 columns with the 'enumerated' flag
#<DWph=2> <it= 65> <et=0.29> <Mt= 0.00> <Spt= 0.00> <nCl=  0> <al=0.00> <DB= 1101.8434> <Mlp= 1101.8434> <PB=914.1> 
 Artificial variables in the solution : decreasing phase of stage 
#<DWph=1> <it= 66> <et=0.29> <Mt= 0.00> <Spt= 0.00> <nCl=  0> <al=0.00> <DB= 1101.8434> <Mlp= 1101.8434> <PB=914.1> 
 Artificial variables in the solution : decreasing phase of stage 
#    TT = 0.000151, performed by inspection with 1875 solutions, nbR1C = 0, nbDiscC = 0
<DWph=0> <it= 67> <et=0.30> <Mt= 0.00> <Spt= 0.00> <nCl=150> <al=0.30> <DB=-263607.0505> <Mlp= 1101.8434> <PB=914.1> 
    TT = 0.000127, performed by inspection with 1875 solutions, nbR1C = 0, nbDiscC = 0
    TT = 8.7e-05, performed by inspection with 1875 solutions, nbR1C = 0, nbDiscC = 0
<DWph=0> <it= 68> <et=0.30> <Mt= 0.00> <Spt= 0.01> <nCl= 81> <al=0.00> <DB=  883.5898> <Mlp=  908.0078> <PB=914.1> 
    TT = 8.5e-05, performed by inspection with 1875 solutions, nbR1C = 0, nbDiscC = 0
    TT = 8.5e-05, performed by inspection with 1875 solutions, nbR1C = 0, nbDiscC = 0
<DWph=0> <it= 69> <et=0.30> <Mt= 0.00> <Spt= 0.00> <nCl= 18> <al=0.00> <DB=  907.8403> <Mlp=  907.8403> <PB=914.1> 
Dynamic params and stats :  aver.obdmd = 23.3404 aver.buck.num. = 26
@@ 1 0 907.84 0.000107 0.000151 0 0.3
Reduced cost fixing for graph G_1...  took 0 sec., done by inspection with 1875 solutions, remains 576 (30.7%)
Removed 134 columns (not in the enumerated set) from the formulation
ColGenEvalAlg final dual bound: 907.84 (rounded: 908)
In total 2 RCC cut(s) are found by the connected components heuristic 
Shrinking heuristic shrunk 13 edges
In total 19 RCC cut(s) are found by the Fractional capacity min-cut heuristic 
In total 55 RCC cut(s) are found by the greedy construction heuristic 
----- Add fac. cuts : CAP(76), max.viol = 0.712963, aver.viol = 0.192221, sep/add took 0.00493636/0.010803 sec. -----
456 columns (456 active), 76 dyn. constrs. (76 active), 168 art. vars. (168 active)
<DWph=2> <it=  1> <et=0.32> <Mt= 0.01> <Spt= 0.00> <nCl=  0> <al=0.00> <DB=  914.0000> <Mlp=  914.0000> <PB=914> 
<DWph=1> <it=  2> <et=0.32> <Mt= 0.00> <Spt= 0.00> <nCl=  0> <al=0.00> <DB=  914.0000> <Mlp=  914.0000> <PB=914> 
    TT = 5.6e-05, performed by inspection with 576 solutions, nbR1C = 0, nbDiscC = 0
<DWph=0> <it=  3> <et=0.33> <Mt= 0.00> <Spt= 0.00> <nCl= 32> <al=0.30> <DB=  886.0000> <Mlp=  914.0000> <PB=914> 
    TT = 5.2e-05, performed by inspection with 576 solutions, nbR1C = 0, nbDiscC = 0
    TT = 4.8e-05, performed by inspection with 576 solutions, nbR1C = 0, nbDiscC = 0
<DWph=0> <it=  4> <et=0.33> <Mt= 0.00> <Spt= 0.01> <nCl=  6> <al=0.00> <DB=  914.0000> <Mlp=  914.0000> <PB=914> 
Dynamic params and stats :  aver.obdmd = 23.3404 aver.buck.num. = 26
@@ 1 1 914 5.2e-05 5.6e-05 0 0.33
ColGenEvalAlg final dual bound: 914 (rounded: 914)
Gap improvement since the last cut separation : 1 (907.84)
Current active cuts : CAP(7,177.571)
New model incumbent solution 914, TIME = 0h0m0s33t = 33
************************************************************************************************
Search is finished, global bounds : [ 914 , 914 ], TIME = 0h0m0s33t = 33
************************************************************************************************
914.0
[[32, 3, 22, 7, 10, 39, 5, 36], [8, 33, 42, 16, 24, 15, 19], [23], [14, 26, 43, 6, 45, 17, 9], [21, 29, 31, 34, 40, 1, 27, 20, 41, 28], [38, 4, 30, 37, 2, 13], [44, 25, 18, 35, 12, 11]]
Built-in heuristic is enabled
instance_name solver_name ext_heuristic solution_value solution_time best_lb root_lb root_time nb_branch_and_bound_nodes status
/home/logis/Downloads/VRPSolverEasy/VRPSolverEasy/demos/data/CVRP/A-n46-k7 CLP True 914.0 0.335431977 914.0 914.0 0.335210368 1 0

