Node memory for rank-1 cuts will be used (7.4199)
~~~~~~~~~~~~~~~~~~~~~~~~~~~~~~~~~~~~~~~~~~~~~~~~~~~~~~~~~~~~~~~~~~~~~~~~~~~~~~~~~~~~~
VRPSolver v0.5.27, 24/02/2023, © Inria Bordeaux, France, vrpsolver.math.u-bordeaux.fr
      Corresponds to the solver by Pessoa, Sadykov, Uchoa and Vanderbeck (2020)
                 Paper: dx.doi.org/10.1007/s10107-020-01523-z
~~~~~~~~~~~~~~~~~~~~~~~~~~~~~~~~~~~~~~~~~~~~~~~~~~~~~~~~~~~~~~~~~~~~~~~~~~~~~~~~~~~~~
   BaPCod v0.77, 15/03/2023, © Inria Bordeaux, France, bapcod.math.u-bordeaux.fr 
           THIS CODE IS PROVIDED AS IS, USE IT AT YOUR OWN RISK
~~~~~~~~~~~~~~~~~~~~~~~~~~~~~~~~~~~~~~~~~~~~~~~~~~~~~~~~~~~~~~~~~~~~~~~~~~~~~~~~~~~~~
Bucket steps were recalculated for graph G_1 : [4]
RCSP solver info : symmetric case is detected for graph G_1! 
Bidirectional border value is initialised to 50
RCSP solver info : number of forw. reachable buckets / buck. strongly connected components is 1116( 93.311% ) / 991( 88.7993% )
Generating neighbourhoods for rank-1 cuts separation
Building structures for 4- and 5-row rank-1 packing cut separation...done!
Model is built TIME = 0h0m0s1t = 1
************************************************************************************************
**** BaB tree root node
**** Local DB = -1e+12, global bounds : [ -1e+12 , 944.1 ], TIME = 0h0m0s1t = 1
**** 1 open nodes, 0 columns (0 active), 0 dyn. constrs. (0 active), 90 art. vars. (90 active)
************************************************************************************************
#<DWph=2> <it=  1> <et=0.01> <Mt= 0.00> <Spt= 0.00> <nCl= 30> <al=0.00> <DB=-4840313.0400> <Mlp=106494.4800> <PB=944.1> 
#<DWph=2> <it=  2> <et=0.02> <Mt= 0.00> <Spt= 0.00> <nCl= 30> <al=0.55> <DB=-4716745.2720> <Mlp=101824.5200> <PB=944.1> 
#<DWph=2> <it=  3> <et=0.02> <Mt= 0.00> <Spt= 0.00> <nCl= 30> <al=0.45> <DB=-3667194.0629> <Mlp=101735.2900> <PB=944.1> 
#<DWph=2> <it=  4> <et=0.02> <Mt= 0.00> <Spt= 0.00> <nCl= 30> <al=0.51> <DB=-2341366.7485> <Mlp=97926.7476> <PB=944.1> 
#<DWph=2> <it=  5> <et=0.02> <Mt= 0.00> <Spt= 0.01> <nCl= 30> <al=0.55> <DB=-1567765.7078> <Mlp=96316.3013> <PB=944.1> 
#<DWph=2> <it=  6> <et=0.03> <Mt= 0.00> <Spt= 0.00> <nCl= 30> <al=0.60> <DB=-1908699.3840> <Mlp=92021.6590> <PB=944.1> 
#<DWph=2> <it=  7> <et=0.03> <Mt= 0.00> <Spt= 0.00> <nCl= 30> <al=0.64> <DB=-1450619.4771> <Mlp=89933.6989> <PB=944.1> 
#<DWph=2> <it=  8> <et=0.03> <Mt= 0.00> <Spt= 0.00> <nCl= 30> <al=0.68> <DB=-1326079.1635> <Mlp=85726.5846> <PB=944.1> 
#<DWph=2> <it=  9> <et=0.03> <Mt= 0.00> <Spt= 0.01> <nCl= 30> <al=0.58> <DB=-1160723.5124> <Mlp=84304.6234> <PB=944.1> 
#<DWph=2> <it= 10> <et=0.04> <Mt= 0.00> <Spt= 0.00> <nCl= 30> <al=0.62> <DB=-1149263.7987> <Mlp=80638.9497> <PB=944.1> 
#<DWph=2> <it= 11> <et=0.04> <Mt= 0.00> <Spt= 0.00> <nCl= 30> <al=0.66> <DB=-940990.6899> <Mlp=74141.9900> <PB=944.1> 
#<DWph=2> <it= 12> <et=0.04> <Mt= 0.00> <Spt= 0.00> <nCl= 30> <al=0.56> <DB=-843417.2161> <Mlp=73197.1926> <PB=944.1> 
#<DWph=2> <it= 13> <et=0.04> <Mt= 0.00> <Spt= 0.01> <nCl= 30> <al=0.46> <DB=-784271.5674> <Mlp=58573.4345> <PB=944.1> 
#<DWph=2> <it= 14> <et=0.05> <Mt= 0.00> <Spt= 0.00> <nCl= 30> <al=0.51> <DB=-646243.0731> <Mlp=52795.6376> <PB=944.1> 
#<DWph=2> <it= 15> <et=0.05> <Mt= 0.00> <Spt= 0.00> <nCl= 30> <al=0.56> <DB=-556306.0132> <Mlp=46342.4029> <PB=944.1> 
#<DWph=2> <it= 16> <et=0.05> <Mt= 0.00> <Spt= 0.00> <nCl= 30> <al=0.60> <DB=-460616.9021> <Mlp=31828.8814> <PB=944.1> 
#<DWph=2> <it= 17> <et=0.06> <Mt= 0.00> <Spt= 0.00> <nCl= 30> <al=0.64> <DB=-407684.6813> <Mlp=21417.1129> <PB=944.1> 
#<DWph=2> <it= 18> <et=0.06> <Mt= 0.00> <Spt= 0.01> <nCl= 30> <al=0.68> <DB=-377871.8562> <Mlp= 5423.8733> <PB=944.1> 
<DWph=2> <it= 19> <et=0.06> <Mt= 0.00> <Spt= 0.00> <nCl= 19> <al=0.71> <DB=-267803.6193> <Mlp= 1934.2569> <PB=944.1> 
<DWph=2> <it= 20> <et=0.07> <Mt= 0.01> <Spt= 0.00> <nCl= 19> <al=0.61> <DB=-161383.7254> <Mlp= 1858.3059> <PB=944.1> 
<DWph=2> <it= 21> <et=0.07> <Mt= 0.00> <Spt= 0.00> <nCl= 30> <al=0.51> <DB=-82629.0616> <Mlp= 1794.5848> <PB=944.1> 
<DWph=2> <it= 22> <et=0.07> <Mt= 0.00> <Spt= 0.00> <nCl= 30> <al=0.41> <DB=-33333.2520> <Mlp= 1751.5176> <PB=944.1> 
<DWph=2> <it= 23> <et=0.08> <Mt= 0.00> <Spt= 0.01> <nCl= 30> <al=0.31> <DB=-19193.2796> <Mlp= 1698.7819> <PB=944.1> 
<DWph=2> <it= 24> <et=0.08> <Mt= 0.00> <Spt= 0.00> <nCl= 30> <al=0.21> <DB=-14729.2314> <Mlp= 1562.9432> <PB=944.1> 
<DWph=2> <it= 25> <et=0.08> <Mt= 0.00> <Spt= 0.00> <nCl= 30> <al=0.29> <DB=-12253.2590> <Mlp= 1488.3375> <PB=944.1> 
<DWph=2> <it= 26> <et=0.09> <Mt= 0.00> <Spt= 0.00> <nCl= 30> <al=0.36> <DB=-8166.5250> <Mlp= 1427.5546> <PB=944.1> 
<DWph=2> <it= 27> <et=0.09> <Mt= 0.00> <Spt= 0.01> <nCl= 30> <al=0.42> <DB=-6869.8128> <Mlp= 1356.2259> <PB=944.1> 
<DWph=2> <it= 28> <et=0.09> <Mt= 0.00> <Spt= 0.00> <nCl= 30> <al=0.48> <DB=-6024.0806> <Mlp= 1286.5236> <PB=944.1> 
<DWph=2> <it= 29> <et=0.10> <Mt= 0.01> <Spt= 0.00> <nCl= 30> <al=0.53> <DB=-3989.5920> <Mlp= 1231.5669> <PB=944.1> 
<DWph=2> <it= 30> <et=0.10> <Mt= 0.00> <Spt= 0.00> <nCl= 30> <al=0.43> <DB=-4065.6609> <Mlp= 1177.6273> <PB=944.1> 
<DWph=2> <it= 31> <et=0.10> <Mt= 0.00> <Spt= 0.00> <nCl= 30> <al=0.49> <DB=-2338.1688> <Mlp= 1144.5780> <PB=944.1> 
<DWph=2> <it= 32> <et=0.11> <Mt= 0.00> <Spt= 0.01> <nCl= 30> <al=0.39> <DB=-3136.5480> <Mlp= 1094.5048> <PB=944.1> 
<DWph=2> <it= 33> <et=0.11> <Mt= 0.00> <Spt= 0.00> <nCl= 30> <al=0.45> <DB=-2896.2113> <Mlp= 1055.9921> <PB=944.1> 
<DWph=2> <it= 34> <et=0.12> <Mt= 0.00> <Spt= 0.00> <nCl= 30> <al=0.51> <DB=-1485.4268> <Mlp= 1040.9571> <PB=944.1> 
<DWph=2> <it= 35> <et=0.12> <Mt= 0.00> <Spt= 0.00> <nCl= 30> <al=0.56> <DB=-1106.0503> <Mlp= 1011.1188> <PB=944.1> 
<DWph=2> <it= 36> <et=0.12> <Mt= 0.01> <Spt= 0.00> <nCl= 27> <al=0.60> <DB= -626.8109> <Mlp=  979.8770> <PB=944.1> 
<DWph=2> <it= 37> <et=0.13> <Mt= 0.00> <Spt= 0.01> <nCl= 27> <al=0.50> <DB= -320.0417> <Mlp=  965.3681> <PB=944.1> 
<DWph=2> <it= 38> <et=0.13> <Mt= 0.00> <Spt= 0.00> <nCl= 26> <al=0.55> <DB= -142.0079> <Mlp=  953.2649> <PB=944.1> 
<DWph=2> <it= 39> <et=0.13> <Mt= 0.00> <Spt= 0.00> <nCl= 21> <al=0.45> <DB=   68.0312> <Mlp=  949.4589> <PB=944.1> 
<DWph=2> <it= 40> <et=0.14> <Mt= 0.00> <Spt= 0.00> <nCl= 27> <al=0.51> <DB=  434.3780> <Mlp=  944.3762> <PB=944.1> 
<DWph=2> <it= 41> <et=0.14> <Mt= 0.00> <Spt= 0.01> <nCl= 22> <al=0.55> <DB=  333.5874> <Mlp=  940.7755> <PB=944.1> 
<DWph=2> <it= 42> <et=0.14> <Mt= 0.00> <Spt= 0.00> <nCl= 19> <al=0.60> <DB=  532.5006> <Mlp=  932.5774> <PB=944.1> 
<DWph=2> <it= 43> <et=0.14> <Mt= 0.00> <Spt= 0.00> <nCl= 11> <al=0.50> <DB=  756.0150> <Mlp=  929.8171> <PB=944.1> 
<DWph=2> <it= 44> <et=0.15> <Mt= 0.00> <Spt= 0.00> <nCl=  9> <al=0.40> <DB=  845.0907> <Mlp=  928.8861> <PB=944.1> 
<DWph=2> <it= 45> <et=0.15> <Mt= 0.00> <Spt= 0.00> <nCl=  8> <al=0.46> <DB=  824.0432> <Mlp=  928.8861> <PB=944.1> 
<DWph=2> <it= 46> <et=0.15> <Mt= 0.01> <Spt= 0.01> <nCl=  4> <al=0.36> <DB=  897.1724> <Mlp=  928.8861> <PB=944.1> 
<DWph=2> <it= 47> <et=0.16> <Mt= 0.00> <Spt= 0.00> <nCl= 14> <al=0.00> <DB=  793.8861> <Mlp=  928.8861> <PB=944.1> 
<DWph=2> <it= 48> <et=0.16> <Mt= 0.00> <Spt= 0.00> <nCl=  3> <al=0.00> <DB=  928.8861> <Mlp=  928.8861> <PB=944.1> 
<DWph=1> <it= 49> <et=0.17> <Mt= 0.00> <Spt= 0.01> <nCl= 14> <al=0.06> <DB=  706.1281> <Mlp=  928.8861> <PB=944.1> 
<DWph=1> <it= 50> <et=0.17> <Mt= 0.00> <Spt= 0.00> <nCl= 15> <al=0.15> <DB=  838.4005> <Mlp=  928.3125> <PB=944.1> 
<DWph=1> <it= 51> <et=0.17> <Mt= 0.00> <Spt= 0.00> <nCl=  5> <al=0.24> <DB=  839.4029> <Mlp=  928.0057> <PB=944.1> 
<DWph=1> <it= 52> <et=0.18> <Mt= 0.00> <Spt= 0.01> <nCl=  2> <al=0.31> <DB=  899.9573> <Mlp=  927.7000> <PB=944.1> 
<DWph=1> <it= 53> <et=0.18> <Mt= 0.00> <Spt= 0.00> <nCl=  7> <al=0.21> <DB=  834.9697> <Mlp=  927.6877> <PB=944.1> 
<DWph=1> <it= 54> <et=0.19> <Mt= 0.00> <Spt= 0.01> <nCl=  3> <al=0.00> <DB=  927.5621> <Mlp=  927.5621> <PB=944.1> 
    RCSP exact solver info for graph G_1 : TT = 0.006468, pt = 8e-06, dt = 0.005383, ct = 0.000843, ndl = 2', bdl = 39', odl = 1', odf = 13', bsi = 1', cnt = 13', bdch = 301', odch = 25', lcp = 14', #sols = 150
<DWph=0> <it= 55> <et=0.20> <Mt= 0.00> <Spt= 0.01> <nCl= 95> <al=0.01> <DB=  707.9011> <Mlp=  927.5621> <PB=944.1> 
    RCSP exact solver info for graph G_1 : TT = 0.005206, pt = 1.7e-05, dt = 0.004095, ct = 0.000842, ndl = 2', bdl = 38', odl = 1', odf = 13', bsi = 1', cnt = 14', bdch = 292', odch = 24', lcp = 14', #sols = 150
<DWph=0> <it= 56> <et=0.21> <Mt= 0.00> <Spt= 0.00> <nCl= 56> <al=0.11> <DB=  785.2887> <Mlp=  924.6589> <PB=944.1> 
    RCSP exact solver info for graph G_1 : TT = 0.005285, pt = 1.7e-05, dt = 0.004162, ct = 0.000863, ndl = 2', bdl = 39', odl = 1', odf = 13', bsi = 1', cnt = 15', bdch = 302', odch = 25', lcp = 15', #sols = 150
<DWph=0> <it= 57> <et=0.21> <Mt= 0.00> <Spt= 0.01> <nCl= 31> <al=0.20> <DB=  896.4876> <Mlp=  924.5909> <PB=944.1> 
    RCSP exact solver info for graph G_1 : TT = 0.005381, pt = 1.6e-05, dt = 0.004225, ct = 0.000892, ndl = 2', bdl = 39', odl = 1', odf = 14', bsi = 1', cnt = 15', bdch = 306', odch = 26', lcp = 15', #sols = 150
    RCSP exact solver info for graph G_1 : TT = 0.005051, pt = 1.7e-05, dt = 0.003976, ct = 0.000825, ndl = 2', bdl = 37', odl = 1', odf = 13', bsi = 1', cnt = 13', bdch = 277', odch = 24', lcp = 13', #sols = 150
<DWph=0> <it= 58> <et=0.23> <Mt= 0.00> <Spt= 0.01> <nCl= 20> <al=0.00> <DB=  924.5909> <Mlp=  924.5909> <PB=944.1> 
Dynamic params and stats :  aver.obdmd = 23.2826 aver.buck.num. = 26
@@ 1 0 924.591 0.0052212 0.006226 84.7998 0.23
Labels distribution in buckets (bucket size) : largest - 33, top 0.1% - 33, top 0.5% - 30, top 2% - 23, top 10% - 12, top 50% - 1
Reduced cost fixing for graph G_1... 8925 buck. arcs remain (21.9% from prev., 18.6% from max.) + 4908 jump buck. arcs (10.2% from max.)
 TT = 0.016431, pt = 0.00211, dt = 0.006256, ct = 0.007971, ndl = 7', bdl = 50', odl = 1', odf = 30', lpcb = 182', cnt = 79', bdch = 507', odch = 102', lcp = 43'
Labels distribution in buckets (bucket size) : largest - 42, top 0.1% - 42, top 0.5% - 33, top 2% - 25, top 10% - 13, top 50% - 1
Run forward enumeration with border = 50... succeeded! lpt = 0.020824, ndl = 7', dl = 4', lpcb = 103', dch = 26'
Run enumeration concatenation with time limit 0.3 sec.... succeeded!
Sorting and storing enumerated solutions ... done!
 TT = 0.039487, pt = 0.001979, dt = 0.020824, ct = 0.009752, ndl = 7', bdl = 4', lpcb = 103', cnt = 211', bdch = 26', odch = 0', lcp = 0'
Enumeration succeeded!, number of elem. solutions is 4889
Estimating inspection time...     TT = 0.000278, performed by inspection with 4889 solutions, nbR1C = 0, nbDiscC = 0
Inspection time is low enough. Pricing will be done by inspection.
Added 422 columns in the formulation 
Removed 1072 columns (not in the enumerated set) from the formulation
Regenerated 422 columns with the 'enumerated' flag
<DWph=2> <it= 59> <et=0.30> <Mt= 0.00> <Spt= 0.00> <nCl=  0> <al=0.00> <DB=  925.5000> <Mlp=  925.5000> <PB=944.1> 
<DWph=1> <it= 60> <et=0.30> <Mt= 0.00> <Spt= 0.00> <nCl=  0> <al=0.00> <DB=  925.5000> <Mlp=  925.5000> <PB=944.1> 
    TT = 0.000182, performed by inspection with 4889 solutions, nbR1C = 0, nbDiscC = 0
<DWph=0> <it= 61> <et=0.30> <Mt= 0.00> <Spt= 0.00> <nCl= 96> <al=0.30> <DB= -694.5000> <Mlp=  925.5000> <PB=944.1> 
    TT = 0.000168, performed by inspection with 4889 solutions, nbR1C = 0, nbDiscC = 0
    TT = 0.000142, performed by inspection with 4889 solutions, nbR1C = 0, nbDiscC = 0
<DWph=0> <it= 62> <et=0.30> <Mt= 0.00> <Spt= 0.01> <nCl= 25> <al=0.00> <DB=  925.5000> <Mlp=  925.5000> <PB=944.1> 
Dynamic params and stats :  aver.obdmd = 23.2826 aver.buck.num. = 26
@@ 1 0 925.5 0.000164 0.000182 0 0.3
Reduced cost fixing for graph G_1...  took 0 sec., done by inspection with 4889 solutions, remains 2662 (54.4%)
Removed 85 columns (not in the enumerated set) from the formulation
    Full reduced cost fixing is not called (gap ratio is 0.953162)
ColGenEvalAlg final dual bound: 925.5 (rounded: 926)
Shrinking heuristic shrunk 21 edges
In total 14 RCC cut(s) are found by the Fractional capacity min-cut heuristic 
In total 33 RCC cut(s) are found by the greedy construction heuristic 
----- Add fac. cuts : CAP(47), max.viol = 0.75, aver.viol = 0.268822, sep/add took 0.00241757/0.00639048 sec. -----
458 columns (458 active), 47 dyn. constrs. (47 active), 137 art. vars. (137 active)
<DWph=2> <it=  1> <et=0.31> <Mt= 0.01> <Spt= 0.00> <nCl=  0> <al=0.00> <DB=  934.8462> <Mlp=  934.8462> <PB=944.1> 
<DWph=1> <it=  2> <et=0.32> <Mt= 0.00> <Spt= 0.00> <nCl=  0> <al=0.00> <DB=  934.8462> <Mlp=  934.8462> <PB=944.1> 
    TT = 0.000112, performed by inspection with 2662 solutions, nbR1C = 0, nbDiscC = 0
<DWph=0> <it=  3> <et=0.32> <Mt= 0.00> <Spt= 0.00> <nCl= 99> <al=0.30> <DB=  301.3846> <Mlp=  934.8462> <PB=944.1> 
    TT = 0.000103, performed by inspection with 2662 solutions, nbR1C = 0, nbDiscC = 0
<DWph=0> <it=  4> <et=0.32> <Mt= 0.00> <Spt= 0.00> <nCl= 10> <al=0.37> <DB=  699.3236> <Mlp=  933.0338> <PB=944.1> 
    TT = 9.8e-05, performed by inspection with 2662 solutions, nbR1C = 0, nbDiscC = 0
    TT = 9.5e-05, performed by inspection with 2662 solutions, nbR1C = 0, nbDiscC = 0
<DWph=0> <it=  5> <et=0.32> <Mt= 0.00> <Spt= 0.00> <nCl= 11> <al=0.00> <DB=  933.0207> <Mlp=  933.0207> <PB=944.1> 
Dynamic params and stats :  aver.obdmd = 23.2826 aver.buck.num. = 26
@@ 1 1 933.021 0.000102 0.000112 0 0.32
Reduced cost fixing for graph G_1...  took 0 sec., done by inspection with 2662 solutions, remains 963 (36.2%)
Removed 62 columns (not in the enumerated set) from the formulation
ColGenEvalAlg final dual bound: 933.021 (rounded: 934)
Gap improvement since the last cut separation : 0.40434 (925.5)
Current active cuts : CAP(2,154.027)
In total 2 RCC cut(s) are found by the connected components heuristic 
Shrinking heuristic shrunk 14 edges
In total 9 RCC cut(s) are found by the Fractional capacity min-cut heuristic 
In total 21 RCC cut(s) are found by the greedy construction heuristic 
In total 3 RCC cut(s) are found by the global pool greedy search heuristic 
----- Add fac. cuts : CAP(35), max.viol = 0.430052, aver.viol = 0.173501, sep/add took 0.00360423/0.00508386 sec. -----
578 columns (516 active), 82 dyn. constrs. (37 active), 172 art. vars. (127 active)
<DWph=2> <it=  1> <et=0.34> <Mt= 0.00> <Spt= 0.01> <nCl=  0> <al=0.00> <DB=  939.9819> <Mlp=  939.9819> <PB=944.1> 
<DWph=1> <it=  2> <et=0.34> <Mt= 0.00> <Spt= 0.00> <nCl=  0> <al=0.00> <DB=  939.9819> <Mlp=  939.9819> <PB=944.1> 
    TT = 6.5e-05, performed by inspection with 963 solutions, nbR1C = 0, nbDiscC = 0
<DWph=0> <it=  3> <et=0.34> <Mt= 0.00> <Spt= 0.00> <nCl= 62> <al=0.30> <DB=  632.7195> <Mlp=  939.9819> <PB=944.1> 
    TT = 5.8e-05, performed by inspection with 963 solutions, nbR1C = 0, nbDiscC = 0
    TT = 5.7e-05, performed by inspection with 963 solutions, nbR1C = 0, nbDiscC = 0
<DWph=0> <it=  4> <et=0.35> <Mt= 0.00> <Spt= 0.00> <nCl=  3> <al=0.00> <DB=  938.8816> <Mlp=  938.8816> <PB=944.1> 
Dynamic params and stats :  aver.obdmd = 23.2826 aver.buck.num. = 26
@@ 1 2 938.882 6e-05 6.5e-05 0 0.35
Reduced cost fixing for graph G_1...  took 0 sec., done by inspection with 963 solutions, remains 324 (33.6%)
Removed 206 columns (not in the enumerated set) from the formulation
ColGenEvalAlg final dual bound: 938.882 (rounded: 939)
Gap improvement since the last cut separation : 0.528993 (933.021)
Current active cuts : CAP(1+8,276.645)
Shrinking heuristic shrunk 14 edges
In total 6 RCC cut(s) are found by the Fractional capacity min-cut heuristic 
In total 10 RCC cut(s) are found by the greedy construction heuristic 
In total 2 RCC cut(s) are found by the global pool greedy search heuristic 
----- Add fac. cuts : CAP(18), max.viol = 0.2, aver.viol = 0.0830409, sep/add took 0.00389534/0.00241195 sec. -----
579 columns (375 active), 55 dyn. constrs. (28 active), 190 art. vars. (118 active)
<DWph=2> <it=  1> <et=0.36> <Mt= 0.00> <Spt= 0.00> <nCl=  0> <al=0.00> <DB=  939.7907> <Mlp=  939.7907> <PB=944.1> 
<DWph=1> <it=  2> <et=0.36> <Mt= 0.00> <Spt= 0.00> <nCl=  0> <al=0.00> <DB=  939.7907> <Mlp=  939.7907> <PB=944.1> 
    TT = 3.8e-05, performed by inspection with 324 solutions, nbR1C = 0, nbDiscC = 0
<DWph=0> <it=  3> <et=0.36> <Mt= 0.00> <Spt= 0.00> <nCl= 19> <al=0.30> <DB=  835.9535> <Mlp=  939.7907> <PB=944.1> 
    TT = 3.8e-05, performed by inspection with 324 solutions, nbR1C = 0, nbDiscC = 0
    TT = 3.9e-05, performed by inspection with 324 solutions, nbR1C = 0, nbDiscC = 0
<DWph=0> <it=  4> <et=0.36> <Mt= 0.00> <Spt= 0.01> <nCl=  1> <al=0.00> <DB=  939.7874> <Mlp=  939.7874> <PB=944.1> 
Dynamic params and stats :  aver.obdmd = 23.2826 aver.buck.num. = 26
@@ 1 3 939.787 3.83333e-05 3.9e-05 0 0.36
Reduced cost fixing for graph G_1...  took 0 sec., done by inspection with 324 solutions, remains 268 (82.7%)
Removed 55 columns (not in the enumerated set) from the formulation
ColGenEvalAlg final dual bound: 939.787 (rounded: 940)
Gap improvement since the last cut separation : 0.173582 (938.882)
Current active cuts : CAP(1+15,473.702)
Shrinking heuristic shrunk 12 edges
In total 4 RCC cut(s) are found by the Fractional capacity min-cut heuristic 
In total 6 RCC cut(s) are found by the greedy construction heuristic 
In total 1 RCC cut(s) are found by the global pool greedy search heuristic 
----- Add fac. cuts : CAP(11), max.viol = 0.110236, aver.viol = 0.0808876, sep/add took 0.0046072/0.00114587 sec. -----
395 columns (340 active), 39 dyn. constrs. (27 active), 201 art. vars. (117 active)
<DWph=2> <it=  1> <et=0.37> <Mt= 0.00> <Spt= 0.00> <nCl=  0> <al=0.00> <DB=  940.0405> <Mlp=  940.0405> <PB=944.1> 
<DWph=1> <it=  2> <et=0.38> <Mt= 0.00> <Spt= 0.00> <nCl=  0> <al=0.00> <DB=  940.0405> <Mlp=  940.0405> <PB=944.1> 
    TT = 3.5e-05, performed by inspection with 268 solutions, nbR1C = 0, nbDiscC = 0
    TT = 3.5e-05, performed by inspection with 268 solutions, nbR1C = 0, nbDiscC = 0
<DWph=0> <it=  3> <et=0.38> <Mt= 0.00> <Spt= 0.00> <nCl=  1> <al=0.00> <DB=  940.0405> <Mlp=  940.0405> <PB=944.1> 
Dynamic params and stats :  aver.obdmd = 23.2826 aver.buck.num. = 26
@@ 1 4 940.04 3.5e-05 3.5e-05 0 0.38
Reduced cost fixing for graph G_1...  took 0 sec., done by inspection with 268 solutions, remains 236 (88.1%)
Removed 24 columns (not in the enumerated set) from the formulation
    Full reduced cost fixing is not called (gap ratio is 0.939928)
ColGenEvalAlg final dual bound: 940.04 (rounded: 941)
Gap improvement since the last cut separation : 0.0586794 (939.787)
Current active cuts : CAP(2+17,537.526)
Shrinking heuristic shrunk 14 edges
In total 3 RCC cut(s) are found by the greedy construction heuristic 
In total 1 RCC cut(s) are found by the global pool greedy search heuristic 
----- Add fac. cuts : CAP(4), max.viol = 0.0751445, aver.viol = 0.0447977, sep/add took 0.00374433/0.000609949 sec. -----
341 columns (317 active), 31 dyn. constrs. (23 active), 205 art. vars. (113 active)
<DWph=2> <it=  1> <et=0.39> <Mt= 0.01> <Spt= 0.00> <nCl=  0> <al=0.00> <DB=  940.0868> <Mlp=  940.0868> <PB=944.1> 
<DWph=1> <it=  2> <et=0.39> <Mt= 0.00> <Spt= 0.00> <nCl=  0> <al=0.00> <DB=  940.0868> <Mlp=  940.0868> <PB=944.1> 
    TT = 3.3e-05, performed by inspection with 236 solutions, nbR1C = 0, nbDiscC = 0
    TT = 3.2e-05, performed by inspection with 236 solutions, nbR1C = 0, nbDiscC = 0
<DWph=0> <it=  3> <et=0.39> <Mt= 0.00> <Spt= 0.00> <nCl=  0> <al=0.00> <DB=  940.0868> <Mlp=  940.0868> <PB=944.1> 
Dynamic params and stats :  aver.obdmd = 23.2826 aver.buck.num. = 26
@@ 1 5 940.087 3.25e-05 3.3e-05 0 0.39
Reduced cost fixing for graph G_1...  took 0 sec., done by inspection with 236 solutions, remains 234 (99.2%)
Removed 3 columns (not in the enumerated set) from the formulation
    Full reduced cost fixing is not called (gap ratio is 0.928916)
ColGenEvalAlg final dual bound: 940.087 (rounded: 941)
Gap improvement since the last cut separation : 0.0114265 (940.04)
Cut generation tailing off counter increased to 1
Current active cuts : CAP(2+19,556.464)
Shrinking heuristic shrunk 14 edges
In total 2 RCC cut(s) are found by the Fractional capacity min-cut heuristic 
In total 2 RCC cut(s) are found by the global pool greedy search heuristic 
----- Add fac. cuts : CAP(4), max.viol = 0.10794, aver.viol = 0.0707196, sep/add took 0.00374455/0.000300444 sec. -----
317 columns (314 active), 27 dyn. constrs. (25 active), 209 art. vars. (115 active)
<DWph=2> <it=  1> <et=0.40> <Mt= 0.00> <Spt= 0.00> <nCl=  0> <al=0.00> <DB=  940.1379> <Mlp=  940.1379> <PB=944.1> 
<DWph=1> <it=  2> <et=0.40> <Mt= 0.00> <Spt= 0.00> <nCl=  0> <al=0.00> <DB=  940.1379> <Mlp=  940.1379> <PB=944.1> 
    TT = 3.2e-05, performed by inspection with 234 solutions, nbR1C = 0, nbDiscC = 0
    TT = 3.2e-05, performed by inspection with 234 solutions, nbR1C = 0, nbDiscC = 0
<DWph=0> <it=  3> <et=0.40> <Mt= 0.00> <Spt= 0.01> <nCl=  1> <al=0.00> <DB=  940.1379> <Mlp=  940.1379> <PB=944.1> 
Dynamic params and stats :  aver.obdmd = 23.2826 aver.buck.num. = 26
@@ 1 6 940.138 3.2e-05 3.2e-05 0 0.4
Reduced cost fixing for graph G_1...  took 0 sec., done by inspection with 234 solutions, remains 231 (98.7%)
Removed 3 columns (not in the enumerated set) from the formulation
    Full reduced cost fixing is not called (gap ratio is 0.91679)
ColGenEvalAlg final dual bound: 940.138 (rounded: 941)
Gap improvement since the last cut separation : 0.0127287 (940.087)
Cut generation tailing off counter increased to 2
Current active cuts : CAP(2+19,595.034)
Shrinking heuristic shrunk 14 edges
In total 1 RCC cut(s) are found by the greedy construction heuristic 
----- Add fac. cuts : CAP(1), max.viol = 0.0344828, aver.viol = 0.0344828, sep/add took 0.0038396/0.000187938 sec. -----
315 columns (312 active), 26 dyn. constrs. (22 active), 210 art. vars. (112 active)
<DWph=2> <it=  1> <et=0.40> <Mt= 0.00> <Spt= 0.00> <nCl=  0> <al=0.00> <DB=  940.1429> <Mlp=  940.1429> <PB=944.1> 
<DWph=1> <it=  2> <et=0.41> <Mt= 0.00> <Spt= 0.00> <nCl=  0> <al=0.00> <DB=  940.1429> <Mlp=  940.1429> <PB=944.1> 
    TT = 3.3e-05, performed by inspection with 231 solutions, nbR1C = 0, nbDiscC = 0
    TT = 3.1e-05, performed by inspection with 231 solutions, nbR1C = 0, nbDiscC = 0
<DWph=0> <it=  3> <et=0.41> <Mt= 0.00> <Spt= 0.00> <nCl=  0> <al=0.00> <DB=  940.1429> <Mlp=  940.1429> <PB=944.1> 
Dynamic params and stats :  aver.obdmd = 23.2826 aver.buck.num. = 26
@@ 1 7 940.143 3.2e-05 3.3e-05 0 0.41
Reduced cost fixing for graph G_1...  took 0 sec., done by inspection with 231 solutions, remains 228 (98.7%)
Removed 1 columns (not in the enumerated set) from the formulation
    Full reduced cost fixing is not called (gap ratio is 0.915621)
ColGenEvalAlg final dual bound: 940.143 (rounded: 941)
Gap improvement since the last cut separation : 0.00124332 (940.138)
----- Cut separators priority level decreased to 1-----
Current active cuts : CAP(2+20,587.571)
Shrinking heuristic shrunk 14 edges
In total 2 RCC cut(s) are found by the global pool greedy search heuristic 
150 Rank-1 3-rows pack. cuts added ,  max viol. = 0.285714, aver. viol. = 0.0778711
----- Add fac. cuts : CAP(2) R1C(150), max.viol = 0.285714, aver.viol = 0.0769571, sep/add took 0.00432255/0.00721298 sec. -----
312 columns (311 active), 174 dyn. constrs. (174 active), 362 art. vars. (264 active)
<DWph=2> <it=  1> <et=0.42> <Mt= 0.00> <Spt= 0.00> <nCl=  0> <al=0.00> <DB=  944.0000> <Mlp=  944.0000> <PB=944> 
<DWph=1> <it=  2> <et=0.42> <Mt= 0.00> <Spt= 0.00> <nCl=  0> <al=0.00> <DB=  944.0000> <Mlp=  944.0000> <PB=944> 
    TT = 5.4e-05, performed by inspection with 228 solutions, nbR1C = 23, nbDiscC = 0
    TT = 5.7e-05, performed by inspection with 228 solutions, nbR1C = 23, nbDiscC = 0
<DWph=0> <it=  3> <et=0.43> <Mt= 0.00> <Spt= 0.00> <nCl=  7> <al=0.00> <DB=  944.0000> <Mlp=  944.0000> <PB=944> 
Dynamic params and stats :  aver.obdmd = 23.2826 aver.buck.num. = 26 nbR1C = 23 with avMem = 0
@@ 1 8 944 5.55e-05 5.7e-05 0 0.43
ColGenEvalAlg final dual bound: 944 (rounded: 944)
Gap improvement since the last cut separation : 1 (940.143)
Current active cuts : CAP(1+15,600) R1C(23,53) 3rowPackR1C(23)
New model incumbent solution 944, TIME = 0h0m0s43t = 43
************************************************************************************************
Search is finished, global bounds : [ 944 , 944 ], TIME = 0h0m0s43t = 43
************************************************************************************************
944.0
[[29, 43, 13, 7, 28, 23], [12, 39, 36, 42, 4, 16, 22, 9], [26, 27, 37, 24, 6, 1], [32, 20, 5, 21, 33, 41, 8, 10, 3], [18, 17, 11, 40, 30, 19, 34, 44], [14, 35, 31, 38, 2, 25, 15]]
Built-in heuristic is enabled
instance_name solver_name ext_heuristic solution_value solution_time best_lb root_lb root_time nb_branch_and_bound_nodes status
/home/logis/Downloads/VRPSolverEasy/VRPSolverEasy/demos/data/CVRP/A-n45-k6 CLP True 943.9999999999982 0.432976841 944.0 944.0 0.432766042 1 0

