Node memory for rank-1 cuts will be used (7.54386)
~~~~~~~~~~~~~~~~~~~~~~~~~~~~~~~~~~~~~~~~~~~~~~~~~~~~~~~~~~~~~~~~~~~~~~~~~~~~~~~~~~~~~
VRPSolver v0.5.27, 24/02/2023, © Inria Bordeaux, France, vrpsolver.math.u-bordeaux.fr
      Corresponds to the solver by Pessoa, Sadykov, Uchoa and Vanderbeck (2020)
                 Paper: dx.doi.org/10.1007/s10107-020-01523-z
~~~~~~~~~~~~~~~~~~~~~~~~~~~~~~~~~~~~~~~~~~~~~~~~~~~~~~~~~~~~~~~~~~~~~~~~~~~~~~~~~~~~~
   BaPCod v0.77, 15/03/2023, © Inria Bordeaux, France, bapcod.math.u-bordeaux.fr 
           THIS CODE IS PROVIDED AS IS, USE IT AT YOUR OWN RISK
~~~~~~~~~~~~~~~~~~~~~~~~~~~~~~~~~~~~~~~~~~~~~~~~~~~~~~~~~~~~~~~~~~~~~~~~~~~~~~~~~~~~~
Bucket steps were recalculated for graph G_1 : [4]
RCSP solver info : symmetric case is detected for graph G_1! 
Bidirectional border value is initialised to 50
RCSP solver info : number of forw. reachable buckets / buck. strongly connected components is 1088( 92.9915% ) / 963( 88.511% )
Generating neighbourhoods for rank-1 cuts separation
Building structures for 4- and 5-row rank-1 packing cut separation...done!
Model is built TIME = 0h0m0s1t = 1
************************************************************************************************
**** BaB tree root node
**** Local DB = -1e+12, global bounds : [ -1e+12 , 1e+06 ], TIME = 0h0m0s1t = 1
**** 1 open nodes, 0 columns (0 active), 0 dyn. constrs. (0 active), 88 art. vars. (88 active)
************************************************************************************************
#<DWph=2> <it=  1> <et=0.01> <Mt= 0.00> <Spt= 0.00> <nCl= 30> <al=0.00> <DB=-176833960.5581> <Mlp=5134883.7209> <PB=1000000> 
#<DWph=2> <it=  2> <et=0.01> <Mt= 0.00> <Spt= 0.00> <nCl= 30> <al=0.55> <DB=-117859086.1465> <Mlp=4781600.4599> <PB=1000000> 
#<DWph=2> <it=  3> <et=0.02> <Mt= 0.00> <Spt= 0.00> <nCl= 30> <al=0.45> <DB=-104291894.8661> <Mlp=4477834.6021> <PB=1000000> 
#<DWph=2> <it=  4> <et=0.02> <Mt= 0.00> <Spt= 0.00> <nCl= 30> <al=0.35> <DB=-75906738.5337> <Mlp=4455539.2513> <PB=1000000> 
#<DWph=2> <it=  5> <et=0.02> <Mt= 0.00> <Spt= 0.01> <nCl= 30> <al=0.42> <DB=-94192645.6228> <Mlp=4378476.5565> <PB=1000000> 
#<DWph=2> <it=  6> <et=0.02> <Mt= 0.00> <Spt= 0.00> <nCl= 30> <al=0.47> <DB=-55923898.9182> <Mlp=4374645.4844> <PB=1000000> 
#<DWph=2> <it=  7> <et=0.03> <Mt= 0.00> <Spt= 0.00> <nCl= 30> <al=0.53> <DB=-56537215.2322> <Mlp=3696162.8158> <PB=1000000> 
#<DWph=2> <it=  8> <et=0.03> <Mt= 0.00> <Spt= 0.00> <nCl= 30> <al=0.57> <DB=-58037003.5741> <Mlp=3574830.0929> <PB=1000000> 
#<DWph=2> <it=  9> <et=0.03> <Mt= 0.00> <Spt= 0.01> <nCl= 30> <al=0.62> <DB=-55023534.0013> <Mlp=3561344.7781> <PB=1000000> 
#<DWph=2> <it= 10> <et=0.03> <Mt= 0.00> <Spt= 0.00> <nCl= 30> <al=0.65> <DB=-42989616.6631> <Mlp=3505600.3505> <PB=1000000> 
#<DWph=2> <it= 11> <et=0.04> <Mt= 0.00> <Spt= 0.00> <nCl= 30> <al=0.69> <DB=-50587705.2016> <Mlp=3428588.3160> <PB=1000000> 
#<DWph=2> <it= 12> <et=0.04> <Mt= 0.00> <Spt= 0.00> <nCl= 30> <al=0.72> <DB=-45590879.4931> <Mlp=3149601.2297> <PB=1000000> 
#<DWph=2> <it= 13> <et=0.04> <Mt= 0.00> <Spt= 0.00> <nCl= 30> <al=0.62> <DB=-35384865.6296> <Mlp=3040655.5497> <PB=1000000> 
#<DWph=2> <it= 14> <et=0.04> <Mt= 0.00> <Spt= 0.01> <nCl= 30> <al=0.66> <DB=-31742415.2345> <Mlp=2829168.7484> <PB=1000000> 
#<DWph=2> <it= 15> <et=0.05> <Mt= 0.00> <Spt= 0.00> <nCl= 30> <al=0.69> <DB=-31971796.3827> <Mlp=2002895.1221> <PB=1000000> 
#<DWph=2> <it= 16> <et=0.05> <Mt= 0.00> <Spt= 0.00> <nCl= 30> <al=0.72> <DB=-30255592.1870> <Mlp=1802187.3560> <PB=1000000> 
#<DWph=2> <it= 17> <et=0.05> <Mt= 0.00> <Spt= 0.00> <nCl= 30> <al=0.75> <DB=-27751813.5676> <Mlp=1649133.3905> <PB=1000000> 
#<DWph=2> <it= 18> <et=0.05> <Mt= 0.00> <Spt= 0.00> <nCl= 30> <al=0.65> <DB=-26217567.0488> <Mlp=1386315.5582> <PB=1000000> 
#<DWph=2> <it= 19> <et=0.06> <Mt= 0.00> <Spt= 0.01> <nCl= 30> <al=0.69> <DB=-22110960.1457> <Mlp=1017821.3935> <PB=1000000> 
#<DWph=2> <it= 20> <et=0.06> <Mt= 0.00> <Spt= 0.00> <nCl= 30> <al=0.59> <DB=-18579224.7596> <Mlp=815036.9908> <PB=1000000> 
#<DWph=2> <it= 21> <et=0.06> <Mt= 0.00> <Spt= 0.00> <nCl= 30> <al=0.63> <DB=-19010659.4645> <Mlp=312912.2541> <PB=1000000> 
#<DWph=2> <it= 22> <et=0.07> <Mt= 0.01> <Spt= 0.00> <nCl= 30> <al=0.66> <DB=-14172501.6628> <Mlp=21531.9610> <PB=1000000> 
#<DWph=2> <it= 23> <et=0.07> <Mt= 0.00> <Spt= 0.00> <nCl= 15> <al=0.56> <DB=-7106364.9573> <Mlp= 9231.2715> <PB=1000000> 
#<DWph=2> <it= 24> <et=0.07> <Mt= 0.00> <Spt= 0.01> <nCl= 30> <al=0.00> <DB=-319983.5059> <Mlp= 8865.8464> <PB=1000000> 
<DWph=2> <it= 25> <et=0.08> <Mt= 0.00> <Spt= 0.00> <nCl= 30> <al=0.00> <DB=-28699.8530> <Mlp= 1719.7478> <PB=1000000> 
<DWph=2> <it= 26> <et=0.08> <Mt= 0.00> <Spt= 0.00> <nCl= 30> <al=0.26> <DB=-20667.9937> <Mlp= 1636.8980> <PB=1000000> 
<DWph=2> <it= 27> <et=0.08> <Mt= 0.00> <Spt= 0.00> <nCl= 30> <al=0.34> <DB=-15310.0829> <Mlp= 1593.8112> <PB=1000000> 
<DWph=2> <it= 28> <et=0.09> <Mt= 0.00> <Spt= 0.00> <nCl= 30> <al=0.40> <DB=-9413.2143> <Mlp= 1499.9924> <PB=1000000> 
<DWph=2> <it= 29> <et=0.09> <Mt= 0.00> <Spt= 0.01> <nCl= 30> <al=0.30> <DB=-6772.8203> <Mlp= 1454.1767> <PB=1000000> 
<DWph=2> <it= 30> <et=0.09> <Mt= 0.01> <Spt= 0.00> <nCl= 30> <al=0.37> <DB=-6565.5909> <Mlp= 1376.1530> <PB=1000000> 
<DWph=2> <it= 31> <et=0.10> <Mt= 0.00> <Spt= 0.00> <nCl= 30> <al=0.44> <DB=-6010.6571> <Mlp= 1307.7866> <PB=1000000> 
<DWph=2> <it= 32> <et=0.10> <Mt= 0.00> <Spt= 0.00> <nCl= 30> <al=0.49> <DB=-4962.8996> <Mlp= 1240.7326> <PB=1000000> 
<DWph=2> <it= 33> <et=0.11> <Mt= 0.00> <Spt= 0.01> <nCl= 30> <al=0.54> <DB=-3398.5692> <Mlp= 1188.7328> <PB=1000000> 
<DWph=2> <it= 34> <et=0.11> <Mt= 0.00> <Spt= 0.00> <nCl= 30> <al=0.59> <DB=-2661.9258> <Mlp= 1172.8582> <PB=1000000> 
<DWph=2> <it= 35> <et=0.11> <Mt= 0.00> <Spt= 0.00> <nCl= 30> <al=0.63> <DB=-1432.1337> <Mlp= 1114.8104> <PB=1000000> 
<DWph=2> <it= 36> <et=0.12> <Mt= 0.01> <Spt= 0.00> <nCl= 30> <al=0.53> <DB=-1056.3594> <Mlp= 1073.8747> <PB=1000000> 
<DWph=2> <it= 37> <et=0.12> <Mt= 0.00> <Spt= 0.00> <nCl= 30> <al=0.58> <DB= -670.2667> <Mlp= 1031.8204> <PB=1000000> 
<DWph=2> <it= 38> <et=0.12> <Mt= 0.00> <Spt= 0.01> <nCl= 28> <al=0.62> <DB=    3.6644> <Mlp=  992.3078> <PB=1000000> 
<DWph=2> <it= 39> <et=0.13> <Mt= 0.00> <Spt= 0.00> <nCl= 28> <al=0.52> <DB=  849.4510> <Mlp=  973.5491> <PB=1000000> 
<DWph=2> <it= 40> <et=0.13> <Mt= 0.00> <Spt= 0.00> <nCl= 30> <al=0.42> <DB=  498.0774> <Mlp=  959.3855> <PB=1000000> 
<DWph=2> <it= 41> <et=0.13> <Mt= 0.00> <Spt= 0.00> <nCl= 30> <al=0.48> <DB=  557.6965> <Mlp=  948.3063> <PB=1000000> 
<DWph=2> <it= 42> <et=0.14> <Mt= 0.00> <Spt= 0.00> <nCl= 25> <al=0.53> <DB=  859.2682> <Mlp=  944.2621> <PB=1000000> 
<DWph=2> <it= 43> <et=0.14> <Mt= 0.01> <Spt= 0.01> <nCl= 22> <al=0.58> <DB=  892.7672> <Mlp=  942.1074> <PB=1000000> 
<DWph=2> <it= 44> <et=0.14> <Mt= 0.00> <Spt= 0.00> <nCl= 19> <al=0.62> <DB=  795.6098> <Mlp=  939.2164> <PB=1000000> 
<DWph=2> <it= 45> <et=0.15> <Mt= 0.00> <Spt= 0.00> <nCl= 17> <al=0.66> <DB=  882.1861> <Mlp=  933.1268> <PB=1000000> 
<DWph=2> <it= 46> <et=0.15> <Mt= 0.00> <Spt= 0.00> <nCl= 17> <al=0.69> <DB=  895.7527> <Mlp=  931.6090> <PB=1000000> 
<DWph=2> <it= 47> <et=0.15> <Mt= 0.00> <Spt= 0.00> <nCl= 12> <al=0.72> <DB=  899.3295> <Mlp=  931.5617> <PB=1000000> 
<DWph=2> <it= 48> <et=0.16> <Mt= 0.00> <Spt= 0.01> <nCl= 12> <al=0.75> <DB=  907.4646> <Mlp=  931.4833> <PB=1000000> 
<DWph=2> <it= 49> <et=0.16> <Mt= 0.00> <Spt= 0.00> <nCl= 17> <al=0.65> <DB=  911.7504> <Mlp=  930.5455> <PB=1000000> 
<DWph=2> <it= 50> <et=0.16> <Mt= 0.00> <Spt= 0.00> <nCl= 10> <al=0.69> <DB=  917.6691> <Mlp=  930.5455> <PB=1000000> 
<DWph=2> <it= 51> <et=0.16> <Mt= 0.00> <Spt= 0.00> <nCl= 17> <al=0.59> <DB=  915.5281> <Mlp=  930.5455> <PB=1000000> 
<DWph=2> <it= 52> <et=0.17> <Mt= 0.00> <Spt= 0.00> <nCl=  3> <al=0.63> <DB=  919.7052> <Mlp=  930.3636> <PB=1000000> 
<DWph=2> <it= 53> <et=0.17> <Mt= 0.00> <Spt= 0.00> <nCl= 15> <al=0.53> <DB=  892.6245> <Mlp=  930.3636> <PB=1000000> 
<DWph=2> <it= 54> <et=0.17> <Mt= 0.01> <Spt= 0.01> <nCl= 18> <al=0.43> <DB=  914.8346> <Mlp=  930.1538> <PB=1000000> 
<DWph=2> <it= 55> <et=0.18> <Mt= 0.00> <Spt= 0.00> <nCl=  9> <al=0.48> <DB=  921.7251> <Mlp=  930.0952> <PB=1000000> 
<DWph=2> <it= 56> <et=0.18> <Mt= 0.00> <Spt= 0.00> <nCl=  4> <al=0.54> <DB=  917.6254> <Mlp=  930.0913> <PB=1000000> 
<DWph=2> <it= 57> <et=0.18> <Mt= 0.00> <Spt= 0.00> <nCl=  8> <al=0.16> <DB=  924.4330> <Mlp=  930.0913> <PB=1000000> 
<DWph=2> <it= 58> <et=0.19> <Mt= 0.00> <Spt= 0.01> <nCl=  7> <al=0.00> <DB=  929.2370> <Mlp=  929.8593> <PB=1000000> 
<DWph=2> <it= 59> <et=0.19> <Mt= 0.00> <Spt= 0.00> <nCl=  3> <al=0.00> <DB=  929.8593> <Mlp=  929.8593> <PB=1000000> 
<DWph=1> <it= 60> <et=0.20> <Mt= 0.00> <Spt= 0.01> <nCl= 16> <al=0.28> <DB=  909.9778> <Mlp=  929.8593> <PB=1000000> 
<DWph=1> <it= 61> <et=0.20> <Mt= 0.00> <Spt= 0.00> <nCl= 15> <al=0.18> <DB=  917.5428> <Mlp=  929.4724> <PB=1000000> 
<DWph=1> <it= 62> <et=0.20> <Mt= 0.00> <Spt= 0.00> <nCl= 12> <al=0.26> <DB=  785.2776> <Mlp=  927.4817> <PB=1000000> 
<DWph=1> <it= 63> <et=0.21> <Mt= 0.00> <Spt= 0.01> <nCl=  6> <al=0.34> <DB=  923.9259> <Mlp=  927.1763> <PB=1000000> 
<DWph=1> <it= 64> <et=0.22> <Mt= 0.00> <Spt= 0.00> <nCl=  5> <al=0.00> <DB=  927.1763> <Mlp=  927.1763> <PB=1000000> 
    RCSP exact solver info for graph G_1 : TT = 0.00635, pt = 8e-06, dt = 0.005395, ct = 0.000731, ndl = 2', bdl = 39', odl = 2', odf = 14', bsi = 1', cnt = 5', bdch = 307', odch = 22', lcp = 15', #sols = 150
<DWph=0> <it= 65> <et=0.22> <Mt= 0.00> <Spt= 0.01> <nCl= 87> <al=0.14> <DB=  921.1763> <Mlp=  927.1763> <PB=1000000> 
    RCSP exact solver info for graph G_1 : TT = 0.005104, pt = 1.6e-05, dt = 0.004138, ct = 0.000731, ndl = 2', bdl = 39', odl = 2', odf = 14', bsi = 1', cnt = 5', bdch = 300', odch = 22', lcp = 15', #sols = 150
    RCSP exact solver info for graph G_1 : TT = 0.005101, pt = 1.5e-05, dt = 0.004124, ct = 0.000734, ndl = 2', bdl = 39', odl = 2', odf = 14', bsi = 1', cnt = 5', bdch = 300', odch = 22', lcp = 15', #sols = 150
<DWph=0> <it= 66> <et=0.24> <Mt= 0.00> <Spt= 0.01> <nCl= 18> <al=0.00> <DB=  927.1415> <Mlp=  927.1415> <PB=1000000> 
Dynamic params and stats :  aver.obdmd = 23.2 aver.buck.num. = 26
@@ 1 0 927.141 0.00528433 0.006126 85.0085 0.24
Labels distribution in buckets (bucket size) : largest - 27, top 0.1% - 27, top 0.5% - 26, top 2% - 19, top 10% - 11, top 50% - 2
Reduced cost fixing for graph G_1... 36426 buck. arcs remain (93.8% from prev., 79.8% from max.) + 0 jump buck. arcs (0% from max.)
 TT = 0.041888, pt = 0.002212, dt = 0.018318, ct = 0.021262, ndl = 7', bdl = 206', odl = 2', odf = 37', lpcb = 34', cnt = 362', bdch = 2231', odch = 141', lcp = 70'
Labels distribution in buckets (bucket size) : largest - 29, top 0.1% - 29, top 0.5% - 27, top 2% - 21, top 10% - 11, top 50% - 2
Run forward enumeration with border = 50... not succeeded (ratio 0.974759) lpt = 0.005453, ndl = 8', dl = 0', lpcb = 0', dch = 5'
 TT = 0.008139, pt = 0.001845, dt = 0.005453, ct = 0, ndl = 8', bdl = 0', cnt = 21', bdch = 5', odch = 0', lcp = 0'
ColGenEvalAlg final dual bound: 927.141 (rounded: 928)
In total 2 RCC cut(s) are found by the connected components heuristic 
Shrinking heuristic shrunk 12 edges
In total 18 RCC cut(s) are found by the Fractional capacity min-cut heuristic 
In total 129 RCC cut(s) are found by the greedy construction heuristic 
----- Add fac. cuts : CAP(100), max.viol = 0.409756, aver.viol = 0.213463, sep/add took 0.00550839/0.0655973 sec. -----
1605 columns (1605 active), 100 dyn. constrs. (100 active), 188 art. vars. (188 active)
<DWph=2> <it=  1> <et=0.37> <Mt= 0.01> <Spt= 0.01> <nCl=  5> <al=0.50> <DB=  930.3207> <Mlp=  933.5000> <PB=1000000> 
<DWph=2> <it=  2> <et=0.38> <Mt= 0.00> <Spt= 0.00> <nCl= 15> <al=0.40> <DB=  900.2176> <Mlp=  933.5000> <PB=1000000> 
<DWph=2> <it=  3> <et=0.39> <Mt= 0.02> <Spt= 0.00> <nCl=  9> <al=0.46> <DB=  904.7575> <Mlp=  932.5000> <PB=1000000> 
<DWph=2> <it=  4> <et=0.41> <Mt= 0.01> <Spt= 0.00> <nCl=  4> <al=0.51> <DB=  929.5641> <Mlp=  932.5000> <PB=1000000> 
<DWph=2> <it=  5> <et=0.42> <Mt= 0.00> <Spt= 0.01> <nCl= 14> <al=0.13> <DB=  919.6025> <Mlp=  932.5000> <PB=1000000> 
<DWph=2> <it=  6> <et=0.42> <Mt= 0.01> <Spt= 0.00> <nCl=  2> <al=0.46> <DB=  930.9370> <Mlp=  932.5000> <PB=1000000> 
<DWph=2> <it=  7> <et=0.43> <Mt= 0.00> <Spt= 0.00> <nCl=  2> <al=0.52> <DB=  931.8669> <Mlp=  932.5000> <PB=1000000> 
<DWph=2> <it=  8> <et=0.44> <Mt= 0.01> <Spt= 0.01> <nCl=  6> <al=0.42> <DB=  924.1493> <Mlp=  932.5000> <PB=1000000> 
<DWph=2> <it=  9> <et=0.45> <Mt= 0.00> <Spt= 0.00> <nCl=  5> <al=0.00> <DB=  932.5000> <Mlp=  932.5000> <PB=1000000> 
<DWph=1> <it= 10> <et=0.46> <Mt= 0.00> <Spt= 0.01> <nCl= 10> <al=0.00> <DB=  932.5000> <Mlp=  932.5000> <PB=1000000> 
    RCSP exact solver info for graph G_1 : TT = 0.004485, pt = 3.8e-05, dt = 0.003483, ct = 0.000608, ndl = 1', bdl = 29', odl = 2', odf = 15', bsi = 1', cnt = 5', bdch = 194', odch = 19', lcp = 11', #sols = 150
<DWph=0> <it= 11> <et=0.47> <Mt= 0.01> <Spt= 0.01> <nCl= 51> <al=0.27> <DB=  915.3333> <Mlp=  932.5000> <PB=1000000> 
    RCSP exact solver info for graph G_1 : TT = 0.004111, pt = 2.5e-05, dt = 0.003265, ct = 0.000576, ndl = 1', bdl = 28', odl = 2', odf = 14', bsi = 1', cnt = 5', bdch = 186', odch = 18', lcp = 11', #sols = 150
<DWph=0> <it= 12> <et=0.48> <Mt= 0.00> <Spt= 0.01> <nCl= 21> <al=0.17> <DB=  929.5009> <Mlp=  932.5000> <PB=1000000> 
    RCSP exact solver info for graph G_1 : TT = 0.004044, pt = 1.9e-05, dt = 0.003206, ct = 0.00058, ndl = 1', bdl = 28', odl = 2', odf = 14', bsi = 1', cnt = 5', bdch = 186', odch = 18', lcp = 11', #sols = 150
    RCSP exact solver info for graph G_1 : TT = 0.003995, pt = 1.6e-05, dt = 0.003175, ct = 0.000581, ndl = 1', bdl = 28', odl = 2', odf = 14', bsi = 1', cnt = 5', bdch = 185', odch = 18', lcp = 11', #sols = 150
<DWph=0> <it= 13> <et=0.50> <Mt= 0.00> <Spt= 0.01> <nCl=  5> <al=0.00> <DB=  932.5000> <Mlp=  932.5000> <PB=1000000> 
Dynamic params and stats :  aver.obdmd = 23.2 aver.buck.num. = 26
@@ 1 1 932.5 0.0038685 0.004091 79.7661 0.5
    Full reduced cost fixing is not called (gap ratio is 0.999995)
ColGenEvalAlg final dual bound: 932.5 (rounded: 933)
False gap improvement since the last cut separation : 0.0577963 (927.141)
Current active cuts : CAP(11,72.4583)
Shrinking heuristic shrunk 23 edges
In total 1 RCC cut(s) are found by the greedy construction heuristic 
----- Add fac. cuts : CAP(1), max.viol = 0.5, aver.viol = 0.5, sep/add took 0.00101625/0.000738066 sec. -----
1754 columns (1754 active), 101 dyn. constrs. (14 active), 189 art. vars. (102 active)
<DWph=2> <it=  1> <et=0.51> <Mt= 0.01> <Spt= 0.00> <nCl=  4> <al=0.50> <DB=  932.8236> <Mlp=  934.0411> <PB=1000000> 
<DWph=2> <it=  2> <et=0.51> <Mt= 0.00> <Spt= 0.00> <nCl=  7> <al=0.55> <DB=  928.3556> <Mlp=  934.0411> <PB=1000000> 
<DWph=2> <it=  3> <et=0.52> <Mt= 0.00> <Spt= 0.01> <nCl=  2> <al=0.60> <DB=  933.5792> <Mlp=  934.0326> <PB=1000000> 
<DWph=2> <it=  4> <et=0.52> <Mt= 0.00> <Spt= 0.00> <nCl=  9> <al=0.27> <DB=  933.0022> <Mlp=  934.0326> <PB=1000000> 
<DWph=2> <it=  5> <et=0.53> <Mt= 0.00> <Spt= 0.00> <nCl=  4> <al=0.07> <DB=  932.1733> <Mlp=  934.0309> <PB=1000000> 
<DWph=2> <it=  6> <et=0.53> <Mt= 0.00> <Spt= 0.01> <nCl=  4> <al=0.00> <DB=  934.0266> <Mlp=  934.0266> <PB=1000000> 
<DWph=1> <it=  7> <et=0.53> <Mt= 0.00> <Spt= 0.00> <nCl=  6> <al=0.34> <DB=  913.6787> <Mlp=  934.0266> <PB=1000000> 
<DWph=1> <it=  8> <et=0.54> <Mt= 0.01> <Spt= 0.00> <nCl=  5> <al=0.40> <DB=  925.7767> <Mlp=  933.9078> <PB=1000000> 
<DWph=1> <it=  9> <et=0.54> <Mt= 0.00> <Spt= 0.01> <nCl=  1> <al=0.30> <DB=  931.4526> <Mlp=  933.9078> <PB=1000000> 
<DWph=1> <it= 10> <et=0.55> <Mt= 0.00> <Spt= 0.00> <nCl=  1> <al=0.20> <DB=  933.2036> <Mlp=  933.9078> <PB=1000000> 
<DWph=1> <it= 11> <et=0.56> <Mt= 0.00> <Spt= 0.01> <nCl=  1> <al=0.00> <DB=  933.9078> <Mlp=  933.9078> <PB=1000000> 
    RCSP exact solver info for graph G_1 : TT = 0.004037, pt = 8e-06, dt = 0.003238, ct = 0.000568, ndl = 1', bdl = 29', odl = 2', odf = 15', bsi = 1', cnt = 5', bdch = 200', odch = 20', lcp = 11', #sols = 150
<DWph=0> <it= 12> <et=0.56> <Mt= 0.00> <Spt= 0.00> <nCl= 30> <al=0.00> <DB=  923.0248> <Mlp=  933.9078> <PB=1000000> 
    RCSP exact solver info for graph G_1 : TT = 0.003911, pt = 1.5e-05, dt = 0.003126, ct = 0.000545, ndl = 1', bdl = 28', odl = 2', odf = 15', bsi = 1', cnt = 4', bdch = 185', odch = 19', lcp = 10', #sols = 150
<DWph=0> <it= 13> <et=0.57> <Mt= 0.00> <Spt= 0.01> <nCl= 25> <al=0.00> <DB=  931.8333> <Mlp=  933.8333> <PB=1000000> 
    RCSP exact solver info for graph G_1 : TT = 0.003916, pt = 1.4e-05, dt = 0.003131, ct = 0.000548, ndl = 1', bdl = 28', odl = 2', odf = 15', bsi = 1', cnt = 5', bdch = 186', odch = 19', lcp = 10', #sols = 150
    RCSP exact solver info for graph G_1 : TT = 0.003886, pt = 1.4e-05, dt = 0.003108, ct = 0.00054, ndl = 1', bdl = 28', odl = 2', odf = 15', bsi = 1', cnt = 4', bdch = 185', odch = 19', lcp = 10', #sols = 150
<DWph=0> <it= 14> <et=0.58> <Mt= 0.00> <Spt= 0.01> <nCl=  9> <al=0.00> <DB=  933.8293> <Mlp=  933.8293> <PB=1000000> 
Dynamic params and stats :  aver.obdmd = 23.2 aver.buck.num. = 26
@@ 1 2 933.829 0.003701 0.003806 79.7661 0.58
    Full reduced cost fixing is not called (gap ratio is 0.999993)
ColGenEvalAlg final dual bound: 933.829 (rounded: 934)
False gap improvement since the last cut separation : 0.0142549 (932.5)
Cut generation tailing off counter increased to 1
Current active cuts : CAP(10,95.4959)
In total 1 RCC cut(s) are found by the connected components heuristic 
Shrinking heuristic shrunk 11 edges
In total 13 RCC cut(s) are found by the greedy construction heuristic 
In total 12 RCC cut(s) are found by the global pool greedy search heuristic 
----- Add fac. cuts : CAP(26), max.viol = 0.170732, aver.viol = 0.113508, sep/add took 0.00470354/0.0191882 sec. -----
1862 columns (1862 active), 40 dyn. constrs. (40 active), 215 art. vars. (128 active)
<DWph=2> <it=  1> <et=0.64> <Mt= 0.01> <Spt= 0.00> <nCl=  8> <al=0.50> <DB=  933.7358> <Mlp=  935.4258> <PB=1000000> 
<DWph=2> <it=  2> <et=0.64> <Mt= 0.01> <Spt= 0.00> <nCl=  9> <al=0.55> <DB=  932.7829> <Mlp=  935.0000> <PB=1000000> 
<DWph=2> <it=  3> <et=0.65> <Mt= 0.00> <Spt= 0.01> <nCl= 15> <al=0.19> <DB=  921.7980> <Mlp=  935.0000> <PB=1000000> 
<DWph=2> <it=  4> <et=0.66> <Mt= 0.00> <Spt= 0.00> <nCl=  8> <al=0.50> <DB=  932.1911> <Mlp=  934.9758> <PB=1000000> 
<DWph=2> <it=  5> <et=0.66> <Mt= 0.01> <Spt= 0.00> <nCl=  9> <al=0.09> <DB=  925.7428> <Mlp=  934.8333> <PB=1000000> 
<DWph=2> <it=  6> <et=0.67> <Mt= 0.00> <Spt= 0.01> <nCl= 12> <al=0.00> <DB=  930.8333> <Mlp=  934.8333> <PB=1000000> 
<DWph=2> <it=  7> <et=0.68> <Mt= 0.00> <Spt= 0.00> <nCl=  4> <al=0.00> <DB=  934.3333> <Mlp=  934.8333> <PB=1000000> 
<DWph=2> <it=  8> <et=0.69> <Mt= 0.01> <Spt= 0.00> <nCl=  6> <al=0.00> <DB=  934.8333> <Mlp=  934.8333> <PB=1000000> 
<DWph=1> <it=  9> <et=0.69> <Mt= 0.00> <Spt= 0.01> <nCl=  2> <al=0.00> <DB=  934.8333> <Mlp=  934.8333> <PB=1000000> 
    RCSP exact solver info for graph G_1 : TT = 0.003729, pt = 8e-06, dt = 0.002948, ct = 0.000518, ndl = 1', bdl = 26', odl = 2', odf = 15', bsi = 1', cnt = 4', bdch = 166', odch = 19', lcp = 10', #sols = 150
    RCSP exact solver info for graph G_1 : TT = 0.003727, pt = 1.5e-05, dt = 0.002959, ct = 0.00051, ndl = 1', bdl = 26', odl = 2', odf = 15', bsi = 1', cnt = 4', bdch = 166', odch = 19', lcp = 10', #sols = 150
<DWph=0> <it= 10> <et=0.70> <Mt= 0.00> <Spt= 0.01> <nCl= 29> <al=0.00> <DB=  934.8333> <Mlp=  934.8333> <PB=1000000> 
Dynamic params and stats :  aver.obdmd = 23.2 aver.buck.num. = 26
@@ 1 3 934.833 0.0034675 0.003469 79.7661 0.7
    Full reduced cost fixing is not called (gap ratio is 0.999992)
ColGenEvalAlg final dual bound: 934.833 (rounded: 935)
False gap improvement since the last cut separation : 0.0107521 (933.829)
Cut generation tailing off counter increased to 2
Current active cuts : CAP(18,180.529)
Shrinking heuristic shrunk 19 edges
In total 1 RCC cut(s) are found by the greedy construction heuristic 
----- Add fac. cuts : CAP(1), max.viol = 0.0555556, aver.viol = 0.0555556, sep/add took 0.00178829/0.000697199 sec. -----
1964 columns (1964 active), 41 dyn. constrs. (22 active), 216 art. vars. (110 active)
<DWph=2> <it=  1> <et=0.71> <Mt= 0.00> <Spt= 0.00> <nCl=  4> <al=0.00> <DB=  934.9000> <Mlp=  934.9000> <PB=1000000> 
<DWph=1> <it=  2> <et=0.72> <Mt= 0.00> <Spt= 0.01> <nCl=  1> <al=0.00> <DB=  934.9000> <Mlp=  934.9000> <PB=1000000> 
    RCSP exact solver info for graph G_1 : TT = 0.003684, pt = 8e-06, dt = 0.002915, ct = 0.000513, ndl = 1', bdl = 26', odl = 2', odf = 15', bsi = 1', cnt = 5', bdch = 163', odch = 19', lcp = 10', #sols = 150
    RCSP exact solver info for graph G_1 : TT = 0.003679, pt = 1.6e-05, dt = 0.002928, ct = 0.000506, ndl = 1', bdl = 26', odl = 2', odf = 15', bsi = 1', cnt = 5', bdch = 163', odch = 19', lcp = 10', #sols = 150
<DWph=0> <it=  3> <et=0.73> <Mt= 0.00> <Spt= 0.01> <nCl= 13> <al=0.00> <DB=  934.9000> <Mlp=  934.9000> <PB=1000000> 
Dynamic params and stats :  aver.obdmd = 23.2 aver.buck.num. = 26
@@ 1 4 934.9 0.003431 0.003434 79.7661 0.73
    Full reduced cost fixing is not called (gap ratio is 0.999992)
ColGenEvalAlg final dual bound: 934.9 (rounded: 935)
False gap improvement since the last cut separation : 0.00071314 (934.833)
----- Cut separators priority level decreased to 1-----
Current active cuts : CAP(18,174.8)
Shrinking heuristic shrunk 19 edges
1 Rank-1 1-rows pack. cuts added ,  max viol. = 0.5, aver. viol. = 0.5
41 Rank-1 3-rows pack. cuts added ,  max viol. = 0.25, aver. viol. = 0.128049
Building structures for heuristic rank-1 packing cut separation...done!
24 Rank-1 4-rows pack. cuts added ,  max viol. = 0.25, aver. viol. = 0.16875
100 Rank-1 5-rows pack. cuts added ,  max viol. = 0.25, aver. viol. = 0.18875
----- Add fac. cuts : R1C(166), max.viol = 0.5, aver.viol = 0.215663, sep/add took 0.211935/0.0650004 sec. -----
1982 columns (1982 active), 188 dyn. constrs. (187 active), 382 art. vars. (275 active)
<DWph=2> <it=  1> <et=1.03> <Mt= 0.01> <Spt= 0.00> <nCl=  4> <al=0.50> <DB=  933.2000> <Mlp=  937.5000> <PB=1000000> 
<DWph=2> <it=  2> <et=1.03> <Mt= 0.00> <Spt= 0.01> <nCl=  1> <al=0.40> <DB=  935.6200> <Mlp=  937.5000> <PB=1000000> 
<DWph=2> <it=  3> <et=1.04> <Mt= 0.01> <Spt= 0.00> <nCl=  3> <al=0.46> <DB=  936.6352> <Mlp=  937.5000> <PB=1000000> 
<DWph=2> <it=  4> <et=1.05> <Mt= 0.00> <Spt= 0.00> <nCl=  6> <al=0.36> <DB=  933.2129> <Mlp=  937.5000> <PB=1000000> 
<DWph=2> <it=  5> <et=1.06> <Mt= 0.01> <Spt= 0.01> <nCl=  3> <al=0.00> <DB=  936.3467> <Mlp=  937.0000> <PB=937> 
<DWph=2> <it=  6> <et=1.07> <Mt= 0.00> <Spt= 0.00> <nCl=  2> <al=0.00> <DB=  937.0000> <Mlp=  937.0000> <PB=937> 
<DWph=1> <it=  7> <et=1.08> <Mt= 0.00> <Spt= 0.01> <nCl=  3> <al=0.00> <DB=  937.0000> <Mlp=  937.0000> <PB=937> 
    RCSP exact solver info for graph G_1 : TT = 0.009059, pt = 0.000124, dt = 0.007637, ct = 0.001027, ndl = 1', bdl = 29', odl = 2', odf = 16', bsi = 1', cnt = 4', bdch = 195', odch = 24', lcp = 12', #sols = 150
<DWph=0> <it=  8> <et=1.09> <Mt= 0.00> <Spt= 0.02> <nCl= 24> <al=0.12> <DB=  936.9101> <Mlp=  937.0000> <PB=937> 
Dynamic params and stats :  aver.obdmd = 23.2 aver.buck.num. = 26 nbR1C = 15 with avMem = 11.4
@@ 1 5 936.91 0.008664 0.008664 79.7661 1.09
ColGenEvalAlg final dual bound: 936.91 (rounded: 937)
Gap improvement since the last cut separation : 1 (934.9)
Current active cuts : CAP(15,160.389) R1C(1+14,3.64946) 1rowPackR1C(1) 3rowPackR1C(5) 4rowPackR1C(2) 5rowPackR1C(7)
New model incumbent solution 937, TIME = 0h0m1s9t = 109
************************************************************************************************
Search is finished, global bounds : [ 937 , 937 ], TIME = 0h0m1s9t = 109
************************************************************************************************
Built-in heuristic is enabled
instance_name solver_name ext_heuristic solution_value solution_time best_lb root_lb root_time nb_branch_and_bound_nodes status
/home/logis/Downloads/VRPSolverEasy/VRPSolverEasy/demos/data/CVRP/A-n44-k6 CLP False 937.0000000577099 1.098286428 937.0 937.0 1.098061734 1 0

