Node memory for rank-1 cuts will be used (7.56098)
~~~~~~~~~~~~~~~~~~~~~~~~~~~~~~~~~~~~~~~~~~~~~~~~~~~~~~~~~~~~~~~~~~~~~~~~~~~~~~~~~~~~~
VRPSolver v0.5.27, 24/02/2023, © Inria Bordeaux, France, vrpsolver.math.u-bordeaux.fr
      Corresponds to the solver by Pessoa, Sadykov, Uchoa and Vanderbeck (2020)
                 Paper: dx.doi.org/10.1007/s10107-020-01523-z
~~~~~~~~~~~~~~~~~~~~~~~~~~~~~~~~~~~~~~~~~~~~~~~~~~~~~~~~~~~~~~~~~~~~~~~~~~~~~~~~~~~~~
   BaPCod v0.77, 15/03/2023, © Inria Bordeaux, France, bapcod.math.u-bordeaux.fr 
           THIS CODE IS PROVIDED AS IS, USE IT AT YOUR OWN RISK
~~~~~~~~~~~~~~~~~~~~~~~~~~~~~~~~~~~~~~~~~~~~~~~~~~~~~~~~~~~~~~~~~~~~~~~~~~~~~~~~~~~~~
Bucket steps were recalculated for graph G_1 : [4]
RCSP solver info : symmetric case is detected for graph G_1! 
Bidirectional border value is initialised to 50
RCSP solver info : number of forw. reachable buckets / buck. strongly connected components is 793( 92.4242% ) / 643( 81.0845% )
Generating neighbourhoods for rank-1 cuts separation
Building structures for 4- and 5-row rank-1 packing cut separation...done!
Model is built TIME = 0h0m0s0t = 0
************************************************************************************************
**** BaB tree root node
**** Local DB = -1e+12, global bounds : [ -1e+12 , 784.1 ], TIME = 0h0m0s0t = 0
**** 1 open nodes, 0 columns (0 active), 0 dyn. constrs. (0 active), 64 art. vars. (64 active)
************************************************************************************************
#<DWph=2> <it=  1> <et=0.00> <Mt= 0.00> <Spt= 0.00> <nCl= 30> <al=0.00> <DB=-2944153.8400> <Mlp=63041.6400> <PB=784.1> 
#<DWph=2> <it=  2> <et=0.01> <Mt= 0.00> <Spt= 0.00> <nCl= 30> <al=0.55> <DB=-2122617.3635> <Mlp=58932.6954> <PB=784.1> 
#<DWph=2> <it=  3> <et=0.01> <Mt= 0.00> <Spt= 0.00> <nCl= 30> <al=0.45> <DB=-1483054.5073> <Mlp=55406.3040> <PB=784.1> 
#<DWph=2> <it=  4> <et=0.01> <Mt= 0.00> <Spt= 0.00> <nCl= 30> <al=0.35> <DB=-1448727.1487> <Mlp=53722.1384> <PB=784.1> 
#<DWph=2> <it=  5> <et=0.01> <Mt= 0.00> <Spt= 0.00> <nCl= 30> <al=0.42> <DB=-993663.3787> <Mlp=52505.0822> <PB=784.1> 
#<DWph=2> <it=  6> <et=0.01> <Mt= 0.00> <Spt= 0.00> <nCl= 30> <al=0.32> <DB=-1118116.4896> <Mlp=51768.8238> <PB=784.1> 
#<DWph=2> <it=  7> <et=0.01> <Mt= 0.00> <Spt= 0.01> <nCl= 30> <al=0.38> <DB=-1037291.1067> <Mlp=49414.9400> <PB=784.1> 
#<DWph=2> <it=  8> <et=0.02> <Mt= 0.00> <Spt= 0.00> <nCl= 30> <al=0.45> <DB=-740726.2767> <Mlp=47646.1897> <PB=784.1> 
#<DWph=2> <it=  9> <et=0.02> <Mt= 0.00> <Spt= 0.00> <nCl= 30> <al=0.50> <DB=-651410.9940> <Mlp=47171.5594> <PB=784.1> 
#<DWph=2> <it= 10> <et=0.02> <Mt= 0.00> <Spt= 0.00> <nCl= 30> <al=0.40> <DB=-494596.6127> <Mlp=40407.2385> <PB=784.1> 
#<DWph=2> <it= 11> <et=0.02> <Mt= 0.00> <Spt= 0.00> <nCl= 30> <al=0.30> <DB=-409500.7356> <Mlp=35075.5385> <PB=784.1> 
#<DWph=2> <it= 12> <et=0.02> <Mt= 0.00> <Spt= 0.00> <nCl= 30> <al=0.37> <DB=-426148.5500> <Mlp=35034.1566> <PB=784.1> 
#<DWph=2> <it= 13> <et=0.02> <Mt= 0.00> <Spt= 0.00> <nCl= 30> <al=0.43> <DB=-337142.6693> <Mlp=33684.9007> <PB=784.1> 
#<DWph=2> <it= 14> <et=0.02> <Mt= 0.00> <Spt= 0.00> <nCl= 30> <al=0.33> <DB=-402555.9692> <Mlp=21686.5267> <PB=784.1> 
#<DWph=2> <it= 15> <et=0.03> <Mt= 0.00> <Spt= 0.01> <nCl= 30> <al=0.40> <DB=-275577.9706> <Mlp=19934.0706> <PB=784.1> 
#<DWph=2> <it= 16> <et=0.03> <Mt= 0.00> <Spt= 0.00> <nCl= 30> <al=0.46> <DB=-391362.3282> <Mlp= 8849.0791> <PB=784.1> 
#<DWph=2> <it= 17> <et=0.03> <Mt= 0.00> <Spt= 0.00> <nCl= 30> <al=0.51> <DB=-233501.3206> <Mlp= 8331.2062> <PB=784.1> 
#<DWph=2> <it= 18> <et=0.03> <Mt= 0.00> <Spt= 0.00> <nCl= 30> <al=0.41> <DB=-219981.9936> <Mlp= 2584.2706> <PB=784.1> 
#<DWph=2> <it= 19> <et=0.03> <Mt= 0.00> <Spt= 0.00> <nCl= 22> <al=0.47> <DB=-86081.8015> <Mlp= 2257.6462> <PB=784.1> 
#<DWph=2> <it= 20> <et=0.04> <Mt= 0.00> <Spt= 0.00> <nCl= 29> <al=0.37> <DB=-13207.8116> <Mlp= 2252.2965> <PB=784.1> 
#<DWph=2> <it= 21> <et=0.04> <Mt= 0.00> <Spt= 0.00> <nCl= 30> <al=0.27> <DB=-2145.8102> <Mlp= 2195.9251> <PB=784.1> 
<DWph=2> <it= 22> <et=0.04> <Mt= 0.00> <Spt= 0.00> <nCl= 30> <al=0.35> <DB=-11362.1887> <Mlp= 1433.4623> <PB=784.1> 
<DWph=2> <it= 23> <et=0.04> <Mt= 0.00> <Spt= 0.00> <nCl= 30> <al=0.41> <DB=-2094.1236> <Mlp= 1373.9697> <PB=784.1> 
<DWph=2> <it= 24> <et=0.04> <Mt= 0.00> <Spt= 0.01> <nCl= 30> <al=0.47> <DB=-3725.7355> <Mlp= 1232.9874> <PB=784.1> 
<DWph=2> <it= 25> <et=0.05> <Mt= 0.00> <Spt= 0.00> <nCl= 30> <al=0.52> <DB=-3348.4513> <Mlp= 1134.9399> <PB=784.1> 
<DWph=2> <it= 26> <et=0.05> <Mt= 0.00> <Spt= 0.00> <nCl= 30> <al=0.57> <DB= -299.3433> <Mlp= 1099.5761> <PB=784.1> 
<DWph=2> <it= 27> <et=0.05> <Mt= 0.00> <Spt= 0.00> <nCl= 29> <al=0.61> <DB=  430.0159> <Mlp= 1077.3548> <PB=784.1> 
<DWph=2> <it= 28> <et=0.05> <Mt= 0.01> <Spt= 0.00> <nCl= 30> <al=0.51> <DB=  -60.8770> <Mlp= 1011.1575> <PB=784.1> 
<DWph=2> <it= 29> <et=0.05> <Mt= 0.00> <Spt= 0.00> <nCl= 30> <al=0.56> <DB=  113.3329> <Mlp=  975.1493> <PB=784.1> 
<DWph=2> <it= 30> <et=0.05> <Mt= 0.00> <Spt= 0.00> <nCl= 29> <al=0.61> <DB=  606.4458> <Mlp=  961.5849> <PB=784.1> 
<DWph=2> <it= 31> <et=0.06> <Mt= 0.00> <Spt= 0.01> <nCl= 30> <al=0.65> <DB= -686.6226> <Mlp=  868.3789> <PB=784.1> 
<DWph=2> <it= 32> <et=0.06> <Mt= 0.00> <Spt= 0.00> <nCl= 25> <al=0.68> <DB=  670.1739> <Mlp=  837.9878> <PB=784.1> 
<DWph=2> <it= 33> <et=0.06> <Mt= 0.00> <Spt= 0.00> <nCl= 28> <al=0.71> <DB=  632.6965> <Mlp=  821.0556> <PB=784.1> 
<DWph=2> <it= 34> <et=0.06> <Mt= 0.00> <Spt= 0.00> <nCl= 16> <al=0.74> <DB=  703.0350> <Mlp=  797.2716> <PB=784.1> 
<DWph=2> <it= 35> <et=0.06> <Mt= 0.00> <Spt= 0.00> <nCl= 28> <al=0.64> <DB=  711.4984> <Mlp=  795.4042> <PB=784.1> 
<DWph=2> <it= 36> <et=0.07> <Mt= 0.00> <Spt= 0.00> <nCl= 20> <al=0.68> <DB=  718.7972> <Mlp=  784.8000> <PB=784.1> 
<DWph=2> <it= 37> <et=0.07> <Mt= 0.00> <Spt= 0.00> <nCl= 16> <al=0.71> <DB=  745.8451> <Mlp=  780.8125> <PB=784.1> 
<DWph=2> <it= 38> <et=0.07> <Mt= 0.00> <Spt= 0.00> <nCl= 21> <al=0.61> <DB=  748.0959> <Mlp=  779.7000> <PB=784.1> 
<DWph=2> <it= 39> <et=0.07> <Mt= 0.00> <Spt= 0.01> <nCl= 17> <al=0.51> <DB=  744.5975> <Mlp=  776.5455> <PB=784.1> 
<DWph=2> <it= 40> <et=0.07> <Mt= 0.00> <Spt= 0.00> <nCl= 10> <al=0.56> <DB=  754.0853> <Mlp=  774.3333> <PB=784.1> 
<DWph=2> <it= 41> <et=0.07> <Mt= 0.00> <Spt= 0.00> <nCl= 11> <al=0.46> <DB=  752.5083> <Mlp=  773.3333> <PB=784.1> 
<DWph=2> <it= 42> <et=0.07> <Mt= 0.00> <Spt= 0.00> <nCl=  6> <al=0.36> <DB=  759.7017> <Mlp=  772.6000> <PB=784.1> 
<DWph=2> <it= 43> <et=0.08> <Mt= 0.00> <Spt= 0.00> <nCl= 10> <al=0.26> <DB=  753.3427> <Mlp=  772.6000> <PB=784.1> 
<DWph=2> <it= 44> <et=0.08> <Mt= 0.00> <Spt= 0.00> <nCl=  8> <al=0.33> <DB=  728.3080> <Mlp=  772.6000> <PB=784.1> 
<DWph=2> <it= 45> <et=0.08> <Mt= 0.00> <Spt= 0.00> <nCl= 12> <al=0.23> <DB=  746.3425> <Mlp=  770.9375> <PB=784.1> 
<DWph=2> <it= 46> <et=0.08> <Mt= 0.00> <Spt= 0.00> <nCl= 16> <al=0.00> <DB=  765.9375> <Mlp=  770.9375> <PB=784.1> 
<DWph=2> <it= 47> <et=0.08> <Mt= 0.00> <Spt= 0.01> <nCl=  7> <al=0.00> <DB=  770.8824> <Mlp=  770.8824> <PB=784.1> 
<DWph=1> <it= 48> <et=0.09> <Mt= 0.00> <Spt= 0.00> <nCl= 10> <al=0.11> <DB=  746.4706> <Mlp=  770.8824> <PB=784.1> 
<DWph=1> <it= 49> <et=0.09> <Mt= 0.00> <Spt= 0.00> <nCl=  2> <al=0.20> <DB=  760.2079> <Mlp=  770.8481> <PB=784.1> 
<DWph=1> <it= 50> <et=0.09> <Mt= 0.00> <Spt= 0.00> <nCl=  7> <al=0.10> <DB=  760.1307> <Mlp=  770.5000> <PB=784.1> 
<DWph=1> <it= 51> <et=0.10> <Mt= 0.00> <Spt= 0.01> <nCl=  1> <al=0.00> <DB=  770.5000> <Mlp=  770.5000> <PB=784.1> 
    RCSP exact solver info for graph G_1 : TT = 0.002644, pt = 7e-06, dt = 0.002123, ct = 0.000309, ndl = 1', bdl = 12', odl = 1', odf = 9', bsi = 1', cnt = 2', bdch = 75', odch = 11', lcp = 8', #sols = 150
<DWph=0> <it= 52> <et=0.10> <Mt= 0.01> <Spt= 0.00> <nCl=100> <al=0.09> <DB=  766.5897> <Mlp=  770.5000> <PB=784.1> 
    RCSP exact solver info for graph G_1 : TT = 0.002186, pt = 1.4e-05, dt = 0.001664, ct = 0.000298, ndl = 1', bdl = 12', odl = 1', odf = 9', bsi = 1', cnt = 1', bdch = 73', odch = 10', lcp = 8', #sols = 150
<DWph=0> <it= 53> <et=0.10> <Mt= 0.00> <Spt= 0.00> <nCl=  6> <al=0.00> <DB=  770.2857> <Mlp=  770.2857> <PB=784.1> 
Dynamic params and stats :  aver.obdmd = 23.0606 aver.buck.num. = 26
@@ 1 0 770.286 0.002197 0.002432 85.1453 0.1
Labels distribution in buckets (bucket size) : largest - 22, top 0.1% - 22, top 0.5% - 22, top 2% - 16, top 10% - 7, top 50% - 1
Reduced cost fixing for graph G_1... 3334 buck. arcs remain (16.5% from prev., 14% from max.) + 2323 jump buck. arcs (9.77% from max.)
 TT = 0.005398, pt = 0.000706, dt = 0.00161, ct = 0.003025, ndl = 2', bdl = 13', odl = 1', odf = 13', lpcb = 39', cnt = 11', bdch = 103', odch = 22', lcp = 11'
Labels distribution in buckets (bucket size) : largest - 28, top 0.1% - 28, top 0.5% - 25, top 2% - 18, top 10% - 8, top 50% - 1
Run forward enumeration with border = 50... succeeded! lpt = 0.004058, ndl = 1', dl = 0', lpcb = 10', dch = 2'
Run enumeration concatenation with time limit 0.3 sec.... succeeded!
Sorting and storing enumerated solutions ... done!
 TT = 0.008257, pt = 0.001906, dt = 0.004058, ct = 0.000713, ndl = 1', bdl = 0', lpcb = 10', cnt = 9', bdch = 2', odch = 0', lcp = 0'
Enumeration succeeded!, number of elem. solutions is 930
Estimating inspection time...     TT = 7.7e-05, performed by inspection with 930 solutions, nbR1C = 0, nbDiscC = 0
Inspection time is low enough. Pricing will be done by inspection.
Added 257 columns in the formulation 
Removed 1039 columns (not in the enumerated set) from the formulation
Regenerated 257 columns with the 'enumerated' flag
Added 845 columns in the formulation 
ColGenEvalAlg final dual bound: 770.286 (rounded: 771)
----- Terminating the node by MIP -----
Version identifier: 20.1.0.0 | 2020-11-10 | 9bedb6d68
CPXPARAM_Advance                                 0
CPXPARAM_Threads                                 1
CPXPARAM_MIP_Limits_Nodes                        2000000
CPXPARAM_Simplex_Tolerances_Optimality           9.9999999999999995e-08
CPXPARAM_Simplex_Tolerances_Feasibility          9.9999999999999995e-08
CPXPARAM_TimeLimit                               1763.8627999999999
CPXPARAM_MIP_Tolerances_UpperCutoff              784.000001
CPXPARAM_MIP_Tolerances_MIPGap                   1.0000000000000001e-09
Tried aggregator 1 time.
MIP Presolve eliminated 4 rows and 829 columns.
MIP Presolve modified 987 coefficients.
Reduced MIP has 29 rows, 273 columns, and 2179 nonzeros.
Reduced MIP has 273 binaries, 0 generals, 0 SOSs, and 0 indicators.
Presolve time = 0.01 sec. (9.35 ticks)
Probing fixed 206 vars, tightened 0 bounds.
Probing time = 0.00 sec. (2.02 ticks)
Tried aggregator 1 time.
MIP Presolve eliminated 11 rows and 210 columns.
MIP Presolve modified 21 coefficients.
Reduced MIP has 18 rows, 63 columns, and 233 nonzeros.
Reduced MIP has 63 binaries, 0 generals, 0 SOSs, and 0 indicators.
Presolve time = 0.00 sec. (0.42 ticks)
Probing time = 0.00 sec. (0.15 ticks)
Tried aggregator 1 time.
Detecting symmetries...
Reduced MIP has 18 rows, 63 columns, and 233 nonzeros.
Reduced MIP has 63 binaries, 0 generals, 0 SOSs, and 0 indicators.
Presolve time = 0.00 sec. (0.17 ticks)
Probing time = 0.00 sec. (0.15 ticks)
Clique table members: 143.
MIP emphasis: balance optimality and feasibility.
MIP search method: dynamic search.
Parallel mode: none, using 1 thread.
Root relaxation solution time = 0.00 sec. (0.09 ticks)

        Nodes                                         Cuts/
   Node  Left     Objective  IInf  Best Integer    Best Bound    ItCnt     Gap

*     0     0      integral     0      784.0000      784.0000       30    0.00%
Elapsed time = 0.01 sec. (13.36 ticks, tree = 0.00 MB, solutions = 1)

Root node processing (before b&c):
  Real time             =    0.01 sec. (13.39 ticks)
Sequential b&c:
  Real time             =    0.00 sec. (0.00 ticks)
                          ------------
Total (root+branch&cut) =    0.01 sec. (13.39 ticks)
Solution status = Optimum
New model incumbent solution 784, TIME = 0h0m0s15t = 15
************************************************************************************************
Search is finished, global bounds : [ 784 , 784 ], TIME = 0h0m0s15t = 15
************************************************************************************************
Built-in heuristic is disabled
instance_name solver_name ext_heuristic solution_value solution_time best_lb root_lb root_time nb_branch_and_bound_nodes status
/home/logis/Downloads/VRPSolverEasy/VRPSolverEasy/demos/data/CVRP/A-n32-k5 CPLEX False 784.0 0.154802975 784.0 784.0 0.154620506 1 0

