Node memory for rank-1 cuts will be used (9.53757)
~~~~~~~~~~~~~~~~~~~~~~~~~~~~~~~~~~~~~~~~~~~~~~~~~~~~~~~~~~~~~~~~~~~~~~~~~~~~~~~~~~~~~
VRPSolver v0.5.27, 24/02/2023, © Inria Bordeaux, France, vrpsolver.math.u-bordeaux.fr
      Corresponds to the solver by Pessoa, Sadykov, Uchoa and Vanderbeck (2020)
                 Paper: dx.doi.org/10.1007/s10107-020-01523-z
~~~~~~~~~~~~~~~~~~~~~~~~~~~~~~~~~~~~~~~~~~~~~~~~~~~~~~~~~~~~~~~~~~~~~~~~~~~~~~~~~~~~~
   BaPCod v0.77, 15/03/2023, © Inria Bordeaux, France, bapcod.math.u-bordeaux.fr 
           THIS CODE IS PROVIDED AS IS, USE IT AT YOUR OWN RISK
~~~~~~~~~~~~~~~~~~~~~~~~~~~~~~~~~~~~~~~~~~~~~~~~~~~~~~~~~~~~~~~~~~~~~~~~~~~~~~~~~~~~~
Bucket steps were recalculated for graph G_1 : [6]
RCSP solver info : symmetric case is detected for graph G_1! 
Bidirectional border value is initialised to 75
RCSP solver info : number of forw. reachable buckets / buck. strongly connected components is 1136( 94.9833% ) / 936( 82.3944% )
Generating neighbourhoods for rank-1 cuts separation
Building structures for 4- and 5-row rank-1 packing cut separation...done!
Model is built TIME = 0h0m0s1t = 1
************************************************************************************************
**** BaB tree root node
**** Local DB = -1e+12, global bounds : [ -1e+12 , 510.1 ], TIME = 0h0m0s1t = 1
**** 1 open nodes, 0 columns (0 active), 0 dyn. constrs. (0 active), 90 art. vars. (90 active)
************************************************************************************************
#<DWph=2> <it=  1> <et=0.01> <Mt= 0.00> <Spt= 0.00> <nCl= 30> <al=0.00> <DB=-1944083.0400> <Mlp=56927.1600> <PB=510.1> 
#<DWph=2> <it=  2> <et=0.01> <Mt= 0.00> <Spt= 0.00> <nCl= 30> <al=0.55> <DB=-1230099.8235> <Mlp=54339.8300> <PB=510.1> 
#<DWph=2> <it=  3> <et=0.02> <Mt= 0.00> <Spt= 0.00> <nCl= 30> <al=0.45> <DB=-1119859.5055> <Mlp=51510.9004> <PB=510.1> 
#<DWph=2> <it=  4> <et=0.02> <Mt= 0.00> <Spt= 0.00> <nCl= 30> <al=0.51> <DB=-840683.7899> <Mlp=49008.0600> <PB=510.1> 
#<DWph=2> <it=  5> <et=0.02> <Mt= 0.00> <Spt= 0.01> <nCl= 30> <al=0.41> <DB=-956160.8445> <Mlp=47556.8029> <PB=510.1> 
#<DWph=2> <it=  6> <et=0.02> <Mt= 0.00> <Spt= 0.00> <nCl= 30> <al=0.46> <DB=-929932.6096> <Mlp=44584.3065> <PB=510.1> 
#<DWph=2> <it=  7> <et=0.03> <Mt= 0.00> <Spt= 0.00> <nCl= 30> <al=0.52> <DB=-768141.0225> <Mlp=42765.0026> <PB=510.1> 
#<DWph=2> <it=  8> <et=0.03> <Mt= 0.00> <Spt= 0.00> <nCl= 30> <al=0.57> <DB=-706963.9874> <Mlp=42426.2786> <PB=510.1> 
#<DWph=2> <it=  9> <et=0.03> <Mt= 0.00> <Spt= 0.01> <nCl= 30> <al=0.61> <DB=-683995.7153> <Mlp=38586.8636> <PB=510.1> 
#<DWph=2> <it= 10> <et=0.04> <Mt= 0.00> <Spt= 0.00> <nCl= 30> <al=0.51> <DB=-642670.2345> <Mlp=36347.7138> <PB=510.1> 
#<DWph=2> <it= 11> <et=0.04> <Mt= 0.00> <Spt= 0.00> <nCl= 30> <al=0.56> <DB=-580081.7615> <Mlp=33621.5120> <PB=510.1> 
#<DWph=2> <it= 12> <et=0.04> <Mt= 0.00> <Spt= 0.00> <nCl= 30> <al=0.60> <DB=-511627.5455> <Mlp=31998.7007> <PB=510.1> 
#<DWph=2> <it= 13> <et=0.04> <Mt= 0.00> <Spt= 0.01> <nCl= 30> <al=0.64> <DB=-508771.6936> <Mlp=22809.1376> <PB=510.1> 
#<DWph=2> <it= 14> <et=0.05> <Mt= 0.00> <Spt= 0.00> <nCl= 30> <al=0.68> <DB=-407954.9186> <Mlp=20332.1050> <PB=510.1> 
#<DWph=2> <it= 15> <et=0.05> <Mt= 0.00> <Spt= 0.00> <nCl= 30> <al=0.71> <DB=-381891.2343> <Mlp=16762.1316> <PB=510.1> 
#<DWph=2> <it= 16> <et=0.05> <Mt= 0.00> <Spt= 0.00> <nCl= 30> <al=0.61> <DB=-359424.2504> <Mlp=14407.7149> <PB=510.1> 
#<DWph=2> <it= 17> <et=0.06> <Mt= 0.00> <Spt= 0.00> <nCl= 30> <al=0.65> <DB=-313952.9282> <Mlp=12628.0503> <PB=510.1> 
#<DWph=2> <it= 18> <et=0.06> <Mt= 0.00> <Spt= 0.01> <nCl= 30> <al=0.68> <DB=-281066.8015> <Mlp= 7529.2255> <PB=510.1> 
#<DWph=2> <it= 19> <et=0.06> <Mt= 0.00> <Spt= 0.00> <nCl= 30> <al=0.58> <DB=-229661.0272> <Mlp= 3722.0107> <PB=510.1> 
#<DWph=2> <it= 20> <et=0.07> <Mt= 0.01> <Spt= 0.00> <nCl= 30> <al=0.63> <DB=-215102.5543> <Mlp= 3113.0879> <PB=510.1> 
#<DWph=2> <it= 21> <et=0.07> <Mt= 0.00> <Spt= 0.00> <nCl= 30> <al=0.53> <DB=-192891.6338> <Mlp= 2221.0628> <PB=510.1> 
#<DWph=2> <it= 22> <et=0.08> <Mt= 0.00> <Spt= 0.01> <nCl= 46> <al=0.15> <DB=-8487.0636> <Mlp= 1387.8500> <PB=510.1> 
#<DWph=2> <it= 23> <et=0.08> <Mt= 0.00> <Spt= 0.00> <nCl= 30> <al=0.47> <DB=-1274.0322> <Mlp= 1351.9247> <PB=510.1> 
<DWph=2> <it= 24> <et=0.08> <Mt= 0.00> <Spt= 0.00> <nCl= 28> <al=0.53> <DB= -141.7734> <Mlp= 1130.2243> <PB=510.1> 
<DWph=2> <it= 25> <et=0.09> <Mt= 0.00> <Spt= 0.00> <nCl= 30> <al=0.57> <DB=-1853.7524> <Mlp=  978.6639> <PB=510.1> 
<DWph=2> <it= 26> <et=0.09> <Mt= 0.00> <Spt= 0.00> <nCl= 30> <al=0.62> <DB= -740.6903> <Mlp=  926.3464> <PB=510.1> 
<DWph=2> <it= 27> <et=0.09> <Mt= 0.01> <Spt= 0.01> <nCl= 30> <al=0.65> <DB= -503.9700> <Mlp=  815.4196> <PB=510.1> 
<DWph=2> <it= 28> <et=0.10> <Mt= 0.00> <Spt= 0.00> <nCl= 30> <al=0.69> <DB=   42.5086> <Mlp=  789.0446> <PB=510.1> 
<DWph=2> <it= 29> <et=0.10> <Mt= 0.00> <Spt= 0.00> <nCl= 30> <al=0.72> <DB= -243.5012> <Mlp=  767.8651> <PB=510.1> 
<DWph=2> <it= 30> <et=0.10> <Mt= 0.00> <Spt= 0.00> <nCl= 25> <al=0.75> <DB=  260.9514> <Mlp=  758.0817> <PB=510.1> 
<DWph=2> <it= 31> <et=0.11> <Mt= 0.00> <Spt= 0.01> <nCl= 30> <al=0.77> <DB=  360.3855> <Mlp=  751.5749> <PB=510.1> 
<DWph=2> <it= 32> <et=0.11> <Mt= 0.00> <Spt= 0.00> <nCl= 30> <al=0.80> <DB= -114.1346> <Mlp=  696.9500> <PB=510.1> 
<DWph=2> <it= 33> <et=0.11> <Mt= 0.00> <Spt= 0.00> <nCl= 28> <al=0.82> <DB=  376.7254> <Mlp=  674.5427> <PB=510.1> 
<DWph=2> <it= 34> <et=0.12> <Mt= 0.00> <Spt= 0.00> <nCl= 30> <al=0.83> <DB=  180.1944> <Mlp=  664.7588> <PB=510.1> 
<DWph=2> <it= 35> <et=0.12> <Mt= 0.01> <Spt= 0.00> <nCl= 30> <al=0.85> <DB=  102.6599> <Mlp=  622.1503> <PB=510.1> 
<DWph=2> <it= 36> <et=0.13> <Mt= 0.00> <Spt= 0.01> <nCl= 29> <al=0.87> <DB=  381.8792> <Mlp=  590.0622> <PB=510.1> 
<DWph=2> <it= 37> <et=0.13> <Mt= 0.00> <Spt= 0.00> <nCl= 19> <al=0.88> <DB=  347.6476> <Mlp=  577.5365> <PB=510.1> 
<DWph=2> <it= 38> <et=0.13> <Mt= 0.00> <Spt= 0.00> <nCl= 19> <al=0.89> <DB=  456.8793> <Mlp=  567.1714> <PB=510.1> 
<DWph=2> <it= 39> <et=0.14> <Mt= 0.00> <Spt= 0.00> <nCl= 29> <al=0.79> <DB=  312.2814> <Mlp=  556.0975> <PB=510.1> 
<DWph=2> <it= 40> <et=0.14> <Mt= 0.00> <Spt= 0.01> <nCl= 23> <al=0.81> <DB=  481.5546> <Mlp=  543.3999> <PB=510.1> 
<DWph=2> <it= 41> <et=0.14> <Mt= 0.01> <Spt= 0.00> <nCl= 30> <al=0.71> <DB=  266.8808> <Mlp=  536.8254> <PB=510.1> 
<DWph=2> <it= 42> <et=0.15> <Mt= 0.00> <Spt= 0.00> <nCl= 24> <al=0.74> <DB=  486.0677> <Mlp=  519.5979> <PB=510.1> 
<DWph=2> <it= 43> <et=0.15> <Mt= 0.00> <Spt= 0.00> <nCl= 22> <al=0.77> <DB=  473.3491> <Mlp=  515.6061> <PB=510.1> 
<DWph=2> <it= 44> <et=0.16> <Mt= 0.00> <Spt= 0.00> <nCl= 16> <al=0.79> <DB=  493.5670> <Mlp=  510.1423> <PB=510.1> 
<DWph=2> <it= 45> <et=0.16> <Mt= 0.00> <Spt= 0.01> <nCl= 12> <al=0.81> <DB=  496.2884> <Mlp=  507.9905> <PB=510.1> 
<DWph=2> <it= 46> <et=0.16> <Mt= 0.00> <Spt= 0.00> <nCl= 13> <al=0.71> <DB=  492.0565> <Mlp=  506.7899> <PB=510.1> 
<DWph=2> <it= 47> <et=0.17> <Mt= 0.00> <Spt= 0.00> <nCl= 17> <al=0.61> <DB=  492.7974> <Mlp=  505.9352> <PB=510.1> 
<DWph=2> <it= 48> <et=0.17> <Mt= 0.01> <Spt= 0.00> <nCl=  9> <al=0.65> <DB=  496.1030> <Mlp=  504.7930> <PB=510.1> 
<DWph=2> <it= 49> <et=0.17> <Mt= 0.00> <Spt= 0.00> <nCl= 14> <al=0.69> <DB=  495.6164> <Mlp=  503.9145> <PB=510.1> 
<DWph=2> <it= 50> <et=0.18> <Mt= 0.00> <Spt= 0.01> <nCl= 21> <al=0.43> <DB=  496.8062> <Mlp=  503.6779> <PB=510.1> 
<DWph=2> <it= 51> <et=0.18> <Mt= 0.00> <Spt= 0.00> <nCl= 10> <al=0.62> <DB=  476.2461> <Mlp=  503.2000> <PB=510.1> 
<DWph=2> <it= 52> <et=0.19> <Mt= 0.00> <Spt= 0.00> <nCl= 10> <al=0.31> <DB=  501.3410> <Mlp=  502.8571> <PB=510.1> 
<DWph=2> <it= 53> <et=0.19> <Mt= 0.00> <Spt= 0.01> <nCl=  7> <al=0.55> <DB=  498.8369> <Mlp=  502.8571> <PB=510.1> 
<DWph=2> <it= 54> <et=0.19> <Mt= 0.00> <Spt= 0.00> <nCl=  1> <al=0.60> <DB=  501.9482> <Mlp=  502.8571> <PB=510.1> 
<DWph=2> <it= 55> <et=0.19> <Mt= 0.00> <Spt= 0.00> <nCl=  1> <al=0.50> <DB=  502.4032> <Mlp=  502.8571> <PB=510.1> 
<DWph=2> <it= 56> <et=0.20> <Mt= 0.00> <Spt= 0.00> <nCl=  7> <al=0.00> <DB=  491.1905> <Mlp=  502.8571> <PB=510.1> 
<DWph=2> <it= 57> <et=0.20> <Mt= 0.00> <Spt= 0.01> <nCl=  3> <al=0.30> <DB=  501.3156> <Mlp=  502.8571> <PB=510.1> 
<DWph=2> <it= 58> <et=0.20> <Mt= 0.00> <Spt= 0.00> <nCl=  6> <al=0.00> <DB=  502.8571> <Mlp=  502.8571> <PB=510.1> 
<DWph=1> <it= 59> <et=0.21> <Mt= 0.00> <Spt= 0.00> <nCl= 16> <al=0.27> <DB=  494.6487> <Mlp=  502.8571> <PB=510.1> 
<DWph=1> <it= 60> <et=0.21> <Mt= 0.00> <Spt= 0.01> <nCl= 11> <al=0.34> <DB=  499.0677> <Mlp=  502.6166> <PB=510.1> 
<DWph=1> <it= 61> <et=0.22> <Mt= 0.01> <Spt= 0.00> <nCl=  9> <al=0.24> <DB=  494.7345> <Mlp=  502.5681> <PB=510.1> 
<DWph=1> <it= 62> <et=0.22> <Mt= 0.00> <Spt= 0.01> <nCl=  4> <al=0.32> <DB=  497.0987> <Mlp=  502.5037> <PB=510.1> 
<DWph=1> <it= 63> <et=0.23> <Mt= 0.00> <Spt= 0.00> <nCl=  4> <al=0.22> <DB=  500.8824> <Mlp=  502.5021> <PB=510.1> 
<DWph=1> <it= 64> <et=0.23> <Mt= 0.00> <Spt= 0.00> <nCl=  5> <al=0.30> <DB=  500.8567> <Mlp=  502.4619> <PB=510.1> 
<DWph=1> <it= 65> <et=0.24> <Mt= 0.00> <Spt= 0.01> <nCl=  0> <al=0.00> <DB=  502.4619> <Mlp=  502.4619> <PB=510.1> 
    RCSP exact solver info for graph G_1 : TT = 0.00728, pt = 9e-06, dt = 0.006396, ct = 0.000619, ndl = 2', bdl = 50', odl = 3', odf = 25', bsi = 1', cnt = 3', bdch = 475', odch = 42', lcp = 27', #sols = 150
<DWph=0> <it= 66> <et=0.25> <Mt= 0.00> <Spt= 0.01> <nCl= 92> <al=0.27> <DB=  492.6172> <Mlp=  502.4619> <PB=510.1> 
    RCSP exact solver info for graph G_1 : TT = 0.0064, pt = 1.6e-05, dt = 0.005489, ct = 0.00063, ndl = 2', bdl = 51', odl = 3', odf = 25', bsi = 1', cnt = 3', bdch = 485', odch = 42', lcp = 27', #sols = 150
<DWph=0> <it= 67> <et=0.26> <Mt= 0.00> <Spt= 0.01> <nCl= 19> <al=0.34> <DB=  498.2722> <Mlp=  502.4619> <PB=510.1> 
    RCSP exact solver info for graph G_1 : TT = 0.006341, pt = 1.5e-05, dt = 0.005434, ct = 0.000631, ndl = 2', bdl = 50', odl = 3', odf = 25', bsi = 1', cnt = 3', bdch = 475', odch = 42', lcp = 26', #sols = 150
    RCSP exact solver info for graph G_1 : TT = 0.006262, pt = 1.5e-05, dt = 0.005368, ct = 0.000622, ndl = 2', bdl = 50', odl = 3', odf = 25', bsi = 1', cnt = 3', bdch = 470', odch = 41', lcp = 26', #sols = 150
<DWph=0> <it= 68> <et=0.27> <Mt= 0.00> <Spt= 0.01> <nCl= 20> <al=0.00> <DB=  502.3531> <Mlp=  502.3531> <PB=510.1> 
Dynamic params and stats :  aver.obdmd = 23.7174 aver.buck.num. = 26
@@ 1 0 502.353 0.00629725 0.007015 87.9034 0.27
Labels distribution in buckets (bucket size) : largest - 25, top 0.1% - 25, top 0.5% - 23, top 2% - 17, top 10% - 11, top 50% - 2
Reduced cost fixing for graph G_1... 5268 buck. arcs remain (12.3% from prev., 10.8% from max.) + 2866 jump buck. arcs (5.87% from max.)
 TT = 0.011018, pt = 0.001944, dt = 0.003815, ct = 0.005181, ndl = 5', bdl = 34', odl = 2', odf = 29', lpcb = 119', cnt = 24', bdch = 387', odch = 59', lcp = 27'
Labels distribution in buckets (bucket size) : largest - 25, top 0.1% - 25, top 0.5% - 23, top 2% - 17, top 10% - 12, top 50% - 2
Run forward enumeration with border = 75... succeeded! lpt = 0.007356, ndl = 3', dl = 0', lpcb = 21', dch = 3'
Run enumeration concatenation with time limit 0.3 sec.... succeeded!
Sorting and storing enumerated solutions ... done!
 TT = 0.019205, pt = 0.001982, dt = 0.007356, ct = 0.003322, ndl = 3', bdl = 0', lpcb = 21', cnt = 35', bdch = 3', odch = 0', lcp = 0'
Enumeration succeeded!, number of elem. solutions is 5545
Estimating inspection time...     TT = 0.000275, performed by inspection with 5545 solutions, nbR1C = 0, nbDiscC = 0
Inspection time is low enough. Pricing will be done by inspection.
Added 438 columns in the formulation 
Removed 1141 columns (not in the enumerated set) from the formulation
Regenerated 438 columns with the 'enumerated' flag
<DWph=2> <it= 69> <et=0.32> <Mt= 0.00> <Spt= 0.00> <nCl=  0> <al=0.00> <DB=  502.4419> <Mlp=  502.4419> <PB=510.1> 
<DWph=1> <it= 70> <et=0.32> <Mt= 0.00> <Spt= 0.00> <nCl=  0> <al=0.00> <DB=  502.4419> <Mlp=  502.4419> <PB=510.1> 
    TT = 0.000234, performed by inspection with 5545 solutions, nbR1C = 0, nbDiscC = 0
<DWph=0> <it= 71> <et=0.33> <Mt= 0.00> <Spt= 0.01> <nCl= 81> <al=0.30> <DB=  273.4719> <Mlp=  502.4419> <PB=510.1> 
    TT = 0.00021, performed by inspection with 5545 solutions, nbR1C = 0, nbDiscC = 0
    TT = 0.00017, performed by inspection with 5545 solutions, nbR1C = 0, nbDiscC = 0
<DWph=0> <it= 72> <et=0.33> <Mt= 0.00> <Spt= 0.00> <nCl= 25> <al=0.00> <DB=  502.4107> <Mlp=  502.4107> <PB=510.1> 
Dynamic params and stats :  aver.obdmd = 23.7174 aver.buck.num. = 26
@@ 1 0 502.411 0.000204667 0.000234 0 0.33
Reduced cost fixing for graph G_1...  took 0 sec., done by inspection with 5545 solutions, remains 3525 (63.6%)
Removed 38 columns (not in the enumerated set) from the formulation
    Full reduced cost fixing is not called (gap ratio is 0.99246)
ColGenEvalAlg final dual bound: 502.411 (rounded: 503)
In total 1 RCC cut(s) are found by the connected components heuristic 
Shrinking heuristic shrunk 10 edges
In total 14 RCC cut(s) are found by the Fractional capacity min-cut heuristic 
In total 58 RCC cut(s) are found by the greedy construction heuristic 
----- Add fac. cuts : CAP(73), max.viol = 0.491071, aver.viol = 0.192759, sep/add took 0.00518396/0.0140257 sec. -----
506 columns (506 active), 73 dyn. constrs. (73 active), 163 art. vars. (163 active)
<DWph=2> <it=  1> <et=0.35> <Mt= 0.01> <Spt= 0.00> <nCl=  0> <al=0.00> <DB=  505.6776> <Mlp=  505.6776> <PB=510.1> 
<DWph=1> <it=  2> <et=0.35> <Mt= 0.00> <Spt= 0.00> <nCl=  0> <al=0.00> <DB=  505.6776> <Mlp=  505.6776> <PB=510.1> 
    TT = 0.000153, performed by inspection with 3525 solutions, nbR1C = 0, nbDiscC = 0
<DWph=0> <it=  3> <et=0.36> <Mt= 0.00> <Spt= 0.00> <nCl= 65> <al=0.30> <DB=  474.0809> <Mlp=  505.6776> <PB=510.1> 
    TT = 0.000174, performed by inspection with 3525 solutions, nbR1C = 0, nbDiscC = 0
    TT = 0.00012, performed by inspection with 3525 solutions, nbR1C = 0, nbDiscC = 0
<DWph=0> <it=  4> <et=0.36> <Mt= 0.00> <Spt= 0.01> <nCl= 18> <al=0.00> <DB=  505.1701> <Mlp=  505.1701> <PB=510.1> 
Dynamic params and stats :  aver.obdmd = 23.7174 aver.buck.num. = 26
@@ 1 1 505.17 0.000149 0.000174 0 0.36
Reduced cost fixing for graph G_1...  took 0 sec., done by inspection with 3525 solutions, remains 1729 (49%)
Removed 66 columns (not in the enumerated set) from the formulation
ColGenEvalAlg final dual bound: 505.17 (rounded: 506)
Gap improvement since the last cut separation : 0.358859 (502.411)
Current active cuts : CAP(10,28.5266)
In total 2 RCC cut(s) are found by the connected components heuristic 
Shrinking heuristic shrunk 12 edges
In total 6 RCC cut(s) are found by the Fractional capacity min-cut heuristic 
In total 12 RCC cut(s) are found by the greedy construction heuristic 
In total 3 RCC cut(s) are found by the global pool greedy search heuristic 
----- Add fac. cuts : CAP(23), max.viol = 0.25, aver.viol = 0.131682, sep/add took 0.00380234/0.00429064 sec. -----
589 columns (523 active), 96 dyn. constrs. (41 active), 186 art. vars. (131 active)
<DWph=2> <it=  1> <et=0.38> <Mt= 0.00> <Spt= 0.00> <nCl=  0> <al=0.00> <DB=  506.2607> <Mlp=  506.2607> <PB=510.1> 
<DWph=1> <it=  2> <et=0.38> <Mt= 0.00> <Spt= 0.00> <nCl=  0> <al=0.00> <DB=  506.2607> <Mlp=  506.2607> <PB=510.1> 
    TT = 8.7e-05, performed by inspection with 1729 solutions, nbR1C = 0, nbDiscC = 0
<DWph=0> <it=  3> <et=0.38> <Mt= 0.00> <Spt= 0.00> <nCl= 31> <al=0.30> <DB=  498.9340> <Mlp=  506.2607> <PB=510.1> 
    TT = 7.9e-05, performed by inspection with 1729 solutions, nbR1C = 0, nbDiscC = 0
    TT = 7.6e-05, performed by inspection with 1729 solutions, nbR1C = 0, nbDiscC = 0
<DWph=0> <it=  4> <et=0.39> <Mt= 0.00> <Spt= 0.00> <nCl=  0> <al=0.00> <DB=  506.0828> <Mlp=  506.0828> <PB=510.1> 
Dynamic params and stats :  aver.obdmd = 23.7174 aver.buck.num. = 26
@@ 1 2 506.083 8.06667e-05 8.7e-05 0 0.39
Reduced cost fixing for graph G_1...  took 0 sec., done by inspection with 1729 solutions, remains 1223 (70.7%)
Removed 46 columns (not in the enumerated set) from the formulation
ColGenEvalAlg final dual bound: 506.083 (rounded: 507)
Gap improvement since the last cut separation : 0.185145 (505.17)
Current active cuts : CAP(12,52.7756)
In total 1 RCC cut(s) are found by the connected components heuristic 
Shrinking heuristic shrunk 11 edges
In total 5 RCC cut(s) are found by the Fractional capacity min-cut heuristic 
In total 3 RCC cut(s) are found by the greedy construction heuristic 
In total 5 RCC cut(s) are found by the global pool greedy search heuristic 
----- Add fac. cuts : CAP(14), max.viol = 0.260542, aver.viol = 0.0875645, sep/add took 0.0044771/0.00259633 sec. -----
554 columns (508 active), 55 dyn. constrs. (39 active), 200 art. vars. (129 active)
<DWph=2> <it=  1> <et=0.40> <Mt= 0.00> <Spt= 0.00> <nCl=  0> <al=0.00> <DB=  506.3004> <Mlp=  506.3004> <PB=510.1> 
<DWph=1> <it=  2> <et=0.40> <Mt= 0.01> <Spt= 0.00> <nCl=  0> <al=0.00> <DB=  506.3004> <Mlp=  506.3004> <PB=510.1> 
    TT = 7.4e-05, performed by inspection with 1223 solutions, nbR1C = 0, nbDiscC = 0
    TT = 7.2e-05, performed by inspection with 1223 solutions, nbR1C = 0, nbDiscC = 0
<DWph=0> <it=  3> <et=0.41> <Mt= 0.00> <Spt= 0.01> <nCl=  6> <al=0.00> <DB=  506.3004> <Mlp=  506.3004> <PB=510.1> 
Dynamic params and stats :  aver.obdmd = 23.7174 aver.buck.num. = 26
@@ 1 3 506.3 7.3e-05 7.4e-05 0 0.41
Reduced cost fixing for graph G_1...  took 0 sec., done by inspection with 1223 solutions, remains 1119 (91.5%)
Removed 11 columns (not in the enumerated set) from the formulation
    Full reduced cost fixing is not called (gap ratio is 0.944455)
ColGenEvalAlg final dual bound: 506.3 (rounded: 507)
Gap improvement since the last cut separation : 0.0541626 (506.083)
Current active cuts : CAP(1+12,52.9136)
Shrinking heuristic shrunk 12 edges
150 Rank-1 3-rows pack. cuts added ,  max viol. = 0.44856, aver. viol. = 0.219204
----- Add fac. cuts : R1C(150), max.viol = 0.44856, aver.viol = 0.219204, sep/add took 0.00403256/0.0132189 sec. -----
514 columns (503 active), 189 dyn. constrs. (176 active), 350 art. vars. (266 active)
<DWph=2> <it=  1> <et=0.43> <Mt= 0.00> <Spt= 0.00> <nCl=  0> <al=0.00> <DB=  510.0000> <Mlp=  510.0000> <PB=510> 
<DWph=1> <it=  2> <et=0.43> <Mt= 0.00> <Spt= 0.00> <nCl=  0> <al=0.00> <DB=  510.0000> <Mlp=  510.0000> <PB=510> 
    TT = 0.000189, performed by inspection with 1119 solutions, nbR1C = 29, nbDiscC = 0
<DWph=0> <it=  3> <et=0.44> <Mt= 0.00> <Spt= 0.00> <nCl= 38> <al=0.30> <DB=  497.0455> <Mlp=  510.0000> <PB=510> 
    TT = 0.000213, performed by inspection with 1119 solutions, nbR1C = 41, nbDiscC = 0
<DWph=0> <it=  4> <et=0.45> <Mt= 0.01> <Spt= 0.00> <nCl= 23> <al=0.20> <DB=  486.9466> <Mlp=  510.0000> <PB=510> 
    TT = 0.000217, performed by inspection with 1119 solutions, nbR1C = 44, nbDiscC = 0
    TT = 0.000202, performed by inspection with 1119 solutions, nbR1C = 39, nbDiscC = 0
<DWph=0> <it=  5> <et=0.46> <Mt= 0.00> <Spt= 0.01> <nCl=  3> <al=0.00> <DB=  509.8000> <Mlp=  509.8000> <PB=510> 
Dynamic params and stats :  aver.obdmd = 23.7174 aver.buck.num. = 26 nbR1C = 39 with avMem = 0
@@ 1 4 509.8 0.00020525 0.000217 0 0.46
ColGenEvalAlg final dual bound: 509.8 (rounded: 510)
Gap improvement since the last cut separation : 0.94594 (506.3)
Current active cuts : CAP(8,7.17856) R1C(39,43.4437) 3rowPackR1C(39)
New model incumbent solution 510, TIME = 0h0m0s46t = 46
************************************************************************************************
Search is finished, global bounds : [ 510 , 510 ], TIME = 0h0m0s46t = 46
************************************************************************************************
510.0
[[11, 16, 2, 29, 21, 34, 30, 9, 38], [4, 42, 40, 19, 41, 13, 18], [12, 17, 37, 44, 15, 33, 39, 10, 5], [27, 6, 23, 7, 43, 24, 25, 14], [32, 1, 22, 20, 35, 36, 3, 28, 31, 26, 8]]
Built-in heuristic is enabled
instance_name solver_name ext_heuristic solution_value solution_time best_lb root_lb root_time nb_branch_and_bound_nodes status
/home/logis/Downloads/VRPSolverEasy/VRPSolverEasy/demos/data/CVRP/P-n45-k5 CLP True 510.0 0.462147024 510.0 510.0 0.46194266900000003 1 0

