Time resource is critical for vehicle type 1 (21,0)
Capacity resource will be imposed in pricing (0.459524)
Node memory for rank-1 cuts will be used (5.85714)
~~~~~~~~~~~~~~~~~~~~~~~~~~~~~~~~~~~~~~~~~~~~~~~~~~~~~~~~~~~~~~~~~~~~~~~~~~~~~~~~~~~~~
VRPSolver v0.5.27, 24/02/2023, © Inria Bordeaux, France, vrpsolver.math.u-bordeaux.fr
      Corresponds to the solver by Pessoa, Sadykov, Uchoa and Vanderbeck (2020)
                 Paper: dx.doi.org/10.1007/s10107-020-01523-z
~~~~~~~~~~~~~~~~~~~~~~~~~~~~~~~~~~~~~~~~~~~~~~~~~~~~~~~~~~~~~~~~~~~~~~~~~~~~~~~~~~~~~
   BaPCod v0.77, 15/03/2023, © Inria Bordeaux, France, bapcod.math.u-bordeaux.fr 
           THIS CODE IS PROVIDED AS IS, USE IT AT YOUR OWN RISK
~~~~~~~~~~~~~~~~~~~~~~~~~~~~~~~~~~~~~~~~~~~~~~~~~~~~~~~~~~~~~~~~~~~~~~~~~~~~~~~~~~~~~
Bucket steps were recalculated for graph G_1 : [247.2, 40]
RCSP solver info : non-symmetric case as the resource 0 consumption for the reverse arc of 0->100 is not the same : 38 against 128
Bidirectional border value is initialised to 511.7
RCSP solver info : number of forw. reachable buckets / buck. strongly connected components is 1798( 96.6667% ) / 568( 31.5907% )
RCSP solver info : number of back. reachable buckets / buck. strongly connected components is 1831( 98.4409% ) / 606( 33.0967% )
Generating neighbourhoods for rank-1 cuts separation
Building structures for 4- and 5-row rank-1 packing cut separation...done!
Model is built TIME = 0h0m0s8t = 8
************************************************************************************************
**** BaB tree root node
**** Local DB = -1e+12, global bounds : [ -1e+12 , 860.6 ], TIME = 0h0m0s8t = 8
**** 1 open nodes, 0 columns (0 active), 0 dyn. constrs. (0 active), 202 art. vars. (202 active)
************************************************************************************************
#<DWph=2> <it=  1> <et=0.08> <Mt= 0.00> <Spt= 0.00> <nCl= 30> <al=0.00> <DB=-411070.5000> <Mlp=216871.2000> <PB=860.6> 
#<DWph=2> <it=  2> <et=0.09> <Mt= 0.00> <Spt= 0.01> <nCl= 30> <al=0.55> <DB=-433000.4700> <Mlp=165399.6000> <PB=860.6> 
#<DWph=2> <it=  3> <et=0.10> <Mt= 0.00> <Spt= 0.00> <nCl= 30> <al=0.60> <DB=-401597.8881> <Mlp=133790.6800> <PB=860.6> 
#<DWph=2> <it=  4> <et=0.10> <Mt= 0.00> <Spt= 0.01> <nCl= 30> <al=0.50> <DB=-480047.2401> <Mlp=110165.7200> <PB=860.6> 
#<DWph=2> <it=  5> <et=0.11> <Mt= 0.00> <Spt= 0.00> <nCl= 30> <al=0.55> <DB=-433174.3897> <Mlp=91347.6650> <PB=860.6> 
#<DWph=2> <it=  6> <et=0.11> <Mt= 0.00> <Spt= 0.01> <nCl= 30> <al=0.59> <DB=-426406.5487> <Mlp=65109.6400> <PB=860.6> 
#<DWph=2> <it=  7> <et=0.12> <Mt= 0.00> <Spt= 0.00> <nCl= 30> <al=0.63> <DB=-376828.6110> <Mlp=53571.5389> <PB=860.6> 
#<DWph=2> <it=  8> <et=0.13> <Mt= 0.00> <Spt= 0.01> <nCl= 30> <al=0.53> <DB=-379079.9661> <Mlp=48035.8605> <PB=860.6> 
#<DWph=2> <it=  9> <et=0.13> <Mt= 0.00> <Spt= 0.00> <nCl= 30> <al=0.58> <DB=-333118.5537> <Mlp=41780.8370> <PB=860.6> 
#<DWph=2> <it= 10> <et=0.14> <Mt= 0.00> <Spt= 0.01> <nCl= 30> <al=0.62> <DB=-323244.8216> <Mlp=32602.8020> <PB=860.6> 
#<DWph=2> <it= 11> <et=0.15> <Mt= 0.00> <Spt= 0.00> <nCl= 30> <al=0.66> <DB=-314979.8922> <Mlp=25325.9647> <PB=860.6> 
#<DWph=2> <it= 12> <et=0.15> <Mt= 0.01> <Spt= 0.01> <nCl= 30> <al=0.69> <DB=-342716.4387> <Mlp=20441.0498> <PB=860.6> 
#<DWph=2> <it= 13> <et=0.16> <Mt= 0.00> <Spt= 0.00> <nCl= 30> <al=0.72> <DB=-280640.9828> <Mlp=17181.6575> <PB=860.6> 
#<DWph=2> <it= 14> <et=0.17> <Mt= 0.00> <Spt= 0.01> <nCl= 30> <al=0.75> <DB=-271371.6241> <Mlp=15173.4415> <PB=860.6> 
#<DWph=2> <it= 15> <et=0.18> <Mt= 0.00> <Spt= 0.01> <nCl= 30> <al=0.65> <DB=-253769.5804> <Mlp=11831.7971> <PB=860.6> 
#<DWph=2> <it= 16> <et=0.19> <Mt= 0.00> <Spt= 0.00> <nCl= 30> <al=0.69> <DB=-228596.2374> <Mlp= 9448.4959> <PB=860.6> 
#<DWph=2> <it= 17> <et=0.19> <Mt= 0.01> <Spt= 0.01> <nCl= 30> <al=0.72> <DB=-208365.7786> <Mlp= 7866.5176> <PB=860.6> 
#<DWph=2> <it= 18> <et=0.20> <Mt= 0.00> <Spt= 0.00> <nCl= 30> <al=0.75> <DB=-205879.9894> <Mlp= 7205.7280> <PB=860.6> 
#<DWph=2> <it= 19> <et=0.21> <Mt= 0.00> <Spt= 0.01> <nCl= 30> <al=0.77> <DB=-174376.1854> <Mlp= 6183.4182> <PB=860.6> 
#<DWph=2> <it= 20> <et=0.22> <Mt= 0.01> <Spt= 0.00> <nCl= 30> <al=0.67> <DB=-154566.5000> <Mlp= 5538.1253> <PB=860.6> 
#<DWph=2> <it= 21> <et=0.23> <Mt= 0.00> <Spt= 0.01> <nCl= 30> <al=0.57> <DB=-169987.3836> <Mlp= 5045.6877> <PB=860.6> 
#<DWph=2> <it= 22> <et=0.23> <Mt= 0.00> <Spt= 0.00> <nCl= 30> <al=0.61> <DB=-137609.5415> <Mlp= 4359.4838> <PB=860.6> 
#<DWph=2> <it= 23> <et=0.24> <Mt= 0.00> <Spt= 0.01> <nCl= 30> <al=0.65> <DB=-130312.4985> <Mlp= 4196.2615> <PB=860.6> 
#<DWph=2> <it= 24> <et=0.25> <Mt= 0.01> <Spt= 0.00> <nCl= 30> <al=0.69> <DB=-124552.9380> <Mlp= 3787.4720> <PB=860.6> 
#<DWph=2> <it= 25> <et=0.26> <Mt= 0.00> <Spt= 0.01> <nCl= 30> <al=0.72> <DB=-101855.8419> <Mlp= 3505.8207> <PB=860.6> 
#<DWph=2> <it= 26> <et=0.27> <Mt= 0.00> <Spt= 0.00> <nCl= 30> <al=0.75> <DB=-114381.6603> <Mlp= 3063.9749> <PB=860.6> 
#<DWph=2> <it= 27> <et=0.28> <Mt= 0.01> <Spt= 0.01> <nCl= 30> <al=0.77> <DB=-94122.8781> <Mlp= 2798.5871> <PB=860.6> 
#<DWph=2> <it= 28> <et=0.29> <Mt= 0.00> <Spt= 0.01> <nCl= 30> <al=0.79> <DB=-94332.8477> <Mlp= 2594.5611> <PB=860.6> 
#<DWph=2> <it= 29> <et=0.30> <Mt= 0.01> <Spt= 0.00> <nCl= 30> <al=0.82> <DB=-87228.7440> <Mlp= 2324.8338> <PB=860.6> 
#<DWph=2> <it= 30> <et=0.31> <Mt= 0.00> <Spt= 0.01> <nCl= 30> <al=0.72> <DB=-66191.3415> <Mlp= 2274.5061> <PB=860.6> 
#<DWph=2> <it= 31> <et=0.32> <Mt= 0.00> <Spt= 0.00> <nCl= 30> <al=0.62> <DB=-37088.8705> <Mlp= 2166.8627> <PB=860.6> 
#<DWph=2> <it= 32> <et=0.33> <Mt= 0.01> <Spt= 0.01> <nCl= 30> <al=0.52> <DB=-14697.7779> <Mlp= 2147.1396> <PB=860.6> 
#<DWph=2> <it= 33> <et=0.33> <Mt= 0.00> <Spt= 0.00> <nCl= 30> <al=0.42> <DB=-15917.6275> <Mlp= 2071.0912> <PB=860.6> 
<DWph=2> <it= 34> <et=0.34> <Mt= 0.01> <Spt= 0.01> <nCl= 30> <al=0.47> <DB=-11578.8982> <Mlp= 1972.6760> <PB=860.6> 
<DWph=2> <it= 35> <et=0.35> <Mt= 0.00> <Spt= 0.00> <nCl= 30> <al=0.53> <DB=-6413.6759> <Mlp= 1915.8688> <PB=860.6> 
<DWph=2> <it= 36> <et=0.36> <Mt= 0.00> <Spt= 0.01> <nCl= 30> <al=0.43> <DB=-3975.3861> <Mlp= 1868.3948> <PB=860.6> 
<DWph=2> <it= 37> <et=0.37> <Mt= 0.01> <Spt= 0.00> <nCl= 30> <al=0.48> <DB=-4631.4226> <Mlp= 1835.7279> <PB=860.6> 
<DWph=2> <it= 38> <et=0.38> <Mt= 0.00> <Spt= 0.01> <nCl= 30> <al=0.54> <DB=-2742.2445> <Mlp= 1784.8422> <PB=860.6> 
<DWph=2> <it= 39> <et=0.39> <Mt= 0.01> <Spt= 0.00> <nCl= 30> <al=0.58> <DB=-2745.9251> <Mlp= 1720.0034> <PB=860.6> 
<DWph=2> <it= 40> <et=0.40> <Mt= 0.00> <Spt= 0.01> <nCl= 30> <al=0.62> <DB=-2594.7539> <Mlp= 1690.6587> <PB=860.6> 
<DWph=2> <it= 41> <et=0.41> <Mt= 0.00> <Spt= 0.00> <nCl= 30> <al=0.66> <DB=-2713.1920> <Mlp= 1669.2364> <PB=860.6> 
<DWph=2> <it= 42> <et=0.42> <Mt= 0.01> <Spt= 0.01> <nCl= 30> <al=0.70> <DB=-2386.3497> <Mlp= 1648.1636> <PB=860.6> 
<DWph=2> <it= 43> <et=0.43> <Mt= 0.00> <Spt= 0.01> <nCl= 30> <al=0.73> <DB=-1956.1815> <Mlp= 1626.1777> <PB=860.6> 
<DWph=2> <it= 44> <et=0.44> <Mt= 0.01> <Spt= 0.00> <nCl= 30> <al=0.75> <DB=-2143.7946> <Mlp= 1572.7541> <PB=860.6> 
<DWph=2> <it= 45> <et=0.45> <Mt= 0.00> <Spt= 0.01> <nCl= 30> <al=0.78> <DB=-1883.8534> <Mlp= 1516.1847> <PB=860.6> 
<DWph=2> <it= 46> <et=0.46> <Mt= 0.01> <Spt= 0.00> <nCl= 30> <al=0.80> <DB=-1515.3820> <Mlp= 1466.3303> <PB=860.6> 
<DWph=2> <it= 47> <et=0.48> <Mt= 0.00> <Spt= 0.01> <nCl= 30> <al=0.82> <DB=-1079.8206> <Mlp= 1421.8496> <PB=860.6> 
<DWph=2> <it= 48> <et=0.49> <Mt= 0.01> <Spt= 0.01> <nCl= 30> <al=0.84> <DB=-1204.3288> <Mlp= 1393.8819> <PB=860.6> 
<DWph=2> <it= 49> <et=0.50> <Mt= 0.01> <Spt= 0.00> <nCl= 30> <al=0.85> <DB= -785.8549> <Mlp= 1340.8393> <PB=860.6> 
<DWph=2> <it= 50> <et=0.51> <Mt= 0.00> <Spt= 0.01> <nCl= 30> <al=0.87> <DB= -556.2659> <Mlp= 1336.5728> <PB=860.6> 
<DWph=2> <it= 51> <et=0.52> <Mt= 0.01> <Spt= 0.00> <nCl= 30> <al=0.77> <DB= -970.2884> <Mlp= 1300.9184> <PB=860.6> 
<DWph=2> <it= 52> <et=0.53> <Mt= 0.00> <Spt= 0.01> <nCl= 30> <al=0.79> <DB= -330.2250> <Mlp= 1267.0484> <PB=860.6> 
<DWph=2> <it= 53> <et=0.55> <Mt= 0.01> <Spt= 0.01> <nCl= 30> <al=0.81> <DB= -681.6431> <Mlp= 1224.2770> <PB=860.6> 
<DWph=2> <it= 54> <et=0.56> <Mt= 0.00> <Spt= 0.00> <nCl= 30> <al=0.83> <DB= -494.1932> <Mlp= 1179.8894> <PB=860.6> 
<DWph=2> <it= 55> <et=0.57> <Mt= 0.01> <Spt= 0.01> <nCl= 26> <al=0.85> <DB=  -99.1436> <Mlp= 1170.6337> <PB=860.6> 
<DWph=2> <it= 56> <et=0.58> <Mt= 0.00> <Spt= 0.00> <nCl= 30> <al=0.75> <DB= -488.2577> <Mlp= 1155.4403> <PB=860.6> 
<DWph=2> <it= 57> <et=0.59> <Mt= 0.01> <Spt= 0.01> <nCl= 30> <al=0.77> <DB= -112.1580> <Mlp= 1135.5459> <PB=860.6> 
<DWph=2> <it= 58> <et=0.60> <Mt= 0.00> <Spt= 0.01> <nCl= 30> <al=0.67> <DB= -340.2582> <Mlp= 1115.7115> <PB=860.6> 
<DWph=2> <it= 59> <et=0.61> <Mt= 0.01> <Spt= 0.00> <nCl= 30> <al=0.71> <DB= -203.6564> <Mlp= 1098.4568> <PB=860.6> 
<DWph=2> <it= 60> <et=0.62> <Mt= 0.00> <Spt= 0.01> <nCl= 22> <al=0.74> <DB=   89.2658> <Mlp= 1087.2877> <PB=860.6> 
<DWph=2> <it= 61> <et=0.63> <Mt= 0.01> <Spt= 0.00> <nCl= 30> <al=0.64> <DB= -177.4771> <Mlp= 1073.5798> <PB=860.6> 
<DWph=2> <it= 62> <et=0.65> <Mt= 0.00> <Spt= 0.01> <nCl= 30> <al=0.67> <DB=  175.9062> <Mlp= 1042.1269> <PB=860.6> 
<DWph=2> <it= 63> <et=0.66> <Mt= 0.01> <Spt= 0.01> <nCl= 30> <al=0.70> <DB= -158.9179> <Mlp= 1031.4418> <PB=860.6> 
<DWph=2> <it= 64> <et=0.67> <Mt= 0.00> <Spt= 0.00> <nCl= 30> <al=0.73> <DB=  160.0947> <Mlp= 1013.5999> <PB=860.6> 
<DWph=2> <it= 65> <et=0.68> <Mt= 0.01> <Spt= 0.01> <nCl= 30> <al=0.76> <DB=   39.0341> <Mlp=  987.8684> <PB=860.6> 
<DWph=2> <it= 66> <et=0.69> <Mt= 0.01> <Spt= 0.00> <nCl= 28> <al=0.78> <DB=  244.4564> <Mlp=  981.5969> <PB=860.6> 
<DWph=2> <it= 67> <et=0.70> <Mt= 0.00> <Spt= 0.01> <nCl= 25> <al=0.81> <DB=  401.8969> <Mlp=  980.2802> <PB=860.6> 
<DWph=2> <it= 68> <et=0.71> <Mt= 0.00> <Spt= 0.01> <nCl= 30> <al=0.83> <DB=  327.4331> <Mlp=  963.0201> <PB=860.6> 
<DWph=2> <it= 69> <et=0.73> <Mt= 0.01> <Spt= 0.00> <nCl= 29> <al=0.73> <DB=  348.5782> <Mlp=  946.6545> <PB=860.6> 
<DWph=2> <it= 70> <et=0.74> <Mt= 0.01> <Spt= 0.01> <nCl= 30> <al=0.75> <DB=  262.2387> <Mlp=  919.5840> <PB=860.6> 
<DWph=2> <it= 71> <et=0.75> <Mt= 0.00> <Spt= 0.01> <nCl= 27> <al=0.78> <DB=  385.8485> <Mlp=  910.5664> <PB=860.6> 
<DWph=2> <it= 72> <et=0.76> <Mt= 0.01> <Spt= 0.00> <nCl= 24> <al=0.80> <DB=  454.6222> <Mlp=  905.8934> <PB=860.6> 
<DWph=2> <it= 73> <et=0.77> <Mt= 0.00> <Spt= 0.01> <nCl= 30> <al=0.70> <DB=  324.9509> <Mlp=  901.8141> <PB=860.6> 
<DWph=2> <it= 74> <et=0.79> <Mt= 0.01> <Spt= 0.00> <nCl= 30> <al=0.73> <DB=  495.1424> <Mlp=  883.0361> <PB=860.6> 
<DWph=2> <it= 75> <et=0.80> <Mt= 0.00> <Spt= 0.01> <nCl= 30> <al=0.76> <DB=  489.5261> <Mlp=  880.0429> <PB=860.6> 
<DWph=2> <it= 76> <et=0.81> <Mt= 0.01> <Spt= 0.01> <nCl= 27> <al=0.78> <DB=  513.1904> <Mlp=  879.4082> <PB=860.6> 
<DWph=2> <it= 77> <et=0.82> <Mt= 0.01> <Spt= 0.00> <nCl= 30> <al=0.68> <DB=  344.4476> <Mlp=  872.6852> <PB=860.6> 
<DWph=2> <it= 78> <et=0.83> <Mt= 0.00> <Spt= 0.01> <nCl= 28> <al=0.71> <DB=  605.7131> <Mlp=  870.1545> <PB=860.6> 
<DWph=2> <it= 79> <et=0.84> <Mt= 0.00> <Spt= 0.01> <nCl= 27> <al=0.74> <DB=  439.9236> <Mlp=  870.1545> <PB=860.6> 
<DWph=2> <it= 80> <et=0.85> <Mt= 0.01> <Spt= 0.00> <nCl= 27> <al=0.77> <DB=  507.1475> <Mlp=  870.1545> <PB=860.6> 
<DWph=2> <it= 81> <et=0.86> <Mt= 0.00> <Spt= 0.01> <nCl= 28> <al=0.79> <DB=  579.9917> <Mlp=  870.1272> <PB=860.6> 
<DWph=2> <it= 82> <et=0.87> <Mt= 0.00> <Spt= 0.00> <nCl= 16> <al=0.81> <DB=  635.8438> <Mlp=  869.1764> <PB=860.6> 
<DWph=2> <it= 83> <et=0.88> <Mt= 0.01> <Spt= 0.01> <nCl= 30> <al=0.71> <DB=  459.2435> <Mlp=  866.6058> <PB=860.6> 
<DWph=2> <it= 84> <et=0.89> <Mt= 0.00> <Spt= 0.01> <nCl= 18> <al=0.74> <DB=  552.0709> <Mlp=  866.5430> <PB=860.6> 
<DWph=2> <it= 85> <et=0.90> <Mt= 0.00> <Spt= 0.00> <nCl= 16> <al=0.77> <DB=  549.7489> <Mlp=  866.5379> <PB=860.6> 
<DWph=2> <it= 86> <et=0.91> <Mt= 0.01> <Spt= 0.01> <nCl= 14> <al=0.79> <DB=  679.1133> <Mlp=  866.5379> <PB=860.6> 
<DWph=2> <it= 87> <et=0.92> <Mt= 0.00> <Spt= 0.00> <nCl= 22> <al=0.81> <DB=  402.0750> <Mlp=  865.2498> <PB=860.6> 
<DWph=2> <it= 88> <et=0.93> <Mt= 0.00> <Spt= 0.01> <nCl= 11> <al=0.83> <DB=  635.0861> <Mlp=  864.4561> <PB=860.6> 
<DWph=2> <it= 89> <et=0.93> <Mt= 0.00> <Spt= 0.01> <nCl= 19> <al=0.73> <DB=  659.0494> <Mlp=  864.4561> <PB=860.6> 
<DWph=2> <it= 90> <et=0.94> <Mt= 0.01> <Spt= 0.00> <nCl= 25> <al=0.76> <DB=  678.5362> <Mlp=  863.6649> <PB=860.6> 
<DWph=2> <it= 91> <et=0.95> <Mt= 0.00> <Spt= 0.01> <nCl= 26> <al=0.66> <DB=  717.1486> <Mlp=  863.5904> <PB=860.6> 
<DWph=2> <it= 92> <et=0.96> <Mt= 0.00> <Spt= 0.00> <nCl= 24> <al=0.69> <DB=  706.3685> <Mlp=  861.8773> <PB=860.6> 
<DWph=2> <it= 93> <et=0.97> <Mt= 0.01> <Spt= 0.01> <nCl= 20> <al=0.72> <DB=  627.3297> <Mlp=  861.8773> <PB=860.6> 
<DWph=2> <it= 94> <et=0.98> <Mt= 0.00> <Spt= 0.01> <nCl= 22> <al=0.62> <DB=  664.2330> <Mlp=  853.7133> <PB=860.6> 
<DWph=2> <it= 95> <et=0.99> <Mt= 0.00> <Spt= 0.00> <nCl= 14> <al=0.66> <DB=  732.7117> <Mlp=  853.6412> <PB=860.6> 
<DWph=2> <it= 96> <et=1.00> <Mt= 0.01> <Spt= 0.01> <nCl= 25> <al=0.69> <DB=  721.0959> <Mlp=  853.6412> <PB=860.6> 
<DWph=2> <it= 97> <et=1.01> <Mt= 0.00> <Spt= 0.01> <nCl= 27> <al=0.72> <DB=  631.7572> <Mlp=  853.6412> <PB=860.6> 
<DWph=2> <it= 98> <et=1.02> <Mt= 0.00> <Spt= 0.00> <nCl= 13> <al=0.75> <DB=  768.8737> <Mlp=  853.6412> <PB=860.6> 
<DWph=2> <it= 99> <et=1.03> <Mt= 0.00> <Spt= 0.01> <nCl= 27> <al=0.65> <DB=  725.9419> <Mlp=  853.6412> <PB=860.6> 
<DWph=2> <it=100> <et=1.04> <Mt= 0.01> <Spt= 0.00> <nCl= 20> <al=0.69> <DB=  755.0902> <Mlp=  853.6323> <PB=860.6> 
<DWph=2> <it=101> <et=1.04> <Mt= 0.00> <Spt= 0.01> <nCl= 11> <al=0.72> <DB=  758.3415> <Mlp=  853.6323> <PB=860.6> 
<DWph=2> <it=102> <et=1.05> <Mt= 0.00> <Spt= 0.01> <nCl= 12> <al=0.62> <DB=  762.6811> <Mlp=  853.6171> <PB=860.6> 
<DWph=2> <it=103> <et=1.06> <Mt= 0.00> <Spt= 0.00> <nCl= 13> <al=0.52> <DB=  787.8455> <Mlp=  853.6171> <PB=860.6> 
<DWph=2> <it=104> <et=1.07> <Mt= 0.01> <Spt= 0.01> <nCl= 30> <al=0.42> <DB=  625.9172> <Mlp=  853.6171> <PB=860.6> 
<DWph=2> <it=105> <et=1.08> <Mt= 0.00> <Spt= 0.00> <nCl= 27> <al=0.48> <DB=  689.4564> <Mlp=  853.6171> <PB=860.6> 
<DWph=2> <it=106> <et=1.09> <Mt= 0.00> <Spt= 0.01> <nCl= 28> <al=0.53> <DB=  577.8848> <Mlp=  853.5422> <PB=860.6> 
<DWph=2> <it=107> <et=1.10> <Mt= 0.01> <Spt= 0.01> <nCl= 19> <al=0.58> <DB=  708.6792> <Mlp=  853.5422> <PB=860.6> 
<DWph=2> <it=108> <et=1.11> <Mt= 0.00> <Spt= 0.00> <nCl= 15> <al=0.62> <DB=  802.5621> <Mlp=  853.5422> <PB=860.6> 
<DWph=2> <it=109> <et=1.11> <Mt= 0.00> <Spt= 0.01> <nCl= 16> <al=0.66> <DB=  674.8957> <Mlp=  853.5422> <PB=860.6> 
<DWph=2> <it=110> <et=1.12> <Mt= 0.00> <Spt= 0.00> <nCl= 10> <al=0.69> <DB=  812.9405> <Mlp=  853.5422> <PB=860.6> 
<DWph=2> <it=111> <et=1.13> <Mt= 0.01> <Spt= 0.01> <nCl=  8> <al=0.72> <DB=  719.7698> <Mlp=  853.5422> <PB=860.6> 
<DWph=2> <it=112> <et=1.14> <Mt= 0.00> <Spt= 0.01> <nCl= 10> <al=0.75> <DB=  809.8463> <Mlp=  852.5625> <PB=860.6> 
<DWph=2> <it=113> <et=1.15> <Mt= 0.00> <Spt= 0.00> <nCl=  9> <al=0.65> <DB=  833.7585> <Mlp=  852.5625> <PB=860.6> 
<DWph=2> <it=114> <et=1.15> <Mt= 0.00> <Spt= 0.01> <nCl= 13> <al=0.55> <DB=  653.7382> <Mlp=  852.5625> <PB=860.6> 
<DWph=2> <it=115> <et=1.16> <Mt= 0.00> <Spt= 0.00> <nCl= 10> <al=0.59> <DB=  795.5814> <Mlp=  852.5625> <PB=860.6> 
<DWph=2> <it=116> <et=1.17> <Mt= 0.00> <Spt= 0.01> <nCl=  8> <al=0.49> <DB=  790.0911> <Mlp=  852.5625> <PB=860.6> 
<DWph=2> <it=117> <et=1.18> <Mt= 0.01> <Spt= 0.01> <nCl=  5> <al=0.55> <DB=  835.1205> <Mlp=  852.5625> <PB=860.6> 
<DWph=2> <it=118> <et=1.19> <Mt= 0.00> <Spt= 0.00> <nCl=  9> <al=0.59> <DB=  820.1836> <Mlp=  852.5315> <PB=860.6> 
<DWph=2> <it=119> <et=1.19> <Mt= 0.00> <Spt= 0.01> <nCl=  5> <al=0.49> <DB=  819.9647> <Mlp=  852.5315> <PB=860.6> 
<DWph=2> <it=120> <et=1.21> <Mt= 0.00> <Spt= 0.01> <nCl= 15> <al=0.00> <DB=  792.1336> <Mlp=  852.5315> <PB=860.6> 
<DWph=2> <it=121> <et=1.22> <Mt= 0.00> <Spt= 0.01> <nCl= 14> <al=0.00> <DB=  841.9402> <Mlp=  852.5315> <PB=860.6> 
<DWph=2> <it=122> <et=1.24> <Mt= 0.01> <Spt= 0.02> <nCl=  0> <al=0.00> <DB=  852.5315> <Mlp=  852.5315> <PB=860.6> 
<DWph=1> <it=123> <et=1.26> <Mt= 0.00> <Spt= 0.02> <nCl= 30> <al=0.09> <DB=  518.4787> <Mlp=  852.5315> <PB=860.6> 
<DWph=1> <it=124> <et=1.28> <Mt= 0.00> <Spt= 0.02> <nCl= 30> <al=0.00> <DB=  515.4778> <Mlp=  852.2447> <PB=860.6> 
<DWph=1> <it=125> <et=1.31> <Mt= 0.00> <Spt= 0.01> <nCl= 24> <al=0.09> <DB=  630.7354> <Mlp=  852.2447> <PB=860.6> 
<DWph=1> <it=126> <et=1.33> <Mt= 0.01> <Spt= 0.03> <nCl= 29> <al=0.18> <DB=  635.1066> <Mlp=  846.5583> <PB=860.6> 
<DWph=1> <it=127> <et=1.35> <Mt= 0.00> <Spt= 0.01> <nCl= 30> <al=0.26> <DB=  560.5817> <Mlp=  842.5545> <PB=860.6> 
<DWph=1> <it=128> <et=1.38> <Mt= 0.00> <Spt= 0.02> <nCl= 29> <al=0.34> <DB=  649.3613> <Mlp=  842.5545> <PB=860.6> 
<DWph=1> <it=129> <et=1.40> <Mt= 0.01> <Spt= 0.02> <nCl= 27> <al=0.40> <DB=  642.0471> <Mlp=  842.5545> <PB=860.6> 
<DWph=1> <it=130> <et=1.43> <Mt= 0.00> <Spt= 0.02> <nCl= 24> <al=0.30> <DB=  526.6933> <Mlp=  834.6000> <PB=860.6> 
<DWph=1> <it=131> <et=1.45> <Mt= 0.01> <Spt= 0.02> <nCl= 13> <al=0.37> <DB=  710.5337> <Mlp=  834.6000> <PB=860.6> 
<DWph=1> <it=132> <et=1.47> <Mt= 0.00> <Spt= 0.03> <nCl= 19> <al=0.44> <DB=  660.4168> <Mlp=  834.6000> <PB=860.6> 
<DWph=1> <it=133> <et=1.50> <Mt= 0.01> <Spt= 0.02> <nCl=  8> <al=0.49> <DB=  722.6124> <Mlp=  834.6000> <PB=860.6> 
<DWph=1> <it=134> <et=1.52> <Mt= 0.00> <Spt= 0.02> <nCl= 10> <al=0.54> <DB=  712.1080> <Mlp=  834.6000> <PB=860.6> 
<DWph=1> <it=135> <et=1.54> <Mt= 0.00> <Spt= 0.02> <nCl=  8> <al=0.59> <DB=  693.2668> <Mlp=  834.6000> <PB=860.6> 
<DWph=1> <it=136> <et=1.57> <Mt= 0.00> <Spt= 0.02> <nCl=  6> <al=0.63> <DB=  685.1752> <Mlp=  834.6000> <PB=860.6> 
<DWph=1> <it=137> <et=1.59> <Mt= 0.01> <Spt= 0.02> <nCl=  6> <al=0.67> <DB=  748.7903> <Mlp=  834.6000> <PB=860.6> 
<DWph=1> <it=138> <et=1.61> <Mt= 0.00> <Spt= 0.02> <nCl=  9> <al=0.57> <DB=  737.9936> <Mlp=  834.6000> <PB=860.6> 
<DWph=1> <it=139> <et=1.64> <Mt= 0.00> <Spt= 0.02> <nCl=  6> <al=0.61> <DB=  675.7693> <Mlp=  834.6000> <PB=860.6> 
<DWph=1> <it=140> <et=1.66> <Mt= 0.01> <Spt= 0.02> <nCl=  5> <al=0.65> <DB=  741.9622> <Mlp=  834.6000> <PB=860.6> 
<DWph=1> <it=141> <et=1.68> <Mt= 0.00> <Spt= 0.02> <nCl=  7> <al=0.55> <DB=  736.0664> <Mlp=  834.6000> <PB=860.6> 
<DWph=1> <it=142> <et=1.71> <Mt= 0.00> <Spt= 0.02> <nCl=  3> <al=0.59> <DB=  766.2399> <Mlp=  834.6000> <PB=860.6> 
<DWph=1> <it=143> <et=1.73> <Mt= 0.00> <Spt= 0.02> <nCl= 10> <al=0.49> <DB=  733.3265> <Mlp=  834.6000> <PB=860.6> 
<DWph=1> <it=144> <et=1.76> <Mt= 0.01> <Spt= 0.02> <nCl= 11> <al=0.54> <DB=  775.9374> <Mlp=  834.6000> <PB=860.6> 
<DWph=1> <it=145> <et=1.78> <Mt= 0.00> <Spt= 0.02> <nCl= 11> <al=0.59> <DB=  710.8961> <Mlp=  834.6000> <PB=860.6> 
<DWph=1> <it=146> <et=1.81> <Mt= 0.00> <Spt= 0.02> <nCl=  9> <al=0.63> <DB=  766.1074> <Mlp=  834.6000> <PB=860.6> 
<DWph=1> <it=147> <et=1.83> <Mt= 0.01> <Spt= 0.03> <nCl= 12> <al=0.53> <DB=  723.7535> <Mlp=  834.6000> <PB=860.6> 
<DWph=1> <it=148> <et=1.86> <Mt= 0.00> <Spt= 0.02> <nCl=  5> <al=0.58> <DB=  771.5057> <Mlp=  834.6000> <PB=860.6> 
<DWph=1> <it=149> <et=1.88> <Mt= 0.00> <Spt= 0.02> <nCl=  3> <al=0.62> <DB=  790.4012> <Mlp=  834.6000> <PB=860.6> 
<DWph=1> <it=150> <et=1.90> <Mt= 0.00> <Spt= 0.02> <nCl= 14> <al=0.52> <DB=  789.1303> <Mlp=  834.6000> <PB=860.6> 
<DWph=1> <it=151> <et=1.93> <Mt= 0.01> <Spt= 0.02> <nCl=  3> <al=0.57> <DB=  793.4748> <Mlp=  834.6000> <PB=860.6> 
<DWph=1> <it=152> <et=1.95> <Mt= 0.00> <Spt= 0.02> <nCl=  1> <al=0.61> <DB=  798.1798> <Mlp=  834.6000> <PB=860.6> 
<DWph=1> <it=153> <et=1.98> <Mt= 0.00> <Spt= 0.03> <nCl=  7> <al=0.65> <DB=  807.5600> <Mlp=  834.6000> <PB=860.6> 
<DWph=1> <it=154> <et=2.00> <Mt= 0.00> <Spt= 0.02> <nCl=  3> <al=0.55> <DB=  789.9235> <Mlp=  834.6000> <PB=860.6> 
<DWph=1> <it=155> <et=2.04> <Mt= 0.01> <Spt= 0.04> <nCl=  3> <al=0.19> <DB=  805.8702> <Mlp=  834.6000> <PB=860.6> 
<DWph=1> <it=156> <et=2.07> <Mt= 0.00> <Spt= 0.02> <nCl=  1> <al=0.50> <DB=  821.5399> <Mlp=  834.6000> <PB=860.6> 
<DWph=1> <it=157> <et=2.09> <Mt= 0.00> <Spt= 0.02> <nCl=  1> <al=0.40> <DB=  829.4365> <Mlp=  834.6000> <PB=860.6> 
<DWph=1> <it=158> <et=2.11> <Mt= 0.00> <Spt= 0.02> <nCl=  2> <al=0.30> <DB=  824.1786> <Mlp=  834.6000> <PB=860.6> 
<DWph=1> <it=159> <et=2.16> <Mt= 0.00> <Spt= 0.05> <nCl=  1> <al=0.00> <DB=  833.0815> <Mlp=  834.6000> <PB=860.6> 
<DWph=1> <it=160> <et=2.20> <Mt= 0.00> <Spt= 0.04> <nCl=  0> <al=0.00> <DB=  834.6000> <Mlp=  834.6000> <PB=860.6> 
    RCSP exact solver info for graph G_1 : TT = 0.041185, pt = 6.6e-05, dt = 0.036841, ct = 0.003608, ndl = 10', bdl = 238', odl = 8', odf = 54', bsi = 1', cnt = 35', bdch = 2713', odch = 213', lcp = 266', #sols = 150
<DWph=0> <it=161> <et=2.25> <Mt= 0.01> <Spt= 0.04> <nCl=150> <al=0.17> <DB=  591.6243> <Mlp=  834.6000> <PB=860.6> 
    RCSP exact solver info for graph G_1 : TT = 0.037026, pt = 8.8e-05, dt = 0.032309, ct = 0.003937, ndl = 10', bdl = 268', odl = 9', odf = 54', bsi = 1', cnt = 47', bdch = 2829', odch = 205', lcp = 240', #sols = 150
<DWph=0> <it=162> <et=2.30> <Mt= 0.00> <Spt= 0.05> <nCl=150> <al=0.07> <DB=  634.3996> <Mlp=  827.3000> <PB=827.3> 
    RCSP exact solver info for graph G_1 : TT = 0.037868, pt = 8.5e-05, dt = 0.032901, ct = 0.004161, ndl = 11', bdl = 261', odl = 9', odf = 56', bsi = 1', cnt = 61', bdch = 3024', odch = 231', lcp = 258', #sols = 150
<DWph=0> <it=163> <et=2.36> <Mt= 0.01> <Spt= 0.05> <nCl=150> <al=0.16> <DB=  734.8481> <Mlp=  827.3000> <PB=827.3> 
    RCSP exact solver info for graph G_1 : TT = 0.034701, pt = 8.7e-05, dt = 0.029992, ct = 0.003821, ndl = 10', bdl = 238', odl = 9', odf = 54', bsi = 1', cnt = 41', bdch = 2606', odch = 208', lcp = 232', #sols = 150
<DWph=0> <it=164> <et=2.40> <Mt= 0.01> <Spt= 0.04> <nCl= 66> <al=0.24> <DB=  789.6613> <Mlp=  826.3000> <PB=826.3> 
    RCSP exact solver info for graph G_1 : TT = 0.034386, pt = 8.3e-05, dt = 0.029832, ct = 0.003659, ndl = 10', bdl = 241', odl = 9', odf = 53', bsi = 1', cnt = 39', bdch = 2616', odch = 200', lcp = 230', #sols = 150
<DWph=0> <it=165> <et=2.44> <Mt= 0.00> <Spt= 0.03> <nCl= 22> <al=0.14> <DB=  810.1408> <Mlp=  826.3000> <PB=826.3> 
    RCSP exact solver info for graph G_1 : TT = 0.034381, pt = 8e-05, dt = 0.02983, ct = 0.003675, ndl = 10', bdl = 241', odl = 9', odf = 54', bsi = 1', cnt = 39', bdch = 2624', odch = 201', lcp = 231', #sols = 150
    RCSP exact solver info for graph G_1 : TT = 0.033698, pt = 7.6e-05, dt = 0.029188, ct = 0.003661, ndl = 10', bdl = 237', odl = 9', odf = 53', bsi = 1', cnt = 45', bdch = 2521', odch = 197', lcp = 226', #sols = 150
<DWph=0> <it=166> <et=2.52> <Mt= 0.00> <Spt= 0.08> <nCl= 29> <al=0.00> <DB=  826.3000> <Mlp=  826.3000> <PB=826.3> 
Dynamic params and stats :  bidir.bord. = 520.5 aver.obdmd = 6.96078 aver.buck.num. = 18.2353
@@ 1 0 826.3 0.035345 0.040449 61.3124 2.52
ColGenEvalAlg final dual bound: 826.3 (rounded: 826.3)
New model incumbent solution 826.3, TIME = 0h0m2s52t = 252
************************************************************************************************
Search is finished, global bounds : [ 826.3 , 826.3 ], TIME = 0h0m2s53t = 253
************************************************************************************************
instance_name solver_name ext_heuristic solution_value solution_time best_lb root_lb root_time nb_branch_and_bound_nodes status
/home/logis/Downloads/VRPSolverEasy/VRPSolverEasy/demos/data/CVRPTW/C103 CLP False 826.3000000011555 2.5300515089999998 826.2999999999968 826.2999999999968 2.529735924 1 0

