Time resource is critical for vehicle type 1 (19,2)
Capacity resource will be imposed in pricing (0.733333)
Node memory for rank-1 cuts will be used (8.7619)
~~~~~~~~~~~~~~~~~~~~~~~~~~~~~~~~~~~~~~~~~~~~~~~~~~~~~~~~~~~~~~~~~~~~~~~~~~~~~~~~~~~~~
VRPSolver v0.5.27, 24/02/2023, © Inria Bordeaux, France, vrpsolver.math.u-bordeaux.fr
      Corresponds to the solver by Pessoa, Sadykov, Uchoa and Vanderbeck (2020)
                 Paper: dx.doi.org/10.1007/s10107-020-01523-z
~~~~~~~~~~~~~~~~~~~~~~~~~~~~~~~~~~~~~~~~~~~~~~~~~~~~~~~~~~~~~~~~~~~~~~~~~~~~~~~~~~~~~
   BaPCod v0.77, 15/03/2023, © Inria Bordeaux, France, bapcod.math.u-bordeaux.fr 
           THIS CODE IS PROVIDED AS IS, USE IT AT YOUR OWN RISK
~~~~~~~~~~~~~~~~~~~~~~~~~~~~~~~~~~~~~~~~~~~~~~~~~~~~~~~~~~~~~~~~~~~~~~~~~~~~~~~~~~~~~
Bucket steps were recalculated for graph G_1 : [247.2, 40]
RCSP solver info : non-symmetric case as the resource 0 consumption for the reverse arc of 0->100 is not the same : 38 against 128
Bidirectional border value is initialised to 530.8
RCSP solver info : number of forw. reachable buckets / buck. strongly connected components is 2390( 97.1545% ) / 660( 27.6151% )
RCSP solver info : number of back. reachable buckets / buck. strongly connected components is 2431( 98.8211% ) / 671( 27.6018% )
Generating neighbourhoods for rank-1 cuts separation
Building structures for 4- and 5-row rank-1 packing cut separation...done!
Model is built TIME = 0h0m0s11t = 11
************************************************************************************************
**** BaB tree root node
**** Local DB = -1e+12, global bounds : [ -1e+12 , 872.3 ], TIME = 0h0m0s11t = 11
**** 1 open nodes, 0 columns (0 active), 0 dyn. constrs. (0 active), 202 art. vars. (202 active)
************************************************************************************************
#<DWph=2> <it=  1> <et=0.13> <Mt= 0.00> <Spt= 0.00> <nCl= 30> <al=0.00> <DB=-416554.0000> <Mlp=219819.6000> <PB=872.3> 
#<DWph=2> <it=  2> <et=0.13> <Mt= 0.00> <Spt= 0.01> <nCl= 30> <al=0.55> <DB=-427236.3500> <Mlp=193736.6000> <PB=872.3> 
#<DWph=2> <it=  3> <et=0.14> <Mt= 0.00> <Spt= 0.01> <nCl= 30> <al=0.60> <DB=-439185.9130> <Mlp=162605.0000> <PB=872.3> 
#<DWph=2> <it=  4> <et=0.15> <Mt= 0.00> <Spt= 0.01> <nCl= 30> <al=0.64> <DB=-443764.6559> <Mlp=140730.6400> <PB=872.3> 
#<DWph=2> <it=  5> <et=0.16> <Mt= 0.00> <Spt= 0.00> <nCl= 30> <al=0.67> <DB=-444952.8237> <Mlp=128358.4700> <PB=872.3> 
#<DWph=2> <it=  6> <et=0.17> <Mt= 0.00> <Spt= 0.01> <nCl= 30> <al=0.70> <DB=-438693.1286> <Mlp=116437.7178> <PB=872.3> 
#<DWph=2> <it=  7> <et=0.18> <Mt= 0.00> <Spt= 0.01> <nCl= 30> <al=0.73> <DB=-420427.7398> <Mlp=98145.1633> <PB=872.3> 
#<DWph=2> <it=  8> <et=0.19> <Mt= 0.00> <Spt= 0.01> <nCl= 30> <al=0.76> <DB=-371287.9753> <Mlp=87922.9400> <PB=872.3> 
#<DWph=2> <it=  9> <et=0.19> <Mt= 0.00> <Spt= 0.01> <nCl= 30> <al=0.66> <DB=-483481.8172> <Mlp=80485.6875> <PB=872.3> 
#<DWph=2> <it= 10> <et=0.20> <Mt= 0.00> <Spt= 0.00> <nCl= 30> <al=0.69> <DB=-404865.5664> <Mlp=67380.7800> <PB=872.3> 
#<DWph=2> <it= 11> <et=0.21> <Mt= 0.00> <Spt= 0.01> <nCl= 30> <al=0.73> <DB=-409078.6241> <Mlp=56536.8768> <PB=872.3> 
#<DWph=2> <it= 12> <et=0.22> <Mt= 0.00> <Spt= 0.01> <nCl= 30> <al=0.75> <DB=-382665.1638> <Mlp=47359.6224> <PB=872.3> 
#<DWph=2> <it= 13> <et=0.23> <Mt= 0.00> <Spt= 0.01> <nCl= 30> <al=0.78> <DB=-366258.3043> <Mlp=45183.3026> <PB=872.3> 
#<DWph=2> <it= 14> <et=0.24> <Mt= 0.00> <Spt= 0.01> <nCl= 30> <al=0.68> <DB=-384037.7993> <Mlp=40233.3960> <PB=872.3> 
#<DWph=2> <it= 15> <et=0.25> <Mt= 0.01> <Spt= 0.00> <nCl= 30> <al=0.71> <DB=-408045.2442> <Mlp=35667.8544> <PB=872.3> 
#<DWph=2> <it= 16> <et=0.26> <Mt= 0.00> <Spt= 0.01> <nCl= 30> <al=0.74> <DB=-355354.8140> <Mlp=31923.2077> <PB=872.3> 
#<DWph=2> <it= 17> <et=0.27> <Mt= 0.00> <Spt= 0.01> <nCl= 30> <al=0.76> <DB=-348388.5222> <Mlp=28921.0111> <PB=872.3> 
#<DWph=2> <it= 18> <et=0.28> <Mt= 0.00> <Spt= 0.01> <nCl= 30> <al=0.66> <DB=-310185.4186> <Mlp=25588.8775> <PB=872.3> 
#<DWph=2> <it= 19> <et=0.29> <Mt= 0.00> <Spt= 0.00> <nCl= 30> <al=0.70> <DB=-298534.3208> <Mlp=20394.2497> <PB=872.3> 
#<DWph=2> <it= 20> <et=0.30> <Mt= 0.01> <Spt= 0.01> <nCl= 30> <al=0.73> <DB=-296657.1060> <Mlp=18052.7580> <PB=872.3> 
#<DWph=2> <it= 21> <et=0.31> <Mt= 0.00> <Spt= 0.01> <nCl= 30> <al=0.76> <DB=-268764.3445> <Mlp=14171.9800> <PB=872.3> 
#<DWph=2> <it= 22> <et=0.32> <Mt= 0.00> <Spt= 0.01> <nCl= 30> <al=0.66> <DB=-231563.6281> <Mlp=11651.0530> <PB=872.3> 
#<DWph=2> <it= 23> <et=0.33> <Mt= 0.00> <Spt= 0.00> <nCl= 30> <al=0.56> <DB=-177953.3104> <Mlp= 8163.4189> <PB=872.3> 
#<DWph=2> <it= 24> <et=0.34> <Mt= 0.01> <Spt= 0.01> <nCl= 30> <al=0.60> <DB=-198770.8258> <Mlp= 7111.9673> <PB=872.3> 
#<DWph=2> <it= 25> <et=0.35> <Mt= 0.00> <Spt= 0.01> <nCl= 30> <al=0.64> <DB=-186737.6550> <Mlp= 6122.3715> <PB=872.3> 
#<DWph=2> <it= 26> <et=0.36> <Mt= 0.00> <Spt= 0.01> <nCl= 30> <al=0.68> <DB=-139074.1500> <Mlp= 5313.4117> <PB=872.3> 
#<DWph=2> <it= 27> <et=0.37> <Mt= 0.01> <Spt= 0.00> <nCl= 30> <al=0.71> <DB=-124387.1040> <Mlp= 4123.2142> <PB=872.3> 
#<DWph=2> <it= 28> <et=0.38> <Mt= 0.00> <Spt= 0.01> <nCl= 30> <al=0.74> <DB=-114521.0768> <Mlp= 3301.9977> <PB=872.3> 
#<DWph=2> <it= 29> <et=0.39> <Mt= 0.00> <Spt= 0.01> <nCl= 30> <al=0.76> <DB=-102542.0399> <Mlp= 2898.8174> <PB=872.3> 
#<DWph=2> <it= 30> <et=0.40> <Mt= 0.01> <Spt= 0.01> <nCl= 30> <al=0.66> <DB=-80453.9115> <Mlp= 2622.0197> <PB=872.3> 
#<DWph=2> <it= 31> <et=0.42> <Mt= 0.00> <Spt= 0.01> <nCl= 30> <al=0.56> <DB=-39703.0228> <Mlp= 2386.3527> <PB=872.3> 
#<DWph=2> <it= 32> <et=0.43> <Mt= 0.00> <Spt= 0.00> <nCl= 30> <al=0.46> <DB=-12749.2473> <Mlp= 2306.0580> <PB=872.3> 
#<DWph=2> <it= 33> <et=0.43> <Mt= 0.01> <Spt= 0.01> <nCl= 30> <al=0.36> <DB=-7709.8066> <Mlp= 2274.1208> <PB=872.3> 
<DWph=2> <it= 34> <et=0.45> <Mt= 0.00> <Spt= 0.01> <nCl= 30> <al=0.26> <DB=-1211.9075> <Mlp= 1921.5042> <PB=872.3> 
<DWph=2> <it= 35> <et=0.46> <Mt= 0.01> <Spt= 0.00> <nCl= 30> <al=0.34> <DB=-3679.6204> <Mlp= 1833.9390> <PB=872.3> 
<DWph=2> <it= 36> <et=0.47> <Mt= 0.00> <Spt= 0.01> <nCl= 30> <al=0.40> <DB=-3033.2660> <Mlp= 1806.0632> <PB=872.3> 
<DWph=2> <it= 37> <et=0.48> <Mt= 0.00> <Spt= 0.01> <nCl= 30> <al=0.46> <DB=-2720.8008> <Mlp= 1768.5835> <PB=872.3> 
<DWph=2> <it= 38> <et=0.49> <Mt= 0.01> <Spt= 0.01> <nCl= 30> <al=0.52> <DB=-1988.6107> <Mlp= 1734.3521> <PB=872.3> 
<DWph=2> <it= 39> <et=0.51> <Mt= 0.00> <Spt= 0.01> <nCl= 30> <al=0.57> <DB=-1013.6762> <Mlp= 1678.0759> <PB=872.3> 
<DWph=2> <it= 40> <et=0.52> <Mt= 0.00> <Spt= 0.01> <nCl= 30> <al=0.61> <DB=-5625.9688> <Mlp= 1667.2862> <PB=872.3> 
<DWph=2> <it= 41> <et=0.53> <Mt= 0.01> <Spt= 0.00> <nCl= 30> <al=0.65> <DB=-2005.8829> <Mlp= 1622.0277> <PB=872.3> 
<DWph=2> <it= 42> <et=0.54> <Mt= 0.00> <Spt= 0.01> <nCl= 30> <al=0.68> <DB=-1045.4654> <Mlp= 1586.0095> <PB=872.3> 
<DWph=2> <it= 43> <et=0.56> <Mt= 0.00> <Spt= 0.01> <nCl= 30> <al=0.71> <DB=-1618.4698> <Mlp= 1540.2056> <PB=872.3> 
<DWph=2> <it= 44> <et=0.57> <Mt= 0.00> <Spt= 0.01> <nCl= 30> <al=0.74> <DB= -803.0700> <Mlp= 1516.2152> <PB=872.3> 
<DWph=2> <it= 45> <et=0.58> <Mt= 0.01> <Spt= 0.01> <nCl= 30> <al=0.77> <DB= -783.1177> <Mlp= 1478.4580> <PB=872.3> 
<DWph=2> <it= 46> <et=0.59> <Mt= 0.00> <Spt= 0.01> <nCl= 30> <al=0.79> <DB=-1530.6636> <Mlp= 1415.9273> <PB=872.3> 
<DWph=2> <it= 47> <et=0.61> <Mt= 0.01> <Spt= 0.01> <nCl= 30> <al=0.81> <DB= -526.4326> <Mlp= 1365.9670> <PB=872.3> 
<DWph=2> <it= 48> <et=0.62> <Mt= 0.00> <Spt= 0.01> <nCl= 30> <al=0.83> <DB= -390.2624> <Mlp= 1330.7947> <PB=872.3> 
<DWph=2> <it= 49> <et=0.63> <Mt= 0.01> <Spt= 0.01> <nCl= 30> <al=0.85> <DB= -358.8482> <Mlp= 1283.6177> <PB=872.3> 
<DWph=2> <it= 50> <et=0.65> <Mt= 0.00> <Spt= 0.00> <nCl= 30> <al=0.75> <DB= -329.0051> <Mlp= 1261.1250> <PB=872.3> 
<DWph=2> <it= 51> <et=0.66> <Mt= 0.00> <Spt= 0.01> <nCl= 30> <al=0.77> <DB= -262.3259> <Mlp= 1232.4763> <PB=872.3> 
<DWph=2> <it= 52> <et=0.67> <Mt= 0.01> <Spt= 0.01> <nCl= 30> <al=0.67> <DB= -535.4466> <Mlp= 1194.4649> <PB=872.3> 
<DWph=2> <it= 53> <et=0.69> <Mt= 0.00> <Spt= 0.01> <nCl= 30> <al=0.71> <DB=   29.4695> <Mlp= 1159.8045> <PB=872.3> 
<DWph=2> <it= 54> <et=0.70> <Mt= 0.01> <Spt= 0.01> <nCl= 30> <al=0.74> <DB= -134.7090> <Mlp= 1147.4800> <PB=872.3> 
<DWph=2> <it= 55> <et=0.71> <Mt= 0.00> <Spt= 0.01> <nCl= 30> <al=0.76> <DB=  -27.0715> <Mlp= 1106.2591> <PB=872.3> 
<DWph=2> <it= 56> <et=0.73> <Mt= 0.01> <Spt= 0.01> <nCl= 30> <al=0.66> <DB= -137.3646> <Mlp= 1082.4122> <PB=872.3> 
<DWph=2> <it= 57> <et=0.74> <Mt= 0.00> <Spt= 0.01> <nCl= 30> <al=0.70> <DB=  208.1043> <Mlp= 1053.3982> <PB=872.3> 
<DWph=2> <it= 58> <et=0.75> <Mt= 0.00> <Spt= 0.01> <nCl= 30> <al=0.60> <DB=  264.8697> <Mlp= 1044.6737> <PB=872.3> 
<DWph=2> <it= 59> <et=0.76> <Mt= 0.01> <Spt= 0.01> <nCl= 30> <al=0.64> <DB=  372.9833> <Mlp= 1024.8230> <PB=872.3> 
<DWph=2> <it= 60> <et=0.78> <Mt= 0.00> <Spt= 0.00> <nCl= 30> <al=0.67> <DB=  416.3452> <Mlp= 1009.7214> <PB=872.3> 
<DWph=2> <it= 61> <et=0.79> <Mt= 0.00> <Spt= 0.01> <nCl= 29> <al=0.71> <DB=  577.4944> <Mlp=  990.0313> <PB=872.3> 
<DWph=2> <it= 62> <et=0.80> <Mt= 0.01> <Spt= 0.01> <nCl= 30> <al=0.61> <DB=  406.3222> <Mlp=  969.0236> <PB=872.3> 
<DWph=2> <it= 63> <et=0.82> <Mt= 0.00> <Spt= 0.01> <nCl= 30> <al=0.64> <DB=  657.1053> <Mlp=  951.8605> <PB=872.3> 
<DWph=2> <it= 64> <et=0.83> <Mt= 0.01> <Spt= 0.01> <nCl= 30> <al=0.68> <DB=  440.9241> <Mlp=  935.2423> <PB=872.3> 
<DWph=2> <it= 65> <et=0.84> <Mt= 0.00> <Spt= 0.01> <nCl= 30> <al=0.71> <DB=  673.8232> <Mlp=  930.3514> <PB=872.3> 
<DWph=2> <it= 66> <et=0.85> <Mt= 0.00> <Spt= 0.01> <nCl= 30> <al=0.74> <DB=  475.6356> <Mlp=  908.5043> <PB=872.3> 
<DWph=2> <it= 67> <et=0.87> <Mt= 0.01> <Spt= 0.01> <nCl= 26> <al=0.77> <DB=  681.2550> <Mlp=  896.4852> <PB=872.3> 
<DWph=2> <it= 68> <et=0.88> <Mt= 0.00> <Spt= 0.01> <nCl= 30> <al=0.79> <DB=  631.4727> <Mlp=  891.6937> <PB=872.3> 
<DWph=2> <it= 69> <et=0.91> <Mt= 0.02> <Spt= 0.01> <nCl= 30> <al=0.69> <DB=  637.0216> <Mlp=  878.3202> <PB=872.3> 
<DWph=2> <it= 70> <et=0.93> <Mt= 0.01> <Spt= 0.01> <nCl= 30> <al=0.72> <DB=  747.6489> <Mlp=  874.1411> <PB=872.3> 
<DWph=2> <it= 71> <et=0.94> <Mt= 0.00> <Spt= 0.01> <nCl= 30> <al=0.75> <DB=  582.8746> <Mlp=  870.7396> <PB=872.3> 
<DWph=2> <it= 72> <et=0.95> <Mt= 0.01> <Spt= 0.01> <nCl= 30> <al=0.77> <DB=  627.1977> <Mlp=  869.6852> <PB=872.3> 
<DWph=2> <it= 73> <et=0.97> <Mt= 0.00> <Spt= 0.00> <nCl= 29> <al=0.80> <DB=  734.6030> <Mlp=  869.6164> <PB=872.3> 
<DWph=2> <it= 74> <et=0.98> <Mt= 0.00> <Spt= 0.01> <nCl= 16> <al=0.82> <DB=  705.3612> <Mlp=  869.0450> <PB=872.3> 
<DWph=2> <it= 75> <et=0.99> <Mt= 0.01> <Spt= 0.01> <nCl= 29> <al=0.72> <DB=  736.1927> <Mlp=  866.9552> <PB=872.3> 
<DWph=2> <it= 76> <et=1.00> <Mt= 0.00> <Spt= 0.01> <nCl= 19> <al=0.75> <DB=  765.4762> <Mlp=  863.4309> <PB=872.3> 
<DWph=2> <it= 77> <et=1.02> <Mt= 0.00> <Spt= 0.01> <nCl= 30> <al=0.77> <DB=  611.1953> <Mlp=  863.2472> <PB=872.3> 
<DWph=2> <it= 78> <et=1.03> <Mt= 0.00> <Spt= 0.01> <nCl= 22> <al=0.79> <DB=  608.5312> <Mlp=  859.0114> <PB=872.3> 
<DWph=2> <it= 79> <et=1.04> <Mt= 0.01> <Spt= 0.01> <nCl= 26> <al=0.69> <DB=  519.1062> <Mlp=  853.0918> <PB=872.3> 
<DWph=2> <it= 80> <et=1.05> <Mt= 0.00> <Spt= 0.01> <nCl= 23> <al=0.72> <DB=  702.1751> <Mlp=  852.6158> <PB=872.3> 
<DWph=2> <it= 81> <et=1.07> <Mt= 0.01> <Spt= 0.01> <nCl= 30> <al=0.75> <DB=  682.4094> <Mlp=  851.2892> <PB=872.3> 
<DWph=2> <it= 82> <et=1.09> <Mt= 0.01> <Spt= 0.01> <nCl= 29> <al=0.65> <DB=  697.9374> <Mlp=  846.7325> <PB=872.3> 
<DWph=2> <it= 83> <et=1.10> <Mt= 0.00> <Spt= 0.01> <nCl= 27> <al=0.69> <DB=  759.3858> <Mlp=  844.6186> <PB=872.3> 
<DWph=2> <it= 84> <et=1.11> <Mt= 0.00> <Spt= 0.01> <nCl= 13> <al=0.72> <DB=  787.3723> <Mlp=  844.6186> <PB=872.3> 
<DWph=2> <it= 85> <et=1.13> <Mt= 0.01> <Spt= 0.00> <nCl= 30> <al=0.62> <DB=  605.0525> <Mlp=  844.6123> <PB=872.3> 
<DWph=2> <it= 86> <et=1.15> <Mt= 0.01> <Spt= 0.01> <nCl= 30> <al=0.66> <DB=  675.7357> <Mlp=  843.4644> <PB=872.3> 
<DWph=2> <it= 87> <et=1.17> <Mt= 0.01> <Spt= 0.01> <nCl= 17> <al=0.69> <DB=  825.2022> <Mlp=  840.9425> <PB=872.3> 
<DWph=2> <it= 88> <et=1.18> <Mt= 0.00> <Spt= 0.01> <nCl= 27> <al=0.59> <DB=  753.4445> <Mlp=  840.8824> <PB=872.3> 
<DWph=2> <it= 89> <et=1.19> <Mt= 0.00> <Spt= 0.01> <nCl= 26> <al=0.63> <DB=  697.8514> <Mlp=  840.2578> <PB=872.3> 
<DWph=2> <it= 90> <et=1.20> <Mt= 0.00> <Spt= 0.01> <nCl= 25> <al=0.67> <DB=  752.2196> <Mlp=  839.6543> <PB=872.3> 
<DWph=2> <it= 91> <et=1.21> <Mt= 0.01> <Spt= 0.01> <nCl= 27> <al=0.70> <DB=  741.0027> <Mlp=  834.5918> <PB=872.3> 
<DWph=2> <it= 92> <et=1.22> <Mt= 0.00> <Spt= 0.01> <nCl= 22> <al=0.73> <DB=  775.0405> <Mlp=  833.6624> <PB=872.3> 
<DWph=2> <it= 93> <et=1.23> <Mt= 0.00> <Spt= 0.01> <nCl= 13> <al=0.76> <DB=  822.2089> <Mlp=  833.3875> <PB=872.3> 
<DWph=2> <it= 94> <et=1.24> <Mt= 0.00> <Spt= 0.01> <nCl= 13> <al=0.66> <DB=  762.9992> <Mlp=  833.3875> <PB=872.3> 
<DWph=2> <it= 95> <et=1.25> <Mt= 0.00> <Spt= 0.01> <nCl=  8> <al=0.56> <DB=  819.1538> <Mlp=  833.3875> <PB=872.3> 
<DWph=2> <it= 96> <et=1.26> <Mt= 0.00> <Spt= 0.01> <nCl= 20> <al=0.46> <DB=  819.2041> <Mlp=  833.0241> <PB=872.3> 
<DWph=2> <it= 97> <et=1.28> <Mt= 0.00> <Spt= 0.01> <nCl= 12> <al=0.51> <DB=  770.8087> <Mlp=  832.8243> <PB=872.3> 
<DWph=2> <it= 98> <et=1.29> <Mt= 0.01> <Spt= 0.00> <nCl=  8> <al=0.56> <DB=  832.8877> <Mlp=  830.2243> <PB=872.3> 
<DWph=1> <it= 99> <et=1.32> <Mt= 0.00> <Spt= 0.04> <nCl= 30> <al=0.61> <DB=  592.7363> <Mlp=  830.2243> <PB=872.3> 
<DWph=1> <it=100> <et=1.37> <Mt= 0.00> <Spt= 0.04> <nCl= 17> <al=0.64> <DB=  667.5697> <Mlp=  829.8818> <PB=872.3> 
<DWph=1> <it=101> <et=1.41> <Mt= 0.00> <Spt= 0.04> <nCl= 16> <al=0.68> <DB=  719.4181> <Mlp=  829.6574> <PB=872.3> 
<DWph=1> <it=102> <et=1.45> <Mt= 0.00> <Spt= 0.04> <nCl= 29> <al=0.58> <DB=  680.2287> <Mlp=  828.6862> <PB=872.3> 
<DWph=1> <it=103> <et=1.49> <Mt= 0.00> <Spt= 0.04> <nCl= 19> <al=0.62> <DB=  742.0009> <Mlp=  828.5907> <PB=872.3> 
<DWph=1> <it=104> <et=1.53> <Mt= 0.01> <Spt= 0.04> <nCl= 18> <al=0.66> <DB=  717.0742> <Mlp=  828.2455> <PB=872.3> 
<DWph=1> <it=105> <et=1.58> <Mt= 0.00> <Spt= 0.04> <nCl= 30> <al=0.56> <DB=  538.5508> <Mlp=  824.6673> <PB=872.3> 
<DWph=1> <it=106> <et=1.62> <Mt= 0.01> <Spt= 0.03> <nCl= 29> <al=0.60> <DB=  617.2716> <Mlp=  824.4467> <PB=872.3> 
<DWph=1> <it=107> <et=1.66> <Mt= 0.00> <Spt= 0.04> <nCl= 22> <al=0.64> <DB=  728.6149> <Mlp=  824.4467> <PB=872.3> 
<DWph=1> <it=108> <et=1.70> <Mt= 0.00> <Spt= 0.04> <nCl=  9> <al=0.68> <DB=  749.3974> <Mlp=  824.4467> <PB=872.3> 
<DWph=1> <it=109> <et=1.74> <Mt= 0.00> <Spt= 0.04> <nCl= 25> <al=0.71> <DB=  659.4136> <Mlp=  824.0467> <PB=872.3> 
<DWph=1> <it=110> <et=1.78> <Mt= 0.00> <Spt= 0.04> <nCl=  9> <al=0.74> <DB=  739.9152> <Mlp=  823.9821> <PB=872.3> 
<DWph=1> <it=111> <et=1.82> <Mt= 0.01> <Spt= 0.04> <nCl= 10> <al=0.64> <DB=  728.2130> <Mlp=  823.9686> <PB=872.3> 
<DWph=1> <it=112> <et=1.86> <Mt= 0.00> <Spt= 0.04> <nCl=  9> <al=0.68> <DB=  747.1817> <Mlp=  823.9686> <PB=872.3> 
<DWph=1> <it=113> <et=1.90> <Mt= 0.00> <Spt= 0.04> <nCl= 10> <al=0.58> <DB=  758.5388> <Mlp=  823.9686> <PB=872.3> 
<DWph=1> <it=114> <et=1.94> <Mt= 0.00> <Spt= 0.03> <nCl= 26> <al=0.48> <DB=  635.9234> <Mlp=  823.9686> <PB=872.3> 
<DWph=1> <it=115> <et=1.98> <Mt= 0.00> <Spt= 0.04> <nCl= 21> <al=0.53> <DB=  712.6750> <Mlp=  823.9457> <PB=872.3> 
<DWph=1> <it=116> <et=2.02> <Mt= 0.01> <Spt= 0.04> <nCl= 14> <al=0.58> <DB=  756.4343> <Mlp=  823.9457> <PB=872.3> 
<DWph=1> <it=117> <et=2.06> <Mt= 0.00> <Spt= 0.04> <nCl= 12> <al=0.48> <DB=  758.1316> <Mlp=  823.9457> <PB=872.3> 
<DWph=1> <it=118> <et=2.10> <Mt= 0.00> <Spt= 0.03> <nCl= 11> <al=0.53> <DB=  751.2723> <Mlp=  823.9457> <PB=872.3> 
<DWph=1> <it=119> <et=2.14> <Mt= 0.00> <Spt= 0.04> <nCl= 13> <al=0.43> <DB=  767.7145> <Mlp=  823.9457> <PB=872.3> 
<DWph=1> <it=120> <et=2.18> <Mt= 0.00> <Spt= 0.04> <nCl= 18> <al=0.49> <DB=  729.3186> <Mlp=  823.9457> <PB=872.3> 
<DWph=1> <it=121> <et=2.22> <Mt= 0.00> <Spt= 0.04> <nCl=  9> <al=0.54> <DB=  755.9587> <Mlp=  823.9457> <PB=872.3> 
<DWph=1> <it=122> <et=2.26> <Mt= 0.01> <Spt= 0.04> <nCl=  5> <al=0.58> <DB=  796.7368> <Mlp=  823.9457> <PB=872.3> 
<DWph=1> <it=123> <et=2.30> <Mt= 0.00> <Spt= 0.04> <nCl= 10> <al=0.48> <DB=  804.0136> <Mlp=  823.9457> <PB=872.3> 
<DWph=1> <it=124> <et=2.34> <Mt= 0.00> <Spt= 0.04> <nCl= 10> <al=0.53> <DB=  793.4894> <Mlp=  823.9457> <PB=872.3> 
<DWph=1> <it=125> <et=2.38> <Mt= 0.00> <Spt= 0.04> <nCl=  3> <al=0.58> <DB=  812.6764> <Mlp=  823.9457> <PB=872.3> 
<DWph=1> <it=126> <et=2.42> <Mt= 0.00> <Spt= 0.03> <nCl=  2> <al=0.48> <DB=  816.9482> <Mlp=  823.9457> <PB=872.3> 
<DWph=1> <it=127> <et=2.46> <Mt= 0.00> <Spt= 0.04> <nCl=  8> <al=0.53> <DB=  813.3989> <Mlp=  823.9457> <PB=872.3> 
<DWph=1> <it=128> <et=2.50> <Mt= 0.00> <Spt= 0.04> <nCl=  1> <al=0.58> <DB=  818.4819> <Mlp=  823.9457> <PB=872.3> 
<DWph=1> <it=129> <et=2.54> <Mt= 0.00> <Spt= 0.04> <nCl=  5> <al=0.62> <DB=  820.5480> <Mlp=  823.9457> <PB=872.3> 
<DWph=1> <it=130> <et=2.62> <Mt= 0.00> <Spt= 0.08> <nCl=  2> <al=0.04> <DB=  822.7061> <Mlp=  823.9457> <PB=872.3> 
<DWph=1> <it=131> <et=2.66> <Mt= 0.00> <Spt= 0.04> <nCl=  2> <al=0.42> <DB=  823.4228> <Mlp=  823.9457> <PB=872.3> 
<DWph=1> <it=132> <et=2.70> <Mt= 0.01> <Spt= 0.04> <nCl=  1> <al=0.32> <DB=  823.5787> <Mlp=  823.9457> <PB=872.3> 
<DWph=1> <it=133> <et=2.78> <Mt= 0.00> <Spt= 0.08> <nCl=  3> <al=0.00> <DB=  823.9457> <Mlp=  823.9457> <PB=872.3> 
    RCSP exact solver info for graph G_1 : TT = 0.12794, pt = 8.5e-05, dt = 0.120044, ct = 0.007042, ndl = 24', bdl = 793', odl = 20', odf = 131', bsi = 2', cnt = 77', bdch = 15329', odch = 919', lcp = 1083', #sols = 150
<DWph=0> <it=134> <et=2.91> <Mt= 0.00> <Spt= 0.13> <nCl=150> <al=0.29> <DB=  630.1253> <Mlp=  823.9457> <PB=872.3> 
    RCSP exact solver info for graph G_1 : TT = 0.117538, pt = 0.000119, dt = 0.107413, ct = 0.009236, ndl = 23', bdl = 812', odl = 21', odf = 123', bsi = 2', cnt = 91', bdch = 14867', odch = 763', lcp = 965', #sols = 150
<DWph=0> <it=135> <et=3.04> <Mt= 0.00> <Spt= 0.13> <nCl=140> <al=0.19> <DB=  738.1567> <Mlp=  823.9457> <PB=872.3> 
    RCSP exact solver info for graph G_1 : TT = 0.112115, pt = 0.000117, dt = 0.10166, ct = 0.009409, ndl = 23', bdl = 780', odl = 20', odf = 119', bsi = 2', cnt = 86', bdch = 13966', odch = 701', lcp = 881', #sols = 150
<DWph=0> <it=136> <et=3.16> <Mt= 0.00> <Spt= 0.11> <nCl= 90> <al=0.27> <DB=  762.7018> <Mlp=  823.5525> <PB=872.3> 
    RCSP exact solver info for graph G_1 : TT = 0.107831, pt = 0.00012, dt = 0.099166, ct = 0.007728, ndl = 23', bdl = 758', odl = 18', odf = 122', bsi = 2', cnt = 81', bdch = 13721', odch = 774', lcp = 905', #sols = 150
<DWph=0> <it=137> <et=3.28> <Mt= 0.00> <Spt= 0.12> <nCl= 43> <al=0.34> <DB=  792.3391> <Mlp=  822.9000> <PB=822.9> 
    RCSP exact solver info for graph G_1 : TT = 0.117062, pt = 0.000114, dt = 0.106401, ct = 0.009724, ndl = 23', bdl = 810', odl = 20', odf = 120', bsi = 2', cnt = 81', bdch = 14729', odch = 713', lcp = 933', #sols = 150
<DWph=0> <it=138> <et=3.41> <Mt= 0.00> <Spt= 0.13> <nCl= 24> <al=0.41> <DB=  809.8893> <Mlp=  822.9000> <PB=822.9> 
    RCSP exact solver info for graph G_1 : TT = 0.110118, pt = 0.000114, dt = 0.101279, ct = 0.007914, ndl = 24', bdl = 784', odl = 19', odf = 124', bsi = 2', cnt = 78', bdch = 14228', odch = 804', lcp = 929', #sols = 150
<DWph=0> <it=139> <et=3.53> <Mt= 0.01> <Spt= 0.12> <nCl=  7> <al=0.47> <DB=  817.0421> <Mlp=  822.9000> <PB=822.9> 
    RCSP exact solver info for graph G_1 : TT = 0.12343, pt = 0.000113, dt = 0.112164, ct = 0.010315, ndl = 24', bdl = 825', odl = 20', odf = 122', bsi = 2', cnt = 82', bdch = 15599', odch = 735', lcp = 994', #sols = 150
<DWph=0> <it=140> <et=3.67> <Mt= 0.00> <Spt= 0.13> <nCl=  3> <al=0.37> <DB=  816.7650> <Mlp=  822.9000> <PB=822.9> 
    RCSP exact solver info for graph G_1 : TT = 0.110706, pt = 0.00012, dt = 0.101625, ct = 0.008147, ndl = 23', bdl = 789', odl = 19', odf = 123', bsi = 2', cnt = 75', bdch = 14323', odch = 773', lcp = 916', #sols = 150
    RCSP exact solver info for graph G_1 : TT = 0.107997, pt = 0.00011, dt = 0.099181, ct = 0.007829, ndl = 22', bdl = 775', odl = 19', odf = 120', bsi = 2', cnt = 75', bdch = 13844', odch = 741', lcp = 894', #sols = 150
<DWph=0> <it=141> <et=3.90> <Mt= 0.00> <Spt= 0.23> <nCl=  5> <al=0.00> <DB=  822.9000> <Mlp=  822.9000> <PB=822.9> 
Dynamic params and stats :  bidir.bord. = 549.8 aver.obdmd = 7.94118 aver.buck.num. = 24.1176
@@ 1 0 822.9 0.114031 0.127086 67.9138 3.9
Bucket graph for G_1 is regenerated as bucket steps were adjusted for 102 vertices
RCSP solver info : number of forw. reachable buckets / buck. strongly connected components is 3773( 95.5674% ) / 1309( 34.6939% )
RCSP solver info : number of back. reachable buckets / buck. strongly connected components is 3900( 98.7842% ) / 1436( 36.8205% )
271634 forw. buck. arcs remain (75.0109% from max.), 291538 back. buck. arcs remain (76.4129% from max.)
ColGenEvalAlg final dual bound: 822.9 (rounded: 822.9)
New model incumbent solution 822.9, TIME = 0h0m4s10t = 410
************************************************************************************************
Search is finished, global bounds : [ 822.9 , 822.9 ], TIME = 0h0m4s10t = 410
************************************************************************************************
instance_name solver_name ext_heuristic solution_value solution_time best_lb root_lb root_time nb_branch_and_bound_nodes status
/home/logis/Downloads/VRPSolverEasy/VRPSolverEasy/demos/data/CVRPTW/C104 CPLEX False 822.9 4.100469969 822.9000000000001 822.9000000000001 4.100258883 1 0

