Arc memory for rank-1 cuts will be used (12.2493)
~~~~~~~~~~~~~~~~~~~~~~~~~~~~~~~~~~~~~~~~~~~~~~~~~~~~~~~~~~~~~~~~~~~~~~~~~~~~~~~~~~~~~
VRPSolver v0.5.27, 24/02/2023, © Inria Bordeaux, France, vrpsolver.math.u-bordeaux.fr
      Corresponds to the solver by Pessoa, Sadykov, Uchoa and Vanderbeck (2020)
                 Paper: dx.doi.org/10.1007/s10107-020-01523-z
~~~~~~~~~~~~~~~~~~~~~~~~~~~~~~~~~~~~~~~~~~~~~~~~~~~~~~~~~~~~~~~~~~~~~~~~~~~~~~~~~~~~~
   BaPCod v0.77, 15/03/2023, © Inria Bordeaux, France, bapcod.math.u-bordeaux.fr 
           THIS CODE IS PROVIDED AS IS, USE IT AT YOUR OWN RISK
~~~~~~~~~~~~~~~~~~~~~~~~~~~~~~~~~~~~~~~~~~~~~~~~~~~~~~~~~~~~~~~~~~~~~~~~~~~~~~~~~~~~~
Bucket steps were recalculated for graph G_1 : [80.5]
RCSP solver info : symmetric case is detected for graph G_1! 
Bidirectional border value is initialised to 1005
RCSP solver info : number of forw. reachable buckets / buck. strongly connected components is 1096( 95.3043% ) / 271( 24.7263% )
Generating neighbourhoods for rank-1 cuts separation
Building structures for 4- and 5-row rank-1 packing cut separation...done!
Model is built TIME = 0h0m0s1t = 1
************************************************************************************************
**** BaB tree root node
**** Local DB = -1e+12, global bounds : [ -1e+12 , 721.1 ], TIME = 0h0m0s1t = 1
**** 1 open nodes, 0 columns (0 active), 0 dyn. constrs. (0 active), 90 art. vars. (90 active)
************************************************************************************************
#<DWph=2> <it=  1> <et=0.01> <Mt= 0.00> <Spt= 0.00> <nCl= 30> <al=0.00> <DB=-17580204.8400> <Mlp=79609.4400> <PB=721.1> 
#<DWph=2> <it=  2> <et=0.02> <Mt= 0.00> <Spt= 0.00> <nCl= 30> <al=0.55> <DB=-9616570.5211> <Mlp=73861.9862> <PB=721.1> 
#<DWph=2> <it=  3> <et=0.02> <Mt= 0.00> <Spt= 0.01> <nCl= 30> <al=0.45> <DB=-7208875.7684> <Mlp=71229.8144> <PB=721.1> 
#<DWph=2> <it=  4> <et=0.03> <Mt= 0.00> <Spt= 0.00> <nCl= 30> <al=0.35> <DB=-6023351.8576> <Mlp=69078.5112> <PB=721.1> 
#<DWph=2> <it=  5> <et=0.03> <Mt= 0.00> <Spt= 0.00> <nCl= 30> <al=0.42> <DB=-7236481.4750> <Mlp=64812.3694> <PB=721.1> 
#<DWph=2> <it=  6> <et=0.03> <Mt= 0.00> <Spt= 0.01> <nCl= 30> <al=0.47> <DB=-6329613.2673> <Mlp=62722.6210> <PB=721.1> 
#<DWph=2> <it=  7> <et=0.04> <Mt= 0.00> <Spt= 0.00> <nCl= 30> <al=0.53> <DB=-4382738.2897> <Mlp=60990.2760> <PB=721.1> 
#<DWph=2> <it=  8> <et=0.04> <Mt= 0.00> <Spt= 0.01> <nCl= 30> <al=0.57> <DB=-4659265.8121> <Mlp=60265.1361> <PB=721.1> 
#<DWph=2> <it=  9> <et=0.05> <Mt= 0.00> <Spt= 0.00> <nCl= 30> <al=0.62> <DB=-3567582.8368> <Mlp=59556.2923> <PB=721.1> 
#<DWph=2> <it= 10> <et=0.05> <Mt= 0.00> <Spt= 0.00> <nCl= 30> <al=0.52> <DB=-3589926.0722> <Mlp=55106.7267> <PB=721.1> 
#<DWph=2> <it= 11> <et=0.05> <Mt= 0.00> <Spt= 0.01> <nCl= 30> <al=0.56> <DB=-4200260.9960> <Mlp=54370.9935> <PB=721.1> 
#<DWph=2> <it= 12> <et=0.06> <Mt= 0.00> <Spt= 0.00> <nCl= 30> <al=0.46> <DB=-4040092.2057> <Mlp=53703.8851> <PB=721.1> 
#<DWph=2> <it= 13> <et=0.06> <Mt= 0.00> <Spt= 0.00> <nCl= 30> <al=0.52> <DB=-4014050.3015> <Mlp=52058.7791> <PB=721.1> 
#<DWph=2> <it= 14> <et=0.06> <Mt= 0.00> <Spt= 0.01> <nCl= 30> <al=0.57> <DB=-3205933.8405> <Mlp=51367.9286> <PB=721.1> 
#<DWph=2> <it= 15> <et=0.07> <Mt= 0.00> <Spt= 0.00> <nCl= 30> <al=0.47> <DB=-3107627.9995> <Mlp=51032.8767> <PB=721.1> 
#<DWph=2> <it= 16> <et=0.07> <Mt= 0.00> <Spt= 0.00> <nCl= 30> <al=0.52> <DB=-3157266.8846> <Mlp=49813.5812> <PB=721.1> 
#<DWph=2> <it= 17> <et=0.08> <Mt= 0.00> <Spt= 0.01> <nCl= 30> <al=0.57> <DB=-2782145.7492> <Mlp=48297.8052> <PB=721.1> 
#<DWph=2> <it= 18> <et=0.08> <Mt= 0.00> <Spt= 0.00> <nCl= 30> <al=0.61> <DB=-2641517.2124> <Mlp=45488.0456> <PB=721.1> 
#<DWph=2> <it= 19> <et=0.09> <Mt= 0.00> <Spt= 0.00> <nCl= 30> <al=0.65> <DB=-2434072.9739> <Mlp=44726.1905> <PB=721.1> 
#<DWph=2> <it= 20> <et=0.09> <Mt= 0.00> <Spt= 0.01> <nCl= 30> <al=0.68> <DB=-2791585.3306> <Mlp=44256.3593> <PB=721.1> 
#<DWph=2> <it= 21> <et=0.09> <Mt= 0.00> <Spt= 0.00> <nCl= 30> <al=0.72> <DB=-2594493.0698> <Mlp=43830.3577> <PB=721.1> 
#<DWph=2> <it= 22> <et=0.10> <Mt= 0.00> <Spt= 0.00> <nCl= 30> <al=0.74> <DB=-2124786.3549> <Mlp=42077.8038> <PB=721.1> 
#<DWph=2> <it= 23> <et=0.10> <Mt= 0.01> <Spt= 0.01> <nCl= 30> <al=0.64> <DB=-1938916.3813> <Mlp=40117.0785> <PB=721.1> 
#<DWph=2> <it= 24> <et=0.11> <Mt= 0.00> <Spt= 0.00> <nCl= 30> <al=0.68> <DB=-2040521.9237> <Mlp=35025.7883> <PB=721.1> 
#<DWph=2> <it= 25> <et=0.11> <Mt= 0.00> <Spt= 0.00> <nCl= 30> <al=0.71> <DB=-1893559.2041> <Mlp=34443.0116> <PB=721.1> 
#<DWph=2> <it= 26> <et=0.12> <Mt= 0.00> <Spt= 0.01> <nCl= 30> <al=0.74> <DB=-1680067.1980> <Mlp=33194.5100> <PB=721.1> 
#<DWph=2> <it= 27> <et=0.12> <Mt= 0.00> <Spt= 0.00> <nCl= 30> <al=0.64> <DB=-1525162.9409> <Mlp=32122.2314> <PB=721.1> 
#<DWph=2> <it= 28> <et=0.12> <Mt= 0.00> <Spt= 0.00> <nCl= 30> <al=0.68> <DB=-1471293.9693> <Mlp=31279.0204> <PB=721.1> 
#<DWph=2> <it= 29> <et=0.13> <Mt= 0.00> <Spt= 0.01> <nCl= 30> <al=0.71> <DB=-1410775.1615> <Mlp=30303.2502> <PB=721.1> 
#<DWph=2> <it= 30> <et=0.13> <Mt= 0.00> <Spt= 0.00> <nCl= 30> <al=0.74> <DB=-1385065.1408> <Mlp=29445.6671> <PB=721.1> 
#<DWph=2> <it= 31> <et=0.14> <Mt= 0.01> <Spt= 0.00> <nCl= 30> <al=0.76> <DB=-1432223.9764> <Mlp=27242.8816> <PB=721.1> 
#<DWph=2> <it= 32> <et=0.14> <Mt= 0.00> <Spt= 0.01> <nCl= 30> <al=0.79> <DB=-1347012.1203> <Mlp=25617.9098> <PB=721.1> 
#<DWph=2> <it= 33> <et=0.15> <Mt= 0.00> <Spt= 0.00> <nCl= 30> <al=0.69> <DB=-1326527.2270> <Mlp=24637.9049> <PB=721.1> 
#<DWph=2> <it= 34> <et=0.15> <Mt= 0.00> <Spt= 0.00> <nCl= 30> <al=0.72> <DB=-1212389.0362> <Mlp=23005.0936> <PB=721.1> 
#<DWph=2> <it= 35> <et=0.16> <Mt= 0.00> <Spt= 0.00> <nCl= 30> <al=0.75> <DB=-1179358.4122> <Mlp=21924.9927> <PB=721.1> 
#<DWph=2> <it= 36> <et=0.16> <Mt= 0.00> <Spt= 0.01> <nCl= 30> <al=0.77> <DB=-1085857.1329> <Mlp=21424.4356> <PB=721.1> 
#<DWph=2> <it= 37> <et=0.17> <Mt= 0.01> <Spt= 0.00> <nCl= 30> <al=0.80> <DB=-1020576.7419> <Mlp=21288.1932> <PB=721.1> 
#<DWph=2> <it= 38> <et=0.17> <Mt= 0.00> <Spt= 0.00> <nCl= 30> <al=0.82> <DB=-862514.9942> <Mlp=20838.6155> <PB=721.1> 
#<DWph=2> <it= 39> <et=0.18> <Mt= 0.00> <Spt= 0.01> <nCl= 30> <al=0.72> <DB=-698137.8717> <Mlp=19444.7223> <PB=721.1> 
#<DWph=2> <it= 40> <et=0.18> <Mt= 0.00> <Spt= 0.00> <nCl= 30> <al=0.62> <DB=-637074.0820> <Mlp=18570.8146> <PB=721.1> 
#<DWph=2> <it= 41> <et=0.19> <Mt= 0.01> <Spt= 0.00> <nCl= 30> <al=0.52> <DB=-552767.5781> <Mlp=16975.9734> <PB=721.1> 
#<DWph=2> <it= 42> <et=0.19> <Mt= 0.00> <Spt= 0.00> <nCl= 30> <al=0.56> <DB=-323137.6472> <Mlp=16167.5634> <PB=721.1> 
#<DWph=2> <it= 43> <et=0.20> <Mt= 0.00> <Spt= 0.01> <nCl= 30> <al=0.46> <DB=-234195.7089> <Mlp=14154.5460> <PB=721.1> 
#<DWph=2> <it= 44> <et=0.21> <Mt= 0.01> <Spt= 0.00> <nCl= 30> <al=0.36> <DB=-238931.1144> <Mlp= 8987.1287> <PB=721.1> 
#<DWph=2> <it= 45> <et=0.21> <Mt= 0.00> <Spt= 0.00> <nCl= 30> <al=0.43> <DB=-417323.2844> <Mlp= 8031.8516> <PB=721.1> 
#<DWph=2> <it= 46> <et=0.22> <Mt= 0.00> <Spt= 0.01> <nCl= 30> <al=0.49> <DB=-283042.7292> <Mlp= 7864.5402> <PB=721.1> 
#<DWph=2> <it= 47> <et=0.22> <Mt= 0.00> <Spt= 0.00> <nCl= 30> <al=0.54> <DB=-191571.9421> <Mlp= 7778.4269> <PB=721.1> 
#<DWph=2> <it= 48> <et=0.23> <Mt= 0.01> <Spt= 0.00> <nCl= 30> <al=0.44> <DB=-101436.5014> <Mlp= 4458.2434> <PB=721.1> 
#<DWph=2> <it= 49> <et=0.24> <Mt= 0.00> <Spt= 0.01> <nCl= 30> <al=0.34> <DB=-476222.3838> <Mlp= 3155.5462> <PB=721.1> 
#<DWph=2> <it= 50> <et=0.24> <Mt= 0.00> <Spt= 0.00> <nCl= 30> <al=0.40> <DB=-140466.1778> <Mlp= 3061.5554> <PB=721.1> 
#<DWph=2> <it= 51> <et=0.25> <Mt= 0.01> <Spt= 0.00> <nCl= 30> <al=0.46> <DB=-113721.5873> <Mlp= 2944.5964> <PB=721.1> 
#<DWph=2> <it= 52> <et=0.26> <Mt= 0.00> <Spt= 0.01> <nCl= 30> <al=0.52> <DB=-111236.1820> <Mlp= 2799.0085> <PB=721.1> 
#<DWph=2> <it= 53> <et=0.26> <Mt= 0.00> <Spt= 0.00> <nCl= 30> <al=0.56> <DB=-42062.7125> <Mlp= 2018.5798> <PB=721.1> 
#<DWph=2> <it= 54> <et=0.27> <Mt= 0.01> <Spt= 0.00> <nCl= 30> <al=0.46> <DB=-16665.7083> <Mlp= 1964.0463> <PB=721.1> 
#<DWph=2> <it= 55> <et=0.28> <Mt= 0.00> <Spt= 0.01> <nCl= 30> <al=0.52> <DB=-18018.9565> <Mlp= 1945.9472> <PB=721.1> 
#<DWph=2> <it= 56> <et=0.28> <Mt= 0.00> <Spt= 0.00> <nCl= 30> <al=0.57> <DB=-5316.6574> <Mlp= 1939.8683> <PB=721.1> 
#<DWph=2> <it= 57> <et=0.29> <Mt= 0.00> <Spt= 0.00> <nCl= 30> <al=0.61> <DB=-11422.1553> <Mlp= 1927.4446> <PB=721.1> 
#<DWph=2> <it= 58> <et=0.29> <Mt= 0.00> <Spt= 0.01> <nCl= 30> <al=0.65> <DB=-12583.6352> <Mlp= 1889.7039> <PB=721.1> 
#<DWph=2> <it= 59> <et=0.30> <Mt= 0.01> <Spt= 0.00> <nCl= 30> <al=0.68> <DB=-2834.7315> <Mlp= 1880.0405> <PB=721.1> 
#<DWph=2> <it= 60> <et=0.30> <Mt= 0.00> <Spt= 0.00> <nCl= 30> <al=0.72> <DB=-3023.2601> <Mlp= 1845.7646> <PB=721.1> 
#<DWph=2> <it= 61> <et=0.31> <Mt= 0.00> <Spt= 0.01> <nCl= 30> <al=0.74> <DB=-1091.7453> <Mlp= 1823.1694> <PB=721.1> 
<DWph=2> <it= 62> <et=0.32> <Mt= 0.00> <Spt= 0.00> <nCl= 30> <al=0.77> <DB=-5181.4521> <Mlp= 1513.3246> <PB=721.1> 
<DWph=2> <it= 63> <et=0.32> <Mt= 0.01> <Spt= 0.00> <nCl= 30> <al=0.79> <DB=-1007.4888> <Mlp= 1476.5610> <PB=721.1> 
<DWph=2> <it= 64> <et=0.33> <Mt= 0.00> <Spt= 0.01> <nCl= 30> <al=0.81> <DB=-2469.3486> <Mlp= 1465.4443> <PB=721.1> 
<DWph=2> <it= 65> <et=0.33> <Mt= 0.00> <Spt= 0.00> <nCl= 30> <al=0.83> <DB= -964.0420> <Mlp= 1440.5096> <PB=721.1> 
<DWph=2> <it= 66> <et=0.34> <Mt= 0.00> <Spt= 0.00> <nCl= 30> <al=0.85> <DB=-2942.4908> <Mlp= 1413.0704> <PB=721.1> 
<DWph=2> <it= 67> <et=0.35> <Mt= 0.01> <Spt= 0.01> <nCl= 30> <al=0.86> <DB=-2364.8673> <Mlp= 1375.1189> <PB=721.1> 
<DWph=2> <it= 68> <et=0.35> <Mt= 0.00> <Spt= 0.00> <nCl= 30> <al=0.88> <DB=-1198.8149> <Mlp= 1361.4777> <PB=721.1> 
<DWph=2> <it= 69> <et=0.36> <Mt= 0.00> <Spt= 0.00> <nCl= 30> <al=0.89> <DB= -834.7636> <Mlp= 1335.4246> <PB=721.1> 
<DWph=2> <it= 70> <et=0.36> <Mt= 0.00> <Spt= 0.01> <nCl= 30> <al=0.90> <DB= -813.5777> <Mlp= 1322.0046> <PB=721.1> 
<DWph=2> <it= 71> <et=0.37> <Mt= 0.01> <Spt= 0.00> <nCl= 30> <al=0.91> <DB=-1723.5123> <Mlp= 1300.5822> <PB=721.1> 
<DWph=2> <it= 72> <et=0.37> <Mt= 0.00> <Spt= 0.00> <nCl= 30> <al=0.92> <DB= -910.6786> <Mlp= 1289.0553> <PB=721.1> 
<DWph=2> <it= 73> <et=0.38> <Mt= 0.00> <Spt= 0.01> <nCl= 30> <al=0.93> <DB= -791.7627> <Mlp= 1274.9871> <PB=721.1> 
<DWph=2> <it= 74> <et=0.39> <Mt= 0.00> <Spt= 0.00> <nCl= 30> <al=0.83> <DB=-2388.4880> <Mlp= 1271.6222> <PB=721.1> 
<DWph=2> <it= 75> <et=0.39> <Mt= 0.01> <Spt= 0.00> <nCl= 30> <al=0.84> <DB= -637.0304> <Mlp= 1258.9660> <PB=721.1> 
<DWph=2> <it= 76> <et=0.40> <Mt= 0.00> <Spt= 0.01> <nCl= 30> <al=0.86> <DB= -735.7692> <Mlp= 1243.4363> <PB=721.1> 
<DWph=2> <it= 77> <et=0.41> <Mt= 0.01> <Spt= 0.00> <nCl= 30> <al=0.87> <DB= -676.1290> <Mlp= 1195.7168> <PB=721.1> 
<DWph=2> <it= 78> <et=0.41> <Mt= 0.00> <Spt= 0.00> <nCl= 30> <al=0.89> <DB= -430.9149> <Mlp= 1178.2959> <PB=721.1> 
<DWph=2> <it= 79> <et=0.42> <Mt= 0.00> <Spt= 0.01> <nCl= 30> <al=0.79> <DB=-2114.9404> <Mlp= 1171.4406> <PB=721.1> 
<DWph=2> <it= 80> <et=0.43> <Mt= 0.01> <Spt= 0.00> <nCl= 30> <al=0.81> <DB= -690.1055> <Mlp= 1141.4355> <PB=721.1> 
<DWph=2> <it= 81> <et=0.43> <Mt= 0.00> <Spt= 0.00> <nCl= 30> <al=0.83> <DB=-1256.7118> <Mlp= 1097.9768> <PB=721.1> 
<DWph=2> <it= 82> <et=0.44> <Mt= 0.00> <Spt= 0.01> <nCl= 30> <al=0.84> <DB= -625.7124> <Mlp= 1055.4170> <PB=721.1> 
<DWph=2> <it= 83> <et=0.45> <Mt= 0.01> <Spt= 0.00> <nCl= 30> <al=0.86> <DB= -356.8211> <Mlp= 1035.4574> <PB=721.1> 
<DWph=2> <it= 84> <et=0.46> <Mt= 0.00> <Spt= 0.00> <nCl= 30> <al=0.87> <DB= -332.0542> <Mlp= 1030.8941> <PB=721.1> 
<DWph=2> <it= 85> <et=0.46> <Mt= 0.00> <Spt= 0.01> <nCl= 28> <al=0.89> <DB=  -49.7246> <Mlp= 1015.3220> <PB=721.1> 
<DWph=2> <it= 86> <et=0.47> <Mt= 0.01> <Spt= 0.00> <nCl= 30> <al=0.79> <DB=-2668.1142> <Mlp=  981.4416> <PB=721.1> 
<DWph=2> <it= 87> <et=0.48> <Mt= 0.00> <Spt= 0.00> <nCl= 30> <al=0.81> <DB=-1464.2439> <Mlp=  962.2560> <PB=721.1> 
<DWph=2> <it= 88> <et=0.48> <Mt= 0.01> <Spt= 0.01> <nCl= 30> <al=0.83> <DB= -487.7470> <Mlp=  948.4649> <PB=721.1> 
<DWph=2> <it= 89> <et=0.49> <Mt= 0.00> <Spt= 0.00> <nCl= 30> <al=0.84> <DB= -453.7612> <Mlp=  899.9554> <PB=721.1> 
<DWph=2> <it= 90> <et=0.50> <Mt= 0.01> <Spt= 0.00> <nCl= 30> <al=0.86> <DB= -183.6807> <Mlp=  850.8987> <PB=721.1> 
<DWph=2> <it= 91> <et=0.51> <Mt= 0.00> <Spt= 0.01> <nCl= 26> <al=0.87> <DB= -305.8118> <Mlp=  809.0035> <PB=721.1> 
<DWph=2> <it= 92> <et=0.52> <Mt= 0.00> <Spt= 0.00> <nCl= 25> <al=0.89> <DB=  133.2712> <Mlp=  803.0836> <PB=721.1> 
<DWph=2> <it= 93> <et=0.53> <Mt= 0.01> <Spt= 0.00> <nCl= 30> <al=0.79> <DB= -878.0303> <Mlp=  778.4233> <PB=721.1> 
<DWph=2> <it= 94> <et=0.53> <Mt= 0.00> <Spt= 0.01> <nCl= 29> <al=0.81> <DB=  142.2171> <Mlp=  771.8065> <PB=721.1> 
<DWph=2> <it= 95> <et=0.54> <Mt= 0.01> <Spt= 0.00> <nCl= 30> <al=0.83> <DB= -678.1878> <Mlp=  765.8741> <PB=721.1> 
<DWph=2> <it= 96> <et=0.55> <Mt= 0.00> <Spt= 0.01> <nCl= 27> <al=0.84> <DB=   91.7614> <Mlp=  755.7683> <PB=721.1> 
<DWph=2> <it= 97> <et=0.56> <Mt= 0.00> <Spt= 0.00> <nCl= 28> <al=0.86> <DB=  -86.6731> <Mlp=  746.8660> <PB=721.1> 
<DWph=2> <it= 98> <et=0.56> <Mt= 0.01> <Spt= 0.00> <nCl= 27> <al=0.87> <DB=   87.4837> <Mlp=  736.1616> <PB=721.1> 
<DWph=2> <it= 99> <et=0.57> <Mt= 0.00> <Spt= 0.01> <nCl= 28> <al=0.89> <DB=   28.7141> <Mlp=  730.5211> <PB=721.1> 
<DWph=2> <it=100> <et=0.58> <Mt= 0.01> <Spt= 0.00> <nCl= 27> <al=0.90> <DB=  157.1972> <Mlp=  722.7668> <PB=721.1> 
<DWph=2> <it=101> <et=0.58> <Mt= 0.00> <Spt= 0.00> <nCl= 28> <al=0.80> <DB= -129.1087> <Mlp=  721.9854> <PB=721.1> 
<DWph=2> <it=102> <et=0.59> <Mt= 0.00> <Spt= 0.01> <nCl= 23> <al=0.82> <DB=   60.2742> <Mlp=  720.5272> <PB=721.1> 
<DWph=2> <it=103> <et=0.60> <Mt= 0.00> <Spt= 0.00> <nCl= 29> <al=0.72> <DB=   62.6190> <Mlp=  719.0880> <PB=721.1> 
<DWph=2> <it=104> <et=0.60> <Mt= 0.01> <Spt= 0.00> <nCl= 25> <al=0.75> <DB=   72.7228> <Mlp=  716.1159> <PB=721.1> 
<DWph=2> <it=105> <et=0.61> <Mt= 0.00> <Spt= 0.01> <nCl= 24> <al=0.77> <DB=  111.7838> <Mlp=  715.0684> <PB=721.1> 
<DWph=2> <it=106> <et=0.61> <Mt= 0.00> <Spt= 0.00> <nCl= 28> <al=0.67> <DB=  227.6530> <Mlp=  715.0172> <PB=721.1> 
<DWph=2> <it=107> <et=0.62> <Mt= 0.00> <Spt= 0.00> <nCl= 30> <al=0.57> <DB=-1147.7661> <Mlp=  713.6963> <PB=721.1> 
<DWph=2> <it=108> <et=0.63> <Mt= 0.01> <Spt= 0.01> <nCl= 28> <al=0.61> <DB=   16.1835> <Mlp=  713.2022> <PB=721.1> 
<DWph=2> <it=109> <et=0.63> <Mt= 0.00> <Spt= 0.00> <nCl= 27> <al=0.65> <DB=  311.8687> <Mlp=  710.2320> <PB=721.1> 
<DWph=2> <it=110> <et=0.64> <Mt= 0.00> <Spt= 0.00> <nCl= 19> <al=0.69> <DB=  251.7657> <Mlp=  708.3112> <PB=721.1> 
<DWph=2> <it=111> <et=0.65> <Mt= 0.01> <Spt= 0.01> <nCl= 22> <al=0.72> <DB=  295.8106> <Mlp=  706.5801> <PB=721.1> 
<DWph=2> <it=112> <et=0.65> <Mt= 0.00> <Spt= 0.00> <nCl= 22> <al=0.62> <DB=  424.3411> <Mlp=  705.3801> <PB=721.1> 
<DWph=2> <it=113> <et=0.66> <Mt= 0.00> <Spt= 0.00> <nCl= 27> <al=0.66> <DB=   42.0042> <Mlp=  703.6012> <PB=721.1> 
<DWph=2> <it=114> <et=0.66> <Mt= 0.00> <Spt= 0.01> <nCl= 22> <al=0.69> <DB=  382.7075> <Mlp=  702.9152> <PB=721.1> 
<DWph=2> <it=115> <et=0.67> <Mt= 0.00> <Spt= 0.00> <nCl= 18> <al=0.72> <DB=  401.2694> <Mlp=  696.4028> <PB=721.1> 
<DWph=2> <it=116> <et=0.67> <Mt= 0.01> <Spt= 0.00> <nCl= 11> <al=0.75> <DB=  533.1274> <Mlp=  695.3966> <PB=721.1> 
<DWph=2> <it=117> <et=0.68> <Mt= 0.00> <Spt= 0.01> <nCl= 23> <al=0.65> <DB=  362.5614> <Mlp=  695.1636> <PB=721.1> 
<DWph=2> <it=118> <et=0.68> <Mt= 0.00> <Spt= 0.00> <nCl= 12> <al=0.69> <DB=  401.6965> <Mlp=  694.0381> <PB=721.1> 
<DWph=2> <it=119> <et=0.69> <Mt= 0.00> <Spt= 0.00> <nCl=  6> <al=0.72> <DB=  556.5606> <Mlp=  693.8918> <PB=721.1> 
<DWph=2> <it=120> <et=0.69> <Mt= 0.01> <Spt= 0.01> <nCl= 18> <al=0.62> <DB=  467.7794> <Mlp=  693.8710> <PB=721.1> 
<DWph=2> <it=121> <et=0.70> <Mt= 0.00> <Spt= 0.00> <nCl= 20> <al=0.65> <DB=  588.7151> <Mlp=  693.7005> <PB=721.1> 
<DWph=2> <it=122> <et=0.71> <Mt= 0.00> <Spt= 0.00> <nCl= 21> <al=0.55> <DB=  321.6802> <Mlp=  693.6617> <PB=721.1> 
<DWph=2> <it=123> <et=0.71> <Mt= 0.00> <Spt= 0.01> <nCl= 25> <al=0.45> <DB=  668.6656> <Mlp=  692.9633> <PB=721.1> 
<DWph=2> <it=124> <et=0.72> <Mt= 0.00> <Spt= 0.00> <nCl= 27> <al=0.51> <DB=  486.7858> <Mlp=  692.9450> <PB=721.1> 
<DWph=2> <it=125> <et=0.72> <Mt= 0.01> <Spt= 0.00> <nCl= 14> <al=0.56> <DB=  396.1555> <Mlp=  692.9010> <PB=721.1> 
<DWph=2> <it=126> <et=0.73> <Mt= 0.00> <Spt= 0.01> <nCl= 26> <al=0.60> <DB=  322.5284> <Mlp=  692.9010> <PB=721.1> 
<DWph=2> <it=127> <et=0.74> <Mt= 0.00> <Spt= 0.00> <nCl= 25> <al=0.64> <DB=  595.9669> <Mlp=  692.5090> <PB=721.1> 
<DWph=2> <it=128> <et=0.74> <Mt= 0.01> <Spt= 0.00> <nCl= 18> <al=0.68> <DB=  640.3229> <Mlp=  692.5090> <PB=721.1> 
<DWph=2> <it=129> <et=0.75> <Mt= 0.00> <Spt= 0.00> <nCl= 12> <al=0.58> <DB=  632.6795> <Mlp=  692.5079> <PB=721.1> 
<DWph=2> <it=130> <et=0.75> <Mt= 0.00> <Spt= 0.01> <nCl= 15> <al=0.62> <DB=  675.1773> <Mlp=  692.5079> <PB=721.1> 
<DWph=2> <it=131> <et=0.76> <Mt= 0.00> <Spt= 0.00> <nCl= 17> <al=0.66> <DB=  644.8321> <Mlp=  692.5079> <PB=721.1> 
<DWph=2> <it=132> <et=0.76> <Mt= 0.00> <Spt= 0.00> <nCl= 13> <al=0.56> <DB=  597.4322> <Mlp=  691.5079> <PB=721.1> 
<DWph=2> <it=133> <et=0.77> <Mt= 0.01> <Spt= 0.01> <nCl= 17> <al=0.46> <DB=  635.4625> <Mlp=  691.3346> <PB=721.1> 
<DWph=2> <it=134> <et=0.77> <Mt= 0.00> <Spt= 0.00> <nCl= 11> <al=0.36> <DB=  605.5556> <Mlp=  691.3229> <PB=721.1> 
<DWph=2> <it=135> <et=0.78> <Mt= 0.00> <Spt= 0.00> <nCl= 16> <al=0.42> <DB=  641.4639> <Mlp=  691.3229> <PB=721.1> 
<DWph=2> <it=136> <et=0.78> <Mt= 0.00> <Spt= 0.01> <nCl=  7> <al=0.32> <DB=  655.8032> <Mlp=  691.3226> <PB=721.1> 
<DWph=2> <it=137> <et=0.79> <Mt= 0.00> <Spt= 0.00> <nCl= 21> <al=0.22> <DB=  346.4556> <Mlp=  691.3226> <PB=721.1> 
<DWph=2> <it=138> <et=0.80> <Mt= 0.01> <Spt= 0.00> <nCl= 17> <al=0.30> <DB=  641.6671> <Mlp=  691.0704> <PB=721.1> 
<DWph=2> <it=139> <et=0.80> <Mt= 0.00> <Spt= 0.01> <nCl= 17> <al=0.20> <DB=  640.7488> <Mlp=  691.0611> <PB=721.1> 
<DWph=2> <it=140> <et=0.81> <Mt= 0.00> <Spt= 0.00> <nCl= 10> <al=0.10> <DB=  659.3112> <Mlp=  691.0611> <PB=721.1> 
<DWph=2> <it=141> <et=0.81> <Mt= 0.00> <Spt= 0.00> <nCl=  8> <al=0.19> <DB=  682.0052> <Mlp=  691.0611> <PB=721.1> 
<DWph=2> <it=142> <et=0.82> <Mt= 0.01> <Spt= 0.01> <nCl= 11> <al=0.00> <DB=  640.9084> <Mlp=  691.0611> <PB=721.1> 
<DWph=2> <it=143> <et=0.82> <Mt= 0.00> <Spt= 0.00> <nCl=  0> <al=0.00> <DB=  691.0611> <Mlp=  691.0611> <PB=721.1> 
<DWph=1> <it=144> <et=0.83> <Mt= 0.00> <Spt= 0.01> <nCl= 29> <al=0.00> <DB=  370.9084> <Mlp=  691.0611> <PB=721.1> 
<DWph=1> <it=145> <et=0.84> <Mt= 0.00> <Spt= 0.01> <nCl= 25> <al=0.00> <DB=  390.6398> <Mlp=  691.0176> <PB=721.1> 
<DWph=1> <it=146> <et=0.86> <Mt= 0.01> <Spt= 0.01> <nCl= 30> <al=0.00> <DB= -166.2048> <Mlp=  690.4677> <PB=721.1> 
<DWph=1> <it=147> <et=0.87> <Mt= 0.00> <Spt= 0.01> <nCl= 28> <al=0.10> <DB=  202.4078> <Mlp=  690.4677> <PB=721.1> 
<DWph=1> <it=148> <et=0.89> <Mt= 0.00> <Spt= 0.01> <nCl= 26> <al=0.19> <DB=  363.1762> <Mlp=  690.4677> <PB=721.1> 
<DWph=1> <it=149> <et=0.90> <Mt= 0.01> <Spt= 0.01> <nCl= 25> <al=0.27> <DB=  393.7444> <Mlp=  690.3636> <PB=721.1> 
<DWph=1> <it=150> <et=0.91> <Mt= 0.00> <Spt= 0.01> <nCl= 24> <al=0.17> <DB=  440.0845> <Mlp=  690.1818> <PB=721.1> 
<DWph=1> <it=151> <et=0.92> <Mt= 0.00> <Spt= 0.00> <nCl= 14> <al=0.25> <DB=  533.4815> <Mlp=  690.1250> <PB=721.1> 
<DWph=1> <it=152> <et=0.93> <Mt= 0.01> <Spt= 0.01> <nCl= 24> <al=0.33> <DB=  530.1129> <Mlp=  689.7059> <PB=721.1> 
<DWph=1> <it=153> <et=0.94> <Mt= 0.00> <Spt= 0.01> <nCl= 12> <al=0.40> <DB=  514.3939> <Mlp=  689.7059> <PB=721.1> 
<DWph=1> <it=154> <et=0.96> <Mt= 0.00> <Spt= 0.01> <nCl= 24> <al=0.30> <DB=  530.4704> <Mlp=  689.4092> <PB=721.1> 
<DWph=1> <it=155> <et=0.97> <Mt= 0.01> <Spt= 0.01> <nCl= 16> <al=0.37> <DB=  615.1866> <Mlp=  689.3702> <PB=721.1> 
<DWph=1> <it=156> <et=0.98> <Mt= 0.00> <Spt= 0.01> <nCl= 24> <al=0.43> <DB=  547.6307> <Mlp=  689.1799> <PB=721.1> 
<DWph=1> <it=157> <et=1.00> <Mt= 0.00> <Spt= 0.01> <nCl= 23> <al=0.33> <DB=  594.8533> <Mlp=  689.1799> <PB=721.1> 
<DWph=1> <it=158> <et=1.01> <Mt= 0.00> <Spt= 0.01> <nCl= 20> <al=0.23> <DB=  522.1073> <Mlp=  689.1615> <PB=721.1> 
<DWph=1> <it=159> <et=1.02> <Mt= 0.01> <Spt= 0.01> <nCl=  6> <al=0.31> <DB=  621.5557> <Mlp=  689.1200> <PB=721.1> 
<DWph=1> <it=160> <et=1.03> <Mt= 0.00> <Spt= 0.01> <nCl= 27> <al=0.21> <DB=  246.0501> <Mlp=  689.0293> <PB=721.1> 
<DWph=1> <it=161> <et=1.04> <Mt= 0.00> <Spt= 0.01> <nCl= 19> <al=0.11> <DB=  504.8250> <Mlp=  689.0293> <PB=721.1> 
<DWph=1> <it=162> <et=1.06> <Mt= 0.00> <Spt= 0.01> <nCl= 18> <al=0.01> <DB=  596.4359> <Mlp=  688.6211> <PB=721.1> 
<DWph=1> <it=163> <et=1.07> <Mt= 0.01> <Spt= 0.01> <nCl= 13> <al=0.11> <DB=  597.1107> <Mlp=  688.6211> <PB=721.1> 
<DWph=1> <it=164> <et=1.08> <Mt= 0.00> <Spt= 0.01> <nCl= 11> <al=0.01> <DB=  619.9190> <Mlp=  688.6211> <PB=721.1> 
<DWph=1> <it=165> <et=1.09> <Mt= 0.00> <Spt= 0.01> <nCl= 13> <al=0.11> <DB=  642.5766> <Mlp=  688.6078> <PB=721.1> 
<DWph=1> <it=166> <et=1.10> <Mt= 0.00> <Spt= 0.00> <nCl=  9> <al=0.01> <DB=  666.0419> <Mlp=  688.5807> <PB=721.1> 
<DWph=1> <it=167> <et=1.12> <Mt= 0.01> <Spt= 0.01> <nCl=  8> <al=0.00> <DB=  688.5404> <Mlp=  688.5404> <PB=721.1> 
    RCSP exact solver info for graph G_1 : TT = 0.025271, pt = 7e-06, dt = 0.023817, ct = 0.001064, ndl = 7', bdl = 234', odl = 8', odf = 60', bsi = 2', cnt = 44', bdch = 2913', odch = 461', lcp = 229', #sols = 150
<DWph=0> <it=168> <et=1.14> <Mt= 0.00> <Spt= 0.03> <nCl=150> <al=0.00> <DB=  586.0601> <Mlp=  688.5404> <PB=721.1> 
    RCSP exact solver info for graph G_1 : TT = 0.022617, pt = 1.8e-05, dt = 0.021144, ct = 0.001054, ndl = 6', bdl = 221', odl = 9', odf = 61', bsi = 2', cnt = 54', bdch = 2784', odch = 412', lcp = 223', #sols = 150
<DWph=0> <it=169> <et=1.18> <Mt= 0.00> <Spt= 0.03> <nCl=150> <al=0.00> <DB=  614.2518> <Mlp=  688.1803> <PB=721.1> 
    RCSP exact solver info for graph G_1 : TT = 0.018782, pt = 1.6e-05, dt = 0.017624, ct = 0.000769, ndl = 6', bdl = 195', odl = 9', odf = 56', bsi = 1', cnt = 14', bdch = 2069', odch = 383', lcp = 206', #sols = 150
<DWph=0> <it=170> <et=1.20> <Mt= 0.01> <Spt= 0.02> <nCl=132> <al=0.00> <DB=  613.2571> <Mlp=  687.4902> <PB=721.1> 
    RCSP exact solver info for graph G_1 : TT = 0.026767, pt = 1.7e-05, dt = 0.025138, ct = 0.001238, ndl = 8', bdl = 256', odl = 9', odf = 66', bsi = 2', cnt = 78', bdch = 3553', odch = 555', lcp = 283', #sols = 150
<DWph=0> <it=171> <et=1.23> <Mt= 0.00> <Spt= 0.03> <nCl=150> <al=0.03> <DB=  665.5320> <Mlp=  687.4870> <PB=721.1> 
    RCSP exact solver info for graph G_1 : TT = 0.027246, pt = 1.7e-05, dt = 0.025648, ct = 0.001206, ndl = 8', bdl = 261', odl = 9', odf = 66', bsi = 2', cnt = 67', bdch = 3665', odch = 577', lcp = 292', #sols = 150
<DWph=0> <it=172> <et=1.27> <Mt= 0.00> <Spt= 0.03> <nCl=150> <al=0.00> <DB=  669.7560> <Mlp=  687.4870> <PB=721.1> 
    RCSP exact solver info for graph G_1 : TT = 0.027298, pt = 1.5e-05, dt = 0.025624, ct = 0.001233, ndl = 8', bdl = 261', odl = 9', odf = 66', bsi = 2', cnt = 80', bdch = 3590', odch = 570', lcp = 271', #sols = 150
<DWph=0> <it=173> <et=1.30> <Mt= 0.00> <Spt= 0.03> <nCl= 85> <al=0.04> <DB=  683.3792> <Mlp=  687.4870> <PB=721.1> 
    RCSP exact solver info for graph G_1 : TT = 0.027962, pt = 1.7e-05, dt = 0.02626, ct = 0.001284, ndl = 8', bdl = 266', odl = 8', odf = 66', bsi = 2', cnt = 90', bdch = 3720', odch = 582', lcp = 274', #sols = 150
<DWph=0> <it=174> <et=1.34> <Mt= 0.01> <Spt= 0.03> <nCl= 64> <al=0.00> <DB=  686.8949> <Mlp=  687.4870> <PB=721.1> 
    RCSP exact solver info for graph G_1 : TT = 0.027723, pt = 1.7e-05, dt = 0.026049, ct = 0.001266, ndl = 8', bdl = 264', odl = 8', odf = 66', bsi = 2', cnt = 85', bdch = 3683', odch = 574', lcp = 272', #sols = 150
    RCSP exact solver info for graph G_1 : TT = 0.027939, pt = 1.6e-05, dt = 0.026251, ct = 0.00129, ndl = 8', bdl = 266', odl = 8', odf = 66', bsi = 2', cnt = 92', bdch = 3730', odch = 580', lcp = 275', #sols = 150
<DWph=0> <it=175> <et=1.40> <Mt= 0.00> <Spt= 0.06> <nCl= 20> <al=0.00> <DB=  687.4870> <Mlp=  687.4870> <PB=721.1> 
Dynamic params and stats :  aver.obdmd = 22.8478 aver.buck.num. = 25
@@ 1 0 687.487 0.0253288 0.027544 93.6423 1.4
Labels distribution in buckets (bucket size) : largest - 139, top 0.1% - 139, top 0.5% - 132, top 2% - 94, top 10% - 35, top 50% - 7
Reduced cost fixing for graph G_1... 25161 buck. arcs remain (57% from prev., 53.4% from max.) + 4736 jump buck. arcs (10.1% from max.)
 TT = 0.069832, pt = 0.00392, dt = 0.042462, ct = 0.023326, ndl = 24', bdl = 209', odl = 8', odf = 154', lpcb = 425', cnt = 1329', bdch = 4747', odch = 2078', lcp = 527'
Labels distribution in buckets (bucket size) : largest - 139, top 0.1% - 139, top 0.5% - 132, top 2% - 94, top 10% - 44, top 50% - 7
Run forward enumeration with border = 1005... not succeeded (ratio 0.718393) lpt = 0.125358, ndl = 88', dl = 37', lpcb = 632', dch = 207'
 TT = 0.12834, pt = 0.001965, dt = 0.125358, ct = 0, ndl = 88', bdl = 37', lpcb = 632', cnt = 1928', bdch = 207', odch = 0', lcp = 0'
ColGenEvalAlg final dual bound: 687.487 (rounded: 688)
In total 5 RCC cut(s) are found by the connected components heuristic 
Shrinking heuristic shrunk 29 edges
In total 8 RCC cut(s) are found by the Fractional capacity min-cut heuristic 
In total 28 RCC cut(s) are found by the greedy construction heuristic 
----- Add fac. cuts : CAP(41), max.viol = 0.643478, aver.viol = 0.411453, sep/add took 0.00183635/0.125572 sec. -----
5154 columns (5154 active), 41 dyn. constrs. (41 active), 131 art. vars. (131 active)
<DWph=2> <it=  1> <et=1.79> <Mt= 0.06> <Spt= 0.01> <nCl= 30> <al=0.50> <DB= -103.3261> <Mlp=  738.7500> <PB=721.1> 
<DWph=2> <it=  2> <et=1.82> <Mt= 0.02> <Spt= 0.00> <nCl= 22> <al=0.55> <DB=  576.5773> <Mlp=  737.7664> <PB=721.1> 
<DWph=2> <it=  3> <et=1.85> <Mt= 0.03> <Spt= 0.00> <nCl= 29> <al=0.60> <DB=  174.0455> <Mlp=  736.8462> <PB=721.1> 
<DWph=2> <it=  4> <et=1.88> <Mt= 0.02> <Spt= 0.01> <nCl= 25> <al=0.64> <DB=  539.1158> <Mlp=  734.5724> <PB=721.1> 
<DWph=2> <it=  5> <et=1.90> <Mt= 0.02> <Spt= 0.00> <nCl= 20> <al=0.67> <DB=  658.0768> <Mlp=  733.8683> <PB=721.1> 
<DWph=2> <it=  6> <et=1.92> <Mt= 0.02> <Spt= 0.00> <nCl= 16> <al=0.70> <DB=  680.2451> <Mlp=  729.0000> <PB=721.1> 
<DWph=2> <it=  7> <et=1.94> <Mt= 0.01> <Spt= 0.01> <nCl= 30> <al=0.47> <DB=  465.3738> <Mlp=  729.0000> <PB=721.1> 
<DWph=2> <it=  8> <et=1.97> <Mt= 0.03> <Spt= 0.00> <nCl= 12> <al=0.63> <DB=  703.1100> <Mlp=  724.7083> <PB=721.1> 
<DWph=2> <it=  9> <et=1.98> <Mt= 0.01> <Spt= 0.01> <nCl= 29> <al=0.67> <DB=  404.1371> <Mlp=  724.7083> <PB=721.1> 
<DWph=2> <it= 10> <et=2.00> <Mt= 0.00> <Spt= 0.00> <nCl= 13> <al=0.70> <DB=  713.0173> <Mlp=  724.7083> <PB=721.1> 
<DWph=2> <it= 11> <et=2.01> <Mt= 0.01> <Spt= 0.01> <nCl= 29> <al=0.60> <DB=  116.0448> <Mlp=  724.6667> <PB=721.1> 
<DWph=2> <it= 12> <et=2.04> <Mt= 0.03> <Spt= 0.00> <nCl= 20> <al=0.64> <DB=  677.7363> <Mlp=  724.6667> <PB=721.1> 
<DWph=2> <it= 13> <et=2.06> <Mt= 0.02> <Spt= 0.01> <nCl= 19> <al=0.68> <DB=  716.5325> <Mlp=  723.9697> <PB=721.1> 
<DWph=2> <it= 14> <et=2.09> <Mt= 0.02> <Spt= 0.00> <nCl= 28> <al=0.58> <DB=  323.1877> <Mlp=  722.6333> <PB=721.1> 
<DWph=2> <it= 15> <et=2.10> <Mt= 0.01> <Spt= 0.00> <nCl= 24> <al=0.62> <DB=  718.8438> <Mlp=  722.6333> <PB=721.1> 
<DWph=2> <it= 16> <et=2.12> <Mt= 0.01> <Spt= 0.01> <nCl= 25> <al=0.52> <DB=  706.7359> <Mlp=  722.1364> <PB=721.1> 
<DWph=2> <it= 17> <et=2.13> <Mt= 0.01> <Spt= 0.00> <nCl= 18> <al=0.57> <DB=  702.7594> <Mlp=  722.1286> <PB=721.1> 
<DWph=2> <it= 18> <et=2.14> <Mt= 0.01> <Spt= 0.00> <nCl= 20> <al=0.61> <DB=  676.2178> <Mlp=  722.1053> <PB=721.1> 
<DWph=2> <it= 19> <et=2.15> <Mt= 0.00> <Spt= 0.01> <nCl= 16> <al=0.65> <DB=  663.4957> <Mlp=  722.1053> <PB=721.1> 
<DWph=2> <it= 20> <et=2.16> <Mt= 0.01> <Spt= 0.00> <nCl= 15> <al=0.69> <DB=  719.8685> <Mlp=  722.1053> <PB=721.1> 
<DWph=2> <it= 21> <et=2.17> <Mt= 0.01> <Spt= 0.00> <nCl= 11> <al=0.59> <DB=  720.7949> <Mlp=  722.1053> <PB=721.1> 
<DWph=2> <it= 22> <et=2.18> <Mt= 0.00> <Spt= 0.01> <nCl= 17> <al=0.49> <DB=  712.0241> <Mlp=  722.1053> <PB=721.1> 
<DWph=2> <it= 23> <et=2.20> <Mt= 0.01> <Spt= 0.00> <nCl= 20> <al=0.54> <DB=  669.4549> <Mlp=  722.1053> <PB=721.1> 
<DWph=2> <it= 24> <et=2.21> <Mt= 0.01> <Spt= 0.01> <nCl= 15> <al=0.58> <DB=  687.8449> <Mlp=  722.0414> <PB=721.1> 
<DWph=2> <it= 25> <et=2.22> <Mt= 0.01> <Spt= 0.00> <nCl= 15> <al=0.63> <DB=  682.7174> <Mlp=  722.0414> <PB=721.1> 
<DWph=2> <it= 26> <et=2.24> <Mt= 0.01> <Spt= 0.00> <nCl= 14> <al=0.66> <DB=  708.5380> <Mlp=  721.7500> <PB=721.1> 
<DWph=2> <it= 27> <et=2.25> <Mt= 0.01> <Spt= 0.01> <nCl= 11> <al=0.70> <DB=  721.0849> <Mlp=  721.7500> <PB=721.1> 
<DWph=2> <it= 28> <et=2.26> <Mt= 0.01> <Spt= 0.00> <nCl= 21> <al=0.60> <DB=  684.7252> <Mlp=  721.7500> <PB=721.1> 
<DWph=2> <it= 29> <et=2.27> <Mt= 0.01> <Spt= 0.00> <nCl= 16> <al=0.64> <DB=  691.6100> <Mlp=  721.7500> <PB=721.1> 
<DWph=2> <it= 30> <et=2.29> <Mt= 0.01> <Spt= 0.01> <nCl= 18> <al=0.67> <DB=  710.1969> <Mlp=  721.7500> <PB=721.1> 
<DWph=2> <it= 31> <et=2.30> <Mt= 0.01> <Spt= 0.00> <nCl=  7> <al=0.71> <DB=  719.9867> <Mlp=  721.7500> <PB=721.1> 
<DWph=2> <it= 32> <et=2.31> <Mt= 0.01> <Spt= 0.00> <nCl= 13> <al=0.61> <DB=  695.3930> <Mlp=  721.7500> <PB=721.1> 
<DWph=2> <it= 33> <et=2.32> <Mt= 0.01> <Spt= 0.01> <nCl= 13> <al=0.65> <DB=  712.4842> <Mlp=  721.5000> <PB=721.1> 
<DWph=2> <it= 34> <et=2.34> <Mt= 0.01> <Spt= 0.00> <nCl=  8> <al=0.55> <DB=  713.8816> <Mlp=  721.5000> <PB=721.1> 
<DWph=2> <it= 35> <et=2.35> <Mt= 0.00> <Spt= 0.00> <nCl=  5> <al=0.45> <DB=  715.2790> <Mlp=  721.5000> <PB=721.1> 
<DWph=2> <it= 36> <et=2.36> <Mt= 0.01> <Spt= 0.00> <nCl= 10> <al=0.35> <DB=  716.6764> <Mlp=  721.5000> <PB=721.1> 
<DWph=2> <it= 37> <et=2.37> <Mt= 0.01> <Spt= 0.01> <nCl= 10> <al=0.25> <DB=  718.0738> <Mlp=  721.5000> <PB=721.1> 
<DWph=2> <it= 38> <et=2.38> <Mt= 0.01> <Spt= 0.00> <nCl= 30> <al=0.00> <DB=  673.9562> <Mlp=  721.5000> <PB=721.1> 
<DWph=2> <it= 39> <et=2.39> <Mt= 0.00> <Spt= 0.01> <nCl=  8> <al=0.05> <DB=  720.8686> <Mlp=  721.5000> <PB=721.1> 
<DWph=2> <it= 40> <et=2.40> <Mt= 0.01> <Spt= 0.00> <nCl= 11> <al=0.00> <DB=  721.5000> <Mlp=  721.5000> <PB=721.1> 
<DWph=1> <it= 41> <et=2.41> <Mt= 0.00> <Spt= 0.01> <nCl= 30> <al=0.00> <DB=  209.8327> <Mlp=  721.5000> <PB=721.1> 
<DWph=1> <it= 42> <et=2.44> <Mt= 0.03> <Spt= 0.01> <nCl= 30> <al=0.00> <DB=  240.0000> <Mlp=  721.5000> <PB=721.1> 
<DWph=1> <it= 43> <et=2.47> <Mt= 0.02> <Spt= 0.00> <nCl= 29> <al=0.06> <DB=  360.2138> <Mlp=  721.5000> <PB=721.1> 
<DWph=1> <it= 44> <et=2.51> <Mt= 0.03> <Spt= 0.01> <nCl= 30> <al=0.16> <DB=  -23.6690> <Mlp=  721.1154> <PB=721.1> 
<DWph=1> <it= 45> <et=2.54> <Mt= 0.02> <Spt= 0.01> <nCl= 29> <al=0.24> <DB=  241.8159> <Mlp=  721.1154> <PB=721.1> 
<DWph=1> <it= 46> <et=2.56> <Mt= 0.01> <Spt= 0.01> <nCl= 27> <al=0.32> <DB=  346.2177> <Mlp=  721.0345> <PB=721.1> 
<DWph=1> <it= 47> <et=2.58> <Mt= 0.01> <Spt= 0.00> <nCl= 27> <al=0.39> <DB=  409.8049> <Mlp=  721.0345> <PB=721.1> 
<DWph=1> <it= 48> <et=2.60> <Mt= 0.02> <Spt= 0.01> <nCl= 28> <al=0.45> <DB=  385.0615> <Mlp=  720.0000> <PB=721.1> 
<DWph=1> <it= 49> <et=2.63> <Mt= 0.02> <Spt= 0.01> <nCl= 24> <al=0.50> <DB=  463.1454> <Mlp=  719.8571> <PB=721.1> 
<DWph=1> <it= 50> <et=2.67> <Mt= 0.03> <Spt= 0.01> <nCl= 17> <al=0.55> <DB=  596.3861> <Mlp=  719.8060> <PB=721.1> 
<DWph=1> <it= 51> <et=2.69> <Mt= 0.02> <Spt= 0.00> <nCl= 29> <al=0.45> <DB=  257.9893> <Mlp=  719.0000> <PB=721.1> 
<DWph=1> <it= 52> <et=2.72> <Mt= 0.02> <Spt= 0.01> <nCl= 29> <al=0.51> <DB=  646.7600> <Mlp=  719.0000> <PB=721.1> 
<DWph=1> <it= 53> <et=2.75> <Mt= 0.02> <Spt= 0.01> <nCl= 28> <al=0.56> <DB=  550.8642> <Mlp=  719.0000> <PB=721.1> 
<DWph=1> <it= 54> <et=2.77> <Mt= 0.01> <Spt= 0.01> <nCl= 28> <al=0.60> <DB=  397.0105> <Mlp=  719.0000> <PB=721.1> 
<DWph=1> <it= 55> <et=2.79> <Mt= 0.02> <Spt= 0.00> <nCl= 26> <al=0.64> <DB=  621.8153> <Mlp=  719.0000> <PB=721.1> 
<DWph=1> <it= 56> <et=2.81> <Mt= 0.01> <Spt= 0.01> <nCl= 24> <al=0.68> <DB=  526.2025> <Mlp=  719.0000> <PB=721.1> 
<DWph=1> <it= 57> <et=2.84> <Mt= 0.02> <Spt= 0.01> <nCl= 24> <al=0.58> <DB=  565.7006> <Mlp=  719.0000> <PB=721.1> 
<DWph=1> <it= 58> <et=2.86> <Mt= 0.01> <Spt= 0.01> <nCl= 19> <al=0.62> <DB=  638.3704> <Mlp=  719.0000> <PB=721.1> 
<DWph=1> <it= 59> <et=2.88> <Mt= 0.02> <Spt= 0.00> <nCl= 22> <al=0.52> <DB=  558.7535> <Mlp=  719.0000> <PB=721.1> 
<DWph=1> <it= 60> <et=2.90> <Mt= 0.01> <Spt= 0.01> <nCl= 20> <al=0.42> <DB=  485.8349> <Mlp=  719.0000> <PB=721.1> 
<DWph=1> <it= 61> <et=2.93> <Mt= 0.02> <Spt= 0.01> <nCl= 20> <al=0.32> <DB=  666.7997> <Mlp=  719.0000> <PB=721.1> 
<DWph=1> <it= 62> <et=2.95> <Mt= 0.01> <Spt= 0.00> <nCl= 25> <al=0.39> <DB=  561.4123> <Mlp=  719.0000> <PB=721.1> 
<DWph=1> <it= 63> <et=2.97> <Mt= 0.01> <Spt= 0.01> <nCl= 24> <al=0.45> <DB=  652.7140> <Mlp=  719.0000> <PB=721.1> 
<DWph=1> <it= 64> <et=2.99> <Mt= 0.02> <Spt= 0.01> <nCl= 19> <al=0.35> <DB=  500.8125> <Mlp=  719.0000> <PB=721.1> 
<DWph=1> <it= 65> <et=3.01> <Mt= 0.01> <Spt= 0.01> <nCl= 11> <al=0.41> <DB=  591.3505> <Mlp=  719.0000> <PB=721.1> 
<DWph=1> <it= 66> <et=3.03> <Mt= 0.01> <Spt= 0.01> <nCl= 29> <al=0.00> <DB=  664.7295> <Mlp=  719.0000> <PB=721.1> 
<DWph=1> <it= 67> <et=3.05> <Mt= 0.01> <Spt= 0.00> <nCl=  8> <al=0.37> <DB=  646.4652> <Mlp=  719.0000> <PB=721.1> 
<DWph=1> <it= 68> <et=3.07> <Mt= 0.01> <Spt= 0.01> <nCl= 13> <al=0.44> <DB=  683.5942> <Mlp=  719.0000> <PB=721.1> 
<DWph=1> <it= 69> <et=3.08> <Mt= 0.01> <Spt= 0.01> <nCl= 11> <al=0.49> <DB=  644.8961> <Mlp=  719.0000> <PB=721.1> 
<DWph=1> <it= 70> <et=3.10> <Mt= 0.01> <Spt= 0.01> <nCl= 15> <al=0.54> <DB=  584.0518> <Mlp=  719.0000> <PB=721.1> 
<DWph=1> <it= 71> <et=3.12> <Mt= 0.02> <Spt= 0.00> <nCl= 10> <al=0.59> <DB=  684.5849> <Mlp=  719.0000> <PB=721.1> 
<DWph=1> <it= 72> <et=3.14> <Mt= 0.01> <Spt= 0.01> <nCl= 18> <al=0.49> <DB=  611.4295> <Mlp=  719.0000> <PB=721.1> 
<DWph=1> <it= 73> <et=3.16> <Mt= 0.01> <Spt= 0.01> <nCl=  9> <al=0.54> <DB=  676.4709> <Mlp=  719.0000> <PB=721.1> 
<DWph=1> <it= 74> <et=3.18> <Mt= 0.01> <Spt= 0.00> <nCl=  7> <al=0.44> <DB=  675.3539> <Mlp=  719.0000> <PB=721.1> 
<DWph=1> <it= 75> <et=3.20> <Mt= 0.01> <Spt= 0.01> <nCl= 10> <al=0.00> <DB=  714.6580> <Mlp=  719.0000> <PB=721.1> 
<DWph=1> <it= 76> <et=3.22> <Mt= 0.01> <Spt= 0.01> <nCl= 11> <al=0.00> <DB=  719.0000> <Mlp=  719.0000> <PB=721.1> 
    RCSP exact solver info for graph G_1 : TT = 0.013103, pt = 1e-05, dt = 0.011642, ct = 0.000974, ndl = 5', bdl = 90', odl = 7', odf = 53', bsi = 1', cnt = 53', bdch = 1182', odch = 411', lcp = 126', #sols = 150
<DWph=0> <it= 77> <et=3.24> <Mt= 0.00> <Spt= 0.03> <nCl=150> <al=0.14> <DB=  479.7390> <Mlp=  719.0000> <PB=721.1> 
    RCSP exact solver info for graph G_1 : TT = 0.019915, pt = 2.8e-05, dt = 0.017985, ct = 0.001381, ndl = 8', bdl = 131', odl = 8', odf = 65', bsi = 1', cnt = 112', bdch = 2210', odch = 757', lcp = 214', #sols = 150
<DWph=0> <it= 78> <et=3.29> <Mt= 0.02> <Spt= 0.03> <nCl=147> <al=0.23> <DB=  641.7036> <Mlp=  719.0000> <PB=721.1> 
    RCSP exact solver info for graph G_1 : TT = 0.018997, pt = 2.8e-05, dt = 0.017182, ct = 0.00128, ndl = 7', bdl = 124', odl = 8', odf = 64', bsi = 1', cnt = 80', bdch = 2117', odch = 705', lcp = 204', #sols = 150
<DWph=0> <it= 79> <et=3.34> <Mt= 0.02> <Spt= 0.03> <nCl=146> <al=0.30> <DB=  631.4180> <Mlp=  719.0000> <PB=721.1> 
    RCSP exact solver info for graph G_1 : TT = 0.0164, pt = 2.8e-05, dt = 0.014744, ct = 0.001163, ndl = 7', bdl = 111', odl = 7', odf = 58', bsi = 1', cnt = 66', bdch = 1690', odch = 559', lcp = 169', #sols = 150
<DWph=0> <it= 80> <et=3.38> <Mt= 0.02> <Spt= 0.02> <nCl=102> <al=0.37> <DB=  690.2020> <Mlp=  719.0000> <PB=721.1> 
    RCSP exact solver info for graph G_1 : TT = 0.01596, pt = 2.9e-05, dt = 0.014359, ct = 0.001138, ndl = 6', bdl = 109', odl = 7', odf = 58', bsi = 1', cnt = 64', bdch = 1609', odch = 563', lcp = 166', #sols = 150
<DWph=0> <it= 81> <et=3.41> <Mt= 0.01> <Spt= 0.02> <nCl= 70> <al=0.27> <DB=  696.8126> <Mlp=  719.0000> <PB=721.1> 
    RCSP exact solver info for graph G_1 : TT = 0.016234, pt = 2.7e-05, dt = 0.014578, ct = 0.001203, ndl = 7', bdl = 112', odl = 7', odf = 59', bsi = 1', cnt = 79', bdch = 1665', odch = 533', lcp = 175', #sols = 150
<DWph=0> <it= 82> <et=3.44> <Mt= 0.01> <Spt= 0.02> <nCl= 19> <al=0.35> <DB=  707.1772> <Mlp=  719.0000> <PB=721.1> 
    RCSP exact solver info for graph G_1 : TT = 0.016543, pt = 2.4e-05, dt = 0.014857, ct = 0.00126, ndl = 7', bdl = 115', odl = 7', odf = 60', bsi = 1', cnt = 90', bdch = 1714', odch = 558', lcp = 183', #sols = 150
    RCSP exact solver info for graph G_1 : TT = 0.015029, pt = 1.8e-05, dt = 0.013476, ct = 0.001135, ndl = 6', bdl = 105', odl = 8', odf = 59', bsi = 1', cnt = 75', bdch = 1499', odch = 510', lcp = 160', #sols = 150
<DWph=0> <it= 83> <et=3.49> <Mt= 0.01> <Spt= 0.04> <nCl= 66> <al=0.00> <DB=  719.0000> <Mlp=  719.0000> <PB=721.1> 
Dynamic params and stats :  aver.obdmd = 22.8478 aver.buck.num. = 25
@@ 1 1 719 0.0160446 0.019366 53.3932 3.49
Labels distribution in buckets (bucket size) : largest - 123, top 0.1% - 123, top 0.5% - 116, top 2% - 66, top 10% - 30, top 50% - 5
Reduced cost fixing for graph G_1... 4169 buck. arcs remain (16.6% from prev., 8.85% from max.) + 2679 jump buck. arcs (5.69% from max.)
 TT = 0.014056, pt = 0.002263, dt = 0.005368, ct = 0.006318, ndl = 11', bdl = 53', odl = 3', odf = 49', lpcb = 110', cnt = 642', bdch = 454', odch = 288', lcp = 72'
Labels distribution in buckets (bucket size) : largest - 123, top 0.1% - 123, top 0.5% - 116, top 2% - 66, top 10% - 32, top 50% - 6
Run forward enumeration with border = 1005... succeeded! lpt = 0.010512, ndl = 8', dl = 0', lpcb = 28', dch = 2'
Run enumeration concatenation with time limit 0.43887 sec.... succeeded!
Sorting and storing enumerated solutions ... done!
 TT = 0.017376, pt = 0, dt = 0.010512, ct = 0.003595, ndl = 8', bdl = 0', lpcb = 28', cnt = 375', bdch = 2', odch = 0', lcp = 0'
Enumeration succeeded!, number of elem. solutions is 1654
Estimating inspection time...     TT = 0.000371, performed by inspection with 1654 solutions, nbR1C = 0, nbDiscC = 0
Inspection time is low enough. Pricing will be done by inspection.
Added 369 columns in the formulation 
Removed 6958 columns (not in the enumerated set) from the formulation
Regenerated 369 columns with the 'enumerated' flag
#<DWph=2> <it= 84> <et=3.61> <Mt= 0.00> <Spt= 0.00> <nCl=  0> <al=0.00> <DB= 1455.2844> <Mlp= 1455.2844> <PB=721.1> 
 Artificial variables in the solution : decreasing phase of stage 
#<DWph=1> <it= 85> <et=3.61> <Mt= 0.00> <Spt= 0.00> <nCl=  0> <al=0.00> <DB= 1455.2844> <Mlp= 1455.2844> <PB=721.1> 
 Artificial variables in the solution : decreasing phase of stage 
#    TT = 0.000231, performed by inspection with 1654 solutions, nbR1C = 0, nbDiscC = 0
<DWph=0> <it= 86> <et=3.62> <Mt= 0.00> <Spt= 0.01> <nCl=140> <al=0.30> <DB=-161418.7156> <Mlp= 1455.2844> <PB=721.1> 
    TT = 0.000204, performed by inspection with 1654 solutions, nbR1C = 0, nbDiscC = 0
<DWph=0> <it= 87> <et=3.63> <Mt= 0.00> <Spt= 0.01> <nCl= 56> <al=0.37> <DB=-59270.6948> <Mlp=  721.0000> <PB=721> 
    TT = 0.000162, performed by inspection with 1654 solutions, nbR1C = 0, nbDiscC = 0
<DWph=0> <it= 88> <et=3.63> <Mt= 0.00> <Spt= 0.00> <nCl= 13> <al=0.27> <DB=-21856.2409> <Mlp=  721.0000> <PB=721> 
    TT = 0.000132, performed by inspection with 1654 solutions, nbR1C = 0, nbDiscC = 0
<DWph=0> <it= 89> <et=3.64> <Mt= 0.00> <Spt= 0.00> <nCl= 10> <al=0.34> <DB=-7022.9936> <Mlp=  721.0000> <PB=721> 
    TT = 0.00013, performed by inspection with 1654 solutions, nbR1C = 0, nbDiscC = 0
<DWph=0> <it= 90> <et=3.64> <Mt= 0.00> <Spt= 0.00> <nCl=  7> <al=0.24> <DB=-1160.7905> <Mlp=  721.0000> <PB=721> 
    TT = 0.000128, performed by inspection with 1654 solutions, nbR1C = 0, nbDiscC = 0
    TT = 0.000129, performed by inspection with 1654 solutions, nbR1C = 0, nbDiscC = 0
<DWph=0> <it= 91> <et=3.64> <Mt= 0.01> <Spt= 0.01> <nCl=  6> <al=0.00> <DB=  721.0000> <Mlp=  721.0000> <PB=721> 
Dynamic params and stats :  aver.obdmd = 22.8478 aver.buck.num. = 25
@@ 1 1 721 0.000159429 0.000231 0 3.64
ColGenEvalAlg final dual bound: 721 (rounded: 721)
Gap improvement since the last cut separation : 1 (687.487)
Current active cuts : CAP(1,-15)
New model incumbent solution 721, TIME = 0h0m3s71t = 371
************************************************************************************************
Search is finished, global bounds : [ 721 , 721 ], TIME = 0h0m3s71t = 371
************************************************************************************************
721.0
[[20, 21, 25, 26, 23, 22, 19, 8], [24], [16, 2, 1, 15, 9], [42, 41, 30, 31, 32, 34, 40, 39, 36, 38, 37], [43, 44, 28, 33, 29, 27, 6, 5, 7, 35, 3, 4, 14, 13, 12, 11, 18, 17, 10]]
Built-in heuristic is enabled
instance_name solver_name ext_heuristic solution_value solution_time best_lb root_lb root_time nb_branch_and_bound_nodes status
/home/logis/Downloads/VRPSolverEasy/VRPSolverEasy/demos/data/CVRP/F-n45-k4 CLP True 721.0000000938248 3.716820351 721.0 721.0 3.7163079499999996 1 0

