Node memory for rank-1 cuts will be used (7.72871)
~~~~~~~~~~~~~~~~~~~~~~~~~~~~~~~~~~~~~~~~~~~~~~~~~~~~~~~~~~~~~~~~~~~~~~~~~~~~~~~~~~~~~
VRPSolver v0.5.27, 24/02/2023, © Inria Bordeaux, France, vrpsolver.math.u-bordeaux.fr
      Corresponds to the solver by Pessoa, Sadykov, Uchoa and Vanderbeck (2020)
                 Paper: dx.doi.org/10.1007/s10107-020-01523-z
~~~~~~~~~~~~~~~~~~~~~~~~~~~~~~~~~~~~~~~~~~~~~~~~~~~~~~~~~~~~~~~~~~~~~~~~~~~~~~~~~~~~~
   BaPCod v0.77, 15/03/2023, © Inria Bordeaux, France, bapcod.math.u-bordeaux.fr 
           THIS CODE IS PROVIDED AS IS, USE IT AT YOUR OWN RISK
~~~~~~~~~~~~~~~~~~~~~~~~~~~~~~~~~~~~~~~~~~~~~~~~~~~~~~~~~~~~~~~~~~~~~~~~~~~~~~~~~~~~~
Bucket steps were recalculated for graph G_1 : [6]
RCSP solver info : symmetric case is detected for graph G_1! 
Bidirectional border value is initialised to 75
RCSP solver info : number of forw. reachable buckets / buck. strongly connected components is 1242( 93.6652% ) / 1217( 97.9871% )
Generating neighbourhoods for rank-1 cuts separation
Building structures for 4- and 5-row rank-1 packing cut separation...done!
Model is built TIME = 0h0m0s1t = 1
************************************************************************************************
**** BaB tree root node
**** Local DB = -1e+12, global bounds : [ -1e+12 , 554.1 ], TIME = 0h0m0s1t = 1
**** 1 open nodes, 0 columns (0 active), 0 dyn. constrs. (0 active), 100 art. vars. (100 active)
************************************************************************************************
#<DWph=2> <it=  1> <et=0.02> <Mt= 0.00> <Spt= 0.00> <nCl= 30> <al=0.00> <DB=-1298519.8400> <Mlp=69816.6000> <PB=554.1> 
#<DWph=2> <it=  2> <et=0.02> <Mt= 0.00> <Spt= 0.00> <nCl= 30> <al=0.55> <DB=-980473.0124> <Mlp=65563.3280> <PB=554.1> 
#<DWph=2> <it=  3> <et=0.02> <Mt= 0.00> <Spt= 0.00> <nCl= 30> <al=0.45> <DB=-922150.4456> <Mlp=64237.9273> <PB=554.1> 
#<DWph=2> <it=  4> <et=0.02> <Mt= 0.00> <Spt= 0.01> <nCl= 30> <al=0.51> <DB=-726034.0921> <Mlp=62831.0939> <PB=554.1> 
#<DWph=2> <it=  5> <et=0.03> <Mt= 0.00> <Spt= 0.00> <nCl= 30> <al=0.55> <DB=-687167.1023> <Mlp=55604.2678> <PB=554.1> 
#<DWph=2> <it=  6> <et=0.03> <Mt= 0.00> <Spt= 0.00> <nCl= 30> <al=0.60> <DB=-604499.3963> <Mlp=53953.3574> <PB=554.1> 
#<DWph=2> <it=  7> <et=0.03> <Mt= 0.00> <Spt= 0.00> <nCl= 30> <al=0.50> <DB=-549218.9829> <Mlp=50815.2631> <PB=554.1> 
#<DWph=2> <it=  8> <et=0.04> <Mt= 0.00> <Spt= 0.01> <nCl= 30> <al=0.55> <DB=-539371.8252> <Mlp=43511.7004> <PB=554.1> 
#<DWph=2> <it=  9> <et=0.04> <Mt= 0.00> <Spt= 0.00> <nCl= 30> <al=0.59> <DB=-499008.9540> <Mlp=41761.1394> <PB=554.1> 
#<DWph=2> <it= 10> <et=0.04> <Mt= 0.00> <Spt= 0.00> <nCl= 30> <al=0.63> <DB=-482964.8951> <Mlp=36502.4553> <PB=554.1> 
#<DWph=2> <it= 11> <et=0.05> <Mt= 0.00> <Spt= 0.00> <nCl= 30> <al=0.67> <DB=-448628.5647> <Mlp=29767.7249> <PB=554.1> 
#<DWph=2> <it= 12> <et=0.05> <Mt= 0.00> <Spt= 0.01> <nCl= 30> <al=0.70> <DB=-429564.1252> <Mlp=24716.0667> <PB=554.1> 
#<DWph=2> <it= 13> <et=0.05> <Mt= 0.00> <Spt= 0.00> <nCl= 30> <al=0.73> <DB=-365096.0315> <Mlp=19583.2147> <PB=554.1> 
#<DWph=2> <it= 14> <et=0.06> <Mt= 0.00> <Spt= 0.00> <nCl= 30> <al=0.76> <DB=-313442.7576> <Mlp=13153.6428> <PB=554.1> 
#<DWph=2> <it= 15> <et=0.06> <Mt= 0.00> <Spt= 0.00> <nCl= 30> <al=0.66> <DB=-288722.5640> <Mlp= 4461.7137> <PB=554.1> 
#<DWph=2> <it= 16> <et=0.06> <Mt= 0.00> <Spt= 0.01> <nCl= 30> <al=0.56> <DB=-232847.7186> <Mlp= 2860.3503> <PB=554.1> 
#<DWph=2> <it= 17> <et=0.07> <Mt= 0.01> <Spt= 0.00> <nCl= 29> <al=0.21> <DB=-23082.7372> <Mlp= 1449.2030> <PB=554.1> 
#<DWph=2> <it= 18> <et=0.07> <Mt= 0.00> <Spt= 0.00> <nCl= 30> <al=0.50> <DB=-1876.4656> <Mlp= 1412.1772> <PB=554.1> 
<DWph=2> <it= 19> <et=0.07> <Mt= 0.00> <Spt= 0.00> <nCl= 26> <al=0.55> <DB= -591.8934> <Mlp= 1059.3447> <PB=554.1> 
<DWph=2> <it= 20> <et=0.08> <Mt= 0.00> <Spt= 0.01> <nCl= 30> <al=0.60> <DB= -577.5024> <Mlp=  964.5317> <PB=554.1> 
<DWph=2> <it= 21> <et=0.08> <Mt= 0.00> <Spt= 0.00> <nCl= 30> <al=0.64> <DB=-1399.3553> <Mlp=  922.3364> <PB=554.1> 
<DWph=2> <it= 22> <et=0.09> <Mt= 0.00> <Spt= 0.00> <nCl= 30> <al=0.67> <DB= -324.2934> <Mlp=  892.4500> <PB=554.1> 
<DWph=2> <it= 23> <et=0.09> <Mt= 0.00> <Spt= 0.00> <nCl= 30> <al=0.71> <DB= -693.5103> <Mlp=  839.7123> <PB=554.1> 
<DWph=2> <it= 24> <et=0.09> <Mt= 0.00> <Spt= 0.00> <nCl= 28> <al=0.74> <DB= -374.9906> <Mlp=  780.2233> <PB=554.1> 
<DWph=2> <it= 25> <et=0.10> <Mt= 0.01> <Spt= 0.01> <nCl= 14> <al=0.76> <DB=   69.3833> <Mlp=  746.6256> <PB=554.1> 
<DWph=2> <it= 26> <et=0.10> <Mt= 0.00> <Spt= 0.00> <nCl= 30> <al=0.66> <DB= -537.5926> <Mlp=  741.3413> <PB=554.1> 
<DWph=2> <it= 27> <et=0.10> <Mt= 0.00> <Spt= 0.00> <nCl= 29> <al=0.70> <DB=  354.9210> <Mlp=  704.7748> <PB=554.1> 
<DWph=2> <it= 28> <et=0.11> <Mt= 0.00> <Spt= 0.00> <nCl= 30> <al=0.60> <DB= -603.0089> <Mlp=  660.6250> <PB=554.1> 
<DWph=2> <it= 29> <et=0.11> <Mt= 0.00> <Spt= 0.01> <nCl= 30> <al=0.64> <DB=  -50.7545> <Mlp=  632.9502> <PB=554.1> 
<DWph=2> <it= 30> <et=0.12> <Mt= 0.00> <Spt= 0.00> <nCl= 28> <al=0.67> <DB=  433.2403> <Mlp=  597.3790> <PB=554.1> 
<DWph=2> <it= 31> <et=0.12> <Mt= 0.00> <Spt= 0.00> <nCl= 30> <al=0.71> <DB=  -34.7195> <Mlp=  579.7539> <PB=554.1> 
<DWph=2> <it= 32> <et=0.12> <Mt= 0.01> <Spt= 0.00> <nCl= 28> <al=0.74> <DB=  456.3186> <Mlp=  575.2729> <PB=554.1> 
<DWph=2> <it= 33> <et=0.13> <Mt= 0.00> <Spt= 0.01> <nCl= 21> <al=0.76> <DB=  503.5380> <Mlp=  566.8566> <PB=554.1> 
<DWph=2> <it= 34> <et=0.13> <Mt= 0.00> <Spt= 0.00> <nCl= 25> <al=0.66> <DB=  500.6377> <Mlp=  560.0893> <PB=554.1> 
<DWph=2> <it= 35> <et=0.14> <Mt= 0.00> <Spt= 0.00> <nCl= 17> <al=0.70> <DB=  521.8142> <Mlp=  554.1944> <PB=554.1> 
<DWph=2> <it= 36> <et=0.14> <Mt= 0.00> <Spt= 0.00> <nCl= 17> <al=0.60> <DB=  522.8121> <Mlp=  552.8528> <PB=554.1> 
<DWph=2> <it= 37> <et=0.14> <Mt= 0.00> <Spt= 0.01> <nCl= 20> <al=0.64> <DB=  531.8712> <Mlp=  549.1556> <PB=554.1> 
<DWph=2> <it= 38> <et=0.15> <Mt= 0.00> <Spt= 0.00> <nCl= 18> <al=0.67> <DB=  526.9238> <Mlp=  548.0957> <PB=554.1> 
<DWph=2> <it= 39> <et=0.15> <Mt= 0.00> <Spt= 0.00> <nCl= 12> <al=0.71> <DB=  536.6292> <Mlp=  548.0122> <PB=554.1> 
<DWph=2> <it= 40> <et=0.15> <Mt= 0.00> <Spt= 0.00> <nCl=  7> <al=0.61> <DB=  527.8554> <Mlp=  547.9653> <PB=554.1> 
<DWph=2> <it= 41> <et=0.16> <Mt= 0.01> <Spt= 0.01> <nCl=  4> <al=0.64> <DB=  540.3474> <Mlp=  547.0939> <PB=554.1> 
<DWph=2> <it= 42> <et=0.16> <Mt= 0.00> <Spt= 0.00> <nCl=  8> <al=0.54> <DB=  532.0235> <Mlp=  546.8690> <PB=554.1> 
<DWph=2> <it= 43> <et=0.16> <Mt= 0.00> <Spt= 0.00> <nCl= 11> <al=0.44> <DB=  541.3940> <Mlp=  546.2857> <PB=554.1> 
<DWph=2> <it= 44> <et=0.16> <Mt= 0.00> <Spt= 0.00> <nCl=  6> <al=0.34> <DB=  532.9701> <Mlp=  546.1923> <PB=554.1> 
<DWph=2> <it= 45> <et=0.17> <Mt= 0.00> <Spt= 0.00> <nCl=  6> <al=0.24> <DB=  537.2225> <Mlp=  545.5000> <PB=554.1> 
<DWph=2> <it= 46> <et=0.17> <Mt= 0.00> <Spt= 0.01> <nCl=  5> <al=0.00> <DB=  545.4891> <Mlp=  545.4891> <PB=554.1> 
<DWph=1> <it= 47> <et=0.18> <Mt= 0.00> <Spt= 0.00> <nCl= 15> <al=0.04> <DB=  533.4590> <Mlp=  545.4891> <PB=554.1> 
<DWph=1> <it= 48> <et=0.18> <Mt= 0.00> <Spt= 0.01> <nCl=  7> <al=0.14> <DB=  543.2020> <Mlp=  545.3992> <PB=554.1> 
<DWph=1> <it= 49> <et=0.19> <Mt= 0.00> <Spt= 0.00> <nCl=  4> <al=0.04> <DB=  541.6163> <Mlp=  545.3992> <PB=554.1> 
<DWph=1> <it= 50> <et=0.20> <Mt= 0.00> <Spt= 0.01> <nCl=  3> <al=0.00> <DB=  545.3992> <Mlp=  545.3992> <PB=554.1> 
    RCSP exact solver info for graph G_1 : TT = 0.006605, pt = 1e-05, dt = 0.005589, ct = 0.000765, ndl = 1', bdl = 37', odl = 3', odf = 19', bsi = 1', cnt = 4', bdch = 302', odch = 27', lcp = 18', #sols = 150
<DWph=0> <it= 51> <et=0.20> <Mt= 0.00> <Spt= 0.01> <nCl= 65> <al=0.04> <DB=  544.1331> <Mlp=  545.3992> <PB=554.1> 
    RCSP exact solver info for graph G_1 : TT = 0.005479, pt = 1.8e-05, dt = 0.00446, ct = 0.000756, ndl = 1', bdl = 37', odl = 3', odf = 19', bsi = 1', cnt = 4', bdch = 301', odch = 27', lcp = 18', #sols = 150
    RCSP exact solver info for graph G_1 : TT = 0.005517, pt = 1.6e-05, dt = 0.00448, ct = 0.000774, ndl = 1', bdl = 37', odl = 3', odf = 19', bsi = 1', cnt = 4', bdch = 301', odch = 27', lcp = 18', #sols = 150
<DWph=0> <it= 52> <et=0.22> <Mt= 0.00> <Spt= 0.01> <nCl=  2> <al=0.00> <DB=  545.3992> <Mlp=  545.3992> <PB=554.1> 
Dynamic params and stats :  aver.obdmd = 23.3725 aver.buck.num. = 26
@@ 1 0 545.399 0.005608 0.006354 85.2746 0.22
Labels distribution in buckets (bucket size) : largest - 22, top 0.1% - 22, top 0.5% - 21, top 2% - 14, top 10% - 10, top 50% - 1
Reduced cost fixing for graph G_1... 7417 buck. arcs remain (14.6% from prev., 12.4% from max.) + 3797 jump buck. arcs (6.37% from max.)
 TT = 0.014511, pt = 0.002656, dt = 0.005011, ct = 0.006753, ndl = 5', bdl = 47', odl = 3', odf = 32', lpcb = 157', cnt = 32', bdch = 506', odch = 61', lcp = 37'
Labels distribution in buckets (bucket size) : largest - 23, top 0.1% - 23, top 0.5% - 21, top 2% - 16, top 10% - 10, top 50% - 2
Run forward enumeration with border = 75... succeeded! lpt = 0.009166, ndl = 4', dl = 0', lpcb = 32', dch = 8'
Run enumeration concatenation with time limit 0.3 sec.... succeeded!
Sorting and storing enumerated solutions ... done!
 TT = 0.023028, pt = 0.001976, dt = 0.009166, ct = 0.004655, ndl = 4', bdl = 0', lpcb = 32', cnt = 44', bdch = 8', odch = 0', lcp = 0'
Enumeration succeeded!, number of elem. solutions is 6749
Estimating inspection time...     TT = 0.000346, performed by inspection with 6749 solutions, nbR1C = 0, nbDiscC = 0
Inspection time is low enough. Pricing will be done by inspection.
Added 407 columns in the formulation 
Removed 798 columns (not in the enumerated set) from the formulation
Regenerated 407 columns with the 'enumerated' flag
<DWph=2> <it= 53> <et=0.27> <Mt= 0.00> <Spt= 0.00> <nCl=  0> <al=0.00> <DB=  547.2041> <Mlp=  547.2041> <PB=554.1> 
<DWph=1> <it= 54> <et=0.27> <Mt= 0.00> <Spt= 0.00> <nCl=  0> <al=0.00> <DB=  547.2041> <Mlp=  547.2041> <PB=554.1> 
    TT = 0.000271, performed by inspection with 6749 solutions, nbR1C = 0, nbDiscC = 0
<DWph=0> <it= 55> <et=0.27> <Mt= 0.00> <Spt= 0.01> <nCl=100> <al=0.30> <DB=  518.9556> <Mlp=  547.2041> <PB=554.1> 
    TT = 0.000235, performed by inspection with 6749 solutions, nbR1C = 0, nbDiscC = 0
<DWph=0> <it= 56> <et=0.27> <Mt= 0.00> <Spt= 0.00> <nCl= 33> <al=0.37> <DB=  536.1023> <Mlp=  546.1726> <PB=554.1> 
    TT = 0.000194, performed by inspection with 6749 solutions, nbR1C = 0, nbDiscC = 0
    TT = 0.000189, performed by inspection with 6749 solutions, nbR1C = 0, nbDiscC = 0
<DWph=0> <it= 57> <et=0.28> <Mt= 0.00> <Spt= 0.00> <nCl= 21> <al=0.00> <DB=  546.1726> <Mlp=  546.1726> <PB=554.1> 
Dynamic params and stats :  aver.obdmd = 23.3725 aver.buck.num. = 26
@@ 1 0 546.173 0.00022225 0.000271 0 0.28
Reduced cost fixing for graph G_1...  took 0 sec., done by inspection with 6749 solutions, remains 4815 (71.3%)
Removed 14 columns (not in the enumerated set) from the formulation
    Full reduced cost fixing is not called (gap ratio is 0.910075)
ColGenEvalAlg final dual bound: 546.173 (rounded: 547)
In total 1 RCC cut(s) are found by the connected components heuristic 
Shrinking heuristic shrunk 11 edges
In total 17 RCC cut(s) are found by the Fractional capacity min-cut heuristic 
In total 45 RCC cut(s) are found by the greedy construction heuristic 
----- Add fac. cuts : CAP(63), max.viol = 0.584922, aver.viol = 0.191201, sep/add took 0.00636698/0.0106429 sec. -----
547 columns (547 active), 63 dyn. constrs. (63 active), 163 art. vars. (163 active)
<DWph=2> <it=  1> <et=0.30> <Mt= 0.01> <Spt= 0.00> <nCl=  0> <al=0.00> <DB=  551.1716> <Mlp=  551.1716> <PB=554.1> 
<DWph=1> <it=  2> <et=0.30> <Mt= 0.00> <Spt= 0.00> <nCl=  0> <al=0.00> <DB=  551.1716> <Mlp=  551.1716> <PB=554.1> 
    TT = 0.000195, performed by inspection with 4815 solutions, nbR1C = 0, nbDiscC = 0
<DWph=0> <it=  3> <et=0.31> <Mt= 0.00> <Spt= 0.00> <nCl= 91> <al=0.30> <DB=   -8.5299> <Mlp=  551.1716> <PB=554.1> 
    TT = 0.000182, performed by inspection with 4815 solutions, nbR1C = 0, nbDiscC = 0
<DWph=0> <it=  4> <et=0.31> <Mt= 0.00> <Spt= 0.01> <nCl= 14> <al=0.20> <DB=  480.4690> <Mlp=  549.9844> <PB=554.1> 
    TT = 0.000155, performed by inspection with 4815 solutions, nbR1C = 0, nbDiscC = 0
    TT = 0.00015, performed by inspection with 4815 solutions, nbR1C = 0, nbDiscC = 0
<DWph=0> <it=  5> <et=0.32> <Mt= 0.00> <Spt= 0.00> <nCl= 13> <al=0.00> <DB=  549.9844> <Mlp=  549.9844> <PB=554.1> 
Dynamic params and stats :  aver.obdmd = 23.3725 aver.buck.num. = 26
@@ 1 1 549.984 0.0001705 0.000195 0 0.32
Reduced cost fixing for graph G_1...  took 0 sec., done by inspection with 4815 solutions, remains 1512 (31.4%)
Removed 124 columns (not in the enumerated set) from the formulation
ColGenEvalAlg final dual bound: 549.984 (rounded: 550)
Gap improvement since the last cut separation : 0.480832 (546.173)
Current active cuts : CAP(9,36.7422)
In total 1 RCC cut(s) are found by the connected components heuristic 
Shrinking heuristic shrunk 11 edges
In total 4 RCC cut(s) are found by the Fractional capacity min-cut heuristic 
In total 6 RCC cut(s) are found by the greedy construction heuristic 
In total 3 RCC cut(s) are found by the global pool greedy search heuristic 
----- Add fac. cuts : CAP(14), max.viol = 0.28125, aver.viol = 0.0970982, sep/add took 0.00524405/0.00241418 sec. -----
657 columns (541 active), 77 dyn. constrs. (23 active), 177 art. vars. (123 active)
<DWph=2> <it=  1> <et=0.33> <Mt= 0.01> <Spt= 0.00> <nCl=  0> <al=0.00> <DB=  550.7534> <Mlp=  550.7534> <PB=554.1> 
<DWph=1> <it=  2> <et=0.33> <Mt= 0.00> <Spt= 0.00> <nCl=  0> <al=0.00> <DB=  550.7534> <Mlp=  550.7534> <PB=554.1> 
    TT = 7.4e-05, performed by inspection with 1512 solutions, nbR1C = 0, nbDiscC = 0
<DWph=0> <it=  3> <et=0.33> <Mt= 0.00> <Spt= 0.00> <nCl= 28> <al=0.30> <DB=  472.9679> <Mlp=  550.7534> <PB=554.1> 
    TT = 7e-05, performed by inspection with 1512 solutions, nbR1C = 0, nbDiscC = 0
    TT = 6.8e-05, performed by inspection with 1512 solutions, nbR1C = 0, nbDiscC = 0
<DWph=0> <it=  4> <et=0.34> <Mt= 0.00> <Spt= 0.01> <nCl=  6> <al=0.00> <DB=  550.7009> <Mlp=  550.7009> <PB=554.1> 
Dynamic params and stats :  aver.obdmd = 23.3725 aver.buck.num. = 26
@@ 1 2 550.701 7.06667e-05 7.4e-05 0 0.34
Reduced cost fixing for graph G_1...  took 0 sec., done by inspection with 1512 solutions, remains 856 (56.6%)
Removed 53 columns (not in the enumerated set) from the formulation
ColGenEvalAlg final dual bound: 550.701 (rounded: 551)
Gap improvement since the last cut separation : 0.174104 (549.984)
Current active cuts : CAP(15,58.5092)
In total 1 RCC cut(s) are found by the connected components heuristic 
Shrinking heuristic shrunk 7 edges
In total 3 RCC cut(s) are found by the Fractional capacity min-cut heuristic 
In total 7 RCC cut(s) are found by the greedy construction heuristic 
In total 2 RCC cut(s) are found by the global pool greedy search heuristic 
----- Add fac. cuts : CAP(13), max.viol = 0.0858896, aver.viol = 0.0407032, sep/add took 0.00731697/0.00163197 sec. -----
575 columns (522 active), 36 dyn. constrs. (28 active), 190 art. vars. (128 active)
<DWph=2> <it=  1> <et=0.36> <Mt= 0.00> <Spt= 0.00> <nCl=  0> <al=0.00> <DB=  550.8580> <Mlp=  550.8580> <PB=554.1> 
<DWph=1> <it=  2> <et=0.36> <Mt= 0.00> <Spt= 0.00> <nCl=  0> <al=0.00> <DB=  550.8580> <Mlp=  550.8580> <PB=554.1> 
    TT = 5.7e-05, performed by inspection with 856 solutions, nbR1C = 0, nbDiscC = 0
    TT = 5.6e-05, performed by inspection with 856 solutions, nbR1C = 0, nbDiscC = 0
<DWph=0> <it=  3> <et=0.36> <Mt= 0.00> <Spt= 0.00> <nCl=  4> <al=0.00> <DB=  550.8580> <Mlp=  550.8580> <PB=554.1> 
Dynamic params and stats :  aver.obdmd = 23.3725 aver.buck.num. = 26
@@ 1 3 550.858 5.65e-05 5.7e-05 0 0.36
Reduced cost fixing for graph G_1...  took 0 sec., done by inspection with 856 solutions, remains 806 (94.2%)
Removed 8 columns (not in the enumerated set) from the formulation
    Full reduced cost fixing is not called (gap ratio is 0.952379)
ColGenEvalAlg final dual bound: 550.858 (rounded: 551)
Gap improvement since the last cut separation : 0.0462197 (550.701)
Current active cuts : CAP(19,107.201)
Shrinking heuristic shrunk 5 edges
In total 1 RCC cut(s) are found by the greedy construction heuristic 
----- Add fac. cuts : CAP(1), max.viol = 0.0246914, aver.viol = 0.0246914, sep/add took 0.00797396/0.000148556 sec. -----
526 columns (518 active), 29 dyn. constrs. (20 active), 191 art. vars. (120 active)
<DWph=2> <it=  1> <et=0.37> <Mt= 0.00> <Spt= 0.00> <nCl=  0> <al=0.00> <DB=  550.8590> <Mlp=  550.8590> <PB=554.1> 
<DWph=1> <it=  2> <et=0.37> <Mt= 0.00> <Spt= 0.00> <nCl=  0> <al=0.00> <DB=  550.8590> <Mlp=  550.8590> <PB=554.1> 
    TT = 5.7e-05, performed by inspection with 806 solutions, nbR1C = 0, nbDiscC = 0
    TT = 5.4e-05, performed by inspection with 806 solutions, nbR1C = 0, nbDiscC = 0
<DWph=0> <it=  3> <et=0.37> <Mt= 0.00> <Spt= 0.00> <nCl=  0> <al=0.00> <DB=  550.8590> <Mlp=  550.8590> <PB=554.1> 
Dynamic params and stats :  aver.obdmd = 23.3725 aver.buck.num. = 26
@@ 1 4 550.859 5.55e-05 5.7e-05 0 0.37
Reduced cost fixing for graph G_1...  took 0 sec., done by inspection with 806 solutions, remains 804 (99.8%)
    Full reduced cost fixing is not called (gap ratio is 0.952091)
ColGenEvalAlg final dual bound: 550.859 (rounded: 551)
Gap improvement since the last cut separation : 0.000292929 (550.858)
Cut generation tailing off counter increased to 1
Current active cuts : CAP(20,110.397)
Shrinking heuristic shrunk 6 edges
In total 1 RCC cut(s) are found by the Fractional capacity min-cut heuristic 
In total 3 RCC cut(s) are found by the greedy construction heuristic 
----- Add fac. cuts : CAP(4), max.viol = 0.0769231, aver.viol = 0.0384615, sep/add took 0.0075238/0.000423869 sec. -----
526 columns (518 active), 24 dyn. constrs. (24 active), 195 art. vars. (124 active)
<DWph=2> <it=  1> <et=0.39> <Mt= 0.00> <Spt= 0.00> <nCl=  0> <al=0.00> <DB=  550.8645> <Mlp=  550.8645> <PB=554.1> 
<DWph=1> <it=  2> <et=0.39> <Mt= 0.00> <Spt= 0.00> <nCl=  0> <al=0.00> <DB=  550.8645> <Mlp=  550.8645> <PB=554.1> 
    TT = 5.6e-05, performed by inspection with 804 solutions, nbR1C = 0, nbDiscC = 0
    TT = 5.5e-05, performed by inspection with 804 solutions, nbR1C = 0, nbDiscC = 0
<DWph=0> <it=  3> <et=0.39> <Mt= 0.00> <Spt= 0.01> <nCl=  1> <al=0.00> <DB=  550.8645> <Mlp=  550.8645> <PB=554.1> 
Dynamic params and stats :  aver.obdmd = 23.3725 aver.buck.num. = 26
@@ 1 5 550.865 5.55e-05 5.6e-05 0 0.39
Reduced cost fixing for graph G_1...  took 0 sec., done by inspection with 804 solutions, remains 791 (98.4%)
Removed 1 columns (not in the enumerated set) from the formulation
    Full reduced cost fixing is not called (gap ratio is 0.950407)
ColGenEvalAlg final dual bound: 550.865 (rounded: 551)
Gap improvement since the last cut separation : 0.00171478 (550.859)
Cut generation tailing off counter increased to 2
Current active cuts : CAP(21,120.663)
Shrinking heuristic shrunk 6 edges
In total 1 RCC cut(s) are found by the global pool greedy search heuristic 
----- Add fac. cuts : CAP(1), max.viol = 0.00985222, aver.viol = 0.00985222, sep/add took 0.00764063/0.000138758 sec. -----
519 columns (518 active), 25 dyn. constrs. (22 active), 196 art. vars. (122 active)
<DWph=2> <it=  1> <et=0.40> <Mt= 0.00> <Spt= 0.00> <nCl=  0> <al=0.00> <DB=  550.8656> <Mlp=  550.8656> <PB=554.1> 
<DWph=1> <it=  2> <et=0.40> <Mt= 0.00> <Spt= 0.00> <nCl=  0> <al=0.00> <DB=  550.8656> <Mlp=  550.8656> <PB=554.1> 
    TT = 5.7e-05, performed by inspection with 791 solutions, nbR1C = 0, nbDiscC = 0
    TT = 5.5e-05, performed by inspection with 791 solutions, nbR1C = 0, nbDiscC = 0
<DWph=0> <it=  3> <et=0.40> <Mt= 0.00> <Spt= 0.00> <nCl=  1> <al=0.00> <DB=  550.8656> <Mlp=  550.8656> <PB=554.1> 
Dynamic params and stats :  aver.obdmd = 23.3725 aver.buck.num. = 26
@@ 1 6 550.866 5.6e-05 5.7e-05 0 0.4
Reduced cost fixing for graph G_1...  took 0 sec., done by inspection with 791 solutions, remains 788 (99.6%)
Removed 2 columns (not in the enumerated set) from the formulation
    Full reduced cost fixing is not called (gap ratio is 0.950074)
ColGenEvalAlg final dual bound: 550.866 (rounded: 551)
Gap improvement since the last cut separation : 0.000339578 (550.865)
----- Cut separators priority level decreased to 1-----
Current active cuts : CAP(22,128.428)
Shrinking heuristic shrunk 6 edges
150 Rank-1 3-rows pack. cuts added ,  max viol. = 0.436015, aver. viol. = 0.156283
----- Add fac. cuts : R1C(150), max.viol = 0.436015, aver.viol = 0.156283, sep/add took 0.00818231/0.0116595 sec. -----
519 columns (517 active), 172 dyn. constrs. (172 active), 346 art. vars. (272 active)
<DWph=2> <it=  1> <et=0.43> <Mt= 0.01> <Spt= 0.00> <nCl=  0> <al=0.00> <DB=  556.1000> <Mlp=  556.1000> <PB=554.1> 
<DWph=1> <it=  2> <et=0.44> <Mt= 0.00> <Spt= 0.00> <nCl=  0> <al=0.00> <DB=  556.1000> <Mlp=  556.1000> <PB=554.1> 
    TT = 0.000135, performed by inspection with 788 solutions, nbR1C = 33, nbDiscC = 0
<DWph=0> <it=  3> <et=0.44> <Mt= 0.00> <Spt= 0.01> <nCl= 58> <al=0.30> <DB=  316.1000> <Mlp=  556.1000> <PB=554.1> 
    TT = 0.000155, performed by inspection with 788 solutions, nbR1C = 51, nbDiscC = 0
<DWph=0> <it=  4> <et=0.45> <Mt= 0.01> <Spt= 0.00> <nCl= 11> <al=0.20> <DB=  506.4200> <Mlp=  554.0000> <PB=554> 
    TT = 0.000153, performed by inspection with 788 solutions, nbR1C = 51, nbDiscC = 0
<DWph=0> <it=  5> <et=0.45> <Mt= 0.00> <Spt= 0.00> <nCl=  4> <al=0.10> <DB=  547.6742> <Mlp=  554.0000> <PB=554> 
    TT = 0.000153, performed by inspection with 788 solutions, nbR1C = 52, nbDiscC = 0
    TT = 0.000141, performed by inspection with 788 solutions, nbR1C = 42, nbDiscC = 0
<DWph=0> <it=  6> <et=0.45> <Mt= 0.00> <Spt= 0.00> <nCl=  1> <al=0.00> <DB=  554.0000> <Mlp=  554.0000> <PB=554> 
Dynamic params and stats :  aver.obdmd = 23.3725 aver.buck.num. = 26 nbR1C = 42 with avMem = 0
@@ 1 7 554 0.0001474 0.000155 0 0.45
ColGenEvalAlg final dual bound: 554 (rounded: 554)
Gap improvement since the last cut separation : 1 (550.866)
Current active cuts : CAP(6,-39.3019) R1C(42,53.8797) 3rowPackR1C(42)
New model incumbent solution 554, TIME = 0h0m0s45t = 45
************************************************************************************************
Search is finished, global bounds : [ 554 , 554 ], TIME = 0h0m0s45t = 45
************************************************************************************************
554.0
[[8, 35, 19, 14, 11, 38, 7], [4, 34, 46], [30, 48, 47, 21, 28, 2], [40, 3, 44, 32, 9, 39, 12], [26, 10, 31, 25, 18, 24, 49, 17], [16, 23, 43, 41, 42, 22, 1, 33, 6], [27, 13, 15, 20, 37, 36, 5, 29, 45]]
Built-in heuristic is enabled
instance_name solver_name ext_heuristic solution_value solution_time best_lb root_lb root_time nb_branch_and_bound_nodes status
/home/logis/Downloads/VRPSolverEasy/VRPSolverEasy/demos/data/CVRP/P-n50-k7 CLP True 554.0000000429004 0.45945983300000004 554.0 554.0 0.459264927 1 0

