Node memory for rank-1 cuts will be used (9.89736)
~~~~~~~~~~~~~~~~~~~~~~~~~~~~~~~~~~~~~~~~~~~~~~~~~~~~~~~~~~~~~~~~~~~~~~~~~~~~~~~~~~~~~
VRPSolver v0.5.27, 24/02/2023, © Inria Bordeaux, France, vrpsolver.math.u-bordeaux.fr
      Corresponds to the solver by Pessoa, Sadykov, Uchoa and Vanderbeck (2020)
                 Paper: dx.doi.org/10.1007/s10107-020-01523-z
~~~~~~~~~~~~~~~~~~~~~~~~~~~~~~~~~~~~~~~~~~~~~~~~~~~~~~~~~~~~~~~~~~~~~~~~~~~~~~~~~~~~~
   BaPCod v0.77, 15/03/2023, © Inria Bordeaux, France, bapcod.math.u-bordeaux.fr 
           THIS CODE IS PROVIDED AS IS, USE IT AT YOUR OWN RISK
~~~~~~~~~~~~~~~~~~~~~~~~~~~~~~~~~~~~~~~~~~~~~~~~~~~~~~~~~~~~~~~~~~~~~~~~~~~~~~~~~~~~~
Bucket steps were recalculated for graph G_1 : [7.5]
RCSP solver info : symmetric case is detected for graph G_1! 
Bidirectional border value is initialised to 90
RCSP solver info : number of forw. reachable buckets / buck. strongly connected components is 1846( 95.8961% ) / 1318( 71.3976% )
Generating neighbourhoods for rank-1 cuts separation
Building structures for 4- and 5-row rank-1 packing cut separation...done!
Model is built TIME = 0h0m0s4t = 4
************************************************************************************************
**** BaB tree root node
**** Local DB = -1e+12, global bounds : [ -1e+12 , 735.1 ], TIME = 0h0m0s4t = 4
**** 1 open nodes, 0 columns (0 active), 0 dyn. constrs. (0 active), 152 art. vars. (152 active)
************************************************************************************************
#<DWph=2> <it=  1> <et=0.04> <Mt= 0.00> <Spt= 0.00> <nCl= 30> <al=0.00> <DB=-6186513.5200> <Mlp=139374.9600> <PB=735.1> 
#<DWph=2> <it=  2> <et=0.05> <Mt= 0.00> <Spt= 0.01> <nCl= 30> <al=0.55> <DB=-4751250.3798> <Mlp=135378.5960> <PB=735.1> 
#<DWph=2> <it=  3> <et=0.06> <Mt= 0.00> <Spt= 0.00> <nCl= 30> <al=0.45> <DB=-4108348.9439> <Mlp=135378.5960> <PB=735.1> 
#<DWph=2> <it=  4> <et=0.06> <Mt= 0.00> <Spt= 0.01> <nCl= 30> <al=0.51> <DB=-2925934.4938> <Mlp=131443.0297> <PB=735.1> 
#<DWph=2> <it=  5> <et=0.07> <Mt= 0.00> <Spt= 0.01> <nCl= 30> <al=0.55> <DB=-2882333.1473> <Mlp=126322.8981> <PB=735.1> 
#<DWph=2> <it=  6> <et=0.08> <Mt= 0.00> <Spt= 0.00> <nCl= 30> <al=0.60> <DB=-2641747.6045> <Mlp=123529.8887> <PB=735.1> 
#<DWph=2> <it=  7> <et=0.08> <Mt= 0.00> <Spt= 0.01> <nCl= 30> <al=0.64> <DB=-2150156.4233> <Mlp=122074.2502> <PB=735.1> 
#<DWph=2> <it=  8> <et=0.09> <Mt= 0.00> <Spt= 0.00> <nCl= 30> <al=0.54> <DB=-2237006.2876> <Mlp=121252.3047> <PB=735.1> 
#<DWph=2> <it=  9> <et=0.09> <Mt= 0.00> <Spt= 0.01> <nCl= 30> <al=0.59> <DB=-2101162.9019> <Mlp=117274.6084> <PB=735.1> 
#<DWph=2> <it= 10> <et=0.10> <Mt= 0.00> <Spt= 0.01> <nCl= 30> <al=0.63> <DB=-1782834.9675> <Mlp=116433.9638> <PB=735.1> 
#<DWph=2> <it= 11> <et=0.11> <Mt= 0.00> <Spt= 0.00> <nCl= 30> <al=0.53> <DB=-2016533.4333> <Mlp=115196.7102> <PB=735.1> 
#<DWph=2> <it= 12> <et=0.11> <Mt= 0.00> <Spt= 0.01> <nCl= 30> <al=0.57> <DB=-1710421.6222> <Mlp=105722.2389> <PB=735.1> 
#<DWph=2> <it= 13> <et=0.12> <Mt= 0.00> <Spt= 0.00> <nCl= 30> <al=0.62> <DB=-1627201.3268> <Mlp=100855.0454> <PB=735.1> 
#<DWph=2> <it= 14> <et=0.13> <Mt= 0.00> <Spt= 0.01> <nCl= 30> <al=0.65> <DB=-1653424.4102> <Mlp=97211.4484> <PB=735.1> 
#<DWph=2> <it= 15> <et=0.13> <Mt= 0.00> <Spt= 0.01> <nCl= 30> <al=0.69> <DB=-1546611.0721> <Mlp=96368.1804> <PB=735.1> 
#<DWph=2> <it= 16> <et=0.14> <Mt= 0.00> <Spt= 0.00> <nCl= 30> <al=0.59> <DB=-1569216.2792> <Mlp=91421.3076> <PB=735.1> 
#<DWph=2> <it= 17> <et=0.14> <Mt= 0.00> <Spt= 0.01> <nCl= 30> <al=0.63> <DB=-1479090.8485> <Mlp=89738.1369> <PB=735.1> 
#<DWph=2> <it= 18> <et=0.15> <Mt= 0.00> <Spt= 0.00> <nCl= 30> <al=0.53> <DB=-1430141.5692> <Mlp=84655.5577> <PB=735.1> 
#<DWph=2> <it= 19> <et=0.16> <Mt= 0.00> <Spt= 0.01> <nCl= 30> <al=0.58> <DB=-1407852.1736> <Mlp=80266.5475> <PB=735.1> 
#<DWph=2> <it= 20> <et=0.16> <Mt= 0.00> <Spt= 0.00> <nCl= 30> <al=0.62> <DB=-1260465.7102> <Mlp=77023.9257> <PB=735.1> 
#<DWph=2> <it= 21> <et=0.17> <Mt= 0.00> <Spt= 0.01> <nCl= 30> <al=0.52> <DB=-1262176.4617> <Mlp=70343.1084> <PB=735.1> 
#<DWph=2> <it= 22> <et=0.18> <Mt= 0.01> <Spt= 0.01> <nCl= 30> <al=0.57> <DB=-1129363.7588> <Mlp=66098.9630> <PB=735.1> 
#<DWph=2> <it= 23> <et=0.19> <Mt= 0.00> <Spt= 0.00> <nCl= 30> <al=0.61> <DB=-1138099.8570> <Mlp=59151.7410> <PB=735.1> 
#<DWph=2> <it= 24> <et=0.19> <Mt= 0.00> <Spt= 0.01> <nCl= 30> <al=0.65> <DB=-1135681.0337> <Mlp=51017.8908> <PB=735.1> 
#<DWph=2> <it= 25> <et=0.20> <Mt= 0.00> <Spt= 0.00> <nCl= 30> <al=0.68> <DB=-1016772.6033> <Mlp=47431.6408> <PB=735.1> 
#<DWph=2> <it= 26> <et=0.21> <Mt= 0.00> <Spt= 0.01> <nCl= 30> <al=0.58> <DB=-985082.7269> <Mlp=40323.7941> <PB=735.1> 
#<DWph=2> <it= 27> <et=0.22> <Mt= 0.00> <Spt= 0.00> <nCl= 30> <al=0.63> <DB=-892373.0816> <Mlp=36132.7384> <PB=735.1> 
#<DWph=2> <it= 28> <et=0.22> <Mt= 0.01> <Spt= 0.01> <nCl= 30> <al=0.66> <DB=-849424.2213> <Mlp=31784.0453> <PB=735.1> 
#<DWph=2> <it= 29> <et=0.23> <Mt= 0.00> <Spt= 0.00> <nCl= 30> <al=0.56> <DB=-830773.3168> <Mlp=28637.0966> <PB=735.1> 
#<DWph=2> <it= 30> <et=0.24> <Mt= 0.00> <Spt= 0.01> <nCl= 30> <al=0.46> <DB=-804986.2722> <Mlp=19734.9666> <PB=735.1> 
#<DWph=2> <it= 31> <et=0.25> <Mt= 0.00> <Spt= 0.01> <nCl= 30> <al=0.52> <DB=-804022.6034> <Mlp=18906.9792> <PB=735.1> 
#<DWph=2> <it= 32> <et=0.26> <Mt= 0.01> <Spt= 0.00> <nCl= 30> <al=0.57> <DB=-781936.7467> <Mlp=16990.4505> <PB=735.1> 
#<DWph=2> <it= 33> <et=0.26> <Mt= 0.00> <Spt= 0.01> <nCl= 30> <al=0.61> <DB=-766291.1981> <Mlp=10750.8882> <PB=735.1> 
#<DWph=2> <it= 34> <et=0.27> <Mt= 0.00> <Spt= 0.00> <nCl= 30> <al=0.65> <DB=-595422.0823> <Mlp= 6032.0750> <PB=735.1> 
#<DWph=2> <it= 35> <et=0.28> <Mt= 0.01> <Spt= 0.01> <nCl= 30> <al=0.55> <DB=-478514.1715> <Mlp= 2152.5867> <PB=735.1> 
#<DWph=2> <it= 36> <et=0.29> <Mt= 0.00> <Spt= 0.00> <nCl= 30> <al=0.45> <DB=-186723.5322> <Mlp= 2104.5284> <PB=735.1> 
#<DWph=2> <it= 37> <et=0.30> <Mt= 0.00> <Spt= 0.01> <nCl= 29> <al=0.35> <DB=-18863.8221> <Mlp= 2072.1875> <PB=735.1> 
#<DWph=2> <it= 38> <et=0.30> <Mt= 0.00> <Spt= 0.00> <nCl= 30> <al=0.25> <DB=-4570.6328> <Mlp= 2060.4012> <PB=735.1> 
<DWph=2> <it= 39> <et=0.31> <Mt= 0.01> <Spt= 0.01> <nCl= 30> <al=0.32> <DB=-14075.5401> <Mlp= 1736.2005> <PB=735.1> 
<DWph=2> <it= 40> <et=0.32> <Mt= 0.00> <Spt= 0.00> <nCl= 30> <al=0.39> <DB=-10637.1356> <Mlp= 1677.9052> <PB=735.1> 
<DWph=2> <it= 41> <et=0.33> <Mt= 0.00> <Spt= 0.01> <nCl= 30> <al=0.45> <DB=-1795.3389> <Mlp= 1620.9575> <PB=735.1> 
<DWph=2> <it= 42> <et=0.34> <Mt= 0.01> <Spt= 0.00> <nCl= 30> <al=0.51> <DB=-8136.9108> <Mlp= 1554.3856> <PB=735.1> 
<DWph=2> <it= 43> <et=0.35> <Mt= 0.00> <Spt= 0.01> <nCl= 30> <al=0.56> <DB=-10717.2592> <Mlp= 1511.2758> <PB=735.1> 
<DWph=2> <it= 44> <et=0.35> <Mt= 0.00> <Spt= 0.00> <nCl= 30> <al=0.60> <DB=-3617.1672> <Mlp= 1497.8931> <PB=735.1> 
<DWph=2> <it= 45> <et=0.36> <Mt= 0.00> <Spt= 0.01> <nCl= 30> <al=0.64> <DB=-1950.8825> <Mlp= 1421.5991> <PB=735.1> 
<DWph=2> <it= 46> <et=0.37> <Mt= 0.01> <Spt= 0.01> <nCl= 27> <al=0.68> <DB= -386.3170> <Mlp= 1361.1790> <PB=735.1> 
<DWph=2> <it= 47> <et=0.38> <Mt= 0.00> <Spt= 0.00> <nCl= 30> <al=0.58> <DB=-8103.1871> <Mlp= 1348.3244> <PB=735.1> 
<DWph=2> <it= 48> <et=0.39> <Mt= 0.00> <Spt= 0.01> <nCl= 30> <al=0.62> <DB=-4133.1824> <Mlp= 1329.0011> <PB=735.1> 
<DWph=2> <it= 49> <et=0.40> <Mt= 0.01> <Spt= 0.00> <nCl= 30> <al=0.66> <DB=-1995.8027> <Mlp= 1280.7270> <PB=735.1> 
<DWph=2> <it= 50> <et=0.41> <Mt= 0.00> <Spt= 0.01> <nCl= 30> <al=0.69> <DB=-1588.5180> <Mlp= 1237.2114> <PB=735.1> 
<DWph=2> <it= 51> <et=0.41> <Mt= 0.00> <Spt= 0.00> <nCl= 30> <al=0.72> <DB= -576.2932> <Mlp= 1233.1238> <PB=735.1> 
<DWph=2> <it= 52> <et=0.42> <Mt= 0.00> <Spt= 0.01> <nCl= 28> <al=0.75> <DB=    5.6028> <Mlp= 1201.4681> <PB=735.1> 
<DWph=2> <it= 53> <et=0.43> <Mt= 0.01> <Spt= 0.01> <nCl= 30> <al=0.77> <DB= -580.6482> <Mlp= 1168.6921> <PB=735.1> 
<DWph=2> <it= 54> <et=0.44> <Mt= 0.00> <Spt= 0.00> <nCl= 29> <al=0.80> <DB=   97.5944> <Mlp= 1083.5574> <PB=735.1> 
<DWph=2> <it= 55> <et=0.45> <Mt= 0.01> <Spt= 0.01> <nCl= 30> <al=0.82> <DB=  200.4588> <Mlp= 1049.3323> <PB=735.1> 
<DWph=2> <it= 56> <et=0.46> <Mt= 0.00> <Spt= 0.00> <nCl= 29> <al=0.84> <DB=   52.9831> <Mlp= 1023.2734> <PB=735.1> 
<DWph=2> <it= 57> <et=0.47> <Mt= 0.00> <Spt= 0.01> <nCl= 25> <al=0.85> <DB=  319.4870> <Mlp= 1006.2668> <PB=735.1> 
<DWph=2> <it= 58> <et=0.48> <Mt= 0.01> <Spt= 0.00> <nCl= 30> <al=0.75> <DB=-1055.0443> <Mlp=  992.5869> <PB=735.1> 
<DWph=2> <it= 59> <et=0.49> <Mt= 0.00> <Spt= 0.01> <nCl= 30> <al=0.78> <DB= -484.0712> <Mlp=  971.0088> <PB=735.1> 
<DWph=2> <it= 60> <et=0.50> <Mt= 0.00> <Spt= 0.01> <nCl= 30> <al=0.80> <DB=  187.2628> <Mlp=  944.2732> <PB=735.1> 
<DWph=2> <it= 61> <et=0.51> <Mt= 0.01> <Spt= 0.00> <nCl= 30> <al=0.70> <DB= -372.6091> <Mlp=  922.6684> <PB=735.1> 
<DWph=2> <it= 62> <et=0.52> <Mt= 0.00> <Spt= 0.01> <nCl= 30> <al=0.73> <DB=  260.7303> <Mlp=  910.1698> <PB=735.1> 
<DWph=2> <it= 63> <et=0.53> <Mt= 0.01> <Spt= 0.00> <nCl= 30> <al=0.76> <DB=  426.6838> <Mlp=  897.6343> <PB=735.1> 
<DWph=2> <it= 64> <et=0.54> <Mt= 0.00> <Spt= 0.01> <nCl= 30> <al=0.78> <DB=  -34.6089> <Mlp=  888.8248> <PB=735.1> 
<DWph=2> <it= 65> <et=0.55> <Mt= 0.00> <Spt= 0.00> <nCl= 30> <al=0.80> <DB=  253.2389> <Mlp=  864.6025> <PB=735.1> 
<DWph=2> <it= 66> <et=0.56> <Mt= 0.01> <Spt= 0.01> <nCl= 29> <al=0.82> <DB=  427.2317> <Mlp=  842.5141> <PB=735.1> 
<DWph=2> <it= 67> <et=0.57> <Mt= 0.00> <Spt= 0.01> <nCl= 30> <al=0.84> <DB=  407.1905> <Mlp=  836.2063> <PB=735.1> 
<DWph=2> <it= 68> <et=0.58> <Mt= 0.01> <Spt= 0.00> <nCl= 25> <al=0.86> <DB=  549.7490> <Mlp=  823.3970> <PB=735.1> 
<DWph=2> <it= 69> <et=0.59> <Mt= 0.00> <Spt= 0.01> <nCl= 30> <al=0.87> <DB=  534.9897> <Mlp=  814.3816> <PB=735.1> 
<DWph=2> <it= 70> <et=0.60> <Mt= 0.00> <Spt= 0.00> <nCl= 24> <al=0.88> <DB=  614.2358> <Mlp=  794.1545> <PB=735.1> 
<DWph=2> <it= 71> <et=0.61> <Mt= 0.01> <Spt= 0.01> <nCl= 30> <al=0.78> <DB=  397.0682> <Mlp=  789.0079> <PB=735.1> 
<DWph=2> <it= 72> <et=0.62> <Mt= 0.00> <Spt= 0.01> <nCl= 27> <al=0.81> <DB=  685.3648> <Mlp=  767.7278> <PB=735.1> 
<DWph=2> <it= 73> <et=0.63> <Mt= 0.01> <Spt= 0.00> <nCl= 29> <al=0.82> <DB=  533.5328> <Mlp=  754.6249> <PB=735.1> 
<DWph=2> <it= 74> <et=0.64> <Mt= 0.00> <Spt= 0.01> <nCl= 24> <al=0.84> <DB=  691.3950> <Mlp=  740.9512> <PB=735.1> 
<DWph=2> <it= 75> <et=0.65> <Mt= 0.01> <Spt= 0.00> <nCl= 18> <al=0.86> <DB=  691.1914> <Mlp=  736.0506> <PB=735.1> 
<DWph=2> <it= 76> <et=0.66> <Mt= 0.00> <Spt= 0.01> <nCl= 20> <al=0.76> <DB=  697.7425> <Mlp=  731.1678> <PB=735.1> 
<DWph=2> <it= 77> <et=0.67> <Mt= 0.00> <Spt= 0.00> <nCl= 19> <al=0.78> <DB=  705.0034> <Mlp=  726.8278> <PB=735.1> 
<DWph=2> <it= 78> <et=0.68> <Mt= 0.01> <Spt= 0.01> <nCl= 25> <al=0.80> <DB=  595.2645> <Mlp=  725.7948> <PB=735.1> 
<DWph=2> <it= 79> <et=0.69> <Mt= 0.00> <Spt= 0.01> <nCl= 13> <al=0.82> <DB=  708.0781> <Mlp=  724.2727> <PB=735.1> 
<DWph=2> <it= 80> <et=0.70> <Mt= 0.00> <Spt= 0.00> <nCl= 27> <al=0.72> <DB=  579.0187> <Mlp=  722.7657> <PB=735.1> 
<DWph=2> <it= 81> <et=0.70> <Mt= 0.01> <Spt= 0.01> <nCl= 17> <al=0.75> <DB=  709.8939> <Mlp=  720.7309> <PB=735.1> 
<DWph=2> <it= 82> <et=0.71> <Mt= 0.00> <Spt= 0.00> <nCl= 22> <al=0.65> <DB=  506.4480> <Mlp=  720.3456> <PB=735.1> 
<DWph=2> <it= 83> <et=0.72> <Mt= 0.00> <Spt= 0.01> <nCl= 20> <al=0.69> <DB=  710.6451> <Mlp=  719.8314> <PB=735.1> 
<DWph=2> <it= 84> <et=0.73> <Mt= 0.00> <Spt= 0.00> <nCl= 11> <al=0.72> <DB=  715.1462> <Mlp=  719.4483> <PB=735.1> 
<DWph=2> <it= 85> <et=0.74> <Mt= 0.00> <Spt= 0.01> <nCl= 18> <al=0.62> <DB=  705.8952> <Mlp=  719.4047> <PB=735.1> 
<DWph=2> <it= 86> <et=0.74> <Mt= 0.01> <Spt= 0.01> <nCl= 14> <al=0.66> <DB=  709.0746> <Mlp=  719.1428> <PB=735.1> 
<DWph=2> <it= 87> <et=0.75> <Mt= 0.00> <Spt= 0.00> <nCl= 10> <al=0.69> <DB=  716.3848> <Mlp=  718.9297> <PB=735.1> 
<DWph=2> <it= 88> <et=0.76> <Mt= 0.00> <Spt= 0.01> <nCl= 13> <al=0.59> <DB=  710.9927> <Mlp=  718.7771> <PB=735.1> 
<DWph=2> <it= 89> <et=0.77> <Mt= 0.00> <Spt= 0.01> <nCl=  4> <al=0.26> <DB=  717.3414> <Mlp=  718.7357> <PB=735.1> 
<DWph=2> <it= 90> <et=0.78> <Mt= 0.00> <Spt= 0.00> <nCl=  3> <al=0.53> <DB=  705.5143> <Mlp=  718.7318> <PB=735.1> 
<DWph=2> <it= 91> <et=0.79> <Mt= 0.00> <Spt= 0.01> <nCl= 10> <al=0.16> <DB=  715.4226> <Mlp=  718.7318> <PB=735.1> 
<DWph=2> <it= 92> <et=0.80> <Mt= 0.01> <Spt= 0.01> <nCl=  2> <al=0.48> <DB=  718.1433> <Mlp=  718.6985> <PB=735.1> 
<DWph=2> <it= 93> <et=0.80> <Mt= 0.00> <Spt= 0.01> <nCl=  6> <al=0.53> <DB=  709.7029> <Mlp=  718.6976> <PB=735.1> 
<DWph=2> <it= 94> <et=0.82> <Mt= 0.00> <Spt= 0.01> <nCl= 10> <al=0.00> <DB=  703.4078> <Mlp=  718.6976> <PB=735.1> 
<DWph=2> <it= 95> <et=0.83> <Mt= 0.00> <Spt= 0.01> <nCl=  0> <al=0.00> <DB=  718.6976> <Mlp=  718.6976> <PB=735.1> 
<DWph=1> <it= 96> <et=0.85> <Mt= 0.00> <Spt= 0.02> <nCl= 18> <al=0.38> <DB=  706.5861> <Mlp=  718.6976> <PB=735.1> 
<DWph=1> <it= 97> <et=0.86> <Mt= 0.00> <Spt= 0.01> <nCl= 11> <al=0.28> <DB=  708.4320> <Mlp=  718.0025> <PB=735.1> 
<DWph=1> <it= 98> <et=0.88> <Mt= 0.00> <Spt= 0.01> <nCl= 12> <al=0.35> <DB=  708.4230> <Mlp=  717.9081> <PB=735.1> 
<DWph=1> <it= 99> <et=0.89> <Mt= 0.01> <Spt= 0.02> <nCl=  3> <al=0.41> <DB=  714.7024> <Mlp=  717.8906> <PB=735.1> 
<DWph=1> <it=100> <et=0.91> <Mt= 0.00> <Spt= 0.01> <nCl=  5> <al=0.47> <DB=  716.3800> <Mlp=  717.8862> <PB=735.1> 
<DWph=1> <it=101> <et=0.92> <Mt= 0.00> <Spt= 0.01> <nCl=  3> <al=0.37> <DB=  716.4359> <Mlp=  717.8796> <PB=735.1> 
<DWph=1> <it=102> <et=0.94> <Mt= 0.00> <Spt= 0.02> <nCl=  4> <al=0.44> <DB=  710.9916> <Mlp=  717.8794> <PB=735.1> 
<DWph=1> <it=103> <et=0.95> <Mt= 0.00> <Spt= 0.01> <nCl=  1> <al=0.49> <DB=  714.6743> <Mlp=  717.8484> <PB=735.1> 
<DWph=1> <it=104> <et=0.98> <Mt= 0.00> <Spt= 0.02> <nCl=  5> <al=0.00> <DB=  716.9996> <Mlp=  717.8484> <PB=735.1> 
<DWph=1> <it=105> <et=1.01> <Mt= 0.00> <Spt= 0.03> <nCl=  0> <al=0.00> <DB=  717.8484> <Mlp=  717.8484> <PB=735.1> 
    RCSP exact solver info for graph G_1 : TT = 0.033618, pt = 1.4e-05, dt = 0.030329, ct = 0.002838, ndl = 6', bdl = 260', odl = 5', odf = 35', bsi = 2', cnt = 8', bdch = 3306', odch = 89', lcp = 90', #sols = 150
<DWph=0> <it=106> <et=1.04> <Mt= 0.00> <Spt= 0.04> <nCl= 82> <al=0.19> <DB=  713.9077> <Mlp=  717.8484> <PB=735.1> 
    RCSP exact solver info for graph G_1 : TT = 0.028965, pt = 3.9e-05, dt = 0.025622, ct = 0.002854, ndl = 6', bdl = 262', odl = 5', odf = 35', bsi = 2', cnt = 8', bdch = 3312', odch = 88', lcp = 90', #sols = 150
<DWph=0> <it=107> <et=1.08> <Mt= 0.01> <Spt= 0.03> <nCl= 27> <al=0.27> <DB=  716.7535> <Mlp=  717.8220> <PB=735.1> 
    RCSP exact solver info for graph G_1 : TT = 0.028963, pt = 3e-05, dt = 0.025655, ct = 0.002869, ndl = 6', bdl = 263', odl = 5', odf = 35', bsi = 2', cnt = 8', bdch = 3325', odch = 89', lcp = 91', #sols = 150
<DWph=0> <it=108> <et=1.11> <Mt= 0.00> <Spt= 0.03> <nCl=  9> <al=0.17> <DB=  717.6184> <Mlp=  717.8196> <PB=735.1> 
    RCSP exact solver info for graph G_1 : TT = 0.028864, pt = 3e-05, dt = 0.025562, ct = 0.002865, ndl = 6', bdl = 262', odl = 5', odf = 35', bsi = 2', cnt = 8', bdch = 3310', odch = 88', lcp = 91', #sols = 150
<DWph=0> <it=109> <et=1.14> <Mt= 0.00> <Spt= 0.03> <nCl=  7> <al=0.26> <DB=  717.6751> <Mlp=  717.8191> <PB=735.1> 
    RCSP exact solver info for graph G_1 : TT = 0.028908, pt = 2.9e-05, dt = 0.025603, ct = 0.002867, ndl = 6', bdl = 262', odl = 5', odf = 35', bsi = 2', cnt = 8', bdch = 3320', odch = 89', lcp = 91', #sols = 150
    RCSP exact solver info for graph G_1 : TT = 0.029065, pt = 2.8e-05, dt = 0.02575, ct = 0.002893, ndl = 6', bdl = 263', odl = 5', odf = 35', bsi = 2', cnt = 8', bdch = 3351', odch = 89', lcp = 91', #sols = 150
<DWph=0> <it=110> <et=1.21> <Mt= 0.00> <Spt= 0.06> <nCl=  4> <al=0.00> <DB=  717.8190> <Mlp=  717.8190> <PB=735.1> 
Dynamic params and stats :  aver.obdmd = 22.987 aver.buck.num. = 25
@@ 1 0 717.819 0.0292845 0.033167 88.156 1.21
Labels distribution in buckets (bucket size) : largest - 56, top 0.1% - 56, top 0.5% - 49, top 2% - 35, top 10% - 18, top 50% - 3
Reduced cost fixing for graph G_1... 34366 buck. arcs remain (28.5% from prev., 25.2% from max.) + 9880 jump buck. arcs (7.23% from max.)
 TT = 0.083516, pt = 0.012063, dt = 0.038696, ct = 0.032545, ndl = 23', bdl = 336', odl = 6', odf = 86', lpcb = 960', cnt = 509', bdch = 4893', odch = 501', lcp = 329'
Labels distribution in buckets (bucket size) : largest - 63, top 0.1% - 63, top 0.5% - 51, top 2% - 41, top 10% - 21, top 50% - 5
Run forward enumeration with border = 90... not succeeded (ratio 0.787948) lpt = 0.079153, ndl = 64', dl = 14', lpcb = 312', dch = 70'
 TT = 0.082309, pt = 0.002004, dt = 0.079153, ct = 0, ndl = 64', bdl = 14', lpcb = 312', cnt = 457', bdch = 70', odch = 0', lcp = 0'
Bucket graph for G_1 is regenerated as bucket steps were adjusted for 77 vertices
RCSP solver info : number of forw. reachable buckets / buck. strongly connected components is 3491( 94.4535% ) / 3491( 100% )
70663 forw. buck. arcs remain (27.349% from max.)
ColGenEvalAlg final dual bound: 717.819 (rounded: 718)
In total 1 RCC cut(s) are found by the connected components heuristic 
Shrinking heuristic shrunk 16 edges
In total 20 RCC cut(s) are found by the Fractional capacity min-cut heuristic 
In total 134 RCC cut(s) are found by the greedy construction heuristic 
----- Add fac. cuts : CAP(100), max.viol = 0.59375, aver.viol = 0.276548, sep/add took 0.01745/0.124993 sec. -----
2658 columns (2658 active), 100 dyn. constrs. (100 active), 252 art. vars. (252 active)
<DWph=2> <it=  1> <et=1.57> <Mt= 0.02> <Spt= 0.01> <nCl= 30> <al=0.50> <DB=  349.1242> <Mlp=  728.5339> <PB=735.1> 
<DWph=2> <it=  2> <et=1.62> <Mt= 0.04> <Spt= 0.02> <nCl= 34> <al=0.10> <DB=  706.3344> <Mlp=  724.5332> <PB=735.1> 
<DWph=2> <it=  3> <et=1.64> <Mt= 0.01> <Spt= 0.00> <nCl= 11> <al=0.45> <DB=  718.0770> <Mlp=  724.3086> <PB=735.1> 
<DWph=2> <it=  4> <et=1.66> <Mt= 0.01> <Spt= 0.01> <nCl=  5> <al=0.35> <DB=  718.9981> <Mlp=  724.2182> <PB=735.1> 
<DWph=2> <it=  5> <et=1.68> <Mt= 0.01> <Spt= 0.01> <nCl= 12> <al=0.00> <DB=  715.1134> <Mlp=  723.9618> <PB=735.1> 
<DWph=2> <it=  6> <et=1.70> <Mt= 0.02> <Spt= 0.01> <nCl= 11> <al=0.32> <DB=  719.1412> <Mlp=  723.8892> <PB=735.1> 
<DWph=2> <it=  7> <et=1.72> <Mt= 0.01> <Spt= 0.01> <nCl=  2> <al=0.38> <DB=  722.4337> <Mlp=  723.8631> <PB=735.1> 
<DWph=2> <it=  8> <et=1.73> <Mt= 0.00> <Spt= 0.00> <nCl=  3> <al=0.45> <DB=  723.2268> <Mlp=  723.8631> <PB=735.1> 
<DWph=2> <it=  9> <et=1.75> <Mt= 0.01> <Spt= 0.01> <nCl=  3> <al=0.35> <DB=  717.0696> <Mlp=  723.8526> <PB=735.1> 
<DWph=2> <it= 10> <et=1.77> <Mt= 0.01> <Spt= 0.01> <nCl=  9> <al=0.00> <DB=  714.0554> <Mlp=  723.8172> <PB=735.1> 
<DWph=2> <it= 11> <et=1.79> <Mt= 0.01> <Spt= 0.01> <nCl=  3> <al=0.31> <DB=  720.7649> <Mlp=  723.7880> <PB=735.1> 
<DWph=2> <it= 12> <et=1.81> <Mt= 0.01> <Spt= 0.01> <nCl=  4> <al=0.00> <DB=  723.7777> <Mlp=  723.7777> <PB=735.1> 
<DWph=1> <it= 13> <et=1.82> <Mt= 0.00> <Spt= 0.01> <nCl=  2> <al=0.28> <DB=  723.5817> <Mlp=  723.7777> <PB=735.1> 
<DWph=1> <it= 14> <et=1.84> <Mt= 0.01> <Spt= 0.01> <nCl=  0> <al=0.00> <DB=  723.7777> <Mlp=  723.7777> <PB=735.1> 
    RCSP exact solver info for graph G_1 : TT = 0.010166, pt = 3.9e-05, dt = 0.008357, ct = 0.001288, ndl = 5', bdl = 43', odl = 7', odf = 67', bsi = 1', cnt = 5', bdch = 360', odch = 100', lcp = 45', #sols = 150
<DWph=0> <it= 15> <et=1.86> <Mt= 0.00> <Spt= 0.02> <nCl= 55> <al=0.25> <DB=  718.1673> <Mlp=  723.7777> <PB=735.1> 
    RCSP exact solver info for graph G_1 : TT = 0.010166, pt = 7.5e-05, dt = 0.008304, ct = 0.001307, ndl = 5', bdl = 43', odl = 7', odf = 67', bsi = 1', cnt = 5', bdch = 364', odch = 102', lcp = 45', #sols = 150
    RCSP exact solver info for graph G_1 : TT = 0.00985, pt = 5.1e-05, dt = 0.008071, ct = 0.00129, ndl = 5', bdl = 43', odl = 7', odf = 67', bsi = 1', cnt = 5', bdch = 359', odch = 101', lcp = 45', #sols = 150
<DWph=0> <it= 16> <et=1.89> <Mt= 0.01> <Spt= 0.03> <nCl=  5> <al=0.00> <DB=  723.7777> <Mlp=  723.7777> <PB=735.1> 
Dynamic params and stats :  aver.obdmd = 45.974 aver.buck.num. = 48
@@ 1 1 723.778 0.009539 0.009645 27.349 1.89
Labels distribution in buckets (bucket size) : largest - 25, top 0.1% - 23, top 0.5% - 19, top 2% - 15, top 10% - 8, top 50% - 2
Reduced cost fixing for graph G_1... 41890 buck. arcs remain (60.9% from prev., 16.2% from max.) + 15507 jump buck. arcs (6% from max.)
 TT = 0.047454, pt = 0.003271, dt = 0.015806, ct = 0.028059, ndl = 16', bdl = 122', odl = 9', odf = 135', lpcb = 165', cnt = 171', bdch = 722', odch = 302', lcp = 106'
Labels distribution in buckets (bucket size) : largest - 25, top 0.1% - 23, top 0.5% - 20, top 2% - 16, top 10% - 8, top 50% - 2
Run forward enumeration with border = 90... succeeded! lpt = 0.292164, ndl = 95', dl = 29', lpcb = 1282', dch = 453'
Run enumeration concatenation with time limit 0.3 sec.... time limit reached, not succeeded.
Sorting and storing enumerated solutions ...  TT = 0.782569, pt = 0, dt = 0.292164, ct = 0.311006, ndl = 95', bdl = 29', lpcb = 1282', cnt = 1082', bdch = 453', odch = 0', lcp = 0'
ColGenEvalAlg final dual bound: 723.778 (rounded: 724)
Gap improvement since the last cut separation : 0.34481 (717.819)
Current active cuts : CAP(9,18.0303)
In total 2 RCC cut(s) are found by the connected components heuristic 
Shrinking heuristic shrunk 18 edges
In total 9 RCC cut(s) are found by the Fractional capacity min-cut heuristic 
In total 33 RCC cut(s) are found by the greedy construction heuristic 
In total 15 RCC cut(s) are found by the global pool greedy search heuristic 
----- Add fac. cuts : CAP(59), max.viol = 0.219386, aver.viol = 0.112652, sep/add took 0.0173482/0.101436 sec. -----
2847 columns (2847 active), 159 dyn. constrs. (113 active), 311 art. vars. (265 active)
<DWph=2> <it=  1> <et=2.88> <Mt= 0.02> <Spt= 0.01> <nCl= 30> <al=0.50> <DB=  261.4585> <Mlp=  725.6258> <PB=735.1> 
<DWph=2> <it=  2> <et=2.91> <Mt= 0.02> <Spt= 0.00> <nCl= 11> <al=0.55> <DB=  715.5951> <Mlp=  725.1419> <PB=735.1> 
<DWph=2> <it=  3> <et=2.94> <Mt= 0.03> <Spt= 0.01> <nCl=  4> <al=0.60> <DB=  721.8081> <Mlp=  724.9277> <PB=735.1> 
<DWph=2> <it=  4> <et=2.97> <Mt= 0.02> <Spt= 0.01> <nCl=  2> <al=0.64> <DB=  723.0331> <Mlp=  724.8799> <PB=735.1> 
<DWph=2> <it=  5> <et=3.00> <Mt= 0.02> <Spt= 0.01> <nCl=  4> <al=0.34> <DB=  723.1772> <Mlp=  724.7725> <PB=735.1> 
<DWph=2> <it=  6> <et=3.03> <Mt= 0.01> <Spt= 0.01> <nCl= 14> <al=0.14> <DB=  662.9257> <Mlp=  724.7587> <PB=735.1> 
<DWph=2> <it=  7> <et=3.05> <Mt= 0.01> <Spt= 0.01> <nCl=  7> <al=0.47> <DB=  723.2601> <Mlp=  724.6916> <PB=735.1> 
<DWph=2> <it=  8> <et=3.07> <Mt= 0.02> <Spt= 0.00> <nCl=  4> <al=0.52> <DB=  722.3598> <Mlp=  724.6010> <PB=735.1> 
<DWph=2> <it=  9> <et=3.09> <Mt= 0.01> <Spt= 0.01> <nCl=  9> <al=0.14> <DB=  700.8299> <Mlp=  724.6010> <PB=735.1> 
<DWph=2> <it= 10> <et=3.10> <Mt= 0.01> <Spt= 0.01> <nCl=  4> <al=0.47> <DB=  722.6256> <Mlp=  724.6010> <PB=735.1> 
<DWph=2> <it= 11> <et=3.12> <Mt= 0.00> <Spt= 0.01> <nCl=  5> <al=0.53> <DB=  723.7939> <Mlp=  724.6010> <PB=735.1> 
<DWph=2> <it= 12> <et=3.13> <Mt= 0.01> <Spt= 0.01> <nCl=  1> <al=0.15> <DB=  724.4672> <Mlp=  724.6010> <PB=735.1> 
<DWph=2> <it= 13> <et=3.15> <Mt= 0.01> <Spt= 0.01> <nCl=  5> <al=0.00> <DB=  724.6010> <Mlp=  724.6010> <PB=735.1> 
<DWph=1> <it= 14> <et=3.17> <Mt= 0.00> <Spt= 0.01> <nCl=  4> <al=0.37> <DB=  721.9648> <Mlp=  724.6010> <PB=735.1> 
<DWph=1> <it= 15> <et=3.19> <Mt= 0.01> <Spt= 0.01> <nCl= 10> <al=0.00> <DB=  724.5986> <Mlp=  724.5986> <PB=735.1> 
    RCSP exact solver info for graph G_1 : TT = 0.007509, pt = 5.3e-05, dt = 0.006155, ct = 0.000804, ndl = 4', bdl = 21', odl = 7', odf = 63', bsi = 1', cnt = 3', bdch = 198', odch = 95', lcp = 35', #sols = 150
    RCSP exact solver info for graph G_1 : TT = 0.007428, pt = 5.2e-05, dt = 0.006073, ct = 0.000804, ndl = 4', bdl = 21', odl = 7', odf = 63', bsi = 1', cnt = 3', bdch = 198', odch = 95', lcp = 35', #sols = 150
<DWph=0> <it= 16> <et=3.22> <Mt= 0.01> <Spt= 0.03> <nCl= 33> <al=0.00> <DB=  724.5986> <Mlp=  724.5986> <PB=735.1> 
Dynamic params and stats :  aver.obdmd = 45.974 aver.buck.num. = 48
@@ 1 2 724.599 0.006918 0.006959 16.2129 3.22
    Full reduced cost fixing is not called (gap ratio is 0.926845)
ColGenEvalAlg final dual bound: 724.599 (rounded: 725)
Gap improvement since the last cut separation : 0.072509 (723.778)
Current active cuts : CAP(24,5.59315)
In total 1 RCC cut(s) are found by the connected components heuristic 
Shrinking heuristic shrunk 16 edges
In total 1 RCC cut(s) are found by the Fractional capacity min-cut heuristic 
In total 18 RCC cut(s) are found by the global pool greedy search heuristic 
----- Add fac. cuts : CAP(20), max.viol = 0.25102, aver.viol = 0.0813933, sep/add took 0.0182571/0.0303938 sec. -----
2994 columns (2994 active), 133 dyn. constrs. (103 active), 331 art. vars. (255 active)
<DWph=2> <it=  1> <et=3.34> <Mt= 0.03> <Spt= 0.00> <nCl= 11> <al=0.50> <DB=  722.4621> <Mlp=  725.1778> <PB=735.1> 
<DWph=2> <it=  2> <et=3.37> <Mt= 0.02> <Spt= 0.01> <nCl=  1> <al=0.55> <DB=  724.7472> <Mlp=  725.0451> <PB=735.1> 
<DWph=2> <it=  3> <et=3.39> <Mt= 0.01> <Spt= 0.01> <nCl= 13> <al=0.19> <DB=  679.6657> <Mlp=  725.0380> <PB=735.1> 
<DWph=2> <it=  4> <et=3.41> <Mt= 0.02> <Spt= 0.01> <nCl=  4> <al=0.50> <DB=  724.8348> <Mlp=  725.0379> <PB=735.1> 
<DWph=2> <it=  5> <et=3.43> <Mt= 0.01> <Spt= 0.01> <nCl=  5> <al=0.09> <DB=  720.4597> <Mlp=  725.0317> <PB=735.1> 
<DWph=2> <it=  6> <et=3.45> <Mt= 0.00> <Spt= 0.01> <nCl=  4> <al=0.00> <DB=  725.0313> <Mlp=  725.0313> <PB=735.1> 
<DWph=1> <it=  7> <et=3.46> <Mt= 0.01> <Spt= 0.00> <nCl=  2> <al=0.35> <DB=  724.4614> <Mlp=  725.0313> <PB=735.1> 
<DWph=1> <it=  8> <et=3.48> <Mt= 0.00> <Spt= 0.02> <nCl=  0> <al=0.00> <DB=  725.0313> <Mlp=  725.0313> <PB=735.1> 
    RCSP exact solver info for graph G_1 : TT = 0.00684, pt = 4.5e-05, dt = 0.005597, ct = 0.000725, ndl = 4', bdl = 17', odl = 6', odf = 62', bsi = 1', cnt = 3', bdch = 167', odch = 88', lcp = 30', #sols = 150
<DWph=0> <it=  9> <et=3.49> <Mt= 0.01> <Spt= 0.01> <nCl= 23> <al=0.15> <DB=  722.3708> <Mlp=  725.0313> <PB=735.1> 
    RCSP exact solver info for graph G_1 : TT = 0.007045, pt = 7.2e-05, dt = 0.005738, ct = 0.000724, ndl = 4', bdl = 17', odl = 6', odf = 62', bsi = 1', cnt = 4', bdch = 167', odch = 89', lcp = 30', #sols = 150
    RCSP exact solver info for graph G_1 : TT = 0.006722, pt = 4.7e-05, dt = 0.0055, ct = 0.000715, ndl = 4', bdl = 17', odl = 6', odf = 62', bsi = 1', cnt = 3', bdch = 165', odch = 89', lcp = 30', #sols = 150
<DWph=0> <it= 10> <et=3.52> <Mt= 0.01> <Spt= 0.02> <nCl= 15> <al=0.00> <DB=  725.0290> <Mlp=  725.0290> <PB=735.1> 
Dynamic params and stats :  aver.obdmd = 45.974 aver.buck.num. = 48
@@ 1 3 725.029 0.006333 0.006462 16.2129 3.52
Labels distribution in buckets (bucket size) : largest - 24, top 0.1% - 24, top 0.5% - 18, top 2% - 13, top 10% - 7, top 50% - 1
Reduced cost fixing for graph G_1... 38435 buck. arcs remain (91.8% from prev., 14.9% from max.) + 14129 jump buck. arcs (5.47% from max.)
 TT = 0.036813, pt = 0.001577, dt = 0.010516, ct = 0.024459, ndl = 12', bdl = 65', odl = 9', odf = 144', lpcb = 58', cnt = 116', bdch = 373', odch = 242', lcp = 68'
Labels distribution in buckets (bucket size) : largest - 24, top 0.1% - 24, top 0.5% - 19, top 2% - 14, top 10% - 7, top 50% - 1
Run forward enumeration with border = 90... succeeded! lpt = 0.269335, ndl = 91', dl = 39', lpcb = 1088', dch = 660'
Run enumeration concatenation with time limit 0.3 sec.... time limit reached, not succeeded.
Sorting and storing enumerated solutions ...  TT = 0.738435, pt = 0, dt = 0.269335, ct = 0.305817, ndl = 91', bdl = 39', lpcb = 1088', cnt = 891', bdch = 660', odch = 0', lcp = 0'
ColGenEvalAlg final dual bound: 725.029 (rounded: 726)
Gap improvement since the last cut separation : 0.0409808 (724.599)
Current active cuts : CAP(26,1.61708)
Shrinking heuristic shrunk 16 edges
In total 9 RCC cut(s) are found by the global pool greedy search heuristic 
----- Add fac. cuts : CAP(9), max.viol = 0.105356, aver.viol = 0.105356, sep/add took 0.0189164/0.0153481 sec. -----
3072 columns (3072 active), 112 dyn. constrs. (78 active), 340 art. vars. (230 active)
<DWph=2> <it=  1> <et=4.42> <Mt= 0.01> <Spt= 0.01> <nCl=  7> <al=0.50> <DB=  723.1120> <Mlp=  725.1255> <PB=735.1> 
<DWph=2> <it=  2> <et=4.44> <Mt= 0.01> <Spt= 0.01> <nCl= 12> <al=0.10> <DB=  708.4971> <Mlp=  725.1238> <PB=735.1> 
<DWph=2> <it=  3> <et=4.46> <Mt= 0.01> <Spt= 0.01> <nCl=  6> <al=0.00> <DB=  724.2989> <Mlp=  725.1210> <PB=735.1> 
<DWph=2> <it=  4> <et=4.47> <Mt= 0.01> <Spt= 0.00> <nCl=  0> <al=0.00> <DB=  725.1210> <Mlp=  725.1210> <PB=735.1> 
<DWph=1> <it=  5> <et=4.48> <Mt= 0.00> <Spt= 0.01> <nCl=  1> <al=0.25> <DB=  720.8266> <Mlp=  725.1210> <PB=735.1> 
<DWph=1> <it=  6> <et=4.50> <Mt= 0.00> <Spt= 0.01> <nCl=  0> <al=0.00> <DB=  725.1210> <Mlp=  725.1210> <PB=735.1> 
    RCSP exact solver info for graph G_1 : TT = 0.006377, pt = 4e-05, dt = 0.00515, ct = 0.000687, ndl = 4', bdl = 14', odl = 6', odf = 61', bsi = 1', cnt = 3', bdch = 139', odch = 88', lcp = 28', #sols = 150
<DWph=0> <it=  7> <et=4.51> <Mt= 0.01> <Spt= 0.01> <nCl= 10> <al=0.23> <DB=  712.3191> <Mlp=  725.1210> <PB=735.1> 
    RCSP exact solver info for graph G_1 : TT = 0.006507, pt = 6.7e-05, dt = 0.005279, ct = 0.000678, ndl = 4', bdl = 14', odl = 6', odf = 62', bsi = 1', cnt = 3', bdch = 140', odch = 88', lcp = 28', #sols = 150
    RCSP exact solver info for graph G_1 : TT = 0.006234, pt = 4.9e-05, dt = 0.005025, ct = 0.000669, ndl = 4', bdl = 14', odl = 6', odf = 61', bsi = 1', cnt = 3', bdch = 139', odch = 87', lcp = 28', #sols = 150
<DWph=0> <it=  8> <et=4.53> <Mt= 0.00> <Spt= 0.02> <nCl=  0> <al=0.00> <DB=  725.1210> <Mlp=  725.1210> <PB=735.1> 
Dynamic params and stats :  aver.obdmd = 45.974 aver.buck.num. = 48
@@ 1 4 725.121 0.00582933 0.005957 14.8757 4.53
    Full reduced cost fixing is not called (gap ratio is 0.990775)
ColGenEvalAlg final dual bound: 725.121 (rounded: 726)
Gap improvement since the last cut separation : 0.00913297 (725.029)
Cut generation tailing off counter increased to 1
Current active cuts : CAP(26,30.1348)
Shrinking heuristic shrunk 19 edges
In total 5 RCC cut(s) are found by the greedy construction heuristic 
In total 15 RCC cut(s) are found by the global pool greedy search heuristic 
----- Add fac. cuts : CAP(20), max.viol = 0.0667995, aver.viol = 0.0322516, sep/add took 0.0167851/0.0308699 sec. -----
3108 columns (3108 active), 98 dyn. constrs. (86 active), 360 art. vars. (238 active)
<DWph=2> <it=  1> <et=4.64> <Mt= 0.03> <Spt= 0.01> <nCl=  7> <al=0.50> <DB=  723.4828> <Mlp=  725.1626> <PB=735.1> 
<DWph=2> <it=  2> <et=4.66> <Mt= 0.00> <Spt= 0.01> <nCl= 13> <al=0.00> <DB=  721.9834> <Mlp=  725.1596> <PB=735.1> 
<DWph=2> <it=  3> <et=4.68> <Mt= 0.01> <Spt= 0.01> <nCl=  0> <al=0.00> <DB=  725.1591> <Mlp=  725.1591> <PB=735.1> 
<DWph=1> <it=  4> <et=4.69> <Mt= 0.00> <Spt= 0.01> <nCl=  0> <al=0.00> <DB=  725.1591> <Mlp=  725.1591> <PB=735.1> 
    RCSP exact solver info for graph G_1 : TT = 0.006246, pt = 4e-05, dt = 0.005019, ct = 0.000663, ndl = 3', bdl = 13', odl = 6', odf = 60', bsi = 1', cnt = 3', bdch = 134', odch = 81', lcp = 27', #sols = 150
    RCSP exact solver info for graph G_1 : TT = 0.006061, pt = 4.8e-05, dt = 0.004912, ct = 0.000637, ndl = 3', bdl = 13', odl = 6', odf = 60', bsi = 1', cnt = 3', bdch = 134', odch = 81', lcp = 27', #sols = 150
<DWph=0> <it=  5> <et=4.71> <Mt= 0.00> <Spt= 0.02> <nCl=  4> <al=0.00> <DB=  725.1591> <Mlp=  725.1591> <PB=735.1> 
Dynamic params and stats :  aver.obdmd = 45.974 aver.buck.num. = 48
@@ 1 5 725.159 0.0056155 0.005682 14.8757 4.71
    Full reduced cost fixing is not called (gap ratio is 0.986948)
ColGenEvalAlg final dual bound: 725.159 (rounded: 726)
Gap improvement since the last cut separation : 0.0038244 (725.121)
Cut generation tailing off counter increased to 2
Current active cuts : CAP(24,24.732)
Shrinking heuristic shrunk 19 edges
In total 12 RCC cut(s) are found by the greedy construction heuristic 
In total 7 RCC cut(s) are found by the global pool greedy search heuristic 
----- Add fac. cuts : CAP(19), max.viol = 0.029379, aver.viol = 0.0221631, sep/add took 0.0165583/0.0305044 sec. -----
3132 columns (3132 active), 105 dyn. constrs. (94 active), 379 art. vars. (246 active)
<DWph=2> <it=  1> <et=4.80> <Mt= 0.02> <Spt= 0.01> <nCl= 12> <al=0.50> <DB=  705.6514> <Mlp=  725.1802> <PB=735.1> 
<DWph=2> <it=  2> <et=4.82> <Mt= 0.01> <Spt= 0.00> <nCl= 10> <al=0.55> <DB=  720.0754> <Mlp=  725.1761> <PB=735.1> 
<DWph=2> <it=  3> <et=4.84> <Mt= 0.01> <Spt= 0.02> <nCl= 15> <al=0.00> <DB=  720.7812> <Mlp=  725.1752> <PB=735.1> 
<DWph=2> <it=  4> <et=4.86> <Mt= 0.01> <Spt= 0.01> <nCl=  2> <al=0.00> <DB=  725.1752> <Mlp=  725.1752> <PB=735.1> 
<DWph=1> <it=  5> <et=4.87> <Mt= 0.01> <Spt= 0.00> <nCl=  1> <al=0.40> <DB=  722.5907> <Mlp=  725.1752> <PB=735.1> 
<DWph=1> <it=  6> <et=4.89> <Mt= 0.00> <Spt= 0.01> <nCl=  0> <al=0.00> <DB=  725.1752> <Mlp=  725.1752> <PB=735.1> 
    RCSP exact solver info for graph G_1 : TT = 0.006085, pt = 4.1e-05, dt = 0.004906, ct = 0.000629, ndl = 3', bdl = 13', odl = 6', odf = 59', bsi = 1', cnt = 3', bdch = 126', odch = 79', lcp = 26', #sols = 150
    RCSP exact solver info for graph G_1 : TT = 0.006282, pt = 5.6e-05, dt = 0.005095, ct = 0.000628, ndl = 3', bdl = 13', odl = 6', odf = 59', bsi = 1', cnt = 3', bdch = 126', odch = 79', lcp = 26', #sols = 150
<DWph=0> <it=  7> <et=4.91> <Mt= 0.00> <Spt= 0.02> <nCl=  4> <al=0.00> <DB=  725.1752> <Mlp=  725.1752> <PB=735.1> 
Dynamic params and stats :  aver.obdmd = 45.974 aver.buck.num. = 48
@@ 1 6 725.175 0.005629 0.005723 14.8757 4.91
    Full reduced cost fixing is not called (gap ratio is 0.985339)
ColGenEvalAlg final dual bound: 725.175 (rounded: 726)
Gap improvement since the last cut separation : 0.00161434 (725.159)
----- Cut separators priority level decreased to 1-----
Current active cuts : CAP(28,23.2939)
Shrinking heuristic shrunk 21 edges
In total 7 RCC cut(s) are found by the greedy construction heuristic 
In total 7 RCC cut(s) are found by the global pool greedy search heuristic 
9 Rank-1 1-rows pack. cuts added ,  max viol. = 0.402599, aver. viol. = 0.127629
150 Rank-1 3-rows pack. cuts added ,  max viol. = 0.5, aver. viol. = 0.385101
----- Add fac. cuts : CAP(14) R1C(159), max.viol = 0.5, aver.viol = 0.344027, sep/add took 0.0170028/0.128387 sec. -----
3176 columns (3176 active), 267 dyn. constrs. (255 active), 552 art. vars. (407 active)
<DWph=2> <it=  1> <et=5.19> <Mt= 0.12> <Spt= 0.01> <nCl= 30> <al=0.50> <DB= -659.2331> <Mlp=  737.3143> <PB=735.1> 
<DWph=2> <it=  2> <et=5.30> <Mt= 0.09> <Spt= 0.02> <nCl= 30> <al=0.55> <DB=  113.8416> <Mlp=  736.6794> <PB=735.1> 
<DWph=2> <it=  3> <et=5.55> <Mt= 0.24> <Spt= 0.01> <nCl= 27> <al=0.60> <DB=  653.0512> <Mlp=  734.3226> <PB=735.1> 
<DWph=2> <it=  4> <et=5.72> <Mt= 0.16> <Spt= 0.01> <nCl=  8> <al=0.64> <DB=  711.4698> <Mlp=  733.5717> <PB=735.1> 
<DWph=2> <it=  5> <et=5.78> <Mt= 0.05> <Spt= 0.00> <nCl=  2> <al=0.67> <DB=  718.2610> <Mlp=  733.3189> <PB=735.1> 
<DWph=2> <it=  6> <et=5.88> <Mt= 0.09> <Spt= 0.01> <nCl=  4> <al=0.70> <DB=  718.1568> <Mlp=  732.9007> <PB=735.1> 
<DWph=2> <it=  7> <et=5.91> <Mt= 0.02> <Spt= 0.02> <nCl=  8> <al=0.47> <DB=  652.8213> <Mlp=  732.8864> <PB=735.1> 
<DWph=2> <it=  8> <et=6.01> <Mt= 0.09> <Spt= 0.01> <nCl=  7> <al=0.63> <DB=  695.7486> <Mlp=  732.3360> <PB=735.1> 
<DWph=2> <it=  9> <et=6.06> <Mt= 0.04> <Spt= 0.01> <nCl=  3> <al=0.67> <DB=  712.2527> <Mlp=  732.1487> <PB=735.1> 
<DWph=2> <it= 10> <et=6.09> <Mt= 0.02> <Spt= 0.01> <nCl= 18> <al=0.57> <DB=  689.6510> <Mlp=  732.1405> <PB=735.1> 
<DWph=2> <it= 11> <et=6.12> <Mt= 0.02> <Spt= 0.00> <nCl=  2> <al=0.61> <DB=  720.2263> <Mlp=  732.1126> <PB=735.1> 
<DWph=2> <it= 12> <et=6.15> <Mt= 0.03> <Spt= 0.01> <nCl=  4> <al=0.65> <DB=  724.9303> <Mlp=  732.0702> <PB=735.1> 
<DWph=2> <it= 13> <et=6.24> <Mt= 0.07> <Spt= 0.01> <nCl=  7> <al=0.69> <DB=  716.6633> <Mlp=  731.9390> <PB=735.1> 
<DWph=2> <it= 14> <et=6.27> <Mt= 0.02> <Spt= 0.02> <nCl= 19> <al=0.44> <DB=  625.2213> <Mlp=  731.9390> <PB=735.1> 
<DWph=2> <it= 15> <et=6.39> <Mt= 0.11> <Spt= 0.01> <nCl=  9> <al=0.62> <DB=  693.8639> <Mlp=  731.7318> <PB=735.1> 
<DWph=2> <it= 16> <et=6.43> <Mt= 0.03> <Spt= 0.01> <nCl=  4> <al=0.66> <DB=  682.6427> <Mlp=  731.6130> <PB=735.1> 
<DWph=2> <it= 17> <et=6.49> <Mt= 0.05> <Spt= 0.00> <nCl=  1> <al=0.69> <DB=  727.1451> <Mlp=  731.5289> <PB=735.1> 
<DWph=2> <it= 18> <et=6.53> <Mt= 0.02> <Spt= 0.02> <nCl= 23> <al=0.44> <DB=  492.3962> <Mlp=  731.4770> <PB=735.1> 
<DWph=2> <it= 19> <et=6.58> <Mt= 0.04> <Spt= 0.01> <nCl=  9> <al=0.62> <DB=  662.8701> <Mlp=  731.4318> <PB=735.1> 
<DWph=2> <it= 20> <et=6.65> <Mt= 0.06> <Spt= 0.01> <nCl=  3> <al=0.66> <DB=  688.7066> <Mlp=  731.1865> <PB=735.1> 
<DWph=2> <it= 21> <et=6.69> <Mt= 0.02> <Spt= 0.02> <nCl= 12> <al=0.39> <DB=  644.0124> <Mlp=  731.1865> <PB=735.1> 
<DWph=2> <it= 22> <et=6.76> <Mt= 0.07> <Spt= 0.01> <nCl=  4> <al=0.59> <DB=  684.2236> <Mlp=  731.1018> <PB=735.1> 
<DWph=2> <it= 23> <et=6.81> <Mt= 0.02> <Spt= 0.02> <nCl= 17> <al=0.27> <DB=  655.6502> <Mlp=  731.0714> <PB=735.1> 
<DWph=2> <it= 24> <et=6.86> <Mt= 0.05> <Spt= 0.00> <nCl=  3> <al=0.53> <DB=  679.5193> <Mlp=  730.8919> <PB=735.1> 
<DWph=2> <it= 25> <et=6.89> <Mt= 0.01> <Spt= 0.02> <nCl= 12> <al=0.16> <DB=  541.9001> <Mlp=  730.8919> <PB=735.1> 
<DWph=2> <it= 26> <et=6.92> <Mt= 0.02> <Spt= 0.01> <nCl=  2> <al=0.48> <DB=  717.8212> <Mlp=  730.8783> <PB=735.1> 
<DWph=2> <it= 27> <et=6.95> <Mt= 0.01> <Spt= 0.02> <nCl= 23> <al=0.00> <DB=  601.6193> <Mlp=  730.8783> <PB=735.1> 
<DWph=2> <it= 28> <et=7.05> <Mt= 0.10> <Spt= 0.01> <nCl=  7> <al=0.28> <DB=  721.5729> <Mlp=  730.4750> <PB=735.1> 
<DWph=2> <it= 29> <et=7.08> <Mt= 0.01> <Spt= 0.01> <nCl=  6> <al=0.18> <DB=  666.1397> <Mlp=  730.4476> <PB=735.1> 
<DWph=2> <it= 30> <et=7.11> <Mt= 0.02> <Spt= 0.01> <nCl=  7> <al=0.26> <DB=  689.4851> <Mlp=  730.4476> <PB=735.1> 
<DWph=2> <it= 31> <et=7.13> <Mt= 0.02> <Spt= 0.01> <nCl=  3> <al=0.34> <DB=  647.9747> <Mlp=  730.4476> <PB=735.1> 
<DWph=2> <it= 32> <et=7.19> <Mt= 0.04> <Spt= 0.00> <nCl=  2> <al=0.40> <DB=  717.3874> <Mlp=  730.4135> <PB=735.1> 
<DWph=2> <it= 33> <et=7.20> <Mt= 0.01> <Spt= 0.01> <nCl=  3> <al=0.30> <DB=  721.4363> <Mlp=  730.4135> <PB=735.1> 
<DWph=2> <it= 34> <et=7.22> <Mt= 0.01> <Spt= 0.01> <nCl=  3> <al=0.20> <DB=  724.9995> <Mlp=  730.4135> <PB=735.1> 
<DWph=2> <it= 35> <et=7.24> <Mt= 0.01> <Spt= 0.01> <nCl=  8> <al=0.10> <DB=  705.2534> <Mlp=  730.4135> <PB=735.1> 
<DWph=2> <it= 36> <et=7.27> <Mt= 0.02> <Spt= 0.01> <nCl=  2> <al=0.19> <DB=  725.2741> <Mlp=  730.4135> <PB=735.1> 
<DWph=2> <it= 37> <et=7.29> <Mt= 0.01> <Spt= 0.01> <nCl=  8> <al=0.09> <DB=  639.8098> <Mlp=  730.4135> <PB=735.1> 
<DWph=2> <it= 38> <et=7.31> <Mt= 0.01> <Spt= 0.01> <nCl=  3> <al=0.18> <DB=  724.8692> <Mlp=  730.4135> <PB=735.1> 
<DWph=2> <it= 39> <et=7.34> <Mt= 0.01> <Spt= 0.02> <nCl= 21> <al=0.00> <DB=  608.5564> <Mlp=  730.4135> <PB=735.1> 
<DWph=2> <it= 40> <et=7.42> <Mt= 0.07> <Spt= 0.01> <nCl=  7> <al=0.16> <DB=  708.6860> <Mlp=  730.3280> <PB=735.1> 
<DWph=2> <it= 41> <et=7.44> <Mt= 0.01> <Spt= 0.01> <nCl= 14> <al=0.00> <DB=  702.0605> <Mlp=  730.3280> <PB=735.1> 
<DWph=2> <it= 42> <et=7.46> <Mt= 0.01> <Spt= 0.01> <nCl=  3> <al=0.15> <DB=  723.9357> <Mlp=  730.3280> <PB=735.1> 
<DWph=2> <it= 43> <et=7.49> <Mt= 0.01> <Spt= 0.02> <nCl=  4> <al=0.00> <DB=  720.4424> <Mlp=  730.3280> <PB=735.1> 
<DWph=2> <it= 44> <et=7.51> <Mt= 0.01> <Spt= 0.01> <nCl=  1> <al=0.00> <DB=  730.3280> <Mlp=  730.3280> <PB=735.1> 
<DWph=1> <it= 45> <et=7.53> <Mt= 0.00> <Spt= 0.01> <nCl= 12> <al=0.03> <DB=  631.1139> <Mlp=  730.3280> <PB=735.1> 
<DWph=1> <it= 46> <et=7.64> <Mt= 0.10> <Spt= 0.02> <nCl= 17> <al=0.13> <DB=  594.8994> <Mlp=  730.0359> <PB=735.1> 
<DWph=1> <it= 47> <et=7.69> <Mt= 0.04> <Spt= 0.01> <nCl= 14> <al=0.22> <DB=  670.6804> <Mlp=  730.0051> <PB=735.1> 
<DWph=1> <it= 48> <et=7.72> <Mt= 0.02> <Spt= 0.01> <nCl=  6> <al=0.30> <DB=  669.0303> <Mlp=  729.9919> <PB=735.1> 
<DWph=1> <it= 49> <et=7.76> <Mt= 0.01> <Spt= 0.03> <nCl= 13> <al=0.00> <DB=  624.8926> <Mlp=  729.9919> <PB=735.1> 
<DWph=1> <it= 50> <et=7.78> <Mt= 0.01> <Spt= 0.01> <nCl=  1> <al=0.27> <DB=  686.4122> <Mlp=  729.9919> <PB=735.1> 
<DWph=1> <it= 51> <et=7.81> <Mt= 0.01> <Spt= 0.02> <nCl=  9> <al=0.00> <DB=  693.7991> <Mlp=  729.9919> <PB=735.1> 
<DWph=1> <it= 52> <et=7.85> <Mt= 0.01> <Spt= 0.02> <nCl=  3> <al=0.00> <DB=  725.3333> <Mlp=  729.9919> <PB=735.1> 
<DWph=1> <it= 53> <et=7.88> <Mt= 0.01> <Spt= 0.02> <nCl=  4> <al=0.00> <DB=  729.9919> <Mlp=  729.9919> <PB=735.1> 
    RCSP exact solver info for graph G_1 : TT = 0.02115, pt = 0.000654, dt = 0.01639, ct = 0.003549, ndl = 6', bdl = 21', odl = 7', odf = 84', bsi = 1', cnt = 91', bdch = 294', odch = 225', lcp = 71', #sols = 150
<DWph=0> <it= 54> <et=7.93> <Mt= 0.01> <Spt= 0.04> <nCl=112> <al=0.04> <DB=  612.6159> <Mlp=  729.9919> <PB=735.1> 
    RCSP exact solver info for graph G_1 : TT = 0.019831, pt = 0.000855, dt = 0.014974, ct = 0.003455, ndl = 6', bdl = 21', odl = 7', odf = 83', bsi = 1', cnt = 77', bdch = 269', odch = 203', lcp = 63', #sols = 150
<DWph=0> <it= 55> <et=8.00> <Mt= 0.03> <Spt= 0.04> <nCl= 64> <al=0.14> <DB=  656.5979> <Mlp=  729.9787> <PB=735.1> 
    RCSP exact solver info for graph G_1 : TT = 0.020791, pt = 0.000926, dt = 0.015793, ct = 0.003528, ndl = 6', bdl = 22', odl = 7', odf = 83', bsi = 1', cnt = 77', bdch = 287', odch = 207', lcp = 66', #sols = 150
<DWph=0> <it= 56> <et=8.05> <Mt= 0.03> <Spt= 0.03> <nCl= 39> <al=0.22> <DB=  717.4210> <Mlp=  729.9703> <PB=735.1> 
    RCSP exact solver info for graph G_1 : TT = 0.020917, pt = 0.000939, dt = 0.015866, ct = 0.003542, ndl = 6', bdl = 22', odl = 7', odf = 85', bsi = 1', cnt = 77', bdch = 293', odch = 211', lcp = 68', #sols = 150
<DWph=0> <it= 57> <et=8.10> <Mt= 0.01> <Spt= 0.02> <nCl= 22> <al=0.30> <DB=  727.5580> <Mlp=  729.9702> <PB=735.1> 
    RCSP exact solver info for graph G_1 : TT = 0.021052, pt = 0.000933, dt = 0.016015, ct = 0.003539, ndl = 6', bdl = 22', odl = 7', odf = 85', bsi = 1', cnt = 77', bdch = 298', odch = 217', lcp = 68', #sols = 150
<DWph=0> <it= 58> <et=8.14> <Mt= 0.02> <Spt= 0.03> <nCl=  7> <al=0.37> <DB=  724.1021> <Mlp=  729.9700> <PB=735.1> 
    RCSP exact solver info for graph G_1 : TT = 0.021005, pt = 0.000923, dt = 0.015949, ct = 0.003578, ndl = 6', bdl = 22', odl = 7', odf = 85', bsi = 1', cnt = 77', bdch = 294', odch = 214', lcp = 68', #sols = 150
    RCSP exact solver info for graph G_1 : TT = 0.019774, pt = 0.000726, dt = 0.015224, ct = 0.003298, ndl = 6', bdl = 22', odl = 7', odf = 85', bsi = 1', cnt = 76', bdch = 290', odch = 210', lcp = 67', #sols = 150
<DWph=0> <it= 59> <et=8.20> <Mt= 0.01> <Spt= 0.05> <nCl= 41> <al=0.00> <DB=  729.9700> <Mlp=  729.9700> <PB=735.1> 
Dynamic params and stats :  aver.obdmd = 45.974 aver.buck.num. = 48 nbR1C = 71 with avMem = 6.50704
@@ 1 7 729.97 0.0192429 0.019939 14.8757 8.2
Labels distribution in buckets (bucket size) : largest - 39, top 0.1% - 39, top 0.5% - 34, top 2% - 26, top 10% - 11, top 50% - 1
Reduced cost fixing for graph G_1... 24187 buck. arcs remain (62.9% from prev., 9.36% from max.) + 10255 jump buck. arcs (3.97% from max.)
 TT = 0.063338, pt = 0.006688, dt = 0.02331, ct = 0.032835, ndl = 18', bdl = 67', odl = 8', odf = 175', lpcb = 103', cnt = 345', bdch = 527', odch = 520', lcp = 119'
Labels distribution in buckets (bucket size) : largest - 50, top 0.1% - 44, top 0.5% - 36, top 2% - 28, top 10% - 11, top 50% - 1
Run forward enumeration with border = 90... succeeded! lpt = 0.098319, ndl = 25', dl = 5', lpcb = 190', dch = 77'
Run enumeration concatenation with time limit 0.57744 sec.... succeeded!
Sorting and storing enumerated solutions ... done!
 TT = 0.348792, pt = 0, dt = 0.098319, ct = 0.117945, ndl = 25', bdl = 5', lpcb = 190', cnt = 946', bdch = 77', odch = 0', lcp = 0'
Enumeration succeeded!, number of elem. solutions is 66820
Estimating inspection time...     TT = 0.015245, performed by inspection with 66820 solutions, nbR1C = 71, nbDiscC = 0
Inspection time is low enough. Pricing will be done by inspection.
Added 1442 columns in the formulation 
Removed 2491 columns (not in the enumerated set) from the formulation
Regenerated 1442 columns with the 'enumerated' flag
<DWph=2> <it= 60> <et=8.93> <Mt= 0.04> <Spt= 0.01> <nCl=  0> <al=0.00> <DB=  730.8294> <Mlp=  730.8294> <PB=735.1> 
<DWph=1> <it= 61> <et=8.93> <Mt= 0.00> <Spt= 0.00> <nCl=  0> <al=0.00> <DB=  730.8294> <Mlp=  730.8294> <PB=735.1> 
    TT = 0.006909, performed by inspection with 66820 solutions, nbR1C = 25, nbDiscC = 0
<DWph=0> <it= 62> <et=8.96> <Mt= 0.01> <Spt= 0.03> <nCl=150> <al=0.30> <DB=  357.7659> <Mlp=  730.8294> <PB=735.1> 
    TT = 0.009061, performed by inspection with 66820 solutions, nbR1C = 49, nbDiscC = 0
<DWph=0> <it= 63> <et=9.05> <Mt= 0.07> <Spt= 0.02> <nCl= 56> <al=0.37> <DB=  597.8861> <Mlp=  730.5195> <PB=735.1> 
    TT = 0.010704, performed by inspection with 66820 solutions, nbR1C = 65, nbDiscC = 0
<DWph=0> <it= 64> <et=9.11> <Mt= 0.03> <Spt= 0.01> <nCl= 13> <al=0.27> <DB=  696.9285> <Mlp=  730.4569> <PB=735.1> 
    TT = 0.011494, performed by inspection with 66820 solutions, nbR1C = 73, nbDiscC = 0
<DWph=0> <it= 65> <et=9.14> <Mt= 0.02> <Spt= 0.02> <nCl=  9> <al=0.34> <DB=  718.9566> <Mlp=  730.4569> <PB=735.1> 
    TT = 0.011515, performed by inspection with 66820 solutions, nbR1C = 74, nbDiscC = 0
    TT = 0.009746, performed by inspection with 66820 solutions, nbR1C = 56, nbDiscC = 0
<DWph=0> <it= 66> <et=9.18> <Mt= 0.01> <Spt= 0.03> <nCl=  5> <al=0.00> <DB=  730.4569> <Mlp=  730.4569> <PB=735.1> 
Dynamic params and stats :  aver.obdmd = 45.974 aver.buck.num. = 48 nbR1C = 56 with avMem = 6.85714
@@ 1 7 730.457 0.00990483 0.011515 0 9.18
Reduced cost fixing for graph G_1...  took 0.01 sec., done by inspection with 66820 solutions, remains 21562 (32.3%)
Removed 223 columns (not in the enumerated set) from the formulation
    Full reduced cost fixing is not called (gap ratio is 0.903208)
ColGenEvalAlg final dual bound: 730.457 (rounded: 731)
Gap improvement since the last cut separation : 0.532169 (725.175)
Current active cuts : CAP(20,-17.344) R1C(56,30.948) 3rowPackR1C(56)
Shrinking heuristic shrunk 28 edges
In total 1 RCC cut(s) are found by the Fractional capacity min-cut heuristic 
In total 7 RCC cut(s) are found by the greedy construction heuristic 
In total 1 RCC cut(s) are found by the global pool greedy search heuristic 
150 Rank-1 3-rows pack. cuts added ,  max viol. = 0.427451, aver. viol. = 0.220719
----- Add fac. cuts : CAP(9) R1C(150), max.viol = 0.427451, aver.viol = 0.215674, sep/add took 0.0114416/0.0435637 sec. -----
4628 columns (1452 active), 414 dyn. constrs. (269 active), 711 art. vars. (421 active)
<DWph=2> <it=  1> <et=9.36> <Mt= 0.06> <Spt= 0.00> <nCl=  0> <al=0.00> <DB=  733.4086> <Mlp=  733.4086> <PB=735.1> 
<DWph=1> <it=  2> <et=9.37> <Mt= 0.00> <Spt= 0.01> <nCl=  0> <al=0.00> <DB=  733.4086> <Mlp=  733.4086> <PB=735.1> 
    TT = 0.004666, performed by inspection with 21562 solutions, nbR1C = 95, nbDiscC = 0
<DWph=0> <it=  3> <et=9.39> <Mt= 0.01> <Spt= 0.02> <nCl=150> <al=0.30> <DB=  426.6248> <Mlp=  733.4086> <PB=735.1> 
    TT = 0.005257, performed by inspection with 21562 solutions, nbR1C = 119, nbDiscC = 0
<DWph=0> <it=  4> <et=9.49> <Mt= 0.08> <Spt= 0.01> <nCl= 44> <al=0.37> <DB=  664.3961> <Mlp=  732.5950> <PB=735.1> 
    TT = 0.005361, performed by inspection with 21562 solutions, nbR1C = 128, nbDiscC = 0
<DWph=0> <it=  5> <et=9.54> <Mt= 0.04> <Spt= 0.01> <nCl= 21> <al=0.27> <DB=  728.4981> <Mlp=  732.5524> <PB=735.1> 
    TT = 0.005387, performed by inspection with 21562 solutions, nbR1C = 131, nbDiscC = 0
<DWph=0> <it=  6> <et=9.56> <Mt= 0.01> <Spt= 0.01> <nCl= 13> <al=0.17> <DB=  729.1489> <Mlp=  732.5500> <PB=735.1> 
    TT = 0.005573, performed by inspection with 21562 solutions, nbR1C = 138, nbDiscC = 0
<DWph=0> <it=  7> <et=9.60> <Mt= 0.03> <Spt= 0.01> <nCl=  5> <al=0.25> <DB=  731.6879> <Mlp=  732.5478> <PB=735.1> 
    TT = 0.005509, performed by inspection with 21562 solutions, nbR1C = 139, nbDiscC = 0
<DWph=0> <it=  8> <et=9.62> <Mt= 0.00> <Spt= 0.01> <nCl=  1> <al=0.15> <DB=  731.7866> <Mlp=  732.5478> <PB=735.1> 
    TT = 0.005265, performed by inspection with 21562 solutions, nbR1C = 133, nbDiscC = 0
    TT = 0.003766, performed by inspection with 21562 solutions, nbR1C = 81, nbDiscC = 0
<DWph=0> <it=  9> <et=9.64> <Mt= 0.01> <Spt= 0.02> <nCl=  5> <al=0.00> <DB=  732.5478> <Mlp=  732.5478> <PB=735.1> 
Dynamic params and stats :  aver.obdmd = 45.974 aver.buck.num. = 48 nbR1C = 81 with avMem = 2.18519
@@ 1 8 732.548 0.005098 0.005573 0 9.64
Reduced cost fixing for graph G_1...  took 0 sec., done by inspection with 21562 solutions, remains 4227 (19.6%)
Removed 482 columns (not in the enumerated set) from the formulation
ColGenEvalAlg final dual bound: 732.548 (rounded: 733)
Gap improvement since the last cut separation : 0.450338 (730.457)
Current active cuts : CAP(14,-27.3213) R1C(81,59.7531) 3rowPackR1C(81)
Shrinking heuristic shrunk 10 edges
In total 2 RCC cut(s) are found by the Fractional capacity min-cut heuristic 
In total 5 RCC cut(s) are found by the greedy construction heuristic 
In total 1 RCC cut(s) are found by the global pool greedy search heuristic 
150 Rank-1 3-rows pack. cuts added ,  max viol. = 0.195985, aver. viol. = 0.0892661
----- Add fac. cuts : CAP(8) R1C(150), max.viol = 0.195985, aver.viol = 0.0860324, sep/add took 0.0258908/0.0408115 sec. -----
1637 columns (1209 active), 427 dyn. constrs. (293 active), 869 art. vars. (445 active)
<DWph=2> <it=  1> <et=9.95> <Mt= 0.06> <Spt= 0.00> <nCl=  0> <al=0.00> <DB=  733.7992> <Mlp=  733.7992> <PB=735.1> 
<DWph=1> <it=  2> <et=9.95> <Mt= 0.01> <Spt= 0.01> <nCl=  0> <al=0.00> <DB=  733.7992> <Mlp=  733.7992> <PB=735.1> 
    TT = 0.001126, performed by inspection with 4227 solutions, nbR1C = 124, nbDiscC = 0
<DWph=0> <it=  3> <et=9.97> <Mt= 0.00> <Spt= 0.02> <nCl=150> <al=0.30> <DB=  618.4364> <Mlp=  733.7992> <PB=735.1> 
    TT = 0.001226, performed by inspection with 4227 solutions, nbR1C = 141, nbDiscC = 0
<DWph=0> <it=  4> <et=10.04> <Mt= 0.06> <Spt= 0.00> <nCl= 14> <al=0.37> <DB=  721.2448> <Mlp=  733.4250> <PB=735.1> 
    TT = 0.001192, performed by inspection with 4227 solutions, nbR1C = 147, nbDiscC = 0
<DWph=0> <it=  5> <et=10.06> <Mt= 0.01> <Spt= 0.01> <nCl= 18> <al=0.27> <DB=  730.1302> <Mlp=  733.4166> <PB=735.1> 
    TT = 0.001191, performed by inspection with 4227 solutions, nbR1C = 148, nbDiscC = 0
<DWph=0> <it=  6> <et=10.08> <Mt= 0.01> <Spt= 0.00> <nCl=  4> <al=0.17> <DB=  731.7345> <Mlp=  733.4165> <PB=735.1> 
    TT = 0.001179, performed by inspection with 4227 solutions, nbR1C = 148, nbDiscC = 0
<DWph=0> <it=  7> <et=10.09> <Mt= 0.01> <Spt= 0.01> <nCl=  3> <al=0.25> <DB=  732.9907> <Mlp=  733.4161> <PB=735.1> 
    TT = 0.001172, performed by inspection with 4227 solutions, nbR1C = 147, nbDiscC = 0
    TT = 0.000926, performed by inspection with 4227 solutions, nbR1C = 107, nbDiscC = 0
<DWph=0> <it=  8> <et=10.10> <Mt= 0.01> <Spt= 0.01> <nCl=  6> <al=0.00> <DB=  733.0591> <Mlp=  733.4161> <PB=735.1> 
    TT = 0.001154, performed by inspection with 4227 solutions, nbR1C = 147, nbDiscC = 0
    TT = 0.000913, performed by inspection with 4227 solutions, nbR1C = 107, nbDiscC = 0
<DWph=0> <it=  9> <et=10.12> <Mt= 0.00> <Spt= 0.01> <nCl=  2> <al=0.00> <DB=  733.4161> <Mlp=  733.4161> <PB=735.1> 
Dynamic params and stats :  aver.obdmd = 45.974 aver.buck.num. = 48 nbR1C = 107 with avMem = 1.28972
@@ 1 9 733.416 0.00111989 0.001226 0 10.12
Reduced cost fixing for graph G_1...  took 0 sec., done by inspection with 4227 solutions, remains 1433 (33.9%)
Removed 475 columns (not in the enumerated set) from the formulation
ColGenEvalAlg final dual bound: 733.416 (rounded: 734)
Gap improvement since the last cut separation : 0.3402 (732.548)
Current active cuts : CAP(12,-11.3874) R1C(107,88.4595) 3rowPackR1C(107)
Shrinking heuristic shrunk 10 edges
In total 1 RCC cut(s) are found by the global pool greedy search heuristic 
142 Rank-1 3-rows pack. cuts added ,  max viol. = 0.163712, aver. viol. = 0.0428181
Building structures for heuristic rank-1 packing cut separation...done!
100 Rank-1 4-rows pack. cuts added ,  max viol. = 0.164034, aver. viol. = 0.05817
----- Add fac. cuts : CAP(1) R1C(242), max.viol = 0.164034, aver.viol = 0.0489989, sep/add took 0.102969/0.0461749 sec. -----
1388 columns (931 active), 536 dyn. constrs. (406 active), 1112 art. vars. (558 active)
<DWph=2> <it=  1> <et=10.38> <Mt= 0.06> <Spt= 0.00> <nCl=  0> <al=0.00> <DB=  734.0448> <Mlp=  734.0448> <PB=735.1> 
<DWph=1> <it=  2> <et=10.38> <Mt= 0.01> <Spt= 0.00> <nCl=  0> <al=0.00> <DB=  734.0448> <Mlp=  734.0448> <PB=735.1> 
    TT = 0.000547, performed by inspection with 1433 solutions, nbR1C = 150, nbDiscC = 0
<DWph=0> <it=  3> <et=10.40> <Mt= 0.00> <Spt= 0.01> <nCl= 61> <al=0.30> <DB=  472.2048> <Mlp=  734.0448> <PB=735.1> 
    TT = 0.000637, performed by inspection with 1433 solutions, nbR1C = 169, nbDiscC = 0
<DWph=0> <it=  4> <et=10.45> <Mt= 0.04> <Spt= 0.01> <nCl=  8> <al=0.37> <DB=  723.3230> <Mlp=  733.9048> <PB=735.1> 
    TT = 0.000565, performed by inspection with 1433 solutions, nbR1C = 172, nbDiscC = 0
<DWph=0> <it=  5> <et=10.46> <Mt= 0.01> <Spt= 0.01> <nCl=  4> <al=0.27> <DB=  731.6491> <Mlp=  733.8970> <PB=735.1> 
    TT = 0.000547, performed by inspection with 1433 solutions, nbR1C = 173, nbDiscC = 0
<DWph=0> <it=  6> <et=10.47> <Mt= 0.01> <Spt= 0.00> <nCl=  2> <al=0.34> <DB=  732.9538> <Mlp=  733.8964> <PB=735.1> 
    TT = 0.000539, performed by inspection with 1433 solutions, nbR1C = 174, nbDiscC = 0
<DWph=0> <it=  7> <et=10.48> <Mt= 0.00> <Spt= 0.00> <nCl=  1> <al=0.41> <DB=  733.5110> <Mlp=  733.8961> <PB=735.1> 
    TT = 0.000542, performed by inspection with 1433 solutions, nbR1C = 174, nbDiscC = 0
    TT = 0.000424, performed by inspection with 1433 solutions, nbR1C = 124, nbDiscC = 0
<DWph=0> <it=  8> <et=10.49> <Mt= 0.01> <Spt= 0.01> <nCl=  4> <al=0.00> <DB=  733.8961> <Mlp=  733.8961> <PB=735.1> 
Dynamic params and stats :  aver.obdmd = 45.974 aver.buck.num. = 48 nbR1C = 124 with avMem = 0.758065
@@ 1 10 733.896 0.000543 0.000637 0 10.49
Reduced cost fixing for graph G_1...  took 0 sec., done by inspection with 1433 solutions, remains 727 (50.7%)
Removed 316 columns (not in the enumerated set) from the formulation
ColGenEvalAlg final dual bound: 733.896 (rounded: 734)
Gap improvement since the last cut separation : 0.285043 (733.416)
Current active cuts : CAP(8,-8.48392) R1C(124,122.497) 3rowPackR1C(103) 4rowPackR1C(21)
Shrinking heuristic shrunk 9 edges
In total 13 RCC cut(s) are found by the global pool greedy search heuristic 
104 Rank-1 3-rows pack. cuts added ,  max viol. = 0.149573, aver. viol. = 0.0429474
Building structures for heuristic rank-1 packing cut separation...done!
93 Rank-1 4-rows pack. cuts added ,  max viol. = 0.16776, aver. viol. = 0.056151
100 Rank-1 5-rows pack. cuts added ,  max viol. = 0.194513, aver. viol. = 0.126687
----- Add fac. cuts : CAP(13) R1C(297), max.viol = 0.273759, aver.viol = 0.0818988, sep/add took 0.874512/0.050612 sec. -----
1000 columns (695 active), 716 dyn. constrs. (486 active), 1422 art. vars. (638 active)
<DWph=2> <it=  1> <et=11.54> <Mt= 0.07> <Spt= 0.00> <nCl=  0> <al=0.00> <DB=  734.3959> <Mlp=  734.3959> <PB=735.1> 
<DWph=1> <it=  2> <et=11.54> <Mt= 0.00> <Spt= 0.00> <nCl=  0> <al=0.00> <DB=  734.3959> <Mlp=  734.3959> <PB=735.1> 
    TT = 0.000328, performed by inspection with 727 solutions, nbR1C = 127, nbDiscC = 0
<DWph=0> <it=  3> <et=11.55> <Mt= 0.01> <Spt= 0.02> <nCl= 40> <al=0.30> <DB=  708.9256> <Mlp=  734.3959> <PB=735.1> 
    TT = 0.000387, performed by inspection with 727 solutions, nbR1C = 158, nbDiscC = 0
<DWph=0> <it=  4> <et=11.59> <Mt= 0.03> <Spt= 0.00> <nCl=  3> <al=0.37> <DB=  724.9325> <Mlp=  734.3333> <PB=735.1> 
    TT = 0.000346, performed by inspection with 727 solutions, nbR1C = 163, nbDiscC = 0
<DWph=0> <it=  5> <et=11.61> <Mt= 0.02> <Spt= 0.00> <nCl=  1> <al=0.27> <DB=  731.7951> <Mlp=  734.3333> <PB=735.1> 
    TT = 0.000343, performed by inspection with 727 solutions, nbR1C = 168, nbDiscC = 0
<DWph=0> <it=  6> <et=11.62> <Mt= 0.00> <Spt= 0.01> <nCl=  4> <al=0.17> <DB=  733.8773> <Mlp=  734.3333> <PB=735.1> 
    TT = 0.00035, performed by inspection with 727 solutions, nbR1C = 170, nbDiscC = 0
    TT = 0.000274, performed by inspection with 727 solutions, nbR1C = 132, nbDiscC = 0
<DWph=0> <it=  7> <et=11.64> <Mt= 0.01> <Spt= 0.00> <nCl=  1> <al=0.00> <DB=  734.3333> <Mlp=  734.3333> <PB=735.1> 
Dynamic params and stats :  aver.obdmd = 45.974 aver.buck.num. = 48 nbR1C = 132 with avMem = 0.598485
@@ 1 11 734.333 0.000338 0.000387 0 11.64
Reduced cost fixing for graph G_1...  took 0 sec., done by inspection with 727 solutions, remains 435 (59.8%)
Removed 223 columns (not in the enumerated set) from the formulation
ColGenEvalAlg final dual bound: 734.333 (rounded: 735)
Gap improvement since the last cut separation : 0.363195 (733.896)
Current active cuts : CAP(6,-1.27939) R1C(132,125.685) 3rowPackR1C(94) 4rowPackR1C(30) 5rowPackR1C(8)
Shrinking heuristic shrunk 47 edges
30 Rank-1 3-rows pack. cuts added ,  max viol. = 0.333333, aver. viol. = 0.333333
Building structures for heuristic rank-1 packing cut separation...done!
36 Rank-1 4-rows pack. cuts added ,  max viol. = 0.333333, aver. viol. = 0.333333
100 Rank-1 5-rows pack. cuts added ,  max viol. = 0.333333, aver. viol. = 0.333333
----- Add fac. cuts : R1C(166), max.viol = 0.333333, aver.viol = 0.333333, sep/add took 0.216822/0.0187208 sec. -----
741 columns (521 active), 652 dyn. constrs. (335 active), 1588 art. vars. (487 active)
<DWph=2> <it=  1> <et=11.92> <Mt= 0.02> <Spt= 0.01> <nCl=  0> <al=0.00> <DB=  734.3768> <Mlp=  734.3768> <PB=735.1> 
<DWph=1> <it=  2> <et=11.93> <Mt= 0.00> <Spt= 0.00> <nCl=  0> <al=0.00> <DB=  734.3768> <Mlp=  734.3768> <PB=735.1> 
    TT = 0.000253, performed by inspection with 435 solutions, nbR1C = 141, nbDiscC = 0
<DWph=0> <it=  3> <et=11.93> <Mt= 0.00> <Spt= 0.00> <nCl=  1> <al=0.30> <DB=  732.1843> <Mlp=  734.3768> <PB=735.1> 
    TT = 0.000226, performed by inspection with 435 solutions, nbR1C = 141, nbDiscC = 0
    TT = 0.000192, performed by inspection with 435 solutions, nbR1C = 124, nbDiscC = 0
<DWph=0> <it=  4> <et=11.94> <Mt= 0.00> <Spt= 0.01> <nCl=  1> <al=0.00> <DB=  734.3768> <Mlp=  734.3768> <PB=735.1> 
Dynamic params and stats :  aver.obdmd = 45.974 aver.buck.num. = 48 nbR1C = 124 with avMem = 0.637097
@@ 1 12 734.377 0.000223667 0.000253 0 11.94
Reduced cost fixing for graph G_1...  took 0 sec., done by inspection with 435 solutions, remains 393 (90.3%)
Removed 44 columns (not in the enumerated set) from the formulation
    Full reduced cost fixing is not called (gap ratio is 0.934825)
ColGenEvalAlg final dual bound: 734.377 (rounded: 735)
Gap improvement since the last cut separation : 0.0566743 (734.333)
Current active cuts : CAP(5,0.662287) R1C(124,126.214) 3rowPackR1C(82) 4rowPackR1C(28) 5rowPackR1C(14)
Shrinking heuristic shrunk 10 edges
In total 21 RCC cut(s) are found by the global pool greedy search heuristic 
59 Rank-1 3-rows pack. cuts added ,  max viol. = 0.115995, aver. viol. = 0.0539983
Building structures for heuristic rank-1 packing cut separation...done!
100 Rank-1 4-rows pack. cuts added ,  max viol. = 0.115995, aver. viol. = 0.0608859
100 Rank-1 5-rows pack. cuts added ,  max viol. = 0.120555, aver. viol. = 0.107545
----- Add fac. cuts : CAP(21) R1C(259), max.viol = 0.24111, aver.viol = 0.0751247, sep/add took 0.839945/0.0310078 sec. -----
523 columns (479 active), 615 dyn. constrs. (440 active), 1868 art. vars. (592 active)
<DWph=2> <it=  1> <et=12.90> <Mt= 0.05> <Spt= 0.00> <nCl=  0> <al=0.00> <DB=  734.8613> <Mlp=  734.8613> <PB=735.1> 
<DWph=1> <it=  2> <et=12.90> <Mt= 0.00> <Spt= 0.00> <nCl=  0> <al=0.00> <DB=  734.8613> <Mlp=  734.8613> <PB=735.1> 
    TT = 0.000212, performed by inspection with 393 solutions, nbR1C = 108, nbDiscC = 0
<DWph=0> <it=  3> <et=12.91> <Mt= 0.00> <Spt= 0.01> <nCl= 14> <al=0.30> <DB=  693.9548> <Mlp=  734.8613> <PB=735.1> 
    TT = 0.000274, performed by inspection with 393 solutions, nbR1C = 126, nbDiscC = 0
<DWph=0> <it=  4> <et=12.93> <Mt= 0.02> <Spt= 0.00> <nCl=  2> <al=0.30> <DB=  727.0995> <Mlp=  734.7507> <PB=735.1> 
    TT = 0.000212, performed by inspection with 393 solutions, nbR1C = 127, nbDiscC = 0
    TT = 0.000175, performed by inspection with 393 solutions, nbR1C = 110, nbDiscC = 0
<DWph=0> <it=  5> <et=12.94> <Mt= 0.01> <Spt= 0.01> <nCl=  0> <al=0.00> <DB=  734.7485> <Mlp=  734.7485> <PB=735.1> 
Dynamic params and stats :  aver.obdmd = 45.974 aver.buck.num. = 48 nbR1C = 110 with avMem = 0.445455
@@ 1 13 734.748 0.00021825 0.000274 0 12.94
Reduced cost fixing for graph G_1...  took 0 sec., done by inspection with 393 solutions, remains 239 (60.8%)
Removed 175 columns (not in the enumerated set) from the formulation
ColGenEvalAlg final dual bound: 734.748 (rounded: 735)
Gap improvement since the last cut separation : 0.513956 (734.377)
Current active cuts : CAP(7,-9.57222) R1C(110,154.114) 3rowPackR1C(64) 4rowPackR1C(26) 5rowPackR1C(20)
Shrinking heuristic shrunk 12 edges
In total 1 RCC cut(s) are found by the greedy construction heuristic 
87 Rank-1 3-rows pack. cuts added ,  max viol. = 0.0848485, aver. viol. = 0.0360501
Building structures for heuristic rank-1 packing cut separation...done!
100 Rank-1 4-rows pack. cuts added ,  max viol. = 0.110606, aver. viol. = 0.0508636
100 Rank-1 5-rows pack. cuts added ,  max viol. = 0.113636, aver. viol. = 0.0815757
----- Add fac. cuts : CAP(1) R1C(287), max.viol = 0.15303, aver.viol = 0.0580229, sep/add took 0.547272/0.0198742 sec. -----
494 columns (320 active), 728 dyn. constrs. (436 active), 2156 art. vars. (588 active)
<DWph=2> <it=  1> <et=13.53> <Mt= 0.01> <Spt= 0.00> <nCl=  0> <al=0.00> <DB=  735.0000> <Mlp=  735.0000> <PB=735.1> 
<DWph=1> <it=  2> <et=13.54> <Mt= 0.00> <Spt= 0.00> <nCl=  0> <al=0.00> <DB=  735.0000> <Mlp=  735.0000> <PB=735.1> 
    TT = 0.000146, performed by inspection with 239 solutions, nbR1C = 96, nbDiscC = 0
    TT = 0.000129, performed by inspection with 239 solutions, nbR1C = 96, nbDiscC = 0
<DWph=0> <it=  3> <et=13.54> <Mt= 0.00> <Spt= 0.01> <nCl=  1> <al=0.00> <DB=  735.0000> <Mlp=  735.0000> <PB=735.1> 
Dynamic params and stats :  aver.obdmd = 45.974 aver.buck.num. = 48 nbR1C = 96 with avMem = 0.447917
@@ 1 14 735 0.0001375 0.000146 0 13.54
Reduced cost fixing for graph G_1...  took 0 sec., done by inspection with 239 solutions, remains 214 (89.5%)
Removed 27 columns (not in the enumerated set) from the formulation
ColGenEvalAlg final dual bound: 735 (rounded: 735)
Gap improvement since the last cut separation : 0.715517 (734.748)
Current active cuts : CAP(6,-7) R1C(96,174.167) 3rowPackR1C(57) 4rowPackR1C(26) 5rowPackR1C(13)
Shrinking heuristic shrunk 53 edges
Building structures for heuristic rank-1 packing cut separation...done!
14 Rank-1 5-rows pack. cuts added ,  max viol. = 0.25, aver. viol. = 0.25
----- Add fac. cuts : R1C(14), max.viol = 0.5, aver.viol = 0.5, sep/add took 0.195697/0.00148903 sec. -----
321 columns (294 active), 450 dyn. constrs. (151 active), 2170 art. vars. (303 active)
<DWph=2> <it=  1> <et=13.77> <Mt= 0.00> <Spt= 0.00> <nCl=  0> <al=0.00> <DB=  735.0000> <Mlp=  735.0000> <PB=735.1> 
<DWph=1> <it=  2> <et=13.77> <Mt= 0.00> <Spt= 0.00> <nCl=  0> <al=0.00> <DB=  735.0000> <Mlp=  735.0000> <PB=735.1> 
<DWph=0> <it=  3> <et=13.77> <Mt= 0.00> <Spt= 0.00> <nCl=  0> <al=0.30> <DB=  735.0000> <Mlp=  735.0000> <PB=735.1> 
@@ 1 15 735 0 0 0 13.77
ColGenEvalAlg final dual bound: 735 (rounded: 735)
Gap improvement since the last cut separation : -1.7053e-11 (735)
Cut generation tailing off counter increased to 1
Current active cuts : CAP(6,-7) R1C(96,174.167) 3rowPackR1C(57) 4rowPackR1C(26) 5rowPackR1C(13)
Shrinking heuristic shrunk 50 edges
Building structures for heuristic rank-1 packing cut separation...done!
----- Add fac. cuts : sep. took 0.195543 sec.----- no cuts found  -----
Current active cuts : CAP(6,-7) R1C(96,174.167) 3rowPackR1C(57) 4rowPackR1C(26) 5rowPackR1C(13)
**** Strong branching phase 1 is started *****
SB phase 1 cand.  1 branch on EDGE[0,63] (lhs=0.5000) : [  735.0000,   735.0000], score = 0.00      <et=13.98>
SB phase 1 cand.  2 branch on EDGE[1,22] (lhs=0.5000) : [  735.0000,   735.0000], score = 0.00      <et=13.99>
SB phase 1 cand.  3 branch on EDGE[3,51] (lhs=0.5000) : [  735.0000,   736.5000], score = 0.00      <et=14>
SB phase 1 cand.  4 branch on EDGE[6,16] (lhs=0.5000) : [  735.0000,   735.7653], score = 0.00      <et=14.01>
SB phase 1 cand.  5 branch on EDGE[22,64] (lhs=0.5000): [  735.0000,   736.5000], score = 0.00      <et=14.02>
SB phase 1 cand.  6 branch on EDGE[31,72] (lhs=0.5000): [  735.0000,   736.0000], score = 0.00      <et=14.03>
SB phase 1 cand.  7 branch on EDGE[39,40] (lhs=0.5000): [  735.0000,   768.6329], score = 0.00      <et=14.04>
SB phase 1 cand.  8 branch on EDGE[41,43] (lhs=0.5000): [  735.0000,   736.5000], score = 0.00      <et=14.05>
SB phase 1 cand.  9 branch on EDGE[0,16] (lhs=0.5000) : [  735.0000,   736.0000], score = 0.00      <et=14.06>
SB phase 1 cand. 10 branch on EDGE[0,58] (lhs=0.5000) : [  735.0000,   737.0000], score = 0.00      <et=14.07>
SB phase 1 cand. 11 branch on EDGE[3,40] (lhs=0.5000) : [  735.0000,   915.6067], score = 0.00      <et=14.09>
SB phase 1 cand. 12 branch on EDGE[10,31] (lhs=0.5000): [  735.0000,   736.0000], score = 0.00      <et=14.1>
SB phase 1 cand. 13 branch on EDGE[39,72] (lhs=0.5000): [  735.0000,   873.4929], score = 0.00      <et=14.11>
SB phase 1 cand. 14 branch on EDGE[2,74] (lhs=0.5000) : [  735.0000,   735.8571], score = 0.00      <et=14.12>
SB phase 1 cand. 15 branch on EDGE[6,62] (lhs=0.5000) : [  735.0000,   736.0000], score = 0.00      <et=14.13>
SB phase 1 cand. 16 branch on EDGE[21,74] (lhs=0.5000): [  735.0000,   737.0000], score = 0.00      <et=14.14>
SB phase 1 cand. 17 branch on EDGE[28,61] (lhs=0.5000): [  735.0000,   735.0000], score = 0.00      <et=14.15>
SB phase 1 cand. 18 branch on EDGE[28,62] (lhs=0.5000): [  735.0000,   735.6667], score = 0.00      <et=14.16>
SB phase 1 cand. 19 branch on EDGE[68,75] (lhs=0.5000): [  735.0000,   735.0000], score = 0.00      <et=14.16>
SB phase 1 cand. 20 branch on EDGE[0,45] (lhs=0.5000) : [  735.0000,  1114.3530], score = 0.00      <et=14.18>
SB phase 1 cand. 21 branch on EDGE[0,48] (lhs=0.5000) : [  735.0000,   735.8567], score = 0.00      <et=14.19>
SB phase 1 cand. 22 branch on EDGE[29,45] (lhs=0.5000): [  735.0000,   736.0000], score = 0.00      <et=14.2>
SB phase 1 cand. 23 branch on EDGE[0,29] (lhs=0.5000) : [  735.0000,   736.0000], score = 0.00      <et=14.21>
SB phase 1 cand. 24 branch on EDGE[30,48] (lhs=0.5000): [  735.0000,   735.8571], score = 0.00      <et=14.22>
SB phase 1 cand. 25 branch on EDGE[0,68] (lhs=0.5000) : [  735.0000,   735.0000], score = 0.00      <et=14.22>
SB phase 1 cand. 26 branch on EDGE[1,43] (lhs=0.5000) : [  735.0000,   735.6667], score = 0.00      <et=14.23>
SB phase 1 cand. 27 branch on EDGE[2,62] (lhs=0.5000) : [  735.0000,   735.8571], score = 0.00      <et=14.24>
SB phase 1 cand. 28 branch on EDGE[21,28] (lhs=0.5000): [  735.0000,   901.2063], score = 0.00      <et=14.26>
SB phase 1 cand. 29 branch on EDGE[22,61] (lhs=0.5000): [  735.0000,   735.0000], score = 0.00      <et=14.26>
SB phase 1 cand. 30 branch on EDGE[22,62] (lhs=0.5000): [  735.0000,   735.6667], score = 0.00      <et=14.27>
SB phase 1 cand. 31 branch on EDGE[28,74] (lhs=0.5000): [  735.0000,   737.0000], score = 0.00      <et=14.28>
SB phase 1 cand. 32 branch on EDGE[30,74] (lhs=0.5000): [  735.0000,   735.8571], score = 0.00      <et=14.3>
SB phase 1 cand. 33 branch on EDGE[41,64] (lhs=0.5000): [  735.0000,   736.5000], score = 0.00      <et=14.3>
SB phase 1 cand. 34 branch on EDGE[51,63] (lhs=0.5000): [  735.0000,   736.5000], score = 0.00      <et=14.31>
SB phase 1 cand. 35 branch on EDGE[0,4] (lhs=0.5000)  : [  735.0000,   735.6667], score = 0.00      <et=14.32>
SB phase 1 cand. 36 branch on EDGE[0,46] (lhs=0.5000) : [  735.0000,   923.8674], score = 0.00      <et=14.34>
SB phase 1 cand. 37 branch on EDGE[4,34] (lhs=0.5000) : [  735.0000,   821.0943], score = 0.00      <et=14.36>
SB phase 1 cand. 38 branch on EDGE[4,45] (lhs=0.5000) : [  735.0000,  1114.3530], score = 0.00      <et=14.37>
SB phase 1 cand. 39 branch on EDGE[4,75] (lhs=0.5000) : [  735.0000,   735.6667], score = 0.00      <et=14.38>
SB phase 1 cand. 40 branch on EDGE[8,46] (lhs=0.5000) : [  735.0000,   736.0000], score = 0.00      <et=14.39>
SB phase 1 cand. 41 branch on EDGE[8,54] (lhs=0.5000) : [  735.0000,  1172.7192], score = 0.00      <et=14.4>
SB phase 1 cand. 42 branch on EDGE[13,27] (lhs=0.5000): [  735.0000,  1089.5147], score = 0.00      <et=14.42>
SB phase 1 cand. 43 branch on EDGE[14,53] (lhs=0.5000): [  735.0000,   737.0000], score = 0.00      <et=14.43>
SB phase 1 cand. 44 branch on EDGE[15,45] (lhs=0.5000): [  735.0000,   736.0000], score = 0.00      <et=14.44>
SB phase 1 cand. 45 branch on EDGE[19,54] (lhs=0.5000): [  735.0000,   844.5310], score = 0.00      <et=14.45>
SB phase 1 cand. 46 branch on EDGE[19,59] (lhs=0.5000): [  735.0000,   775.0857], score = 0.00      <et=14.47>
SB phase 1 cand. 47 branch on EDGE[34,46] (lhs=0.5000): [  735.0000,   923.8674], score = 0.00      <et=14.48>
SB phase 1 cand. 48 branch on EDGE[34,52] (lhs=0.5000): [  735.0000,   736.0000], score = 0.00      <et=14.49>
SB phase 1 cand. 49 branch on EDGE[34,67] (lhs=0.5000): [  735.0000,   735.6667], score = 0.00      <et=14.5>
SB phase 1 cand. 50 branch on EDGE[46,67] (lhs=0.5000): [  735.0000,   736.0000], score = 0.00      <et=14.51>
SB phase 1 cand. 51 branch on EDGE[0,8] (lhs=0.5000)  : [  735.0000,   736.0000], score = 0.00      <et=14.52>
SB phase 1 cand. 52 branch on EDGE[0,52] (lhs=0.5000) : [  735.0000,   812.0655], score = 0.00      <et=14.54>
SB phase 1 cand. 53 branch on EDGE[8,19] (lhs=0.5000) : [  735.0000,   830.7495], score = 0.00      <et=14.55>
SB phase 1 cand. 54 branch on EDGE[11,53] (lhs=0.5000): [  735.0000,   737.0000], score = 0.00      <et=14.56>
SB phase 1 cand. 55 branch on EDGE[13,54] (lhs=0.5000): [  735.0000,  1176.0600], score = 0.00      <et=14.58>
SB phase 1 cand. 56 branch on EDGE[14,19] (lhs=0.5000): [  735.0000,   892.1691], score = 0.00      <et=14.59>
SB phase 1 cand. 57 branch on EDGE[15,27] (lhs=0.5000): [  735.0000,   735.8129], score = 0.00      <et=14.61>
SB phase 1 cand. 58 branch on EDGE[26,38] (lhs=0.5000): [  735.0000,   974.2745], score = 0.00      <et=14.62>
SB phase 1 cand. 59 branch on EDGE[54,59] (lhs=0.5000): [  735.0000,   939.9382], score = 0.00      <et=14.64>
SB phase 1 cand. 60 branch on EDGE[0,11] (lhs=0.5000) : [  735.0000,   737.0000], score = 0.00      <et=14.65>
SB phase 1 cand. 61 branch on EDGE[10,38] (lhs=0.5000): [  735.0000,   736.0000], score = 0.00      <et=14.66>
SB phase 1 cand. 62 branch on EDGE[26,58] (lhs=0.5000): [  735.0000,  1068.5762], score = 0.00      <et=14.68>
**** Strong branching phase 2 is started *****
# Artificial variables in the solution : decreasing phase of stage 
# Artificial variables in the solution : decreasing phase of stage 
#    TT = 0.000114, performed by inspection with 214 solutions, nbR1C = 39, nbDiscC = 0
    TT = 9.4e-05, performed by inspection with 214 solutions, nbR1C = 39, nbDiscC = 0
Dynamic params and stats :  aver.obdmd = 45.974 aver.buck.num. = 48 nbR1C = 39 with avMem = 0.564103
<DWph=0> <it=  3> <et=14.69> <Mt= 0.01> <Spt= 0.01> <nCl=  0> <al=0.00> <DB= 1176.0600> <Mlp= 1176.0600> <PB=735.1> 
<DWph=2> <it=  1> <et=14.70> <Mt= 0.00> <Spt= 0.00> <nCl=  0> <al=0.50> <DB=  735.0000> <Mlp=  735.0000> <PB=735> 
<DWph=1> <it=  1> <et=14.70> <Mt= 0.00> <Spt= 0.00> <nCl=  0> <al=0.00> <DB=  735.0000> <Mlp=  735.0000> <PB=735> 
 SB phase 2 candidate 1 is conquered !
**** Strong branching phase 3 is started *****
**** SB phase 3 evaluation of candidate 1, branch 1 ( EDGE[13,54] <= 0 ), value = 1e+12
Branch is already conquered!
**** SB phase 3 evaluation of candidate 1, branch 2 ( EDGE[13,54] >= 1 ), value = 735
Branch is already conquered!
 SB phase 3 candidate 1 is conquered !
SB with phases chosed candidate EDGE[13,54] (lhs=0.5)
New model incumbent solution 735, TIME = 0h0m14s71t = 1471
************************************************************************************************
Search is finished, global bounds : [ 735 , 735 ], TIME = 0h0m14s71t = 1471
************************************************************************************************
735.0
[[53, 11, 66, 65, 38, 10, 58], [26, 7, 35, 14, 59, 19, 54, 13, 57, 15, 27], [63, 23, 56, 41, 43, 42, 64, 22, 1, 73, 33], [75, 30, 74, 21, 61, 28, 62, 2, 68], [45, 29, 5, 37, 20, 70, 60, 71, 69, 36, 47, 48], [12, 72, 31, 55, 25, 50, 18, 24, 49, 16, 6], [67, 34, 46, 8, 52, 4], [51, 3, 44, 32, 9, 39, 40, 17]]
Built-in heuristic is enabled
instance_name solver_name ext_heuristic solution_value solution_time best_lb root_lb root_time nb_branch_and_bound_nodes status
/home/logis/Downloads/VRPSolverEasy/VRPSolverEasy/demos/data/CVRP/E-n76-k8 CLP True 734.9999994537174 14.711463346 735.0 735.0 13.977835067000001 3 0

