Node memory for rank-1 cuts will be used (6.24339)
~~~~~~~~~~~~~~~~~~~~~~~~~~~~~~~~~~~~~~~~~~~~~~~~~~~~~~~~~~~~~~~~~~~~~~~~~~~~~~~~~~~~~
VRPSolver v0.5.27, 24/02/2023, © Inria Bordeaux, France, vrpsolver.math.u-bordeaux.fr
      Corresponds to the solver by Pessoa, Sadykov, Uchoa and Vanderbeck (2020)
                 Paper: dx.doi.org/10.1007/s10107-020-01523-z
~~~~~~~~~~~~~~~~~~~~~~~~~~~~~~~~~~~~~~~~~~~~~~~~~~~~~~~~~~~~~~~~~~~~~~~~~~~~~~~~~~~~~
   BaPCod v0.77, 15/03/2023, © Inria Bordeaux, France, bapcod.math.u-bordeaux.fr 
           THIS CODE IS PROVIDED AS IS, USE IT AT YOUR OWN RISK
~~~~~~~~~~~~~~~~~~~~~~~~~~~~~~~~~~~~~~~~~~~~~~~~~~~~~~~~~~~~~~~~~~~~~~~~~~~~~~~~~~~~~
Bucket steps were recalculated for graph G_1 : [5]
RCSP solver info : symmetric case is detected for graph G_1! 
Bidirectional border value is initialised to 60
RCSP solver info : number of forw. reachable buckets / buck. strongly connected components is 1416( 92.8525% ) / 1416( 100% )
Generating neighbourhoods for rank-1 cuts separation
Building structures for 4- and 5-row rank-1 packing cut separation...done!
Model is built TIME = 0h0m0s2t = 2
************************************************************************************************
**** BaB tree root node
**** Local DB = -1e+12, global bounds : [ -1e+12 , 758.1 ], TIME = 0h0m0s2t = 2
**** 1 open nodes, 0 columns (0 active), 0 dyn. constrs. (0 active), 120 art. vars. (120 active)
************************************************************************************************
#<DWph=2> <it=  1> <et=0.02> <Mt= 0.00> <Spt= 0.00> <nCl= 30> <al=0.00> <DB=-2038301.0400> <Mlp=116444.1600> <PB=758.1> 
#<DWph=2> <it=  2> <et=0.03> <Mt= 0.00> <Spt= 0.00> <nCl= 30> <al=0.55> <DB=-1616707.7340> <Mlp=111713.6400> <PB=758.1> 
#<DWph=2> <it=  3> <et=0.03> <Mt= 0.00> <Spt= 0.01> <nCl= 30> <al=0.45> <DB=-1295977.2854> <Mlp=109565.7690> <PB=758.1> 
#<DWph=2> <it=  4> <et=0.04> <Mt= 0.00> <Spt= 0.00> <nCl= 30> <al=0.51> <DB=-982304.6158> <Mlp=105312.9778> <PB=758.1> 
#<DWph=2> <it=  5> <et=0.04> <Mt= 0.00> <Spt= 0.00> <nCl= 30> <al=0.55> <DB=-888696.7620> <Mlp=98700.1298> <PB=758.1> 
#<DWph=2> <it=  6> <et=0.04> <Mt= 0.00> <Spt= 0.01> <nCl= 30> <al=0.60> <DB=-824069.6246> <Mlp=90367.1405> <PB=758.1> 
#<DWph=2> <it=  7> <et=0.05> <Mt= 0.00> <Spt= 0.00> <nCl= 30> <al=0.50> <DB=-779612.9983> <Mlp=86807.6349> <PB=758.1> 
#<DWph=2> <it=  8> <et=0.05> <Mt= 0.00> <Spt= 0.00> <nCl= 30> <al=0.55> <DB=-725121.9961> <Mlp=74545.1767> <PB=758.1> 
#<DWph=2> <it=  9> <et=0.06> <Mt= 0.00> <Spt= 0.01> <nCl= 30> <al=0.59> <DB=-650668.8176> <Mlp=71554.4882> <PB=758.1> 
#<DWph=2> <it= 10> <et=0.06> <Mt= 0.00> <Spt= 0.00> <nCl= 30> <al=0.63> <DB=-605232.7051> <Mlp=60621.5720> <PB=758.1> 
#<DWph=2> <it= 11> <et=0.06> <Mt= 0.00> <Spt= 0.00> <nCl= 30> <al=0.53> <DB=-595373.1124> <Mlp=52052.7734> <PB=758.1> 
#<DWph=2> <it= 12> <et=0.07> <Mt= 0.00> <Spt= 0.01> <nCl= 30> <al=0.58> <DB=-510711.0492> <Mlp=40766.2715> <PB=758.1> 
#<DWph=2> <it= 13> <et=0.07> <Mt= 0.00> <Spt= 0.00> <nCl= 30> <al=0.48> <DB=-415163.7575> <Mlp=25401.4333> <PB=758.1> 
#<DWph=2> <it= 14> <et=0.08> <Mt= 0.00> <Spt= 0.01> <nCl= 30> <al=0.38> <DB=-419383.1827> <Mlp=12195.4025> <PB=758.1> 
#<DWph=2> <it= 15> <et=0.08> <Mt= 0.00> <Spt= 0.00> <nCl= 30> <al=0.44> <DB=-162960.2747> <Mlp= 1655.2424> <PB=758.1> 
#<DWph=2> <it= 16> <et=0.09> <Mt= 0.01> <Spt= 0.00> <nCl= 30> <al=0.34> <DB=-27380.5614> <Mlp= 1621.7224> <PB=758.1> 
#<DWph=2> <it= 17> <et=0.09> <Mt= 0.00> <Spt= 0.00> <nCl= 30> <al=0.24> <DB=-5317.6665> <Mlp= 1547.7680> <PB=758.1> 
<DWph=2> <it= 18> <et=0.09> <Mt= 0.00> <Spt= 0.00> <nCl= 16> <al=0.32> <DB= -840.4537> <Mlp= 1184.7320> <PB=758.1> 
<DWph=2> <it= 19> <et=0.10> <Mt= 0.00> <Spt= 0.01> <nCl= 30> <al=0.22> <DB=-3733.8790> <Mlp= 1155.9998> <PB=758.1> 
<DWph=2> <it= 20> <et=0.10> <Mt= 0.00> <Spt= 0.00> <nCl= 30> <al=0.30> <DB=-3133.3242> <Mlp= 1128.0789> <PB=758.1> 
<DWph=2> <it= 21> <et=0.11> <Mt= 0.00> <Spt= 0.00> <nCl= 30> <al=0.37> <DB=-1089.2170> <Mlp= 1074.1531> <PB=758.1> 
<DWph=2> <it= 22> <et=0.11> <Mt= 0.00> <Spt= 0.01> <nCl= 25> <al=0.43> <DB=  159.9747> <Mlp= 1030.6835> <PB=758.1> 
<DWph=2> <it= 23> <et=0.11> <Mt= 0.00> <Spt= 0.00> <nCl= 30> <al=0.49> <DB=-1673.2761> <Mlp= 1013.1212> <PB=758.1> 
<DWph=2> <it= 24> <et=0.12> <Mt= 0.00> <Spt= 0.00> <nCl= 30> <al=0.54> <DB= -102.6046> <Mlp=  993.7817> <PB=758.1> 
<DWph=2> <it= 25> <et=0.12> <Mt= 0.01> <Spt= 0.00> <nCl= 30> <al=0.58> <DB=  110.9917> <Mlp=  931.8518> <PB=758.1> 
<DWph=2> <it= 26> <et=0.13> <Mt= 0.00> <Spt= 0.01> <nCl= 25> <al=0.63> <DB=  503.2088> <Mlp=  901.0574> <PB=758.1> 
<DWph=2> <it= 27> <et=0.13> <Mt= 0.00> <Spt= 0.00> <nCl= 30> <al=0.66> <DB=  256.6923> <Mlp=  894.9855> <PB=758.1> 
<DWph=2> <it= 28> <et=0.14> <Mt= 0.00> <Spt= 0.00> <nCl= 26> <al=0.70> <DB=  553.7688> <Mlp=  857.0992> <PB=758.1> 
<DWph=2> <it= 29> <et=0.14> <Mt= 0.00> <Spt= 0.01> <nCl= 30> <al=0.73> <DB=  327.2307> <Mlp=  843.9079> <PB=758.1> 
<DWph=2> <it= 30> <et=0.14> <Mt= 0.00> <Spt= 0.00> <nCl= 21> <al=0.75> <DB=  661.0091> <Mlp=  815.2948> <PB=758.1> 
<DWph=2> <it= 31> <et=0.15> <Mt= 0.00> <Spt= 0.00> <nCl= 30> <al=0.65> <DB=  599.0833> <Mlp=  811.3121> <PB=758.1> 
<DWph=2> <it= 32> <et=0.15> <Mt= 0.01> <Spt= 0.01> <nCl= 24> <al=0.69> <DB=  652.1397> <Mlp=  783.7923> <PB=758.1> 
<DWph=2> <it= 33> <et=0.16> <Mt= 0.00> <Spt= 0.00> <nCl= 22> <al=0.72> <DB=  693.6573> <Mlp=  767.7967> <PB=758.1> 
<DWph=2> <it= 34> <et=0.16> <Mt= 0.00> <Spt= 0.00> <nCl= 30> <al=0.62> <DB=  659.1391> <Mlp=  761.8025> <PB=758.1> 
<DWph=2> <it= 35> <et=0.17> <Mt= 0.00> <Spt= 0.01> <nCl= 17> <al=0.66> <DB=  684.2937> <Mlp=  751.7342> <PB=758.1> 
<DWph=2> <it= 36> <et=0.17> <Mt= 0.00> <Spt= 0.00> <nCl= 14> <al=0.69> <DB=  710.1120> <Mlp=  747.1796> <PB=758.1> 
<DWph=2> <it= 37> <et=0.18> <Mt= 0.00> <Spt= 0.00> <nCl= 14> <al=0.59> <DB=  714.9652> <Mlp=  744.6860> <PB=758.1> 
<DWph=2> <it= 38> <et=0.18> <Mt= 0.00> <Spt= 0.01> <nCl= 17> <al=0.63> <DB=  708.8726> <Mlp=  743.1856> <PB=758.1> 
<DWph=2> <it= 39> <et=0.18> <Mt= 0.00> <Spt= 0.00> <nCl=  6> <al=0.67> <DB=  725.5706> <Mlp=  741.3734> <PB=758.1> 
<DWph=2> <it= 40> <et=0.19> <Mt= 0.00> <Spt= 0.00> <nCl= 11> <al=0.57> <DB=  726.9345> <Mlp=  741.2071> <PB=758.1> 
<DWph=2> <it= 41> <et=0.19> <Mt= 0.00> <Spt= 0.00> <nCl=  6> <al=0.61> <DB=  721.1705> <Mlp=  740.3975> <PB=758.1> 
<DWph=2> <it= 42> <et=0.20> <Mt= 0.00> <Spt= 0.01> <nCl=  5> <al=0.65> <DB=  731.3100> <Mlp=  739.4962> <PB=758.1> 
<DWph=2> <it= 43> <et=0.20> <Mt= 0.01> <Spt= 0.00> <nCl=  6> <al=0.55> <DB=  722.3420> <Mlp=  739.2951> <PB=758.1> 
<DWph=2> <it= 44> <et=0.21> <Mt= 0.00> <Spt= 0.01> <nCl=  7> <al=0.19> <DB=  735.4848> <Mlp=  739.0139> <PB=758.1> 
<DWph=2> <it= 45> <et=0.21> <Mt= 0.00> <Spt= 0.00> <nCl=  1> <al=0.50> <DB=  727.3621> <Mlp=  738.9998> <PB=758.1> 
<DWph=2> <it= 46> <et=0.21> <Mt= 0.00> <Spt= 0.00> <nCl=  2> <al=0.55> <DB=  734.6221> <Mlp=  738.9086> <PB=758.1> 
<DWph=2> <it= 47> <et=0.22> <Mt= 0.00> <Spt= 0.01> <nCl=  6> <al=0.00> <DB=  715.3665> <Mlp=  738.8893> <PB=758.1> 
<DWph=2> <it= 48> <et=0.22> <Mt= 0.00> <Spt= 0.00> <nCl=  4> <al=0.35> <DB=  737.8671> <Mlp=  738.6270> <PB=758.1> 
<DWph=2> <it= 49> <et=0.23> <Mt= 0.00> <Spt= 0.00> <nCl=  1> <al=0.41> <DB=  737.9349> <Mlp=  738.6242> <PB=758.1> 
<DWph=2> <it= 50> <et=0.23> <Mt= 0.00> <Spt= 0.01> <nCl=  2> <al=0.00> <DB=  738.6242> <Mlp=  738.6242> <PB=758.1> 
<DWph=1> <it= 51> <et=0.24> <Mt= 0.00> <Spt= 0.01> <nCl= 17> <al=0.37> <DB=  700.7679> <Mlp=  738.6242> <PB=758.1> 
<DWph=1> <it= 52> <et=0.25> <Mt= 0.00> <Spt= 0.00> <nCl= 13> <al=0.37> <DB=  723.6353> <Mlp=  737.1207> <PB=758.1> 
<DWph=1> <it= 53> <et=0.25> <Mt= 0.00> <Spt= 0.01> <nCl=  5> <al=0.27> <DB=  733.2432> <Mlp=  736.8141> <PB=758.1> 
<DWph=1> <it= 54> <et=0.26> <Mt= 0.00> <Spt= 0.00> <nCl=  4> <al=0.17> <DB=  735.7135> <Mlp=  736.8130> <PB=758.1> 
<DWph=1> <it= 55> <et=0.27> <Mt= 0.00> <Spt= 0.02> <nCl=  5> <al=0.00> <DB=  736.8073> <Mlp=  736.8073> <PB=758.1> 
    RCSP exact solver info for graph G_1 : TT = 0.007589, pt = 1.1e-05, dt = 0.006267, ct = 0.000993, ndl = 1', bdl = 33', odl = 2', odf = 14', bsi = 1', cnt = 3', bdch = 216', odch = 15', lcp = 11', #sols = 150
<DWph=0> <it= 56> <et=0.28> <Mt= 0.00> <Spt= 0.00> <nCl= 50> <al=0.15> <DB=  723.6494> <Mlp=  736.8073> <PB=758.1> 
    RCSP exact solver info for graph G_1 : TT = 0.006477, pt = 8.7e-05, dt = 0.004915, ct = 0.001012, ndl = 1', bdl = 33', odl = 2', odf = 14', bsi = 1', cnt = 3', bdch = 222', odch = 16', lcp = 11', #sols = 150
<DWph=0> <it= 57> <et=0.29> <Mt= 0.00> <Spt= 0.01> <nCl=  9> <al=0.05> <DB=  727.4063> <Mlp=  736.7962> <PB=758.1> 
    RCSP exact solver info for graph G_1 : TT = 0.005731, pt = 2.5e-05, dt = 0.004454, ct = 0.000983, ndl = 1', bdl = 33', odl = 2', odf = 14', bsi = 1', cnt = 3', bdch = 220', odch = 15', lcp = 11', #sols = 150
    RCSP exact solver info for graph G_1 : TT = 0.005634, pt = 2.1e-05, dt = 0.004378, ct = 0.00097, ndl = 1', bdl = 33', odl = 2', odf = 14', bsi = 1', cnt = 3', bdch = 219', odch = 15', lcp = 11', #sols = 150
<DWph=0> <it= 58> <et=0.31> <Mt= 0.01> <Spt= 0.02> <nCl=  8> <al=0.00> <DB=  736.7336> <Mlp=  736.7336> <PB=758.1> 
Dynamic params and stats :  aver.obdmd = 22.2295 aver.buck.num. = 25
@@ 1 0 736.734 0.005993 0.00726 81.9225 0.31
Labels distribution in buckets (bucket size) : largest - 23, top 0.1% - 23, top 0.5% - 16, top 2% - 14, top 10% - 7, top 50% - 1
Reduced cost fixing for graph G_1... 25675 buck. arcs remain (38.2% from prev., 31.3% from max.) + 5391 jump buck. arcs (6.57% from max.)
 TT = 0.032722, pt = 0.003406, dt = 0.01186, ct = 0.017331, ndl = 8', bdl = 108', odl = 4', odf = 42', lpcb = 233', cnt = 120', bdch = 1011', odch = 125', lcp = 86'
Labels distribution in buckets (bucket size) : largest - 23, top 0.1% - 23, top 0.5% - 20, top 2% - 16, top 10% - 9, top 50% - 1
Run forward enumeration with border = 60... succeeded! lpt = 0.109067, ndl = 23', dl = 34', lpcb = 502', dch = 635'
Run enumeration concatenation with time limit 0.3 sec.... succeeded!
Sorting and storing enumerated solutions ... done!
 TT = 0.613538, pt = 0.001998, dt = 0.109067, ct = 0.217434, ndl = 23', bdl = 34', lpcb = 502', cnt = 369', bdch = 635', odch = 0', lcp = 0'
Enumeration succeeded!, number of elem. solutions is 149932
Estimating inspection time...     TT = 0.008931, performed by inspection with 149932 solutions, nbR1C = 0, nbDiscC = 0
Inspection time is low enough. Pricing will be done by inspection.
Added 527 columns in the formulation 
Removed 672 columns (not in the enumerated set) from the formulation
Regenerated 527 columns with the 'enumerated' flag
<DWph=2> <it= 59> <et=0.98> <Mt= 0.00> <Spt= 0.00> <nCl=  0> <al=0.00> <DB=  737.5844> <Mlp=  737.5844> <PB=758.1> 
<DWph=1> <it= 60> <et=0.98> <Mt= 0.00> <Spt= 0.00> <nCl=  0> <al=0.00> <DB=  737.5844> <Mlp=  737.5844> <PB=758.1> 
    TT = 0.005577, performed by inspection with 149932 solutions, nbR1C = 0, nbDiscC = 0
<DWph=0> <it= 61> <et=0.99> <Mt= 0.00> <Spt= 0.01> <nCl=150> <al=0.30> <DB=  584.3164> <Mlp=  737.5844> <PB=758.1> 
    TT = 0.005378, performed by inspection with 149932 solutions, nbR1C = 0, nbDiscC = 0
<DWph=0> <it= 62> <et=0.99> <Mt= 0.00> <Spt= 0.00> <nCl= 41> <al=0.37> <DB=  705.5327> <Mlp=  737.5844> <PB=758.1> 
    TT = 0.005303, performed by inspection with 149932 solutions, nbR1C = 0, nbDiscC = 0
    TT = 0.005261, performed by inspection with 149932 solutions, nbR1C = 0, nbDiscC = 0
<DWph=0> <it= 63> <et=1.01> <Mt= 0.00> <Spt= 0.02> <nCl= 33> <al=0.00> <DB=  737.5561> <Mlp=  737.5561> <PB=758.1> 
Dynamic params and stats :  aver.obdmd = 22.2295 aver.buck.num. = 25
@@ 1 0 737.556 0.00537975 0.005577 0 1.01
Reduced cost fixing for graph G_1...  took 0.01 sec., done by inspection with 149932 solutions, remains 121729 (81.2%)
Removed 5 columns (not in the enumerated set) from the formulation
    Full reduced cost fixing is not called (gap ratio is 0.961324)
ColGenEvalAlg final dual bound: 737.556 (rounded: 738)
Shrinking heuristic shrunk 5 edges
In total 13 RCC cut(s) are found by the Fractional capacity min-cut heuristic 
In total 29 RCC cut(s) are found by the greedy construction heuristic 
----- Add fac. cuts : CAP(42), max.viol = 0.338086, aver.viol = 0.125601, sep/add took 0.0133712/0.01082 sec. -----
746 columns (746 active), 42 dyn. constrs. (42 active), 162 art. vars. (162 active)
<DWph=2> <it=  1> <et=1.08> <Mt= 0.00> <Spt= 0.00> <nCl=  0> <al=0.00> <DB=  739.5348> <Mlp=  739.5348> <PB=758.1> 
<DWph=1> <it=  2> <et=1.08> <Mt= 0.00> <Spt= 0.00> <nCl=  0> <al=0.00> <DB=  739.5348> <Mlp=  739.5348> <PB=758.1> 
    TT = 0.00456, performed by inspection with 121729 solutions, nbR1C = 0, nbDiscC = 0
<DWph=0> <it=  3> <et=1.08> <Mt= 0.00> <Spt= 0.01> <nCl= 72> <al=0.30> <DB=  706.1326> <Mlp=  739.5348> <PB=758.1> 
    TT = 0.004409, performed by inspection with 121729 solutions, nbR1C = 0, nbDiscC = 0
<DWph=0> <it=  4> <et=1.09> <Mt= 0.01> <Spt= 0.00> <nCl=  6> <al=0.20> <DB=  732.7202> <Mlp=  739.3671> <PB=758.1> 
    TT = 0.004302, performed by inspection with 121729 solutions, nbR1C = 0, nbDiscC = 0
    TT = 0.004219, performed by inspection with 121729 solutions, nbR1C = 0, nbDiscC = 0
<DWph=0> <it=  5> <et=1.11> <Mt= 0.00> <Spt= 0.01> <nCl=  3> <al=0.00> <DB=  739.3661> <Mlp=  739.3661> <PB=758.1> 
Dynamic params and stats :  aver.obdmd = 22.2295 aver.buck.num. = 25
@@ 1 1 739.366 0.0043725 0.00456 0 1.11
Reduced cost fixing for graph G_1...  took 0 sec., done by inspection with 121729 solutions, remains 98931 (81.3%)
Removed 6 columns (not in the enumerated set) from the formulation
ColGenEvalAlg final dual bound: 739.366 (rounded: 740)
Gap improvement since the last cut separation : 0.0881056 (737.556)
Current active cuts : CAP(9,52.6619)
Shrinking heuristic shrunk 8 edges
In total 2 RCC cut(s) are found by the Fractional capacity min-cut heuristic 
In total 4 RCC cut(s) are found by the greedy construction heuristic 
----- Add fac. cuts : CAP(6), max.viol = 0.369492, aver.viol = 0.113559, sep/add took 0.0118035/0.00184227 sec. -----
827 columns (821 active), 48 dyn. constrs. (15 active), 168 art. vars. (135 active)
<DWph=2> <it=  1> <et=1.17> <Mt= 0.00> <Spt= 0.01> <nCl=  0> <al=0.00> <DB=  739.6602> <Mlp=  739.6602> <PB=758.1> 
<DWph=1> <it=  2> <et=1.17> <Mt= 0.00> <Spt= 0.00> <nCl=  0> <al=0.00> <DB=  739.6602> <Mlp=  739.6602> <PB=758.1> 
    TT = 0.00367, performed by inspection with 98931 solutions, nbR1C = 0, nbDiscC = 0
    TT = 0.003549, performed by inspection with 98931 solutions, nbR1C = 0, nbDiscC = 0
<DWph=0> <it=  3> <et=1.18> <Mt= 0.00> <Spt= 0.01> <nCl=  5> <al=0.00> <DB=  739.6602> <Mlp=  739.6602> <PB=758.1> 
Dynamic params and stats :  aver.obdmd = 22.2295 aver.buck.num. = 25
@@ 1 2 739.66 0.0036095 0.00367 0 1.18
Reduced cost fixing for graph G_1...  took 0 sec., done by inspection with 98931 solutions, remains 93863 (94.9%)
    Full reduced cost fixing is not called (gap ratio is 0.984218)
ColGenEvalAlg final dual bound: 739.66 (rounded: 740)
Gap improvement since the last cut separation : 0.0156977 (739.366)
Cut generation tailing off counter increased to 1
Current active cuts : CAP(11,47.9602)
In total 1 RCC cut(s) are found by the connected components heuristic 
Shrinking heuristic shrunk 8 edges
----- Add fac. cuts : CAP(1), max.viol = 0.122955, aver.viol = 0.122955, sep/add took 0.0112884/0.000279542 sec. -----
832 columns (826 active), 16 dyn. constrs. (12 active), 169 art. vars. (132 active)
<DWph=2> <it=  1> <et=1.24> <Mt= 0.00> <Spt= 0.00> <nCl=  0> <al=0.00> <DB=  739.6719> <Mlp=  739.6719> <PB=758.1> 
<DWph=1> <it=  2> <et=1.24> <Mt= 0.00> <Spt= 0.00> <nCl=  0> <al=0.00> <DB=  739.6719> <Mlp=  739.6719> <PB=758.1> 
    TT = 0.003512, performed by inspection with 93863 solutions, nbR1C = 0, nbDiscC = 0
    TT = 0.003398, performed by inspection with 93863 solutions, nbR1C = 0, nbDiscC = 0
<DWph=0> <it=  3> <et=1.25> <Mt= 0.00> <Spt= 0.01> <nCl=  1> <al=0.00> <DB=  739.6719> <Mlp=  739.6719> <PB=758.1> 
Dynamic params and stats :  aver.obdmd = 22.2295 aver.buck.num. = 25
@@ 1 3 739.672 0.003455 0.003512 0 1.25
Reduced cost fixing for graph G_1...  took 0 sec., done by inspection with 93863 solutions, remains 92479 (98.5%)
Removed 2 columns (not in the enumerated set) from the formulation
    Full reduced cost fixing is not called (gap ratio is 0.983589)
ColGenEvalAlg final dual bound: 739.672 (rounded: 740)
Gap improvement since the last cut separation : 0.000635466 (739.66)
Cut generation tailing off counter increased to 2
Current active cuts : CAP(12,42.4294)
Shrinking heuristic shrunk 7 edges
In total 1 RCC cut(s) are found by the greedy construction heuristic 
----- Add fac. cuts : CAP(1), max.viol = 0.113602, aver.viol = 0.113602, sep/add took 0.0116223/0.000504431 sec. -----
827 columns (825 active), 13 dyn. constrs. (13 active), 170 art. vars. (133 active)
<DWph=2> <it=  1> <et=1.30> <Mt= 0.00> <Spt= 0.00> <nCl=  0> <al=0.00> <DB=  739.6825> <Mlp=  739.6825> <PB=758.1> 
<DWph=1> <it=  2> <et=1.31> <Mt= 0.00> <Spt= 0.00> <nCl=  0> <al=0.00> <DB=  739.6825> <Mlp=  739.6825> <PB=758.1> 
    TT = 0.003498, performed by inspection with 92479 solutions, nbR1C = 0, nbDiscC = 0
    TT = 0.00339, performed by inspection with 92479 solutions, nbR1C = 0, nbDiscC = 0
<DWph=0> <it=  3> <et=1.32> <Mt= 0.00> <Spt= 0.01> <nCl=  0> <al=0.00> <DB=  739.6825> <Mlp=  739.6825> <PB=758.1> 
Dynamic params and stats :  aver.obdmd = 22.2295 aver.buck.num. = 25
@@ 1 4 739.683 0.003444 0.003498 0 1.32
Reduced cost fixing for graph G_1...  took 0 sec., done by inspection with 92479 solutions, remains 92253 (99.8%)
    Full reduced cost fixing is not called (gap ratio is 0.983019)
ColGenEvalAlg final dual bound: 739.683 (rounded: 740)
Gap improvement since the last cut separation : 0.000576629 (739.672)
----- Cut separators priority level decreased to 1-----
Current active cuts : CAP(12,47.065)
Shrinking heuristic shrunk 7 edges
136 Rank-1 3-rows pack. cuts added ,  max viol. = 0.370774, aver. viol. = 0.123763
Building structures for heuristic rank-1 packing cut separation...done!
100 Rank-1 4-rows pack. cuts added ,  max viol. = 0.492775, aver. viol. = 0.224373
----- Add fac. cuts : R1C(236), max.viol = 0.492775, aver.viol = 0.166394, sep/add took 0.0450041/0.0287204 sec. -----
827 columns (825 active), 249 dyn. constrs. (248 active), 406 art. vars. (368 active)
<DWph=2> <it=  1> <et=1.44> <Mt= 0.01> <Spt= 0.00> <nCl=  0> <al=0.00> <DB=  743.8333> <Mlp=  743.8333> <PB=758.1> 
<DWph=1> <it=  2> <et=1.44> <Mt= 0.00> <Spt= 0.00> <nCl=  0> <al=0.00> <DB=  743.8333> <Mlp=  743.8333> <PB=758.1> 
    TT = 0.009682, performed by inspection with 92253 solutions, nbR1C = 40, nbDiscC = 0
<DWph=0> <it=  3> <et=1.46> <Mt= 0.00> <Spt= 0.02> <nCl=150> <al=0.30> <DB=  684.9444> <Mlp=  743.8333> <PB=758.1> 
    TT = 0.012157, performed by inspection with 92253 solutions, nbR1C = 69, nbDiscC = 0
<DWph=0> <it=  4> <et=1.48> <Mt= 0.01> <Spt= 0.02> <nCl= 15> <al=0.37> <DB=  724.2350> <Mlp=  743.1724> <PB=758.1> 
    TT = 0.013259, performed by inspection with 92253 solutions, nbR1C = 82, nbDiscC = 0
<DWph=0> <it=  5> <et=1.51> <Mt= 0.01> <Spt= 0.01> <nCl=  6> <al=0.27> <DB=  737.8959> <Mlp=  742.9655> <PB=758.1> 
    TT = 0.013486, performed by inspection with 92253 solutions, nbR1C = 85, nbDiscC = 0
<DWph=0> <it=  6> <et=1.52> <Mt= 0.00> <Spt= 0.02> <nCl=  1> <al=0.34> <DB=  741.2266> <Mlp=  742.9655> <PB=758.1> 
    TT = 0.013451, performed by inspection with 92253 solutions, nbR1C = 85, nbDiscC = 0
    TT = 0.010114, performed by inspection with 92253 solutions, nbR1C = 48, nbDiscC = 0
<DWph=0> <it=  7> <et=1.55> <Mt= 0.00> <Spt= 0.03> <nCl=  2> <al=0.00> <DB=  742.9655> <Mlp=  742.9655> <PB=758.1> 
Dynamic params and stats :  aver.obdmd = 22.2295 aver.buck.num. = 25 nbR1C = 48 with avMem = 0
@@ 1 5 742.966 0.0120248 0.013486 0 1.55
Reduced cost fixing for graph G_1...  took 0.01 sec., done by inspection with 92253 solutions, remains 62908 (68.2%)
Removed 18 columns (not in the enumerated set) from the formulation
ColGenEvalAlg final dual bound: 742.966 (rounded: 743)
Gap improvement since the last cut separation : 0.178254 (739.683)
Current active cuts : CAP(4,26.1528) R1C(48,40.9264) 3rowPackR1C(38) 4rowPackR1C(10)
Shrinking heuristic shrunk 13 edges
In total 2 RCC cut(s) are found by the Fractional capacity min-cut heuristic 
In total 2 RCC cut(s) are found by the greedy construction heuristic 
40 Rank-1 3-rows pack. cuts added ,  max viol. = 0.387931, aver. viol. = 0.150647
Building structures for heuristic rank-1 packing cut separation...done!
56 Rank-1 4-rows pack. cuts added ,  max viol. = 0.387931, aver. viol. = 0.159021
100 Rank-1 5-rows pack. cuts added ,  max viol. = 0.387931, aver. viol. = 0.266466
----- Add fac. cuts : CAP(4) R1C(196), max.viol = 0.387931, aver.viol = 0.252931, sep/add took 0.336793/0.0318397 sec. -----
999 columns (981 active), 448 dyn. constrs. (253 active), 606 art. vars. (373 active)
<DWph=2> <it=  1> <et=1.98> <Mt= 0.01> <Spt= 0.00> <nCl=  0> <al=0.00> <DB=  743.5491> <Mlp=  743.5491> <PB=758.1> 
<DWph=1> <it=  2> <et=1.98> <Mt= 0.00> <Spt= 0.00> <nCl=  0> <al=0.00> <DB=  743.5491> <Mlp=  743.5491> <PB=758.1> 
    TT = 0.008611, performed by inspection with 62908 solutions, nbR1C = 67, nbDiscC = 0
<DWph=0> <it=  3> <et=2.00> <Mt= 0.00> <Spt= 0.01> <nCl= 10> <al=0.30> <DB=  733.0921> <Mlp=  743.5491> <PB=758.1> 
    TT = 0.008555, performed by inspection with 62908 solutions, nbR1C = 69, nbDiscC = 0
    TT = 0.007665, performed by inspection with 62908 solutions, nbR1C = 57, nbDiscC = 0
<DWph=0> <it=  4> <et=2.02> <Mt= 0.01> <Spt= 0.02> <nCl=  2> <al=0.00> <DB=  743.5477> <Mlp=  743.5477> <PB=758.1> 
Dynamic params and stats :  aver.obdmd = 22.2295 aver.buck.num. = 25 nbR1C = 57 with avMem = 0
@@ 1 6 743.548 0.008277 0.008611 0 2.02
Reduced cost fixing for graph G_1...  took 0.01 sec., done by inspection with 62908 solutions, remains 55951 (88.9%)
    Full reduced cost fixing is not called (gap ratio is 0.961277)
ColGenEvalAlg final dual bound: 743.548 (rounded: 744)
Gap improvement since the last cut separation : 0.0384672 (742.966)
Current active cuts : CAP(5,15.1542) R1C(57,51.3611) 3rowPackR1C(33) 4rowPackR1C(16) 5rowPackR1C(8)
Shrinking heuristic shrunk 5 edges
In total 1 RCC cut(s) are found by the Fractional capacity min-cut heuristic 
In total 1 RCC cut(s) are found by the greedy construction heuristic 
53 Rank-1 3-rows pack. cuts added ,  max viol. = 0.111435, aver. viol. = 0.0562689
Building structures for heuristic rank-1 packing cut separation...done!
95 Rank-1 4-rows pack. cuts added ,  max viol. = 0.169163, aver. viol. = 0.0655248
100 Rank-1 5-rows pack. cuts added ,  max viol. = 0.199113, aver. viol. = 0.107516
----- Add fac. cuts : CAP(2) R1C(248), max.viol = 0.199113, aver.viol = 0.0801143, sep/add took 0.525606/0.0399644 sec. -----
1011 columns (993 active), 503 dyn. constrs. (314 active), 856 art. vars. (434 active)
<DWph=2> <it=  1> <et=2.64> <Mt= 0.01> <Spt= 0.00> <nCl=  0> <al=0.00> <DB=  743.8881> <Mlp=  743.8881> <PB=758.1> 
<DWph=1> <it=  2> <et=2.64> <Mt= 0.00> <Spt= 0.00> <nCl=  0> <al=0.00> <DB=  743.8881> <Mlp=  743.8881> <PB=758.1> 
    TT = 0.007824, performed by inspection with 55951 solutions, nbR1C = 69, nbDiscC = 0
<DWph=0> <it=  3> <et=2.65> <Mt= 0.00> <Spt= 0.01> <nCl=  7> <al=0.30> <DB=  740.4202> <Mlp=  743.8881> <PB=758.1> 
    TT = 0.007865, performed by inspection with 55951 solutions, nbR1C = 75, nbDiscC = 0
    TT = 0.007356, performed by inspection with 55951 solutions, nbR1C = 69, nbDiscC = 0
<DWph=0> <it=  4> <et=2.67> <Mt= 0.00> <Spt= 0.02> <nCl=  0> <al=0.00> <DB=  743.8840> <Mlp=  743.8840> <PB=758.1> 
Dynamic params and stats :  aver.obdmd = 22.2295 aver.buck.num. = 25 nbR1C = 69 with avMem = 0
@@ 1 7 743.884 0.00768167 0.007865 0 2.67
Reduced cost fixing for graph G_1...  took 0 sec., done by inspection with 55951 solutions, remains 52431 (93.7%)
Removed 2 columns (not in the enumerated set) from the formulation
    Full reduced cost fixing is not called (gap ratio is 0.938908)
ColGenEvalAlg final dual bound: 743.884 (rounded: 744)
Gap improvement since the last cut separation : 0.0231098 (743.548)
Current active cuts : CAP(4,15.2639) R1C(69,55.3664) 3rowPackR1C(28) 4rowPackR1C(27) 5rowPackR1C(14)
Shrinking heuristic shrunk 9 edges
In total 6 RCC cut(s) are found by the greedy construction heuristic 
19 Rank-1 3-rows pack. cuts added ,  max viol. = 0.0695599, aver. viol. = 0.0493121
Building structures for heuristic rank-1 packing cut separation...done!
27 Rank-1 4-rows pack. cuts added ,  max viol. = 0.0888258, aver. viol. = 0.0601261
100 Rank-1 5-rows pack. cuts added ,  max viol. = 0.0888258, aver. viol. = 0.0667248
----- Add fac. cuts : CAP(6) R1C(146), max.viol = 0.127358, aver.viol = 0.0673211, sep/add took 0.398515/0.0270261 sec. -----
1000 columns (998 active), 466 dyn. constrs. (225 active), 1008 art. vars. (345 active)
<DWph=2> <it=  1> <et=3.14> <Mt= 0.01> <Spt= 0.00> <nCl=  0> <al=0.50> <DB=  743.8840> <Mlp=  744.0000> <PB=744> 
ColGenEvalAlg final dual bound: 743.884 (rounded: 744)
Gap improvement since the last cut separation : 1 (743.884)
Current active cuts : CAP(4,18.3387) R1C(76,59.9392) 3rowPackR1C(29) 4rowPackR1C(26) 5rowPackR1C(21)
New model incumbent solution 744, TIME = 0h0m3s17t = 317
************************************************************************************************
Search is finished, global bounds : [ 744 , 744 ], TIME = 0h0m3s17t = 317
************************************************************************************************
Built-in heuristic is enabled
instance_name solver_name ext_heuristic solution_value solution_time best_lb root_lb root_time nb_branch_and_bound_nodes status
/home/logis/Downloads/VRPSolverEasy/VRPSolverEasy/demos/data/CVRP/P-n60-k10 CLP False 744.0 3.171866005 744.0 744.0 3.171005184 1 0

