Node memory for rank-1 cuts will be used (8)
~~~~~~~~~~~~~~~~~~~~~~~~~~~~~~~~~~~~~~~~~~~~~~~~~~~~~~~~~~~~~~~~~~~~~~~~~~~~~~~~~~~~~
VRPSolver v0.5.27, 24/02/2023, © Inria Bordeaux, France, vrpsolver.math.u-bordeaux.fr
      Corresponds to the solver by Pessoa, Sadykov, Uchoa and Vanderbeck (2020)
                 Paper: dx.doi.org/10.1007/s10107-020-01523-z
~~~~~~~~~~~~~~~~~~~~~~~~~~~~~~~~~~~~~~~~~~~~~~~~~~~~~~~~~~~~~~~~~~~~~~~~~~~~~~~~~~~~~
   BaPCod v0.77, 15/03/2023, © Inria Bordeaux, France, bapcod.math.u-bordeaux.fr 
           THIS CODE IS PROVIDED AS IS, USE IT AT YOUR OWN RISK
~~~~~~~~~~~~~~~~~~~~~~~~~~~~~~~~~~~~~~~~~~~~~~~~~~~~~~~~~~~~~~~~~~~~~~~~~~~~~~~~~~~~~
Bucket steps were recalculated for graph G_1 : [4]
RCSP solver info : symmetric case is detected for graph G_1! 
Bidirectional border value is initialised to 50
RCSP solver info : number of forw. reachable buckets / buck. strongly connected components is 973( 93.5577% ) / 648( 66.5982% )
Generating neighbourhoods for rank-1 cuts separation
Building structures for 4- and 5-row rank-1 packing cut separation...done!
Model is built TIME = 0h0m0s2t = 2
************************************************************************************************
**** BaB tree root node
**** Local DB = -1e+12, global bounds : [ -1e+12 , 826.1 ], TIME = 0h0m0s2t = 2
**** 1 open nodes, 0 columns (0 active), 0 dyn. constrs. (0 active), 78 art. vars. (78 active)
************************************************************************************************
#<DWph=2> <it=  1> <et=0.03> <Mt= 0.00> <Spt= 0.00> <nCl= 30> <al=0.00> <DB=-3697753.6800> <Mlp=80296.9200> <PB=826.1> 
#<DWph=2> <it=  2> <et=0.03> <Mt= 0.00> <Spt= 0.00> <nCl= 30> <al=0.55> <DB=-2514684.5160> <Mlp=76198.8667> <PB=826.1> 
#<DWph=2> <it=  3> <et=0.03> <Mt= 0.00> <Spt= 0.00> <nCl= 30> <al=0.45> <DB=-1904044.7984> <Mlp=74121.2615> <PB=826.1> 
#<DWph=2> <it=  4> <et=0.03> <Mt= 0.00> <Spt= 0.00> <nCl= 30> <al=0.51> <DB=-1846068.0881> <Mlp=64728.5386> <PB=826.1> 
#<DWph=2> <it=  5> <et=0.04> <Mt= 0.00> <Spt= 0.00> <nCl= 30> <al=0.55> <DB=-1605643.1311> <Mlp=60317.1259> <PB=826.1> 
#<DWph=2> <it=  6> <et=0.04> <Mt= 0.00> <Spt= 0.01> <nCl= 30> <al=0.60> <DB=-1507685.9284> <Mlp=57965.5687> <PB=826.1> 
#<DWph=2> <it=  7> <et=0.04> <Mt= 0.00> <Spt= 0.00> <nCl= 30> <al=0.64> <DB=-1110503.2820> <Mlp=57600.8903> <PB=826.1> 
#<DWph=2> <it=  8> <et=0.04> <Mt= 0.00> <Spt= 0.00> <nCl= 30> <al=0.54> <DB=-1220211.6826> <Mlp=56264.8123> <PB=826.1> 
#<DWph=2> <it=  9> <et=0.04> <Mt= 0.00> <Spt= 0.00> <nCl= 30> <al=0.59> <DB=-942111.5670> <Mlp=52642.3401> <PB=826.1> 
#<DWph=2> <it= 10> <et=0.05> <Mt= 0.00> <Spt= 0.00> <nCl= 30> <al=0.63> <DB=-1075691.9223> <Mlp=52345.4033> <PB=826.1> 
#<DWph=2> <it= 11> <et=0.05> <Mt= 0.00> <Spt= 0.01> <nCl= 30> <al=0.53> <DB=-1014189.6599> <Mlp=49021.0394> <PB=826.1> 
#<DWph=2> <it= 12> <et=0.05> <Mt= 0.00> <Spt= 0.00> <nCl= 30> <al=0.57> <DB=-850117.3069> <Mlp=47924.3052> <PB=826.1> 
#<DWph=2> <it= 13> <et=0.05> <Mt= 0.00> <Spt= 0.00> <nCl= 30> <al=0.47> <DB=-724804.8757> <Mlp=46881.6132> <PB=826.1> 
#<DWph=2> <it= 14> <et=0.05> <Mt= 0.00> <Spt= 0.00> <nCl= 30> <al=0.37> <DB=-1141675.1844> <Mlp=42704.7294> <PB=826.1> 
#<DWph=2> <it= 15> <et=0.06> <Mt= 0.00> <Spt= 0.00> <nCl= 30> <al=0.44> <DB=-663352.4658> <Mlp=42352.7788> <PB=826.1> 
#<DWph=2> <it= 16> <et=0.06> <Mt= 0.00> <Spt= 0.01> <nCl= 30> <al=0.49> <DB=-524189.0378> <Mlp=41705.4874> <PB=826.1> 
#<DWph=2> <it= 17> <et=0.06> <Mt= 0.00> <Spt= 0.00> <nCl= 30> <al=0.39> <DB=-439440.7731> <Mlp=35538.6424> <PB=826.1> 
#<DWph=2> <it= 18> <et=0.06> <Mt= 0.00> <Spt= 0.00> <nCl= 30> <al=0.29> <DB=-433567.5578> <Mlp=25273.2133> <PB=826.1> 
#<DWph=2> <it= 19> <et=0.07> <Mt= 0.00> <Spt= 0.00> <nCl= 30> <al=0.36> <DB=-360980.0091> <Mlp=24935.7856> <PB=826.1> 
#<DWph=2> <it= 20> <et=0.07> <Mt= 0.00> <Spt= 0.00> <nCl= 30> <al=0.43> <DB=-781134.1818> <Mlp=19260.0952> <PB=826.1> 
#<DWph=2> <it= 21> <et=0.07> <Mt= 0.00> <Spt= 0.00> <nCl= 30> <al=0.48> <DB=-354192.1624> <Mlp=18045.0956> <PB=826.1> 
#<DWph=2> <it= 22> <et=0.07> <Mt= 0.00> <Spt= 0.01> <nCl= 30> <al=0.54> <DB=-325240.3051> <Mlp=15431.1114> <PB=826.1> 
#<DWph=2> <it= 23> <et=0.07> <Mt= 0.00> <Spt= 0.00> <nCl= 30> <al=0.58> <DB=-307867.9989> <Mlp=11618.8429> <PB=826.1> 
#<DWph=2> <it= 24> <et=0.08> <Mt= 0.00> <Spt= 0.00> <nCl= 30> <al=0.62> <DB=-267373.6993> <Mlp= 2618.6612> <PB=826.1> 
#<DWph=2> <it= 25> <et=0.08> <Mt= 0.00> <Spt= 0.00> <nCl=  8> <al=0.66> <DB=-163833.9714> <Mlp= 1739.4035> <PB=826.1> 
#<DWph=2> <it= 26> <et=0.08> <Mt= 0.00> <Spt= 0.00> <nCl= 29> <al=0.56> <DB=-76882.4893> <Mlp= 1739.0245> <PB=826.1> 
#<DWph=2> <it= 27> <et=0.08> <Mt= 0.00> <Spt= 0.00> <nCl= 30> <al=0.46> <DB=-16645.9273> <Mlp= 1725.2664> <PB=826.1> 
#<DWph=2> <it= 28> <et=0.09> <Mt= 0.01> <Spt= 0.00> <nCl= 30> <al=0.36> <DB=-2630.7640> <Mlp= 1632.0820> <PB=826.1> 
<DWph=2> <it= 29> <et=0.09> <Mt= 0.00> <Spt= 0.01> <nCl= 24> <al=0.43> <DB= -281.5434> <Mlp= 1459.4370> <PB=826.1> 
<DWph=2> <it= 30> <et=0.09> <Mt= 0.00> <Spt= 0.00> <nCl= 30> <al=0.33> <DB=-6337.8309> <Mlp= 1315.9928> <PB=826.1> 
<DWph=2> <it= 31> <et=0.09> <Mt= 0.00> <Spt= 0.00> <nCl= 30> <al=0.39> <DB=-2066.4683> <Mlp= 1260.2957> <PB=826.1> 
<DWph=2> <it= 32> <et=0.10> <Mt= 0.00> <Spt= 0.00> <nCl= 30> <al=0.45> <DB=-2651.9819> <Mlp= 1190.7036> <PB=826.1> 
<DWph=2> <it= 33> <et=0.10> <Mt= 0.00> <Spt= 0.00> <nCl= 30> <al=0.51> <DB= -930.2086> <Mlp= 1151.1623> <PB=826.1> 
<DWph=2> <it= 34> <et=0.10> <Mt= 0.00> <Spt= 0.01> <nCl= 29> <al=0.56> <DB=  211.0496> <Mlp= 1129.6366> <PB=826.1> 
<DWph=2> <it= 35> <et=0.10> <Mt= 0.00> <Spt= 0.00> <nCl= 30> <al=0.60> <DB= -671.6804> <Mlp= 1106.0367> <PB=826.1> 
<DWph=2> <it= 36> <et=0.11> <Mt= 0.00> <Spt= 0.00> <nCl= 27> <al=0.64> <DB=  -33.1466> <Mlp= 1042.8821> <PB=826.1> 
<DWph=2> <it= 37> <et=0.11> <Mt= 0.00> <Spt= 0.00> <nCl= 26> <al=0.68> <DB=  581.0477> <Mlp= 1021.4273> <PB=826.1> 
<DWph=2> <it= 38> <et=0.11> <Mt= 0.00> <Spt= 0.00> <nCl= 30> <al=0.58> <DB= -471.0519> <Mlp=  959.5120> <PB=826.1> 
<DWph=2> <it= 39> <et=0.11> <Mt= 0.00> <Spt= 0.00> <nCl= 30> <al=0.62> <DB= -218.1298> <Mlp=  908.6833> <PB=826.1> 
<DWph=2> <it= 40> <et=0.12> <Mt= 0.00> <Spt= 0.01> <nCl= 30> <al=0.66> <DB=  555.7769> <Mlp=  891.7423> <PB=826.1> 
<DWph=2> <it= 41> <et=0.12> <Mt= 0.01> <Spt= 0.00> <nCl= 23> <al=0.69> <DB=  669.6744> <Mlp=  883.0767> <PB=826.1> 
<DWph=2> <it= 42> <et=0.12> <Mt= 0.00> <Spt= 0.00> <nCl= 28> <al=0.72> <DB=  717.3421> <Mlp=  864.2791> <PB=826.1> 
<DWph=2> <it= 43> <et=0.12> <Mt= 0.00> <Spt= 0.00> <nCl= 28> <al=0.75> <DB=  572.8756> <Mlp=  847.7802> <PB=826.1> 
<DWph=2> <it= 44> <et=0.13> <Mt= 0.00> <Spt= 0.00> <nCl= 23> <al=0.78> <DB=  732.8081> <Mlp=  825.7068> <PB=826.1> 
<DWph=2> <it= 45> <et=0.13> <Mt= 0.00> <Spt= 0.00> <nCl= 22> <al=0.80> <DB=  722.3042> <Mlp=  822.9627> <PB=826.1> 
<DWph=2> <it= 46> <et=0.13> <Mt= 0.00> <Spt= 0.01> <nCl= 12> <al=0.82> <DB=  761.9216> <Mlp=  814.6070> <PB=826.1> 
<DWph=2> <it= 47> <et=0.13> <Mt= 0.00> <Spt= 0.00> <nCl= 17> <al=0.84> <DB=  771.4708> <Mlp=  811.5755> <PB=826.1> 
<DWph=2> <it= 48> <et=0.14> <Mt= 0.00> <Spt= 0.00> <nCl= 25> <al=0.74> <DB=  674.2864> <Mlp=  805.3698> <PB=826.1> 
<DWph=2> <it= 49> <et=0.14> <Mt= 0.00> <Spt= 0.00> <nCl= 13> <al=0.76> <DB=  772.7470> <Mlp=  805.0329> <PB=826.1> 
<DWph=2> <it= 50> <et=0.14> <Mt= 0.00> <Spt= 0.00> <nCl= 13> <al=0.79> <DB=  780.1422> <Mlp=  801.8103> <PB=826.1> 
<DWph=2> <it= 51> <et=0.14> <Mt= 0.00> <Spt= 0.00> <nCl=  5> <al=0.69> <DB=  786.9035> <Mlp=  801.6843> <PB=826.1> 
<DWph=2> <it= 52> <et=0.14> <Mt= 0.00> <Spt= 0.01> <nCl= 13> <al=0.59> <DB=  672.2459> <Mlp=  801.4103> <PB=826.1> 
<DWph=2> <it= 53> <et=0.15> <Mt= 0.00> <Spt= 0.00> <nCl=  5> <al=0.63> <DB=  749.6253> <Mlp=  799.9277> <PB=826.1> 
<DWph=2> <it= 54> <et=0.15> <Mt= 0.00> <Spt= 0.00> <nCl=  4> <al=0.66> <DB=  783.8406> <Mlp=  799.4746> <PB=826.1> 
<DWph=2> <it= 55> <et=0.15> <Mt= 0.00> <Spt= 0.00> <nCl= 32> <al=0.00> <DB=  614.5842> <Mlp=  799.4746> <PB=826.1> 
<DWph=2> <it= 56> <et=0.16> <Mt= 0.00> <Spt= 0.01> <nCl= 21> <al=0.20> <DB=  529.0596> <Mlp=  798.6460> <PB=826.1> 
<DWph=2> <it= 57> <et=0.16> <Mt= 0.01> <Spt= 0.00> <nCl= 10> <al=0.50> <DB=  780.4423> <Mlp=  798.1758> <PB=826.1> 
<DWph=2> <it= 58> <et=0.16> <Mt= 0.00> <Spt= 0.00> <nCl=  6> <al=0.40> <DB=  730.9874> <Mlp=  797.8430> <PB=826.1> 
<DWph=2> <it= 59> <et=0.17> <Mt= 0.00> <Spt= 0.00> <nCl= 20> <al=0.00> <DB=  688.8879> <Mlp=  797.8430> <PB=826.1> 
<DWph=2> <it= 60> <et=0.17> <Mt= 0.00> <Spt= 0.00> <nCl=  1> <al=0.36> <DB=  765.5426> <Mlp=  797.8026> <PB=826.1> 
<DWph=2> <it= 61> <et=0.17> <Mt= 0.00> <Spt= 0.01> <nCl= 12> <al=0.00> <DB=  624.6632> <Mlp=  797.8026> <PB=826.1> 
<DWph=2> <it= 62> <et=0.17> <Mt= 0.00> <Spt= 0.00> <nCl= 10> <al=0.32> <DB=  738.5512> <Mlp=  797.1831> <PB=826.1> 
<DWph=2> <it= 63> <et=0.18> <Mt= 0.00> <Spt= 0.00> <nCl=  6> <al=0.39> <DB=  775.0501> <Mlp=  796.9000> <PB=826.1> 
<DWph=2> <it= 64> <et=0.18> <Mt= 0.00> <Spt= 0.00> <nCl=  1> <al=0.29> <DB=  780.6455> <Mlp=  796.9000> <PB=826.1> 
<DWph=2> <it= 65> <et=0.18> <Mt= 0.00> <Spt= 0.01> <nCl=  7> <al=0.00> <DB=  761.8000> <Mlp=  796.9000> <PB=826.1> 
<DWph=2> <it= 66> <et=0.18> <Mt= 0.00> <Spt= 0.00> <nCl=  2> <al=0.00> <DB=  796.9000> <Mlp=  796.9000> <PB=826.1> 
<DWph=1> <it= 67> <et=0.19> <Mt= 0.00> <Spt= 0.00> <nCl= 15> <al=0.00> <DB=  687.7000> <Mlp=  796.9000> <PB=826.1> 
<DWph=1> <it= 68> <et=0.19> <Mt= 0.00> <Spt= 0.01> <nCl= 10> <al=0.00> <DB=  731.9355> <Mlp=  796.7258> <PB=826.1> 
<DWph=1> <it= 69> <et=0.19> <Mt= 0.00> <Spt= 0.00> <nCl=  7> <al=0.00> <DB=  660.0714> <Mlp=  796.5714> <PB=826.1> 
<DWph=1> <it= 70> <et=0.20> <Mt= 0.00> <Spt= 0.00> <nCl=  9> <al=0.00> <DB=  717.9023> <Mlp=  795.6750> <PB=826.1> 
<DWph=1> <it= 71> <et=0.20> <Mt= 0.00> <Spt= 0.01> <nCl=  5> <al=0.00> <DB=  795.5897> <Mlp=  795.5897> <PB=826.1> 
    RCSP exact solver info for graph G_1 : TT = 0.005726, pt = 7e-06, dt = 0.004839, ct = 0.000651, ndl = 2', bdl = 34', odl = 2', odf = 14', bsi = 1', cnt = 6', bdch = 288', odch = 24', lcp = 18', #sols = 150
<DWph=0> <it= 72> <et=0.21> <Mt= 0.00> <Spt= 0.00> <nCl=105> <al=0.00> <DB=  714.9231> <Mlp=  795.5897> <PB=826.1> 
    RCSP exact solver info for graph G_1 : TT = 0.004658, pt = 1.4e-05, dt = 0.003784, ct = 0.00064, ndl = 2', bdl = 34', odl = 2', odf = 14', bsi = 1', cnt = 5', bdch = 291', odch = 23', lcp = 18', #sols = 150
<DWph=0> <it= 73> <et=0.22> <Mt= 0.00> <Spt= 0.01> <nCl= 33> <al=0.00> <DB=  782.1269> <Mlp=  795.3684> <PB=826.1> 
    RCSP exact solver info for graph G_1 : TT = 0.004683, pt = 1.4e-05, dt = 0.003804, ct = 0.000641, ndl = 2', bdl = 34', odl = 2', odf = 14', bsi = 1', cnt = 5', bdch = 294', odch = 23', lcp = 18', #sols = 150
    RCSP exact solver info for graph G_1 : TT = 0.004691, pt = 1.4e-05, dt = 0.003811, ct = 0.000644, ndl = 2', bdl = 34', odl = 2', odf = 14', bsi = 1', cnt = 5', bdch = 297', odch = 23', lcp = 18', #sols = 150
<DWph=0> <it= 74> <et=0.23> <Mt= 0.00> <Spt= 0.01> <nCl=  2> <al=0.00> <DB=  795.3684> <Mlp=  795.3684> <PB=826.1> 
Dynamic params and stats :  aver.obdmd = 23.35 aver.buck.num. = 26
@@ 1 0 795.368 0.0047035 0.00549 85.8501 0.23
Labels distribution in buckets (bucket size) : largest - 52, top 0.1% - 52, top 0.5% - 32, top 2% - 24, top 10% - 11, top 50% - 2
Reduced cost fixing for graph G_1... 12708 buck. arcs remain (41.1% from prev., 35.3% from max.) + 5310 jump buck. arcs (14.8% from max.)
 TT = 0.020366, pt = 0.002007, dt = 0.008483, ct = 0.009815, ndl = 8', bdl = 74', odl = 2', odf = 33', lpcb = 145', cnt = 128', bdch = 783', odch = 130', lcp = 71'
Labels distribution in buckets (bucket size) : largest - 52, top 0.1% - 52, top 0.5% - 37, top 2% - 27, top 10% - 12, top 50% - 3
Run forward enumeration with border = 50... succeeded! lpt = 0.175965, ndl = 46', dl = 37', lpcb = 942', dch = 434'
Run enumeration concatenation with time limit 0.3 sec.... time limit reached, not succeeded.
Sorting and storing enumerated solutions ...  TT = 0.55529, pt = 0.001988, dt = 0.175965, ct = 0.319677, ndl = 46', bdl = 37', lpcb = 942', cnt = 989', bdch = 434', odch = 0', lcp = 0'
ColGenEvalAlg final dual bound: 795.368 (rounded: 796)
In total 3 RCC cut(s) are found by the connected components heuristic 
Shrinking heuristic shrunk 15 edges
In total 19 RCC cut(s) are found by the Fractional capacity min-cut heuristic 
In total 75 RCC cut(s) are found by the greedy construction heuristic 
----- Add fac. cuts : CAP(97), max.viol = 0.473684, aver.viol = 0.33478, sep/add took 0.00336592/0.0652282 sec. -----
1708 columns (1708 active), 97 dyn. constrs. (97 active), 175 art. vars. (175 active)
<DWph=2> <it=  1> <et=0.88> <Mt= 0.01> <Spt= 0.00> <nCl= 13> <al=0.50> <DB=  679.2898> <Mlp=  811.8750> <PB=826.1> 
<DWph=2> <it=  2> <et=0.89> <Mt= 0.00> <Spt= 0.01> <nCl= 10> <al=0.55> <DB=  801.6359> <Mlp=  809.2963> <PB=826.1> 
<DWph=2> <it=  3> <et=0.89> <Mt= 0.00> <Spt= 0.00> <nCl= 17> <al=0.45> <DB=  618.7249> <Mlp=  809.1959> <PB=826.1> 
<DWph=2> <it=  4> <et=0.90> <Mt= 0.00> <Spt= 0.00> <nCl=  9> <al=0.51> <DB=  741.2744> <Mlp=  808.6480> <PB=826.1> 
<DWph=2> <it=  5> <et=0.90> <Mt= 0.00> <Spt= 0.00> <nCl=  4> <al=0.55> <DB=  774.7327> <Mlp=  808.3324> <PB=826.1> 
<DWph=2> <it=  6> <et=0.90> <Mt= 0.01> <Spt= 0.01> <nCl= 14> <al=0.20> <DB=  716.2338> <Mlp=  808.3324> <PB=826.1> 
<DWph=2> <it=  7> <et=0.91> <Mt= 0.00> <Spt= 0.00> <nCl=  3> <al=0.50> <DB=  796.7709> <Mlp=  808.3324> <PB=826.1> 
<DWph=2> <it=  8> <et=0.91> <Mt= 0.00> <Spt= 0.00> <nCl=  6> <al=0.10> <DB=  807.5941> <Mlp=  807.9509> <PB=826.1> 
<DWph=2> <it=  9> <et=0.92> <Mt= 0.00> <Spt= 0.00> <nCl=  7> <al=0.00> <DB=  760.3960> <Mlp=  807.9509> <PB=826.1> 
<DWph=2> <it= 10> <et=0.92> <Mt= 0.00> <Spt= 0.01> <nCl=  0> <al=0.00> <DB=  807.9509> <Mlp=  807.9509> <PB=826.1> 
<DWph=1> <it= 11> <et=0.92> <Mt= 0.00> <Spt= 0.00> <nCl= 14> <al=0.25> <DB=  708.2640> <Mlp=  807.9509> <PB=826.1> 
<DWph=1> <it= 12> <et=0.93> <Mt= 0.00> <Spt= 0.00> <nCl= 10> <al=0.15> <DB=  560.8387> <Mlp=  807.7116> <PB=826.1> 
<DWph=1> <it= 13> <et=0.93> <Mt= 0.01> <Spt= 0.00> <nCl= 12> <al=0.05> <DB=  671.1099> <Mlp=  807.0849> <PB=826.1> 
<DWph=1> <it= 14> <et=0.94> <Mt= 0.00> <Spt= 0.01> <nCl=  4> <al=0.14> <DB=  763.0157> <Mlp=  807.0587> <PB=826.1> 
<DWph=1> <it= 15> <et=0.94> <Mt= 0.00> <Spt= 0.00> <nCl=  4> <al=0.04> <DB=  772.6597> <Mlp=  807.0587> <PB=826.1> 
<DWph=1> <it= 16> <et=0.95> <Mt= 0.00> <Spt= 0.00> <nCl=  4> <al=0.00> <DB=  807.0501> <Mlp=  807.0501> <PB=826.1> 
    RCSP exact solver info for graph G_1 : TT = 0.003777, pt = 6e-06, dt = 0.002825, ct = 0.000709, ndl = 2', bdl = 12', odl = 1', odf = 12', bsi = 1', cnt = 8', bdch = 139', odch = 26', lcp = 22', #sols = 150
<DWph=0> <it= 17> <et=0.96> <Mt= 0.00> <Spt= 0.01> <nCl= 74> <al=0.00> <DB=  794.8577> <Mlp=  807.0501> <PB=826.1> 
    RCSP exact solver info for graph G_1 : TT = 0.00369, pt = 1.7e-05, dt = 0.002739, ct = 0.000697, ndl = 2', bdl = 12', odl = 1', odf = 12', bsi = 1', cnt = 8', bdch = 131', odch = 25', lcp = 21', #sols = 150
<DWph=0> <it= 18> <et=0.96> <Mt= 0.00> <Spt= 0.01> <nCl= 17> <al=0.00> <DB=  803.5716> <Mlp=  807.0344> <PB=826.1> 
    RCSP exact solver info for graph G_1 : TT = 0.003587, pt = 1.5e-05, dt = 0.002607, ct = 0.000728, ndl = 2', bdl = 12', odl = 1', odf = 12', bsi = 1', cnt = 8', bdch = 132', odch = 25', lcp = 21', #sols = 150
<DWph=0> <it= 19> <et=0.97> <Mt= 0.00> <Spt= 0.00> <nCl=  0> <al=0.00> <DB=  807.0344> <Mlp=  807.0344> <PB=826.1> 
Dynamic params and stats :  aver.obdmd = 23.35 aver.buck.num. = 26
@@ 1 1 807.034 0.003435 0.003534 35.3137 0.97
Labels distribution in buckets (bucket size) : largest - 41, top 0.1% - 41, top 0.5% - 34, top 2% - 26, top 10% - 13, top 50% - 2
Reduced cost fixing for graph G_1... 10204 buck. arcs remain (80.3% from prev., 28.4% from max.) + 5187 jump buck. arcs (14.4% from max.)
 TT = 0.015704, pt = 0.001641, dt = 0.006433, ct = 0.007558, ndl = 8', bdl = 65', odl = 2', odf = 36', lpcb = 68', cnt = 113', bdch = 585', odch = 129', lcp = 90'
Labels distribution in buckets (bucket size) : largest - 43, top 0.1% - 43, top 0.5% - 37, top 2% - 30, top 10% - 14, top 50% - 2
Run forward enumeration with border = 50... succeeded! lpt = 0.144721, ndl = 47', dl = 22', lpcb = 866', dch = 237'
Run enumeration concatenation with time limit 0.3 sec.... time limit reached, not succeeded.
Sorting and storing enumerated solutions ...  TT = 0.482613, pt = 0, dt = 0.144721, ct = 0.302299, ndl = 47', bdl = 22', lpcb = 866', cnt = 1085', bdch = 237', odch = 0', lcp = 0'
ColGenEvalAlg final dual bound: 807.034 (rounded: 808)
Gap improvement since the last cut separation : 0.379609 (795.368)
Current active cuts : CAP(9,397.334)
In total 3 RCC cut(s) are found by the connected components heuristic 
Shrinking heuristic shrunk 5 edges
In total 14 RCC cut(s) are found by the Fractional capacity min-cut heuristic 
In total 67 RCC cut(s) are found by the greedy construction heuristic 
In total 15 RCC cut(s) are found by the global pool greedy search heuristic 
----- Add fac. cuts : CAP(99), max.viol = 0.4101, aver.viol = 0.167547, sep/add took 0.00591311/0.0950769 sec. -----
1930 columns (1930 active), 196 dyn. constrs. (108 active), 274 art. vars. (186 active)
<DWph=2> <it=  1> <et=1.60> <Mt= 0.01> <Spt= 0.01> <nCl= 11> <al=0.50> <DB=  729.0185> <Mlp=  819.5160> <PB=826.1> 
<DWph=2> <it=  2> <et=1.62> <Mt= 0.02> <Spt= 0.00> <nCl=  3> <al=0.55> <DB=  810.2484> <Mlp=  819.3372> <PB=826.1> 
<DWph=2> <it=  3> <et=1.62> <Mt= 0.01> <Spt= 0.00> <nCl= 10> <al=0.60> <DB=  779.5449> <Mlp=  818.1310> <PB=826.1> 
<DWph=2> <it=  4> <et=1.63> <Mt= 0.00> <Spt= 0.00> <nCl=  6> <al=0.64> <DB=  797.4912> <Mlp=  817.5385> <PB=826.1> 
<DWph=2> <it=  5> <et=1.64> <Mt= 0.00> <Spt= 0.01> <nCl=  8> <al=0.34> <DB=  779.0646> <Mlp=  817.3857> <PB=826.1> 
<DWph=2> <it=  6> <et=1.64> <Mt= 0.01> <Spt= 0.00> <nCl=  4> <al=0.57> <DB=  811.8746> <Mlp=  817.0094> <PB=826.1> 
<DWph=2> <it=  7> <et=1.65> <Mt= 0.00> <Spt= 0.00> <nCl=  9> <al=0.61> <DB=  800.7305> <Mlp=  817.0094> <PB=826.1> 
<DWph=2> <it=  8> <et=1.65> <Mt= 0.00> <Spt= 0.00> <nCl=  3> <al=0.31> <DB=  753.6406> <Mlp=  816.8722> <PB=826.1> 
<DWph=2> <it=  9> <et=1.66> <Mt= 0.00> <Spt= 0.01> <nCl=  2> <al=0.55> <DB=  815.3243> <Mlp=  816.8722> <PB=826.1> 
<DWph=2> <it= 10> <et=1.66> <Mt= 0.00> <Spt= 0.00> <nCl=  2> <al=0.45> <DB=  814.8625> <Mlp=  816.8722> <PB=826.1> 
<DWph=2> <it= 11> <et=1.66> <Mt= 0.01> <Spt= 0.00> <nCl=  1> <al=0.51> <DB=  816.0851> <Mlp=  816.8705> <PB=826.1> 
<DWph=2> <it= 12> <et=1.67> <Mt= 0.00> <Spt= 0.00> <nCl=  2> <al=0.41> <DB=  810.7963> <Mlp=  816.8667> <PB=826.1> 
<DWph=2> <it= 13> <et=1.67> <Mt= 0.00> <Spt= 0.00> <nCl=  8> <al=0.00> <DB=  715.4667> <Mlp=  816.8667> <PB=826.1> 
<DWph=2> <it= 14> <et=1.68> <Mt= 0.00> <Spt= 0.01> <nCl=  7> <al=0.37> <DB=  777.2394> <Mlp=  816.8667> <PB=826.1> 
<DWph=2> <it= 15> <et=1.68> <Mt= 0.00> <Spt= 0.00> <nCl=  1> <al=0.43> <DB=  815.0235> <Mlp=  816.8667> <PB=826.1> 
<DWph=2> <it= 16> <et=1.68> <Mt= 0.00> <Spt= 0.00> <nCl=  3> <al=0.00> <DB=  814.2667> <Mlp=  816.8667> <PB=826.1> 
<DWph=2> <it= 17> <et=1.69> <Mt= 0.00> <Spt= 0.00> <nCl=  1> <al=0.00> <DB=  816.8667> <Mlp=  816.8667> <PB=826.1> 
<DWph=1> <it= 18> <et=1.69> <Mt= 0.01> <Spt= 0.01> <nCl= 11> <al=0.29> <DB=  725.8667> <Mlp=  816.8667> <PB=826.1> 
<DWph=1> <it= 19> <et=1.70> <Mt= 0.00> <Spt= 0.00> <nCl=  9> <al=0.19> <DB=  702.4667> <Mlp=  816.8667> <PB=826.1> 
<DWph=1> <it= 20> <et=1.70> <Mt= 0.00> <Spt= 0.00> <nCl= 11> <al=0.00> <DB=  816.5794> <Mlp=  816.5794> <PB=826.1> 
    RCSP exact solver info for graph G_1 : TT = 0.002496, pt = 7e-06, dt = 0.001794, ct = 0.000459, ndl = 1', bdl = 7', odl = 1', odf = 11', bsi = 1', cnt = 6', bdch = 63', odch = 19', lcp = 12', #sols = 150
<DWph=0> <it= 21> <et=1.72> <Mt= 0.00> <Spt= 0.02> <nCl= 74> <al=0.09> <DB=  704.5137> <Mlp=  816.5794> <PB=826.1> 
    RCSP exact solver info for graph G_1 : TT = 0.002693, pt = 2.9e-05, dt = 0.001982, ct = 0.000435, ndl = 1', bdl = 7', odl = 1', odf = 11', bsi = 1', cnt = 6', bdch = 64', odch = 19', lcp = 13', #sols = 150
<DWph=0> <it= 22> <et=1.73> <Mt= 0.00> <Spt= 0.00> <nCl= 51> <al=0.18> <DB=  785.2393> <Mlp=  816.4197> <PB=826.1> 
    RCSP exact solver info for graph G_1 : TT = 0.002583, pt = 1.8e-05, dt = 0.001899, ct = 0.000435, ndl = 1', bdl = 7', odl = 1', odf = 11', bsi = 1', cnt = 6', bdch = 64', odch = 19', lcp = 13', #sols = 150
<DWph=0> <it= 23> <et=1.74> <Mt= 0.01> <Spt= 0.01> <nCl= 15> <al=0.26> <DB=  806.8182> <Mlp=  816.4142> <PB=826.1> 
    RCSP exact solver info for graph G_1 : TT = 0.00254, pt = 1.5e-05, dt = 0.001871, ct = 0.000429, ndl = 1', bdl = 7', odl = 1', odf = 11', bsi = 1', cnt = 6', bdch = 63', odch = 19', lcp = 13', #sols = 150
    RCSP exact solver info for graph G_1 : TT = 0.002427, pt = 1.4e-05, dt = 0.001782, ct = 0.000418, ndl = 1', bdl = 6', odl = 1', odf = 10', bsi = 1', cnt = 6', bdch = 61', odch = 18', lcp = 12', #sols = 150
<DWph=0> <it= 24> <et=1.75> <Mt= 0.00> <Spt= 0.01> <nCl=  6> <al=0.00> <DB=  816.4142> <Mlp=  816.4142> <PB=826.1> 
Dynamic params and stats :  aver.obdmd = 23.35 aver.buck.num. = 26
@@ 1 2 816.414 0.0023008 0.002417 28.3555 1.75
Labels distribution in buckets (bucket size) : largest - 36, top 0.1% - 36, top 0.5% - 30, top 2% - 21, top 10% - 9, top 50% - 2
Reduced cost fixing for graph G_1... 6937 buck. arcs remain (68% from prev., 19.3% from max.) + 3504 jump buck. arcs (9.74% from max.)
 TT = 0.008265, pt = 0.000879, dt = 0.002725, ct = 0.004597, ndl = 4', bdl = 27', odl = 1', odf = 26', lpcb = 39', cnt = 45', bdch = 173', odch = 67', lcp = 32'
Labels distribution in buckets (bucket size) : largest - 36, top 0.1% - 36, top 0.5% - 33, top 2% - 24, top 10% - 9, top 50% - 2
Run forward enumeration with border = 50... succeeded! lpt = 0.024414, ndl = 11', dl = 3', lpcb = 131', dch = 29'
Run enumeration concatenation with time limit 0.3 sec.... succeeded!
Sorting and storing enumerated solutions ... done!
 TT = 0.062713, pt = 0, dt = 0.024414, ct = 0.017153, ndl = 11', bdl = 3', lpcb = 131', cnt = 162', bdch = 29', odch = 0', lcp = 0'
Enumeration succeeded!, number of elem. solutions is 16919
Estimating inspection time...     TT = 0.000675, performed by inspection with 16919 solutions, nbR1C = 0, nbDiscC = 0
Inspection time is low enough. Pricing will be done by inspection.
Added 690 columns in the formulation 
Removed 1498 columns (not in the enumerated set) from the formulation
Regenerated 690 columns with the 'enumerated' flag
<DWph=2> <it= 25> <et=1.91> <Mt= 0.02> <Spt= 0.00> <nCl=  0> <al=0.00> <DB=  818.6098> <Mlp=  818.6098> <PB=826.1> 
<DWph=1> <it= 26> <et=1.91> <Mt= 0.00> <Spt= 0.00> <nCl=  0> <al=0.00> <DB=  818.6098> <Mlp=  818.6098> <PB=826.1> 
    TT = 0.000607, performed by inspection with 16919 solutions, nbR1C = 0, nbDiscC = 0
<DWph=0> <it= 27> <et=1.92> <Mt= 0.00> <Spt= 0.01> <nCl= 84> <al=0.30> <DB=  701.6098> <Mlp=  818.6098> <PB=826.1> 
    TT = 0.000588, performed by inspection with 16919 solutions, nbR1C = 0, nbDiscC = 0
<DWph=0> <it= 28> <et=1.92> <Mt= 0.01> <Spt= 0.00> <nCl= 15> <al=0.37> <DB=  776.9517> <Mlp=  818.4069> <PB=826.1> 
    TT = 0.000576, performed by inspection with 16919 solutions, nbR1C = 0, nbDiscC = 0
    TT = 0.000547, performed by inspection with 16919 solutions, nbR1C = 0, nbDiscC = 0
<DWph=0> <it= 29> <et=1.93> <Mt= 0.00> <Spt= 0.01> <nCl=  9> <al=0.00> <DB=  818.4069> <Mlp=  818.4069> <PB=826.1> 
Dynamic params and stats :  aver.obdmd = 23.35 aver.buck.num. = 26
@@ 1 2 818.407 0.0005795 0.000607 0 1.93
Reduced cost fixing for graph G_1...  took 0 sec., done by inspection with 16919 solutions, remains 4869 (28.8%)
Removed 100 columns (not in the enumerated set) from the formulation
Added 4516 columns in the formulation 
ColGenEvalAlg final dual bound: 818.407 (rounded: 819)
Gap improvement since the last cut separation : 0.596493 (807.034)
Current active cuts : CAP(2+16,434.6)
----- Terminating the node by MIP -----
Version identifier: 20.1.0.0 | 2020-11-10 | 9bedb6d68
CPXPARAM_Advance                                 0
CPXPARAM_Threads                                 1
CPXPARAM_MIP_Limits_Nodes                        2000000
CPXPARAM_Simplex_Tolerances_Optimality           9.9999999999999995e-08
CPXPARAM_Simplex_Tolerances_Feasibility          9.9999999999999995e-08
CPXPARAM_TimeLimit                               1761.6872000000001
CPXPARAM_MIP_Tolerances_UpperCutoff              826.000001
CPXPARAM_MIP_Tolerances_MIPGap                   1.0000000000000001e-09
Tried aggregator 1 time.
MIP Presolve eliminated 10 rows and 1086 columns.
MIP Presolve modified 125992 coefficients.
Reduced MIP has 138 rows, 4128 columns, and 347599 nonzeros.
Reduced MIP has 4128 binaries, 0 generals, 0 SOSs, and 0 indicators.
Presolve time = 0.65 sec. (1014.13 ticks)
Tried aggregator 1 time.
Detecting symmetries...
Reduced MIP has 138 rows, 4128 columns, and 347599 nonzeros.
Reduced MIP has 4128 binaries, 0 generals, 0 SOSs, and 0 indicators.
Presolve time = 0.16 sec. (186.90 ticks)
Probing fixed 112 vars, tightened 0 bounds.
Probing time = 0.61 sec. (1426.53 ticks)
Clique table members: 932.
MIP emphasis: balance optimality and feasibility.
MIP search method: dynamic search.
Parallel mode: none, using 1 thread.
Root relaxation solution time = 0.03 sec. (58.88 ticks)

        Nodes                                         Cuts/
   Node  Left     Objective  IInf  Best Integer    Best Bound    ItCnt     Gap

      0     0      818.8000    28                    818.8000      239         
*     0+    0                          825.0000      818.8000             0.75%
*     0+    0                          822.0000      818.8000             0.39%
      0     0        cutoff            822.0000      818.8000      512    0.39%
Elapsed time = 1.75 sec. (3110.69 ticks, tree = 0.01 MB, solutions = 2)

Root node processing (before b&c):
  Real time             =    1.75 sec. (3111.87 ticks)
Sequential b&c:
  Real time             =    0.00 sec. (0.00 ticks)
                          ------------
Total (root+branch&cut) =    1.75 sec. (3111.87 ticks)
Solution status = Optimum
New model incumbent solution 822, TIME = 0h0m4s20t = 420
************************************************************************************************
Search is finished, global bounds : [ 822 , 822 ], TIME = 0h0m4s20t = 420
************************************************************************************************
Built-in heuristic is enabled
instance_name solver_name ext_heuristic solution_value solution_time best_lb root_lb root_time nb_branch_and_bound_nodes status
/home/logis/Downloads/VRPSolverEasy/VRPSolverEasy/demos/data/CVRP/A-n39-k5 CPLEX False 822.0 4.207481972 822.0 822.0 4.206674803 1 0

