Time resource is critical for vehicle type 1 (21,0)
Capacity resource will be imposed by rounded capacity cuts (0.227476)
Arc memory for rank-1 cuts will be used (14.7143)
~~~~~~~~~~~~~~~~~~~~~~~~~~~~~~~~~~~~~~~~~~~~~~~~~~~~~~~~~~~~~~~~~~~~~~~~~~~~~~~~~~~~~
VRPSolver v0.5.27, 24/02/2023, © Inria Bordeaux, France, vrpsolver.math.u-bordeaux.fr
      Corresponds to the solver by Pessoa, Sadykov, Uchoa and Vanderbeck (2020)
                 Paper: dx.doi.org/10.1007/s10107-020-01523-z
~~~~~~~~~~~~~~~~~~~~~~~~~~~~~~~~~~~~~~~~~~~~~~~~~~~~~~~~~~~~~~~~~~~~~~~~~~~~~~~~~~~~~
   BaPCod v0.77, 15/03/2023, © Inria Bordeaux, France, bapcod.math.u-bordeaux.fr 
           THIS CODE IS PROVIDED AS IS, USE IT AT YOUR OWN RISK
~~~~~~~~~~~~~~~~~~~~~~~~~~~~~~~~~~~~~~~~~~~~~~~~~~~~~~~~~~~~~~~~~~~~~~~~~~~~~~~~~~~~~
Bucket steps were recalculated for graph G_1 : [38.4001]
RCSP solver info : non-symmetric case as the resource 0 consumption for the reverse arc of 0->100 is not the same : 19.2 against 29.2
Bidirectional border value is initialised to 455.1
RCSP solver info : number of forw. reachable buckets / buck. strongly connected components is 1442( 98.3629% ) / 61( 4.23024% )
RCSP solver info : number of back. reachable buckets / buck. strongly connected components is 1442( 98.3629% ) / 56( 3.8835% )
Generating neighbourhoods for rank-1 cuts separation
Building structures for 4- and 5-row rank-1 packing cut separation...done!
Model is built TIME = 0h0m0s7t = 7
************************************************************************************************
**** BaB tree root node
**** Local DB = -1e+12, global bounds : [ -1e+12 , 956.2 ], TIME = 0h0m0s7t = 7
**** 1 open nodes, 0 columns (0 active), 0 dyn. constrs. (0 active), 202 art. vars. (202 active)
************************************************************************************************
#<DWph=2> <it=  1> <et=0.10> <Mt= 0.00> <Spt= 0.02> <nCl= 30> <al=0.00> <DB=-2800560.5000> <Mlp=231782.8800> <PB=956.2> 
#<DWph=2> <it=  2> <et=0.12> <Mt= 0.00> <Spt= 0.02> <nCl= 30> <al=0.55> <DB=-2665644.9560> <Mlp=147698.5333> <PB=956.2> 
#<DWph=2> <it=  3> <et=0.14> <Mt= 0.00> <Spt= 0.02> <nCl= 30> <al=0.60> <DB=-2507520.3322> <Mlp=147698.5333> <PB=956.2> 
#<DWph=2> <it=  4> <et=0.17> <Mt= 0.00> <Spt= 0.02> <nCl= 30> <al=0.64> <DB=-2262342.2515> <Mlp=128732.8911> <PB=956.2> 
#<DWph=2> <it=  5> <et=0.19> <Mt= 0.00> <Spt= 0.03> <nCl= 30> <al=0.67> <DB=-2002973.1035> <Mlp=106779.1797> <PB=956.2> 
#<DWph=2> <it=  6> <et=0.21> <Mt= 0.00> <Spt= 0.02> <nCl= 30> <al=0.70> <DB=-1855023.9048> <Mlp=100547.2055> <PB=956.2> 
#<DWph=2> <it=  7> <et=0.23> <Mt= 0.00> <Spt= 0.02> <nCl= 30> <al=0.60> <DB=-1719039.2717> <Mlp=89658.9563> <PB=956.2> 
#<DWph=2> <it=  8> <et=0.26> <Mt= 0.00> <Spt= 0.02> <nCl= 30> <al=0.64> <DB=-1774937.8165> <Mlp=69475.0197> <PB=956.2> 
#<DWph=2> <it=  9> <et=0.28> <Mt= 0.00> <Spt= 0.02> <nCl= 30> <al=0.68> <DB=-1521732.6983> <Mlp=59246.6282> <PB=956.2> 
#<DWph=2> <it= 10> <et=0.31> <Mt= 0.00> <Spt= 0.03> <nCl= 30> <al=0.58> <DB=-1604241.7389> <Mlp=56032.7963> <PB=956.2> 
#<DWph=2> <it= 11> <et=0.34> <Mt= 0.01> <Spt= 0.02> <nCl= 30> <al=0.62> <DB=-1359521.6189> <Mlp=44757.7503> <PB=956.2> 
#<DWph=2> <it= 12> <et=0.37> <Mt= 0.00> <Spt= 0.03> <nCl= 30> <al=0.52> <DB=-1357116.7534> <Mlp=38885.5141> <PB=956.2> 
#<DWph=2> <it= 13> <et=0.39> <Mt= 0.00> <Spt= 0.03> <nCl= 30> <al=0.57> <DB=-1210068.1353> <Mlp=34573.4816> <PB=956.2> 
#<DWph=2> <it= 14> <et=0.42> <Mt= 0.01> <Spt= 0.02> <nCl= 30> <al=0.61> <DB=-1241677.3630> <Mlp=30748.6783> <PB=956.2> 
#<DWph=2> <it= 15> <et=0.44> <Mt= 0.00> <Spt= 0.02> <nCl= 30> <al=0.65> <DB=-1165300.0557> <Mlp=28703.9706> <PB=956.2> 
#<DWph=2> <it= 16> <et=0.47> <Mt= 0.00> <Spt= 0.02> <nCl= 30> <al=0.69> <DB=-1178483.3412> <Mlp=25189.1861> <PB=956.2> 
#<DWph=2> <it= 17> <et=0.50> <Mt= 0.01> <Spt= 0.02> <nCl= 30> <al=0.72> <DB=-1002110.9733> <Mlp=21598.5740> <PB=956.2> 
#<DWph=2> <it= 18> <et=0.52> <Mt= 0.00> <Spt= 0.02> <nCl= 30> <al=0.62> <DB=-1030519.7533> <Mlp=18764.0679> <PB=956.2> 
#<DWph=2> <it= 19> <et=0.55> <Mt= 0.01> <Spt= 0.03> <nCl= 30> <al=0.66> <DB=-894121.2991> <Mlp=16393.3097> <PB=956.2> 
#<DWph=2> <it= 20> <et=0.58> <Mt= 0.00> <Spt= 0.02> <nCl= 30> <al=0.69> <DB=-787205.8521> <Mlp=14660.0777> <PB=956.2> 
#<DWph=2> <it= 21> <et=0.60> <Mt= 0.01> <Spt= 0.02> <nCl= 30> <al=0.72> <DB=-707466.9356> <Mlp=12903.0743> <PB=956.2> 
#<DWph=2> <it= 22> <et=0.63> <Mt= 0.00> <Spt= 0.02> <nCl= 30> <al=0.75> <DB=-772754.9869> <Mlp=11790.0242> <PB=956.2> 
#<DWph=2> <it= 23> <et=0.65> <Mt= 0.01> <Spt= 0.02> <nCl= 30> <al=0.77> <DB=-648879.0367> <Mlp=10471.4824> <PB=956.2> 
#<DWph=2> <it= 24> <et=0.68> <Mt= 0.01> <Spt= 0.02> <nCl= 30> <al=0.67> <DB=-690079.7610> <Mlp= 9309.7538> <PB=956.2> 
#<DWph=2> <it= 25> <et=0.71> <Mt= 0.00> <Spt= 0.02> <nCl= 30> <al=0.71> <DB=-542937.2944> <Mlp= 8844.3369> <PB=956.2> 
#<DWph=2> <it= 26> <et=0.73> <Mt= 0.01> <Spt= 0.02> <nCl= 30> <al=0.74> <DB=-547661.6371> <Mlp= 8055.7193> <PB=956.2> 
#<DWph=2> <it= 27> <et=0.76> <Mt= 0.01> <Spt= 0.01> <nCl= 30> <al=0.76> <DB=-491897.8174> <Mlp= 7137.5774> <PB=956.2> 
#<DWph=2> <it= 28> <et=0.79> <Mt= 0.01> <Spt= 0.02> <nCl= 30> <al=0.66> <DB=-532803.8922> <Mlp= 6394.9009> <PB=956.2> 
#<DWph=2> <it= 29> <et=0.82> <Mt= 0.01> <Spt= 0.02> <nCl= 30> <al=0.70> <DB=-433896.0848> <Mlp= 5455.0083> <PB=956.2> 
#<DWph=2> <it= 30> <et=0.85> <Mt= 0.01> <Spt= 0.02> <nCl= 30> <al=0.73> <DB=-464759.3534> <Mlp= 4522.6304> <PB=956.2> 
#<DWph=2> <it= 31> <et=0.88> <Mt= 0.01> <Spt= 0.02> <nCl= 30> <al=0.75> <DB=-411611.7497> <Mlp= 4032.9744> <PB=956.2> 
#<DWph=2> <it= 32> <et=0.90> <Mt= 0.01> <Spt= 0.02> <nCl= 30> <al=0.78> <DB=-377614.4015> <Mlp= 3820.4711> <PB=956.2> 
#<DWph=2> <it= 33> <et=0.93> <Mt= 0.01> <Spt= 0.02> <nCl= 30> <al=0.80> <DB=-332506.6779> <Mlp= 3662.9524> <PB=956.2> 
#<DWph=2> <it= 34> <et=0.96> <Mt= 0.00> <Spt= 0.02> <nCl= 30> <al=0.70> <DB=-348041.1321> <Mlp= 3422.5655> <PB=956.2> 
#<DWph=2> <it= 35> <et=0.99> <Mt= 0.01> <Spt= 0.02> <nCl= 30> <al=0.73> <DB=-343641.3284> <Mlp= 3168.7932> <PB=956.2> 
#<DWph=2> <it= 36> <et=1.02> <Mt= 0.01> <Spt= 0.02> <nCl= 30> <al=0.76> <DB=-292560.0958> <Mlp= 3123.0164> <PB=956.2> 
#<DWph=2> <it= 37> <et=1.05> <Mt= 0.01> <Spt= 0.02> <nCl= 30> <al=0.66> <DB=-278134.4745> <Mlp= 2997.2424> <PB=956.2> 
#<DWph=2> <it= 38> <et=1.07> <Mt= 0.01> <Spt= 0.01> <nCl= 30> <al=0.69> <DB=-266970.8223> <Mlp= 2722.9828> <PB=956.2> 
#<DWph=2> <it= 39> <et=1.10> <Mt= 0.01> <Spt= 0.02> <nCl= 30> <al=0.72> <DB=-243787.8327> <Mlp= 2356.0990> <PB=956.2> 
#<DWph=2> <it= 40> <et=1.13> <Mt= 0.02> <Spt= 0.01> <nCl= 30> <al=0.75> <DB=-231917.1024> <Mlp= 2231.0011> <PB=956.2> 
#<DWph=2> <it= 41> <et=1.15> <Mt= 0.01> <Spt= 0.02> <nCl= 30> <al=0.78> <DB=-236960.7745> <Mlp= 2150.6845> <PB=956.2> 
#<DWph=2> <it= 42> <et=1.19> <Mt= 0.01> <Spt= 0.02> <nCl= 30> <al=0.68> <DB=-204330.2073> <Mlp= 2042.5475> <PB=956.2> 
#<DWph=2> <it= 43> <et=1.22> <Mt= 0.01> <Spt= 0.02> <nCl= 30> <al=0.58> <DB=-265844.9907> <Mlp= 1990.8511> <PB=956.2> 
#<DWph=2> <it= 44> <et=1.25> <Mt= 0.01> <Spt= 0.02> <nCl= 30> <al=0.62> <DB=-203799.9285> <Mlp= 1801.7135> <PB=956.2> 
<DWph=2> <it= 45> <et=1.29> <Mt= 0.02> <Spt= 0.02> <nCl= 30> <al=0.66> <DB=-145384.4740> <Mlp= 1749.9709> <PB=956.2> 
<DWph=2> <it= 46> <et=1.32> <Mt= 0.01> <Spt= 0.02> <nCl= 30> <al=0.56> <DB=-80269.0210> <Mlp= 1747.2019> <PB=956.2> 
<DWph=2> <it= 47> <et=1.35> <Mt= 0.01> <Spt= 0.02> <nCl= 30> <al=0.46> <DB=-38327.5990> <Mlp= 1743.1667> <PB=956.2> 
<DWph=2> <it= 48> <et=1.38> <Mt= 0.01> <Spt= 0.02> <nCl= 30> <al=0.36> <DB=-23552.2474> <Mlp= 1736.5218> <PB=956.2> 
<DWph=2> <it= 49> <et=1.42> <Mt= 0.02> <Spt= 0.02> <nCl= 30> <al=0.26> <DB=-14920.9575> <Mlp= 1726.8512> <PB=956.2> 
<DWph=2> <it= 50> <et=1.46> <Mt= 0.01> <Spt= 0.03> <nCl= 30> <al=0.33> <DB=-15114.1826> <Mlp= 1719.2633> <PB=956.2> 
<DWph=2> <it= 51> <et=1.49> <Mt= 0.01> <Spt= 0.02> <nCl= 30> <al=0.40> <DB=-13842.9371> <Mlp= 1706.8592> <PB=956.2> 
<DWph=2> <it= 52> <et=1.53> <Mt= 0.02> <Spt= 0.02> <nCl= 30> <al=0.46> <DB=-15759.7594> <Mlp= 1696.7372> <PB=956.2> 
<DWph=2> <it= 53> <et=1.57> <Mt= 0.01> <Spt= 0.03> <nCl= 30> <al=0.51> <DB=-14090.8510> <Mlp= 1679.0208> <PB=956.2> 
<DWph=2> <it= 54> <et=1.61> <Mt= 0.02> <Spt= 0.02> <nCl= 30> <al=0.56> <DB=-11640.3773> <Mlp= 1668.0564> <PB=956.2> 
<DWph=2> <it= 55> <et=1.64> <Mt= 0.01> <Spt= 0.02> <nCl= 30> <al=0.46> <DB=-11255.3715> <Mlp= 1657.8540> <PB=956.2> 
<DWph=2> <it= 56> <et=1.68> <Mt= 0.01> <Spt= 0.03> <nCl= 30> <al=0.51> <DB=-12232.3223> <Mlp= 1651.2776> <PB=956.2> 
<DWph=2> <it= 57> <et=1.71> <Mt= 0.01> <Spt= 0.02> <nCl= 30> <al=0.56> <DB=-9995.9121> <Mlp= 1638.1306> <PB=956.2> 
<DWph=2> <it= 58> <et=1.75> <Mt= 0.01> <Spt= 0.03> <nCl= 30> <al=0.61> <DB=-10759.3125> <Mlp= 1633.1967> <PB=956.2> 
<DWph=2> <it= 59> <et=1.78> <Mt= 0.01> <Spt= 0.02> <nCl= 30> <al=0.65> <DB=-11785.0109> <Mlp= 1620.9769> <PB=956.2> 
<DWph=2> <it= 60> <et=1.82> <Mt= 0.02> <Spt= 0.02> <nCl= 30> <al=0.68> <DB=-8986.4025> <Mlp= 1603.6777> <PB=956.2> 
<DWph=2> <it= 61> <et=1.86> <Mt= 0.02> <Spt= 0.02> <nCl= 30> <al=0.71> <DB=-10570.0158> <Mlp= 1589.8145> <PB=956.2> 
<DWph=2> <it= 62> <et=1.91> <Mt= 0.02> <Spt= 0.03> <nCl= 30> <al=0.74> <DB=-7571.5019> <Mlp= 1562.5518> <PB=956.2> 
<DWph=2> <it= 63> <et=1.95> <Mt= 0.01> <Spt= 0.02> <nCl= 30> <al=0.77> <DB=-10212.6011> <Mlp= 1550.4557> <PB=956.2> 
<DWph=2> <it= 64> <et=1.99> <Mt= 0.02> <Spt= 0.03> <nCl= 30> <al=0.79> <DB=-7360.5401> <Mlp= 1530.3376> <PB=956.2> 
<DWph=2> <it= 65> <et=2.03> <Mt= 0.01> <Spt= 0.03> <nCl= 30> <al=0.81> <DB=-7246.6638> <Mlp= 1523.6245> <PB=956.2> 
<DWph=2> <it= 66> <et=2.06> <Mt= 0.01> <Spt= 0.02> <nCl= 30> <al=0.83> <DB=-8246.8716> <Mlp= 1516.9505> <PB=956.2> 
<DWph=2> <it= 67> <et=2.10> <Mt= 0.02> <Spt= 0.03> <nCl= 30> <al=0.85> <DB=-6666.6447> <Mlp= 1507.0860> <PB=956.2> 
<DWph=2> <it= 68> <et=2.14> <Mt= 0.01> <Spt= 0.02> <nCl= 30> <al=0.75> <DB=-6692.2801> <Mlp= 1501.4100> <PB=956.2> 
<DWph=2> <it= 69> <et=2.17> <Mt= 0.01> <Spt= 0.02> <nCl= 30> <al=0.77> <DB=-6170.3701> <Mlp= 1498.2011> <PB=956.2> 
<DWph=2> <it= 70> <et=2.22> <Mt= 0.02> <Spt= 0.03> <nCl= 30> <al=0.80> <DB=-6757.1429> <Mlp= 1483.7381> <PB=956.2> 
<DWph=2> <it= 71> <et=2.26> <Mt= 0.02> <Spt= 0.02> <nCl= 30> <al=0.82> <DB=-6005.5883> <Mlp= 1473.8375> <PB=956.2> 
<DWph=2> <it= 72> <et=2.29> <Mt= 0.01> <Spt= 0.02> <nCl= 30> <al=0.83> <DB=-7116.9355> <Mlp= 1464.1305> <PB=956.2> 
<DWph=2> <it= 73> <et=2.33> <Mt= 0.01> <Spt= 0.02> <nCl= 30> <al=0.85> <DB=-6262.9487> <Mlp= 1457.3998> <PB=956.2> 
<DWph=2> <it= 74> <et=2.36> <Mt= 0.02> <Spt= 0.03> <nCl= 30> <al=0.87> <DB=-5469.7378> <Mlp= 1451.5688> <PB=956.2> 
<DWph=2> <it= 75> <et=2.40> <Mt= 0.01> <Spt= 0.02> <nCl= 30> <al=0.77> <DB=-7191.0680> <Mlp= 1448.5085> <PB=956.2> 
<DWph=2> <it= 76> <et=2.44> <Mt= 0.02> <Spt= 0.02> <nCl= 30> <al=0.79> <DB=-5826.9438> <Mlp= 1438.7459> <PB=956.2> 
<DWph=2> <it= 77> <et=2.49> <Mt= 0.02> <Spt= 0.03> <nCl= 30> <al=0.81> <DB=-5581.5482> <Mlp= 1428.0878> <PB=956.2> 
<DWph=2> <it= 78> <et=2.53> <Mt= 0.02> <Spt= 0.02> <nCl= 30> <al=0.83> <DB=-4888.8420> <Mlp= 1415.6280> <PB=956.2> 
<DWph=2> <it= 79> <et=2.57> <Mt= 0.01> <Spt= 0.03> <nCl= 30> <al=0.73> <DB=-6731.9518> <Mlp= 1410.9083> <PB=956.2> 
<DWph=2> <it= 80> <et=2.61> <Mt= 0.02> <Spt= 0.02> <nCl= 30> <al=0.76> <DB=-5112.1910> <Mlp= 1396.2774> <PB=956.2> 
<DWph=2> <it= 81> <et=2.65> <Mt= 0.02> <Spt= 0.02> <nCl= 30> <al=0.78> <DB=-4122.6134> <Mlp= 1385.9958> <PB=956.2> 
<DWph=2> <it= 82> <et=2.69> <Mt= 0.02> <Spt= 0.03> <nCl= 30> <al=0.80> <DB=-4163.0189> <Mlp= 1376.3797> <PB=956.2> 
<DWph=2> <it= 83> <et=2.74> <Mt= 0.01> <Spt= 0.02> <nCl= 30> <al=0.82> <DB=-4426.0691> <Mlp= 1364.5705> <PB=956.2> 
<DWph=2> <it= 84> <et=2.79> <Mt= 0.03> <Spt= 0.03> <nCl= 30> <al=0.84> <DB=-3985.7463> <Mlp= 1344.3723> <PB=956.2> 
<DWph=2> <it= 85> <et=2.83> <Mt= 0.01> <Spt= 0.02> <nCl= 30> <al=0.74> <DB=-4246.0338> <Mlp= 1341.1305> <PB=956.2> 
<DWph=2> <it= 86> <et=2.88> <Mt= 0.02> <Spt= 0.03> <nCl= 30> <al=0.77> <DB=-3663.1801> <Mlp= 1322.7345> <PB=956.2> 
<DWph=2> <it= 87> <et=2.92> <Mt= 0.02> <Spt= 0.03> <nCl= 30> <al=0.79> <DB=-4305.2585> <Mlp= 1315.3056> <PB=956.2> 
<DWph=2> <it= 88> <et=2.97> <Mt= 0.03> <Spt= 0.02> <nCl= 30> <al=0.81> <DB=-3940.1127> <Mlp= 1303.9649> <PB=956.2> 
<DWph=2> <it= 89> <et=3.02> <Mt= 0.02> <Spt= 0.03> <nCl= 30> <al=0.83> <DB=-3287.3421> <Mlp= 1296.8177> <PB=956.2> 
<DWph=2> <it= 90> <et=3.06> <Mt= 0.02> <Spt= 0.02> <nCl= 30> <al=0.73> <DB=-4094.7944> <Mlp= 1289.0966> <PB=956.2> 
<DWph=2> <it= 91> <et=3.10> <Mt= 0.02> <Spt= 0.03> <nCl= 30> <al=0.76> <DB=-3223.7858> <Mlp= 1283.3675> <PB=956.2> 
<DWph=2> <it= 92> <et=3.15> <Mt= 0.01> <Spt= 0.02> <nCl= 30> <al=0.78> <DB=-3803.8089> <Mlp= 1273.6562> <PB=956.2> 
<DWph=2> <it= 93> <et=3.19> <Mt= 0.03> <Spt= 0.03> <nCl= 30> <al=0.80> <DB=-3193.5887> <Mlp= 1263.9104> <PB=956.2> 
<DWph=2> <it= 94> <et=3.24> <Mt= 0.01> <Spt= 0.02> <nCl= 30> <al=0.82> <DB=-3028.6728> <Mlp= 1259.3205> <PB=956.2> 
<DWph=2> <it= 95> <et=3.29> <Mt= 0.02> <Spt= 0.03> <nCl= 30> <al=0.84> <DB=-2913.4304> <Mlp= 1251.8076> <PB=956.2> 
<DWph=2> <it= 96> <et=3.33> <Mt= 0.03> <Spt= 0.02> <nCl= 30> <al=0.86> <DB=-2783.8675> <Mlp= 1242.0176> <PB=956.2> 
<DWph=2> <it= 97> <et=3.38> <Mt= 0.02> <Spt= 0.02> <nCl= 30> <al=0.87> <DB=-2846.7952> <Mlp= 1236.8573> <PB=956.2> 
<DWph=2> <it= 98> <et=3.42> <Mt= 0.02> <Spt= 0.03> <nCl= 30> <al=0.88> <DB=-2687.9798> <Mlp= 1231.7065> <PB=956.2> 
<DWph=2> <it= 99> <et=3.47> <Mt= 0.01> <Spt= 0.03> <nCl= 30> <al=0.90> <DB=-2636.6317> <Mlp= 1228.1001> <PB=956.2> 
<DWph=2> <it=100> <et=3.51> <Mt= 0.02> <Spt= 0.02> <nCl= 30> <al=0.91> <DB=-2935.4461> <Mlp= 1221.2488> <PB=956.2> 
<DWph=2> <it=101> <et=3.56> <Mt= 0.02> <Spt= 0.03> <nCl= 30> <al=0.92> <DB=-2478.3969> <Mlp= 1216.2029> <PB=956.2> 
<DWph=2> <it=102> <et=3.61> <Mt= 0.02> <Spt= 0.03> <nCl= 30> <al=0.82> <DB=-2661.4550> <Mlp= 1211.6096> <PB=956.2> 
<DWph=2> <it=103> <et=3.66> <Mt= 0.02> <Spt= 0.03> <nCl= 30> <al=0.83> <DB=-2149.0972> <Mlp= 1208.0637> <PB=956.2> 
<DWph=2> <it=104> <et=3.70> <Mt= 0.02> <Spt= 0.02> <nCl= 30> <al=0.85> <DB=-2288.9688> <Mlp= 1205.6146> <PB=956.2> 
<DWph=2> <it=105> <et=3.74> <Mt= 0.02> <Spt= 0.03> <nCl= 30> <al=0.87> <DB=-2264.6648> <Mlp= 1199.8679> <PB=956.2> 
<DWph=2> <it=106> <et=3.79> <Mt= 0.02> <Spt= 0.02> <nCl= 30> <al=0.88> <DB=-1790.3573> <Mlp= 1194.9127> <PB=956.2> 
<DWph=2> <it=107> <et=3.83> <Mt= 0.02> <Spt= 0.03> <nCl= 30> <al=0.78> <DB=-2245.4489> <Mlp= 1191.2887> <PB=956.2> 
<DWph=2> <it=108> <et=3.89> <Mt= 0.03> <Spt= 0.03> <nCl= 30> <al=0.80> <DB=-2082.8199> <Mlp= 1177.6829> <PB=956.2> 
<DWph=2> <it=109> <et=3.93> <Mt= 0.01> <Spt= 0.02> <nCl= 30> <al=0.70> <DB=-2881.5050> <Mlp= 1172.1170> <PB=956.2> 
<DWph=2> <it=110> <et=3.98> <Mt= 0.03> <Spt= 0.03> <nCl= 30> <al=0.73> <DB=-2057.3724> <Mlp= 1162.7446> <PB=956.2> 
<DWph=2> <it=111> <et=4.02> <Mt= 0.02> <Spt= 0.02> <nCl= 30> <al=0.76> <DB=-1921.3556> <Mlp= 1159.0779> <PB=956.2> 
<DWph=2> <it=112> <et=4.08> <Mt= 0.02> <Spt= 0.03> <nCl= 30> <al=0.78> <DB=-1798.0481> <Mlp= 1150.4082> <PB=956.2> 
<DWph=2> <it=113> <et=4.13> <Mt= 0.02> <Spt= 0.03> <nCl= 30> <al=0.80> <DB=-2062.5064> <Mlp= 1146.0162> <PB=956.2> 
<DWph=2> <it=114> <et=4.17> <Mt= 0.02> <Spt= 0.02> <nCl= 30> <al=0.82> <DB=-1517.0847> <Mlp= 1144.0476> <PB=956.2> 
<DWph=2> <it=115> <et=4.21> <Mt= 0.02> <Spt= 0.03> <nCl= 30> <al=0.84> <DB=-1858.0187> <Mlp= 1141.5822> <PB=956.2> 
<DWph=2> <it=116> <et=4.27> <Mt= 0.03> <Spt= 0.03> <nCl= 30> <al=0.86> <DB=-1601.3727> <Mlp= 1137.4966> <PB=956.2> 
<DWph=2> <it=117> <et=4.31> <Mt= 0.01> <Spt= 0.02> <nCl= 30> <al=0.87> <DB=-1252.0240> <Mlp= 1133.5950> <PB=956.2> 
<DWph=2> <it=118> <et=4.36> <Mt= 0.03> <Spt= 0.02> <nCl= 30> <al=0.77> <DB=-2040.2526> <Mlp= 1130.0829> <PB=956.2> 
<DWph=2> <it=119> <et=4.40> <Mt= 0.01> <Spt= 0.03> <nCl= 30> <al=0.79> <DB=-1538.0881> <Mlp= 1128.1522> <PB=956.2> 
<DWph=2> <it=120> <et=4.45> <Mt= 0.03> <Spt= 0.02> <nCl= 30> <al=0.81> <DB=-1112.3307> <Mlp= 1124.5371> <PB=956.2> 
<DWph=2> <it=121> <et=4.49> <Mt= 0.02> <Spt= 0.03> <nCl= 30> <al=0.83> <DB=-1280.2670> <Mlp= 1119.0937> <PB=956.2> 
<DWph=2> <it=122> <et=4.54> <Mt= 0.03> <Spt= 0.02> <nCl= 30> <al=0.85> <DB= -981.9480> <Mlp= 1113.6632> <PB=956.2> 
<DWph=2> <it=123> <et=4.60> <Mt= 0.02> <Spt= 0.03> <nCl= 30> <al=0.86> <DB=-1374.3395> <Mlp= 1105.4950> <PB=956.2> 
<DWph=2> <it=124> <et=4.64> <Mt= 0.02> <Spt= 0.02> <nCl= 30> <al=0.88> <DB= -853.2893> <Mlp= 1102.3410> <PB=956.2> 
<DWph=2> <it=125> <et=4.69> <Mt= 0.03> <Spt= 0.03> <nCl= 30> <al=0.89> <DB=-1031.2894> <Mlp= 1098.6120> <PB=956.2> 
<DWph=2> <it=126> <et=4.74> <Mt= 0.02> <Spt= 0.02> <nCl= 30> <al=0.90> <DB= -812.2961> <Mlp= 1096.4796> <PB=956.2> 
<DWph=2> <it=127> <et=4.78> <Mt= 0.02> <Spt= 0.03> <nCl= 30> <al=0.80> <DB=-1277.4690> <Mlp= 1095.2243> <PB=956.2> 
<DWph=2> <it=128> <et=4.83> <Mt= 0.02> <Spt= 0.02> <nCl= 30> <al=0.82> <DB= -506.4314> <Mlp= 1090.6839> <PB=956.2> 
<DWph=2> <it=129> <et=4.89> <Mt= 0.03> <Spt= 0.03> <nCl= 30> <al=0.84> <DB= -705.4954> <Mlp= 1085.0742> <PB=956.2> 
<DWph=2> <it=130> <et=4.93> <Mt= 0.02> <Spt= 0.02> <nCl= 30> <al=0.86> <DB= -708.9051> <Mlp= 1083.6164> <PB=956.2> 
<DWph=2> <it=131> <et=4.98> <Mt= 0.03> <Spt= 0.02> <nCl= 30> <al=0.87> <DB= -559.8606> <Mlp= 1081.2257> <PB=956.2> 
<DWph=2> <it=132> <et=5.01> <Mt= 0.01> <Spt= 0.03> <nCl= 30> <al=0.77> <DB= -511.6621> <Mlp= 1079.2214> <PB=956.2> 
<DWph=2> <it=133> <et=5.06> <Mt= 0.03> <Spt= 0.02> <nCl= 30> <al=0.67> <DB= -888.4909> <Mlp= 1075.7457> <PB=956.2> 
<DWph=2> <it=134> <et=5.11> <Mt= 0.02> <Spt= 0.03> <nCl= 30> <al=0.70> <DB= -450.2943> <Mlp= 1073.3632> <PB=956.2> 
<DWph=2> <it=135> <et=5.16> <Mt= 0.02> <Spt= 0.02> <nCl= 30> <al=0.73> <DB= -671.9249> <Mlp= 1070.3465> <PB=956.2> 
<DWph=2> <it=136> <et=5.21> <Mt= 0.03> <Spt= 0.02> <nCl= 30> <al=0.76> <DB= -416.4416> <Mlp= 1067.6220> <PB=956.2> 
<DWph=2> <it=137> <et=5.26> <Mt= 0.02> <Spt= 0.03> <nCl= 30> <al=0.66> <DB= -703.9565> <Mlp= 1059.0358> <PB=956.2> 
<DWph=2> <it=138> <et=5.31> <Mt= 0.03> <Spt= 0.02> <nCl= 30> <al=0.69> <DB= -858.8925> <Mlp= 1055.2890> <PB=956.2> 
<DWph=2> <it=139> <et=5.35> <Mt= 0.02> <Spt= 0.02> <nCl= 30> <al=0.72> <DB= -251.1613> <Mlp= 1052.7985> <PB=956.2> 
<DWph=2> <it=140> <et=5.40> <Mt= 0.03> <Spt= 0.03> <nCl= 30> <al=0.75> <DB= -884.7822> <Mlp= 1048.0228> <PB=956.2> 
<DWph=2> <it=141> <et=5.46> <Mt= 0.03> <Spt= 0.03> <nCl= 30> <al=0.78> <DB= -411.3980> <Mlp= 1043.8833> <PB=956.2> 
<DWph=2> <it=142> <et=5.51> <Mt= 0.02> <Spt= 0.02> <nCl= 30> <al=0.80> <DB= -607.4991> <Mlp= 1041.2387> <PB=956.2> 
<DWph=2> <it=143> <et=5.55> <Mt= 0.02> <Spt= 0.03> <nCl= 30> <al=0.82> <DB= -327.5481> <Mlp= 1039.9292> <PB=956.2> 
<DWph=2> <it=144> <et=5.61> <Mt= 0.02> <Spt= 0.03> <nCl= 30> <al=0.84> <DB= -656.8280> <Mlp= 1036.7184> <PB=956.2> 
<DWph=2> <it=145> <et=5.65> <Mt= 0.01> <Spt= 0.03> <nCl= 30> <al=0.74> <DB= -699.8372> <Mlp= 1036.4308> <PB=956.2> 
<DWph=2> <it=146> <et=5.69> <Mt= 0.02> <Spt= 0.02> <nCl= 30> <al=0.76> <DB= -405.6937> <Mlp= 1035.3508> <PB=956.2> 
<DWph=2> <it=147> <et=5.73> <Mt= 0.02> <Spt= 0.03> <nCl= 30> <al=0.66> <DB= -487.9156> <Mlp= 1034.0899> <PB=956.2> 
<DWph=2> <it=148> <et=5.79> <Mt= 0.03> <Spt= 0.02> <nCl= 30> <al=0.70> <DB= -429.5003> <Mlp= 1027.6561> <PB=956.2> 
<DWph=2> <it=149> <et=5.84> <Mt= 0.03> <Spt= 0.02> <nCl= 30> <al=0.73> <DB= -329.8956> <Mlp= 1021.6867> <PB=956.2> 
<DWph=2> <it=150> <et=5.88> <Mt= 0.02> <Spt= 0.02> <nCl= 30> <al=0.75> <DB= -266.4776> <Mlp= 1018.8786> <PB=956.2> 
<DWph=2> <it=151> <et=5.92> <Mt= 0.02> <Spt= 0.03> <nCl= 30> <al=0.78> <DB= -334.8714> <Mlp= 1017.4312> <PB=956.2> 
<DWph=2> <it=152> <et=5.97> <Mt= 0.02> <Spt= 0.02> <nCl= 30> <al=0.68> <DB= -464.6952> <Mlp= 1014.5421> <PB=956.2> 
<DWph=2> <it=153> <et=6.01> <Mt= 0.01> <Spt= 0.03> <nCl= 30> <al=0.71> <DB= -308.8924> <Mlp= 1014.5282> <PB=956.2> 
<DWph=2> <it=154> <et=6.06> <Mt= 0.03> <Spt= 0.03> <nCl= 30> <al=0.74> <DB= -246.7231> <Mlp= 1013.0981> <PB=956.2> 
<DWph=2> <it=155> <et=6.11> <Mt= 0.02> <Spt= 0.02> <nCl= 30> <al=0.77> <DB= -468.2699> <Mlp= 1011.7125> <PB=956.2> 
<DWph=2> <it=156> <et=6.17> <Mt= 0.02> <Spt= 0.03> <nCl= 30> <al=0.79> <DB= -587.7063> <Mlp= 1006.3917> <PB=956.2> 
<DWph=2> <it=157> <et=6.21> <Mt= 0.03> <Spt= 0.03> <nCl= 30> <al=0.81> <DB=    4.1224> <Mlp= 1004.2240> <PB=956.2> 
<DWph=2> <it=158> <et=6.27> <Mt= 0.03> <Spt= 0.02> <nCl= 30> <al=0.83> <DB=   33.8827> <Mlp= 1001.5089> <PB=956.2> 
<DWph=2> <it=159> <et=6.31> <Mt= 0.02> <Spt= 0.02> <nCl= 30> <al=0.85> <DB= -200.0673> <Mlp=  999.4252> <PB=956.2> 
<DWph=2> <it=160> <et=6.36> <Mt= 0.03> <Spt= 0.03> <nCl= 30> <al=0.86> <DB=   18.4128> <Mlp=  996.9543> <PB=956.2> 
<DWph=2> <it=161> <et=6.40> <Mt= 0.01> <Spt= 0.02> <nCl= 30> <al=0.88> <DB=   43.5158> <Mlp=  996.1134> <PB=956.2> 
<DWph=2> <it=162> <et=6.45> <Mt= 0.02> <Spt= 0.02> <nCl= 30> <al=0.78> <DB=    7.3731> <Mlp=  994.6254> <PB=956.2> 
<DWph=2> <it=163> <et=6.50> <Mt= 0.03> <Spt= 0.03> <nCl= 30> <al=0.80> <DB=    1.4223> <Mlp=  991.8179> <PB=956.2> 
<DWph=2> <it=164> <et=6.54> <Mt= 0.02> <Spt= 0.03> <nCl= 30> <al=0.82> <DB=  114.3127> <Mlp=  989.3210> <PB=956.2> 
<DWph=2> <it=165> <et=6.59> <Mt= 0.02> <Spt= 0.02> <nCl= 30> <al=0.84> <DB=  -15.0098> <Mlp=  986.5192> <PB=956.2> 
<DWph=2> <it=166> <et=6.64> <Mt= 0.02> <Spt= 0.03> <nCl= 30> <al=0.85> <DB=   43.9238> <Mlp=  984.8959> <PB=956.2> 
<DWph=2> <it=167> <et=6.69> <Mt= 0.02> <Spt= 0.02> <nCl= 30> <al=0.87> <DB=   86.1024> <Mlp=  982.8704> <PB=956.2> 
<DWph=2> <it=168> <et=6.73> <Mt= 0.02> <Spt= 0.03> <nCl= 30> <al=0.77> <DB= -131.5372> <Mlp=  981.4617> <PB=956.2> 
<DWph=2> <it=169> <et=6.78> <Mt= 0.02> <Spt= 0.03> <nCl= 29> <al=0.79> <DB=  132.1970> <Mlp=  980.4641> <PB=956.2> 
<DWph=2> <it=170> <et=6.81> <Mt= 0.01> <Spt= 0.02> <nCl= 30> <al=0.69> <DB= -261.7939> <Mlp=  980.4640> <PB=956.2> 
<DWph=2> <it=171> <et=6.84> <Mt= 0.01> <Spt= 0.02> <nCl= 30> <al=0.72> <DB=   41.2712> <Mlp=  979.9005> <PB=956.2> 
<DWph=2> <it=172> <et=6.89> <Mt= 0.02> <Spt= 0.03> <nCl= 30> <al=0.75> <DB=  155.6627> <Mlp=  978.2241> <PB=956.2> 
<DWph=2> <it=173> <et=6.93> <Mt= 0.03> <Spt= 0.02> <nCl= 30> <al=0.77> <DB=  -21.5852> <Mlp=  975.8451> <PB=956.2> 
<DWph=2> <it=174> <et=6.98> <Mt= 0.02> <Spt= 0.02> <nCl= 30> <al=0.80> <DB= -109.7133> <Mlp=  974.2421> <PB=956.2> 
<DWph=2> <it=175> <et=7.03> <Mt= 0.02> <Spt= 0.03> <nCl= 30> <al=0.82> <DB=  195.1081> <Mlp=  972.4685> <PB=956.2> 
<DWph=2> <it=176> <et=7.07> <Mt= 0.03> <Spt= 0.02> <nCl= 30> <al=0.84> <DB=  208.0192> <Mlp=  971.6299> <PB=956.2> 
<DWph=2> <it=177> <et=7.12> <Mt= 0.02> <Spt= 0.02> <nCl= 29> <al=0.85> <DB=  163.7060> <Mlp=  970.7737> <PB=956.2> 
<DWph=2> <it=178> <et=7.16> <Mt= 0.01> <Spt= 0.02> <nCl= 29> <al=0.87> <DB=  197.5352> <Mlp=  970.4213> <PB=956.2> 
<DWph=2> <it=179> <et=7.19> <Mt= 0.02> <Spt= 0.02> <nCl= 30> <al=0.77> <DB=  232.1224> <Mlp=  970.2128> <PB=956.2> 
<DWph=2> <it=180> <et=7.23> <Mt= 0.02> <Spt= 0.03> <nCl= 30> <al=0.79> <DB=  134.3715> <Mlp=  969.2958> <PB=956.2> 
<DWph=2> <it=181> <et=7.29> <Mt= 0.03> <Spt= 0.02> <nCl= 29> <al=0.81> <DB=  241.4143> <Mlp=  968.1851> <PB=956.2> 
<DWph=2> <it=182> <et=7.33> <Mt= 0.02> <Spt= 0.02> <nCl= 30> <al=0.71> <DB=   35.2981> <Mlp=  966.7297> <PB=956.2> 
<DWph=2> <it=183> <et=7.37> <Mt= 0.02> <Spt= 0.02> <nCl= 30> <al=0.74> <DB=  240.4103> <Mlp=  965.1950> <PB=956.2> 
<DWph=2> <it=184> <et=7.42> <Mt= 0.02> <Spt= 0.03> <nCl= 30> <al=0.64> <DB=  278.4923> <Mlp=  964.6928> <PB=956.2> 
<DWph=2> <it=185> <et=7.47> <Mt= 0.03> <Spt= 0.02> <nCl= 30> <al=0.68> <DB=   67.9794> <Mlp=  963.8359> <PB=956.2> 
<DWph=2> <it=186> <et=7.50> <Mt= 0.01> <Spt= 0.02> <nCl= 30> <al=0.71> <DB=  288.5851> <Mlp=  963.7745> <PB=956.2> 
<DWph=2> <it=187> <et=7.54> <Mt= 0.02> <Spt= 0.03> <nCl= 30> <al=0.74> <DB=  150.7477> <Mlp=  962.8607> <PB=956.2> 
<DWph=2> <it=188> <et=7.57> <Mt= 0.00> <Spt= 0.02> <nCl= 27> <al=0.76> <DB=  500.3643> <Mlp=  962.8607> <PB=956.2> 
<DWph=2> <it=189> <et=7.60> <Mt= 0.01> <Spt= 0.02> <nCl= 30> <al=0.66> <DB=  428.3529> <Mlp=  962.6755> <PB=956.2> 
<DWph=2> <it=190> <et=7.63> <Mt= 0.01> <Spt= 0.02> <nCl= 30> <al=0.70> <DB=  528.5964> <Mlp=  962.3283> <PB=956.2> 
<DWph=2> <it=191> <et=7.67> <Mt= 0.02> <Spt= 0.02> <nCl= 30> <al=0.60> <DB=  385.8423> <Mlp=  961.9009> <PB=956.2> 
<DWph=2> <it=192> <et=7.70> <Mt= 0.01> <Spt= 0.02> <nCl= 30> <al=0.64> <DB=  375.4484> <Mlp=  961.8304> <PB=956.2> 
<DWph=2> <it=193> <et=7.73> <Mt= 0.01> <Spt= 0.02> <nCl= 30> <al=0.67> <DB=  539.4295> <Mlp=  961.8304> <PB=956.2> 
<DWph=2> <it=194> <et=7.77> <Mt= 0.02> <Spt= 0.03> <nCl= 30> <al=0.71> <DB=  414.3890> <Mlp=  961.3716> <PB=956.2> 
<DWph=2> <it=195> <et=7.81> <Mt= 0.01> <Spt= 0.02> <nCl= 30> <al=0.61> <DB=  412.8456> <Mlp=  960.3943> <PB=956.2> 
<DWph=2> <it=196> <et=7.85> <Mt= 0.02> <Spt= 0.02> <nCl= 30> <al=0.65> <DB=  635.6507> <Mlp=  959.6080> <PB=956.2> 
<DWph=2> <it=197> <et=7.89> <Mt= 0.02> <Spt= 0.02> <nCl= 30> <al=0.68> <DB=  623.2915> <Mlp=  959.3671> <PB=956.2> 
<DWph=2> <it=198> <et=7.93> <Mt= 0.02> <Spt= 0.02> <nCl= 30> <al=0.71> <DB=  649.8766> <Mlp=  958.7661> <PB=956.2> 
<DWph=2> <it=199> <et=7.97> <Mt= 0.02> <Spt= 0.03> <nCl= 30> <al=0.74> <DB=  629.9713> <Mlp=  958.4064> <PB=956.2> 
<DWph=2> <it=200> <et=8.01> <Mt= 0.01> <Spt= 0.02> <nCl= 30> <al=0.64> <DB=  671.1522> <Mlp=  958.0794> <PB=956.2> 
<DWph=2> <it=201> <et=8.05> <Mt= 0.02> <Spt= 0.02> <nCl= 30> <al=0.68> <DB=  573.2058> <Mlp=  957.8584> <PB=956.2> 
<DWph=2> <it=202> <et=8.08> <Mt= 0.01> <Spt= 0.02> <nCl= 30> <al=0.71> <DB=  705.5024> <Mlp=  957.2039> <PB=956.2> 
<DWph=2> <it=203> <et=8.13> <Mt= 0.03> <Spt= 0.02> <nCl= 30> <al=0.74> <DB=  625.7311> <Mlp=  956.5151> <PB=956.2> 
<DWph=2> <it=204> <et=8.18> <Mt= 0.02> <Spt= 0.02> <nCl= 30> <al=0.64> <DB=  551.8670> <Mlp=  955.3714> <PB=956.2> 
<DWph=2> <it=205> <et=8.22> <Mt= 0.03> <Spt= 0.02> <nCl= 24> <al=0.68> <DB=  696.3564> <Mlp=  954.3012> <PB=956.2> 
<DWph=2> <it=206> <et=8.25> <Mt= 0.01> <Spt= 0.02> <nCl= 30> <al=0.58> <DB=  670.2302> <Mlp=  953.9505> <PB=956.2> 
<DWph=2> <it=207> <et=8.29> <Mt= 0.01> <Spt= 0.02> <nCl= 30> <al=0.62> <DB=  456.3064> <Mlp=  953.7390> <PB=956.2> 
<DWph=2> <it=208> <et=8.31> <Mt= 0.01> <Spt= 0.02> <nCl= 30> <al=0.66> <DB=  610.9842> <Mlp=  953.7390> <PB=956.2> 
<DWph=2> <it=209> <et=8.35> <Mt= 0.01> <Spt= 0.03> <nCl= 30> <al=0.69> <DB=  705.8588> <Mlp=  953.5528> <PB=956.2> 
<DWph=2> <it=210> <et=8.38> <Mt= 0.01> <Spt= 0.02> <nCl= 30> <al=0.72> <DB=  370.2253> <Mlp=  953.2119> <PB=956.2> 
<DWph=2> <it=211> <et=8.41> <Mt= 0.01> <Spt= 0.02> <nCl= 17> <al=0.75> <DB=  617.8319> <Mlp=  953.2119> <PB=956.2> 
<DWph=2> <it=212> <et=8.46> <Mt= 0.01> <Spt= 0.04> <nCl= 42> <al=0.55> <DB=  586.4006> <Mlp=  953.0890> <PB=956.2> 
<DWph=2> <it=213> <et=8.50> <Mt= 0.02> <Spt= 0.02> <nCl= 30> <al=0.67> <DB=  583.8141> <Mlp=  952.3587> <PB=956.2> 
<DWph=2> <it=214> <et=8.54> <Mt= 0.02> <Spt= 0.02> <nCl= 30> <al=0.57> <DB=  672.9810> <Mlp=  951.7308> <PB=956.2> 
<DWph=2> <it=215> <et=8.58> <Mt= 0.02> <Spt= 0.02> <nCl= 30> <al=0.62> <DB=  531.4990> <Mlp=  950.6819> <PB=956.2> 
<DWph=2> <it=216> <et=8.62> <Mt= 0.02> <Spt= 0.02> <nCl= 28> <al=0.66> <DB=  620.0853> <Mlp=  949.2531> <PB=956.2> 
<DWph=2> <it=217> <et=8.67> <Mt= 0.02> <Spt= 0.02> <nCl= 30> <al=0.56> <DB=  656.0759> <Mlp=  948.5603> <PB=956.2> 
<DWph=2> <it=218> <et=8.71> <Mt= 0.02> <Spt= 0.02> <nCl= 28> <al=0.60> <DB=  634.6301> <Mlp=  948.0718> <PB=956.2> 
<DWph=2> <it=219> <et=8.74> <Mt= 0.01> <Spt= 0.02> <nCl= 27> <al=0.50> <DB=  689.5943> <Mlp=  948.0308> <PB=956.2> 
<DWph=2> <it=220> <et=8.78> <Mt= 0.02> <Spt= 0.03> <nCl= 30> <al=0.40> <DB=  654.6682> <Mlp=  947.8306> <PB=956.2> 
<DWph=2> <it=221> <et=8.82> <Mt= 0.02> <Spt= 0.02> <nCl= 30> <al=0.46> <DB=  731.2199> <Mlp=  947.5278> <PB=956.2> 
<DWph=2> <it=222> <et=8.87> <Mt= 0.02> <Spt= 0.02> <nCl= 30> <al=0.36> <DB=  563.2930> <Mlp=  947.2123> <PB=956.2> 
<DWph=2> <it=223> <et=8.91> <Mt= 0.02> <Spt= 0.03> <nCl= 30> <al=0.42> <DB=  638.2780> <Mlp=  946.9784> <PB=956.2> 
<DWph=2> <it=224> <et=8.96> <Mt= 0.03> <Spt= 0.02> <nCl= 30> <al=0.48> <DB=  735.1574> <Mlp=  946.4910> <PB=956.2> 
<DWph=2> <it=225> <et=9.01> <Mt= 0.02> <Spt= 0.02> <nCl= 30> <al=0.53> <DB=  639.6876> <Mlp=  946.0297> <PB=956.2> 
<DWph=2> <it=226> <et=9.04> <Mt= 0.01> <Spt= 0.02> <nCl= 30> <al=0.58> <DB=  677.9174> <Mlp=  945.8444> <PB=956.2> 
<DWph=2> <it=227> <et=9.08> <Mt= 0.02> <Spt= 0.03> <nCl= 30> <al=0.62> <DB=  693.2495> <Mlp=  945.5272> <PB=956.2> 
<DWph=2> <it=228> <et=9.11> <Mt= 0.01> <Spt= 0.02> <nCl= 22> <al=0.66> <DB=  761.2815> <Mlp=  945.4410> <PB=956.2> 
<DWph=2> <it=229> <et=9.15> <Mt= 0.02> <Spt= 0.02> <nCl= 30> <al=0.56> <DB=  656.0966> <Mlp=  945.0688> <PB=956.2> 
<DWph=2> <it=230> <et=9.21> <Mt= 0.03> <Spt= 0.03> <nCl= 30> <al=0.60> <DB=  722.5130> <Mlp=  944.2572> <PB=956.2> 
<DWph=2> <it=231> <et=9.24> <Mt= 0.01> <Spt= 0.02> <nCl= 30> <al=0.64> <DB=  706.1376> <Mlp=  944.0363> <PB=956.2> 
<DWph=2> <it=232> <et=9.28> <Mt= 0.01> <Spt= 0.02> <nCl= 23> <al=0.68> <DB=  752.7780> <Mlp=  943.9451> <PB=956.2> 
<DWph=2> <it=233> <et=9.31> <Mt= 0.01> <Spt= 0.02> <nCl= 30> <al=0.58> <DB=  784.6017> <Mlp=  943.9117> <PB=956.2> 
<DWph=2> <it=234> <et=9.35> <Mt= 0.02> <Spt= 0.02> <nCl= 30> <al=0.48> <DB=  741.8668> <Mlp=  943.5209> <PB=956.2> 
<DWph=2> <it=235> <et=9.38> <Mt= 0.01> <Spt= 0.02> <nCl= 30> <al=0.53> <DB=  788.2516> <Mlp=  943.3681> <PB=956.2> 
<DWph=2> <it=236> <et=9.43> <Mt= 0.02> <Spt= 0.03> <nCl= 30> <al=0.58> <DB=  852.7276> <Mlp=  942.9742> <PB=956.2> 
<DWph=2> <it=237> <et=9.47> <Mt= 0.03> <Spt= 0.02> <nCl= 25> <al=0.62> <DB=  779.3087> <Mlp=  942.8200> <PB=956.2> 
<DWph=2> <it=238> <et=9.51> <Mt= 0.01> <Spt= 0.02> <nCl= 23> <al=0.66> <DB=  787.8182> <Mlp=  942.7852> <PB=956.2> 
<DWph=2> <it=239> <et=9.55> <Mt= 0.02> <Spt= 0.02> <nCl= 26> <al=0.69> <DB=  813.9836> <Mlp=  942.4517> <PB=956.2> 
<DWph=2> <it=240> <et=9.60> <Mt= 0.03> <Spt= 0.02> <nCl= 22> <al=0.72> <DB=  834.8931> <Mlp=  940.8641> <PB=956.2> 
<DWph=2> <it=241> <et=9.64> <Mt= 0.02> <Spt= 0.02> <nCl= 30> <al=0.62> <DB=  839.0557> <Mlp=  940.1779> <PB=956.2> 
<DWph=2> <it=242> <et=9.67> <Mt= 0.02> <Spt= 0.02> <nCl= 30> <al=0.52> <DB=  831.6083> <Mlp=  940.1168> <PB=956.2> 
<DWph=2> <it=243> <et=9.71> <Mt= 0.01> <Spt= 0.02> <nCl= 19> <al=0.57> <DB=  857.8959> <Mlp=  940.0004> <PB=956.2> 
<DWph=2> <it=244> <et=9.74> <Mt= 0.01> <Spt= 0.02> <nCl= 30> <al=0.47> <DB=  834.6312> <Mlp=  939.9394> <PB=956.2> 
<DWph=2> <it=245> <et=9.77> <Mt= 0.02> <Spt= 0.02> <nCl= 30> <al=0.52> <DB=  883.4973> <Mlp=  939.7708> <PB=956.2> 
<DWph=2> <it=246> <et=9.80> <Mt= 0.01> <Spt= 0.02> <nCl= 20> <al=0.57> <DB=  835.3512> <Mlp=  939.7011> <PB=956.2> 
<DWph=2> <it=247> <et=9.84> <Mt= 0.01> <Spt= 0.02> <nCl= 18> <al=0.61> <DB=  888.4505> <Mlp=  939.5637> <PB=956.2> 
<DWph=2> <it=248> <et=9.88> <Mt= 0.02> <Spt= 0.02> <nCl= 26> <al=0.65> <DB=  809.7205> <Mlp=  939.4491> <PB=956.2> 
<DWph=2> <it=249> <et=9.91> <Mt= 0.02> <Spt= 0.01> <nCl= 16> <al=0.69> <DB=  898.5406> <Mlp=  939.2898> <PB=956.2> 
<DWph=2> <it=250> <et=9.94> <Mt= 0.00> <Spt= 0.02> <nCl= 26> <al=0.72> <DB=  837.7758> <Mlp=  939.2896> <PB=956.2> 
<DWph=2> <it=251> <et=9.97> <Mt= 0.02> <Spt= 0.02> <nCl= 16> <al=0.75> <DB=  890.5219> <Mlp=  938.9948> <PB=956.2> 
<DWph=2> <it=252> <et=9.99> <Mt= 0.00> <Spt= 0.02> <nCl= 15> <al=0.65> <DB=  869.1322> <Mlp=  938.9948> <PB=956.2> 
<DWph=2> <it=253> <et=10.02> <Mt= 0.01> <Spt= 0.02> <nCl= 14> <al=0.68> <DB=  867.4016> <Mlp=  938.9722> <PB=956.2> 
<DWph=2> <it=254> <et=10.05> <Mt= 0.01> <Spt= 0.02> <nCl= 12> <al=0.71> <DB=  852.9181> <Mlp=  938.9609> <PB=956.2> 
<DWph=2> <it=255> <et=10.09> <Mt= 0.00> <Spt= 0.04> <nCl= 31> <al=0.49> <DB=  867.9903> <Mlp=  938.9609> <PB=956.2> 
<DWph=2> <it=256> <et=10.13> <Mt= 0.02> <Spt= 0.02> <nCl= 27> <al=0.64> <DB=  887.6356> <Mlp=  938.7435> <PB=956.2> 
<DWph=2> <it=257> <et=10.17> <Mt= 0.02> <Spt= 0.02> <nCl= 27> <al=0.68> <DB=  857.9023> <Mlp=  938.6981> <PB=956.2> 
<DWph=2> <it=258> <et=10.20> <Mt= 0.01> <Spt= 0.03> <nCl=  8> <al=0.71> <DB=  885.4854> <Mlp=  938.6834> <PB=956.2> 
<DWph=2> <it=259> <et=10.23> <Mt= 0.00> <Spt= 0.01> <nCl= 23> <al=0.61> <DB=  903.6175> <Mlp=  938.6790> <PB=956.2> 
<DWph=2> <it=260> <et=10.25> <Mt= 0.01> <Spt= 0.02> <nCl=  3> <al=0.65> <DB=  920.3356> <Mlp=  938.6726> <PB=956.2> 
<DWph=2> <it=261> <et=10.28> <Mt= 0.01> <Spt= 0.02> <nCl= 19> <al=0.68> <DB=  903.6325> <Mlp=  938.6726> <PB=956.2> 
<DWph=2> <it=262> <et=10.32> <Mt= 0.01> <Spt= 0.03> <nCl= 19> <al=0.72> <DB=  913.8517> <Mlp=  938.6268> <PB=956.2> 
<DWph=2> <it=263> <et=10.35> <Mt= 0.01> <Spt= 0.02> <nCl= 20> <al=0.62> <DB=  844.3416> <Mlp=  938.6151> <PB=956.2> 
<DWph=2> <it=264> <et=10.38> <Mt= 0.00> <Spt= 0.03> <nCl= 15> <al=0.65> <DB=  916.7361> <Mlp=  938.6151> <PB=956.2> 
<DWph=2> <it=265> <et=10.41> <Mt= 0.01> <Spt= 0.02> <nCl= 12> <al=0.55> <DB=  920.4431> <Mlp=  938.6105> <PB=956.2> 
<DWph=2> <it=266> <et=10.43> <Mt= 0.01> <Spt= 0.02> <nCl= 21> <al=0.60> <DB=  873.0689> <Mlp=  938.6105> <PB=956.2> 
<DWph=2> <it=267> <et=10.48> <Mt= 0.01> <Spt= 0.03> <nCl= 27> <al=0.28> <DB=  916.3480> <Mlp=  938.6015> <PB=956.2> 
<DWph=2> <it=268> <et=10.51> <Mt= 0.01> <Spt= 0.02> <nCl= 10> <al=0.54> <DB=  922.8035> <Mlp=  938.5785> <PB=956.2> 
<DWph=2> <it=269> <et=10.54> <Mt= 0.00> <Spt= 0.02> <nCl= 11> <al=0.44> <DB=  928.5374> <Mlp=  938.5785> <PB=956.2> 
<DWph=2> <it=270> <et=10.57> <Mt= 0.01> <Spt= 0.02> <nCl= 16> <al=0.34> <DB=  932.3674> <Mlp=  938.5739> <PB=956.2> 
<DWph=2> <it=271> <et=10.59> <Mt= 0.01> <Spt= 0.02> <nCl= 20> <al=0.41> <DB=  931.7369> <Mlp=  938.5717> <PB=956.2> 
<DWph=2> <it=272> <et=10.62> <Mt= 0.01> <Spt= 0.02> <nCl=  5> <al=0.46> <DB=  935.6878> <Mlp=  938.5700> <PB=956.2> 
<DWph=2> <it=273> <et=10.65> <Mt= 0.00> <Spt= 0.02> <nCl= 15> <al=0.36> <DB=  885.6883> <Mlp=  938.5653> <PB=956.2> 
<DWph=2> <it=274> <et=10.69> <Mt= 0.02> <Spt= 0.02> <nCl= 10> <al=0.43> <DB=  916.5648> <Mlp=  938.5130> <PB=956.2> 
<DWph=2> <it=275> <et=10.71> <Mt= 0.01> <Spt= 0.02> <nCl=  7> <al=0.49> <DB=  935.5199> <Mlp=  938.5072> <PB=956.2> 
<DWph=2> <it=276> <et=10.76> <Mt= 0.00> <Spt= 0.04> <nCl= 16> <al=0.07> <DB=  924.1564> <Mlp=  938.5072> <PB=956.2> 
<DWph=2> <it=277> <et=10.80> <Mt= 0.01> <Spt= 0.04> <nCl= 21> <al=0.00> <DB=  934.1128> <Mlp=  938.5068> <PB=956.2> 
<DWph=2> <it=278> <et=10.83> <Mt= 0.01> <Spt= 0.02> <nCl= 16> <al=0.34> <DB=  938.2035> <Mlp=  938.5051> <PB=956.2> 
<DWph=2> <it=279> <et=10.86> <Mt= 0.00> <Spt= 0.02> <nCl=  2> <al=0.24> <DB=  938.3180> <Mlp=  938.5050> <PB=956.2> 
<DWph=2> <it=280> <et=10.90> <Mt= 0.01> <Spt= 0.04> <nCl=  7> <al=0.00> <DB=  938.5050> <Mlp=  938.5050> <PB=956.2> 
<DWph=1> <it=281> <et=10.95> <Mt= 0.00> <Spt= 0.04> <nCl= 30> <al=0.21> <DB=  581.3686> <Mlp=  938.5050> <PB=956.2> 
<DWph=1> <it=282> <et=11.03> <Mt= 0.04> <Spt= 0.04> <nCl= 30> <al=0.29> <DB=  616.0630> <Mlp=  937.4851> <PB=956.2> 
<DWph=1> <it=283> <et=11.11> <Mt= 0.03> <Spt= 0.05> <nCl= 30> <al=0.36> <DB=  673.6816> <Mlp=  936.0989> <PB=956.2> 
<DWph=1> <it=284> <et=11.18> <Mt= 0.03> <Spt= 0.04> <nCl= 30> <al=0.43> <DB=  696.8255> <Mlp=  934.8204> <PB=956.2> 
<DWph=1> <it=285> <et=11.25> <Mt= 0.03> <Spt= 0.04> <nCl= 30> <al=0.48> <DB=  721.3104> <Mlp=  933.9977> <PB=956.2> 
<DWph=1> <it=286> <et=11.31> <Mt= 0.02> <Spt= 0.05> <nCl= 30> <al=0.38> <DB=  740.2403> <Mlp=  933.7826> <PB=956.2> 
<DWph=1> <it=287> <et=11.38> <Mt= 0.02> <Spt= 0.04> <nCl= 30> <al=0.45> <DB=  790.3140> <Mlp=  933.4643> <PB=956.2> 
<DWph=1> <it=288> <et=11.45> <Mt= 0.03> <Spt= 0.04> <nCl= 30> <al=0.35> <DB=  627.8877> <Mlp=  932.7557> <PB=956.2> 
<DWph=1> <it=289> <et=11.51> <Mt= 0.02> <Spt= 0.04> <nCl= 30> <al=0.41> <DB=  710.3193> <Mlp=  932.4730> <PB=956.2> 
<DWph=1> <it=290> <et=11.57> <Mt= 0.02> <Spt= 0.04> <nCl= 30> <al=0.47> <DB=  753.6927> <Mlp=  932.4022> <PB=956.2> 
<DWph=1> <it=291> <et=11.63> <Mt= 0.02> <Spt= 0.04> <nCl= 30> <al=0.37> <DB=  773.6056> <Mlp=  931.5599> <PB=956.2> 
<DWph=1> <it=292> <et=11.71> <Mt= 0.04> <Spt= 0.04> <nCl= 29> <al=0.43> <DB=  756.5024> <Mlp=  930.6915> <PB=956.2> 
<DWph=1> <it=293> <et=11.78> <Mt= 0.04> <Spt= 0.04> <nCl= 30> <al=0.49> <DB=  783.2584> <Mlp=  929.8457> <PB=956.2> 
<DWph=1> <it=294> <et=11.83> <Mt= 0.01> <Spt= 0.04> <nCl= 29> <al=0.54> <DB=  855.6825> <Mlp=  929.8389> <PB=956.2> 
<DWph=1> <it=295> <et=11.89> <Mt= 0.01> <Spt= 0.04> <nCl= 30> <al=0.44> <DB=  793.4074> <Mlp=  929.8027> <PB=956.2> 
<DWph=1> <it=296> <et=11.94> <Mt= 0.02> <Spt= 0.04> <nCl= 30> <al=0.50> <DB=  753.3097> <Mlp=  929.7988> <PB=956.2> 
<DWph=1> <it=297> <et=12.00> <Mt= 0.01> <Spt= 0.04> <nCl= 30> <al=0.55> <DB=  813.0425> <Mlp=  929.7947> <PB=956.2> 
<DWph=1> <it=298> <et=12.05> <Mt= 0.01> <Spt= 0.04> <nCl= 22> <al=0.59> <DB=  876.9576> <Mlp=  929.7921> <PB=956.2> 
<DWph=1> <it=299> <et=12.10> <Mt= 0.01> <Spt= 0.04> <nCl= 30> <al=0.49> <DB=  791.8630> <Mlp=  929.7054> <PB=956.2> 
<DWph=1> <it=300> <et=12.15> <Mt= 0.02> <Spt= 0.04> <nCl= 30> <al=0.54> <DB=  882.9496> <Mlp=  929.6672> <PB=956.2> 
<DWph=1> <it=301> <et=12.21> <Mt= 0.01> <Spt= 0.04> <nCl= 30> <al=0.59> <DB=  854.5084> <Mlp=  929.4914> <PB=956.2> 
<DWph=1> <it=302> <et=12.27> <Mt= 0.02> <Spt= 0.03> <nCl= 28> <al=0.63> <DB=  821.8538> <Mlp=  929.3165> <PB=956.2> 
<DWph=1> <it=303> <et=12.32> <Mt= 0.02> <Spt= 0.04> <nCl= 28> <al=0.67> <DB=  884.6132> <Mlp=  929.1358> <PB=956.2> 
<DWph=1> <it=304> <et=12.38> <Mt= 0.02> <Spt= 0.04> <nCl= 29> <al=0.70> <DB=  865.4895> <Mlp=  929.0881> <PB=956.2> 
<DWph=1> <it=305> <et=12.43> <Mt= 0.01> <Spt= 0.04> <nCl= 26> <al=0.73> <DB=  893.2419> <Mlp=  929.0793> <PB=956.2> 
<DWph=1> <it=306> <et=12.48> <Mt= 0.01> <Spt= 0.05> <nCl= 25> <al=0.76> <DB=  812.3901> <Mlp=  929.0741> <PB=956.2> 
<DWph=1> <it=307> <et=12.53> <Mt= 0.00> <Spt= 0.04> <nCl= 12> <al=0.78> <DB=  904.4521> <Mlp=  929.0741> <PB=956.2> 
<DWph=1> <it=308> <et=12.58> <Mt= 0.01> <Spt= 0.04> <nCl= 28> <al=0.68> <DB=  874.8516> <Mlp=  929.0728> <PB=956.2> 
<DWph=1> <it=309> <et=12.63> <Mt= 0.01> <Spt= 0.03> <nCl= 24> <al=0.58> <DB=  894.0465> <Mlp=  928.9878> <PB=956.2> 
<DWph=1> <it=310> <et=12.68> <Mt= 0.02> <Spt= 0.04> <nCl= 27> <al=0.62> <DB=  885.5862> <Mlp=  928.9234> <PB=956.2> 
<DWph=1> <it=311> <et=12.73> <Mt= 0.01> <Spt= 0.04> <nCl= 27> <al=0.66> <DB=  886.4598> <Mlp=  928.8194> <PB=956.2> 
<DWph=1> <it=312> <et=12.79> <Mt= 0.02> <Spt= 0.04> <nCl= 14> <al=0.69> <DB=  902.6793> <Mlp=  928.7234> <PB=956.2> 
<DWph=1> <it=313> <et=12.83> <Mt= 0.00> <Spt= 0.04> <nCl= 19> <al=0.73> <DB=  909.8059> <Mlp=  928.7175> <PB=956.2> 
<DWph=1> <it=314> <et=12.89> <Mt= 0.02> <Spt= 0.04> <nCl= 15> <al=0.75> <DB=  914.4757> <Mlp=  928.6980> <PB=956.2> 
<DWph=1> <it=315> <et=12.94> <Mt= 0.00> <Spt= 0.04> <nCl= 28> <al=0.65> <DB=  797.2411> <Mlp=  928.6980> <PB=956.2> 
<DWph=1> <it=316> <et=13.00> <Mt= 0.02> <Spt= 0.04> <nCl= 25> <al=0.69> <DB=  893.3197> <Mlp=  928.5739> <PB=956.2> 
<DWph=1> <it=317> <et=13.05> <Mt= 0.02> <Spt= 0.04> <nCl= 26> <al=0.72> <DB=  885.1328> <Mlp=  928.5594> <PB=956.2> 
<DWph=1> <it=318> <et=13.10> <Mt= 0.00> <Spt= 0.04> <nCl= 20> <al=0.75> <DB=  907.8829> <Mlp=  928.5594> <PB=956.2> 
<DWph=1> <it=319> <et=13.15> <Mt= 0.01> <Spt= 0.04> <nCl= 15> <al=0.65> <DB=  917.4731> <Mlp=  928.5589> <PB=956.2> 
<DWph=1> <it=320> <et=13.20> <Mt= 0.01> <Spt= 0.05> <nCl= 18> <al=0.55> <DB=  914.8496> <Mlp=  928.5588> <PB=956.2> 
<DWph=1> <it=321> <et=13.25> <Mt= 0.01> <Spt= 0.04> <nCl= 23> <al=0.59> <DB=  889.9253> <Mlp=  928.5489> <PB=956.2> 
<DWph=1> <it=322> <et=13.30> <Mt= 0.01> <Spt= 0.04> <nCl= 15> <al=0.63> <DB=  916.8279> <Mlp=  928.5413> <PB=956.2> 
<DWph=1> <it=323> <et=13.40> <Mt= 0.02> <Spt= 0.08> <nCl= 18> <al=0.34> <DB=  893.8330> <Mlp=  928.5250> <PB=956.2> 
<DWph=1> <it=324> <et=13.48> <Mt= 0.01> <Spt= 0.08> <nCl= 21> <al=0.14> <DB=  884.2773> <Mlp=  928.5182> <PB=956.2> 
<DWph=1> <it=325> <et=13.53> <Mt= 0.00> <Spt= 0.04> <nCl= 12> <al=0.47> <DB=  918.2582> <Mlp=  928.5182> <PB=956.2> 
<DWph=1> <it=326> <et=13.58> <Mt= 0.01> <Spt= 0.04> <nCl=  4> <al=0.37> <DB=  922.7317> <Mlp=  928.5182> <PB=956.2> 
<DWph=1> <it=327> <et=13.63> <Mt= 0.01> <Spt= 0.04> <nCl= 17> <al=0.43> <DB=  921.2775> <Mlp=  928.5138> <PB=956.2> 
<DWph=1> <it=328> <et=13.68> <Mt= 0.01> <Spt= 0.04> <nCl= 15> <al=0.33> <DB=  830.3175> <Mlp=  928.4996> <PB=956.2> 
<DWph=1> <it=329> <et=13.73> <Mt= 0.01> <Spt= 0.04> <nCl= 16> <al=0.40> <DB=  923.5095> <Mlp=  928.4973> <PB=956.2> 
<DWph=1> <it=330> <et=13.77> <Mt= 0.00> <Spt= 0.04> <nCl= 11> <al=0.30> <DB=  924.3838> <Mlp=  928.4973> <PB=956.2> 
<DWph=1> <it=331> <et=13.82> <Mt= 0.01> <Spt= 0.04> <nCl= 13> <al=0.37> <DB=  921.2452> <Mlp=  928.4919> <PB=956.2> 
<DWph=1> <it=332> <et=13.90> <Mt= 0.01> <Spt= 0.07> <nCl= 30> <al=0.00> <DB=  919.0325> <Mlp=  928.4918> <PB=956.2> 
<DWph=1> <it=333> <et=13.94> <Mt= 0.01> <Spt= 0.04> <nCl=  5> <al=0.17> <DB=  927.0562> <Mlp=  928.4918> <PB=956.2> 
<DWph=1> <it=334> <et=13.99> <Mt= 0.00> <Spt= 0.03> <nCl= 12> <al=0.07> <DB=  923.1517> <Mlp=  928.4906> <PB=956.2> 
<DWph=1> <it=335> <et=14.08> <Mt= 0.01> <Spt= 0.08> <nCl=  4> <al=0.00> <DB=  928.4858> <Mlp=  928.4858> <PB=956.2> 
    RCSP exact solver info for graph G_1 : TT = 0.144241, pt = 5.1e-05, dt = 0.13669, ct = 0.006714, ndl = 13', bdl = 1268', odl = 40', odf = 277', bsi = 2', cnt = 11', bdch = 12328', odch = 1003', lcp = 667', #sols = 60
<DWph=0> <it=336> <et=14.23> <Mt= 0.01> <Spt= 0.15> <nCl= 60> <al=0.06> <DB=  575.2954> <Mlp=  928.4858> <PB=956.2> 
    RCSP exact solver info for graph G_1 : TT = 0.114621, pt = 7.3e-05, dt = 0.106959, ct = 0.006637, ndl = 12', bdl = 1129', odl = 41', odf = 273', bsi = 2', cnt = 3', bdch = 9905', odch = 767', lcp = 589', #sols = 89
<DWph=0> <it=337> <et=14.37> <Mt= 0.01> <Spt= 0.12> <nCl= 89> <al=0.16> <DB=  470.1966> <Mlp=  928.4140> <PB=956.2> 
    RCSP exact solver info for graph G_1 : TT = 0.097253, pt = 7.7e-05, dt = 0.090175, ct = 0.00609, ndl = 12', bdl = 895', odl = 35', odf = 225', bsi = 1', cnt = 2', bdch = 7910', odch = 596', lcp = 496', #sols = 100
<DWph=0> <it=338> <et=14.51> <Mt= 0.03> <Spt= 0.11> <nCl=100> <al=0.24> <DB=  629.8186> <Mlp=  928.0443> <PB=956.2> 
    RCSP exact solver info for graph G_1 : TT = 0.081886, pt = 8.2e-05, dt = 0.0754, ct = 0.005545, ndl = 10', bdl = 770', odl = 32', odf = 206', bsi = 1', cnt = 3', bdch = 5962', odch = 442', lcp = 385', #sols = 101
<DWph=0> <it=339> <et=14.63> <Mt= 0.03> <Spt= 0.10> <nCl=101> <al=0.32> <DB=  644.2996> <Mlp=  927.6415> <PB=956.2> 
    RCSP exact solver info for graph G_1 : TT = 0.078197, pt = 7.7e-05, dt = 0.071831, ct = 0.005311, ndl = 10', bdl = 734', odl = 32', odf = 202', bsi = 2', cnt = 3', bdch = 4922', odch = 432', lcp = 371', #sols = 109
<DWph=0> <it=340> <et=14.75> <Mt= 0.03> <Spt= 0.09> <nCl=109> <al=0.38> <DB=  602.2535> <Mlp=  927.0029> <PB=956.2> 
    RCSP exact solver info for graph G_1 : TT = 0.079549, pt = 7.7e-05, dt = 0.072604, ct = 0.005773, ndl = 10', bdl = 709', odl = 32', odf = 200', bsi = 2', cnt = 3', bdch = 5067', odch = 445', lcp = 416', #sols = 117
<DWph=0> <it=341> <et=14.88> <Mt= 0.04> <Spt= 0.08> <nCl=117> <al=0.45> <DB=  694.4085> <Mlp=  925.5881> <PB=956.2> 
    RCSP exact solver info for graph G_1 : TT = 0.066724, pt = 8e-05, dt = 0.061034, ct = 0.004598, ndl = 9', bdl = 590', odl = 31', odf = 187', bsi = 2', cnt = 4', bdch = 3917', odch = 360', lcp = 325', #sols = 113
<DWph=0> <it=342> <et=15.00> <Mt= 0.05> <Spt= 0.08> <nCl=113> <al=0.50> <DB=  764.9222> <Mlp=  923.5540> <PB=956.2> 
    RCSP exact solver info for graph G_1 : TT = 0.065217, pt = 7.9e-05, dt = 0.059361, ct = 0.004628, ndl = 10', bdl = 573', odl = 29', odf = 177', bsi = 2', cnt = 5', bdch = 3789', odch = 411', lcp = 337', #sols = 138
<DWph=0> <it=343> <et=15.13> <Mt= 0.05> <Spt= 0.08> <nCl=138> <al=0.40> <DB=  709.9774> <Mlp=  919.7881> <PB=956.2> 
    RCSP exact solver info for graph G_1 : TT = 0.065109, pt = 7.9e-05, dt = 0.059784, ct = 0.004117, ndl = 9', bdl = 594', odl = 30', odf = 183', bsi = 1', cnt = 7', bdch = 3755', odch = 348', lcp = 294', #sols = 141
<DWph=0> <it=344> <et=15.23> <Mt= 0.02> <Spt= 0.08> <nCl=139> <al=0.46> <DB=  814.5955> <Mlp=  919.7119> <PB=956.2> 
    RCSP exact solver info for graph G_1 : TT = 0.060555, pt = 8.4e-05, dt = 0.055372, ct = 0.003751, ndl = 8', bdl = 527', odl = 29', odf = 171', bsi = 1', cnt = 7', bdch = 3217', odch = 283', lcp = 258', #sols = 126
<DWph=0> <it=345> <et=15.46> <Mt= 0.06> <Spt= 0.07> <nCl=126> <al=0.36> <DB=  750.6405> <Mlp=  918.4211> <PB=956.2> 
    RCSP exact solver info for graph G_1 : TT = 0.06198, pt = 7.9e-05, dt = 0.056485, ct = 0.004146, ndl = 8', bdl = 547', odl = 29', odf = 173', bsi = 1', cnt = 9', bdch = 3421', odch = 326', lcp = 281', #sols = 143
<DWph=0> <it=346> <et=15.55> <Mt= 0.02> <Spt= 0.07> <nCl=143> <al=0.43> <DB=  832.3419> <Mlp=  918.2258> <PB=956.2> 
    RCSP exact solver info for graph G_1 : TT = 0.069855, pt = 8e-05, dt = 0.063383, ct = 0.005091, ndl = 10', bdl = 602', odl = 30', odf = 183', bsi = 1', cnt = 8', bdch = 4196', odch = 431', lcp = 380', #sols = 130
<DWph=0> <it=347> <et=15.66> <Mt= 0.03> <Spt= 0.08> <nCl=130> <al=0.48> <DB=  808.8950> <Mlp=  917.9000> <PB=956.2> 
    RCSP exact solver info for graph G_1 : TT = 0.058312, pt = 8.2e-05, dt = 0.053586, ct = 0.003531, ndl = 8', bdl = 524', odl = 29', odf = 167', bsi = 1', cnt = 6', bdch = 3117', odch = 300', lcp = 246', #sols = 144
<DWph=0> <it=348> <et=15.76> <Mt= 0.03> <Spt= 0.07> <nCl=143> <al=0.53> <DB=  865.2806> <Mlp=  917.5695> <PB=956.2> 
    RCSP exact solver info for graph G_1 : TT = 0.058215, pt = 8.1e-05, dt = 0.05363, ct = 0.003297, ndl = 8', bdl = 528', odl = 29', odf = 166', bsi = 1', cnt = 3', bdch = 2943', odch = 312', lcp = 241', #sols = 127
<DWph=0> <it=349> <et=15.85> <Mt= 0.02> <Spt= 0.07> <nCl=125> <al=0.43> <DB=  854.8650> <Mlp=  917.1376> <PB=956.2> 
    RCSP exact solver info for graph G_1 : TT = 0.055181, pt = 8e-05, dt = 0.050691, ct = 0.003258, ndl = 8', bdl = 494', odl = 28', odf = 159', bsi = 1', cnt = 3', bdch = 2724', odch = 283', lcp = 217', #sols = 133
<DWph=0> <it=350> <et=15.94> <Mt= 0.02> <Spt= 0.06> <nCl=123> <al=0.49> <DB=  873.3511> <Mlp=  916.6720> <PB=956.2> 
    RCSP exact solver info for graph G_1 : TT = 0.054958, pt = 8e-05, dt = 0.050489, ct = 0.003088, ndl = 8', bdl = 473', odl = 28', odf = 155', bsi = 1', cnt = 2', bdch = 2636', odch = 256', lcp = 203', #sols = 145
<DWph=0> <it=351> <et=16.02> <Mt= 0.03> <Spt= 0.06> <nCl=145> <al=0.54> <DB=  874.1468> <Mlp=  916.5919> <PB=956.2> 
    RCSP exact solver info for graph G_1 : TT = 0.052576, pt = 8.9e-05, dt = 0.048568, ct = 0.002794, ndl = 8', bdl = 470', odl = 28', odf = 156', bsi = 1', cnt = 3', bdch = 2545', odch = 248', lcp = 195', #sols = 129
<DWph=0> <it=352> <et=16.11> <Mt= 0.02> <Spt= 0.06> <nCl=103> <al=0.59> <DB=  852.5080> <Mlp=  916.5267> <PB=956.2> 
    RCSP exact solver info for graph G_1 : TT = 0.05896, pt = 8.3e-05, dt = 0.053842, ct = 0.003939, ndl = 8', bdl = 501', odl = 28', odf = 162', bsi = 1', cnt = 3', bdch = 3038', odch = 285', lcp = 229', #sols = 126
<DWph=0> <it=353> <et=16.21> <Mt= 0.03> <Spt= 0.07> <nCl= 72> <al=0.63> <DB=  888.5206> <Mlp=  916.3493> <PB=956.2> 
    RCSP exact solver info for graph G_1 : TT = 0.056118, pt = 8.3e-05, dt = 0.05102, ct = 0.003922, ndl = 8', bdl = 488', odl = 27', odf = 159', bsi = 1', cnt = 5', bdch = 2809', odch = 287', lcp = 238', #sols = 116
<DWph=0> <it=354> <et=16.31> <Mt= 0.03> <Spt= 0.07> <nCl= 50> <al=0.67> <DB=  870.0911> <Mlp=  916.2962> <PB=956.2> 
    RCSP exact solver info for graph G_1 : TT = 0.055801, pt = 7.8e-05, dt = 0.05105, ct = 0.003571, ndl = 8', bdl = 485', odl = 27', odf = 156', bsi = 1', cnt = 5', bdch = 2751', odch = 274', lcp = 217', #sols = 121
<DWph=0> <it=355> <et=16.38> <Mt= 0.02> <Spt= 0.06> <nCl= 21> <al=0.70> <DB=  895.7687> <Mlp=  916.2281> <PB=956.2> 
    RCSP exact solver info for graph G_1 : TT = 0.059891, pt = 7.8e-05, dt = 0.054521, ct = 0.004177, ndl = 9', bdl = 522', odl = 28', odf = 164', bsi = 1', cnt = 8', bdch = 3126', odch = 331', lcp = 263', #sols = 126
<DWph=0> <it=356> <et=16.46> <Mt= 0.01> <Spt= 0.07> <nCl= 29> <al=0.60> <DB=  885.0483> <Mlp=  916.2279> <PB=956.2> 
    RCSP exact solver info for graph G_1 : TT = 0.059049, pt = 8.1e-05, dt = 0.054231, ct = 0.003697, ndl = 9', bdl = 519', odl = 29', odf = 164', bsi = 1', cnt = 5', bdch = 3065', odch = 337', lcp = 263', #sols = 121
<DWph=0> <it=357> <et=16.55> <Mt= 0.02> <Spt= 0.07> <nCl= 19> <al=0.64> <DB=  901.6497> <Mlp=  916.2222> <PB=956.2> 
    RCSP exact solver info for graph G_1 : TT = 0.058805, pt = 7.7e-05, dt = 0.053853, ct = 0.003777, ndl = 8', bdl = 508', odl = 29', odf = 165', bsi = 1', cnt = 6', bdch = 3027', odch = 315', lcp = 257', #sols = 125
<DWph=0> <it=358> <et=16.63> <Mt= 0.01> <Spt= 0.06> <nCl= 24> <al=0.68> <DB=  905.3964> <Mlp=  916.2222> <PB=956.2> 
    RCSP exact solver info for graph G_1 : TT = 0.062712, pt = 7.8e-05, dt = 0.057396, ct = 0.004171, ndl = 9', bdl = 557', odl = 29', odf = 173', bsi = 1', cnt = 7', bdch = 3506', odch = 383', lcp = 310', #sols = 127
<DWph=0> <it=359> <et=16.71> <Mt= 0.02> <Spt= 0.07> <nCl= 55> <al=0.71> <DB=  903.4535> <Mlp=  916.2222> <PB=956.2> 
    RCSP exact solver info for graph G_1 : TT = 0.06303, pt = 7.6e-05, dt = 0.057628, ct = 0.004232, ndl = 9', bdl = 558', odl = 30', odf = 174', bsi = 1', cnt = 7', bdch = 3572', odch = 395', lcp = 318', #sols = 126
<DWph=0> <it=360> <et=16.80> <Mt= 0.01> <Spt= 0.07> <nCl= 28> <al=0.74> <DB=  908.9632> <Mlp=  916.2207> <PB=956.2> 
    RCSP exact solver info for graph G_1 : TT = 0.057583, pt = 7.8e-05, dt = 0.053231, ct = 0.003216, ndl = 9', bdl = 517', odl = 29', odf = 164', bsi = 1', cnt = 5', bdch = 3084', odch = 306', lcp = 237', #sols = 129
<DWph=0> <it=361> <et=16.86> <Mt= 0.01> <Spt= 0.06> <nCl= 18> <al=0.64> <DB=  908.7521> <Mlp=  916.2207> <PB=956.2> 
    RCSP exact solver info for graph G_1 : TT = 0.064417, pt = 7.7e-05, dt = 0.058908, ct = 0.00436, ndl = 10', bdl = 573', odl = 30', odf = 177', bsi = 1', cnt = 7', bdch = 3723', odch = 416', lcp = 326', #sols = 130
<DWph=0> <it=362> <et=16.94> <Mt= 0.01> <Spt= 0.07> <nCl= 10> <al=0.67> <DB=  911.3325> <Mlp=  916.2207> <PB=956.2> 
    RCSP exact solver info for graph G_1 : TT = 0.064405, pt = 7.6e-05, dt = 0.058996, ct = 0.004226, ndl = 10', bdl = 581', odl = 30', odf = 176', bsi = 1', cnt = 6', bdch = 3748', odch = 406', lcp = 317', #sols = 137
<DWph=0> <it=363> <et=17.02> <Mt= 0.00> <Spt= 0.07> <nCl= 19> <al=0.57> <DB=  907.8307> <Mlp=  916.2007> <PB=956.2> 
    RCSP exact solver info for graph G_1 : TT = 0.063947, pt = 7.8e-05, dt = 0.058702, ct = 0.004076, ndl = 9', bdl = 581', odl = 30', odf = 176', bsi = 1', cnt = 6', bdch = 3700', odch = 391', lcp = 304', #sols = 135
<DWph=0> <it=364> <et=17.11> <Mt= 0.03> <Spt= 0.07> <nCl= 28> <al=0.62> <DB=  910.2374> <Mlp=  916.1762> <PB=956.2> 
    RCSP exact solver info for graph G_1 : TT = 0.065318, pt = 7.7e-05, dt = 0.059892, ct = 0.004287, ndl = 10', bdl = 588', odl = 30', odf = 177', bsi = 1', cnt = 5', bdch = 3813', odch = 433', lcp = 332', #sols = 130
<DWph=0> <it=365> <et=17.19> <Mt= 0.01> <Spt= 0.07> <nCl= 11> <al=0.65> <DB=  913.5153> <Mlp=  916.1745> <PB=956.2> 
    RCSP exact solver info for graph G_1 : TT = 0.064674, pt = 7.8e-05, dt = 0.05927, ct = 0.004256, ndl = 10', bdl = 587', odl = 30', odf = 177', bsi = 1', cnt = 5', bdch = 3785', odch = 414', lcp = 327', #sols = 128
<DWph=0> <it=366> <et=17.27> <Mt= 0.00> <Spt= 0.07> <nCl=  5> <al=0.55> <DB=  914.8773> <Mlp=  916.1745> <PB=956.2> 
    RCSP exact solver info for graph G_1 : TT = 0.065342, pt = 8.2e-05, dt = 0.059919, ct = 0.004265, ndl = 9', bdl = 584', odl = 30', odf = 179', bsi = 1', cnt = 6', bdch = 3730', odch = 404', lcp = 323', #sols = 124
<DWph=0> <it=367> <et=17.35> <Mt= 0.01> <Spt= 0.07> <nCl= 22> <al=0.45> <DB=  913.3060> <Mlp=  916.1745> <PB=956.2> 
    RCSP exact solver info for graph G_1 : TT = 0.065134, pt = 7.6e-05, dt = 0.059654, ct = 0.004305, ndl = 10', bdl = 591', odl = 30', odf = 178', bsi = 1', cnt = 5', bdch = 3810', odch = 422', lcp = 330', #sols = 127
<DWph=0> <it=368> <et=17.42> <Mt= 0.01> <Spt= 0.07> <nCl=  4> <al=0.51> <DB=  915.5141> <Mlp=  916.1745> <PB=956.2> 
    RCSP exact solver info for graph G_1 : TT = 0.065123, pt = 7.9e-05, dt = 0.059678, ct = 0.004303, ndl = 10', bdl = 593', odl = 30', odf = 177', bsi = 1', cnt = 5', bdch = 3810', odch = 422', lcp = 330', #sols = 123
<DWph=0> <it=369> <et=17.50> <Mt= 0.00> <Spt= 0.07> <nCl=  5> <al=0.41> <DB=  914.1932> <Mlp=  916.1745> <PB=956.2> 
    RCSP exact solver info for graph G_1 : TT = 0.067822, pt = 8.3e-05, dt = 0.062057, ct = 0.004516, ndl = 10', bdl = 602', odl = 30', odf = 181', bsi = 1', cnt = 5', bdch = 3967', odch = 452', lcp = 349', #sols = 126
<DWph=0> <it=370> <et=17.58> <Mt= 0.01> <Spt= 0.07> <nCl=  2> <al=0.47> <DB=  915.8653> <Mlp=  916.1745> <PB=956.2> 
    RCSP exact solver info for graph G_1 : TT = 0.064515, pt = 8e-05, dt = 0.059157, ct = 0.004198, ndl = 10', bdl = 581', odl = 30', odf = 177', bsi = 1', cnt = 5', bdch = 3719', odch = 406', lcp = 313', #sols = 125
    RCSP exact solver info for graph G_1 : TT = 0.061938, pt = 7.1e-05, dt = 0.056738, ct = 0.004089, ndl = 9', bdl = 549', odl = 29', odf = 172', bsi = 1', cnt = 5', bdch = 3449', odch = 393', lcp = 297', #sols = 144
<DWph=0> <it=371> <et=17.72> <Mt= 0.01> <Spt= 0.14> <nCl= 98> <al=0.00> <DB=  916.1745> <Mlp=  916.1745> <PB=956.2> 
Dynamic params and stats :  bidir.bord. = 315.9 aver.obdmd = 13.1471 aver.buck.num. = 14.3725
@@ 1 0 916.175 0.0666415 0.143404 75.1949 17.72
Labels distribution in buckets (bucket size) : largest - 142, top 0.1% - 116, top 0.5% - 93, top 2% - 54, top 10% - 16, top 50% - 2
Reduced cost fixing for graph G_1... 50851 buck. arcs remain (49.4% from prev., 37% from max.) + 13401 jump buck. arcs (9.74% from max.)
Backward reduced cost fixing... 51206 buck. arcs remain (49.3% from prev., 37.2% from max.) + 15590 jump buck. arcs (11.3% from max.)
 TT = 0.162546, pt = 0.010327, dt = 0.080118, ct = 0.071421, ndl = 23', bdl = 742', odl = 26', odf = 271', lpcb = 816', cnt = 1995', bdch = 5420', odch = 712', lcp = 459'
Labels distribution in buckets (bucket size) : largest - 142, top 0.1% - 129, top 0.5% - 108, top 2% - 55, top 10% - 18, top 50% - 3
Run forward enumeration with border = 315.9... not succeeded (ratio 0.896539) lpt = 0.032395, ndl = 32', dl = 7', lpcb = 159', dch = 76'
 TT = 0.035603, pt = 0.001952, dt = 0.032395, ct = 0, ndl = 32', bdl = 7', lpcb = 159', cnt = 226', bdch = 76', odch = 0', lcp = 0'
ColGenEvalAlg final dual bound: 916.175 (rounded: 916.175)
Shrinking heuristic shrunk 47 edges
17 Rank-1 1-rows pack. cuts added ,  max viol. = 0.5, aver. viol. = 0.207932
150 Rank-1 3-rows pack. cuts added ,  max viol. = 0.427273, aver. viol. = 0.232424
----- Add fac. cuts : R1C(167), max.viol = 0.5, aver.viol = 0.240338, sep/add took 0.0188855/0.511481 sec. -----
8214 columns (8214 active), 167 dyn. constrs. (167 active), 369 art. vars. (369 active)
<DWph=2> <it=  1> <et=18.74> <Mt= 0.24> <Spt= 0.02> <nCl= 30> <al=0.50> <DB=-15086.3929> <Mlp=  963.3581> <PB=956.2> 
<DWph=2> <it=  2> <et=18.94> <Mt= 0.18> <Spt= 0.03> <nCl= 30> <al=0.55> <DB= -151.9940> <Mlp=  947.9116> <PB=956.2> 
<DWph=2> <it=  3> <et=19.11> <Mt= 0.15> <Spt= 0.02> <nCl= 30> <al=0.60> <DB=  784.5018> <Mlp=  932.4488> <PB=956.2> 
<DWph=2> <it=  4> <et=19.19> <Mt= 0.06> <Spt= 0.02> <nCl= 28> <al=0.64> <DB=  906.2910> <Mlp=  930.5926> <PB=956.2> 
<DWph=2> <it=  5> <et=19.22> <Mt= 0.00> <Spt= 0.02> <nCl= 27> <al=0.67> <DB=  854.3038> <Mlp=  930.5926> <PB=956.2> 
<DWph=2> <it=  6> <et=19.26> <Mt= 0.03> <Spt= 0.03> <nCl= 22> <al=0.70> <DB=  899.8905> <Mlp=  930.5158> <PB=956.2> 
<DWph=2> <it=  7> <et=19.30> <Mt= 0.01> <Spt= 0.02> <nCl= 17> <al=0.73> <DB=  919.9762> <Mlp=  930.4816> <PB=956.2> 
<DWph=2> <it=  8> <et=19.34> <Mt= 0.01> <Spt= 0.02> <nCl= 30> <al=0.63> <DB=  841.0980> <Mlp=  930.4811> <PB=956.2> 
<DWph=2> <it=  9> <et=19.44> <Mt= 0.09> <Spt= 0.02> <nCl= 19> <al=0.67> <DB=  923.4248> <Mlp=  928.9404> <PB=956.2> 
<DWph=2> <it= 10> <et=19.50> <Mt= 0.04> <Spt= 0.02> <nCl= 23> <al=0.70> <DB=  898.9256> <Mlp=  928.7947> <PB=956.2> 
<DWph=2> <it= 11> <et=19.55> <Mt= 0.03> <Spt= 0.02> <nCl= 17> <al=0.73> <DB=  897.2693> <Mlp=  928.7245> <PB=956.2> 
<DWph=2> <it= 12> <et=19.60> <Mt= 0.03> <Spt= 0.02> <nCl= 16> <al=0.76> <DB=  912.7028> <Mlp=  928.6341> <PB=956.2> 
<DWph=2> <it= 13> <et=19.66> <Mt= 0.01> <Spt= 0.04> <nCl= 40> <al=0.57> <DB=  833.2926> <Mlp=  928.6138> <PB=956.2> 
<DWph=2> <it= 14> <et=19.76> <Mt= 0.08> <Spt= 0.03> <nCl= 30> <al=0.68> <DB=  714.1122> <Mlp=  926.9325> <PB=956.2> 
<DWph=2> <it= 15> <et=19.84> <Mt= 0.05> <Spt= 0.02> <nCl= 27> <al=0.72> <DB=  905.6019> <Mlp=  926.5712> <PB=956.2> 
<DWph=2> <it= 16> <et=19.90> <Mt= 0.04> <Spt= 0.02> <nCl= 29> <al=0.74> <DB=  785.0122> <Mlp=  926.2584> <PB=956.2> 
<DWph=2> <it= 17> <et=19.97> <Mt= 0.06> <Spt= 0.03> <nCl= 24> <al=0.77> <DB=  863.0414> <Mlp=  925.7175> <PB=956.2> 
<DWph=2> <it= 18> <et=20.01> <Mt= 0.01> <Spt= 0.02> <nCl= 21> <al=0.67> <DB=  840.7591> <Mlp=  925.6929> <PB=956.2> 
<DWph=2> <it= 19> <et=20.09> <Mt= 0.06> <Spt= 0.02> <nCl= 29> <al=0.70> <DB=  789.4664> <Mlp=  925.3592> <PB=956.2> 
<DWph=2> <it= 20> <et=20.17> <Mt= 0.06> <Spt= 0.02> <nCl= 22> <al=0.73> <DB=  892.1672> <Mlp=  924.8989> <PB=956.2> 
<DWph=2> <it= 21> <et=20.22> <Mt= 0.02> <Spt= 0.03> <nCl= 30> <al=0.76> <DB=  793.5596> <Mlp=  924.8546> <PB=956.2> 
<DWph=2> <it= 22> <et=20.29> <Mt= 0.03> <Spt= 0.04> <nCl= 28> <al=0.32> <DB=  892.5841> <Mlp=  924.8092> <PB=956.2> 
<DWph=2> <it= 23> <et=20.34> <Mt= 0.03> <Spt= 0.02> <nCl= 25> <al=0.56> <DB=  851.0229> <Mlp=  924.6546> <PB=956.2> 
<DWph=2> <it= 24> <et=20.37> <Mt= 0.01> <Spt= 0.02> <nCl=  9> <al=0.46> <DB=  867.8251> <Mlp=  924.6546> <PB=956.2> 
<DWph=2> <it= 25> <et=20.41> <Mt= 0.02> <Spt= 0.02> <nCl= 14> <al=0.36> <DB=  924.6411> <Mlp=  924.6509> <PB=956.2> 
<DWph=2> <it= 26> <et=20.43> <Mt= 0.01> <Spt= 0.00> <nCl=  0> <al=0.26> <DB=  924.6411> <Mlp=  924.6388> <PB=956.2> 
<DWph=1> <it= 27> <et=20.47> <Mt= 0.01> <Spt= 0.04> <nCl= 26> <al=0.26> <DB=  835.4217> <Mlp=  924.6388> <PB=956.2> 
<DWph=1> <it= 28> <et=20.58> <Mt= 0.06> <Spt= 0.04> <nCl= 30> <al=0.33> <DB=  790.6538> <Mlp=  924.0067> <PB=956.2> 
<DWph=1> <it= 29> <et=20.64> <Mt= 0.02> <Spt= 0.04> <nCl= 30> <al=0.40> <DB=  836.1770> <Mlp=  923.9614> <PB=956.2> 
<DWph=1> <it= 30> <et=20.72> <Mt= 0.04> <Spt= 0.04> <nCl= 26> <al=0.46> <DB=  866.8441> <Mlp=  923.9003> <PB=956.2> 
<DWph=1> <it= 31> <et=20.78> <Mt= 0.02> <Spt= 0.04> <nCl= 29> <al=0.51> <DB=  816.6980> <Mlp=  923.8943> <PB=956.2> 
<DWph=1> <it= 32> <et=20.83> <Mt= 0.01> <Spt= 0.04> <nCl= 27> <al=0.56> <DB=  839.9455> <Mlp=  923.8943> <PB=956.2> 
<DWph=1> <it= 33> <et=20.89> <Mt= 0.02> <Spt= 0.04> <nCl= 24> <al=0.61> <DB=  853.0494> <Mlp=  923.8910> <PB=956.2> 
<DWph=1> <it= 34> <et=20.94> <Mt= 0.01> <Spt= 0.04> <nCl= 16> <al=0.65> <DB=  867.7127> <Mlp=  923.8910> <PB=956.2> 
<DWph=1> <it= 35> <et=20.99> <Mt= 0.01> <Spt= 0.04> <nCl= 25> <al=0.55> <DB=  836.8471> <Mlp=  923.8890> <PB=956.2> 
<DWph=1> <it= 36> <et=21.06> <Mt= 0.03> <Spt= 0.05> <nCl= 18> <al=0.59> <DB=  860.9956> <Mlp=  923.8685> <PB=956.2> 
<DWph=1> <it= 37> <et=21.11> <Mt= 0.01> <Spt= 0.03> <nCl= 19> <al=0.63> <DB=  888.7585> <Mlp=  923.8685> <PB=956.2> 
<DWph=1> <it= 38> <et=21.17> <Mt= 0.01> <Spt= 0.05> <nCl= 23> <al=0.53> <DB=  831.7599> <Mlp=  923.8685> <PB=956.2> 
<DWph=1> <it= 39> <et=21.22> <Mt= 0.01> <Spt= 0.04> <nCl= 15> <al=0.58> <DB=  888.7979> <Mlp=  923.8685> <PB=956.2> 
<DWph=1> <it= 40> <et=21.27> <Mt= 0.01> <Spt= 0.04> <nCl= 13> <al=0.62> <DB=  889.7570> <Mlp=  923.8685> <PB=956.2> 
<DWph=1> <it= 41> <et=21.31> <Mt= 0.01> <Spt= 0.04> <nCl=  1> <al=0.66> <DB=  901.3950> <Mlp=  923.8685> <PB=956.2> 
<DWph=1> <it= 42> <et=21.37> <Mt= 0.01> <Spt= 0.04> <nCl= 14> <al=0.56> <DB=  896.8115> <Mlp=  923.8666> <PB=956.2> 
<DWph=1> <it= 43> <et=21.42> <Mt= 0.01> <Spt= 0.04> <nCl= 18> <al=0.46> <DB=  895.3982> <Mlp=  923.8666> <PB=956.2> 
<DWph=1> <it= 44> <et=21.46> <Mt= 0.01> <Spt= 0.03> <nCl= 11> <al=0.51> <DB=  901.2128> <Mlp=  923.8666> <PB=956.2> 
<DWph=1> <it= 45> <et=21.55> <Mt= 0.01> <Spt= 0.08> <nCl= 22> <al=0.12> <DB=  913.4957> <Mlp=  923.8666> <PB=956.2> 
<DWph=1> <it= 46> <et=21.62> <Mt= 0.01> <Spt= 0.06> <nCl=  6> <al=0.00> <DB=  923.7799> <Mlp=  923.8666> <PB=956.2> 
<DWph=1> <it= 47> <et=21.67> <Mt= 0.01> <Spt= 0.03> <nCl=  1> <al=0.36> <DB=  923.7799> <Mlp=  923.8666> <PB=956.2> 
<DWph=1> <it= 48> <et=21.74> <Mt= 0.01> <Spt= 0.07> <nCl=  3> <al=0.00> <DB=  923.8666> <Mlp=  923.8666> <PB=956.2> 
    RCSP exact solver info for graph G_1 : TT = 0.084459, pt = 0.001006, dt = 0.077254, ct = 0.005275, ndl = 9', bdl = 302', odl = 25', odf = 157', bsi = 2', cnt = 4', bdch = 2181', odch = 297', lcp = 250', #sols = 112
<DWph=0> <it= 49> <et=21.86> <Mt= 0.01> <Spt= 0.11> <nCl=112> <al=0.33> <DB=  563.6225> <Mlp=  923.8666> <PB=956.2> 
    RCSP exact solver info for graph G_1 : TT = 0.067164, pt = 0.000961, dt = 0.060434, ct = 0.004748, ndl = 9', bdl = 288', odl = 24', odf = 144', bsi = 2', cnt = 2', bdch = 2015', odch = 251', lcp = 228', #sols = 114
<DWph=0> <it= 50> <et=22.05> <Mt= 0.09> <Spt= 0.10> <nCl=114> <al=0.23> <DB=  587.8907> <Mlp=  922.5505> <PB=956.2> 
    RCSP exact solver info for graph G_1 : TT = 0.058447, pt = 0.001009, dt = 0.053008, ct = 0.003301, ndl = 8', bdl = 257', odl = 23', odf = 136', bsi = 1', cnt = 2', bdch = 1509', odch = 219', lcp = 156', #sols = 136
<DWph=0> <it= 51> <et=22.23> <Mt= 0.08> <Spt= 0.09> <nCl=136> <al=0.30> <DB=  740.6163> <Mlp=  921.4187> <PB=956.2> 
    RCSP exact solver info for graph G_1 : TT = 0.06868, pt = 0.001073, dt = 0.061421, ct = 0.00522, ndl = 8', bdl = 284', odl = 23', odf = 145', bsi = 1', cnt = 2', bdch = 1929', odch = 241', lcp = 188', #sols = 122
<DWph=0> <it= 52> <et=22.42> <Mt= 0.09> <Spt= 0.10> <nCl=122> <al=0.20> <DB=  840.6688> <Mlp=  920.6274> <PB=956.2> 
    RCSP exact solver info for graph G_1 : TT = 0.079049, pt = 0.001041, dt = 0.070756, ct = 0.00608, ndl = 9', bdl = 328', odl = 24', odf = 161', bsi = 1', cnt = 3', bdch = 2738', odch = 349', lcp = 267', #sols = 140
<DWph=0> <it= 53> <et=22.60> <Mt= 0.07> <Spt= 0.12> <nCl=140> <al=0.28> <DB=  869.0516> <Mlp=  920.3963> <PB=956.2> 
    RCSP exact solver info for graph G_1 : TT = 0.065381, pt = 0.00107, dt = 0.058507, ct = 0.004772, ndl = 7', bdl = 267', odl = 22', odf = 141', bsi = 1', cnt = 2', bdch = 1635', odch = 237', lcp = 165', #sols = 109
<DWph=0> <it= 54> <et=22.77> <Mt= 0.08> <Spt= 0.09> <nCl=109> <al=0.18> <DB=  846.6703> <Mlp=  920.1516> <PB=956.2> 
    RCSP exact solver info for graph G_1 : TT = 0.066688, pt = 0.00109, dt = 0.059507, ct = 0.004984, ndl = 8', bdl = 272', odl = 22', odf = 145', bsi = 1', cnt = 3', bdch = 1757', odch = 266', lcp = 179', #sols = 117
<DWph=0> <it= 55> <et=22.93> <Mt= 0.05> <Spt= 0.10> <nCl=117> <al=0.26> <DB=  863.2496> <Mlp=  919.7901> <PB=956.2> 
    RCSP exact solver info for graph G_1 : TT = 0.065652, pt = 0.001067, dt = 0.058629, ct = 0.004712, ndl = 8', bdl = 268', odl = 23', odf = 144', bsi = 1', cnt = 3', bdch = 1675', odch = 251', lcp = 180', #sols = 127
<DWph=0> <it= 56> <et=23.07> <Mt= 0.02> <Spt= 0.09> <nCl=111> <al=0.34> <DB=  882.3231> <Mlp=  919.7810> <PB=956.2> 
    RCSP exact solver info for graph G_1 : TT = 0.064208, pt = 0.001115, dt = 0.057462, ct = 0.004456, ndl = 8', bdl = 266', odl = 22', odf = 141', bsi = 1', cnt = 3', bdch = 1596', odch = 237', lcp = 163', #sols = 115
<DWph=0> <it= 57> <et=23.19> <Mt= 0.04> <Spt= 0.09> <nCl=102> <al=0.24> <DB=  896.7614> <Mlp=  919.5996> <PB=956.2> 
    RCSP exact solver info for graph G_1 : TT = 0.068339, pt = 0.001088, dt = 0.061258, ct = 0.004898, ndl = 8', bdl = 284', odl = 23', odf = 148', bsi = 1', cnt = 3', bdch = 1795', odch = 270', lcp = 184', #sols = 101
<DWph=0> <it= 58> <et=23.31> <Mt= 0.02> <Spt= 0.10> <nCl= 88> <al=0.31> <DB=  907.1205> <Mlp=  919.5728> <PB=956.2> 
    RCSP exact solver info for graph G_1 : TT = 0.068106, pt = 0.001098, dt = 0.060953, ct = 0.004883, ndl = 8', bdl = 278', odl = 23', odf = 146', bsi = 1', cnt = 3', bdch = 1756', odch = 259', lcp = 177', #sols = 113
<DWph=0> <it= 59> <et=23.43> <Mt= 0.03> <Spt= 0.09> <nCl=100> <al=0.21> <DB=  904.8591> <Mlp=  919.5515> <PB=956.2> 
    RCSP exact solver info for graph G_1 : TT = 0.066705, pt = 0.001096, dt = 0.05964, ct = 0.00482, ndl = 8', bdl = 283', odl = 23', odf = 144', bsi = 1', cnt = 3', bdch = 1826', odch = 259', lcp = 182', #sols = 115
<DWph=0> <it= 60> <et=23.54> <Mt= 0.02> <Spt= 0.09> <nCl= 74> <al=0.29> <DB=  915.9453> <Mlp=  919.5378> <PB=956.2> 
    RCSP exact solver info for graph G_1 : TT = 0.068157, pt = 0.001194, dt = 0.060995, ct = 0.004811, ndl = 8', bdl = 285', odl = 23', odf = 145', bsi = 1', cnt = 3', bdch = 1835', odch = 262', lcp = 182', #sols = 110
<DWph=0> <it= 61> <et=23.63> <Mt= 0.02> <Spt= 0.08> <nCl= 36> <al=0.19> <DB=  916.2460> <Mlp=  919.5372> <PB=956.2> 
    RCSP exact solver info for graph G_1 : TT = 0.067109, pt = 0.001014, dt = 0.060155, ct = 0.004768, ndl = 8', bdl = 290', odl = 23', odf = 146', bsi = 1', cnt = 3', bdch = 1884', odch = 271', lcp = 188', #sols = 129
<DWph=0> <it= 62> <et=23.72> <Mt= 0.01> <Spt= 0.07> <nCl= 28> <al=0.27> <DB=  916.7732> <Mlp=  919.5354> <PB=956.2> 
    RCSP exact solver info for graph G_1 : TT = 0.066876, pt = 0.000973, dt = 0.059957, ct = 0.004774, ndl = 8', bdl = 289', odl = 23', odf = 146', bsi = 1', cnt = 3', bdch = 1887', odch = 270', lcp = 188', #sols = 129
    RCSP exact solver info for graph G_1 : TT = 0.058551, pt = 0.000646, dt = 0.052876, ct = 0.003883, ndl = 8', bdl = 261', odl = 22', odf = 136', bsi = 1', cnt = 3', bdch = 1636', odch = 234', lcp = 158', #sols = 146
<DWph=0> <it= 63> <et=23.89> <Mt= 0.01> <Spt= 0.16> <nCl=118> <al=0.00> <DB=  919.5354> <Mlp=  919.5354> <PB=956.2> 
Dynamic params and stats :  bidir.bord. = 330.7 aver.obdmd = 13.1471 aver.buck.num. = 14.3725 nbR1C = 16 with avMem = 18.1875
@@ 1 1 919.535 0.0655748 0.082529 47.6483 23.89
    Full reduced cost fixing is not called (gap ratio is 0.916031)
ColGenEvalAlg final dual bound: 919.535 (rounded: 919.535)
Gap improvement since the last cut separation : 0.083969 (916.175)
Current active cuts : R1C(10+6,6.6032) 1rowPackR1C(10) 3rowPackR1C(6)
Shrinking heuristic shrunk 42 edges
21 Rank-1 1-rows pack. cuts added ,  max viol. = 0.433371, aver. viol. = 0.164427
150 Rank-1 3-rows pack. cuts added ,  max viol. = 0.351624, aver. viol. = 0.244472
----- Add fac. cuts : R1C(171), max.viol = 0.433371, aver.viol = 0.25306, sep/add took 0.0199402/0.424326 sec. -----
10516 columns (7308 active), 338 dyn. constrs. (190 active), 540 art. vars. (392 active)
<DWph=2> <it=  1> <et=24.58> <Mt= 0.21> <Spt= 0.03> <nCl= 30> <al=0.50> <DB=  718.6347> <Mlp=  928.8406> <PB=956.2> 
<DWph=2> <it=  2> <et=24.67> <Mt= 0.07> <Spt= 0.02> <nCl= 25> <al=0.55> <DB=  871.9204> <Mlp=  927.4418> <PB=956.2> 
<DWph=2> <it=  3> <et=24.72> <Mt= 0.02> <Spt= 0.02> <nCl= 26> <al=0.60> <DB=  915.0566> <Mlp=  927.3999> <PB=956.2> 
<DWph=2> <it=  4> <et=24.75> <Mt= 0.01> <Spt= 0.02> <nCl= 24> <al=0.64> <DB=  919.9857> <Mlp=  927.3808> <PB=956.2> 
<DWph=2> <it=  5> <et=24.79> <Mt= 0.02> <Spt= 0.02> <nCl= 30> <al=0.67> <DB=  871.7744> <Mlp=  927.3570> <PB=956.2> 
<DWph=2> <it=  6> <et=24.84> <Mt= 0.02> <Spt= 0.02> <nCl= 26> <al=0.70> <DB=  868.5811> <Mlp=  927.2839> <PB=956.2> 
<DWph=2> <it=  7> <et=24.91> <Mt= 0.06> <Spt= 0.03> <nCl= 25> <al=0.73> <DB=  906.8052> <Mlp=  926.8416> <PB=956.2> 
<DWph=2> <it=  8> <et=24.97> <Mt= 0.02> <Spt= 0.04> <nCl= 36> <al=0.52> <DB=  874.9156> <Mlp=  926.7302> <PB=956.2> 
<DWph=2> <it=  9> <et=25.04> <Mt= 0.04> <Spt= 0.02> <nCl= 24> <al=0.66> <DB=  883.7814> <Mlp=  926.4615> <PB=956.2> 
<DWph=2> <it= 10> <et=25.09> <Mt= 0.03> <Spt= 0.02> <nCl= 14> <al=0.69> <DB=  746.0089> <Mlp=  925.5222> <PB=956.2> 
<DWph=2> <it= 11> <et=25.12> <Mt= 0.01> <Spt= 0.02> <nCl= 10> <al=0.73> <DB=  892.1390> <Mlp=  925.5222> <PB=956.2> 
<DWph=2> <it= 12> <et=25.17> <Mt= 0.01> <Spt= 0.04> <nCl= 11> <al=0.51> <DB=  905.0112> <Mlp=  925.5222> <PB=956.2> 
<DWph=2> <it= 13> <et=25.22> <Mt= 0.01> <Spt= 0.03> <nCl=  9> <al=0.31> <DB=  885.9502> <Mlp=  925.5222> <PB=956.2> 
<DWph=2> <it= 14> <et=25.27> <Mt= 0.01> <Spt= 0.05> <nCl= 31> <al=0.11> <DB=  738.4250> <Mlp=  925.5222> <PB=956.2> 
<DWph=2> <it= 15> <et=25.34> <Mt= 0.05> <Spt= 0.02> <nCl= 27> <al=0.45> <DB=  860.5073> <Mlp=  925.3914> <PB=956.2> 
<DWph=2> <it= 16> <et=25.38> <Mt= 0.02> <Spt= 0.02> <nCl= 11> <al=0.51> <DB=  925.1118> <Mlp=  925.3374> <PB=956.2> 
<DWph=2> <it= 17> <et=25.41> <Mt= 0.00> <Spt= 0.02> <nCl= 22> <al=0.56> <DB=  891.1091> <Mlp=  925.3374> <PB=956.2> 
<DWph=2> <it= 18> <et=25.48> <Mt= 0.01> <Spt= 0.06> <nCl= 42> <al=0.00> <DB=  925.3374> <Mlp=  925.3374> <PB=956.2> 
<DWph=1> <it= 19> <et=25.52> <Mt= 0.01> <Spt= 0.04> <nCl= 30> <al=0.50> <DB=  814.2120> <Mlp=  925.3374> <PB=956.2> 
<DWph=1> <it= 20> <et=25.60> <Mt= 0.04> <Spt= 0.04> <nCl= 23> <al=0.50> <DB=  876.1393> <Mlp=  925.2607> <PB=956.2> 
<DWph=1> <it= 21> <et=25.66> <Mt= 0.01> <Spt= 0.05> <nCl= 29> <al=0.40> <DB=  828.0527> <Mlp=  925.2515> <PB=956.2> 
<DWph=1> <it= 22> <et=25.73> <Mt= 0.02> <Spt= 0.04> <nCl= 30> <al=0.30> <DB=  869.3710> <Mlp=  925.2299> <PB=956.2> 
<DWph=1> <it= 23> <et=25.79> <Mt= 0.02> <Spt= 0.05> <nCl= 30> <al=0.37> <DB=  761.2622> <Mlp=  925.2250> <PB=956.2> 
<DWph=1> <it= 24> <et=25.85> <Mt= 0.02> <Spt= 0.04> <nCl= 30> <al=0.27> <DB=  889.2295> <Mlp=  925.1774> <PB=956.2> 
<DWph=1> <it= 25> <et=25.90> <Mt= 0.01> <Spt= 0.04> <nCl= 25> <al=0.17> <DB=  890.4453> <Mlp=  925.1763> <PB=956.2> 
<DWph=1> <it= 26> <et=25.95> <Mt= 0.01> <Spt= 0.03> <nCl= 20> <al=0.25> <DB=  890.4564> <Mlp=  925.1763> <PB=956.2> 
<DWph=1> <it= 27> <et=26.00> <Mt= 0.01> <Spt= 0.04> <nCl= 21> <al=0.33> <DB=  884.9627> <Mlp=  925.1699> <PB=956.2> 
<DWph=1> <it= 28> <et=26.06> <Mt= 0.03> <Spt= 0.04> <nCl= 22> <al=0.23> <DB=  872.4992> <Mlp=  925.0894> <PB=956.2> 
<DWph=1> <it= 29> <et=26.11> <Mt= 0.02> <Spt= 0.03> <nCl= 14> <al=0.13> <DB=  910.9350> <Mlp=  925.0576> <PB=956.2> 
<DWph=1> <it= 30> <et=26.16> <Mt= 0.01> <Spt= 0.04> <nCl= 29> <al=0.22> <DB=  872.5551> <Mlp=  925.0545> <PB=956.2> 
<DWph=1> <it= 31> <et=26.24> <Mt= 0.01> <Spt= 0.07> <nCl= 29> <al=0.00> <DB=  913.3401> <Mlp=  925.0545> <PB=956.2> 
<DWph=1> <it= 32> <et=26.29> <Mt= 0.01> <Spt= 0.03> <nCl=  9> <al=0.19> <DB=  923.9402> <Mlp=  925.0538> <PB=956.2> 
<DWph=1> <it= 33> <et=26.33> <Mt= 0.01> <Spt= 0.04> <nCl= 12> <al=0.27> <DB=  924.7473> <Mlp=  925.0529> <PB=956.2> 
<DWph=1> <it= 34> <et=26.40> <Mt= 0.01> <Spt= 0.06> <nCl=  3> <al=0.00> <DB=  925.0529> <Mlp=  925.0529> <PB=956.2> 
    RCSP exact solver info for graph G_1 : TT = 0.073082, pt = 0.000915, dt = 0.065836, ct = 0.005265, ndl = 9', bdl = 313', odl = 23', odf = 152', bsi = 2', cnt = 3', bdch = 2153', odch = 279', lcp = 236', #sols = 126
<DWph=0> <it= 35> <et=26.51> <Mt= 0.00> <Spt= 0.10> <nCl=126> <al=0.07> <DB=  726.6981> <Mlp=  925.0529> <PB=956.2> 
    RCSP exact solver info for graph G_1 : TT = 0.066881, pt = 0.000999, dt = 0.060639, ct = 0.004242, ndl = 8', bdl = 296', odl = 23', odf = 146', bsi = 1', cnt = 3', bdch = 1936', odch = 246', lcp = 213', #sols = 150
<DWph=0> <it= 36> <et=26.69> <Mt= 0.09> <Spt= 0.10> <nCl=150> <al=0.00> <DB=  638.0781> <Mlp=  924.4913> <PB=956.2> 
    RCSP exact solver info for graph G_1 : TT = 0.069746, pt = 0.001301, dt = 0.062588, ct = 0.004719, ndl = 8', bdl = 299', odl = 23', odf = 148', bsi = 1', cnt = 5', bdch = 1954', odch = 254', lcp = 213', #sols = 147
<DWph=0> <it= 37> <et=26.85> <Mt= 0.05> <Spt= 0.11> <nCl=147> <al=0.08> <DB=  815.6603> <Mlp=  924.1548> <PB=956.2> 
    RCSP exact solver info for graph G_1 : TT = 0.071218, pt = 0.001181, dt = 0.063781, ct = 0.005235, ndl = 9', bdl = 294', odl = 23', odf = 148', bsi = 1', cnt = 8', bdch = 2016', odch = 266', lcp = 222', #sols = 96
<DWph=0> <it= 38> <et=27.01> <Mt= 0.06> <Spt= 0.09> <nCl= 96> <al=0.17> <DB=  811.6733> <Mlp=  923.6671> <PB=956.2> 
    RCSP exact solver info for graph G_1 : TT = 0.073562, pt = 0.001226, dt = 0.065773, ct = 0.00551, ndl = 9', bdl = 313', odl = 24', odf = 156', bsi = 1', cnt = 7', bdch = 2272', odch = 286', lcp = 252', #sols = 92
<DWph=0> <it= 39> <et=27.16> <Mt= 0.06> <Spt= 0.10> <nCl= 89> <al=0.25> <DB=  830.7101> <Mlp=  923.0407> <PB=956.2> 
    RCSP exact solver info for graph G_1 : TT = 0.071824, pt = 0.001214, dt = 0.064471, ct = 0.005027, ndl = 9', bdl = 310', odl = 24', odf = 155', bsi = 2', cnt = 6', bdch = 2137', odch = 272', lcp = 228', #sols = 132
<DWph=0> <it= 40> <et=27.31> <Mt= 0.04> <Spt= 0.09> <nCl=132> <al=0.33> <DB=  859.0139> <Mlp=  922.8785> <PB=956.2> 
    RCSP exact solver info for graph G_1 : TT = 0.065442, pt = 0.001257, dt = 0.058464, ct = 0.004533, ndl = 8', bdl = 277', odl = 22', odf = 143', bsi = 1', cnt = 5', bdch = 1785', odch = 226', lcp = 181', #sols = 134
<DWph=0> <it= 41> <et=27.46> <Mt= 0.07> <Spt= 0.10> <nCl=109> <al=0.23> <DB=  906.5433> <Mlp=  922.6235> <PB=956.2> 
    RCSP exact solver info for graph G_1 : TT = 0.066089, pt = 0.00142, dt = 0.059151, ct = 0.004349, ndl = 8', bdl = 273', odl = 22', odf = 142', bsi = 1', cnt = 4', bdch = 1663', odch = 222', lcp = 165', #sols = 142
<DWph=0> <it= 42> <et=27.60> <Mt= 0.05> <Spt= 0.08> <nCl=102> <al=0.30> <DB=  904.1653> <Mlp=  922.4773> <PB=956.2> 
    RCSP exact solver info for graph G_1 : TT = 0.0722, pt = 0.00129, dt = 0.064357, ct = 0.005335, ndl = 8', bdl = 299', odl = 23', odf = 153', bsi = 1', cnt = 4', bdch = 1951', odch = 234', lcp = 190', #sols = 144
<DWph=0> <it= 43> <et=27.72> <Mt= 0.02> <Spt= 0.09> <nCl= 45> <al=0.37> <DB=  910.3990> <Mlp=  922.4570> <PB=956.2> 
    RCSP exact solver info for graph G_1 : TT = 0.071459, pt = 0.001309, dt = 0.063618, ct = 0.005311, ndl = 8', bdl = 290', odl = 23', odf = 151', bsi = 1', cnt = 4', bdch = 1912', odch = 228', lcp = 184', #sols = 139
<DWph=0> <it= 44> <et=27.83> <Mt= 0.03> <Spt= 0.09> <nCl= 35> <al=0.44> <DB=  915.9288> <Mlp=  922.4526> <PB=956.2> 
    RCSP exact solver info for graph G_1 : TT = 0.071057, pt = 0.001312, dt = 0.06325, ct = 0.005265, ndl = 8', bdl = 288', odl = 23', odf = 151', bsi = 1', cnt = 4', bdch = 1889', odch = 232', lcp = 186', #sols = 136
<DWph=0> <it= 45> <et=27.92> <Mt= 0.02> <Spt= 0.08> <nCl=  7> <al=0.34> <DB=  920.2561> <Mlp=  922.4526> <PB=956.2> 
    RCSP exact solver info for graph G_1 : TT = 0.070916, pt = 0.001306, dt = 0.063072, ct = 0.005293, ndl = 8', bdl = 286', odl = 23', odf = 150', bsi = 1', cnt = 4', bdch = 1880', odch = 230', lcp = 184', #sols = 139
    RCSP exact solver info for graph G_1 : TT = 0.05821, pt = 0.000932, dt = 0.051937, ct = 0.004221, ndl = 7', bdl = 240', odl = 21', odf = 134', bsi = 1', cnt = 4', bdch = 1441', odch = 190', lcp = 141', #sols = 142
<DWph=0> <it= 46> <et=28.09> <Mt= 0.01> <Spt= 0.16> <nCl=123> <al=0.00> <DB=  922.3505> <Mlp=  922.4526> <PB=956.2> 
    RCSP exact solver info for graph G_1 : TT = 0.058559, pt = 0.001003, dt = 0.052237, ct = 0.004187, ndl = 7', bdl = 236', odl = 21', odf = 131', bsi = 1', cnt = 4', bdch = 1389', odch = 182', lcp = 133', #sols = 142
    RCSP exact solver info for graph G_1 : TT = 0.05893, pt = 0.000936, dt = 0.052795, ct = 0.004116, ndl = 7', bdl = 232', odl = 21', odf = 130', bsi = 1', cnt = 4', bdch = 1348', odch = 179', lcp = 129', #sols = 138
<DWph=0> <it= 47> <et=28.24> <Mt= 0.01> <Spt= 0.13> <nCl= 57> <al=0.00> <DB=  922.4526> <Mlp=  922.4526> <PB=956.2> 
Dynamic params and stats :  bidir.bord. = 362.2 aver.obdmd = 13.1471 aver.buck.num. = 14.3725 nbR1C = 28 with avMem = 25.3929
@@ 1 2 922.453 0.0656385 0.071283 47.6483 28.24
Labels distribution in buckets (bucket size) : largest - 82, top 0.1% - 53, top 0.5% - 38, top 2% - 28, top 10% - 14, top 50% - 2
Reduced cost fixing for graph G_1... 42024 buck. arcs remain (82.6% from prev., 30.6% from max.) + 13237 jump buck. arcs (9.62% from max.)
Backward reduced cost fixing... 42233 buck. arcs remain (82.5% from prev., 30.7% from max.) + 15627 jump buck. arcs (11.4% from max.)
 TT = 0.169182, pt = 0.00874, dt = 0.083761, ct = 0.075817, ndl = 18', bdl = 430', odl = 23', odf = 232', lpcb = 330', cnt = 1291', bdch = 3164', odch = 514', lcp = 304'
Labels distribution in buckets (bucket size) : largest - 82, top 0.1% - 69, top 0.5% - 43, top 2% - 34, top 10% - 15, top 50% - 2
Run forward enumeration with border = 362.2... not succeeded (ratio 0.868741) lpt = 0.059298, ndl = 40', dl = 8', lpcb = 214', dch = 58'
 TT = 0.061591, pt = 0, dt = 0.059298, ct = 0, ndl = 40', bdl = 8', lpcb = 214', cnt = 313', bdch = 58', odch = 0', lcp = 0'
ColGenEvalAlg final dual bound: 922.453 (rounded: 922.453)
Gap improvement since the last cut separation : 0.0795621 (919.535)
Current active cuts : R1C(12+16,12.4153) 1rowPackR1C(12) 3rowPackR1C(16)
Shrinking heuristic shrunk 39 edges
26 Rank-1 1-rows pack. cuts added ,  max viol. = 0.397959, aver. viol. = 0.117739
150 Rank-1 3-rows pack. cuts added ,  max viol. = 0.352041, aver. viol. = 0.233469
----- Add fac. cuts : R1C(176), max.viol = 0.397959, aver.viol = 0.235593, sep/add took 0.0252892/0.577826 sec. -----
12513 columns (9305 active), 366 dyn. constrs. (207 active), 716 art. vars. (409 active)
<DWph=2> <it=  1> <et=29.39> <Mt= 0.23> <Spt= 0.02> <nCl= 24> <al=0.50> <DB=  923.8372> <Mlp=  925.2218> <PB=956.2> 
<DWph=2> <it=  2> <et=29.43> <Mt= 0.01> <Spt= 0.02> <nCl= 19> <al=0.40> <DB=  904.8701> <Mlp=  925.2218> <PB=956.2> 
<DWph=2> <it=  3> <et=29.48> <Mt= 0.01> <Spt= 0.04> <nCl= 33> <al=0.00> <DB=  760.8807> <Mlp=  925.2218> <PB=956.2> 
<DWph=2> <it=  4> <et=29.51> <Mt= 0.01> <Spt= 0.02> <nCl=  8> <al=0.36> <DB=  914.6804> <Mlp=  925.2218> <PB=956.2> 
<DWph=2> <it=  5> <et=29.54> <Mt= 0.01> <Spt= 0.02> <nCl=  9> <al=0.42> <DB=  913.6874> <Mlp=  925.2199> <PB=956.2> 
<DWph=2> <it=  6> <et=29.57> <Mt= 0.01> <Spt= 0.02> <nCl= 13> <al=0.48> <DB=  924.9141> <Mlp=  925.2199> <PB=956.2> 
<DWph=2> <it=  7> <et=29.61> <Mt= 0.03> <Spt= 0.02> <nCl= 10> <al=0.38> <DB=  925.0906> <Mlp=  925.1996> <PB=956.2> 
<DWph=2> <it=  8> <et=29.65> <Mt= 0.01> <Spt= 0.02> <nCl=  7> <al=0.28> <DB=  913.7688> <Mlp=  925.1968> <PB=956.2> 
<DWph=2> <it=  9> <et=29.68> <Mt= 0.02> <Spt= 0.02> <nCl=  4> <al=0.35> <DB=  921.7655> <Mlp=  925.1953> <PB=956.2> 
<DWph=2> <it= 10> <et=29.71> <Mt= 0.01> <Spt= 0.02> <nCl=  7> <al=0.42> <DB=  923.6953> <Mlp=  925.1953> <PB=956.2> 
<DWph=2> <it= 11> <et=29.75> <Mt= 0.02> <Spt= 0.01> <nCl=  5> <al=0.48> <DB=  924.5378> <Mlp=  925.1927> <PB=956.2> 
<DWph=2> <it= 12> <et=29.79> <Mt= 0.02> <Spt= 0.02> <nCl= 12> <al=0.53> <DB=  884.8426> <Mlp=  925.1922> <PB=956.2> 
<DWph=2> <it= 13> <et=29.83> <Mt= 0.01> <Spt= 0.04> <nCl= 12> <al=0.15> <DB=  895.8631> <Mlp=  925.1922> <PB=956.2> 
<DWph=2> <it= 14> <et=29.87> <Mt= 0.02> <Spt= 0.01> <nCl=  2> <al=0.48> <DB=  911.8939> <Mlp=  925.1908> <PB=956.2> 
<DWph=2> <it= 15> <et=29.91> <Mt= 0.02> <Spt= 0.02> <nCl= 12> <al=0.38> <DB=  914.1624> <Mlp=  925.1856> <PB=956.2> 
<DWph=2> <it= 16> <et=29.98> <Mt= 0.03> <Spt= 0.04> <nCl= 46> <al=0.00> <DB=  923.9870> <Mlp=  925.1801> <PB=956.2> 
<DWph=2> <it= 17> <et=30.03> <Mt= 0.01> <Spt= 0.04> <nCl= 22> <al=0.00> <DB=  925.1798> <Mlp=  925.1798> <PB=956.2> 
<DWph=1> <it= 18> <et=30.08> <Mt= 0.01> <Spt= 0.04> <nCl= 30> <al=0.24> <DB=  819.1631> <Mlp=  925.1798> <PB=956.2> 
<DWph=1> <it= 19> <et=30.17> <Mt= 0.06> <Spt= 0.03> <nCl= 23> <al=0.14> <DB=  878.1353> <Mlp=  925.0515> <PB=956.2> 
<DWph=1> <it= 20> <et=30.22> <Mt= 0.01> <Spt= 0.04> <nCl= 23> <al=0.04> <DB=  890.1019> <Mlp=  925.0515> <PB=956.2> 
<DWph=1> <it= 21> <et=30.29> <Mt= 0.03> <Spt= 0.03> <nCl= 23> <al=0.00> <DB=  885.8925> <Mlp=  924.9958> <PB=956.2> 
<DWph=1> <it= 22> <et=30.34> <Mt= 0.02> <Spt= 0.04> <nCl= 30> <al=0.04> <DB=  842.6505> <Mlp=  924.9827> <PB=956.2> 
<DWph=1> <it= 23> <et=30.43> <Mt= 0.05> <Spt= 0.04> <nCl= 30> <al=0.14> <DB=  857.9044> <Mlp=  924.9365> <PB=956.2> 
<DWph=1> <it= 24> <et=30.50> <Mt= 0.03> <Spt= 0.03> <nCl= 13> <al=0.23> <DB=  893.3266> <Mlp=  924.8611> <PB=956.2> 
<DWph=1> <it= 25> <et=30.55> <Mt= 0.02> <Spt= 0.04> <nCl= 21> <al=0.30> <DB=  893.3164> <Mlp=  924.8373> <PB=956.2> 
<DWph=1> <it= 26> <et=30.60> <Mt= 0.02> <Spt= 0.03> <nCl= 10> <al=0.37> <DB=  899.4324> <Mlp=  924.8373> <PB=956.2> 
<DWph=1> <it= 27> <et=30.65> <Mt= 0.01> <Spt= 0.03> <nCl= 10> <al=0.44> <DB=  917.4197> <Mlp=  924.8352> <PB=956.2> 
<DWph=1> <it= 28> <et=30.70> <Mt= 0.02> <Spt= 0.04> <nCl=  7> <al=0.49> <DB=  918.8877> <Mlp=  924.8320> <PB=956.2> 
<DWph=1> <it= 29> <et=30.77> <Mt= 0.01> <Spt= 0.06> <nCl= 10> <al=0.00> <DB=  923.5444> <Mlp=  924.8303> <PB=956.2> 
<DWph=1> <it= 30> <et=30.84> <Mt= 0.01> <Spt= 0.06> <nCl=  2> <al=0.00> <DB=  924.8303> <Mlp=  924.8303> <PB=956.2> 
    RCSP exact solver info for graph G_1 : TT = 0.066876, pt = 0.001151, dt = 0.059435, ct = 0.005241, ndl = 8', bdl = 248', odl = 23', odf = 152', bsi = 2', cnt = 3', bdch = 1758', odch = 251', lcp = 199', #sols = 118
<DWph=0> <it= 31> <et=30.96> <Mt= 0.01> <Spt= 0.10> <nCl=118> <al=0.19> <DB=  625.5073> <Mlp=  924.8303> <PB=956.2> 
    RCSP exact solver info for graph G_1 : TT = 0.068255, pt = 0.001444, dt = 0.060463, ct = 0.005183, ndl = 9', bdl = 245', odl = 21', odf = 147', bsi = 2', cnt = 3', bdch = 1874', odch = 256', lcp = 218', #sols = 146
<DWph=0> <it= 32> <et=31.18> <Mt= 0.11> <Spt= 0.12> <nCl=146> <al=0.09> <DB=  823.2122> <Mlp=  924.3501> <PB=956.2> 
    RCSP exact solver info for graph G_1 : TT = 0.063246, pt = 0.001137, dt = 0.056748, ct = 0.004004, ndl = 9', bdl = 240', odl = 22', odf = 145', bsi = 1', cnt = 5', bdch = 1761', odch = 253', lcp = 209', #sols = 136
<DWph=0> <it= 33> <et=31.49> <Mt= 0.08> <Spt= 0.11> <nCl=136> <al=0.00> <DB=  871.6789> <Mlp=  924.0164> <PB=956.2> 
    RCSP exact solver info for graph G_1 : TT = 0.063522, pt = 0.001361, dt = 0.056343, ct = 0.004571, ndl = 8', bdl = 228', odl = 22', odf = 145', bsi = 2', cnt = 4', bdch = 1670', odch = 240', lcp = 197', #sols = 131
<DWph=0> <it= 34> <et=31.64> <Mt= 0.04> <Spt= 0.11> <nCl=131> <al=0.09> <DB=  886.4316> <Mlp=  923.8677> <PB=956.2> 
    RCSP exact solver info for graph G_1 : TT = 0.065087, pt = 0.001502, dt = 0.05753, ct = 0.004625, ndl = 8', bdl = 235', odl = 21', odf = 145', bsi = 2', cnt = 4', bdch = 1668', odch = 243', lcp = 196', #sols = 145
<DWph=0> <it= 35> <et=31.80> <Mt= 0.05> <Spt= 0.11> <nCl=136> <al=0.18> <DB=  889.2544> <Mlp=  923.6711> <PB=956.2> 
    RCSP exact solver info for graph G_1 : TT = 0.067445, pt = 0.001576, dt = 0.059562, ct = 0.00487, ndl = 8', bdl = 238', odl = 22', odf = 147', bsi = 2', cnt = 4', bdch = 1733', odch = 241', lcp = 200', #sols = 139
<DWph=0> <it= 36> <et=31.95> <Mt= 0.04> <Spt= 0.11> <nCl=133> <al=0.27> <DB=  910.1565> <Mlp=  923.6091> <PB=956.2> 
    RCSP exact solver info for graph G_1 : TT = 0.063903, pt = 0.001678, dt = 0.056538, ct = 0.004333, ndl = 8', bdl = 225', odl = 21', odf = 142', bsi = 1', cnt = 4', bdch = 1599', odch = 227', lcp = 185', #sols = 142
<DWph=0> <it= 37> <et=32.07> <Mt= 0.03> <Spt= 0.10> <nCl=105> <al=0.17> <DB=  915.7217> <Mlp=  923.5845> <PB=956.2> 
    RCSP exact solver info for graph G_1 : TT = 0.06518, pt = 0.001639, dt = 0.057621, ct = 0.004442, ndl = 8', bdl = 229', odl = 22', odf = 143', bsi = 1', cnt = 4', bdch = 1622', odch = 230', lcp = 186', #sols = 147
<DWph=0> <it= 38> <et=32.20> <Mt= 0.03> <Spt= 0.09> <nCl= 78> <al=0.25> <DB=  917.2940> <Mlp=  923.5800> <PB=956.2> 
    RCSP exact solver info for graph G_1 : TT = 0.064565, pt = 0.001639, dt = 0.057035, ct = 0.004412, ndl = 8', bdl = 228', odl = 22', odf = 143', bsi = 1', cnt = 4', bdch = 1607', odch = 230', lcp = 184', #sols = 137
<DWph=0> <it= 39> <et=32.31> <Mt= 0.02> <Spt= 0.09> <nCl= 68> <al=0.32> <DB=  920.7805> <Mlp=  923.5794> <PB=956.2> 
    RCSP exact solver info for graph G_1 : TT = 0.065414, pt = 0.001608, dt = 0.057795, ct = 0.004556, ndl = 8', bdl = 230', odl = 22', odf = 143', bsi = 1', cnt = 4', bdch = 1649', odch = 234', lcp = 187', #sols = 147
<DWph=0> <it= 40> <et=32.42> <Mt= 0.02> <Spt= 0.10> <nCl= 64> <al=0.39> <DB=  922.1212> <Mlp=  923.5757> <PB=956.2> 
    RCSP exact solver info for graph G_1 : TT = 0.06676, pt = 0.001666, dt = 0.058977, ct = 0.004657, ndl = 8', bdl = 233', odl = 22', odf = 145', bsi = 2', cnt = 4', bdch = 1676', odch = 238', lcp = 189', #sols = 146
    RCSP exact solver info for graph G_1 : TT = 0.056161, pt = 0.001116, dt = 0.049815, ct = 0.003848, ndl = 8', bdl = 206', odl = 20', odf = 129', bsi = 1', cnt = 4', bdch = 1426', odch = 194', lcp = 160', #sols = 149
<DWph=0> <it= 41> <et=32.61> <Mt= 0.02> <Spt= 0.16> <nCl=119> <al=0.00> <DB=  923.5567> <Mlp=  923.5736> <PB=956.2> 
    RCSP exact solver info for graph G_1 : TT = 0.058748, pt = 0.001187, dt = 0.052311, ct = 0.003955, ndl = 8', bdl = 212', odl = 20', odf = 131', bsi = 1', cnt = 4', bdch = 1481', odch = 201', lcp = 165', #sols = 149
<DWph=0> <it= 42> <et=32.72> <Mt= 0.02> <Spt= 0.09> <nCl= 77> <al=0.35> <DB=  923.5602> <Mlp=  923.5734> <PB=956.2> 
    RCSP exact solver info for graph G_1 : TT = 0.059332, pt = 0.001238, dt = 0.05269, ct = 0.004114, ndl = 8', bdl = 219', odl = 20', odf = 135', bsi = 1', cnt = 4', bdch = 1585', odch = 215', lcp = 178', #sols = 145
<DWph=0> <it= 43> <et=32.81> <Mt= 0.01> <Spt= 0.08> <nCl= 51> <al=0.42> <DB=  923.5625> <Mlp=  923.5734> <PB=956.2> 
    RCSP exact solver info for graph G_1 : TT = 0.058815, pt = 0.001223, dt = 0.052226, ct = 0.004042, ndl = 8', bdl = 219', odl = 20', odf = 135', bsi = 1', cnt = 4', bdch = 1549', odch = 213', lcp = 174', #sols = 148
<DWph=0> <it= 44> <et=32.90> <Mt= 0.02> <Spt= 0.07> <nCl= 41> <al=0.48> <DB=  923.5499> <Mlp=  923.5734> <PB=956.2> 
    RCSP exact solver info for graph G_1 : TT = 0.057736, pt = 0.001254, dt = 0.051248, ct = 0.00392, ndl = 8', bdl = 211', odl = 20', odf = 131', bsi = 1', cnt = 4', bdch = 1473', odch = 202', lcp = 165', #sols = 149
<DWph=0> <it= 45> <et=32.98> <Mt= 0.01> <Spt= 0.08> <nCl= 41> <al=0.53> <DB=  923.5654> <Mlp=  923.5733> <PB=956.2> 
    RCSP exact solver info for graph G_1 : TT = 0.057931, pt = 0.00122, dt = 0.051592, ct = 0.003806, ndl = 8', bdl = 216', odl = 20', odf = 134', bsi = 1', cnt = 4', bdch = 1533', odch = 211', lcp = 174', #sols = 148
    RCSP exact solver info for graph G_1 : TT = 0.059215, pt = 0.001167, dt = 0.052957, ct = 0.003886, ndl = 9', bdl = 221', odl = 21', odf = 140', bsi = 1', cnt = 4', bdch = 1678', odch = 233', lcp = 192', #sols = 148
<DWph=0> <it= 46> <et=33.14> <Mt= 0.01> <Spt= 0.14> <nCl= 50> <al=0.00> <DB=  923.5733> <Mlp=  923.5733> <PB=956.2> 
Dynamic params and stats :  bidir.bord. = 340.7 aver.obdmd = 13.1471 aver.buck.num. = 14.3725 nbR1C = 34 with avMem = 33.1765
@@ 1 3 923.573 0.0599639 0.065646 41.1301 33.14
    Full reduced cost fixing is not called (gap ratio is 0.966789)
ColGenEvalAlg final dual bound: 923.573 (rounded: 923.573)
Gap improvement since the last cut separation : 0.0332109 (922.453)
Current active cuts : R1C(14+20,16.3559) 1rowPackR1C(14) 3rowPackR1C(20)
Shrinking heuristic shrunk 51 edges
9 Rank-1 1-rows pack. cuts added ,  max viol. = 0.333333, aver. viol. = 0.274074
150 Rank-1 3-rows pack. cuts added ,  max viol. = 0.333333, aver. viol. = 0.333333
----- Add fac. cuts : R1C(159), max.viol = 0.333333, aver.viol = 0.329979, sep/add took 0.0113603/0.492528 sec. -----
11092 columns (7860 active), 366 dyn. constrs. (197 active), 875 art. vars. (399 active)
<DWph=2> <it=  1> <et=33.87> <Mt= 0.14> <Spt= 0.04> <nCl= 26> <al=0.00> <DB=  918.3566> <Mlp=  923.9487> <PB=956.2> 
<DWph=2> <it=  2> <et=33.90> <Mt= 0.01> <Spt= 0.02> <nCl=  8> <al=0.40> <DB=  922.6736> <Mlp=  923.9487> <PB=956.2> 
<DWph=2> <it=  3> <et=33.94> <Mt= 0.02> <Spt= 0.03> <nCl=  2> <al=0.00> <DB=  921.4487> <Mlp=  923.9487> <PB=956.2> 
<DWph=2> <it=  4> <et=33.98> <Mt= 0.01> <Spt= 0.03> <nCl=  0> <al=0.00> <DB=  923.9487> <Mlp=  923.9487> <PB=956.2> 
<DWph=1> <it=  5> <et=34.02> <Mt= 0.00> <Spt= 0.03> <nCl= 28> <al=0.26> <DB=  890.6921> <Mlp=  923.9487> <PB=956.2> 
<DWph=1> <it=  6> <et=34.06> <Mt= 0.01> <Spt= 0.03> <nCl= 10> <al=0.33> <DB=  907.6987> <Mlp=  923.9487> <PB=956.2> 
<DWph=1> <it=  7> <et=34.11> <Mt= 0.02> <Spt= 0.03> <nCl= 10> <al=0.33> <DB=  918.5173> <Mlp=  923.9428> <PB=956.2> 
<DWph=1> <it=  8> <et=34.16> <Mt= 0.02> <Spt= 0.03> <nCl= 12> <al=0.23> <DB=  921.6386> <Mlp=  923.9428> <PB=956.2> 
<DWph=1> <it=  9> <et=34.23> <Mt= 0.01> <Spt= 0.06> <nCl=  1> <al=0.00> <DB=  923.9428> <Mlp=  923.9428> <PB=956.2> 
    RCSP exact solver info for graph G_1 : TT = 0.062812, pt = 0.00104, dt = 0.055398, ct = 0.005198, ndl = 7', bdl = 222', odl = 21', odf = 145', bsi = 1', cnt = 3', bdch = 1678', odch = 208', lcp = 185', #sols = 96
<DWph=0> <it= 10> <et=34.33> <Mt= 0.00> <Spt= 0.09> <nCl= 96> <al=0.21> <DB=  816.2351> <Mlp=  923.9428> <PB=956.2> 
    RCSP exact solver info for graph G_1 : TT = 0.063827, pt = 0.001246, dt = 0.056535, ct = 0.004719, ndl = 8', bdl = 223', odl = 22', odf = 145', bsi = 1', cnt = 4', bdch = 1617', odch = 222', lcp = 182', #sols = 123
<DWph=0> <it= 11> <et=34.49> <Mt= 0.06> <Spt= 0.11> <nCl=123> <al=0.29> <DB=  828.5954> <Mlp=  923.8928> <PB=956.2> 
    RCSP exact solver info for graph G_1 : TT = 0.062446, pt = 0.001304, dt = 0.055116, ct = 0.004684, ndl = 8', bdl = 221', odl = 22', odf = 144', bsi = 1', cnt = 4', bdch = 1602', odch = 218', lcp = 182', #sols = 116
<DWph=0> <it= 12> <et=34.64> <Mt= 0.04> <Spt= 0.11> <nCl=114> <al=0.36> <DB=  850.6302> <Mlp=  923.8447> <PB=956.2> 
    RCSP exact solver info for graph G_1 : TT = 0.062815, pt = 0.001427, dt = 0.055313, ct = 0.004676, ndl = 8', bdl = 217', odl = 22', odf = 145', bsi = 1', cnt = 4', bdch = 1598', odch = 220', lcp = 181', #sols = 145
<DWph=0> <it= 13> <et=34.79> <Mt= 0.05> <Spt= 0.10> <nCl=123> <al=0.26> <DB=  900.8375> <Mlp=  923.8079> <PB=956.2> 
Shrinking heuristic shrunk 95 edges
    RCSP exact solver info for graph G_1 : TT = 0.06346, pt = 0.001506, dt = 0.055677, ct = 0.004883, ndl = 8', bdl = 216', odl = 21', odf = 141', bsi = 1', cnt = 4', bdch = 1574', odch = 216', lcp = 179', #sols = 144
<DWph=0> <it= 14> <et=34.95> <Mt= 0.05> <Spt= 0.10> <nCl=139> <al=0.16> <DB=  902.0105> <Mlp=  923.7000> <PB=923.7> 
    RCSP exact solver info for graph G_1 : TT = 0.059175, pt = 0.001537, dt = 0.052042, ct = 0.004214, ndl = 7', bdl = 208', odl = 20', odf = 131', bsi = 1', cnt = 5', bdch = 1464', odch = 196', lcp = 166', #sols = 138
<DWph=0> <it= 15> <et=35.09> <Mt= 0.04> <Spt= 0.10> <nCl=119> <al=0.24> <DB=  909.6304> <Mlp=  923.7000> <PB=923.7> 
    RCSP exact solver info for graph G_1 : TT = 0.060838, pt = 0.001496, dt = 0.053525, ct = 0.00441, ndl = 8', bdl = 215', odl = 20', odf = 133', bsi = 1', cnt = 5', bdch = 1500', odch = 201', lcp = 169', #sols = 128
<DWph=0> <it= 16> <et=35.26> <Mt= 0.08> <Spt= 0.10> <nCl=127> <al=0.14> <DB=  913.2924> <Mlp=  923.7000> <PB=923.7> 
    RCSP exact solver info for graph G_1 : TT = 0.060529, pt = 0.001586, dt = 0.053373, ct = 0.004311, ndl = 7', bdl = 214', odl = 20', odf = 132', bsi = 1', cnt = 4', bdch = 1483', odch = 199', lcp = 169', #sols = 119
<DWph=0> <it= 17> <et=35.38> <Mt= 0.03> <Spt= 0.09> <nCl= 84> <al=0.04> <DB=  919.5154> <Mlp=  923.7000> <PB=923.7> 
    RCSP exact solver info for graph G_1 : TT = 0.052292, pt = 0.001245, dt = 0.046471, ct = 0.003204, ndl = 7', bdl = 188', odl = 19', odf = 120', bsi = 1', cnt = 3', bdch = 1195', odch = 169', lcp = 127', #sols = 149
<DWph=0> <it= 18> <et=35.51> <Mt= 0.05> <Spt= 0.08> <nCl= 93> <al=0.00> <DB=  918.2458> <Mlp=  923.7000> <PB=923.7> 
    RCSP exact solver info for graph G_1 : TT = 0.058787, pt = 0.001303, dt = 0.052216, ct = 0.004088, ndl = 8', bdl = 213', odl = 20', odf = 132', bsi = 1', cnt = 5', bdch = 1480', odch = 201', lcp = 165', #sols = 119
<DWph=0> <it= 19> <et=35.64> <Mt= 0.05> <Spt= 0.08> <nCl= 70> <al=0.05> <DB=  919.8064> <Mlp=  923.7000> <PB=923.7> 
    RCSP exact solver info for graph G_1 : TT = 0.058751, pt = 0.001341, dt = 0.052001, ct = 0.004213, ndl = 7', bdl = 214', odl = 21', odf = 132', bsi = 1', cnt = 5', bdch = 1443', odch = 196', lcp = 156', #sols = 117
<DWph=0> <it= 20> <et=35.79> <Mt= 0.07> <Spt= 0.08> <nCl= 54> <al=0.15> <DB=  921.9413> <Mlp=  923.7000> <PB=923.7> 
    RCSP exact solver info for graph G_1 : TT = 0.05664, pt = 0.001308, dt = 0.050156, ct = 0.003967, ndl = 7', bdl = 205', odl = 20', odf = 127', bsi = 1', cnt = 4', bdch = 1356', odch = 184', lcp = 146', #sols = 127
<DWph=0> <it= 21> <et=35.93> <Mt= 0.07> <Spt= 0.07> <nCl= 43> <al=0.23> <DB=  922.4040> <Mlp=  923.7000> <PB=923.7> 
    RCSP exact solver info for graph G_1 : TT = 0.057237, pt = 0.001352, dt = 0.050649, ct = 0.004008, ndl = 7', bdl = 206', odl = 20', odf = 128', bsi = 1', cnt = 5', bdch = 1369', odch = 185', lcp = 148', #sols = 126
<DWph=0> <it= 22> <et=36.02> <Mt= 0.02> <Spt= 0.07> <nCl= 15> <al=0.31> <DB=  923.3015> <Mlp=  923.7000> <PB=923.7> 
    RCSP exact solver info for graph G_1 : TT = 0.057846, pt = 0.001339, dt = 0.051238, ct = 0.004047, ndl = 7', bdl = 209', odl = 20', odf = 129', bsi = 1', cnt = 4', bdch = 1410', odch = 190', lcp = 156', #sols = 126
    RCSP exact solver info for graph G_1 : TT = 0.052546, pt = 0.001108, dt = 0.047032, ct = 0.003157, ndl = 8', bdl = 193', odl = 20', odf = 125', bsi = 1', cnt = 4', bdch = 1355', odch = 191', lcp = 145', #sols = 149
<DWph=0> <it= 23> <et=36.17> <Mt= 0.01> <Spt= 0.14> <nCl= 57> <al=0.00> <DB=  923.7000> <Mlp=  923.7000> <PB=923.7> 
Dynamic params and stats :  bidir.bord. = 335.4 aver.obdmd = 13.1471 aver.buck.num. = 14.3725 nbR1C = 33 with avMem = 27.697
@@ 1 4 923.7 0.0567014 0.061254 41.1301 36.17
ColGenEvalAlg final dual bound: 923.7 (rounded: 923.7)
Gap improvement since the last cut separation : 1 (923.573)
Current active cuts : R1C(15+18,13.9105) 1rowPackR1C(15) 3rowPackR1C(18)
New model incumbent solution 923.7, TIME = 0h0m36s30t = 3630
************************************************************************************************
Search is finished, global bounds : [ 923.7 , 923.7 ], TIME = 0h0m36s33t = 3633
************************************************************************************************
instance_name solver_name ext_heuristic solution_value solution_time best_lb root_lb root_time nb_branch_and_bound_nodes status
/home/logis/Downloads/VRPSolverEasy/VRPSolverEasy/demos/data/CVRPTW/RC203 CLP False 923.7000000257701 36.33595542 923.7000000000002 923.7000000000002 36.30977707 1 0

