Node memory for rank-1 cuts will be used (3.62764)
~~~~~~~~~~~~~~~~~~~~~~~~~~~~~~~~~~~~~~~~~~~~~~~~~~~~~~~~~~~~~~~~~~~~~~~~~~~~~~~~~~~~~
VRPSolver v0.5.27, 24/02/2023, © Inria Bordeaux, France, vrpsolver.math.u-bordeaux.fr
      Corresponds to the solver by Pessoa, Sadykov, Uchoa and Vanderbeck (2020)
                 Paper: dx.doi.org/10.1007/s10107-020-01523-z
~~~~~~~~~~~~~~~~~~~~~~~~~~~~~~~~~~~~~~~~~~~~~~~~~~~~~~~~~~~~~~~~~~~~~~~~~~~~~~~~~~~~~
   BaPCod v0.77, 15/03/2023, © Inria Bordeaux, France, bapcod.math.u-bordeaux.fr 
           THIS CODE IS PROVIDED AS IS, USE IT AT YOUR OWN RISK
~~~~~~~~~~~~~~~~~~~~~~~~~~~~~~~~~~~~~~~~~~~~~~~~~~~~~~~~~~~~~~~~~~~~~~~~~~~~~~~~~~~~~
Bucket steps were recalculated for graph G_1 : [3]
RCSP solver info : symmetric case is detected for graph G_1! 
Bidirectional border value is initialised to 35
RCSP solver info : number of forw. reachable buckets / buck. strongly connected components is 1169( 86.9792% ) / 1169( 100% )
Generating neighbourhoods for rank-1 cuts separation
Building structures for 4- and 5-row rank-1 packing cut separation...done!
Model is built TIME = 0h0m0s1t = 1
************************************************************************************************
**** BaB tree root node
**** Local DB = -1e+12, global bounds : [ -1e+12 , 950.1 ], TIME = 0h0m0s2t = 2
**** 1 open nodes, 0 columns (0 active), 0 dyn. constrs. (0 active), 110 art. vars. (110 active)
************************************************************************************************
#<DWph=2> <it=  1> <et=0.02> <Mt= 0.00> <Spt= 0.00> <nCl= 30> <al=0.00> <DB=-1233972.2400> <Mlp=140234.7600> <PB=950.1> 
#<DWph=2> <it=  2> <et=0.02> <Mt= 0.00> <Spt= 0.00> <nCl= 30> <al=0.55> <DB=-788754.5080> <Mlp=132361.9200> <PB=950.1> 
#<DWph=2> <it=  3> <et=0.02> <Mt= 0.00> <Spt= 0.00> <nCl= 30> <al=0.45> <DB=-630384.2714> <Mlp=127446.0667> <PB=950.1> 
#<DWph=2> <it=  4> <et=0.03> <Mt= 0.00> <Spt= 0.00> <nCl= 30> <al=0.51> <DB=-632007.0771> <Mlp=114328.3333> <PB=950.1> 
#<DWph=2> <it=  5> <et=0.03> <Mt= 0.00> <Spt= 0.01> <nCl= 30> <al=0.55> <DB=-533131.8495> <Mlp=95996.8681> <PB=950.1> 
#<DWph=2> <it=  6> <et=0.03> <Mt= 0.00> <Spt= 0.00> <nCl= 30> <al=0.60> <DB=-487622.1034> <Mlp=92456.8744> <PB=950.1> 
#<DWph=2> <it=  7> <et=0.03> <Mt= 0.00> <Spt= 0.00> <nCl= 30> <al=0.50> <DB=-424959.0179> <Mlp=70050.9251> <PB=950.1> 
#<DWph=2> <it=  8> <et=0.04> <Mt= 0.00> <Spt= 0.00> <nCl= 30> <al=0.55> <DB=-345734.6918> <Mlp=60073.5013> <PB=950.1> 
#<DWph=2> <it=  9> <et=0.04> <Mt= 0.00> <Spt= 0.00> <nCl= 30> <al=0.59> <DB=-353511.6526> <Mlp=42080.8014> <PB=950.1> 
#<DWph=2> <it= 10> <et=0.04> <Mt= 0.00> <Spt= 0.01> <nCl= 30> <al=0.63> <DB=-261333.1967> <Mlp=28275.8455> <PB=950.1> 
#<DWph=2> <it= 11> <et=0.04> <Mt= 0.00> <Spt= 0.00> <nCl= 30> <al=0.53> <DB=-252923.0189> <Mlp=14297.6971> <PB=950.1> 
<DWph=2> <it= 12> <et=0.05> <Mt= 0.00> <Spt= 0.00> <nCl= 29> <al=0.58> <DB=-182206.8037> <Mlp= 1359.9260> <PB=950.1> 
<DWph=2> <it= 13> <et=0.05> <Mt= 0.00> <Spt= 0.00> <nCl= 12> <al=0.48> <DB=-85127.1373> <Mlp= 1347.8745> <PB=950.1> 
<DWph=2> <it= 14> <et=0.05> <Mt= 0.00> <Spt= 0.00> <nCl= 14> <al=0.38> <DB=-30964.1211> <Mlp= 1316.8691> <PB=950.1> 
<DWph=2> <it= 15> <et=0.05> <Mt= 0.00> <Spt= 0.01> <nCl= 30> <al=0.28> <DB=-8586.3765> <Mlp= 1256.4444> <PB=950.1> 
<DWph=2> <it= 16> <et=0.06> <Mt= 0.00> <Spt= 0.00> <nCl= 30> <al=0.18> <DB=-3846.0827> <Mlp= 1211.1332> <PB=950.1> 
<DWph=2> <it= 17> <et=0.06> <Mt= 0.00> <Spt= 0.00> <nCl= 30> <al=0.26> <DB=-1489.8370> <Mlp= 1132.1793> <PB=950.1> 
<DWph=2> <it= 18> <et=0.06> <Mt= 0.00> <Spt= 0.00> <nCl= 30> <al=0.16> <DB=-1480.0667> <Mlp= 1073.7582> <PB=950.1> 
<DWph=2> <it= 19> <et=0.07> <Mt= 0.01> <Spt= 0.00> <nCl= 30> <al=0.25> <DB=-1619.7308> <Mlp= 1040.0571> <PB=950.1> 
<DWph=2> <it= 20> <et=0.07> <Mt= 0.00> <Spt= 0.01> <nCl= 30> <al=0.32> <DB= -163.7118> <Mlp= 1007.6171> <PB=950.1> 
<DWph=2> <it= 21> <et=0.07> <Mt= 0.00> <Spt= 0.00> <nCl= 26> <al=0.39> <DB=  269.6008> <Mlp=  958.7708> <PB=950.1> 
<DWph=2> <it= 22> <et=0.07> <Mt= 0.00> <Spt= 0.00> <nCl= 23> <al=0.45> <DB=  576.8342> <Mlp=  946.8158> <PB=950.1> 
<DWph=2> <it= 23> <et=0.08> <Mt= 0.00> <Spt= 0.00> <nCl= 12> <al=0.51> <DB=  665.4139> <Mlp=  937.2449> <PB=950.1> 
<DWph=2> <it= 24> <et=0.08> <Mt= 0.00> <Spt= 0.00> <nCl=  9> <al=0.56> <DB=  785.4672> <Mlp=  935.3708> <PB=950.1> 
<DWph=2> <it= 25> <et=0.08> <Mt= 0.00> <Spt= 0.01> <nCl=  1> <al=0.46> <DB=  866.9499> <Mlp=  935.0556> <PB=950.1> 
<DWph=2> <it= 26> <et=0.08> <Mt= 0.00> <Spt= 0.00> <nCl=  9> <al=0.00> <DB=  886.1349> <Mlp=  935.0238> <PB=950.1> 
<DWph=2> <it= 27> <et=0.09> <Mt= 0.00> <Spt= 0.00> <nCl=  3> <al=0.26> <DB=  928.5235> <Mlp=  934.9905> <PB=950.1> 
<DWph=2> <it= 28> <et=0.09> <Mt= 0.00> <Spt= 0.00> <nCl=  4> <al=0.00> <DB=  934.9683> <Mlp=  934.9683> <PB=950.1> 
<DWph=1> <it= 29> <et=0.09> <Mt= 0.00> <Spt= 0.01> <nCl=  2> <al=0.23> <DB=  765.0212> <Mlp=  934.9683> <PB=950.1> 
<DWph=1> <it= 30> <et=0.10> <Mt= 0.00> <Spt= 0.00> <nCl=  0> <al=0.00> <DB=  934.9683> <Mlp=  934.9683> <PB=950.1> 
    RCSP exact solver info for graph G_1 : TT = 0.002177, pt = 9e-06, dt = 0.00158, ct = 0.000418, ndl = 0', bdl = 3', odl = 0', odf = 4', bsi = 1', cnt = 1', bdch = 10', odch = 1', lcp = 0', #sols = 150
    RCSP exact solver info for graph G_1 : TT = 0.001687, pt = 1.7e-05, dt = 0.001091, ct = 0.000404, ndl = 0', bdl = 3', odl = 0', odf = 4', bsi = 1', cnt = 1', bdch = 10', odch = 1', lcp = 0', #sols = 150
<DWph=0> <it= 31> <et=0.10> <Mt= 0.00> <Spt= 0.01> <nCl= 56> <al=0.00> <DB=  934.9683> <Mlp=  934.9683> <PB=950.1> 
Dynamic params and stats :  aver.obdmd = 19.8929 aver.buck.num. = 24
@@ 1 0 934.968 0.0017465 0.001998 69.5471 0.1
Labels distribution in buckets (bucket size) : largest - 8, top 0.1% - 8, top 0.5% - 7, top 2% - 5, top 10% - 3, top 50% - 1
Reduced cost fixing for graph G_1... 9086 buck. arcs remain (21.1% from prev., 14.7% from max.) + 3137 jump buck. arcs (5.07% from max.)
 TT = 0.009325, pt = 0.001002, dt = 0.002185, ct = 0.006053, ndl = 2', bdl = 21', odl = 1', odf = 14', lpcb = 58', cnt = 12', bdch = 112', odch = 19', lcp = 10'
Labels distribution in buckets (bucket size) : largest - 8, top 0.1% - 8, top 0.5% - 7, top 2% - 5, top 10% - 3, top 50% - 1
Run forward enumeration with border = 35... succeeded! lpt = 0.005384, ndl = 1', dl = 0', lpcb = 12', dch = 22'
Run enumeration concatenation with time limit 0.3 sec.... succeeded!
Sorting and storing enumerated solutions ... done!
 TT = 0.012089, pt = 0.001974, dt = 0.005384, ct = 0.001723, ndl = 1', bdl = 0', lpcb = 12', cnt = 9', bdch = 22', odch = 0', lcp = 0'
Enumeration succeeded!, number of elem. solutions is 2345
Estimating inspection time...     TT = 0.000176, performed by inspection with 2345 solutions, nbR1C = 0, nbDiscC = 0
Inspection time is low enough. Pricing will be done by inspection.
Added 305 columns in the formulation 
Removed 405 columns (not in the enumerated set) from the formulation
Regenerated 305 columns with the 'enumerated' flag
<DWph=2> <it= 32> <et=0.13> <Mt= 0.00> <Spt= 0.00> <nCl=  0> <al=0.00> <DB=  935.0238> <Mlp=  935.0238> <PB=950.1> 
<DWph=1> <it= 33> <et=0.13> <Mt= 0.00> <Spt= 0.00> <nCl=  0> <al=0.00> <DB=  935.0238> <Mlp=  935.0238> <PB=950.1> 
    TT = 9.9e-05, performed by inspection with 2345 solutions, nbR1C = 0, nbDiscC = 0
<DWph=0> <it= 34> <et=0.13> <Mt= 0.00> <Spt= 0.00> <nCl= 83> <al=0.30> <DB=   45.8571> <Mlp=  935.0238> <PB=950.1> 
    TT = 8.3e-05, performed by inspection with 2345 solutions, nbR1C = 0, nbDiscC = 0
    TT = 7.2e-05, performed by inspection with 2345 solutions, nbR1C = 0, nbDiscC = 0
<DWph=0> <it= 35> <et=0.14> <Mt= 0.00> <Spt= 0.00> <nCl= 56> <al=0.00> <DB=  935.0238> <Mlp=  935.0238> <PB=950.1> 
Dynamic params and stats :  aver.obdmd = 19.8929 aver.buck.num. = 24
@@ 1 0 935.024 8.46667e-05 9.9e-05 0 0.14
Reduced cost fixing for graph G_1...  took 0 sec., done by inspection with 2345 solutions, remains 2237 (95.4%)
Removed 3 columns (not in the enumerated set) from the formulation
    Full reduced cost fixing is not called (gap ratio is 0.996304)
ColGenEvalAlg final dual bound: 935.024 (rounded: 936)
In total 8 RCC cut(s) are found by the connected components heuristic 
Shrinking heuristic shrunk 14 edges
In total 16 RCC cut(s) are found by the Fractional capacity min-cut heuristic 
In total 33 RCC cut(s) are found by the greedy construction heuristic 
----- Add fac. cuts : CAP(57), max.viol = 0.5, aver.viol = 0.229114, sep/add took 0.00579493/0.00466353 sec. -----
441 columns (441 active), 57 dyn. constrs. (57 active), 167 art. vars. (167 active)
<DWph=2> <it=  1> <et=0.15> <Mt= 0.00> <Spt= 0.00> <nCl=  0> <al=0.00> <DB=  937.8691> <Mlp=  937.8691> <PB=950.1> 
<DWph=1> <it=  2> <et=0.15> <Mt= 0.00> <Spt= 0.00> <nCl=  0> <al=0.00> <DB=  937.8691> <Mlp=  937.8691> <PB=950.1> 
    TT = 8.5e-05, performed by inspection with 2237 solutions, nbR1C = 0, nbDiscC = 0
<DWph=0> <it=  3> <et=0.15> <Mt= 0.00> <Spt= 0.00> <nCl= 26> <al=0.30> <DB=  796.8090> <Mlp=  937.8691> <PB=950.1> 
    TT = 8.1e-05, performed by inspection with 2237 solutions, nbR1C = 0, nbDiscC = 0
    TT = 7.5e-05, performed by inspection with 2237 solutions, nbR1C = 0, nbDiscC = 0
<DWph=0> <it=  4> <et=0.16> <Mt= 0.00> <Spt= 0.01> <nCl=  4> <al=0.00> <DB=  937.3056> <Mlp=  937.3056> <PB=950.1> 
Dynamic params and stats :  aver.obdmd = 19.8929 aver.buck.num. = 24
@@ 1 1 937.306 8.03333e-05 8.5e-05 0 0.16
Reduced cost fixing for graph G_1...  took 0 sec., done by inspection with 2237 solutions, remains 1796 (80.3%)
Removed 11 columns (not in the enumerated set) from the formulation
ColGenEvalAlg final dual bound: 937.306 (rounded: 938)
Gap improvement since the last cut separation : 0.151348 (935.024)
Current active cuts : CAP(5,49.8472)
Shrinking heuristic shrunk 12 edges
In total 4 RCC cut(s) are found by the Fractional capacity min-cut heuristic 
In total 6 RCC cut(s) are found by the greedy construction heuristic 
In total 1 RCC cut(s) are found by the global pool greedy search heuristic 
----- Add fac. cuts : CAP(11), max.viol = 0.5, aver.viol = 0.272727, sep/add took 0.00590029/0.000641826 sec. -----
471 columns (460 active), 68 dyn. constrs. (22 active), 178 art. vars. (132 active)
<DWph=2> <it=  1> <et=0.17> <Mt= 0.00> <Spt= 0.00> <nCl=  0> <al=0.00> <DB=  938.0073> <Mlp=  938.0073> <PB=950.1> 
<DWph=1> <it=  2> <et=0.17> <Mt= 0.00> <Spt= 0.00> <nCl=  0> <al=0.00> <DB=  938.0073> <Mlp=  938.0073> <PB=950.1> 
    TT = 7.2e-05, performed by inspection with 1796 solutions, nbR1C = 0, nbDiscC = 0
    TT = 6.7e-05, performed by inspection with 1796 solutions, nbR1C = 0, nbDiscC = 0
<DWph=0> <it=  3> <et=0.17> <Mt= 0.01> <Spt= 0.00> <nCl=  0> <al=0.00> <DB=  938.0073> <Mlp=  938.0073> <PB=950.1> 
Dynamic params and stats :  aver.obdmd = 19.8929 aver.buck.num. = 24
@@ 1 2 938.007 6.95e-05 7.2e-05 0 0.17
Reduced cost fixing for graph G_1...  took 0 sec., done by inspection with 1796 solutions, remains 1611 (89.7%)
Removed 5 columns (not in the enumerated set) from the formulation
    Full reduced cost fixing is not called (gap ratio is 0.944723)
ColGenEvalAlg final dual bound: 938.007 (rounded: 939)
Gap improvement since the last cut separation : 0.0548454 (937.306)
Current active cuts : CAP(8,70.4037)
Shrinking heuristic shrunk 7 edges
In total 6 RCC cut(s) are found by the Fractional capacity min-cut heuristic 
In total 10 RCC cut(s) are found by the greedy construction heuristic 
In total 6 RCC cut(s) are found by the global pool greedy search heuristic 
----- Add fac. cuts : CAP(22), max.viol = 0.2681, aver.viol = 0.12412, sep/add took 0.00992305/0.000879029 sec. -----
460 columns (455 active), 44 dyn. constrs. (36 active), 200 art. vars. (146 active)
<DWph=2> <it=  1> <et=0.18> <Mt= 0.00> <Spt= 0.00> <nCl=  0> <al=0.00> <DB=  938.4053> <Mlp=  938.4053> <PB=950.1> 
<DWph=1> <it=  2> <et=0.19> <Mt= 0.00> <Spt= 0.00> <nCl=  0> <al=0.00> <DB=  938.4053> <Mlp=  938.4053> <PB=950.1> 
    TT = 6.8e-05, performed by inspection with 1611 solutions, nbR1C = 0, nbDiscC = 0
    TT = 6.4e-05, performed by inspection with 1611 solutions, nbR1C = 0, nbDiscC = 0
<DWph=0> <it=  3> <et=0.19> <Mt= 0.00> <Spt= 0.00> <nCl=  8> <al=0.00> <DB=  938.4053> <Mlp=  938.4053> <PB=950.1> 
Dynamic params and stats :  aver.obdmd = 19.8929 aver.buck.num. = 24
@@ 1 3 938.405 6.6e-05 6.8e-05 0 0.19
Reduced cost fixing for graph G_1...  took 0 sec., done by inspection with 1611 solutions, remains 1517 (94.2%)
Removed 3 columns (not in the enumerated set) from the formulation
    Full reduced cost fixing is not called (gap ratio is 0.913365)
ColGenEvalAlg final dual bound: 938.405 (rounded: 939)
Gap improvement since the last cut separation : 0.0329174 (938.007)
Current active cuts : CAP(12,85.9467)
Shrinking heuristic shrunk 6 edges
In total 3 RCC cut(s) are found by the Fractional capacity min-cut heuristic 
In total 8 RCC cut(s) are found by the greedy construction heuristic 
In total 4 RCC cut(s) are found by the global pool greedy search heuristic 
----- Add fac. cuts : CAP(15), max.viol = 0.274667, aver.viol = 0.0816, sep/add took 0.0114524/0.00147853 sec. -----
463 columns (460 active), 51 dyn. constrs. (34 active), 215 art. vars. (144 active)
<DWph=2> <it=  1> <et=0.20> <Mt= 0.00> <Spt= 0.00> <nCl=  0> <al=0.00> <DB=  938.5657> <Mlp=  938.5657> <PB=950.1> 
<DWph=1> <it=  2> <et=0.20> <Mt= 0.00> <Spt= 0.01> <nCl=  0> <al=0.00> <DB=  938.5657> <Mlp=  938.5657> <PB=950.1> 
    TT = 6.7e-05, performed by inspection with 1517 solutions, nbR1C = 0, nbDiscC = 0
    TT = 6.3e-05, performed by inspection with 1517 solutions, nbR1C = 0, nbDiscC = 0
<DWph=0> <it=  3> <et=0.21> <Mt= 0.00> <Spt= 0.00> <nCl=  0> <al=0.00> <DB=  938.5657> <Mlp=  938.5657> <PB=950.1> 
Dynamic params and stats :  aver.obdmd = 19.8929 aver.buck.num. = 24
@@ 1 4 938.566 6.5e-05 6.7e-05 0 0.21
Reduced cost fixing for graph G_1...  took 0 sec., done by inspection with 1517 solutions, remains 1491 (98.3%)
Removed 2 columns (not in the enumerated set) from the formulation
    Full reduced cost fixing is not called (gap ratio is 0.900734)
ColGenEvalAlg final dual bound: 938.566 (rounded: 939)
Gap improvement since the last cut separation : 0.013711 (938.405)
Cut generation tailing off counter increased to 1
Current active cuts : CAP(17,97.3681)
Shrinking heuristic shrunk 7 edges
In total 2 RCC cut(s) are found by the Fractional capacity min-cut heuristic 
In total 9 RCC cut(s) are found by the greedy construction heuristic 
In total 7 RCC cut(s) are found by the global pool greedy search heuristic 
----- Add fac. cuts : CAP(18), max.viol = 0.0852543, aver.viol = 0.0555962, sep/add took 0.00989909/0.000934256 sec. -----
460 columns (458 active), 52 dyn. constrs. (42 active), 233 art. vars. (152 active)
<DWph=2> <it=  1> <et=0.22> <Mt= 0.00> <Spt= 0.00> <nCl=  0> <al=0.00> <DB=  938.6793> <Mlp=  938.6793> <PB=950.1> 
<DWph=1> <it=  2> <et=0.22> <Mt= 0.00> <Spt= 0.00> <nCl=  0> <al=0.00> <DB=  938.6793> <Mlp=  938.6793> <PB=950.1> 
    TT = 6.4e-05, performed by inspection with 1491 solutions, nbR1C = 0, nbDiscC = 0
    TT = 6.1e-05, performed by inspection with 1491 solutions, nbR1C = 0, nbDiscC = 0
<DWph=0> <it=  3> <et=0.22> <Mt= 0.00> <Spt= 0.00> <nCl=  1> <al=0.00> <DB=  938.6793> <Mlp=  938.6793> <PB=950.1> 
Dynamic params and stats :  aver.obdmd = 19.8929 aver.buck.num. = 24
@@ 1 5 938.679 6.25e-05 6.4e-05 0 0.22
Reduced cost fixing for graph G_1...  took 0 sec., done by inspection with 1491 solutions, remains 1452 (97.4%)
Removed 4 columns (not in the enumerated set) from the formulation
ColGenEvalAlg final dual bound: 938.679 (rounded: 939)
Gap improvement since the last cut separation : 0.00985287 (938.566)
Cut generation tailing off counter increased to 2
Current active cuts : CAP(20,103.956)
Shrinking heuristic shrunk 6 edges
In total 1 RCC cut(s) are found by the Fractional capacity min-cut heuristic 
In total 1 RCC cut(s) are found by the greedy construction heuristic 
In total 1 RCC cut(s) are found by the global pool greedy search heuristic 
----- Add fac. cuts : CAP(3), max.viol = 0.0548523, aver.viol = 0.052977, sep/add took 0.00989183/0.000135035 sec. -----
459 columns (455 active), 45 dyn. constrs. (30 active), 236 art. vars. (140 active)
<DWph=2> <it=  1> <et=0.24> <Mt= 0.00> <Spt= 0.00> <nCl=  0> <al=0.00> <DB=  938.7179> <Mlp=  938.7179> <PB=950.1> 
<DWph=1> <it=  2> <et=0.24> <Mt= 0.00> <Spt= 0.00> <nCl=  0> <al=0.00> <DB=  938.7179> <Mlp=  938.7179> <PB=950.1> 
    TT = 6.2e-05, performed by inspection with 1452 solutions, nbR1C = 0, nbDiscC = 0
    TT = 5.9e-05, performed by inspection with 1452 solutions, nbR1C = 0, nbDiscC = 0
<DWph=0> <it=  3> <et=0.24> <Mt= 0.00> <Spt= 0.00> <nCl=  2> <al=0.00> <DB=  938.7179> <Mlp=  938.7179> <PB=950.1> 
Dynamic params and stats :  aver.obdmd = 19.8929 aver.buck.num. = 24
@@ 1 6 938.718 6.05e-05 6.2e-05 0 0.24
Reduced cost fixing for graph G_1...  took 0 sec., done by inspection with 1452 solutions, remains 1427 (98.3%)
Removed 2 columns (not in the enumerated set) from the formulation
    Full reduced cost fixing is not called (gap ratio is 0.996588)
ColGenEvalAlg final dual bound: 938.718 (rounded: 939)
Gap improvement since the last cut separation : 0.00338192 (938.679)
----- Cut separators priority level decreased to 1-----
Current active cuts : CAP(20,115.865)
Shrinking heuristic shrunk 11 edges
In total 1 RCC cut(s) are found by the greedy construction heuristic 
23 Rank-1 3-rows pack. cuts added ,  max viol. = 0.358974, aver. viol. = 0.217391
Building structures for heuristic rank-1 packing cut separation...done!
39 Rank-1 4-rows pack. cuts added ,  max viol. = 0.358974, aver. viol. = 0.257725
100 Rank-1 5-rows pack. cuts added ,  max viol. = 0.358974, aver. viol. = 0.329231
----- Add fac. cuts : CAP(1) R1C(162), max.viol = 0.410256, aver.viol = 0.299512, sep/add took 0.288056/0.00791072 sec. -----
457 columns (455 active), 193 dyn. constrs. (190 active), 399 art. vars. (300 active)
<DWph=2> <it=  1> <et=0.54> <Mt= 0.00> <Spt= 0.00> <nCl=  0> <al=0.00> <DB=  941.0000> <Mlp=  941.0000> <PB=950.1> 
<DWph=1> <it=  2> <et=0.54> <Mt= 0.00> <Spt= 0.00> <nCl=  0> <al=0.00> <DB=  941.0000> <Mlp=  941.0000> <PB=950.1> 
    TT = 0.000133, performed by inspection with 1427 solutions, nbR1C = 14, nbDiscC = 0
<DWph=0> <it=  3> <et=0.54> <Mt= 0.00> <Spt= 0.01> <nCl= 25> <al=0.30> <DB=  721.0000> <Mlp=  941.0000> <PB=950.1> 
    TT = 0.000123, performed by inspection with 1427 solutions, nbR1C = 19, nbDiscC = 0
<DWph=0> <it=  4> <et=0.55> <Mt= 0.00> <Spt= 0.00> <nCl= 10> <al=0.20> <DB=  897.0000> <Mlp=  941.0000> <PB=950.1> 
    TT = 0.000119, performed by inspection with 1427 solutions, nbR1C = 19, nbDiscC = 0
    TT = 0.000115, performed by inspection with 1427 solutions, nbR1C = 16, nbDiscC = 0
<DWph=0> <it=  5> <et=0.55> <Mt= 0.00> <Spt= 0.00> <nCl=  4> <al=0.00> <DB=  941.0000> <Mlp=  941.0000> <PB=950.1> 
Dynamic params and stats :  aver.obdmd = 19.8929 aver.buck.num. = 24 nbR1C = 16 with avMem = 0
@@ 1 7 941 0.0001225 0.000133 0 0.55
Reduced cost fixing for graph G_1...  took 0 sec., done by inspection with 1427 solutions, remains 1051 (73.7%)
Removed 30 columns (not in the enumerated set) from the formulation
ColGenEvalAlg final dual bound: 941 (rounded: 941)
Gap improvement since the last cut separation : 0.200496 (938.718)
Current active cuts : CAP(7,98.175) R1C(16,24.7214) 3rowPackR1C(4) 4rowPackR1C(3) 5rowPackR1C(9)
In total 14 RCC cut(s) are found by the connected components heuristic 
Shrinking heuristic shrunk 33 edges
In total 2 RCC cut(s) are found by the global pool greedy search heuristic 
Building structures for heuristic rank-1 packing cut separation...done!
8 Rank-1 5-rows pack. cuts added ,  max viol. = 0.25, aver. viol. = 0.25
----- Add fac. cuts : CAP(16) R1C(8), max.viol = 0.5, aver.viol = 0.5, sep/add took 0.183775/0.00196369 sec. -----
494 columns (464 active), 214 dyn. constrs. (55 active), 423 art. vars. (165 active)
<DWph=2> <it=  1> <et=0.74> <Mt= 0.00> <Spt= 0.00> <nCl=  0> <al=0.00> <DB=  941.0000> <Mlp=  941.0000> <PB=950.1> 
<DWph=1> <it=  2> <et=0.74> <Mt= 0.01> <Spt= 0.00> <nCl=  0> <al=0.00> <DB=  941.0000> <Mlp=  941.0000> <PB=950.1> 
<DWph=0> <it=  3> <et=0.74> <Mt= 0.00> <Spt= 0.00> <nCl=  0> <al=0.30> <DB=  941.0000> <Mlp=  941.0000> <PB=950.1> 
@@ 1 8 941 0 0 0 0.74
ColGenEvalAlg final dual bound: 941 (rounded: 941)
Gap improvement since the last cut separation : 4.37257e-13 (941)
Cut generation tailing off counter increased to 1
Current active cuts : CAP(7,98.175) R1C(16,24.7214) 3rowPackR1C(4) 4rowPackR1C(3) 5rowPackR1C(9)
Shrinking heuristic shrunk 19 edges
In total 2 RCC cut(s) are found by the Fractional capacity min-cut heuristic 
In total 1 RCC cut(s) are found by the greedy construction heuristic 
Building structures for heuristic rank-1 packing cut separation...done!
----- Add fac. cuts : CAP(3), max.viol = 0.285714, aver.viol = 0.238095, sep/add took 0.238198/0.000500361 sec. -----
494 columns (464 active), 217 dyn. constrs. (58 active), 426 art. vars. (168 active)
<DWph=2> <it=  1> <et=0.98> <Mt= 0.00> <Spt= 0.00> <nCl=  0> <al=0.50> <DB=  941.0000> <Mlp=  941.0000> <PB=941> 
ColGenEvalAlg final dual bound: 941 (rounded: 941)
Gap improvement since the last cut separation : -nan (941)
Current active cuts : CAP(7,98.175) R1C(16,24.7214) 3rowPackR1C(4) 4rowPackR1C(3) 5rowPackR1C(9)
New model incumbent solution 941, TIME = 0h0m0s98t = 98
************************************************************************************************
Search is finished, global bounds : [ 941 , 941 ], TIME = 0h0m0s98t = 98
************************************************************************************************
Built-in heuristic is enabled
instance_name solver_name ext_heuristic solution_value solution_time best_lb root_lb root_time nb_branch_and_bound_nodes status
/home/logis/Downloads/VRPSolverEasy/VRPSolverEasy/demos/data/CVRP/P-n55-k15 CLP False 940.9999999999999 0.9869308250000001 941.0 941.0 0.9867181530000001 1 0

