Time resource is critical for vehicle type 1 (21,0)
Capacity resource will be imposed by rounded capacity cuts (0.269048)
Node memory for rank-1 cuts will be used (2.95238)
~~~~~~~~~~~~~~~~~~~~~~~~~~~~~~~~~~~~~~~~~~~~~~~~~~~~~~~~~~~~~~~~~~~~~~~~~~~~~~~~~~~~~
VRPSolver v0.5.27, 24/02/2023, © Inria Bordeaux, France, vrpsolver.math.u-bordeaux.fr
      Corresponds to the solver by Pessoa, Sadykov, Uchoa and Vanderbeck (2020)
                 Paper: dx.doi.org/10.1007/s10107-020-01523-z
~~~~~~~~~~~~~~~~~~~~~~~~~~~~~~~~~~~~~~~~~~~~~~~~~~~~~~~~~~~~~~~~~~~~~~~~~~~~~~~~~~~~~
   BaPCod v0.77, 15/03/2023, © Inria Bordeaux, France, bapcod.math.u-bordeaux.fr 
           THIS CODE IS PROVIDED AS IS, USE IT AT YOUR OWN RISK
~~~~~~~~~~~~~~~~~~~~~~~~~~~~~~~~~~~~~~~~~~~~~~~~~~~~~~~~~~~~~~~~~~~~~~~~~~~~~~~~~~~~~
Bucket steps were recalculated for graph G_1 : [54.0401]
RCSP solver info : non-symmetric case as the resource 0 consumption for the reverse arc of 0->200 is not the same : 72.4 against 162.4
Bidirectional border value is initialised to 499.3
RCSP solver info : number of forw. reachable buckets / buck. strongly connected components is 710( 96.4674% ) / 710( 100% )
RCSP solver info : number of back. reachable buckets / buck. strongly connected components is 708( 96.1957% ) / 708( 100% )
Generating neighbourhoods for rank-1 cuts separation
Building structures for 4- and 5-row rank-1 packing cut separation...done!
Model is built TIME = 0h0m0s20t = 20
************************************************************************************************
**** BaB tree root node
**** Local DB = -1e+12, global bounds : [ -1e+12 , 2695 ], TIME = 0h0m0s20t = 20
**** 1 open nodes, 0 columns (0 active), 0 dyn. constrs. (0 active), 402 art. vars. (402 active)
************************************************************************************************
#<DWph=2> <it=  1> <et=0.23> <Mt= 0.00> <Spt= 0.00> <nCl= 30> <al=0.00> <DB=-2901885.0000> <Mlp=1351812.0000> <PB=2695> 
#<DWph=2> <it=  2> <et=0.24> <Mt= 0.00> <Spt= 0.01> <nCl= 30> <al=0.55> <DB=-2823874.2900> <Mlp=812635.8000> <PB=2695> 
#<DWph=2> <it=  3> <et=0.25> <Mt= 0.00> <Spt= 0.01> <nCl= 30> <al=0.60> <DB=-3054222.3695> <Mlp=535235.6000> <PB=2695> 
#<DWph=2> <it=  4> <et=0.26> <Mt= 0.00> <Spt= 0.01> <nCl= 30> <al=0.64> <DB=-2886985.6377> <Mlp=338491.9000> <PB=2695> 
#<DWph=2> <it=  5> <et=0.27> <Mt= 0.00> <Spt= 0.01> <nCl= 30> <al=0.67> <DB=-2634900.0307> <Mlp=203080.2000> <PB=2695> 
#<DWph=2> <it=  6> <et=0.28> <Mt= 0.00> <Spt= 0.01> <nCl= 30> <al=0.70> <DB=-2527506.1810> <Mlp=125873.4500> <PB=2695> 
#<DWph=2> <it=  7> <et=0.29> <Mt= 0.00> <Spt= 0.01> <nCl= 30> <al=0.60> <DB=-2223085.3040> <Mlp=125873.4500> <PB=2695> 
#<DWph=2> <it=  8> <et=0.30> <Mt= 0.00> <Spt= 0.01> <nCl= 30> <al=0.50> <DB=-2139915.9213> <Mlp=113069.5500> <PB=2695> 
#<DWph=2> <it=  9> <et=0.31> <Mt= 0.00> <Spt= 0.01> <nCl= 30> <al=0.55> <DB=-2035401.3758> <Mlp=113069.5500> <PB=2695> 
#<DWph=2> <it= 10> <et=0.32> <Mt= 0.00> <Spt= 0.01> <nCl= 30> <al=0.60> <DB=-2063203.9469> <Mlp=113069.5500> <PB=2695> 
#<DWph=2> <it= 11> <et=0.33> <Mt= 0.00> <Spt= 0.01> <nCl= 30> <al=0.64> <DB=-1984260.7141> <Mlp=113069.5500> <PB=2695> 
#<DWph=2> <it= 12> <et=0.34> <Mt= 0.00> <Spt= 0.01> <nCl= 30> <al=0.68> <DB=-2032619.2713> <Mlp=106673.7000> <PB=2695> 
#<DWph=2> <it= 13> <et=0.35> <Mt= 0.01> <Spt= 0.01> <nCl= 30> <al=0.71> <DB=-1856642.1872> <Mlp=100941.9667> <PB=2695> 
#<DWph=2> <it= 14> <et=0.37> <Mt= 0.00> <Spt= 0.00> <nCl= 30> <al=0.61> <DB=-1894986.1885> <Mlp=97286.3873> <PB=2695> 
#<DWph=2> <it= 15> <et=0.38> <Mt= 0.00> <Spt= 0.01> <nCl= 30> <al=0.65> <DB=-1724396.7594> <Mlp=86261.5821> <PB=2695> 
#<DWph=2> <it= 16> <et=0.39> <Mt= 0.00> <Spt= 0.01> <nCl= 30> <al=0.55> <DB=-1778577.1970> <Mlp=84293.8556> <PB=2695> 
#<DWph=2> <it= 17> <et=0.40> <Mt= 0.00> <Spt= 0.01> <nCl= 30> <al=0.59> <DB=-1665331.1510> <Mlp=83090.6797> <PB=2695> 
#<DWph=2> <it= 18> <et=0.41> <Mt= 0.00> <Spt= 0.01> <nCl= 30> <al=0.63> <DB=-1759508.4365> <Mlp=76618.4432> <PB=2695> 
#<DWph=2> <it= 19> <et=0.42> <Mt= 0.01> <Spt= 0.01> <nCl= 30> <al=0.67> <DB=-1607277.0820> <Mlp=72247.4370> <PB=2695> 
#<DWph=2> <it= 20> <et=0.43> <Mt= 0.00> <Spt= 0.01> <nCl= 30> <al=0.70> <DB=-1648205.1921> <Mlp=67569.3508> <PB=2695> 
#<DWph=2> <it= 21> <et=0.44> <Mt= 0.00> <Spt= 0.01> <nCl= 30> <al=0.73> <DB=-1455613.2051> <Mlp=65712.5029> <PB=2695> 
#<DWph=2> <it= 22> <et=0.46> <Mt= 0.00> <Spt= 0.01> <nCl= 30> <al=0.76> <DB=-1650601.4624> <Mlp=59815.7852> <PB=2695> 
#<DWph=2> <it= 23> <et=0.47> <Mt= 0.00> <Spt= 0.01> <nCl= 30> <al=0.78> <DB=-1553414.2703> <Mlp=56770.6351> <PB=2695> 
#<DWph=2> <it= 24> <et=0.48> <Mt= 0.01> <Spt= 0.01> <nCl= 30> <al=0.80> <DB=-1437495.5824> <Mlp=54957.3815> <PB=2695> 
#<DWph=2> <it= 25> <et=0.49> <Mt= 0.00> <Spt= 0.01> <nCl= 30> <al=0.82> <DB=-1465062.9792> <Mlp=51590.5034> <PB=2695> 
#<DWph=2> <it= 26> <et=0.50> <Mt= 0.00> <Spt= 0.01> <nCl= 30> <al=0.84> <DB=-1351315.5044> <Mlp=48507.2344> <PB=2695> 
#<DWph=2> <it= 27> <et=0.52> <Mt= 0.00> <Spt= 0.01> <nCl= 30> <al=0.74> <DB=-1374241.2615> <Mlp=43416.3839> <PB=2695> 
#<DWph=2> <it= 28> <et=0.53> <Mt= 0.01> <Spt= 0.00> <nCl= 30> <al=0.77> <DB=-1474069.3650> <Mlp=39124.4549> <PB=2695> 
#<DWph=2> <it= 29> <et=0.54> <Mt= 0.00> <Spt= 0.01> <nCl= 30> <al=0.79> <DB=-1263246.1907> <Mlp=36900.9827> <PB=2695> 
#<DWph=2> <it= 30> <et=0.55> <Mt= 0.01> <Spt= 0.01> <nCl= 30> <al=0.81> <DB=-1248380.3863> <Mlp=35738.6654> <PB=2695> 
#<DWph=2> <it= 31> <et=0.57> <Mt= 0.00> <Spt= 0.01> <nCl= 30> <al=0.83> <DB=-1331898.8091> <Mlp=34509.0816> <PB=2695> 
#<DWph=2> <it= 32> <et=0.58> <Mt= 0.00> <Spt= 0.01> <nCl= 30> <al=0.85> <DB=-1226154.3105> <Mlp=32589.0031> <PB=2695> 
#<DWph=2> <it= 33> <et=0.59> <Mt= 0.01> <Spt= 0.01> <nCl= 30> <al=0.86> <DB=-1275450.2121> <Mlp=29288.7347> <PB=2695> 
#<DWph=2> <it= 34> <et=0.61> <Mt= 0.00> <Spt= 0.01> <nCl= 30> <al=0.88> <DB=-1180071.7998> <Mlp=28166.0882> <PB=2695> 
#<DWph=2> <it= 35> <et=0.62> <Mt= 0.00> <Spt= 0.01> <nCl= 30> <al=0.78> <DB=-1211535.4793> <Mlp=27041.2085> <PB=2695> 
#<DWph=2> <it= 36> <et=0.63> <Mt= 0.01> <Spt= 0.01> <nCl= 30> <al=0.80> <DB=-1125924.0700> <Mlp=25974.3634> <PB=2695> 
#<DWph=2> <it= 37> <et=0.65> <Mt= 0.00> <Spt= 0.01> <nCl= 30> <al=0.82> <DB=-1189621.7509> <Mlp=25812.6009> <PB=2695> 
#<DWph=2> <it= 38> <et=0.66> <Mt= 0.00> <Spt= 0.01> <nCl= 30> <al=0.84> <DB=-1113131.4189> <Mlp=25812.6009> <PB=2695> 
#<DWph=2> <it= 39> <et=0.67> <Mt= 0.00> <Spt= 0.01> <nCl= 30> <al=0.85> <DB=-1159795.6799> <Mlp=24892.0310> <PB=2695> 
#<DWph=2> <it= 40> <et=0.68> <Mt= 0.01> <Spt= 0.01> <nCl= 30> <al=0.87> <DB=-1164151.4074> <Mlp=24292.5340> <PB=2695> 
#<DWph=2> <it= 41> <et=0.70> <Mt= 0.00> <Spt= 0.01> <nCl= 30> <al=0.88> <DB=-1103418.6285> <Mlp=22954.1922> <PB=2695> 
#<DWph=2> <it= 42> <et=0.71> <Mt= 0.00> <Spt= 0.01> <nCl= 30> <al=0.89> <DB=-1109955.7835> <Mlp=22521.2218> <PB=2695> 
#<DWph=2> <it= 43> <et=0.72> <Mt= 0.01> <Spt= 0.01> <nCl= 30> <al=0.90> <DB=-1037965.3852> <Mlp=21298.8673> <PB=2695> 
#<DWph=2> <it= 44> <et=0.73> <Mt= 0.00> <Spt= 0.00> <nCl= 30> <al=0.80> <DB=-1055207.9230> <Mlp=21047.9579> <PB=2695> 
#<DWph=2> <it= 45> <et=0.75> <Mt= 0.01> <Spt= 0.01> <nCl= 30> <al=0.82> <DB=-1029119.5443> <Mlp=20849.3673> <PB=2695> 
#<DWph=2> <it= 46> <et=0.76> <Mt= 0.00> <Spt= 0.01> <nCl= 30> <al=0.84> <DB=-1005328.0734> <Mlp=20425.1666> <PB=2695> 
#<DWph=2> <it= 47> <et=0.77> <Mt= 0.00> <Spt= 0.01> <nCl= 30> <al=0.86> <DB=-996068.3831> <Mlp=19641.5323> <PB=2695> 
#<DWph=2> <it= 48> <et=0.79> <Mt= 0.01> <Spt= 0.01> <nCl= 30> <al=0.87> <DB=-1113747.7340> <Mlp=19132.3758> <PB=2695> 
#<DWph=2> <it= 49> <et=0.80> <Mt= 0.00> <Spt= 0.01> <nCl= 30> <al=0.88> <DB=-984141.8414> <Mlp=18934.8066> <PB=2695> 
#<DWph=2> <it= 50> <et=0.82> <Mt= 0.01> <Spt= 0.01> <nCl= 30> <al=0.90> <DB=-1009763.0320> <Mlp=18631.2083> <PB=2695> 
#<DWph=2> <it= 51> <et=0.83> <Mt= 0.00> <Spt= 0.01> <nCl= 30> <al=0.91> <DB=-970054.5451> <Mlp=18356.4950> <PB=2695> 
#<DWph=2> <it= 52> <et=0.84> <Mt= 0.00> <Spt= 0.01> <nCl= 30> <al=0.92> <DB=-917701.4227> <Mlp=17897.5363> <PB=2695> 
#<DWph=2> <it= 53> <et=0.86> <Mt= 0.01> <Spt= 0.01> <nCl= 30> <al=0.92> <DB=-899025.4060> <Mlp=17722.1444> <PB=2695> 
#<DWph=2> <it= 54> <et=0.87> <Mt= 0.00> <Spt= 0.01> <nCl= 30> <al=0.82> <DB=-1040495.6061> <Mlp=17434.0374> <PB=2695> 
#<DWph=2> <it= 55> <et=0.88> <Mt= 0.01> <Spt= 0.01> <nCl= 30> <al=0.84> <DB=-987788.5215> <Mlp=17290.6309> <PB=2695> 
#<DWph=2> <it= 56> <et=0.90> <Mt= 0.00> <Spt= 0.01> <nCl= 30> <al=0.86> <DB=-908795.1176> <Mlp=16566.8281> <PB=2695> 
#<DWph=2> <it= 57> <et=0.92> <Mt= 0.01> <Spt= 0.01> <nCl= 30> <al=0.87> <DB=-857997.2821> <Mlp=15526.5667> <PB=2695> 
#<DWph=2> <it= 58> <et=0.94> <Mt= 0.01> <Spt= 0.01> <nCl= 30> <al=0.88> <DB=-824042.2457> <Mlp=14781.4768> <PB=2695> 
#<DWph=2> <it= 59> <et=0.95> <Mt= 0.01> <Spt= 0.01> <nCl= 30> <al=0.90> <DB=-833720.9879> <Mlp=13837.2918> <PB=2695> 
#<DWph=2> <it= 60> <et=0.97> <Mt= 0.00> <Spt= 0.01> <nCl= 30> <al=0.91> <DB=-821458.5700> <Mlp=13634.2687> <PB=2695> 
#<DWph=2> <it= 61> <et=0.98> <Mt= 0.01> <Spt= 0.00> <nCl= 30> <al=0.81> <DB=-810827.2322> <Mlp=13117.1135> <PB=2695> 
#<DWph=2> <it= 62> <et=1.00> <Mt= 0.00> <Spt= 0.01> <nCl= 30> <al=0.83> <DB=-965709.6309> <Mlp=12973.4192> <PB=2695> 
#<DWph=2> <it= 63> <et=1.01> <Mt= 0.01> <Spt= 0.01> <nCl= 30> <al=0.84> <DB=-746004.9571> <Mlp=12738.6697> <PB=2695> 
#<DWph=2> <it= 64> <et=1.02> <Mt= 0.00> <Spt= 0.01> <nCl= 30> <al=0.86> <DB=-786056.4115> <Mlp=12543.5682> <PB=2695> 
#<DWph=2> <it= 65> <et=1.04> <Mt= 0.00> <Spt= 0.01> <nCl= 30> <al=0.87> <DB=-738277.6049> <Mlp=12434.0962> <PB=2695> 
#<DWph=2> <it= 66> <et=1.05> <Mt= 0.01> <Spt= 0.01> <nCl= 30> <al=0.89> <DB=-757745.2409> <Mlp=12226.5464> <PB=2695> 
#<DWph=2> <it= 67> <et=1.07> <Mt= 0.01> <Spt= 0.01> <nCl= 30> <al=0.90> <DB=-669790.5162> <Mlp=11873.3428> <PB=2695> 
#<DWph=2> <it= 68> <et=1.09> <Mt= 0.01> <Spt= 0.01> <nCl= 30> <al=0.91> <DB=-667430.3468> <Mlp=11308.6056> <PB=2695> 
#<DWph=2> <it= 69> <et=1.11> <Mt= 0.01> <Spt= 0.01> <nCl= 30> <al=0.92> <DB=-652679.0472> <Mlp=10103.8732> <PB=2695> 
#<DWph=2> <it= 70> <et=1.13> <Mt= 0.01> <Spt= 0.01> <nCl= 30> <al=0.93> <DB=-664423.9869> <Mlp= 9777.5976> <PB=2695> 
#<DWph=2> <it= 71> <et=1.15> <Mt= 0.01> <Spt= 0.01> <nCl= 30> <al=0.93> <DB=-633165.5611> <Mlp= 9301.2100> <PB=2695> 
#<DWph=2> <it= 72> <et=1.17> <Mt= 0.01> <Spt= 0.01> <nCl= 30> <al=0.94> <DB=-614132.8936> <Mlp= 8716.0859> <PB=2695> 
#<DWph=2> <it= 73> <et=1.19> <Mt= 0.01> <Spt= 0.01> <nCl= 30> <al=0.95> <DB=-589462.5178> <Mlp= 7814.4440> <PB=2695> 
#<DWph=2> <it= 74> <et=1.20> <Mt= 0.00> <Spt= 0.01> <nCl= 30> <al=0.85> <DB=-683034.4777> <Mlp= 7652.2848> <PB=2695> 
#<DWph=2> <it= 75> <et=1.22> <Mt= 0.01> <Spt= 0.01> <nCl= 30> <al=0.86> <DB=-567234.1636> <Mlp= 6576.9388> <PB=2695> 
#<DWph=2> <it= 76> <et=1.24> <Mt= 0.01> <Spt= 0.01> <nCl= 30> <al=0.76> <DB=-633102.5278> <Mlp= 6409.3666> <PB=2695> 
#<DWph=2> <it= 77> <et=1.26> <Mt= 0.01> <Spt= 0.01> <nCl= 30> <al=0.78> <DB=-540906.4858> <Mlp= 6328.3985> <PB=2695> 
#<DWph=2> <it= 78> <et=1.28> <Mt= 0.01> <Spt= 0.01> <nCl= 30> <al=0.81> <DB=-524041.3355> <Mlp= 6150.6504> <PB=2695> 
#<DWph=2> <it= 79> <et=1.30> <Mt= 0.01> <Spt= 0.01> <nCl= 30> <al=0.83> <DB=-512742.8558> <Mlp= 5964.1408> <PB=2695> 
#<DWph=2> <it= 80> <et=1.32> <Mt= 0.01> <Spt= 0.01> <nCl= 30> <al=0.84> <DB=-482739.4639> <Mlp= 5398.5246> <PB=2695> 
#<DWph=2> <it= 81> <et=1.34> <Mt= 0.01> <Spt= 0.01> <nCl= 30> <al=0.86> <DB=-475876.3360> <Mlp= 4988.6755> <PB=2695> 
#<DWph=2> <it= 82> <et=1.36> <Mt= 0.01> <Spt= 0.00> <nCl= 30> <al=0.87> <DB=-560091.9166> <Mlp= 4536.0803> <PB=2695> 
#<DWph=2> <it= 83> <et=1.37> <Mt= 0.01> <Spt= 0.01> <nCl= 30> <al=0.89> <DB=-456094.6874> <Mlp= 4419.6273> <PB=2695> 
<DWph=2> <it= 84> <et=1.39> <Mt= 0.01> <Spt= 0.01> <nCl= 14> <al=0.79> <DB=-357719.3188> <Mlp= 4276.2782> <PB=2695> 
<DWph=2> <it= 85> <et=1.41> <Mt= 0.00> <Spt= 0.01> <nCl= 30> <al=0.69> <DB=-260672.0926> <Mlp= 4272.3496> <PB=2695> 
<DWph=2> <it= 86> <et=1.42> <Mt= 0.01> <Spt= 0.01> <nCl= 30> <al=0.59> <DB=-146494.8652> <Mlp= 4248.7815> <PB=2695> 
<DWph=2> <it= 87> <et=1.44> <Mt= 0.00> <Spt= 0.01> <nCl= 30> <al=0.49> <DB=-88770.5198> <Mlp= 4218.5393> <PB=2695> 
<DWph=2> <it= 88> <et=1.46> <Mt= 0.01> <Spt= 0.01> <nCl= 30> <al=0.39> <DB=-48227.3129> <Mlp= 4199.9091> <PB=2695> 
<DWph=2> <it= 89> <et=1.47> <Mt= 0.01> <Spt= 0.01> <nCl= 30> <al=0.29> <DB=-55651.1149> <Mlp= 4181.1297> <PB=2695> 
<DWph=2> <it= 90> <et=1.49> <Mt= 0.01> <Spt= 0.01> <nCl= 30> <al=0.36> <DB=-40228.1964> <Mlp= 4166.5676> <PB=2695> 
<DWph=2> <it= 91> <et=1.51> <Mt= 0.01> <Spt= 0.01> <nCl= 30> <al=0.42> <DB=-47070.4612> <Mlp= 4107.1918> <PB=2695> 
<DWph=2> <it= 92> <et=1.53> <Mt= 0.01> <Spt= 0.01> <nCl= 30> <al=0.48> <DB=-32055.0734> <Mlp= 4086.4209> <PB=2695> 
<DWph=2> <it= 93> <et=1.56> <Mt= 0.02> <Spt= 0.01> <nCl= 30> <al=0.38> <DB=-29198.1080> <Mlp= 4052.0826> <PB=2695> 
<DWph=2> <it= 94> <et=1.58> <Mt= 0.01> <Spt= 0.01> <nCl= 30> <al=0.44> <DB=-28642.0710> <Mlp= 4034.5361> <PB=2695> 
<DWph=2> <it= 95> <et=1.60> <Mt= 0.01> <Spt= 0.01> <nCl= 30> <al=0.50> <DB=-22326.4347> <Mlp= 4011.4975> <PB=2695> 
<DWph=2> <it= 96> <et=1.62> <Mt= 0.01> <Spt= 0.01> <nCl= 30> <al=0.55> <DB=-21507.9376> <Mlp= 3978.1558> <PB=2695> 
<DWph=2> <it= 97> <et=1.64> <Mt= 0.01> <Spt= 0.01> <nCl= 30> <al=0.59> <DB=-18325.8170> <Mlp= 3939.1065> <PB=2695> 
<DWph=2> <it= 98> <et=1.66> <Mt= 0.01> <Spt= 0.01> <nCl= 30> <al=0.63> <DB=-16815.4593> <Mlp= 3879.9991> <PB=2695> 
<DWph=2> <it= 99> <et=1.68> <Mt= 0.01> <Spt= 0.00> <nCl= 30> <al=0.67> <DB=-15587.8884> <Mlp= 3876.8174> <PB=2695> 
<DWph=2> <it=100> <et=1.70> <Mt= 0.01> <Spt= 0.01> <nCl= 30> <al=0.70> <DB=-15642.2905> <Mlp= 3841.0902> <PB=2695> 
<DWph=2> <it=101> <et=1.72> <Mt= 0.01> <Spt= 0.01> <nCl= 30> <al=0.73> <DB=-11870.0383> <Mlp= 3792.5848> <PB=2695> 
<DWph=2> <it=102> <et=1.74> <Mt= 0.02> <Spt= 0.01> <nCl= 30> <al=0.76> <DB=-13536.9715> <Mlp= 3761.2588> <PB=2695> 
<DWph=2> <it=103> <et=1.76> <Mt= 0.01> <Spt= 0.01> <nCl= 30> <al=0.78> <DB=-12563.6125> <Mlp= 3748.1920> <PB=2695> 
<DWph=2> <it=104> <et=1.78> <Mt= 0.01> <Spt= 0.01> <nCl= 30> <al=0.81> <DB=-10750.4674> <Mlp= 3728.1083> <PB=2695> 
<DWph=2> <it=105> <et=1.81> <Mt= 0.01> <Spt= 0.01> <nCl= 30> <al=0.71> <DB=-10685.3365> <Mlp= 3689.9597> <PB=2695> 
<DWph=2> <it=106> <et=1.83> <Mt= 0.02> <Spt= 0.01> <nCl= 30> <al=0.73> <DB=-11247.1596> <Mlp= 3640.8681> <PB=2695> 
<DWph=2> <it=107> <et=1.85> <Mt= 0.00> <Spt= 0.01> <nCl= 30> <al=0.63> <DB=-9449.7393> <Mlp= 3626.5403> <PB=2695> 
<DWph=2> <it=108> <et=1.87> <Mt= 0.02> <Spt= 0.01> <nCl= 30> <al=0.67> <DB=-7801.2470> <Mlp= 3604.9690> <PB=2695> 
<DWph=2> <it=109> <et=1.90> <Mt= 0.01> <Spt= 0.01> <nCl= 30> <al=0.70> <DB=-8952.3096> <Mlp= 3578.2705> <PB=2695> 
<DWph=2> <it=110> <et=1.92> <Mt= 0.02> <Spt= 0.01> <nCl= 30> <al=0.73> <DB=-7879.3142> <Mlp= 3546.5175> <PB=2695> 
<DWph=2> <it=111> <et=1.95> <Mt= 0.02> <Spt= 0.01> <nCl= 28> <al=0.76> <DB=-7546.5574> <Mlp= 3514.5110> <PB=2695> 
<DWph=2> <it=112> <et=1.98> <Mt= 0.01> <Spt= 0.01> <nCl= 30> <al=0.78> <DB=-7465.7679> <Mlp= 3486.0047> <PB=2695> 
<DWph=2> <it=113> <et=2.00> <Mt= 0.02> <Spt= 0.01> <nCl= 30> <al=0.81> <DB=-6456.8703> <Mlp= 3464.9083> <PB=2695> 
<DWph=2> <it=114> <et=2.02> <Mt= 0.01> <Spt= 0.01> <nCl= 30> <al=0.83> <DB=-5986.9853> <Mlp= 3441.8424> <PB=2695> 
<DWph=2> <it=115> <et=2.04> <Mt= 0.01> <Spt= 0.01> <nCl= 30> <al=0.73> <DB=-7224.5394> <Mlp= 3403.9123> <PB=2695> 
<DWph=2> <it=116> <et=2.06> <Mt= 0.01> <Spt= 0.01> <nCl= 30> <al=0.75> <DB=-6243.4325> <Mlp= 3392.1879> <PB=2695> 
<DWph=2> <it=117> <et=2.09> <Mt= 0.01> <Spt= 0.01> <nCl= 30> <al=0.78> <DB=-4747.6411> <Mlp= 3358.4011> <PB=2695> 
<DWph=2> <it=118> <et=2.12> <Mt= 0.02> <Spt= 0.01> <nCl= 30> <al=0.68> <DB=-10998.6656> <Mlp= 3269.9543> <PB=2695> 
<DWph=2> <it=119> <et=2.14> <Mt= 0.02> <Spt= 0.01> <nCl= 30> <al=0.71> <DB=-5311.6583> <Mlp= 3253.9005> <PB=2695> 
<DWph=2> <it=120> <et=2.17> <Mt= 0.02> <Spt= 0.00> <nCl= 30> <al=0.74> <DB=-3944.0876> <Mlp= 3211.9319> <PB=2695> 
<DWph=2> <it=121> <et=2.20> <Mt= 0.02> <Spt= 0.01> <nCl= 30> <al=0.76> <DB=-5719.2551> <Mlp= 3167.5491> <PB=2695> 
<DWph=2> <it=122> <et=2.23> <Mt= 0.02> <Spt= 0.01> <nCl= 30> <al=0.79> <DB=-6758.2422> <Mlp= 3136.8545> <PB=2695> 
<DWph=2> <it=123> <et=2.26> <Mt= 0.02> <Spt= 0.01> <nCl= 30> <al=0.81> <DB=-4897.0731> <Mlp= 3097.0587> <PB=2695> 
<DWph=2> <it=124> <et=2.30> <Mt= 0.03> <Spt= 0.01> <nCl= 30> <al=0.71> <DB=-6377.4423> <Mlp= 3048.7699> <PB=2695> 
<DWph=2> <it=125> <et=2.33> <Mt= 0.02> <Spt= 0.01> <nCl= 30> <al=0.74> <DB=-3992.0569> <Mlp= 3030.9026> <PB=2695> 
<DWph=2> <it=126> <et=2.37> <Mt= 0.03> <Spt= 0.01> <nCl= 29> <al=0.76> <DB=-4011.7767> <Mlp= 3016.0560> <PB=2695> 
<DWph=2> <it=127> <et=2.39> <Mt= 0.01> <Spt= 0.01> <nCl= 25> <al=0.79> <DB=-3481.1592> <Mlp= 3000.4078> <PB=2695> 
<DWph=2> <it=128> <et=2.42> <Mt= 0.02> <Spt= 0.01> <nCl= 30> <al=0.69> <DB=-7300.7693> <Mlp= 2987.5159> <PB=2695> 
<DWph=2> <it=129> <et=2.45> <Mt= 0.02> <Spt= 0.01> <nCl= 30> <al=0.72> <DB=-3629.2453> <Mlp= 2979.5544> <PB=2695> 
<DWph=2> <it=130> <et=2.49> <Mt= 0.03> <Spt= 0.01> <nCl= 30> <al=0.75> <DB=-3577.9443> <Mlp= 2961.0227> <PB=2695> 
<DWph=2> <it=131> <et=2.52> <Mt= 0.02> <Spt= 0.01> <nCl= 30> <al=0.77> <DB=-2918.6533> <Mlp= 2947.8547> <PB=2695> 
<DWph=2> <it=132> <et=2.55> <Mt= 0.02> <Spt= 0.01> <nCl= 30> <al=0.80> <DB=-3454.2996> <Mlp= 2930.0794> <PB=2695> 
<DWph=2> <it=133> <et=2.58> <Mt= 0.03> <Spt= 0.01> <nCl= 30> <al=0.82> <DB=-2572.0688> <Mlp= 2917.9160> <PB=2695> 
<DWph=2> <it=134> <et=2.63> <Mt= 0.03> <Spt= 0.01> <nCl= 30> <al=0.83> <DB=-2596.9478> <Mlp= 2877.8894> <PB=2695> 
<DWph=2> <it=135> <et=2.66> <Mt= 0.02> <Spt= 0.01> <nCl= 30> <al=0.85> <DB=-2296.0208> <Mlp= 2870.4935> <PB=2695> 
<DWph=2> <it=136> <et=2.69> <Mt= 0.02> <Spt= 0.01> <nCl= 29> <al=0.87> <DB=-2695.2667> <Mlp= 2862.6165> <PB=2695> 
<DWph=2> <it=137> <et=2.73> <Mt= 0.03> <Spt= 0.01> <nCl= 19> <al=0.88> <DB=-1671.2313> <Mlp= 2851.8045> <PB=2695> 
<DWph=2> <it=138> <et=2.76> <Mt= 0.02> <Spt= 0.01> <nCl= 30> <al=0.78> <DB=-3199.8806> <Mlp= 2843.4508> <PB=2695> 
<DWph=2> <it=139> <et=2.79> <Mt= 0.02> <Spt= 0.01> <nCl= 30> <al=0.80> <DB=-2011.2892> <Mlp= 2836.3711> <PB=2695> 
<DWph=2> <it=140> <et=2.82> <Mt= 0.03> <Spt= 0.01> <nCl= 27> <al=0.82> <DB= -900.8439> <Mlp= 2829.9698> <PB=2695> 
<DWph=2> <it=141> <et=2.85> <Mt= 0.02> <Spt= 0.01> <nCl= 30> <al=0.84> <DB=-1736.6408> <Mlp= 2821.3065> <PB=2695> 
<DWph=2> <it=142> <et=2.88> <Mt= 0.01> <Spt= 0.01> <nCl= 30> <al=0.86> <DB=-1102.2300> <Mlp= 2821.0761> <PB=2695> 
<DWph=2> <it=143> <et=2.92> <Mt= 0.03> <Spt= 0.01> <nCl= 28> <al=0.87> <DB=-1377.6046> <Mlp= 2803.3132> <PB=2695> 
<DWph=2> <it=144> <et=2.94> <Mt= 0.02> <Spt= 0.01> <nCl= 15> <al=0.88> <DB= -442.7982> <Mlp= 2803.2369> <PB=2695> 
<DWph=2> <it=145> <et=2.97> <Mt= 0.01> <Spt= 0.01> <nCl= 26> <al=0.89> <DB= -595.6559> <Mlp= 2803.1448> <PB=2695> 
<DWph=2> <it=146> <et=3.03> <Mt= 0.05> <Spt= 0.01> <nCl= 18> <al=0.90> <DB=-1341.0884> <Mlp= 2802.7995> <PB=2695> 
<DWph=2> <it=147> <et=3.05> <Mt= 0.02> <Spt= 0.01> <nCl= 15> <al=0.91> <DB= -287.0378> <Mlp= 2801.8805> <PB=2695> 
<DWph=2> <it=148> <et=3.07> <Mt= 0.00> <Spt= 0.00> <nCl= 27> <al=0.92> <DB= -109.7595> <Mlp= 2801.1367> <PB=2695> 
<DWph=2> <it=149> <et=3.10> <Mt= 0.03> <Spt= 0.01> <nCl= 30> <al=0.82> <DB= -100.6095> <Mlp= 2742.0000> <PB=2695> 
<DWph=2> <it=150> <et=3.13> <Mt= 0.02> <Spt= 0.01> <nCl= 30> <al=0.84> <DB= -738.0052> <Mlp= 2742.0000> <PB=2695> 
<DWph=2> <it=151> <et=3.16> <Mt= 0.02> <Spt= 0.01> <nCl= 26> <al=0.86> <DB=  -22.7608> <Mlp= 2742.0000> <PB=2695> 
<DWph=2> <it=152> <et=3.19> <Mt= 0.02> <Spt= 0.01> <nCl= 29> <al=0.87> <DB=-1012.5603> <Mlp= 2742.0000> <PB=2695> 
<DWph=2> <it=153> <et=3.22> <Mt= 0.02> <Spt= 0.01> <nCl= 19> <al=0.88> <DB= -115.8108> <Mlp= 2742.0000> <PB=2695> 
<DWph=2> <it=154> <et=3.24> <Mt= 0.01> <Spt= 0.01> <nCl= 11> <al=0.90> <DB=  266.1696> <Mlp= 2742.0000> <PB=2695> 
<DWph=2> <it=155> <et=3.26> <Mt= 0.01> <Spt= 0.01> <nCl= 29> <al=0.80> <DB= -823.9472> <Mlp= 2742.0000> <PB=2695> 
<DWph=2> <it=156> <et=3.29> <Mt= 0.02> <Spt= 0.01> <nCl= 29> <al=0.82> <DB=   22.3473> <Mlp= 2742.0000> <PB=2695> 
<DWph=2> <it=157> <et=3.32> <Mt= 0.02> <Spt= 0.01> <nCl= 24> <al=0.83> <DB= -155.2930> <Mlp= 2742.0000> <PB=2695> 
<DWph=2> <it=158> <et=3.35> <Mt= 0.01> <Spt= 0.01> <nCl= 17> <al=0.85> <DB=   77.5496> <Mlp= 2742.0000> <PB=2695> 
<DWph=2> <it=159> <et=3.37> <Mt= 0.02> <Spt= 0.01> <nCl= 17> <al=0.87> <DB=  523.1110> <Mlp= 2731.3000> <PB=2695> 
<DWph=2> <it=160> <et=3.39> <Mt= 0.01> <Spt= 0.01> <nCl= 27> <al=0.88> <DB=  554.0776> <Mlp= 2731.3000> <PB=2695> 
<DWph=2> <it=161> <et=3.42> <Mt= 0.02> <Spt= 0.01> <nCl= 30> <al=0.89> <DB=  103.5522> <Mlp= 2728.4333> <PB=2695> 
<DWph=2> <it=162> <et=3.45> <Mt= 0.02> <Spt= 0.01> <nCl= 22> <al=0.90> <DB=  546.3319> <Mlp= 2728.4333> <PB=2695> 
<DWph=2> <it=163> <et=3.47> <Mt= 0.01> <Spt= 0.01> <nCl= 17> <al=0.91> <DB=  733.3380> <Mlp= 2728.4333> <PB=2695> 
<DWph=2> <it=164> <et=3.49> <Mt= 0.01> <Spt= 0.01> <nCl= 30> <al=0.81> <DB=  285.4987> <Mlp= 2728.4333> <PB=2695> 
<DWph=2> <it=165> <et=3.52> <Mt= 0.02> <Spt= 0.01> <nCl= 29> <al=0.83> <DB=  667.4277> <Mlp= 2728.4333> <PB=2695> 
<DWph=2> <it=166> <et=3.55> <Mt= 0.02> <Spt= 0.01> <nCl= 21> <al=0.85> <DB=  798.6900> <Mlp= 2726.5000> <PB=2695> 
<DWph=2> <it=167> <et=3.57> <Mt= 0.02> <Spt= 0.01> <nCl= 29> <al=0.86> <DB=  803.8602> <Mlp= 2726.5000> <PB=2695> 
<DWph=2> <it=168> <et=3.60> <Mt= 0.01> <Spt= 0.01> <nCl= 30> <al=0.88> <DB=  765.2530> <Mlp= 2726.5000> <PB=2695> 
<DWph=2> <it=169> <et=3.63> <Mt= 0.02> <Spt= 0.01> <nCl= 23> <al=0.89> <DB=  847.2999> <Mlp= 2726.5000> <PB=2695> 
<DWph=2> <it=170> <et=3.66> <Mt= 0.02> <Spt= 0.01> <nCl= 29> <al=0.90> <DB=  320.9115> <Mlp= 2726.5000> <PB=2695> 
<DWph=2> <it=171> <et=3.69> <Mt= 0.02> <Spt= 0.01> <nCl= 22> <al=0.91> <DB=  609.9685> <Mlp= 2726.5000> <PB=2695> 
<DWph=2> <it=172> <et=3.72> <Mt= 0.02> <Spt= 0.00> <nCl= 16> <al=0.92> <DB=  703.0339> <Mlp= 2726.1000> <PB=2695> 
<DWph=2> <it=173> <et=3.74> <Mt= 0.01> <Spt= 0.01> <nCl=  4> <al=0.93> <DB=  930.6723> <Mlp= 2725.0667> <PB=2695> 
<DWph=2> <it=174> <et=3.76> <Mt= 0.01> <Spt= 0.01> <nCl= 30> <al=0.83> <DB= -106.2255> <Mlp= 2725.0667> <PB=2695> 
<DWph=2> <it=175> <et=3.80> <Mt= 0.03> <Spt= 0.01> <nCl= 30> <al=0.84> <DB=  791.3848> <Mlp= 2725.0667> <PB=2695> 
<DWph=2> <it=176> <et=3.83> <Mt= 0.03> <Spt= 0.01> <nCl= 26> <al=0.86> <DB= 1172.9915> <Mlp= 2725.0667> <PB=2695> 
<DWph=2> <it=177> <et=3.86> <Mt= 0.02> <Spt= 0.01> <nCl= 27> <al=0.87> <DB=  837.9632> <Mlp= 2725.0667> <PB=2695> 
<DWph=2> <it=178> <et=3.90> <Mt= 0.02> <Spt= 0.01> <nCl= 28> <al=0.89> <DB= 1135.6338> <Mlp= 2725.0667> <PB=2695> 
<DWph=2> <it=179> <et=3.92> <Mt= 0.02> <Spt= 0.01> <nCl= 13> <al=0.90> <DB= 1098.2709> <Mlp= 2725.0667> <PB=2695> 
<DWph=2> <it=180> <et=3.94> <Mt= 0.00> <Spt= 0.01> <nCl=  2> <al=0.91> <DB= 1265.8135> <Mlp= 2725.0667> <PB=2695> 
<DWph=2> <it=181> <et=3.95> <Mt= 0.01> <Spt= 0.01> <nCl= 15> <al=0.92> <DB= 1326.1600> <Mlp= 2725.0667> <PB=2695> 
<DWph=2> <it=182> <et=3.97> <Mt= 0.01> <Spt= 0.01> <nCl= 30> <al=0.93> <DB= 1320.7796> <Mlp= 2725.0667> <PB=2695> 
<DWph=2> <it=183> <et=4.00> <Mt= 0.01> <Spt= 0.01> <nCl= 17> <al=0.93> <DB= 1312.1748> <Mlp= 2725.0667> <PB=2695> 
<DWph=2> <it=184> <et=4.02> <Mt= 0.01> <Spt= 0.01> <nCl=  6> <al=0.94> <DB= 1398.3352> <Mlp= 2725.0667> <PB=2695> 
<DWph=2> <it=185> <et=4.03> <Mt= 0.01> <Spt= 0.01> <nCl= 26> <al=0.95> <DB= 1401.9514> <Mlp= 2725.0667> <PB=2695> 
<DWph=2> <it=186> <et=4.06> <Mt= 0.02> <Spt= 0.01> <nCl= 18> <al=0.95> <DB= 1407.3216> <Mlp= 2725.0667> <PB=2695> 
<DWph=2> <it=187> <et=4.08> <Mt= 0.01> <Spt= 0.01> <nCl= 21> <al=0.96> <DB= 1378.3861> <Mlp= 2725.0667> <PB=2695> 
<DWph=2> <it=188> <et=4.10> <Mt= 0.01> <Spt= 0.01> <nCl= 13> <al=0.96> <DB= 1421.6669> <Mlp= 2725.0667> <PB=2695> 
<DWph=2> <it=189> <et=4.13> <Mt= 0.01> <Spt= 0.01> <nCl= 12> <al=0.96> <DB= 1423.6163> <Mlp= 2725.0667> <PB=2695> 
<DWph=2> <it=190> <et=4.15> <Mt= 0.01> <Spt= 0.01> <nCl= 17> <al=0.97> <DB= 1465.3005> <Mlp= 2725.0667> <PB=2695> 
<DWph=2> <it=191> <et=4.17> <Mt= 0.02> <Spt= 0.01> <nCl= 30> <al=0.87> <DB= 1190.2182> <Mlp= 2722.0000> <PB=2695> 
<DWph=2> <it=192> <et=4.20> <Mt= 0.02> <Spt= 0.01> <nCl= 24> <al=0.88> <DB= 1447.8975> <Mlp= 2722.0000> <PB=2695> 
<DWph=2> <it=193> <et=4.23> <Mt= 0.01> <Spt= 0.01> <nCl=  9> <al=0.89> <DB= 1580.9417> <Mlp= 2722.0000> <PB=2695> 
<DWph=2> <it=194> <et=4.24> <Mt= 0.01> <Spt= 0.01> <nCl= 29> <al=0.79> <DB=  325.1322> <Mlp= 2712.2000> <PB=2695> 
<DWph=2> <it=195> <et=4.27> <Mt= 0.02> <Spt= 0.01> <nCl= 23> <al=0.81> <DB= 1548.6121> <Mlp= 2712.2000> <PB=2695> 
<DWph=2> <it=196> <et=4.30> <Mt= 0.01> <Spt= 0.01> <nCl= 22> <al=0.83> <DB= 1424.2402> <Mlp= 2712.2000> <PB=2695> 
<DWph=2> <it=197> <et=4.32> <Mt= 0.02> <Spt= 0.01> <nCl= 10> <al=0.85> <DB= 1659.4296> <Mlp= 2712.2000> <PB=2695> 
<DWph=2> <it=198> <et=4.34> <Mt= 0.01> <Spt= 0.01> <nCl= 30> <al=0.75> <DB= 1090.1160> <Mlp= 2712.2000> <PB=2695> 
<DWph=2> <it=199> <et=4.36> <Mt= 0.01> <Spt= 0.01> <nCl= 26> <al=0.77> <DB= 1670.9966> <Mlp= 2712.2000> <PB=2695> 
<DWph=2> <it=200> <et=4.39> <Mt= 0.02> <Spt= 0.01> <nCl= 29> <al=0.80> <DB= 1560.3078> <Mlp= 2699.5000> <PB=2695> 
<DWph=2> <it=201> <et=4.42> <Mt= 0.01> <Spt= 0.01> <nCl= 24> <al=0.82> <DB= 1740.4724> <Mlp= 2699.5000> <PB=2695> 
<DWph=2> <it=202> <et=4.44> <Mt= 0.02> <Spt= 0.01> <nCl= 28> <al=0.84> <DB= 1632.9264> <Mlp= 2699.5000> <PB=2695> 
<DWph=2> <it=203> <et=4.47> <Mt= 0.02> <Spt= 0.01> <nCl= 15> <al=0.85> <DB= 1893.5087> <Mlp= 2699.5000> <PB=2695> 
<DWph=2> <it=204> <et=4.50> <Mt= 0.02> <Spt= 0.01> <nCl= 30> <al=0.75> <DB= 1414.7245> <Mlp= 2699.5000> <PB=2695> 
<DWph=2> <it=205> <et=4.53> <Mt= 0.02> <Spt= 0.01> <nCl= 28> <al=0.78> <DB= 1882.3467> <Mlp= 2699.5000> <PB=2695> 
<DWph=2> <it=206> <et=4.56> <Mt= 0.01> <Spt= 0.01> <nCl= 25> <al=0.80> <DB= 1877.9401> <Mlp= 2699.5000> <PB=2695> 
<DWph=2> <it=207> <et=4.58> <Mt= 0.02> <Spt= 0.00> <nCl= 13> <al=0.82> <DB= 1968.1720> <Mlp= 2699.5000> <PB=2695> 
<DWph=2> <it=208> <et=4.60> <Mt= 0.01> <Spt= 0.01> <nCl= 27> <al=0.84> <DB= 1958.9419> <Mlp= 2699.5000> <PB=2695> 
<DWph=2> <it=209> <et=4.63> <Mt= 0.01> <Spt= 0.01> <nCl= 21> <al=0.85> <DB= 2014.6802> <Mlp= 2699.5000> <PB=2695> 
<DWph=2> <it=210> <et=4.65> <Mt= 0.02> <Spt= 0.01> <nCl= 19> <al=0.87> <DB= 2117.3678> <Mlp= 2698.4000> <PB=2695> 
<DWph=2> <it=211> <et=4.67> <Mt= 0.01> <Spt= 0.01> <nCl= 30> <al=0.77> <DB= 1970.9592> <Mlp= 2698.4000> <PB=2695> 
<DWph=2> <it=212> <et=4.70> <Mt= 0.02> <Spt= 0.01> <nCl= 19> <al=0.79> <DB= 2239.5976> <Mlp= 2698.4000> <PB=2695> 
<DWph=2> <it=213> <et=4.72> <Mt= 0.01> <Spt= 0.01> <nCl= 28> <al=0.81> <DB= 2051.3158> <Mlp= 2698.4000> <PB=2695> 
<DWph=2> <it=214> <et=4.75> <Mt= 0.02> <Spt= 0.01> <nCl= 22> <al=0.83> <DB= 2323.2190> <Mlp= 2698.4000> <PB=2695> 
<DWph=2> <it=215> <et=4.77> <Mt= 0.02> <Spt= 0.01> <nCl= 24> <al=0.85> <DB= 2225.5825> <Mlp= 2695.9000> <PB=2695> 
<DWph=2> <it=216> <et=4.80> <Mt= 0.01> <Spt= 0.01> <nCl= 17> <al=0.86> <DB= 2309.7153> <Mlp= 2695.9000> <PB=2695> 
<DWph=2> <it=217> <et=4.82> <Mt= 0.01> <Spt= 0.01> <nCl=  4> <al=0.88> <DB= 2369.1421> <Mlp= 2695.9000> <PB=2695> 
<DWph=2> <it=218> <et=4.83> <Mt= 0.00> <Spt= 0.01> <nCl= 30> <al=0.78> <DB= 2270.1732> <Mlp= 2695.9000> <PB=2695> 
<DWph=2> <it=219> <et=4.86> <Mt= 0.02> <Spt= 0.01> <nCl= 19> <al=0.80> <DB= 2405.7944> <Mlp= 2695.9000> <PB=2695> 
<DWph=2> <it=220> <et=4.88> <Mt= 0.01> <Spt= 0.01> <nCl= 30> <al=0.82> <DB= 2030.9736> <Mlp= 2695.9000> <PB=2695> 
<DWph=2> <it=221> <et=4.90> <Mt= 0.02> <Spt= 0.01> <nCl= 16> <al=0.84> <DB= 2450.2959> <Mlp= 2695.9000> <PB=2695> 
<DWph=2> <it=222> <et=4.92> <Mt= 0.01> <Spt= 0.01> <nCl= 26> <al=0.85> <DB= 2430.8774> <Mlp= 2695.9000> <PB=2695> 
<DWph=2> <it=223> <et=4.95> <Mt= 0.01> <Spt= 0.01> <nCl= 12> <al=0.87> <DB= 2460.4311> <Mlp= 2695.9000> <PB=2695> 
<DWph=2> <it=224> <et=4.96> <Mt= 0.01> <Spt= 0.01> <nCl= 18> <al=0.88> <DB= 2401.6597> <Mlp= 2695.9000> <PB=2695> 
<DWph=2> <it=225> <et=4.99> <Mt= 0.01> <Spt= 0.01> <nCl=  8> <al=0.89> <DB= 2465.4414> <Mlp= 2695.9000> <PB=2695> 
<DWph=2> <it=226> <et=5.00> <Mt= 0.00> <Spt= 0.01> <nCl= 26> <al=0.90> <DB= 1950.9664> <Mlp= 2695.9000> <PB=2695> 
<DWph=2> <it=227> <et=5.02> <Mt= 0.01> <Spt= 0.01> <nCl=  6> <al=0.91> <DB= 2491.5655> <Mlp= 2695.9000> <PB=2695> 
<DWph=2> <it=228> <et=5.03> <Mt= 0.01> <Spt= 0.01> <nCl= 28> <al=0.81> <DB= 2450.8139> <Mlp= 2695.9000> <PB=2695> 
<DWph=2> <it=229> <et=5.05> <Mt= 0.01> <Spt= 0.01> <nCl= 17> <al=0.83> <DB= 2176.8719> <Mlp= 2695.9000> <PB=2695> 
<DWph=2> <it=230> <et=5.07> <Mt= 0.00> <Spt= 0.01> <nCl= 21> <al=0.73> <DB= 2239.0149> <Mlp= 2695.0500> <PB=2695> 
<DWph=2> <it=231> <et=5.08> <Mt= 0.01> <Spt= 0.01> <nCl= 24> <al=0.63> <DB= 2479.1805> <Mlp= 2695.0500> <PB=2695> 
<DWph=2> <it=232> <et=5.10> <Mt= 0.01> <Spt= 0.01> <nCl= 23> <al=0.67> <DB= 2278.3899> <Mlp= 2695.0500> <PB=2695> 
<DWph=2> <it=233> <et=5.12> <Mt= 0.01> <Spt= 0.01> <nCl= 24> <al=0.57> <DB= 2335.6755> <Mlp= 2695.0500> <PB=2695> 
<DWph=2> <it=234> <et=5.14> <Mt= 0.00> <Spt= 0.00> <nCl= 25> <al=0.47> <DB= 2523.0467> <Mlp= 2695.0500> <PB=2695> 
<DWph=2> <it=235> <et=5.15> <Mt= 0.01> <Spt= 0.01> <nCl= 30> <al=0.52> <DB= 2201.5743> <Mlp= 2695.0500> <PB=2695> 
<DWph=2> <it=236> <et=5.17> <Mt= 0.01> <Spt= 0.01> <nCl= 26> <al=0.57> <DB= 2408.0515> <Mlp= 2695.0500> <PB=2695> 
<DWph=2> <it=237> <et=5.19> <Mt= 0.00> <Spt= 0.01> <nCl= 22> <al=0.61> <DB= 2430.6962> <Mlp= 2695.0500> <PB=2695> 
<DWph=2> <it=238> <et=5.20> <Mt= 0.01> <Spt= 0.01> <nCl= 12> <al=0.65> <DB= 2364.1159> <Mlp= 2695.0500> <PB=2695> 
<DWph=2> <it=239> <et=5.21> <Mt= 0.00> <Spt= 0.01> <nCl=  8> <al=0.69> <DB= 2370.6015> <Mlp= 2695.0500> <PB=2695> 
<DWph=2> <it=240> <et=5.23> <Mt= 0.00> <Spt= 0.01> <nCl=  4> <al=0.72> <DB= 2568.4905> <Mlp= 2695.0500> <PB=2695> 
<DWph=2> <it=241> <et=5.24> <Mt= 0.01> <Spt= 0.01> <nCl= 19> <al=0.75> <DB= 2416.0409> <Mlp= 2695.0500> <PB=2695> 
<DWph=2> <it=242> <et=5.25> <Mt= 0.00> <Spt= 0.01> <nCl=  8> <al=0.77> <DB= 2542.5975> <Mlp= 2695.0500> <PB=2695> 
<DWph=2> <it=243> <et=5.27> <Mt= 0.00> <Spt= 0.01> <nCl= 12> <al=0.67> <DB= 2535.5988> <Mlp= 2695.0500> <PB=2695> 
<DWph=2> <it=244> <et=5.28> <Mt= 0.01> <Spt= 0.01> <nCl=  6> <al=0.70> <DB= 2543.8299> <Mlp= 2695.0500> <PB=2695> 
<DWph=2> <it=245> <et=5.30> <Mt= 0.01> <Spt= 0.01> <nCl=  9> <al=0.60> <DB= 2581.2460> <Mlp= 2695.0500> <PB=2695> 
<DWph=2> <it=246> <et=5.31> <Mt= 0.00> <Spt= 0.01> <nCl= 20> <al=0.50> <DB= 2328.2208> <Mlp= 2693.7500> <PB=2695> 
<DWph=2> <it=247> <et=5.33> <Mt= 0.01> <Spt= 0.01> <nCl= 17> <al=0.55> <DB= 2543.8243> <Mlp= 2693.7500> <PB=2695> 
<DWph=2> <it=248> <et=5.34> <Mt= 0.00> <Spt= 0.01> <nCl=  7> <al=0.60> <DB= 2579.3363> <Mlp= 2693.7500> <PB=2695> 
<DWph=2> <it=249> <et=5.35> <Mt= 0.00> <Spt= 0.01> <nCl=  5> <al=0.64> <DB= 2599.1777> <Mlp= 2693.7500> <PB=2695> 
<DWph=2> <it=250> <et=5.37> <Mt= 0.01> <Spt= 0.01> <nCl= 12> <al=0.67> <DB= 2552.8541> <Mlp= 2693.7500> <PB=2695> 
<DWph=2> <it=251> <et=5.38> <Mt= 0.00> <Spt= 0.01> <nCl=  9> <al=0.71> <DB= 2580.5929> <Mlp= 2693.7500> <PB=2695> 
<DWph=2> <it=252> <et=5.39> <Mt= 0.00> <Spt= 0.01> <nCl=  7> <al=0.74> <DB= 2393.1502> <Mlp= 2693.7500> <PB=2695> 
<DWph=2> <it=253> <et=5.41> <Mt= 0.01> <Spt= 0.01> <nCl=  8> <al=0.76> <DB= 2388.6092> <Mlp= 2693.7500> <PB=2695> 
<DWph=2> <it=254> <et=5.43> <Mt= 0.00> <Spt= 0.02> <nCl= 14> <al=0.57> <DB= 2497.8234> <Mlp= 2693.7500> <PB=2695> 
<DWph=2> <it=255> <et=5.45> <Mt= 0.01> <Spt= 0.01> <nCl=  5> <al=0.69> <DB= 2585.0776> <Mlp= 2693.7500> <PB=2695> 
<DWph=2> <it=256> <et=5.46> <Mt= 0.00> <Spt= 0.01> <nCl= 10> <al=0.59> <DB= 2399.7493> <Mlp= 2693.7500> <PB=2695> 
<DWph=2> <it=257> <et=5.48> <Mt= 0.01> <Spt= 0.00> <nCl=  7> <al=0.63> <DB= 2419.6447> <Mlp= 2693.7500> <PB=2695> 
<DWph=2> <it=258> <et=5.49> <Mt= 0.00> <Spt= 0.01> <nCl=  5> <al=0.67> <DB= 2573.9525> <Mlp= 2693.7500> <PB=2695> 
<DWph=2> <it=259> <et=5.51> <Mt= 0.01> <Spt= 0.01> <nCl=  3> <al=0.70> <DB= 2649.6354> <Mlp= 2693.7500> <PB=2695> 
<DWph=2> <it=260> <et=5.52> <Mt= 0.00> <Spt= 0.01> <nCl= 11> <al=0.60> <DB= 2640.8287> <Mlp= 2693.7500> <PB=2695> 
<DWph=2> <it=261> <et=5.53> <Mt= 0.01> <Spt= 0.01> <nCl= 11> <al=0.64> <DB= 2218.5438> <Mlp= 2693.7500> <PB=2695> 
<DWph=2> <it=262> <et=5.55> <Mt= 0.00> <Spt= 0.01> <nCl=  8> <al=0.67> <DB= 2594.7994> <Mlp= 2693.7500> <PB=2695> 
<DWph=2> <it=263> <et=5.56> <Mt= 0.01> <Spt= 0.01> <nCl=  6> <al=0.71> <DB= 2592.7260> <Mlp= 2693.7500> <PB=2695> 
<DWph=2> <it=264> <et=5.58> <Mt= 0.00> <Spt= 0.01> <nCl=  1> <al=0.74> <DB= 2609.5943> <Mlp= 2693.7500> <PB=2695> 
<DWph=2> <it=265> <et=5.59> <Mt= 0.01> <Spt= 0.01> <nCl=  2> <al=0.64> <DB= 2629.9865> <Mlp= 2693.7500> <PB=2695> 
<DWph=2> <it=266> <et=5.61> <Mt= 0.00> <Spt= 0.02> <nCl= 24> <al=0.07> <DB= 2510.2376> <Mlp= 2693.7500> <PB=2695> 
<DWph=2> <it=267> <et=5.63> <Mt= 0.01> <Spt= 0.01> <nCl=  9> <al=0.44> <DB= 2614.6261> <Mlp= 2693.7500> <PB=2695> 
<DWph=2> <it=268> <et=5.65> <Mt= 0.00> <Spt= 0.02> <nCl= 24> <al=0.00> <DB= 2466.0138> <Mlp= 2693.7500> <PB=2695> 
<DWph=2> <it=269> <et=5.66> <Mt= 0.00> <Spt= 0.01> <nCl=  8> <al=0.39> <DB= 2641.2655> <Mlp= 2693.7500> <PB=2695> 
<DWph=2> <it=270> <et=5.68> <Mt= 0.01> <Spt= 0.01> <nCl=  6> <al=0.45> <DB= 2458.0022> <Mlp= 2693.7500> <PB=2695> 
<DWph=2> <it=271> <et=5.69> <Mt= 0.00> <Spt= 0.01> <nCl=  3> <al=0.35> <DB= 2477.8082> <Mlp= 2693.7500> <PB=2695> 
<DWph=2> <it=272> <et=5.71> <Mt= 0.01> <Spt= 0.01> <nCl=  5> <al=0.25> <DB= 2593.1831> <Mlp= 2693.7500> <PB=2695> 
<DWph=2> <it=273> <et=5.72> <Mt= 0.00> <Spt= 0.01> <nCl=  3> <al=0.33> <DB= 2563.6798> <Mlp= 2693.7500> <PB=2695> 
<DWph=2> <it=274> <et=5.73> <Mt= 0.00> <Spt= 0.01> <nCl=  5> <al=0.23> <DB= 2587.2520> <Mlp= 2693.7500> <PB=2695> 
<DWph=2> <it=275> <et=5.75> <Mt= 0.01> <Spt= 0.01> <nCl=  4> <al=0.31> <DB= 2565.1492> <Mlp= 2693.7500> <PB=2695> 
<DWph=2> <it=276> <et=5.76> <Mt= 0.00> <Spt= 0.01> <nCl=  8> <al=0.21> <DB= 2616.8055> <Mlp= 2693.7500> <PB=2695> 
<DWph=2> <it=277> <et=5.78> <Mt= 0.01> <Spt= 0.01> <nCl=  1> <al=0.28> <DB= 2594.8425> <Mlp= 2693.7500> <PB=2695> 
<DWph=2> <it=278> <et=5.80> <Mt= 0.00> <Spt= 0.01> <nCl= 13> <al=0.00> <DB= 2570.6179> <Mlp= 2693.7500> <PB=2695> 
<DWph=2> <it=279> <et=5.81> <Mt= 0.00> <Spt= 0.01> <nCl=  4> <al=0.08> <DB= 2648.1605> <Mlp= 2693.7500> <PB=2695> 
<DWph=2> <it=280> <et=5.83> <Mt= 0.00> <Spt= 0.02> <nCl=  7> <al=0.00> <DB= 2594.4845> <Mlp= 2693.7500> <PB=2695> 
<DWph=2> <it=281> <et=5.84> <Mt= 0.01> <Spt= 0.01> <nCl=  5> <al=0.08> <DB= 2658.3404> <Mlp= 2693.7500> <PB=2695> 
<DWph=2> <it=282> <et=5.86> <Mt= 0.00> <Spt= 0.01> <nCl=  4> <al=0.17> <DB= 2651.4308> <Mlp= 2693.7500> <PB=2695> 
<DWph=2> <it=283> <et=5.87> <Mt= 0.00> <Spt= 0.01> <nCl=  4> <al=0.25> <DB= 2656.0930> <Mlp= 2693.7500> <PB=2695> 
<DWph=2> <it=284> <et=5.88> <Mt= 0.01> <Spt= 0.01> <nCl=  4> <al=0.33> <DB= 2655.3734> <Mlp= 2693.7500> <PB=2695> 
<DWph=2> <it=285> <et=5.89> <Mt= 0.00> <Spt= 0.01> <nCl=  2> <al=0.39> <DB= 2670.4784> <Mlp= 2693.7500> <PB=2695> 
<DWph=2> <it=286> <et=5.91> <Mt= 0.00> <Spt= 0.01> <nCl=  3> <al=0.29> <DB= 2685.3274> <Mlp= 2693.7500> <PB=2695> 
<DWph=2> <it=287> <et=5.92> <Mt= 0.00> <Spt= 0.01> <nCl=  3> <al=0.19> <DB= 2686.7917> <Mlp= 2693.7500> <PB=2695> 
<DWph=2> <it=288> <et=5.94> <Mt= 0.01> <Spt= 0.02> <nCl=  5> <al=0.00> <DB= 2693.7500> <Mlp= 2693.7500> <PB=2695> 
<DWph=1> <it=289> <et=5.95> <Mt= 0.00> <Spt= 0.01> <nCl= 30> <al=0.00> <DB= 1806.1884> <Mlp= 2693.7500> <PB=2695> 
<DWph=1> <it=290> <et=5.98> <Mt= 0.01> <Spt= 0.01> <nCl= 30> <al=0.00> <DB= 1480.6732> <Mlp= 2693.7500> <PB=2695> 
<DWph=1> <it=291> <et=6.00> <Mt= 0.01> <Spt= 0.01> <nCl= 30> <al=0.00> <DB= 1770.5727> <Mlp= 2693.7500> <PB=2695> 
<DWph=1> <it=292> <et=6.02> <Mt= 0.01> <Spt= 0.02> <nCl= 30> <al=0.10> <DB= 1811.2941> <Mlp= 2693.7500> <PB=2695> 
<DWph=1> <it=293> <et=6.05> <Mt= 0.01> <Spt= 0.01> <nCl= 30> <al=0.19> <DB= 2326.6027> <Mlp= 2693.7500> <PB=2695> 
<DWph=1> <it=294> <et=6.07> <Mt= 0.01> <Spt= 0.01> <nCl= 30> <al=0.09> <DB= 2093.2865> <Mlp= 2693.7500> <PB=2695> 
<DWph=1> <it=295> <et=6.09> <Mt= 0.01> <Spt= 0.01> <nCl= 30> <al=0.18> <DB= 2437.5453> <Mlp= 2693.7500> <PB=2695> 
<DWph=1> <it=296> <et=6.11> <Mt= 0.01> <Spt= 0.02> <nCl= 25> <al=0.27> <DB= 2374.1673> <Mlp= 2693.7500> <PB=2695> 
<DWph=1> <it=297> <et=6.13> <Mt= 0.00> <Spt= 0.01> <nCl= 23> <al=0.34> <DB= 2480.9355> <Mlp= 2693.7500> <PB=2695> 
In total 19 RCC cut(s) are found by the connected components heuristic 
Shrinking heuristic shrunk 180 edges
In total 6 RCC cut(s) are found by the Fractional capacity min-cut heuristic 
----- Add core cuts : CAP(25), max.viol = 1, aver.viol = 1, sep/add took 0.00680878/0.031497 sec. -----
<DWph=1> <it=298> <et=6.20> <Mt= 0.02> <Spt= 0.01> <nCl= 27> <al=0.41> <DB= 2408.0915> <Mlp= 2700.6500> <PB=2695> 
<DWph=1> <it=299> <et=6.23> <Mt= 0.01> <Spt= 0.02> <nCl= 16> <al=0.46> <DB= 2466.4170> <Mlp= 2700.6500> <PB=2695> 
Shrinking heuristic shrunk 180 edges
<DWph=1> <it=300> <et=6.25> <Mt= 0.01> <Spt= 0.01> <nCl= 18> <al=0.36> <DB= 2390.2399> <Mlp= 2694.9000> <PB=2694.9> 
<DWph=1> <it=301> <et=6.28> <Mt= 0.01> <Spt= 0.01> <nCl= 19> <al=0.43> <DB= 2220.5629> <Mlp= 2694.9000> <PB=2694.9> 
<DWph=1> <it=302> <et=6.30> <Mt= 0.01> <Spt= 0.02> <nCl= 13> <al=0.49> <DB= 2408.1621> <Mlp= 2694.9000> <PB=2694.9> 
<DWph=1> <it=303> <et=6.33> <Mt= 0.02> <Spt= 0.01> <nCl=  2> <al=0.54> <DB= 2483.4584> <Mlp= 2694.9000> <PB=2694.9> 
<DWph=1> <it=304> <et=6.35> <Mt= 0.00> <Spt= 0.02> <nCl= 20> <al=0.44> <DB= 2241.6993> <Mlp= 2694.9000> <PB=2694.9> 
<DWph=1> <it=305> <et=6.37> <Mt= 0.01> <Spt= 0.01> <nCl= 10> <al=0.49> <DB= 2491.3167> <Mlp= 2694.9000> <PB=2694.9> 
<DWph=1> <it=306> <et=6.39> <Mt= 0.01> <Spt= 0.01> <nCl= 18> <al=0.54> <DB= 1910.5245> <Mlp= 2694.9000> <PB=2694.9> 
<DWph=1> <it=307> <et=6.42> <Mt= 0.01> <Spt= 0.02> <nCl= 19> <al=0.44> <DB= 1572.1583> <Mlp= 2694.9000> <PB=2694.9> 
<DWph=1> <it=308> <et=6.44> <Mt= 0.01> <Spt= 0.01> <nCl= 14> <al=0.34> <DB= 1928.4174> <Mlp= 2694.9000> <PB=2694.9> 
<DWph=1> <it=309> <et=6.46> <Mt= 0.00> <Spt= 0.01> <nCl= 15> <al=0.24> <DB= 2202.7613> <Mlp= 2694.9000> <PB=2694.9> 
<DWph=1> <it=310> <et=6.48> <Mt= 0.01> <Spt= 0.02> <nCl= 17> <al=0.14> <DB= 2217.9610> <Mlp= 2694.9000> <PB=2694.9> 
<DWph=1> <it=311> <et=6.50> <Mt= 0.01> <Spt= 0.01> <nCl= 20> <al=0.04> <DB= 2437.6495> <Mlp= 2694.9000> <PB=2694.9> 
<DWph=1> <it=312> <et=6.52> <Mt= 0.01> <Spt= 0.01> <nCl= 10> <al=0.14> <DB= 2439.5733> <Mlp= 2694.9000> <PB=2694.9> 
<DWph=1> <it=313> <et=6.54> <Mt= 0.00> <Spt= 0.02> <nCl= 11> <al=0.04> <DB= 2412.2344> <Mlp= 2694.9000> <PB=2694.9> 
<DWph=1> <it=314> <et=6.56> <Mt= 0.01> <Spt= 0.01> <nCl=  3> <al=0.14> <DB= 2501.4749> <Mlp= 2694.9000> <PB=2694.9> 
<DWph=1> <it=315> <et=6.58> <Mt= 0.00> <Spt= 0.01> <nCl=  7> <al=0.04> <DB= 2561.3544> <Mlp= 2694.9000> <PB=2694.9> 
<DWph=1> <it=316> <et=6.60> <Mt= 0.01> <Spt= 0.02> <nCl=  6> <al=0.13> <DB= 2506.0651> <Mlp= 2694.9000> <PB=2694.9> 
<DWph=1> <it=317> <et=6.62> <Mt= 0.00> <Spt= 0.01> <nCl=  4> <al=0.03> <DB= 2537.8545> <Mlp= 2694.9000> <PB=2694.9> 
<DWph=1> <it=318> <et=6.64> <Mt= 0.01> <Spt= 0.01> <nCl= 14> <al=0.00> <DB= 2558.6618> <Mlp= 2694.9000> <PB=2694.9> 
<DWph=1> <it=319> <et=6.66> <Mt= 0.01> <Spt= 0.02> <nCl=  5> <al=0.04> <DB= 2590.0766> <Mlp= 2694.9000> <PB=2694.9> 
<DWph=1> <it=320> <et=6.67> <Mt= 0.00> <Spt= 0.01> <nCl= 10> <al=0.00> <DB= 2603.5600> <Mlp= 2694.9000> <PB=2694.9> 
<DWph=1> <it=321> <et=6.69> <Mt= 0.01> <Spt= 0.02> <nCl=  6> <al=0.04> <DB= 2580.9193> <Mlp= 2694.9000> <PB=2694.9> 
In total 12 RCC cut(s) are found by the connected components heuristic 
Shrinking heuristic shrunk 180 edges
In total 3 RCC cut(s) are found by the Fractional capacity min-cut heuristic 
In total 3 RCC cut(s) are found by the global pool greedy search heuristic 
----- Add core cuts : CAP(18), max.viol = 1, aver.viol = 1, sep/add took 0.00624096/0.0228321 sec. -----
<DWph=1> <it=322> <et=6.75> <Mt= 0.01> <Spt= 0.01> <nCl=  7> <al=0.00> <DB= 2591.1250> <Mlp= 2694.9000> <PB=2694.9> 
<DWph=1> <it=323> <et=6.77> <Mt= 0.00> <Spt= 0.01> <nCl=  6> <al=0.05> <DB= 2558.7124> <Mlp= 2694.9000> <PB=2694.9> 
<DWph=1> <it=324> <et=6.79> <Mt= 0.01> <Spt= 0.02> <nCl=  7> <al=0.00> <DB= 2599.6694> <Mlp= 2694.9000> <PB=2694.9> 
<DWph=1> <it=325> <et=6.81> <Mt= 0.01> <Spt= 0.01> <nCl=  5> <al=0.06> <DB= 2644.7397> <Mlp= 2694.9000> <PB=2694.9> 
<DWph=1> <it=326> <et=6.83> <Mt= 0.00> <Spt= 0.02> <nCl=  3> <al=0.00> <DB= 2633.8808> <Mlp= 2694.9000> <PB=2694.9> 
<DWph=1> <it=327> <et=6.85> <Mt= 0.01> <Spt= 0.01> <nCl=  4> <al=0.06> <DB= 2634.7344> <Mlp= 2694.9000> <PB=2694.9> 
<DWph=1> <it=328> <et=6.87> <Mt= 0.01> <Spt= 0.02> <nCl=  7> <al=0.00> <DB= 2661.0657> <Mlp= 2694.9000> <PB=2694.9> 
<DWph=1> <it=329> <et=6.89> <Mt= 0.00> <Spt= 0.01> <nCl=  4> <al=0.00> <DB= 2651.3436> <Mlp= 2694.9000> <PB=2694.9> 
<DWph=1> <it=330> <et=6.92> <Mt= 0.01> <Spt= 0.01> <nCl=  3> <al=0.00> <DB= 2656.8782> <Mlp= 2694.9000> <PB=2694.9> 
<DWph=1> <it=331> <et=6.94> <Mt= 0.00> <Spt= 0.02> <nCl=  3> <al=0.08> <DB= 2668.1405> <Mlp= 2694.9000> <PB=2694.9> 
<DWph=1> <it=332> <et=6.95> <Mt= 0.01> <Spt= 0.01> <nCl=  2> <al=0.17> <DB= 2642.9093> <Mlp= 2694.9000> <PB=2694.9> 
<DWph=1> <it=333> <et=6.99> <Mt= 0.00> <Spt= 0.03> <nCl=  2> <al=0.00> <DB= 2694.9000> <Mlp= 2694.9000> <PB=2694.9> 
    RCSP exact solver info for graph G_1 : TT = 0.011143, pt = 3.9e-05, dt = 0.008324, ct = 0.001533, ndl = 2', bdl = 54', odl = 1', odf = 6', bsi = 1', cnt = 0', bdch = 154', odch = 5', lcp = 13', #sols = 150
<DWph=0> <it=334> <et=7.01> <Mt= 0.01> <Spt= 0.02> <nCl= 90> <al=0.00> <DB= 2561.9588> <Mlp= 2694.9000> <PB=2694.9> 
    RCSP exact solver info for graph G_1 : TT = 0.009186, pt = 6.2e-05, dt = 0.006324, ct = 0.001543, ndl = 2', bdl = 50', odl = 1', odf = 6', bsi = 1', cnt = 0', bdch = 143', odch = 5', lcp = 13', #sols = 150
<DWph=0> <it=335> <et=7.05> <Mt= 0.01> <Spt= 0.03> <nCl= 97> <al=0.07> <DB= 2655.2861> <Mlp= 2694.9000> <PB=2694.9> 
    RCSP exact solver info for graph G_1 : TT = 0.008925, pt = 6e-05, dt = 0.006059, ct = 0.001531, ndl = 2', bdl = 45', odl = 1', odf = 5', bsi = 1', cnt = 0', bdch = 125', odch = 5', lcp = 12', #sols = 150
<DWph=0> <it=336> <et=7.08> <Mt= 0.01> <Spt= 0.02> <nCl= 23> <al=0.00> <DB= 2694.1848> <Mlp= 2694.9000> <PB=2694.9> 
    RCSP exact solver info for graph G_1 : TT = 0.00867, pt = 5.7e-05, dt = 0.005898, ct = 0.001464, ndl = 1', bdl = 41', odl = 1', odf = 5', bsi = 1', cnt = 1', bdch = 108', odch = 5', lcp = 11', #sols = 150
<DWph=0> <it=337> <et=7.11> <Mt= 0.00> <Spt= 0.02> <nCl= 31> <al=0.07> <DB= 2694.0459> <Mlp= 2694.9000> <PB=2694.9> 
    RCSP exact solver info for graph G_1 : TT = 0.008369, pt = 5.8e-05, dt = 0.005676, ct = 0.00139, ndl = 1', bdl = 41', odl = 1', odf = 5', bsi = 1', cnt = 1', bdch = 106', odch = 5', lcp = 10', #sols = 150
<DWph=0> <it=338> <et=7.14> <Mt= 0.01> <Spt= 0.03> <nCl= 14> <al=0.17> <DB= 2694.0247> <Mlp= 2694.9000> <PB=2694.9> 
    RCSP exact solver info for graph G_1 : TT = 0.008464, pt = 6.7e-05, dt = 0.005749, ct = 0.001375, ndl = 1', bdl = 42', odl = 1', odf = 5', bsi = 1', cnt = 1', bdch = 109', odch = 4', lcp = 10', #sols = 150
    RCSP exact solver info for graph G_1 : TT = 0.008331, pt = 4.6e-05, dt = 0.005606, ct = 0.001394, ndl = 1', bdl = 41', odl = 1', odf = 5', bsi = 1', cnt = 1', bdch = 108', odch = 4', lcp = 10', #sols = 150
<DWph=0> <it=339> <et=7.18> <Mt= 0.00> <Spt= 0.04> <nCl=  8> <al=0.00> <DB= 2694.9000> <Mlp= 2694.9000> <PB=2694.9> 
Dynamic params and stats :  bidir.bord. = 386.4 aver.obdmd = 2.49505 aver.buck.num. = 3.64356
@@ 1 0 2694.9 0.00769514 0.009857 82.7592 7.18
ColGenEvalAlg final dual bound: 2694.9 (rounded: 2694.9)
Current active cuts : CAP(3,137.415)
New model incumbent solution 2694.9, TIME = 0h0m7s20t = 720
************************************************************************************************
Search is finished, global bounds : [ 2694.9 , 2694.9 ], TIME = 0h0m7s20t = 720
************************************************************************************************
instance_name solver_name ext_heuristic solution_value solution_time best_lb root_lb root_time nb_branch_and_bound_nodes status
/home/logis/Downloads/VRPSolverEasy/VRPSolverEasy/demos/data/CVRPTW/C1_2_6 CLP False 2694.9000000078527 7.20114612 2694.900000000001 2694.900000000001 7.200513349 1 0

