Node memory for rank-1 cuts will be used (10.296)
~~~~~~~~~~~~~~~~~~~~~~~~~~~~~~~~~~~~~~~~~~~~~~~~~~~~~~~~~~~~~~~~~~~~~~~~~~~~~~~~~~~~~
VRPSolver v0.5.27, 24/02/2023, © Inria Bordeaux, France, vrpsolver.math.u-bordeaux.fr
      Corresponds to the solver by Pessoa, Sadykov, Uchoa and Vanderbeck (2020)
                 Paper: dx.doi.org/10.1007/s10107-020-01523-z
~~~~~~~~~~~~~~~~~~~~~~~~~~~~~~~~~~~~~~~~~~~~~~~~~~~~~~~~~~~~~~~~~~~~~~~~~~~~~~~~~~~~~
   BaPCod v0.77, 15/03/2023, © Inria Bordeaux, France, bapcod.math.u-bordeaux.fr 
           THIS CODE IS PROVIDED AS IS, USE IT AT YOUR OWN RISK
~~~~~~~~~~~~~~~~~~~~~~~~~~~~~~~~~~~~~~~~~~~~~~~~~~~~~~~~~~~~~~~~~~~~~~~~~~~~~~~~~~~~~
Bucket steps were recalculated for graph G_1 : [6.5]
RCSP solver info : symmetric case is detected for graph G_1! 
Bidirectional border value is initialised to 80
RCSP solver info : number of forw. reachable buckets / buck. strongly connected components is 1239( 95.3077% ) / 949( 76.594% )
Generating neighbourhoods for rank-1 cuts separation
Building structures for 4- and 5-row rank-1 packing cut separation...done!
Model is built TIME = 0h0m0s1t = 1
************************************************************************************************
**** BaB tree root node
**** Local DB = -1e+12, global bounds : [ -1e+12 , 521.1 ], TIME = 0h0m0s1t = 1
**** 1 open nodes, 0 columns (0 active), 0 dyn. constrs. (0 active), 102 art. vars. (102 active)
************************************************************************************************
#<DWph=2> <it=  1> <et=0.02> <Mt= 0.00> <Spt= 0.00> <nCl= 30> <al=0.00> <DB=-2135282.4000> <Mlp=65658.6000> <PB=521.1> 
#<DWph=2> <it=  2> <et=0.02> <Mt= 0.00> <Spt= 0.00> <nCl= 30> <al=0.55> <DB=-1449209.1300> <Mlp=62421.9200> <PB=521.1> 
#<DWph=2> <it=  3> <et=0.02> <Mt= 0.00> <Spt= 0.00> <nCl= 30> <al=0.45> <DB=-1443137.6080> <Mlp=59749.8358> <PB=521.1> 
#<DWph=2> <it=  4> <et=0.03> <Mt= 0.00> <Spt= 0.01> <nCl= 30> <al=0.51> <DB=-1430722.6058> <Mlp=57367.4978> <PB=521.1> 
#<DWph=2> <it=  5> <et=0.03> <Mt= 0.00> <Spt= 0.00> <nCl= 30> <al=0.55> <DB=-1291377.7256> <Mlp=54669.1218> <PB=521.1> 
#<DWph=2> <it=  6> <et=0.03> <Mt= 0.00> <Spt= 0.00> <nCl= 30> <al=0.45> <DB=-1104072.1116> <Mlp=53523.9306> <PB=521.1> 
#<DWph=2> <it=  7> <et=0.04> <Mt= 0.00> <Spt= 0.01> <nCl= 30> <al=0.35> <DB=-1074799.3263> <Mlp=49688.3958> <PB=521.1> 
#<DWph=2> <it=  8> <et=0.04> <Mt= 0.00> <Spt= 0.00> <nCl= 30> <al=0.42> <DB=-976356.7404> <Mlp=48430.0391> <PB=521.1> 
#<DWph=2> <it=  9> <et=0.04> <Mt= 0.00> <Spt= 0.00> <nCl= 30> <al=0.32> <DB=-828310.2821> <Mlp=45705.8102> <PB=521.1> 
#<DWph=2> <it= 10> <et=0.05> <Mt= 0.00> <Spt= 0.00> <nCl= 30> <al=0.22> <DB=-786795.8851> <Mlp=42262.5995> <PB=521.1> 
#<DWph=2> <it= 11> <et=0.05> <Mt= 0.00> <Spt= 0.01> <nCl= 30> <al=0.30> <DB=-801892.8970> <Mlp=41177.9319> <PB=521.1> 
#<DWph=2> <it= 12> <et=0.05> <Mt= 0.00> <Spt= 0.00> <nCl= 30> <al=0.37> <DB=-764201.7050> <Mlp=40032.3798> <PB=521.1> 
#<DWph=2> <it= 13> <et=0.06> <Mt= 0.00> <Spt= 0.00> <nCl= 30> <al=0.43> <DB=-691873.8485> <Mlp=37249.3569> <PB=521.1> 
#<DWph=2> <it= 14> <et=0.06> <Mt= 0.00> <Spt= 0.01> <nCl= 30> <al=0.33> <DB=-630024.5205> <Mlp=33318.0781> <PB=521.1> 
#<DWph=2> <it= 15> <et=0.06> <Mt= 0.00> <Spt= 0.00> <nCl= 30> <al=0.40> <DB=-609356.9925> <Mlp=31484.5296> <PB=521.1> 
#<DWph=2> <it= 16> <et=0.07> <Mt= 0.00> <Spt= 0.00> <nCl= 30> <al=0.46> <DB=-577373.4674> <Mlp=29518.9363> <PB=521.1> 
#<DWph=2> <it= 17> <et=0.07> <Mt= 0.00> <Spt= 0.00> <nCl= 30> <al=0.51> <DB=-490849.3968> <Mlp=23479.0528> <PB=521.1> 
#<DWph=2> <it= 18> <et=0.07> <Mt= 0.00> <Spt= 0.01> <nCl= 30> <al=0.56> <DB=-476974.1419> <Mlp=19500.4985> <PB=521.1> 
#<DWph=2> <it= 19> <et=0.08> <Mt= 0.00> <Spt= 0.00> <nCl= 30> <al=0.60> <DB=-436824.6133> <Mlp=16212.4593> <PB=521.1> 
#<DWph=2> <it= 20> <et=0.08> <Mt= 0.01> <Spt= 0.00> <nCl= 30> <al=0.50> <DB=-396389.9290> <Mlp=13803.1304> <PB=521.1> 
#<DWph=2> <it= 21> <et=0.09> <Mt= 0.00> <Spt= 0.00> <nCl= 30> <al=0.55> <DB=-369450.3340> <Mlp=10322.2071> <PB=521.1> 
#<DWph=2> <it= 22> <et=0.09> <Mt= 0.00> <Spt= 0.01> <nCl= 30> <al=0.60> <DB=-322695.4171> <Mlp= 6265.5288> <PB=521.1> 
#<DWph=2> <it= 23> <et=0.10> <Mt= 0.00> <Spt= 0.00> <nCl= 30> <al=0.50> <DB=-249084.0301> <Mlp= 3122.2377> <PB=521.1> 
#<DWph=2> <it= 24> <et=0.10> <Mt= 0.00> <Spt= 0.00> <nCl= 18> <al=0.40> <DB=-80276.5883> <Mlp= 1296.7703> <PB=521.1> 
#<DWph=2> <it= 25> <et=0.10> <Mt= 0.00> <Spt= 0.01> <nCl= 30> <al=0.30> <DB=-7965.9272> <Mlp= 1284.6965> <PB=521.1> 
<DWph=2> <it= 26> <et=0.11> <Mt= 0.01> <Spt= 0.00> <nCl= 30> <al=0.20> <DB=-1562.6304> <Mlp= 1220.4427> <PB=521.1> 
<DWph=2> <it= 27> <et=0.11> <Mt= 0.00> <Spt= 0.00> <nCl= 30> <al=0.28> <DB=-8579.1974> <Mlp= 1185.7611> <PB=521.1> 
<DWph=2> <it= 28> <et=0.12> <Mt= 0.00> <Spt= 0.00> <nCl= 30> <al=0.35> <DB=-6257.0438> <Mlp= 1162.9918> <PB=521.1> 
<DWph=2> <it= 29> <et=0.12> <Mt= 0.00> <Spt= 0.00> <nCl= 30> <al=0.42> <DB=-3191.1613> <Mlp= 1113.9724> <PB=521.1> 
<DWph=2> <it= 30> <et=0.12> <Mt= 0.00> <Spt= 0.01> <nCl= 28> <al=0.47> <DB= -169.0108> <Mlp= 1088.7445> <PB=521.1> 
<DWph=2> <it= 31> <et=0.13> <Mt= 0.00> <Spt= 0.00> <nCl= 30> <al=0.37> <DB=-11461.5576> <Mlp= 1020.7256> <PB=521.1> 
<DWph=2> <it= 32> <et=0.13> <Mt= 0.00> <Spt= 0.00> <nCl= 30> <al=0.44> <DB=-4815.2826> <Mlp= 1002.6881> <PB=521.1> 
<DWph=2> <it= 33> <et=0.14> <Mt= 0.01> <Spt= 0.01> <nCl= 30> <al=0.49> <DB=-3825.9756> <Mlp=  959.0005> <PB=521.1> 
<DWph=2> <it= 34> <et=0.14> <Mt= 0.00> <Spt= 0.00> <nCl= 30> <al=0.54> <DB=-1527.8512> <Mlp=  936.1973> <PB=521.1> 
<DWph=2> <it= 35> <et=0.15> <Mt= 0.00> <Spt= 0.00> <nCl= 30> <al=0.59> <DB=  -88.7434> <Mlp=  918.1186> <PB=521.1> 
<DWph=2> <it= 36> <et=0.15> <Mt= 0.00> <Spt= 0.00> <nCl= 30> <al=0.63> <DB=-1186.6153> <Mlp=  906.8547> <PB=521.1> 
<DWph=2> <it= 37> <et=0.16> <Mt= 0.00> <Spt= 0.01> <nCl= 30> <al=0.67> <DB=-1714.8298> <Mlp=  837.1969> <PB=521.1> 
<DWph=2> <it= 38> <et=0.16> <Mt= 0.01> <Spt= 0.00> <nCl= 30> <al=0.70> <DB= -244.2462> <Mlp=  791.2402> <PB=521.1> 
<DWph=2> <it= 39> <et=0.16> <Mt= 0.00> <Spt= 0.00> <nCl= 30> <al=0.73> <DB= -199.3590> <Mlp=  747.1535> <PB=521.1> 
<DWph=2> <it= 40> <et=0.17> <Mt= 0.00> <Spt= 0.01> <nCl= 30> <al=0.76> <DB=  323.9731> <Mlp=  734.4438> <PB=521.1> 
<DWph=2> <it= 41> <et=0.17> <Mt= 0.00> <Spt= 0.00> <nCl= 30> <al=0.78> <DB= -251.6069> <Mlp=  720.1112> <PB=521.1> 
<DWph=2> <it= 42> <et=0.18> <Mt= 0.00> <Spt= 0.00> <nCl= 30> <al=0.80> <DB=  256.7249> <Mlp=  678.2272> <PB=521.1> 
<DWph=2> <it= 43> <et=0.18> <Mt= 0.01> <Spt= 0.00> <nCl= 27> <al=0.82> <DB=  441.9235> <Mlp=  658.4925> <PB=521.1> 
<DWph=2> <it= 44> <et=0.19> <Mt= 0.00> <Spt= 0.01> <nCl= 30> <al=0.72> <DB= -438.8521> <Mlp=  644.8117> <PB=521.1> 
<DWph=2> <it= 45> <et=0.19> <Mt= 0.00> <Spt= 0.00> <nCl= 30> <al=0.75> <DB= -140.4898> <Mlp=  604.7879> <PB=521.1> 
<DWph=2> <it= 46> <et=0.20> <Mt= 0.00> <Spt= 0.00> <nCl= 26> <al=0.78> <DB=  419.1267> <Mlp=  589.9769> <PB=521.1> 
<DWph=2> <it= 47> <et=0.20> <Mt= 0.00> <Spt= 0.00> <nCl= 27> <al=0.80> <DB=  477.0386> <Mlp=  576.2997> <PB=521.1> 
<DWph=2> <it= 48> <et=0.21> <Mt= 0.01> <Spt= 0.01> <nCl= 30> <al=0.70> <DB= -498.3541> <Mlp=  567.0255> <PB=521.1> 
<DWph=2> <it= 49> <et=0.21> <Mt= 0.00> <Spt= 0.00> <nCl= 30> <al=0.73> <DB=  296.1823> <Mlp=  563.2058> <PB=521.1> 
<DWph=2> <it= 50> <et=0.22> <Mt= 0.00> <Spt= 0.00> <nCl= 27> <al=0.76> <DB=  483.6324> <Mlp=  552.2671> <PB=521.1> 
<DWph=2> <it= 51> <et=0.22> <Mt= 0.00> <Spt= 0.01> <nCl= 28> <al=0.78> <DB=  464.5805> <Mlp=  546.6627> <PB=521.1> 
<DWph=2> <it= 52> <et=0.23> <Mt= 0.00> <Spt= 0.00> <nCl= 17> <al=0.80> <DB=  499.1890> <Mlp=  531.6550> <PB=521.1> 
<DWph=2> <it= 53> <et=0.23> <Mt= 0.01> <Spt= 0.00> <nCl= 20> <al=0.82> <DB=  504.8611> <Mlp=  531.0268> <PB=521.1> 
<DWph=2> <it= 54> <et=0.24> <Mt= 0.00> <Spt= 0.00> <nCl= 24> <al=0.84> <DB=  506.0485> <Mlp=  529.2067> <PB=521.1> 
<DWph=2> <it= 55> <et=0.24> <Mt= 0.00> <Spt= 0.01> <nCl=  9> <al=0.86> <DB=  508.5115> <Mlp=  523.1159> <PB=521.1> 
<DWph=2> <it= 56> <et=0.25> <Mt= 0.00> <Spt= 0.00> <nCl= 18> <al=0.87> <DB=  510.4212> <Mlp=  523.0610> <PB=521.1> 
<DWph=2> <it= 57> <et=0.25> <Mt= 0.00> <Spt= 0.00> <nCl= 16> <al=0.88> <DB=  459.5541> <Mlp=  522.2065> <PB=521.1> 
<DWph=2> <it= 58> <et=0.26> <Mt= 0.00> <Spt= 0.01> <nCl= 12> <al=0.78> <DB=  509.3725> <Mlp=  520.2981> <PB=521.1> 
<DWph=2> <it= 59> <et=0.26> <Mt= 0.01> <Spt= 0.00> <nCl= 12> <al=0.68> <DB=  510.4972> <Mlp=  519.4444> <PB=521.1> 
<DWph=2> <it= 60> <et=0.26> <Mt= 0.00> <Spt= 0.00> <nCl= 19> <al=0.58> <DB=  508.6798> <Mlp=  519.2178> <PB=521.1> 
<DWph=2> <it= 61> <et=0.27> <Mt= 0.00> <Spt= 0.00> <nCl= 19> <al=0.62> <DB=  506.2650> <Mlp=  518.6923> <PB=521.1> 
<DWph=2> <it= 62> <et=0.27> <Mt= 0.00> <Spt= 0.01> <nCl= 11> <al=0.66> <DB=  513.0870> <Mlp=  518.2222> <PB=521.1> 
<DWph=2> <it= 63> <et=0.28> <Mt= 0.00> <Spt= 0.00> <nCl= 22> <al=0.56> <DB=  508.4157> <Mlp=  518.1080> <PB=521.1> 
<DWph=2> <it= 64> <et=0.28> <Mt= 0.00> <Spt= 0.00> <nCl=  4> <al=0.61> <DB=  514.3187> <Mlp=  518.1071> <PB=521.1> 
<DWph=2> <it= 65> <et=0.28> <Mt= 0.00> <Spt= 0.00> <nCl= 14> <al=0.51> <DB=  506.8718> <Mlp=  518.1071> <PB=521.1> 
<DWph=2> <it= 66> <et=0.29> <Mt= 0.00> <Spt= 0.01> <nCl=  4> <al=0.56> <DB=  516.3357> <Mlp=  517.9242> <PB=521.1> 
<DWph=2> <it= 67> <et=0.29> <Mt= 0.00> <Spt= 0.00> <nCl=  8> <al=0.46> <DB=  513.3501> <Mlp=  517.9242> <PB=521.1> 
<DWph=2> <it= 68> <et=0.29> <Mt= 0.01> <Spt= 0.00> <nCl=  9> <al=0.36> <DB=  516.0261> <Mlp=  517.6229> <PB=521.1> 
<DWph=2> <it= 69> <et=0.30> <Mt= 0.00> <Spt= 0.00> <nCl=  1> <al=0.42> <DB=  515.5886> <Mlp=  517.6229> <PB=521.1> 
<DWph=2> <it= 70> <et=0.30> <Mt= 0.00> <Spt= 0.01> <nCl= 24> <al=0.00> <DB=  504.6544> <Mlp=  517.6229> <PB=521.1> 
<DWph=2> <it= 71> <et=0.31> <Mt= 0.00> <Spt= 0.00> <nCl=  9> <al=0.38> <DB=  509.7654> <Mlp=  517.3952> <PB=521.1> 
<DWph=2> <it= 72> <et=0.31> <Mt= 0.00> <Spt= 0.01> <nCl= 14> <al=0.00> <DB=  507.7218> <Mlp=  517.3952> <PB=521.1> 
<DWph=2> <it= 73> <et=0.32> <Mt= 0.00> <Spt= 0.00> <nCl=  2> <al=0.34> <DB=  517.2381> <Mlp=  517.3569> <PB=521.1> 
<DWph=2> <it= 74> <et=0.32> <Mt= 0.00> <Spt= 0.00> <nCl=  7> <al=0.41> <DB=  517.1302> <Mlp=  517.3569> <PB=521.1> 
<DWph=2> <it= 75> <et=0.33> <Mt= 0.00> <Spt= 0.01> <nCl=  7> <al=0.00> <DB=  516.8813> <Mlp=  517.3569> <PB=521.1> 
<DWph=2> <it= 76> <et=0.33> <Mt= 0.00> <Spt= 0.00> <nCl=  0> <al=0.00> <DB=  517.3569> <Mlp=  517.3569> <PB=521.1> 
<DWph=1> <it= 77> <et=0.34> <Mt= 0.00> <Spt= 0.01> <nCl= 19> <al=0.11> <DB=  501.9678> <Mlp=  517.3569> <PB=521.1> 
<DWph=1> <it= 78> <et=0.35> <Mt= 0.00> <Spt= 0.01> <nCl=  6> <al=0.01> <DB=  506.0226> <Mlp=  517.3512> <PB=521.1> 
<DWph=1> <it= 79> <et=0.35> <Mt= 0.00> <Spt= 0.00> <nCl=  8> <al=0.00> <DB=  514.2064> <Mlp=  517.1916> <PB=521.1> 
<DWph=1> <it= 80> <et=0.36> <Mt= 0.01> <Spt= 0.01> <nCl=  6> <al=0.02> <DB=  516.8204> <Mlp=  517.1533> <PB=521.1> 
<DWph=1> <it= 81> <et=0.37> <Mt= 0.00> <Spt= 0.01> <nCl=  0> <al=0.00> <DB=  517.1533> <Mlp=  517.1533> <PB=521.1> 
    RCSP exact solver info for graph G_1 : TT = 0.014012, pt = 1e-05, dt = 0.012603, ct = 0.001083, ndl = 3', bdl = 106', odl = 4', odf = 33', bsi = 1', cnt = 8', bdch = 1236', odch = 79', lcp = 59', #sols = 150
<DWph=0> <it= 82> <et=0.39> <Mt= 0.00> <Spt= 0.01> <nCl=102> <al=0.01> <DB=  504.5867> <Mlp=  517.1533> <PB=521.1> 
    RCSP exact solver info for graph G_1 : TT = 0.012575, pt = 2e-05, dt = 0.011152, ct = 0.001103, ndl = 3', bdl = 107', odl = 4', odf = 33', bsi = 1', cnt = 6', bdch = 1257', odch = 79', lcp = 60', #sols = 150
<DWph=0> <it= 83> <et=0.40> <Mt= 0.00> <Spt= 0.02> <nCl= 42> <al=0.00> <DB=  514.2682> <Mlp=  517.1449> <PB=521.1> 
    RCSP exact solver info for graph G_1 : TT = 0.012597, pt = 1.8e-05, dt = 0.011177, ct = 0.001102, ndl = 3', bdl = 108', odl = 4', odf = 33', bsi = 1', cnt = 6', bdch = 1274', odch = 80', lcp = 60', #sols = 150
<DWph=0> <it= 84> <et=0.42> <Mt= 0.00> <Spt= 0.01> <nCl= 10> <al=0.02> <DB=  517.0702> <Mlp=  517.1349> <PB=521.1> 
    RCSP exact solver info for graph G_1 : TT = 0.012319, pt = 1.8e-05, dt = 0.010942, ct = 0.001077, ndl = 3', bdl = 106', odl = 4', odf = 33', bsi = 1', cnt = 6', bdch = 1231', odch = 78', lcp = 59', #sols = 150
<DWph=0> <it= 85> <et=0.43> <Mt= 0.00> <Spt= 0.02> <nCl=  7> <al=0.00> <DB=  517.1349> <Mlp=  517.1349> <PB=521.1> 
Dynamic params and stats :  aver.obdmd = 22.8462 aver.buck.num. = 25
@@ 1 0 517.135 0.0125597 0.013686 90.8929 0.43
Labels distribution in buckets (bucket size) : largest - 31, top 0.1% - 31, top 0.5% - 28, top 2% - 24, top 10% - 17, top 50% - 4
Reduced cost fixing for graph G_1... 3297 buck. arcs remain (5.98% from prev., 5.43% from max.) + 2619 jump buck. arcs (4.31% from max.)
 TT = 0.013812, pt = 0.004112, dt = 0.004331, ct = 0.005263, ndl = 7', bdl = 67', odl = 1', odf = 22', lpcb = 167', cnt = 33', bdch = 874', odch = 69', lcp = 37'
Labels distribution in buckets (bucket size) : largest - 36, top 0.1% - 36, top 0.5% - 31, top 2% - 27, top 10% - 19, top 50% - 4
Run forward enumeration with border = 80... succeeded! lpt = 0.004746, ndl = 2', dl = 0', lpcb = 7', dch = 1'
Run enumeration concatenation with time limit 0.36111 sec.... succeeded!
Sorting and storing enumerated solutions ... done!
 TT = 0.010525, pt = 0.001983, dt = 0.004746, ct = 0.001131, ndl = 2', bdl = 0', lpcb = 7', cnt = 26', bdch = 1', odch = 0', lcp = 0'
Enumeration succeeded!, number of elem. solutions is 1906
Estimating inspection time...     TT = 0.000247, performed by inspection with 1906 solutions, nbR1C = 0, nbDiscC = 0
Inspection time is low enough. Pricing will be done by inspection.
Added 392 columns in the formulation 
Removed 1611 columns (not in the enumerated set) from the formulation
Regenerated 392 columns with the 'enumerated' flag
<DWph=2> <it= 86> <et=0.48> <Mt= 0.00> <Spt= 0.00> <nCl=  0> <al=0.00> <DB=  517.1376> <Mlp=  517.1376> <PB=521.1> 
<DWph=1> <it= 87> <et=0.48> <Mt= 0.00> <Spt= 0.00> <nCl=  0> <al=0.00> <DB=  517.1376> <Mlp=  517.1376> <PB=521.1> 
    TT = 0.000139, performed by inspection with 1906 solutions, nbR1C = 0, nbDiscC = 0
<DWph=0> <it= 88> <et=0.48> <Mt= 0.00> <Spt= 0.00> <nCl= 68> <al=0.30> <DB=  515.5360> <Mlp=  517.1376> <PB=521.1> 
    TT = 0.000111, performed by inspection with 1906 solutions, nbR1C = 0, nbDiscC = 0
    TT = 8.1e-05, performed by inspection with 1906 solutions, nbR1C = 0, nbDiscC = 0
<DWph=0> <it= 89> <et=0.49> <Mt= 0.00> <Spt= 0.00> <nCl=  2> <al=0.00> <DB=  517.1376> <Mlp=  517.1376> <PB=521.1> 
Dynamic params and stats :  aver.obdmd = 22.8462 aver.buck.num. = 25
@@ 1 0 517.138 0.000110333 0.000139 0 0.49
Reduced cost fixing for graph G_1...  took 0 sec., done by inspection with 1906 solutions, remains 1648 (86.5%)
Removed 71 columns (not in the enumerated set) from the formulation
    Full reduced cost fixing is not called (gap ratio is 0.999314)
ColGenEvalAlg final dual bound: 517.138 (rounded: 518)
In total 1 RCC cut(s) are found by the connected components heuristic 
Shrinking heuristic shrunk 13 edges
In total 5 RCC cut(s) are found by the Fractional capacity min-cut heuristic 
In total 43 RCC cut(s) are found by the greedy construction heuristic 
----- Add fac. cuts : CAP(49), max.viol = 0.204459, aver.viol = 0.0368841, sep/add took 0.00553679/0.0068717 sec. -----
391 columns (391 active), 49 dyn. constrs. (49 active), 151 art. vars. (151 active)
<DWph=2> <it=  1> <et=0.50> <Mt= 0.00> <Spt= 0.00> <nCl=  0> <al=0.00> <DB=  518.5179> <Mlp=  518.5179> <PB=521.1> 
<DWph=1> <it=  2> <et=0.50> <Mt= 0.00> <Spt= 0.00> <nCl=  0> <al=0.00> <DB=  518.5179> <Mlp=  518.5179> <PB=521.1> 
    TT = 0.000116, performed by inspection with 1648 solutions, nbR1C = 0, nbDiscC = 0
<DWph=0> <it=  3> <et=0.51> <Mt= 0.00> <Spt= 0.01> <nCl=117> <al=0.30> <DB=  -58.0714> <Mlp=  518.5179> <PB=521.1> 
    TT = 0.000105, performed by inspection with 1648 solutions, nbR1C = 0, nbDiscC = 0
<DWph=0> <it=  4> <et=0.51> <Mt= 0.01> <Spt= 0.00> <nCl= 24> <al=0.20> <DB=  503.8491> <Mlp=  518.2400> <PB=521.1> 
    TT = 9.4e-05, performed by inspection with 1648 solutions, nbR1C = 0, nbDiscC = 0
    TT = 8.9e-05, performed by inspection with 1648 solutions, nbR1C = 0, nbDiscC = 0
<DWph=0> <it=  5> <et=0.52> <Mt= 0.00> <Spt= 0.00> <nCl= 12> <al=0.00> <DB=  518.2247> <Mlp=  518.2247> <PB=521.1> 
Dynamic params and stats :  aver.obdmd = 22.8462 aver.buck.num. = 25
@@ 1 1 518.225 0.000101 0.000116 0 0.52
Reduced cost fixing for graph G_1...  took 0 sec., done by inspection with 1648 solutions, remains 1104 (67%)
Removed 53 columns (not in the enumerated set) from the formulation
ColGenEvalAlg final dual bound: 518.225 (rounded: 519)
Gap improvement since the last cut separation : 0.274365 (517.138)
Current active cuts : CAP(11,79.5019)
Shrinking heuristic shrunk 14 edges
In total 2 RCC cut(s) are found by the Fractional capacity min-cut heuristic 
In total 6 RCC cut(s) are found by the greedy construction heuristic 
In total 1 RCC cut(s) are found by the global pool greedy search heuristic 
----- Add fac. cuts : CAP(9), max.viol = 0.289326, aver.viol = 0.071161, sep/add took 0.00463955/0.00165449 sec. -----
544 columns (491 active), 58 dyn. constrs. (22 active), 160 art. vars. (124 active)
<DWph=2> <it=  1> <et=0.53> <Mt= 0.00> <Spt= 0.00> <nCl=  0> <al=0.00> <DB=  518.4787> <Mlp=  518.4787> <PB=521.1> 
<DWph=1> <it=  2> <et=0.53> <Mt= 0.00> <Spt= 0.01> <nCl=  0> <al=0.00> <DB=  518.4787> <Mlp=  518.4787> <PB=521.1> 
    TT = 7.5e-05, performed by inspection with 1104 solutions, nbR1C = 0, nbDiscC = 0
<DWph=0> <it=  3> <et=0.53> <Mt= 0.00> <Spt= 0.00> <nCl= 31> <al=0.30> <DB=  511.2194> <Mlp=  518.4787> <PB=521.1> 
    TT = 7.2e-05, performed by inspection with 1104 solutions, nbR1C = 0, nbDiscC = 0
    TT = 7.1e-05, performed by inspection with 1104 solutions, nbR1C = 0, nbDiscC = 0
<DWph=0> <it=  4> <et=0.54> <Mt= 0.00> <Spt= 0.00> <nCl= 12> <al=0.00> <DB=  518.4233> <Mlp=  518.4233> <PB=521.1> 
Dynamic params and stats :  aver.obdmd = 22.8462 aver.buck.num. = 25
@@ 1 2 518.423 7.26667e-05 7.5e-05 0 0.54
Reduced cost fixing for graph G_1...  took 0 sec., done by inspection with 1104 solutions, remains 948 (85.9%)
Removed 15 columns (not in the enumerated set) from the formulation
    Full reduced cost fixing is not called (gap ratio is 0.928454)
ColGenEvalAlg final dual bound: 518.423 (rounded: 519)
Gap improvement since the last cut separation : 0.0690581 (518.225)
Current active cuts : CAP(11,93.0952)
Shrinking heuristic shrunk 14 edges
In total 5 RCC cut(s) are found by the greedy construction heuristic 
In total 1 RCC cut(s) are found by the global pool greedy search heuristic 
----- Add fac. cuts : CAP(6), max.viol = 0.0687831, aver.viol = 0.0337302, sep/add took 0.00472324/0.00118399 sec. -----
534 columns (519 active), 28 dyn. constrs. (19 active), 166 art. vars. (121 active)
<DWph=2> <it=  1> <et=0.55> <Mt= 0.00> <Spt= 0.00> <nCl=  0> <al=0.00> <DB=  518.5721> <Mlp=  518.5721> <PB=521.1> 
<DWph=1> <it=  2> <et=0.55> <Mt= 0.00> <Spt= 0.00> <nCl=  0> <al=0.00> <DB=  518.5721> <Mlp=  518.5721> <PB=521.1> 
    TT = 7e-05, performed by inspection with 948 solutions, nbR1C = 0, nbDiscC = 0
    TT = 6.6e-05, performed by inspection with 948 solutions, nbR1C = 0, nbDiscC = 0
<DWph=0> <it=  3> <et=0.55> <Mt= 0.00> <Spt= 0.00> <nCl=  9> <al=0.00> <DB=  518.5721> <Mlp=  518.5721> <PB=521.1> 
Dynamic params and stats :  aver.obdmd = 22.8462 aver.buck.num. = 25
@@ 1 3 518.572 6.8e-05 7e-05 0 0.55
Reduced cost fixing for graph G_1...  took 0 sec., done by inspection with 948 solutions, remains 793 (83.6%)
Removed 55 columns (not in the enumerated set) from the formulation
ColGenEvalAlg final dual bound: 518.572 (rounded: 519)
Gap improvement since the last cut separation : 0.0555991 (518.423)
Current active cuts : CAP(10,113.915)
Shrinking heuristic shrunk 13 edges
In total 2 RCC cut(s) are found by the Fractional capacity min-cut heuristic 
In total 1 RCC cut(s) are found by the greedy construction heuristic 
In total 1 RCC cut(s) are found by the global pool greedy search heuristic 
----- Add fac. cuts : CAP(4), max.viol = 0.0687483, aver.viol = 0.0582032, sep/add took 0.00510465/0.000462739 sec. -----
528 columns (473 active), 23 dyn. constrs. (17 active), 170 art. vars. (119 active)
<DWph=2> <it=  1> <et=0.56> <Mt= 0.00> <Spt= 0.01> <nCl=  0> <al=0.00> <DB=  518.5874> <Mlp=  518.5874> <PB=521.1> 
<DWph=1> <it=  2> <et=0.56> <Mt= 0.00> <Spt= 0.00> <nCl=  0> <al=0.00> <DB=  518.5874> <Mlp=  518.5874> <PB=521.1> 
    TT = 6.5e-05, performed by inspection with 793 solutions, nbR1C = 0, nbDiscC = 0
    TT = 6.2e-05, performed by inspection with 793 solutions, nbR1C = 0, nbDiscC = 0
<DWph=0> <it=  3> <et=0.57> <Mt= 0.00> <Spt= 0.00> <nCl=  5> <al=0.00> <DB=  518.5874> <Mlp=  518.5874> <PB=521.1> 
Dynamic params and stats :  aver.obdmd = 22.8462 aver.buck.num. = 25
@@ 1 4 518.587 6.35e-05 6.5e-05 0 0.57
Reduced cost fixing for graph G_1...  took 0 sec., done by inspection with 793 solutions, remains 793 (100%)
    Full reduced cost fixing is not called (gap ratio is 0.993689)
ColGenEvalAlg final dual bound: 518.587 (rounded: 519)
Gap improvement since the last cut separation : 0.00606148 (518.572)
Cut generation tailing off counter increased to 1
Current active cuts : CAP(13,116.639)
Shrinking heuristic shrunk 14 edges
150 Rank-1 3-rows pack. cuts added ,  max viol. = 0.369352, aver. viol. = 0.186732
----- Add fac. cuts : R1C(150), max.viol = 0.369352, aver.viol = 0.186732, sep/add took 0.00538457/0.0124227 sec. -----
533 columns (478 active), 167 dyn. constrs. (165 active), 320 art. vars. (267 active)
#<DWph=2> <it=  1> <et=0.60> <Mt= 0.02> <Spt= 0.00> <nCl=  0> <al=0.00> <DB=  728.4839> <Mlp=  728.4839> <PB=521.1> 
 Artificial variables in the solution : decreasing phase of stage 
#<DWph=1> <it=  2> <et=0.60> <Mt= 0.00> <Spt= 0.00> <nCl=  0> <al=0.00> <DB=  728.4839> <Mlp=  728.4839> <PB=521.1> 
 Artificial variables in the solution : decreasing phase of stage 
#    TT = 0.000184, performed by inspection with 793 solutions, nbR1C = 35, nbDiscC = 0
<DWph=0> <it=  3> <et=0.60> <Mt= 0.00> <Spt= 0.01> <nCl= 74> <al=0.30> <DB=-99534.2587> <Mlp=  728.4839> <PB=521.1> 
    TT = 0.000214, performed by inspection with 793 solutions, nbR1C = 57, nbDiscC = 0
<DWph=0> <it=  4> <et=0.62> <Mt= 0.01> <Spt= 0.00> <nCl= 12> <al=0.30> <DB=-29398.9776> <Mlp=  520.9981> <PB=521.1> 
    TT = 0.000232, performed by inspection with 793 solutions, nbR1C = 73, nbDiscC = 0
<DWph=0> <it=  5> <et=0.64> <Mt= 0.02> <Spt= 0.00> <nCl=  6> <al=0.20> <DB=-25286.5823> <Mlp=  520.9999> <PB=521.1> 
    TT = 0.000244, performed by inspection with 793 solutions, nbR1C = 83, nbDiscC = 0
<DWph=0> <it=  6> <et=0.65> <Mt= 0.01> <Spt= 0.00> <nCl=  4> <al=0.28> <DB=-6605.7630> <Mlp=  520.9999> <PB=521.1> 
    TT = 0.000244, performed by inspection with 793 solutions, nbR1C = 84, nbDiscC = 0
<DWph=0> <it=  7> <et=0.65> <Mt= 0.00> <Spt= 0.00> <nCl=  5> <al=0.18> <DB= -648.6573> <Mlp=  521.0000> <PB=521> 
    TT = 0.000257, performed by inspection with 793 solutions, nbR1C = 90, nbDiscC = 0
<DWph=0> <it=  8> <et=0.66> <Mt= 0.00> <Spt= 0.01> <nCl= 11> <al=0.08> <DB=  510.7924> <Mlp=  521.0000> <PB=521> 
    TT = 0.000196, performed by inspection with 793 solutions, nbR1C = 52, nbDiscC = 0
<DWph=0> <it=  9> <et=0.66> <Mt= 0.00> <Spt= 0.00> <nCl=  5> <al=0.00> <DB=  520.3079> <Mlp=  521.0000> <PB=521> 
Dynamic params and stats :  aver.obdmd = 22.8462 aver.buck.num. = 25 nbR1C = 52 with avMem = 0
@@ 1 5 520.308 0.000224429 0.000257 0 0.66
ColGenEvalAlg final dual bound: 520.308 (rounded: 521)
Gap improvement since the last cut separation : 1 (518.587)
Current active cuts : CAP(2,10.4972) R1C(52,3953.37) 3rowPackR1C(52)
New model incumbent solution 521, TIME = 0h0m0s66t = 66
************************************************************************************************
Search is finished, global bounds : [ 521 , 521 ], TIME = 0h0m0s66t = 66
************************************************************************************************
Built-in heuristic is enabled
instance_name solver_name ext_heuristic solution_value solution_time best_lb root_lb root_time nb_branch_and_bound_nodes status
/home/logis/Downloads/VRPSolverEasy/VRPSolverEasy/demos/data/CVRP/E-n51-k5 CLP False 520.9999999104591 0.669709435 521.0 521.0 0.669506878 1 0

