Node memory for rank-1 cuts will be used (2.8)
~~~~~~~~~~~~~~~~~~~~~~~~~~~~~~~~~~~~~~~~~~~~~~~~~~~~~~~~~~~~~~~~~~~~~~~~~~~~~~~~~~~~~
VRPSolver v0.5.27, 24/02/2023, © Inria Bordeaux, France, vrpsolver.math.u-bordeaux.fr
      Corresponds to the solver by Pessoa, Sadykov, Uchoa and Vanderbeck (2020)
                 Paper: dx.doi.org/10.1007/s10107-020-01523-z
~~~~~~~~~~~~~~~~~~~~~~~~~~~~~~~~~~~~~~~~~~~~~~~~~~~~~~~~~~~~~~~~~~~~~~~~~~~~~~~~~~~~~
   BaPCod v0.77, 15/03/2023, © Inria Bordeaux, France, bapcod.math.u-bordeaux.fr 
           THIS CODE IS PROVIDED AS IS, USE IT AT YOUR OWN RISK
~~~~~~~~~~~~~~~~~~~~~~~~~~~~~~~~~~~~~~~~~~~~~~~~~~~~~~~~~~~~~~~~~~~~~~~~~~~~~~~~~~~~~
Bucket steps were recalculated for graph G_1 : [150]
RCSP solver info : symmetric case is detected for graph G_1! 
Bidirectional border value is initialised to 1500
RCSP solver info : number of forw. reachable buckets / buck. strongly connected components is 394( 81.5735% ) / 394( 100% )
Generating neighbourhoods for rank-1 cuts separation
Building structures for 4- and 5-row rank-1 packing cut separation...done!
Model is built TIME = 0h0m0s0t = 0
************************************************************************************************
**** BaB tree root node
**** Local DB = -1e+12, global bounds : [ -1e+12 , 590.1 ], TIME = 0h0m0s0t = 0
**** 1 open nodes, 0 columns (0 active), 0 dyn. constrs. (0 active), 44 art. vars. (44 active)
************************************************************************************************
#<DWph=2> <it=  1> <et=0.00> <Mt= 0.00> <Spt= 0.00> <nCl= 21> <al=0.00> <DB=-427014.1600> <Mlp=35406.0000> <PB=590.1> 
#<DWph=2> <it=  2> <et=0.00> <Mt= 0.00> <Spt= 0.00> <nCl= 21> <al=0.55> <DB=-179978.0200> <Mlp=32034.4000> <PB=590.1> 
#<DWph=2> <it=  3> <et=0.00> <Mt= 0.00> <Spt= 0.00> <nCl= 21> <al=0.45> <DB=-105476.9098> <Mlp=27216.5600> <PB=590.1> 
#<DWph=2> <it=  4> <et=0.00> <Mt= 0.00> <Spt= 0.00> <nCl= 21> <al=0.35> <DB=-86049.3434> <Mlp=20372.3600> <PB=590.1> 
#<DWph=2> <it=  5> <et=0.00> <Mt= 0.00> <Spt= 0.00> <nCl= 20> <al=0.25> <DB=-82608.3663> <Mlp= 8173.0100> <PB=590.1> 
#<DWph=2> <it=  6> <et=0.00> <Mt= 0.00> <Spt= 0.00> <nCl= 21> <al=0.33> <DB=-45650.8282> <Mlp= 3458.3250> <PB=590.1> 
#<DWph=2> <it=  7> <et=0.00> <Mt= 0.00> <Spt= 0.00> <nCl= 21> <al=0.39> <DB=-52280.6828> <Mlp= 2596.5500> <PB=590.1> 
<DWph=2> <it=  8> <et=0.00> <Mt= 0.00> <Spt= 0.00> <nCl= 20> <al=0.45> <DB=-22533.1695> <Mlp=  713.0000> <PB=590.1> 
<DWph=2> <it=  9> <et=0.00> <Mt= 0.00> <Spt= 0.00> <nCl= 13> <al=0.35> <DB=-6809.9471> <Mlp=  696.7143> <PB=590.1> 
<DWph=2> <it= 10> <et=0.00> <Mt= 0.00> <Spt= 0.00> <nCl= 11> <al=0.25> <DB=-1215.3622> <Mlp=  667.0000> <PB=590.1> 
<DWph=2> <it= 11> <et=0.01> <Mt= 0.00> <Spt= 0.00> <nCl= 20> <al=0.15> <DB= -273.4276> <Mlp=  667.0000> <PB=590.1> 
<DWph=2> <it= 12> <et=0.01> <Mt= 0.00> <Spt= 0.00> <nCl= 14> <al=0.24> <DB=  181.5935> <Mlp=  590.6667> <PB=590.1> 
<DWph=2> <it= 13> <et=0.01> <Mt= 0.00> <Spt= 0.00> <nCl= 10> <al=0.31> <DB=  432.3987> <Mlp=  590.6667> <PB=590.1> 
<DWph=2> <it= 14> <et=0.01> <Mt= 0.00> <Spt= 0.00> <nCl= 10> <al=0.21> <DB=  429.6612> <Mlp=  590.6667> <PB=590.1> 
<DWph=2> <it= 15> <et=0.01> <Mt= 0.00> <Spt= 0.00> <nCl=  4> <al=0.11> <DB=  542.5842> <Mlp=  589.6667> <PB=590.1> 
<DWph=2> <it= 16> <et=0.01> <Mt= 0.00> <Spt= 0.00> <nCl=  3> <al=0.01> <DB=  573.3311> <Mlp=  589.6667> <PB=590.1> 
<DWph=2> <it= 17> <et=0.01> <Mt= 0.00> <Spt= 0.00> <nCl=  9> <al=0.00> <DB=  589.6667> <Mlp=  589.6667> <PB=590.1> 
<DWph=1> <it= 18> <et=0.01> <Mt= 0.00> <Spt= 0.00> <nCl=  3> <al=0.01> <DB=  567.6667> <Mlp=  589.6667> <PB=590.1> 
<DWph=1> <it= 19> <et=0.01> <Mt= 0.00> <Spt= 0.00> <nCl=  4> <al=0.00> <DB=  589.6667> <Mlp=  589.6667> <PB=590.1> 
    RCSP exact solver info for graph G_1 : TT = 0.00039, pt = 3e-06, dt = 0.00016, ct = 0.000108, ndl = 0', bdl = 0', odl = 0', odf = 0', bsi = 0', cnt = 0', bdch = 0', odch = 0', lcp = 0', #sols = 150
<DWph=0> <it= 20> <et=0.01> <Mt= 0.00> <Spt= 0.00> <nCl= 93> <al=0.00> <DB=  589.6667> <Mlp=  589.6667> <PB=590.1> 
Dynamic params and stats :  aver.obdmd = 16.087 aver.buck.num. = 21
@@ 1 0 589.667 0.000268 0.000268 58.9685 0.01
Labels distribution in buckets (bucket size) : largest - 3, top 0.1% - 3, top 0.5% - 3, top 2% - 2, top 10% - 1, top 50% - 0
Reduced cost fixing for graph G_1... 243 buck. arcs remain (5.26% from prev., 3.1% from max.) + 344 jump buck. arcs (4.39% from max.)
 TT = 0.000478, pt = 4.8e-05, dt = 0.000115, ct = 0.000289, ndl = 0', bdl = 0', odl = 0', odf = 2', lpcb = 1', cnt = 0', bdch = 1', odch = 1', lcp = 0'
Labels distribution in buckets (bucket size) : largest - 4, top 0.1% - 4, top 0.5% - 4, top 2% - 3, top 10% - 1, top 50% - 0
Run forward enumeration with border = 1500... succeeded! lpt = 0.002032, ndl = 0', dl = 0', lpcb = 0', dch = 0'
Run enumeration concatenation with time limit 0.3 sec.... succeeded!
Sorting and storing enumerated solutions ... done!
 TT = 0.004842, pt = 0.002044, dt = 0.002032, ct = 3.2e-05, ndl = 0', bdl = 0', lpcb = 0', cnt = 0', bdch = 0', odch = 0', lcp = 0'
Enumeration succeeded!, number of elem. solutions is 25
Estimating inspection time...     TT = 1.2e-05, performed by inspection with 25 solutions, nbR1C = 0, nbDiscC = 0
Inspection time is low enough. Pricing will be done by inspection.
Added 44 columns in the formulation 
Removed 316 columns (not in the enumerated set) from the formulation
Regenerated 44 columns with the 'enumerated' flag
Added 2 columns in the formulation 
ColGenEvalAlg final dual bound: 589.667 (rounded: 590)
----- Terminating the node by MIP -----
Version identifier: 20.1.0.0 | 2020-11-10 | 9bedb6d68
CPXPARAM_Advance                                 0
CPXPARAM_Threads                                 1
CPXPARAM_MIP_Limits_Nodes                        2000000
CPXPARAM_Simplex_Tolerances_Optimality           9.9999999999999995e-08
CPXPARAM_Simplex_Tolerances_Feasibility          9.9999999999999995e-08
CPXPARAM_TimeLimit                               1763.9803999999999
CPXPARAM_MIP_Tolerances_UpperCutoff              590.000001
CPXPARAM_MIP_Tolerances_MIPGap                   1.0000000000000001e-09
Tried aggregator 2 times.
MIP Presolve eliminated 20 rows and 43 columns.
MIP Presolve modified 39 coefficients.
Aggregator did 3 substitutions.
All rows and columns eliminated.
Presolve time = 0.00 sec. (0.08 ticks)

Root node processing (before b&c):
  Real time             =    0.00 sec. (0.10 ticks)
Sequential b&c:
  Real time             =    0.00 sec. (0.00 ticks)
                          ------------
Total (root+branch&cut) =    0.00 sec. (0.10 ticks)
Solution status = Optimum
New model incumbent solution 590, TIME = 0h0m0s2t = 2
************************************************************************************************
Search is finished, global bounds : [ 590 , 590 ], TIME = 0h0m0s2t = 2
************************************************************************************************
Built-in heuristic is enabled
instance_name solver_name ext_heuristic solution_value solution_time best_lb root_lb root_time nb_branch_and_bound_nodes status
/home/logis/Downloads/VRPSolverEasy/VRPSolverEasy/demos/data/CVRP/P-n22-k8 CPLEX False 590.0 0.023517292 590.0 590.0 0.023402736 1 0

