Node memory for rank-1 cuts will be used (9.29032)
~~~~~~~~~~~~~~~~~~~~~~~~~~~~~~~~~~~~~~~~~~~~~~~~~~~~~~~~~~~~~~~~~~~~~~~~~~~~~~~~~~~~~
VRPSolver v0.5.27, 24/02/2023, © Inria Bordeaux, France, vrpsolver.math.u-bordeaux.fr
      Corresponds to the solver by Pessoa, Sadykov, Uchoa and Vanderbeck (2020)
                 Paper: dx.doi.org/10.1007/s10107-020-01523-z
~~~~~~~~~~~~~~~~~~~~~~~~~~~~~~~~~~~~~~~~~~~~~~~~~~~~~~~~~~~~~~~~~~~~~~~~~~~~~~~~~~~~~
   BaPCod v0.77, 15/03/2023, © Inria Bordeaux, France, bapcod.math.u-bordeaux.fr 
           THIS CODE IS PROVIDED AS IS, USE IT AT YOUR OWN RISK
~~~~~~~~~~~~~~~~~~~~~~~~~~~~~~~~~~~~~~~~~~~~~~~~~~~~~~~~~~~~~~~~~~~~~~~~~~~~~~~~~~~~~
Bucket steps were recalculated for graph G_1 : [6.5]
RCSP solver info : symmetric case is detected for graph G_1! 
Bidirectional border value is initialised to 80
RCSP solver info : number of forw. reachable buckets / buck. strongly connected components is 459( 91.8% ) / 459( 100% )
Generating neighbourhoods for rank-1 cuts separation
Building structures for 4- and 5-row rank-1 packing cut separation...done!
Model is built TIME = 0h0m0s0t = 0
************************************************************************************************
**** BaB tree root node
**** Local DB = -1e+12, global bounds : [ -1e+12 , 1e+06 ], TIME = 0h0m0s0t = 0
**** 1 open nodes, 0 columns (0 active), 0 dyn. constrs. (0 active), 38 art. vars. (38 active)
************************************************************************************************
#<DWph=2> <it=  1> <et=0.00> <Mt= 0.00> <Spt= 0.00> <nCl= 18> <al=0.00> <DB=-116783755.0000> <Mlp=5066666.6667> <PB=1000000> 
#<DWph=2> <it=  2> <et=0.00> <Mt= 0.00> <Spt= 0.00> <nCl= 18> <al=0.55> <DB=-86039415.0542> <Mlp=4450092.2500> <PB=1000000> 
#<DWph=2> <it=  3> <et=0.00> <Mt= 0.00> <Spt= 0.00> <nCl= 18> <al=0.45> <DB=-58540791.6660> <Mlp=4056841.6167> <PB=1000000> 
#<DWph=2> <it=  4> <et=0.00> <Mt= 0.00> <Spt= 0.00> <nCl= 18> <al=0.51> <DB=-52313494.5010> <Mlp=2962561.9824> <PB=1000000> 
#<DWph=2> <it=  5> <et=0.00> <Mt= 0.00> <Spt= 0.00> <nCl= 18> <al=0.55> <DB=-48493867.4920> <Mlp=2597705.0190> <PB=1000000> 
#<DWph=2> <it=  6> <et=0.00> <Mt= 0.00> <Spt= 0.00> <nCl= 18> <al=0.60> <DB=-43055721.5305> <Mlp=2220575.8594> <PB=1000000> 
#<DWph=2> <it=  7> <et=0.00> <Mt= 0.00> <Spt= 0.00> <nCl= 18> <al=0.64> <DB=-34072978.6589> <Mlp=1315786.8697> <PB=1000000> 
#<DWph=2> <it=  8> <et=0.00> <Mt= 0.00> <Spt= 0.00> <nCl= 18> <al=0.54> <DB=-30910490.3623> <Mlp=964302.7879> <PB=1000000> 
#<DWph=2> <it=  9> <et=0.00> <Mt= 0.00> <Spt= 0.00> <nCl= 18> <al=0.59> <DB=-25541936.7794> <Mlp=697992.8404> <PB=1000000> 
<DWph=2> <it= 10> <et=0.01> <Mt= 0.00> <Spt= 0.00> <nCl= 17> <al=0.49> <DB=-12765447.7294> <Mlp=  433.1505> <PB=1000000> 
<DWph=2> <it= 11> <et=0.01> <Mt= 0.00> <Spt= 0.00> <nCl= 18> <al=0.00> <DB= -811.2636> <Mlp=  430.3540> <PB=1000000> 
<DWph=2> <it= 12> <et=0.01> <Mt= 0.00> <Spt= 0.00> <nCl= 18> <al=0.29> <DB= -109.5078> <Mlp=  424.6027> <PB=1000000> 
<DWph=2> <it= 13> <et=0.01> <Mt= 0.00> <Spt= 0.00> <nCl= 18> <al=0.36> <DB=-1424.6752> <Mlp=  403.8201> <PB=1000000> 
<DWph=2> <it= 14> <et=0.01> <Mt= 0.00> <Spt= 0.00> <nCl= 18> <al=0.42> <DB= -945.5859> <Mlp=  364.8928> <PB=1000000> 
<DWph=2> <it= 15> <et=0.01> <Mt= 0.00> <Spt= 0.00> <nCl= 18> <al=0.48> <DB= -614.0738> <Mlp=  326.3108> <PB=1000000> 
<DWph=2> <it= 16> <et=0.01> <Mt= 0.00> <Spt= 0.00> <nCl= 18> <al=0.53> <DB= -441.7597> <Mlp=  287.9735> <PB=1000000> 
<DWph=2> <it= 17> <et=0.01> <Mt= 0.00> <Spt= 0.00> <nCl= 18> <al=0.58> <DB=  148.1766> <Mlp=  268.0091> <PB=1000000> 
<DWph=2> <it= 18> <et=0.01> <Mt= 0.00> <Spt= 0.00> <nCl= 18> <al=0.62> <DB=    1.7999> <Mlp=  264.3823> <PB=1000000> 
<DWph=2> <it= 19> <et=0.01> <Mt= 0.00> <Spt= 0.01> <nCl= 18> <al=0.66> <DB=   73.3739> <Mlp=  257.0395> <PB=1000000> 
<DWph=2> <it= 20> <et=0.01> <Mt= 0.00> <Spt= 0.00> <nCl= 17> <al=0.69> <DB=  187.3549> <Mlp=  248.8567> <PB=1000000> 
<DWph=2> <it= 21> <et=0.02> <Mt= 0.00> <Spt= 0.00> <nCl= 18> <al=0.72> <DB=  183.3007> <Mlp=  223.0000> <PB=223> 
<DWph=2> <it= 22> <et=0.02> <Mt= 0.00> <Spt= 0.00> <nCl= 17> <al=0.75> <DB=  194.7476> <Mlp=  223.0000> <PB=223> 
<DWph=2> <it= 23> <et=0.02> <Mt= 0.00> <Spt= 0.00> <nCl= 15> <al=0.78> <DB=  199.8245> <Mlp=  223.0000> <PB=223> 
<DWph=2> <it= 24> <et=0.02> <Mt= 0.00> <Spt= 0.00> <nCl= 17> <al=0.68> <DB=  184.6015> <Mlp=  219.9630> <PB=223> 
<DWph=2> <it= 25> <et=0.02> <Mt= 0.00> <Spt= 0.00> <nCl= 17> <al=0.71> <DB=  100.4069> <Mlp=  209.5714> <PB=223> 
<DWph=2> <it= 26> <et=0.02> <Mt= 0.00> <Spt= 0.00> <nCl= 11> <al=0.74> <DB=  197.1707> <Mlp=  206.6250> <PB=223> 
<DWph=2> <it= 27> <et=0.02> <Mt= 0.00> <Spt= 0.00> <nCl= 10> <al=0.76> <DB=  200.3530> <Mlp=  205.8000> <PB=223> 
<DWph=2> <it= 28> <et=0.02> <Mt= 0.00> <Spt= 0.00> <nCl= 10> <al=0.79> <DB=  201.5120> <Mlp=  205.8000> <PB=223> 
<DWph=2> <it= 29> <et=0.02> <Mt= 0.00> <Spt= 0.00> <nCl=  5> <al=0.81> <DB=  202.3331> <Mlp=  205.8000> <PB=223> 
<DWph=2> <it= 30> <et=0.02> <Mt= 0.00> <Spt= 0.00> <nCl=  4> <al=0.83> <DB=  201.9666> <Mlp=  205.8000> <PB=223> 
<DWph=2> <it= 31> <et=0.03> <Mt= 0.00> <Spt= 0.00> <nCl= 12> <al=0.38> <DB=  204.0014> <Mlp=  204.2857> <PB=223> 
<DWph=2> <it= 32> <et=0.03> <Mt= 0.00> <Spt= 0.00> <nCl=  5> <al=0.74> <DB=  203.7188> <Mlp=  204.2857> <PB=223> 
<DWph=2> <it= 33> <et=0.03> <Mt= 0.00> <Spt= 0.00> <nCl= 11> <al=0.08> <DB=  177.8970> <Mlp=  204.2857> <PB=223> 
<DWph=2> <it= 34> <et=0.03> <Mt= 0.00> <Spt= 0.01> <nCl=  7> <al=0.00> <DB=  177.1429> <Mlp=  204.2857> <PB=223> 
<DWph=2> <it= 35> <et=0.03> <Mt= 0.00> <Spt= 0.00> <nCl=  4> <al=0.57> <DB=  203.6655> <Mlp=  204.2857> <PB=223> 
<DWph=2> <it= 36> <et=0.03> <Mt= 0.00> <Spt= 0.00> <nCl=  5> <al=0.00> <DB=  204.2857> <Mlp=  204.2857> <PB=223> 
<DWph=1> <it= 37> <et=0.03> <Mt= 0.01> <Spt= 0.00> <nCl=  8> <al=0.51> <DB=  155.4286> <Mlp=  204.2857> <PB=223> 
<DWph=1> <it= 38> <et=0.03> <Mt= 0.00> <Spt= 0.00> <nCl=  1> <al=0.51> <DB=  179.2045> <Mlp=  204.2857> <PB=223> 
<DWph=1> <it= 39> <et=0.04> <Mt= 0.00> <Spt= 0.00> <nCl=  4> <al=0.41> <DB=  137.6237> <Mlp=  204.2857> <PB=223> 
<DWph=1> <it= 40> <et=0.04> <Mt= 0.00> <Spt= 0.00> <nCl=  3> <al=0.47> <DB=  177.2569> <Mlp=  204.2857> <PB=223> 
<DWph=1> <it= 41> <et=0.04> <Mt= 0.00> <Spt= 0.00> <nCl=  5> <al=0.00> <DB=  179.8571> <Mlp=  204.2857> <PB=223> 
<DWph=1> <it= 42> <et=0.04> <Mt= 0.00> <Spt= 0.00> <nCl=  1> <al=0.00> <DB=  203.6071> <Mlp=  204.2857> <PB=223> 
<DWph=1> <it= 43> <et=0.04> <Mt= 0.00> <Spt= 0.01> <nCl=  3> <al=0.00> <DB=  204.2857> <Mlp=  204.2857> <PB=223> 
    RCSP exact solver info for graph G_1 : TT = 0.001519, pt = 3e-06, dt = 0.001078, ct = 0.000228, ndl = 0', bdl = 4', odl = 1', odf = 8', bsi = 1', cnt = 3', bdch = 46', odch = 12', lcp = 8', #sols = 150
<DWph=0> <it= 44> <et=0.05> <Mt= 0.00> <Spt= 0.00> <nCl=121> <al=0.07> <DB=  179.8571> <Mlp=  204.2857> <PB=223> 
    RCSP exact solver info for graph G_1 : TT = 0.001404, pt = 1e-05, dt = 0.000943, ct = 0.000228, ndl = 0', bdl = 4', odl = 1', odf = 8', bsi = 1', cnt = 3', bdch = 47', odch = 11', lcp = 8', #sols = 150
<DWph=0> <it= 45> <et=0.05> <Mt= 0.00> <Spt= 0.00> <nCl= 21> <al=0.00> <DB=  204.2857> <Mlp=  204.2857> <PB=223> 
Dynamic params and stats :  aver.obdmd = 22 aver.buck.num. = 25
@@ 1 0 204.286 0.0012385 0.001306 90.0666 0.05
Labels distribution in buckets (bucket size) : largest - 18, top 0.1% - 18, top 0.5% - 17, top 2% - 12, top 10% - 8, top 50% - 2
Reduced cost fixing for graph G_1... 4130 buck. arcs remain (58.7% from prev., 52.9% from max.) + 989 jump buck. arcs (12.7% from max.)
 TT = 0.005353, pt = 0.00028, dt = 0.002221, ct = 0.002813, ndl = 3', bdl = 7', odl = 1', odf = 19', lpcb = 23', cnt = 29', bdch = 114', odch = 60', lcp = 28'
Labels distribution in buckets (bucket size) : largest - 19, top 0.1% - 19, top 0.5% - 18, top 2% - 15, top 10% - 9, top 50% - 2
Run forward enumeration with border = 80... succeeded! lpt = 0.010192, ndl = 4', dl = 2', lpcb = 39', dch = 18'
Run enumeration concatenation with time limit 0.3 sec.... succeeded!
Sorting and storing enumerated solutions ... done!
 TT = 0.028835, pt = 0.002081, dt = 0.010192, ct = 0.006862, ndl = 4', bdl = 2', lpcb = 39', cnt = 76', bdch = 18', odch = 0', lcp = 0'
Enumeration succeeded!, number of elem. solutions is 8493
Estimating inspection time...     TT = 0.000279, performed by inspection with 8493 solutions, nbR1C = 0, nbDiscC = 0
Inspection time is low enough. Pricing will be done by inspection.
Added 257 columns in the formulation 
Removed 436 columns (not in the enumerated set) from the formulation
Regenerated 257 columns with the 'enumerated' flag
<DWph=2> <it= 46> <et=0.09> <Mt= 0.00> <Spt= 0.00> <nCl=  0> <al=0.00> <DB=  204.2857> <Mlp=  204.2857> <PB=223> 
<DWph=1> <it= 47> <et=0.09> <Mt= 0.00> <Spt= 0.00> <nCl=  0> <al=0.00> <DB=  204.2857> <Mlp=  204.2857> <PB=223> 
<DWph=0> <it= 48> <et=0.09> <Mt= 0.00> <Spt= 0.00> <nCl=  0> <al=0.30> <DB=  204.2857> <Mlp=  204.2857> <PB=223> 
@@ 1 0 204.286 0 0 0 0.09
ColGenEvalAlg final dual bound: 204.286 (rounded: 205)
In total 1 RCC cut(s) are found by the connected components heuristic 
Shrinking heuristic shrunk 9 edges
----- Add fac. cuts : CAP(1), max.viol = 0.857143, aver.viol = 0.857143, sep/add took 0.000176308/0.000122842 sec. -----
260 columns (257 active), 1 dyn. constrs. (1 active), 39 art. vars. (39 active)
<DWph=2> <it=  1> <et=0.09> <Mt= 0.00> <Spt= 0.00> <nCl=  0> <al=0.00> <DB=  219.0000> <Mlp=  219.0000> <PB=219> 
<DWph=1> <it=  2> <et=0.09> <Mt= 0.00> <Spt= 0.00> <nCl=  0> <al=0.00> <DB=  219.0000> <Mlp=  219.0000> <PB=219> 
    TT = 0.000268, performed by inspection with 8493 solutions, nbR1C = 0, nbDiscC = 0
<DWph=0> <it=  3> <et=0.09> <Mt= 0.00> <Spt= 0.00> <nCl=150> <al=0.30> <DB=  -69.1667> <Mlp=  219.0000> <PB=219> 
    TT = 0.00024, performed by inspection with 8493 solutions, nbR1C = 0, nbDiscC = 0
    TT = 0.000234, performed by inspection with 8493 solutions, nbR1C = 0, nbDiscC = 0
<DWph=0> <it=  4> <et=0.10> <Mt= 0.00> <Spt= 0.01> <nCl= 70> <al=0.00> <DB=  212.0000> <Mlp=  212.0000> <PB=212> 
Dynamic params and stats :  aver.obdmd = 22 aver.buck.num. = 25
@@ 1 1 212 0.000247333 0.000268 0 0.1
ColGenEvalAlg final dual bound: 212 (rounded: 212)
Gap improvement since the last cut separation : 1 (204.286)
Current active cuts : CAP(1,71.1429)
New model incumbent solution 212, TIME = 0h0m0s10t = 10
************************************************************************************************
Search is finished, global bounds : [ 212 , 212 ], TIME = 0h0m0s10t = 10
************************************************************************************************
Built-in heuristic is enabled
instance_name solver_name ext_heuristic solution_value solution_time best_lb root_lb root_time nb_branch_and_bound_nodes status
/home/logis/Downloads/VRPSolverEasy/VRPSolverEasy/demos/data/CVRP/P-n19-k2 CLP False 212.00000000254164 0.10452324600000001 212.0 212.0 0.10439791 1 0

