Node memory for rank-1 cuts will be used (7.10195)
~~~~~~~~~~~~~~~~~~~~~~~~~~~~~~~~~~~~~~~~~~~~~~~~~~~~~~~~~~~~~~~~~~~~~~~~~~~~~~~~~~~~~
VRPSolver v0.5.27, 24/02/2023, © Inria Bordeaux, France, vrpsolver.math.u-bordeaux.fr
      Corresponds to the solver by Pessoa, Sadykov, Uchoa and Vanderbeck (2020)
                 Paper: dx.doi.org/10.1007/s10107-020-01523-z
~~~~~~~~~~~~~~~~~~~~~~~~~~~~~~~~~~~~~~~~~~~~~~~~~~~~~~~~~~~~~~~~~~~~~~~~~~~~~~~~~~~~~
   BaPCod v0.77, 15/03/2023, © Inria Bordeaux, France, bapcod.math.u-bordeaux.fr 
           THIS CODE IS PROVIDED AS IS, USE IT AT YOUR OWN RISK
~~~~~~~~~~~~~~~~~~~~~~~~~~~~~~~~~~~~~~~~~~~~~~~~~~~~~~~~~~~~~~~~~~~~~~~~~~~~~~~~~~~~~
Bucket steps were recalculated for graph G_1 : [4]
RCSP solver info : symmetric case is detected for graph G_1! 
Bidirectional border value is initialised to 50
RCSP solver info : number of forw. reachable buckets / buck. strongly connected components is 1563( 93.9303% ) / 1238( 79.2067% )
Generating neighbourhoods for rank-1 cuts separation
Building structures for 4- and 5-row rank-1 packing cut separation...done!
Model is built TIME = 0h0m0s4t = 4
************************************************************************************************
**** BaB tree root node
**** Local DB = -1e+12, global bounds : [ -1e+12 , 1675.1 ], TIME = 0h0m0s4t = 4
**** 1 open nodes, 0 columns (0 active), 0 dyn. constrs. (0 active), 126 art. vars. (126 active)
************************************************************************************************
#<DWph=2> <it=  1> <et=0.05> <Mt= 0.00> <Spt= 0.00> <nCl= 30> <al=0.00> <DB=-12258387.1200> <Mlp=267345.9600> <PB=1675.1> 
#<DWph=2> <it=  2> <et=0.05> <Mt= 0.00> <Spt= 0.00> <nCl= 30> <al=0.55> <DB=-6511995.1191> <Mlp=259109.9620> <PB=1675.1> 
#<DWph=2> <it=  3> <et=0.06> <Mt= 0.00> <Spt= 0.01> <nCl= 30> <al=0.45> <DB=-12305623.5434> <Mlp=258948.4440> <PB=1675.1> 
#<DWph=2> <it=  4> <et=0.06> <Mt= 0.00> <Spt= 0.00> <nCl= 30> <al=0.51> <DB=-12173323.8247> <Mlp=250715.5200> <PB=1675.1> 
#<DWph=2> <it=  5> <et=0.07> <Mt= 0.00> <Spt= 0.01> <nCl= 30> <al=0.41> <DB=-9863221.9191> <Mlp=245846.6093> <PB=1675.1> 
#<DWph=2> <it=  6> <et=0.07> <Mt= 0.00> <Spt= 0.00> <nCl= 30> <al=0.31> <DB=-11143849.4555> <Mlp=242161.6406> <PB=1675.1> 
#<DWph=2> <it=  7> <et=0.08> <Mt= 0.00> <Spt= 0.01> <nCl= 30> <al=0.21> <DB=-6092090.8427> <Mlp=239050.2145> <PB=1675.1> 
#<DWph=2> <it=  8> <et=0.08> <Mt= 0.00> <Spt= 0.00> <nCl= 30> <al=0.28> <DB=-5831761.1859> <Mlp=228601.2446> <PB=1675.1> 
#<DWph=2> <it=  9> <et=0.09> <Mt= 0.00> <Spt= 0.00> <nCl= 30> <al=0.36> <DB=-4690867.1979> <Mlp=225461.7520> <PB=1675.1> 
#<DWph=2> <it= 10> <et=0.09> <Mt= 0.00> <Spt= 0.01> <nCl= 30> <al=0.26> <DB=-10704149.2102> <Mlp=219532.8703> <PB=1675.1> 
#<DWph=2> <it= 11> <et=0.09> <Mt= 0.00> <Spt= 0.00> <nCl= 30> <al=0.33> <DB=-4054340.3710> <Mlp=218639.3297> <PB=1675.1> 
#<DWph=2> <it= 12> <et=0.10> <Mt= 0.00> <Spt= 0.01> <nCl= 30> <al=0.40> <DB=-3174345.6895> <Mlp=212626.7986> <PB=1675.1> 
#<DWph=2> <it= 13> <et=0.10> <Mt= 0.00> <Spt= 0.00> <nCl= 30> <al=0.46> <DB=-4226325.5381> <Mlp=209722.0320> <PB=1675.1> 
#<DWph=2> <it= 14> <et=0.11> <Mt= 0.00> <Spt= 0.00> <nCl= 30> <al=0.51> <DB=-3025960.7125> <Mlp=206251.2731> <PB=1675.1> 
#<DWph=2> <it= 15> <et=0.11> <Mt= 0.00> <Spt= 0.01> <nCl= 30> <al=0.56> <DB=-2908536.5625> <Mlp=197417.4919> <PB=1675.1> 
#<DWph=2> <it= 16> <et=0.12> <Mt= 0.00> <Spt= 0.00> <nCl= 30> <al=0.60> <DB=-2266967.5896> <Mlp=189705.0793> <PB=1675.1> 
#<DWph=2> <it= 17> <et=0.12> <Mt= 0.00> <Spt= 0.01> <nCl= 30> <al=0.50> <DB=-2314219.8476> <Mlp=186722.3854> <PB=1675.1> 
#<DWph=2> <it= 18> <et=0.13> <Mt= 0.00> <Spt= 0.00> <nCl= 30> <al=0.55> <DB=-2332382.6166> <Mlp=183737.9577> <PB=1675.1> 
#<DWph=2> <it= 19> <et=0.13> <Mt= 0.00> <Spt= 0.01> <nCl= 30> <al=0.60> <DB=-1912859.9134> <Mlp=176575.5455> <PB=1675.1> 
#<DWph=2> <it= 20> <et=0.13> <Mt= 0.00> <Spt= 0.00> <nCl= 30> <al=0.50> <DB=-2182413.4505> <Mlp=164904.4145> <PB=1675.1> 
#<DWph=2> <it= 21> <et=0.14> <Mt= 0.00> <Spt= 0.00> <nCl= 30> <al=0.55> <DB=-1793135.7328> <Mlp=164468.2056> <PB=1675.1> 
#<DWph=2> <it= 22> <et=0.14> <Mt= 0.00> <Spt= 0.01> <nCl= 30> <al=0.59> <DB=-1524958.5729> <Mlp=163406.0975> <PB=1675.1> 
#<DWph=2> <it= 23> <et=0.15> <Mt= 0.00> <Spt= 0.00> <nCl= 30> <al=0.49> <DB=-1719988.7091> <Mlp=158746.0691> <PB=1675.1> 
#<DWph=2> <it= 24> <et=0.15> <Mt= 0.00> <Spt= 0.01> <nCl= 30> <al=0.54> <DB=-1565142.7896> <Mlp=156714.8643> <PB=1675.1> 
#<DWph=2> <it= 25> <et=0.16> <Mt= 0.00> <Spt= 0.00> <nCl= 30> <al=0.59> <DB=-1832831.5360> <Mlp=152554.0612> <PB=1675.1> 
#<DWph=2> <it= 26> <et=0.16> <Mt= 0.00> <Spt= 0.00> <nCl= 30> <al=0.63> <DB=-1398410.9857> <Mlp=149691.4389> <PB=1675.1> 
#<DWph=2> <it= 27> <et=0.17> <Mt= 0.00> <Spt= 0.01> <nCl= 30> <al=0.53> <DB=-1846541.3631> <Mlp=146917.9910> <PB=1675.1> 
#<DWph=2> <it= 28> <et=0.17> <Mt= 0.00> <Spt= 0.00> <nCl= 30> <al=0.58> <DB=-1416857.3837> <Mlp=142434.9229> <PB=1675.1> 
#<DWph=2> <it= 29> <et=0.17> <Mt= 0.00> <Spt= 0.00> <nCl= 30> <al=0.62> <DB=-1411458.8805> <Mlp=126627.4816> <PB=1675.1> 
#<DWph=2> <it= 30> <et=0.18> <Mt= 0.01> <Spt= 0.01> <nCl= 30> <al=0.66> <DB=-1271726.0486> <Mlp=111679.0927> <PB=1675.1> 
#<DWph=2> <it= 31> <et=0.18> <Mt= 0.00> <Spt= 0.00> <nCl= 30> <al=0.56> <DB=-1146948.0928> <Mlp=96702.3315> <PB=1675.1> 
#<DWph=2> <it= 32> <et=0.19> <Mt= 0.00> <Spt= 0.01> <nCl= 30> <al=0.60> <DB=-1057567.5875> <Mlp=61669.6322> <PB=1675.1> 
#<DWph=2> <it= 33> <et=0.19> <Mt= 0.00> <Spt= 0.00> <nCl= 30> <al=0.50> <DB=-957619.0628> <Mlp=45098.3608> <PB=1675.1> 
#<DWph=2> <it= 34> <et=0.20> <Mt= 0.00> <Spt= 0.00> <nCl= 30> <al=0.55> <DB=-871624.0075> <Mlp=14215.5809> <PB=1675.1> 
#<DWph=2> <it= 35> <et=0.21> <Mt= 0.00> <Spt= 0.01> <nCl= 30> <al=0.45> <DB=-361255.7165> <Mlp= 4663.2902> <PB=1675.1> 
#<DWph=2> <it= 36> <et=0.21> <Mt= 0.01> <Spt= 0.00> <nCl= 30> <al=0.35> <DB=-216674.0040> <Mlp= 4050.1616> <PB=1675.1> 
#<DWph=2> <it= 37> <et=0.22> <Mt= 0.00> <Spt= 0.00> <nCl= 30> <al=0.25> <DB=-12349.9573> <Mlp= 2979.4578> <PB=1675.1> 
<DWph=2> <it= 38> <et=0.22> <Mt= 0.00> <Spt= 0.01> <nCl= 30> <al=0.33> <DB=-46009.0391> <Mlp= 2727.0572> <PB=1675.1> 
<DWph=2> <it= 39> <et=0.23> <Mt= 0.00> <Spt= 0.00> <nCl= 30> <al=0.39> <DB=-3531.8015> <Mlp= 2633.9287> <PB=1675.1> 
<DWph=2> <it= 40> <et=0.23> <Mt= 0.00> <Spt= 0.00> <nCl= 30> <al=0.45> <DB=-14910.4797> <Mlp= 2545.8482> <PB=1675.1> 
<DWph=2> <it= 41> <et=0.24> <Mt= 0.00> <Spt= 0.01> <nCl= 30> <al=0.51> <DB=-7016.2513> <Mlp= 2496.8347> <PB=1675.1> 
<DWph=2> <it= 42> <et=0.24> <Mt= 0.01> <Spt= 0.00> <nCl= 30> <al=0.56> <DB=-11113.2897> <Mlp= 2351.9727> <PB=1675.1> 
<DWph=2> <it= 43> <et=0.25> <Mt= 0.00> <Spt= 0.01> <nCl= 29> <al=0.60> <DB=-1188.0166> <Mlp= 2346.0220> <PB=1675.1> 
<DWph=2> <it= 44> <et=0.25> <Mt= 0.00> <Spt= 0.00> <nCl= 30> <al=0.50> <DB=-7069.6236> <Mlp= 2290.1699> <PB=1675.1> 
<DWph=2> <it= 45> <et=0.26> <Mt= 0.00> <Spt= 0.00> <nCl= 30> <al=0.55> <DB= -914.6076> <Mlp= 2212.2334> <PB=1675.1> 
<DWph=2> <it= 46> <et=0.27> <Mt= 0.00> <Spt= 0.01> <nCl= 30> <al=0.60> <DB=-1461.7079> <Mlp= 2172.1829> <PB=1675.1> 
<DWph=2> <it= 47> <et=0.27> <Mt= 0.00> <Spt= 0.00> <nCl= 30> <al=0.64> <DB= -924.9655> <Mlp= 2099.7626> <PB=1675.1> 
<DWph=2> <it= 48> <et=0.28> <Mt= 0.00> <Spt= 0.01> <nCl= 30> <al=0.67> <DB= -736.1003> <Mlp= 2048.7610> <PB=1675.1> 
<DWph=2> <it= 49> <et=0.28> <Mt= 0.00> <Spt= 0.00> <nCl= 30> <al=0.71> <DB=   66.0123> <Mlp= 2013.8187> <PB=1675.1> 
<DWph=2> <it= 50> <et=0.29> <Mt= 0.01> <Spt= 0.00> <nCl= 27> <al=0.74> <DB=  252.3086> <Mlp= 1950.7572> <PB=1675.1> 
<DWph=2> <it= 51> <et=0.29> <Mt= 0.00> <Spt= 0.01> <nCl= 29> <al=0.76> <DB=  104.9821> <Mlp= 1904.1833> <PB=1675.1> 
<DWph=2> <it= 52> <et=0.30> <Mt= 0.00> <Spt= 0.00> <nCl= 26> <al=0.79> <DB=  320.2545> <Mlp= 1829.6112> <PB=1675.1> 
<DWph=2> <it= 53> <et=0.30> <Mt= 0.00> <Spt= 0.01> <nCl= 27> <al=0.81> <DB=  868.5335> <Mlp= 1791.9619> <PB=1675.1> 
<DWph=2> <it= 54> <et=0.31> <Mt= 0.00> <Spt= 0.00> <nCl= 30> <al=0.71> <DB=  736.0571> <Mlp= 1762.8858> <PB=1675.1> 
<DWph=2> <it= 55> <et=0.32> <Mt= 0.00> <Spt= 0.00> <nCl= 27> <al=0.74> <DB=  740.7092> <Mlp= 1731.6653> <PB=1675.1> 
<DWph=2> <it= 56> <et=0.32> <Mt= 0.01> <Spt= 0.01> <nCl= 27> <al=0.64> <DB= 1129.0164> <Mlp= 1711.1911> <PB=1675.1> 
<DWph=2> <it= 57> <et=0.33> <Mt= 0.00> <Spt= 0.00> <nCl= 29> <al=0.67> <DB=  412.4569> <Mlp= 1662.9674> <PB=1675.1> 
<DWph=2> <it= 58> <et=0.33> <Mt= 0.00> <Spt= 0.01> <nCl= 29> <al=0.71> <DB=  332.2929> <Mlp= 1637.0630> <PB=1675.1> 
<DWph=2> <it= 59> <et=0.34> <Mt= 0.00> <Spt= 0.00> <nCl= 22> <al=0.74> <DB= 1192.3712> <Mlp= 1634.1610> <PB=1675.1> 
<DWph=2> <it= 60> <et=0.34> <Mt= 0.00> <Spt= 0.00> <nCl= 27> <al=0.64> <DB= 1083.4268> <Mlp= 1629.9117> <PB=1675.1> 
<DWph=2> <it= 61> <et=0.35> <Mt= 0.00> <Spt= 0.01> <nCl= 16> <al=0.67> <DB= 1222.3453> <Mlp= 1616.0652> <PB=1675.1> 
<DWph=2> <it= 62> <et=0.35> <Mt= 0.01> <Spt= 0.00> <nCl= 26> <al=0.70> <DB= 1166.8138> <Mlp= 1607.0027> <PB=1675.1> 
<DWph=2> <it= 63> <et=0.36> <Mt= 0.00> <Spt= 0.01> <nCl= 14> <al=0.73> <DB= 1345.1740> <Mlp= 1601.5343> <PB=1675.1> 
<DWph=2> <it= 64> <et=0.36> <Mt= 0.00> <Spt= 0.00> <nCl= 20> <al=0.76> <DB= 1386.9570> <Mlp= 1599.7749> <PB=1675.1> 
<DWph=2> <it= 65> <et=0.37> <Mt= 0.00> <Spt= 0.00> <nCl= 10> <al=0.78> <DB= 1359.9818> <Mlp= 1596.0263> <PB=1675.1> 
<DWph=2> <it= 66> <et=0.37> <Mt= 0.00> <Spt= 0.01> <nCl= 10> <al=0.81> <DB= 1433.4644> <Mlp= 1591.5132> <PB=1675.1> 
<DWph=2> <it= 67> <et=0.38> <Mt= 0.00> <Spt= 0.00> <nCl= 15> <al=0.71> <DB= 1479.7540> <Mlp= 1590.9377> <PB=1675.1> 
<DWph=2> <it= 68> <et=0.38> <Mt= 0.00> <Spt= 0.00> <nCl=  8> <al=0.61> <DB= 1522.8880> <Mlp= 1589.2445> <PB=1675.1> 
<DWph=2> <it= 69> <et=0.39> <Mt= 0.00> <Spt= 0.01> <nCl= 13> <al=0.51> <DB= 1425.0358> <Mlp= 1588.8926> <PB=1675.1> 
<DWph=2> <it= 70> <et=0.39> <Mt= 0.00> <Spt= 0.00> <nCl=  6> <al=0.41> <DB= 1562.7650> <Mlp= 1588.6954> <PB=1675.1> 
<DWph=2> <it= 71> <et=0.40> <Mt= 0.00> <Spt= 0.01> <nCl= 15> <al=0.31> <DB= 1568.2405> <Mlp= 1587.9198> <PB=1675.1> 
<DWph=2> <it= 72> <et=0.40> <Mt= 0.00> <Spt= 0.00> <nCl= 15> <al=0.21> <DB= 1558.2269> <Mlp= 1587.3065> <PB=1675.1> 
<DWph=2> <it= 73> <et=0.41> <Mt= 0.01> <Spt= 0.00> <nCl=  5> <al=0.29> <DB= 1578.4353> <Mlp= 1586.7254> <PB=1675.1> 
<DWph=2> <it= 74> <et=0.41> <Mt= 0.00> <Spt= 0.01> <nCl=  4> <al=0.19> <DB= 1579.7554> <Mlp= 1586.6771> <PB=1675.1> 
<DWph=2> <it= 75> <et=0.42> <Mt= 0.00> <Spt= 0.01> <nCl=  3> <al=0.00> <DB= 1579.0858> <Mlp= 1586.6412> <PB=1675.1> 
<DWph=2> <it= 76> <et=0.42> <Mt= 0.00> <Spt= 0.00> <nCl=  4> <al=0.17> <DB= 1583.3340> <Mlp= 1586.4643> <PB=1675.1> 
<DWph=2> <it= 77> <et=0.43> <Mt= 0.00> <Spt= 0.01> <nCl=  5> <al=0.00> <DB= 1581.4367> <Mlp= 1586.4095> <PB=1675.1> 
<DWph=2> <it= 78> <et=0.44> <Mt= 0.00> <Spt= 0.00> <nCl= 10> <al=0.00> <DB= 1546.2215> <Mlp= 1586.4085> <PB=1675.1> 
<DWph=2> <it= 79> <et=0.44> <Mt= 0.00> <Spt= 0.00> <nCl=  0> <al=0.05> <DB= 1546.2215> <Mlp= 1586.1221> <PB=1675.1> 
<DWph=1> <it= 80> <et=0.45> <Mt= 0.00> <Spt= 0.01> <nCl= 29> <al=0.05> <DB= 1284.1573> <Mlp= 1586.1221> <PB=1675.1> 
<DWph=1> <it= 81> <et=0.46> <Mt= 0.00> <Spt= 0.01> <nCl= 16> <al=0.15> <DB= 1301.6038> <Mlp= 1582.3616> <PB=1675.1> 
<DWph=1> <it= 82> <et=0.47> <Mt= 0.00> <Spt= 0.01> <nCl= 11> <al=0.23> <DB= 1344.6958> <Mlp= 1580.8958> <PB=1675.1> 
<DWph=1> <it= 83> <et=0.48> <Mt= 0.00> <Spt= 0.01> <nCl=  4> <al=0.31> <DB= 1441.2154> <Mlp= 1580.0945> <PB=1675.1> 
<DWph=1> <it= 84> <et=0.49> <Mt= 0.00> <Spt= 0.00> <nCl=  5> <al=0.38> <DB= 1477.4872> <Mlp= 1579.8598> <PB=1675.1> 
<DWph=1> <it= 85> <et=0.49> <Mt= 0.00> <Spt= 0.01> <nCl=  6> <al=0.44> <DB= 1501.4060> <Mlp= 1579.5938> <PB=1675.1> 
<DWph=1> <it= 86> <et=0.50> <Mt= 0.00> <Spt= 0.01> <nCl=  4> <al=0.50> <DB= 1522.3839> <Mlp= 1579.5137> <PB=1675.1> 
<DWph=1> <it= 87> <et=0.51> <Mt= 0.00> <Spt= 0.01> <nCl=  2> <al=0.55> <DB= 1557.3200> <Mlp= 1579.2676> <PB=1675.1> 
<DWph=1> <it= 88> <et=0.52> <Mt= 0.01> <Spt= 0.01> <nCl=  3> <al=0.59> <DB= 1575.4980> <Mlp= 1579.2676> <PB=1675.1> 
<DWph=1> <it= 89> <et=0.53> <Mt= 0.00> <Spt= 0.00> <nCl=  1> <al=0.49> <DB= 1576.7124> <Mlp= 1579.2660> <PB=1675.1> 
<DWph=1> <it= 90> <et=0.54> <Mt= 0.00> <Spt= 0.02> <nCl=  7> <al=0.00> <DB= 1578.5626> <Mlp= 1579.2614> <PB=1675.1> 
<DWph=1> <it= 91> <et=0.56> <Mt= 0.00> <Spt= 0.01> <nCl=  0> <al=0.00> <DB= 1579.2614> <Mlp= 1579.2614> <PB=1675.1> 
    RCSP exact solver info for graph G_1 : TT = 0.01576, pt = 1.2e-05, dt = 0.013506, ct = 0.001911, ndl = 4', bdl = 107', odl = 2', odf = 14', bsi = 2', cnt = 8', bdch = 841', odch = 20', lcp = 32', #sols = 150
<DWph=0> <it= 92> <et=0.58> <Mt= 0.00> <Spt= 0.02> <nCl= 73> <al=0.19> <DB= 1473.3176> <Mlp= 1579.2614> <PB=1675.1> 
    RCSP exact solver info for graph G_1 : TT = 0.012347, pt = 3.3e-05, dt = 0.01006, ct = 0.001945, ndl = 4', bdl = 107', odl = 2', odf = 14', bsi = 2', cnt = 9', bdch = 840', odch = 19', lcp = 32', #sols = 150
<DWph=0> <it= 93> <et=0.59> <Mt= 0.00> <Spt= 0.01> <nCl= 15> <al=0.27> <DB= 1550.3458> <Mlp= 1579.1302> <PB=1675.1> 
    RCSP exact solver info for graph G_1 : TT = 0.012159, pt = 2.3e-05, dt = 0.00993, ct = 0.001923, ndl = 4', bdl = 106', odl = 2', odf = 14', bsi = 2', cnt = 9', bdch = 823', odch = 19', lcp = 32', #sols = 150
    RCSP exact solver info for graph G_1 : TT = 0.012114, pt = 2.2e-05, dt = 0.009898, ct = 0.001908, ndl = 4', bdl = 106', odl = 2', odf = 14', bsi = 2', cnt = 9', bdch = 821', odch = 19', lcp = 32', #sols = 150
<DWph=0> <it= 94> <et=0.62> <Mt= 0.00> <Spt= 0.03> <nCl=  6> <al=0.00> <DB= 1579.1286> <Mlp= 1579.1286> <PB=1675.1> 
Dynamic params and stats :  aver.obdmd = 23.4375 aver.buck.num. = 26
@@ 1 0 1579.13 0.0127702 0.015417 84.1071 0.62
Labels distribution in buckets (bucket size) : largest - 37, top 0.1% - 37, top 0.5% - 36, top 2% - 27, top 10% - 16, top 50% - 3
Reduced cost fixing for graph G_1... 70506 buck. arcs remain (88% from prev., 74% from max.) + 2756 jump buck. arcs (2.89% from max.)
 TT = 0.114772, pt = 0.00675, dt = 0.059371, ct = 0.048491, ndl = 19', bdl = 630', odl = 3', odf = 45', lpcb = 204', cnt = 1178', bdch = 9422', odch = 176', lcp = 256'
Labels distribution in buckets (bucket size) : largest - 49, top 0.1% - 49, top 0.5% - 36, top 2% - 30, top 10% - 17, top 50% - 3
Run forward enumeration with border = 50... not succeeded (ratio 0.975209) lpt = 0.005039, ndl = 8', dl = 0', lpcb = 3', dch = 8'
 TT = 0.007994, pt = 0.001982, dt = 0.005039, ct = 0, ndl = 8', bdl = 0', lpcb = 3', cnt = 32', bdch = 8', odch = 0', lcp = 0'
ColGenEvalAlg final dual bound: 1579.13 (rounded: 1580)
In total 2 RCC cut(s) are found by the connected components heuristic 
Shrinking heuristic shrunk 14 edges
In total 31 RCC cut(s) are found by the Fractional capacity min-cut heuristic 
In total 98 RCC cut(s) are found by the greedy construction heuristic 
----- Add fac. cuts : CAP(100), max.viol = 0.599342, aver.viol = 0.204618, sep/add took 0.0120393/0.0884367 sec. -----
2150 columns (2150 active), 100 dyn. constrs. (100 active), 226 art. vars. (226 active)
<DWph=2> <it=  1> <et=0.86> <Mt= 0.01> <Spt= 0.01> <nCl= 26> <al=0.50> <DB= 1098.5503> <Mlp= 1610.5929> <PB=1675.1> 
<DWph=2> <it=  2> <et=0.88> <Mt= 0.01> <Spt= 0.00> <nCl= 14> <al=0.55> <DB= 1350.1897> <Mlp= 1600.1005> <PB=1675.1> 
<DWph=2> <it=  3> <et=0.89> <Mt= 0.01> <Spt= 0.01> <nCl=  4> <al=0.60> <DB= 1586.5334> <Mlp= 1597.4120> <PB=1675.1> 
<DWph=2> <it=  4> <et=0.90> <Mt= 0.00> <Spt= 0.00> <nCl= 13> <al=0.50> <DB= 1588.2677> <Mlp= 1597.3446> <PB=1675.1> 
<DWph=2> <it=  5> <et=0.91> <Mt= 0.00> <Spt= 0.01> <nCl= 11> <al=0.55> <DB= 1404.8734> <Mlp= 1597.1125> <PB=1675.1> 
<DWph=2> <it=  6> <et=0.92> <Mt= 0.01> <Spt= 0.00> <nCl=  2> <al=0.59> <DB= 1590.7400> <Mlp= 1596.3123> <PB=1675.1> 
<DWph=2> <it=  7> <et=0.93> <Mt= 0.00> <Spt= 0.01> <nCl= 10> <al=0.49> <DB= 1566.0637> <Mlp= 1596.2846> <PB=1675.1> 
<DWph=2> <it=  8> <et=0.94> <Mt= 0.01> <Spt= 0.01> <nCl=  8> <al=0.39> <DB= 1591.7534> <Mlp= 1595.9549> <PB=1675.1> 
<DWph=2> <it=  9> <et=0.95> <Mt= 0.00> <Spt= 0.00> <nCl=  3> <al=0.45> <DB= 1593.4056> <Mlp= 1595.9388> <PB=1675.1> 
<DWph=2> <it= 10> <et=0.96> <Mt= 0.00> <Spt= 0.01> <nCl=  3> <al=0.00> <DB= 1595.9230> <Mlp= 1595.9230> <PB=1675.1> 
<DWph=1> <it= 11> <et=0.97> <Mt= 0.00> <Spt= 0.01> <nCl= 18> <al=0.41> <DB= 1562.5003> <Mlp= 1595.9230> <PB=1675.1> 
<DWph=1> <it= 12> <et=0.99> <Mt= 0.01> <Spt= 0.01> <nCl= 16> <al=0.47> <DB= 1579.9763> <Mlp= 1595.2271> <PB=1675.1> 
<DWph=1> <it= 13> <et=1.00> <Mt= 0.00> <Spt= 0.01> <nCl=  6> <al=0.37> <DB= 1584.5645> <Mlp= 1594.9448> <PB=1675.1> 
<DWph=1> <it= 14> <et=1.01> <Mt= 0.00> <Spt= 0.01> <nCl=  6> <al=0.43> <DB= 1592.5702> <Mlp= 1594.9061> <PB=1675.1> 
<DWph=1> <it= 15> <et=1.02> <Mt= 0.01> <Spt= 0.01> <nCl=  1> <al=0.33> <DB= 1593.7995> <Mlp= 1594.8953> <PB=1675.1> 
<DWph=1> <it= 16> <et=1.04> <Mt= 0.00> <Spt= 0.01> <nCl=  3> <al=0.00> <DB= 1594.8923> <Mlp= 1594.8923> <PB=1675.1> 
    RCSP exact solver info for graph G_1 : TT = 0.012159, pt = 1.3e-05, dt = 0.009925, ct = 0.001876, ndl = 4', bdl = 106', odl = 2', odf = 15', bsi = 2', cnt = 7', bdch = 804', odch = 24', lcp = 33', #sols = 150
<DWph=0> <it= 17> <et=1.06> <Mt= 0.00> <Spt= 0.02> <nCl= 45> <al=0.30> <DB= 1588.4134> <Mlp= 1594.8923> <PB=1675.1> 
    RCSP exact solver info for graph G_1 : TT = 0.011809, pt = 2.9e-05, dt = 0.009633, ct = 0.001837, ndl = 3', bdl = 103', odl = 2', odf = 14', bsi = 2', cnt = 7', bdch = 756', odch = 23', lcp = 31', #sols = 150
    RCSP exact solver info for graph G_1 : TT = 0.011903, pt = 2.3e-05, dt = 0.00974, ct = 0.001845, ndl = 3', bdl = 104', odl = 2', odf = 14', bsi = 2', cnt = 7', bdch = 778', odch = 23', lcp = 32', #sols = 150
<DWph=0> <it= 18> <et=1.09> <Mt= 0.00> <Spt= 0.03> <nCl= 18> <al=0.00> <DB= 1594.8890> <Mlp= 1594.8890> <PB=1675.1> 
Dynamic params and stats :  aver.obdmd = 23.4375 aver.buck.num. = 26
@@ 1 1 1594.89 0.0116187 0.011801 73.9879 1.09
Labels distribution in buckets (bucket size) : largest - 43, top 0.1% - 43, top 0.5% - 36, top 2% - 29, top 10% - 15, top 50% - 2
Reduced cost fixing for graph G_1... 69303 buck. arcs remain (98.3% from prev., 72.7% from max.) + 3091 jump buck. arcs (3.24% from max.)
 TT = 0.106129, pt = 0.006447, dt = 0.053679, ct = 0.045834, ndl = 18', bdl = 597', odl = 3', odf = 50', lpcb = 112', cnt = 1093', bdch = 8653', odch = 217', lcp = 251'
Labels distribution in buckets (bucket size) : largest - 52, top 0.1% - 52, top 0.5% - 41, top 2% - 32, top 10% - 16, top 50% - 3
Run forward enumeration with border = 50... not succeeded (ratio 0.975555) lpt = 0.00492, ndl = 8', dl = 0', lpcb = 3', dch = 9'
 TT = 0.005753, pt = 0, dt = 0.00492, ct = 0, ndl = 8', bdl = 0', lpcb = 3', cnt = 29', bdch = 9', odch = 0', lcp = 0'
ColGenEvalAlg final dual bound: 1594.89 (rounded: 1595)
Gap improvement since the last cut separation : 0.16422 (1579.13)
Current active cuts : CAP(2+19,347.408)
Shrinking heuristic shrunk 4 edges
In total 14 RCC cut(s) are found by the Fractional capacity min-cut heuristic 
In total 47 RCC cut(s) are found by the greedy construction heuristic 
In total 11 RCC cut(s) are found by the global pool greedy search heuristic 
----- Add fac. cuts : CAP(72), max.viol = 0.598773, aver.viol = 0.170043, sep/add took 0.020624/0.0839025 sec. -----
2357 columns (2357 active), 172 dyn. constrs. (94 active), 298 art. vars. (220 active)
<DWph=2> <it=  1> <et=1.33> <Mt= 0.01> <Spt= 0.01> <nCl= 15> <al=0.50> <DB= 1259.3304> <Mlp= 1610.5358> <PB=1675.1> 
<DWph=2> <it=  2> <et=1.35> <Mt= 0.01> <Spt= 0.00> <nCl=  5> <al=0.55> <DB= 1588.4401> <Mlp= 1606.3487> <PB=1675.1> 
<DWph=2> <it=  3> <et=1.36> <Mt= 0.01> <Spt= 0.01> <nCl=  2> <al=0.60> <DB= 1599.0717> <Mlp= 1606.1011> <PB=1675.1> 
<DWph=2> <it=  4> <et=1.37> <Mt= 0.00> <Spt= 0.01> <nCl= 11> <al=0.27> <DB= 1565.6453> <Mlp= 1606.1011> <PB=1675.1> 
<DWph=2> <it=  5> <et=1.38> <Mt= 0.00> <Spt= 0.00> <nCl=  6> <al=0.54> <DB= 1590.9938> <Mlp= 1605.1417> <PB=1675.1> 
<DWph=2> <it=  6> <et=1.39> <Mt= 0.01> <Spt= 0.01> <nCl=  5> <al=0.58> <DB= 1597.0071> <Mlp= 1604.9055> <PB=1675.1> 
<DWph=2> <it=  7> <et=1.41> <Mt= 0.00> <Spt= 0.01> <nCl=  5> <al=0.25> <DB= 1593.7912> <Mlp= 1604.7455> <PB=1675.1> 
<DWph=2> <it=  8> <et=1.42> <Mt= 0.01> <Spt= 0.01> <nCl=  6> <al=0.52> <DB= 1597.9120> <Mlp= 1604.7020> <PB=1675.1> 
<DWph=2> <it=  9> <et=1.42> <Mt= 0.00> <Spt= 0.00> <nCl=  2> <al=0.57> <DB= 1600.7525> <Mlp= 1604.6889> <PB=1675.1> 
<DWph=2> <it= 10> <et=1.44> <Mt= 0.01> <Spt= 0.01> <nCl=  3> <al=0.23> <DB= 1598.4895> <Mlp= 1604.5647> <PB=1675.1> 
<DWph=2> <it= 11> <et=1.45> <Mt= 0.00> <Spt= 0.01> <nCl=  2> <al=0.51> <DB= 1602.4018> <Mlp= 1604.5462> <PB=1675.1> 
<DWph=2> <it= 12> <et=1.46> <Mt= 0.00> <Spt= 0.01> <nCl=  2> <al=0.13> <DB= 1591.0350> <Mlp= 1604.5462> <PB=1675.1> 
<DWph=2> <it= 13> <et=1.47> <Mt= 0.00> <Spt= 0.01> <nCl=  2> <al=0.00> <DB= 1603.4001> <Mlp= 1604.5462> <PB=1675.1> 
<DWph=2> <it= 14> <et=1.49> <Mt= 0.01> <Spt= 0.01> <nCl=  1> <al=0.00> <DB= 1604.5462> <Mlp= 1604.5462> <PB=1675.1> 
<DWph=1> <it= 15> <et=1.50> <Mt= 0.00> <Spt= 0.01> <nCl= 10> <al=0.26> <DB= 1584.4840> <Mlp= 1604.5462> <PB=1675.1> 
<DWph=1> <it= 16> <et=1.51> <Mt= 0.00> <Spt= 0.00> <nCl=  2> <al=0.16> <DB= 1601.0097> <Mlp= 1604.2237> <PB=1675.1> 
<DWph=1> <it= 17> <et=1.53> <Mt= 0.01> <Spt= 0.02> <nCl=  3> <al=0.25> <DB= 1595.9591> <Mlp= 1604.2237> <PB=1675.1> 
<DWph=1> <it= 18> <et=1.54> <Mt= 0.00> <Spt= 0.01> <nCl=  4> <al=0.00> <DB= 1604.2237> <Mlp= 1604.2237> <PB=1675.1> 
    RCSP exact solver info for graph G_1 : TT = 0.009756, pt = 1.3e-05, dt = 0.007927, ct = 0.001445, ndl = 3', bdl = 82', odl = 2', odf = 14', bsi = 1', cnt = 5', bdch = 545', odch = 22', lcp = 21', #sols = 150
    RCSP exact solver info for graph G_1 : TT = 0.009693, pt = 2.4e-05, dt = 0.007906, ct = 0.001434, ndl = 3', bdl = 82', odl = 2', odf = 14', bsi = 1', cnt = 5', bdch = 545', odch = 22', lcp = 21', #sols = 150
<DWph=0> <it= 19> <et=1.57> <Mt= 0.00> <Spt= 0.03> <nCl= 19> <al=0.00> <DB= 1604.2237> <Mlp= 1604.2237> <PB=1675.1> 
Dynamic params and stats :  aver.obdmd = 23.4375 aver.buck.num. = 26
@@ 1 2 1604.22 0.009356 0.009372 72.7255 1.57
Labels distribution in buckets (bucket size) : largest - 36, top 0.1% - 36, top 0.5% - 31, top 2% - 24, top 10% - 12, top 50% - 2
Reduced cost fixing for graph G_1... 67178 buck. arcs remain (96.9% from prev., 70.5% from max.) + 3623 jump buck. arcs (3.8% from max.)
 TT = 0.086613, pt = 0.004705, dt = 0.039511, ct = 0.042243, ndl = 14', bdl = 448', odl = 3', odf = 49', lpcb = 98', cnt = 773', bdch = 5395', odch = 196', lcp = 160'
Labels distribution in buckets (bucket size) : largest - 38, top 0.1% - 38, top 0.5% - 32, top 2% - 26, top 10% - 13, top 50% - 2
Run forward enumeration with border = 50... not succeeded (ratio 0.974529) lpt = 0.004725, ndl = 8', dl = 0', lpcb = 3', dch = 9'
 TT = 0.005616, pt = 0, dt = 0.004725, ct = 0, ndl = 8', bdl = 0', lpcb = 3', cnt = 25', bdch = 9', odch = 0', lcp = 0'
ColGenEvalAlg final dual bound: 1604.22 (rounded: 1605)
Gap improvement since the last cut separation : 0.116376 (1594.89)
Current active cuts : CAP(27,313.198)
In total 1 RCC cut(s) are found by the connected components heuristic 
Shrinking heuristic shrunk 4 edges
In total 4 RCC cut(s) are found by the Fractional capacity min-cut heuristic 
In total 11 RCC cut(s) are found by the greedy construction heuristic 
In total 16 RCC cut(s) are found by the global pool greedy search heuristic 
----- Add fac. cuts : CAP(32), max.viol = 0.243148, aver.viol = 0.113554, sep/add took 0.0208181/0.0334236 sec. -----
2462 columns (2462 active), 126 dyn. constrs. (71 active), 330 art. vars. (197 active)
<DWph=2> <it=  1> <et=1.78> <Mt= 0.01> <Spt= 0.01> <nCl=  5> <al=0.50> <DB= 1592.9924> <Mlp= 1606.8363> <PB=1675.1> 
<DWph=2> <it=  2> <et=1.79> <Mt= 0.00> <Spt= 0.00> <nCl=  4> <al=0.55> <DB= 1598.2047> <Mlp= 1606.2000> <PB=1675.1> 
<DWph=2> <it=  3> <et=1.79> <Mt= 0.01> <Spt= 0.01> <nCl=  2> <al=0.60> <DB= 1605.0234> <Mlp= 1606.1984> <PB=1675.1> 
<DWph=2> <it=  4> <et=1.80> <Mt= 0.00> <Spt= 0.00> <nCl=  4> <al=0.50> <DB= 1602.9484> <Mlp= 1606.1980> <PB=1675.1> 
<DWph=2> <it=  5> <et=1.81> <Mt= 0.00> <Spt= 0.00> <nCl=  3> <al=0.40> <DB= 1583.0444> <Mlp= 1606.1936> <PB=1675.1> 
<DWph=2> <it=  6> <et=1.82> <Mt= 0.01> <Spt= 0.01> <nCl= 15> <al=0.00> <DB= 1571.3635> <Mlp= 1606.0721> <PB=1675.1> 
<DWph=2> <it=  7> <et=1.83> <Mt= 0.00> <Spt= 0.01> <nCl=  8> <al=0.00> <DB= 1591.3687> <Mlp= 1606.0675> <PB=1675.1> 
<DWph=2> <it=  8> <et=1.84> <Mt= 0.00> <Spt= 0.01> <nCl=  5> <al=0.26> <DB= 1600.0269> <Mlp= 1606.0642> <PB=1675.1> 
<DWph=2> <it=  9> <et=1.85> <Mt= 0.00> <Spt= 0.01> <nCl=  2> <al=0.00> <DB= 1606.0642> <Mlp= 1606.0642> <PB=1675.1> 
<DWph=1> <it= 10> <et=1.86> <Mt= 0.00> <Spt= 0.01> <nCl=  6> <al=0.23> <DB= 1594.1068> <Mlp= 1606.0642> <PB=1675.1> 
<DWph=1> <it= 11> <et=1.87> <Mt= 0.00> <Spt= 0.00> <nCl=  2> <al=0.31> <DB= 1602.3930> <Mlp= 1606.0630> <PB=1675.1> 
<DWph=1> <it= 12> <et=1.88> <Mt= 0.01> <Spt= 0.01> <nCl=  5> <al=0.21> <DB= 1605.3035> <Mlp= 1606.0630> <PB=1675.1> 
<DWph=1> <it= 13> <et=1.89> <Mt= 0.00> <Spt= 0.01> <nCl=  2> <al=0.00> <DB= 1606.0629> <Mlp= 1606.0629> <PB=1675.1> 
    RCSP exact solver info for graph G_1 : TT = 0.008978, pt = 1.3e-05, dt = 0.007248, ct = 0.001379, ndl = 2', bdl = 72', odl = 2', odf = 15', bsi = 1', cnt = 6', bdch = 469', odch = 22', lcp = 20', #sols = 150
<DWph=0> <it= 14> <et=1.91> <Mt= 0.00> <Spt= 0.02> <nCl= 32> <al=0.01> <DB= 1598.9394> <Mlp= 1606.0629> <PB=1675.1> 
    RCSP exact solver info for graph G_1 : TT = 0.009097, pt = 2.6e-05, dt = 0.007358, ct = 0.001357, ndl = 2', bdl = 73', odl = 2', odf = 15', bsi = 1', cnt = 6', bdch = 472', odch = 22', lcp = 20', #sols = 150
    RCSP exact solver info for graph G_1 : TT = 0.008845, pt = 2.4e-05, dt = 0.007157, ct = 0.001326, ndl = 2', bdl = 71', odl = 2', odf = 15', bsi = 1', cnt = 6', bdch = 456', odch = 22', lcp = 20', #sols = 150
<DWph=0> <it= 15> <et=1.93> <Mt= 0.00> <Spt= 0.02> <nCl= 12> <al=0.00> <DB= 1606.0607> <Mlp= 1606.0607> <PB=1675.1> 
Dynamic params and stats :  aver.obdmd = 23.4375 aver.buck.num. = 26
@@ 1 3 1606.06 0.00860833 0.008715 70.4955 1.93
    Full reduced cost fixing is not called (gap ratio is 0.974045)
ColGenEvalAlg final dual bound: 1606.06 (rounded: 1607)
Gap improvement since the last cut separation : 0.0259188 (1604.22)
Current active cuts : CAP(31,285.464)
Shrinking heuristic shrunk 9 edges
In total 4 RCC cut(s) are found by the Fractional capacity min-cut heuristic 
In total 9 RCC cut(s) are found by the greedy construction heuristic 
In total 10 RCC cut(s) are found by the global pool greedy search heuristic 
----- Add fac. cuts : CAP(23), max.viol = 0.246009, aver.viol = 0.100091, sep/add took 0.0165775/0.0292161 sec. -----
2569 columns (2569 active), 94 dyn. constrs. (69 active), 353 art. vars. (195 active)
<DWph=2> <it=  1> <et=2.03> <Mt= 0.01> <Spt= 0.01> <nCl=  7> <al=0.50> <DB= 1604.3510> <Mlp= 1608.5182> <PB=1675.1> 
<DWph=2> <it=  2> <et=2.04> <Mt= 0.01> <Spt= 0.01> <nCl= 19> <al=0.10> <DB= 1330.0954> <Mlp= 1608.3945> <PB=1675.1> 
<DWph=2> <it=  3> <et=2.05> <Mt= 0.00> <Spt= 0.00> <nCl=  9> <al=0.45> <DB= 1599.0348> <Mlp= 1608.3481> <PB=1675.1> 
<DWph=2> <it=  4> <et=2.06> <Mt= 0.00> <Spt= 0.01> <nCl= 10> <al=0.01> <DB= 1543.2789> <Mlp= 1608.1363> <PB=1675.1> 
<DWph=2> <it=  5> <et=2.07> <Mt= 0.00> <Spt= 0.01> <nCl=  2> <al=0.41> <DB= 1605.4435> <Mlp= 1608.1363> <PB=1675.1> 
<DWph=2> <it=  6> <et=2.08> <Mt= 0.01> <Spt= 0.00> <nCl=  5> <al=0.46> <DB= 1607.6774> <Mlp= 1608.1221> <PB=1675.1> 
<DWph=2> <it=  7> <et=2.08> <Mt= 0.00> <Spt= 0.01> <nCl=  3> <al=0.52> <DB= 1607.8916> <Mlp= 1608.1218> <PB=1675.1> 
<DWph=2> <it=  8> <et=2.09> <Mt= 0.00> <Spt= 0.00> <nCl=  3> <al=0.57> <DB= 1607.4469> <Mlp= 1608.1218> <PB=1675.1> 
<DWph=2> <it=  9> <et=2.10> <Mt= 0.00> <Spt= 0.01> <nCl=  4> <al=0.22> <DB= 1607.8109> <Mlp= 1608.1218> <PB=1675.1> 
<DWph=2> <it= 10> <et=2.11> <Mt= 0.00> <Spt= 0.01> <nCl=  3> <al=0.02> <DB= 1607.0756> <Mlp= 1608.1187> <PB=1675.1> 
<DWph=2> <it= 11> <et=2.12> <Mt= 0.01> <Spt= 0.01> <nCl=  4> <al=0.00> <DB= 1608.1187> <Mlp= 1608.1187> <PB=1675.1> 
<DWph=1> <it= 12> <et=2.13> <Mt= 0.00> <Spt= 0.00> <nCl=  2> <al=0.31> <DB= 1602.9381> <Mlp= 1608.1187> <PB=1675.1> 
<DWph=1> <it= 13> <et=2.15> <Mt= 0.00> <Spt= 0.02> <nCl=  7> <al=0.00> <DB= 1608.0990> <Mlp= 1608.0990> <PB=1675.1> 
    RCSP exact solver info for graph G_1 : TT = 0.008443, pt = 1.3e-05, dt = 0.006863, ct = 0.00123, ndl = 2', bdl = 68', odl = 2', odf = 14', bsi = 1', cnt = 5', bdch = 421', odch = 21', lcp = 18', #sols = 150
<DWph=0> <it= 14> <et=2.16> <Mt= 0.00> <Spt= 0.01> <nCl= 42> <al=0.11> <DB= 1604.2221> <Mlp= 1608.0990> <PB=1675.1> 
    RCSP exact solver info for graph G_1 : TT = 0.008464, pt = 2.5e-05, dt = 0.0069, ct = 0.001217, ndl = 2', bdl = 68', odl = 2', odf = 14', bsi = 1', cnt = 5', bdch = 421', odch = 22', lcp = 18', #sols = 150
    RCSP exact solver info for graph G_1 : TT = 0.008259, pt = 2.2e-05, dt = 0.006714, ct = 0.001195, ndl = 2', bdl = 67', odl = 2', odf = 14', bsi = 1', cnt = 5', bdch = 405', odch = 21', lcp = 17', #sols = 150
<DWph=0> <it= 15> <et=2.18> <Mt= 0.00> <Spt= 0.02> <nCl=  8> <al=0.00> <DB= 1608.0990> <Mlp= 1608.0990> <PB=1675.1> 
Dynamic params and stats :  aver.obdmd = 23.4375 aver.buck.num. = 26
@@ 1 4 1608.1 0.00803967 0.008117 70.4955 2.18
    Full reduced cost fixing is not called (gap ratio is 0.945246)
ColGenEvalAlg final dual bound: 1608.1 (rounded: 1609)
Gap improvement since the last cut separation : 0.0295232 (1606.06)
Current active cuts : CAP(32,396.41)
Shrinking heuristic shrunk 9 edges
In total 3 RCC cut(s) are found by the Fractional capacity min-cut heuristic 
In total 16 RCC cut(s) are found by the greedy construction heuristic 
In total 7 RCC cut(s) are found by the global pool greedy search heuristic 
----- Add fac. cuts : CAP(26), max.viol = 0.136991, aver.viol = 0.0549615, sep/add took 0.0167906/0.0301744 sec. -----
2697 columns (2697 active), 95 dyn. constrs. (73 active), 379 art. vars. (199 active)
<DWph=2> <it=  1> <et=2.27> <Mt= 0.01> <Spt= 0.01> <nCl= 16> <al=0.00> <DB= 1603.7128> <Mlp= 1608.5623> <PB=1675.1> 
<DWph=2> <it=  2> <et=2.27> <Mt= 0.00> <Spt= 0.01> <nCl=  5> <al=0.40> <DB= 1607.7752> <Mlp= 1608.5144> <PB=1675.1> 
<DWph=2> <it=  3> <et=2.29> <Mt= 0.00> <Spt= 0.01> <nCl=  8> <al=0.00> <DB= 1607.0567> <Mlp= 1608.5117> <PB=1675.1> 
<DWph=2> <it=  4> <et=2.30> <Mt= 0.01> <Spt= 0.01> <nCl=  3> <al=0.00> <DB= 1608.5117> <Mlp= 1608.5117> <PB=1675.1> 
<DWph=1> <it=  5> <et=2.30> <Mt= 0.00> <Spt= 0.00> <nCl=  4> <al=0.26> <DB= 1598.7355> <Mlp= 1608.5117> <PB=1675.1> 
<DWph=1> <it=  6> <et=2.32> <Mt= 0.00> <Spt= 0.01> <nCl= 10> <al=0.16> <DB= 1604.6311> <Mlp= 1608.4481> <PB=1675.1> 
<DWph=1> <it=  7> <et=2.32> <Mt= 0.00> <Spt= 0.01> <nCl=  1> <al=0.24> <DB= 1606.7768> <Mlp= 1608.4480> <PB=1675.1> 
<DWph=1> <it=  8> <et=2.34> <Mt= 0.01> <Spt= 0.01> <nCl=  0> <al=0.00> <DB= 1608.4407> <Mlp= 1608.4407> <PB=1675.1> 
    RCSP exact solver info for graph G_1 : TT = 0.008138, pt = 1.4e-05, dt = 0.00659, ct = 0.0012, ndl = 2', bdl = 65', odl = 2', odf = 15', bsi = 1', cnt = 5', bdch = 399', odch = 22', lcp = 18', #sols = 150
    RCSP exact solver info for graph G_1 : TT = 0.008123, pt = 2.2e-05, dt = 0.006582, ct = 0.001192, ndl = 2', bdl = 65', odl = 2', odf = 15', bsi = 1', cnt = 5', bdch = 399', odch = 22', lcp = 18', #sols = 150
<DWph=0> <it=  9> <et=2.36> <Mt= 0.00> <Spt= 0.02> <nCl=  7> <al=0.00> <DB= 1608.4407> <Mlp= 1608.4407> <PB=1675.1> 
Dynamic params and stats :  aver.obdmd = 23.4375 aver.buck.num. = 26
@@ 1 5 1608.44 0.007782 0.00779 70.4955 2.36
    Full reduced cost fixing is not called (gap ratio is 0.940417)
ColGenEvalAlg final dual bound: 1608.44 (rounded: 1609)
Gap improvement since the last cut separation : 0.00510111 (1608.1)
Cut generation tailing off counter increased to 1
Current active cuts : CAP(36,433.496)
Shrinking heuristic shrunk 8 edges
In total 5 RCC cut(s) are found by the greedy construction heuristic 
In total 10 RCC cut(s) are found by the global pool greedy search heuristic 
----- Add fac. cuts : CAP(15), max.viol = 0.06711, aver.viol = 0.0370812, sep/add took 0.0173393/0.01931 sec. -----
2751 columns (2751 active), 88 dyn. constrs. (67 active), 394 art. vars. (193 active)
<DWph=2> <it=  1> <et=2.43> <Mt= 0.00> <Spt= 0.01> <nCl= 10> <al=0.00> <DB= 1607.1171> <Mlp= 1608.5248> <PB=1675.1> 
<DWph=2> <it=  2> <et=2.44> <Mt= 0.00> <Spt= 0.01> <nCl=  5> <al=0.40> <DB= 1608.0522> <Mlp= 1608.5205> <PB=1675.1> 
<DWph=2> <it=  3> <et=2.45> <Mt= 0.01> <Spt= 0.01> <nCl=  7> <al=0.00> <DB= 1608.5174> <Mlp= 1608.5174> <PB=1675.1> 
<DWph=1> <it=  4> <et=2.46> <Mt= 0.00> <Spt= 0.00> <nCl=  1> <al=0.36> <DB= 1607.7380> <Mlp= 1608.5174> <PB=1675.1> 
<DWph=1> <it=  5> <et=2.48> <Mt= 0.00> <Spt= 0.02> <nCl=  9> <al=0.00> <DB= 1608.5158> <Mlp= 1608.5158> <PB=1675.1> 
    RCSP exact solver info for graph G_1 : TT = 0.007923, pt = 1.4e-05, dt = 0.006405, ct = 0.001173, ndl = 2', bdl = 63', odl = 2', odf = 15', bsi = 1', cnt = 5', bdch = 380', odch = 21', lcp = 17', #sols = 150
    RCSP exact solver info for graph G_1 : TT = 0.00807, pt = 2.2e-05, dt = 0.006508, ct = 0.001191, ndl = 2', bdl = 63', odl = 2', odf = 15', bsi = 1', cnt = 5', bdch = 380', odch = 21', lcp = 17', #sols = 150
<DWph=0> <it=  6> <et=2.50> <Mt= 0.00> <Spt= 0.02> <nCl= 10> <al=0.00> <DB= 1608.5158> <Mlp= 1608.5158> <PB=1675.1> 
Dynamic params and stats :  aver.obdmd = 23.4375 aver.buck.num. = 26
@@ 1 6 1608.52 0.0076385 0.007699 70.4955 2.5
    Full reduced cost fixing is not called (gap ratio is 0.939356)
ColGenEvalAlg final dual bound: 1608.52 (rounded: 1609)
Gap improvement since the last cut separation : 0.00112605 (1608.44)
Cut generation tailing off counter increased to 2
Current active cuts : CAP(40,419.774)
Shrinking heuristic shrunk 7 edges
In total 4 RCC cut(s) are found by the global pool greedy search heuristic 
----- Add fac. cuts : CAP(4), max.viol = 0.00360597, aver.viol = 0.00360597, sep/add took 0.0179494/0.00566342 sec. -----
2793 columns (2793 active), 71 dyn. constrs. (61 active), 398 art. vars. (187 active)
<DWph=2> <it=  1> <et=2.55> <Mt= 0.00> <Spt= 0.01> <nCl= 10> <al=0.00> <DB= 1608.5171> <Mlp= 1608.5171> <PB=1675.1> 
<DWph=1> <it=  2> <et=2.56> <Mt= 0.00> <Spt= 0.00> <nCl=  1> <al=0.40> <DB= 1608.0207> <Mlp= 1608.5171> <PB=1675.1> 
<DWph=1> <it=  3> <et=2.57> <Mt= 0.01> <Spt= 0.02> <nCl=  1> <al=0.00> <DB= 1608.5171> <Mlp= 1608.5171> <PB=1675.1> 
    RCSP exact solver info for graph G_1 : TT = 0.00828, pt = 1.3e-05, dt = 0.00672, ct = 0.001207, ndl = 2', bdl = 66', odl = 2', odf = 15', bsi = 1', cnt = 5', bdch = 408', odch = 23', lcp = 18', #sols = 150
    RCSP exact solver info for graph G_1 : TT = 0.008253, pt = 2.4e-05, dt = 0.006699, ct = 0.001197, ndl = 2', bdl = 66', odl = 2', odf = 15', bsi = 1', cnt = 5', bdch = 408', odch = 23', lcp = 18', #sols = 150
<DWph=0> <it=  4> <et=2.59> <Mt= 0.00> <Spt= 0.02> <nCl= 18> <al=0.00> <DB= 1608.5171> <Mlp= 1608.5171> <PB=1675.1> 
Dynamic params and stats :  aver.obdmd = 23.4375 aver.buck.num. = 26
@@ 1 7 1608.52 0.0079115 0.007927 70.4955 2.59
    Full reduced cost fixing is not called (gap ratio is 0.939338)
ColGenEvalAlg final dual bound: 1608.52 (rounded: 1609)
Gap improvement since the last cut separation : 1.90002e-05 (1608.52)
----- Cut separators priority level decreased to 1-----
Current active cuts : CAP(40,435.107)
Shrinking heuristic shrunk 7 edges
10 Rank-1 1-rows pack. cuts added ,  max viol. = 0.332041, aver. viol. = 0.165918
150 Rank-1 3-rows pack. cuts added ,  max viol. = 0.330481, aver. viol. = 0.114382
----- Add fac. cuts : R1C(160), max.viol = 0.393984, aver.viol = 0.125748, sep/add took 0.0184606/0.0880475 sec. -----
2823 columns (2823 active), 221 dyn. constrs. (217 active), 558 art. vars. (343 active)
<DWph=2> <it=  1> <et=2.77> <Mt= 0.04> <Spt= 0.01> <nCl= 30> <al=0.50> <DB= 1289.3222> <Mlp= 1617.0550> <PB=1675.1> 
<DWph=2> <it=  2> <et=2.86> <Mt= 0.08> <Spt= 0.01> <nCl= 30> <al=0.55> <DB=  764.6035> <Mlp= 1614.7009> <PB=1675.1> 
<DWph=2> <it=  3> <et=2.87> <Mt= 0.01> <Spt= 0.01> <nCl= 16> <al=0.60> <DB= 1586.4669> <Mlp= 1614.7009> <PB=1675.1> 
<DWph=2> <it=  4> <et=2.93> <Mt= 0.05> <Spt= 0.00> <nCl= 13> <al=0.64> <DB= 1602.3953> <Mlp= 1614.3458> <PB=1675.1> 
<DWph=2> <it=  5> <et=2.96> <Mt= 0.01> <Spt= 0.02> <nCl= 23> <al=0.34> <DB= 1475.2740> <Mlp= 1614.0513> <PB=1675.1> 
<DWph=2> <it=  6> <et=2.98> <Mt= 0.01> <Spt= 0.00> <nCl=  8> <al=0.57> <DB= 1601.9786> <Mlp= 1613.9989> <PB=1675.1> 
<DWph=2> <it=  7> <et=3.02> <Mt= 0.03> <Spt= 0.01> <nCl=  2> <al=0.61> <DB= 1611.5512> <Mlp= 1613.4959> <PB=1675.1> 
<DWph=2> <it=  8> <et=3.02> <Mt= 0.01> <Spt= 0.01> <nCl=  5> <al=0.51> <DB= 1609.6252> <Mlp= 1613.4959> <PB=1675.1> 
<DWph=2> <it=  9> <et=3.03> <Mt= 0.00> <Spt= 0.01> <nCl=  2> <al=0.56> <DB= 1611.2933> <Mlp= 1613.4959> <PB=1675.1> 
<DWph=2> <it= 10> <et=3.05> <Mt= 0.00> <Spt= 0.00> <nCl= 11> <al=0.46> <DB= 1600.8134> <Mlp= 1613.4499> <PB=1675.1> 
<DWph=2> <it= 11> <et=3.06> <Mt= 0.01> <Spt= 0.01> <nCl=  2> <al=0.52> <DB= 1589.9016> <Mlp= 1613.4465> <PB=1675.1> 
<DWph=2> <it= 12> <et=3.07> <Mt= 0.01> <Spt= 0.01> <nCl=  6> <al=0.57> <DB= 1601.8752> <Mlp= 1613.3369> <PB=1675.1> 
<DWph=2> <it= 13> <et=3.09> <Mt= 0.00> <Spt= 0.00> <nCl=  2> <al=0.61> <DB= 1612.2499> <Mlp= 1613.3369> <PB=1675.1> 
<DWph=2> <it= 14> <et=3.10> <Mt= 0.00> <Spt= 0.01> <nCl=  4> <al=0.51> <DB= 1612.0210> <Mlp= 1613.3369> <PB=1675.1> 
<DWph=2> <it= 15> <et=3.11> <Mt= 0.02> <Spt= 0.01> <nCl=  2> <al=0.56> <DB= 1612.7249> <Mlp= 1613.3242> <PB=1675.1> 
<DWph=2> <it= 16> <et=3.12> <Mt= 0.00> <Spt= 0.00> <nCl=  4> <al=0.46> <DB= 1601.1722> <Mlp= 1613.3242> <PB=1675.1> 
<DWph=2> <it= 17> <et=3.13> <Mt= 0.00> <Spt= 0.01> <nCl=  3> <al=0.51> <DB= 1604.8270> <Mlp= 1613.3217> <PB=1675.1> 
<DWph=2> <it= 18> <et=3.15> <Mt= 0.00> <Spt= 0.01> <nCl=  6> <al=0.12> <DB= 1611.6313> <Mlp= 1613.3217> <PB=1675.1> 
<DWph=2> <it= 19> <et=3.16> <Mt= 0.01> <Spt= 0.01> <nCl=  1> <al=0.46> <DB= 1610.4757> <Mlp= 1613.3217> <PB=1675.1> 
<DWph=2> <it= 20> <et=3.18> <Mt= 0.00> <Spt= 0.02> <nCl= 13> <al=0.00> <DB= 1613.3217> <Mlp= 1613.3217> <PB=1675.1> 
<DWph=1> <it= 21> <et=3.19> <Mt= 0.00> <Spt= 0.01> <nCl=  5> <al=0.41> <DB= 1595.0872> <Mlp= 1613.3217> <PB=1675.1> 
<DWph=1> <it= 22> <et=3.21> <Mt= 0.01> <Spt= 0.01> <nCl=  6> <al=0.31> <DB= 1606.1882> <Mlp= 1613.1686> <PB=1675.1> 
<DWph=1> <it= 23> <et=3.23> <Mt= 0.00> <Spt= 0.01> <nCl=  6> <al=0.38> <DB= 1607.8575> <Mlp= 1613.1636> <PB=1675.1> 
<DWph=1> <it= 24> <et=3.24> <Mt= 0.00> <Spt= 0.01> <nCl=  2> <al=0.44> <DB= 1609.7338> <Mlp= 1613.1592> <PB=1675.1> 
<DWph=1> <it= 25> <et=3.25> <Mt= 0.01> <Spt= 0.02> <nCl=  3> <al=0.50> <DB= 1610.3318> <Mlp= 1613.1592> <PB=1675.1> 
<DWph=1> <it= 26> <et=3.27> <Mt= 0.00> <Spt= 0.01> <nCl=  3> <al=0.55> <DB= 1610.9390> <Mlp= 1613.1592> <PB=1675.1> 
<DWph=1> <it= 27> <et=3.30> <Mt= 0.00> <Spt= 0.03> <nCl=  3> <al=0.00> <DB= 1613.1592> <Mlp= 1613.1592> <PB=1675.1> 
    RCSP exact solver info for graph G_1 : TT = 0.030219, pt = 0.000222, dt = 0.025683, ct = 0.003851, ndl = 4', bdl = 104', odl = 2', odf = 20', bsi = 1', cnt = 20', bdch = 833', odch = 50', lcp = 40', #sols = 150
<DWph=0> <it= 28> <et=3.35> <Mt= 0.00> <Spt= 0.04> <nCl=100> <al=0.50> <DB= 1597.6542> <Mlp= 1613.1592> <PB=1675.1> 
    RCSP exact solver info for graph G_1 : TT = 0.024252, pt = 0.000342, dt = 0.019707, ct = 0.003779, ndl = 4', bdl = 104', odl = 2', odf = 20', bsi = 1', cnt = 17', bdch = 844', odch = 50', lcp = 38', #sols = 150
<DWph=0> <it= 29> <et=3.38> <Mt= 0.01> <Spt= 0.03> <nCl= 19> <al=0.50> <DB= 1605.4771> <Mlp= 1613.1569> <PB=1675.1> 
    RCSP exact solver info for graph G_1 : TT = 0.023974, pt = 0.000294, dt = 0.01954, ct = 0.003737, ndl = 4', bdl = 104', odl = 2', odf = 20', bsi = 1', cnt = 16', bdch = 855', odch = 48', lcp = 37', #sols = 150
<DWph=0> <it= 30> <et=3.42> <Mt= 0.00> <Spt= 0.03> <nCl= 21> <al=0.40> <DB= 1610.1204> <Mlp= 1613.1569> <PB=1675.1> 
    RCSP exact solver info for graph G_1 : TT = 0.023656, pt = 0.000296, dt = 0.019281, ct = 0.003673, ndl = 4', bdl = 102', odl = 2', odf = 20', bsi = 1', cnt = 15', bdch = 825', odch = 47', lcp = 35', #sols = 150
<DWph=0> <it= 31> <et=3.45> <Mt= 0.00> <Spt= 0.03> <nCl= 12> <al=0.30> <DB= 1612.0452> <Mlp= 1613.1569> <PB=1675.1> 
    RCSP exact solver info for graph G_1 : TT = 0.023248, pt = 0.000303, dt = 0.018944, ct = 0.003614, ndl = 3', bdl = 100', odl = 2', odf = 19', bsi = 1', cnt = 15', bdch = 798', odch = 46', lcp = 34', #sols = 150
    RCSP exact solver info for graph G_1 : TT = 0.022479, pt = 0.000259, dt = 0.018235, ct = 0.003604, ndl = 3', bdl = 98', odl = 2', odf = 19', bsi = 1', cnt = 14', bdch = 774', odch = 45', lcp = 33', #sols = 150
<DWph=0> <it= 32> <et=3.50> <Mt= 0.01> <Spt= 0.05> <nCl=  2> <al=0.00> <DB= 1613.1569> <Mlp= 1613.1569> <PB=1675.1> 
Dynamic params and stats :  aver.obdmd = 23.4375 aver.buck.num. = 26 nbR1C = 27 with avMem = 7.33333
@@ 1 8 1613.16 0.0239413 0.029534 70.4955 3.5
Labels distribution in buckets (bucket size) : largest - 53, top 0.1% - 53, top 0.5% - 47, top 2% - 32, top 10% - 16, top 50% - 2
Reduced cost fixing for graph G_1... 65616 buck. arcs remain (97.7% from prev., 68.9% from max.) + 4088 jump buck. arcs (4.29% from max.)
 TT = 0.15663, pt = 0.00927, dt = 0.07315, ct = 0.073947, ndl = 17', bdl = 534', odl = 4', odf = 71', lpcb = 100', cnt = 885', bdch = 7084', odch = 424', lcp = 274'
Labels distribution in buckets (bucket size) : largest - 68, top 0.1% - 68, top 0.5% - 48, top 2% - 34, top 10% - 16, top 50% - 2
Run forward enumeration with border = 50... not succeeded (ratio 0.973668) lpt = 0.005847, ndl = 8', dl = 0', lpcb = 3', dch = 8'
 TT = 0.006995, pt = 0, dt = 0.005847, ct = 0, ndl = 8', bdl = 0', lpcb = 3', cnt = 24', bdch = 8', odch = 0', lcp = 0'
ColGenEvalAlg final dual bound: 1613.16 (rounded: 1614)
Gap improvement since the last cut separation : 0.0696844 (1608.52)
Current active cuts : CAP(30,393.626) R1C(7+20,38.1309) 1rowPackR1C(7) 3rowPackR1C(20)
Shrinking heuristic shrunk 10 edges
In total 1 RCC cut(s) are found by the Fractional capacity min-cut heuristic 
In total 2 RCC cut(s) are found by the greedy construction heuristic 
In total 10 RCC cut(s) are found by the global pool greedy search heuristic 
5 Rank-1 1-rows pack. cuts added ,  max viol. = 0.22221, aver. viol. = 0.136753
114 Rank-1 3-rows pack. cuts added ,  max viol. = 0.273506, aver. viol. = 0.0913303
Building structures for heuristic rank-1 packing cut separation...done!
85 Rank-1 4-rows pack. cuts added ,  max viol. = 0.323515, aver. viol. = 0.123163
100 Rank-1 5-rows pack. cuts added ,  max viol. = 0.402363, aver. viol. = 0.289143
----- Add fac. cuts : CAP(13) R1C(304), max.viol = 0.402363, aver.viol = 0.166763, sep/add took 0.422826/0.221084 sec. -----
3188 columns (3188 active), 534 dyn. constrs. (388 active), 875 art. vars. (514 active)
<DWph=2> <it=  1> <et=4.37> <Mt= 0.04> <Spt= 0.01> <nCl= 15> <al=0.50> <DB= 1589.0050> <Mlp= 1617.3766> <PB=1675.1> 
<DWph=2> <it=  2> <et=4.40> <Mt= 0.01> <Spt= 0.01> <nCl=  6> <al=0.55> <DB= 1611.0031> <Mlp= 1617.0393> <PB=1675.1> 
<DWph=2> <it=  3> <et=4.41> <Mt= 0.01> <Spt= 0.01> <nCl=  2> <al=0.60> <DB= 1614.6656> <Mlp= 1616.8822> <PB=1675.1> 
<DWph=2> <it=  4> <et=4.43> <Mt= 0.01> <Spt= 0.01> <nCl=  5> <al=0.64> <DB= 1613.7088> <Mlp= 1616.6987> <PB=1675.1> 
<DWph=2> <it=  5> <et=4.45> <Mt= 0.01> <Spt= 0.00> <nCl=  7> <al=0.67> <DB= 1611.7186> <Mlp= 1616.6769> <PB=1675.1> 
<DWph=2> <it=  6> <et=4.48> <Mt= 0.00> <Spt= 0.03> <nCl= 11> <al=0.00> <DB= 1610.4404> <Mlp= 1616.4782> <PB=1675.1> 
<DWph=2> <it=  7> <et=4.49> <Mt= 0.01> <Spt= 0.01> <nCl=  4> <al=0.21> <DB= 1615.3978> <Mlp= 1616.4744> <PB=1675.1> 
<DWph=2> <it=  8> <et=4.52> <Mt= 0.00> <Spt= 0.02> <nCl=  2> <al=0.00> <DB= 1616.4744> <Mlp= 1616.4744> <PB=1675.1> 
<DWph=1> <it=  9> <et=4.54> <Mt= 0.00> <Spt= 0.02> <nCl= 18> <al=0.40> <DB= 1595.8292> <Mlp= 1616.4744> <PB=1675.1> 
<DWph=1> <it= 10> <et=4.57> <Mt= 0.01> <Spt= 0.01> <nCl=  5> <al=0.30> <DB= 1603.7321> <Mlp= 1616.2366> <PB=1675.1> 
<DWph=1> <it= 11> <et=4.60> <Mt= 0.02> <Spt= 0.02> <nCl= 10> <al=0.20> <DB= 1603.3716> <Mlp= 1616.0836> <PB=1675.1> 
<DWph=1> <it= 12> <et=4.63> <Mt= 0.00> <Spt= 0.03> <nCl= 10> <al=0.00> <DB= 1606.7296> <Mlp= 1616.0836> <PB=1675.1> 
<DWph=1> <it= 13> <et=4.66> <Mt= 0.02> <Spt= 0.01> <nCl= 11> <al=0.18> <DB= 1595.3686> <Mlp= 1615.9198> <PB=1675.1> 
<DWph=1> <it= 14> <et=4.68> <Mt= 0.01> <Spt= 0.02> <nCl=  2> <al=0.27> <DB= 1612.7842> <Mlp= 1615.8592> <PB=1675.1> 
<DWph=1> <it= 15> <et=4.70> <Mt= 0.00> <Spt= 0.01> <nCl=  1> <al=0.17> <DB= 1615.1319> <Mlp= 1615.8592> <PB=1675.1> 
<DWph=1> <it= 16> <et=4.72> <Mt= 0.00> <Spt= 0.02> <nCl=  1> <al=0.25> <DB= 1615.0503> <Mlp= 1615.8585> <PB=1675.1> 
<DWph=1> <it= 17> <et=4.75> <Mt= 0.01> <Spt= 0.02> <nCl=  2> <al=0.00> <DB= 1615.8585> <Mlp= 1615.8585> <PB=1675.1> 
    RCSP exact solver info for graph G_1 : TT = 0.025631, pt = 0.000353, dt = 0.020861, ct = 0.004046, ndl = 4', bdl = 102', odl = 2', odf = 20', bsi = 1', cnt = 20', bdch = 818', odch = 47', lcp = 35', #sols = 150
<DWph=0> <it= 18> <et=4.78> <Mt= 0.00> <Spt= 0.04> <nCl= 46> <al=0.22> <DB= 1595.4669> <Mlp= 1615.8585> <PB=1675.1> 
    RCSP exact solver info for graph G_1 : TT = 0.026086, pt = 0.00048, dt = 0.021185, ct = 0.004028, ndl = 4', bdl = 101', odl = 2', odf = 20', bsi = 1', cnt = 18', bdch = 818', odch = 48', lcp = 36', #sols = 150
    RCSP exact solver info for graph G_1 : TT = 0.025442, pt = 0.000391, dt = 0.020765, ct = 0.003948, ndl = 4', bdl = 102', odl = 2', odf = 20', bsi = 1', cnt = 16', bdch = 831', odch = 49', lcp = 35', #sols = 150
<DWph=0> <it= 19> <et=4.86> <Mt= 0.01> <Spt= 0.07> <nCl= 90> <al=0.00> <DB= 1612.3872> <Mlp= 1615.8087> <PB=1675.1> 
    RCSP exact solver info for graph G_1 : TT = 0.025366, pt = 0.000433, dt = 0.020662, ct = 0.003901, ndl = 4', bdl = 100', odl = 2', odf = 20', bsi = 1', cnt = 16', bdch = 801', odch = 48', lcp = 34', #sols = 150
<DWph=0> <it= 20> <et=4.90> <Mt= 0.00> <Spt= 0.03> <nCl= 38> <al=0.20> <DB= 1615.1175> <Mlp= 1615.8082> <PB=1675.1> 
    RCSP exact solver info for graph G_1 : TT = 0.025329, pt = 0.000447, dt = 0.020603, ct = 0.00388, ndl = 4', bdl = 100', odl = 2', odf = 20', bsi = 1', cnt = 15', bdch = 795', odch = 47', lcp = 34', #sols = 150
    RCSP exact solver info for graph G_1 : TT = 0.025086, pt = 0.000395, dt = 0.020409, ct = 0.0039, ndl = 4', bdl = 100', odl = 2', odf = 20', bsi = 1', cnt = 16', bdch = 790', odch = 46', lcp = 34', #sols = 150
<DWph=0> <it= 21> <et=4.96> <Mt= 0.00> <Spt= 0.06> <nCl= 31> <al=0.00> <DB= 1615.8082> <Mlp= 1615.8082> <PB=1675.1> 
Dynamic params and stats :  aver.obdmd = 23.4375 aver.buck.num. = 26 nbR1C = 43 with avMem = 7.55814
@@ 1 9 1615.81 0.024698 0.025213 68.8564 4.96
    Full reduced cost fixing is not called (gap ratio is 0.957128)
ColGenEvalAlg final dual bound: 1615.81 (rounded: 1616)
Gap improvement since the last cut separation : 0.0428028 (1613.16)
Current active cuts : CAP(29,333.776) R1C(10+33,51.7216) 1rowPackR1C(10) 3rowPackR1C(22) 4rowPackR1C(9) 5rowPackR1C(2)
Shrinking heuristic shrunk 6 edges
In total 4 RCC cut(s) are found by the Fractional capacity min-cut heuristic 
In total 8 RCC cut(s) are found by the greedy construction heuristic 
In total 9 RCC cut(s) are found by the global pool greedy search heuristic 
5 Rank-1 1-rows pack. cuts added ,  max viol. = 0.212916, aver. viol. = 0.073365
112 Rank-1 3-rows pack. cuts added ,  max viol. = 0.125534, aver. viol. = 0.0454563
Building structures for heuristic rank-1 packing cut separation...done!
100 Rank-1 4-rows pack. cuts added ,  max viol. = 0.125534, aver. viol. = 0.0579127
100 Rank-1 5-rows pack. cuts added ,  max viol. = 0.197874, aver. viol. = 0.106871
----- Add fac. cuts : CAP(21) R1C(317), max.viol = 0.258419, aver.viol = 0.0707066, sep/add took 0.580954/0.261058 sec. -----
3505 columns (3505 active), 726 dyn. constrs. (428 active), 1213 art. vars. (554 active)
<DWph=2> <it=  1> <et=5.89> <Mt= 0.05> <Spt= 0.01> <nCl=  4> <al=0.50> <DB= 1608.0090> <Mlp= 1617.2890> <PB=1675.1> 
<DWph=2> <it=  2> <et=5.91> <Mt= 0.01> <Spt= 0.01> <nCl=  3> <al=0.55> <DB= 1612.2034> <Mlp= 1617.2890> <PB=1675.1> 
<DWph=2> <it=  3> <et=6.65> <Mt= 0.74> <Spt= 0.00> <nCl=  0> <al=0.60> <DB= 1615.8082> <Mlp= 1616.0000> <PB=1616> 
ColGenEvalAlg final dual bound: 1615.81 (rounded: 1616)
Gap improvement since the last cut separation : 1 (1615.81)
Current active cuts : CAP(33,550.013) R1C(11+61,201.335) 1rowPackR1C(11) 3rowPackR1C(29) 4rowPackR1C(22) 5rowPackR1C(10)
New model incumbent solution 1616, TIME = 0h0m6s66t = 666
************************************************************************************************
Search is finished, global bounds : [ 1616 , 1616 ], TIME = 0h0m6s66t = 666
************************************************************************************************
Built-in heuristic is disabled
instance_name solver_name ext_heuristic solution_value solution_time best_lb root_lb root_time nb_branch_and_bound_nodes status
/home/logis/Downloads/VRPSolverEasy/VRPSolverEasy/demos/data/CVRP/A-n63-k9 CPLEX False 1616.0000000000011 6.669144351 1616.0 1616.0 6.666309989 1 0

