Node memory for rank-1 cuts will be used (3.62764)
~~~~~~~~~~~~~~~~~~~~~~~~~~~~~~~~~~~~~~~~~~~~~~~~~~~~~~~~~~~~~~~~~~~~~~~~~~~~~~~~~~~~~
VRPSolver v0.5.27, 24/02/2023, © Inria Bordeaux, France, vrpsolver.math.u-bordeaux.fr
      Corresponds to the solver by Pessoa, Sadykov, Uchoa and Vanderbeck (2020)
                 Paper: dx.doi.org/10.1007/s10107-020-01523-z
~~~~~~~~~~~~~~~~~~~~~~~~~~~~~~~~~~~~~~~~~~~~~~~~~~~~~~~~~~~~~~~~~~~~~~~~~~~~~~~~~~~~~
   BaPCod v0.77, 15/03/2023, © Inria Bordeaux, France, bapcod.math.u-bordeaux.fr 
           THIS CODE IS PROVIDED AS IS, USE IT AT YOUR OWN RISK
~~~~~~~~~~~~~~~~~~~~~~~~~~~~~~~~~~~~~~~~~~~~~~~~~~~~~~~~~~~~~~~~~~~~~~~~~~~~~~~~~~~~~
Bucket steps were recalculated for graph G_1 : [3]
RCSP solver info : symmetric case is detected for graph G_1! 
Bidirectional border value is initialised to 35
RCSP solver info : number of forw. reachable buckets / buck. strongly connected components is 1169( 86.9792% ) / 1169( 100% )
Generating neighbourhoods for rank-1 cuts separation
Building structures for 4- and 5-row rank-1 packing cut separation...done!
Model is built TIME = 0h0m0s1t = 1
************************************************************************************************
**** BaB tree root node
**** Local DB = -1e+12, global bounds : [ -1e+12 , 941.1 ], TIME = 0h0m0s1t = 1
**** 1 open nodes, 0 columns (0 active), 0 dyn. constrs. (0 active), 110 art. vars. (110 active)
************************************************************************************************
#<DWph=2> <it=  1> <et=0.02> <Mt= 0.00> <Spt= 0.00> <nCl= 30> <al=0.00> <DB=-1222070.6400> <Mlp=138906.3600> <PB=941.1> 
#<DWph=2> <it=  2> <et=0.02> <Mt= 0.00> <Spt= 0.00> <nCl= 30> <al=0.55> <DB=-781184.7880> <Mlp=131109.1200> <PB=941.1> 
#<DWph=2> <it=  3> <et=0.02> <Mt= 0.00> <Spt= 0.00> <nCl= 30> <al=0.45> <DB=-624340.0424> <Mlp=126240.0667> <PB=941.1> 
#<DWph=2> <it=  4> <et=0.03> <Mt= 0.00> <Spt= 0.00> <nCl= 30> <al=0.51> <DB=-625880.7914> <Mlp=113248.3333> <PB=941.1> 
#<DWph=2> <it=  5> <et=0.03> <Mt= 0.00> <Spt= 0.01> <nCl= 30> <al=0.55> <DB=-527946.2698> <Mlp=95092.0681> <PB=941.1> 
#<DWph=2> <it=  6> <et=0.03> <Mt= 0.00> <Spt= 0.00> <nCl= 30> <al=0.60> <DB=-483011.6824> <Mlp=91586.1784> <PB=941.1> 
#<DWph=2> <it=  7> <et=0.03> <Mt= 0.00> <Spt= 0.00> <nCl= 30> <al=0.50> <DB=-420936.1071> <Mlp=69395.6009> <PB=941.1> 
#<DWph=2> <it=  8> <et=0.03> <Mt= 0.00> <Spt= 0.00> <nCl= 30> <al=0.55> <DB=-342391.1996> <Mlp=59512.6417> <PB=941.1> 
#<DWph=2> <it=  9> <et=0.04> <Mt= 0.00> <Spt= 0.00> <nCl= 30> <al=0.59> <DB=-350132.8690> <Mlp=41692.1852> <PB=941.1> 
#<DWph=2> <it= 10> <et=0.04> <Mt= 0.00> <Spt= 0.01> <nCl= 30> <al=0.63> <DB=-258812.8292> <Mlp=28019.5186> <PB=941.1> 
#<DWph=2> <it= 11> <et=0.04> <Mt= 0.00> <Spt= 0.00> <nCl= 30> <al=0.53> <DB=-237348.3645> <Mlp=14028.6832> <PB=941.1> 
<DWph=2> <it= 12> <et=0.05> <Mt= 0.00> <Spt= 0.00> <nCl= 23> <al=0.43> <DB=-105274.7233> <Mlp= 1407.1097> <PB=941.1> 
<DWph=2> <it= 13> <et=0.05> <Mt= 0.00> <Spt= 0.00> <nCl= 12> <al=0.33> <DB=-34387.4708> <Mlp= 1282.5177> <PB=941.1> 
<DWph=2> <it= 14> <et=0.05> <Mt= 0.00> <Spt= 0.00> <nCl= 25> <al=0.23> <DB=-7863.2503> <Mlp= 1240.8018> <PB=941.1> 
<DWph=2> <it= 15> <et=0.05> <Mt= 0.00> <Spt= 0.01> <nCl= 30> <al=0.13> <DB=-3271.1078> <Mlp= 1164.1197> <PB=941.1> 
<DWph=2> <it= 16> <et=0.06> <Mt= 0.00> <Spt= 0.00> <nCl= 30> <al=0.22> <DB=-2278.0508> <Mlp= 1112.2857> <PB=941.1> 
<DWph=2> <it= 17> <et=0.06> <Mt= 0.00> <Spt= 0.00> <nCl= 30> <al=0.30> <DB= -987.4358> <Mlp= 1069.8391> <PB=941.1> 
<DWph=2> <it= 18> <et=0.06> <Mt= 0.01> <Spt= 0.00> <nCl= 30> <al=0.20> <DB= -265.2465> <Mlp= 1018.3198> <PB=941.1> 
<DWph=2> <it= 19> <et=0.07> <Mt= 0.00> <Spt= 0.00> <nCl= 30> <al=0.28> <DB=  127.2285> <Mlp=  968.4571> <PB=941.1> 
<DWph=2> <it= 20> <et=0.07> <Mt= 0.00> <Spt= 0.01> <nCl= 26> <al=0.35> <DB=  355.9816> <Mlp=  947.1857> <PB=941.1> 
<DWph=2> <it= 21> <et=0.07> <Mt= 0.00> <Spt= 0.00> <nCl= 16> <al=0.42> <DB=  667.6542> <Mlp=  938.8869> <PB=941.1> 
<DWph=2> <it= 22> <et=0.07> <Mt= 0.00> <Spt= 0.00> <nCl= 17> <al=0.32> <DB=  820.7328> <Mlp=  937.2100> <PB=941.1> 
<DWph=2> <it= 23> <et=0.08> <Mt= 0.00> <Spt= 0.00> <nCl= 10> <al=0.38> <DB=  868.6917> <Mlp=  935.1142> <PB=941.1> 
<DWph=2> <it= 24> <et=0.08> <Mt= 0.00> <Spt= 0.00> <nCl= 10> <al=0.00> <DB=  925.8016> <Mlp=  934.9683> <PB=941.1> 
<DWph=2> <it= 25> <et=0.08> <Mt= 0.00> <Spt= 0.01> <nCl=  2> <al=0.00> <DB=  934.9683> <Mlp=  934.9683> <PB=941.1> 
<DWph=1> <it= 26> <et=0.09> <Mt= 0.00> <Spt= 0.00> <nCl=  3> <al=0.08> <DB=  765.0212> <Mlp=  934.9683> <PB=941.1> 
<DWph=1> <it= 27> <et=0.09> <Mt= 0.00> <Spt= 0.00> <nCl=  0> <al=0.00> <DB=  934.9683> <Mlp=  934.9683> <PB=941.1> 
    RCSP exact solver info for graph G_1 : TT = 0.00224, pt = 9e-06, dt = 0.001622, ct = 0.000444, ndl = 0', bdl = 3', odl = 0', odf = 4', bsi = 1', cnt = 1', bdch = 10', odch = 1', lcp = 0', #sols = 150
<DWph=0> <it= 28> <et=0.09> <Mt= 0.00> <Spt= 0.01> <nCl= 52> <al=0.00> <DB=  934.9683> <Mlp=  934.9683> <PB=941.1> 
Dynamic params and stats :  aver.obdmd = 19.8929 aver.buck.num. = 24
@@ 1 0 934.968 0.002066 0.002066 69.5471 0.09
Labels distribution in buckets (bucket size) : largest - 8, top 0.1% - 8, top 0.5% - 7, top 2% - 5, top 10% - 3, top 50% - 1
Reduced cost fixing for graph G_1... 3249 buck. arcs remain (7.56% from prev., 5.25% from max.) + 2911 jump buck. arcs (4.71% from max.)
 TT = 0.006448, pt = 0.001073, dt = 0.001667, ct = 0.003618, ndl = 2', bdl = 19', odl = 1', odf = 12', lpcb = 55', cnt = 4', bdch = 102', odch = 16', lcp = 7'
Labels distribution in buckets (bucket size) : largest - 8, top 0.1% - 8, top 0.5% - 7, top 2% - 6, top 10% - 3, top 50% - 1
Run forward enumeration with border = 35... succeeded! lpt = 0.002867, ndl = 0', dl = 0', lpcb = 2', dch = 1'
Run enumeration concatenation with time limit 0.3 sec.... succeeded!
Sorting and storing enumerated solutions ... done!
 TT = 0.006176, pt = 0.00198, dt = 0.002867, ct = 0.000302, ndl = 0', bdl = 0', lpcb = 2', cnt = 1', bdch = 1', odch = 0', lcp = 0'
Enumeration succeeded!, number of elem. solutions is 389
Estimating inspection time...     TT = 0.000104, performed by inspection with 389 solutions, nbR1C = 0, nbDiscC = 0
Inspection time is low enough. Pricing will be done by inspection.
Added 234 columns in the formulation 
Removed 442 columns (not in the enumerated set) from the formulation
Regenerated 234 columns with the 'enumerated' flag
<DWph=2> <it= 29> <et=0.11> <Mt= 0.00> <Spt= 0.00> <nCl=  0> <al=0.00> <DB=  935.0238> <Mlp=  935.0238> <PB=941.1> 
<DWph=1> <it= 30> <et=0.11> <Mt= 0.00> <Spt= 0.00> <nCl=  0> <al=0.00> <DB=  935.0238> <Mlp=  935.0238> <PB=941.1> 
    TT = 3.5e-05, performed by inspection with 389 solutions, nbR1C = 0, nbDiscC = 0
<DWph=0> <it= 31> <et=0.11> <Mt= 0.00> <Spt= 0.00> <nCl= 75> <al=0.30> <DB=  667.8810> <Mlp=  935.0238> <PB=941.1> 
    TT = 3.3e-05, performed by inspection with 389 solutions, nbR1C = 0, nbDiscC = 0
    TT = 3.2e-05, performed by inspection with 389 solutions, nbR1C = 0, nbDiscC = 0
<DWph=0> <it= 32> <et=0.12> <Mt= 0.00> <Spt= 0.00> <nCl= 11> <al=0.00> <DB=  935.0238> <Mlp=  935.0238> <PB=941.1> 
Dynamic params and stats :  aver.obdmd = 19.8929 aver.buck.num. = 24
@@ 1 0 935.024 3.33333e-05 3.5e-05 0 0.12
Reduced cost fixing for graph G_1...  took 0 sec., done by inspection with 389 solutions, remains 320 (82.3%)
Removed 23 columns (not in the enumerated set) from the formulation
    Full reduced cost fixing is not called (gap ratio is 0.990789)
ColGenEvalAlg final dual bound: 935.024 (rounded: 936)
In total 8 RCC cut(s) are found by the connected components heuristic 
Shrinking heuristic shrunk 14 edges
In total 16 RCC cut(s) are found by the Fractional capacity min-cut heuristic 
In total 33 RCC cut(s) are found by the greedy construction heuristic 
----- Add fac. cuts : CAP(57), max.viol = 0.5, aver.viol = 0.229114, sep/add took 0.00576282/0.00324933 sec. -----
297 columns (297 active), 57 dyn. constrs. (57 active), 167 art. vars. (167 active)
<DWph=2> <it=  1> <et=0.13> <Mt= 0.00> <Spt= 0.00> <nCl=  0> <al=0.00> <DB=  937.3056> <Mlp=  937.3056> <PB=941.1> 
<DWph=1> <it=  2> <et=0.13> <Mt= 0.00> <Spt= 0.00> <nCl=  0> <al=0.00> <DB=  937.3056> <Mlp=  937.3056> <PB=941.1> 
    TT = 3.7e-05, performed by inspection with 320 solutions, nbR1C = 0, nbDiscC = 0
    TT = 3.6e-05, performed by inspection with 320 solutions, nbR1C = 0, nbDiscC = 0
<DWph=0> <it=  3> <et=0.13> <Mt= 0.00> <Spt= 0.00> <nCl= 20> <al=0.00> <DB=  937.3056> <Mlp=  937.3056> <PB=941.1> 
Dynamic params and stats :  aver.obdmd = 19.8929 aver.buck.num. = 24
@@ 1 1 937.306 3.65e-05 3.7e-05 0 0.13
Reduced cost fixing for graph G_1...  took 0 sec., done by inspection with 320 solutions, remains 200 (62.5%)
Removed 34 columns (not in the enumerated set) from the formulation
ColGenEvalAlg final dual bound: 937.306 (rounded: 938)
Gap improvement since the last cut separation : 0.375522 (935.024)
Current active cuts : CAP(8,54.6759)
Shrinking heuristic shrunk 11 edges
In total 5 RCC cut(s) are found by the Fractional capacity min-cut heuristic 
In total 5 RCC cut(s) are found by the greedy construction heuristic 
In total 1 RCC cut(s) are found by the global pool greedy search heuristic 
----- Add fac. cuts : CAP(11), max.viol = 0.5, aver.viol = 0.272727, sep/add took 0.00641783/0.000425638 sec. -----
317 columns (283 active), 68 dyn. constrs. (27 active), 178 art. vars. (137 active)
<DWph=2> <it=  1> <et=0.14> <Mt= 0.00> <Spt= 0.01> <nCl=  0> <al=0.00> <DB=  938.0541> <Mlp=  938.0541> <PB=941.1> 
<DWph=1> <it=  2> <et=0.14> <Mt= 0.00> <Spt= 0.00> <nCl=  0> <al=0.00> <DB=  938.0541> <Mlp=  938.0541> <PB=941.1> 
    TT = 3.2e-05, performed by inspection with 200 solutions, nbR1C = 0, nbDiscC = 0
    TT = 3.2e-05, performed by inspection with 200 solutions, nbR1C = 0, nbDiscC = 0
<DWph=0> <it=  3> <et=0.14> <Mt= 0.00> <Spt= 0.00> <nCl=  3> <al=0.00> <DB=  938.0541> <Mlp=  938.0541> <PB=941.1> 
Dynamic params and stats :  aver.obdmd = 19.8929 aver.buck.num. = 24
@@ 1 2 938.054 3.2e-05 3.2e-05 0 0.14
Reduced cost fixing for graph G_1...  took 0 sec., done by inspection with 200 solutions, remains 156 (78%)
Removed 32 columns (not in the enumerated set) from the formulation
ColGenEvalAlg final dual bound: 938.054 (rounded: 939)
Gap improvement since the last cut separation : 0.197262 (937.306)
Current active cuts : CAP(10,78.7928)
Shrinking heuristic shrunk 6 edges
In total 5 RCC cut(s) are found by the Fractional capacity min-cut heuristic 
In total 4 RCC cut(s) are found by the greedy construction heuristic 
In total 6 RCC cut(s) are found by the global pool greedy search heuristic 
----- Add fac. cuts : CAP(15), max.viol = 0.324324, aver.viol = 0.129129, sep/add took 0.0107756/0.000348257 sec. -----
286 columns (254 active), 42 dyn. constrs. (32 active), 193 art. vars. (142 active)
<DWph=2> <it=  1> <et=0.16> <Mt= 0.00> <Spt= 0.00> <nCl=  0> <al=0.00> <DB=  938.6926> <Mlp=  938.6926> <PB=941.1> 
<DWph=1> <it=  2> <et=0.16> <Mt= 0.00> <Spt= 0.00> <nCl=  0> <al=0.00> <DB=  938.6926> <Mlp=  938.6926> <PB=941.1> 
    TT = 2.6e-05, performed by inspection with 156 solutions, nbR1C = 0, nbDiscC = 0
    TT = 2.6e-05, performed by inspection with 156 solutions, nbR1C = 0, nbDiscC = 0
<DWph=0> <it=  3> <et=0.16> <Mt= 0.00> <Spt= 0.00> <nCl=  0> <al=0.00> <DB=  938.6926> <Mlp=  938.6926> <PB=941.1> 
Dynamic params and stats :  aver.obdmd = 19.8929 aver.buck.num. = 24
@@ 1 3 938.693 2.6e-05 2.6e-05 0 0.16
Reduced cost fixing for graph G_1...  took 0 sec., done by inspection with 156 solutions, remains 139 (89.1%)
Removed 19 columns (not in the enumerated set) from the formulation
ColGenEvalAlg final dual bound: 938.693 (rounded: 939)
Gap improvement since the last cut separation : 0.209651 (938.054)
Current active cuts : CAP(14,108.509)
Shrinking heuristic shrunk 7 edges
In total 1 RCC cut(s) are found by the Fractional capacity min-cut heuristic 
In total 6 RCC cut(s) are found by the greedy construction heuristic 
----- Add fac. cuts : CAP(7), max.viol = 0.160173, aver.viol = 0.0946197, sep/add took 0.00854274/0.000251074 sec. -----
254 columns (235 active), 39 dyn. constrs. (28 active), 200 art. vars. (138 active)
<DWph=2> <it=  1> <et=0.17> <Mt= 0.00> <Spt= 0.00> <nCl=  0> <al=0.00> <DB=  938.9214> <Mlp=  938.9214> <PB=941.1> 
<DWph=1> <it=  2> <et=0.17> <Mt= 0.00> <Spt= 0.00> <nCl=  0> <al=0.00> <DB=  938.9214> <Mlp=  938.9214> <PB=941.1> 
    TT = 2.4e-05, performed by inspection with 139 solutions, nbR1C = 0, nbDiscC = 0
    TT = 2.4e-05, performed by inspection with 139 solutions, nbR1C = 0, nbDiscC = 0
<DWph=0> <it=  3> <et=0.17> <Mt= 0.00> <Spt= 0.00> <nCl=  0> <al=0.00> <DB=  938.9214> <Mlp=  938.9214> <PB=941.1> 
Dynamic params and stats :  aver.obdmd = 19.8929 aver.buck.num. = 24
@@ 1 4 938.921 2.4e-05 2.4e-05 0 0.17
Reduced cost fixing for graph G_1...  took 0 sec., done by inspection with 139 solutions, remains 130 (93.5%)
Removed 13 columns (not in the enumerated set) from the formulation
    Full reduced cost fixing is not called (gap ratio is 0.900858)
ColGenEvalAlg final dual bound: 938.921 (rounded: 939)
Gap improvement since the last cut separation : 0.0950239 (938.693)
Current active cuts : CAP(13,123.1)
Shrinking heuristic shrunk 10 edges
In total 1 RCC cut(s) are found by the Fractional capacity min-cut heuristic 
In total 5 RCC cut(s) are found by the greedy construction heuristic 
In total 2 RCC cut(s) are found by the global pool greedy search heuristic 
----- Add fac. cuts : CAP(8), max.viol = 0.069869, aver.viol = 0.0611354, sep/add took 0.00783015/0.000303362 sec. -----
235 columns (222 active), 36 dyn. constrs. (28 active), 208 art. vars. (138 active)
<DWph=2> <it=  1> <et=0.18> <Mt= 0.00> <Spt= 0.00> <nCl=  0> <al=0.00> <DB=  939.0000> <Mlp=  939.0000> <PB=941.1> 
<DWph=1> <it=  2> <et=0.18> <Mt= 0.00> <Spt= 0.01> <nCl=  0> <al=0.00> <DB=  939.0000> <Mlp=  939.0000> <PB=941.1> 
    TT = 2.2e-05, performed by inspection with 130 solutions, nbR1C = 0, nbDiscC = 0
    TT = 2.2e-05, performed by inspection with 130 solutions, nbR1C = 0, nbDiscC = 0
<DWph=0> <it=  3> <et=0.19> <Mt= 0.01> <Spt= 0.00> <nCl=  0> <al=0.00> <DB=  939.0000> <Mlp=  939.0000> <PB=941.1> 
Dynamic params and stats :  aver.obdmd = 19.8929 aver.buck.num. = 24
@@ 1 5 939 2.2e-05 2.2e-05 0 0.19
Reduced cost fixing for graph G_1...  took 0 sec., done by inspection with 130 solutions, remains 127 (97.7%)
Removed 3 columns (not in the enumerated set) from the formulation
ColGenEvalAlg final dual bound: 939 (rounded: 939)
Gap improvement since the last cut separation : 0.0360794 (938.921)
Current active cuts : CAP(13,147.333)
Shrinking heuristic shrunk 10 edges
In total 1 RCC cut(s) are found by the Fractional capacity min-cut heuristic 
In total 1 RCC cut(s) are found by the greedy construction heuristic 
In total 1 RCC cut(s) are found by the global pool greedy search heuristic 
----- Add fac. cuts : CAP(3), max.viol = 0.0689655, aver.viol = 0.045977, sep/add took 0.007451/9.3711e-05 sec. -----
222 columns (219 active), 31 dyn. constrs. (23 active), 211 art. vars. (133 active)
<DWph=2> <it=  1> <et=0.20> <Mt= 0.00> <Spt= 0.00> <nCl=  0> <al=0.00> <DB=  939.0000> <Mlp=  939.0000> <PB=941.1> 
<DWph=1> <it=  2> <et=0.20> <Mt= 0.00> <Spt= 0.00> <nCl=  0> <al=0.00> <DB=  939.0000> <Mlp=  939.0000> <PB=941.1> 
<DWph=0> <it=  3> <et=0.20> <Mt= 0.00> <Spt= 0.00> <nCl=  0> <al=0.30> <DB=  939.0000> <Mlp=  939.0000> <PB=941.1> 
@@ 1 6 939 0 0 0 0.2
ColGenEvalAlg final dual bound: 939 (rounded: 939)
Gap improvement since the last cut separation : -3.78956e-13 (939)
Cut generation tailing off counter increased to 1
Current active cuts : CAP(13,147.333)
Shrinking heuristic shrunk 10 edges
In total 1 RCC cut(s) are found by the Fractional capacity min-cut heuristic 
In total 1 RCC cut(s) are found by the greedy construction heuristic 
----- Add fac. cuts : CAP(2), max.viol = 0.0526316, aver.viol = 0.0526316, sep/add took 0.00778041/3.764e-05 sec. -----
222 columns (219 active), 33 dyn. constrs. (25 active), 213 art. vars. (135 active)
<DWph=2> <it=  1> <et=0.21> <Mt= 0.00> <Spt= 0.00> <nCl=  0> <al=0.00> <DB=  939.0167> <Mlp=  939.0167> <PB=941.1> 
<DWph=1> <it=  2> <et=0.21> <Mt= 0.00> <Spt= 0.00> <nCl=  0> <al=0.00> <DB=  939.0167> <Mlp=  939.0167> <PB=941.1> 
    TT = 2.4e-05, performed by inspection with 127 solutions, nbR1C = 0, nbDiscC = 0
    TT = 2.3e-05, performed by inspection with 127 solutions, nbR1C = 0, nbDiscC = 0
<DWph=0> <it=  3> <et=0.21> <Mt= 0.00> <Spt= 0.00> <nCl=  0> <al=0.00> <DB=  939.0167> <Mlp=  939.0167> <PB=941.1> 
Dynamic params and stats :  aver.obdmd = 19.8929 aver.buck.num. = 24
@@ 1 7 939.017 2.35e-05 2.4e-05 0 0.21
Reduced cost fixing for graph G_1...  took 0 sec., done by inspection with 127 solutions, remains 118 (92.9%)
Removed 11 columns (not in the enumerated set) from the formulation
    Full reduced cost fixing is not called (gap ratio is 0.991667)
ColGenEvalAlg final dual bound: 939.017 (rounded: 940)
Gap improvement since the last cut separation : 0.00793651 (939)
Cut generation tailing off counter increased to 2
Current active cuts : CAP(15,170.617)
Shrinking heuristic shrunk 10 edges
In total 2 RCC cut(s) are found by the Fractional capacity min-cut heuristic 
In total 3 RCC cut(s) are found by the greedy construction heuristic 
In total 2 RCC cut(s) are found by the global pool greedy search heuristic 
----- Add fac. cuts : CAP(7), max.viol = 0.0583333, aver.viol = 0.0345238, sep/add took 0.00795269/0.000342021 sec. -----
219 columns (208 active), 32 dyn. constrs. (28 active), 220 art. vars. (138 active)
<DWph=2> <it=  1> <et=0.22> <Mt= 0.00> <Spt= 0.00> <nCl=  0> <al=0.00> <DB=  939.0317> <Mlp=  939.0317> <PB=941.1> 
<DWph=1> <it=  2> <et=0.22> <Mt= 0.00> <Spt= 0.00> <nCl=  0> <al=0.00> <DB=  939.0317> <Mlp=  939.0317> <PB=941.1> 
    TT = 2.3e-05, performed by inspection with 118 solutions, nbR1C = 0, nbDiscC = 0
    TT = 2.2e-05, performed by inspection with 118 solutions, nbR1C = 0, nbDiscC = 0
<DWph=0> <it=  3> <et=0.22> <Mt= 0.00> <Spt= 0.00> <nCl=  0> <al=0.00> <DB=  939.0317> <Mlp=  939.0317> <PB=941.1> 
Dynamic params and stats :  aver.obdmd = 19.8929 aver.buck.num. = 24
@@ 1 8 939.032 2.25e-05 2.3e-05 0 0.22
Reduced cost fixing for graph G_1...  took 0 sec., done by inspection with 118 solutions, remains 118 (100%)
    Full reduced cost fixing is not called (gap ratio is 0.984127)
ColGenEvalAlg final dual bound: 939.032 (rounded: 940)
Gap improvement since the last cut separation : 0.0072381 (939.017)
----- Cut separators priority level decreased to 1-----
Current active cuts : CAP(16,170.54)
Shrinking heuristic shrunk 10 edges
In total 1 RCC cut(s) are found by the Fractional capacity min-cut heuristic 
In total 1 RCC cut(s) are found by the greedy construction heuristic 
24 Rank-1 3-rows pack. cuts added ,  max viol. = 0.333333, aver. viol. = 0.183201
Building structures for heuristic rank-1 packing cut separation...done!
38 Rank-1 4-rows pack. cuts added ,  max viol. = 0.396825, aver. viol. = 0.227235
100 Rank-1 5-rows pack. cuts added ,  max viol. = 0.460317, aver. viol. = 0.313571
----- Add fac. cuts : CAP(2) R1C(162), max.viol = 0.460317, aver.viol = 0.272648, sep/add took 0.307434/0.00359327 sec. -----
219 columns (208 active), 192 dyn. constrs. (186 active), 384 art. vars. (296 active)
<DWph=2> <it=  1> <et=0.53> <Mt= 0.00> <Spt= 0.00> <nCl=  0> <al=0.00> <DB=  940.0000> <Mlp=  940.0000> <PB=941.1> 
<DWph=1> <it=  2> <et=0.53> <Mt= 0.00> <Spt= 0.00> <nCl=  0> <al=0.00> <DB=  940.0000> <Mlp=  940.0000> <PB=941.1> 
    TT = 3.4e-05, performed by inspection with 118 solutions, nbR1C = 9, nbDiscC = 0
    TT = 3.3e-05, performed by inspection with 118 solutions, nbR1C = 9, nbDiscC = 0
<DWph=0> <it=  3> <et=0.54> <Mt= 0.00> <Spt= 0.01> <nCl=  0> <al=0.00> <DB=  940.0000> <Mlp=  940.0000> <PB=941.1> 
Dynamic params and stats :  aver.obdmd = 19.8929 aver.buck.num. = 24 nbR1C = 9 with avMem = 0
@@ 1 9 940 3.35e-05 3.4e-05 0 0.54
Reduced cost fixing for graph G_1...  took 0 sec., done by inspection with 118 solutions, remains 107 (90.7%)
Removed 16 columns (not in the enumerated set) from the formulation
ColGenEvalAlg final dual bound: 940 (rounded: 940)
Gap improvement since the last cut separation : 0.46815 (939.032)
Current active cuts : CAP(13,171.3) R1C(9,5.4) 3rowPackR1C(5) 4rowPackR1C(3) 5rowPackR1C(1)
Shrinking heuristic shrunk 19 edges
1 Rank-1 3-rows pack. cuts added ,  max viol. = 0.5, aver. viol. = 0.5
Building structures for heuristic rank-1 packing cut separation...done!
3 Rank-1 4-rows pack. cuts added ,  max viol. = 0.5, aver. viol. = 0.5
71 Rank-1 5-rows pack. cuts added ,  max viol. = 0.5, aver. viol. = 0.288732
----- Add fac. cuts : R1C(75), max.viol = 0.5, aver.viol = 0.5, sep/add took 0.223151/0.00176386 sec. -----
208 columns (192 active), 261 dyn. constrs. (105 active), 459 art. vars. (215 active)
<DWph=2> <it=  1> <et=0.76> <Mt= 0.00> <Spt= 0.00> <nCl=  0> <al=0.00> <DB=  940.5000> <Mlp=  940.5000> <PB=941.1> 
<DWph=1> <it=  2> <et=0.76> <Mt= 0.00> <Spt= 0.00> <nCl=  0> <al=0.00> <DB=  940.5000> <Mlp=  940.5000> <PB=941.1> 
    TT = 3.1e-05, performed by inspection with 107 solutions, nbR1C = 9, nbDiscC = 0
    TT = 3e-05, performed by inspection with 107 solutions, nbR1C = 9, nbDiscC = 0
<DWph=0> <it=  3> <et=0.77> <Mt= 0.00> <Spt= 0.00> <nCl=  0> <al=0.00> <DB=  940.5000> <Mlp=  940.5000> <PB=941.1> 
Dynamic params and stats :  aver.obdmd = 19.8929 aver.buck.num. = 24 nbR1C = 9 with avMem = 0
@@ 1 10 940.5 3.05e-05 3.1e-05 0 0.77
Reduced cost fixing for graph G_1...  took 0 sec., done by inspection with 107 solutions, remains 88 (82.2%)
Removed 34 columns (not in the enumerated set) from the formulation
ColGenEvalAlg final dual bound: 940.5 (rounded: 941)
Gap improvement since the last cut separation : 0.454545 (940)
Current active cuts : CAP(11,175.5) R1C(9,14.25) 3rowPackR1C(4) 4rowPackR1C(4) 5rowPackR1C(1)
Shrinking heuristic shrunk 21 edges
In total 1 RCC cut(s) are found by the Fractional capacity min-cut heuristic 
2 Rank-1 3-rows pack. cuts added ,  max viol. = 0.5, aver. viol. = 0.5
Building structures for heuristic rank-1 packing cut separation...done!
6 Rank-1 4-rows pack. cuts added ,  max viol. = 0.5, aver. viol. = 0.5
100 Rank-1 5-rows pack. cuts added ,  max viol. = 0.5, aver. viol. = 0.2925
----- Add fac. cuts : CAP(1) R1C(108), max.viol = 0.5, aver.viol = 0.5, sep/add took 0.220079/0.00217206 sec. -----
192 columns (158 active), 214 dyn. constrs. (138 active), 568 art. vars. (248 active)
<DWph=2> <it=  1> <et=0.99> <Mt= 0.00> <Spt= 0.00> <nCl=  0> <al=0.50> <DB=  940.5000> <Mlp=  941.0000> <PB=941> 
ColGenEvalAlg final dual bound: 940.5 (rounded: 941)
Gap improvement since the last cut separation : 1 (940.5)
Current active cuts : CAP(8,237) R1C(10,28) 3rowPackR1C(5) 4rowPackR1C(4) 5rowPackR1C(1)
New model incumbent solution 941, TIME = 0h0m0s99t = 99
************************************************************************************************
Search is finished, global bounds : [ 941 , 941 ], TIME = 0h0m0s99t = 99
************************************************************************************************
941.0
[[15, 20, 37, 36, 29], [17, 40, 12], [39, 10, 38], [22, 28, 2], [1, 43, 42, 41, 23], [50, 18, 24, 49], [34, 52, 46], [4], [45, 48, 30], [6, 33, 16], [35, 19, 54, 13, 27], [31, 25, 9], [53, 14, 8], [51, 3, 44, 32], [7, 11, 26], [5, 47, 21]]
Built-in heuristic is enabled
instance_name solver_name ext_heuristic solution_value solution_time best_lb root_lb root_time nb_branch_and_bound_nodes status
/home/logis/Downloads/VRPSolverEasy/VRPSolverEasy/demos/data/CVRP/P-n55-k15 CLP True 941.0 0.9967377999999999 941.0 941.0 0.996424619 1 0

