Node memory for rank-1 cuts will be used (7.11701)
~~~~~~~~~~~~~~~~~~~~~~~~~~~~~~~~~~~~~~~~~~~~~~~~~~~~~~~~~~~~~~~~~~~~~~~~~~~~~~~~~~~~~
VRPSolver v0.5.27, 24/02/2023, © Inria Bordeaux, France, vrpsolver.math.u-bordeaux.fr
      Corresponds to the solver by Pessoa, Sadykov, Uchoa and Vanderbeck (2020)
                 Paper: dx.doi.org/10.1007/s10107-020-01523-z
~~~~~~~~~~~~~~~~~~~~~~~~~~~~~~~~~~~~~~~~~~~~~~~~~~~~~~~~~~~~~~~~~~~~~~~~~~~~~~~~~~~~~
   BaPCod v0.77, 15/03/2023, © Inria Bordeaux, France, bapcod.math.u-bordeaux.fr 
           THIS CODE IS PROVIDED AS IS, USE IT AT YOUR OWN RISK
~~~~~~~~~~~~~~~~~~~~~~~~~~~~~~~~~~~~~~~~~~~~~~~~~~~~~~~~~~~~~~~~~~~~~~~~~~~~~~~~~~~~~
Bucket steps were recalculated for graph G_1 : [4]
RCSP solver info : symmetric case is detected for graph G_1! 
Bidirectional border value is initialised to 50
RCSP solver info : number of forw. reachable buckets / buck. strongly connected components is 1479( 93.2535% ) / 1129( 76.3354% )
Generating neighbourhoods for rank-1 cuts separation
Building structures for 4- and 5-row rank-1 packing cut separation...done!
Model is built TIME = 0h0m0s4t = 4
************************************************************************************************
**** BaB tree root node
**** Local DB = -1e+12, global bounds : [ -1e+12 , 1370.1 ], TIME = 0h0m0s4t = 4
**** 1 open nodes, 0 columns (0 active), 0 dyn. constrs. (0 active), 120 art. vars. (120 active)
************************************************************************************************
#<DWph=2> <it=  1> <et=0.04> <Mt= 0.00> <Spt= 0.00> <nCl= 30> <al=0.00> <DB=-14392173.8400> <Mlp=208803.2400> <PB=1370.1> 
#<DWph=2> <it=  2> <et=0.05> <Mt= 0.00> <Spt= 0.01> <nCl= 30> <al=0.10> <DB=-5155861.5463> <Mlp=198845.7886> <PB=1370.1> 
#<DWph=2> <it=  3> <et=0.06> <Mt= 0.00> <Spt= 0.00> <nCl= 30> <al=0.45> <DB=-9390585.4331> <Mlp=198746.6206> <PB=1370.1> 
#<DWph=2> <it=  4> <et=0.06> <Mt= 0.00> <Spt= 0.01> <nCl= 30> <al=0.51> <DB=-8937823.0906> <Mlp=193595.9948> <PB=1370.1> 
#<DWph=2> <it=  5> <et=0.07> <Mt= 0.00> <Spt= 0.00> <nCl= 30> <al=0.55> <DB=-5927596.3683> <Mlp=184143.4213> <PB=1370.1> 
#<DWph=2> <it=  6> <et=0.07> <Mt= 0.00> <Spt= 0.00> <nCl= 30> <al=0.45> <DB=-7181533.8600> <Mlp=183295.7076> <PB=1370.1> 
#<DWph=2> <it=  7> <et=0.07> <Mt= 0.00> <Spt= 0.01> <nCl= 30> <al=0.51> <DB=-8161953.0638> <Mlp=181949.0780> <PB=1370.1> 
#<DWph=2> <it=  8> <et=0.08> <Mt= 0.00> <Spt= 0.00> <nCl= 30> <al=0.41> <DB=-5499856.9235> <Mlp=180535.4671> <PB=1370.1> 
#<DWph=2> <it=  9> <et=0.08> <Mt= 0.00> <Spt= 0.01> <nCl= 30> <al=0.47> <DB=-7014984.8580> <Mlp=179241.9821> <PB=1370.1> 
#<DWph=2> <it= 10> <et=0.09> <Mt= 0.00> <Spt= 0.00> <nCl= 30> <al=0.37> <DB=-3698583.2566> <Mlp=178681.8426> <PB=1370.1> 
#<DWph=2> <it= 11> <et=0.09> <Mt= 0.00> <Spt= 0.00> <nCl= 30> <al=0.27> <DB=-5866373.5932> <Mlp=173946.1895> <PB=1370.1> 
#<DWph=2> <it= 12> <et=0.10> <Mt= 0.00> <Spt= 0.01> <nCl= 30> <al=0.34> <DB=-3538187.9343> <Mlp=172067.6294> <PB=1370.1> 
#<DWph=2> <it= 13> <et=0.10> <Mt= 0.00> <Spt= 0.00> <nCl= 30> <al=0.41> <DB=-3440818.8335> <Mlp=169389.3011> <PB=1370.1> 
#<DWph=2> <it= 14> <et=0.10> <Mt= 0.00> <Spt= 0.01> <nCl= 30> <al=0.47> <DB=-2842727.7737> <Mlp=165117.5765> <PB=1370.1> 
#<DWph=2> <it= 15> <et=0.11> <Mt= 0.00> <Spt= 0.00> <nCl= 30> <al=0.52> <DB=-3572000.4734> <Mlp=161318.0583> <PB=1370.1> 
#<DWph=2> <it= 16> <et=0.11> <Mt= 0.00> <Spt= 0.00> <nCl= 30> <al=0.57> <DB=-2367080.7616> <Mlp=159103.6881> <PB=1370.1> 
#<DWph=2> <it= 17> <et=0.12> <Mt= 0.00> <Spt= 0.01> <nCl= 30> <al=0.61> <DB=-2269359.6839> <Mlp=157325.0753> <PB=1370.1> 
#<DWph=2> <it= 18> <et=0.12> <Mt= 0.00> <Spt= 0.00> <nCl= 30> <al=0.51> <DB=-2210894.9887> <Mlp=153977.3188> <PB=1370.1> 
#<DWph=2> <it= 19> <et=0.12> <Mt= 0.00> <Spt= 0.00> <nCl= 30> <al=0.41> <DB=-1859647.1337> <Mlp=150410.1196> <PB=1370.1> 
#<DWph=2> <it= 20> <et=0.13> <Mt= 0.00> <Spt= 0.01> <nCl= 30> <al=0.31> <DB=-2018287.9613> <Mlp=127717.2576> <PB=1370.1> 
#<DWph=2> <it= 21> <et=0.13> <Mt= 0.00> <Spt= 0.00> <nCl= 30> <al=0.38> <DB=-1654812.5645> <Mlp=127336.9218> <PB=1370.1> 
#<DWph=2> <it= 22> <et=0.14> <Mt= 0.00> <Spt= 0.00> <nCl= 30> <al=0.44> <DB=-1725755.3776> <Mlp=124572.4618> <PB=1370.1> 
#<DWph=2> <it= 23> <et=0.14> <Mt= 0.00> <Spt= 0.01> <nCl= 30> <al=0.50> <DB=-1534629.3064> <Mlp=116104.3189> <PB=1370.1> 
#<DWph=2> <it= 24> <et=0.14> <Mt= 0.00> <Spt= 0.00> <nCl= 30> <al=0.40> <DB=-1430663.0377> <Mlp=111499.4555> <PB=1370.1> 
#<DWph=2> <it= 25> <et=0.15> <Mt= 0.00> <Spt= 0.01> <nCl= 30> <al=0.30> <DB=-1216821.3641> <Mlp=105072.5028> <PB=1370.1> 
#<DWph=2> <it= 26> <et=0.15> <Mt= 0.00> <Spt= 0.00> <nCl= 30> <al=0.20> <DB=-940888.4691> <Mlp=100529.9316> <PB=1370.1> 
#<DWph=2> <it= 27> <et=0.16> <Mt= 0.01> <Spt= 0.00> <nCl= 30> <al=0.10> <DB=-959591.3425> <Mlp=67334.3634> <PB=1370.1> 
#<DWph=2> <it= 28> <et=0.16> <Mt= 0.00> <Spt= 0.01> <nCl= 30> <al=0.19> <DB=-1668509.1646> <Mlp=52137.3160> <PB=1370.1> 
#<DWph=2> <it= 29> <et=0.17> <Mt= 0.00> <Spt= 0.00> <nCl= 30> <al=0.27> <DB=-1311729.3120> <Mlp=50532.4680> <PB=1370.1> 
#<DWph=2> <it= 30> <et=0.17> <Mt= 0.00> <Spt= 0.00> <nCl= 30> <al=0.34> <DB=-1242248.5020> <Mlp=49355.4643> <PB=1370.1> 
#<DWph=2> <it= 31> <et=0.18> <Mt= 0.00> <Spt= 0.01> <nCl= 30> <al=0.41> <DB=-1045731.7023> <Mlp=48947.2588> <PB=1370.1> 
#<DWph=2> <it= 32> <et=0.18> <Mt= 0.00> <Spt= 0.00> <nCl= 30> <al=0.47> <DB=-877310.8753> <Mlp=48313.2172> <PB=1370.1> 
#<DWph=2> <it= 33> <et=0.19> <Mt= 0.00> <Spt= 0.00> <nCl= 30> <al=0.37> <DB=-927575.5674> <Mlp=38224.1831> <PB=1370.1> 
#<DWph=2> <it= 34> <et=0.19> <Mt= 0.00> <Spt= 0.01> <nCl= 30> <al=0.43> <DB=-815109.5669> <Mlp=35191.1950> <PB=1370.1> 
#<DWph=2> <it= 35> <et=0.20> <Mt= 0.00> <Spt= 0.00> <nCl= 30> <al=0.49> <DB=-876802.8052> <Mlp=22087.6996> <PB=1370.1> 
#<DWph=2> <it= 36> <et=0.20> <Mt= 0.01> <Spt= 0.01> <nCl= 30> <al=0.54> <DB=-768437.4056> <Mlp=19370.8069> <PB=1370.1> 
#<DWph=2> <it= 37> <et=0.21> <Mt= 0.00> <Spt= 0.00> <nCl= 30> <al=0.58> <DB=-744025.8511> <Mlp=12805.7102> <PB=1370.1> 
#<DWph=2> <it= 38> <et=0.21> <Mt= 0.00> <Spt= 0.00> <nCl= 30> <al=0.48> <DB=-409085.1886> <Mlp=11420.4467> <PB=1370.1> 
#<DWph=2> <it= 39> <et=0.22> <Mt= 0.00> <Spt= 0.01> <nCl= 30> <al=0.38> <DB=-575340.7650> <Mlp= 3849.4066> <PB=1370.1> 
#<DWph=2> <it= 40> <et=0.22> <Mt= 0.00> <Spt= 0.00> <nCl= 30> <al=0.45> <DB=-381121.9127> <Mlp= 3557.9041> <PB=1370.1> 
#<DWph=2> <it= 41> <et=0.22> <Mt= 0.00> <Spt= 0.00> <nCl=  8> <al=0.50> <DB=-145400.8884> <Mlp= 3387.6533> <PB=1370.1> 
#<DWph=2> <it= 42> <et=0.23> <Mt= 0.00> <Spt= 0.00> <nCl= 30> <al=0.40> <DB=-9575.6921> <Mlp= 3296.3925> <PB=1370.1> 
<DWph=2> <it= 43> <et=0.23> <Mt= 0.01> <Spt= 0.00> <nCl= 11> <al=0.46> <DB=-3136.4481> <Mlp= 2383.2117> <PB=1370.1> 
<DWph=2> <it= 44> <et=0.24> <Mt= 0.00> <Spt= 0.01> <nCl= 30> <al=0.36> <DB=-5149.6285> <Mlp= 2374.5024> <PB=1370.1> 
<DWph=2> <it= 45> <et=0.24> <Mt= 0.00> <Spt= 0.00> <nCl= 30> <al=0.43> <DB= -771.3928> <Mlp= 2315.9764> <PB=1370.1> 
<DWph=2> <it= 46> <et=0.25> <Mt= 0.00> <Spt= 0.00> <nCl= 30> <al=0.48> <DB=-7125.4092> <Mlp= 2183.8811> <PB=1370.1> 
<DWph=2> <it= 47> <et=0.25> <Mt= 0.00> <Spt= 0.01> <nCl= 30> <al=0.53> <DB=-5783.9012> <Mlp= 2089.2264> <PB=1370.1> 
<DWph=2> <it= 48> <et=0.26> <Mt= 0.00> <Spt= 0.00> <nCl= 30> <al=0.58> <DB=-2831.9796> <Mlp= 1993.2358> <PB=1370.1> 
<DWph=2> <it= 49> <et=0.26> <Mt= 0.00> <Spt= 0.00> <nCl= 30> <al=0.62> <DB=-1279.0070> <Mlp= 1886.9726> <PB=1370.1> 
<DWph=2> <it= 50> <et=0.27> <Mt= 0.01> <Spt= 0.01> <nCl= 30> <al=0.66> <DB= -832.1275> <Mlp= 1787.8776> <PB=1370.1> 
<DWph=2> <it= 51> <et=0.27> <Mt= 0.00> <Spt= 0.00> <nCl= 30> <al=0.69> <DB=  430.6493> <Mlp= 1755.2582> <PB=1370.1> 
<DWph=2> <it= 52> <et=0.27> <Mt= 0.00> <Spt= 0.01> <nCl= 30> <al=0.73> <DB= -808.5380> <Mlp= 1729.8573> <PB=1370.1> 
<DWph=2> <it= 53> <et=0.28> <Mt= 0.00> <Spt= 0.00> <nCl= 30> <al=0.75> <DB=  435.1227> <Mlp= 1684.7122> <PB=1370.1> 
<DWph=2> <it= 54> <et=0.28> <Mt= 0.00> <Spt= 0.00> <nCl= 28> <al=0.78> <DB= -180.3048> <Mlp= 1644.5718> <PB=1370.1> 
<DWph=2> <it= 55> <et=0.29> <Mt= 0.00> <Spt= 0.01> <nCl= 24> <al=0.80> <DB=  501.7301> <Mlp= 1601.4610> <PB=1370.1> 
<DWph=2> <it= 56> <et=0.29> <Mt= 0.00> <Spt= 0.00> <nCl= 24> <al=0.82> <DB=  869.0176> <Mlp= 1584.8669> <PB=1370.1> 
<DWph=2> <it= 57> <et=0.30> <Mt= 0.01> <Spt= 0.00> <nCl= 30> <al=0.72> <DB=  300.4361> <Mlp= 1557.2211> <PB=1370.1> 
<DWph=2> <it= 58> <et=0.30> <Mt= 0.00> <Spt= 0.01> <nCl= 30> <al=0.75> <DB=  407.0125> <Mlp= 1496.6477> <PB=1370.1> 
<DWph=2> <it= 59> <et=0.31> <Mt= 0.00> <Spt= 0.00> <nCl= 29> <al=0.77> <DB=  994.1658> <Mlp= 1454.6570> <PB=1370.1> 
<DWph=2> <it= 60> <et=0.31> <Mt= 0.00> <Spt= 0.00> <nCl= 30> <al=0.80> <DB=  958.3151> <Mlp= 1439.6426> <PB=1370.1> 
<DWph=2> <it= 61> <et=0.32> <Mt= 0.00> <Spt= 0.01> <nCl= 17> <al=0.82> <DB= 1152.2194> <Mlp= 1426.4123> <PB=1370.1> 
<DWph=2> <it= 62> <et=0.32> <Mt= 0.00> <Spt= 0.00> <nCl= 18> <al=0.83> <DB= 1191.9876> <Mlp= 1415.4125> <PB=1370.1> 
<DWph=2> <it= 63> <et=0.33> <Mt= 0.00> <Spt= 0.00> <nCl= 28> <al=0.73> <DB=  865.0533> <Mlp= 1412.4367> <PB=1370.1> 
<DWph=2> <it= 64> <et=0.33> <Mt= 0.00> <Spt= 0.01> <nCl= 24> <al=0.76> <DB= 1233.8942> <Mlp= 1390.3743> <PB=1370.1> 
<DWph=2> <it= 65> <et=0.34> <Mt= 0.01> <Spt= 0.00> <nCl= 29> <al=0.66> <DB= 1225.6239> <Mlp= 1380.2861> <PB=1370.1> 
<DWph=2> <it= 66> <et=0.34> <Mt= 0.00> <Spt= 0.00> <nCl= 26> <al=0.69> <DB= 1257.8799> <Mlp= 1350.4882> <PB=1370.1> 
<DWph=2> <it= 67> <et=0.35> <Mt= 0.00> <Spt= 0.01> <nCl= 28> <al=0.73> <DB= 1272.3080> <Mlp= 1339.4321> <PB=1370.1> 
<DWph=2> <it= 68> <et=0.35> <Mt= 0.00> <Spt= 0.00> <nCl= 16> <al=0.75> <DB= 1268.6082> <Mlp= 1330.5672> <PB=1370.1> 
<DWph=2> <it= 69> <et=0.36> <Mt= 0.00> <Spt= 0.00> <nCl=  5> <al=0.78> <DB= 1277.5574> <Mlp= 1328.3091> <PB=1370.1> 
<DWph=2> <it= 70> <et=0.36> <Mt= 0.00> <Spt= 0.01> <nCl=  8> <al=0.68> <DB= 1293.9119> <Mlp= 1328.2849> <PB=1370.1> 
<DWph=2> <it= 71> <et=0.37> <Mt= 0.00> <Spt= 0.00> <nCl= 16> <al=0.58> <DB= 1283.5928> <Mlp= 1327.6986> <PB=1370.1> 
<DWph=2> <it= 72> <et=0.37> <Mt= 0.00> <Spt= 0.01> <nCl= 10> <al=0.62> <DB= 1302.2105> <Mlp= 1327.1290> <PB=1370.1> 
<DWph=2> <it= 73> <et=0.37> <Mt= 0.00> <Spt= 0.00> <nCl=  9> <al=0.66> <DB= 1313.4238> <Mlp= 1326.6602> <PB=1370.1> 
<DWph=2> <it= 74> <et=0.38> <Mt= 0.00> <Spt= 0.00> <nCl=  7> <al=0.56> <DB= 1318.7454> <Mlp= 1326.6326> <PB=1370.1> 
<DWph=2> <it= 75> <et=0.38> <Mt= 0.00> <Spt= 0.01> <nCl=  5> <al=0.60> <DB= 1320.7987> <Mlp= 1326.5441> <PB=1370.1> 
<DWph=2> <it= 76> <et=0.39> <Mt= 0.01> <Spt= 0.00> <nCl=  3> <al=0.64> <DB= 1320.3115> <Mlp= 1326.4269> <PB=1370.1> 
<DWph=2> <it= 77> <et=0.39> <Mt= 0.00> <Spt= 0.01> <nCl=  3> <al=0.36> <DB= 1170.8980> <Mlp= 1326.4269> <PB=1370.1> 
<DWph=2> <it= 78> <et=0.40> <Mt= 0.00> <Spt= 0.00> <nCl=  5> <al=0.58> <DB= 1314.1667> <Mlp= 1326.1952> <PB=1370.1> 
<DWph=2> <it= 79> <et=0.40> <Mt= 0.00> <Spt= 0.00> <nCl=  1> <al=0.62> <DB= 1323.9260> <Mlp= 1326.0678> <PB=1370.1> 
<DWph=2> <it= 80> <et=0.41> <Mt= 0.00> <Spt= 0.01> <nCl=  9> <al=0.52> <DB= 1314.7441> <Mlp= 1326.0523> <PB=1370.1> 
<DWph=2> <it= 81> <et=0.41> <Mt= 0.00> <Spt= 0.00> <nCl=  5> <al=0.14> <DB= 1317.1066> <Mlp= 1325.9133> <PB=1370.1> 
<DWph=2> <it= 82> <et=0.42> <Mt= 0.00> <Spt= 0.01> <nCl= 12> <al=0.00> <DB= 1281.8133> <Mlp= 1325.9133> <PB=1370.1> 
<DWph=2> <it= 83> <et=0.42> <Mt= 0.00> <Spt= 0.00> <nCl=  2> <al=0.37> <DB= 1318.4391> <Mlp= 1325.6303> <PB=1370.1> 
<DWph=2> <it= 84> <et=0.43> <Mt= 0.00> <Spt= 0.01> <nCl=  1> <al=0.43> <DB= 1313.6461> <Mlp= 1325.5473> <PB=1370.1> 
<DWph=2> <it= 85> <et=0.43> <Mt= 0.00> <Spt= 0.00> <nCl=  2> <al=0.33> <DB= 1312.9836> <Mlp= 1325.5473> <PB=1370.1> 
<DWph=2> <it= 86> <et=0.44> <Mt= 0.00> <Spt= 0.00> <nCl=  2> <al=0.40> <DB= 1310.7928> <Mlp= 1325.5473> <PB=1370.1> 
<DWph=2> <it= 87> <et=0.44> <Mt= 0.00> <Spt= 0.01> <nCl=  6> <al=0.00> <DB= 1325.5473> <Mlp= 1325.5473> <PB=1370.1> 
<DWph=1> <it= 88> <et=0.45> <Mt= 0.00> <Spt= 0.01> <nCl= 23> <al=0.36> <DB= 1140.7519> <Mlp= 1325.5473> <PB=1370.1> 
<DWph=1> <it= 89> <et=0.46> <Mt= 0.00> <Spt= 0.00> <nCl= 11> <al=0.42> <DB= 1301.1025> <Mlp= 1324.2216> <PB=1370.1> 
<DWph=1> <it= 90> <et=0.47> <Mt= 0.00> <Spt= 0.01> <nCl=  8> <al=0.48> <DB= 1311.4669> <Mlp= 1323.6534> <PB=1370.1> 
<DWph=1> <it= 91> <et=0.47> <Mt= 0.00> <Spt= 0.01> <nCl=  2> <al=0.53> <DB= 1316.6833> <Mlp= 1323.5878> <PB=1370.1> 
<DWph=1> <it= 92> <et=0.49> <Mt= 0.00> <Spt= 0.01> <nCl=  4> <al=0.16> <DB= 1318.3260> <Mlp= 1323.5746> <PB=1370.1> 
<DWph=1> <it= 93> <et=0.49> <Mt= 0.01> <Spt= 0.01> <nCl=  2> <al=0.48> <DB= 1321.6620> <Mlp= 1323.5709> <PB=1370.1> 
<DWph=1> <it= 94> <et=0.51> <Mt= 0.00> <Spt= 0.01> <nCl=  5> <al=0.06> <DB= 1323.0918> <Mlp= 1323.5709> <PB=1370.1> 
<DWph=1> <it= 95> <et=0.52> <Mt= 0.00> <Spt= 0.01> <nCl=  5> <al=0.00> <DB= 1323.5709> <Mlp= 1323.5709> <PB=1370.1> 
    RCSP exact solver info for graph G_1 : TT = 0.014163, pt = 1.2e-05, dt = 0.012174, ct = 0.001675, ndl = 3', bdl = 91', odl = 2', odf = 17', bsi = 1', cnt = 7', bdch = 773', odch = 28', lcp = 27', #sols = 150
<DWph=0> <it= 96> <et=0.54> <Mt= 0.00> <Spt= 0.02> <nCl= 80> <al=0.33> <DB= 1314.5709> <Mlp= 1323.5709> <PB=1370.1> 
    RCSP exact solver info for graph G_1 : TT = 0.010369, pt = 2.9e-05, dt = 0.008461, ct = 0.001583, ndl = 3', bdl = 85', odl = 2', odf = 16', bsi = 1', cnt = 7', bdch = 698', odch = 25', lcp = 25', #sols = 150
    RCSP exact solver info for graph G_1 : TT = 0.010371, pt = 2.2e-05, dt = 0.00848, ct = 0.0016, ndl = 3', bdl = 85', odl = 2', odf = 16', bsi = 1', cnt = 7', bdch = 709', odch = 25', lcp = 25', #sols = 150
<DWph=0> <it= 97> <et=0.56> <Mt= 0.00> <Spt= 0.02> <nCl= 24> <al=0.00> <DB= 1323.3230> <Mlp= 1323.3230> <PB=1370.1> 
Dynamic params and stats :  aver.obdmd = 23.2623 aver.buck.num. = 26
@@ 1 0 1323.32 0.0113243 0.013849 84.0587 0.56
Labels distribution in buckets (bucket size) : largest - 50, top 0.1% - 50, top 0.5% - 40, top 2% - 28, top 10% - 14, top 50% - 3
Reduced cost fixing for graph G_1... 40125 buck. arcs remain (55.7% from prev., 46.8% from max.) + 9886 jump buck. arcs (11.5% from max.)
 TT = 0.074416, pt = 0.006499, dt = 0.036317, ct = 0.031456, ndl = 19', bdl = 338', odl = 3', odf = 65', lpcb = 461', cnt = 551', bdch = 4410', odch = 379', lcp = 353'
Labels distribution in buckets (bucket size) : largest - 52, top 0.1% - 52, top 0.5% - 43, top 2% - 32, top 10% - 15, top 50% - 3
Run forward enumeration with border = 50... not succeeded (ratio 0.921296) lpt = 0.023704, ndl = 24', dl = 5', lpcb = 59', dch = 49'
 TT = 0.026711, pt = 0.001988, dt = 0.023704, ct = 0, ndl = 24', bdl = 5', lpcb = 59', cnt = 127', bdch = 49', odch = 0', lcp = 0'
ColGenEvalAlg final dual bound: 1323.32 (rounded: 1324)
In total 2 RCC cut(s) are found by the connected components heuristic 
Shrinking heuristic shrunk 11 edges
In total 13 RCC cut(s) are found by the Fractional capacity min-cut heuristic 
In total 81 RCC cut(s) are found by the greedy construction heuristic 
----- Add fac. cuts : CAP(96), max.viol = 0.726819, aver.viol = 0.271691, sep/add took 0.0122543/0.0617118 sec. -----
2205 columns (2205 active), 96 dyn. constrs. (96 active), 216 art. vars. (216 active)
<DWph=2> <it=  1> <et=0.75> <Mt= 0.00> <Spt= 0.01> <nCl= 22> <al=0.50> <DB= 1128.8542> <Mlp= 1352.4161> <PB=1370.1> 
<DWph=2> <it=  2> <et=0.76> <Mt= 0.01> <Spt= 0.00> <nCl= 16> <al=0.55> <DB= 1302.6418> <Mlp= 1345.9133> <PB=1370.1> 
<DWph=2> <it=  3> <et=0.77> <Mt= 0.00> <Spt= 0.00> <nCl=  4> <al=0.60> <DB= 1324.9930> <Mlp= 1344.3102> <PB=1370.1> 
<DWph=2> <it=  4> <et=0.78> <Mt= 0.01> <Spt= 0.01> <nCl= 22> <al=0.64> <DB=  904.1826> <Mlp= 1344.2307> <PB=1370.1> 
<DWph=2> <it=  5> <et=0.79> <Mt= 0.00> <Spt= 0.00> <nCl=  4> <al=0.67> <DB= 1321.4985> <Mlp= 1342.2072> <PB=1370.1> 
<DWph=2> <it=  6> <et=0.80> <Mt= 0.00> <Spt= 0.01> <nCl= 13> <al=0.41> <DB= 1317.0546> <Mlp= 1342.2072> <PB=1370.1> 
<DWph=2> <it=  7> <et=0.81> <Mt= 0.01> <Spt= 0.00> <nCl=  7> <al=0.60> <DB= 1278.4768> <Mlp= 1340.6366> <PB=1370.1> 
<DWph=2> <it=  8> <et=0.81> <Mt= 0.00> <Spt= 0.01> <nCl=  2> <al=0.64> <DB= 1333.7557> <Mlp= 1340.4213> <PB=1370.1> 
<DWph=2> <it=  9> <et=0.82> <Mt= 0.00> <Spt= 0.00> <nCl=  5> <al=0.54> <DB= 1334.7903> <Mlp= 1340.4213> <PB=1370.1> 
<DWph=2> <it= 10> <et=0.83> <Mt= 0.01> <Spt= 0.01> <nCl=  3> <al=0.44> <DB= 1335.8218> <Mlp= 1340.4158> <PB=1370.1> 
<DWph=2> <it= 11> <et=0.83> <Mt= 0.00> <Spt= 0.00> <nCl= 15> <al=0.34> <DB= 1334.0682> <Mlp= 1340.4158> <PB=1370.1> 
<DWph=2> <it= 12> <et=0.84> <Mt= 0.00> <Spt= 0.00> <nCl=  4> <al=0.41> <DB= 1332.3737> <Mlp= 1340.3960> <PB=1370.1> 
<DWph=2> <it= 13> <et=0.85> <Mt= 0.00> <Spt= 0.01> <nCl= 10> <al=0.00> <DB= 1326.3991> <Mlp= 1340.3960> <PB=1370.1> 
<DWph=2> <it= 14> <et=0.86> <Mt= 0.00> <Spt= 0.01> <nCl=  9> <al=0.00> <DB= 1326.0491> <Mlp= 1340.3858> <PB=1370.1> 
<DWph=2> <it= 15> <et=0.86> <Mt= 0.01> <Spt= 0.00> <nCl=  3> <al=0.27> <DB= 1336.7918> <Mlp= 1340.2067> <PB=1370.1> 
<DWph=2> <it= 16> <et=0.87> <Mt= 0.00> <Spt= 0.01> <nCl=  4> <al=0.00> <DB= 1330.8800> <Mlp= 1340.1997> <PB=1370.1> 
<DWph=2> <it= 17> <et=0.88> <Mt= 0.00> <Spt= 0.00> <nCl=  4> <al=0.24> <DB= 1306.4097> <Mlp= 1340.1630> <PB=1370.1> 
<DWph=2> <it= 18> <et=0.88> <Mt= 0.00> <Spt= 0.01> <nCl=  5> <al=0.00> <DB= 1340.1615> <Mlp= 1340.1615> <PB=1370.1> 
<DWph=1> <it= 19> <et=0.89> <Mt= 0.00> <Spt= 0.00> <nCl= 16> <al=0.22> <DB= 1302.4930> <Mlp= 1340.1615> <PB=1370.1> 
<DWph=1> <it= 20> <et=0.90> <Mt= 0.01> <Spt= 0.01> <nCl=  6> <al=0.12> <DB= 1332.0271> <Mlp= 1339.6210> <PB=1370.1> 
<DWph=1> <it= 21> <et=0.91> <Mt= 0.00> <Spt= 0.00> <nCl=  3> <al=0.21> <DB= 1335.3982> <Mlp= 1339.6121> <PB=1370.1> 
<DWph=1> <it= 22> <et=0.92> <Mt= 0.00> <Spt= 0.01> <nCl=  2> <al=0.00> <DB= 1339.6115> <Mlp= 1339.6115> <PB=1370.1> 
    RCSP exact solver info for graph G_1 : TT = 0.008048, pt = 1.1e-05, dt = 0.006169, ct = 0.001552, ndl = 3', bdl = 39', odl = 2', odf = 15', bsi = 1', cnt = 5', bdch = 330', odch = 22', lcp = 23', #sols = 150
<DWph=0> <it= 23> <et=0.93> <Mt= 0.00> <Spt= 0.02> <nCl= 42> <al=0.19> <DB= 1319.7198> <Mlp= 1339.6115> <PB=1370.1> 
    RCSP exact solver info for graph G_1 : TT = 0.007935, pt = 2.7e-05, dt = 0.006012, ct = 0.001561, ndl = 3', bdl = 39', odl = 2', odf = 15', bsi = 1', cnt = 5', bdch = 330', odch = 22', lcp = 23', #sols = 150
    RCSP exact solver info for graph G_1 : TT = 0.007796, pt = 2.2e-05, dt = 0.005923, ct = 0.001552, ndl = 3', bdl = 39', odl = 2', odf = 15', bsi = 1', cnt = 5', bdch = 331', odch = 22', lcp = 23', #sols = 150
<DWph=0> <it= 24> <et=0.95> <Mt= 0.00> <Spt= 0.02> <nCl=  4> <al=0.00> <DB= 1339.6115> <Mlp= 1339.6115> <PB=1370.1> 
Dynamic params and stats :  aver.obdmd = 23.2623 aver.buck.num. = 26
@@ 1 1 1339.61 0.00758967 0.007721 46.8056 0.95
Labels distribution in buckets (bucket size) : largest - 33, top 0.1% - 33, top 0.5% - 29, top 2% - 27, top 10% - 14, top 50% - 2
Reduced cost fixing for graph G_1... 31438 buck. arcs remain (78.4% from prev., 36.7% from max.) + 11151 jump buck. arcs (13% from max.)
 TT = 0.050097, pt = 0.004598, dt = 0.02197, ct = 0.023383, ndl = 16', bdl = 246', odl = 3', odf = 56', lpcb = 208', cnt = 359', bdch = 2480', odch = 214', lcp = 240'
Labels distribution in buckets (bucket size) : largest - 38, top 0.1% - 38, top 0.5% - 34, top 2% - 29, top 10% - 15, top 50% - 2
Run forward enumeration with border = 50... not succeeded (ratio 0.779348) lpt = 0.108398, ndl = 68', dl = 26', lpcb = 473', dch = 345'
 TT = 0.110303, pt = 0, dt = 0.108398, ct = 0, ndl = 68', bdl = 26', lpcb = 473', cnt = 512', bdch = 345', odch = 0', lcp = 0'
ColGenEvalAlg final dual bound: 1339.61 (rounded: 1340)
Gap improvement since the last cut separation : 0.348215 (1323.32)
Current active cuts : CAP(13,302.153)
In total 1 RCC cut(s) are found by the connected components heuristic 
Shrinking heuristic shrunk 10 edges
In total 18 RCC cut(s) are found by the Fractional capacity min-cut heuristic 
In total 55 RCC cut(s) are found by the greedy construction heuristic 
In total 7 RCC cut(s) are found by the global pool greedy search heuristic 
----- Add fac. cuts : CAP(81), max.viol = 0.340167, aver.viol = 0.121795, sep/add took 0.0147611/0.0853066 sec. -----
2430 columns (2430 active), 177 dyn. constrs. (101 active), 297 art. vars. (221 active)
<DWph=2> <it=  1> <et=1.23> <Mt= 0.01> <Spt= 0.00> <nCl=  8> <al=0.50> <DB= 1334.3919> <Mlp= 1343.8370> <PB=1370.1> 
<DWph=2> <it=  2> <et=1.25> <Mt= 0.01> <Spt= 0.01> <nCl= 10> <al=0.10> <DB= 1277.2617> <Mlp= 1343.2184> <PB=1370.1> 
<DWph=2> <it=  3> <et=1.25> <Mt= 0.00> <Spt= 0.00> <nCl=  2> <al=0.45> <DB= 1339.8312> <Mlp= 1343.1983> <PB=1370.1> 
<DWph=2> <it=  4> <et=1.27> <Mt= 0.00> <Spt= 0.01> <nCl=  5> <al=0.01> <DB= 1306.6569> <Mlp= 1343.1376> <PB=1370.1> 
<DWph=2> <it=  5> <et=1.27> <Mt= 0.01> <Spt= 0.01> <nCl=  2> <al=0.41> <DB= 1342.7299> <Mlp= 1343.1066> <PB=1370.1> 
<DWph=2> <it=  6> <et=1.28> <Mt= 0.00> <Spt= 0.00> <nCl=  3> <al=0.00> <DB= 1343.1063> <Mlp= 1343.1063> <PB=1370.1> 
<DWph=1> <it=  7> <et=1.29> <Mt= 0.00> <Spt= 0.01> <nCl=  9> <al=0.36> <DB= 1279.3823> <Mlp= 1343.1063> <PB=1370.1> 
<DWph=1> <it=  8> <et=1.30> <Mt= 0.00> <Spt= 0.01> <nCl=  9> <al=0.00> <DB= 1337.2024> <Mlp= 1343.0971> <PB=1370.1> 
<DWph=1> <it=  9> <et=1.31> <Mt= 0.00> <Spt= 0.01> <nCl=  5> <al=0.00> <DB= 1343.0967> <Mlp= 1343.0967> <PB=1370.1> 
    RCSP exact solver info for graph G_1 : TT = 0.006033, pt = 1.2e-05, dt = 0.004526, ct = 0.001203, ndl = 2', bdl = 23', odl = 2', odf = 14', bsi = 1', cnt = 3', bdch = 194', odch = 20', lcp = 17', #sols = 150
<DWph=0> <it= 10> <et=1.32> <Mt= 0.00> <Spt= 0.01> <nCl= 25> <al=0.06> <DB= 1289.2569> <Mlp= 1343.0967> <PB=1370.1> 
    RCSP exact solver info for graph G_1 : TT = 0.006834, pt = 2.5e-05, dt = 0.005153, ct = 0.001336, ndl = 3', bdl = 27', odl = 2', odf = 15', bsi = 1', cnt = 4', bdch = 234', odch = 23', lcp = 21', #sols = 150
<DWph=0> <it= 11> <et=1.34> <Mt= 0.01> <Spt= 0.01> <nCl=  9> <al=0.00> <DB= 1343.0777> <Mlp= 1343.0777> <PB=1370.1> 
Dynamic params and stats :  aver.obdmd = 23.2623 aver.buck.num. = 26
@@ 1 2 1343.08 0.006109 0.006489 36.6722 1.34
Labels distribution in buckets (bucket size) : largest - 35, top 0.1% - 35, top 0.5% - 30, top 2% - 24, top 10% - 13, top 50% - 2
Reduced cost fixing for graph G_1... 29722 buck. arcs remain (94.5% from prev., 34.7% from max.) + 10779 jump buck. arcs (12.6% from max.)
 TT = 0.044393, pt = 0.003749, dt = 0.019616, ct = 0.020897, ndl = 15', bdl = 211', odl = 3', odf = 57', lpcb = 154', cnt = 315', bdch = 2065', odch = 232', lcp = 226'
Labels distribution in buckets (bucket size) : largest - 39, top 0.1% - 39, top 0.5% - 34, top 2% - 28, top 10% - 14, top 50% - 2
Run forward enumeration with border = 50... not succeeded (ratio 0.58161) lpt = 0.303494, ndl = 128', dl = 77', lpcb = 1629', dch = 1154'
 TT = 0.313675, pt = 0, dt = 0.303494, ct = 0, ndl = 128', bdl = 77', lpcb = 1629', cnt = 1313', bdch = 1154', odch = 0', lcp = 0'
ColGenEvalAlg final dual bound: 1343.08 (rounded: 1344)
Gap improvement since the last cut separation : 0.113691 (1339.61)
Current active cuts : CAP(25,388.342)
Shrinking heuristic shrunk 6 edges
In total 6 RCC cut(s) are found by the Fractional capacity min-cut heuristic 
In total 10 RCC cut(s) are found by the greedy construction heuristic 
In total 6 RCC cut(s) are found by the global pool greedy search heuristic 
----- Add fac. cuts : CAP(22), max.viol = 0.206975, aver.viol = 0.077225, sep/add took 0.0163422/0.015964 sec. -----
2517 columns (2517 active), 123 dyn. constrs. (59 active), 319 art. vars. (179 active)
<DWph=2> <it=  1> <et=1.77> <Mt= 0.00> <Spt= 0.00> <nCl=  9> <al=0.50> <DB= 1247.9768> <Mlp= 1343.9593> <PB=1370.1> 
<DWph=2> <it=  2> <et=1.77> <Mt= 0.00> <Spt= 0.01> <nCl=  1> <al=0.55> <DB= 1309.3177> <Mlp= 1343.9593> <PB=1370.1> 
<DWph=2> <it=  3> <et=1.78> <Mt= 0.01> <Spt= 0.00> <nCl=  3> <al=0.19> <DB= 1327.3501> <Mlp= 1343.7926> <PB=1370.1> 
<DWph=2> <it=  4> <et=1.79> <Mt= 0.00> <Spt= 0.01> <nCl=  0> <al=0.00> <DB= 1343.7582> <Mlp= 1343.7582> <PB=1370.1> 
<DWph=1> <it=  5> <et=1.80> <Mt= 0.00> <Spt= 0.00> <nCl=  4> <al=0.40> <DB= 1327.0253> <Mlp= 1343.7582> <PB=1370.1> 
<DWph=1> <it=  6> <et=1.81> <Mt= 0.00> <Spt= 0.01> <nCl=  3> <al=0.00> <DB= 1341.9463> <Mlp= 1343.7582> <PB=1370.1> 
<DWph=1> <it=  7> <et=1.82> <Mt= 0.00> <Spt= 0.01> <nCl=  0> <al=0.00> <DB= 1343.7582> <Mlp= 1343.7582> <PB=1370.1> 
    RCSP exact solver info for graph G_1 : TT = 0.006391, pt = 1.2e-05, dt = 0.004772, ct = 0.001285, ndl = 3', bdl = 25', odl = 2', odf = 15', bsi = 1', cnt = 4', bdch = 218', odch = 23', lcp = 20', #sols = 150
    RCSP exact solver info for graph G_1 : TT = 0.006398, pt = 2.3e-05, dt = 0.004782, ct = 0.001274, ndl = 3', bdl = 25', odl = 2', odf = 15', bsi = 1', cnt = 4', bdch = 218', odch = 23', lcp = 20', #sols = 150
<DWph=0> <it=  8> <et=1.84> <Mt= 0.00> <Spt= 0.02> <nCl= 34> <al=0.00> <DB= 1343.7582> <Mlp= 1343.7582> <PB=1370.1> 
Dynamic params and stats :  aver.obdmd = 23.2623 aver.buck.num. = 26
@@ 1 3 1343.76 0.0060565 0.006057 34.6705 1.84
    Full reduced cost fixing is not called (gap ratio is 0.974724)
ColGenEvalAlg final dual bound: 1343.76 (rounded: 1344)
Gap improvement since the last cut separation : 0.0251823 (1343.08)
Current active cuts : CAP(31,554.968)
Shrinking heuristic shrunk 8 edges
In total 2 RCC cut(s) are found by the Fractional capacity min-cut heuristic 
In total 4 RCC cut(s) are found by the greedy construction heuristic 
In total 2 RCC cut(s) are found by the global pool greedy search heuristic 
----- Add fac. cuts : CAP(8), max.viol = 0.133411, aver.viol = 0.0630352, sep/add took 0.0147924/0.007687 sec. -----
2571 columns (2571 active), 67 dyn. constrs. (48 active), 327 art. vars. (168 active)
<DWph=2> <it=  1> <et=1.90> <Mt= 0.01> <Spt= 0.01> <nCl= 11> <al=0.00> <DB= 1296.2922> <Mlp= 1344.2465> <PB=1370.1> 
<DWph=2> <it=  2> <et=1.91> <Mt= 0.00> <Spt= 0.00> <nCl=  1> <al=0.40> <DB= 1344.1244> <Mlp= 1344.2058> <PB=1370.1> 
<DWph=2> <it=  3> <et=1.92> <Mt= 0.00> <Spt= 0.00> <nCl=  6> <al=0.00> <DB= 1328.2460> <Mlp= 1344.2058> <PB=1370.1> 
<DWph=2> <it=  4> <et=1.92> <Mt= 0.00> <Spt= 0.01> <nCl=  4> <al=0.00> <DB= 1344.2052> <Mlp= 1344.2052> <PB=1370.1> 
<DWph=1> <it=  5> <et=1.93> <Mt= 0.00> <Spt= 0.00> <nCl=  4> <al=0.10> <DB= 1337.7373> <Mlp= 1344.2052> <PB=1370.1> 
<DWph=1> <it=  6> <et=1.93> <Mt= 0.00> <Spt= 0.01> <nCl=  1> <al=0.00> <DB= 1344.2021> <Mlp= 1344.2021> <PB=1370.1> 
    RCSP exact solver info for graph G_1 : TT = 0.005639, pt = 1.2e-05, dt = 0.004205, ct = 0.001094, ndl = 2', bdl = 21', odl = 2', odf = 14', bsi = 1', cnt = 4', bdch = 164', odch = 19', lcp = 16', #sols = 150
<DWph=0> <it=  7> <et=1.94> <Mt= 0.01> <Spt= 0.01> <nCl= 27> <al=0.00> <DB= 1344.2021> <Mlp= 1344.2021> <PB=1370.1> 
Dynamic params and stats :  aver.obdmd = 23.2623 aver.buck.num. = 26
@@ 1 4 1344.2 0.005299 0.005299 34.6705 1.94
    Full reduced cost fixing is not called (gap ratio is 0.958236)
ColGenEvalAlg final dual bound: 1344.2 (rounded: 1345)
Gap improvement since the last cut separation : 0.0168519 (1343.76)
Cut generation tailing off counter increased to 1
Current active cuts : CAP(32,611.381)
Shrinking heuristic shrunk 7 edges
In total 3 RCC cut(s) are found by the Fractional capacity min-cut heuristic 
In total 8 RCC cut(s) are found by the greedy construction heuristic 
In total 1 RCC cut(s) are found by the global pool greedy search heuristic 
----- Add fac. cuts : CAP(12), max.viol = 0.0904267, aver.viol = 0.0388477, sep/add took 0.0154522/0.00704972 sec. -----
2625 columns (2625 active), 60 dyn. constrs. (52 active), 339 art. vars. (172 active)
<DWph=2> <it=  1> <et=1.98> <Mt= 0.00> <Spt= 0.00> <nCl= 13> <al=0.50> <DB= 1100.7222> <Mlp= 1344.4253> <PB=1370.1> 
<DWph=2> <it=  2> <et=1.99> <Mt= 0.00> <Spt= 0.00> <nCl=  3> <al=0.55> <DB= 1342.0583> <Mlp= 1344.4118> <PB=1370.1> 
<DWph=2> <it=  3> <et=1.99> <Mt= 0.00> <Spt= 0.01> <nCl=  4> <al=0.60> <DB= 1344.2870> <Mlp= 1344.4118> <PB=1370.1> 
<DWph=2> <it=  4> <et=2.00> <Mt= 0.00> <Spt= 0.00> <nCl=  9> <al=0.00> <DB= 1251.7250> <Mlp= 1344.4102> <PB=1370.1> 
<DWph=2> <it=  5> <et=2.01> <Mt= 0.01> <Spt= 0.01> <nCl=  4> <al=0.00> <DB= 1344.4094> <Mlp= 1344.4094> <PB=1370.1> 
<DWph=1> <it=  6> <et=2.01> <Mt= 0.00> <Spt= 0.00> <nCl=  5> <al=0.30> <DB= 1336.4565> <Mlp= 1344.4094> <PB=1370.1> 
<DWph=1> <it=  7> <et=2.02> <Mt= 0.00> <Spt= 0.01> <nCl=  3> <al=0.00> <DB= 1304.6932> <Mlp= 1344.4079> <PB=1370.1> 
<DWph=1> <it=  8> <et=2.03> <Mt= 0.00> <Spt= 0.01> <nCl=  1> <al=0.00> <DB= 1344.4079> <Mlp= 1344.4079> <PB=1370.1> 
    RCSP exact solver info for graph G_1 : TT = 0.00532, pt = 1.1e-05, dt = 0.003945, ct = 0.001051, ndl = 2', bdl = 19', odl = 2', odf = 14', bsi = 1', cnt = 3', bdch = 145', odch = 17', lcp = 15', #sols = 150
<DWph=0> <it=  9> <et=2.04> <Mt= 0.00> <Spt= 0.01> <nCl= 18> <al=0.00> <DB= 1287.1056> <Mlp= 1344.4079> <PB=1370.1> 
    RCSP exact solver info for graph G_1 : TT = 0.005204, pt = 2.2e-05, dt = 0.003874, ct = 0.001002, ndl = 2', bdl = 18', odl = 1', odf = 13', bsi = 1', cnt = 3', bdch = 133', odch = 15', lcp = 13', #sols = 150
<DWph=0> <it= 10> <et=2.05> <Mt= 0.00> <Spt= 0.00> <nCl=  8> <al=0.00> <DB= 1287.9376> <Mlp= 1344.3921> <PB=1370.1> 
    RCSP exact solver info for graph G_1 : TT = 0.005226, pt = 2.3e-05, dt = 0.003908, ct = 0.001001, ndl = 2', bdl = 18', odl = 1', odf = 13', bsi = 1', cnt = 3', bdch = 134', odch = 15', lcp = 13', #sols = 150
<DWph=0> <it= 11> <et=2.06> <Mt= 0.00> <Spt= 0.01> <nCl=  3> <al=0.10> <DB= 1331.8135> <Mlp= 1344.3921> <PB=1370.1> 
    RCSP exact solver info for graph G_1 : TT = 0.005341, pt = 2.3e-05, dt = 0.00399, ct = 0.00103, ndl = 2', bdl = 19', odl = 2', odf = 14', bsi = 1', cnt = 3', bdch = 140', odch = 16', lcp = 14', #sols = 150
<DWph=0> <it= 12> <et=2.07> <Mt= 0.00> <Spt= 0.01> <nCl=  8> <al=0.00> <DB= 1344.3921> <Mlp= 1344.3921> <PB=1370.1> 
Dynamic params and stats :  aver.obdmd = 23.2623 aver.buck.num. = 26
@@ 1 5 1344.39 0.00495025 0.00502 34.6705 2.07
    Full reduced cost fixing is not called (gap ratio is 0.951179)
ColGenEvalAlg final dual bound: 1344.39 (rounded: 1345)
Gap improvement since the last cut separation : 0.00733578 (1344.2)
Cut generation tailing off counter increased to 2
Current active cuts : CAP(34,720.973)
Shrinking heuristic shrunk 7 edges
In total 6 RCC cut(s) are found by the Fractional capacity min-cut heuristic 
In total 6 RCC cut(s) are found by the greedy construction heuristic 
In total 6 RCC cut(s) are found by the global pool greedy search heuristic 
----- Add fac. cuts : CAP(18), max.viol = 0.0714465, aver.viol = 0.0415137, sep/add took 0.0155828/0.010177 sec. -----
2704 columns (2704 active), 70 dyn. constrs. (60 active), 357 art. vars. (180 active)
<DWph=2> <it=  1> <et=2.11> <Mt= 0.01> <Spt= 0.00> <nCl=  1> <al=0.50> <DB= 1344.4477> <Mlp= 1344.5033> <PB=1370.1> 
<DWph=2> <it=  2> <et=2.11> <Mt= 0.00> <Spt= 0.00> <nCl=  1> <al=0.40> <DB= 1328.2110> <Mlp= 1344.4903> <PB=1370.1> 
<DWph=2> <it=  3> <et=2.12> <Mt= 0.00> <Spt= 0.01> <nCl=  3> <al=0.00> <DB= 1335.6873> <Mlp= 1344.4879> <PB=1370.1> 
<DWph=2> <it=  4> <et=2.13> <Mt= 0.00> <Spt= 0.01> <nCl=  1> <al=0.00> <DB= 1344.4873> <Mlp= 1344.4873> <PB=1370.1> 
<DWph=1> <it=  5> <et=2.13> <Mt= 0.00> <Spt= 0.00> <nCl=  3> <al=0.26> <DB= 1326.3770> <Mlp= 1344.4873> <PB=1370.1> 
<DWph=1> <it=  6> <et=2.14> <Mt= 0.01> <Spt= 0.01> <nCl=  0> <al=0.00> <DB= 1344.4863> <Mlp= 1344.4863> <PB=1370.1> 
    RCSP exact solver info for graph G_1 : TT = 0.005308, pt = 1.2e-05, dt = 0.003951, ct = 0.001046, ndl = 2', bdl = 19', odl = 1', odf = 14', bsi = 1', cnt = 3', bdch = 146', odch = 16', lcp = 15', #sols = 150
<DWph=0> <it=  7> <et=2.15> <Mt= 0.00> <Spt= 0.01> <nCl= 11> <al=0.23> <DB= 1337.4244> <Mlp= 1344.4863> <PB=1370.1> 
    RCSP exact solver info for graph G_1 : TT = 0.005414, pt = 2.3e-05, dt = 0.004032, ct = 0.001048, ndl = 2', bdl = 19', odl = 1', odf = 14', bsi = 1', cnt = 3', bdch = 146', odch = 16', lcp = 15', #sols = 150
<DWph=0> <it=  8> <et=2.16> <Mt= 0.00> <Spt= 0.00> <nCl=  2> <al=0.31> <DB= 1340.0406> <Mlp= 1344.4863> <PB=1370.1> 
    RCSP exact solver info for graph G_1 : TT = 0.005625, pt = 2.3e-05, dt = 0.004212, ct = 0.001066, ndl = 2', bdl = 21', odl = 2', odf = 14', bsi = 1', cnt = 3', bdch = 158', odch = 17', lcp = 15', #sols = 150
    RCSP exact solver info for graph G_1 : TT = 0.005358, pt = 2.2e-05, dt = 0.004011, ct = 0.001039, ndl = 2', bdl = 20', odl = 1', odf = 14', bsi = 1', cnt = 3', bdch = 147', odch = 16', lcp = 14', #sols = 150
<DWph=0> <it=  9> <et=2.18> <Mt= 0.00> <Spt= 0.02> <nCl=  0> <al=0.00> <DB= 1344.4860> <Mlp= 1344.4860> <PB=1370.1> 
Dynamic params and stats :  aver.obdmd = 23.2623 aver.buck.num. = 26
@@ 1 6 1344.49 0.00510125 0.005278 34.6705 2.18
    Full reduced cost fixing is not called (gap ratio is 0.947692)
ColGenEvalAlg final dual bound: 1344.49 (rounded: 1345)
Gap improvement since the last cut separation : 0.00365194 (1344.39)
----- Cut separators priority level decreased to 1-----
Current active cuts : CAP(42,764.3)
Shrinking heuristic shrunk 4 edges
In total 2 RCC cut(s) are found by the Fractional capacity min-cut heuristic 
In total 2 RCC cut(s) are found by the greedy construction heuristic 
In total 11 RCC cut(s) are found by the global pool greedy search heuristic 
8 Rank-1 1-rows pack. cuts added ,  max viol. = 0.217494, aver. viol. = 0.134613
150 Rank-1 3-rows pack. cuts added ,  max viol. = 0.336474, aver. viol. = 0.118364
----- Add fac. cuts : CAP(15) R1C(158), max.viol = 0.336474, aver.viol = 0.113298, sep/add took 0.0205271/0.10227 sec. -----
2726 columns (2726 active), 233 dyn. constrs. (223 active), 530 art. vars. (343 active)
<DWph=2> <it=  1> <et=2.35> <Mt= 0.04> <Spt= 0.01> <nCl= 27> <al=0.50> <DB= 1010.8255> <Mlp= 1351.2521> <PB=1370.1> 
<DWph=2> <it=  2> <et=2.40> <Mt= 0.04> <Spt= 0.00> <nCl= 10> <al=0.55> <DB= 1283.4402> <Mlp= 1349.2037> <PB=1370.1> 
<DWph=2> <it=  3> <et=2.43> <Mt= 0.02> <Spt= 0.01> <nCl=  5> <al=0.60> <DB= 1341.4287> <Mlp= 1348.8580> <PB=1370.1> 
<DWph=2> <it=  4> <et=2.46> <Mt= 0.02> <Spt= 0.00> <nCl=  5> <al=0.64> <DB= 1338.2811> <Mlp= 1348.6400> <PB=1370.1> 
<DWph=2> <it=  5> <et=2.47> <Mt= 0.01> <Spt= 0.01> <nCl=  7> <al=0.34> <DB= 1304.9190> <Mlp= 1348.6400> <PB=1370.1> 
<DWph=2> <it=  6> <et=2.48> <Mt= 0.00> <Spt= 0.01> <nCl=  7> <al=0.57> <DB= 1319.9176> <Mlp= 1348.4957> <PB=1370.1> 
<DWph=2> <it=  7> <et=2.49> <Mt= 0.01> <Spt= 0.00> <nCl=  4> <al=0.61> <DB= 1346.8413> <Mlp= 1348.4253> <PB=1370.1> 
<DWph=2> <it=  8> <et=2.50> <Mt= 0.00> <Spt= 0.01> <nCl=  8> <al=0.51> <DB= 1277.3330> <Mlp= 1348.4253> <PB=1370.1> 
<DWph=2> <it=  9> <et=2.51> <Mt= 0.01> <Spt= 0.00> <nCl=  6> <al=0.56> <DB= 1318.0380> <Mlp= 1348.3835> <PB=1370.1> 
<DWph=2> <it= 10> <et=2.52> <Mt= 0.00> <Spt= 0.01> <nCl= 14> <al=0.21> <DB= 1217.4808> <Mlp= 1348.3828> <PB=1370.1> 
<DWph=2> <it= 11> <et=2.53> <Mt= 0.01> <Spt= 0.01> <nCl=  5> <al=0.51> <DB= 1317.7339> <Mlp= 1348.3219> <PB=1370.1> 
<DWph=2> <it= 12> <et=2.54> <Mt= 0.00> <Spt= 0.00> <nCl=  1> <al=0.56> <DB= 1341.7545> <Mlp= 1348.3027> <PB=1370.1> 
<DWph=2> <it= 13> <et=2.56> <Mt= 0.00> <Spt= 0.01> <nCl=  2> <al=0.20> <DB= 1260.1281> <Mlp= 1348.3018> <PB=1370.1> 
<DWph=2> <it= 14> <et=2.57> <Mt= 0.01> <Spt= 0.01> <nCl=  2> <al=0.00> <DB= 1252.8931> <Mlp= 1348.3000> <PB=1370.1> 
<DWph=2> <it= 15> <et=2.58> <Mt= 0.00> <Spt= 0.00> <nCl=  1> <al=0.40> <DB= 1332.9534> <Mlp= 1348.2994> <PB=1370.1> 
<DWph=2> <it= 16> <et=2.59> <Mt= 0.00> <Spt= 0.01> <nCl=  4> <al=0.00> <DB= 1273.8585> <Mlp= 1348.2970> <PB=1370.1> 
<DWph=2> <it= 17> <et=2.60> <Mt= 0.01> <Spt= 0.01> <nCl=  1> <al=0.00> <DB= 1348.2970> <Mlp= 1348.2970> <PB=1370.1> 
<DWph=1> <it= 18> <et=2.61> <Mt= 0.00> <Spt= 0.01> <nCl= 14> <al=0.26> <DB= 1281.3251> <Mlp= 1348.2970> <PB=1370.1> 
<DWph=1> <it= 19> <et=2.63> <Mt= 0.00> <Spt= 0.01> <nCl=  6> <al=0.33> <DB= 1303.1168> <Mlp= 1348.2775> <PB=1370.1> 
<DWph=1> <it= 20> <et=2.64> <Mt= 0.01> <Spt= 0.01> <nCl= 10> <al=0.40> <DB= 1285.6016> <Mlp= 1348.2775> <PB=1370.1> 
<DWph=1> <it= 21> <et=2.65> <Mt= 0.00> <Spt= 0.00> <nCl=  2> <al=0.46> <DB= 1327.4604> <Mlp= 1348.2774> <PB=1370.1> 
<DWph=1> <it= 22> <et=2.66> <Mt= 0.00> <Spt= 0.01> <nCl=  3> <al=0.36> <DB= 1324.9505> <Mlp= 1348.2774> <PB=1370.1> 
<DWph=1> <it= 23> <et=2.68> <Mt= 0.00> <Spt= 0.02> <nCl=  5> <al=0.00> <DB= 1348.1506> <Mlp= 1348.2774> <PB=1370.1> 
<DWph=1> <it= 24> <et=2.69> <Mt= 0.01> <Spt= 0.01> <nCl=  0> <al=0.00> <DB= 1348.2774> <Mlp= 1348.2774> <PB=1370.1> 
    RCSP exact solver info for graph G_1 : TT = 0.021296, pt = 0.000356, dt = 0.016885, ct = 0.00364, ndl = 4', bdl = 31', odl = 2', odf = 21', bsi = 1', cnt = 24', bdch = 338', odch = 52', lcp = 39', #sols = 150
<DWph=0> <it= 25> <et=2.72> <Mt= 0.00> <Spt= 0.03> <nCl= 69> <al=0.22> <DB= 1228.2774> <Mlp= 1348.2774> <PB=1370.1> 
    RCSP exact solver info for graph G_1 : TT = 0.018587, pt = 0.000437, dt = 0.014302, ct = 0.00345, ndl = 4', bdl = 30', odl = 2', odf = 21', bsi = 1', cnt = 16', bdch = 334', odch = 50', lcp = 40', #sols = 150
<DWph=0> <it= 26> <et=2.76> <Mt= 0.01> <Spt= 0.03> <nCl= 27> <al=0.12> <DB= 1313.0022> <Mlp= 1348.2076> <PB=1370.1> 
    RCSP exact solver info for graph G_1 : TT = 0.018282, pt = 0.000445, dt = 0.01403, ct = 0.003388, ndl = 4', bdl = 29', odl = 2', odf = 20', bsi = 1', cnt = 15', bdch = 317', odch = 47', lcp = 37', #sols = 150
<DWph=0> <it= 27> <et=2.78> <Mt= 0.00> <Spt= 0.02> <nCl= 28> <al=0.21> <DB= 1328.6734> <Mlp= 1348.1915> <PB=1370.1> 
    RCSP exact solver info for graph G_1 : TT = 0.018371, pt = 0.000463, dt = 0.014101, ct = 0.003401, ndl = 4', bdl = 29', odl = 2', odf = 20', bsi = 1', cnt = 15', bdch = 320', odch = 47', lcp = 37', #sols = 150
<DWph=0> <it= 28> <et=2.81> <Mt= 0.00> <Spt= 0.02> <nCl= 15> <al=0.29> <DB= 1338.4912> <Mlp= 1348.1915> <PB=1370.1> 
    RCSP exact solver info for graph G_1 : TT = 0.018519, pt = 0.000462, dt = 0.014205, ct = 0.003438, ndl = 4', bdl = 29', odl = 2', odf = 20', bsi = 1', cnt = 16', bdch = 322', odch = 47', lcp = 37', #sols = 150
    RCSP exact solver info for graph G_1 : TT = 0.017745, pt = 0.000383, dt = 0.013611, ct = 0.003386, ndl = 4', bdl = 29', odl = 2', odf = 20', bsi = 1', cnt = 16', bdch = 317', odch = 46', lcp = 36', #sols = 150
<DWph=0> <it= 29> <et=2.85> <Mt= 0.01> <Spt= 0.04> <nCl= 13> <al=0.00> <DB= 1348.1915> <Mlp= 1348.1915> <PB=1370.1> 
Dynamic params and stats :  aver.obdmd = 23.2623 aver.buck.num. = 26 nbR1C = 46 with avMem = 7.52174
@@ 1 7 1348.19 0.0179728 0.020525 34.6705 2.85
Labels distribution in buckets (bucket size) : largest - 51, top 0.1% - 51, top 0.5% - 49, top 2% - 34, top 10% - 19, top 50% - 2
Reduced cost fixing for graph G_1... 27334 buck. arcs remain (92% from prev., 31.9% from max.) + 10424 jump buck. arcs (12.2% from max.)
 TT = 0.100348, pt = 0.010048, dt = 0.049327, ct = 0.04074, ndl = 21', bdl = 260', odl = 4', odf = 81', lpcb = 210', cnt = 411', bdch = 2998', odch = 460', lcp = 408'
Labels distribution in buckets (bucket size) : largest - 57, top 0.1% - 57, top 0.5% - 50, top 2% - 40, top 10% - 21, top 50% - 2
Run forward enumeration with border = 50... succeeded! lpt = 1.31112, ndl = 175', dl = 140', lpcb = 5011', dch = 2519'
Run enumeration concatenation with time limit 0.5214 sec.... time limit reached, not succeeded.
Sorting and storing enumerated solutions ...  TT = 2.21493, pt = 0, dt = 1.31112, ct = 0.544688, ndl = 175', bdl = 140', lpcb = 5011', cnt = 4534', bdch = 2519', odch = 0', lcp = 0'
ColGenEvalAlg final dual bound: 1348.19 (rounded: 1349)
Gap improvement since the last cut separation : 0.144668 (1344.49)
Current active cuts : CAP(32,616.012) R1C(3+43,44.5536) 1rowPackR1C(3) 3rowPackR1C(43)
Shrinking heuristic shrunk 3 edges
In total 3 RCC cut(s) are found by the Fractional capacity min-cut heuristic 
In total 6 RCC cut(s) are found by the greedy construction heuristic 
In total 1 RCC cut(s) are found by the global pool greedy search heuristic 
8 Rank-1 1-rows pack. cuts added ,  max viol. = 0.291759, aver. viol. = 0.116924
102 Rank-1 3-rows pack. cuts added ,  max viol. = 0.181363, aver. viol. = 0.0683182
Building structures for heuristic rank-1 packing cut separation...done!
75 Rank-1 4-rows pack. cuts added ,  max viol. = 0.264723, aver. viol. = 0.0975653
100 Rank-1 5-rows pack. cuts added ,  max viol. = 0.271096, aver. viol. = 0.195784
----- Add fac. cuts : CAP(10) R1C(285), max.viol = 0.291759, aver.viol = 0.121865, sep/add took 0.623842/0.198399 sec. -----
3027 columns (3027 active), 518 dyn. constrs. (385 active), 825 art. vars. (505 active)
<DWph=2> <it=  1> <et=6.07> <Mt= 0.05> <Spt= 0.01> <nCl= 10> <al=0.50> <DB= 1280.0333> <Mlp= 1352.8483> <PB=1370.1> 
<DWph=2> <it=  2> <et=6.09> <Mt= 0.02> <Spt= 0.01> <nCl=  8> <al=0.55> <DB= 1326.3414> <Mlp= 1352.5310> <PB=1370.1> 
<DWph=2> <it=  3> <et=6.13> <Mt= 0.03> <Spt= 0.01> <nCl= 10> <al=0.60> <DB= 1092.2790> <Mlp= 1352.4127> <PB=1370.1> 
<DWph=2> <it=  4> <et=6.16> <Mt= 0.01> <Spt= 0.01> <nCl= 20> <al=0.27> <DB= 1179.6049> <Mlp= 1352.3782> <PB=1370.1> 
<DWph=2> <it=  5> <et=6.21> <Mt= 0.05> <Spt= 0.01> <nCl=  3> <al=0.54> <DB= 1268.5367> <Mlp= 1352.0341> <PB=1370.1> 
<DWph=2> <it=  6> <et=6.23> <Mt= 0.01> <Spt= 0.00> <nCl=  2> <al=0.58> <DB= 1350.6729> <Mlp= 1352.0028> <PB=1370.1> 
<DWph=2> <it=  7> <et=6.24> <Mt= 0.00> <Spt= 0.01> <nCl=  3> <al=0.48> <DB= 1283.7364> <Mlp= 1352.0028> <PB=1370.1> 
<DWph=2> <it=  8> <et=6.26> <Mt= 0.01> <Spt= 0.01> <nCl= 10> <al=0.07> <DB= 1310.7248> <Mlp= 1351.9979> <PB=1370.1> 
<DWph=2> <it=  9> <et=6.27> <Mt= 0.00> <Spt= 0.01> <nCl=  2> <al=0.43> <DB= 1290.6222> <Mlp= 1351.9930> <PB=1370.1> 
<DWph=2> <it= 10> <et=6.30> <Mt= 0.01> <Spt= 0.01> <nCl= 10> <al=0.00> <DB= 1307.9232> <Mlp= 1351.9864> <PB=1370.1> 
<DWph=2> <it= 11> <et=6.31> <Mt= 0.01> <Spt= 0.01> <nCl=  0> <al=0.00> <DB= 1351.9848> <Mlp= 1351.9848> <PB=1370.1> 
<DWph=1> <it= 12> <et=6.32> <Mt= 0.00> <Spt= 0.01> <nCl= 22> <al=0.29> <DB= 1161.4793> <Mlp= 1351.9848> <PB=1370.1> 
<DWph=1> <it= 13> <et=6.36> <Mt= 0.02> <Spt= 0.02> <nCl=  9> <al=0.36> <DB= 1252.0179> <Mlp= 1351.7130> <PB=1370.1> 
<DWph=1> <it= 14> <et=6.39> <Mt= 0.02> <Spt= 0.01> <nCl= 16> <al=0.26> <DB= 1221.8257> <Mlp= 1351.6241> <PB=1370.1> 
<DWph=1> <it= 15> <et=6.41> <Mt= 0.01> <Spt= 0.01> <nCl=  4> <al=0.34> <DB= 1275.6726> <Mlp= 1351.6170> <PB=1370.1> 
<DWph=1> <it= 16> <et=6.43> <Mt= 0.01> <Spt= 0.01> <nCl=  8> <al=0.40> <DB= 1321.0897> <Mlp= 1351.5812> <PB=1370.1> 
<DWph=1> <it= 17> <et=6.45> <Mt= 0.01> <Spt= 0.01> <nCl=  2> <al=0.30> <DB= 1193.5730> <Mlp= 1351.5787> <PB=1370.1> 
<DWph=1> <it= 18> <et=6.47> <Mt= 0.01> <Spt= 0.01> <nCl=  3> <al=0.20> <DB= 1291.5450> <Mlp= 1351.5703> <PB=1370.1> 
<DWph=1> <it= 19> <et=6.48> <Mt= 0.00> <Spt= 0.01> <nCl=  2> <al=0.28> <DB= 1341.1277> <Mlp= 1351.5681> <PB=1370.1> 
<DWph=1> <it= 20> <et=6.51> <Mt= 0.01> <Spt= 0.02> <nCl=  8> <al=0.00> <DB= 1348.3623> <Mlp= 1351.5681> <PB=1370.1> 
<DWph=1> <it= 21> <et=6.52> <Mt= 0.00> <Spt= 0.01> <nCl=  2> <al=0.25> <DB= 1349.6631> <Mlp= 1351.5681> <PB=1370.1> 
<DWph=1> <it= 22> <et=6.54> <Mt= 0.00> <Spt= 0.01> <nCl=  3> <al=0.00> <DB= 1351.5681> <Mlp= 1351.5681> <PB=1370.1> 
    RCSP exact solver info for graph G_1 : TT = 0.028124, pt = 0.000569, dt = 0.021454, ct = 0.00568, ndl = 6', bdl = 37', odl = 2', odf = 26', bsi = 1', cnt = 80', bdch = 526', odch = 101', lcp = 72', #sols = 150
<DWph=0> <it= 23> <et=6.59> <Mt= 0.00> <Spt= 0.06> <nCl=131> <al=0.23> <DB= 1213.4836> <Mlp= 1351.5681> <PB=1370.1> 
    RCSP exact solver info for graph G_1 : TT = 0.029004, pt = 0.000834, dt = 0.021988, ct = 0.00575, ndl = 6', bdl = 37', odl = 2', odf = 26', bsi = 1', cnt = 71', bdch = 534', odch = 96', lcp = 70', #sols = 150
<DWph=0> <it= 24> <et=6.67> <Mt= 0.04> <Spt= 0.03> <nCl= 22> <al=0.31> <DB= 1309.6061> <Mlp= 1351.3480> <PB=1370.1> 
    RCSP exact solver info for graph G_1 : TT = 0.028319, pt = 0.000876, dt = 0.02161, ct = 0.005393, ndl = 5', bdl = 36', odl = 2', odf = 25', bsi = 1', cnt = 60', bdch = 502', odch = 90', lcp = 65', #sols = 150
<DWph=0> <it= 25> <et=6.72> <Mt= 0.02> <Spt= 0.04> <nCl= 48> <al=0.21> <DB= 1198.4250> <Mlp= 1351.3341> <PB=1370.1> 
    RCSP exact solver info for graph G_1 : TT = 0.028042, pt = 0.000849, dt = 0.021397, ct = 0.005352, ndl = 5', bdl = 36', odl = 2', odf = 25', bsi = 1', cnt = 58', bdch = 497', odch = 90', lcp = 64', #sols = 150
<DWph=0> <it= 26> <et=6.76> <Mt= 0.01> <Spt= 0.03> <nCl=  9> <al=0.28> <DB= 1339.4531> <Mlp= 1351.3329> <PB=1370.1> 
    RCSP exact solver info for graph G_1 : TT = 0.027545, pt = 0.000828, dt = 0.021034, ct = 0.005272, ndl = 5', bdl = 36', odl = 2', odf = 25', bsi = 1', cnt = 58', bdch = 482', odch = 88', lcp = 62', #sols = 150
<DWph=0> <it= 27> <et=6.80> <Mt= 0.00> <Spt= 0.03> <nCl=  5> <al=0.18> <DB= 1322.4502> <Mlp= 1351.3325> <PB=1370.1> 
    RCSP exact solver info for graph G_1 : TT = 0.028379, pt = 0.000832, dt = 0.021675, ct = 0.005423, ndl = 5', bdl = 37', odl = 2', odf = 25', bsi = 1', cnt = 58', bdch = 505', odch = 90', lcp = 64', #sols = 150
    RCSP exact solver info for graph G_1 : TT = 0.025362, pt = 0.000656, dt = 0.019175, ct = 0.00503, ndl = 5', bdl = 35', odl = 2', odf = 24', bsi = 1', cnt = 52', bdch = 470', odch = 83', lcp = 60', #sols = 150
<DWph=0> <it= 28> <et=6.87> <Mt= 0.01> <Spt= 0.07> <nCl= 13> <al=0.00> <DB= 1351.3325> <Mlp= 1351.3325> <PB=1370.1> 
Dynamic params and stats :  aver.obdmd = 23.2623 aver.buck.num. = 26 nbR1C = 74 with avMem = 8.02703
@@ 1 8 1351.33 0.0266047 0.027738 31.8849 6.87
Labels distribution in buckets (bucket size) : largest - 88, top 0.1% - 88, top 0.5% - 81, top 2% - 46, top 10% - 23, top 50% - 3
Reduced cost fixing for graph G_1... 25034 buck. arcs remain (91.6% from prev., 29.2% from max.) + 10101 jump buck. arcs (11.8% from max.)
 TT = 0.144661, pt = 0.015627, dt = 0.076882, ct = 0.051724, ndl = 29', bdl = 316', odl = 4', odf = 103', lpcb = 290', cnt = 569', bdch = 4684', odch = 751', lcp = 749'
Labels distribution in buckets (bucket size) : largest - 114, top 0.1% - 114, top 0.5% - 83, top 2% - 55, top 10% - 25, top 50% - 3
Run forward enumeration with border = 50... succeeded! lpt = 1.12174, ndl = 139', dl = 93', lpcb = 3872', dch = 1571'
Run enumeration concatenation with time limit 0.74583 sec.... time limit reached, not succeeded.
Sorting and storing enumerated solutions ...  TT = 2.08786, pt = 0, dt = 1.12174, ct = 0.75134, ndl = 139', bdl = 93', lpcb = 3872', cnt = 5203', bdch = 1571', odch = 0', lcp = 0'
ColGenEvalAlg final dual bound: 1351.33 (rounded: 1352)
Gap improvement since the last cut separation : 0.143371 (1348.19)
Current active cuts : CAP(29,641.397) R1C(8+66,84.9064) 1rowPackR1C(8) 3rowPackR1C(49) 4rowPackR1C(6) 5rowPackR1C(11)
Shrinking heuristic shrunk 7 edges
In total 4 RCC cut(s) are found by the Fractional capacity min-cut heuristic 
In total 7 RCC cut(s) are found by the global pool greedy search heuristic 
4 Rank-1 1-rows pack. cuts added ,  max viol. = 0.177665, aver. viol. = 0.0811646
93 Rank-1 3-rows pack. cuts added ,  max viol. = 0.265125, aver. viol. = 0.0530062
Building structures for heuristic rank-1 packing cut separation...done!
81 Rank-1 4-rows pack. cuts added ,  max viol. = 0.241208, aver. viol. = 0.0628023
100 Rank-1 5-rows pack. cuts added ,  max viol. = 0.2769, aver. viol. = 0.136645
----- Add fac. cuts : CAP(11) R1C(278), max.viol = 0.312593, aver.viol = 0.110918, sep/add took 0.667342/0.233512 sec. -----
3412 columns (3412 active), 674 dyn. constrs. (402 active), 1114 art. vars. (522 active)
<DWph=2> <it=  1> <et=10.19> <Mt= 0.06> <Spt= 0.01> <nCl= 11> <al=0.50> <DB= 1258.4244> <Mlp= 1352.4275> <PB=1370.1> 
<DWph=2> <it=  2> <et=10.37> <Mt= 0.15> <Spt= 0.01> <nCl= 29> <al=0.10> <DB=  971.3142> <Mlp= 1352.1634> <PB=1370.1> 
<DWph=2> <it=  3> <et=10.39> <Mt= 0.02> <Spt= 0.01> <nCl=  9> <al=0.45> <DB= 1232.5622> <Mlp= 1352.1610> <PB=1370.1> 
<DWph=2> <it=  4> <et=10.40> <Mt= 0.00> <Spt= 0.01> <nCl=  3> <al=0.51> <DB= 1321.0352> <Mlp= 1352.1610> <PB=1370.1> 
<DWph=2> <it=  5> <et=10.43> <Mt= 0.01> <Spt= 0.01> <nCl= 10> <al=0.11> <DB=  997.4348> <Mlp= 1352.1610> <PB=1370.1> 
<DWph=2> <it=  6> <et=10.45> <Mt= 0.01> <Spt= 0.02> <nCl=  7> <al=0.00> <DB= 1320.5340> <Mlp= 1352.1610> <PB=1370.1> 
<DWph=2> <it=  7> <et=10.46> <Mt= 0.01> <Spt= 0.00> <nCl=  1> <al=0.35> <DB= 1336.7277> <Mlp= 1352.1561> <PB=1370.1> 
<DWph=2> <it=  8> <et=10.47> <Mt= 0.00> <Spt= 0.01> <nCl=  1> <al=0.25> <DB= 1351.3121> <Mlp= 1352.1561> <PB=1370.1> 
<DWph=2> <it=  9> <et=10.49> <Mt= 0.00> <Spt= 0.01> <nCl=  8> <al=0.00> <DB= 1203.5141> <Mlp= 1352.1561> <PB=1370.1> 
<DWph=2> <it= 10> <et=10.50> <Mt= 0.01> <Spt= 0.01> <nCl=  2> <al=0.05> <DB= 1299.6857> <Mlp= 1352.1554> <PB=1370.1> 
<DWph=2> <it= 11> <et=10.51> <Mt= 0.00> <Spt= 0.01> <nCl=  1> <al=0.15> <DB= 1346.3233> <Mlp= 1352.1554> <PB=1370.1> 
<DWph=2> <it= 12> <et=10.53> <Mt= 0.01> <Spt= 0.01> <nCl=  5> <al=0.00> <DB= 1352.1554> <Mlp= 1352.1554> <PB=1370.1> 
<DWph=1> <it= 13> <et=10.54> <Mt= 0.00> <Spt= 0.01> <nCl= 16> <al=0.13> <DB= 1239.6396> <Mlp= 1352.1554> <PB=1370.1> 
<DWph=1> <it= 14> <et=10.59> <Mt= 0.03> <Spt= 0.01> <nCl=  9> <al=0.22> <DB= 1244.2613> <Mlp= 1352.0437> <PB=1370.1> 
<DWph=1> <it= 15> <et=10.61> <Mt= 0.01> <Spt= 0.01> <nCl=  6> <al=0.30> <DB= 1339.7443> <Mlp= 1352.0380> <PB=1370.1> 
<DWph=1> <it= 16> <et=10.62> <Mt= 0.01> <Spt= 0.01> <nCl= 10> <al=0.37> <DB= 1232.2243> <Mlp= 1352.0380> <PB=1370.1> 
<DWph=1> <it= 17> <et=10.64> <Mt= 0.00> <Spt= 0.01> <nCl=  5> <al=0.43> <DB= 1339.7483> <Mlp= 1352.0380> <PB=1370.1> 
<DWph=1> <it= 18> <et=10.66> <Mt= 0.01> <Spt= 0.01> <nCl=  4> <al=0.49> <DB= 1340.9350> <Mlp= 1352.0331> <PB=1370.1> 
<DWph=1> <it= 19> <et=10.67> <Mt= 0.00> <Spt= 0.01> <nCl=  3> <al=0.54> <DB= 1301.6706> <Mlp= 1352.0331> <PB=1370.1> 
<DWph=1> <it= 20> <et=10.69> <Mt= 0.01> <Spt= 0.02> <nCl=  1> <al=0.17> <DB= 1350.9452> <Mlp= 1352.0328> <PB=1370.1> 
<DWph=1> <it= 21> <et=10.72> <Mt= 0.00> <Spt= 0.02> <nCl=  4> <al=0.00> <DB= 1217.8443> <Mlp= 1352.0328> <PB=1370.1> 
<DWph=1> <it= 22> <et=10.74> <Mt= 0.01> <Spt= 0.02> <nCl=  1> <al=0.00> <DB= 1352.0328> <Mlp= 1352.0328> <PB=1370.1> 
    RCSP exact solver info for graph G_1 : TT = 0.029126, pt = 0.000614, dt = 0.021283, ct = 0.006828, ndl = 6', bdl = 37', odl = 2', odf = 28', bsi = 1', cnt = 114', bdch = 559', odch = 110', lcp = 82', #sols = 150
<DWph=0> <it= 23> <et=10.79> <Mt= 0.00> <Spt= 0.05> <nCl= 95> <al=0.29> <DB= 1223.7421> <Mlp= 1352.0328> <PB=1370.1> 
    RCSP exact solver info for graph G_1 : TT = 0.029595, pt = 0.000822, dt = 0.021212, ct = 0.00712, ndl = 6', bdl = 35', odl = 2', odf = 26', bsi = 1', cnt = 105', bdch = 496', odch = 93', lcp = 70', #sols = 150
<DWph=0> <it= 24> <et=10.87> <Mt= 0.04> <Spt= 0.03> <nCl= 29> <al=0.19> <DB= 1337.8905> <Mlp= 1351.9807> <PB=1370.1> 
    RCSP exact solver info for graph G_1 : TT = 0.028972, pt = 0.000799, dt = 0.020773, ct = 0.006946, ndl = 6', bdl = 34', odl = 2', odf = 26', bsi = 1', cnt = 99', bdch = 476', odch = 89', lcp = 66', #sols = 150
<DWph=0> <it= 25> <et=10.91> <Mt= 0.00> <Spt= 0.04> <nCl= 26> <al=0.27> <DB= 1326.7825> <Mlp= 1351.9807> <PB=1370.1> 
    RCSP exact solver info for graph G_1 : TT = 0.032491, pt = 0.000811, dt = 0.022769, ct = 0.008455, ndl = 6', bdl = 37', odl = 2', odf = 27', bsi = 1', cnt = 147', bdch = 543', odch = 108', lcp = 77', #sols = 150
<DWph=0> <it= 26> <et=10.95> <Mt= 0.01> <Spt= 0.04> <nCl= 18> <al=0.34> <DB= 1338.4477> <Mlp= 1351.9807> <PB=1370.1> 
    RCSP exact solver info for graph G_1 : TT = 0.028475, pt = 0.000794, dt = 0.020418, ct = 0.006817, ndl = 6', bdl = 33', odl = 2', odf = 25', bsi = 1', cnt = 97', bdch = 461', odch = 85', lcp = 64', #sols = 150
<DWph=0> <it= 27> <et=10.99> <Mt= 0.00> <Spt= 0.03> <nCl= 12> <al=0.41> <DB= 1346.4796> <Mlp= 1351.9807> <PB=1370.1> 
    RCSP exact solver info for graph G_1 : TT = 0.028872, pt = 0.000812, dt = 0.020689, ct = 0.006903, ndl = 6', bdl = 34', odl = 2', odf = 25', bsi = 1', cnt = 99', bdch = 473', odch = 88', lcp = 65', #sols = 150
    RCSP exact solver info for graph G_1 : TT = 0.026278, pt = 0.000641, dt = 0.0191, ct = 0.006133, ndl = 6', bdl = 32', odl = 2', odf = 25', bsi = 1', cnt = 92', bdch = 450', odch = 83', lcp = 62', #sols = 150
<DWph=0> <it= 28> <et=11.06> <Mt= 0.00> <Spt= 0.07> <nCl=  5> <al=0.00> <DB= 1351.9807> <Mlp= 1351.9807> <PB=1370.1> 
Dynamic params and stats :  aver.obdmd = 23.2623 aver.buck.num. = 26 nbR1C = 73 with avMem = 8
@@ 1 9 1351.98 0.0279209 0.031224 29.202 11.06
    Full reduced cost fixing is not called (gap ratio is 0.965281)
ColGenEvalAlg final dual bound: 1351.98 (rounded: 1352)
Gap improvement since the last cut separation : 0.0345337 (1351.33)
Current active cuts : CAP(22,606.737) R1C(7+66,94.5472) 1rowPackR1C(7) 3rowPackR1C(41) 4rowPackR1C(13) 5rowPackR1C(12)
Shrinking heuristic shrunk 8 edges
In total 1 RCC cut(s) are found by the greedy construction heuristic 
In total 2 RCC cut(s) are found by the global pool greedy search heuristic 
3 Rank-1 1-rows pack. cuts added ,  max viol. = 0.0886905, aver. viol. = 0.0737103
16 Rank-1 3-rows pack. cuts added ,  max viol. = 0.133631, aver. viol. = 0.0588542
Building structures for heuristic rank-1 packing cut separation...done!
29 Rank-1 4-rows pack. cuts added ,  max viol. = 0.144048, aver. viol. = 0.0442837
100 Rank-1 5-rows pack. cuts added ,  max viol. = 0.176786, aver. viol. = 0.0798452
----- Add fac. cuts : CAP(3) R1C(148), max.viol = 0.354762, aver.viol = 0.10722, sep/add took 0.541205/0.13424 sec. -----
3743 columns (3743 active), 553 dyn. constrs. (260 active), 1265 art. vars. (380 active)
<DWph=2> <it=  1> <et=11.81> <Mt= 0.04> <Spt= 0.00> <nCl=  3> <al=0.50> <DB= 1352.3916> <Mlp= 1352.8025> <PB=1370.1> 
<DWph=2> <it=  2> <et=11.82> <Mt= 0.01> <Spt= 0.01> <nCl=  5> <al=0.40> <DB= 1317.7855> <Mlp= 1352.7995> <PB=1370.1> 
<DWph=2> <it=  3> <et=11.83> <Mt= 0.00> <Spt= 0.01> <nCl=  2> <al=0.46> <DB= 1336.6102> <Mlp= 1352.7987> <PB=1370.1> 
<DWph=2> <it=  4> <et=11.85> <Mt= 0.01> <Spt= 0.00> <nCl=  2> <al=0.51> <DB= 1336.4078> <Mlp= 1352.7986> <PB=1370.1> 
<DWph=2> <it=  5> <et=11.86> <Mt= 0.00> <Spt= 0.01> <nCl=  1> <al=0.56> <DB= 1345.1560> <Mlp= 1352.7977> <PB=1370.1> 
<DWph=2> <it=  6> <et=11.87> <Mt= 0.00> <Spt= 0.01> <nCl=  2> <al=0.21> <DB= 1348.6373> <Mlp= 1352.7976> <PB=1370.1> 
<DWph=2> <it=  7> <et=11.89> <Mt= 0.01> <Spt= 0.02> <nCl=  5> <al=0.00> <DB= 1352.7974> <Mlp= 1352.7974> <PB=1370.1> 
<DWph=1> <it=  8> <et=11.90> <Mt= 0.00> <Spt= 0.01> <nCl=  2> <al=0.41> <DB= 1295.4911> <Mlp= 1352.7974> <PB=1370.1> 
<DWph=1> <it=  9> <et=11.93> <Mt= 0.01> <Spt= 0.02> <nCl=  5> <al=0.00> <DB= 1352.7932> <Mlp= 1352.7932> <PB=1370.1> 
    RCSP exact solver info for graph G_1 : TT = 0.029506, pt = 0.000747, dt = 0.021853, ct = 0.006474, ndl = 6', bdl = 36', odl = 2', odf = 27', bsi = 1', cnt = 82', bdch = 525', odch = 96', lcp = 73', #sols = 150
<DWph=0> <it= 10> <et=11.97> <Mt= 0.00> <Spt= 0.03> <nCl= 33> <al=0.31> <DB= 1283.2168> <Mlp= 1352.7932> <PB=1370.1> 
    RCSP exact solver info for graph G_1 : TT = 0.030156, pt = 0.00086, dt = 0.022421, ct = 0.006392, ndl = 6', bdl = 36', odl = 2', odf = 27', bsi = 1', cnt = 80', bdch = 522', odch = 95', lcp = 71', #sols = 150
<DWph=0> <it= 11> <et=12.02> <Mt= 0.01> <Spt= 0.04> <nCl= 16> <al=0.38> <DB= 1326.6325> <Mlp= 1352.7604> <PB=1370.1> 
    RCSP exact solver info for graph G_1 : TT = 0.031333, pt = 0.00088, dt = 0.023072, ct = 0.006892, ndl = 6', bdl = 38', odl = 2', odf = 28', bsi = 1', cnt = 97', bdch = 552', odch = 102', lcp = 75', #sols = 150
<DWph=0> <it= 12> <et=12.06> <Mt= 0.01> <Spt= 0.03> <nCl= 11> <al=0.28> <DB= 1343.7735> <Mlp= 1352.7604> <PB=1370.1> 
    RCSP exact solver info for graph G_1 : TT = 0.029498, pt = 0.000856, dt = 0.021939, ct = 0.006227, ndl = 6', bdl = 35', odl = 2', odf = 26', bsi = 1', cnt = 76', bdch = 503', odch = 91', lcp = 69', #sols = 150
    RCSP exact solver info for graph G_1 : TT = 0.028534, pt = 0.000724, dt = 0.021179, ct = 0.006205, ndl = 6', bdl = 35', odl = 2', odf = 27', bsi = 1', cnt = 76', bdch = 512', odch = 93', lcp = 70', #sols = 150
<DWph=0> <it= 13> <et=12.13> <Mt= 0.00> <Spt= 0.07> <nCl=  8> <al=0.00> <DB= 1352.7604> <Mlp= 1352.7604> <PB=1370.1> 
Dynamic params and stats :  aver.obdmd = 23.2623 aver.buck.num. = 26 nbR1C = 79 with avMem = 8.29114
@@ 1 10 1352.76 0.0285308 0.029964 29.202 12.13
    Full reduced cost fixing is not called (gap ratio is 0.923509)
ColGenEvalAlg final dual bound: 1352.76 (rounded: 1353)
Gap improvement since the last cut separation : 0.0430356 (1351.98)
Current active cuts : CAP(22,552.144) R1C(8+71,99.5135) 1rowPackR1C(8) 3rowPackR1C(34) 4rowPackR1C(16) 5rowPackR1C(21)
Shrinking heuristic shrunk 7 edges
In total 4 RCC cut(s) are found by the Fractional capacity min-cut heuristic 
In total 4 RCC cut(s) are found by the greedy construction heuristic 
In total 6 RCC cut(s) are found by the global pool greedy search heuristic 
2 Rank-1 1-rows pack. cuts added ,  max viol. = 0.0562335, aver. viol. = 0.0465818
54 Rank-1 3-rows pack. cuts added ,  max viol. = 0.112969, aver. viol. = 0.0459961
Building structures for heuristic rank-1 packing cut separation...done!
54 Rank-1 4-rows pack. cuts added ,  max viol. = 0.138399, aver. viol. = 0.060949
100 Rank-1 5-rows pack. cuts added ,  max viol. = 0.208182, aver. viol. = 0.0942512
----- Add fac. cuts : CAP(14) R1C(210), max.viol = 0.210212, aver.viol = 0.0849682, sep/add took 0.590315/0.207 sec. -----
3838 columns (3838 active), 484 dyn. constrs. (336 active), 1489 art. vars. (456 active)
<DWph=2> <it=  1> <et=13.02> <Mt= 0.05> <Spt= 0.00> <nCl=  2> <al=0.50> <DB= 1351.7817> <Mlp= 1353.2481> <PB=1370.1> 
<DWph=2> <it=  2> <et=13.07> <Mt= 0.04> <Spt= 0.01> <nCl=  1> <al=0.55> <DB= 1352.9580> <Mlp= 1353.1996> <PB=1370.1> 
<DWph=2> <it=  3> <et=13.08> <Mt= 0.01> <Spt= 0.01> <nCl=  4> <al=0.45> <DB= 1338.5294> <Mlp= 1353.1996> <PB=1370.1> 
<DWph=2> <it=  4> <et=13.10> <Mt= 0.01> <Spt= 0.01> <nCl=  4> <al=0.51> <DB= 1353.0739> <Mlp= 1353.1921> <PB=1370.1> 
<DWph=2> <it=  5> <et=13.12> <Mt= 0.01> <Spt= 0.00> <nCl=  5> <al=0.41> <DB= 1322.1957> <Mlp= 1353.1879> <PB=1370.1> 
<DWph=2> <it=  6> <et=13.14> <Mt= 0.01> <Spt= 0.02> <nCl=  5> <al=0.00> <DB= 1337.6785> <Mlp= 1353.1877> <PB=1370.1> 
<DWph=2> <it=  7> <et=13.15> <Mt= 0.00> <Spt= 0.01> <nCl=  0> <al=0.00> <DB= 1353.1869> <Mlp= 1353.1869> <PB=1370.1> 
<DWph=1> <it=  8> <et=13.17> <Mt= 0.00> <Spt= 0.01> <nCl=  8> <al=0.26> <DB= 1257.8742> <Mlp= 1353.1869> <PB=1370.1> 
<DWph=1> <it=  9> <et=13.21> <Mt= 0.03> <Spt= 0.01> <nCl=  5> <al=0.34> <DB= 1255.8283> <Mlp= 1353.1269> <PB=1370.1> 
<DWph=1> <it= 10> <et=13.22> <Mt= 0.01> <Spt= 0.01> <nCl=  1> <al=0.24> <DB= 1323.0846> <Mlp= 1353.1269> <PB=1370.1> 
<DWph=1> <it= 11> <et=13.24> <Mt= 0.00> <Spt= 0.01> <nCl=  5> <al=0.14> <DB= 1331.8366> <Mlp= 1353.1269> <PB=1370.1> 
<DWph=1> <it= 12> <et=13.25> <Mt= 0.01> <Spt= 0.01> <nCl=  1> <al=0.22> <DB= 1332.0490> <Mlp= 1353.1269> <PB=1370.1> 
<DWph=1> <it= 13> <et=13.27> <Mt= 0.00> <Spt= 0.02> <nCl=  2> <al=0.00> <DB= 1344.1745> <Mlp= 1353.1269> <PB=1370.1> 
<DWph=1> <it= 14> <et=13.30> <Mt= 0.00> <Spt= 0.01> <nCl=  0> <al=0.00> <DB= 1353.1269> <Mlp= 1353.1269> <PB=1370.1> 
    RCSP exact solver info for graph G_1 : TT = 0.029319, pt = 0.000743, dt = 0.021156, ct = 0.006988, ndl = 6', bdl = 36', odl = 2', odf = 26', bsi = 1', cnt = 103', bdch = 506', odch = 88', lcp = 71', #sols = 150
<DWph=0> <it= 15> <et=13.34> <Mt= 0.01> <Spt= 0.05> <nCl= 64> <al=0.10> <DB= 1239.9789> <Mlp= 1353.1269> <PB=1370.1> 
    RCSP exact solver info for graph G_1 : TT = 0.0407, pt = 0.001184, dt = 0.027053, ct = 0.011995, ndl = 7', bdl = 38', odl = 2', odf = 29', bsi = 2', cnt = 199', bdch = 584', odch = 118', lcp = 88', #sols = 150
<DWph=0> <it= 16> <et=13.51> <Mt= 0.10> <Spt= 0.06> <nCl=112> <al=0.19> <DB= 1201.0105> <Mlp= 1353.0561> <PB=1370.1> 
    RCSP exact solver info for graph G_1 : TT = 0.034999, pt = 0.001033, dt = 0.024306, ct = 0.009154, ndl = 6', bdl = 37', odl = 2', odf = 28', bsi = 1', cnt = 133', bdch = 552', odch = 104', lcp = 81', #sols = 150
    RCSP exact solver info for graph G_1 : TT = 0.03069, pt = 0.000777, dt = 0.021985, ct = 0.007483, ndl = 6', bdl = 36', odl = 2', odf = 27', bsi = 1', cnt = 114', bdch = 523', odch = 101', lcp = 76', #sols = 150
<DWph=0> <it= 17> <et=13.61> <Mt= 0.02> <Spt= 0.08> <nCl= 17> <al=0.00> <DB= 1349.6957> <Mlp= 1353.0541> <PB=1370.1> 
    RCSP exact solver info for graph G_1 : TT = 0.031001, pt = 0.000795, dt = 0.022201, ct = 0.007549, ndl = 6', bdl = 36', odl = 2', odf = 28', bsi = 1', cnt = 117', bdch = 526', odch = 103', lcp = 77', #sols = 150
    RCSP exact solver info for graph G_1 : TT = 0.030784, pt = 0.000761, dt = 0.022059, ct = 0.007535, ndl = 6', bdl = 36', odl = 2', odf = 28', bsi = 1', cnt = 117', bdch = 526', odch = 102', lcp = 77', #sols = 150
<DWph=0> <it= 18> <et=13.68> <Mt= 0.01> <Spt= 0.06> <nCl=  5> <al=0.00> <DB= 1353.0541> <Mlp= 1353.0541> <PB=1370.1> 
Dynamic params and stats :  aver.obdmd = 23.2623 aver.buck.num. = 26 nbR1C = 84 with avMem = 8.30952
@@ 1 11 1353.05 0.0315773 0.039048 29.202 13.68
    Full reduced cost fixing is not called (gap ratio is 0.907778)
ColGenEvalAlg final dual bound: 1353.05 (rounded: 1354)
Gap improvement since the last cut separation : 0.0169363 (1352.76)
Cut generation tailing off counter increased to 1
Current active cuts : CAP(22,544.802) R1C(7+77,109.653) 1rowPackR1C(7) 3rowPackR1C(38) 4rowPackR1C(17) 5rowPackR1C(22)
In total 1 RCC cut(s) are found by the connected components heuristic 
Shrinking heuristic shrunk 4 edges
In total 6 RCC cut(s) are found by the greedy construction heuristic 
In total 9 RCC cut(s) are found by the global pool greedy search heuristic 
3 Rank-1 1-rows pack. cuts added ,  max viol. = 0.0879494, aver. viol. = 0.0434844
21 Rank-1 3-rows pack. cuts added ,  max viol. = 0.106179, aver. viol. = 0.0547491
Building structures for heuristic rank-1 packing cut separation...done!
42 Rank-1 4-rows pack. cuts added ,  max viol. = 0.106179, aver. viol. = 0.0399685
100 Rank-1 5-rows pack. cuts added ,  max viol. = 0.106179, aver. viol. = 0.0717275
----- Add fac. cuts : CAP(16) R1C(166), max.viol = 0.210313, aver.viol = 0.085717, sep/add took 0.731363/0.19615 sec. -----
4079 columns (4079 active), 518 dyn. constrs. (304 active), 1671 art. vars. (424 active)
<DWph=2> <it=  1> <et=14.68> <Mt= 0.04> <Spt= 0.01> <nCl=  6> <al=0.50> <DB= 1349.8898> <Mlp= 1353.3932> <PB=1370.1> 
<DWph=2> <it=  2> <et=14.70> <Mt= 0.00> <Spt= 0.01> <nCl=  2> <al=0.10> <DB= 1339.8047> <Mlp= 1353.3932> <PB=1370.1> 
<DWph=2> <it=  3> <et=14.72> <Mt= 0.01> <Spt= 0.02> <nCl=  0> <al=0.00> <DB= 1353.3894> <Mlp= 1353.3894> <PB=1370.1> 
<DWph=1> <it=  4> <et=14.73> <Mt= 0.00> <Spt= 0.01> <nCl=  7> <al=0.35> <DB= 1295.3351> <Mlp= 1353.3894> <PB=1370.1> 
<DWph=1> <it=  5> <et=14.75> <Mt= 0.01> <Spt= 0.01> <nCl=  1> <al=0.42> <DB= 1318.4102> <Mlp= 1353.3713> <PB=1370.1> 
<DWph=1> <it=  6> <et=14.78> <Mt= 0.01> <Spt= 0.02> <nCl=  6> <al=0.32> <DB= 1333.6510> <Mlp= 1353.3698> <PB=1370.1> 
<DWph=1> <it=  7> <et=14.81> <Mt= 0.01> <Spt= 0.02> <nCl=  6> <al=0.00> <DB= 1352.2209> <Mlp= 1353.3692> <PB=1370.1> 
<DWph=1> <it=  8> <et=14.84> <Mt= 0.00> <Spt= 0.02> <nCl=  0> <al=0.00> <DB= 1353.3692> <Mlp= 1353.3692> <PB=1370.1> 
    RCSP exact solver info for graph G_1 : TT = 0.035903, pt = 0.000951, dt = 0.025169, ct = 0.009339, ndl = 6', bdl = 37', odl = 2', odf = 28', bsi = 1', cnt = 134', bdch = 558', odch = 108', lcp = 77', #sols = 150
<DWph=0> <it=  9> <et=14.88> <Mt= 0.00> <Spt= 0.04> <nCl= 32> <al=0.18> <DB= 1293.3692> <Mlp= 1353.3692> <PB=1370.1> 
    RCSP exact solver info for graph G_1 : TT = 0.036317, pt = 0.001039, dt = 0.025659, ct = 0.009115, ndl = 6', bdl = 38', odl = 2', odf = 29', bsi = 1', cnt = 130', bdch = 574', odch = 109', lcp = 80', #sols = 150
<DWph=0> <it= 10> <et=14.93> <Mt= 0.01> <Spt= 0.04> <nCl=  8> <al=0.08> <DB= 1345.9811> <Mlp= 1353.3597> <PB=1370.1> 
    RCSP exact solver info for graph G_1 : TT = 0.037278, pt = 0.001028, dt = 0.026112, ct = 0.009655, ndl = 6', bdl = 39', odl = 2', odf = 29', bsi = 1', cnt = 142', bdch = 590', odch = 114', lcp = 81', #sols = 150
    RCSP exact solver info for graph G_1 : TT = 0.034341, pt = 0.000954, dt = 0.024436, ct = 0.008463, ndl = 6', bdl = 37', odl = 2', odf = 28', bsi = 1', cnt = 116', bdch = 543', odch = 104', lcp = 74', #sols = 150
<DWph=0> <it= 11> <et=15.02> <Mt= 0.01> <Spt= 0.08> <nCl= 24> <al=0.00> <DB= 1352.9315> <Mlp= 1353.3593> <PB=1370.1> 
    RCSP exact solver info for graph G_1 : TT = 0.034454, pt = 0.000984, dt = 0.024521, ct = 0.008463, ndl = 6', bdl = 37', odl = 2', odf = 28', bsi = 1', cnt = 116', bdch = 543', odch = 104', lcp = 75', #sols = 150
    RCSP exact solver info for graph G_1 : TT = 0.034273, pt = 0.000998, dt = 0.024369, ct = 0.008452, ndl = 6', bdl = 37', odl = 2', odf = 28', bsi = 1', cnt = 116', bdch = 544', odch = 104', lcp = 75', #sols = 150
<DWph=0> <it= 12> <et=15.10> <Mt= 0.00> <Spt= 0.08> <nCl=  0> <al=0.00> <DB= 1353.3593> <Mlp= 1353.3593> <PB=1370.1> 
Dynamic params and stats :  aver.obdmd = 23.2623 aver.buck.num. = 26 nbR1C = 98 with avMem = 9.0102
@@ 1 12 1353.36 0.0339588 0.035767 29.202 15.1
Labels distribution in buckets (bucket size) : largest - 99, top 0.1% - 99, top 0.5% - 80, top 2% - 51, top 10% - 29, top 50% - 4
Reduced cost fixing for graph G_1... 23254 buck. arcs remain (92.9% from prev., 27.1% from max.) + 10000 jump buck. arcs (11.7% from max.)
 TT = 0.239461, pt = 0.023555, dt = 0.144483, ct = 0.071075, ndl = 41', bdl = 350', odl = 6', odf = 166', lpcb = 382', cnt = 710', bdch = 8220', odch = 2467', lcp = 2009'
Labels distribution in buckets (bucket size) : largest - 111, top 0.1% - 111, top 0.5% - 85, top 2% - 63, top 10% - 30, top 50% - 4
Run forward enumeration with border = 50... succeeded! lpt = 0.868738, ndl = 95', dl = 56', lpcb = 2486', dch = 862'
Run enumeration concatenation with time limit 1.01457 sec.... time limit reached, not succeeded.
Sorting and storing enumerated solutions ...  TT = 2.05688, pt = 0, dt = 0.868738, ct = 1.03768, ndl = 95', bdl = 56', lpcb = 2486', cnt = 4482', bdch = 862', odch = 0', lcp = 0'
ColGenEvalAlg final dual bound: 1353.36 (rounded: 1354)
Gap improvement since the last cut separation : 0.0179039 (1353.05)
Cut generation tailing off counter increased to 2
Current active cuts : CAP(26,568.819) R1C(7+91,110.448) 1rowPackR1C(7) 3rowPackR1C(40) 4rowPackR1C(25) 5rowPackR1C(26)
Shrinking heuristic shrunk 3 edges
In total 9 RCC cut(s) are found by the global pool greedy search heuristic 
28 Rank-1 3-rows pack. cuts added ,  max viol. = 0.0574346, aver. viol. = 0.0348281
Building structures for heuristic rank-1 packing cut separation...done!
33 Rank-1 4-rows pack. cuts added ,  max viol. = 0.0984207, aver. viol. = 0.0422645
100 Rank-1 5-rows pack. cuts added ,  max viol. = 0.0984207, aver. viol. = 0.0579324
----- Add fac. cuts : CAP(9) R1C(161), max.viol = 0.158991, aver.viol = 0.0634206, sep/add took 0.884592/0.171204 sec. -----
4171 columns (4171 active), 474 dyn. constrs. (305 active), 1841 art. vars. (425 active)
<DWph=2> <it=  1> <et=18.60> <Mt= 0.06> <Spt= 0.01> <nCl=  3> <al=0.50> <DB= 1353.5205> <Mlp= 1353.6817> <PB=1370.1> 
<DWph=2> <it=  2> <et=18.62> <Mt= 0.01> <Spt= 0.01> <nCl=  1> <al=0.00> <DB= 1353.6802> <Mlp= 1353.6802> <PB=1370.1> 
<DWph=1> <it=  3> <et=18.64> <Mt= 0.00> <Spt= 0.01> <nCl=  6> <al=0.30> <DB= 1241.6267> <Mlp= 1353.6802> <PB=1370.1> 
<DWph=1> <it=  4> <et=18.66> <Mt= 0.01> <Spt= 0.01> <nCl=  1> <al=0.37> <DB= 1312.2131> <Mlp= 1353.6685> <PB=1370.1> 
<DWph=1> <it=  5> <et=18.68> <Mt= 0.00> <Spt= 0.02> <nCl=  0> <al=0.00> <DB= 1353.6685> <Mlp= 1353.6685> <PB=1370.1> 
    RCSP exact solver info for graph G_1 : TT = 0.042457, pt = 0.001026, dt = 0.028484, ct = 0.012462, ndl = 7', bdl = 41', odl = 2', odf = 32', bsi = 1', cnt = 209', bdch = 690', odch = 147', lcp = 99', #sols = 150
<DWph=0> <it=  6> <et=18.74> <Mt= 0.01> <Spt= 0.06> <nCl= 50> <al=0.17> <DB= 1304.4118> <Mlp= 1353.6685> <PB=1370.1> 
    RCSP exact solver info for graph G_1 : TT = 0.049056, pt = 0.001207, dt = 0.031032, ct = 0.016288, ndl = 8', bdl = 42', odl = 2', odf = 33', bsi = 1', cnt = 270', bdch = 723', odch = 165', lcp = 108', #sols = 150
<DWph=0> <it=  7> <et=18.82> <Mt= 0.01> <Spt= 0.06> <nCl= 47> <al=0.07> <DB= 1337.9291> <Mlp= 1353.6611> <PB=1370.1> 
    RCSP exact solver info for graph G_1 : TT = 0.050256, pt = 0.001221, dt = 0.032011, ct = 0.016489, ndl = 8', bdl = 45', odl = 2', odf = 34', bsi = 1', cnt = 269', bdch = 772', odch = 174', lcp = 113', #sols = 150
    RCSP exact solver info for graph G_1 : TT = 0.039854, pt = 0.001078, dt = 0.027041, ct = 0.011215, ndl = 7', bdl = 39', odl = 2', odf = 30', bsi = 1', cnt = 169', bdch = 621', odch = 129', lcp = 88', #sols = 150
<DWph=0> <it=  8> <et=18.92> <Mt= 0.01> <Spt= 0.09> <nCl= 17> <al=0.00> <DB= 1353.6606> <Mlp= 1353.6606> <PB=1370.1> 
Dynamic params and stats :  aver.obdmd = 23.2623 aver.buck.num. = 26 nbR1C = 113 with avMem = 8.76106
@@ 1 13 1353.66 0.0437555 0.0485 27.1256 18.92
    Full reduced cost fixing is not called (gap ratio is 0.981892)
ColGenEvalAlg final dual bound: 1353.66 (rounded: 1354)
Gap improvement since the last cut separation : 0.0179994 (1353.36)
----- Cut generation is stopped due to tailing off -----
Current active cuts : CAP(27,550.721) R1C(7+106,119.058) 1rowPackR1C(7) 3rowPackR1C(46) 4rowPackR1C(28) 5rowPackR1C(32)
**** Strong branching phase 1 is started *****
SB phase 1 cand.  1 branch on VNB (lhs=9.0381)        : [ 1353.6781,  1358.9865], score = 0.09      <et=19.07>
SB phase 1 cand.  2 branch on EDGE[17,27] (lhs=0.5102): [ 1354.0218,  1354.1535], score = 0.18      <et=19.16>
SB phase 1 cand.  3 branch on EDGE[0,52] (lhs=0.5152) : [ 1353.7550,  1354.0073], score = 0.03      <et=19.22>
SB phase 1 cand.  4 branch on EDGE[19,27] (lhs=0.4743): [ 1353.8941,  1355.1619], score = 0.35      <et=19.31>
SB phase 1 cand.  5 branch on EDGE[26,39] (lhs=0.5326): [ 1354.1014,  1354.7576], score = 0.48      <et=19.4>
SB phase 1 cand.  6 branch on EDGE[27,57] (lhs=0.5340): [ 1353.8664,  1353.9883], score = 0.07      <et=19.48>
SB phase 1 cand.  7 branch on EDGE[0,19] (lhs=0.4385) : [ 1353.9162,  1354.0797], score = 0.11      <et=19.56>
SB phase 1 cand.  8 branch on EDGE[35,43] (lhs=0.4351): [ 1353.9866,  1354.7135], score = 0.34      <et=19.65>
SB phase 1 cand.  9 branch on EDGE[8,15] (lhs=0.4268) : [ 1353.9461,  1356.5000], score = 0.81      <et=19.74>
SB phase 1 cand. 10 branch on EDGE[17,26] (lhs=0.5760): [ 1353.8103,  1354.0330], score = 0.06      <et=19.81>
SB phase 1 cand. 11 branch on EDGE[15,55] (lhs=0.5800): [ 1354.5302,  1354.6057], score = 0.82      <et=19.91>
SB phase 1 cand. 12 branch on EDGE[39,55] (lhs=0.4200): [ 1354.1149,  1354.7325], score = 0.49      <et=20>
SB phase 1 cand. 13 branch on EDGE[39,50] (lhs=0.5890): [ 1354.2797,  1354.9975], score = 0.83      <et=20.1>
SB phase 1 cand. 14 branch on EDGE[13,29] (lhs=0.5981): [ 1354.1320,  1354.3208], score = 0.31      <et=20.2>
SB phase 1 cand. 15 branch on EDGE[0,55] (lhs=0.3834) : [ 1354.1146,  1354.6004], score = 0.43      <et=20.28>
SB phase 1 cand. 16 branch on EDGE[31,36] (lhs=0.6246): [ 1354.0365,  1355.3140], score = 0.62      <et=20.4>
SB phase 1 cand. 17 branch on EDGE[0,4] (lhs=0.6247)  : [ 1354.0211,  1355.1301], score = 0.53      <et=20.5>
SB phase 1 cand. 18 branch on EDGE[18,52] (lhs=0.3740): [ 1353.6884,  1354.2740], score = 0.02      <et=20.57>
SB phase 1 cand. 19 branch on EDGE[7,29] (lhs=0.6265) : [ 1353.8987,  1354.3644], score = 0.17      <et=20.65>
SB phase 1 cand. 20 branch on EDGE[26,27] (lhs=0.3686): [ 1353.7206,  1354.0906], score = 0.03      <et=20.71>
SB phase 1 cand. 21 branch on EDGE[15,26] (lhs=0.3661): [ 1354.1945,  1354.3499], score = 0.37      <et=20.79>
SB phase 1 cand. 22 branch on EDGE[0,10] (lhs=0.6353) : [ 1354.0822,  1354.2106], score = 0.23      <et=20.88>
SB phase 1 cand. 23 branch on EDGE[1,48] (lhs=0.6374) : [ 1354.0455,  1354.7498], score = 0.42      <et=20.99>
SB phase 1 cand. 24 branch on EDGE[23,58] (lhs=0.6386): [ 1354.4961,  1354.8849], score = 1.02      <et=21.09>
SB phase 1 cand. 25 branch on EDGE[4,11] (lhs=0.3538) : [ 1354.0574,  1354.5201], score = 0.34      <et=21.19>
SB phase 1 cand. 26 branch on EDGE[35,55] (lhs=0.3531): [ 1354.0290,  1354.3816], score = 0.27      <et=21.28>
SB phase 1 cand. 27 branch on EDGE[11,40] (lhs=0.6530): [ 1354.1773,  1354.4201], score = 0.39      <et=21.37>
SB phase 1 cand. 28 branch on EDGE[33,38] (lhs=0.6635): [ 1354.2379,  1355.0643], score = 0.81      <et=21.46>
SB phase 1 cand. 29 branch on EDGE[52,59] (lhs=0.6639): [ 1354.8172,  1355.3558], score = 1.96      <et=21.58>
SB phase 1 cand. 30 branch on EDGE[0,58] (lhs=0.3215) : [ 1354.4945,  1355.1044], score = 1.20      <et=21.69>
SB phase 1 cand. 31 branch on EDGE[24,58] (lhs=0.6785): [ 1354.9411,  1355.0941], score = 1.84      <et=21.81>
SB phase 1 cand. 32 branch on EDGE[21,53] (lhs=0.6788): [ 1354.1919,  1354.4727], score = 0.43      <et=21.91>
SB phase 1 cand. 33 branch on EDGE[0,7] (lhs=0.6796)  : [ 1353.9032,  1354.2258], score = 0.14      <et=21.99>
SB phase 1 cand. 34 branch on EDGE[0,31] (lhs=0.6816) : [ 1354.3255,  1354.3955], score = 0.49      <et=22.09>
SB phase 1 cand. 35 branch on EDGE[7,13] (lhs=0.3133) : [ 1353.8549,  1354.6326], score = 0.19      <et=22.17>
SB phase 1 cand. 36 branch on EDGE[43,50] (lhs=0.3058): [ 1353.7794,  1354.9996], score = 0.16      <et=22.26>
SB phase 1 cand. 37 branch on EDGE[0,48] (lhs=0.3005) : [ 1354.0151,  1354.1748], score = 0.18      <et=22.34>
SB phase 1 cand. 38 branch on EDGE[18,19] (lhs=0.2958): [ 1353.6606,  1355.3383], score = 0.00      <et=22.4>
SB phase 1 cand. 39 branch on EDGE[28,44] (lhs=0.7219): [ 1354.3579,  1354.9540], score = 0.90      <et=22.51>
SB phase 1 cand. 40 branch on EDGE[1,2] (lhs=0.7280)  : [ 1354.3046,  1354.4399], score = 0.50      <et=22.61>
SB phase 1 cand. 41 branch on EDGE[17,37] (lhs=0.7341): [ 1353.6976,  1354.0943], score = 0.02      <et=22.67>
SB phase 1 cand. 42 branch on EDGE[28,31] (lhs=0.2616): [ 1354.2325,  1354.4285], score = 0.44      <et=22.75>
SB phase 1 cand. 43 branch on EDGE[5,45] (lhs=0.7406) : [ 1353.9459,  1354.5922], score = 0.27      <et=22.85>
SB phase 1 cand. 44 branch on EDGE[22,48] (lhs=0.7525): [ 1353.7472,  1354.2302], score = 0.05      <et=22.91>
SB phase 1 cand. 45 branch on EDGE[38,59] (lhs=0.7573): [ 1353.9733,  1355.5677], score = 0.60      <et=23>
SB phase 1 cand. 46 branch on EDGE[0,46] (lhs=0.2305) : [ 1354.0951,  1355.0808], score = 0.62      <et=23.1>
SB phase 1 cand. 47 branch on EDGE[25,46] (lhs=0.7695): [ 1354.0954,  1355.0808], score = 0.62      <et=23.19>
SB phase 1 cand. 48 branch on EDGE[8,19] (lhs=0.2252) : [ 1353.8054,  1354.6321], score = 0.14      <et=23.27>
SB phase 1 cand. 49 branch on EDGE[19,52] (lhs=0.2247): [ 1353.9110,  1356.8108], score = 0.79      <et=23.36>
SB phase 1 cand. 50 branch on EDGE[0,6] (lhs=0.7796)  : [ 1354.2943,  1355.0592], score = 0.89      <et=23.46>
SB phase 1 cand. 51 branch on EDGE[0,38] (lhs=0.2191) : [ 1353.8270,  1354.2436], score = 0.10      <et=23.54>
SB phase 1 cand. 52 branch on EDGE[0,15] (lhs=0.2191) : [ 1353.7423,  1354.7119], score = 0.09      <et=23.62>
SB phase 1 cand. 53 branch on EDGE[6,40] (lhs=0.2098) : [ 1354.0511,  1357.0065], score = 1.31      <et=23.72>
SB phase 1 cand. 54 branch on EDGE[19,55] (lhs=0.2077): [ 1353.7727,  1357.2232], score = 0.40      <et=23.82>
SB phase 1 cand. 55 branch on EDGE[10,22] (lhs=0.2050): [ 1353.6968,  1354.8451], score = 0.04      <et=23.89>
SB phase 1 cand. 56 branch on EDGE[1,24] (lhs=0.2022) : [ 1353.9643,  1356.7861], score = 0.95      <et=23.99>
SB phase 1 cand. 57 branch on EDGE[29,57] (lhs=0.1974): [ 1353.6613,  1355.1819], score = 0.00      <et=24.05>
SB phase 1 cand. 58 branch on EDGE[0,42] (lhs=0.8035) : [ 1354.0324,  1354.4188], score = 0.28      <et=24.14>
SB phase 1 cand. 59 branch on EDGE[0,47] (lhs=0.1935) : [ 1353.9478,  1355.4127], score = 0.50      <et=24.23>
SB phase 1 cand. 60 branch on EDGE[14,47] (lhs=0.8065): [ 1353.9478,  1355.4127], score = 0.50      <et=24.33>
SB phase 1 cand. 61 branch on EDGE[0,53] (lhs=0.1803) : [ 1353.7278,  1355.4099], score = 0.12      <et=24.41>
SB phase 1 cand. 62 branch on EDGE[0,29] (lhs=0.1802) : [ 1353.8135,  1356.0462], score = 0.36      <et=24.51>
SB phase 1 cand. 63 branch on EDGE[33,41] (lhs=0.8222): [ 1353.8947,  1358.4618], score = 1.12      <et=24.6>
SB phase 1 cand. 64 branch on EDGE[5,48] (lhs=0.1758) : [ 1353.6869,  1355.2972], score = 0.04      <et=24.67>
SB phase 1 cand. 65 branch on EDGE[21,31] (lhs=0.1741): [ 1353.8676,  1356.5486], score = 0.60      <et=24.77>
SB phase 1 cand. 66 branch on EDGE[45,58] (lhs=0.1671): [ 1353.8414,  1355.8686], score = 0.40      <et=24.86>
SB phase 1 cand. 67 branch on EDGE[24,34] (lhs=0.8370): [ 1354.0870,  1356.0198], score = 1.01      <et=24.96>
SB phase 1 cand. 68 branch on EDGE[22,36] (lhs=0.8411): [ 1353.7520,  1354.1760], score = 0.05      <et=25.03>
SB phase 1 cand. 69 branch on EDGE[6,28] (lhs=0.8420) : [ 1354.1665,  1354.9720], score = 0.66      <et=25.13>
SB phase 1 cand. 70 branch on EDGE[8,13] (lhs=0.8432) : [ 1353.8123,  1355.0314], score = 0.21      <et=25.21>
SB phase 1 cand. 71 branch on EDGE[18,33] (lhs=0.1559): [ 1353.7725,  1357.0040], score = 0.37      <et=25.3>
SB phase 1 cand. 72 branch on EDGE[33,52] (lhs=0.1538): [ 1353.7449,  1354.6585], score = 0.08      <et=25.37>
SB phase 1 cand. 73 branch on EDGE[15,43] (lhs=0.1520): [ 1353.7058,  1356.0000], score = 0.11      <et=25.43>
SB phase 1 cand. 74 branch on EDGE[29,37] (lhs=0.1493): [ 1353.6666,  1355.1621], score = 0.01      <et=25.5>
SB phase 1 cand. 75 branch on EDGE[7,59] (lhs=0.1492) : [ 1353.7412,  1355.5360], score = 0.15      <et=25.58>
SB phase 1 cand. 76 branch on EDGE[17,57] (lhs=0.1428): [ 1353.6623,  1354.1018], score = 0.00      <et=25.63>
SB phase 1 cand. 77 branch on EDGE[40,46] (lhs=0.8600): [ 1353.8650,  1355.2179], score = 0.32      <et=25.71>
SB phase 1 cand. 78 branch on EDGE[39,42] (lhs=0.1388): [ 1353.6608,  1362.7227], score = 0.00      <et=25.79>
SB phase 1 cand. 79 branch on EDGE[0,50] (lhs=0.8629) : [ 1353.7742,  1354.4246], score = 0.09      <et=25.86>
SB phase 1 cand. 80 branch on EDGE[2,36] (lhs=0.1346) : [ 1353.8169,  1356.9027], score = 0.51      <et=25.95>
SB phase 1 cand. 81 branch on EDGE[1,44] (lhs=0.1313) : [ 1353.7398,  1357.6223], score = 0.31      <et=26.04>
SB phase 1 cand. 82 branch on EDGE[0,33] (lhs=0.1310) : [ 1353.7238,  1357.3851], score = 0.24      <et=26.12>
SB phase 1 cand. 83 branch on EDGE[0,59] (lhs=0.1254) : [ 1353.6897,  1355.8433], score = 0.06      <et=26.19>
SB phase 1 cand. 84 branch on EDGE[23,50] (lhs=0.1197): [ 1353.7595,  1359.1558], score = 0.54      <et=26.28>
SB phase 1 cand. 85 branch on EDGE[18,38] (lhs=0.1174): [ 1353.6606,  1354.4944], score = 0.00      <et=26.33>
SB phase 1 cand. 86 branch on EDGE[29,38] (lhs=0.1166): [ 1353.6906,  1358.3884], score = 0.14      <et=26.41>
SB phase 1 cand. 87 branch on EDGE[0,34] (lhs=0.8842) : [ 1353.8223,  1357.9425], score = 0.69      <et=26.51>
SB phase 1 cand. 88 branch on EDGE[23,34] (lhs=0.1153): [ 1353.8223,  1363.0956], score = 1.53      <et=26.61>
SB phase 1 cand. 89 branch on EDGE[31,53] (lhs=0.1150): [ 1353.7454,  1355.4144], score = 0.15      <et=26.69>
SB phase 1 cand. 90 branch on EDGE[1,36] (lhs=0.1146) : [ 1353.7553,  1355.9135], score = 0.21      <et=26.77>
SB phase 1 cand. 91 branch on EDGE[6,21] (lhs=0.1144) : [ 1353.8487,  1364.0062], score = 1.95      <et=26.89>
SB phase 1 cand. 92 branch on EDGE[25,40] (lhs=0.1144): [ 1353.8487,  1356.2975], score = 0.50      <et=26.98>
SB phase 1 cand. 93 branch on EDGE[3,20] (lhs=0.8900) : [ 1353.6917,  1360.3788], score = 0.21      <et=27.07>
SB phase 1 cand. 94 branch on EDGE[8,57] (lhs=0.1099) : [ 1353.7382,  1355.8412], score = 0.17      <et=27.16>
SB phase 1 cand. 95 branch on EDGE[36,44] (lhs=0.1091): [ 1353.7794,  1359.8287], score = 0.73      <et=27.25>
SB phase 1 cand. 96 branch on EDGE[10,54] (lhs=0.8913): [ 1353.7400,  1354.5868], score = 0.07      <et=27.32>
SB phase 1 cand. 97 branch on EDGE[0,26] (lhs=0.1078) : [ 1353.6866,  1358.1212], score = 0.12      <et=27.39>
SB phase 1 cand. 98 branch on EDGE[0,35] (lhs=0.8934) : [ 1353.6670,  1354.7010], score = 0.01      <et=27.44>
SB phase 1 cand. 99 branch on EDGE[0,32] (lhs=0.8948) : [ 1353.6702,  1356.3069], score = 0.03      <et=27.52>
SB phase 1 cand. 100 branch on EDGE[0,43] (lhs=0.1052) : [ 1353.6702,  1356.9286], score = 0.03      <et=27.6>
**** Strong branching phase 2 is started *****
<DWph=2> <it=  5> <et=27.74> <Mt= 0.08> <Spt= 0.05> <nCl= 24> <al=0.40> <DB= 1353.6606> <Mlp= 1354.0000> <PB=1354> 
<DWph=1> <it=  5> <et=27.74> <Mt= 0.00> <Spt= 0.00> <nCl=  0> <al=0.00> <DB= 1303.7576> <Mlp= 1354.0000> <PB=1354> 
<DWph=2> <it=  1> <et=27.76> <Mt= 0.00> <Spt= 0.00> <nCl=  0> <al=0.50> <DB= 1353.6606> <Mlp= 1354.8172> <PB=1354> 
<DWph=1> <it=  1> <et=27.76> <Mt= 0.00> <Spt= 0.00> <nCl=  0> <al=0.00> <DB= 1353.6606> <Mlp= 1354.8172> <PB=1354> 
 SB phase 2 candidate 1 is conquered !
**** Strong branching phase 3 is started *****
**** SB phase 3 evaluation of candidate 1, branch 1 ( EDGE[52,59] <= 0 ), value = 1354.82
Branch is already conquered!
**** SB phase 3 evaluation of candidate 1, branch 2 ( EDGE[52,59] >= 1 ), value = 1354
Branch is already conquered!
 SB phase 3 candidate 1 is conquered !
SB with phases chosed candidate EDGE[52,59] (lhs=0.663907)
New model incumbent solution 1354, TIME = 0h0m27s77t = 2777
************************************************************************************************
Search is finished, global bounds : [ 1354 , 1354 ], TIME = 0h0m27s77t = 2777
************************************************************************************************
Built-in heuristic is disabled
instance_name solver_name ext_heuristic solution_value solution_time best_lb root_lb root_time nb_branch_and_bound_nodes status
/home/logis/Downloads/VRPSolverEasy/VRPSolverEasy/demos/data/CVRP/A-n60-k9 CPLEX False 1354.0000000000018 27.77525236 1354.0 1354.0 18.984531741999998 3 0

