Arc memory for rank-1 cuts will be used (12.2493)
~~~~~~~~~~~~~~~~~~~~~~~~~~~~~~~~~~~~~~~~~~~~~~~~~~~~~~~~~~~~~~~~~~~~~~~~~~~~~~~~~~~~~
VRPSolver v0.5.27, 24/02/2023, © Inria Bordeaux, France, vrpsolver.math.u-bordeaux.fr
      Corresponds to the solver by Pessoa, Sadykov, Uchoa and Vanderbeck (2020)
                 Paper: dx.doi.org/10.1007/s10107-020-01523-z
~~~~~~~~~~~~~~~~~~~~~~~~~~~~~~~~~~~~~~~~~~~~~~~~~~~~~~~~~~~~~~~~~~~~~~~~~~~~~~~~~~~~~
   BaPCod v0.77, 15/03/2023, © Inria Bordeaux, France, bapcod.math.u-bordeaux.fr 
           THIS CODE IS PROVIDED AS IS, USE IT AT YOUR OWN RISK
~~~~~~~~~~~~~~~~~~~~~~~~~~~~~~~~~~~~~~~~~~~~~~~~~~~~~~~~~~~~~~~~~~~~~~~~~~~~~~~~~~~~~
Bucket steps were recalculated for graph G_1 : [80.5]
RCSP solver info : symmetric case is detected for graph G_1! 
Bidirectional border value is initialised to 1005
RCSP solver info : number of forw. reachable buckets / buck. strongly connected components is 1096( 95.3043% ) / 271( 24.7263% )
Generating neighbourhoods for rank-1 cuts separation
Building structures for 4- and 5-row rank-1 packing cut separation...done!
Model is built TIME = 0h0m0s1t = 1
************************************************************************************************
**** BaB tree root node
**** Local DB = -1e+12, global bounds : [ -1e+12 , 725.1 ], TIME = 0h0m0s1t = 1
**** 1 open nodes, 0 columns (0 active), 0 dyn. constrs. (0 active), 90 art. vars. (90 active)
************************************************************************************************
#<DWph=2> <it=  1> <et=0.01> <Mt= 0.00> <Spt= 0.00> <nCl= 30> <al=0.00> <DB=-17681302.4400> <Mlp=80051.0400> <PB=725.1> 
#<DWph=2> <it=  2> <et=0.02> <Mt= 0.00> <Spt= 0.00> <nCl= 30> <al=0.55> <DB=-9671688.6480> <Mlp=74270.4000> <PB=725.1> 
#<DWph=2> <it=  3> <et=0.02> <Mt= 0.00> <Spt= 0.01> <nCl= 30> <al=0.45> <DB=-7249277.5620> <Mlp=71623.2811> <PB=725.1> 
#<DWph=2> <it=  4> <et=0.03> <Mt= 0.00> <Spt= 0.00> <nCl= 30> <al=0.35> <DB=-6057956.6550> <Mlp=69459.8997> <PB=725.1> 
#<DWph=2> <it=  5> <et=0.03> <Mt= 0.00> <Spt= 0.00> <nCl= 30> <al=0.42> <DB=-7276703.3996> <Mlp=65168.4634> <PB=725.1> 
#<DWph=2> <it=  6> <et=0.03> <Mt= 0.00> <Spt= 0.01> <nCl= 30> <al=0.47> <DB=-6364395.8833> <Mlp=63067.0120> <PB=725.1> 
#<DWph=2> <it=  7> <et=0.04> <Mt= 0.00> <Spt= 0.00> <nCl= 30> <al=0.53> <DB=-4407146.8690> <Mlp=61325.5343> <PB=725.1> 
#<DWph=2> <it=  8> <et=0.04> <Mt= 0.00> <Spt= 0.01> <nCl= 30> <al=0.57> <DB=-4685472.3350> <Mlp=60596.1297> <PB=725.1> 
#<DWph=2> <it=  9> <et=0.05> <Mt= 0.00> <Spt= 0.00> <nCl= 30> <al=0.62> <DB=-3587809.0044> <Mlp=59883.4275> <PB=725.1> 
#<DWph=2> <it= 10> <et=0.05> <Mt= 0.00> <Spt= 0.00> <nCl= 30> <al=0.52> <DB=-3609538.3595> <Mlp=55408.1413> <PB=725.1> 
#<DWph=2> <it= 11> <et=0.05> <Mt= 0.00> <Spt= 0.01> <nCl= 30> <al=0.56> <DB=-4223288.9735> <Mlp=54668.2366> <PB=725.1> 
#<DWph=2> <it= 12> <et=0.06> <Mt= 0.00> <Spt= 0.00> <nCl= 30> <al=0.46> <DB=-4063198.3802> <Mlp=53997.5605> <PB=725.1> 
#<DWph=2> <it= 13> <et=0.06> <Mt= 0.00> <Spt= 0.00> <nCl= 30> <al=0.52> <DB=-4037266.4672> <Mlp=52342.8061> <PB=725.1> 
#<DWph=2> <it= 14> <et=0.07> <Mt= 0.00> <Spt= 0.01> <nCl= 30> <al=0.57> <DB=-3224700.7750> <Mlp=51648.0488> <PB=725.1> 
#<DWph=2> <it= 15> <et=0.07> <Mt= 0.00> <Spt= 0.00> <nCl= 30> <al=0.47> <DB=-3124661.7394> <Mlp=51311.1398> <PB=725.1> 
#<DWph=2> <it= 16> <et=0.07> <Mt= 0.00> <Spt= 0.00> <nCl= 30> <al=0.52> <DB=-3175086.5712> <Mlp=50085.0479> <PB=725.1> 
#<DWph=2> <it= 17> <et=0.08> <Mt= 0.00> <Spt= 0.01> <nCl= 30> <al=0.57> <DB=-2797447.9226> <Mlp=48560.7654> <PB=725.1> 
#<DWph=2> <it= 18> <et=0.08> <Mt= 0.00> <Spt= 0.00> <nCl= 30> <al=0.61> <DB=-2656172.2948> <Mlp=45734.8578> <PB=725.1> 
#<DWph=2> <it= 19> <et=0.09> <Mt= 0.00> <Spt= 0.00> <nCl= 30> <al=0.65> <DB=-2447989.4904> <Mlp=44968.6761> <PB=725.1> 
#<DWph=2> <it= 20> <et=0.09> <Mt= 0.00> <Spt= 0.01> <nCl= 30> <al=0.68> <DB=-2807555.4133> <Mlp=44496.0532> <PB=725.1> 
#<DWph=2> <it= 21> <et=0.10> <Mt= 0.00> <Spt= 0.00> <nCl= 30> <al=0.72> <DB=-2609505.0956> <Mlp=44067.7624> <PB=725.1> 
#<DWph=2> <it= 22> <et=0.10> <Mt= 0.00> <Spt= 0.00> <nCl= 30> <al=0.74> <DB=-2136777.2620> <Mlp=42305.2874> <PB=725.1> 
#<DWph=2> <it= 23> <et=0.10> <Mt= 0.01> <Spt= 0.01> <nCl= 30> <al=0.64> <DB=-1949798.3003> <Mlp=40333.4833> <PB=725.1> 
#<DWph=2> <it= 24> <et=0.11> <Mt= 0.00> <Spt= 0.00> <nCl= 30> <al=0.68> <DB=-2052244.3935> <Mlp=35212.7212> <PB=725.1> 
#<DWph=2> <it= 25> <et=0.11> <Mt= 0.00> <Spt= 0.01> <nCl= 30> <al=0.71> <DB=-1904443.8033> <Mlp=34626.6496> <PB=725.1> 
#<DWph=2> <it= 26> <et=0.12> <Mt= 0.00> <Spt= 0.00> <nCl= 30> <al=0.74> <DB=-1689532.0044> <Mlp=33371.1423> <PB=725.1> 
#<DWph=2> <it= 27> <et=0.12> <Mt= 0.00> <Spt= 0.00> <nCl= 30> <al=0.64> <DB=-1533707.5827> <Mlp=32292.8106> <PB=725.1> 
#<DWph=2> <it= 28> <et=0.13> <Mt= 0.00> <Spt= 0.00> <nCl= 30> <al=0.68> <DB=-1479666.9070> <Mlp=31445.1184> <PB=725.1> 
#<DWph=2> <it= 29> <et=0.13> <Mt= 0.00> <Spt= 0.01> <nCl= 30> <al=0.71> <DB=-1418725.5911> <Mlp=30463.7991> <PB=725.1> 
#<DWph=2> <it= 30> <et=0.14> <Mt= 0.00> <Spt= 0.00> <nCl= 30> <al=0.74> <DB=-1392867.3978> <Mlp=29601.5399> <PB=725.1> 
#<DWph=2> <it= 31> <et=0.14> <Mt= 0.01> <Spt= 0.00> <nCl= 30> <al=0.76> <DB=-1440461.7391> <Mlp=27385.1009> <PB=725.1> 
#<DWph=2> <it= 32> <et=0.14> <Mt= 0.00> <Spt= 0.01> <nCl= 30> <al=0.79> <DB=-1354381.9825> <Mlp=25750.9858> <PB=725.1> 
#<DWph=2> <it= 33> <et=0.15> <Mt= 0.00> <Spt= 0.00> <nCl= 30> <al=0.69> <DB=-1333941.0275> <Mlp=24765.4970> <PB=725.1> 
#<DWph=2> <it= 34> <et=0.15> <Mt= 0.00> <Spt= 0.00> <nCl= 30> <al=0.72> <DB=-1218809.6745> <Mlp=23122.9274> <PB=725.1> 
#<DWph=2> <it= 35> <et=0.16> <Mt= 0.00> <Spt= 0.00> <nCl= 30> <al=0.75> <DB=-1198747.0716> <Mlp=22037.3802> <PB=725.1> 
#<DWph=2> <it= 36> <et=0.16> <Mt= 0.01> <Spt= 0.01> <nCl= 30> <al=0.77> <DB=-1130015.7747> <Mlp=21605.0201> <PB=725.1> 
#<DWph=2> <it= 37> <et=0.17> <Mt= 0.00> <Spt= 0.00> <nCl= 30> <al=0.80> <DB=-1013436.6161> <Mlp=21453.1435> <PB=725.1> 
#<DWph=2> <it= 38> <et=0.17> <Mt= 0.00> <Spt= 0.00> <nCl= 30> <al=0.82> <DB=-882460.9443> <Mlp=20998.8078> <PB=725.1> 
#<DWph=2> <it= 39> <et=0.18> <Mt= 0.00> <Spt= 0.01> <nCl= 30> <al=0.72> <DB=-776086.6705> <Mlp=19532.5943> <PB=725.1> 
#<DWph=2> <it= 40> <et=0.18> <Mt= 0.00> <Spt= 0.00> <nCl= 30> <al=0.74> <DB=-655868.0118> <Mlp=19071.1442> <PB=725.1> 
#<DWph=2> <it= 41> <et=0.19> <Mt= 0.01> <Spt= 0.00> <nCl= 30> <al=0.64> <DB=-560850.7337> <Mlp=17562.5570> <PB=725.1> 
#<DWph=2> <it= 42> <et=0.20> <Mt= 0.00> <Spt= 0.00> <nCl= 30> <al=0.54> <DB=-310095.1848> <Mlp=16326.4429> <PB=725.1> 
#<DWph=2> <it= 43> <et=0.20> <Mt= 0.00> <Spt= 0.01> <nCl= 30> <al=0.44> <DB=-251559.3513> <Mlp=13525.2356> <PB=725.1> 
#<DWph=2> <it= 44> <et=0.21> <Mt= 0.01> <Spt= 0.00> <nCl= 30> <al=0.50> <DB=-459338.4250> <Mlp=11413.5834> <PB=725.1> 
#<DWph=2> <it= 45> <et=0.22> <Mt= 0.00> <Spt= 0.00> <nCl= 30> <al=0.55> <DB=-238478.8030> <Mlp=11309.7642> <PB=725.1> 
#<DWph=2> <it= 46> <et=0.22> <Mt= 0.00> <Spt= 0.01> <nCl= 30> <al=0.59> <DB=-231460.9887> <Mlp= 9632.7458> <PB=725.1> 
#<DWph=2> <it= 47> <et=0.23> <Mt= 0.01> <Spt= 0.00> <nCl= 30> <al=0.64> <DB=-225899.5515> <Mlp= 7128.5446> <PB=725.1> 
#<DWph=2> <it= 48> <et=0.23> <Mt= 0.00> <Spt= 0.00> <nCl= 30> <al=0.67> <DB=-194522.7155> <Mlp= 6922.0649> <PB=725.1> 
#<DWph=2> <it= 49> <et=0.24> <Mt= 0.00> <Spt= 0.01> <nCl= 30> <al=0.70> <DB=-785783.7461> <Mlp= 6070.7827> <PB=725.1> 
#<DWph=2> <it= 50> <et=0.25> <Mt= 0.01> <Spt= 0.00> <nCl= 30> <al=0.73> <DB=-223948.5308> <Mlp= 5751.2440> <PB=725.1> 
#<DWph=2> <it= 51> <et=0.26> <Mt= 0.00> <Spt= 0.00> <nCl= 30> <al=0.76> <DB=-138745.6045> <Mlp= 4372.9211> <PB=725.1> 
#<DWph=2> <it= 52> <et=0.26> <Mt= 0.00> <Spt= 0.01> <nCl= 30> <al=0.66> <DB=-101924.5658> <Mlp= 4369.3629> <PB=725.1> 
#<DWph=2> <it= 53> <et=0.27> <Mt= 0.01> <Spt= 0.00> <nCl= 30> <al=0.56> <DB=-364367.4936> <Mlp= 2809.4390> <PB=725.1> 
#<DWph=2> <it= 54> <et=0.28> <Mt= 0.00> <Spt= 0.00> <nCl= 30> <al=0.60> <DB=-98080.0901> <Mlp= 2709.5909> <PB=725.1> 
#<DWph=2> <it= 55> <et=0.29> <Mt= 0.01> <Spt= 0.01> <nCl= 30> <al=0.50> <DB=-48349.8546> <Mlp= 2082.3457> <PB=725.1> 
#<DWph=2> <it= 56> <et=0.29> <Mt= 0.00> <Spt= 0.00> <nCl= 30> <al=0.55> <DB=-38167.8825> <Mlp= 2063.2980> <PB=725.1> 
#<DWph=2> <it= 57> <et=0.30> <Mt= 0.00> <Spt= 0.01> <nCl= 30> <al=0.60> <DB=-19087.9360> <Mlp= 2036.7851> <PB=725.1> 
#<DWph=2> <it= 58> <et=0.30> <Mt= 0.00> <Spt= 0.00> <nCl= 30> <al=0.64> <DB=-17159.9371> <Mlp= 2006.8241> <PB=725.1> 
#<DWph=2> <it= 59> <et=0.31> <Mt= 0.00> <Spt= 0.00> <nCl= 30> <al=0.68> <DB=-10899.8863> <Mlp= 1988.5037> <PB=725.1> 
#<DWph=2> <it= 60> <et=0.31> <Mt= 0.01> <Spt= 0.01> <nCl= 30> <al=0.71> <DB=-10249.9338> <Mlp= 1971.0874> <PB=725.1> 
#<DWph=2> <it= 61> <et=0.32> <Mt= 0.00> <Spt= 0.00> <nCl= 30> <al=0.74> <DB=-5866.9900> <Mlp= 1926.0753> <PB=725.1> 
#<DWph=2> <it= 62> <et=0.33> <Mt= 0.00> <Spt= 0.00> <nCl= 30> <al=0.76> <DB=-1466.5822> <Mlp= 1855.5501> <PB=725.1> 
<DWph=2> <it= 63> <et=0.33> <Mt= 0.01> <Spt= 0.01> <nCl= 30> <al=0.66> <DB=-17384.3201> <Mlp= 1510.4047> <PB=725.1> 
<DWph=2> <it= 64> <et=0.34> <Mt= 0.00> <Spt= 0.00> <nCl= 30> <al=0.70> <DB=-6477.4360> <Mlp= 1496.0303> <PB=725.1> 
<DWph=2> <it= 65> <et=0.34> <Mt= 0.00> <Spt= 0.00> <nCl= 30> <al=0.73> <DB=-3702.9784> <Mlp= 1475.3606> <PB=725.1> 
<DWph=2> <it= 66> <et=0.35> <Mt= 0.00> <Spt= 0.00> <nCl= 30> <al=0.75> <DB=-1451.4104> <Mlp= 1429.7779> <PB=725.1> 
<DWph=2> <it= 67> <et=0.36> <Mt= 0.01> <Spt= 0.01> <nCl= 30> <al=0.78> <DB=-2419.9856> <Mlp= 1413.8382> <PB=725.1> 
<DWph=2> <it= 68> <et=0.36> <Mt= 0.00> <Spt= 0.00> <nCl= 30> <al=0.80> <DB=-2599.2264> <Mlp= 1395.3718> <PB=725.1> 
<DWph=2> <it= 69> <et=0.37> <Mt= 0.00> <Spt= 0.00> <nCl= 30> <al=0.82> <DB=-1067.4783> <Mlp= 1381.8164> <PB=725.1> 
<DWph=2> <it= 70> <et=0.37> <Mt= 0.00> <Spt= 0.01> <nCl= 30> <al=0.84> <DB=-3392.5828> <Mlp= 1377.7656> <PB=725.1> 
<DWph=2> <it= 71> <et=0.38> <Mt= 0.00> <Spt= 0.00> <nCl= 30> <al=0.85> <DB=-1710.0217> <Mlp= 1368.8696> <PB=725.1> 
<DWph=2> <it= 72> <et=0.38> <Mt= 0.01> <Spt= 0.00> <nCl= 30> <al=0.87> <DB= -226.1718> <Mlp= 1346.5757> <PB=725.1> 
<DWph=2> <it= 73> <et=0.39> <Mt= 0.00> <Spt= 0.01> <nCl= 30> <al=0.77> <DB=-3807.0642> <Mlp= 1326.2752> <PB=725.1> 
<DWph=2> <it= 74> <et=0.40> <Mt= 0.00> <Spt= 0.00> <nCl= 30> <al=0.79> <DB=-1497.2161> <Mlp= 1282.1942> <PB=725.1> 
<DWph=2> <it= 75> <et=0.40> <Mt= 0.01> <Spt= 0.00> <nCl= 30> <al=0.81> <DB= -487.5954> <Mlp= 1267.8177> <PB=725.1> 
<DWph=2> <it= 76> <et=0.41> <Mt= 0.00> <Spt= 0.01> <nCl= 30> <al=0.83> <DB= -391.8933> <Mlp= 1231.7339> <PB=725.1> 
<DWph=2> <it= 77> <et=0.42> <Mt= 0.00> <Spt= 0.00> <nCl= 25> <al=0.85> <DB=   -9.4359> <Mlp= 1213.9569> <PB=725.1> 
<DWph=2> <it= 78> <et=0.42> <Mt= 0.01> <Spt= 0.00> <nCl= 30> <al=0.86> <DB=  -64.5288> <Mlp= 1207.4862> <PB=725.1> 
<DWph=2> <it= 79> <et=0.43> <Mt= 0.00> <Spt= 0.01> <nCl= 30> <al=0.88> <DB=  -52.4297> <Mlp= 1092.4124> <PB=725.1> 
<DWph=2> <it= 80> <et=0.44> <Mt= 0.01> <Spt= 0.00> <nCl= 27> <al=0.89> <DB=   84.9972> <Mlp= 1076.0865> <PB=725.1> 
<DWph=2> <it= 81> <et=0.44> <Mt= 0.00> <Spt= 0.00> <nCl= 29> <al=0.90> <DB=   70.1280> <Mlp= 1071.4162> <PB=725.1> 
<DWph=2> <it= 82> <et=0.45> <Mt= 0.00> <Spt= 0.01> <nCl= 24> <al=0.91> <DB=  195.5056> <Mlp= 1068.2881> <PB=725.1> 
<DWph=2> <it= 83> <et=0.45> <Mt= 0.00> <Spt= 0.00> <nCl= 26> <al=0.92> <DB=  264.1690> <Mlp= 1067.8027> <PB=725.1> 
<DWph=2> <it= 84> <et=0.46> <Mt= 0.00> <Spt= 0.00> <nCl= 30> <al=0.82> <DB= -270.4439> <Mlp= 1063.1207> <PB=725.1> 
<DWph=2> <it= 85> <et=0.47> <Mt= 0.01> <Spt= 0.01> <nCl= 26> <al=0.84> <DB=  377.7047> <Mlp=  957.5015> <PB=725.1> 
<DWph=2> <it= 86> <et=0.48> <Mt= 0.01> <Spt= 0.00> <nCl= 30> <al=0.85> <DB= -520.8036> <Mlp=  938.8578> <PB=725.1> 
<DWph=2> <it= 87> <et=0.48> <Mt= 0.00> <Spt= 0.00> <nCl= 28> <al=0.87> <DB=  359.9719> <Mlp=  935.9909> <PB=725.1> 
<DWph=2> <it= 88> <et=0.49> <Mt= 0.00> <Spt= 0.01> <nCl= 26> <al=0.88> <DB=  359.3571> <Mlp=  925.0246> <PB=725.1> 
<DWph=2> <it= 89> <et=0.50> <Mt= 0.00> <Spt= 0.00> <nCl= 26> <al=0.89> <DB=  441.9934> <Mlp=  910.2938> <PB=725.1> 
<DWph=2> <it= 90> <et=0.50> <Mt= 0.01> <Spt= 0.00> <nCl= 30> <al=0.79> <DB= -942.3783> <Mlp=  909.1499> <PB=725.1> 
<DWph=2> <it= 91> <et=0.51> <Mt= 0.00> <Spt= 0.01> <nCl= 30> <al=0.81> <DB= -424.1144> <Mlp=  902.4423> <PB=725.1> 
<DWph=2> <it= 92> <et=0.52> <Mt= 0.00> <Spt= 0.00> <nCl= 21> <al=0.83> <DB=  437.5579> <Mlp=  891.6807> <PB=725.1> 
<DWph=2> <it= 93> <et=0.52> <Mt= 0.01> <Spt= 0.00> <nCl= 25> <al=0.85> <DB=  285.8024> <Mlp=  882.8267> <PB=725.1> 
<DWph=2> <it= 94> <et=0.53> <Mt= 0.00> <Spt= 0.01> <nCl= 26> <al=0.86> <DB=  226.3312> <Mlp=  861.9806> <PB=725.1> 
<DWph=2> <it= 95> <et=0.54> <Mt= 0.01> <Spt= 0.00> <nCl= 23> <al=0.88> <DB=  449.8490> <Mlp=  847.8183> <PB=725.1> 
<DWph=2> <it= 96> <et=0.55> <Mt= 0.00> <Spt= 0.01> <nCl= 25> <al=0.89> <DB=  141.2328> <Mlp=  835.6477> <PB=725.1> 
<DWph=2> <it= 97> <et=0.55> <Mt= 0.00> <Spt= 0.00> <nCl= 23> <al=0.90> <DB=  243.2408> <Mlp=  829.8420> <PB=725.1> 
<DWph=2> <it= 98> <et=0.56> <Mt= 0.00> <Spt= 0.00> <nCl= 19> <al=0.91> <DB=  521.4944> <Mlp=  825.6607> <PB=725.1> 
<DWph=2> <it= 99> <et=0.57> <Mt= 0.01> <Spt= 0.00> <nCl= 21> <al=0.92> <DB=  552.5236> <Mlp=  822.7714> <PB=725.1> 
<DWph=2> <it=100> <et=0.57> <Mt= 0.00> <Spt= 0.01> <nCl= 22> <al=0.93> <DB=  388.0696> <Mlp=  813.0510> <PB=725.1> 
<DWph=2> <it=101> <et=0.58> <Mt= 0.01> <Spt= 0.00> <nCl= 17> <al=0.94> <DB=  569.1882> <Mlp=  802.3716> <PB=725.1> 
<DWph=2> <it=102> <et=0.59> <Mt= 0.00> <Spt= 0.00> <nCl= 27> <al=0.84> <DB=  532.5749> <Mlp=  801.4159> <PB=725.1> 
<DWph=2> <it=103> <et=0.59> <Mt= 0.00> <Spt= 0.01> <nCl= 21> <al=0.85> <DB=  537.2423> <Mlp=  795.0315> <PB=725.1> 
<DWph=2> <it=104> <et=0.60> <Mt= 0.01> <Spt= 0.00> <nCl= 24> <al=0.87> <DB=  466.7251> <Mlp=  792.6325> <PB=725.1> 
<DWph=2> <it=105> <et=0.61> <Mt= 0.00> <Spt= 0.00> <nCl= 22> <al=0.88> <DB=  488.9943> <Mlp=  785.0288> <PB=725.1> 
<DWph=2> <it=106> <et=0.62> <Mt= 0.01> <Spt= 0.01> <nCl= 18> <al=0.89> <DB=  598.5240> <Mlp=  782.5208> <PB=725.1> 
<DWph=2> <it=107> <et=0.62> <Mt= 0.00> <Spt= 0.00> <nCl= 29> <al=0.79> <DB=  419.4677> <Mlp=  781.7426> <PB=725.1> 
<DWph=2> <it=108> <et=0.64> <Mt= 0.01> <Spt= 0.00> <nCl= 25> <al=0.81> <DB=  627.9210> <Mlp=  767.1597> <PB=725.1> 
<DWph=2> <it=109> <et=0.64> <Mt= 0.00> <Spt= 0.01> <nCl= 27> <al=0.83> <DB=  630.4763> <Mlp=  757.7697> <PB=725.1> 
<DWph=2> <it=110> <et=0.65> <Mt= 0.01> <Spt= 0.00> <nCl= 24> <al=0.85> <DB=  457.0252> <Mlp=  744.0135> <PB=725.1> 
<DWph=2> <it=111> <et=0.66> <Mt= 0.00> <Spt= 0.00> <nCl= 27> <al=0.86> <DB=  626.6341> <Mlp=  734.2903> <PB=725.1> 
<DWph=2> <it=112> <et=0.67> <Mt= 0.01> <Spt= 0.01> <nCl= 21> <al=0.88> <DB=  665.2323> <Mlp=  726.1552> <PB=725.1> 
<DWph=2> <it=113> <et=0.68> <Mt= 0.00> <Spt= 0.00> <nCl= 11> <al=0.89> <DB=  670.1000> <Mlp=  718.2192> <PB=725.1> 
<DWph=2> <it=114> <et=0.69> <Mt= 0.01> <Spt= 0.00> <nCl= 29> <al=0.79> <DB=  301.2278> <Mlp=  716.2936> <PB=725.1> 
<DWph=2> <it=115> <et=0.69> <Mt= 0.00> <Spt= 0.01> <nCl= 24> <al=0.81> <DB=  664.5210> <Mlp=  705.1832> <PB=725.1> 
<DWph=2> <it=116> <et=0.70> <Mt= 0.01> <Spt= 0.00> <nCl= 23> <al=0.83> <DB=  671.3280> <Mlp=  702.9790> <PB=725.1> 
<DWph=2> <it=117> <et=0.71> <Mt= 0.00> <Spt= 0.00> <nCl= 23> <al=0.85> <DB=  675.2066> <Mlp=  700.3929> <PB=725.1> 
<DWph=2> <it=118> <et=0.71> <Mt= 0.00> <Spt= 0.01> <nCl= 26> <al=0.86> <DB=  435.2351> <Mlp=  698.8288> <PB=725.1> 
<DWph=2> <it=119> <et=0.72> <Mt= 0.01> <Spt= 0.00> <nCl= 21> <al=0.88> <DB=  627.0081> <Mlp=  698.8288> <PB=725.1> 
<DWph=2> <it=120> <et=0.73> <Mt= 0.00> <Spt= 0.00> <nCl= 22> <al=0.78> <DB=  517.8676> <Mlp=  698.5046> <PB=725.1> 
<DWph=2> <it=121> <et=0.73> <Mt= 0.00> <Spt= 0.01> <nCl= 19> <al=0.80> <DB=  654.4267> <Mlp=  698.5046> <PB=725.1> 
<DWph=2> <it=122> <et=0.74> <Mt= 0.01> <Spt= 0.00> <nCl= 13> <al=0.82> <DB=  658.1540> <Mlp=  697.9293> <PB=725.1> 
<DWph=2> <it=123> <et=0.75> <Mt= 0.00> <Spt= 0.01> <nCl= 20> <al=0.67> <DB=  686.2959> <Mlp=  697.7643> <PB=725.1> 
<DWph=2> <it=124> <et=0.75> <Mt= 0.00> <Spt= 0.00> <nCl= 27> <al=0.74> <DB=  516.4534> <Mlp=  697.2174> <PB=725.1> 
<DWph=2> <it=125> <et=0.76> <Mt= 0.01> <Spt= 0.00> <nCl= 24> <al=0.76> <DB=  616.1224> <Mlp=  696.7169> <PB=725.1> 
<DWph=2> <it=126> <et=0.77> <Mt= 0.00> <Spt= 0.00> <nCl= 19> <al=0.79> <DB=  687.6107> <Mlp=  696.7169> <PB=725.1> 
<DWph=2> <it=127> <et=0.77> <Mt= 0.00> <Spt= 0.01> <nCl= 24> <al=0.81> <DB=  474.1473> <Mlp=  696.7169> <PB=725.1> 
<DWph=2> <it=128> <et=0.78> <Mt= 0.00> <Spt= 0.00> <nCl= 35> <al=0.65> <DB=  656.4679> <Mlp=  696.7169> <PB=725.1> 
<DWph=2> <it=129> <et=0.79> <Mt= 0.00> <Spt= 0.01> <nCl= 27> <al=0.73> <DB=  512.6474> <Mlp=  696.5172> <PB=725.1> 
<DWph=2> <it=130> <et=0.79> <Mt= 0.01> <Spt= 0.00> <nCl= 20> <al=0.75> <DB=  573.1129> <Mlp=  696.5172> <PB=725.1> 
<DWph=2> <it=131> <et=0.80> <Mt= 0.00> <Spt= 0.00> <nCl= 20> <al=0.78> <DB=  524.2592> <Mlp=  696.5172> <PB=725.1> 
<DWph=2> <it=132> <et=0.81> <Mt= 0.00> <Spt= 0.01> <nCl= 19> <al=0.60> <DB=  641.6196> <Mlp=  696.2435> <PB=725.1> 
<DWph=2> <it=133> <et=0.81> <Mt= 0.00> <Spt= 0.00> <nCl=  7> <al=0.70> <DB=  693.8045> <Mlp=  696.2435> <PB=725.1> 
<DWph=2> <it=134> <et=0.82> <Mt= 0.01> <Spt= 0.01> <nCl= 21> <al=0.46> <DB=  668.3350> <Mlp=  696.2000> <PB=725.1> 
<DWph=2> <it=135> <et=0.82> <Mt= 0.00> <Spt= 0.00> <nCl=  6> <al=0.63> <DB=  657.7091> <Mlp=  696.0886> <PB=725.1> 
<DWph=2> <it=136> <et=0.84> <Mt= 0.00> <Spt= 0.01> <nCl= 19> <al=0.06> <DB=  454.0017> <Mlp=  696.0886> <PB=725.1> 
<DWph=2> <it=137> <et=0.84> <Mt= 0.00> <Spt= 0.01> <nCl= 27> <al=0.00> <DB=  409.3987> <Mlp=  696.0886> <PB=725.1> 
<DWph=2> <it=138> <et=0.85> <Mt= 0.01> <Spt= 0.00> <nCl=  6> <al=0.33> <DB=  680.3621> <Mlp=  696.0782> <PB=725.1> 
<DWph=2> <it=139> <et=0.86> <Mt= 0.00> <Spt= 0.01> <nCl= 26> <al=0.00> <DB=  414.4940> <Mlp=  696.0698> <PB=725.1> 
<DWph=2> <it=140> <et=0.86> <Mt= 0.00> <Spt= 0.00> <nCl= 17> <al=0.30> <DB=  643.1324> <Mlp=  696.0698> <PB=725.1> 
<DWph=2> <it=141> <et=0.87> <Mt= 0.00> <Spt= 0.01> <nCl= 24> <al=0.00> <DB=  696.0588> <Mlp=  696.0588> <PB=725.1> 
<DWph=1> <it=142> <et=0.88> <Mt= 0.00> <Spt= 0.01> <nCl= 24> <al=0.27> <DB=  436.4265> <Mlp=  696.0588> <PB=725.1> 
<DWph=1> <it=143> <et=0.90> <Mt= 0.01> <Spt= 0.01> <nCl= 27> <al=0.17> <DB=  316.8741> <Mlp=  694.9113> <PB=725.1> 
<DWph=1> <it=144> <et=0.91> <Mt= 0.00> <Spt= 0.01> <nCl= 21> <al=0.25> <DB=  321.3777> <Mlp=  694.1874> <PB=725.1> 
<DWph=1> <it=145> <et=0.92> <Mt= 0.00> <Spt= 0.01> <nCl= 23> <al=0.33> <DB=  314.0527> <Mlp=  694.0206> <PB=725.1> 
<DWph=1> <it=146> <et=0.93> <Mt= 0.00> <Spt= 0.00> <nCl= 16> <al=0.39> <DB=  390.4493> <Mlp=  693.8411> <PB=725.1> 
<DWph=1> <it=147> <et=0.95> <Mt= 0.01> <Spt= 0.01> <nCl= 18> <al=0.29> <DB=  326.1306> <Mlp=  693.0906> <PB=725.1> 
<DWph=1> <it=148> <et=0.96> <Mt= 0.00> <Spt= 0.01> <nCl= 26> <al=0.36> <DB=  277.6333> <Mlp=  690.4711> <PB=725.1> 
<DWph=1> <it=149> <et=0.97> <Mt= 0.00> <Spt= 0.01> <nCl= 13> <al=0.43> <DB=  484.1054> <Mlp=  689.4665> <PB=725.1> 
<DWph=1> <it=150> <et=0.98> <Mt= 0.01> <Spt= 0.01> <nCl= 19> <al=0.48> <DB=  558.8350> <Mlp=  689.4665> <PB=725.1> 
<DWph=1> <it=151> <et=0.99> <Mt= 0.00> <Spt= 0.01> <nCl= 14> <al=0.54> <DB=  495.1490> <Mlp=  689.3482> <PB=725.1> 
<DWph=1> <it=152> <et=1.00> <Mt= 0.00> <Spt= 0.01> <nCl= 13> <al=0.58> <DB=  610.2479> <Mlp=  689.2368> <PB=725.1> 
<DWph=1> <it=153> <et=1.02> <Mt= 0.01> <Spt= 0.01> <nCl= 14> <al=0.62> <DB=  596.4330> <Mlp=  689.2368> <PB=725.1> 
<DWph=1> <it=154> <et=1.03> <Mt= 0.00> <Spt= 0.00> <nCl= 13> <al=0.52> <DB=  614.1048> <Mlp=  688.9444> <PB=725.1> 
<DWph=1> <it=155> <et=1.04> <Mt= 0.00> <Spt= 0.01> <nCl= 16> <al=0.57> <DB=  438.7108> <Mlp=  688.5817> <PB=725.1> 
<DWph=1> <it=156> <et=1.05> <Mt= 0.00> <Spt= 0.01> <nCl=  6> <al=0.61> <DB=  649.4296> <Mlp=  688.4643> <PB=725.1> 
<DWph=1> <it=157> <et=1.06> <Mt= 0.01> <Spt= 0.01> <nCl= 16> <al=0.51> <DB=  535.3700> <Mlp=  688.4444> <PB=725.1> 
<DWph=1> <it=158> <et=1.07> <Mt= 0.00> <Spt= 0.01> <nCl= 13> <al=0.56> <DB=  576.2149> <Mlp=  688.4444> <PB=725.1> 
<DWph=1> <it=159> <et=1.08> <Mt= 0.00> <Spt= 0.00> <nCl= 14> <al=0.46> <DB=  423.7169> <Mlp=  688.4444> <PB=725.1> 
<DWph=1> <it=160> <et=1.09> <Mt= 0.00> <Spt= 0.01> <nCl= 16> <al=0.52> <DB=  611.0127> <Mlp=  688.2978> <PB=725.1> 
<DWph=1> <it=161> <et=1.10> <Mt= 0.01> <Spt= 0.01> <nCl= 12> <al=0.57> <DB=  502.9712> <Mlp=  688.2978> <PB=725.1> 
<DWph=1> <it=162> <et=1.11> <Mt= 0.00> <Spt= 0.01> <nCl= 10> <al=0.47> <DB=  553.3745> <Mlp=  688.1429> <PB=725.1> 
<DWph=1> <it=163> <et=1.13> <Mt= 0.00> <Spt= 0.01> <nCl= 19> <al=0.04> <DB=  586.5673> <Mlp=  688.1429> <PB=725.1> 
<DWph=1> <it=164> <et=1.14> <Mt= 0.00> <Spt= 0.01> <nCl=  9> <al=0.42> <DB=  590.0597> <Mlp=  688.1429> <PB=725.1> 
<DWph=1> <it=165> <et=1.16> <Mt= 0.00> <Spt= 0.02> <nCl= 15> <al=0.00> <DB=  553.1333> <Mlp=  688.1333> <PB=725.1> 
<DWph=1> <it=166> <et=1.17> <Mt= 0.01> <Spt= 0.00> <nCl=  6> <al=0.22> <DB=  641.5532> <Mlp=  687.7143> <PB=725.1> 
<DWph=1> <it=167> <et=1.19> <Mt= 0.00> <Spt= 0.02> <nCl=  7> <al=0.00> <DB=  686.1387> <Mlp=  687.7143> <PB=725.1> 
<DWph=1> <it=168> <et=1.20> <Mt= 0.00> <Spt= 0.02> <nCl=  0> <al=0.00> <DB=  687.7143> <Mlp=  687.7143> <PB=725.1> 
    RCSP exact solver info for graph G_1 : TT = 0.020482, pt = 8e-06, dt = 0.019174, ct = 0.000801, ndl = 6', bdl = 200', odl = 8', odf = 56', bsi = 2', cnt = 33', bdch = 2131', odch = 356', lcp = 199', #sols = 150
<DWph=0> <it=169> <et=1.23> <Mt= 0.00> <Spt= 0.02> <nCl=150> <al=0.00> <DB=  482.5476> <Mlp=  687.7143> <PB=725.1> 
    RCSP exact solver info for graph G_1 : TT = 0.020824, pt = 1.8e-05, dt = 0.019434, ct = 0.000905, ndl = 6', bdl = 203', odl = 8', odf = 58', bsi = 2', cnt = 36', bdch = 2326', odch = 380', lcp = 200', #sols = 150
<DWph=0> <it=170> <et=1.26> <Mt= 0.01> <Spt= 0.02> <nCl=145> <al=0.00> <DB=  586.4251> <Mlp=  687.6751> <PB=725.1> 
    RCSP exact solver info for graph G_1 : TT = 0.026134, pt = 2.3e-05, dt = 0.024569, ct = 0.001106, ndl = 7', bdl = 254', odl = 8', odf = 62', bsi = 2', cnt = 82', bdch = 3248', odch = 539', lcp = 261', #sols = 150
<DWph=0> <it=171> <et=1.29> <Mt= 0.00> <Spt= 0.03> <nCl=124> <al=0.00> <DB=  639.2261> <Mlp=  687.4870> <PB=725.1> 
    RCSP exact solver info for graph G_1 : TT = 0.020954, pt = 1.8e-05, dt = 0.019711, ct = 0.000839, ndl = 6', bdl = 212', odl = 8', odf = 57', bsi = 2', cnt = 34', bdch = 2451', odch = 404', lcp = 220', #sols = 150
<DWph=0> <it=172> <et=1.32> <Mt= 0.00> <Spt= 0.03> <nCl= 73> <al=0.00> <DB=  685.2696> <Mlp=  687.4870> <PB=725.1> 
    RCSP exact solver info for graph G_1 : TT = 0.021823, pt = 1.5e-05, dt = 0.02052, ct = 0.000891, ndl = 6', bdl = 218', odl = 9', odf = 58', bsi = 2', cnt = 43', bdch = 2604', odch = 420', lcp = 227', #sols = 150
<DWph=0> <it=173> <et=1.34> <Mt= 0.00> <Spt= 0.02> <nCl= 70> <al=0.00> <DB=  687.4870> <Mlp=  687.4870> <PB=725.1> 
Dynamic params and stats :  aver.obdmd = 22.8478 aver.buck.num. = 25
@@ 1 0 687.487 0.02159 0.025675 93.6423 1.34
Labels distribution in buckets (bucket size) : largest - 139, top 0.1% - 139, top 0.5% - 115, top 2% - 75, top 10% - 30, top 50% - 5
Reduced cost fixing for graph G_1... 26562 buck. arcs remain (60.2% from prev., 56.4% from max.) + 4899 jump buck. arcs (10.4% from max.)
 TT = 0.05633, pt = 0.00237, dt = 0.032139, ct = 0.021702, ndl = 18', bdl = 179', odl = 8', odf = 101', lpcb = 257', cnt = 1108', bdch = 3441', odch = 926', lcp = 378'
Labels distribution in buckets (bucket size) : largest - 139, top 0.1% - 139, top 0.5% - 115, top 2% - 75, top 10% - 31, top 50% - 6
Run forward enumeration with border = 1005... not succeeded (ratio 0.739401) lpt = 0.111609, ndl = 80', dl = 36', lpcb = 549', dch = 205'
 TT = 0.114552, pt = 0.001976, dt = 0.111609, ct = 0, ndl = 80', bdl = 36', lpcb = 549', cnt = 1696', bdch = 205', odch = 0', lcp = 0'
ColGenEvalAlg final dual bound: 687.487 (rounded: 688)
In total 5 RCC cut(s) are found by the connected components heuristic 
Shrinking heuristic shrunk 29 edges
In total 8 RCC cut(s) are found by the Fractional capacity min-cut heuristic 
In total 28 RCC cut(s) are found by the greedy construction heuristic 
----- Add fac. cuts : CAP(41), max.viol = 0.643478, aver.viol = 0.411453, sep/add took 0.00178239/0.129118 sec. -----
4745 columns (4745 active), 41 dyn. constrs. (41 active), 131 art. vars. (131 active)
<DWph=2> <it=  1> <et=1.69> <Mt= 0.04> <Spt= 0.01> <nCl= 29> <al=0.50> <DB=   95.9676> <Mlp=  739.8384> <PB=725.1> 
<DWph=2> <it=  2> <et=1.77> <Mt= 0.07> <Spt= 0.00> <nCl= 28> <al=0.55> <DB=  251.2941> <Mlp=  730.0603> <PB=725.1> 
<DWph=2> <it=  3> <et=1.78> <Mt= 0.01> <Spt= 0.00> <nCl= 19> <al=0.60> <DB=  704.7295> <Mlp=  730.0613> <PB=725.1> 
<DWph=2> <it=  4> <et=1.79> <Mt= 0.01> <Spt= 0.01> <nCl= 30> <al=0.50> <DB=-1545.7515> <Mlp=  730.0469> <PB=725.1> 
<DWph=2> <it=  5> <et=1.81> <Mt= 0.02> <Spt= 0.00> <nCl= 30> <al=0.55> <DB=   90.9667> <Mlp=  730.0469> <PB=725.1> 
<DWph=2> <it=  6> <et=1.83> <Mt= 0.01> <Spt= 0.01> <nCl= 24> <al=0.59> <DB=  491.8022> <Mlp=  730.0233> <PB=725.1> 
<DWph=2> <it=  7> <et=1.85> <Mt= 0.01> <Spt= 0.00> <nCl= 23> <al=0.63> <DB=  688.9926> <Mlp=  729.9720> <PB=725.1> 
<DWph=2> <it=  8> <et=1.87> <Mt= 0.02> <Spt= 0.01> <nCl= 23> <al=0.67> <DB=  409.2812> <Mlp=  728.3882> <PB=725.1> 
<DWph=2> <it=  9> <et=1.89> <Mt= 0.02> <Spt= 0.00> <nCl= 17> <al=0.70> <DB=  711.7845> <Mlp=  728.3882> <PB=725.1> 
<DWph=2> <it= 10> <et=1.90> <Mt= 0.00> <Spt= 0.00> <nCl= 29> <al=0.60> <DB=  260.6018> <Mlp=  728.3025> <PB=725.1> 
<DWph=2> <it= 11> <et=1.94> <Mt= 0.04> <Spt= 0.01> <nCl= 20> <al=0.64> <DB=  399.5801> <Mlp=  725.0000> <PB=725.1> 
<DWph=2> <it= 12> <et=1.97> <Mt= 0.02> <Spt= 0.00> <nCl= 18> <al=0.68> <DB=  642.7023> <Mlp=  725.0000> <PB=725.1> 
<DWph=2> <it= 13> <et=1.98> <Mt= 0.01> <Spt= 0.00> <nCl= 13> <al=0.71> <DB=  695.4279> <Mlp=  723.0000> <PB=725.1> 
<DWph=2> <it= 14> <et=2.00> <Mt= 0.01> <Spt= 0.01> <nCl= 15> <al=0.74> <DB=  714.7146> <Mlp=  723.0000> <PB=725.1> 
<DWph=2> <it= 15> <et=2.01> <Mt= 0.01> <Spt= 0.00> <nCl= 20> <al=0.64> <DB=  554.7455> <Mlp=  723.0000> <PB=725.1> 
<DWph=2> <it= 16> <et=2.03> <Mt= 0.02> <Spt= 0.01> <nCl= 14> <al=0.67> <DB=  717.4085> <Mlp=  723.0000> <PB=725.1> 
<DWph=2> <it= 17> <et=2.06> <Mt= 0.03> <Spt= 0.00> <nCl= 20> <al=0.57> <DB=  514.5615> <Mlp=  722.8739> <PB=725.1> 
<DWph=2> <it= 18> <et=2.07> <Mt= 0.01> <Spt= 0.00> <nCl= 18> <al=0.62> <DB=  649.8045> <Mlp=  722.8739> <PB=725.1> 
<DWph=2> <it= 19> <et=2.09> <Mt= 0.00> <Spt= 0.01> <nCl=  9> <al=0.66> <DB=  701.7544> <Mlp=  722.8621> <PB=725.1> 
<DWph=2> <it= 20> <et=2.10> <Mt= 0.01> <Spt= 0.00> <nCl=  8> <al=0.69> <DB=  714.2789> <Mlp=  722.5000> <PB=725.1> 
<DWph=2> <it= 21> <et=2.11> <Mt= 0.01> <Spt= 0.00> <nCl=  1> <al=0.59> <DB=  715.4702> <Mlp=  722.5000> <PB=725.1> 
<DWph=2> <it= 22> <et=2.12> <Mt= 0.01> <Spt= 0.01> <nCl= 23> <al=0.49> <DB=  657.8855> <Mlp=  722.5000> <PB=725.1> 
<DWph=2> <it= 23> <et=2.14> <Mt= 0.01> <Spt= 0.00> <nCl= 14> <al=0.54> <DB=  612.2134> <Mlp=  722.5000> <PB=725.1> 
<DWph=2> <it= 24> <et=2.15> <Mt= 0.01> <Spt= 0.01> <nCl= 32> <al=0.17> <DB=  585.0367> <Mlp=  722.5000> <PB=725.1> 
<DWph=2> <it= 25> <et=2.17> <Mt= 0.01> <Spt= 0.00> <nCl= 20> <al=0.49> <DB=  393.2664> <Mlp=  722.0000> <PB=725.1> 
<DWph=2> <it= 26> <et=2.19> <Mt= 0.02> <Spt= 0.01> <nCl= 20> <al=0.54> <DB=  573.1709> <Mlp=  721.0000> <PB=725.1> 
<DWph=2> <it= 27> <et=2.21> <Mt= 0.01> <Spt= 0.00> <nCl= 11> <al=0.58> <DB=  513.3268> <Mlp=  721.0000> <PB=725.1> 
<DWph=2> <it= 28> <et=2.22> <Mt= 0.01> <Spt= 0.00> <nCl= 11> <al=0.48> <DB=  568.9448> <Mlp=  721.0000> <PB=725.1> 
<DWph=2> <it= 29> <et=2.23> <Mt= 0.00> <Spt= 0.01> <nCl= 11> <al=0.38> <DB=  720.4277> <Mlp=  721.0000> <PB=725.1> 
<DWph=2> <it= 30> <et=2.24> <Mt= 0.01> <Spt= 0.00> <nCl= 23> <al=0.28> <DB=  464.3831> <Mlp=  721.0000> <PB=725.1> 
<DWph=2> <it= 31> <et=2.25> <Mt= 0.01> <Spt= 0.00> <nCl= 17> <al=0.36> <DB=  720.7963> <Mlp=  721.0000> <PB=725.1> 
<DWph=2> <it= 32> <et=2.26> <Mt= 0.00> <Spt= 0.01> <nCl=  7> <al=0.26> <DB=  666.0615> <Mlp=  721.0000> <PB=725.1> 
<DWph=2> <it= 33> <et=2.27> <Mt= 0.01> <Spt= 0.00> <nCl= 11> <al=0.33> <DB=  635.4308> <Mlp=  721.0000> <PB=725.1> 
<DWph=2> <it= 34> <et=2.28> <Mt= 0.01> <Spt= 0.01> <nCl= 27> <al=0.00> <DB=  439.7500> <Mlp=  721.0000> <PB=725.1> 
<DWph=2> <it= 35> <et=2.29> <Mt= 0.01> <Spt= 0.00> <nCl=  9> <al=0.30> <DB=  684.3136> <Mlp=  721.0000> <PB=725.1> 
<DWph=2> <it= 36> <et=2.30> <Mt= 0.00> <Spt= 0.00> <nCl=  5> <al=0.37> <DB=  720.9702> <Mlp=  721.0000> <PB=725.1> 
<DWph=2> <it= 37> <et=2.31> <Mt= 0.01> <Spt= 0.01> <nCl= 11> <al=0.27> <DB=  662.5885> <Mlp=  721.0000> <PB=725.1> 
<DWph=2> <it= 38> <et=2.32> <Mt= 0.00> <Spt= 0.00> <nCl=  5> <al=0.34> <DB=  720.9899> <Mlp=  721.0000> <PB=725.1> 
<DWph=2> <it= 39> <et=2.34> <Mt= 0.01> <Spt= 0.01> <nCl= 18> <al=0.00> <DB=  557.3636> <Mlp=  721.0000> <PB=725.1> 
<DWph=2> <it= 40> <et=2.35> <Mt= 0.01> <Spt= 0.01> <nCl= 14> <al=0.00> <DB=  706.0000> <Mlp=  721.0000> <PB=725.1> 
<DWph=2> <it= 41> <et=2.36> <Mt= 0.01> <Spt= 0.00> <nCl=  1> <al=0.00> <DB=  721.0000> <Mlp=  721.0000> <PB=725.1> 
<DWph=1> <it= 42> <et=2.38> <Mt= 0.00> <Spt= 0.01> <nCl= 24> <al=0.00> <DB=  518.5000> <Mlp=  721.0000> <PB=725.1> 
<DWph=1> <it= 43> <et=2.39> <Mt= 0.01> <Spt= 0.01> <nCl= 24> <al=0.00> <DB=  361.0000> <Mlp=  721.0000> <PB=725.1> 
<DWph=1> <it= 44> <et=2.41> <Mt= 0.01> <Spt= 0.00> <nCl= 22> <al=0.05> <DB=  525.2607> <Mlp=  721.0000> <PB=725.1> 
<DWph=1> <it= 45> <et=2.43> <Mt= 0.01> <Spt= 0.01> <nCl= 23> <al=0.14> <DB=  489.2164> <Mlp=  721.0000> <PB=725.1> 
<DWph=1> <it= 46> <et=2.45> <Mt= 0.01> <Spt= 0.01> <nCl= 19> <al=0.23> <DB=  615.1367> <Mlp=  721.0000> <PB=725.1> 
<DWph=1> <it= 47> <et=2.47> <Mt= 0.01> <Spt= 0.00> <nCl= 26> <al=0.13> <DB=  570.5066> <Mlp=  720.8851> <PB=725.1> 
<DWph=1> <it= 48> <et=2.49> <Mt= 0.02> <Spt= 0.01> <nCl= 20> <al=0.22> <DB=  594.9349> <Mlp=  720.7576> <PB=725.1> 
<DWph=1> <it= 49> <et=2.50> <Mt= 0.01> <Spt= 0.01> <nCl= 21> <al=0.29> <DB=  627.2502> <Mlp=  720.7576> <PB=725.1> 
<DWph=1> <it= 50> <et=2.52> <Mt= 0.01> <Spt= 0.00> <nCl= 18> <al=0.19> <DB=  645.0312> <Mlp=  720.7209> <PB=725.1> 
<DWph=1> <it= 51> <et=2.54> <Mt= 0.01> <Spt= 0.01> <nCl= 19> <al=0.27> <DB=  535.9763> <Mlp=  720.5410> <PB=725.1> 
<DWph=1> <it= 52> <et=2.55> <Mt= 0.01> <Spt= 0.01> <nCl= 22> <al=0.17> <DB=  580.4937> <Mlp=  720.5410> <PB=725.1> 
<DWph=1> <it= 53> <et=2.57> <Mt= 0.01> <Spt= 0.00> <nCl= 15> <al=0.26> <DB=  620.7750> <Mlp=  720.3898> <PB=725.1> 
<DWph=1> <it= 54> <et=2.58> <Mt= 0.01> <Spt= 0.01> <nCl= 13> <al=0.33> <DB=  644.5346> <Mlp=  720.3898> <PB=725.1> 
<DWph=1> <it= 55> <et=2.60> <Mt= 0.01> <Spt= 0.01> <nCl=  7> <al=0.40> <DB=  687.3021> <Mlp=  720.3793> <PB=725.1> 
<DWph=1> <it= 56> <et=2.61> <Mt= 0.00> <Spt= 0.00> <nCl=  5> <al=0.46> <DB=  679.1251> <Mlp=  720.3793> <PB=725.1> 
<DWph=1> <it= 57> <et=2.62> <Mt= 0.01> <Spt= 0.01> <nCl=  7> <al=0.51> <DB=  669.3021> <Mlp=  720.3793> <PB=725.1> 
<DWph=1> <it= 58> <et=2.64> <Mt= 0.01> <Spt= 0.00> <nCl= 12> <al=0.56> <DB=  716.6354> <Mlp=  720.1910> <PB=725.1> 
<DWph=1> <it= 59> <et=2.65> <Mt= 0.01> <Spt= 0.01> <nCl= 16> <al=0.46> <DB=  626.8772> <Mlp=  720.1910> <PB=725.1> 
<DWph=1> <it= 60> <et=2.67> <Mt= 0.01> <Spt= 0.00> <nCl=  5> <al=0.36> <DB=  673.0205> <Mlp=  719.7187> <PB=725.1> 
<DWph=1> <it= 61> <et=2.69> <Mt= 0.01> <Spt= 0.01> <nCl= 10> <al=0.00> <DB=  719.7187> <Mlp=  719.7187> <PB=725.1> 
    RCSP exact solver info for graph G_1 : TT = 0.009372, pt = 1e-05, dt = 0.008217, ct = 0.000744, ndl = 3', bdl = 69', odl = 6', odf = 40', bsi = 1', cnt = 32', bdch = 628', odch = 163', lcp = 70', #sols = 150
<DWph=0> <it= 62> <et=2.71> <Mt= 0.00> <Spt= 0.02> <nCl=150> <al=0.16> <DB=  563.6250> <Mlp=  719.7188> <PB=725.1> 
    RCSP exact solver info for graph G_1 : TT = 0.014362, pt = 2.7e-05, dt = 0.01274, ct = 0.001079, ndl = 5', bdl = 100', odl = 8', odf = 57', bsi = 1', cnt = 60', bdch = 1353', odch = 301', lcp = 140', #sols = 150
<DWph=0> <it= 63> <et=2.76> <Mt= 0.02> <Spt= 0.03> <nCl=150> <al=0.06> <DB=  568.5900> <Mlp=  719.2500> <PB=725.1> 
    RCSP exact solver info for graph G_1 : TT = 0.012856, pt = 2.8e-05, dt = 0.011362, ct = 0.001026, ndl = 5', bdl = 94', odl = 7', odf = 52', bsi = 1', cnt = 65', bdch = 1103', odch = 280', lcp = 121', #sols = 150
<DWph=0> <it= 64> <et=2.80> <Mt= 0.02> <Spt= 0.02> <nCl=144> <al=0.16> <DB=  639.3618> <Mlp=  719.2500> <PB=725.1> 
    RCSP exact solver info for graph G_1 : TT = 0.013202, pt = 2.7e-05, dt = 0.011739, ct = 0.001011, ndl = 5', bdl = 95', odl = 8', odf = 54', bsi = 1', cnt = 46', bdch = 1193', odch = 307', lcp = 130', #sols = 150
<DWph=0> <it= 65> <et=2.83> <Mt= 0.01> <Spt= 0.02> <nCl= 50> <al=0.24> <DB=  689.8347> <Mlp=  719.1053> <PB=725.1> 
    RCSP exact solver info for graph G_1 : TT = 0.013306, pt = 2.3e-05, dt = 0.01184, ct = 0.001032, ndl = 5', bdl = 96', odl = 7', odf = 54', bsi = 1', cnt = 47', bdch = 1224', odch = 319', lcp = 133', #sols = 150
    RCSP exact solver info for graph G_1 : TT = 0.011, pt = 1.7e-05, dt = 0.009787, ct = 0.000828, ndl = 4', bdl = 81', odl = 7', odf = 46', bsi = 1', cnt = 33', bdch = 894', odch = 224', lcp = 95', #sols = 150
<DWph=0> <it= 66> <et=2.87> <Mt= 0.01> <Spt= 0.03> <nCl= 52> <al=0.00> <DB=  719.0000> <Mlp=  719.0000> <PB=725.1> 
Dynamic params and stats :  aver.obdmd = 22.8478 aver.buck.num. = 25
@@ 1 1 719 0.0119008 0.013819 56.3662 2.87
Labels distribution in buckets (bucket size) : largest - 97, top 0.1% - 97, top 0.5% - 79, top 2% - 53, top 10% - 20, top 50% - 4
Reduced cost fixing for graph G_1... 8954 buck. arcs remain (33.7% from prev., 19% from max.) + 3227 jump buck. arcs (6.85% from max.)
 TT = 0.017346, pt = 0.001648, dt = 0.007549, ct = 0.008052, ndl = 10', bdl = 53', odl = 4', odf = 63', lpcb = 130', cnt = 310', bdch = 436', odch = 313', lcp = 92'
Labels distribution in buckets (bucket size) : largest - 97, top 0.1% - 97, top 0.5% - 79, top 2% - 53, top 10% - 20, top 50% - 5
Run forward enumeration with border = 1005... succeeded! lpt = 0.24006, ndl = 144', dl = 20', lpcb = 806', dch = 120'
Run enumeration concatenation with time limit 0.31896 sec.... time limit reached, not succeeded.
Sorting and storing enumerated solutions ...  TT = 0.63051, pt = 0, dt = 0.24006, ct = 0.337181, ndl = 144', bdl = 20', lpcb = 806', cnt = 4846', bdch = 120', odch = 0', lcp = 0'
ColGenEvalAlg final dual bound: 719 (rounded: 719)
Gap improvement since the last cut separation : 0.837822 (687.487)
Current active cuts : CAP(8,826.061)
In total 2 RCC cut(s) are found by the connected components heuristic 
Shrinking heuristic shrunk 29 edges
In total 1 RCC cut(s) are found by the Fractional capacity min-cut heuristic 
In total 1 RCC cut(s) are found by the greedy construction heuristic 
----- Add fac. cuts : CAP(4), max.viol = 0.333333, aver.viol = 0.333333, sep/add took 0.00060864/0.0207965 sec. -----
6317 columns (6317 active), 45 dyn. constrs. (12 active), 135 art. vars. (102 active)
<DWph=2> <it=  1> <et=3.56> <Mt= 0.01> <Spt= 0.01> <nCl= 15> <al=0.00> <DB=  719.3791> <Mlp=  719.3791> <PB=725.1> 
<DWph=1> <it=  2> <et=3.57> <Mt= 0.00> <Spt= 0.00> <nCl=  6> <al=0.00> <DB=  719.3791> <Mlp=  719.3791> <PB=725.1> 
    RCSP exact solver info for graph G_1 : TT = 0.00356, pt = 8e-06, dt = 0.002706, ct = 0.000467, ndl = 3', bdl = 10', odl = 2', odf = 23', bsi = 1', cnt = 34', bdch = 125', odch = 85', lcp = 32', #sols = 150
<DWph=0> <it=  3> <et=3.57> <Mt= 0.01> <Spt= 0.01> <nCl= 48> <al=0.30> <DB=  686.0000> <Mlp=  719.3791> <PB=725.1> 
    RCSP exact solver info for graph G_1 : TT = 0.003503, pt = 1.7e-05, dt = 0.002663, ct = 0.000456, ndl = 3', bdl = 9', odl = 2', odf = 23', bsi = 1', cnt = 32', bdch = 121', odch = 79', lcp = 31', #sols = 150
<DWph=0> <it=  4> <et=3.59> <Mt= 0.00> <Spt= 0.00> <nCl= 13> <al=0.20> <DB=  712.7000> <Mlp=  719.3750> <PB=725.1> 
    RCSP exact solver info for graph G_1 : TT = 0.003676, pt = 1.7e-05, dt = 0.00281, ct = 0.000476, ndl = 3', bdl = 10', odl = 2', odf = 24', bsi = 1', cnt = 33', bdch = 136', odch = 86', lcp = 35', #sols = 150
    RCSP exact solver info for graph G_1 : TT = 0.003468, pt = 1.6e-05, dt = 0.00264, ct = 0.000453, ndl = 3', bdl = 9', odl = 2', odf = 23', bsi = 1', cnt = 31', bdch = 120', odch = 78', lcp = 30', #sols = 150
<DWph=0> <it=  5> <et=3.60> <Mt= 0.00> <Spt= 0.01> <nCl= 18> <al=0.00> <DB=  719.3750> <Mlp=  719.3750> <PB=725.1> 
Dynamic params and stats :  aver.obdmd = 22.8478 aver.buck.num. = 25
@@ 1 2 719.375 0.00316775 0.003286 19.0009 3.6
    Full reduced cost fixing is not called (gap ratio is 0.9375)
ColGenEvalAlg final dual bound: 719.375 (rounded: 720)
Gap improvement since the last cut separation : 0.0614754 (719)
Current active cuts : CAP(11,822.489)
In total 1 RCC cut(s) are found by the connected components heuristic 
Shrinking heuristic shrunk 25 edges
In total 4 RCC cut(s) are found by the Fractional capacity min-cut heuristic 
In total 17 RCC cut(s) are found by the greedy construction heuristic 
----- Add fac. cuts : CAP(22), max.viol = 0.375, aver.viol = 0.133523, sep/add took 0.00168743/0.097515 sec. -----
6417 columns (6417 active), 34 dyn. constrs. (33 active), 157 art. vars. (123 active)
<DWph=2> <it=  1> <et=3.79> <Mt= 0.05> <Spt= 0.01> <nCl= 29> <al=0.50> <DB= -411.3401> <Mlp=  723.2857> <PB=725.1> 
<DWph=2> <it=  2> <et=3.82> <Mt= 0.02> <Spt= 0.00> <nCl= 13> <al=0.55> <DB=  689.5217> <Mlp=  723.0453> <PB=725.1> 
<DWph=2> <it=  3> <et=3.85> <Mt= 0.03> <Spt= 0.00> <nCl= 17> <al=0.60> <DB=  711.7118> <Mlp=  722.0000> <PB=725.1> 
<DWph=2> <it=  4> <et=3.86> <Mt= 0.01> <Spt= 0.00> <nCl=  4> <al=0.64> <DB=  720.3318> <Mlp=  722.0000> <PB=725.1> 
<DWph=2> <it=  5> <et=3.88> <Mt= 0.01> <Spt= 0.01> <nCl= 25> <al=0.54> <DB=  393.2321> <Mlp=  722.0000> <PB=725.1> 
<DWph=2> <it=  6> <et=3.91> <Mt= 0.04> <Spt= 0.00> <nCl=  7> <al=0.58> <DB=  721.0292> <Mlp=  722.0000> <PB=725.1> 
<DWph=2> <it=  7> <et=3.93> <Mt= 0.01> <Spt= 0.00> <nCl= 25> <al=0.48> <DB=  646.4358> <Mlp=  721.5000> <PB=725.1> 
<DWph=2> <it=  8> <et=3.97> <Mt= 0.04> <Spt= 0.00> <nCl= 11> <al=0.53> <DB=  651.5571> <Mlp=  721.5000> <PB=725.1> 
<DWph=2> <it=  9> <et=3.99> <Mt= 0.02> <Spt= 0.01> <nCl= 14> <al=0.58> <DB=  721.2268> <Mlp=  721.5000> <PB=725.1> 
<DWph=2> <it= 10> <et=4.01> <Mt= 0.01> <Spt= 0.00> <nCl= 22> <al=0.48> <DB=  587.0275> <Mlp=  721.5000> <PB=725.1> 
<DWph=2> <it= 11> <et=4.03> <Mt= 0.02> <Spt= 0.00> <nCl= 16> <al=0.53> <DB=  679.0727> <Mlp=  721.5000> <PB=725.1> 
<DWph=2> <it= 12> <et=4.05> <Mt= 0.02> <Spt= 0.00> <nCl=  7> <al=0.58> <DB=  709.8968> <Mlp=  721.3333> <PB=725.1> 
<DWph=2> <it= 13> <et=4.06> <Mt= 0.01> <Spt= 0.01> <nCl=  8> <al=0.48> <DB=  688.4983> <Mlp=  721.3333> <PB=725.1> 
<DWph=2> <it= 14> <et=4.07> <Mt= 0.01> <Spt= 0.00> <nCl= 27> <al=0.06> <DB=  644.5650> <Mlp=  721.3333> <PB=725.1> 
<DWph=2> <it= 15> <et=4.09> <Mt= 0.01> <Spt= 0.00> <nCl= 21> <al=0.00> <DB=  665.1748> <Mlp=  721.3333> <PB=725.1> 
<DWph=2> <it= 16> <et=4.11> <Mt= 0.01> <Spt= 0.01> <nCl= 15> <al=0.00> <DB=  713.8819> <Mlp=  721.3333> <PB=725.1> 
<DWph=2> <it= 17> <et=4.12> <Mt= 0.01> <Spt= 0.00> <nCl=  2> <al=0.23> <DB=  716.7675> <Mlp=  721.3333> <PB=725.1> 
<DWph=2> <it= 18> <et=4.13> <Mt= 0.01> <Spt= 0.00> <nCl=  3> <al=0.00> <DB=  713.8819> <Mlp=  721.3333> <PB=725.1> 
<DWph=2> <it= 19> <et=4.14> <Mt= 0.01> <Spt= 0.01> <nCl=  3> <al=0.00> <DB=  721.3333> <Mlp=  721.3333> <PB=725.1> 
<DWph=1> <it= 20> <et=4.15> <Mt= 0.00> <Spt= 0.00> <nCl= 23> <al=0.00> <DB=  571.4947> <Mlp=  721.3333> <PB=725.1> 
<DWph=1> <it= 21> <et=4.17> <Mt= 0.02> <Spt= 0.00> <nCl= 14> <al=0.04> <DB=  640.0726> <Mlp=  721.3333> <PB=725.1> 
<DWph=1> <it= 22> <et=4.18> <Mt= 0.01> <Spt= 0.01> <nCl= 14> <al=0.13> <DB=  677.5748> <Mlp=  721.3333> <PB=725.1> 
<DWph=1> <it= 23> <et=4.20> <Mt= 0.01> <Spt= 0.00> <nCl= 22> <al=0.22> <DB=  660.1431> <Mlp=  721.3333> <PB=725.1> 
<DWph=1> <it= 24> <et=4.21> <Mt= 0.01> <Spt= 0.00> <nCl= 14> <al=0.30> <DB=  703.2916> <Mlp=  721.3333> <PB=725.1> 
<DWph=1> <it= 25> <et=4.22> <Mt= 0.01> <Spt= 0.01> <nCl= 16> <al=0.20> <DB=  715.1422> <Mlp=  721.3333> <PB=725.1> 
<DWph=1> <it= 26> <et=4.23> <Mt= 0.01> <Spt= 0.00> <nCl=  8> <al=0.10> <DB=  715.4668> <Mlp=  721.3333> <PB=725.1> 
<DWph=1> <it= 27> <et=4.25> <Mt= 0.01> <Spt= 0.00> <nCl= 10> <al=0.00> <DB=  721.3333> <Mlp=  721.3333> <PB=725.1> 
    RCSP exact solver info for graph G_1 : TT = 0.003356, pt = 1.1e-05, dt = 0.002587, ct = 0.000393, ndl = 3', bdl = 9', odl = 2', odf = 23', bsi = 0', cnt = 37', bdch = 110', odch = 88', lcp = 27', #sols = 150
<DWph=0> <it= 28> <et=4.26> <Mt= 0.00> <Spt= 0.01> <nCl=105> <al=0.09> <DB=  643.8389> <Mlp=  721.3333> <PB=725.1> 
    RCSP exact solver info for graph G_1 : TT = 0.004541, pt = 3.4e-05, dt = 0.003509, ct = 0.000468, ndl = 3', bdl = 12', odl = 3', odf = 29', bsi = 1', cnt = 48', bdch = 154', odch = 124', lcp = 39', #sols = 150
<DWph=0> <it= 29> <et=4.31> <Mt= 0.04> <Spt= 0.01> <nCl=150> <al=0.18> <DB=  647.6208> <Mlp=  721.2500> <PB=725.1> 
    RCSP exact solver info for graph G_1 : TT = 0.003565, pt = 2.4e-05, dt = 0.002738, ct = 0.000405, ndl = 3', bdl = 9', odl = 2', odf = 25', bsi = 0', cnt = 36', bdch = 103', odch = 89', lcp = 26', #sols = 150
<DWph=0> <it= 30> <et=4.34> <Mt= 0.02> <Spt= 0.01> <nCl=150> <al=0.26> <DB=  667.6227> <Mlp=  721.2500> <PB=725.1> 
    RCSP exact solver info for graph G_1 : TT = 0.00388, pt = 2.5e-05, dt = 0.003001, ct = 0.000458, ndl = 3', bdl = 10', odl = 2', odf = 27', bsi = 0', cnt = 46', bdch = 126', odch = 114', lcp = 33', #sols = 150
<DWph=0> <it= 31> <et=4.37> <Mt= 0.02> <Spt= 0.01> <nCl=134> <al=0.34> <DB=  700.2614> <Mlp=  721.2500> <PB=725.1> 
    RCSP exact solver info for graph G_1 : TT = 0.005404, pt = 2.7e-05, dt = 0.004279, ct = 0.000599, ndl = 4', bdl = 18', odl = 3', odf = 36', bsi = 1', cnt = 61', bdch = 215', odch = 178', lcp = 52', #sols = 150
<DWph=0> <it= 32> <et=4.41> <Mt= 0.03> <Spt= 0.01> <nCl=146> <al=0.40> <DB=  703.4549> <Mlp=  721.0000> <PB=721> 
    RCSP exact solver info for graph G_1 : TT = 0.005461, pt = 2.5e-05, dt = 0.004352, ct = 0.000597, ndl = 5', bdl = 18', odl = 3', odf = 37', bsi = 1', cnt = 63', bdch = 229', odch = 195', lcp = 58', #sols = 150
<DWph=0> <it= 33> <et=4.44> <Mt= 0.02> <Spt= 0.02> <nCl=134> <al=0.46> <DB=  712.8942> <Mlp=  721.0000> <PB=721> 
    RCSP exact solver info for graph G_1 : TT = 0.005434, pt = 2.7e-05, dt = 0.004343, ct = 0.000594, ndl = 5', bdl = 17', odl = 3', odf = 36', bsi = 1', cnt = 61', bdch = 227', odch = 196', lcp = 58', #sols = 150
<DWph=0> <it= 34> <et=4.46> <Mt= 0.00> <Spt= 0.01> <nCl= 94> <al=0.36> <DB=  717.1572> <Mlp=  721.0000> <PB=721> 
    RCSP exact solver info for graph G_1 : TT = 0.005441, pt = 2.8e-05, dt = 0.00434, ct = 0.000595, ndl = 5', bdl = 17', odl = 3', odf = 37', bsi = 1', cnt = 60', bdch = 226', odch = 196', lcp = 57', #sols = 150
    RCSP exact solver info for graph G_1 : TT = 0.002505, pt = 1.6e-05, dt = 0.001905, ct = 0.000273, ndl = 2', bdl = 6', odl = 2', odf = 17', bsi = 0', cnt = 15', bdch = 57', odch = 48', lcp = 15', #sols = 150
<DWph=0> <it= 35> <et=4.48> <Mt= 0.01> <Spt= 0.01> <nCl= 78> <al=0.00> <DB=  721.0000> <Mlp=  721.0000> <PB=721> 
Dynamic params and stats :  aver.obdmd = 22.7826 aver.buck.num. = 25
@@ 1 3 721 0.00393733 0.004949 19.0009 4.48
ColGenEvalAlg final dual bound: 721 (rounded: 721)
Gap improvement since the last cut separation : 1 (719.375)
Current active cuts : CAP(1+12,954.879)
New model incumbent solution 721, TIME = 0h0m4s49t = 449
************************************************************************************************
Search is finished, global bounds : [ 721 , 721 ], TIME = 0h0m4s49t = 449
************************************************************************************************
Built-in heuristic is enabled
instance_name solver_name ext_heuristic solution_value solution_time best_lb root_lb root_time nb_branch_and_bound_nodes status
/home/logis/Downloads/VRPSolverEasy/VRPSolverEasy/demos/data/CVRP/F-n45-k4 CLP False 721.0000003830922 4.4939195210000005 721.0 721.0 4.493431198 1 0

