Time resource is critical for vehicle type 1 (21,0)
Capacity resource will be imposed by rounded capacity cuts (0.269048)
Node memory for rank-1 cuts will be used (2.95238)
~~~~~~~~~~~~~~~~~~~~~~~~~~~~~~~~~~~~~~~~~~~~~~~~~~~~~~~~~~~~~~~~~~~~~~~~~~~~~~~~~~~~~
VRPSolver v0.5.27, 24/02/2023, © Inria Bordeaux, France, vrpsolver.math.u-bordeaux.fr
      Corresponds to the solver by Pessoa, Sadykov, Uchoa and Vanderbeck (2020)
                 Paper: dx.doi.org/10.1007/s10107-020-01523-z
~~~~~~~~~~~~~~~~~~~~~~~~~~~~~~~~~~~~~~~~~~~~~~~~~~~~~~~~~~~~~~~~~~~~~~~~~~~~~~~~~~~~~
   BaPCod v0.77, 15/03/2023, © Inria Bordeaux, France, bapcod.math.u-bordeaux.fr 
           THIS CODE IS PROVIDED AS IS, USE IT AT YOUR OWN RISK
~~~~~~~~~~~~~~~~~~~~~~~~~~~~~~~~~~~~~~~~~~~~~~~~~~~~~~~~~~~~~~~~~~~~~~~~~~~~~~~~~~~~~
Bucket steps were recalculated for graph G_1 : [54.0401]
RCSP solver info : non-symmetric case as the resource 0 consumption for the reverse arc of 0->200 is not the same : 72.4 against 162.4
Bidirectional border value is initialised to 499.3
RCSP solver info : number of forw. reachable buckets / buck. strongly connected components is 710( 96.4674% ) / 710( 100% )
RCSP solver info : number of back. reachable buckets / buck. strongly connected components is 708( 96.1957% ) / 708( 100% )
Generating neighbourhoods for rank-1 cuts separation
Building structures for 4- and 5-row rank-1 packing cut separation...done!
Model is built TIME = 0h0m0s23t = 23
************************************************************************************************
**** BaB tree root node
**** Local DB = -1e+12, global bounds : [ -1e+12 , 2695 ], TIME = 0h0m0s23t = 23
**** 1 open nodes, 0 columns (0 active), 0 dyn. constrs. (0 active), 402 art. vars. (402 active)
************************************************************************************************
#<DWph=2> <it=  1> <et=0.25> <Mt= 0.00> <Spt= 0.00> <nCl= 30> <al=0.00> <DB=-2901885.0000> <Mlp=1351812.0000> <PB=2695> 
#<DWph=2> <it=  2> <et=0.26> <Mt= 0.00> <Spt= 0.01> <nCl= 30> <al=0.55> <DB=-2823874.2900> <Mlp=812635.8000> <PB=2695> 
#<DWph=2> <it=  3> <et=0.27> <Mt= 0.00> <Spt= 0.01> <nCl= 30> <al=0.60> <DB=-3046941.2473> <Mlp=554350.7167> <PB=2695> 
#<DWph=2> <it=  4> <et=0.28> <Mt= 0.00> <Spt= 0.01> <nCl= 30> <al=0.64> <DB=-2661079.3077> <Mlp=406182.9000> <PB=2695> 
#<DWph=2> <it=  5> <et=0.29> <Mt= 0.00> <Spt= 0.01> <nCl= 30> <al=0.67> <DB=-2653169.5374> <Mlp=264562.0667> <PB=2695> 
#<DWph=2> <it=  6> <et=0.30> <Mt= 0.00> <Spt= 0.01> <nCl= 30> <al=0.70> <DB=-2513279.2207> <Mlp=216588.5214> <PB=2695> 
#<DWph=2> <it=  7> <et=0.31> <Mt= 0.00> <Spt= 0.01> <nCl= 30> <al=0.73> <DB=-2337487.0236> <Mlp=147686.4400> <PB=2695> 
#<DWph=2> <it=  8> <et=0.32> <Mt= 0.00> <Spt= 0.01> <nCl= 30> <al=0.76> <DB=-2314336.8495> <Mlp=129522.0286> <PB=2695> 
#<DWph=2> <it=  9> <et=0.34> <Mt= 0.00> <Spt= 0.01> <nCl= 30> <al=0.78> <DB=-2290100.5949> <Mlp=117554.6036> <PB=2695> 
#<DWph=2> <it= 10> <et=0.35> <Mt= 0.00> <Spt= 0.01> <nCl= 30> <al=0.68> <DB=-1982949.8828> <Mlp=111823.4371> <PB=2695> 
#<DWph=2> <it= 11> <et=0.36> <Mt= 0.00> <Spt= 0.01> <nCl= 30> <al=0.72> <DB=-1881266.8494> <Mlp=110829.3632> <PB=2695> 
#<DWph=2> <it= 12> <et=0.37> <Mt= 0.00> <Spt= 0.01> <nCl= 30> <al=0.74> <DB=-1867605.6614> <Mlp=93326.1661> <PB=2695> 
#<DWph=2> <it= 13> <et=0.38> <Mt= 0.01> <Spt= 0.01> <nCl= 30> <al=0.77> <DB=-1840359.4179> <Mlp=93326.1661> <PB=2695> 
#<DWph=2> <it= 14> <et=0.39> <Mt= 0.00> <Spt= 0.01> <nCl= 30> <al=0.79> <DB=-1826550.2445> <Mlp=92144.6451> <PB=2695> 
#<DWph=2> <it= 15> <et=0.40> <Mt= 0.00> <Spt= 0.01> <nCl= 30> <al=0.81> <DB=-1849630.7287> <Mlp=90849.0393> <PB=2695> 
#<DWph=2> <it= 16> <et=0.41> <Mt= 0.00> <Spt= 0.00> <nCl= 30> <al=0.83> <DB=-1680655.4185> <Mlp=85020.6628> <PB=2695> 
#<DWph=2> <it= 17> <et=0.42> <Mt= 0.00> <Spt= 0.01> <nCl= 30> <al=0.73> <DB=-1675729.5264> <Mlp=76880.1284> <PB=2695> 
#<DWph=2> <it= 18> <et=0.43> <Mt= 0.00> <Spt= 0.01> <nCl= 30> <al=0.76> <DB=-1635444.0656> <Mlp=75696.1088> <PB=2695> 
#<DWph=2> <it= 19> <et=0.44> <Mt= 0.00> <Spt= 0.01> <nCl= 30> <al=0.78> <DB=-1737757.5629> <Mlp=72468.2399> <PB=2695> 
#<DWph=2> <it= 20> <et=0.45> <Mt= 0.00> <Spt= 0.01> <nCl= 30> <al=0.80> <DB=-1621663.2613> <Mlp=69485.2413> <PB=2695> 
#<DWph=2> <it= 21> <et=0.46> <Mt= 0.01> <Spt= 0.01> <nCl= 30> <al=0.82> <DB=-1571429.0631> <Mlp=68671.5017> <PB=2695> 
#<DWph=2> <it= 22> <et=0.48> <Mt= 0.00> <Spt= 0.01> <nCl= 30> <al=0.72> <DB=-1643563.7776> <Mlp=66880.8881> <PB=2695> 
#<DWph=2> <it= 23> <et=0.49> <Mt= 0.00> <Spt= 0.01> <nCl= 30> <al=0.75> <DB=-1602939.1237> <Mlp=64688.5569> <PB=2695> 
#<DWph=2> <it= 24> <et=0.50> <Mt= 0.00> <Spt= 0.01> <nCl= 30> <al=0.78> <DB=-1565994.4053> <Mlp=64688.5569> <PB=2695> 
#<DWph=2> <it= 25> <et=0.51> <Mt= 0.00> <Spt= 0.01> <nCl= 30> <al=0.80> <DB=-1608578.7365> <Mlp=61915.4645> <PB=2695> 
#<DWph=2> <it= 26> <et=0.52> <Mt= 0.01> <Spt= 0.01> <nCl= 30> <al=0.82> <DB=-1598551.4815> <Mlp=56020.6621> <PB=2695> 
#<DWph=2> <it= 27> <et=0.54> <Mt= 0.00> <Spt= 0.01> <nCl= 30> <al=0.84> <DB=-1545324.8185> <Mlp=53083.6297> <PB=2695> 
#<DWph=2> <it= 28> <et=0.55> <Mt= 0.00> <Spt= 0.01> <nCl= 30> <al=0.85> <DB=-1423633.7686> <Mlp=51372.9673> <PB=2695> 
#<DWph=2> <it= 29> <et=0.56> <Mt= 0.00> <Spt= 0.01> <nCl= 30> <al=0.87> <DB=-1439089.9445> <Mlp=49802.7925> <PB=2695> 
#<DWph=2> <it= 30> <et=0.57> <Mt= 0.00> <Spt= 0.01> <nCl= 30> <al=0.88> <DB=-1391063.0431> <Mlp=48788.9238> <PB=2695> 
#<DWph=2> <it= 31> <et=0.58> <Mt= 0.01> <Spt= 0.01> <nCl= 30> <al=0.89> <DB=-1372112.0936> <Mlp=46589.1679> <PB=2695> 
#<DWph=2> <it= 32> <et=0.59> <Mt= 0.00> <Spt= 0.00> <nCl= 30> <al=0.79> <DB=-1445879.1785> <Mlp=44809.7948> <PB=2695> 
#<DWph=2> <it= 33> <et=0.60> <Mt= 0.00> <Spt= 0.01> <nCl= 30> <al=0.81> <DB=-1381499.1129> <Mlp=41691.3700> <PB=2695> 
#<DWph=2> <it= 34> <et=0.62> <Mt= 0.00> <Spt= 0.01> <nCl= 30> <al=0.83> <DB=-1338523.4486> <Mlp=40478.3456> <PB=2695> 
#<DWph=2> <it= 35> <et=0.63> <Mt= 0.01> <Spt= 0.01> <nCl= 30> <al=0.85> <DB=-1481907.8794> <Mlp=40301.6446> <PB=2695> 
#<DWph=2> <it= 36> <et=0.64> <Mt= 0.00> <Spt= 0.01> <nCl= 30> <al=0.86> <DB=-1320114.8135> <Mlp=36917.6087> <PB=2695> 
#<DWph=2> <it= 37> <et=0.66> <Mt= 0.00> <Spt= 0.01> <nCl= 30> <al=0.76> <DB=-1384124.7341> <Mlp=35181.8443> <PB=2695> 
#<DWph=2> <it= 38> <et=0.67> <Mt= 0.01> <Spt= 0.01> <nCl= 30> <al=0.79> <DB=-1294068.0167> <Mlp=34530.6691> <PB=2695> 
#<DWph=2> <it= 39> <et=0.68> <Mt= 0.00> <Spt= 0.01> <nCl= 30> <al=0.81> <DB=-1351175.5325> <Mlp=34530.6691> <PB=2695> 
#<DWph=2> <it= 40> <et=0.69> <Mt= 0.00> <Spt= 0.01> <nCl= 30> <al=0.83> <DB=-1245293.6627> <Mlp=32401.0425> <PB=2695> 
#<DWph=2> <it= 41> <et=0.71> <Mt= 0.01> <Spt= 0.01> <nCl= 30> <al=0.73> <DB=-1407358.9368> <Mlp=31134.9527> <PB=2695> 
#<DWph=2> <it= 42> <et=0.72> <Mt= 0.00> <Spt= 0.01> <nCl= 30> <al=0.76> <DB=-1267844.7935> <Mlp=29572.3066> <PB=2695> 
#<DWph=2> <it= 43> <et=0.73> <Mt= 0.00> <Spt= 0.01> <nCl= 30> <al=0.78> <DB=-1218359.3349> <Mlp=29572.3066> <PB=2695> 
#<DWph=2> <it= 44> <et=0.74> <Mt= 0.00> <Spt= 0.01> <nCl= 30> <al=0.80> <DB=-1266217.8601> <Mlp=27725.4761> <PB=2695> 
#<DWph=2> <it= 45> <et=0.75> <Mt= 0.01> <Spt= 0.01> <nCl= 30> <al=0.82> <DB=-1277866.2615> <Mlp=26999.2287> <PB=2695> 
#<DWph=2> <it= 46> <et=0.77> <Mt= 0.00> <Spt= 0.01> <nCl= 30> <al=0.84> <DB=-1214373.0574> <Mlp=24481.2062> <PB=2695> 
#<DWph=2> <it= 47> <et=0.78> <Mt= 0.00> <Spt= 0.01> <nCl= 30> <al=0.86> <DB=-1219802.9735> <Mlp=24000.0428> <PB=2695> 
#<DWph=2> <it= 48> <et=0.79> <Mt= 0.01> <Spt= 0.01> <nCl= 30> <al=0.87> <DB=-1147395.2098> <Mlp=21280.4050> <PB=2695> 
#<DWph=2> <it= 49> <et=0.81> <Mt= 0.00> <Spt= 0.01> <nCl= 30> <al=0.88> <DB=-1163476.9291> <Mlp=20879.0706> <PB=2695> 
#<DWph=2> <it= 50> <et=0.82> <Mt= 0.00> <Spt= 0.01> <nCl= 30> <al=0.89> <DB=-1055222.4691> <Mlp=20260.6315> <PB=2695> 
#<DWph=2> <it= 51> <et=0.83> <Mt= 0.01> <Spt= 0.01> <nCl= 30> <al=0.79> <DB=-1247667.2625> <Mlp=19909.9940> <PB=2695> 
#<DWph=2> <it= 52> <et=0.85> <Mt= 0.00> <Spt= 0.00> <nCl= 30> <al=0.82> <DB=-984071.1741> <Mlp=17984.2587> <PB=2695> 
#<DWph=2> <it= 53> <et=0.86> <Mt= 0.00> <Spt= 0.01> <nCl= 30> <al=0.83> <DB=-1028381.7578> <Mlp=17875.6855> <PB=2695> 
#<DWph=2> <it= 54> <et=0.87> <Mt= 0.00> <Spt= 0.01> <nCl= 30> <al=0.85> <DB=-1052144.8404> <Mlp=17607.0972> <PB=2695> 
#<DWph=2> <it= 55> <et=0.88> <Mt= 0.01> <Spt= 0.01> <nCl= 30> <al=0.87> <DB=-939892.8247> <Mlp=17281.7549> <PB=2695> 
#<DWph=2> <it= 56> <et=0.89> <Mt= 0.00> <Spt= 0.01> <nCl= 30> <al=0.77> <DB=-1055100.0644> <Mlp=17205.0978> <PB=2695> 
#<DWph=2> <it= 57> <et=0.91> <Mt= 0.00> <Spt= 0.01> <nCl= 30> <al=0.79> <DB=-1007744.6365> <Mlp=16812.8460> <PB=2695> 
#<DWph=2> <it= 58> <et=0.92> <Mt= 0.01> <Spt= 0.01> <nCl= 30> <al=0.81> <DB=-946846.6453> <Mlp=15782.1211> <PB=2695> 
#<DWph=2> <it= 59> <et=0.93> <Mt= 0.00> <Spt= 0.01> <nCl= 30> <al=0.83> <DB=-911381.8398> <Mlp=15457.2415> <PB=2695> 
#<DWph=2> <it= 60> <et=0.95> <Mt= 0.00> <Spt= 0.01> <nCl= 30> <al=0.85> <DB=-938282.8173> <Mlp=15230.6775> <PB=2695> 
#<DWph=2> <it= 61> <et=0.96> <Mt= 0.01> <Spt= 0.01> <nCl= 30> <al=0.86> <DB=-949826.0572> <Mlp=15037.8358> <PB=2695> 
#<DWph=2> <it= 62> <et=0.97> <Mt= 0.00> <Spt= 0.01> <nCl= 30> <al=0.88> <DB=-871445.1401> <Mlp=14572.9752> <PB=2695> 
#<DWph=2> <it= 63> <et=0.99> <Mt= 0.00> <Spt= 0.01> <nCl= 30> <al=0.89> <DB=-880982.6521> <Mlp=14138.1771> <PB=2695> 
#<DWph=2> <it= 64> <et=1.00> <Mt= 0.01> <Spt= 0.01> <nCl= 30> <al=0.90> <DB=-850415.1134> <Mlp=13839.1842> <PB=2695> 
#<DWph=2> <it= 65> <et=1.01> <Mt= 0.00> <Spt= 0.01> <nCl= 30> <al=0.80> <DB=-954230.6802> <Mlp=13567.4806> <PB=2695> 
#<DWph=2> <it= 66> <et=1.03> <Mt= 0.01> <Spt= 0.01> <nCl= 30> <al=0.82> <DB=-914551.8711> <Mlp=13460.0773> <PB=2695> 
#<DWph=2> <it= 67> <et=1.04> <Mt= 0.00> <Spt= 0.01> <nCl= 30> <al=0.84> <DB=-857276.3759> <Mlp=12607.1986> <PB=2695> 
#<DWph=2> <it= 68> <et=1.06> <Mt= 0.01> <Spt= 0.01> <nCl= 30> <al=0.85> <DB=-874832.8829> <Mlp=11689.0548> <PB=2695> 
#<DWph=2> <it= 69> <et=1.07> <Mt= 0.00> <Spt= 0.01> <nCl= 30> <al=0.87> <DB=-854511.8150> <Mlp=10953.3788> <PB=2695> 
#<DWph=2> <it= 70> <et=1.09> <Mt= 0.01> <Spt= 0.01> <nCl= 30> <al=0.88> <DB=-775799.9456> <Mlp=10485.6077> <PB=2695> 
#<DWph=2> <it= 71> <et=1.10> <Mt= 0.00> <Spt= 0.01> <nCl= 30> <al=0.89> <DB=-760257.9212> <Mlp=10189.8419> <PB=2695> 
#<DWph=2> <it= 72> <et=1.12> <Mt= 0.01> <Spt= 0.01> <nCl= 30> <al=0.79> <DB=-824020.1497> <Mlp= 9294.6852> <PB=2695> 
#<DWph=2> <it= 73> <et=1.13> <Mt= 0.00> <Spt= 0.01> <nCl= 30> <al=0.81> <DB=-860396.7113> <Mlp= 9072.6803> <PB=2695> 
#<DWph=2> <it= 74> <et=1.14> <Mt= 0.01> <Spt= 0.00> <nCl= 30> <al=0.83> <DB=-824817.0906> <Mlp= 8824.1749> <PB=2695> 
#<DWph=2> <it= 75> <et=1.16> <Mt= 0.00> <Spt= 0.01> <nCl= 30> <al=0.85> <DB=-730676.3911> <Mlp= 8332.3935> <PB=2695> 
#<DWph=2> <it= 76> <et=1.17> <Mt= 0.00> <Spt= 0.01> <nCl= 30> <al=0.86> <DB=-743076.6387> <Mlp= 8112.3058> <PB=2695> 
#<DWph=2> <it= 77> <et=1.19> <Mt= 0.01> <Spt= 0.01> <nCl= 30> <al=0.88> <DB=-658644.8281> <Mlp= 7388.8660> <PB=2695> 
#<DWph=2> <it= 78> <et=1.21> <Mt= 0.01> <Spt= 0.01> <nCl= 30> <al=0.89> <DB=-664754.1752> <Mlp= 6121.9424> <PB=2695> 
#<DWph=2> <it= 79> <et=1.22> <Mt= 0.01> <Spt= 0.01> <nCl= 30> <al=0.90> <DB=-603767.0226> <Mlp= 5618.8488> <PB=2695> 
#<DWph=2> <it= 80> <et=1.24> <Mt= 0.00> <Spt= 0.01> <nCl= 30> <al=0.80> <DB=-712147.9039> <Mlp= 5422.3468> <PB=2695> 
#<DWph=2> <it= 81> <et=1.26> <Mt= 0.01> <Spt= 0.01> <nCl= 30> <al=0.82> <DB=-658749.1067> <Mlp= 4785.2017> <PB=2695> 
#<DWph=2> <it= 82> <et=1.27> <Mt= 0.01> <Spt= 0.01> <nCl= 30> <al=0.84> <DB=-616638.3820> <Mlp= 4593.4120> <PB=2695> 
#<DWph=2> <it= 83> <et=1.29> <Mt= 0.00> <Spt= 0.01> <nCl= 30> <al=0.85> <DB=-565906.5456> <Mlp= 4230.0733> <PB=2695> 
#<DWph=2> <it= 84> <et=1.30> <Mt= 0.01> <Spt= 0.01> <nCl= 30> <al=0.87> <DB=-531228.8603> <Mlp= 4182.9311> <PB=2695> 
#<DWph=2> <it= 85> <et=1.31> <Mt= 0.00> <Spt= 0.01> <nCl= 30> <al=0.77> <DB=-515855.2264> <Mlp= 4086.8955> <PB=2695> 
<DWph=2> <it= 86> <et=1.33> <Mt= 0.01> <Spt= 0.01> <nCl=  9> <al=0.79> <DB=-407987.9324> <Mlp= 4074.3618> <PB=2695> 
<DWph=2> <it= 87> <et=1.34> <Mt= 0.00> <Spt= 0.01> <nCl= 22> <al=0.69> <DB=-281564.9437> <Mlp= 4071.4296> <PB=2695> 
<DWph=2> <it= 88> <et=1.35> <Mt= 0.00> <Spt= 0.01> <nCl= 30> <al=0.59> <DB=-181827.6647> <Mlp= 4071.2875> <PB=2695> 
<DWph=2> <it= 89> <et=1.37> <Mt= 0.00> <Spt= 0.01> <nCl= 30> <al=0.49> <DB=-107211.1545> <Mlp= 4064.4131> <PB=2695> 
<DWph=2> <it= 90> <et=1.38> <Mt= 0.01> <Spt= 0.01> <nCl= 30> <al=0.39> <DB=-64990.2168> <Mlp= 4064.2140> <PB=2695> 
<DWph=2> <it= 91> <et=1.39> <Mt= 0.00> <Spt= 0.01> <nCl= 30> <al=0.29> <DB=-82241.2224> <Mlp= 4046.4798> <PB=2695> 
<DWph=2> <it= 92> <et=1.41> <Mt= 0.01> <Spt= 0.01> <nCl= 30> <al=0.36> <DB=-59924.8189> <Mlp= 4035.9246> <PB=2695> 
<DWph=2> <it= 93> <et=1.42> <Mt= 0.00> <Spt= 0.00> <nCl= 30> <al=0.43> <DB=-41787.5240> <Mlp= 4017.4725> <PB=2695> 
<DWph=2> <it= 94> <et=1.44> <Mt= 0.01> <Spt= 0.01> <nCl= 30> <al=0.48> <DB=-44527.6545> <Mlp= 4008.5523> <PB=2695> 
<DWph=2> <it= 95> <et=1.45> <Mt= 0.00> <Spt= 0.01> <nCl= 30> <al=0.54> <DB=-41797.1564> <Mlp= 3997.0003> <PB=2695> 
<DWph=2> <it= 96> <et=1.47> <Mt= 0.01> <Spt= 0.01> <nCl= 30> <al=0.58> <DB=-32717.1603> <Mlp= 3985.7412> <PB=2695> 
<DWph=2> <it= 97> <et=1.49> <Mt= 0.01> <Spt= 0.01> <nCl= 30> <al=0.48> <DB=-51958.2741> <Mlp= 3977.8782> <PB=2695> 
<DWph=2> <it= 98> <et=1.50> <Mt= 0.00> <Spt= 0.01> <nCl= 30> <al=0.53> <DB=-57233.1808> <Mlp= 3973.9221> <PB=2695> 
<DWph=2> <it= 99> <et=1.51> <Mt= 0.00> <Spt= 0.01> <nCl= 30> <al=0.58> <DB=-29574.7467> <Mlp= 3972.9889> <PB=2695> 
<DWph=2> <it=100> <et=1.52> <Mt= 0.01> <Spt= 0.01> <nCl= 30> <al=0.62> <DB=-27267.4409> <Mlp= 3968.7003> <PB=2695> 
<DWph=2> <it=101> <et=1.54> <Mt= 0.01> <Spt= 0.01> <nCl= 30> <al=0.52> <DB=-28882.8777> <Mlp= 3959.1308> <PB=2695> 
<DWph=2> <it=102> <et=1.57> <Mt= 0.01> <Spt= 0.01> <nCl= 30> <al=0.57> <DB=-30814.8312> <Mlp= 3942.9276> <PB=2695> 
<DWph=2> <it=103> <et=1.59> <Mt= 0.01> <Spt= 0.01> <nCl= 30> <al=0.61> <DB=-37335.6295> <Mlp= 3935.7109> <PB=2695> 
<DWph=2> <it=104> <et=1.60> <Mt= 0.01> <Spt= 0.01> <nCl= 30> <al=0.65> <DB=-24997.6459> <Mlp= 3930.3570> <PB=2695> 
<DWph=2> <it=105> <et=1.62> <Mt= 0.00> <Spt= 0.01> <nCl= 30> <al=0.69> <DB=-19116.4575> <Mlp= 3929.5369> <PB=2695> 
<DWph=2> <it=106> <et=1.63> <Mt= 0.01> <Spt= 0.01> <nCl= 30> <al=0.72> <DB=-20026.1782> <Mlp= 3922.7185> <PB=2695> 
<DWph=2> <it=107> <et=1.65> <Mt= 0.00> <Spt= 0.01> <nCl= 30> <al=0.75> <DB=-20190.1266> <Mlp= 3919.0255> <PB=2695> 
<DWph=2> <it=108> <et=1.66> <Mt= 0.01> <Spt= 0.01> <nCl= 30> <al=0.77> <DB=-16602.7625> <Mlp= 3905.9175> <PB=2695> 
<DWph=2> <it=109> <et=1.69> <Mt= 0.01> <Spt= 0.01> <nCl= 30> <al=0.67> <DB=-16402.9510> <Mlp= 3887.1002> <PB=2695> 
<DWph=2> <it=110> <et=1.71> <Mt= 0.02> <Spt= 0.01> <nCl= 30> <al=0.70> <DB=-17459.9905> <Mlp= 3866.8884> <PB=2695> 
<DWph=2> <it=111> <et=1.74> <Mt= 0.01> <Spt= 0.01> <nCl= 30> <al=0.73> <DB=-14494.2412> <Mlp= 3851.4376> <PB=2695> 
<DWph=2> <it=112> <et=1.76> <Mt= 0.02> <Spt= 0.00> <nCl= 30> <al=0.76> <DB=-14496.6547> <Mlp= 3835.3239> <PB=2695> 
<DWph=2> <it=113> <et=1.78> <Mt= 0.01> <Spt= 0.01> <nCl= 30> <al=0.78> <DB=-11792.2286> <Mlp= 3811.3047> <PB=2695> 
<DWph=2> <it=114> <et=1.81> <Mt= 0.01> <Spt= 0.01> <nCl= 30> <al=0.68> <DB=-16312.6227> <Mlp= 3794.1160> <PB=2695> 
<DWph=2> <it=115> <et=1.82> <Mt= 0.01> <Spt= 0.01> <nCl= 30> <al=0.72> <DB=-10777.8444> <Mlp= 3792.4577> <PB=2695> 
<DWph=2> <it=116> <et=1.85> <Mt= 0.02> <Spt= 0.01> <nCl= 30> <al=0.74> <DB=-9552.4734> <Mlp= 3758.5040> <PB=2695> 
<DWph=2> <it=117> <et=1.88> <Mt= 0.02> <Spt= 0.01> <nCl= 30> <al=0.77> <DB=-11061.1806> <Mlp= 3725.0222> <PB=2695> 
<DWph=2> <it=118> <et=1.90> <Mt= 0.01> <Spt= 0.01> <nCl= 27> <al=0.79> <DB=-7396.6881> <Mlp= 3707.1081> <PB=2695> 
<DWph=2> <it=119> <et=1.93> <Mt= 0.02> <Spt= 0.01> <nCl= 30> <al=0.81> <DB=-8893.5994> <Mlp= 3669.7666> <PB=2695> 
<DWph=2> <it=120> <et=1.95> <Mt= 0.02> <Spt= 0.01> <nCl= 30> <al=0.83> <DB=-8034.8044> <Mlp= 3625.9437> <PB=2695> 
<DWph=2> <it=121> <et=1.98> <Mt= 0.01> <Spt= 0.01> <nCl= 30> <al=0.73> <DB=-6668.7789> <Mlp= 3591.3659> <PB=2695> 
<DWph=2> <it=122> <et=2.02> <Mt= 0.03> <Spt= 0.01> <nCl= 30> <al=0.76> <DB=-6945.8702> <Mlp= 3554.2454> <PB=2695> 
<DWph=2> <it=123> <et=2.05> <Mt= 0.03> <Spt= 0.01> <nCl= 30> <al=0.78> <DB=-5484.7235> <Mlp= 3480.2435> <PB=2695> 
<DWph=2> <it=124> <et=2.08> <Mt= 0.02> <Spt= 0.01> <nCl= 30> <al=0.68> <DB=-6396.7926> <Mlp= 3443.2307> <PB=2695> 
<DWph=2> <it=125> <et=2.11> <Mt= 0.01> <Spt= 0.01> <nCl= 30> <al=0.71> <DB=-5999.0981> <Mlp= 3420.8307> <PB=2695> 
<DWph=2> <it=126> <et=2.13> <Mt= 0.01> <Spt= 0.01> <nCl= 30> <al=0.74> <DB=-4906.7583> <Mlp= 3404.0807> <PB=2695> 
<DWph=2> <it=127> <et=2.15> <Mt= 0.01> <Spt= 0.01> <nCl= 30> <al=0.77> <DB=-6008.3610> <Mlp= 3371.2255> <PB=2695> 
<DWph=2> <it=128> <et=2.17> <Mt= 0.01> <Spt= 0.01> <nCl= 29> <al=0.79> <DB=-4047.7356> <Mlp= 3361.4572> <PB=2695> 
<DWph=2> <it=129> <et=2.20> <Mt= 0.02> <Spt= 0.01> <nCl= 30> <al=0.69> <DB=-6139.3885> <Mlp= 3318.4739> <PB=2695> 
<DWph=2> <it=130> <et=2.23> <Mt= 0.02> <Spt= 0.01> <nCl= 30> <al=0.72> <DB=-4688.1005> <Mlp= 3283.6945> <PB=2695> 
<DWph=2> <it=131> <et=2.26> <Mt= 0.02> <Spt= 0.01> <nCl= 30> <al=0.75> <DB=-3493.1547> <Mlp= 3255.4176> <PB=2695> 
<DWph=2> <it=132> <et=2.29> <Mt= 0.02> <Spt= 0.01> <nCl= 30> <al=0.78> <DB=-3683.6515> <Mlp= 3226.7979> <PB=2695> 
<DWph=2> <it=133> <et=2.31> <Mt= 0.02> <Spt= 0.01> <nCl= 26> <al=0.80> <DB=-2490.0074> <Mlp= 3198.1216> <PB=2695> 
<DWph=2> <it=134> <et=2.34> <Mt= 0.02> <Spt= 0.01> <nCl= 30> <al=0.82> <DB=-2686.0712> <Mlp= 3169.2532> <PB=2695> 
<DWph=2> <it=135> <et=2.37> <Mt= 0.02> <Spt= 0.00> <nCl= 29> <al=0.84> <DB=-2263.5158> <Mlp= 3139.3054> <PB=2695> 
<DWph=2> <it=136> <et=2.40> <Mt= 0.02> <Spt= 0.02> <nCl= 30> <al=0.85> <DB=-3016.7764> <Mlp= 3110.0704> <PB=2695> 
<DWph=2> <it=137> <et=2.43> <Mt= 0.01> <Spt= 0.00> <nCl= 29> <al=0.87> <DB=-2513.6942> <Mlp= 3103.0408> <PB=2695> 
<DWph=2> <it=138> <et=2.45> <Mt= 0.02> <Spt= 0.01> <nCl= 16> <al=0.88> <DB=-1667.3045> <Mlp= 3088.5883> <PB=2695> 
<DWph=2> <it=139> <et=2.48> <Mt= 0.01> <Spt= 0.01> <nCl= 30> <al=0.78> <DB=-4837.8463> <Mlp= 3083.2630> <PB=2695> 
<DWph=2> <it=140> <et=2.49> <Mt= 0.01> <Spt= 0.01> <nCl= 30> <al=0.80> <DB=-2748.8737> <Mlp= 3079.7522> <PB=2695> 
<DWph=2> <it=141> <et=2.52> <Mt= 0.02> <Spt= 0.01> <nCl= 29> <al=0.82> <DB=-1788.9510> <Mlp= 3064.1626> <PB=2695> 
<DWph=2> <it=142> <et=2.54> <Mt= 0.01> <Spt= 0.01> <nCl= 30> <al=0.84> <DB=-1993.0118> <Mlp= 3054.9184> <PB=2695> 
<DWph=2> <it=143> <et=2.60> <Mt= 0.04> <Spt= 0.01> <nCl= 30> <al=0.86> <DB=-1946.2026> <Mlp= 3002.6076> <PB=2695> 
<DWph=2> <it=144> <et=2.63> <Mt= 0.02> <Spt= 0.01> <nCl= 17> <al=0.87> <DB=-1184.4046> <Mlp= 2980.3662> <PB=2695> 
<DWph=2> <it=145> <et=2.65> <Mt= 0.01> <Spt= 0.01> <nCl= 30> <al=0.77> <DB=-1157.7700> <Mlp= 2975.5888> <PB=2695> 
<DWph=2> <it=146> <et=2.69> <Mt= 0.03> <Spt= 0.01> <nCl= 30> <al=0.79> <DB=-2404.5299> <Mlp= 2943.5967> <PB=2695> 
<DWph=2> <it=147> <et=2.73> <Mt= 0.04> <Spt= 0.01> <nCl= 29> <al=0.81> <DB=-2073.3650> <Mlp= 2930.5639> <PB=2695> 
<DWph=2> <it=148> <et=2.76> <Mt= 0.02> <Spt= 0.01> <nCl= 29> <al=0.83> <DB=-1413.9840> <Mlp= 2920.4238> <PB=2695> 
<DWph=2> <it=149> <et=2.79> <Mt= 0.02> <Spt= 0.01> <nCl= 23> <al=0.85> <DB= -801.5269> <Mlp= 2915.9948> <PB=2695> 
<DWph=2> <it=150> <et=2.88> <Mt= 0.07> <Spt= 0.01> <nCl= 30> <al=0.75> <DB=-3247.4400> <Mlp= 2904.1079> <PB=2695> 
<DWph=2> <it=151> <et=2.98> <Mt= 0.10> <Spt= 0.01> <nCl= 30> <al=0.77> <DB=-1548.0654> <Mlp= 2893.0815> <PB=2695> 
<DWph=2> <it=152> <et=3.01> <Mt= 0.02> <Spt= 0.01> <nCl= 28> <al=0.80> <DB= -572.6805> <Mlp= 2892.1479> <PB=2695> 
<DWph=2> <it=153> <et=3.07> <Mt= 0.05> <Spt= 0.01> <nCl= 30> <al=0.82> <DB=-2109.7864> <Mlp= 2879.1700> <PB=2695> 
<DWph=2> <it=154> <et=3.09> <Mt= 0.01> <Spt= 0.01> <nCl= 29> <al=0.84> <DB= -663.1736> <Mlp= 2878.2653> <PB=2695> 
<DWph=2> <it=155> <et=3.13> <Mt= 0.03> <Spt= 0.01> <nCl= 19> <al=0.85> <DB= -712.3151> <Mlp= 2869.9431> <PB=2695> 
<DWph=2> <it=156> <et=3.20> <Mt= 0.06> <Spt= 0.01> <nCl= 21> <al=0.87> <DB= -612.0910> <Mlp= 2865.2055> <PB=2695> 
<DWph=2> <it=157> <et=3.25> <Mt= 0.04> <Spt= 0.01> <nCl= 19> <al=0.88> <DB= -166.2099> <Mlp= 2862.9639> <PB=2695> 
<DWph=2> <it=158> <et=3.29> <Mt= 0.03> <Spt= 0.01> <nCl= 22> <al=0.89> <DB=   77.2822> <Mlp= 2862.7890> <PB=2695> 
<DWph=2> <it=159> <et=3.38> <Mt= 0.08> <Spt= 0.01> <nCl= 29> <al=0.79> <DB=  -70.5554> <Mlp= 2861.6801> <PB=2695> 
<DWph=2> <it=160> <et=3.44> <Mt= 0.05> <Spt= 0.01> <nCl= 29> <al=0.81> <DB=   83.3709> <Mlp= 2859.9364> <PB=2695> 
<DWph=2> <it=161> <et=3.46> <Mt= 0.01> <Spt= 0.01> <nCl= 25> <al=0.83> <DB=   94.0460> <Mlp= 2836.6996> <PB=2695> 
<DWph=2> <it=162> <et=3.49> <Mt= 0.02> <Spt= 0.01> <nCl= 30> <al=0.85> <DB=    5.6945> <Mlp= 2815.1373> <PB=2695> 
<DWph=2> <it=163> <et=3.55> <Mt= 0.05> <Spt= 0.01> <nCl= 20> <al=0.86> <DB=  242.3283> <Mlp= 2800.2218> <PB=2695> 
<DWph=2> <it=164> <et=3.60> <Mt= 0.04> <Spt= 0.00> <nCl= 14> <al=0.88> <DB=  421.0024> <Mlp= 2796.4851> <PB=2695> 
<DWph=2> <it=165> <et=3.64> <Mt= 0.03> <Spt= 0.01> <nCl= 13> <al=0.89> <DB=  341.4968> <Mlp= 2773.3751> <PB=2695> 
<DWph=2> <it=166> <et=3.73> <Mt= 0.09> <Spt= 0.01> <nCl= 21> <al=0.90> <DB=  479.8587> <Mlp= 2766.6800> <PB=2695> 
<DWph=2> <it=167> <et=3.82> <Mt= 0.07> <Spt= 0.01> <nCl=  5> <al=0.91> <DB=  636.1307> <Mlp= 2752.7528> <PB=2695> 
<DWph=2> <it=168> <et=3.84> <Mt= 0.01> <Spt= 0.01> <nCl= 30> <al=0.81> <DB=  309.5750> <Mlp= 2751.0436> <PB=2695> 
<DWph=2> <it=169> <et=3.88> <Mt= 0.04> <Spt= 0.01> <nCl= 26> <al=0.83> <DB=  687.6610> <Mlp= 2750.7847> <PB=2695> 
<DWph=2> <it=170> <et=3.97> <Mt= 0.07> <Spt= 0.01> <nCl= 30> <al=0.85> <DB=  514.8090> <Mlp= 2748.1000> <PB=2695> 
<DWph=2> <it=171> <et=4.03> <Mt= 0.05> <Spt= 0.01> <nCl= 29> <al=0.86> <DB=  717.9805> <Mlp= 2748.1000> <PB=2695> 
<DWph=2> <it=172> <et=4.07> <Mt= 0.04> <Spt= 0.01> <nCl= 21> <al=0.88> <DB=  679.5992> <Mlp= 2745.6294> <PB=2695> 
<DWph=2> <it=173> <et=4.12> <Mt= 0.04> <Spt= 0.01> <nCl=  8> <al=0.89> <DB=  852.3055> <Mlp= 2745.6294> <PB=2695> 
<DWph=2> <it=174> <et=4.19> <Mt= 0.05> <Spt= 0.01> <nCl= 30> <al=0.79> <DB=  -17.3212> <Mlp= 2716.1000> <PB=2695> 
<DWph=2> <it=175> <et=4.25> <Mt= 0.06> <Spt= 0.01> <nCl= 30> <al=0.81> <DB=  813.2707> <Mlp= 2716.1000> <PB=2695> 
<DWph=2> <it=176> <et=4.31> <Mt= 0.05> <Spt= 0.01> <nCl= 29> <al=0.83> <DB= 1010.7092> <Mlp= 2716.1000> <PB=2695> 
<DWph=2> <it=177> <et=4.38> <Mt= 0.05> <Spt= 0.01> <nCl= 21> <al=0.85> <DB= 1258.0064> <Mlp= 2716.1000> <PB=2695> 
<DWph=2> <it=178> <et=4.44> <Mt= 0.06> <Spt= 0.01> <nCl= 30> <al=0.75> <DB=  -47.9461> <Mlp= 2716.1000> <PB=2695> 
<DWph=2> <it=179> <et=4.51> <Mt= 0.05> <Spt= 0.01> <nCl= 29> <al=0.77> <DB= 1038.8856> <Mlp= 2716.1000> <PB=2695> 
<DWph=2> <it=180> <et=4.56> <Mt= 0.05> <Spt= 0.01> <nCl= 30> <al=0.79> <DB= 1347.5681> <Mlp= 2716.1000> <PB=2695> 
<DWph=2> <it=181> <et=4.62> <Mt= 0.05> <Spt= 0.01> <nCl= 30> <al=0.69> <DB=  771.6477> <Mlp= 2716.1000> <PB=2695> 
<DWph=2> <it=182> <et=4.69> <Mt= 0.05> <Spt= 0.01> <nCl= 28> <al=0.72> <DB=  700.4154> <Mlp= 2716.1000> <PB=2695> 
<DWph=2> <it=183> <et=4.75> <Mt= 0.06> <Spt= 0.01> <nCl= 21> <al=0.75> <DB= 1485.9946> <Mlp= 2716.1000> <PB=2695> 
<DWph=2> <it=184> <et=4.76> <Mt= 0.00> <Spt= 0.01> <nCl= 30> <al=0.65> <DB=  661.9650> <Mlp= 2716.1000> <PB=2695> 
<DWph=2> <it=185> <et=4.81> <Mt= 0.04> <Spt= 0.01> <nCl= 30> <al=0.69> <DB=  524.4092> <Mlp= 2716.1000> <PB=2695> 
<DWph=2> <it=186> <et=4.87> <Mt= 0.04> <Spt= 0.01> <nCl= 30> <al=0.72> <DB=  415.1802> <Mlp= 2716.1000> <PB=2695> 
<DWph=2> <it=187> <et=4.92> <Mt= 0.05> <Spt= 0.01> <nCl= 26> <al=0.75> <DB= 1267.6870> <Mlp= 2716.1000> <PB=2695> 
<DWph=2> <it=188> <et=4.98> <Mt= 0.05> <Spt= 0.01> <nCl= 25> <al=0.77> <DB= 1489.9804> <Mlp= 2716.1000> <PB=2695> 
<DWph=2> <it=189> <et=5.03> <Mt= 0.04> <Spt= 0.01> <nCl= 27> <al=0.79> <DB= 1453.3561> <Mlp= 2716.1000> <PB=2695> 
<DWph=2> <it=190> <et=5.09> <Mt= 0.05> <Spt= 0.01> <nCl= 23> <al=0.82> <DB= 1689.1830> <Mlp= 2716.1000> <PB=2695> 
<DWph=2> <it=191> <et=5.10> <Mt= 0.00> <Spt= 0.00> <nCl= 19> <al=0.83> <DB= 1663.4785> <Mlp= 2700.0000> <PB=2695> 
<DWph=2> <it=192> <et=5.12> <Mt= 0.01> <Spt= 0.01> <nCl= 20> <al=0.85> <DB= 1734.4387> <Mlp= 2700.0000> <PB=2695> 
<DWph=2> <it=193> <et=5.13> <Mt= 0.00> <Spt= 0.01> <nCl= 20> <al=0.87> <DB= 1659.8099> <Mlp= 2700.0000> <PB=2695> 
<DWph=2> <it=194> <et=5.15> <Mt= 0.01> <Spt= 0.01> <nCl= 20> <al=0.88> <DB= 1806.4007> <Mlp= 2700.0000> <PB=2695> 
<DWph=2> <it=195> <et=5.16> <Mt= 0.00> <Spt= 0.01> <nCl= 17> <al=0.89> <DB= 1615.3430> <Mlp= 2700.0000> <PB=2695> 
<DWph=2> <it=196> <et=5.18> <Mt= 0.01> <Spt= 0.01> <nCl= 13> <al=0.90> <DB= 1829.4502> <Mlp= 2700.0000> <PB=2695> 
<DWph=2> <it=197> <et=5.19> <Mt= 0.00> <Spt= 0.01> <nCl= 23> <al=0.91> <DB= 1805.1516> <Mlp= 2700.0000> <PB=2695> 
<DWph=2> <it=198> <et=5.21> <Mt= 0.01> <Spt= 0.01> <nCl= 10> <al=0.92> <DB= 1958.3575> <Mlp= 2700.0000> <PB=2695> 
<DWph=2> <it=199> <et=5.22> <Mt= 0.00> <Spt= 0.01> <nCl= 29> <al=0.82> <DB= 1814.9482> <Mlp= 2700.0000> <PB=2695> 
<DWph=2> <it=200> <et=5.28> <Mt= 0.05> <Spt= 0.01> <nCl= 30> <al=0.84> <DB= 1808.9409> <Mlp= 2700.0000> <PB=2695> 
<DWph=2> <it=201> <et=5.34> <Mt= 0.05> <Spt= 0.01> <nCl= 18> <al=0.85> <DB= 2068.5533> <Mlp= 2700.0000> <PB=2695> 
<DWph=2> <it=202> <et=5.36> <Mt= 0.01> <Spt= 0.01> <nCl= 30> <al=0.75> <DB= 1410.3035> <Mlp= 2700.0000> <PB=2695> 
<DWph=2> <it=203> <et=5.40> <Mt= 0.04> <Spt= 0.01> <nCl= 20> <al=0.78> <DB= 1952.2123> <Mlp= 2700.0000> <PB=2695> 
<DWph=2> <it=204> <et=5.42> <Mt= 0.00> <Spt= 0.01> <nCl= 22> <al=0.80> <DB= 2184.8370> <Mlp= 2700.0000> <PB=2695> 
<DWph=2> <it=205> <et=5.46> <Mt= 0.04> <Spt= 0.01> <nCl= 16> <al=0.82> <DB= 2149.3165> <Mlp= 2698.6000> <PB=2695> 
<DWph=2> <it=206> <et=5.52> <Mt= 0.04> <Spt= 0.01> <nCl=  2> <al=0.84> <DB= 2267.5822> <Mlp= 2698.6000> <PB=2695> 
<DWph=2> <it=207> <et=5.53> <Mt= 0.00> <Spt= 0.01> <nCl= 28> <al=0.74> <DB= 2155.4814> <Mlp= 2698.6000> <PB=2695> 
<DWph=2> <it=208> <et=5.55> <Mt= 0.01> <Spt= 0.01> <nCl= 19> <al=0.77> <DB= 2311.0752> <Mlp= 2698.6000> <PB=2695> 
<DWph=2> <it=209> <et=5.56> <Mt= 0.00> <Spt= 0.01> <nCl= 27> <al=0.79> <DB= 2147.0569> <Mlp= 2698.6000> <PB=2695> 
<DWph=2> <it=210> <et=5.58> <Mt= 0.01> <Spt= 0.01> <nCl= 17> <al=0.81> <DB= 2324.8329> <Mlp= 2698.6000> <PB=2695> 
<DWph=2> <it=211> <et=5.59> <Mt= 0.00> <Spt= 0.01> <nCl= 28> <al=0.83> <DB= 1861.9876> <Mlp= 2696.3000> <PB=2695> 
<DWph=2> <it=212> <et=5.60> <Mt= 0.01> <Spt= 0.01> <nCl= 21> <al=0.85> <DB= 2335.2799> <Mlp= 2696.3000> <PB=2695> 
<DWph=2> <it=213> <et=5.62> <Mt= 0.00> <Spt= 0.01> <nCl= 29> <al=0.86> <DB= 2391.9909> <Mlp= 2696.3000> <PB=2695> 
<DWph=2> <it=214> <et=5.63> <Mt= 0.01> <Spt= 0.01> <nCl= 15> <al=0.88> <DB= 2117.2721> <Mlp= 2696.3000> <PB=2695> 
<DWph=2> <it=215> <et=5.65> <Mt= 0.01> <Spt= 0.01> <nCl= 20> <al=0.89> <DB= 2308.2244> <Mlp= 2696.3000> <PB=2695> 
<DWph=2> <it=216> <et=5.67> <Mt= 0.00> <Spt= 0.01> <nCl= 22> <al=0.79> <DB= 2351.9452> <Mlp= 2696.3000> <PB=2695> 
<DWph=2> <it=217> <et=5.68> <Mt= 0.01> <Spt= 0.01> <nCl= 30> <al=0.69> <DB= 2112.8080> <Mlp= 2696.3000> <PB=2695> 
<DWph=2> <it=218> <et=5.70> <Mt= 0.01> <Spt= 0.00> <nCl= 29> <al=0.72> <DB= 2242.8571> <Mlp= 2696.3000> <PB=2695> 
<DWph=2> <it=219> <et=5.72> <Mt= 0.00> <Spt= 0.01> <nCl= 22> <al=0.75> <DB= 2294.2367> <Mlp= 2696.3000> <PB=2695> 
<DWph=2> <it=220> <et=5.75> <Mt= 0.02> <Spt= 0.01> <nCl= 25> <al=0.77> <DB= 2326.8090> <Mlp= 2696.3000> <PB=2695> 
<DWph=2> <it=221> <et=5.80> <Mt= 0.04> <Spt= 0.01> <nCl= 17> <al=0.80> <DB= 2434.8127> <Mlp= 2696.3000> <PB=2695> 
<DWph=2> <it=222> <et=5.81> <Mt= 0.01> <Spt= 0.01> <nCl= 24> <al=0.70> <DB= 2325.9904> <Mlp= 2696.3000> <PB=2695> 
<DWph=2> <it=223> <et=5.83> <Mt= 0.01> <Spt= 0.01> <nCl= 15> <al=0.73> <DB= 2491.2606> <Mlp= 2696.3000> <PB=2695> 
<DWph=2> <it=224> <et=5.85> <Mt= 0.00> <Spt= 0.01> <nCl= 29> <al=0.75> <DB= 2272.4000> <Mlp= 2696.3000> <PB=2695> 
<DWph=2> <it=225> <et=5.86> <Mt= 0.01> <Spt= 0.01> <nCl= 12> <al=0.78> <DB= 2511.1239> <Mlp= 2696.3000> <PB=2695> 
<DWph=2> <it=226> <et=5.88> <Mt= 0.01> <Spt= 0.01> <nCl= 26> <al=0.68> <DB= 2275.2331> <Mlp= 2696.3000> <PB=2695> 
In total 16 RCC cut(s) are found by the connected components heuristic 
Shrinking heuristic shrunk 180 edges
In total 3 RCC cut(s) are found by the Fractional capacity min-cut heuristic 
----- Add core cuts : CAP(19), max.viol = 1, aver.viol = 1, sep/add took 0.00650658/0.0250737 sec. -----
<DWph=2> <it=227> <et=5.94> <Mt= 0.02> <Spt= 0.01> <nCl= 21> <al=0.71> <DB= 1238.1521> <Mlp= 2728.2000> <PB=2695> 
<DWph=2> <it=228> <et=6.04> <Mt= 0.08> <Spt= 0.01> <nCl=  8> <al=0.74> <DB= 1947.7517> <Mlp= 2723.4724> <PB=2695> 
<DWph=2> <it=229> <et=6.05> <Mt= 0.01> <Spt= 0.01> <nCl=  1> <al=0.77> <DB= 1941.9665> <Mlp= 2723.4668> <PB=2695> 
<DWph=2> <it=230> <et=6.12> <Mt= 0.05> <Spt= 0.01> <nCl= 30> <al=0.79> <DB= 1608.5404> <Mlp= 2721.1723> <PB=2695> 
<DWph=2> <it=231> <et=6.20> <Mt= 0.07> <Spt= 0.01> <nCl=  4> <al=0.81> <DB= 2013.5426> <Mlp= 2714.1994> <PB=2695> 
<DWph=2> <it=232> <et=6.26> <Mt= 0.05> <Spt= 0.01> <nCl=  9> <al=0.83> <DB= 1830.1267> <Mlp= 2710.9159> <PB=2695> 
<DWph=2> <it=233> <et=6.30> <Mt= 0.03> <Spt= 0.02> <nCl=  3> <al=0.85> <DB= 2148.6112> <Mlp= 2710.7995> <PB=2695> 
<DWph=2> <it=234> <et=6.37> <Mt= 0.06> <Spt= 0.01> <nCl=  6> <al=0.86> <DB= 1849.5469> <Mlp= 2710.0780> <PB=2695> 
<DWph=2> <it=235> <et=6.44> <Mt= 0.07> <Spt= 0.01> <nCl=  5> <al=0.88> <DB= 2203.7626> <Mlp= 2708.8108> <PB=2695> 
<DWph=2> <it=236> <et=6.49> <Mt= 0.03> <Spt= 0.01> <nCl=  4> <al=0.89> <DB= 2261.7756> <Mlp= 2708.6794> <PB=2695> 
<DWph=2> <it=237> <et=6.55> <Mt= 0.04> <Spt= 0.02> <nCl=  4> <al=0.80> <DB= 1947.2274> <Mlp= 2707.9120> <PB=2695> 
<DWph=2> <it=238> <et=6.63> <Mt= 0.06> <Spt= 0.02> <nCl= 11> <al=0.60> <DB= 1849.9012> <Mlp= 2701.8400> <PB=2695> 
<DWph=2> <it=239> <et=6.68> <Mt= 0.04> <Spt= 0.01> <nCl=  5> <al=0.70> <DB= 1756.1462> <Mlp= 2701.8400> <PB=2695> 
<DWph=2> <it=240> <et=6.75> <Mt= 0.06> <Spt= 0.01> <nCl= 17> <al=0.60> <DB= 1773.3815> <Mlp= 2701.8400> <PB=2695> 
In total 7 RCC cut(s) are found by the connected components heuristic 
Shrinking heuristic shrunk 180 edges
In total 1 RCC cut(s) are found by the Fractional capacity min-cut heuristic 
----- Add core cuts : CAP(8), max.viol = 1, aver.viol = 1, sep/add took 0.00451373/0.0067319 sec. -----
Shrinking heuristic shrunk 180 edges
<DWph=2> <it=241> <et=6.79> <Mt= 0.02> <Spt= 0.01> <nCl= 29> <al=0.50> <DB= 1784.7840> <Mlp= 2694.9000> <PB=2694.9> 
<DWph=2> <it=242> <et=6.81> <Mt= 0.00> <Spt= 0.01> <nCl= 11> <al=0.55> <DB= 1968.6401> <Mlp= 2694.9000> <PB=2694.9> 
<DWph=2> <it=243> <et=6.83> <Mt= 0.01> <Spt= 0.01> <nCl= 18> <al=0.45> <DB= 1710.5086> <Mlp= 2694.9000> <PB=2694.9> 
<DWph=2> <it=244> <et=6.85> <Mt= 0.01> <Spt= 0.01> <nCl=  6> <al=0.50> <DB= 2212.8058> <Mlp= 2694.9000> <PB=2694.9> 
<DWph=2> <it=245> <et=6.86> <Mt= 0.00> <Spt= 0.01> <nCl= 10> <al=0.40> <DB= 2224.6305> <Mlp= 2694.9000> <PB=2694.9> 
<DWph=2> <it=246> <et=6.88> <Mt= 0.01> <Spt= 0.01> <nCl=  4> <al=0.46> <DB= 2168.8096> <Mlp= 2694.9000> <PB=2694.9> 
<DWph=2> <it=247> <et=6.90> <Mt= 0.00> <Spt= 0.02> <nCl= 30> <al=0.03> <DB= -434.5982> <Mlp= 2694.9000> <PB=2694.9> 
<DWph=2> <it=248> <et=6.92> <Mt= 0.01> <Spt= 0.01> <nCl= 22> <al=0.42> <DB= 2054.5053> <Mlp= 2694.9000> <PB=2694.9> 
<DWph=2> <it=249> <et=6.94> <Mt= 0.01> <Spt= 0.01> <nCl=  6> <al=0.48> <DB= 2073.7686> <Mlp= 2694.9000> <PB=2694.9> 
<DWph=2> <it=250> <et=6.96> <Mt= 0.00> <Spt= 0.02> <nCl= 16> <al=0.38> <DB= 2323.9778> <Mlp= 2694.9000> <PB=2694.9> 
<DWph=2> <it=251> <et=6.97> <Mt= 0.00> <Spt= 0.01> <nCl= 11> <al=0.28> <DB= 2329.0522> <Mlp= 2694.9000> <PB=2694.9> 
<DWph=2> <it=252> <et=6.98> <Mt= 0.01> <Spt= 0.01> <nCl= 29> <al=0.18> <DB= 2353.0579> <Mlp= 2694.9000> <PB=2694.9> 
<DWph=2> <it=253> <et=7.00> <Mt= 0.00> <Spt= 0.01> <nCl= 23> <al=0.26> <DB= 1763.2119> <Mlp= 2694.9000> <PB=2694.9> 
<DWph=2> <it=254> <et=7.02> <Mt= 0.01> <Spt= 0.01> <nCl= 14> <al=0.33> <DB= 2125.7119> <Mlp= 2694.9000> <PB=2694.9> 
<DWph=2> <it=255> <et=7.03> <Mt= 0.00> <Spt= 0.01> <nCl=  9> <al=0.40> <DB= 1886.7475> <Mlp= 2694.9000> <PB=2694.9> 
<DWph=2> <it=256> <et=7.05> <Mt= 0.01> <Spt= 0.01> <nCl=  4> <al=0.46> <DB= 2226.8410> <Mlp= 2694.9000> <PB=2694.9> 
In total 12 RCC cut(s) are found by the connected components heuristic 
Shrinking heuristic shrunk 180 edges
In total 3 RCC cut(s) are found by the Fractional capacity min-cut heuristic 
In total 3 RCC cut(s) are found by the global pool greedy search heuristic 
----- Add core cuts : CAP(18), max.viol = 1, aver.viol = 1, sep/add took 0.00614702/0.0201595 sec. -----
<DWph=2> <it=257> <et=7.09> <Mt= 0.00> <Spt= 0.01> <nCl=  5> <al=0.36> <DB= 2318.9046> <Mlp= 2694.9000> <PB=2694.9> 
<DWph=2> <it=258> <et=7.11> <Mt= 0.01> <Spt= 0.01> <nCl= 12> <al=0.26> <DB= 2237.7005> <Mlp= 2694.9000> <PB=2694.9> 
<DWph=2> <it=259> <et=7.12> <Mt= 0.00> <Spt= 0.01> <nCl=  8> <al=0.33> <DB= 2045.0953> <Mlp= 2694.9000> <PB=2694.9> 
<DWph=2> <it=260> <et=7.14> <Mt= 0.01> <Spt= 0.02> <nCl=  4> <al=0.40> <DB= 2156.7213> <Mlp= 2694.9000> <PB=2694.9> 
<DWph=2> <it=261> <et=7.15> <Mt= 0.00> <Spt= 0.01> <nCl=  5> <al=0.30> <DB= 2062.6246> <Mlp= 2694.9000> <PB=2694.9> 
<DWph=2> <it=262> <et=7.17> <Mt= 0.01> <Spt= 0.01> <nCl= 10> <al=0.37> <DB= 2112.4423> <Mlp= 2694.9000> <PB=2694.9> 
<DWph=2> <it=263> <et=7.19> <Mt= 0.00> <Spt= 0.01> <nCl=  4> <al=0.43> <DB= 2198.2925> <Mlp= 2694.9000> <PB=2694.9> 
<DWph=2> <it=264> <et=7.20> <Mt= 0.00> <Spt= 0.01> <nCl=  2> <al=0.33> <DB= 2384.7121> <Mlp= 2694.9000> <PB=2694.9> 
<DWph=2> <it=265> <et=7.21> <Mt= 0.00> <Spt= 0.01> <nCl= 10> <al=0.23> <DB= 2321.3933> <Mlp= 2694.9000> <PB=2694.9> 
<DWph=2> <it=266> <et=7.23> <Mt= 0.01> <Spt= 0.01> <nCl=  8> <al=0.31> <DB= 2300.0684> <Mlp= 2694.9000> <PB=2694.9> 
<DWph=2> <it=267> <et=7.25> <Mt= 0.00> <Spt= 0.01> <nCl=  3> <al=0.38> <DB= 2363.2651> <Mlp= 2694.9000> <PB=2694.9> 
<DWph=2> <it=268> <et=7.26> <Mt= 0.01> <Spt= 0.02> <nCl=  6> <al=0.28> <DB= 2142.7486> <Mlp= 2694.9000> <PB=2694.9> 
<DWph=2> <it=269> <et=7.29> <Mt= 0.00> <Spt= 0.02> <nCl= 30> <al=0.00> <DB=  274.4557> <Mlp= 2694.9000> <PB=2694.9> 
<DWph=2> <it=270> <et=7.30> <Mt= 0.01> <Spt= 0.01> <nCl=  2> <al=0.25> <DB= 2460.7593> <Mlp= 2694.9000> <PB=2694.9> 
<DWph=2> <it=271> <et=7.32> <Mt= 0.00> <Spt= 0.01> <nCl= 14> <al=0.15> <DB= 2353.2999> <Mlp= 2694.9000> <PB=2694.9> 
<DWph=2> <it=272> <et=7.34> <Mt= 0.00> <Spt= 0.01> <nCl=  4> <al=0.24> <DB= 2412.8088> <Mlp= 2694.9000> <PB=2694.9> 
<DWph=2> <it=273> <et=7.35> <Mt= 0.01> <Spt= 0.01> <nCl= 10> <al=0.14> <DB= 2139.5113> <Mlp= 2694.9000> <PB=2694.9> 
<DWph=2> <it=274> <et=7.37> <Mt= 0.00> <Spt= 0.02> <nCl=  9> <al=0.22> <DB= 2088.6904> <Mlp= 2694.9000> <PB=2694.9> 
<DWph=2> <it=275> <et=7.39> <Mt= 0.01> <Spt= 0.02> <nCl= 30> <al=0.00> <DB=  816.1540> <Mlp= 2694.9000> <PB=2694.9> 
<DWph=2> <it=276> <et=7.41> <Mt= 0.00> <Spt= 0.01> <nCl=  3> <al=0.20> <DB= 2506.5864> <Mlp= 2694.9000> <PB=2694.9> 
<DWph=2> <it=277> <et=7.42> <Mt= 0.00> <Spt= 0.01> <nCl= 19> <al=0.10> <DB= 2356.8090> <Mlp= 2694.9000> <PB=2694.9> 
<DWph=2> <it=278> <et=7.44> <Mt= 0.01> <Spt= 0.01> <nCl=  2> <al=0.19> <DB= 2521.7638> <Mlp= 2694.9000> <PB=2694.9> 
<DWph=2> <it=279> <et=7.46> <Mt= 0.00> <Spt= 0.01> <nCl= 30> <al=0.09> <DB= 1268.5820> <Mlp= 2694.9000> <PB=2694.9> 
<DWph=2> <it=280> <et=7.47> <Mt= 0.01> <Spt= 0.02> <nCl= 30> <al=0.18> <DB= 1569.9742> <Mlp= 2694.9000> <PB=2694.9> 
<DWph=2> <it=281> <et=7.49> <Mt= 0.01> <Spt= 0.01> <nCl= 19> <al=0.26> <DB= 1822.5502> <Mlp= 2694.9000> <PB=2694.9> 
<DWph=2> <it=282> <et=7.51> <Mt= 0.00> <Spt= 0.01> <nCl= 12> <al=0.34> <DB= 2183.2816> <Mlp= 2694.9000> <PB=2694.9> 
<DWph=2> <it=283> <et=7.52> <Mt= 0.01> <Spt= 0.01> <nCl= 13> <al=0.40> <DB= 1914.6413> <Mlp= 2694.9000> <PB=2694.9> 
<DWph=2> <it=284> <et=7.54> <Mt= 0.00> <Spt= 0.01> <nCl= 13> <al=0.46> <DB= 2235.2497> <Mlp= 2694.9000> <PB=2694.9> 
<DWph=2> <it=285> <et=7.56> <Mt= 0.00> <Spt= 0.01> <nCl= 12> <al=0.52> <DB= 2205.8558> <Mlp= 2694.9000> <PB=2694.9> 
<DWph=2> <it=286> <et=7.57> <Mt= 0.01> <Spt= 0.01> <nCl=  9> <al=0.56> <DB= 2494.2601> <Mlp= 2694.9000> <PB=2694.9> 
<DWph=2> <it=287> <et=7.60> <Mt= 0.00> <Spt= 0.03> <nCl= 14> <al=0.22> <DB= 2116.3586> <Mlp= 2694.9000> <PB=2694.9> 
<DWph=2> <it=288> <et=7.62> <Mt= 0.01> <Spt= 0.01> <nCl= 10> <al=0.51> <DB= 2173.5289> <Mlp= 2694.9000> <PB=2694.9> 
<DWph=2> <it=289> <et=7.63> <Mt= 0.00> <Spt= 0.01> <nCl=  6> <al=0.56> <DB= 2441.0690> <Mlp= 2694.9000> <PB=2694.9> 
<DWph=2> <it=290> <et=7.65> <Mt= 0.00> <Spt= 0.01> <nCl=  5> <al=0.60> <DB= 2307.0679> <Mlp= 2694.9000> <PB=2694.9> 
<DWph=2> <it=291> <et=7.66> <Mt= 0.01> <Spt= 0.01> <nCl=  9> <al=0.50> <DB= 2319.9230> <Mlp= 2694.9000> <PB=2694.9> 
<DWph=2> <it=292> <et=7.68> <Mt= 0.00> <Spt= 0.01> <nCl= 12> <al=0.55> <DB= 2318.3868> <Mlp= 2694.9000> <PB=2694.9> 
<DWph=2> <it=293> <et=7.69> <Mt= 0.01> <Spt= 0.01> <nCl= 11> <al=0.45> <DB= 2423.1770> <Mlp= 2694.9000> <PB=2694.9> 
<DWph=2> <it=294> <et=7.71> <Mt= 0.00> <Spt= 0.02> <nCl=  4> <al=0.51> <DB= 2549.5075> <Mlp= 2694.9000> <PB=2694.9> 
<DWph=2> <it=295> <et=7.72> <Mt= 0.00> <Spt= 0.01> <nCl=  4> <al=0.41> <DB= 2580.2882> <Mlp= 2694.9000> <PB=2694.9> 
<DWph=2> <it=296> <et=7.74> <Mt= 0.01> <Spt= 0.01> <nCl= 10> <al=0.31> <DB= 2429.6252> <Mlp= 2694.9000> <PB=2694.9> 
<DWph=2> <it=297> <et=7.75> <Mt= 0.00> <Spt= 0.01> <nCl=  6> <al=0.38> <DB= 2554.0118> <Mlp= 2694.9000> <PB=2694.9> 
<DWph=2> <it=298> <et=7.78> <Mt= 0.00> <Spt= 0.02> <nCl= 31> <al=0.00> <DB= 1910.1272> <Mlp= 2694.9000> <PB=2694.9> 
<DWph=2> <it=299> <et=7.79> <Mt= 0.01> <Spt= 0.01> <nCl= 16> <al=0.34> <DB= 1904.6876> <Mlp= 2694.9000> <PB=2694.9> 
<DWph=2> <it=300> <et=7.81> <Mt= 0.00> <Spt= 0.01> <nCl=  9> <al=0.40> <DB= 2085.9131> <Mlp= 2694.9000> <PB=2694.9> 
<DWph=2> <it=301> <et=7.83> <Mt= 0.01> <Spt= 0.02> <nCl= 17> <al=0.30> <DB= 1559.2047> <Mlp= 2694.9000> <PB=2694.9> 
<DWph=2> <it=302> <et=7.84> <Mt= 0.00> <Spt= 0.01> <nCl= 16> <al=0.20> <DB= 1968.1620> <Mlp= 2694.9000> <PB=2694.9> 
<DWph=2> <it=303> <et=7.86> <Mt= 0.00> <Spt= 0.01> <nCl= 12> <al=0.28> <DB= 2326.3102> <Mlp= 2694.9000> <PB=2694.9> 
<DWph=2> <it=304> <et=7.87> <Mt= 0.01> <Spt= 0.01> <nCl= 11> <al=0.18> <DB= 2191.3691> <Mlp= 2694.9000> <PB=2694.9> 
<DWph=2> <it=305> <et=7.89> <Mt= 0.00> <Spt= 0.01> <nCl=  7> <al=0.27> <DB= 2567.3333> <Mlp= 2694.9000> <PB=2694.9> 
<DWph=2> <it=306> <et=7.90> <Mt= 0.01> <Spt= 0.01> <nCl=  8> <al=0.34> <DB= 2533.0786> <Mlp= 2694.9000> <PB=2694.9> 
<DWph=2> <it=307> <et=7.92> <Mt= 0.00> <Spt= 0.01> <nCl=  2> <al=0.41> <DB= 2622.5117> <Mlp= 2694.9000> <PB=2694.9> 
<DWph=2> <it=308> <et=7.93> <Mt= 0.00> <Spt= 0.02> <nCl= 13> <al=0.31> <DB= 2368.2233> <Mlp= 2694.9000> <PB=2694.9> 
<DWph=2> <it=309> <et=7.95> <Mt= 0.01> <Spt= 0.01> <nCl=  5> <al=0.37> <DB= 2248.1145> <Mlp= 2694.9000> <PB=2694.9> 
<DWph=2> <it=310> <et=7.97> <Mt= 0.00> <Spt= 0.01> <nCl= 12> <al=0.27> <DB= 2399.1860> <Mlp= 2694.9000> <PB=2694.9> 
<DWph=2> <it=311> <et=7.98> <Mt= 0.01> <Spt= 0.01> <nCl=  9> <al=0.17> <DB= 2533.0203> <Mlp= 2694.9000> <PB=2694.9> 
<DWph=2> <it=312> <et=8.00> <Mt= 0.00> <Spt= 0.01> <nCl=  5> <al=0.26> <DB= 2597.4893> <Mlp= 2694.9000> <PB=2694.9> 
<DWph=2> <it=313> <et=8.01> <Mt= 0.00> <Spt= 0.01> <nCl=  5> <al=0.33> <DB= 2589.3849> <Mlp= 2694.9000> <PB=2694.9> 
<DWph=2> <it=314> <et=8.03> <Mt= 0.01> <Spt= 0.01> <nCl=  3> <al=0.40> <DB= 2613.6610> <Mlp= 2694.9000> <PB=2694.9> 
<DWph=2> <it=315> <et=8.04> <Mt= 0.00> <Spt= 0.02> <nCl=  4> <al=0.30> <DB= 2593.7917> <Mlp= 2694.9000> <PB=2694.9> 
<DWph=2> <it=316> <et=8.05> <Mt= 0.00> <Spt= 0.01> <nCl=  4> <al=0.37> <DB= 2627.2407> <Mlp= 2694.9000> <PB=2694.9> 
<DWph=2> <it=317> <et=8.07> <Mt= 0.01> <Spt= 0.01> <nCl=  7> <al=0.43> <DB= 2554.5305> <Mlp= 2694.9000> <PB=2694.9> 
<DWph=2> <it=318> <et=8.08> <Mt= 0.00> <Spt= 0.01> <nCl=  4> <al=0.49> <DB= 2659.9354> <Mlp= 2694.9000> <PB=2694.9> 
<DWph=2> <it=319> <et=8.10> <Mt= 0.00> <Spt= 0.01> <nCl= 10> <al=0.54> <DB= 2526.7541> <Mlp= 2694.9000> <PB=2694.9> 
<DWph=2> <it=320> <et=8.11> <Mt= 0.01> <Spt= 0.01> <nCl=  5> <al=0.59> <DB= 2466.5453> <Mlp= 2694.9000> <PB=2694.9> 
<DWph=2> <it=321> <et=8.13> <Mt= 0.00> <Spt= 0.01> <nCl=  6> <al=0.49> <DB= 2572.0426> <Mlp= 2694.9000> <PB=2694.9> 
<DWph=2> <it=322> <et=8.14> <Mt= 0.00> <Spt= 0.01> <nCl=  1> <al=0.39> <DB= 2551.0372> <Mlp= 2694.9000> <PB=2694.9> 
<DWph=2> <it=323> <et=8.15> <Mt= 0.00> <Spt= 0.02> <nCl=  1> <al=0.29> <DB= 2567.1674> <Mlp= 2694.9000> <PB=2694.9> 
<DWph=2> <it=324> <et=8.17> <Mt= 0.01> <Spt= 0.01> <nCl=  4> <al=0.19> <DB= 2636.0259> <Mlp= 2694.9000> <PB=2694.9> 
<DWph=2> <it=325> <et=8.18> <Mt= 0.00> <Spt= 0.01> <nCl=  3> <al=0.09> <DB= 2647.4799> <Mlp= 2694.9000> <PB=2694.9> 
<DWph=2> <it=326> <et=8.20> <Mt= 0.00> <Spt= 0.01> <nCl= 20> <al=0.00> <DB= 2648.7781> <Mlp= 2694.9000> <PB=2694.9> 
<DWph=2> <it=327> <et=8.22> <Mt= 0.00> <Spt= 0.02> <nCl=  6> <al=0.00> <DB= 2645.0465> <Mlp= 2694.9000> <PB=2694.9> 
<DWph=2> <it=328> <et=8.23> <Mt= 0.01> <Spt= 0.01> <nCl=  5> <al=0.00> <DB= 2659.9326> <Mlp= 2694.9000> <PB=2694.9> 
<DWph=2> <it=329> <et=8.25> <Mt= 0.00> <Spt= 0.01> <nCl=  3> <al=0.09> <DB= 2684.7257> <Mlp= 2694.9000> <PB=2694.9> 
<DWph=2> <it=330> <et=8.26> <Mt= 0.00> <Spt= 0.01> <nCl=  6> <al=0.00> <DB= 2586.8107> <Mlp= 2694.9000> <PB=2694.9> 
<DWph=2> <it=331> <et=8.28> <Mt= 0.00> <Spt= 0.02> <nCl=  4> <al=0.09> <DB= 2673.2958> <Mlp= 2694.9000> <PB=2694.9> 
<DWph=2> <it=332> <et=8.29> <Mt= 0.01> <Spt= 0.01> <nCl=  3> <al=0.18> <DB= 2686.2862> <Mlp= 2694.9000> <PB=2694.9> 
<DWph=2> <it=333> <et=8.31> <Mt= 0.00> <Spt= 0.02> <nCl=  2> <al=0.00> <DB= 2685.5947> <Mlp= 2694.9000> <PB=2694.9> 
<DWph=2> <it=334> <et=8.34> <Mt= 0.00> <Spt= 0.02> <nCl=  1> <al=0.00> <DB= 2694.9000> <Mlp= 2694.9000> <PB=2694.9> 
<DWph=1> <it=335> <et=8.35> <Mt= 0.00> <Spt= 0.02> <nCl= 30> <al=0.06> <DB= 2171.2372> <Mlp= 2694.9000> <PB=2694.9> 
<DWph=1> <it=336> <et=8.37> <Mt= 0.01> <Spt= 0.01> <nCl= 30> <al=0.00> <DB= 2070.0250> <Mlp= 2694.9000> <PB=2694.9> 
<DWph=1> <it=337> <et=8.39> <Mt= 0.00> <Spt= 0.01> <nCl= 30> <al=0.07> <DB= 2047.1929> <Mlp= 2694.9000> <PB=2694.9> 
<DWph=1> <it=338> <et=8.42> <Mt= 0.01> <Spt= 0.02> <nCl= 30> <al=0.16> <DB= 2014.8421> <Mlp= 2694.9000> <PB=2694.9> 
<DWph=1> <it=339> <et=8.44> <Mt= 0.01> <Spt= 0.01> <nCl= 29> <al=0.24> <DB= 2464.3987> <Mlp= 2694.9000> <PB=2694.9> 
<DWph=1> <it=340> <et=8.46> <Mt= 0.00> <Spt= 0.02> <nCl= 30> <al=0.32> <DB= 2422.3497> <Mlp= 2694.9000> <PB=2694.9> 
<DWph=1> <it=341> <et=8.48> <Mt= 0.01> <Spt= 0.01> <nCl= 25> <al=0.39> <DB= 2536.7515> <Mlp= 2694.9000> <PB=2694.9> 
<DWph=1> <it=342> <et=8.50> <Mt= 0.00> <Spt= 0.02> <nCl= 22> <al=0.29> <DB= 2450.7756> <Mlp= 2694.9000> <PB=2694.9> 
<DWph=1> <it=343> <et=8.52> <Mt= 0.01> <Spt= 0.01> <nCl= 24> <al=0.19> <DB= 2546.3498> <Mlp= 2694.9000> <PB=2694.9> 
<DWph=1> <it=344> <et=8.54> <Mt= 0.00> <Spt= 0.02> <nCl= 20> <al=0.09> <DB= 2601.3469> <Mlp= 2694.9000> <PB=2694.9> 
<DWph=1> <it=345> <et=8.56> <Mt= 0.01> <Spt= 0.01> <nCl= 15> <al=0.18> <DB= 2614.0656> <Mlp= 2694.9000> <PB=2694.9> 
<DWph=1> <it=346> <et=8.58> <Mt= 0.00> <Spt= 0.01> <nCl= 17> <al=0.08> <DB= 2642.4023> <Mlp= 2694.9000> <PB=2694.9> 
<DWph=1> <it=347> <et=8.59> <Mt= 0.01> <Spt= 0.02> <nCl= 13> <al=0.17> <DB= 2647.1942> <Mlp= 2694.9000> <PB=2694.9> 
<DWph=1> <it=348> <et=8.61> <Mt= 0.00> <Spt= 0.01> <nCl= 16> <al=0.07> <DB= 2669.0746> <Mlp= 2694.9000> <PB=2694.9> 
<DWph=1> <it=349> <et=8.63> <Mt= 0.01> <Spt= 0.02> <nCl= 10> <al=0.00> <DB= 2684.9000> <Mlp= 2694.9000> <PB=2694.9> 
<DWph=1> <it=350> <et=8.65> <Mt= 0.00> <Spt= 0.01> <nCl=  5> <al=0.07> <DB= 2689.8489> <Mlp= 2694.9000> <PB=2694.9> 
<DWph=1> <it=351> <et=8.66> <Mt= 0.00> <Spt= 0.01> <nCl=  7> <al=0.00> <DB= 2689.9000> <Mlp= 2694.9000> <PB=2694.9> 
<DWph=1> <it=352> <et=8.68> <Mt= 0.00> <Spt= 0.02> <nCl=  3> <al=0.00> <DB= 2692.7621> <Mlp= 2694.9000> <PB=2694.9> 
<DWph=1> <it=353> <et=8.69> <Mt= 0.01> <Spt= 0.01> <nCl=  3> <al=0.00> <DB= 2692.7621> <Mlp= 2694.9000> <PB=2694.9> 
<DWph=1> <it=354> <et=8.71> <Mt= 0.00> <Spt= 0.01> <nCl=  1> <al=0.00> <DB= 2693.1812> <Mlp= 2694.9000> <PB=2694.9> 
<DWph=1> <it=355> <et=8.73> <Mt= 0.00> <Spt= 0.02> <nCl=  1> <al=0.00> <DB= 2692.7372> <Mlp= 2694.9000> <PB=2694.9> 
<DWph=1> <it=356> <et=8.74> <Mt= 0.00> <Spt= 0.01> <nCl=  1> <al=0.00> <DB= 2694.9000> <Mlp= 2694.9000> <PB=2694.9> 
    RCSP exact solver info for graph G_1 : TT = 0.010709, pt = 3.8e-05, dt = 0.008118, ct = 0.001324, ndl = 1', bdl = 48', odl = 1', odf = 5', bsi = 1', cnt = 0', bdch = 136', odch = 5', lcp = 11', #sols = 150
<DWph=0> <it=357> <et=8.76> <Mt= 0.00> <Spt= 0.02> <nCl= 77> <al=0.00> <DB= 2594.0176> <Mlp= 2694.9000> <PB=2694.9> 
    RCSP exact solver info for graph G_1 : TT = 0.008574, pt = 5.9e-05, dt = 0.00585, ct = 0.001421, ndl = 1', bdl = 43', odl = 1', odf = 5', bsi = 1', cnt = 0', bdch = 123', odch = 5', lcp = 11', #sols = 150
<DWph=0> <it=358> <et=8.79> <Mt= 0.01> <Spt= 0.02> <nCl= 37> <al=0.00> <DB= 2620.3412> <Mlp= 2694.9000> <PB=2694.9> 
    RCSP exact solver info for graph G_1 : TT = 0.008298, pt = 5.3e-05, dt = 0.005634, ct = 0.001371, ndl = 1', bdl = 41', odl = 1', odf = 5', bsi = 1', cnt = 1', bdch = 111', odch = 5', lcp = 10', #sols = 150
<DWph=0> <it=359> <et=8.82> <Mt= 0.00> <Spt= 0.03> <nCl= 20> <al=0.00> <DB= 2620.3412> <Mlp= 2694.9000> <PB=2694.9> 
    RCSP exact solver info for graph G_1 : TT = 0.008102, pt = 5.6e-05, dt = 0.005466, ct = 0.001333, ndl = 1', bdl = 38', odl = 1', odf = 5', bsi = 1', cnt = 1', bdch = 94', odch = 5', lcp = 9', #sols = 150
<DWph=0> <it=360> <et=8.84> <Mt= 0.01> <Spt= 0.02> <nCl= 13> <al=0.00> <DB= 2688.1809> <Mlp= 2694.9000> <PB=2694.9> 
    RCSP exact solver info for graph G_1 : TT = 0.00787, pt = 5.4e-05, dt = 0.005326, ct = 0.001263, ndl = 1', bdl = 38', odl = 1', odf = 5', bsi = 1', cnt = 1', bdch = 92', odch = 4', lcp = 9', #sols = 150
    RCSP exact solver info for graph G_1 : TT = 0.007861, pt = 4.4e-05, dt = 0.005272, ct = 0.001293, ndl = 1', bdl = 38', odl = 1', odf = 5', bsi = 1', cnt = 1', bdch = 92', odch = 4', lcp = 9', #sols = 150
<DWph=0> <it=361> <et=8.89> <Mt= 0.00> <Spt= 0.04> <nCl= 11> <al=0.00> <DB= 2694.9000> <Mlp= 2694.9000> <PB=2694.9> 
Dynamic params and stats :  bidir.bord. = 406.7 aver.obdmd = 2.49505 aver.buck.num. = 3.64356
@@ 1 0 2694.9 0.0072785 0.009442 82.7592 8.89
ColGenEvalAlg final dual bound: 2694.9 (rounded: 2694.9)
Current active cuts : CAP(4,788.874)
New model incumbent solution 2694.9, TIME = 0h0m8s90t = 890
************************************************************************************************
Search is finished, global bounds : [ 2694.9 , 2694.9 ], TIME = 0h0m8s90t = 890
************************************************************************************************
instance_name solver_name ext_heuristic solution_value solution_time best_lb root_lb root_time nb_branch_and_bound_nodes status
/home/logis/Downloads/VRPSolverEasy/VRPSolverEasy/demos/data/CVRPTW/C1_2_6 CPLEX False 2694.9 8.903105922 2694.9 2694.9 8.902487297 1 0

