Time resource is critical for vehicle type 1 (21,0)
Capacity resource will be imposed in pricing (0.40119)
Node memory for rank-1 cuts will be used (5.42857)
~~~~~~~~~~~~~~~~~~~~~~~~~~~~~~~~~~~~~~~~~~~~~~~~~~~~~~~~~~~~~~~~~~~~~~~~~~~~~~~~~~~~~
VRPSolver v0.5.27, 24/02/2023, © Inria Bordeaux, France, vrpsolver.math.u-bordeaux.fr
      Corresponds to the solver by Pessoa, Sadykov, Uchoa and Vanderbeck (2020)
                 Paper: dx.doi.org/10.1007/s10107-020-01523-z
~~~~~~~~~~~~~~~~~~~~~~~~~~~~~~~~~~~~~~~~~~~~~~~~~~~~~~~~~~~~~~~~~~~~~~~~~~~~~~~~~~~~~
   BaPCod v0.77, 15/03/2023, © Inria Bordeaux, France, bapcod.math.u-bordeaux.fr 
           THIS CODE IS PROVIDED AS IS, USE IT AT YOUR OWN RISK
~~~~~~~~~~~~~~~~~~~~~~~~~~~~~~~~~~~~~~~~~~~~~~~~~~~~~~~~~~~~~~~~~~~~~~~~~~~~~~~~~~~~~
Bucket steps were recalculated for graph G_1 : [46.0001, 40]
RCSP solver info : non-symmetric case as the resource 0 consumption for the reverse arc of 0->100 is not the same : 24 against 34
Bidirectional border value is initialised to 104.1
RCSP solver info : number of forw. reachable buckets / buck. strongly connected components is 1220( 97.2887% ) / 315( 25.8197% )
RCSP solver info : number of back. reachable buckets / buck. strongly connected components is 1225( 97.6874% ) / 350( 28.5714% )
Generating neighbourhoods for rank-1 cuts separation
Building structures for 4- and 5-row rank-1 packing cut separation...done!
Model is built TIME = 0h0m0s6t = 6
************************************************************************************************
**** BaB tree root node
**** Local DB = -1e+12, global bounds : [ -1e+12 , 100000 ], TIME = 0h0m0s6t = 6
**** 1 open nodes, 0 columns (0 active), 0 dyn. constrs. (0 active), 202 art. vars. (202 active)
************************************************************************************************
#<DWph=2> <it=  1> <et=0.06> <Mt= 0.00> <Spt= 0.00> <nCl= 30> <al=0.00> <DB=-5397750.0000> <Mlp=2496000.0000> <PB=100000> 
#<DWph=2> <it=  2> <et=0.07> <Mt= 0.00> <Spt= 0.00> <nCl= 30> <al=0.55> <DB=-4959182.9750> <Mlp=2136204.5000> <PB=100000> 
#<DWph=2> <it=  3> <et=0.07> <Mt= 0.00> <Spt= 0.01> <nCl= 30> <al=0.60> <DB=-4373642.3390> <Mlp=1704434.6000> <PB=100000> 
#<DWph=2> <it=  4> <et=0.08> <Mt= 0.00> <Spt= 0.00> <nCl= 30> <al=0.64> <DB=-3821415.6851> <Mlp=1305641.7750> <PB=100000> 
#<DWph=2> <it=  5> <et=0.08> <Mt= 0.00> <Spt= 0.01> <nCl= 30> <al=0.67> <DB=-3535798.3442> <Mlp=996983.1000> <PB=100000> 
#<DWph=2> <it=  6> <et=0.09> <Mt= 0.00> <Spt= 0.00> <nCl= 30> <al=0.70> <DB=-3381876.2573> <Mlp=767090.3483> <PB=100000> 
#<DWph=2> <it=  7> <et=0.09> <Mt= 0.00> <Spt= 0.00> <nCl= 30> <al=0.73> <DB=-3027674.3595> <Mlp=611975.0472> <PB=100000> 
#<DWph=2> <it=  8> <et=0.10> <Mt= 0.00> <Spt= 0.01> <nCl= 30> <al=0.76> <DB=-2773086.6316> <Mlp=471555.5017> <PB=100000> 
#<DWph=2> <it=  9> <et=0.10> <Mt= 0.00> <Spt= 0.00> <nCl= 30> <al=0.66> <DB=-2673941.0881> <Mlp=403710.2129> <PB=100000> 
#<DWph=2> <it= 10> <et=0.11> <Mt= 0.00> <Spt= 0.01> <nCl= 30> <al=0.69> <DB=-2463147.3637> <Mlp=334934.1662> <PB=100000> 
#<DWph=2> <it= 11> <et=0.11> <Mt= 0.00> <Spt= 0.00> <nCl= 30> <al=0.73> <DB=-2477674.0034> <Mlp=302422.8022> <PB=100000> 
#<DWph=2> <it= 12> <et=0.12> <Mt= 0.01> <Spt= 0.00> <nCl= 30> <al=0.63> <DB=-2049103.4125> <Mlp=255650.9796> <PB=100000> 
#<DWph=2> <it= 13> <et=0.13> <Mt= 0.00> <Spt= 0.01> <nCl= 30> <al=0.66> <DB=-1866604.4654> <Mlp=206840.9527> <PB=100000> 
#<DWph=2> <it= 14> <et=0.13> <Mt= 0.00> <Spt= 0.00> <nCl= 30> <al=0.56> <DB=-2563465.1731> <Mlp=194680.9558> <PB=100000> 
#<DWph=2> <it= 15> <et=0.14> <Mt= 0.00> <Spt= 0.01> <nCl= 30> <al=0.61> <DB=-1719040.8907> <Mlp=173677.3266> <PB=100000> 
#<DWph=2> <it= 16> <et=0.14> <Mt= 0.01> <Spt= 0.00> <nCl= 30> <al=0.65> <DB=-1708793.4355> <Mlp=135629.8782> <PB=100000> 
#<DWph=2> <it= 17> <et=0.15> <Mt= 0.00> <Spt= 0.00> <nCl= 30> <al=0.55> <DB=-1709020.2882> <Mlp=122180.9083> <PB=100000> 
#<DWph=2> <it= 18> <et=0.16> <Mt= 0.00> <Spt= 0.01> <nCl= 30> <al=0.59> <DB=-1519896.8173> <Mlp=101957.0117> <PB=100000> 
#<DWph=2> <it= 19> <et=0.16> <Mt= 0.00> <Spt= 0.00> <nCl= 30> <al=0.63> <DB=-1308073.0333> <Mlp=81619.7731> <PB=100000> 
#<DWph=2> <it= 20> <et=0.17> <Mt= 0.01> <Spt= 0.00> <nCl= 30> <al=0.53> <DB=-1279631.0784> <Mlp=69856.6223> <PB=100000> 
#<DWph=2> <it= 21> <et=0.18> <Mt= 0.00> <Spt= 0.01> <nCl= 30> <al=0.43> <DB=-1362703.8459> <Mlp=48887.3062> <PB=100000> 
#<DWph=2> <it= 22> <et=0.18> <Mt= 0.00> <Spt= 0.00> <nCl= 30> <al=0.49> <DB=-1164423.9015> <Mlp=32148.4769> <PB=100000> 
#<DWph=2> <it= 23> <et=0.19> <Mt= 0.01> <Spt= 0.01> <nCl= 30> <al=0.54> <DB=-1055552.4726> <Mlp=26434.3387> <PB=100000> 
#<DWph=2> <it= 24> <et=0.20> <Mt= 0.00> <Spt= 0.00> <nCl= 30> <al=0.59> <DB=-1437307.2472> <Mlp=25316.1425> <PB=100000> 
#<DWph=2> <it= 25> <et=0.20> <Mt= 0.00> <Spt= 0.00> <nCl= 30> <al=0.63> <DB=-918562.0199> <Mlp=20484.5836> <PB=100000> 
#<DWph=2> <it= 26> <et=0.21> <Mt= 0.00> <Spt= 0.01> <nCl= 30> <al=0.66> <DB=-862625.0946> <Mlp=19783.7573> <PB=100000> 
<DWph=2> <it= 27> <et=0.22> <Mt= 0.01> <Spt= 0.00> <nCl= 30> <al=0.70> <DB=-742731.7760> <Mlp= 1712.0149> <PB=100000> 
<DWph=2> <it= 28> <et=0.23> <Mt= 0.00> <Spt= 0.01> <nCl= 21> <al=0.60> <DB=-443744.0036> <Mlp= 1703.5419> <PB=100000> 
<DWph=2> <it= 29> <et=0.23> <Mt= 0.00> <Spt= 0.00> <nCl= 30> <al=0.50> <DB=-229626.9394> <Mlp= 1702.3347> <PB=100000> 
<DWph=2> <it= 30> <et=0.24> <Mt= 0.00> <Spt= 0.01> <nCl= 30> <al=0.40> <DB=-87339.4026> <Mlp= 1702.3347> <PB=100000> 
<DWph=2> <it= 31> <et=0.24> <Mt= 0.00> <Spt= 0.00> <nCl= 30> <al=0.30> <DB=-32444.3385> <Mlp= 1699.1648> <PB=100000> 
<DWph=2> <it= 32> <et=0.25> <Mt= 0.01> <Spt= 0.01> <nCl= 30> <al=0.20> <DB=-5547.0101> <Mlp= 1680.5772> <PB=100000> 
<DWph=2> <it= 33> <et=0.26> <Mt= 0.00> <Spt= 0.00> <nCl= 30> <al=0.10> <DB=-1848.3345> <Mlp= 1672.4709> <PB=100000> 
<DWph=2> <it= 34> <et=0.27> <Mt= 0.00> <Spt= 0.00> <nCl= 30> <al=0.00> <DB=-2473.1402> <Mlp= 1642.9392> <PB=100000> 
<DWph=2> <it= 35> <et=0.27> <Mt= 0.01> <Spt= 0.01> <nCl= 30> <al=0.10> <DB=-1357.3232> <Mlp= 1622.6750> <PB=100000> 
<DWph=2> <it= 36> <et=0.28> <Mt= 0.00> <Spt= 0.00> <nCl= 30> <al=0.19> <DB=-1692.6102> <Mlp= 1597.0286> <PB=100000> 
<DWph=2> <it= 37> <et=0.29> <Mt= 0.00> <Spt= 0.01> <nCl= 30> <al=0.27> <DB= -447.2861> <Mlp= 1568.2173> <PB=100000> 
<DWph=2> <it= 38> <et=0.30> <Mt= 0.01> <Spt= 0.00> <nCl= 30> <al=0.34> <DB= -812.4180> <Mlp= 1551.0898> <PB=100000> 
<DWph=2> <it= 39> <et=0.31> <Mt= 0.00> <Spt= 0.00> <nCl= 30> <al=0.41> <DB=-1058.3009> <Mlp= 1535.0281> <PB=100000> 
<DWph=2> <it= 40> <et=0.31> <Mt= 0.00> <Spt= 0.01> <nCl= 30> <al=0.47> <DB=   20.3921> <Mlp= 1515.3261> <PB=100000> 
<DWph=2> <it= 41> <et=0.32> <Mt= 0.01> <Spt= 0.00> <nCl= 30> <al=0.37> <DB= -302.5367> <Mlp= 1501.0785> <PB=100000> 
<DWph=2> <it= 42> <et=0.33> <Mt= 0.00> <Spt= 0.01> <nCl= 30> <al=0.43> <DB=  -34.3796> <Mlp= 1483.7791> <PB=100000> 
<DWph=2> <it= 43> <et=0.34> <Mt= 0.00> <Spt= 0.00> <nCl= 30> <al=0.49> <DB= -257.4206> <Mlp= 1472.5778> <PB=100000> 
<DWph=2> <it= 44> <et=0.35> <Mt= 0.01> <Spt= 0.01> <nCl= 30> <al=0.54> <DB= -141.3544> <Mlp= 1447.7969> <PB=100000> 
<DWph=2> <it= 45> <et=0.36> <Mt= 0.00> <Spt= 0.00> <nCl= 30> <al=0.59> <DB=  330.5667> <Mlp= 1436.1155> <PB=100000> 
<DWph=2> <it= 46> <et=0.36> <Mt= 0.01> <Spt= 0.01> <nCl= 30> <al=0.63> <DB=  176.4468> <Mlp= 1418.8535> <PB=100000> 
<DWph=2> <it= 47> <et=0.37> <Mt= 0.00> <Spt= 0.00> <nCl= 30> <al=0.66> <DB=  333.0055> <Mlp= 1387.2470> <PB=100000> 
<DWph=2> <it= 48> <et=0.38> <Mt= 0.01> <Spt= 0.00> <nCl= 30> <al=0.56> <DB=  433.7685> <Mlp= 1367.2101> <PB=100000> 
<DWph=2> <it= 49> <et=0.39> <Mt= 0.00> <Spt= 0.01> <nCl= 30> <al=0.61> <DB=  570.0925> <Mlp= 1353.6998> <PB=100000> 
<DWph=2> <it= 50> <et=0.40> <Mt= 0.01> <Spt= 0.00> <nCl= 30> <al=0.51> <DB=  116.7408> <Mlp= 1343.4852> <PB=100000> 
<DWph=2> <it= 51> <et=0.41> <Mt= 0.00> <Spt= 0.01> <nCl= 30> <al=0.56> <DB=  643.9291> <Mlp= 1333.7621> <PB=100000> 
<DWph=2> <it= 52> <et=0.42> <Mt= 0.00> <Spt= 0.00> <nCl= 30> <al=0.60> <DB=  694.6745> <Mlp= 1327.7277> <PB=100000> 
<DWph=2> <it= 53> <et=0.43> <Mt= 0.01> <Spt= 0.01> <nCl= 29> <al=0.50> <DB=  802.7453> <Mlp= 1319.5719> <PB=100000> 
<DWph=2> <it= 54> <et=0.44> <Mt= 0.00> <Spt= 0.00> <nCl= 30> <al=0.55> <DB=  505.2818> <Mlp= 1308.5011> <PB=100000> 
<DWph=2> <it= 55> <et=0.44> <Mt= 0.01> <Spt= 0.01> <nCl= 30> <al=0.60> <DB=  811.3503> <Mlp= 1304.0692> <PB=100000> 
<DWph=2> <it= 56> <et=0.45> <Mt= 0.00> <Spt= 0.00> <nCl= 27> <al=0.64> <DB=  918.8845> <Mlp= 1297.3478> <PB=100000> 
<DWph=2> <it= 57> <et=0.46> <Mt= 0.00> <Spt= 0.00> <nCl= 24> <al=0.67> <DB=  919.4978> <Mlp= 1290.8037> <PB=100000> 
<DWph=2> <it= 58> <et=0.47> <Mt= 0.01> <Spt= 0.01> <nCl= 30> <al=0.57> <DB=  775.4871> <Mlp= 1287.0441> <PB=100000> 
<DWph=2> <it= 59> <et=0.48> <Mt= 0.00> <Spt= 0.00> <nCl= 21> <al=0.62> <DB=  963.6623> <Mlp= 1282.0984> <PB=100000> 
<DWph=2> <it= 60> <et=0.49> <Mt= 0.00> <Spt= 0.01> <nCl= 28> <al=0.65> <DB= 1080.5143> <Mlp= 1276.4734> <PB=100000> 
<DWph=2> <it= 61> <et=0.49> <Mt= 0.01> <Spt= 0.00> <nCl= 30> <al=0.55> <DB= 1059.6874> <Mlp= 1273.5974> <PB=100000> 
<DWph=2> <it= 62> <et=0.50> <Mt= 0.00> <Spt= 0.01> <nCl= 17> <al=0.60> <DB= 1122.1152> <Mlp= 1269.3099> <PB=100000> 
<DWph=2> <it= 63> <et=0.51> <Mt= 0.00> <Spt= 0.00> <nCl= 22> <al=0.64> <DB= 1095.2329> <Mlp= 1267.3729> <PB=100000> 
<DWph=2> <it= 64> <et=0.51> <Mt= 0.01> <Spt= 0.00> <nCl= 15> <al=0.67> <DB= 1125.8776> <Mlp= 1265.5087> <PB=100000> 
<DWph=2> <it= 65> <et=0.52> <Mt= 0.00> <Spt= 0.01> <nCl= 20> <al=0.71> <DB= 1153.0156> <Mlp= 1264.6708> <PB=100000> 
<DWph=2> <it= 66> <et=0.53> <Mt= 0.00> <Spt= 0.00> <nCl= 21> <al=0.74> <DB= 1158.6744> <Mlp= 1263.3178> <PB=100000> 
<DWph=2> <it= 67> <et=0.54> <Mt= 0.00> <Spt= 0.01> <nCl= 18> <al=0.76> <DB= 1156.2426> <Mlp= 1261.7005> <PB=100000> 
<DWph=2> <it= 68> <et=0.54> <Mt= 0.01> <Spt= 0.00> <nCl=  5> <al=0.79> <DB= 1196.1629> <Mlp= 1260.1807> <PB=100000> 
<DWph=2> <it= 69> <et=0.55> <Mt= 0.00> <Spt= 0.01> <nCl= 13> <al=0.81> <DB= 1189.8881> <Mlp= 1259.6975> <PB=100000> 
<DWph=2> <it= 70> <et=0.55> <Mt= 0.00> <Spt= 0.00> <nCl= 11> <al=0.83> <DB= 1204.8816> <Mlp= 1259.4827> <PB=100000> 
<DWph=2> <it= 71> <et=0.56> <Mt= 0.00> <Spt= 0.00> <nCl=  3> <al=0.73> <DB= 1217.5356> <Mlp= 1259.2061> <PB=100000> 
<DWph=2> <it= 72> <et=0.57> <Mt= 0.00> <Spt= 0.01> <nCl=  6> <al=0.63> <DB= 1225.7554> <Mlp= 1258.9194> <PB=100000> 
<DWph=2> <it= 73> <et=0.57> <Mt= 0.00> <Spt= 0.00> <nCl= 26> <al=0.53> <DB= 1147.2054> <Mlp= 1258.7587> <PB=100000> 
<DWph=2> <it= 74> <et=0.58> <Mt= 0.01> <Spt= 0.01> <nCl= 16> <al=0.15> <DB= 1199.0678> <Mlp= 1258.4530> <PB=100000> 
<DWph=2> <it= 75> <et=0.59> <Mt= 0.00> <Spt= 0.00> <nCl= 13> <al=0.47> <DB= 1249.3245> <Mlp= 1258.3256> <PB=100000> 
<DWph=2> <it= 76> <et=0.60> <Mt= 0.00> <Spt= 0.01> <nCl= 13> <al=0.00> <DB= 1212.8621> <Mlp= 1258.3146> <PB=100000> 
<DWph=2> <it= 77> <et=0.60> <Mt= 0.00> <Spt= 0.01> <nCl=  4> <al=0.27> <DB= 1213.3228> <Mlp= 1258.3146> <PB=100000> 
<DWph=2> <it= 78> <et=0.61> <Mt= 0.00> <Spt= 0.00> <nCl= 22> <al=0.17> <DB= 1031.8336> <Mlp= 1257.9814> <PB=100000> 
<DWph=2> <it= 79> <et=0.61> <Mt= 0.00> <Spt= 0.01> <nCl= 14> <al=0.26> <DB= 1214.2563> <Mlp= 1257.9379> <PB=100000> 
<DWph=2> <it= 80> <et=0.62> <Mt= 0.01> <Spt= 0.00> <nCl= 24> <al=0.33> <DB= 1131.1728> <Mlp= 1257.7939> <PB=100000> 
<DWph=2> <it= 81> <et=0.63> <Mt= 0.00> <Spt= 0.00> <nCl= 17> <al=0.40> <DB= 1182.8816> <Mlp= 1256.6365> <PB=100000> 
<DWph=2> <it= 82> <et=0.64> <Mt= 0.00> <Spt= 0.01> <nCl= 22> <al=0.00> <DB= 1231.8787> <Mlp= 1256.6022> <PB=100000> 
<DWph=2> <it= 83> <et=0.64> <Mt= 0.00> <Spt= 0.01> <nCl=  3> <al=0.20> <DB= 1215.4586> <Mlp= 1256.4231> <PB=100000> 
<DWph=2> <it= 84> <et=0.65> <Mt= 0.00> <Spt= 0.00> <nCl= 10> <al=0.10> <DB= 1237.7414> <Mlp= 1256.4098> <PB=100000> 
<DWph=2> <it= 85> <et=0.66> <Mt= 0.01> <Spt= 0.01> <nCl=  6> <al=0.19> <DB= 1225.5769> <Mlp= 1256.3861> <PB=100000> 
<DWph=2> <it= 86> <et=0.67> <Mt= 0.00> <Spt= 0.00> <nCl= 13> <al=0.00> <DB= 1255.8792> <Mlp= 1256.3861> <PB=100000> 
<DWph=2> <it= 87> <et=0.67> <Mt= 0.00> <Spt= 0.01> <nCl=  0> <al=0.00> <DB= 1256.3861> <Mlp= 1256.3861> <PB=100000> 
<DWph=1> <it= 88> <et=0.69> <Mt= 0.00> <Spt= 0.01> <nCl= 30> <al=0.00> <DB=  929.6622> <Mlp= 1256.3861> <PB=100000> 
<DWph=1> <it= 89> <et=0.71> <Mt= 0.00> <Spt= 0.02> <nCl= 30> <al=0.00> <DB=  943.5108> <Mlp= 1246.2511> <PB=100000> 
<DWph=1> <it= 90> <et=0.73> <Mt= 0.01> <Spt= 0.01> <nCl= 30> <al=0.00> <DB=  936.1484> <Mlp= 1242.3299> <PB=100000> 
<DWph=1> <it= 91> <et=0.75> <Mt= 0.00> <Spt= 0.02> <nCl= 30> <al=0.10> <DB= 1013.5038> <Mlp= 1237.9284> <PB=100000> 
<DWph=1> <it= 92> <et=0.77> <Mt= 0.01> <Spt= 0.02> <nCl= 30> <al=0.19> <DB= 1078.8532> <Mlp= 1235.8973> <PB=100000> 
<DWph=1> <it= 93> <et=0.79> <Mt= 0.00> <Spt= 0.01> <nCl= 30> <al=0.27> <DB=  996.8841> <Mlp= 1232.4387> <PB=100000> 
<DWph=1> <it= 94> <et=0.81> <Mt= 0.01> <Spt= 0.02> <nCl= 16> <al=0.34> <DB= 1141.9631> <Mlp= 1231.0816> <PB=100000> 
<DWph=1> <it= 95> <et=0.83> <Mt= 0.00> <Spt= 0.01> <nCl= 24> <al=0.24> <DB= 1150.6777> <Mlp= 1230.4454> <PB=100000> 
<DWph=1> <it= 96> <et=0.85> <Mt= 0.00> <Spt= 0.02> <nCl= 26> <al=0.14> <DB= 1139.7622> <Mlp= 1228.3010> <PB=100000> 
<DWph=1> <it= 97> <et=0.86> <Mt= 0.01> <Spt= 0.01> <nCl= 17> <al=0.23> <DB= 1178.2627> <Mlp= 1227.8167> <PB=100000> 
<DWph=1> <it= 98> <et=0.88> <Mt= 0.00> <Spt= 0.01> <nCl= 14> <al=0.31> <DB= 1199.9363> <Mlp= 1227.1120> <PB=100000> 
<DWph=1> <it= 99> <et=0.90> <Mt= 0.00> <Spt= 0.02> <nCl=  9> <al=0.38> <DB= 1193.4599> <Mlp= 1226.6520> <PB=100000> 
<DWph=1> <it=100> <et=0.91> <Mt= 0.00> <Spt= 0.01> <nCl=  6> <al=0.44> <DB= 1209.1825> <Mlp= 1226.5216> <PB=100000> 
<DWph=1> <it=101> <et=0.93> <Mt= 0.00> <Spt= 0.02> <nCl=  7> <al=0.49> <DB= 1213.4964> <Mlp= 1226.4742> <PB=100000> 
<DWph=1> <it=102> <et=0.94> <Mt= 0.00> <Spt= 0.01> <nCl= 10> <al=0.39> <DB= 1216.1791> <Mlp= 1226.4475> <PB=100000> 
<DWph=1> <it=103> <et=0.96> <Mt= 0.01> <Spt= 0.02> <nCl=  3> <al=0.45> <DB= 1192.9601> <Mlp= 1226.4396> <PB=100000> 
<DWph=1> <it=104> <et=0.98> <Mt= 0.00> <Spt= 0.01> <nCl=  2> <al=0.35> <DB= 1214.1388> <Mlp= 1226.4396> <PB=100000> 
<DWph=1> <it=105> <et=0.99> <Mt= 0.00> <Spt= 0.02> <nCl=  2> <al=0.25> <DB= 1217.6051> <Mlp= 1226.4396> <PB=100000> 
<DWph=1> <it=106> <et=1.02> <Mt= 0.00> <Spt= 0.02> <nCl=  2> <al=0.00> <DB= 1226.4396> <Mlp= 1226.4396> <PB=100000> 
    RCSP exact solver info for graph G_1 : TT = 0.012824, pt = 4.1e-05, dt = 0.010821, ct = 0.00144, ndl = 3', bdl = 31', odl = 6', odf = 28', bsi = 1', cnt = 1', bdch = 277', odch = 62', lcp = 61', #sols = 149
    RCSP exact solver info for graph G_1 : TT = 0.010269, pt = 4.5e-05, dt = 0.00841, ct = 0.001292, ndl = 3', bdl = 31', odl = 7', odf = 29', bsi = 1', cnt = 3', bdch = 284', odch = 61', lcp = 57', #sols = 150
<DWph=0> <it=107> <et=1.05> <Mt= 0.00> <Spt= 0.04> <nCl= 79> <al=0.00> <DB= 1226.4396> <Mlp= 1226.4396> <PB=100000> 
Dynamic params and stats :  bidir.bord. = 98.9 aver.obdmd = 5.97059 aver.buck.num. = 12.2941
@@ 1 0 1226.44 0.0109815 0.012261 54.4799 1.05
Labels distribution in buckets (bucket size) : largest - 56, top 0.1% - 44, top 0.5% - 34, top 2% - 21, top 10% - 7, top 50% - 0
Reduced cost fixing for graph G_1... 52344 buck. arcs remain (98.5% from prev., 53.8% from max.) + 0 jump buck. arcs (0% from max.)
Backward reduced cost fixing... 50450 buck. arcs remain (98.1% from prev., 53.3% from max.) + 0 jump buck. arcs (0% from max.)
 TT = 0.130009, pt = 0.004229, dt = 0.065596, ct = 0.059742, ndl = 15', bdl = 394', odl = 22', odf = 122', lpcb = 49', cnt = 2784', bdch = 5279', odch = 568', lcp = 659'
Labels distribution in buckets (bucket size) : largest - 115, top 0.1% - 86, top 0.5% - 67, top 2% - 45, top 10% - 18, top 50% - 0
Run forward enumeration with border = 98.9... not succeeded (ratio 0.915911) lpt = 0.086271, ndl = 28', dl = 22', lpcb = 0', dch = 2981'
 TT = 0.089382, pt = 0.001997, dt = 0.086271, ct = 0, ndl = 28', bdl = 22', cnt = 1022', bdch = 2981', odch = 0', lcp = 0'
ColGenEvalAlg final dual bound: 1226.44 (rounded: 1226.44)
Shrinking heuristic shrunk 21 edges
5 Rank-1 1-rows pack. cuts added ,  max viol. = 0.397065, aver. viol. = 0.253466
150 Rank-1 3-rows pack. cuts added ,  max viol. = 0.385412, aver. viol. = 0.179569
----- Add fac. cuts : R1C(155), max.viol = 0.397065, aver.viol = 0.184746, sep/add took 0.0344123/0.0627123 sec. -----
2551 columns (2551 active), 155 dyn. constrs. (155 active), 357 art. vars. (357 active)
<DWph=2> <it=  1> <et=1.40> <Mt= 0.02> <Spt= 0.00> <nCl= 21> <al=0.50> <DB= 1159.5831> <Mlp= 1238.3863> <PB=100000> 
<DWph=2> <it=  2> <et=1.41> <Mt= 0.00> <Spt= 0.01> <nCl= 19> <al=0.55> <DB= 1140.9344> <Mlp= 1237.9261> <PB=100000> 
<DWph=2> <it=  3> <et=1.43> <Mt= 0.01> <Spt= 0.00> <nCl=  6> <al=0.60> <DB= 1220.2098> <Mlp= 1236.5175> <PB=100000> 
<DWph=2> <it=  4> <et=1.44> <Mt= 0.01> <Spt= 0.02> <nCl=  6> <al=0.27> <DB= 1213.3498> <Mlp= 1236.1430> <PB=100000> 
<DWph=2> <it=  5> <et=1.45> <Mt= 0.00> <Spt= 0.00> <nCl=  3> <al=0.54> <DB= 1223.8642> <Mlp= 1236.1430> <PB=100000> 
<DWph=2> <it=  6> <et=1.46> <Mt= 0.00> <Spt= 0.01> <nCl=  1> <al=0.58> <DB= 1229.9048> <Mlp= 1236.1430> <PB=100000> 
<DWph=2> <it=  7> <et=1.47> <Mt= 0.00> <Spt= 0.01> <nCl= 13> <al=0.25> <DB= 1199.2524> <Mlp= 1236.1423> <PB=100000> 
<DWph=2> <it=  8> <et=1.48> <Mt= 0.01> <Spt= 0.00> <nCl= 10> <al=0.52> <DB= 1153.4381> <Mlp= 1235.9452> <PB=100000> 
<DWph=2> <it=  9> <et=1.49> <Mt= 0.00> <Spt= 0.01> <nCl=  9> <al=0.14> <DB= 1232.2356> <Mlp= 1235.9452> <PB=100000> 
<DWph=2> <it= 10> <et=1.51> <Mt= 0.00> <Spt= 0.02> <nCl= 11> <al=0.00> <DB= 1230.9303> <Mlp= 1235.9303> <PB=100000> 
<DWph=2> <it= 11> <et=1.52> <Mt= 0.00> <Spt= 0.01> <nCl=  2> <al=0.00> <DB= 1235.9185> <Mlp= 1235.9185> <PB=100000> 
<DWph=1> <it= 12> <et=1.55> <Mt= 0.01> <Spt= 0.02> <nCl= 30> <al=0.27> <DB= 1071.2299> <Mlp= 1235.9185> <PB=100000> 
<DWph=1> <it= 13> <et=1.59> <Mt= 0.01> <Spt= 0.03> <nCl= 25> <al=0.17> <DB= 1138.1542> <Mlp= 1232.9143> <PB=100000> 
<DWph=1> <it= 14> <et=1.62> <Mt= 0.01> <Spt= 0.02> <nCl= 25> <al=0.25> <DB= 1165.5409> <Mlp= 1232.0418> <PB=100000> 
<DWph=1> <it= 15> <et=1.65> <Mt= 0.00> <Spt= 0.03> <nCl= 23> <al=0.33> <DB= 1186.8351> <Mlp= 1231.7946> <PB=100000> 
<DWph=1> <it= 16> <et=1.68> <Mt= 0.01> <Spt= 0.02> <nCl= 17> <al=0.40> <DB= 1184.0352> <Mlp= 1231.6419> <PB=100000> 
<DWph=1> <it= 17> <et=1.71> <Mt= 0.00> <Spt= 0.03> <nCl=  7> <al=0.46> <DB= 1207.1228> <Mlp= 1231.6020> <PB=100000> 
<DWph=1> <it= 18> <et=1.74> <Mt= 0.00> <Spt= 0.02> <nCl=  9> <al=0.36> <DB= 1212.3779> <Mlp= 1231.5878> <PB=100000> 
<DWph=1> <it= 19> <et=1.77> <Mt= 0.01> <Spt= 0.03> <nCl= 12> <al=0.26> <DB= 1179.1322> <Mlp= 1231.4828> <PB=100000> 
<DWph=1> <it= 20> <et=1.80> <Mt= 0.01> <Spt= 0.02> <nCl= 18> <al=0.16> <DB= 1207.5492> <Mlp= 1231.2082> <PB=100000> 
<DWph=1> <it= 21> <et=1.83> <Mt= 0.00> <Spt= 0.03> <nCl= 10> <al=0.24> <DB= 1213.2987> <Mlp= 1231.1798> <PB=100000> 
<DWph=1> <it= 22> <et=1.86> <Mt= 0.00> <Spt= 0.02> <nCl=  9> <al=0.32> <DB= 1215.3409> <Mlp= 1231.1798> <PB=100000> 
<DWph=1> <it= 23> <et=1.88> <Mt= 0.00> <Spt= 0.03> <nCl=  3> <al=0.38> <DB= 1225.0559> <Mlp= 1231.1369> <PB=100000> 
<DWph=1> <it= 24> <et=1.91> <Mt= 0.01> <Spt= 0.02> <nCl=  6> <al=0.28> <DB= 1228.1833> <Mlp= 1231.1369> <PB=100000> 
<DWph=1> <it= 25> <et=1.94> <Mt= 0.00> <Spt= 0.02> <nCl=  2> <al=0.18> <DB= 1228.9687> <Mlp= 1231.1296> <PB=100000> 
<DWph=1> <it= 26> <et=1.99> <Mt= 0.00> <Spt= 0.05> <nCl=  3> <al=0.00> <DB= 1231.1291> <Mlp= 1231.1291> <PB=100000> 
    RCSP exact solver info for graph G_1 : TT = 0.024742, pt = 0.001096, dt = 0.020047, ct = 0.003052, ndl = 3', bdl = 40', odl = 7', odf = 33', bsi = 1', cnt = 4', bdch = 389', odch = 80', lcp = 79', #sols = 150
<DWph=0> <it= 27> <et=2.02> <Mt= 0.00> <Spt= 0.03> <nCl= 59> <al=0.17> <DB= 1169.9324> <Mlp= 1231.1291> <PB=100000> 
    RCSP exact solver info for graph G_1 : TT = 0.023984, pt = 0.001102, dt = 0.019077, ct = 0.003199, ndl = 4', bdl = 42', odl = 8', odf = 35', bsi = 1', cnt = 5', bdch = 428', odch = 89', lcp = 87', #sols = 150
<DWph=0> <it= 28> <et=2.05> <Mt= 0.01> <Spt= 0.03> <nCl= 23> <al=0.25> <DB= 1214.1630> <Mlp= 1231.0708> <PB=100000> 
    RCSP exact solver info for graph G_1 : TT = 0.023484, pt = 0.001156, dt = 0.018592, ct = 0.003138, ndl = 4', bdl = 41', odl = 8', odf = 34', bsi = 1', cnt = 5', bdch = 417', odch = 85', lcp = 85', #sols = 150
<DWph=0> <it= 29> <et=2.08> <Mt= 0.00> <Spt= 0.03> <nCl=  9> <al=0.15> <DB= 1228.5208> <Mlp= 1231.0333> <PB=100000> 
    RCSP exact solver info for graph G_1 : TT = 0.023342, pt = 0.001134, dt = 0.018499, ct = 0.003104, ndl = 3', bdl = 41', odl = 8', odf = 34', bsi = 1', cnt = 5', bdch = 412', odch = 84', lcp = 84', #sols = 150
<DWph=0> <it= 30> <et=2.11> <Mt= 0.00> <Spt= 0.02> <nCl=  4> <al=0.05> <DB= 1229.5304> <Mlp= 1231.0333> <PB=100000> 
    RCSP exact solver info for graph G_1 : TT = 0.023315, pt = 0.001145, dt = 0.018484, ct = 0.003091, ndl = 3', bdl = 41', odl = 8', odf = 34', bsi = 1', cnt = 5', bdch = 411', odch = 83', lcp = 84', #sols = 150
    RCSP exact solver info for graph G_1 : TT = 0.022451, pt = 0.000877, dt = 0.017947, ct = 0.003047, ndl = 3', bdl = 41', odl = 7', odf = 34', bsi = 1', cnt = 5', bdch = 400', odch = 81', lcp = 82', #sols = 150
<DWph=0> <it= 31> <et=2.16> <Mt= 0.00> <Spt= 0.06> <nCl= 10> <al=0.00> <DB= 1231.0333> <Mlp= 1231.0333> <PB=100000> 
Dynamic params and stats :  bidir.bord. = 98.9 aver.obdmd = 5.97059 aver.buck.num. = 12.2941 nbR1C = 28 with avMem = 6.78571
@@ 1 1 1231.03 0.0218795 0.023099 53.5726 2.16
    Full reduced cost fixing is not called (gap ratio is 0.999953)
ColGenEvalAlg final dual bound: 1231.03 (rounded: 1231.03)
False gap improvement since the last cut separation : 0.0374559 (1226.44)
Current active cuts : R1C(1+27,37.8761) 1rowPackR1C(1) 3rowPackR1C(27)
Shrinking heuristic shrunk 33 edges
5 Rank-1 1-rows pack. cuts added ,  max viol. = 0.0559896, aver. viol. = 0.0448785
150 Rank-1 3-rows pack. cuts added ,  max viol. = 0.390625, aver. viol. = 0.157451
----- Add fac. cuts : R1C(155), max.viol = 0.390625, aver.viol = 0.155726, sep/add took 0.0226334/0.0740873 sec. -----
2956 columns (2956 active), 310 dyn. constrs. (186 active), 512 art. vars. (388 active)
<DWph=2> <it=  1> <et=2.29> <Mt= 0.02> <Spt= 0.00> <nCl=  7> <al=0.50> <DB= 1228.7935> <Mlp= 1234.1766> <PB=100000> 
<DWph=2> <it=  2> <et=2.31> <Mt= 0.01> <Spt= 0.02> <nCl=  9> <al=0.10> <DB= 1222.5474> <Mlp= 1234.1714> <PB=100000> 
<DWph=2> <it=  3> <et=2.33> <Mt= 0.00> <Spt= 0.01> <nCl=  5> <al=0.00> <DB= 1201.2317> <Mlp= 1234.1312> <PB=100000> 
<DWph=2> <it=  4> <et=2.34> <Mt= 0.00> <Spt= 0.01> <nCl=  3> <al=0.00> <DB= 1234.1292> <Mlp= 1234.1292> <PB=100000> 
<DWph=1> <it=  5> <et=2.37> <Mt= 0.01> <Spt= 0.03> <nCl= 28> <al=0.25> <DB= 1169.5842> <Mlp= 1234.1292> <PB=100000> 
<DWph=1> <it=  6> <et=2.41> <Mt= 0.01> <Spt= 0.02> <nCl= 17> <al=0.33> <DB= 1198.2462> <Mlp= 1233.5407> <PB=100000> 
<DWph=1> <it=  7> <et=2.45> <Mt= 0.01> <Spt= 0.03> <nCl= 14> <al=0.23> <DB= 1203.5592> <Mlp= 1233.4255> <PB=100000> 
<DWph=1> <it=  8> <et=2.48> <Mt= 0.01> <Spt= 0.03> <nCl=  4> <al=0.30> <DB= 1217.3924> <Mlp= 1233.3983> <PB=100000> 
<DWph=1> <it=  9> <et=2.51> <Mt= 0.00> <Spt= 0.02> <nCl=  8> <al=0.20> <DB= 1218.0182> <Mlp= 1233.3953> <PB=100000> 
<DWph=1> <it= 10> <et=2.54> <Mt= 0.01> <Spt= 0.03> <nCl=  5> <al=0.10> <DB= 1225.1545> <Mlp= 1233.3750> <PB=100000> 
<DWph=1> <it= 11> <et=2.57> <Mt= 0.00> <Spt= 0.02> <nCl= 11> <al=0.19> <DB= 1227.7359> <Mlp= 1233.3442> <PB=100000> 
<DWph=1> <it= 12> <et=2.60> <Mt= 0.01> <Spt= 0.03> <nCl=  1> <al=0.09> <DB= 1228.9769> <Mlp= 1233.3319> <PB=100000> 
<DWph=1> <it= 13> <et=2.63> <Mt= 0.00> <Spt= 0.02> <nCl=  2> <al=0.18> <DB= 1231.5620> <Mlp= 1233.3319> <PB=100000> 
<DWph=1> <it= 14> <et=2.68> <Mt= 0.00> <Spt= 0.05> <nCl=  8> <al=0.00> <DB= 1233.3302> <Mlp= 1233.3302> <PB=100000> 
    RCSP exact solver info for graph G_1 : TT = 0.024383, pt = 0.001199, dt = 0.019432, ct = 0.003195, ndl = 4', bdl = 45', odl = 8', odf = 36', bsi = 1', cnt = 5', bdch = 461', odch = 97', lcp = 91', #sols = 150
<DWph=0> <it= 15> <et=2.71> <Mt= 0.00> <Spt= 0.03> <nCl= 36> <al=0.00> <DB= 1223.6683> <Mlp= 1233.3302> <PB=100000> 
    RCSP exact solver info for graph G_1 : TT = 0.025142, pt = 0.001383, dt = 0.019925, ct = 0.003235, ndl = 4', bdl = 44', odl = 8', odf = 36', bsi = 1', cnt = 5', bdch = 452', odch = 95', lcp = 91', #sols = 150
<DWph=0> <it= 16> <et=2.75> <Mt= 0.01> <Spt= 0.03> <nCl= 14> <al=0.08> <DB= 1231.9367> <Mlp= 1233.2750> <PB=100000> 
    RCSP exact solver info for graph G_1 : TT = 0.025555, pt = 0.001411, dt = 0.020303, ct = 0.003243, ndl = 4', bdl = 44', odl = 8', odf = 36', bsi = 1', cnt = 6', bdch = 462', odch = 98', lcp = 93', #sols = 150
<DWph=0> <it= 17> <et=2.78> <Mt= 0.00> <Spt= 0.03> <nCl= 13> <al=0.00> <DB= 1232.8246> <Mlp= 1233.2747> <PB=100000> 
    RCSP exact solver info for graph G_1 : TT = 0.025407, pt = 0.001378, dt = 0.020165, ct = 0.003245, ndl = 4', bdl = 44', odl = 8', odf = 36', bsi = 1', cnt = 6', bdch = 461', odch = 98', lcp = 93', #sols = 150
    RCSP exact solver info for graph G_1 : TT = 0.025187, pt = 0.001326, dt = 0.020025, ct = 0.003246, ndl = 4', bdl = 44', odl = 8', odf = 36', bsi = 1', cnt = 6', bdch = 458', odch = 97', lcp = 92', #sols = 150
<DWph=0> <it= 18> <et=2.84> <Mt= 0.01> <Spt= 0.05> <nCl=  1> <al=0.00> <DB= 1233.2747> <Mlp= 1233.2747> <PB=100000> 
Dynamic params and stats :  bidir.bord. = 98.9 aver.obdmd = 5.97059 aver.buck.num. = 12.2941 nbR1C = 46 with avMem = 7.1087
@@ 1 2 1233.27 0.0232028 0.023546 53.5726 2.84
    Full reduced cost fixing is not called (gap ratio is 0.999931)
ColGenEvalAlg final dual bound: 1233.27 (rounded: 1233.27)
False gap improvement since the last cut separation : 0.018207 (1231.03)
Separator R1C not in maximum phase
Cut generation tailing off counter increased to 0
Current active cuts : R1C(3+43,52.2225) 1rowPackR1C(3) 3rowPackR1C(43)
Shrinking heuristic shrunk 9 edges
5 Rank-1 1-rows pack. cuts added ,  max viol. = 0.269231, aver. viol. = 0.105128
150 Rank-1 3-rows pack. cuts added ,  max viol. = 0.400641, aver. viol. = 0.139081
Building structures for heuristic rank-1 packing cut separation...done!
100 Rank-1 4-rows pack. cuts added ,  max viol. = 0.384615, aver. viol. = 0.159968
----- Add fac. cuts : R1C(255), max.viol = 0.461538, aver.viol = 0.160307, sep/add took 0.105646/0.132392 sec. -----
3142 columns (3142 active), 441 dyn. constrs. (304 active), 767 art. vars. (506 active)
<DWph=2> <it=  1> <et=3.12> <Mt= 0.02> <Spt= 0.01> <nCl= 11> <al=0.50> <DB= 1225.2276> <Mlp= 1235.0694> <PB=100000> 
<DWph=2> <it=  2> <et=3.14> <Mt= 0.01> <Spt= 0.02> <nCl= 12> <al=0.10> <DB= 1212.6144> <Mlp= 1235.0694> <PB=100000> 
<DWph=2> <it=  3> <et=3.16> <Mt= 0.01> <Spt= 0.01> <nCl=  1> <al=0.45> <DB= 1234.5463> <Mlp= 1234.9260> <PB=100000> 
<DWph=2> <it=  4> <et=3.17> <Mt= 0.00> <Spt= 0.00> <nCl=  1> <al=0.35> <DB= 1230.4440> <Mlp= 1234.9260> <PB=100000> 
<DWph=2> <it=  5> <et=3.19> <Mt= 0.00> <Spt= 0.02> <nCl=  2> <al=0.00> <DB= 1232.2572> <Mlp= 1234.9260> <PB=100000> 
<DWph=2> <it=  6> <et=3.20> <Mt= 0.01> <Spt= 0.01> <nCl=  0> <al=0.00> <DB= 1234.9260> <Mlp= 1234.9260> <PB=100000> 
<DWph=1> <it=  7> <et=3.23> <Mt= 0.00> <Spt= 0.03> <nCl= 25> <al=0.22> <DB= 1178.2222> <Mlp= 1234.9260> <PB=100000> 
<DWph=1> <it=  8> <et=3.28> <Mt= 0.01> <Spt= 0.03> <nCl= 12> <al=0.29> <DB= 1194.8866> <Mlp= 1234.7424> <PB=100000> 
<DWph=1> <it=  9> <et=3.31> <Mt= 0.01> <Spt= 0.02> <nCl=  4> <al=0.36> <DB= 1217.8127> <Mlp= 1234.7277> <PB=100000> 
<DWph=1> <it= 10> <et=3.35> <Mt= 0.01> <Spt= 0.03> <nCl=  9> <al=0.43> <DB= 1202.5548> <Mlp= 1234.7219> <PB=100000> 
<DWph=1> <it= 11> <et=3.38> <Mt= 0.00> <Spt= 0.03> <nCl=  3> <al=0.48> <DB= 1220.5514> <Mlp= 1234.7219> <PB=100000> 
<DWph=1> <it= 12> <et=3.41> <Mt= 0.00> <Spt= 0.03> <nCl=  1> <al=0.54> <DB= 1219.9666> <Mlp= 1234.7219> <PB=100000> 
<DWph=1> <it= 13> <et=3.44> <Mt= 0.01> <Spt= 0.02> <nCl=  2> <al=0.58> <DB= 1223.4365> <Mlp= 1234.7219> <PB=100000> 
<DWph=1> <it= 14> <et=3.48> <Mt= 0.01> <Spt= 0.03> <nCl=  4> <al=0.62> <DB= 1226.1106> <Mlp= 1234.6154> <PB=100000> 
<DWph=1> <it= 15> <et=3.52> <Mt= 0.01> <Spt= 0.03> <nCl=  1> <al=0.66> <DB= 1229.9901> <Mlp= 1234.6070> <PB=100000> 
<DWph=1> <it= 16> <et=3.55> <Mt= 0.00> <Spt= 0.03> <nCl=  4> <al=0.56> <DB= 1231.3616> <Mlp= 1234.6070> <PB=100000> 
<DWph=1> <it= 17> <et=3.60> <Mt= 0.00> <Spt= 0.05> <nCl=  6> <al=0.00> <DB= 1233.5371> <Mlp= 1234.6055> <PB=100000> 
<DWph=1> <it= 18> <et=3.66> <Mt= 0.01> <Spt= 0.05> <nCl=  1> <al=0.00> <DB= 1234.6055> <Mlp= 1234.6055> <PB=100000> 
    RCSP exact solver info for graph G_1 : TT = 0.028556, pt = 0.002184, dt = 0.022285, ct = 0.003514, ndl = 4', bdl = 46', odl = 8', odf = 36', bsi = 1', cnt = 8', bdch = 502', odch = 103', lcp = 103', #sols = 150
<DWph=0> <it= 19> <et=3.70> <Mt= 0.00> <Spt= 0.04> <nCl= 32> <al=0.26> <DB= 1216.9691> <Mlp= 1234.6055> <PB=100000> 
    RCSP exact solver info for graph G_1 : TT = 0.029618, pt = 0.002301, dt = 0.022977, ct = 0.003716, ndl = 4', bdl = 47', odl = 8', odf = 37', bsi = 1', cnt = 7', bdch = 525', odch = 110', lcp = 106', #sols = 150
<DWph=0> <it= 20> <et=3.75> <Mt= 0.02> <Spt= 0.03> <nCl= 43> <al=0.16> <DB= 1230.0433> <Mlp= 1234.0762> <PB=100000> 
    RCSP exact solver info for graph G_1 : TT = 0.029903, pt = 0.002362, dt = 0.023169, ct = 0.003727, ndl = 4', bdl = 48', odl = 8', odf = 37', bsi = 1', cnt = 7', bdch = 530', odch = 110', lcp = 107', #sols = 150
<DWph=0> <it= 21> <et=3.79> <Mt= 0.00> <Spt= 0.04> <nCl=  6> <al=0.25> <DB= 1232.1548> <Mlp= 1234.0662> <PB=100000> 
    RCSP exact solver info for graph G_1 : TT = 0.029836, pt = 0.002353, dt = 0.023079, ct = 0.003757, ndl = 4', bdl = 47', odl = 8', odf = 37', bsi = 1', cnt = 7', bdch = 527', odch = 112', lcp = 107', #sols = 150
    RCSP exact solver info for graph G_1 : TT = 0.028639, pt = 0.00189, dt = 0.022439, ct = 0.003693, ndl = 4', bdl = 48', odl = 8', odf = 37', bsi = 1', cnt = 7', bdch = 536', odch = 113', lcp = 108', #sols = 150
<DWph=0> <it= 22> <et=3.86> <Mt= 0.01> <Spt= 0.06> <nCl= 15> <al=0.00> <DB= 1234.0662> <Mlp= 1234.0662> <PB=100000> 
Dynamic params and stats :  bidir.bord. = 98.9 aver.obdmd = 5.97059 aver.buck.num. = 12.2941 nbR1C = 64 with avMem = 7.65625
@@ 1 3 1234.07 0.0264712 0.026896 53.5726 3.86
    Full reduced cost fixing is not called (gap ratio is 0.999923)
ColGenEvalAlg final dual bound: 1234.07 (rounded: 1234.07)
False gap improvement since the last cut separation : 0.00641796 (1233.27)
Separator R1C not in maximum phase
Cut generation tailing off counter increased to 0
Current active cuts : R1C(3+61,63.1139) 1rowPackR1C(3) 3rowPackR1C(51) 4rowPackR1C(10)
Shrinking heuristic shrunk 24 edges
5 Rank-1 1-rows pack. cuts added ,  max viol. = 0.052381, aver. viol. = 0.0390476
150 Rank-1 3-rows pack. cuts added ,  max viol. = 0.2, aver. viol. = 0.0476825
Building structures for heuristic rank-1 packing cut separation...done!
61 Rank-1 4-rows pack. cuts added ,  max viol. = 0.0857143, aver. viol. = 0.0492584
100 Rank-1 5-rows pack. cuts added ,  max viol. = 0.0857143, aver. viol. = 0.0815357
----- Add fac. cuts : R1C(316), max.viol = 0.380952, aver.viol = 0.0797468, sep/add took 0.426709/0.190371 sec. -----
3337 columns (3337 active), 620 dyn. constrs. (388 active), 1083 art. vars. (590 active)
<DWph=2> <it=  1> <et=4.57> <Mt= 0.07> <Spt= 0.01> <nCl=  3> <al=0.50> <DB= 1234.4613> <Mlp= 1234.8565> <PB=100000> 
<DWph=2> <it=  2> <et=4.58> <Mt= 0.01> <Spt= 0.01> <nCl=  9> <al=0.40> <DB= 1222.4535> <Mlp= 1234.8349> <PB=100000> 
<DWph=2> <it=  3> <et=4.61> <Mt= 0.01> <Spt= 0.01> <nCl=  8> <al=0.46> <DB= 1217.5841> <Mlp= 1234.8287> <PB=100000> 
<DWph=2> <it=  4> <et=4.63> <Mt= 0.00> <Spt= 0.02> <nCl= 10> <al=0.00> <DB= 1234.8287> <Mlp= 1234.8287> <PB=100000> 
<DWph=1> <it=  5> <et=4.67> <Mt= 0.01> <Spt= 0.04> <nCl= 29> <al=0.41> <DB=  973.8054> <Mlp= 1234.8287> <PB=100000> 
<DWph=1> <it=  6> <et=4.75> <Mt= 0.04> <Spt= 0.03> <nCl= 10> <al=0.47> <DB= 1111.3398> <Mlp= 1234.5836> <PB=100000> 
<DWph=1> <it=  7> <et=4.80> <Mt= 0.01> <Spt= 0.04> <nCl= 16> <al=0.37> <DB= 1140.8955> <Mlp= 1234.5774> <PB=100000> 
<DWph=1> <it=  8> <et=4.84> <Mt= 0.01> <Spt= 0.03> <nCl= 10> <al=0.44> <DB= 1183.9789> <Mlp= 1234.5774> <PB=100000> 
<DWph=1> <it=  9> <et=4.88> <Mt= 0.01> <Spt= 0.03> <nCl=  6> <al=0.49> <DB= 1209.6888> <Mlp= 1234.5697> <PB=100000> 
<DWph=1> <it= 10> <et=4.92> <Mt= 0.01> <Spt= 0.04> <nCl=  6> <al=0.39> <DB= 1209.1531> <Mlp= 1234.5503> <PB=100000> 
<DWph=1> <it= 11> <et=5.00> <Mt= 0.01> <Spt= 0.06> <nCl=  8> <al=0.00> <DB= 1212.1741> <Mlp= 1234.5231> <PB=100000> 
<DWph=1> <it= 12> <et=5.04> <Mt= 0.01> <Spt= 0.03> <nCl=  1> <al=0.35> <DB= 1227.9636> <Mlp= 1234.5217> <PB=100000> 
<DWph=1> <it= 13> <et=5.08> <Mt= 0.01> <Spt= 0.03> <nCl=  2> <al=0.42> <DB= 1228.1389> <Mlp= 1234.5201> <PB=100000> 
<DWph=1> <it= 14> <et=5.11> <Mt= 0.00> <Spt= 0.03> <nCl=  5> <al=0.48> <DB= 1225.4144> <Mlp= 1234.5201> <PB=100000> 
<DWph=1> <it= 15> <et=5.15> <Mt= 0.01> <Spt= 0.04> <nCl=  1> <al=0.53> <DB= 1231.3553> <Mlp= 1234.5201> <PB=100000> 
<DWph=1> <it= 16> <et=5.22> <Mt= 0.00> <Spt= 0.06> <nCl=  2> <al=0.00> <DB= 1234.4910> <Mlp= 1234.5201> <PB=100000> 
<DWph=1> <it= 17> <et=5.28> <Mt= 0.01> <Spt= 0.05> <nCl=  0> <al=0.00> <DB= 1234.5201> <Mlp= 1234.5201> <PB=100000> 
    RCSP exact solver info for graph G_1 : TT = 0.043207, pt = 0.003144, dt = 0.03344, ct = 0.005974, ndl = 6', bdl = 55', odl = 9', odf = 45', bsi = 2', cnt = 26', bdch = 773', odch = 188', lcp = 181', #sols = 150
<DWph=0> <it= 18> <et=5.34> <Mt= 0.00> <Spt= 0.07> <nCl= 90> <al=0.23> <DB= 1206.8707> <Mlp= 1234.5201> <PB=100000> 
    RCSP exact solver info for graph G_1 : TT = 0.043923, pt = 0.00375, dt = 0.033624, ct = 0.005858, ndl = 6', bdl = 62', odl = 9', odf = 46', bsi = 2', cnt = 44', bdch = 855', odch = 176', lcp = 173', #sols = 150
<DWph=0> <it= 19> <et=5.43> <Mt= 0.03> <Spt= 0.06> <nCl= 56> <al=0.13> <DB= 1217.1009> <Mlp= 1234.4486> <PB=100000> 
    RCSP exact solver info for graph G_1 : TT = 0.043479, pt = 0.003784, dt = 0.033338, ct = 0.005641, ndl = 6', bdl = 61', odl = 9', odf = 46', bsi = 1', cnt = 39', bdch = 833', odch = 172', lcp = 169', #sols = 150
<DWph=0> <it= 20> <et=5.49> <Mt= 0.00> <Spt= 0.04> <nCl= 14> <al=0.22> <DB= 1230.7137> <Mlp= 1234.4478> <PB=100000> 
    RCSP exact solver info for graph G_1 : TT = 0.043104, pt = 0.003727, dt = 0.03308, ct = 0.005577, ndl = 6', bdl = 60', odl = 9', odf = 46', bsi = 1', cnt = 38', bdch = 823', odch = 170', lcp = 167', #sols = 150
    RCSP exact solver info for graph G_1 : TT = 0.03929, pt = 0.002852, dt = 0.030611, ct = 0.005142, ndl = 6', bdl = 60', odl = 9', odf = 45', bsi = 1', cnt = 37', bdch = 816', odch = 169', lcp = 166', #sols = 150
<DWph=0> <it= 21> <et=5.58> <Mt= 0.01> <Spt= 0.09> <nCl=  2> <al=0.00> <DB= 1234.4478> <Mlp= 1234.4478> <PB=100000> 
Dynamic params and stats :  bidir.bord. = 94 aver.obdmd = 5.97059 aver.buck.num. = 12.2941 nbR1C = 87 with avMem = 9.12644
@@ 1 4 1234.45 0.038457 0.039482 53.5726 5.58
    Full reduced cost fixing is not called (gap ratio is 0.999919)
ColGenEvalAlg final dual bound: 1234.45 (rounded: 1234.45)
False gap improvement since the last cut separation : 0.00309225 (1234.07)
Cut generation tailing off counter increased to 1
Current active cuts : R1C(7+80,76.2006) 1rowPackR1C(7) 3rowPackR1C(58) 4rowPackR1C(12) 5rowPackR1C(10)
Shrinking heuristic shrunk 30 edges
3 Rank-1 1-rows pack. cuts added ,  max viol. = 0.0380665, aver. viol. = 0.0326284
150 Rank-1 3-rows pack. cuts added ,  max viol. = 0.123263, aver. viol. = 0.0459416
Building structures for heuristic rank-1 packing cut separation...done!
81 Rank-1 4-rows pack. cuts added ,  max viol. = 0.140181, aver. viol. = 0.0567752
100 Rank-1 5-rows pack. cuts added ,  max viol. = 0.159517, aver. viol. = 0.106725
----- Add fac. cuts : R1C(334), max.viol = 0.320242, aver.viol = 0.0770429, sep/add took 0.437574/0.229429 sec. -----
3625 columns (3625 active), 722 dyn. constrs. (428 active), 1417 art. vars. (630 active)
<DWph=2> <it=  1> <et=6.37> <Mt= 0.09> <Spt= 0.02> <nCl=  7> <al=0.50> <DB= 1231.3396> <Mlp= 1234.8788> <PB=100000> 
<DWph=2> <it=  2> <et=6.41> <Mt= 0.02> <Spt= 0.02> <nCl=  4> <al=0.00> <DB= 1229.0054> <Mlp= 1234.8595> <PB=100000> 
<DWph=2> <it=  3> <et=6.44> <Mt= 0.01> <Spt= 0.02> <nCl=  0> <al=0.00> <DB= 1234.8595> <Mlp= 1234.8595> <PB=100000> 
<DWph=1> <it=  4> <et=6.47> <Mt= 0.00> <Spt= 0.03> <nCl= 15> <al=0.35> <DB= 1200.2537> <Mlp= 1234.8595> <PB=100000> 
<DWph=1> <it=  5> <et=6.53> <Mt= 0.02> <Spt= 0.03> <nCl=  5> <al=0.25> <DB= 1218.6223> <Mlp= 1234.8417> <PB=100000> 
<DWph=1> <it=  6> <et=6.59> <Mt= 0.02> <Spt= 0.04> <nCl=  3> <al=0.33> <DB= 1227.9082> <Mlp= 1234.8177> <PB=100000> 
<DWph=1> <it=  7> <et=6.64> <Mt= 0.02> <Spt= 0.04> <nCl=  5> <al=0.39> <DB= 1226.4007> <Mlp= 1234.8138> <PB=100000> 
<DWph=1> <it=  8> <et=6.68> <Mt= 0.01> <Spt= 0.03> <nCl=  1> <al=0.45> <DB= 1230.9482> <Mlp= 1234.8127> <PB=100000> 
<DWph=1> <it=  9> <et=6.73> <Mt= 0.00> <Spt= 0.04> <nCl=  4> <al=0.51> <DB= 1231.0870> <Mlp= 1234.8126> <PB=100000> 
<DWph=1> <it= 10> <et=6.77> <Mt= 0.01> <Spt= 0.03> <nCl=  3> <al=0.56> <DB= 1231.8556> <Mlp= 1234.8117> <PB=100000> 
<DWph=1> <it= 11> <et=6.81> <Mt= 0.01> <Spt= 0.04> <nCl=  2> <al=0.60> <DB= 1232.8801> <Mlp= 1234.8117> <PB=100000> 
<DWph=1> <it= 12> <et=6.85> <Mt= 0.00> <Spt= 0.04> <nCl=  1> <al=0.50> <DB= 1232.1538> <Mlp= 1234.8117> <PB=100000> 
<DWph=1> <it= 13> <et=6.93> <Mt= 0.01> <Spt= 0.07> <nCl=  4> <al=0.00> <DB= 1234.5368> <Mlp= 1234.8113> <PB=100000> 
<DWph=1> <it= 14> <et=7.00> <Mt= 0.00> <Spt= 0.06> <nCl=  0> <al=0.00> <DB= 1234.8113> <Mlp= 1234.8113> <PB=100000> 
    RCSP exact solver info for graph G_1 : TT = 0.056459, pt = 0.003916, dt = 0.044249, ct = 0.007555, ndl = 7', bdl = 69', odl = 10', odf = 53', bsi = 2', cnt = 56', bdch = 1154', odch = 262', lcp = 273', #sols = 150
<DWph=0> <it= 15> <et=7.08> <Mt= 0.00> <Spt= 0.08> <nCl= 89> <al=0.20> <DB= 1204.3532> <Mlp= 1234.8113> <PB=100000> 
    RCSP exact solver info for graph G_1 : TT = 0.061905, pt = 0.005428, dt = 0.047284, ct = 0.008378, ndl = 7', bdl = 65', odl = 10', odf = 52', bsi = 1', cnt = 57', bdch = 1055', odch = 239', lcp = 250', #sols = 150
<DWph=0> <it= 16> <et=7.21> <Mt= 0.06> <Spt= 0.07> <nCl= 22> <al=0.28> <DB= 1226.8330> <Mlp= 1234.6000> <PB=1234.6> 
    RCSP exact solver info for graph G_1 : TT = 0.062329, pt = 0.005864, dt = 0.047402, ct = 0.008223, ndl = 7', bdl = 65', odl = 10', odf = 51', bsi = 1', cnt = 54', bdch = 1018', odch = 227', lcp = 237', #sols = 150
<DWph=0> <it= 17> <et=7.29> <Mt= 0.02> <Spt= 0.07> <nCl=  8> <al=0.18> <DB= 1229.8679> <Mlp= 1234.6000> <PB=1234.6> 
    RCSP exact solver info for graph G_1 : TT = 0.063545, pt = 0.006161, dt = 0.048219, ct = 0.008321, ndl = 7', bdl = 65', odl = 10', odf = 51', bsi = 1', cnt = 53', bdch = 1020', odch = 225', lcp = 235', #sols = 150
<DWph=0> <it= 18> <et=7.37> <Mt= 0.01> <Spt= 0.06> <nCl=  3> <al=0.26> <DB= 1233.3547> <Mlp= 1234.6000> <PB=1234.6> 
    RCSP exact solver info for graph G_1 : TT = 0.063641, pt = 0.006323, dt = 0.048156, ct = 0.008328, ndl = 7', bdl = 64', odl = 10', odf = 51', bsi = 1', cnt = 53', bdch = 998', odch = 220', lcp = 231', #sols = 150
<DWph=0> <it= 19> <et=7.45> <Mt= 0.01> <Spt= 0.07> <nCl=  1> <al=0.16> <DB= 1234.3968> <Mlp= 1234.6000> <PB=1234.6> 
    RCSP exact solver info for graph G_1 : TT = 0.06298, pt = 0.006173, dt = 0.047652, ct = 0.008316, ndl = 7', bdl = 64', odl = 10', odf = 51', bsi = 1', cnt = 53', bdch = 1001', odch = 222', lcp = 232', #sols = 150
    RCSP exact solver info for graph G_1 : TT = 0.054296, pt = 0.004352, dt = 0.041625, ct = 0.00749, ndl = 7', bdl = 64', odl = 10', odf = 51', bsi = 1', cnt = 53', bdch = 996', odch = 219', lcp = 231', #sols = 150
<DWph=0> <it= 20> <et=7.58> <Mt= 0.01> <Spt= 0.13> <nCl=  3> <al=0.00> <DB= 1234.6000> <Mlp= 1234.6000> <PB=1234.6> 
Dynamic params and stats :  bidir.bord. = 94 aver.obdmd = 5.97059 aver.buck.num. = 12.2941 nbR1C = 115 with avMem = 11.1739
@@ 1 5 1234.6 0.0544569 0.05654 53.5726 7.58
ColGenEvalAlg final dual bound: 1234.6 (rounded: 1234.6)
Gap improvement since the last cut separation : 1 (1234.45)
Current active cuts : R1C(6+109,77.6098) 1rowPackR1C(6) 3rowPackR1C(72) 4rowPackR1C(16) 5rowPackR1C(21)
New model incumbent solution 1234.6, TIME = 0h0m7s59t = 759
************************************************************************************************
Search is finished, global bounds : [ 1234.6 , 1234.6 ], TIME = 0h0m7s60t = 760
************************************************************************************************
instance_name solver_name ext_heuristic solution_value solution_time best_lb root_lb root_time nb_branch_and_bound_nodes status
/home/logis/Downloads/VRPSolverEasy/VRPSolverEasy/demos/data/CVRPTW/R106 CLP False 1234.5999985160813 7.602388879 1234.5999985160813 1234.5999999999997 7.599887842 1 0

