Time resource is critical for vehicle type 1 (21,0)
Capacity resource will be imposed in pricing (0.484048)
Node memory for rank-1 cuts will be used (6.42857)
~~~~~~~~~~~~~~~~~~~~~~~~~~~~~~~~~~~~~~~~~~~~~~~~~~~~~~~~~~~~~~~~~~~~~~~~~~~~~~~~~~~~~
VRPSolver v0.5.27, 24/02/2023, © Inria Bordeaux, France, vrpsolver.math.u-bordeaux.fr
      Corresponds to the solver by Pessoa, Sadykov, Uchoa and Vanderbeck (2020)
                 Paper: dx.doi.org/10.1007/s10107-020-01523-z
~~~~~~~~~~~~~~~~~~~~~~~~~~~~~~~~~~~~~~~~~~~~~~~~~~~~~~~~~~~~~~~~~~~~~~~~~~~~~~~~~~~~~
   BaPCod v0.77, 15/03/2023, © Inria Bordeaux, France, bapcod.math.u-bordeaux.fr 
           THIS CODE IS PROVIDED AS IS, USE IT AT YOUR OWN RISK
~~~~~~~~~~~~~~~~~~~~~~~~~~~~~~~~~~~~~~~~~~~~~~~~~~~~~~~~~~~~~~~~~~~~~~~~~~~~~~~~~~~~~
Bucket steps were recalculated for graph G_1 : [46.0001, 40]
RCSP solver info : non-symmetric case as the resource 0 consumption for the reverse arc of 0->100 is not the same : 24 against 34
Bidirectional border value is initialised to 108
RCSP solver info : number of forw. reachable buckets / buck. strongly connected components is 1527( 97.8846% ) / 347( 22.7243% )
RCSP solver info : number of back. reachable buckets / buck. strongly connected components is 1531( 98.141% ) / 331( 21.6199% )
Generating neighbourhoods for rank-1 cuts separation
Building structures for 4- and 5-row rank-1 packing cut separation...done!
Model is built TIME = 0h0m0s9t = 9
************************************************************************************************
**** BaB tree root node
**** Local DB = -1e+12, global bounds : [ -1e+12 , 1074.4 ], TIME = 0h0m0s9t = 9
**** 1 open nodes, 0 columns (0 active), 0 dyn. constrs. (0 active), 202 art. vars. (202 active)
************************************************************************************************
#<DWph=2> <it=  1> <et=0.10> <Mt= 0.00> <Spt= 0.00> <nCl= 30> <al=0.00> <DB=-642457.5000> <Mlp=268170.2400> <PB=1074.4> 
#<DWph=2> <it=  2> <et=0.10> <Mt= 0.00> <Spt= 0.01> <nCl= 30> <al=0.55> <DB=-516903.4255> <Mlp=204884.4750> <PB=1074.4> 
#<DWph=2> <it=  3> <et=0.11> <Mt= 0.00> <Spt= 0.01> <nCl= 30> <al=0.60> <DB=-513874.3567> <Mlp=148028.6520> <PB=1074.4> 
#<DWph=2> <it=  4> <et=0.12> <Mt= 0.00> <Spt= 0.00> <nCl= 30> <al=0.64> <DB=-424017.5624> <Mlp=131790.0650> <PB=1074.4> 
#<DWph=2> <it=  5> <et=0.13> <Mt= 0.00> <Spt= 0.01> <nCl= 30> <al=0.67> <DB=-370880.6730> <Mlp=98248.4674> <PB=1074.4> 
#<DWph=2> <it=  6> <et=0.13> <Mt= 0.00> <Spt= 0.00> <nCl= 30> <al=0.70> <DB=-342047.6353> <Mlp=76623.6377> <PB=1074.4> 
#<DWph=2> <it=  7> <et=0.14> <Mt= 0.00> <Spt= 0.01> <nCl= 30> <al=0.73> <DB=-343517.0575> <Mlp=62827.0767> <PB=1074.4> 
#<DWph=2> <it=  8> <et=0.15> <Mt= 0.00> <Spt= 0.01> <nCl= 30> <al=0.76> <DB=-279382.0001> <Mlp=43906.3902> <PB=1074.4> 
#<DWph=2> <it=  9> <et=0.15> <Mt= 0.00> <Spt= 0.00> <nCl= 30> <al=0.66> <DB=-266153.4999> <Mlp=31798.5209> <PB=1074.4> 
#<DWph=2> <it= 10> <et=0.16> <Mt= 0.00> <Spt= 0.01> <nCl= 30> <al=0.56> <DB=-253993.7466> <Mlp=19673.2123> <PB=1074.4> 
#<DWph=2> <it= 11> <et=0.17> <Mt= 0.00> <Spt= 0.00> <nCl= 30> <al=0.60> <DB=-278568.7589> <Mlp=17014.5635> <PB=1074.4> 
#<DWph=2> <it= 12> <et=0.18> <Mt= 0.01> <Spt= 0.01> <nCl= 30> <al=0.64> <DB=-231482.7376> <Mlp=12935.1485> <PB=1074.4> 
#<DWph=2> <it= 13> <et=0.18> <Mt= 0.00> <Spt= 0.01> <nCl= 30> <al=0.68> <DB=-199589.4000> <Mlp=11788.8141> <PB=1074.4> 
#<DWph=2> <it= 14> <et=0.19> <Mt= 0.00> <Spt= 0.00> <nCl= 30> <al=0.58> <DB=-192634.4850> <Mlp= 8112.5075> <PB=1074.4> 
#<DWph=2> <it= 15> <et=0.20> <Mt= 0.00> <Spt= 0.01> <nCl= 30> <al=0.62> <DB=-141318.3806> <Mlp= 6663.5259> <PB=1074.4> 
#<DWph=2> <it= 16> <et=0.21> <Mt= 0.01> <Spt= 0.00> <nCl= 30> <al=0.66> <DB=-163636.6848> <Mlp= 5483.6167> <PB=1074.4> 
#<DWph=2> <it= 17> <et=0.22> <Mt= 0.00> <Spt= 0.01> <nCl= 30> <al=0.69> <DB=-122741.2585> <Mlp= 4802.6300> <PB=1074.4> 
#<DWph=2> <it= 18> <et=0.23> <Mt= 0.00> <Spt= 0.01> <nCl= 30> <al=0.72> <DB=-131366.7060> <Mlp= 4571.8286> <PB=1074.4> 
#<DWph=2> <it= 19> <et=0.24> <Mt= 0.00> <Spt= 0.00> <nCl= 30> <al=0.75> <DB=-111544.4577> <Mlp= 3603.1210> <PB=1074.4> 
#<DWph=2> <it= 20> <et=0.24> <Mt= 0.01> <Spt= 0.01> <nCl= 30> <al=0.65> <DB=-115689.8557> <Mlp= 3058.6906> <PB=1074.4> 
#<DWph=2> <it= 21> <et=0.25> <Mt= 0.00> <Spt= 0.00> <nCl= 30> <al=0.69> <DB=-89818.7816> <Mlp= 2516.3397> <PB=1074.4> 
#<DWph=2> <it= 22> <et=0.26> <Mt= 0.00> <Spt= 0.01> <nCl= 30> <al=0.59> <DB=-90440.0399> <Mlp= 1768.0547> <PB=1074.4> 
<DWph=2> <it= 23> <et=0.27> <Mt= 0.01> <Spt= 0.00> <nCl=  6> <al=0.63> <DB=-57106.4030> <Mlp= 1576.8384> <PB=1074.4> 
<DWph=2> <it= 24> <et=0.28> <Mt= 0.00> <Spt= 0.01> <nCl= 30> <al=0.53> <DB=-29991.0401> <Mlp= 1576.8384> <PB=1074.4> 
<DWph=2> <it= 25> <et=0.29> <Mt= 0.00> <Spt= 0.01> <nCl= 30> <al=0.43> <DB=-12174.2639> <Mlp= 1550.9795> <PB=1074.4> 
<DWph=2> <it= 26> <et=0.29> <Mt= 0.00> <Spt= 0.00> <nCl= 30> <al=0.33> <DB=-4892.3723> <Mlp= 1547.2496> <PB=1074.4> 
<DWph=2> <it= 27> <et=0.30> <Mt= 0.00> <Spt= 0.01> <nCl= 30> <al=0.23> <DB=-2607.6360> <Mlp= 1527.0108> <PB=1074.4> 
<DWph=2> <it= 28> <et=0.31> <Mt= 0.01> <Spt= 0.01> <nCl= 30> <al=0.31> <DB=-1976.0688> <Mlp= 1509.0225> <PB=1074.4> 
<DWph=2> <it= 29> <et=0.32> <Mt= 0.00> <Spt= 0.00> <nCl= 30> <al=0.37> <DB=-1312.3349> <Mlp= 1491.9531> <PB=1074.4> 
<DWph=2> <it= 30> <et=0.33> <Mt= 0.00> <Spt= 0.01> <nCl= 30> <al=0.44> <DB= -767.4809> <Mlp= 1473.0986> <PB=1074.4> 
<DWph=2> <it= 31> <et=0.34> <Mt= 0.01> <Spt= 0.00> <nCl= 30> <al=0.49> <DB= -642.6591> <Mlp= 1436.4292> <PB=1074.4> 
<DWph=2> <it= 32> <et=0.35> <Mt= 0.00> <Spt= 0.01> <nCl= 30> <al=0.54> <DB= -483.9495> <Mlp= 1419.0327> <PB=1074.4> 
<DWph=2> <it= 33> <et=0.36> <Mt= 0.00> <Spt= 0.01> <nCl= 30> <al=0.59> <DB= -579.1864> <Mlp= 1384.5742> <PB=1074.4> 
<DWph=2> <it= 34> <et=0.37> <Mt= 0.01> <Spt= 0.00> <nCl= 30> <al=0.63> <DB= -202.5295> <Mlp= 1368.4885> <PB=1074.4> 
<DWph=2> <it= 35> <et=0.38> <Mt= 0.00> <Spt= 0.01> <nCl= 30> <al=0.67> <DB=  150.8921> <Mlp= 1349.1233> <PB=1074.4> 
<DWph=2> <it= 36> <et=0.39> <Mt= 0.00> <Spt= 0.01> <nCl= 30> <al=0.70> <DB=   26.4704> <Mlp= 1324.4282> <PB=1074.4> 
<DWph=2> <it= 37> <et=0.40> <Mt= 0.01> <Spt= 0.00> <nCl= 30> <al=0.73> <DB=  140.1018> <Mlp= 1304.9571> <PB=1074.4> 
<DWph=2> <it= 38> <et=0.41> <Mt= 0.00> <Spt= 0.01> <nCl= 30> <al=0.76> <DB=  220.0548> <Mlp= 1283.7174> <PB=1074.4> 
<DWph=2> <it= 39> <et=0.42> <Mt= 0.00> <Spt= 0.01> <nCl= 30> <al=0.66> <DB=  194.9537> <Mlp= 1261.7407> <PB=1074.4> 
<DWph=2> <it= 40> <et=0.43> <Mt= 0.01> <Spt= 0.00> <nCl= 30> <al=0.69> <DB=   45.8023> <Mlp= 1246.5199> <PB=1074.4> 
<DWph=2> <it= 41> <et=0.44> <Mt= 0.00> <Spt= 0.01> <nCl= 29> <al=0.72> <DB=  474.3576> <Mlp= 1205.7151> <PB=1074.4> 
<DWph=2> <it= 42> <et=0.45> <Mt= 0.01> <Spt= 0.01> <nCl= 30> <al=0.75> <DB=  344.2311> <Mlp= 1189.7921> <PB=1074.4> 
<DWph=2> <it= 43> <et=0.46> <Mt= 0.00> <Spt= 0.00> <nCl= 29> <al=0.78> <DB=  531.8740> <Mlp= 1184.4869> <PB=1074.4> 
<DWph=2> <it= 44> <et=0.47> <Mt= 0.00> <Spt= 0.01> <nCl= 30> <al=0.68> <DB=  497.2985> <Mlp= 1175.4919> <PB=1074.4> 
<DWph=2> <it= 45> <et=0.48> <Mt= 0.00> <Spt= 0.01> <nCl= 30> <al=0.58> <DB=  655.4973> <Mlp= 1172.0693> <PB=1074.4> 
<DWph=2> <it= 46> <et=0.49> <Mt= 0.01> <Spt= 0.00> <nCl= 30> <al=0.62> <DB=  302.2481> <Mlp= 1155.3994> <PB=1074.4> 
<DWph=2> <it= 47> <et=0.50> <Mt= 0.00> <Spt= 0.01> <nCl= 25> <al=0.66> <DB=  670.2606> <Mlp= 1142.7112> <PB=1074.4> 
<DWph=2> <it= 48> <et=0.51> <Mt= 0.00> <Spt= 0.01> <nCl= 28> <al=0.69> <DB=  680.8952> <Mlp= 1131.9668> <PB=1074.4> 
<DWph=2> <it= 49> <et=0.52> <Mt= 0.01> <Spt= 0.00> <nCl= 26> <al=0.72> <DB=  736.9963> <Mlp= 1126.1790> <PB=1074.4> 
<DWph=2> <it= 50> <et=0.53> <Mt= 0.00> <Spt= 0.01> <nCl= 26> <al=0.75> <DB=  731.6784> <Mlp= 1120.7864> <PB=1074.4> 
<DWph=2> <it= 51> <et=0.54> <Mt= 0.00> <Spt= 0.00> <nCl= 29> <al=0.65> <DB=  600.1107> <Mlp= 1115.6548> <PB=1074.4> 
<DWph=2> <it= 52> <et=0.55> <Mt= 0.01> <Spt= 0.01> <nCl= 30> <al=0.55> <DB=  629.0683> <Mlp= 1110.5638> <PB=1074.4> 
<DWph=2> <it= 53> <et=0.56> <Mt= 0.00> <Spt= 0.01> <nCl= 28> <al=0.59> <DB=  844.0701> <Mlp= 1106.6051> <PB=1074.4> 
<DWph=2> <it= 54> <et=0.57> <Mt= 0.00> <Spt= 0.00> <nCl= 27> <al=0.63> <DB=  861.9580> <Mlp= 1104.3168> <PB=1074.4> 
<DWph=2> <it= 55> <et=0.58> <Mt= 0.00> <Spt= 0.01> <nCl= 30> <al=0.67> <DB=  878.2870> <Mlp= 1101.9731> <PB=1074.4> 
<DWph=2> <it= 56> <et=0.59> <Mt= 0.01> <Spt= 0.01> <nCl= 30> <al=0.70> <DB=  779.7276> <Mlp= 1096.1402> <PB=1074.4> 
<DWph=2> <it= 57> <et=0.59> <Mt= 0.00> <Spt= 0.00> <nCl= 23> <al=0.60> <DB=  846.4263> <Mlp= 1092.4669> <PB=1074.4> 
<DWph=2> <it= 58> <et=0.60> <Mt= 0.00> <Spt= 0.01> <nCl= 20> <al=0.64> <DB=  858.4638> <Mlp= 1091.6767> <PB=1074.4> 
<DWph=2> <it= 59> <et=0.61> <Mt= 0.00> <Spt= 0.01> <nCl= 21> <al=0.54> <DB=  876.7931> <Mlp= 1089.5033> <PB=1074.4> 
<DWph=2> <it= 60> <et=0.62> <Mt= 0.00> <Spt= 0.00> <nCl= 26> <al=0.44> <DB=  885.7988> <Mlp= 1087.4063> <PB=1074.4> 
<DWph=2> <it= 61> <et=0.63> <Mt= 0.00> <Spt= 0.01> <nCl= 27> <al=0.50> <DB=  928.6482> <Mlp= 1086.1394> <PB=1074.4> 
<DWph=2> <it= 62> <et=0.64> <Mt= 0.01> <Spt= 0.01> <nCl= 28> <al=0.55> <DB=  770.9360> <Mlp= 1085.1836> <PB=1074.4> 
<DWph=2> <it= 63> <et=0.64> <Mt= 0.00> <Spt= 0.00> <nCl= 28> <al=0.59> <DB=  851.4753> <Mlp= 1083.6699> <PB=1074.4> 
<DWph=2> <it= 64> <et=0.65> <Mt= 0.00> <Spt= 0.01> <nCl= 25> <al=0.64> <DB=  919.7062> <Mlp= 1080.6390> <PB=1074.4> 
<DWph=2> <it= 65> <et=0.66> <Mt= 0.00> <Spt= 0.01> <nCl= 24> <al=0.67> <DB=  728.9265> <Mlp= 1080.0722> <PB=1074.4> 
<DWph=2> <it= 66> <et=0.67> <Mt= 0.00> <Spt= 0.00> <nCl= 20> <al=0.57> <DB=  957.1330> <Mlp= 1078.9391> <PB=1074.4> 
<DWph=2> <it= 67> <et=0.68> <Mt= 0.01> <Spt= 0.01> <nCl= 21> <al=0.47> <DB=  897.4241> <Mlp= 1078.3168> <PB=1074.4> 
<DWph=2> <it= 68> <et=0.69> <Mt= 0.00> <Spt= 0.01> <nCl= 12> <al=0.52> <DB= 1012.0420> <Mlp= 1078.1776> <PB=1074.4> 
<DWph=2> <it= 69> <et=0.70> <Mt= 0.00> <Spt= 0.00> <nCl= 20> <al=0.57> <DB=  897.2424> <Mlp= 1077.7276> <PB=1074.4> 
<DWph=2> <it= 70> <et=0.70> <Mt= 0.00> <Spt= 0.01> <nCl= 21> <al=0.47> <DB=  914.2006> <Mlp= 1074.9557> <PB=1074.4> 
<DWph=2> <it= 71> <et=0.71> <Mt= 0.00> <Spt= 0.01> <nCl= 14> <al=0.52> <DB=  912.6821> <Mlp= 1073.3348> <PB=1074.4> 
<DWph=2> <it= 72> <et=0.72> <Mt= 0.00> <Spt= 0.00> <nCl= 11> <al=0.42> <DB= 1023.5528> <Mlp= 1073.1146> <PB=1074.4> 
<DWph=2> <it= 73> <et=0.73> <Mt= 0.01> <Spt= 0.01> <nCl= 16> <al=0.32> <DB= 1001.1244> <Mlp= 1072.3194> <PB=1074.4> 
<DWph=2> <it= 74> <et=0.74> <Mt= 0.00> <Spt= 0.01> <nCl= 17> <al=0.39> <DB= 1023.4265> <Mlp= 1071.9956> <PB=1074.4> 
<DWph=2> <it= 75> <et=0.74> <Mt= 0.00> <Spt= 0.00> <nCl=  8> <al=0.45> <DB= 1002.3047> <Mlp= 1071.8635> <PB=1074.4> 
<DWph=2> <it= 76> <et=0.76> <Mt= 0.00> <Spt= 0.02> <nCl= 19> <al=0.00> <DB=  968.8761> <Mlp= 1071.7249> <PB=1074.4> 
<DWph=2> <it= 77> <et=0.77> <Mt= 0.00> <Spt= 0.00> <nCl=  5> <al=0.25> <DB= 1056.4303> <Mlp= 1071.7249> <PB=1074.4> 
<DWph=2> <it= 78> <et=0.77> <Mt= 0.00> <Spt= 0.01> <nCl=  7> <al=0.33> <DB= 1021.5854> <Mlp= 1071.7128> <PB=1074.4> 
<DWph=2> <it= 79> <et=0.78> <Mt= 0.00> <Spt= 0.00> <nCl= 10> <al=0.23> <DB=  879.3383> <Mlp= 1071.7125> <PB=1074.4> 
<DWph=2> <it= 80> <et=0.79> <Mt= 0.00> <Spt= 0.01> <nCl= 11> <al=0.31> <DB= 1048.7710> <Mlp= 1071.2402> <PB=1074.4> 
<DWph=2> <it= 81> <et=0.80> <Mt= 0.00> <Spt= 0.01> <nCl= 11> <al=0.00> <DB= 1059.7089> <Mlp= 1071.2402> <PB=1074.4> 
<DWph=2> <it= 82> <et=0.81> <Mt= 0.00> <Spt= 0.01> <nCl=  2> <al=0.27> <DB= 1067.8452> <Mlp= 1071.1949> <PB=1074.4> 
<DWph=2> <it= 83> <et=0.82> <Mt= 0.01> <Spt= 0.01> <nCl=  6> <al=0.00> <DB= 1057.9018> <Mlp= 1071.1949> <PB=1074.4> 
<DWph=2> <it= 84> <et=0.83> <Mt= 0.00> <Spt= 0.01> <nCl=  2> <al=0.07> <DB= 1070.4572> <Mlp= 1071.1792> <PB=1074.4> 
<DWph=2> <it= 85> <et=0.84> <Mt= 0.00> <Spt= 0.00> <nCl=  1> <al=0.00> <DB= 1071.1787> <Mlp= 1071.1787> <PB=1074.4> 
<DWph=1> <it= 86> <et=0.87> <Mt= 0.00> <Spt= 0.03> <nCl= 30> <al=0.00> <DB=  547.9396> <Mlp= 1071.1787> <PB=1074.4> 
<DWph=1> <it= 87> <et=0.90> <Mt= 0.00> <Spt= 0.03> <nCl= 30> <al=0.00> <DB=  619.1831> <Mlp= 1056.6091> <PB=1074.4> 
<DWph=1> <it= 88> <et=0.93> <Mt= 0.01> <Spt= 0.03> <nCl= 30> <al=0.09> <DB=  784.5418> <Mlp= 1051.7741> <PB=1074.4> 
<DWph=1> <it= 89> <et=0.97> <Mt= 0.00> <Spt= 0.03> <nCl= 30> <al=0.18> <DB=  812.8905> <Mlp= 1047.6501> <PB=1074.4> 
<DWph=1> <it= 90> <et=1.00> <Mt= 0.00> <Spt= 0.04> <nCl= 30> <al=0.26> <DB=  833.6253> <Mlp= 1044.6213> <PB=1074.4> 
<DWph=1> <it= 91> <et=1.04> <Mt= 0.01> <Spt= 0.02> <nCl= 29> <al=0.34> <DB=  832.8287> <Mlp= 1041.6569> <PB=1074.4> 
<DWph=1> <it= 92> <et=1.07> <Mt= 0.00> <Spt= 0.03> <nCl= 24> <al=0.40> <DB=  929.2528> <Mlp= 1040.6150> <PB=1074.4> 
<DWph=1> <it= 93> <et=1.10> <Mt= 0.00> <Spt= 0.03> <nCl= 29> <al=0.30> <DB=  909.1311> <Mlp= 1039.4078> <PB=1074.4> 
<DWph=1> <it= 94> <et=1.13> <Mt= 0.00> <Spt= 0.03> <nCl= 23> <al=0.37> <DB=  930.9641> <Mlp= 1038.3100> <PB=1074.4> 
<DWph=1> <it= 95> <et=1.16> <Mt= 0.01> <Spt= 0.03> <nCl= 20> <al=0.43> <DB=  925.9527> <Mlp= 1037.8865> <PB=1074.4> 
<DWph=1> <it= 96> <et=1.19> <Mt= 0.00> <Spt= 0.03> <nCl= 15> <al=0.49> <DB=  980.9237> <Mlp= 1036.8460> <PB=1074.4> 
<DWph=1> <it= 97> <et=1.22> <Mt= 0.00> <Spt= 0.02> <nCl= 11> <al=0.54> <DB=  992.6582> <Mlp= 1035.8780> <PB=1074.4> 
<DWph=1> <it= 98> <et=1.25> <Mt= 0.00> <Spt= 0.03> <nCl= 15> <al=0.59> <DB=  997.5778> <Mlp= 1035.3618> <PB=1074.4> 
<DWph=1> <it= 99> <et=1.28> <Mt= 0.00> <Spt= 0.03> <nCl=  7> <al=0.63> <DB= 1007.9144> <Mlp= 1035.0622> <PB=1074.4> 
<DWph=1> <it=100> <et=1.31> <Mt= 0.01> <Spt= 0.03> <nCl=  7> <al=0.67> <DB= 1005.6081> <Mlp= 1034.9040> <PB=1074.4> 
<DWph=1> <it=101> <et=1.34> <Mt= 0.00> <Spt= 0.02> <nCl=  7> <al=0.70> <DB= 1011.6801> <Mlp= 1034.8348> <PB=1074.4> 
<DWph=1> <it=102> <et=1.37> <Mt= 0.00> <Spt= 0.03> <nCl=  3> <al=0.73> <DB= 1016.1321> <Mlp= 1034.6942> <PB=1074.4> 
<DWph=1> <it=103> <et=1.40> <Mt= 0.00> <Spt= 0.03> <nCl=  6> <al=0.76> <DB= 1012.4115> <Mlp= 1034.6321> <PB=1074.4> 
<DWph=1> <it=104> <et=1.46> <Mt= 0.00> <Spt= 0.06> <nCl=  8> <al=0.56> <DB= 1003.6072> <Mlp= 1034.5739> <PB=1074.4> 
<DWph=1> <it=105> <et=1.49> <Mt= 0.00> <Spt= 0.03> <nCl=  1> <al=0.68> <DB= 1015.8717> <Mlp= 1034.5271> <PB=1074.4> 
<DWph=1> <it=106> <et=1.52> <Mt= 0.00> <Spt= 0.03> <nCl=  1> <al=0.58> <DB= 1018.5957> <Mlp= 1034.4896> <PB=1074.4> 
<DWph=1> <it=107> <et=1.57> <Mt= 0.01> <Spt= 0.05> <nCl= 10> <al=0.00> <DB= 1003.2315> <Mlp= 1034.4857> <PB=1074.4> 
<DWph=1> <it=108> <et=1.60> <Mt= 0.00> <Spt= 0.03> <nCl=  5> <al=0.38> <DB= 1023.8864> <Mlp= 1034.4279> <PB=1074.4> 
<DWph=1> <it=109> <et=1.63> <Mt= 0.00> <Spt= 0.03> <nCl=  1> <al=0.28> <DB= 1031.4461> <Mlp= 1034.3994> <PB=1074.4> 
<DWph=1> <it=110> <et=1.66> <Mt= 0.00> <Spt= 0.03> <nCl=  2> <al=0.18> <DB= 1033.0793> <Mlp= 1034.3992> <PB=1074.4> 
<DWph=1> <it=111> <et=1.72> <Mt= 0.00> <Spt= 0.05> <nCl=  4> <al=0.00> <DB= 1034.3992> <Mlp= 1034.3992> <PB=1074.4> 
    RCSP exact solver info for graph G_1 : TT = 0.0392, pt = 4.9e-05, dt = 0.034392, ct = 0.004117, ndl = 9', bdl = 87', odl = 14', odf = 64', bsi = 2', cnt = 6', bdch = 1441', odch = 233', lcp = 279', #sols = 150
<DWph=0> <it=112> <et=1.76> <Mt= 0.00> <Spt= 0.04> <nCl= 55> <al=0.00> <DB=  955.3882> <Mlp= 1034.3992> <PB=1074.4> 
    RCSP exact solver info for graph G_1 : TT = 0.028817, pt = 6.4e-05, dt = 0.024154, ct = 0.003901, ndl = 8', bdl = 82', odl = 13', odf = 62', bsi = 2', cnt = 5', bdch = 1318', odch = 214', lcp = 261', #sols = 150
<DWph=0> <it=113> <et=1.80> <Mt= 0.00> <Spt= 0.04> <nCl= 36> <al=0.00> <DB= 1016.3690> <Mlp= 1033.9665> <PB=1074.4> 
    RCSP exact solver info for graph G_1 : TT = 0.029185, pt = 6.1e-05, dt = 0.024463, ct = 0.003964, ndl = 8', bdl = 83', odl = 13', odf = 63', bsi = 2', cnt = 6', bdch = 1341', odch = 217', lcp = 265', #sols = 150
<DWph=0> <it=114> <et=1.83> <Mt= 0.00> <Spt= 0.03> <nCl= 13> <al=0.08> <DB= 1023.3320> <Mlp= 1033.9153> <PB=1074.4> 
    RCSP exact solver info for graph G_1 : TT = 0.028412, pt = 6.1e-05, dt = 0.024169, ct = 0.003498, ndl = 8', bdl = 86', odl = 14', odf = 65', bsi = 1', cnt = 4', bdch = 1330', odch = 218', lcp = 263', #sols = 150
<DWph=0> <it=115> <et=1.87> <Mt= 0.00> <Spt= 0.03> <nCl=  5> <al=0.17> <DB= 1032.0679> <Mlp= 1033.9151> <PB=1074.4> 
    RCSP exact solver info for graph G_1 : TT = 0.030168, pt = 6.2e-05, dt = 0.025197, ct = 0.004243, ndl = 9', bdl = 83', odl = 13', odf = 63', bsi = 2', cnt = 6', bdch = 1379', odch = 222', lcp = 270', #sols = 150
    RCSP exact solver info for graph G_1 : TT = 0.027557, pt = 5.9e-05, dt = 0.023482, ct = 0.003355, ndl = 8', bdl = 84', odl = 14', odf = 64', bsi = 1', cnt = 4', bdch = 1288', odch = 213', lcp = 256', #sols = 150
<DWph=0> <it=116> <et=1.94> <Mt= 0.00> <Spt= 0.07> <nCl=  7> <al=0.00> <DB= 1033.9142> <Mlp= 1033.9142> <PB=1074.4> 
Dynamic params and stats :  bidir.bord. = 103.6 aver.obdmd = 6.47059 aver.buck.num. = 15.2941
@@ 1 0 1033.91 0.0298225 0.038509 57.9624 1.94
Labels distribution in buckets (bucket size) : largest - 103, top 0.1% - 95, top 0.5% - 67, top 2% - 41, top 10% - 16, top 50% - 0
Reduced cost fixing for graph G_1... 49239 buck. arcs remain (67% from prev., 38.7% from max.) + 3759 jump buck. arcs (2.95% from max.)
Backward reduced cost fixing... 49961 buck. arcs remain (67.3% from prev., 39.2% from max.) + 1466 jump buck. arcs (1.15% from max.)
 TT = 0.284071, pt = 0.014696, dt = 0.168689, ct = 0.100073, ndl = 40', bdl = 729', odl = 52', odf = 335', lpcb = 431', cnt = 9422', bdch = 16368', odch = 2254', lcp = 2329'
Labels distribution in buckets (bucket size) : largest - 168, top 0.1% - 151, top 0.5% - 103, top 2% - 78, top 10% - 30, top 50% - 0
Run forward enumeration with border = 103.6... not succeeded (ratio 0.910925) lpt = 0.042848, ndl = 28', dl = 5', lpcb = 89', dch = 194'
 TT = 0.046295, pt = 0.001992, dt = 0.042848, ct = 0, ndl = 28', bdl = 5', lpcb = 89', cnt = 1151', bdch = 194', odch = 0', lcp = 0'
ColGenEvalAlg final dual bound: 1033.91 (rounded: 1033.91)
In total 1 RCC cut(s) are found by the connected components heuristic 
Shrinking heuristic shrunk 5 edges
In total 1 RCC cut(s) are found by the Fractional capacity min-cut heuristic 
----- Add fac. cuts : CAP(2), max.viol = 0.109277, aver.viol = 0.0727091, sep/add took 0.0659238/0.00118243 sec. -----
2583 columns (2583 active), 2 dyn. constrs. (2 active), 204 art. vars. (204 active)
<DWph=2> <it=  1> <et=2.36> <Mt= 0.01> <Spt= 0.02> <nCl= 16> <al=0.00> <DB= 1033.9802> <Mlp= 1033.9802> <PB=1074.4> 
<DWph=1> <it=  2> <et=2.40> <Mt= 0.00> <Spt= 0.04> <nCl=  4> <al=0.00> <DB= 1033.9802> <Mlp= 1033.9802> <PB=1074.4> 
    RCSP exact solver info for graph G_1 : TT = 0.024821, pt = 4.6e-05, dt = 0.021359, ct = 0.002679, ndl = 8', bdl = 71', odl = 13', odf = 62', bsi = 2', cnt = 6', bdch = 1250', odch = 227', lcp = 257', #sols = 150
    RCSP exact solver info for graph G_1 : TT = 0.02396, pt = 5.7e-05, dt = 0.020914, ct = 0.002276, ndl = 8', bdl = 73', odl = 14', odf = 63', bsi = 1', cnt = 4', bdch = 1213', odch = 214', lcp = 252', #sols = 150
<DWph=0> <it=  3> <et=2.46> <Mt= 0.00> <Spt= 0.05> <nCl= 11> <al=0.00> <DB= 1033.9802> <Mlp= 1033.9802> <PB=1074.4> 
Dynamic params and stats :  bidir.bord. = 104.4 aver.obdmd = 6.47059 aver.buck.num. = 15.2941
@@ 1 1 1033.98 0.023614 0.024038 40.9715 2.46
    Full reduced cost fixing is not called (gap ratio is 0.998369)
ColGenEvalAlg final dual bound: 1033.98 (rounded: 1033.98)
Gap improvement since the last cut separation : 0.00163064 (1033.91)
Cut generation tailing off counter increased to 1
Current active cuts : CAP(1,8.66043)
Shrinking heuristic shrunk 8 edges
11 Rank-1 1-rows pack. cuts added ,  max viol. = 0.268982, aver. viol. = 0.0876007
150 Rank-1 3-rows pack. cuts added ,  max viol. = 0.440401, aver. viol. = 0.269162
----- Add fac. cuts : R1C(161), max.viol = 0.440401, aver.viol = 0.260697, sep/add took 0.057614/0.0758018 sec. -----
2614 columns (2614 active), 163 dyn. constrs. (162 active), 365 art. vars. (364 active)
<DWph=2> <it=  1> <et=2.63> <Mt= 0.02> <Spt= 0.01> <nCl= 30> <al=0.50> <DB=  522.0979> <Mlp= 1062.4975> <PB=1074.4> 
<DWph=2> <it=  2> <et=2.66> <Mt= 0.02> <Spt= 0.01> <nCl= 24> <al=0.55> <DB=  808.3408> <Mlp= 1056.2755> <PB=1074.4> 
<DWph=2> <it=  3> <et=2.68> <Mt= 0.02> <Spt= 0.01> <nCl= 13> <al=0.60> <DB= 1042.2464> <Mlp= 1054.3906> <PB=1074.4> 
<DWph=2> <it=  4> <et=2.70> <Mt= 0.00> <Spt= 0.01> <nCl= 22> <al=0.50> <DB=  820.4098> <Mlp= 1054.2561> <PB=1074.4> 
<DWph=2> <it=  5> <et=2.72> <Mt= 0.02> <Spt= 0.01> <nCl= 18> <al=0.55> <DB= 1005.3107> <Mlp= 1052.0880> <PB=1074.4> 
<DWph=2> <it=  6> <et=2.74> <Mt= 0.01> <Spt= 0.01> <nCl= 19> <al=0.59> <DB=  978.6582> <Mlp= 1051.5057> <PB=1074.4> 
<DWph=2> <it=  7> <et=2.76> <Mt= 0.01> <Spt= 0.01> <nCl= 11> <al=0.63> <DB= 1045.2850> <Mlp= 1050.5003> <PB=1074.4> 
<DWph=2> <it=  8> <et=2.77> <Mt= 0.00> <Spt= 0.01> <nCl= 19> <al=0.53> <DB=  990.2341> <Mlp= 1050.4761> <PB=1074.4> 
<DWph=2> <it=  9> <et=2.78> <Mt= 0.01> <Spt= 0.00> <nCl= 10> <al=0.58> <DB= 1015.9622> <Mlp= 1050.1169> <PB=1074.4> 
<DWph=2> <it= 10> <et=2.80> <Mt= 0.00> <Spt= 0.01> <nCl=  4> <al=0.62> <DB= 1047.0296> <Mlp= 1049.8856> <PB=1074.4> 
<DWph=2> <it= 11> <et=2.81> <Mt= 0.01> <Spt= 0.01> <nCl=  9> <al=0.52> <DB= 1017.0309> <Mlp= 1049.8772> <PB=1074.4> 
<DWph=2> <it= 12> <et=2.82> <Mt= 0.00> <Spt= 0.01> <nCl= 11> <al=0.57> <DB= 1017.4193> <Mlp= 1049.8223> <PB=1074.4> 
<DWph=2> <it= 13> <et=2.84> <Mt= 0.00> <Spt= 0.01> <nCl=  5> <al=0.61> <DB= 1046.9664> <Mlp= 1049.7294> <PB=1074.4> 
<DWph=2> <it= 14> <et=2.86> <Mt= 0.01> <Spt= 0.02> <nCl= 26> <al=0.02> <DB=  952.6874> <Mlp= 1049.7294> <PB=1074.4> 
<DWph=2> <it= 15> <et=2.87> <Mt= 0.00> <Spt= 0.00> <nCl=  8> <al=0.41> <DB= 1020.9824> <Mlp= 1049.6949> <PB=1074.4> 
<DWph=2> <it= 16> <et=2.89> <Mt= 0.00> <Spt= 0.02> <nCl= 13> <al=0.00> <DB= 1016.5559> <Mlp= 1049.6523> <PB=1074.4> 
<DWph=2> <it= 17> <et=2.91> <Mt= 0.01> <Spt= 0.02> <nCl=  6> <al=0.00> <DB= 1049.6248> <Mlp= 1049.6248> <PB=1074.4> 
<DWph=1> <it= 18> <et=2.96> <Mt= 0.00> <Spt= 0.04> <nCl= 30> <al=0.27> <DB=  588.3072> <Mlp= 1049.6248> <PB=1074.4> 
<DWph=1> <it= 19> <et=3.02> <Mt= 0.02> <Spt= 0.04> <nCl= 27> <al=0.34> <DB=  788.9497> <Mlp= 1046.1227> <PB=1074.4> 
<DWph=1> <it= 20> <et=3.08> <Mt= 0.01> <Spt= 0.05> <nCl= 26> <al=0.24> <DB=  896.5073> <Mlp= 1044.7023> <PB=1074.4> 
<DWph=1> <it= 21> <et=3.14> <Mt= 0.02> <Spt= 0.04> <nCl= 25> <al=0.32> <DB=  890.3534> <Mlp= 1043.8313> <PB=1074.4> 
<DWph=1> <it= 22> <et=3.18> <Mt= 0.01> <Spt= 0.04> <nCl= 15> <al=0.39> <DB=  975.3116> <Mlp= 1043.6126> <PB=1074.4> 
<DWph=1> <it= 23> <et=3.23> <Mt= 0.00> <Spt= 0.04> <nCl= 18> <al=0.45> <DB=  995.2977> <Mlp= 1043.4412> <PB=1074.4> 
<DWph=1> <it= 24> <et=3.28> <Mt= 0.01> <Spt= 0.04> <nCl= 13> <al=0.50> <DB= 1002.3263> <Mlp= 1043.2778> <PB=1074.4> 
<DWph=1> <it= 25> <et=3.33> <Mt= 0.01> <Spt= 0.05> <nCl= 14> <al=0.55> <DB= 1006.1586> <Mlp= 1043.0072> <PB=1074.4> 
<DWph=1> <it= 26> <et=3.38> <Mt= 0.00> <Spt= 0.04> <nCl=  7> <al=0.60> <DB= 1012.0961> <Mlp= 1042.9382> <PB=1074.4> 
<DWph=1> <it= 27> <et=3.42> <Mt= 0.01> <Spt= 0.04> <nCl=  7> <al=0.64> <DB= 1021.9688> <Mlp= 1042.9062> <PB=1074.4> 
<DWph=1> <it= 28> <et=3.47> <Mt= 0.00> <Spt= 0.04> <nCl=  5> <al=0.67> <DB= 1026.9864> <Mlp= 1042.8137> <PB=1074.4> 
<DWph=1> <it= 29> <et=3.51> <Mt= 0.01> <Spt= 0.04> <nCl=  8> <al=0.71> <DB= 1031.6239> <Mlp= 1042.8115> <PB=1074.4> 
<DWph=1> <it= 30> <et=3.56> <Mt= 0.00> <Spt= 0.04> <nCl=  3> <al=0.61> <DB= 1030.4541> <Mlp= 1042.7936> <PB=1074.4> 
<DWph=1> <it= 31> <et=3.60> <Mt= 0.00> <Spt= 0.04> <nCl=  5> <al=0.65> <DB= 1029.0208> <Mlp= 1042.7693> <PB=1074.4> 
<DWph=1> <it= 32> <et=3.65> <Mt= 0.01> <Spt= 0.04> <nCl=  3> <al=0.55> <DB= 1034.1794> <Mlp= 1042.7539> <PB=1074.4> 
<DWph=1> <it= 33> <et=3.69> <Mt= 0.00> <Spt= 0.04> <nCl= 10> <al=0.45> <DB= 1010.1434> <Mlp= 1042.7454> <PB=1074.4> 
<DWph=1> <it= 34> <et=3.74> <Mt= 0.01> <Spt= 0.04> <nCl=  4> <al=0.50> <DB= 1027.5596> <Mlp= 1042.7231> <PB=1074.4> 
<DWph=1> <it= 35> <et=3.82> <Mt= 0.00> <Spt= 0.08> <nCl=  2> <al=0.10> <DB= 1041.2776> <Mlp= 1042.7231> <PB=1074.4> 
<DWph=1> <it= 36> <et=3.86> <Mt= 0.00> <Spt= 0.04> <nCl=  1> <al=0.45> <DB= 1040.9841> <Mlp= 1042.7227> <PB=1074.4> 
<DWph=1> <it= 37> <et=3.98> <Mt= 0.00> <Spt= 0.12> <nCl=  4> <al=0.00> <DB= 1028.6933> <Mlp= 1042.7227> <PB=1074.4> 
<DWph=1> <it= 38> <et=4.02> <Mt= 0.00> <Spt= 0.04> <nCl=  5> <al=0.41> <DB= 1033.4285> <Mlp= 1042.7167> <PB=1074.4> 
<DWph=1> <it= 39> <et=4.06> <Mt= 0.01> <Spt= 0.04> <nCl=  3> <al=0.31> <DB= 1038.4793> <Mlp= 1042.7084> <PB=1074.4> 
<DWph=1> <it= 40> <et=4.11> <Mt= 0.00> <Spt= 0.04> <nCl=  6> <al=0.38> <DB= 1031.6419> <Mlp= 1042.7082> <PB=1074.4> 
<DWph=1> <it= 41> <et=4.15> <Mt= 0.00> <Spt= 0.04> <nCl=  2> <al=0.28> <DB= 1034.3057> <Mlp= 1042.7077> <PB=1074.4> 
<DWph=1> <it= 42> <et=4.23> <Mt= 0.00> <Spt= 0.08> <nCl=  5> <al=0.00> <DB= 1042.4798> <Mlp= 1042.7077> <PB=1074.4> 
    RCSP exact solver info for graph G_1 : TT = 0.072827, pt = 0.002691, dt = 0.063437, ct = 0.005983, ndl = 12', bdl = 96', odl = 14', odf = 74', bsi = 2', cnt = 9', bdch = 1935', odch = 317', lcp = 404', #sols = 150
<DWph=0> <it= 43> <et=4.31> <Mt= 0.00> <Spt= 0.08> <nCl= 92> <al=0.25> <DB=  966.7198> <Mlp= 1042.7077> <PB=1074.4> 
    RCSP exact solver info for graph G_1 : TT = 0.060701, pt = 0.002306, dt = 0.05155, ct = 0.00601, ndl = 12', bdl = 97', odl = 15', odf = 75', bsi = 2', cnt = 10', bdch = 2059', odch = 335', lcp = 429', #sols = 150
<DWph=0> <it= 44> <et=4.40> <Mt= 0.02> <Spt= 0.06> <nCl= 24> <al=0.32> <DB= 1017.5550> <Mlp= 1041.8431> <PB=1074.4> 
    RCSP exact solver info for graph G_1 : TT = 0.067085, pt = 0.002288, dt = 0.056903, ct = 0.007095, ndl = 12', bdl = 92', odl = 14', odf = 74', bsi = 2', cnt = 15', bdch = 2051', odch = 342', lcp = 427', #sols = 150
<DWph=0> <it= 45> <et=4.49> <Mt= 0.02> <Spt= 0.08> <nCl= 28> <al=0.22> <DB= 1020.4686> <Mlp= 1041.6434> <PB=1074.4> 
    RCSP exact solver info for graph G_1 : TT = 0.059798, pt = 0.002184, dt = 0.050763, ct = 0.006069, ndl = 12', bdl = 96', odl = 14', odf = 74', bsi = 2', cnt = 11', bdch = 2052', odch = 329', lcp = 424', #sols = 150
<DWph=0> <it= 46> <et=4.56> <Mt= 0.00> <Spt= 0.07> <nCl=  3> <al=0.30> <DB= 1035.2701> <Mlp= 1041.6432> <PB=1074.4> 
    RCSP exact solver info for graph G_1 : TT = 0.059401, pt = 0.002128, dt = 0.050459, ct = 0.006002, ndl = 12', bdl = 95', odl = 14', odf = 74', bsi = 2', cnt = 11', bdch = 2033', odch = 327', lcp = 420', #sols = 150
    RCSP exact solver info for graph G_1 : TT = 0.057058, pt = 0.00156, dt = 0.048721, ct = 0.005997, ndl = 11', bdl = 93', odl = 14', odf = 72', bsi = 2', cnt = 10', bdch = 1963', odch = 316', lcp = 407', #sols = 150
<DWph=0> <it= 47> <et=4.69> <Mt= 0.00> <Spt= 0.12> <nCl= 17> <al=0.00> <DB= 1041.6432> <Mlp= 1041.6432> <PB=1074.4> 
Dynamic params and stats :  bidir.bord. = 105.2 aver.obdmd = 6.47059 aver.buck.num. = 15.2941 nbR1C = 43 with avMem = 7.37209
@@ 1 2 1041.64 0.0598315 0.06942 40.9715 4.69
Labels distribution in buckets (bucket size) : largest - 147, top 0.1% - 130, top 0.5% - 95, top 2% - 62, top 10% - 22, top 50% - 0
Reduced cost fixing for graph G_1... 41658 buck. arcs remain (84.6% from prev., 32.7% from max.) + 3808 jump buck. arcs (2.99% from max.)
Backward reduced cost fixing... 42070 buck. arcs remain (84.2% from prev., 33% from max.) + 1767 jump buck. arcs (1.39% from max.)
 TT = 0.517493, pt = 0.025314, dt = 0.33267, ct = 0.158642, ndl = 58', bdl = 793', odl = 58', odf = 434', lpcb = 460', cnt = 14409', bdch = 24974', odch = 3898', lcp = 3875'
Labels distribution in buckets (bucket size) : largest - 253, top 0.1% - 204, top 0.5% - 160, top 2% - 108, top 10% - 43, top 50% - 0
Run forward enumeration with border = 105.2... not succeeded (ratio 0.866713) lpt = 0.090405, ndl = 40', dl = 10', lpcb = 165', dch = 333'
 TT = 0.094295, pt = 0, dt = 0.090405, ct = 0, ndl = 40', bdl = 10', lpcb = 165', cnt = 2974', bdch = 333', odch = 0', lcp = 0'
ColGenEvalAlg final dual bound: 1041.64 (rounded: 1041.64)
Gap improvement since the last cut separation : 0.189587 (1033.98)
Current active cuts : R1C(5+38,54.5073) 1rowPackR1C(5) 3rowPackR1C(38)
Shrinking heuristic shrunk 20 edges
4 Rank-1 1-rows pack. cuts added ,  max viol. = 0.38755, aver. viol. = 0.127614
150 Rank-1 3-rows pack. cuts added ,  max viol. = 0.471775, aver. viol. = 0.22518
----- Add fac. cuts : R1C(154), max.viol = 0.471775, aver.viol = 0.223088, sep/add took 0.0398149/0.0970887 sec. -----
3274 columns (3274 active), 316 dyn. constrs. (199 active), 519 art. vars. (401 active)
<DWph=2> <it=  1> <et=5.49> <Mt= 0.04> <Spt= 0.01> <nCl= 16> <al=0.50> <DB= 1025.7245> <Mlp= 1045.3350> <PB=1074.4> 
<DWph=2> <it=  2> <et=5.50> <Mt= 0.00> <Spt= 0.01> <nCl= 13> <al=0.55> <DB= 1012.6010> <Mlp= 1045.2852> <PB=1074.4> 
<DWph=2> <it=  3> <et=5.52> <Mt= 0.01> <Spt= 0.02> <nCl= 21> <al=0.19> <DB=  921.7399> <Mlp= 1045.2852> <PB=1074.4> 
<DWph=2> <it=  4> <et=5.55> <Mt= 0.02> <Spt= 0.01> <nCl=  7> <al=0.50> <DB= 1034.6753> <Mlp= 1045.2790> <PB=1074.4> 
<DWph=2> <it=  5> <et=5.57> <Mt= 0.00> <Spt= 0.00> <nCl=  9> <al=0.55> <DB= 1042.3787> <Mlp= 1045.2667> <PB=1074.4> 
<DWph=2> <it=  6> <et=5.58> <Mt= 0.01> <Spt= 0.01> <nCl=  4> <al=0.59> <DB= 1043.9926> <Mlp= 1045.2557> <PB=1074.4> 
<DWph=2> <it=  7> <et=5.60> <Mt= 0.00> <Spt= 0.01> <nCl=  8> <al=0.49> <DB= 1025.1259> <Mlp= 1045.2456> <PB=1074.4> 
<DWph=2> <it=  8> <et=5.61> <Mt= 0.01> <Spt= 0.01> <nCl=  6> <al=0.54> <DB= 1017.1671> <Mlp= 1045.2456> <PB=1074.4> 
<DWph=2> <it=  9> <et=5.63> <Mt= 0.00> <Spt= 0.01> <nCl= 11> <al=0.18> <DB=  907.7873> <Mlp= 1045.1957> <PB=1074.4> 
<DWph=2> <it= 10> <et=5.65> <Mt= 0.00> <Spt= 0.02> <nCl=  7> <al=0.00> <DB= 1043.1049> <Mlp= 1045.1957> <PB=1074.4> 
<DWph=2> <it= 11> <et=5.66> <Mt= 0.00> <Spt= 0.01> <nCl=  5> <al=0.39> <DB=  995.2901> <Mlp= 1045.1957> <PB=1074.4> 
<DWph=2> <it= 12> <et=5.68> <Mt= 0.01> <Spt= 0.01> <nCl=  5> <al=0.00> <DB= 1045.1757> <Mlp= 1045.1757> <PB=1074.4> 
<DWph=1> <it= 13> <et=5.71> <Mt= 0.00> <Spt= 0.04> <nCl= 26> <al=0.35> <DB=  924.4778> <Mlp= 1045.1757> <PB=1074.4> 
<DWph=1> <it= 14> <et=5.77> <Mt= 0.02> <Spt= 0.04> <nCl= 19> <al=0.25> <DB=  973.0044> <Mlp= 1044.6002> <PB=1074.4> 
<DWph=1> <it= 15> <et=5.95> <Mt= 0.14> <Spt= 0.04> <nCl= 23> <al=0.15> <DB=  925.3490> <Mlp= 1043.5856> <PB=1074.4> 
<DWph=1> <it= 16> <et=6.00> <Mt= 0.01> <Spt= 0.03> <nCl= 18> <al=0.23> <DB=  988.4259> <Mlp= 1043.5409> <PB=1074.4> 
<DWph=1> <it= 17> <et=6.10> <Mt= 0.06> <Spt= 0.04> <nCl= 13> <al=0.31> <DB=  983.9091> <Mlp= 1043.5358> <PB=1074.4> 
<DWph=1> <it= 18> <et=6.15> <Mt= 0.02> <Spt= 0.04> <nCl=  8> <al=0.38> <DB=  980.9421> <Mlp= 1043.5306> <PB=1074.4> 
<DWph=1> <it= 19> <et=6.20> <Mt= 0.01> <Spt= 0.04> <nCl= 11> <al=0.44> <DB=  975.6963> <Mlp= 1043.5306> <PB=1074.4> 
<DWph=1> <it= 20> <et=6.28> <Mt= 0.04> <Spt= 0.03> <nCl=  6> <al=0.50> <DB=  991.2602> <Mlp= 1043.5306> <PB=1074.4> 
<DWph=1> <it= 21> <et=6.33> <Mt= 0.01> <Spt= 0.04> <nCl=  5> <al=0.55> <DB= 1014.9025> <Mlp= 1043.5306> <PB=1074.4> 
<DWph=1> <it= 22> <et=6.37> <Mt= 0.01> <Spt= 0.04> <nCl=  7> <al=0.45> <DB=  977.6928> <Mlp= 1043.5306> <PB=1074.4> 
<DWph=1> <it= 23> <et=6.47> <Mt= 0.06> <Spt= 0.03> <nCl=  5> <al=0.50> <DB= 1029.1260> <Mlp= 1043.5168> <PB=1074.4> 
<DWph=1> <it= 24> <et=6.51> <Mt= 0.01> <Spt= 0.04> <nCl=  3> <al=0.40> <DB= 1027.5866> <Mlp= 1043.5168> <PB=1074.4> 
<DWph=1> <it= 25> <et=6.55> <Mt= 0.00> <Spt= 0.04> <nCl=  3> <al=0.46> <DB= 1028.5730> <Mlp= 1043.5168> <PB=1074.4> 
<DWph=1> <it= 26> <et=6.59> <Mt= 0.00> <Spt= 0.03> <nCl=  1> <al=0.36> <DB= 1038.2983> <Mlp= 1043.5168> <PB=1074.4> 
<DWph=1> <it= 27> <et=6.63> <Mt= 0.00> <Spt= 0.04> <nCl=  6> <al=0.26> <DB= 1038.2734> <Mlp= 1043.5168> <PB=1074.4> 
<DWph=1> <it= 28> <et=6.67> <Mt= 0.01> <Spt= 0.04> <nCl=  2> <al=0.16> <DB= 1041.7207> <Mlp= 1043.5157> <PB=1074.4> 
<DWph=1> <it= 29> <et=6.75> <Mt= 0.00> <Spt= 0.07> <nCl=  1> <al=0.00> <DB= 1043.5157> <Mlp= 1043.5157> <PB=1074.4> 
    RCSP exact solver info for graph G_1 : TT = 0.055093, pt = 0.002154, dt = 0.047166, ct = 0.005063, ndl = 12', bdl = 88', odl = 14', odf = 72', bsi = 2', cnt = 12', bdch = 1927', odch = 321', lcp = 419', #sols = 150
<DWph=0> <it= 30> <et=6.81> <Mt= 0.00> <Spt= 0.06> <nCl= 58> <al=0.15> <DB=  969.8135> <Mlp= 1043.5157> <PB=1074.4> 
    RCSP exact solver info for graph G_1 : TT = 0.057368, pt = 0.002848, dt = 0.048525, ct = 0.005219, ndl = 12', bdl = 86', odl = 14', odf = 72', bsi = 2', cnt = 13', bdch = 1932', odch = 325', lcp = 422', #sols = 150
<DWph=0> <it= 31> <et=6.95> <Mt= 0.08> <Spt= 0.07> <nCl= 19> <al=0.23> <DB= 1026.3378> <Mlp= 1043.3871> <PB=1074.4> 
    RCSP exact solver info for graph G_1 : TT = 0.059944, pt = 0.002721, dt = 0.050949, ct = 0.005478, ndl = 13', bdl = 91', odl = 14', odf = 74', bsi = 2', cnt = 14', bdch = 2104', odch = 346', lcp = 453', #sols = 150
<DWph=0> <it= 32> <et=7.02> <Mt= 0.00> <Spt= 0.06> <nCl= 23> <al=0.13> <DB= 1026.9541> <Mlp= 1043.3854> <PB=1074.4> 
    RCSP exact solver info for graph G_1 : TT = 0.059573, pt = 0.002784, dt = 0.050527, ct = 0.005473, ndl = 12', bdl = 90', odl = 14', odf = 73', bsi = 2', cnt = 13', bdch = 2050', odch = 338', lcp = 443', #sols = 150
<DWph=0> <it= 33> <et=7.09> <Mt= 0.01> <Spt= 0.06> <nCl=  2> <al=0.22> <DB= 1036.4208> <Mlp= 1043.3848> <PB=1074.4> 
    RCSP exact solver info for graph G_1 : TT = 0.059509, pt = 0.002766, dt = 0.050488, ct = 0.005457, ndl = 12', bdl = 89', odl = 14', odf = 73', bsi = 2', cnt = 13', bdch = 2051', odch = 338', lcp = 444', #sols = 150
<DWph=0> <it= 34> <et=7.16> <Mt= 0.00> <Spt= 0.07> <nCl=  3> <al=0.30> <DB= 1037.7957> <Mlp= 1043.3848> <PB=1074.4> 
    RCSP exact solver info for graph G_1 : TT = 0.059557, pt = 0.002776, dt = 0.050519, ct = 0.005455, ndl = 12', bdl = 90', odl = 14', odf = 73', bsi = 2', cnt = 13', bdch = 2061', odch = 339', lcp = 445', #sols = 150
    RCSP exact solver info for graph G_1 : TT = 0.057785, pt = 0.002083, dt = 0.049516, ct = 0.0054, ndl = 12', bdl = 90', odl = 14', odf = 73', bsi = 2', cnt = 13', bdch = 2063', odch = 340', lcp = 445', #sols = 150
<DWph=0> <it= 35> <et=7.28> <Mt= 0.00> <Spt= 0.12> <nCl=  6> <al=0.00> <DB= 1043.3848> <Mlp= 1043.3848> <PB=1074.4> 
Dynamic params and stats :  bidir.bord. = 105.2 aver.obdmd = 6.47059 aver.buck.num. = 15.2941 nbR1C = 61 with avMem = 7.55738
@@ 1 3 1043.38 0.0550336 0.056427 32.851 7.28
    Full reduced cost fixing is not called (gap ratio is 0.946832)
ColGenEvalAlg final dual bound: 1043.38 (rounded: 1043.38)
Gap improvement since the last cut separation : 0.0531675 (1041.64)
Current active cuts : R1C(4+57,87.5371) 1rowPackR1C(4) 3rowPackR1C(57)
Shrinking heuristic shrunk 25 edges
In total 1 RCC cut(s) are found by the Fractional capacity min-cut heuristic 
2 Rank-1 1-rows pack. cuts added ,  max viol. = 0.0469863, aver. viol. = 0.0366748
150 Rank-1 3-rows pack. cuts added ,  max viol. = 0.326246, aver. viol. = 0.145397
----- Add fac. cuts : CAP(1) R1C(152), max.viol = 0.326246, aver.viol = 0.145959, sep/add took 0.0339891/0.111372 sec. -----
3654 columns (3654 active), 352 dyn. constrs. (216 active), 672 art. vars. (418 active)
<DWph=2> <it=  1> <et=7.50> <Mt= 0.04> <Spt= 0.02> <nCl=  7> <al=0.00> <DB= 1036.0799> <Mlp= 1044.9170> <PB=1074.4> 
<DWph=2> <it=  2> <et=7.52> <Mt= 0.01> <Spt= 0.02> <nCl=  1> <al=0.00> <DB= 1044.8990> <Mlp= 1044.8990> <PB=1074.4> 
<DWph=1> <it=  3> <et=7.56> <Mt= 0.00> <Spt= 0.04> <nCl= 24> <al=0.30> <DB=  941.4572> <Mlp= 1044.8990> <PB=1074.4> 
<DWph=1> <it=  4> <et=7.67> <Mt= 0.06> <Spt= 0.04> <nCl= 11> <al=0.37> <DB=  999.9364> <Mlp= 1044.6743> <PB=1074.4> 
<DWph=1> <it=  5> <et=7.77> <Mt= 0.07> <Spt= 0.04> <nCl=  9> <al=0.27> <DB=  996.0480> <Mlp= 1044.6234> <PB=1074.4> 
<DWph=1> <it=  6> <et=7.84> <Mt= 0.01> <Spt= 0.04> <nCl=  9> <al=0.34> <DB= 1015.5768> <Mlp= 1044.6065> <PB=1074.4> 
<DWph=1> <it=  7> <et=7.92> <Mt= 0.05> <Spt= 0.05> <nCl=  5> <al=0.24> <DB= 1029.6332> <Mlp= 1044.5568> <PB=1074.4> 
<DWph=1> <it=  8> <et=7.97> <Mt= 0.00> <Spt= 0.04> <nCl=  8> <al=0.14> <DB= 1033.3366> <Mlp= 1044.5435> <PB=1074.4> 
<DWph=1> <it=  9> <et=8.06> <Mt= 0.04> <Spt= 0.04> <nCl=  6> <al=0.04> <DB= 1011.0004> <Mlp= 1044.5145> <PB=1074.4> 
<DWph=1> <it= 10> <et=8.11> <Mt= 0.01> <Spt= 0.04> <nCl=  4> <al=0.14> <DB= 1010.1310> <Mlp= 1044.5064> <PB=1074.4> 
<DWph=1> <it= 11> <et=8.16> <Mt= 0.01> <Spt= 0.05> <nCl=  4> <al=0.22> <DB= 1037.2159> <Mlp= 1044.5008> <PB=1074.4> 
<DWph=1> <it= 12> <et=8.21> <Mt= 0.01> <Spt= 0.04> <nCl=  3> <al=0.30> <DB= 1038.8697> <Mlp= 1044.4972> <PB=1074.4> 
<DWph=1> <it= 13> <et=8.29> <Mt= 0.01> <Spt= 0.08> <nCl=  7> <al=0.00> <DB= 1034.2211> <Mlp= 1044.4968> <PB=1074.4> 
<DWph=1> <it= 14> <et=8.38> <Mt= 0.00> <Spt= 0.08> <nCl=  4> <al=0.00> <DB= 1043.4209> <Mlp= 1044.4961> <PB=1074.4> 
<DWph=1> <it= 15> <et=8.42> <Mt= 0.00> <Spt= 0.03> <nCl=  2> <al=0.17> <DB= 1042.7749> <Mlp= 1044.4960> <PB=1074.4> 
<DWph=1> <it= 16> <et=8.50> <Mt= 0.01> <Spt= 0.08> <nCl=  3> <al=0.00> <DB= 1044.4958> <Mlp= 1044.4958> <PB=1074.4> 
    RCSP exact solver info for graph G_1 : TT = 0.081191, pt = 0.002875, dt = 0.071066, ct = 0.006499, ndl = 15', bdl = 110', odl = 16', odf = 89', bsi = 2', cnt = 17', bdch = 3018', odch = 526', lcp = 728', #sols = 150
<DWph=0> <it= 17> <et=8.59> <Mt= 0.00> <Spt= 0.09> <nCl= 49> <al=0.15> <DB= 1000.7033> <Mlp= 1044.4958> <PB=1074.4> 
    RCSP exact solver info for graph G_1 : TT = 0.078513, pt = 0.00343, dt = 0.067981, ct = 0.006291, ndl = 14', bdl = 106', odl = 15', odf = 86', bsi = 2', cnt = 16', bdch = 2764', odch = 474', lcp = 646', #sols = 150
<DWph=0> <it= 18> <et=8.71> <Mt= 0.04> <Spt= 0.08> <nCl= 14> <al=0.05> <DB= 1021.5302> <Mlp= 1044.4732> <PB=1074.4> 
    RCSP exact solver info for graph G_1 : TT = 0.078008, pt = 0.003256, dt = 0.06771, ct = 0.006211, ndl = 14', bdl = 106', odl = 15', odf = 86', bsi = 2', cnt = 16', bdch = 2777', odch = 474', lcp = 651', #sols = 150
<DWph=0> <it= 19> <et=8.80> <Mt= 0.00> <Spt= 0.08> <nCl=  8> <al=0.15> <DB= 1041.0451> <Mlp= 1044.4730> <PB=1074.4> 
    RCSP exact solver info for graph G_1 : TT = 0.076878, pt = 0.003256, dt = 0.066537, ct = 0.006245, ndl = 14', bdl = 104', odl = 15', odf = 85', bsi = 2', cnt = 16', bdch = 2678', odch = 461', lcp = 627', #sols = 150
    RCSP exact solver info for graph G_1 : TT = 0.074984, pt = 0.002942, dt = 0.065179, ct = 0.006031, ndl = 14', bdl = 104', odl = 15', odf = 85', bsi = 2', cnt = 15', bdch = 2720', odch = 468', lcp = 639', #sols = 150
<DWph=0> <it= 20> <et=8.96> <Mt= 0.01> <Spt= 0.16> <nCl=  9> <al=0.00> <DB= 1044.4729> <Mlp= 1044.4729> <PB=1074.4> 
Dynamic params and stats :  bidir.bord. = 105.2 aver.obdmd = 6.47059 aver.buck.num. = 15.2941 nbR1C = 85 with avMem = 8.50588
@@ 1 4 1044.47 0.07395 0.077565 32.851 8.96
    Full reduced cost fixing is not called (gap ratio is 0.913617)
ColGenEvalAlg final dual bound: 1044.47 (rounded: 1044.47)
Gap improvement since the last cut separation : 0.0350808 (1043.38)
Current active cuts : R1C(6+79,91.5664) 1rowPackR1C(6) 3rowPackR1C(79)
Shrinking heuristic shrunk 5 edges
3 Rank-1 1-rows pack. cuts added ,  max viol. = 0.112254, aver. viol. = 0.0838272
150 Rank-1 3-rows pack. cuts added ,  max viol. = 0.189873, aver. viol. = 0.0630278
----- Add fac. cuts : R1C(153), max.viol = 0.196872, aver.viol = 0.0706027, sep/add took 0.0697656/0.119772 sec. -----
3841 columns (3841 active), 369 dyn. constrs. (241 active), 825 art. vars. (443 active)
<DWph=2> <it=  1> <et=9.23> <Mt= 0.04> <Spt= 0.02> <nCl=  8> <al=0.00> <DB= 1045.0363> <Mlp= 1045.0363> <PB=1074.4> 
<DWph=1> <it=  2> <et=9.28> <Mt= 0.00> <Spt= 0.05> <nCl= 26> <al=0.40> <DB=  938.5699> <Mlp= 1045.0363> <PB=1074.4> 
<DWph=1> <it=  3> <et=9.39> <Mt= 0.06> <Spt= 0.04> <nCl= 18> <al=0.46> <DB=  996.0575> <Mlp= 1045.0283> <PB=1074.4> 
<DWph=1> <it=  4> <et=9.47> <Mt= 0.04> <Spt= 0.05> <nCl= 14> <al=0.36> <DB= 1016.4495> <Mlp= 1045.0283> <PB=1074.4> 
<DWph=1> <it=  5> <et=9.57> <Mt= 0.06> <Spt= 0.04> <nCl= 15> <al=0.26> <DB= 1016.3172> <Mlp= 1044.9776> <PB=1074.4> 
<DWph=1> <it=  6> <et=9.71> <Mt= 0.09> <Spt= 0.05> <nCl=  5> <al=0.33> <DB= 1013.8015> <Mlp= 1044.9600> <PB=1074.4> 
<DWph=1> <it=  7> <et=9.80> <Mt= 0.05> <Spt= 0.04> <nCl=  5> <al=0.23> <DB= 1035.5332> <Mlp= 1044.9569> <PB=1074.4> 
<DWph=1> <it=  8> <et=9.85> <Mt= 0.01> <Spt= 0.04> <nCl=  2> <al=0.31> <DB= 1042.0299> <Mlp= 1044.9569> <PB=1074.4> 
<DWph=1> <it=  9> <et=9.90> <Mt= 0.00> <Spt= 0.05> <nCl=  3> <al=0.21> <DB= 1040.5903> <Mlp= 1044.9569> <PB=1074.4> 
<DWph=1> <it= 10> <et=9.94> <Mt= 0.00> <Spt= 0.04> <nCl=  4> <al=0.29> <DB= 1033.4543> <Mlp= 1044.9569> <PB=1074.4> 
<DWph=1> <it= 11> <et=10.03> <Mt= 0.01> <Spt= 0.08> <nCl=  2> <al=0.00> <DB= 1044.9569> <Mlp= 1044.9569> <PB=1074.4> 
    RCSP exact solver info for graph G_1 : TT = 0.091816, pt = 0.003494, dt = 0.080375, ct = 0.007182, ndl = 16', bdl = 119', odl = 16', odf = 95', bsi = 2', cnt = 25', bdch = 3588', odch = 614', lcp = 842', #sols = 150
<DWph=0> <it= 12> <et=10.14> <Mt= 0.00> <Spt= 0.11> <nCl= 54> <al=0.26> <DB= 1016.9614> <Mlp= 1044.9569> <PB=1074.4> 
    RCSP exact solver info for graph G_1 : TT = 0.10014, pt = 0.004435, dt = 0.087378, ct = 0.00743, ndl = 17', bdl = 120', odl = 16', odf = 96', bsi = 2', cnt = 26', bdch = 3727', odch = 651', lcp = 881', #sols = 150
<DWph=0> <it= 13> <et=10.50> <Mt= 0.26> <Spt= 0.10> <nCl= 13> <al=0.33> <DB= 1035.5074> <Mlp= 1044.8303> <PB=1074.4> 
    RCSP exact solver info for graph G_1 : TT = 0.098514, pt = 0.004289, dt = 0.085932, ct = 0.007431, ndl = 17', bdl = 119', odl = 16', odf = 96', bsi = 2', cnt = 24', bdch = 3645', odch = 638', lcp = 865', #sols = 150
<DWph=0> <it= 14> <et=10.62> <Mt= 0.01> <Spt= 0.11> <nCl= 10> <al=0.23> <DB= 1039.0266> <Mlp= 1044.8236> <PB=1074.4> 
    RCSP exact solver info for graph G_1 : TT = 0.098197, pt = 0.004298, dt = 0.085616, ct = 0.007402, ndl = 16', bdl = 119', odl = 16', odf = 95', bsi = 2', cnt = 24', bdch = 3625', odch = 632', lcp = 860', #sols = 150
<DWph=0> <it= 15> <et=10.72> <Mt= 0.00> <Spt= 0.10> <nCl=  2> <al=0.31> <DB= 1042.2360> <Mlp= 1044.8236> <PB=1074.4> 
    RCSP exact solver info for graph G_1 : TT = 0.097934, pt = 0.004294, dt = 0.085357, ct = 0.007405, ndl = 16', bdl = 119', odl = 16', odf = 95', bsi = 2', cnt = 24', bdch = 3613', odch = 628', lcp = 858', #sols = 150
<DWph=0> <it= 16> <et=10.83> <Mt= 0.01> <Spt= 0.10> <nCl=  2> <al=0.21> <DB= 1042.5256> <Mlp= 1044.8236> <PB=1074.4> 
    RCSP exact solver info for graph G_1 : TT = 0.099069, pt = 0.00431, dt = 0.086255, ct = 0.007613, ndl = 17', bdl = 120', odl = 16', odf = 96', bsi = 2', cnt = 24', bdch = 3639', odch = 634', lcp = 862', #sols = 150
<DWph=0> <it= 17> <et=10.93> <Mt= 0.00> <Spt= 0.10> <nCl=  2> <al=0.29> <DB= 1043.9636> <Mlp= 1044.8236> <PB=1074.4> 
    RCSP exact solver info for graph G_1 : TT = 0.098928, pt = 0.004297, dt = 0.086106, ct = 0.007632, ndl = 17', bdl = 120', odl = 16', odf = 96', bsi = 2', cnt = 24', bdch = 3634', odch = 630', lcp = 861', #sols = 150
    RCSP exact solver info for graph G_1 : TT = 0.092642, pt = 0.003539, dt = 0.080995, ct = 0.007262, ndl = 16', bdl = 119', odl = 16', odf = 96', bsi = 2', cnt = 23', bdch = 3600', odch = 631', lcp = 852', #sols = 150
<DWph=0> <it= 18> <et=11.14> <Mt= 0.00> <Spt= 0.20> <nCl= 11> <al=0.00> <DB= 1044.8236> <Mlp= 1044.8236> <PB=1074.4> 
Dynamic params and stats :  bidir.bord. = 105.2 aver.obdmd = 6.47059 aver.buck.num. = 15.2941 nbR1C = 102 with avMem = 8.89216
@@ 1 5 1044.82 0.0921714 0.094808 32.851 11.14
    Full reduced cost fixing is not called (gap ratio is 0.90291)
ColGenEvalAlg final dual bound: 1044.82 (rounded: 1044.82)
Gap improvement since the last cut separation : 0.0117196 (1044.47)
Separator R1C not in maximum phase
Cut generation tailing off counter increased to 0
Current active cuts : R1C(6+96,98.0797) 1rowPackR1C(6) 3rowPackR1C(96)
Shrinking heuristic shrunk 44 edges
2 Rank-1 1-rows pack. cuts added ,  max viol. = 0.0943129, aver. viol. = 0.0937205
150 Rank-1 3-rows pack. cuts added ,  max viol. = 0.209936, aver. viol. = 0.0690895
Building structures for heuristic rank-1 packing cut separation...done!
88 Rank-1 4-rows pack. cuts added ,  max viol. = 0.153697, aver. viol. = 0.077262
100 Rank-1 5-rows pack. cuts added ,  max viol. = 0.209814, aver. viol. = 0.129874
----- Add fac. cuts : R1C(340), max.viol = 0.332245, aver.viol = 0.100265, sep/add took 0.468696/0.297324 sec. -----
4037 columns (4037 active), 581 dyn. constrs. (444 active), 1165 art. vars. (646 active)
<DWph=2> <it=  1> <et=12.03> <Mt= 0.08> <Spt= 0.03> <nCl= 14> <al=0.00> <DB= 1045.5042> <Mlp= 1045.5042> <PB=1074.4> 
<DWph=1> <it=  2> <et=12.08> <Mt= 0.00> <Spt= 0.04> <nCl=  9> <al=0.40> <DB= 1010.0855> <Mlp= 1045.5042> <PB=1074.4> 
<DWph=1> <it=  3> <et=12.15> <Mt= 0.03> <Spt= 0.05> <nCl= 10> <al=0.46> <DB= 1016.5377> <Mlp= 1045.4839> <PB=1074.4> 
<DWph=1> <it=  4> <et=12.24> <Mt= 0.04> <Spt= 0.06> <nCl= 10> <al=0.51> <DB=  997.4741> <Mlp= 1045.4732> <PB=1074.4> 
<DWph=1> <it=  5> <et=12.30> <Mt= 0.00> <Spt= 0.05> <nCl=  4> <al=0.56> <DB= 1022.0235> <Mlp= 1045.4732> <PB=1074.4> 
<DWph=1> <it=  6> <et=12.37> <Mt= 0.02> <Spt= 0.05> <nCl=  2> <al=0.61> <DB= 1031.2533> <Mlp= 1045.4696> <PB=1074.4> 
<DWph=1> <it=  7> <et=12.43> <Mt= 0.02> <Spt= 0.05> <nCl=  7> <al=0.51> <DB= 1033.6470> <Mlp= 1045.4693> <PB=1074.4> 
<DWph=1> <it=  8> <et=12.56> <Mt= 0.02> <Spt= 0.10> <nCl=  3> <al=0.11> <DB= 1037.3296> <Mlp= 1045.4655> <PB=1074.4> 
<DWph=1> <it=  9> <et=12.62> <Mt= 0.01> <Spt= 0.05> <nCl=  3> <al=0.46> <DB= 1038.6348> <Mlp= 1045.4653> <PB=1074.4> 
<DWph=1> <it= 10> <et=12.70> <Mt= 0.02> <Spt= 0.05> <nCl=  3> <al=0.51> <DB= 1038.3725> <Mlp= 1045.4574> <PB=1074.4> 
<DWph=1> <it= 11> <et=12.82> <Mt= 0.02> <Spt= 0.11> <nCl=  3> <al=0.12> <DB= 1042.4160> <Mlp= 1045.4557> <PB=1074.4> 
<DWph=1> <it= 12> <et=12.93> <Mt= 0.01> <Spt= 0.09> <nCl=  0> <al=0.00> <DB= 1045.4550> <Mlp= 1045.4550> <PB=1074.4> 
    RCSP exact solver info for graph G_1 : TT = 0.132072, pt = 0.004661, dt = 0.117731, ct = 0.008768, ndl = 19', bdl = 135', odl = 18', odf = 111', bsi = 2', cnt = 49', bdch = 5034', odch = 981', lcp = 1339', #sols = 150
<DWph=0> <it= 13> <et=13.08> <Mt= 0.00> <Spt= 0.15> <nCl= 46> <al=0.36> <DB= 1017.7939> <Mlp= 1045.4550> <PB=1074.4> 
    RCSP exact solver info for graph G_1 : TT = 0.13736, pt = 0.005485, dt = 0.121954, ct = 0.008947, ndl = 19', bdl = 134', odl = 18', odf = 111', bsi = 2', cnt = 48', bdch = 4980', odch = 963', lcp = 1313', #sols = 150
<DWph=0> <it= 14> <et=13.35> <Mt= 0.13> <Spt= 0.14> <nCl=  7> <al=0.42> <DB= 1033.7130> <Mlp= 1045.3934> <PB=1074.4> 
    RCSP exact solver info for graph G_1 : TT = 0.135927, pt = 0.005438, dt = 0.120564, ct = 0.008922, ndl = 19', bdl = 133', odl = 18', odf = 111', bsi = 2', cnt = 48', bdch = 4860', odch = 956', lcp = 1278', #sols = 150
<DWph=0> <it= 15> <et=13.50> <Mt= 0.01> <Spt= 0.14> <nCl=  4> <al=0.32> <DB= 1041.6181> <Mlp= 1045.3933> <PB=1074.4> 
    RCSP exact solver info for graph G_1 : TT = 0.137412, pt = 0.005745, dt = 0.12172, ct = 0.008931, ndl = 19', bdl = 132', odl = 18', odf = 110', bsi = 2', cnt = 49', bdch = 4863', odch = 955', lcp = 1276', #sols = 150
<DWph=0> <it= 16> <et=13.65> <Mt= 0.00> <Spt= 0.15> <nCl=  3> <al=0.22> <DB= 1042.4270> <Mlp= 1045.3933> <PB=1074.4> 
    RCSP exact solver info for graph G_1 : TT = 0.13633, pt = 0.005516, dt = 0.120906, ct = 0.008946, ndl = 19', bdl = 132', odl = 18', odf = 110', bsi = 2', cnt = 49', bdch = 4857', odch = 949', lcp = 1273', #sols = 150
<DWph=0> <it= 17> <et=13.79> <Mt= 0.01> <Spt= 0.14> <nCl=  2> <al=0.30> <DB= 1044.5008> <Mlp= 1045.3933> <PB=1074.4> 
    RCSP exact solver info for graph G_1 : TT = 0.13641, pt = 0.00551, dt = 0.12094, ct = 0.008961, ndl = 19', bdl = 132', odl = 18', odf = 110', bsi = 2', cnt = 50', bdch = 4850', odch = 953', lcp = 1275', #sols = 150
    RCSP exact solver info for graph G_1 : TT = 0.129834, pt = 0.00481, dt = 0.115221, ct = 0.008838, ndl = 19', bdl = 132', odl = 18', odf = 110', bsi = 2', cnt = 49', bdch = 4850', odch = 953', lcp = 1274', #sols = 150
<DWph=0> <it= 18> <et=14.07> <Mt= 0.00> <Spt= 0.27> <nCl=  3> <al=0.00> <DB= 1045.3825> <Mlp= 1045.3933> <PB=1074.4> 
    RCSP exact solver info for graph G_1 : TT = 0.129875, pt = 0.004797, dt = 0.115253, ct = 0.008862, ndl = 19', bdl = 132', odl = 18', odf = 110', bsi = 2', cnt = 49', bdch = 4852', odch = 953', lcp = 1275', #sols = 150
    RCSP exact solver info for graph G_1 : TT = 0.129861, pt = 0.00478, dt = 0.115249, ct = 0.00889, ndl = 19', bdl = 132', odl = 18', odf = 110', bsi = 2', cnt = 49', bdch = 4852', odch = 953', lcp = 1275', #sols = 150
<DWph=0> <it= 19> <et=14.34> <Mt= 0.01> <Spt= 0.27> <nCl=  0> <al=0.00> <DB= 1045.3933> <Mlp= 1045.3933> <PB=1074.4> 
Dynamic params and stats :  bidir.bord. = 105.2 aver.obdmd = 6.47059 aver.buck.num. = 15.2941 nbR1C = 128 with avMem = 10.1406
@@ 1 6 1045.39 0.127734 0.130901 32.851 14.34
Labels distribution in buckets (bucket size) : largest - 321, top 0.1% - 315, top 0.5% - 205, top 2% - 113, top 10% - 35, top 50% - 0
Reduced cost fixing for graph G_1... 38158 buck. arcs remain (91.6% from prev., 30% from max.) + 3779 jump buck. arcs (2.97% from max.)
Backward reduced cost fixing... 38397 buck. arcs remain (91.3% from prev., 30.1% from max.) + 1995 jump buck. arcs (1.56% from max.)
 TT = 1.32923, pt = 0.067631, dt = 0.997706, ct = 0.262739, ndl = 101', bdl = 1272', odl = 85', odf = 783', lpcb = 629', cnt = 33881', bdch = 79137', odch = 14016', lcp = 14476'
Labels distribution in buckets (bucket size) : largest - 579, top 0.1% - 527, top 0.5% - 298, top 2% - 190, top 10% - 63, top 50% - 0
Run forward enumeration with border = 105.2... not succeeded (ratio 0.816343) lpt = 0.213722, ndl = 56', dl = 18', lpcb = 303', dch = 523'
 TT = 0.217661, pt = 0, dt = 0.213722, ct = 0, ndl = 56', bdl = 18', lpcb = 303', cnt = 10304', bdch = 523', odch = 0', lcp = 0'
ColGenEvalAlg final dual bound: 1045.39 (rounded: 1045.39)
Gap improvement since the last cut separation : 0.0192617 (1044.82)
Cut generation tailing off counter increased to 1
Current active cuts : R1C(6+122,106.976) 1rowPackR1C(6) 3rowPackR1C(99) 4rowPackR1C(10) 5rowPackR1C(13)
Shrinking heuristic shrunk 7 edges
2 Rank-1 1-rows pack. cuts added ,  max viol. = 0.128845, aver. viol. = 0.0790244
98 Rank-1 3-rows pack. cuts added ,  max viol. = 0.170837, aver. viol. = 0.0609462
Building structures for heuristic rank-1 packing cut separation...done!
15 Rank-1 4-rows pack. cuts added ,  max viol. = 0.0919156, aver. viol. = 0.0665885
100 Rank-1 5-rows pack. cuts added ,  max viol. = 0.103029, aver. viol. = 0.0587881
----- Add fac. cuts : R1C(215), max.viol = 0.222608, aver.viol = 0.0748528, sep/add took 1.09956/0.201683 sec. -----
4170 columns (4170 active), 659 dyn. constrs. (343 active), 1380 art. vars. (545 active)
<DWph=2> <it=  1> <et=17.31> <Mt= 0.06> <Spt= 0.02> <nCl=  7> <al=0.00> <DB= 1045.6811> <Mlp= 1045.6811> <PB=1074.4> 
<DWph=1> <it=  2> <et=17.36> <Mt= 0.00> <Spt= 0.05> <nCl=  9> <al=0.40> <DB= 1028.2572> <Mlp= 1045.6811> <PB=1074.4> 
<DWph=1> <it=  3> <et=17.44> <Mt= 0.04> <Spt= 0.05> <nCl=  3> <al=0.46> <DB= 1037.6589> <Mlp= 1045.6678> <PB=1074.4> 
<DWph=1> <it=  4> <et=17.51> <Mt= 0.01> <Spt= 0.06> <nCl=  4> <al=0.36> <DB= 1021.8416> <Mlp= 1045.6669> <PB=1074.4> 
<DWph=1> <it=  5> <et=17.58> <Mt= 0.01> <Spt= 0.05> <nCl=  6> <al=0.26> <DB= 1001.9057> <Mlp= 1045.6578> <PB=1074.4> 
<DWph=1> <it=  6> <et=17.69> <Mt= 0.01> <Spt= 0.10> <nCl=  4> <al=0.00> <DB= 1035.5329> <Mlp= 1045.6575> <PB=1074.4> 
<DWph=1> <it=  7> <et=17.76> <Mt= 0.02> <Spt= 0.05> <nCl=  1> <al=0.23> <DB= 1039.9675> <Mlp= 1045.6527> <PB=1074.4> 
<DWph=1> <it=  8> <et=17.86> <Mt= 0.01> <Spt= 0.10> <nCl=  3> <al=0.00> <DB= 1045.2822> <Mlp= 1045.6527> <PB=1074.4> 
<DWph=1> <it=  9> <et=17.96> <Mt= 0.00> <Spt= 0.09> <nCl=  0> <al=0.00> <DB= 1045.6527> <Mlp= 1045.6527> <PB=1074.4> 
    RCSP exact solver info for graph G_1 : TT = 0.155133, pt = 0.005414, dt = 0.139288, ct = 0.009436, ndl = 21', bdl = 137', odl = 18', odf = 120', bsi = 2', cnt = 70', bdch = 5922', odch = 1134', lcp = 1605', #sols = 150
<DWph=0> <it= 10> <et=18.13> <Mt= 0.00> <Spt= 0.17> <nCl= 27> <al=0.11> <DB= 1030.2071> <Mlp= 1045.6527> <PB=1074.4> 
    RCSP exact solver info for graph G_1 : TT = 0.154894, pt = 0.00584, dt = 0.138503, ct = 0.009529, ndl = 21', bdl = 138', odl = 18', odf = 119', bsi = 2', cnt = 72', bdch = 5869', odch = 1089', lcp = 1562', #sols = 150
<DWph=0> <it= 11> <et=18.31> <Mt= 0.03> <Spt= 0.16> <nCl=  6> <al=0.01> <DB= 1027.1454> <Mlp= 1045.6439> <PB=1074.4> 
    RCSP exact solver info for graph G_1 : TT = 0.158178, pt = 0.005781, dt = 0.140431, ct = 0.010965, ndl = 21', bdl = 134', odl = 18', odf = 119', bsi = 2', cnt = 79', bdch = 5963', odch = 1132', lcp = 1512', #sols = 150
    RCSP exact solver info for graph G_1 : TT = 0.151065, pt = 0.005443, dt = 0.135212, ct = 0.009437, ndl = 21', bdl = 138', odl = 18', odf = 118', bsi = 2', cnt = 70', bdch = 5853', odch = 1075', lcp = 1550', #sols = 150
<DWph=0> <it= 12> <et=18.64> <Mt= 0.00> <Spt= 0.32> <nCl=  2> <al=0.00> <DB= 1045.6439> <Mlp= 1045.6439> <PB=1074.4> 
Dynamic params and stats :  bidir.bord. = 105.8 aver.obdmd = 6.47059 aver.buck.num. = 15.2941 nbR1C = 134 with avMem = 11.2761
@@ 1 7 1045.64 0.1482 0.151396 32.3021 18.64
    Full reduced cost fixing is not called (gap ratio is 0.991361)
ColGenEvalAlg final dual bound: 1045.64 (rounded: 1045.64)
Gap improvement since the last cut separation : 0.00863856 (1045.39)
Cut generation tailing off counter increased to 2
Current active cuts : R1C(8+126,112.86) 1rowPackR1C(8) 3rowPackR1C(98) 4rowPackR1C(9) 5rowPackR1C(19)
Shrinking heuristic shrunk 4 edges
3 Rank-1 1-rows pack. cuts added ,  max viol. = 0.0353155, aver. viol. = 0.0266541
61 Rank-1 3-rows pack. cuts added ,  max viol. = 0.116229, aver. viol. = 0.0458996
Building structures for heuristic rank-1 packing cut separation...done!
35 Rank-1 4-rows pack. cuts added ,  max viol. = 0.130791, aver. viol. = 0.0573089
100 Rank-1 5-rows pack. cuts added ,  max viol. = 0.138873, aver. viol. = 0.0878162
----- Add fac. cuts : R1C(199), max.viol = 0.315997, aver.viol = 0.092763, sep/add took 1.16117/0.195181 sec. -----
4242 columns (4242 active), 542 dyn. constrs. (334 active), 1579 art. vars. (536 active)
<DWph=2> <it=  1> <et=20.13> <Mt= 0.08> <Spt= 0.02> <nCl=  6> <al=0.00> <DB= 1046.0703> <Mlp= 1046.0703> <PB=1074.4> 
<DWph=1> <it=  2> <et=20.19> <Mt= 0.00> <Spt= 0.06> <nCl= 16> <al=0.40> <DB= 1017.2281> <Mlp= 1046.0703> <PB=1074.4> 
<DWph=1> <it=  3> <et=20.29> <Mt= 0.04> <Spt= 0.06> <nCl=  7> <al=0.46> <DB= 1024.9754> <Mlp= 1046.0414> <PB=1074.4> 
<DWph=1> <it=  4> <et=20.37> <Mt= 0.02> <Spt= 0.06> <nCl=  6> <al=0.36> <DB= 1038.4516> <Mlp= 1046.0320> <PB=1074.4> 
<DWph=1> <it=  5> <et=20.44> <Mt= 0.02> <Spt= 0.05> <nCl=  7> <al=0.26> <DB= 1041.5576> <Mlp= 1046.0283> <PB=1074.4> 
<DWph=1> <it=  6> <et=20.51> <Mt= 0.00> <Spt= 0.06> <nCl=  1> <al=0.33> <DB= 1044.4385> <Mlp= 1046.0271> <PB=1074.4> 
<DWph=1> <it=  7> <et=20.58> <Mt= 0.02> <Spt= 0.06> <nCl=  1> <al=0.40> <DB= 1035.2195> <Mlp= 1046.0261> <PB=1074.4> 
<DWph=1> <it=  8> <et=20.72> <Mt= 0.02> <Spt= 0.11> <nCl=  1> <al=0.00> <DB= 1046.0226> <Mlp= 1046.0226> <PB=1074.4> 
    RCSP exact solver info for graph G_1 : TT = 0.213745, pt = 0.006046, dt = 0.194556, ct = 0.012096, ndl = 26', bdl = 157', odl = 21', odf = 146', bsi = 2', cnt = 106', bdch = 8682', odch = 1744', lcp = 2552', #sols = 150
<DWph=0> <it=  9> <et=20.95> <Mt= 0.00> <Spt= 0.23> <nCl= 46> <al=0.20> <DB= 1025.1812> <Mlp= 1046.0226> <PB=1074.4> 
    RCSP exact solver info for graph G_1 : TT = 0.228555, pt = 0.006986, dt = 0.208231, ct = 0.012286, ndl = 26', bdl = 160', odl = 21', odf = 148', bsi = 2', cnt = 103', bdch = 8846', odch = 1784', lcp = 2573', #sols = 150
<DWph=0> <it= 10> <et=21.26> <Mt= 0.08> <Spt= 0.24> <nCl= 16> <al=0.10> <DB= 1035.1752> <Mlp= 1045.9910> <PB=1074.4> 
    RCSP exact solver info for graph G_1 : TT = 0.232352, pt = 0.007185, dt = 0.209726, ct = 0.014396, ndl = 25', bdl = 152', odl = 21', odf = 147', bsi = 2', cnt = 109', bdch = 8886', odch = 1812', lcp = 2448', #sols = 150
<DWph=0> <it= 11> <et=21.52> <Mt= 0.02> <Spt= 0.24> <nCl=  5> <al=0.19> <DB= 1041.1057> <Mlp= 1045.9879> <PB=1074.4> 
    RCSP exact solver info for graph G_1 : TT = 0.230671, pt = 0.007336, dt = 0.209195, ct = 0.013084, ndl = 26', bdl = 158', odl = 21', odf = 147', bsi = 2', cnt = 119', bdch = 8674', odch = 1731', lcp = 2500', #sols = 150
<DWph=0> <it= 12> <et=21.77> <Mt= 0.01> <Spt= 0.23> <nCl=  1> <al=0.27> <DB= 1044.6620> <Mlp= 1045.9873> <PB=1074.4> 
    RCSP exact solver info for graph G_1 : TT = 0.229534, pt = 0.007376, dt = 0.208041, ct = 0.013039, ndl = 26', bdl = 158', odl = 21', odf = 147', bsi = 2', cnt = 118', bdch = 8617', odch = 1720', lcp = 2474', #sols = 150
<DWph=0> <it= 13> <et=22.01> <Mt= 0.01> <Spt= 0.24> <nCl=  1> <al=0.17> <DB= 1045.6950> <Mlp= 1045.9873> <PB=1074.4> 
    RCSP exact solver info for graph G_1 : TT = 0.229304, pt = 0.007357, dt = 0.20777, ct = 0.013071, ndl = 26', bdl = 158', odl = 21', odf = 147', bsi = 2', cnt = 118', bdch = 8597', odch = 1711', lcp = 2467', #sols = 150
    RCSP exact solver info for graph G_1 : TT = 0.2155, pt = 0.006289, dt = 0.19564, ct = 0.01251, ndl = 26', bdl = 158', odl = 21', odf = 147', bsi = 2', cnt = 117', bdch = 8576', odch = 1711', lcp = 2464', #sols = 150
<DWph=0> <it= 14> <et=22.47> <Mt= 0.00> <Spt= 0.45> <nCl=  0> <al=0.00> <DB= 1045.9873> <Mlp= 1045.9873> <PB=1074.4> 
Dynamic params and stats :  bidir.bord. = 106.4 aver.obdmd = 6.47059 aver.buck.num. = 15.2941 nbR1C = 140 with avMem = 12.6071
@@ 1 8 1045.99 0.217663 0.224122 32.3021 22.47
    Full reduced cost fixing is not called (gap ratio is 0.979522)
ColGenEvalAlg final dual bound: 1045.99 (rounded: 1045.99)
Gap improvement since the last cut separation : 0.0119431 (1045.64)
----- Cut generation is stopped due to tailing off -----
Current active cuts : R1C(9+131,114.012) 1rowPackR1C(9) 3rowPackR1C(88) 4rowPackR1C(18) 5rowPackR1C(25)
------------------------------------------------
-- Enumeration for restr. mast. heur. started --
------------------------------------------------
<DWph=2> <it=  1> <et=22.51> <Mt= 0.00> <Spt= 0.00> <nCl=  0> <al=0.50> <DB= 1045.9873> <Mlp= 1045.9873> <PB=1074.4> 
<DWph=1> <it=  2> <et=22.51> <Mt= 0.00> <Spt= 0.00> <nCl=  0> <al=0.50> <DB= 1045.9873> <Mlp= 1045.9873> <PB=1074.4> 
@@ 2 0 1045.99 0 0 32.3021 22.51
<DWph=1> <it=  2> <et=22.51> <Mt= 0.00> <Spt= 0.00> <nCl=  0> <al=0.00> <DB= 1045.9873> <Mlp= 1045.9873> <PB=1074.4> 
False gap = 28.4127
Labels distribution in buckets (bucket size) : largest - 483, top 0.1% - 456, top 0.5% - 305, top 2% - 172, top 10% - 41, top 50% - 0
Reduced cost fixing for graph G_1... 37663 buck. arcs remain (98.7% from prev., 29.6% from max.) + 3711 jump buck. arcs (2.91% from max.)
Backward reduced cost fixing... 37921 buck. arcs remain (98.8% from prev., 29.7% from max.) + 2128 jump buck. arcs (1.67% from max.)
 TT = 2.99809, pt = 0.11924, dt = 2.44905, ct = 0.428351, ndl = 170', bdl = 1970', odl = 139', odf = 1366', lpcb = 726', cnt = 59951', bdch = 194141', odch = 36098', lcp = 39214'
Labels distribution in buckets (bucket size) : largest - 844, top 0.1% - 795, top 0.5% - 469, top 2% - 286, top 10% - 75, top 50% - 0
Run forward enumeration with border = 106.4... not succeeded (ratio 0.898872) lpt = 0.03854, ndl = 16', dl = 2', lpcb = 45', dch = 71'
 TT = 0.044095, pt = 0.000237, dt = 0.03854, ct = 0, ndl = 16', bdl = 2', lpcb = 45', cnt = 2123', bdch = 71', odch = 0', lcp = 0'
False gap = 14.2063
Labels distribution in buckets (bucket size) : largest - 844, top 0.1% - 795, top 0.5% - 469, top 2% - 286, top 10% - 75, top 50% - 0
Reduced cost fixing for graph G_1... 19551 buck. arcs remain (51.9% from prev., 15.3% from max.) + 3456 jump buck. arcs (2.71% from max.)
Backward reduced cost fixing... 19453 buck. arcs remain (51.3% from prev., 15.3% from max.) + 2775 jump buck. arcs (2.18% from max.)
 TT = 2.28249, pt = 0.11862, dt = 1.79491, ct = 0.367751, ndl = 158', bdl = 980', odl = 107', odf = 1190', lpcb = 1556', cnt = 44057', bdch = 104930', odch = 28314', lcp = 31257'
Labels distribution in buckets (bucket size) : largest - 844, top 0.1% - 787, top 0.5% - 469, top 2% - 286, top 10% - 70, top 50% - 0
Run forward enumeration with border = 106.4... succeeded! lpt = 1.03946, ndl = 65', dl = 35', lpcb = 1190', dch = 1224'
Run backward enumeration... not succeeded (ratio 0.747829) lpt = 0.136786, ndl = 38', dl = 10', lpcb = 90', dch = 50'
 TT = 1.24964, pt = 0, dt = 1.17625, ct = 0, ndl = 103', bdl = 45', lpcb = 1281', cnt = 65015', bdch = 1274', odch = 0', lcp = 0'
False gap = 7.10317
Labels distribution in buckets (bucket size) : largest - 844, top 0.1% - 787, top 0.5% - 469, top 2% - 286, top 10% - 70, top 50% - 0
Reduced cost fixing for graph G_1... 10246 buck. arcs remain (52.4% from prev., 8.04% from max.) + 3273 jump buck. arcs (2.57% from max.)
Backward reduced cost fixing... 10189 buck. arcs remain (52.4% from prev., 7.99% from max.) + 2324 jump buck. arcs (1.82% from max.)
 TT = 1.17662, pt = 0.103666, dt = 0.823426, ct = 0.248353, ndl = 122', bdl = 401', odl = 57', odf = 773', lpcb = 871', cnt = 26971', bdch = 38077', odch = 12860', lcp = 14054'
Labels distribution in buckets (bucket size) : largest - 738, top 0.1% - 729, top 0.5% - 423, top 2% - 236, top 10% - 60, top 50% - 0
Run forward enumeration with border = 106.4... succeeded! lpt = 0.139518, ndl = 13', dl = 2', lpcb = 154', dch = 50'
Run backward enumeration... succeeded! lpt = 0.182076, ndl = 35', dl = 6', lpcb = 120', dch = 29'
Run enumeration concatenation with time limit 3000 sec.... done!
 TT = 0.894753, pt = 0, dt = 0.321594, ct = 0.259711, ndl = 49', bdl = 9', lpcb = 275', cnt = 15762', bdch = 80', odch = 0', lcp = 0'
Enumeration succeeded!, number of elem. solutions is 144774
144774 enum. solutions in graph 1
Added 2237 columns in the formulation 
Removed 2119 columns (not in the enumerated set) from the formulation
Regenerated 2237 columns with the 'enumerated' flag
Added 5000 enum. columns to the heuristic restricted master 
Added 3935 columns in the formulation 
------------------------------------------------
---- Restricted Master IP Heuristic started ----
------------------------------------------------
Version identifier: 20.1.0.0 | 2020-11-10 | 9bedb6d68
CPXPARAM_Advance                                 0
CPXPARAM_Threads                                 1
CPXPARAM_Emphasis_MIP                            1
CPXPARAM_MIP_Limits_Nodes                        2000000
CPXPARAM_Simplex_Tolerances_Optimality           9.9999999999999995e-08
CPXPARAM_Simplex_Tolerances_Feasibility          9.9999999999999995e-08
CPXPARAM_TimeLimit                               20
CPXPARAM_MIP_Tolerances_UpperCutoff              1074.4000000000001
CPXPARAM_MIP_Tolerances_MIPGap                   1.0000000000000001e-09
Tried aggregator 1 time.
MIP Presolve eliminated 13 rows and 290 columns.
MIP Presolve modified 6021 coefficients.
Reduced MIP has 230 rows, 5882 columns, and 173237 nonzeros.
Reduced MIP has 5882 binaries, 0 generals, 0 SOSs, and 0 indicators.
Presolve time = 0.15 sec. (208.08 ticks)
Tried aggregator 1 time.
Detecting symmetries...
Reduced MIP has 230 rows, 5882 columns, and 173237 nonzeros.
Reduced MIP has 5882 binaries, 0 generals, 0 SOSs, and 0 indicators.
Presolve time = 0.08 sec. (128.39 ticks)
Probing fixed 1162 vars, tightened 0 bounds.
Probing time = 0.86 sec. (1496.89 ticks)
Clique table members: 263.
MIP emphasis: integer feasibility.
MIP search method: dynamic search.
Parallel mode: none, using 1 thread.
Root relaxation solution time = 0.14 sec. (471.62 ticks)

        Nodes                                         Cuts/
   Node  Left     Objective  IInf  Best Integer    Best Bound    ItCnt     Gap

      0     0     1046.1437   107                   1046.1437     1549         
      0     0     1046.4390   158                    Cuts: 53     1938         
      0     0     1046.5369   153                    Cuts: 18     2196         
      0     0     1046.5454   154                  Cliques: 6     2264         
Detecting symmetries...
      0     2     1046.5484   100                   1046.5488     2311         
Elapsed time = 3.20 sec. (6672.56 ticks, tree = 0.01 MB, solutions = 0)
      6     8     1046.8088    87                   1046.5488     3479         
*    10    10      integral     0     1051.3000     1046.5488     4022    0.45%
     13    11     1047.0958   100     1051.3000     1046.8103     4456    0.43%
     17    15     1047.9478    84     1051.3000     1046.8103     5021    0.43%
     18    16     1048.2753    73     1051.3000     1046.8103     5271    0.43%
     30    20     1047.6492    69     1051.3000     1046.8103     6247    0.43%
*    34    18      integral     0     1048.7000     1046.8103     6579    0.18%
     41    20     1048.5946    67     1048.7000     1046.8103     7463    0.18%
     53    16        cutoff           1048.7000     1046.9919     8750    0.16%
     95    11     1047.2474    99     1048.7000     1047.2482     9964    0.14%
    126     7     1047.9022    78     1048.7000     1047.7587    11671    0.09%

Clique cuts applied:  12
Zero-half cuts applied:  1
Gomory fractional cuts applied:  2

Root node processing (before b&c):
  Real time             =    3.17 sec. (6636.92 ticks)
Sequential b&c:
  Real time             =    1.15 sec. (2628.61 ticks)
                          ------------
Total (root+branch&cut) =    4.32 sec. (9265.53 ticks)
Solution status = Optimum
**** Strong branching phase 1 is started *****
SB phase 1 cand.  1 branch on VNB (lhs=11.2940)        : [ 1047.0776,  1050.2201], score = 4.61      <et=36.29>
SB phase 1 cand.  2 branch on EDGE[92,95] (lhs=0.4811) : [ 1046.2230,  1046.2755], score = 0.07      <et=36.37>
SB phase 1 cand.  3 branch on EDGE[59,92] (lhs=0.4767) : [ 1046.1219,  1046.7017], score = 0.10      <et=36.46>
SB phase 1 cand.  4 branch on EDGE[61,85] (lhs=0.4685) : [ 1046.2255,  1046.4589], score = 0.11      <et=36.54>
SB phase 1 cand.  5 branch on EDGE[37,100] (lhs=0.4575): [ 1046.1262,  1046.3653], score = 0.05      <et=36.63>
SB phase 1 cand.  6 branch on EDGE[5,83] (lhs=0.4343)  : [ 1046.1147,  1046.3962], score = 0.05      <et=36.71>
SB phase 1 cand.  7 branch on EDGE[85,93] (lhs=0.4300) : [ 1046.1950,  1046.2929], score = 0.06      <et=36.8>
SB phase 1 cand.  8 branch on EDGE[0,59] (lhs=0.4170)  : [ 1046.1101,  1046.5206], score = 0.07      <et=36.88>
SB phase 1 cand.  9 branch on EDGE[93,96] (lhs=0.3961) : [ 1046.1132,  1046.3744], score = 0.05      <et=36.97>
SB phase 1 cand. 10 branch on EDGE[96,99] (lhs=0.3935) : [ 1046.1194,  1046.7824], score = 0.11      <et=37.05>
SB phase 1 cand. 11 branch on EDGE[5,17] (lhs=0.6216)  : [ 1046.1436,  1046.5528], score = 0.09      <et=37.14>
SB phase 1 cand. 12 branch on EDGE[0,96] (lhs=0.6274)  : [ 1046.1017,  1046.6385], score = 0.07      <et=37.22>
SB phase 1 cand. 13 branch on EDGE[0,42] (lhs=0.3649)  : [ 1046.1845,  1046.4284], score = 0.09      <et=37.31>
SB phase 1 cand. 14 branch on EDGE[37,92] (lhs=0.3638) : [ 1046.1173,  1046.4862], score = 0.06      <et=37.39>
SB phase 1 cand. 15 branch on EDGE[61,84] (lhs=0.3596) : [ 1046.2580,  1046.8243], score = 0.23      <et=37.5>
SB phase 1 cand. 16 branch on EDGE[16,61] (lhs=0.3568) : [ 1046.3291,  1046.7747], score = 0.27      <et=37.61>
SB phase 1 cand. 17 branch on EDGE[6,87] (lhs=0.6504)  : [ 1046.3066,  1046.3415], score = 0.11      <et=37.7>
SB phase 1 cand. 18 branch on EDGE[17,84] (lhs=0.6608) : [ 1046.2307,  1046.7859], score = 0.19      <et=37.79>
SB phase 1 cand. 19 branch on EDGE[97,99] (lhs=0.6692) : [ 1046.3324,  1046.3486], score = 0.12      <et=37.88>
SB phase 1 cand. 20 branch on EDGE[17,83] (lhs=0.3169) : [ 1046.1038,  1047.1402], score = 0.13      <et=37.97>
SB phase 1 cand. 21 branch on EDGE[85,99] (lhs=0.3166) : [ 1046.0762,  1047.3930], score = 0.12      <et=38.06>
SB phase 1 cand. 22 branch on EDGE[59,96] (lhs=0.3133) : [ 1046.0955,  1046.5256], score = 0.06      <et=38.14>
SB phase 1 cand. 23 branch on EDGE[59,93] (lhs=0.2932) : [ 1046.0924,  1046.5099], score = 0.05      <et=38.23>
SB phase 1 cand. 24 branch on EDGE[42,95] (lhs=0.2925) : [ 1046.0789,  1047.2584], score = 0.12      <et=38.32>
SB phase 1 cand. 25 branch on EDGE[16,91] (lhs=0.7093) : [ 1046.2171,  1046.5973], score = 0.14      <et=38.41>
SB phase 1 cand. 26 branch on EDGE[0,93] (lhs=0.2860)  : [ 1046.0726,  1047.3726], score = 0.12      <et=38.51>
SB phase 1 cand. 27 branch on EDGE[93,98] (lhs=0.2860) : [ 1046.0652,  1046.8152], score = 0.06      <et=38.6>
SB phase 1 cand. 28 branch on EDGE[85,98] (lhs=0.2717) : [ 1046.1095,  1046.9349], score = 0.12      <et=38.69>
SB phase 1 cand. 29 branch on EDGE[37,98] (lhs=0.7358) : [ 1046.0924,  1046.4760], score = 0.05      <et=38.79>
SB phase 1 cand. 30 branch on EDGE[85,100] (lhs=0.2640): [ 1046.1086,  1047.0686], score = 0.13      <et=38.87>
SB phase 1 cand. 31 branch on EDGE[16,86] (lhs=0.7501) : [ 1046.0577,  1046.9486], score = 0.07      <et=38.96>
SB phase 1 cand. 32 branch on EDGE[0,53] (lhs=1.2413)  : [ 1046.1849,  1047.7514], score = 0.35      <et=39.06>
SB phase 1 cand. 33 branch on EDGE[0,40] (lhs=0.2413)  : [ 1046.1889,  1046.6026], score = 0.12      <et=39.16>
SB phase 1 cand. 34 branch on EDGE[4,72] (lhs=0.7587)  : [ 1046.1726,  1046.4902], score = 0.09      <et=39.25>
SB phase 1 cand. 35 branch on EDGE[40,53] (lhs=0.7587) : [ 1046.1862,  1047.7514], score = 0.35      <et=39.36>
SB phase 1 cand. 36 branch on EDGE[40,58] (lhs=0.7587) : [ 1046.1889,  1046.6026], score = 0.12      <et=39.45>
SB phase 1 cand. 37 branch on EDGE[0,5] (lhs=0.2368)   : [ 1046.0312,  1048.0625], score = 0.09      <et=39.55>
SB phase 1 cand. 38 branch on EDGE[42,92] (lhs=0.2315) : [ 1046.0423,  1046.7303], score = 0.04      <et=39.63>
SB phase 1 cand. 39 branch on EDGE[14,42] (lhs=0.7701) : [ 1046.2109,  1047.4036], score = 0.32      <et=39.73>
SB phase 1 cand. 40 branch on EDGE[0,92] (lhs=0.2273)  : [ 1046.0674,  1046.4976], score = 0.04      <et=39.81>
SB phase 1 cand. 41 branch on EDGE[5,60] (lhs=0.2238)  : [ 1046.1042,  1046.4703], score = 0.06      <et=39.9>
SB phase 1 cand. 42 branch on EDGE[5,61] (lhs=0.2192)  : [ 1046.0256,  1048.9727], score = 0.11      <et=40>
SB phase 1 cand. 43 branch on EDGE[59,99] (lhs=0.2063) : [ 1046.0399,  1046.7674], score = 0.04      <et=40.09>
SB phase 1 cand. 44 branch on EDGE[14,44] (lhs=0.8071) : [ 1046.1726,  1047.4959], score = 0.28      <et=40.19>
SB phase 1 cand. 45 branch on EDGE[18,45] (lhs=0.8121) : [ 1046.1016,  1047.9828], score = 0.23      <et=40.28>
SB phase 1 cand. 46 branch on EDGE[92,98] (lhs=0.1817) : [ 1046.0109,  1046.7069], score = 0.02      <et=40.36>
SB phase 1 cand. 47 branch on EDGE[60,83] (lhs=0.8187) : [ 1046.0973,  1047.2719], score = 0.14      <et=40.44>
SB phase 1 cand. 48 branch on EDGE[0,73] (lhs=0.8194)  : [ 1046.1107,  1046.9173], score = 0.11      <et=40.55>
SB phase 1 cand. 49 branch on EDGE[14,43] (lhs=0.1806) : [ 1046.1181,  1047.6253], score = 0.21      <et=40.64>
SB phase 1 cand. 50 branch on EDGE[15,42] (lhs=0.1806) : [ 1046.1205,  1047.6723], score = 0.22      <et=40.75>
SB phase 1 cand. 51 branch on EDGE[15,43] (lhs=0.8194) : [ 1046.1205,  1047.6214], score = 0.22      <et=40.85>
SB phase 1 cand. 52 branch on EDGE[41,43] (lhs=0.8194) : [ 1046.1080,  1047.6253], score = 0.20      <et=40.96>
SB phase 1 cand. 53 branch on EDGE[38,86] (lhs=0.8215) : [ 1046.1221,  1047.6681], score = 0.23      <et=41.05>
SB phase 1 cand. 54 branch on EDGE[14,38] (lhs=0.1736) : [ 1046.0941,  1047.5730], score = 0.17      <et=41.15>
SB phase 1 cand. 55 branch on EDGE[61,99] (lhs=0.1683) : [ 1046.0936,  1048.6932], score = 0.29      <et=41.24>
SB phase 1 cand. 56 branch on EDGE[45,83] (lhs=0.1681) : [ 1046.0837,  1048.9414], score = 0.28      <et=41.34>
SB phase 1 cand. 57 branch on EDGE[98,100] (lhs=0.1663): [ 1046.0230,  1046.5502], score = 0.02      <et=41.41>
SB phase 1 cand. 58 branch on EDGE[39,55] (lhs=0.1571) : [ 1046.0596,  1046.7652], score = 0.06      <et=41.5>
SB phase 1 cand. 59 branch on EDGE[39,56] (lhs=0.8429) : [ 1046.0633,  1046.7652], score = 0.06      <et=41.59>
SB phase 1 cand. 60 branch on EDGE[55,56] (lhs=0.8429) : [ 1046.0685,  1046.7155], score = 0.06      <et=41.68>
SB phase 1 cand. 61 branch on EDGE[0,82] (lhs=0.8501)  : [ 1046.0364,  1047.6788], score = 0.08      <et=41.75>
SB phase 1 cand. 62 branch on EDGE[6,96] (lhs=0.1453)  : [ 1046.0721,  1049.1141], score = 0.27      <et=41.85>
SB phase 1 cand. 63 branch on EDGE[26,54] (lhs=0.8551) : [ 1045.9991,  1046.5394], score = 0.01      <et=41.91>
SB phase 1 cand. 64 branch on EDGE[0,54] (lhs=0.1449)  : [ 1045.9991,  1046.5394], score = 0.01      <et=41.97>
SB phase 1 cand. 65 branch on EDGE[36,46] (lhs=0.8574) : [ 1046.0454,  1047.8029], score = 0.11      <et=42.06>
SB phase 1 cand. 66 branch on EDGE[36,47] (lhs=0.1426) : [ 1046.0454,  1047.8355], score = 0.11      <et=42.15>
SB phase 1 cand. 67 branch on EDGE[46,47] (lhs=0.8574) : [ 1046.0454,  1047.7835], score = 0.10      <et=42.23>
SB phase 1 cand. 68 branch on EDGE[8,84] (lhs=0.8578)  : [ 1046.0676,  1050.8263], score = 0.39      <et=42.33>
SB phase 1 cand. 69 branch on EDGE[61,86] (lhs=0.1403) : [ 1046.0122,  1048.4128], score = 0.06      <et=42.42>
SB phase 1 cand. 70 branch on EDGE[8,46] (lhs=0.1352)  : [ 1046.0454,  1048.6566], score = 0.15      <et=42.51>
SB phase 1 cand. 71 branch on EDGE[17,86] (lhs=0.1331) : [ 1046.0750,  1049.5880], score = 0.32      <et=42.61>
SB phase 1 cand. 72 branch on EDGE[93,100] (lhs=0.1314): [ 1046.0211,  1047.9241], score = 0.07      <et=42.7>
SB phase 1 cand. 73 branch on EDGE[8,45] (lhs=0.8756)  : [ 1046.0362,  1049.3524], score = 0.16      <et=42.79>
SB phase 1 cand. 74 branch on EDGE[40,87] (lhs=0.1225) : [ 1046.0167,  1048.0563], score = 0.06      <et=42.87>
SB phase 1 cand. 75 branch on EDGE[0,95] (lhs=0.8805)  : [ 1046.0179,  1046.8721], score = 0.03      <et=42.95>
SB phase 1 cand. 76 branch on EDGE[0,2] (lhs=0.8813)   : [ 1046.0595,  1047.7426], score = 0.13      <et=43.04>
SB phase 1 cand. 77 branch on EDGE[37,97] (lhs=0.1169) : [ 1046.0328,  1050.4926], score = 0.20      <et=43.12>
SB phase 1 cand. 78 branch on EDGE[45,46] (lhs=0.1134) : [ 1046.0356,  1049.2917], score = 0.16      <et=43.21>
SB phase 1 cand. 79 branch on EDGE[6,94] (lhs=0.8882)  : [ 1046.0600,  1047.1547], score = 0.08      <et=43.29>
SB phase 1 cand. 80 branch on EDGE[42,87] (lhs=0.1112) : [ 1046.0496,  1054.8394], score = 0.55      <et=43.4>
SB phase 1 cand. 81 branch on EDGE[95,97] (lhs=0.1053) : [ 1046.0166,  1047.5934], score = 0.05      <et=43.5>
SB phase 1 cand. 82 branch on EDGE[98,99] (lhs=0.1044) : [ 1046.0046,  1050.9857], score = 0.09      <et=43.59>
SB phase 1 cand. 83 branch on EDGE[0,83] (lhs=0.1031)  : [ 1046.0255,  1048.9412], score = 0.11      <et=43.68>
SB phase 1 cand. 84 branch on EDGE[16,17] (lhs=0.1005) : [ 1045.9955,  1048.0144], score = 0.02      <et=43.77>
SB phase 1 cand. 85 branch on EDGE[85,91] (lhs=0.1003) : [ 1046.0166,  1047.3169], score = 0.04      <et=43.85>
SB phase 1 cand. 86 branch on EDGE[60,89] (lhs=0.9000) : [ 1046.0553,  1046.6282], score = 0.04      <et=43.94>
SB phase 1 cand. 87 branch on EDGE[17,61] (lhs=0.0984) : [ 1046.0000,  1048.6238], score = 0.03      <et=44.03>
SB phase 1 cand. 88 branch on EDGE[4,56] (lhs=0.0964)  : [ 1046.0178,  1049.2215], score = 0.10      <et=44.12>
SB phase 1 cand. 89 branch on EDGE[15,41] (lhs=0.0964) : [ 1046.0586,  1049.4168], score = 0.24      <et=44.22>
SB phase 1 cand. 90 branch on EDGE[21,73] (lhs=0.0964) : [ 1046.0351,  1047.2288], score = 0.06      <et=44.3>
SB phase 1 cand. 91 branch on EDGE[22,56] (lhs=0.0964) : [ 1046.0085,  1049.5963], score = 0.08      <et=44.39>
SB phase 1 cand. 92 branch on EDGE[58,72] (lhs=0.0964) : [ 1046.0125,  1047.3441], score = 0.03      <et=44.47>
SB phase 1 cand. 93 branch on EDGE[72,74] (lhs=0.0964) : [ 1046.0178,  1047.7893], score = 0.05      <et=44.54>
SB phase 1 cand. 94 branch on EDGE[21,72] (lhs=0.9036) : [ 1046.0351,  1047.2112], score = 0.06      <et=44.63>
SB phase 1 cand. 95 branch on EDGE[22,74] (lhs=0.9036) : [ 1046.0355,  1048.3933], score = 0.12      <et=44.73>
SB phase 1 cand. 96 branch on EDGE[43,57] (lhs=0.0964) : [ 1046.0586,  1049.4262], score = 0.25      <et=44.82>
SB phase 1 cand. 97 branch on EDGE[15,57] (lhs=0.9036) : [ 1046.0586,  1049.4262], score = 0.25      <et=44.92>
SB phase 1 cand. 98 branch on EDGE[13,94] (lhs=0.9046) : [ 1046.0075,  1047.0755], score = 0.02      <et=44.99>
SB phase 1 cand. 99 branch on EDGE[0,94] (lhs=0.0954)  : [ 1046.0075,  1047.4306], score = 0.03      <et=45.07>
SB phase 1 cand. 100 branch on EDGE[0,61] (lhs=0.0934)  : [ 1046.0425,  1048.5500], score = 0.14      <et=45.17>
**** Strong branching phase 2 is started *****
<DWph=1> <it= 25> <et=46.99> <Mt= 0.97> <Spt= 0.84> <nCl=206> <al=0.00> <DB= 1048.4989> <Mlp= 1048.4989> <PB=1048.7> 
<DWph=1> <it= 11> <et=47.85> <Mt= 0.10> <Spt= 0.60> <nCl= 71> <al=0.00> <DB= 1046.9888> <Mlp= 1046.9888> <PB=1048.7> 
SB phase 2 cand.  1 branch on VNB (lhs=11.2940)       : [ 1046.9888,  1048.4989], score = 2.52      <et=47.86>
<DWph=1> <it= 26> <et=49.09> <Mt= 0.27> <Spt= 0.92> <nCl=229> <al=0.00> <DB= 1051.4806> <Mlp= 1051.4806> <PB=1048.7> 
<DWph=1> <it=  4> <et=49.37> <Mt= 0.02> <Spt= 0.23> <nCl= 15> <al=0.00> <DB= 1046.0491> <Mlp= 1046.0491> <PB=1048.7> 
SB phase 2 cand.  2 branch on EDGE[42,87] (lhs=0.1112): [ 1046.0491,  1051.4806], score = 0.34      <et=49.37>
<DWph=1> <it= 28> <et=50.85> <Mt= 0.20> <Spt= 1.24> <nCl=207> <al=0.00> <DB= 1048.7000> <Mlp= 1048.7000> <PB=1048.7> 
<DWph=1> <it=  5> <et=51.35> <Mt= 0.07> <Spt= 0.40> <nCl= 28> <al=0.00> <DB= 1046.0580> <Mlp= 1046.0580> <PB=1048.7> 
SB phase 2 cand.  3 branch on EDGE[8,84] (lhs=0.8578) : [ 1046.0580,  1048.7000], score = 0.19      <et=51.36>
**** Strong branching phase 3 is started *****
**** SB phase 3 evaluation of candidate 1, branch 1 ( VNB >= 12 ), value = 1048.5
<DWph=2> <it=  1> <et=51.42> <Mt= 0.00> <Spt= 0.02> <nCl=  5> <al=0.00> <DB= 1048.4989> <Mlp= 1048.4989> <PB=1048.7> 
<DWph=1> <it=  2> <et=51.50> <Mt= 0.01> <Spt= 0.08> <nCl=  0> <al=0.00> <DB= 1048.4989> <Mlp= 1048.4989> <PB=1048.7> 
    RCSP exact solver info for graph G_1 : TT = 0.119034, pt = 0.003773, dt = 0.107481, ct = 0.006851, ndl = 17', bdl = 114', odl = 18', odf = 106', bsi = 1', cnt = 36', bdch = 4369', odch = 923', lcp = 1242', #sols = 150
<DWph=0> <it=  3> <et=51.63> <Mt= 0.00> <Spt= 0.13> <nCl= 79> <al=0.30> <DB=  994.5340> <Mlp= 1048.4989> <PB=1048.7> 
    RCSP exact solver info for graph G_1 : TT = 0.122122, pt = 0.004292, dt = 0.110025, ct = 0.006825, ndl = 17', bdl = 114', odl = 17', odf = 105', bsi = 1', cnt = 38', bdch = 4472', odch = 953', lcp = 1291', #sols = 150
<DWph=0> <it=  4> <et=51.80> <Mt= 0.04> <Spt= 0.13> <nCl= 14> <al=0.20> <DB= 1034.5376> <Mlp= 1048.4657> <PB=1048.7> 
    RCSP exact solver info for graph G_1 : TT = 0.122486, pt = 0.004391, dt = 0.109179, ct = 0.007932, ndl = 17', bdl = 108', odl = 17', odf = 106', bsi = 1', cnt = 43', bdch = 4417', odch = 957', lcp = 1231', #sols = 150
<DWph=0> <it=  5> <et=52.01> <Mt= 0.08> <Spt= 0.13> <nCl=  5> <al=0.28> <DB= 1043.8412> <Mlp= 1048.4586> <PB=1048.7> 
    RCSP exact solver info for graph G_1 : TT = 0.120169, pt = 0.004415, dt = 0.107895, ct = 0.006888, ndl = 17', bdl = 110', odl = 17', odf = 103', bsi = 1', cnt = 35', bdch = 4316', odch = 888', lcp = 1239', #sols = 150
<DWph=0> <it=  6> <et=52.15> <Mt= 0.00> <Spt= 0.13> <nCl=  3> <al=0.35> <DB= 1046.8327> <Mlp= 1048.4578> <PB=1048.7> 
    RCSP exact solver info for graph G_1 : TT = 0.119499, pt = 0.004361, dt = 0.107285, ct = 0.00688, ndl = 17', bdl = 110', odl = 17', odf = 103', bsi = 1', cnt = 34', bdch = 4307', odch = 883', lcp = 1234', #sols = 150
<DWph=0> <it=  7> <et=52.27> <Mt= 0.01> <Spt= 0.12> <nCl=  1> <al=0.25> <DB= 1047.5269> <Mlp= 1048.4578> <PB=1048.7> 
    RCSP exact solver info for graph G_1 : TT = 0.119732, pt = 0.004375, dt = 0.107484, ct = 0.006862, ndl = 17', bdl = 110', odl = 17', odf = 103', bsi = 1', cnt = 34', bdch = 4310', odch = 887', lcp = 1236', #sols = 150
<DWph=0> <it=  8> <et=52.40> <Mt= 0.00> <Spt= 0.12> <nCl=  1> <al=0.33> <DB= 1048.1535> <Mlp= 1048.4578> <PB=1048.7> 
    RCSP exact solver info for graph G_1 : TT = 0.120278, pt = 0.004394, dt = 0.107965, ct = 0.006903, ndl = 17', bdl = 110', odl = 17', odf = 103', bsi = 1', cnt = 34', bdch = 4276', odch = 881', lcp = 1222', #sols = 150
<DWph=0> <it=  9> <et=52.52> <Mt= 0.00> <Spt= 0.13> <nCl=  1> <al=0.23> <DB= 1048.3888> <Mlp= 1048.4578> <PB=1048.7> 
    RCSP exact solver info for graph G_1 : TT = 0.119039, pt = 0.004328, dt = 0.106756, ct = 0.00697, ndl = 17', bdl = 112', odl = 17', odf = 104', bsi = 2', cnt = 35', bdch = 4284', odch = 886', lcp = 1220', #sols = 150
    RCSP exact solver info for graph G_1 : TT = 0.116544, pt = 0.003959, dt = 0.104714, ct = 0.006838, ndl = 17', bdl = 111', odl = 17', odf = 104', bsi = 1', cnt = 35', bdch = 4274', odch = 884', lcp = 1219', #sols = 150
<DWph=0> <it= 10> <et=52.77> <Mt= 0.00> <Spt= 0.24> <nCl=  9> <al=0.00> <DB= 1048.4578> <Mlp= 1048.4578> <PB=1048.7> 
Dynamic params and stats :  bidir.bord. = 107 aver.obdmd = 6.47059 aver.buck.num. = 15.2941 nbR1C = 92 with avMem = 11.2826
@@ 210 0 1048.46 0.114637 0.117111 32.3021 52.77
Labels distribution in buckets (bucket size) : largest - 356, top 0.1% - 349, top 0.5% - 216, top 2% - 108, top 10% - 28, top 50% - 0
Reduced cost fixing for graph G_1... 2052 buck. arcs remain (5.38% from prev., 1.61% from max.) + 1694 jump buck. arcs (1.33% from max.)
Backward reduced cost fixing... 2058 buck. arcs remain (5.36% from prev., 1.61% from max.) + 1156 jump buck. arcs (0.907% from max.)
 TT = 0.146836, pt = 0.049065, dt = 0.051208, ct = 0.0455, ndl = 25', bdl = 192', odl = 11', odf = 96', lpcb = 451', cnt = 747', bdch = 4225', odch = 886', lcp = 706'
Labels distribution in buckets (bucket size) : largest - 415, top 0.1% - 358, top 0.5% - 238, top 2% - 140, top 10% - 35, top 50% - 0
Run forward enumeration with border = 107... succeeded! lpt = 0.001619, ndl = 0', dl = 0', lpcb = 0', dch = 0'
Run backward enumeration... succeeded! lpt = 0.001855, ndl = 0', dl = 0', lpcb = 0', dch = 0'
Run enumeration concatenation with time limit 3.46533 sec.... done!
 TT = 0.006006, pt = 0.000313, dt = 0.003474, ct = 0.000247, ndl = 1', bdl = 0', lpcb = 1', cnt = 18', bdch = 0', odch = 0', lcp = 0'
Enumeration succeeded!, number of elem. solutions is 285
Estimating inspection time...     TT = 0.000495, performed by inspection with 285 solutions, nbR1C = 92, nbDiscC = 0
Inspection time is low enough. Pricing will be done by inspection.
Added 333 columns in the formulation 
Removed 4347 columns (not in the enumerated set) from the formulation
Regenerated 333 columns with the 'enumerated' flag
Added 37 columns in the formulation 
ColGenEvalAlg final dual bound: 1048.46 (rounded: 1048.46)
Current active cuts : R1C(4+88,106.49) 1rowPackR1C(4) 3rowPackR1C(64) 4rowPackR1C(13) 5rowPackR1C(11)
----- Terminating the node by MIP -----
Version identifier: 20.1.0.0 | 2020-11-10 | 9bedb6d68
CPXPARAM_Advance                                 0
CPXPARAM_Threads                                 1
CPXPARAM_MIP_Limits_Nodes                        2000000
CPXPARAM_Simplex_Tolerances_Optimality           9.9999999999999995e-08
CPXPARAM_Simplex_Tolerances_Feasibility          9.9999999999999995e-08
CPXPARAM_TimeLimit                               1712.0698
CPXPARAM_MIP_Tolerances_UpperCutoff              1048.7
CPXPARAM_MIP_Tolerances_MIPGap                   1.0000000000000001e-09
Tried aggregator 2 times.
MIP Presolve eliminated 121 rows and 304 columns.
MIP Presolve modified 2145 coefficients.
Aggregator did 3 substitutions.
Reduced MIP has 73 rows, 63 columns, and 705 nonzeros.
Reduced MIP has 63 binaries, 0 generals, 0 SOSs, and 0 indicators.
Presolve time = 0.01 sec. (18.19 ticks)

Root node processing (before b&c):
  Real time             =    0.01 sec. (18.50 ticks)
Sequential b&c:
  Real time             =    0.00 sec. (0.00 ticks)
                          ------------
Total (root+branch&cut) =    0.01 sec. (18.50 ticks)
Solution status = Infeasible
**** SB phase 3 evaluation of candidate 1, branch 2 ( VNB <= 11 ), value = 1046.99
<DWph=2> <it=  1> <et=53.10> <Mt= 0.00> <Spt= 0.02> <nCl=  5> <al=0.00> <DB= 1046.9888> <Mlp= 1046.9888> <PB=1048.7> 
<DWph=1> <it=  2> <et=53.21> <Mt= 0.01> <Spt= 0.11> <nCl=  0> <al=0.00> <DB= 1046.9888> <Mlp= 1046.9888> <PB=1048.7> 
    RCSP exact solver info for graph G_1 : TT = 0.231682, pt = 0.004146, dt = 0.213447, ct = 0.012986, ndl = 30', bdl = 188', odl = 21', odf = 160', bsi = 2', cnt = 121', bdch = 11178', odch = 2118', lcp = 3192', #sols = 150
<DWph=0> <it=  3> <et=53.46> <Mt= 0.00> <Spt= 0.24> <nCl= 67> <al=0.30> <DB= 1015.5007> <Mlp= 1046.9888> <PB=1048.7> 
    RCSP exact solver info for graph G_1 : TT = 0.221236, pt = 0.004601, dt = 0.201684, ct = 0.013807, ndl = 28', bdl = 182', odl = 21', odf = 155', bsi = 2', cnt = 152', bdch = 10161', odch = 1971', lcp = 2876', #sols = 150
<DWph=0> <it=  4> <et=53.71> <Mt= 0.02> <Spt= 0.23> <nCl= 31> <al=0.20> <DB= 1027.1608> <Mlp= 1046.9327> <PB=1048.7> 
    RCSP exact solver info for graph G_1 : TT = 0.221377, pt = 0.004687, dt = 0.20214, ct = 0.01343, ndl = 28', bdl = 182', odl = 21', odf = 155', bsi = 2', cnt = 135', bdch = 10200', odch = 1937', lcp = 2859', #sols = 150
<DWph=0> <it=  5> <et=53.95> <Mt= 0.01> <Spt= 0.23> <nCl= 11> <al=0.28> <DB= 1040.7211> <Mlp= 1046.9265> <PB=1048.7> 
    RCSP exact solver info for graph G_1 : TT = 0.222352, pt = 0.004692, dt = 0.20316, ct = 0.01343, ndl = 29', bdl = 182', odl = 21', odf = 156', bsi = 2', cnt = 137', bdch = 10232', odch = 1951', lcp = 2878', #sols = 150
    RCSP exact solver info for graph G_1 : TT = 0.217013, pt = 0.004103, dt = 0.198595, ct = 0.013223, ndl = 29', bdl = 181', odl = 21', odf = 155', bsi = 2', cnt = 138', bdch = 10199', odch = 1951', lcp = 2888', #sols = 150
<DWph=0> <it=  6> <et=54.40> <Mt= 0.01> <Spt= 0.45> <nCl=  7> <al=0.00> <DB= 1046.9258> <Mlp= 1046.9258> <PB=1048.7> 
Dynamic params and stats :  bidir.bord. = 106.4 aver.obdmd = 6.47059 aver.buck.num. = 15.2941 nbR1C = 93 with avMem = 11.5591
@@ 211 0 1046.93 0.21718 0.226433 30.0366 54.4
Labels distribution in buckets (bucket size) : largest - 517, top 0.1% - 436, top 0.5% - 335, top 2% - 184, top 10% - 45, top 50% - 0
Reduced cost fixing for graph G_1... 3509 buck. arcs remain (9.2% from prev., 2.75% from max.) + 2060 jump buck. arcs (1.62% from max.)
Backward reduced cost fixing... 3479 buck. arcs remain (9.06% from prev., 2.73% from max.) + 1799 jump buck. arcs (1.41% from max.)
 TT = 0.321784, pt = 0.112543, dt = 0.100691, ct = 0.10702, ndl = 48', bdl = 363', odl = 14', odf = 182', lpcb = 849', cnt = 7339', bdch = 10756', odch = 1931', lcp = 2346'
Labels distribution in buckets (bucket size) : largest - 883, top 0.1% - 652, top 0.5% - 412, top 2% - 202, top 10% - 57, top 50% - 0
Run forward enumeration with border = 106.4... succeeded! lpt = 0.006113, ndl = 1', dl = 0', lpcb = 6', dch = 0'
Run backward enumeration... succeeded! lpt = 0.006523, ndl = 2', dl = 0', lpcb = 4', dch = 0'
Run enumeration concatenation with time limit 6.47763 sec.... done!
 TT = 0.018793, pt = 0, dt = 0.012636, ct = 0.001649, ndl = 3', bdl = 0', lpcb = 10', cnt = 272', bdch = 0', odch = 0', lcp = 0'
Enumeration succeeded!, number of elem. solutions is 2173
Estimating inspection time...     TT = 0.001309, performed by inspection with 2173 solutions, nbR1C = 93, nbDiscC = 0
Inspection time is low enough. Pricing will be done by inspection.
Added 1070 columns in the formulation 
Removed 3478 columns (not in the enumerated set) from the formulation
Regenerated 1070 columns with the 'enumerated' flag
Added 1373 columns in the formulation 
ColGenEvalAlg final dual bound: 1046.93 (rounded: 1046.93)
Current active cuts : R1C(5+88,110.132) 1rowPackR1C(5) 3rowPackR1C(66) 4rowPackR1C(9) 5rowPackR1C(13)
----- Terminating the node by MIP -----
Version identifier: 20.1.0.0 | 2020-11-10 | 9bedb6d68
CPXPARAM_Advance                                 0
CPXPARAM_Threads                                 1
CPXPARAM_MIP_Limits_Nodes                        2000000
CPXPARAM_Simplex_Tolerances_Optimality           9.9999999999999995e-08
CPXPARAM_Simplex_Tolerances_Feasibility          9.9999999999999995e-08
CPXPARAM_TimeLimit                               1710.1489999999999
CPXPARAM_MIP_Tolerances_UpperCutoff              1048.7
CPXPARAM_MIP_Tolerances_MIPGap                   1.0000000000000001e-09
Tried aggregator 1 time.
MIP Presolve eliminated 19 rows and 469 columns.
MIP Presolve modified 3096 coefficients.
Reduced MIP has 223 rows, 1974 columns, and 59113 nonzeros.
Reduced MIP has 1974 binaries, 0 generals, 0 SOSs, and 0 indicators.
Presolve time = 0.05 sec. (85.82 ticks)
Probing fixed 1458 vars, tightened 0 bounds.
Probing changed sense of 25 constraints.
Probing time = 0.10 sec. (186.18 ticks)
Cover probing fixed 29 vars, tightened 0 bounds.
Tried aggregator 1 time.
MIP Presolve eliminated 81 rows and 1545 columns.
MIP Presolve modified 1348 coefficients.
Reduced MIP has 140 rows, 429 columns, and 10226 nonzeros.
Reduced MIP has 429 binaries, 0 generals, 0 SOSs, and 0 indicators.
Presolve time = 0.02 sec. (32.00 ticks)
Probing fixed 163 vars, tightened 0 bounds.
Probing changed sense of 18 constraints.
Probing time = 0.01 sec. (12.69 ticks)
Cover probing fixed 16 vars, tightened 0 bounds.
Tried aggregator 1 time.
MIP Presolve eliminated 49 rows and 181 columns.
MIP Presolve modified 455 coefficients.
Reduced MIP has 90 rows, 248 columns, and 3417 nonzeros.
Reduced MIP has 248 binaries, 0 generals, 0 SOSs, and 0 indicators.
Presolve time = 0.00 sec. (4.75 ticks)
Probing fixed 74 vars, tightened 0 bounds.
Probing changed sense of 4 constraints.
Probing time = 0.00 sec. (2.70 ticks)
Cover probing fixed 8 vars, tightened 0 bounds.
Tried aggregator 1 time.
MIP Presolve eliminated 16 rows and 82 columns.
Reduced MIP has 74 rows, 166 columns, and 1746 nonzeros.
Reduced MIP has 166 binaries, 0 generals, 0 SOSs, and 0 indicators.
Presolve time = 0.00 sec. (1.70 ticks)
Probing fixed 31 vars, tightened 0 bounds.
Probing changed sense of 4 constraints.
Probing time = 0.00 sec. (1.10 ticks)
Cover probing fixed 48 vars, tightened 0 bounds.
Tried aggregator 1 time.
MIP Presolve eliminated 28 rows and 82 columns.
MIP Presolve modified 59 coefficients.
Reduced MIP has 45 rows, 84 columns, and 438 nonzeros.
Reduced MIP has 84 binaries, 0 generals, 0 SOSs, and 0 indicators.
Presolve time = 0.00 sec. (0.55 ticks)
Probing fixed 27 vars, tightened 0 bounds.
Probing changed sense of 7 constraints.
Probing time = 0.00 sec. (0.19 ticks)

Root node processing (before b&c):
  Real time             =    0.20 sec. (341.11 ticks)
Sequential b&c:
  Real time             =    0.00 sec. (0.00 ticks)
                          ------------
Total (root+branch&cut) =    0.20 sec. (341.11 ticks)
Solution status = Infeasible
 SB phase 3 candidate 1 is conquered !
SB with phases chosed candidate VNB (lhs=11.294)
New model incumbent solution 1048.7, TIME = 0h0m55s15t = 5515
************************************************************************************************
Search is finished, global bounds : [ 1048.7 , 1048.7 ], TIME = 0h0m55s15t = 5515
************************************************************************************************
instance_name solver_name ext_heuristic solution_value solution_time best_lb root_lb root_time nb_branch_and_bound_nodes status
/home/logis/Downloads/VRPSolverEasy/VRPSolverEasy/demos/data/CVRPTW/R111 CPLEX False 1048.7 55.15807655 1048.7 1045.987306380228 22.515376294 3 0

