Node memory for rank-1 cuts will be used (7.29761)
~~~~~~~~~~~~~~~~~~~~~~~~~~~~~~~~~~~~~~~~~~~~~~~~~~~~~~~~~~~~~~~~~~~~~~~~~~~~~~~~~~~~~
VRPSolver v0.5.27, 24/02/2023, © Inria Bordeaux, France, vrpsolver.math.u-bordeaux.fr
      Corresponds to the solver by Pessoa, Sadykov, Uchoa and Vanderbeck (2020)
                 Paper: dx.doi.org/10.1007/s10107-020-01523-z
~~~~~~~~~~~~~~~~~~~~~~~~~~~~~~~~~~~~~~~~~~~~~~~~~~~~~~~~~~~~~~~~~~~~~~~~~~~~~~~~~~~~~
   BaPCod v0.77, 15/03/2023, © Inria Bordeaux, France, bapcod.math.u-bordeaux.fr 
           THIS CODE IS PROVIDED AS IS, USE IT AT YOUR OWN RISK
~~~~~~~~~~~~~~~~~~~~~~~~~~~~~~~~~~~~~~~~~~~~~~~~~~~~~~~~~~~~~~~~~~~~~~~~~~~~~~~~~~~~~
Bucket steps were recalculated for graph G_1 : [4]
RCSP solver info : symmetric case is detected for graph G_1! 
Bidirectional border value is initialised to 50
RCSP solver info : number of forw. reachable buckets / buck. strongly connected components is 1608( 93.7063% ) / 1308( 81.3433% )
Generating neighbourhoods for rank-1 cuts separation
Building structures for 4- and 5-row rank-1 packing cut separation...done!
Model is built TIME = 0h0m0s2t = 2
************************************************************************************************
**** BaB tree root node
**** Local DB = -1e+12, global bounds : [ -1e+12 , 1192.1 ], TIME = 0h0m0s2t = 2
**** 1 open nodes, 0 columns (0 active), 0 dyn. constrs. (0 active), 130 art. vars. (130 active)
************************************************************************************************
#<DWph=2> <it=  1> <et=0.03> <Mt= 0.00> <Spt= 0.00> <nCl= 30> <al=0.00> <DB=-9009648.4400> <Mlp=195981.2400> <PB=1192.1> 
#<DWph=2> <it=  2> <et=0.04> <Mt= 0.00> <Spt= 0.00> <nCl= 30> <al=0.55> <DB=-7054653.3809> <Mlp=190120.7048> <PB=1192.1> 
#<DWph=2> <it=  3> <et=0.04> <Mt= 0.00> <Spt= 0.01> <nCl= 30> <al=0.45> <DB=-8908614.6178> <Mlp=188609.5684> <PB=1192.1> 
#<DWph=2> <it=  4> <et=0.05> <Mt= 0.00> <Spt= 0.00> <nCl= 30> <al=0.51> <DB=-8828695.7814> <Mlp=182811.0604> <PB=1192.1> 
#<DWph=2> <it=  5> <et=0.05> <Mt= 0.00> <Spt= 0.01> <nCl= 30> <al=0.41> <DB=-8358245.4862> <Mlp=181970.7285> <PB=1192.1> 
#<DWph=2> <it=  6> <et=0.06> <Mt= 0.00> <Spt= 0.00> <nCl= 30> <al=0.31> <DB=-7651624.2317> <Mlp=177128.1562> <PB=1192.1> 
#<DWph=2> <it=  7> <et=0.06> <Mt= 0.00> <Spt= 0.01> <nCl= 30> <al=0.21> <DB=-5557051.3536> <Mlp=176543.1640> <PB=1192.1> 
#<DWph=2> <it=  8> <et=0.06> <Mt= 0.00> <Spt= 0.00> <nCl= 30> <al=0.28> <DB=-5612791.7094> <Mlp=176378.9648> <PB=1192.1> 
#<DWph=2> <it=  9> <et=0.07> <Mt= 0.00> <Spt= 0.01> <nCl= 30> <al=0.36> <DB=-3528895.3376> <Mlp=175734.5993> <PB=1192.1> 
#<DWph=2> <it= 10> <et=0.07> <Mt= 0.00> <Spt= 0.00> <nCl= 30> <al=0.26> <DB=-4449093.8616> <Mlp=168734.5819> <PB=1192.1> 
#<DWph=2> <it= 11> <et=0.08> <Mt= 0.00> <Spt= 0.01> <nCl= 30> <al=0.33> <DB=-3155079.3062> <Mlp=167502.8228> <PB=1192.1> 
#<DWph=2> <it= 12> <et=0.08> <Mt= 0.00> <Spt= 0.00> <nCl= 30> <al=0.40> <DB=-2225705.9900> <Mlp=165312.1762> <PB=1192.1> 
#<DWph=2> <it= 13> <et=0.09> <Mt= 0.00> <Spt= 0.00> <nCl= 30> <al=0.30> <DB=-2138276.0879> <Mlp=162786.5403> <PB=1192.1> 
#<DWph=2> <it= 14> <et=0.09> <Mt= 0.00> <Spt= 0.01> <nCl= 30> <al=0.20> <DB=-6104623.3661> <Mlp=160451.2038> <PB=1192.1> 
#<DWph=2> <it= 15> <et=0.10> <Mt= 0.00> <Spt= 0.00> <nCl= 30> <al=0.28> <DB=-2486301.9949> <Mlp=159161.3761> <PB=1192.1> 
#<DWph=2> <it= 16> <et=0.10> <Mt= 0.00> <Spt= 0.01> <nCl= 30> <al=0.18> <DB=-2413757.2795> <Mlp=153429.7057> <PB=1192.1> 
#<DWph=2> <it= 17> <et=0.11> <Mt= 0.00> <Spt= 0.00> <nCl= 30> <al=0.26> <DB=-2066267.0169> <Mlp=150723.2249> <PB=1192.1> 
#<DWph=2> <it= 18> <et=0.11> <Mt= 0.00> <Spt= 0.01> <nCl= 30> <al=0.16> <DB=-2033335.1896> <Mlp=147245.5393> <PB=1192.1> 
#<DWph=2> <it= 19> <et=0.12> <Mt= 0.00> <Spt= 0.00> <nCl= 30> <al=0.24> <DB=-1903621.6924> <Mlp=137664.3230> <PB=1192.1> 
#<DWph=2> <it= 20> <et=0.12> <Mt= 0.00> <Spt= 0.00> <nCl= 30> <al=0.32> <DB=-1718535.6748> <Mlp=133911.0842> <PB=1192.1> 
#<DWph=2> <it= 21> <et=0.13> <Mt= 0.00> <Spt= 0.01> <nCl= 30> <al=0.39> <DB=-1594320.6984> <Mlp=129189.0460> <PB=1192.1> 
#<DWph=2> <it= 22> <et=0.13> <Mt= 0.00> <Spt= 0.00> <nCl= 30> <al=0.45> <DB=-1622980.6278> <Mlp=124873.5405> <PB=1192.1> 
#<DWph=2> <it= 23> <et=0.14> <Mt= 0.00> <Spt= 0.01> <nCl= 30> <al=0.50> <DB=-1448939.2034> <Mlp=120079.9498> <PB=1192.1> 
#<DWph=2> <it= 24> <et=0.14> <Mt= 0.00> <Spt= 0.00> <nCl= 30> <al=0.55> <DB=-1356800.5592> <Mlp=117709.3358> <PB=1192.1> 
#<DWph=2> <it= 25> <et=0.15> <Mt= 0.00> <Spt= 0.01> <nCl= 30> <al=0.45> <DB=-1242558.2235> <Mlp=106292.1176> <PB=1192.1> 
#<DWph=2> <it= 26> <et=0.15> <Mt= 0.01> <Spt= 0.00> <nCl= 30> <al=0.51> <DB=-1191551.1462> <Mlp=98599.9909> <PB=1192.1> 
#<DWph=2> <it= 27> <et=0.16> <Mt= 0.00> <Spt= 0.00> <nCl= 30> <al=0.56> <DB=-1134534.9983> <Mlp=84469.9609> <PB=1192.1> 
#<DWph=2> <it= 28> <et=0.16> <Mt= 0.00> <Spt= 0.01> <nCl= 30> <al=0.60> <DB=-1160385.6250> <Mlp=84429.5300> <PB=1192.1> 
#<DWph=2> <it= 29> <et=0.17> <Mt= 0.00> <Spt= 0.00> <nCl= 30> <al=0.64> <DB=-1061546.1061> <Mlp=81721.8986> <PB=1192.1> 
#<DWph=2> <it= 30> <et=0.17> <Mt= 0.00> <Spt= 0.01> <nCl= 30> <al=0.68> <DB=-969277.6738> <Mlp=70185.0125> <PB=1192.1> 
#<DWph=2> <it= 31> <et=0.18> <Mt= 0.00> <Spt= 0.00> <nCl= 30> <al=0.58> <DB=-894844.8474> <Mlp=59743.6452> <PB=1192.1> 
#<DWph=2> <it= 32> <et=0.19> <Mt= 0.01> <Spt= 0.00> <nCl= 30> <al=0.62> <DB=-739484.9607> <Mlp=46675.4844> <PB=1192.1> 
#<DWph=2> <it= 33> <et=0.19> <Mt= 0.00> <Spt= 0.01> <nCl= 30> <al=0.52> <DB=-717040.1818> <Mlp=33544.8128> <PB=1192.1> 
#<DWph=2> <it= 34> <et=0.20> <Mt= 0.00> <Spt= 0.00> <nCl= 30> <al=0.57> <DB=-712900.6908> <Mlp=17935.2507> <PB=1192.1> 
#<DWph=2> <it= 35> <et=0.21> <Mt= 0.00> <Spt= 0.01> <nCl= 30> <al=0.61> <DB=-671501.1286> <Mlp= 5186.3740> <PB=1192.1> 
#<DWph=2> <it= 36> <et=0.21> <Mt= 0.01> <Spt= 0.00> <nCl= 19> <al=0.51> <DB=-297943.7697> <Mlp= 2653.2277> <PB=1192.1> 
#<DWph=2> <it= 37> <et=0.22> <Mt= 0.00> <Spt= 0.00> <nCl= 27> <al=0.41> <DB=-67133.6168> <Mlp= 2629.6876> <PB=1192.1> 
#<DWph=2> <it= 38> <et=0.22> <Mt= 0.00> <Spt= 0.00> <nCl= 30> <al=0.31> <DB=-8438.0528> <Mlp= 2512.1526> <PB=1192.1> 
<DWph=2> <it= 39> <et=0.23> <Mt= 0.00> <Spt= 0.01> <nCl= 30> <al=0.38> <DB=-10868.8929> <Mlp= 2413.4945> <PB=1192.1> 
<DWph=2> <it= 40> <et=0.23> <Mt= 0.00> <Spt= 0.00> <nCl= 22> <al=0.44> <DB=-2412.9976> <Mlp= 2355.6664> <PB=1192.1> 
<DWph=2> <it= 41> <et=0.24> <Mt= 0.01> <Spt= 0.01> <nCl= 30> <al=0.34> <DB=-8354.7203> <Mlp= 2281.8103> <PB=1192.1> 
<DWph=2> <it= 42> <et=0.25> <Mt= 0.00> <Spt= 0.00> <nCl= 30> <al=0.41> <DB=-4696.1485> <Mlp= 2173.6730> <PB=1192.1> 
<DWph=2> <it= 43> <et=0.25> <Mt= 0.00> <Spt= 0.00> <nCl= 30> <al=0.47> <DB=-5362.8340> <Mlp= 2044.9255> <PB=1192.1> 
<DWph=2> <it= 44> <et=0.26> <Mt= 0.00> <Spt= 0.01> <nCl= 28> <al=0.52> <DB= -294.1787> <Mlp= 2002.7920> <PB=1192.1> 
<DWph=2> <it= 45> <et=0.26> <Mt= 0.00> <Spt= 0.00> <nCl= 30> <al=0.42> <DB=-7078.0994> <Mlp= 1946.3578> <PB=1192.1> 
<DWph=2> <it= 46> <et=0.27> <Mt= 0.01> <Spt= 0.01> <nCl= 30> <al=0.48> <DB=-3462.3603> <Mlp= 1833.8868> <PB=1192.1> 
<DWph=2> <it= 47> <et=0.28> <Mt= 0.00> <Spt= 0.00> <nCl= 30> <al=0.53> <DB=-2232.0800> <Mlp= 1750.4239> <PB=1192.1> 
<DWph=2> <it= 48> <et=0.28> <Mt= 0.00> <Spt= 0.00> <nCl= 30> <al=0.58> <DB= -795.5558> <Mlp= 1696.4537> <PB=1192.1> 
<DWph=2> <it= 49> <et=0.29> <Mt= 0.01> <Spt= 0.01> <nCl= 30> <al=0.62> <DB=  268.7893> <Mlp= 1618.2084> <PB=1192.1> 
<DWph=2> <it= 50> <et=0.30> <Mt= 0.00> <Spt= 0.00> <nCl= 30> <al=0.66> <DB= -270.2339> <Mlp= 1577.2817> <PB=1192.1> 
<DWph=2> <it= 51> <et=0.30> <Mt= 0.00> <Spt= 0.01> <nCl= 30> <al=0.69> <DB=  312.4863> <Mlp= 1539.9207> <PB=1192.1> 
<DWph=2> <it= 52> <et=0.31> <Mt= 0.00> <Spt= 0.00> <nCl= 30> <al=0.72> <DB= -493.2459> <Mlp= 1511.8371> <PB=1192.1> 
<DWph=2> <it= 53> <et=0.32> <Mt= 0.01> <Spt= 0.00> <nCl= 28> <al=0.75> <DB=  354.0609> <Mlp= 1446.9725> <PB=1192.1> 
<DWph=2> <it= 54> <et=0.33> <Mt= 0.00> <Spt= 0.01> <nCl= 29> <al=0.78> <DB=  338.2860> <Mlp= 1404.7158> <PB=1192.1> 
<DWph=2> <it= 55> <et=0.33> <Mt= 0.00> <Spt= 0.00> <nCl= 20> <al=0.80> <DB=  601.2069> <Mlp= 1351.1410> <PB=1192.1> 
<DWph=2> <it= 56> <et=0.34> <Mt= 0.01> <Spt= 0.01> <nCl= 28> <al=0.82> <DB=  715.0125> <Mlp= 1340.2630> <PB=1192.1> 
<DWph=2> <it= 57> <et=0.35> <Mt= 0.00> <Spt= 0.00> <nCl= 30> <al=0.84> <DB=  711.5953> <Mlp= 1317.6010> <PB=1192.1> 
<DWph=2> <it= 58> <et=0.36> <Mt= 0.00> <Spt= 0.01> <nCl= 28> <al=0.85> <DB=  809.2288> <Mlp= 1282.7235> <PB=1192.1> 
<DWph=2> <it= 59> <et=0.36> <Mt= 0.00> <Spt= 0.00> <nCl= 27> <al=0.87> <DB=  692.7558> <Mlp= 1252.0602> <PB=1192.1> 
<DWph=2> <it= 60> <et=0.37> <Mt= 0.01> <Spt= 0.01> <nCl= 18> <al=0.88> <DB=  858.7782> <Mlp= 1219.3547> <PB=1192.1> 
<DWph=2> <it= 61> <et=0.38> <Mt= 0.00> <Spt= 0.00> <nCl= 19> <al=0.89> <DB=  950.4734> <Mlp= 1215.3982> <PB=1192.1> 
<DWph=2> <it= 62> <et=0.38> <Mt= 0.00> <Spt= 0.00> <nCl= 24> <al=0.79> <DB=  753.1664> <Mlp= 1195.4227> <PB=1192.1> 
<DWph=2> <it= 63> <et=0.39> <Mt= 0.00> <Spt= 0.01> <nCl= 14> <al=0.81> <DB=  773.6512> <Mlp= 1182.8468> <PB=1192.1> 
<DWph=2> <it= 64> <et=0.40> <Mt= 0.01> <Spt= 0.00> <nCl= 10> <al=0.83> <DB= 1098.5668> <Mlp= 1174.0356> <PB=1192.1> 
<DWph=2> <it= 65> <et=0.40> <Mt= 0.00> <Spt= 0.01> <nCl= 19> <al=0.73> <DB=  993.5642> <Mlp= 1172.4055> <PB=1192.1> 
<DWph=2> <it= 66> <et=0.41> <Mt= 0.00> <Spt= 0.00> <nCl=  8> <al=0.76> <DB= 1101.3737> <Mlp= 1161.2058> <PB=1192.1> 
<DWph=2> <it= 67> <et=0.41> <Mt= 0.00> <Spt= 0.00> <nCl= 21> <al=0.66> <DB= 1045.6688> <Mlp= 1158.4302> <PB=1192.1> 
<DWph=2> <it= 68> <et=0.42> <Mt= 0.00> <Spt= 0.01> <nCl= 13> <al=0.69> <DB= 1102.4910> <Mlp= 1155.7246> <PB=1192.1> 
<DWph=2> <it= 69> <et=0.42> <Mt= 0.00> <Spt= 0.00> <nCl= 14> <al=0.72> <DB= 1113.2241> <Mlp= 1152.7996> <PB=1192.1> 
<DWph=2> <it= 70> <et=0.43> <Mt= 0.00> <Spt= 0.01> <nCl= 17> <al=0.75> <DB= 1111.2454> <Mlp= 1149.7247> <PB=1192.1> 
<DWph=2> <it= 71> <et=0.43> <Mt= 0.00> <Spt= 0.00> <nCl=  3> <al=0.78> <DB= 1121.3590> <Mlp= 1149.5604> <PB=1192.1> 
<DWph=2> <it= 72> <et=0.44> <Mt= 0.01> <Spt= 0.00> <nCl=  8> <al=0.68> <DB= 1126.1665> <Mlp= 1149.5604> <PB=1192.1> 
<DWph=2> <it= 73> <et=0.44> <Mt= 0.00> <Spt= 0.01> <nCl=  8> <al=0.71> <DB= 1121.8071> <Mlp= 1149.3053> <PB=1192.1> 
<DWph=2> <it= 74> <et=0.45> <Mt= 0.00> <Spt= 0.00> <nCl=  5> <al=0.61> <DB= 1132.3861> <Mlp= 1149.2473> <PB=1192.1> 
<DWph=2> <it= 75> <et=0.45> <Mt= 0.00> <Spt= 0.01> <nCl=  4> <al=0.51> <DB= 1140.6732> <Mlp= 1149.2473> <PB=1192.1> 
<DWph=2> <it= 76> <et=0.46> <Mt= 0.00> <Spt= 0.00> <nCl=  3> <al=0.41> <DB= 1144.3020> <Mlp= 1149.2055> <PB=1192.1> 
<DWph=2> <it= 77> <et=0.46> <Mt= 0.00> <Spt= 0.00> <nCl=  4> <al=0.47> <DB= 1145.9303> <Mlp= 1149.1938> <PB=1192.1> 
<DWph=2> <it= 78> <et=0.47> <Mt= 0.00> <Spt= 0.01> <nCl=  1> <al=0.52> <DB= 1141.6273> <Mlp= 1149.1938> <PB=1192.1> 
<DWph=2> <it= 79> <et=0.48> <Mt= 0.00> <Spt= 0.01> <nCl=  4> <al=0.00> <DB= 1149.1938> <Mlp= 1149.1938> <PB=1192.1> 
<DWph=1> <it= 80> <et=0.48> <Mt= 0.00> <Spt= 0.00> <nCl= 20> <al=0.32> <DB= 1104.1938> <Mlp= 1149.1938> <PB=1192.1> 
<DWph=1> <it= 81> <et=0.49> <Mt= 0.00> <Spt= 0.01> <nCl= 12> <al=0.22> <DB= 1108.8976> <Mlp= 1148.2361> <PB=1192.1> 
<DWph=1> <it= 82> <et=0.50> <Mt= 0.00> <Spt= 0.01> <nCl=  9> <al=0.30> <DB= 1131.5755> <Mlp= 1147.6919> <PB=1192.1> 
<DWph=1> <it= 83> <et=0.51> <Mt= 0.00> <Spt= 0.00> <nCl=  3> <al=0.37> <DB= 1141.6362> <Mlp= 1147.6919> <PB=1192.1> 
<DWph=1> <it= 84> <et=0.52> <Mt= 0.01> <Spt= 0.02> <nCl=  6> <al=0.00> <DB= 1145.1890> <Mlp= 1147.6919> <PB=1192.1> 
<DWph=1> <it= 85> <et=0.54> <Mt= 0.00> <Spt= 0.01> <nCl=  7> <al=0.00> <DB= 1147.6840> <Mlp= 1147.6840> <PB=1192.1> 
    RCSP exact solver info for graph G_1 : TT = 0.011966, pt = 1.3e-05, dt = 0.010209, ct = 0.001447, ndl = 2', bdl = 76', odl = 2', odf = 18', bsi = 1', cnt = 3', bdch = 550', odch = 25', lcp = 23', #sols = 150
<DWph=0> <it= 86> <et=0.55> <Mt= 0.00> <Spt= 0.02> <nCl= 71> <al=0.23> <DB= 1119.4751> <Mlp= 1147.6840> <PB=1192.1> 
    RCSP exact solver info for graph G_1 : TT = 0.009525, pt = 2.8e-05, dt = 0.007781, ct = 0.001422, ndl = 2', bdl = 74', odl = 2', odf = 17', bsi = 1', cnt = 3', bdch = 537', odch = 25', lcp = 22', #sols = 150
    RCSP exact solver info for graph G_1 : TT = 0.009447, pt = 2.2e-05, dt = 0.00772, ct = 0.001422, ndl = 2', bdl = 74', odl = 2', odf = 17', bsi = 1', cnt = 3', bdch = 535', odch = 25', lcp = 22', #sols = 150
<DWph=0> <it= 87> <et=0.58> <Mt= 0.00> <Spt= 0.02> <nCl= 31> <al=0.00> <DB= 1147.6113> <Mlp= 1147.6113> <PB=1192.1> 
Dynamic params and stats :  aver.obdmd = 23.3788 aver.buck.num. = 26
@@ 1 0 1147.61 0.0100003 0.011656 84.4846 0.58
Labels distribution in buckets (bucket size) : largest - 30, top 0.1% - 30, top 0.5% - 25, top 2% - 18, top 10% - 10, top 50% - 2
Reduced cost fixing for graph G_1... 36548 buck. arcs remain (42.7% from prev., 36.1% from max.) + 7950 jump buck. arcs (7.85% from max.)
 TT = 0.056254, pt = 0.005545, dt = 0.023538, ct = 0.027018, ndl = 13', bdl = 221', odl = 4', odf = 55', lpcb = 389', cnt = 292', bdch = 2559', odch = 178', lcp = 163'
Labels distribution in buckets (bucket size) : largest - 32, top 0.1% - 32, top 0.5% - 27, top 2% - 18, top 10% - 11, top 50% - 2
Run forward enumeration with border = 50... succeeded! lpt = 0.949078, ndl = 180', dl = 208', lpcb = 5245', dch = 4118'
Run enumeration concatenation with time limit 0.3 sec.... time limit reached, not succeeded.
Sorting and storing enumerated solutions ...  TT = 1.55322, pt = 0.001991, dt = 0.949078, ct = 0.30535, ndl = 180', bdl = 208', lpcb = 5245', cnt = 3269', bdch = 4118', odch = 0', lcp = 0'
ColGenEvalAlg final dual bound: 1147.61 (rounded: 1148)
Shrinking heuristic shrunk 18 edges
In total 23 RCC cut(s) are found by the Fractional capacity min-cut heuristic 
In total 139 RCC cut(s) are found by the greedy construction heuristic 
----- Add fac. cuts : CAP(100), max.viol = 0.575758, aver.viol = 0.348542, sep/add took 0.0133711/0.0799966 sec. -----
2102 columns (2102 active), 100 dyn. constrs. (100 active), 230 art. vars. (230 active)
<DWph=2> <it=  1> <et=2.30> <Mt= 0.01> <Spt= 0.01> <nCl= 17> <al=0.50> <DB= 1062.4241> <Mlp= 1165.2234> <PB=1192.1> 
<DWph=2> <it=  2> <et=2.32> <Mt= 0.01> <Spt= 0.00> <nCl= 14> <al=0.55> <DB= 1150.0516> <Mlp= 1162.1744> <PB=1192.1> 
<DWph=2> <it=  3> <et=2.33> <Mt= 0.01> <Spt= 0.01> <nCl= 10> <al=0.60> <DB= 1156.5386> <Mlp= 1161.0943> <PB=1192.1> 
<DWph=2> <it=  4> <et=2.35> <Mt= 0.01> <Spt= 0.00> <nCl=  4> <al=0.64> <DB= 1153.5903> <Mlp= 1160.8376> <PB=1192.1> 
<DWph=2> <it=  5> <et=2.36> <Mt= 0.00> <Spt= 0.01> <nCl=  4> <al=0.67> <DB= 1156.6778> <Mlp= 1160.6192> <PB=1192.1> 
<DWph=2> <it=  6> <et=2.37> <Mt= 0.01> <Spt= 0.00> <nCl=  5> <al=0.70> <DB= 1148.8303> <Mlp= 1160.4827> <PB=1192.1> 
<DWph=2> <it=  7> <et=2.38> <Mt= 0.01> <Spt= 0.01> <nCl=  4> <al=0.47> <DB= 1154.9347> <Mlp= 1160.4170> <PB=1192.1> 
<DWph=2> <it=  8> <et=2.40> <Mt= 0.00> <Spt= 0.01> <nCl=  8> <al=0.27> <DB= 1092.8734> <Mlp= 1160.3662> <PB=1192.1> 
<DWph=2> <it=  9> <et=2.41> <Mt= 0.01> <Spt= 0.01> <nCl=  7> <al=0.07> <DB= 1137.5244> <Mlp= 1160.3662> <PB=1192.1> 
<DWph=2> <it= 10> <et=2.43> <Mt= 0.00> <Spt= 0.01> <nCl=  6> <al=0.00> <DB=  876.3240> <Mlp= 1160.3648> <PB=1192.1> 
<DWph=2> <it= 11> <et=2.44> <Mt= 0.01> <Spt= 0.01> <nCl=  8> <al=0.00> <DB= 1070.5033> <Mlp= 1160.0776> <PB=1192.1> 
<DWph=2> <it= 12> <et=2.45> <Mt= 0.00> <Spt= 0.00> <nCl=  3> <al=0.23> <DB= 1158.8038> <Mlp= 1160.0216> <PB=1192.1> 
<DWph=2> <it= 13> <et=2.47> <Mt= 0.01> <Spt= 0.01> <nCl=  6> <al=0.00> <DB= 1050.5546> <Mlp= 1160.0202> <PB=1192.1> 
<DWph=2> <it= 14> <et=2.48> <Mt= 0.00> <Spt= 0.01> <nCl=  0> <al=0.00> <DB= 1159.9474> <Mlp= 1159.9474> <PB=1192.1> 
<DWph=1> <it= 15> <et=2.49> <Mt= 0.00> <Spt= 0.00> <nCl= 15> <al=0.11> <DB=  993.1577> <Mlp= 1159.9474> <PB=1192.1> 
<DWph=1> <it= 16> <et=2.50> <Mt= 0.01> <Spt= 0.01> <nCl=  8> <al=0.20> <DB= 1038.2633> <Mlp= 1159.6969> <PB=1192.1> 
<DWph=1> <it= 17> <et=2.52> <Mt= 0.01> <Spt= 0.01> <nCl=  4> <al=0.28> <DB= 1130.3843> <Mlp= 1159.4474> <PB=1192.1> 
<DWph=1> <it= 18> <et=2.53> <Mt= 0.00> <Spt= 0.00> <nCl=  3> <al=0.18> <DB= 1149.9019> <Mlp= 1159.4309> <PB=1192.1> 
<DWph=1> <it= 19> <et=2.54> <Mt= 0.01> <Spt= 0.02> <nCl=  2> <al=0.00> <DB= 1159.1621> <Mlp= 1159.4286> <PB=1192.1> 
<DWph=1> <it= 20> <et=2.56> <Mt= 0.00> <Spt= 0.01> <nCl=  0> <al=0.00> <DB= 1159.4286> <Mlp= 1159.4286> <PB=1192.1> 
    RCSP exact solver info for graph G_1 : TT = 0.006606, pt = 1.4e-05, dt = 0.00515, ct = 0.001087, ndl = 3', bdl = 29', odl = 2', odf = 16', bsi = 1', cnt = 4', bdch = 223', odch = 25', lcp = 23', #sols = 150
<DWph=0> <it= 21> <et=2.57> <Mt= 0.00> <Spt= 0.01> <nCl= 53> <al=0.06> <DB=  970.4160> <Mlp= 1159.4286> <PB=1192.1> 
    RCSP exact solver info for graph G_1 : TT = 0.006793, pt = 3.1e-05, dt = 0.005276, ct = 0.001116, ndl = 3', bdl = 30', odl = 2', odf = 16', bsi = 1', cnt = 4', bdch = 235', odch = 26', lcp = 25', #sols = 150
<DWph=0> <it= 22> <et=2.59> <Mt= 0.01> <Spt= 0.01> <nCl= 43> <al=0.06> <DB= 1100.4365> <Mlp= 1158.9726> <PB=1192.1> 
    RCSP exact solver info for graph G_1 : TT = 0.006615, pt = 3.1e-05, dt = 0.005131, ct = 0.001084, ndl = 3', bdl = 29', odl = 2', odf = 16', bsi = 1', cnt = 4', bdch = 221', odch = 25', lcp = 23', #sols = 150
<DWph=0> <it= 23> <et=2.61> <Mt= 0.01> <Spt= 0.01> <nCl=  6> <al=0.16> <DB= 1144.9088> <Mlp= 1158.9340> <PB=1192.1> 
    RCSP exact solver info for graph G_1 : TT = 0.006627, pt = 2.9e-05, dt = 0.005156, ct = 0.001089, ndl = 3', bdl = 29', odl = 2', odf = 16', bsi = 1', cnt = 4', bdch = 225', odch = 25', lcp = 23', #sols = 150
    RCSP exact solver info for graph G_1 : TT = 0.006424, pt = 2.4e-05, dt = 0.004995, ct = 0.00107, ndl = 3', bdl = 28', odl = 2', odf = 16', bsi = 1', cnt = 4', bdch = 220', odch = 25', lcp = 23', #sols = 150
<DWph=0> <it= 24> <et=2.64> <Mt= 0.00> <Spt= 0.02> <nCl= 15> <al=0.00> <DB= 1158.9219> <Mlp= 1158.9219> <PB=1192.1> 
Dynamic params and stats :  aver.obdmd = 23.3788 aver.buck.num. = 26
@@ 1 1 1158.92 0.0062308 0.006392 36.0975 2.64
Labels distribution in buckets (bucket size) : largest - 26, top 0.1% - 26, top 0.5% - 24, top 2% - 19, top 10% - 12, top 50% - 2
Reduced cost fixing for graph G_1... 31840 buck. arcs remain (87.1% from prev., 31.4% from max.) + 8342 jump buck. arcs (8.24% from max.)
 TT = 0.042838, pt = 0.00328, dt = 0.017835, ct = 0.021562, ndl = 14', bdl = 172', odl = 4', odf = 53', lpcb = 123', cnt = 260', bdch = 1765', odch = 185', lcp = 182'
Labels distribution in buckets (bucket size) : largest - 34, top 0.1% - 34, top 0.5% - 26, top 2% - 20, top 10% - 13, top 50% - 2
Run forward enumeration with border = 50... succeeded! lpt = 0.595095, ndl = 135', dl = 135', lpcb = 3439', dch = 2477'
Run enumeration concatenation with time limit 0.3 sec.... time limit reached, not succeeded.
Sorting and storing enumerated solutions ...  TT = 1.14587, pt = 0, dt = 0.595095, ct = 0.305817, ndl = 135', bdl = 135', lpcb = 3439', cnt = 2330', bdch = 2477', odch = 0', lcp = 0'
ColGenEvalAlg final dual bound: 1158.92 (rounded: 1159)
Gap improvement since the last cut separation : 0.254236 (1147.61)
Current active cuts : CAP(12,524.514)
Shrinking heuristic shrunk 10 edges
In total 14 RCC cut(s) are found by the Fractional capacity min-cut heuristic 
In total 75 RCC cut(s) are found by the greedy construction heuristic 
In total 3 RCC cut(s) are found by the global pool greedy search heuristic 
----- Add fac. cuts : CAP(92), max.viol = 0.423239, aver.viol = 0.193452, sep/add took 0.0192784/0.0948667 sec. -----
2347 columns (2347 active), 192 dyn. constrs. (105 active), 322 art. vars. (235 active)
<DWph=2> <it=  1> <et=4.00> <Mt= 0.03> <Spt= 0.01> <nCl= 14> <al=0.50> <DB= 1006.8141> <Mlp= 1168.3913> <PB=1192.1> 
<DWph=2> <it=  2> <et=4.02> <Mt= 0.02> <Spt= 0.01> <nCl=  6> <al=0.55> <DB= 1157.5131> <Mlp= 1166.5576> <PB=1192.1> 
<DWph=2> <it=  3> <et=4.03> <Mt= 0.00> <Spt= 0.00> <nCl=  2> <al=0.60> <DB= 1159.7996> <Mlp= 1165.9622> <PB=1192.1> 
<DWph=2> <it=  4> <et=4.05> <Mt= 0.01> <Spt= 0.01> <nCl=  4> <al=0.64> <DB= 1156.9335> <Mlp= 1165.7713> <PB=1192.1> 
<DWph=2> <it=  5> <et=4.06> <Mt= 0.01> <Spt= 0.00> <nCl=  2> <al=0.67> <DB= 1162.8918> <Mlp= 1165.1829> <PB=1192.1> 
<DWph=2> <it=  6> <et=4.08> <Mt= 0.01> <Spt= 0.01> <nCl= 10> <al=0.57> <DB= 1140.2268> <Mlp= 1165.1548> <PB=1192.1> 
<DWph=2> <it=  7> <et=4.09> <Mt= 0.01> <Spt= 0.00> <nCl=  1> <al=0.61> <DB= 1158.0354> <Mlp= 1164.8389> <PB=1192.1> 
<DWph=2> <it=  8> <et=4.11> <Mt= 0.01> <Spt= 0.01> <nCl=  3> <al=0.31> <DB= 1157.9077> <Mlp= 1164.8389> <PB=1192.1> 
<DWph=2> <it=  9> <et=4.12> <Mt= 0.00> <Spt= 0.01> <nCl=  8> <al=0.11> <DB= 1159.7864> <Mlp= 1164.8355> <PB=1192.1> 
<DWph=2> <it= 10> <et=4.14> <Mt= 0.01> <Spt= 0.02> <nCl=  8> <al=0.00> <DB= 1163.0351> <Mlp= 1164.8344> <PB=1192.1> 
<DWph=2> <it= 11> <et=4.16> <Mt= 0.00> <Spt= 0.00> <nCl=  2> <al=0.00> <DB= 1164.8235> <Mlp= 1164.8235> <PB=1192.1> 
<DWph=1> <it= 12> <et=4.17> <Mt= 0.01> <Spt= 0.01> <nCl= 11> <al=0.25> <DB= 1157.9373> <Mlp= 1164.8235> <PB=1192.1> 
<DWph=1> <it= 13> <et=4.18> <Mt= 0.00> <Spt= 0.01> <nCl=  2> <al=0.15> <DB= 1157.5135> <Mlp= 1164.8000> <PB=1192.1> 
<DWph=1> <it= 14> <et=4.19> <Mt= 0.01> <Spt= 0.00> <nCl=  4> <al=0.05> <DB= 1155.6627> <Mlp= 1164.7527> <PB=1192.1> 
<DWph=1> <it= 15> <et=4.20> <Mt= 0.00> <Spt= 0.01> <nCl=  4> <al=0.15> <DB= 1160.3888> <Mlp= 1164.7364> <PB=1192.1> 
<DWph=1> <it= 16> <et=4.22> <Mt= 0.01> <Spt= 0.01> <nCl=  4> <al=0.00> <DB= 1164.7337> <Mlp= 1164.7337> <PB=1192.1> 
    RCSP exact solver info for graph G_1 : TT = 0.005452, pt = 1.4e-05, dt = 0.004226, ct = 0.000865, ndl = 2', bdl = 20', odl = 2', odf = 16', bsi = 1', cnt = 4', bdch = 151', odch = 22', lcp = 17', #sols = 150
<DWph=0> <it= 17> <et=4.24> <Mt= 0.00> <Spt= 0.02> <nCl= 31> <al=0.00> <DB= 1164.7337> <Mlp= 1164.7337> <PB=1192.1> 
Dynamic params and stats :  aver.obdmd = 23.3788 aver.buck.num. = 26
@@ 1 2 1164.73 0.005091 0.005091 31.4475 4.24
Labels distribution in buckets (bucket size) : largest - 22, top 0.1% - 22, top 0.5% - 19, top 2% - 16, top 10% - 10, top 50% - 2
Reduced cost fixing for graph G_1... 28992 buck. arcs remain (91.1% from prev., 28.6% from max.) + 7957 jump buck. arcs (7.86% from max.)
 TT = 0.036674, pt = 0.002474, dt = 0.014789, ct = 0.019255, ndl = 12', bdl = 133', odl = 4', odf = 57', lpcb = 96', cnt = 204', bdch = 1272', odch = 195', lcp = 154'
Labels distribution in buckets (bucket size) : largest - 29, top 0.1% - 29, top 0.5% - 22, top 2% - 17, top 10% - 10, top 50% - 2
Run forward enumeration with border = 50... succeeded! lpt = 0.370366, ndl = 93', dl = 81', lpcb = 2137', dch = 1347'
Run enumeration concatenation with time limit 0.3 sec.... time limit reached, not succeeded.
Sorting and storing enumerated solutions ...  TT = 0.857977, pt = 0, dt = 0.370366, ct = 0.30669, ndl = 93', bdl = 81', lpcb = 2137', cnt = 1392', bdch = 1347', odch = 0', lcp = 0'
ColGenEvalAlg final dual bound: 1164.73 (rounded: 1165)
Gap improvement since the last cut separation : 0.17517 (1158.92)
Current active cuts : CAP(21,875.742)
In total 1 RCC cut(s) are found by the connected components heuristic 
Shrinking heuristic shrunk 8 edges
In total 5 RCC cut(s) are found by the Fractional capacity min-cut heuristic 
In total 18 RCC cut(s) are found by the greedy construction heuristic 
In total 6 RCC cut(s) are found by the global pool greedy search heuristic 
----- Add fac. cuts : CAP(30), max.viol = 0.243563, aver.viol = 0.0844577, sep/add took 0.0183778/0.0280827 sec. -----
2463 columns (2463 active), 135 dyn. constrs. (51 active), 352 art. vars. (181 active)
<DWph=2> <it=  1> <et=5.25> <Mt= 0.01> <Spt= 0.00> <nCl=  3> <al=0.50> <DB= 1138.3886> <Mlp= 1166.0922> <PB=1192.1> 
<DWph=2> <it=  2> <et=5.27> <Mt= 0.01> <Spt= 0.00> <nCl=  6> <al=0.55> <DB= 1159.0701> <Mlp= 1165.8795> <PB=1192.1> 
<DWph=2> <it=  3> <et=5.28> <Mt= 0.01> <Spt= 0.01> <nCl= 10> <al=0.19> <DB= 1157.8292> <Mlp= 1165.7946> <PB=1192.1> 
<DWph=2> <it=  4> <et=5.29> <Mt= 0.00> <Spt= 0.01> <nCl=  4> <al=0.00> <DB= 1165.7816> <Mlp= 1165.7816> <PB=1192.1> 
<DWph=1> <it=  5> <et=5.30> <Mt= 0.00> <Spt= 0.00> <nCl=  8> <al=0.40> <DB= 1148.9324> <Mlp= 1165.7816> <PB=1192.1> 
<DWph=1> <it=  6> <et=5.31> <Mt= 0.01> <Spt= 0.01> <nCl= 13> <al=0.46> <DB= 1150.4268> <Mlp= 1165.6547> <PB=1192.1> 
<DWph=1> <it=  7> <et=5.32> <Mt= 0.00> <Spt= 0.01> <nCl=  3> <al=0.02> <DB= 1160.6374> <Mlp= 1165.6213> <PB=1192.1> 
<DWph=1> <it=  8> <et=5.33> <Mt= 0.01> <Spt= 0.00> <nCl=  2> <al=0.41> <DB= 1164.8176> <Mlp= 1165.6195> <PB=1192.1> 
<DWph=1> <it=  9> <et=5.34> <Mt= 0.00> <Spt= 0.01> <nCl=  1> <al=0.47> <DB= 1165.0402> <Mlp= 1165.6194> <PB=1192.1> 
<DWph=1> <it= 10> <et=5.35> <Mt= 0.00> <Spt= 0.01> <nCl=  1> <al=0.00> <DB= 1165.6194> <Mlp= 1165.6194> <PB=1192.1> 
    RCSP exact solver info for graph G_1 : TT = 0.004853, pt = 1.4e-05, dt = 0.003728, ct = 0.000755, ndl = 2', bdl = 17', odl = 2', odf = 15', bsi = 1', cnt = 3', bdch = 121', odch = 21', lcp = 15', #sols = 150
<DWph=0> <it= 11> <et=5.36> <Mt= 0.00> <Spt= 0.01> <nCl= 29> <al=0.27> <DB= 1152.0089> <Mlp= 1165.6194> <PB=1192.1> 
    RCSP exact solver info for graph G_1 : TT = 0.004946, pt = 2.8e-05, dt = 0.003814, ct = 0.000753, ndl = 2', bdl = 17', odl = 2', odf = 15', bsi = 1', cnt = 3', bdch = 120', odch = 20', lcp = 15', #sols = 150
    RCSP exact solver info for graph G_1 : TT = 0.004851, pt = 2.2e-05, dt = 0.003753, ct = 0.000744, ndl = 2', bdl = 17', odl = 2', odf = 15', bsi = 1', cnt = 3', bdch = 123', odch = 21', lcp = 16', #sols = 150
<DWph=0> <it= 12> <et=5.38> <Mt= 0.01> <Spt= 0.01> <nCl= 19> <al=0.00> <DB= 1165.6141> <Mlp= 1165.6141> <PB=1192.1> 
Dynamic params and stats :  aver.obdmd = 23.3788 aver.buck.num. = 26
@@ 1 3 1165.61 0.00451567 0.004567 28.6346 5.38
    Full reduced cost fixing is not called (gap ratio is 0.967711)
ColGenEvalAlg final dual bound: 1165.61 (rounded: 1166)
Gap improvement since the last cut separation : 0.0321708 (1164.73)
Current active cuts : CAP(27,1036.3)
Shrinking heuristic shrunk 12 edges
In total 7 RCC cut(s) are found by the Fractional capacity min-cut heuristic 
In total 13 RCC cut(s) are found by the greedy construction heuristic 
In total 12 RCC cut(s) are found by the global pool greedy search heuristic 
----- Add fac. cuts : CAP(32), max.viol = 0.0929427, aver.viol = 0.0503494, sep/add took 0.0164347/0.019953 sec. -----
2562 columns (2562 active), 83 dyn. constrs. (64 active), 384 art. vars. (194 active)
<DWph=2> <it=  1> <et=5.47> <Mt= 0.01> <Spt= 0.01> <nCl=  6> <al=0.50> <DB= 1155.2509> <Mlp= 1166.0662> <PB=1192.1> 
<DWph=2> <it=  2> <et=5.48> <Mt= 0.01> <Spt= 0.00> <nCl=  2> <al=0.55> <DB= 1165.5856> <Mlp= 1166.0662> <PB=1192.1> 
<DWph=2> <it=  3> <et=5.49> <Mt= 0.00> <Spt= 0.01> <nCl=  5> <al=0.00> <DB= 1157.4452> <Mlp= 1166.0662> <PB=1192.1> 
<DWph=2> <it=  4> <et=5.50> <Mt= 0.00> <Spt= 0.01> <nCl=  0> <al=0.00> <DB= 1166.0659> <Mlp= 1166.0659> <PB=1192.1> 
<DWph=1> <it=  5> <et=5.51> <Mt= 0.00> <Spt= 0.00> <nCl=  1> <al=0.40> <DB= 1160.2425> <Mlp= 1166.0659> <PB=1192.1> 
<DWph=1> <it=  6> <et=5.52> <Mt= 0.01> <Spt= 0.01> <nCl=  4> <al=0.00> <DB= 1166.0631> <Mlp= 1166.0631> <PB=1192.1> 
    RCSP exact solver info for graph G_1 : TT = 0.004589, pt = 1.3e-05, dt = 0.003525, ct = 0.000707, ndl = 2', bdl = 16', odl = 2', odf = 15', bsi = 1', cnt = 3', bdch = 111', odch = 20', lcp = 14', #sols = 150
<DWph=0> <it=  7> <et=5.53> <Mt= 0.00> <Spt= 0.01> <nCl= 15> <al=0.36> <DB= 1163.2805> <Mlp= 1166.0631> <PB=1192.1> 
    RCSP exact solver info for graph G_1 : TT = 0.004712, pt = 2.5e-05, dt = 0.003648, ct = 0.000707, ndl = 2', bdl = 16', odl = 2', odf = 15', bsi = 1', cnt = 3', bdch = 111', odch = 20', lcp = 14', #sols = 150
    RCSP exact solver info for graph G_1 : TT = 0.004585, pt = 2.3e-05, dt = 0.00355, ct = 0.000694, ndl = 2', bdl = 16', odl = 2', odf = 15', bsi = 1', cnt = 3', bdch = 110', odch = 20', lcp = 14', #sols = 150
<DWph=0> <it=  8> <et=5.54> <Mt= 0.00> <Spt= 0.01> <nCl=  1> <al=0.00> <DB= 1166.0631> <Mlp= 1166.0631> <PB=1192.1> 
Dynamic params and stats :  aver.obdmd = 23.3788 aver.buck.num. = 26
@@ 1 4 1166.06 0.004277 0.004355 28.6346 5.54
    Full reduced cost fixing is not called (gap ratio is 0.951245)
ColGenEvalAlg final dual bound: 1166.06 (rounded: 1167)
Gap improvement since the last cut separation : 0.016951 (1165.61)
Cut generation tailing off counter increased to 1
Current active cuts : CAP(30,1011.22)
In total 1 RCC cut(s) are found by the connected components heuristic 
Shrinking heuristic shrunk 9 edges
In total 6 RCC cut(s) are found by the Fractional capacity min-cut heuristic 
In total 12 RCC cut(s) are found by the greedy construction heuristic 
In total 8 RCC cut(s) are found by the global pool greedy search heuristic 
----- Add fac. cuts : CAP(27), max.viol = 0.0877885, aver.viol = 0.0488902, sep/add took 0.0188959/0.0211213 sec. -----
2596 columns (2596 active), 91 dyn. constrs. (64 active), 411 art. vars. (194 active)
<DWph=2> <it=  1> <et=5.61> <Mt= 0.01> <Spt= 0.00> <nCl=  7> <al=0.50> <DB= 1158.6387> <Mlp= 1166.5241> <PB=1192.1> 
<DWph=2> <it=  2> <et=5.63> <Mt= 0.01> <Spt= 0.01> <nCl= 10> <al=0.10> <DB= 1156.6349> <Mlp= 1166.4601> <PB=1192.1> 
<DWph=2> <it=  3> <et=5.64> <Mt= 0.01> <Spt= 0.01> <nCl=  7> <al=0.00> <DB= 1165.1951> <Mlp= 1166.4202> <PB=1192.1> 
<DWph=2> <it=  4> <et=5.65> <Mt= 0.00> <Spt= 0.00> <nCl=  1> <al=0.35> <DB= 1166.3920> <Mlp= 1166.4202> <PB=1192.1> 
<DWph=2> <it=  5> <et=5.66> <Mt= 0.00> <Spt= 0.01> <nCl=  1> <al=0.00> <DB= 1166.4195> <Mlp= 1166.4195> <PB=1192.1> 
<DWph=1> <it=  6> <et=5.66> <Mt= 0.00> <Spt= 0.00> <nCl=  4> <al=0.32> <DB= 1157.4195> <Mlp= 1166.4195> <PB=1192.1> 
<DWph=1> <it=  7> <et=5.67> <Mt= 0.01> <Spt= 0.01> <nCl=  2> <al=0.22> <DB= 1164.2301> <Mlp= 1166.3869> <PB=1192.1> 
<DWph=1> <it=  8> <et=5.69> <Mt= 0.00> <Spt= 0.01> <nCl=  0> <al=0.00> <DB= 1166.3869> <Mlp= 1166.3869> <PB=1192.1> 
    RCSP exact solver info for graph G_1 : TT = 0.004659, pt = 1.3e-05, dt = 0.003594, ct = 0.000713, ndl = 2', bdl = 16', odl = 2', odf = 16', bsi = 1', cnt = 3', bdch = 117', odch = 22', lcp = 15', #sols = 150
<DWph=0> <it=  9> <et=5.69> <Mt= 0.00> <Spt= 0.00> <nCl= 13> <al=0.19> <DB= 1158.8863> <Mlp= 1166.3869> <PB=1192.1> 
    RCSP exact solver info for graph G_1 : TT = 0.004725, pt = 2.6e-05, dt = 0.003657, ct = 0.000706, ndl = 2', bdl = 16', odl = 2', odf = 16', bsi = 1', cnt = 3', bdch = 116', odch = 22', lcp = 14', #sols = 150
    RCSP exact solver info for graph G_1 : TT = 0.004593, pt = 2.2e-05, dt = 0.003557, ct = 0.000696, ndl = 2', bdl = 16', odl = 2', odf = 16', bsi = 1', cnt = 3', bdch = 115', odch = 21', lcp = 14', #sols = 150
<DWph=0> <it= 10> <et=5.71> <Mt= 0.01> <Spt= 0.02> <nCl=  0> <al=0.00> <DB= 1166.3869> <Mlp= 1166.3869> <PB=1192.1> 
Dynamic params and stats :  aver.obdmd = 23.3788 aver.buck.num. = 26
@@ 1 5 1166.39 0.00430767 0.004363 28.6346 5.71
    Full reduced cost fixing is not called (gap ratio is 0.939369)
ColGenEvalAlg final dual bound: 1166.39 (rounded: 1167)
Gap improvement since the last cut separation : 0.012437 (1166.06)
Cut generation tailing off counter increased to 2
Current active cuts : CAP(36,963.785)
Shrinking heuristic shrunk 10 edges
In total 2 RCC cut(s) are found by the greedy construction heuristic 
In total 16 RCC cut(s) are found by the global pool greedy search heuristic 
----- Add fac. cuts : CAP(18), max.viol = 0.0583084, aver.viol = 0.0232814, sep/add took 0.0175507/0.0181328 sec. -----
2641 columns (2641 active), 82 dyn. constrs. (60 active), 429 art. vars. (190 active)
<DWph=2> <it=  1> <et=5.78> <Mt= 0.01> <Spt= 0.01> <nCl= 13> <al=0.00> <DB= 1050.0937> <Mlp= 1166.7681> <PB=1192.1> 
<DWph=2> <it=  2> <et=5.79> <Mt= 0.01> <Spt= 0.00> <nCl=  3> <al=0.40> <DB= 1166.2429> <Mlp= 1166.7381> <PB=1192.1> 
<DWph=2> <it=  3> <et=5.80> <Mt= 0.00> <Spt= 0.01> <nCl=  8> <al=0.00> <DB= 1161.7737> <Mlp= 1166.7381> <PB=1192.1> 
<DWph=2> <it=  4> <et=5.81> <Mt= 0.00> <Spt= 0.00> <nCl=  2> <al=0.00> <DB= 1166.7176> <Mlp= 1166.7381> <PB=1192.1> 
<DWph=2> <it=  5> <et=5.82> <Mt= 0.01> <Spt= 0.01> <nCl=  0> <al=0.00> <DB= 1166.7381> <Mlp= 1166.7381> <PB=1192.1> 
<DWph=1> <it=  6> <et=5.83> <Mt= 0.00> <Spt= 0.00> <nCl=  1> <al=0.16> <DB= 1163.1962> <Mlp= 1166.7381> <PB=1192.1> 
<DWph=1> <it=  7> <et=5.84> <Mt= 0.00> <Spt= 0.01> <nCl=  5> <al=0.00> <DB= 1166.7322> <Mlp= 1166.7322> <PB=1192.1> 
    RCSP exact solver info for graph G_1 : TT = 0.00424, pt = 1.3e-05, dt = 0.003303, ct = 0.000595, ndl = 1', bdl = 14', odl = 2', odf = 16', bsi = 1', cnt = 2', bdch = 98', odch = 20', lcp = 12', #sols = 150
<DWph=0> <it=  8> <et=5.85> <Mt= 0.01> <Spt= 0.01> <nCl= 11> <al=0.14> <DB= 1162.2864> <Mlp= 1166.7322> <PB=1192.1> 
    RCSP exact solver info for graph G_1 : TT = 0.004384, pt = 2.6e-05, dt = 0.003403, ct = 0.000609, ndl = 2', bdl = 14', odl = 2', odf = 16', bsi = 1', cnt = 2', bdch = 97', odch = 20', lcp = 12', #sols = 150
<DWph=0> <it=  9> <et=5.86> <Mt= 0.00> <Spt= 0.00> <nCl=  8> <al=0.04> <DB= 1165.9105> <Mlp= 1166.7284> <PB=1192.1> 
    RCSP exact solver info for graph G_1 : TT = 0.004412, pt = 2.4e-05, dt = 0.003436, ct = 0.000603, ndl = 2', bdl = 14', odl = 2', odf = 16', bsi = 1', cnt = 2', bdch = 98', odch = 20', lcp = 12', #sols = 150
<DWph=0> <it= 10> <et=5.87> <Mt= 0.00> <Spt= 0.01> <nCl=  8> <al=0.00> <DB= 1165.6625> <Mlp= 1166.7274> <PB=1192.1> 
    RCSP exact solver info for graph G_1 : TT = 0.004411, pt = 2.5e-05, dt = 0.003452, ct = 0.000599, ndl = 2', bdl = 14', odl = 2', odf = 16', bsi = 1', cnt = 2', bdch = 98', odch = 20', lcp = 12', #sols = 150
    RCSP exact solver info for graph G_1 : TT = 0.004277, pt = 2.2e-05, dt = 0.003335, ct = 0.000591, ndl = 2', bdl = 14', odl = 2', odf = 16', bsi = 1', cnt = 2', bdch = 98', odch = 20', lcp = 12', #sols = 150
<DWph=0> <it= 11> <et=5.89> <Mt= 0.01> <Spt= 0.01> <nCl= 10> <al=0.00> <DB= 1166.7269> <Mlp= 1166.7269> <PB=1192.1> 
Dynamic params and stats :  aver.obdmd = 23.3788 aver.buck.num. = 26
@@ 1 6 1166.73 0.0039852 0.004051 28.6346 5.89
    Full reduced cost fixing is not called (gap ratio is 0.926898)
ColGenEvalAlg final dual bound: 1166.73 (rounded: 1167)
Gap improvement since the last cut separation : 0.0132248 (1166.39)
----- Cut separators priority level decreased to 1-----
Current active cuts : CAP(38,971.278)
Shrinking heuristic shrunk 9 edges
In total 1 RCC cut(s) are found by the Fractional capacity min-cut heuristic 
In total 13 RCC cut(s) are found by the global pool greedy search heuristic 
6 Rank-1 1-rows pack. cuts added ,  max viol. = 0.202718, aver. viol. = 0.0853368
150 Rank-1 3-rows pack. cuts added ,  max viol. = 0.5, aver. viol. = 0.171781
----- Add fac. cuts : CAP(14) R1C(156), max.viol = 0.5, aver.viol = 0.161272, sep/add took 0.0193598/0.0993006 sec. -----
2710 columns (2710 active), 230 dyn. constrs. (217 active), 599 art. vars. (347 active)
<DWph=2> <it=  1> <et=6.07> <Mt= 0.04> <Spt= 0.01> <nCl=  8> <al=0.50> <DB= 1125.7201> <Mlp= 1174.0750> <PB=1192.1> 
<DWph=2> <it=  2> <et=6.12> <Mt= 0.05> <Spt= 0.01> <nCl= 14> <al=0.55> <DB= 1146.3528> <Mlp= 1173.7895> <PB=1192.1> 
<DWph=2> <it=  3> <et=6.16> <Mt= 0.03> <Spt= 0.00> <nCl=  3> <al=0.60> <DB= 1166.9451> <Mlp= 1173.7530> <PB=1192.1> 
<DWph=2> <it=  4> <et=6.18> <Mt= 0.02> <Spt= 0.01> <nCl=  9> <al=0.64> <DB= 1159.2326> <Mlp= 1173.7530> <PB=1192.1> 
<DWph=2> <it=  5> <et=6.21> <Mt= 0.02> <Spt= 0.01> <nCl=  6> <al=0.67> <DB= 1120.8329> <Mlp= 1173.7530> <PB=1192.1> 
<DWph=2> <it=  6> <et=6.23> <Mt= 0.01> <Spt= 0.00> <nCl=  1> <al=0.70> <DB= 1160.0920> <Mlp= 1173.7530> <PB=1192.1> 
<DWph=2> <it=  7> <et=6.25> <Mt= 0.01> <Spt= 0.01> <nCl= 15> <al=0.47> <DB= 1048.4115> <Mlp= 1173.7530> <PB=1192.1> 
<DWph=2> <it=  8> <et=6.31> <Mt= 0.05> <Spt= 0.01> <nCl= 10> <al=0.63> <DB= 1131.0324> <Mlp= 1173.5506> <PB=1192.1> 
<DWph=2> <it=  9> <et=6.35> <Mt= 0.03> <Spt= 0.01> <nCl=  3> <al=0.67> <DB= 1157.6612> <Mlp= 1173.4250> <PB=1192.1> 
<DWph=2> <it= 10> <et=6.36> <Mt= 0.01> <Spt= 0.00> <nCl=  2> <al=0.70> <DB= 1166.4172> <Mlp= 1173.4250> <PB=1192.1> 
<DWph=2> <it= 11> <et=6.38> <Mt= 0.01> <Spt= 0.01> <nCl=  2> <al=0.73> <DB= 1168.4483> <Mlp= 1173.4250> <PB=1192.1> 
<DWph=2> <it= 12> <et=6.40> <Mt= 0.02> <Spt= 0.01> <nCl=  1> <al=0.76> <DB= 1165.8526> <Mlp= 1173.4079> <PB=1192.1> 
<DWph=2> <it= 13> <et=6.42> <Mt= 0.01> <Spt= 0.01> <nCl=  4> <al=0.57> <DB= 1144.3527> <Mlp= 1173.4079> <PB=1192.1> 
<DWph=2> <it= 14> <et=6.45> <Mt= 0.01> <Spt= 0.00> <nCl=  2> <al=0.68> <DB= 1170.2245> <Mlp= 1173.4079> <PB=1192.1> 
<DWph=2> <it= 15> <et=6.46> <Mt= 0.01> <Spt= 0.01> <nCl=  1> <al=0.72> <DB= 1167.7643> <Mlp= 1173.4079> <PB=1192.1> 
<DWph=2> <it= 16> <et=6.48> <Mt= 0.01> <Spt= 0.01> <nCl=  5> <al=0.62> <DB=  999.8368> <Mlp= 1173.4079> <PB=1192.1> 
<DWph=2> <it= 17> <et=6.49> <Mt= 0.01> <Spt= 0.00> <nCl=  3> <al=0.65> <DB= 1168.2491> <Mlp= 1173.4060> <PB=1192.1> 
<DWph=2> <it= 18> <et=6.51> <Mt= 0.01> <Spt= 0.01> <nCl=  2> <al=0.55> <DB= 1168.8314> <Mlp= 1173.4024> <PB=1192.1> 
<DWph=2> <it= 19> <et=6.53> <Mt= 0.01> <Spt= 0.01> <nCl=  1> <al=0.60> <DB= 1171.4439> <Mlp= 1173.2629> <PB=1192.1> 
<DWph=2> <it= 20> <et=6.54> <Mt= 0.01> <Spt= 0.00> <nCl=  7> <al=0.64> <DB= 1044.2150> <Mlp= 1173.2629> <PB=1192.1> 
<DWph=2> <it= 21> <et=6.58> <Mt= 0.02> <Spt= 0.02> <nCl= 11> <al=0.35> <DB= 1040.6158> <Mlp= 1173.2604> <PB=1192.1> 
<DWph=2> <it= 22> <et=6.60> <Mt= 0.02> <Spt= 0.00> <nCl=  4> <al=0.57> <DB= 1083.3134> <Mlp= 1173.2533> <PB=1192.1> 
<DWph=2> <it= 23> <et=6.63> <Mt= 0.02> <Spt= 0.01> <nCl= 11> <al=0.00> <DB= 1024.2837> <Mlp= 1173.2533> <PB=1192.1> 
<DWph=2> <it= 24> <et=6.66> <Mt= 0.01> <Spt= 0.02> <nCl=  3> <al=0.00> <DB= 1141.7134> <Mlp= 1173.2533> <PB=1192.1> 
<DWph=2> <it= 25> <et=6.68> <Mt= 0.01> <Spt= 0.01> <nCl=  2> <al=0.00> <DB= 1173.2533> <Mlp= 1173.2533> <PB=1192.1> 
<DWph=1> <it= 26> <et=6.69> <Mt= 0.00> <Spt= 0.01> <nCl= 20> <al=0.17> <DB=  842.7811> <Mlp= 1173.2533> <PB=1192.1> 
<DWph=1> <it= 27> <et=6.77> <Mt= 0.07> <Spt= 0.01> <nCl= 20> <al=0.07> <DB=  857.0399> <Mlp= 1172.9762> <PB=1192.1> 
<DWph=1> <it= 28> <et=6.83> <Mt= 0.05> <Spt= 0.01> <nCl= 13> <al=0.17> <DB= 1049.9280> <Mlp= 1172.9512> <PB=1192.1> 
<DWph=1> <it= 29> <et=6.87> <Mt= 0.03> <Spt= 0.01> <nCl=  8> <al=0.07> <DB= 1076.1743> <Mlp= 1172.8842> <PB=1192.1> 
<DWph=1> <it= 30> <et=6.91> <Mt= 0.03> <Spt= 0.01> <nCl=  6> <al=0.16> <DB= 1084.2633> <Mlp= 1172.8777> <PB=1192.1> 
<DWph=1> <it= 31> <et=6.93> <Mt= 0.01> <Spt= 0.01> <nCl=  4> <al=0.24> <DB= 1089.3606> <Mlp= 1172.8777> <PB=1192.1> 
<DWph=1> <it= 32> <et=6.96> <Mt= 0.02> <Spt= 0.01> <nCl=  6> <al=0.32> <DB= 1123.1913> <Mlp= 1172.8703> <PB=1192.1> 
<DWph=1> <it= 33> <et=7.00> <Mt= 0.02> <Spt= 0.02> <nCl=  3> <al=0.00> <DB= 1148.3731> <Mlp= 1172.8703> <PB=1192.1> 
<DWph=1> <it= 34> <et=7.01> <Mt= 0.00> <Spt= 0.01> <nCl=  2> <al=0.29> <DB= 1148.6142> <Mlp= 1172.8703> <PB=1192.1> 
<DWph=1> <it= 35> <et=7.03> <Mt= 0.01> <Spt= 0.01> <nCl=  2> <al=0.00> <DB= 1172.8703> <Mlp= 1172.8703> <PB=1192.1> 
    RCSP exact solver info for graph G_1 : TT = 0.017328, pt = 0.000582, dt = 0.013766, ct = 0.002558, ndl = 3', bdl = 27', odl = 2', odf = 21', bsi = 1', cnt = 22', bdch = 249', odch = 44', lcp = 31', #sols = 150
<DWph=0> <it= 36> <et=7.07> <Mt= 0.00> <Spt= 0.03> <nCl=101> <al=0.09> <DB= 1065.2034> <Mlp= 1172.8703> <PB=1192.1> 
    RCSP exact solver info for graph G_1 : TT = 0.016869, pt = 0.000797, dt = 0.012942, ct = 0.002701, ndl = 3', bdl = 27', odl = 2', odf = 21', bsi = 1', cnt = 24', bdch = 250', odch = 44', lcp = 32', #sols = 150
<DWph=0> <it= 37> <et=7.15> <Mt= 0.06> <Spt= 0.03> <nCl= 60> <al=0.18> <DB= 1088.0787> <Mlp= 1172.6875> <PB=1192.1> 
    RCSP exact solver info for graph G_1 : TT = 0.016875, pt = 0.000807, dt = 0.012916, ct = 0.002729, ndl = 3', bdl = 27', odl = 2', odf = 20', bsi = 1', cnt = 24', bdch = 248', odch = 44', lcp = 31', #sols = 150
<DWph=0> <it= 38> <et=7.21> <Mt= 0.03> <Spt= 0.02> <nCl= 23> <al=0.26> <DB= 1147.0471> <Mlp= 1172.6875> <PB=1192.1> 
    RCSP exact solver info for graph G_1 : TT = 0.016623, pt = 0.000794, dt = 0.012727, ct = 0.002705, ndl = 3', bdl = 26', odl = 2', odf = 20', bsi = 1', cnt = 23', bdch = 244', odch = 43', lcp = 31', #sols = 150
<DWph=0> <it= 39> <et=7.24> <Mt= 0.01> <Spt= 0.02> <nCl= 21> <al=0.34> <DB= 1156.2368> <Mlp= 1172.6875> <PB=1192.1> 
    RCSP exact solver info for graph G_1 : TT = 0.016765, pt = 0.000816, dt = 0.012841, ct = 0.002702, ndl = 3', bdl = 26', odl = 2', odf = 20', bsi = 1', cnt = 23', bdch = 245', odch = 43', lcp = 31', #sols = 149
<DWph=0> <it= 40> <et=7.27> <Mt= 0.01> <Spt= 0.02> <nCl=  6> <al=0.40> <DB= 1166.0788> <Mlp= 1172.6875> <PB=1192.1> 
    RCSP exact solver info for graph G_1 : TT = 0.017336, pt = 0.000803, dt = 0.013307, ct = 0.002834, ndl = 4', bdl = 28', odl = 2', odf = 21', bsi = 1', cnt = 26', bdch = 264', odch = 48', lcp = 33', #sols = 150
    RCSP exact solver info for graph G_1 : TT = 0.015729, pt = 0.000621, dt = 0.012094, ct = 0.002649, ndl = 3', bdl = 27', odl = 2', odf = 20', bsi = 1', cnt = 23', bdch = 250', odch = 44', lcp = 32', #sols = 150
<DWph=0> <it= 41> <et=7.31> <Mt= 0.01> <Spt= 0.04> <nCl= 18> <al=0.00> <DB= 1172.6875> <Mlp= 1172.6875> <PB=1192.1> 
Dynamic params and stats :  aver.obdmd = 23.3788 aver.buck.num. = 26 nbR1C = 80 with avMem = 6.775
@@ 1 7 1172.69 0.0156387 0.016324 28.6346 7.31
Labels distribution in buckets (bucket size) : largest - 35, top 0.1% - 35, top 0.5% - 28, top 2% - 22, top 10% - 14, top 50% - 3
Reduced cost fixing for graph G_1... 24525 buck. arcs remain (84.6% from prev., 24.2% from max.) + 7279 jump buck. arcs (7.19% from max.)
 TT = 0.08936, pt = 0.007803, dt = 0.044548, ct = 0.036727, ndl = 20', bdl = 158', odl = 5', odf = 101', lpcb = 158', cnt = 291', bdch = 2196', odch = 637', lcp = 334'
Labels distribution in buckets (bucket size) : largest - 41, top 0.1% - 41, top 0.5% - 33, top 2% - 28, top 10% - 15, top 50% - 3
Run forward enumeration with border = 50... succeeded! lpt = 0.302441, ndl = 51', dl = 35', lpcb = 995', dch = 539'
Run enumeration concatenation with time limit 0.46092 sec.... succeeded!
Sorting and storing enumerated solutions ... done!
 TT = 1.15253, pt = 0, dt = 0.302441, ct = 0.431522, ndl = 51', bdl = 35', lpcb = 995', cnt = 1323', bdch = 539', odch = 0', lcp = 0'
Enumeration succeeded!, number of elem. solutions is 218272
Estimating inspection time...     TT = 0.06966, performed by inspection with 218272 solutions, nbR1C = 80, nbDiscC = 0
Inspection time is too high. Pricing will be done by the labelling algorithm.
ColGenEvalAlg final dual bound: 1172.69 (rounded: 1173)
Gap improvement since the last cut separation : 0.234917 (1166.73)
Current active cuts : CAP(24,928.84) R1C(3+77,72.649) 1rowPackR1C(3) 3rowPackR1C(77)
Shrinking heuristic shrunk 28 edges
In total 3 RCC cut(s) are found by the Fractional capacity min-cut heuristic 
In total 2 RCC cut(s) are found by the greedy construction heuristic 
1 Rank-1 1-rows pack. cuts added ,  max viol. = 0.125, aver. viol. = 0.125
58 Rank-1 3-rows pack. cuts added ,  max viol. = 0.375, aver. viol. = 0.165948
Building structures for heuristic rank-1 packing cut separation...done!
100 Rank-1 4-rows pack. cuts added ,  max viol. = 0.375, aver. viol. = 0.19125
----- Add fac. cuts : CAP(5) R1C(159), max.viol = 0.375, aver.viol = 0.181021, sep/add took 0.0252344/0.111723 sec. -----
3153 columns (3153 active), 381 dyn. constrs. (284 active), 763 art. vars. (414 active)
<DWph=2> <it=  1> <et=8.89> <Mt= 0.07> <Spt= 0.01> <nCl=  3> <al=0.50> <DB= 1124.5673> <Mlp= 1174.3671> <PB=1192.1> 
<DWph=2> <it=  2> <et=8.92> <Mt= 0.01> <Spt= 0.02> <nCl= 17> <al=0.10> <DB= 1024.3262> <Mlp= 1174.3635> <PB=1192.1> 
<DWph=2> <it=  3> <et=8.96> <Mt= 0.03> <Spt= 0.00> <nCl=  4> <al=0.45> <DB= 1147.4729> <Mlp= 1174.3015> <PB=1192.1> 
<DWph=2> <it=  4> <et=8.97> <Mt= 0.01> <Spt= 0.01> <nCl=  2> <al=0.51> <DB= 1173.3694> <Mlp= 1174.2954> <PB=1192.1> 
<DWph=2> <it=  5> <et=8.99> <Mt= 0.01> <Spt= 0.01> <nCl=  5> <al=0.00> <DB= 1165.2954> <Mlp= 1174.2954> <PB=1192.1> 
<DWph=2> <it=  6> <et=9.01> <Mt= 0.01> <Spt= 0.01> <nCl=  2> <al=0.31> <DB= 1165.8651> <Mlp= 1174.0000> <PB=1174> 
<DWph=2> <it=  7> <et=9.04> <Mt= 0.01> <Spt= 0.01> <nCl=  1> <al=0.00> <DB= 1174.0000> <Mlp= 1174.0000> <PB=1174> 
<DWph=1> <it=  8> <et=9.05> <Mt= 0.01> <Spt= 0.01> <nCl= 12> <al=0.11> <DB= 1164.3255> <Mlp= 1174.0000> <PB=1174> 
<DWph=1> <it=  9> <et=9.09> <Mt= 0.02> <Spt= 0.01> <nCl=  9> <al=0.19> <DB= 1166.2458> <Mlp= 1174.0000> <PB=1174> 
<DWph=1> <it= 10> <et=9.11> <Mt= 0.02> <Spt= 0.01> <nCl=  4> <al=0.09> <DB= 1168.8718> <Mlp= 1174.0000> <PB=1174> 
<DWph=1> <it= 11> <et=9.15> <Mt= 0.01> <Spt= 0.02> <nCl=  4> <al=0.00> <DB= 1172.7052> <Mlp= 1174.0000> <PB=1174> 
<DWph=1> <it= 12> <et=9.18> <Mt= 0.01> <Spt= 0.02> <nCl=  3> <al=0.00> <DB= 1174.0000> <Mlp= 1174.0000> <PB=1174> 
    RCSP exact solver info for graph G_1 : TT = 0.015856, pt = 0.000836, dt = 0.01206, ct = 0.002532, ndl = 4', bdl = 22', odl = 2', odf = 23', bsi = 1', cnt = 28', bdch = 223', odch = 54', lcp = 32', #sols = 150
<DWph=0> <it= 13> <et=9.21> <Mt= 0.01> <Spt= 0.03> <nCl= 93> <al=0.00> <DB= 1103.9432> <Mlp= 1174.0000> <PB=1174> 
    RCSP exact solver info for graph G_1 : TT = 0.015446, pt = 0.000821, dt = 0.011773, ct = 0.00239, ndl = 3', bdl = 21', odl = 2', odf = 23', bsi = 1', cnt = 25', bdch = 212', odch = 52', lcp = 30', #sols = 150
<DWph=0> <it= 14> <et=9.31> <Mt= 0.08> <Spt= 0.02> <nCl= 50> <al=0.00> <DB= 1169.5855> <Mlp= 1174.0000> <PB=1174> 
    RCSP exact solver info for graph G_1 : TT = 0.015872, pt = 0.000873, dt = 0.011996, ct = 0.002504, ndl = 4', bdl = 21', odl = 2', odf = 23', bsi = 1', cnt = 25', bdch = 214', odch = 53', lcp = 30', #sols = 150
<DWph=0> <it= 15> <et=9.36> <Mt= 0.02> <Spt= 0.02> <nCl= 32> <al=0.00> <DB= 1173.2945> <Mlp= 1174.0000> <PB=1174> 
Dynamic params and stats :  aver.obdmd = 23.3788 aver.buck.num. = 26 nbR1C = 98 with avMem = 7
@@ 1 8 1173.29 0.0144183 0.014592 24.2227 9.36
ColGenEvalAlg final dual bound: 1173.29 (rounded: 1174)
Gap improvement since the last cut separation : 1 (1172.69)
Current active cuts : CAP(25,784.378) R1C(2+96,94.6731) 1rowPackR1C(2) 3rowPackR1C(73) 4rowPackR1C(23)
New model incumbent solution 1174, TIME = 0h0m9s55t = 955
************************************************************************************************
Search is finished, global bounds : [ 1174 , 1174 ], TIME = 0h0m9s55t = 955
************************************************************************************************
Built-in heuristic is enabled
instance_name solver_name ext_heuristic solution_value solution_time best_lb root_lb root_time nb_branch_and_bound_nodes status
/home/logis/Downloads/VRPSolverEasy/VRPSolverEasy/demos/data/CVRP/A-n65-k9 CLP False 1174.000000381891 9.561594419 1174.0 1174.0 9.55885299 1 0

