Node memory for rank-1 cuts will be used (9.80645)
~~~~~~~~~~~~~~~~~~~~~~~~~~~~~~~~~~~~~~~~~~~~~~~~~~~~~~~~~~~~~~~~~~~~~~~~~~~~~~~~~~~~~
VRPSolver v0.5.27, 24/02/2023, © Inria Bordeaux, France, vrpsolver.math.u-bordeaux.fr
      Corresponds to the solver by Pessoa, Sadykov, Uchoa and Vanderbeck (2020)
                 Paper: dx.doi.org/10.1007/s10107-020-01523-z
~~~~~~~~~~~~~~~~~~~~~~~~~~~~~~~~~~~~~~~~~~~~~~~~~~~~~~~~~~~~~~~~~~~~~~~~~~~~~~~~~~~~~
   BaPCod v0.77, 15/03/2023, © Inria Bordeaux, France, bapcod.math.u-bordeaux.fr 
           THIS CODE IS PROVIDED AS IS, USE IT AT YOUR OWN RISK
~~~~~~~~~~~~~~~~~~~~~~~~~~~~~~~~~~~~~~~~~~~~~~~~~~~~~~~~~~~~~~~~~~~~~~~~~~~~~~~~~~~~~
Bucket steps were recalculated for graph G_1 : [6.5]
RCSP solver info : symmetric case is detected for graph G_1! 
Bidirectional border value is initialised to 80
RCSP solver info : number of forw. reachable buckets / buck. strongly connected components is 485( 92.381% ) / 461( 95.0515% )
Generating neighbourhoods for rank-1 cuts separation
Building structures for 4- and 5-row rank-1 packing cut separation...done!
Model is built TIME = 0h0m0s0t = 0
************************************************************************************************
**** BaB tree root node
**** Local DB = -1e+12, global bounds : [ -1e+12 , 216.1 ], TIME = 0h0m0s0t = 0
**** 1 open nodes, 0 columns (0 active), 0 dyn. constrs. (0 active), 40 art. vars. (40 active)
************************************************************************************************
#<DWph=2> <it=  1> <et=0.00> <Mt= 0.00> <Spt= 0.00> <nCl= 19> <al=0.00> <DB=-228173.0400> <Mlp=10372.8000> <PB=216.1> 
#<DWph=2> <it=  2> <et=0.00> <Mt= 0.00> <Spt= 0.00> <nCl= 19> <al=0.55> <DB=-177991.4760> <Mlp= 8767.3867> <PB=216.1> 
#<DWph=2> <it=  3> <et=0.00> <Mt= 0.00> <Spt= 0.00> <nCl= 19> <al=0.60> <DB=-140480.3168> <Mlp= 7449.3750> <PB=216.1> 
#<DWph=2> <it=  4> <et=0.00> <Mt= 0.00> <Spt= 0.00> <nCl= 19> <al=0.50> <DB=-113956.9467> <Mlp= 6896.4485> <PB=216.1> 
#<DWph=2> <it=  5> <et=0.00> <Mt= 0.00> <Spt= 0.00> <nCl= 19> <al=0.55> <DB=-93859.0044> <Mlp= 5748.0097> <PB=216.1> 
#<DWph=2> <it=  6> <et=0.00> <Mt= 0.00> <Spt= 0.00> <nCl= 19> <al=0.59> <DB=-80511.2201> <Mlp= 4437.8400> <PB=216.1> 
#<DWph=2> <it=  7> <et=0.00> <Mt= 0.00> <Spt= 0.00> <nCl= 19> <al=0.63> <DB=-74815.8921> <Mlp= 3671.2127> <PB=216.1> 
#<DWph=2> <it=  8> <et=0.01> <Mt= 0.00> <Spt= 0.00> <nCl= 19> <al=0.67> <DB=-71575.8542> <Mlp= 2755.5725> <PB=216.1> 
#<DWph=2> <it=  9> <et=0.01> <Mt= 0.00> <Spt= 0.00> <nCl= 19> <al=0.70> <DB=-59150.7508> <Mlp= 2479.7605> <PB=216.1> 
#<DWph=2> <it= 10> <et=0.01> <Mt= 0.00> <Spt= 0.00> <nCl= 19> <al=0.60> <DB=-56182.0507> <Mlp= 1588.8727> <PB=216.1> 
#<DWph=2> <it= 11> <et=0.01> <Mt= 0.00> <Spt= 0.00> <nCl= 19> <al=0.64> <DB=-49357.9819> <Mlp= 1297.0617> <PB=216.1> 
#<DWph=2> <it= 12> <et=0.01> <Mt= 0.00> <Spt= 0.00> <nCl= 10> <al=0.68> <DB=-31625.0214> <Mlp=  441.6398> <PB=216.1> 
#<DWph=2> <it= 13> <et=0.01> <Mt= 0.00> <Spt= 0.00> <nCl= 10> <al=0.58> <DB=-15669.5174> <Mlp=  439.0693> <PB=216.1> 
<DWph=2> <it= 14> <et=0.01> <Mt= 0.00> <Spt= 0.00> <nCl= 12> <al=0.48> <DB=-6947.6686> <Mlp=  433.2219> <PB=216.1> 
<DWph=2> <it= 15> <et=0.01> <Mt= 0.00> <Spt= 0.00> <nCl= 19> <al=0.38> <DB=-3256.9282> <Mlp=  418.0058> <PB=216.1> 
<DWph=2> <it= 16> <et=0.01> <Mt= 0.00> <Spt= 0.00> <nCl= 19> <al=0.28> <DB=-2805.0245> <Mlp=  370.1893> <PB=216.1> 
<DWph=2> <it= 17> <et=0.01> <Mt= 0.00> <Spt= 0.00> <nCl= 19> <al=0.35> <DB=-3475.2890> <Mlp=  337.3430> <PB=216.1> 
<DWph=2> <it= 18> <et=0.01> <Mt= 0.00> <Spt= 0.01> <nCl= 19> <al=0.41> <DB=-2393.4522> <Mlp=  311.4673> <PB=216.1> 
<DWph=2> <it= 19> <et=0.01> <Mt= 0.00> <Spt= 0.00> <nCl= 19> <al=0.47> <DB=-1544.7947> <Mlp=  297.7262> <PB=216.1> 
<DWph=2> <it= 20> <et=0.02> <Mt= 0.00> <Spt= 0.00> <nCl= 19> <al=0.37> <DB=-1253.7571> <Mlp=  259.0000> <PB=216.1> 
<DWph=2> <it= 21> <et=0.02> <Mt= 0.00> <Spt= 0.00> <nCl= 19> <al=0.44> <DB= -750.9797> <Mlp=  259.0000> <PB=216.1> 
<DWph=2> <it= 22> <et=0.02> <Mt= 0.00> <Spt= 0.00> <nCl= 19> <al=0.34> <DB=-1113.6734> <Mlp=  259.0000> <PB=216.1> 
<DWph=2> <it= 23> <et=0.02> <Mt= 0.00> <Spt= 0.00> <nCl= 19> <al=0.40> <DB= -466.7753> <Mlp=  259.0000> <PB=216.1> 
<DWph=2> <it= 24> <et=0.02> <Mt= 0.00> <Spt= 0.00> <nCl= 19> <al=0.46> <DB= -210.4129> <Mlp=  253.8837> <PB=216.1> 
<DWph=2> <it= 25> <et=0.02> <Mt= 0.00> <Spt= 0.00> <nCl= 19> <al=0.52> <DB= -178.0143> <Mlp=  228.0509> <PB=216.1> 
<DWph=2> <it= 26> <et=0.02> <Mt= 0.00> <Spt= 0.00> <nCl= 19> <al=0.42> <DB= -337.6170> <Mlp=  220.8431> <PB=216.1> 
<DWph=2> <it= 27> <et=0.02> <Mt= 0.00> <Spt= 0.00> <nCl= 18> <al=0.47> <DB= -139.5245> <Mlp=  220.0333> <PB=216.1> 
<DWph=2> <it= 28> <et=0.03> <Mt= 0.00> <Spt= 0.00> <nCl= 18> <al=0.53> <DB=  -82.2481> <Mlp=  218.7857> <PB=216.1> 
<DWph=2> <it= 29> <et=0.03> <Mt= 0.00> <Spt= 0.00> <nCl= 12> <al=0.57> <DB=   66.7752> <Mlp=  218.6250> <PB=216.1> 
<DWph=2> <it= 30> <et=0.03> <Mt= 0.00> <Spt= 0.00> <nCl= 19> <al=0.62> <DB=   41.0408> <Mlp=  217.8235> <PB=216.1> 
<DWph=2> <it= 31> <et=0.03> <Mt= 0.00> <Spt= 0.00> <nCl= 19> <al=0.66> <DB=   67.5231> <Mlp=  217.4375> <PB=216.1> 
<DWph=2> <it= 32> <et=0.03> <Mt= 0.00> <Spt= 0.00> <nCl= 19> <al=0.56> <DB=   76.9957> <Mlp=  212.0000> <PB=216.1> 
<DWph=2> <it= 33> <et=0.03> <Mt= 0.01> <Spt= 0.01> <nCl= 14> <al=0.60> <DB=   78.3641> <Mlp=  212.0000> <PB=216.1> 
<DWph=2> <it= 34> <et=0.03> <Mt= 0.00> <Spt= 0.00> <nCl= 16> <al=0.64> <DB=   27.4540> <Mlp=  212.0000> <PB=216.1> 
<DWph=2> <it= 35> <et=0.03> <Mt= 0.00> <Spt= 0.00> <nCl= 11> <al=0.68> <DB=  121.7069> <Mlp=  212.0000> <PB=216.1> 
<DWph=2> <it= 36> <et=0.03> <Mt= 0.00> <Spt= 0.00> <nCl= 15> <al=0.58> <DB=  132.2839> <Mlp=  210.0000> <PB=216.1> 
<DWph=2> <it= 37> <et=0.03> <Mt= 0.00> <Spt= 0.00> <nCl= 18> <al=0.62> <DB=  145.7112> <Mlp=  210.0000> <PB=216.1> 
<DWph=2> <it= 38> <et=0.03> <Mt= 0.00> <Spt= 0.00> <nCl= 17> <al=0.52> <DB=  176.6921> <Mlp=  210.0000> <PB=216.1> 
<DWph=2> <it= 39> <et=0.04> <Mt= 0.00> <Spt= 0.00> <nCl= 22> <al=0.00> <DB=  115.2308> <Mlp=  210.0000> <PB=216.1> 
<DWph=2> <it= 40> <et=0.04> <Mt= 0.00> <Spt= 0.00> <nCl= 18> <al=0.00> <DB=  210.0000> <Mlp=  210.0000> <PB=216.1> 
<DWph=1> <it= 41> <et=0.04> <Mt= 0.00> <Spt= 0.00> <nCl= 17> <al=0.22> <DB=   63.6364> <Mlp=  210.0000> <PB=216.1> 
<DWph=1> <it= 42> <et=0.04> <Mt= 0.00> <Spt= 0.00> <nCl= 13> <al=0.30> <DB=  112.3938> <Mlp=  210.0000> <PB=216.1> 
<DWph=1> <it= 43> <et=0.04> <Mt= 0.00> <Spt= 0.00> <nCl=  7> <al=0.37> <DB=  174.2118> <Mlp=  210.0000> <PB=216.1> 
<DWph=1> <it= 44> <et=0.04> <Mt= 0.00> <Spt= 0.00> <nCl=  6> <al=0.27> <DB=  191.7805> <Mlp=  210.0000> <PB=216.1> 
<DWph=1> <it= 45> <et=0.04> <Mt= 0.00> <Spt= 0.01> <nCl=  2> <al=0.34> <DB=  187.9998> <Mlp=  210.0000> <PB=216.1> 
<DWph=1> <it= 46> <et=0.04> <Mt= 0.00> <Spt= 0.00> <nCl=  3> <al=0.41> <DB=  196.9436> <Mlp=  210.0000> <PB=216.1> 
<DWph=1> <it= 47> <et=0.05> <Mt= 0.00> <Spt= 0.00> <nCl=  4> <al=0.47> <DB=  200.5029> <Mlp=  210.0000> <PB=216.1> 
<DWph=1> <it= 48> <et=0.05> <Mt= 0.00> <Spt= 0.00> <nCl=  6> <al=0.04> <DB=  184.7503> <Mlp=  210.0000> <PB=216.1> 
<DWph=1> <it= 49> <et=0.05> <Mt= 0.00> <Spt= 0.00> <nCl=  3> <al=0.42> <DB=  203.3019> <Mlp=  210.0000> <PB=216.1> 
<DWph=1> <it= 50> <et=0.05> <Mt= 0.00> <Spt= 0.00> <nCl=  8> <al=0.00> <DB=  210.0000> <Mlp=  210.0000> <PB=216.1> 
    RCSP exact solver info for graph G_1 : TT = 0.00196, pt = 4e-06, dt = 0.001489, ct = 0.00026, ndl = 1', bdl = 6', odl = 1', odf = 10', bsi = 1', cnt = 3', bdch = 79', odch = 17', lcp = 10', #sols = 150
<DWph=0> <it= 51> <et=0.06> <Mt= 0.00> <Spt= 0.01> <nCl=125> <al=0.38> <DB=  208.6207> <Mlp=  210.0000> <PB=216.1> 
    RCSP exact solver info for graph G_1 : TT = 0.001707, pt = 1e-05, dt = 0.001235, ct = 0.000261, ndl = 1', bdl = 6', odl = 1', odf = 10', bsi = 1', cnt = 3', bdch = 79', odch = 17', lcp = 10', #sols = 150
    RCSP exact solver info for graph G_1 : TT = 0.001702, pt = 9e-06, dt = 0.001223, ct = 0.000261, ndl = 1', bdl = 6', odl = 1', odf = 10', bsi = 1', cnt = 3', bdch = 79', odch = 17', lcp = 10', #sols = 150
<DWph=0> <it= 52> <et=0.06> <Mt= 0.00> <Spt= 0.00> <nCl=  5> <al=0.00> <DB=  210.0000> <Mlp=  210.0000> <PB=216.1> 
Dynamic params and stats :  aver.obdmd = 22.1429 aver.buck.num. = 25
@@ 1 0 210 0.00157633 0.001749 90.5835 0.06
Labels distribution in buckets (bucket size) : largest - 22, top 0.1% - 22, top 0.5% - 18, top 2% - 16, top 10% - 11, top 50% - 3
Reduced cost fixing for graph G_1... 1449 buck. arcs remain (18.3% from prev., 16.6% from max.) + 1250 jump buck. arcs (14.3% from max.)
 TT = 0.003287, pt = 0.000484, dt = 0.001145, ct = 0.001621, ndl = 2', bdl = 6', odl = 0', odf = 11', lpcb = 22', cnt = 13', bdch = 93', odch = 29', lcp = 13'
Labels distribution in buckets (bucket size) : largest - 23, top 0.1% - 23, top 0.5% - 22, top 2% - 17, top 10% - 13, top 50% - 3
Run forward enumeration with border = 80... succeeded! lpt = 0.00291, ndl = 0', dl = 0', lpcb = 3', dch = 0'
Run enumeration concatenation with time limit 0.3 sec.... succeeded!
Sorting and storing enumerated solutions ... done!
 TT = 0.006745, pt = 0.002068, dt = 0.00291, ct = 0.000432, ndl = 0', bdl = 0', lpcb = 3', cnt = 8', bdch = 0', odch = 0', lcp = 0'
Enumeration succeeded!, number of elem. solutions is 748
Estimating inspection time...     TT = 4.2e-05, performed by inspection with 748 solutions, nbR1C = 0, nbDiscC = 0
Inspection time is low enough. Pricing will be done by inspection.
Added 170 columns in the formulation 
Removed 734 columns (not in the enumerated set) from the formulation
Regenerated 170 columns with the 'enumerated' flag
Added 674 columns in the formulation 
ColGenEvalAlg final dual bound: 210 (rounded: 210)
----- Terminating the node by MIP -----
Version identifier: 20.1.0.0 | 2020-11-10 | 9bedb6d68
CPXPARAM_Advance                                 0
CPXPARAM_Threads                                 1
CPXPARAM_MIP_Limits_Nodes                        2000000
CPXPARAM_Simplex_Tolerances_Optimality           9.9999999999999995e-08
CPXPARAM_Simplex_Tolerances_Feasibility          9.9999999999999995e-08
CPXPARAM_TimeLimit                               1763.9118000000001
CPXPARAM_MIP_Tolerances_UpperCutoff              216.000001
CPXPARAM_MIP_Tolerances_MIPGap                   1.0000000000000001e-09
Tried aggregator 1 time.
MIP Presolve eliminated 9 rows and 836 columns.
MIP Presolve modified 1871 coefficients.
Reduced MIP has 12 rows, 8 columns, and 47 nonzeros.
Reduced MIP has 8 binaries, 0 generals, 0 SOSs, and 0 indicators.
Presolve time = 0.00 sec. (3.91 ticks)
Probing fixed 2 vars, tightened 0 bounds.
Probing time = 0.00 sec. (0.01 ticks)
Tried aggregator 1 time.
MIP Presolve eliminated 12 rows and 8 columns.
All rows and columns eliminated.
Presolve time = 0.00 sec. (0.01 ticks)

Root node processing (before b&c):
  Real time             =    0.00 sec. (4.23 ticks)
Sequential b&c:
  Real time             =    0.00 sec. (0.00 ticks)
                          ------------
Total (root+branch&cut) =    0.00 sec. (4.23 ticks)
Solution status = Optimum
New model incumbent solution 216, TIME = 0h0m0s9t = 9
************************************************************************************************
Search is finished, global bounds : [ 216 , 216 ], TIME = 0h0m0s9t = 9
************************************************************************************************
Built-in heuristic is enabled
instance_name solver_name ext_heuristic solution_value solution_time best_lb root_lb root_time nb_branch_and_bound_nodes status
/home/logis/Downloads/VRPSolverEasy/VRPSolverEasy/demos/data/CVRP/P-n20-k2 CPLEX False 216.0 0.09650392699999999 216.0 216.0 0.09637590400000001 1 0

