Time resource is critical for vehicle type 1 (21,0)
Capacity resource will be imposed by rounded capacity cuts (0.340476)
Node memory for rank-1 cuts will be used (4.85714)
~~~~~~~~~~~~~~~~~~~~~~~~~~~~~~~~~~~~~~~~~~~~~~~~~~~~~~~~~~~~~~~~~~~~~~~~~~~~~~~~~~~~~
VRPSolver v0.5.27, 24/02/2023, © Inria Bordeaux, France, vrpsolver.math.u-bordeaux.fr
      Corresponds to the solver by Pessoa, Sadykov, Uchoa and Vanderbeck (2020)
                 Paper: dx.doi.org/10.1007/s10107-020-01523-z
~~~~~~~~~~~~~~~~~~~~~~~~~~~~~~~~~~~~~~~~~~~~~~~~~~~~~~~~~~~~~~~~~~~~~~~~~~~~~~~~~~~~~
   BaPCod v0.77, 15/03/2023, © Inria Bordeaux, France, bapcod.math.u-bordeaux.fr 
           THIS CODE IS PROVIDED AS IS, USE IT AT YOUR OWN RISK
~~~~~~~~~~~~~~~~~~~~~~~~~~~~~~~~~~~~~~~~~~~~~~~~~~~~~~~~~~~~~~~~~~~~~~~~~~~~~~~~~~~~~
Bucket steps were recalculated for graph G_1 : [49.4401]
RCSP solver info : non-symmetric case as the resource 0 consumption for the reverse arc of 0->100 is not the same : 38 against 128
Bidirectional border value is initialised to 464.9
RCSP solver info : number of forw. reachable buckets / buck. strongly connected components is 391( 93.5407% ) / 391( 100% )
RCSP solver info : number of back. reachable buckets / buck. strongly connected components is 391( 93.5407% ) / 391( 100% )
Generating neighbourhoods for rank-1 cuts separation
Building structures for 4- and 5-row rank-1 packing cut separation...done!
Model is built TIME = 0h0m0s6t = 6
************************************************************************************************
**** BaB tree root node
**** Local DB = -1e+12, global bounds : [ -1e+12 , 827.4 ], TIME = 0h0m0s6t = 6
**** 1 open nodes, 0 columns (0 active), 0 dyn. constrs. (0 active), 202 art. vars. (202 active)
************************************************************************************************
#<DWph=2> <it=  1> <et=0.07> <Mt= 0.00> <Spt= 0.00> <nCl= 30> <al=0.00> <DB=-445181.0000> <Mlp=208504.8000> <PB=827.4> 
#<DWph=2> <it=  2> <et=0.07> <Mt= 0.00> <Spt= 0.00> <nCl= 30> <al=0.55> <DB=-447496.2690> <Mlp=90661.9800> <PB=827.4> 
<DWph=2> <it=  3> <et=0.07> <Mt= 0.00> <Spt= 0.00> <nCl= 30> <al=0.60> <DB=-417063.5975> <Mlp=  855.8000> <PB=827.4> 
<DWph=2> <it=  4> <et=0.07> <Mt= 0.00> <Spt= 0.00> <nCl= 30> <al=0.64> <DB=-391041.9059> <Mlp=  855.8000> <PB=827.4> 
<DWph=2> <it=  5> <et=0.08> <Mt= 0.00> <Spt= 0.01> <nCl= 30> <al=0.67> <DB=-349761.1107> <Mlp=  855.8000> <PB=827.4> 
<DWph=2> <it=  6> <et=0.08> <Mt= 0.00> <Spt= 0.00> <nCl= 30> <al=0.70> <DB=-321915.8895> <Mlp=  855.8000> <PB=827.4> 
<DWph=2> <it=  7> <et=0.08> <Mt= 0.00> <Spt= 0.00> <nCl= 30> <al=0.73> <DB=-322400.4317> <Mlp=  855.8000> <PB=827.4> 
<DWph=2> <it=  8> <et=0.09> <Mt= 0.00> <Spt= 0.00> <nCl= 30> <al=0.76> <DB=-290174.9397> <Mlp=  855.8000> <PB=827.4> 
<DWph=2> <it=  9> <et=0.09> <Mt= 0.00> <Spt= 0.00> <nCl= 30> <al=0.78> <DB=-285153.0602> <Mlp=  855.8000> <PB=827.4> 
<DWph=2> <it= 10> <et=0.09> <Mt= 0.00> <Spt= 0.01> <nCl= 30> <al=0.68> <DB=-295639.6143> <Mlp=  855.8000> <PB=827.4> 
<DWph=2> <it= 11> <et=0.09> <Mt= 0.00> <Spt= 0.00> <nCl= 30> <al=0.72> <DB=-271509.2287> <Mlp=  855.8000> <PB=827.4> 
<DWph=2> <it= 12> <et=0.10> <Mt= 0.00> <Spt= 0.00> <nCl= 30> <al=0.74> <DB=-259989.8524> <Mlp=  855.8000> <PB=827.4> 
<DWph=2> <it= 13> <et=0.10> <Mt= 0.00> <Spt= 0.00> <nCl= 30> <al=0.77> <DB=-232834.6338> <Mlp=  855.8000> <PB=827.4> 
<DWph=2> <it= 14> <et=0.11> <Mt= 0.01> <Spt= 0.00> <nCl= 30> <al=0.67> <DB=-229878.8669> <Mlp=  855.8000> <PB=827.4> 
<DWph=2> <it= 15> <et=0.11> <Mt= 0.00> <Spt= 0.00> <nCl= 30> <al=0.70> <DB=-205745.9714> <Mlp=  855.8000> <PB=827.4> 
<DWph=2> <it= 16> <et=0.12> <Mt= 0.00> <Spt= 0.01> <nCl= 30> <al=0.60> <DB=-198112.8508> <Mlp=  855.8000> <PB=827.4> 
<DWph=2> <it= 17> <et=0.12> <Mt= 0.01> <Spt= 0.00> <nCl= 30> <al=0.64> <DB=-164653.1546> <Mlp=  855.8000> <PB=827.4> 
<DWph=2> <it= 18> <et=0.13> <Mt= 0.00> <Spt= 0.00> <nCl= 30> <al=0.68> <DB=-169356.2741> <Mlp=  855.8000> <PB=827.4> 
<DWph=2> <it= 19> <et=0.14> <Mt= 0.01> <Spt= 0.00> <nCl= 30> <al=0.71> <DB=-150830.6773> <Mlp=  855.8000> <PB=827.4> 
<DWph=2> <it= 20> <et=0.14> <Mt= 0.00> <Spt= 0.00> <nCl= 30> <al=0.74> <DB=-135467.4836> <Mlp=  855.8000> <PB=827.4> 
<DWph=2> <it= 21> <et=0.15> <Mt= 0.01> <Spt= 0.01> <nCl= 30> <al=0.77> <DB=-144899.9213> <Mlp=  855.8000> <PB=827.4> 
<DWph=2> <it= 22> <et=0.16> <Mt= 0.00> <Spt= 0.00> <nCl= 30> <al=0.79> <DB=-128350.5633> <Mlp=  855.8000> <PB=827.4> 
<DWph=2> <it= 23> <et=0.17> <Mt= 0.01> <Spt= 0.00> <nCl= 30> <al=0.81> <DB=-132453.5221> <Mlp=  855.8000> <PB=827.4> 
<DWph=2> <it= 24> <et=0.17> <Mt= 0.00> <Spt= 0.00> <nCl= 30> <al=0.83> <DB=-111933.0489> <Mlp=  855.8000> <PB=827.4> 
<DWph=2> <it= 25> <et=0.18> <Mt= 0.01> <Spt= 0.00> <nCl= 30> <al=0.73> <DB=-127654.5897> <Mlp=  855.8000> <PB=827.4> 
<DWph=2> <it= 26> <et=0.19> <Mt= 0.00> <Spt= 0.01> <nCl= 30> <al=0.76> <DB=-82160.6516> <Mlp=  855.8000> <PB=827.4> 
<DWph=2> <it= 27> <et=0.20> <Mt= 0.01> <Spt= 0.00> <nCl= 30> <al=0.78> <DB=-77466.0938> <Mlp=  855.8000> <PB=827.4> 
<DWph=2> <it= 28> <et=0.20> <Mt= 0.01> <Spt= 0.00> <nCl= 30> <al=0.80> <DB=-91391.2508> <Mlp=  855.8000> <PB=827.4> 
<DWph=2> <it= 29> <et=0.21> <Mt= 0.00> <Spt= 0.00> <nCl= 30> <al=0.82> <DB=-81370.4363> <Mlp=  855.8000> <PB=827.4> 
<DWph=2> <it= 30> <et=0.22> <Mt= 0.01> <Spt= 0.00> <nCl= 30> <al=0.84> <DB=-76880.2475> <Mlp=  855.8000> <PB=827.4> 
<DWph=2> <it= 31> <et=0.23> <Mt= 0.01> <Spt= 0.01> <nCl= 30> <al=0.86> <DB=-69925.9175> <Mlp=  855.8000> <PB=827.4> 
<DWph=2> <it= 32> <et=0.24> <Mt= 0.00> <Spt= 0.00> <nCl= 30> <al=0.87> <DB=-70029.7108> <Mlp=  855.8000> <PB=827.4> 
<DWph=2> <it= 33> <et=0.24> <Mt= 0.01> <Spt= 0.00> <nCl= 30> <al=0.88> <DB=-66644.8594> <Mlp=  855.8000> <PB=827.4> 
<DWph=2> <it= 34> <et=0.25> <Mt= 0.00> <Spt= 0.00> <nCl= 30> <al=0.78> <DB=-79411.3693> <Mlp=  855.8000> <PB=827.4> 
<DWph=2> <it= 35> <et=0.27> <Mt= 0.01> <Spt= 0.01> <nCl= 14> <al=0.61> <DB=-37946.4572> <Mlp=  855.8000> <PB=827.4> 
<DWph=2> <it= 36> <et=0.27> <Mt= 0.00> <Spt= 0.00> <nCl= 30> <al=0.71> <DB=-25174.6475> <Mlp=  855.8000> <PB=827.4> 
<DWph=2> <it= 37> <et=0.27> <Mt= 0.01> <Spt= 0.00> <nCl= 30> <al=0.61> <DB=-13789.8543> <Mlp=  855.8000> <PB=827.4> 
<DWph=2> <it= 38> <et=0.28> <Mt= 0.00> <Spt= 0.00> <nCl= 30> <al=0.51> <DB=-7056.7945> <Mlp=  855.8000> <PB=827.4> 
<DWph=2> <it= 39> <et=0.28> <Mt= 0.00> <Spt= 0.00> <nCl= 30> <al=0.41> <DB=-12003.0968> <Mlp=  855.8000> <PB=827.4> 
<DWph=2> <it= 40> <et=0.29> <Mt= 0.00> <Spt= 0.01> <nCl= 30> <al=0.46> <DB=-7635.9032> <Mlp=  855.8000> <PB=827.4> 
<DWph=2> <it= 41> <et=0.29> <Mt= 0.00> <Spt= 0.00> <nCl= 30> <al=0.52> <DB=-5901.0358> <Mlp=  855.8000> <PB=827.4> 
<DWph=2> <it= 42> <et=0.29> <Mt= 0.01> <Spt= 0.00> <nCl= 30> <al=0.57> <DB=-5145.1611> <Mlp=  855.8000> <PB=827.4> 
<DWph=2> <it= 43> <et=0.30> <Mt= 0.00> <Spt= 0.00> <nCl= 30> <al=0.61> <DB=-6472.1197> <Mlp=  855.8000> <PB=827.4> 
<DWph=2> <it= 44> <et=0.31> <Mt= 0.00> <Spt= 0.01> <nCl= 30> <al=0.65> <DB=-5596.3536> <Mlp=  855.8000> <PB=827.4> 
<DWph=2> <it= 45> <et=0.31> <Mt= 0.00> <Spt= 0.00> <nCl= 30> <al=0.68> <DB=-4895.0203> <Mlp=  855.8000> <PB=827.4> 
<DWph=2> <it= 46> <et=0.32> <Mt= 0.01> <Spt= 0.00> <nCl= 30> <al=0.72> <DB=-6227.0906> <Mlp=  855.8000> <PB=827.4> 
<DWph=2> <it= 47> <et=0.32> <Mt= 0.00> <Spt= 0.00> <nCl= 30> <al=0.74> <DB=-4581.6387> <Mlp=  855.8000> <PB=827.4> 
<DWph=2> <it= 48> <et=0.33> <Mt= 0.00> <Spt= 0.01> <nCl= 30> <al=0.77> <DB=-4844.1705> <Mlp=  855.8000> <PB=827.4> 
<DWph=2> <it= 49> <et=0.33> <Mt= 0.01> <Spt= 0.00> <nCl= 30> <al=0.79> <DB=-3970.9018> <Mlp=  855.8000> <PB=827.4> 
<DWph=2> <it= 50> <et=0.34> <Mt= 0.00> <Spt= 0.00> <nCl= 29> <al=0.81> <DB=-3273.8585> <Mlp=  855.8000> <PB=827.4> 
<DWph=2> <it= 51> <et=0.34> <Mt= 0.00> <Spt= 0.00> <nCl= 30> <al=0.83> <DB=-3581.7222> <Mlp=  855.8000> <PB=827.4> 
<DWph=2> <it= 52> <et=0.35> <Mt= 0.00> <Spt= 0.00> <nCl= 30> <al=0.85> <DB=-2854.6253> <Mlp=  855.8000> <PB=827.4> 
<DWph=2> <it= 53> <et=0.35> <Mt= 0.01> <Spt= 0.01> <nCl= 30> <al=0.86> <DB=-2982.5696> <Mlp=  855.8000> <PB=827.4> 
<DWph=2> <it= 54> <et=0.36> <Mt= 0.00> <Spt= 0.00> <nCl= 29> <al=0.88> <DB=-2646.2021> <Mlp=  855.8000> <PB=827.4> 
<DWph=2> <it= 55> <et=0.36> <Mt= 0.00> <Spt= 0.00> <nCl= 25> <al=0.89> <DB=-2500.9370> <Mlp=  855.8000> <PB=827.4> 
<DWph=2> <it= 56> <et=0.37> <Mt= 0.01> <Spt= 0.00> <nCl= 30> <al=0.90> <DB=-2508.9602> <Mlp=  855.8000> <PB=827.4> 
<DWph=2> <it= 57> <et=0.37> <Mt= 0.00> <Spt= 0.00> <nCl= 30> <al=0.91> <DB=-2235.1183> <Mlp=  855.8000> <PB=827.4> 
<DWph=2> <it= 58> <et=0.38> <Mt= 0.00> <Spt= 0.01> <nCl= 30> <al=0.81> <DB=-2660.7063> <Mlp=  855.8000> <PB=827.4> 
<DWph=2> <it= 59> <et=0.38> <Mt= 0.01> <Spt= 0.00> <nCl= 22> <al=0.83> <DB=-1708.5338> <Mlp=  855.8000> <PB=827.4> 
<DWph=2> <it= 60> <et=0.39> <Mt= 0.00> <Spt= 0.00> <nCl= 30> <al=0.73> <DB=-3305.4291> <Mlp=  855.8000> <PB=827.4> 
<DWph=2> <it= 61> <et=0.39> <Mt= 0.00> <Spt= 0.00> <nCl= 30> <al=0.76> <DB=-1521.4866> <Mlp=  855.8000> <PB=827.4> 
<DWph=2> <it= 62> <et=0.40> <Mt= 0.01> <Spt= 0.00> <nCl= 30> <al=0.78> <DB=-2060.5508> <Mlp=  855.8000> <PB=827.4> 
<DWph=2> <it= 63> <et=0.40> <Mt= 0.00> <Spt= 0.01> <nCl= 30> <al=0.80> <DB=-1651.5104> <Mlp=  855.8000> <PB=827.4> 
<DWph=2> <it= 64> <et=0.41> <Mt= 0.01> <Spt= 0.00> <nCl= 24> <al=0.82> <DB=-1168.0057> <Mlp=  855.8000> <PB=827.4> 
<DWph=2> <it= 65> <et=0.42> <Mt= 0.00> <Spt= 0.00> <nCl= 30> <al=0.72> <DB=-1841.2068> <Mlp=  855.8000> <PB=827.4> 
<DWph=2> <it= 66> <et=0.43> <Mt= 0.01> <Spt= 0.00> <nCl= 29> <al=0.75> <DB=-1034.5440> <Mlp=  855.8000> <PB=827.4> 
<DWph=2> <it= 67> <et=0.44> <Mt= 0.01> <Spt= 0.00> <nCl= 29> <al=0.78> <DB= -690.0704> <Mlp=  855.8000> <PB=827.4> 
<DWph=2> <it= 68> <et=0.45> <Mt= 0.00> <Spt= 0.01> <nCl= 28> <al=0.80> <DB=-1133.3377> <Mlp=  855.8000> <PB=827.4> 
<DWph=2> <it= 69> <et=0.46> <Mt= 0.02> <Spt= 0.00> <nCl= 22> <al=0.82> <DB= -557.7234> <Mlp=  855.8000> <PB=827.4> 
<DWph=2> <it= 70> <et=0.47> <Mt= 0.00> <Spt= 0.00> <nCl= 29> <al=0.84> <DB= -809.1925> <Mlp=  855.8000> <PB=827.4> 
<DWph=2> <it= 71> <et=0.48> <Mt= 0.00> <Spt= 0.00> <nCl= 29> <al=0.85> <DB= -405.6922> <Mlp=  855.8000> <PB=827.4> 
<DWph=2> <it= 72> <et=0.48> <Mt= 0.01> <Spt= 0.00> <nCl= 23> <al=0.87> <DB= -663.9303> <Mlp=  855.8000> <PB=827.4> 
<DWph=2> <it= 73> <et=0.49> <Mt= 0.00> <Spt= 0.01> <nCl= 15> <al=0.88> <DB= -319.4335> <Mlp=  855.8000> <PB=827.4> 
<DWph=2> <it= 74> <et=0.50> <Mt= 0.01> <Spt= 0.00> <nCl= 23> <al=0.89> <DB= -300.6324> <Mlp=  855.8000> <PB=827.4> 
<DWph=2> <it= 75> <et=0.50> <Mt= 0.00> <Spt= 0.00> <nCl= 30> <al=0.90> <DB= -400.5844> <Mlp=  855.8000> <PB=827.4> 
<DWph=2> <it= 76> <et=0.51> <Mt= 0.01> <Spt= 0.00> <nCl= 21> <al=0.91> <DB= -233.6669> <Mlp=  855.8000> <PB=827.4> 
<DWph=2> <it= 77> <et=0.52> <Mt= 0.00> <Spt= 0.00> <nCl= 21> <al=0.92> <DB= -148.3157> <Mlp=  855.8000> <PB=827.4> 
<DWph=2> <it= 78> <et=0.52> <Mt= 0.01> <Spt= 0.01> <nCl= 30> <al=0.82> <DB=-1002.5320> <Mlp=  855.8000> <PB=827.4> 
<DWph=2> <it= 79> <et=0.53> <Mt= 0.01> <Spt= 0.00> <nCl= 13> <al=0.84> <DB=   49.9466> <Mlp=  855.8000> <PB=827.4> 
<DWph=2> <it= 80> <et=0.54> <Mt= 0.00> <Spt= 0.00> <nCl= 27> <al=0.86> <DB=  116.4147> <Mlp=  838.6000> <PB=827.4> 
<DWph=2> <it= 81> <et=0.54> <Mt= 0.00> <Spt= 0.00> <nCl= 29> <al=0.87> <DB= -181.4910> <Mlp=  838.6000> <PB=827.4> 
<DWph=2> <it= 82> <et=0.55> <Mt= 0.01> <Spt= 0.00> <nCl= 23> <al=0.88> <DB= -199.4381> <Mlp=  838.6000> <PB=827.4> 
<DWph=2> <it= 83> <et=0.56> <Mt= 0.01> <Spt= 0.01> <nCl= 14> <al=0.89> <DB=  281.8043> <Mlp=  838.6000> <PB=827.4> 
<DWph=2> <it= 84> <et=0.57> <Mt= 0.00> <Spt= 0.00> <nCl= 25> <al=0.79> <DB=  394.7817> <Mlp=  838.6000> <PB=827.4> 
<DWph=2> <it= 85> <et=0.57> <Mt= 0.00> <Spt= 0.00> <nCl= 21> <al=0.82> <DB=  389.5872> <Mlp=  838.6000> <PB=827.4> 
<DWph=2> <it= 86> <et=0.58> <Mt= 0.00> <Spt= 0.00> <nCl= 12> <al=0.83> <DB=  487.6054> <Mlp=  838.6000> <PB=827.4> 
<DWph=2> <it= 87> <et=0.58> <Mt= 0.01> <Spt= 0.01> <nCl= 29> <al=0.73> <DB=  331.6694> <Mlp=  838.6000> <PB=827.4> 
<DWph=2> <it= 88> <et=0.58> <Mt= 0.00> <Spt= 0.00> <nCl= 26> <al=0.76> <DB=  379.8720> <Mlp=  838.6000> <PB=827.4> 
<DWph=2> <it= 89> <et=0.59> <Mt= 0.00> <Spt= 0.00> <nCl= 21> <al=0.78> <DB=  418.7062> <Mlp=  838.6000> <PB=827.4> 
<DWph=2> <it= 90> <et=0.59> <Mt= 0.00> <Spt= 0.00> <nCl= 26> <al=0.81> <DB=  400.6677> <Mlp=  838.6000> <PB=827.4> 
<DWph=2> <it= 91> <et=0.61> <Mt= 0.01> <Spt= 0.00> <nCl= 12> <al=0.83> <DB=  504.4617> <Mlp=  838.6000> <PB=827.4> 
<DWph=2> <it= 92> <et=0.61> <Mt= 0.01> <Spt= 0.01> <nCl= 13> <al=0.84> <DB=  557.0042> <Mlp=  838.6000> <PB=827.4> 
<DWph=2> <it= 93> <et=0.62> <Mt= 0.00> <Spt= 0.00> <nCl= 30> <al=0.74> <DB=  249.9397> <Mlp=  838.6000> <PB=827.4> 
<DWph=2> <it= 94> <et=0.63> <Mt= 0.01> <Spt= 0.00> <nCl= 25> <al=0.77> <DB=  456.0588> <Mlp=  832.1000> <PB=827.4> 
<DWph=2> <it= 95> <et=0.64> <Mt= 0.00> <Spt= 0.00> <nCl= 24> <al=0.79> <DB=  561.1766> <Mlp=  832.1000> <PB=827.4> 
<DWph=2> <it= 96> <et=0.64> <Mt= 0.01> <Spt= 0.00> <nCl= 28> <al=0.81> <DB=  486.0418> <Mlp=  832.1000> <PB=827.4> 
<DWph=2> <it= 97> <et=0.64> <Mt= 0.00> <Spt= 0.01> <nCl= 23> <al=0.83> <DB=  412.6346> <Mlp=  832.1000> <PB=827.4> 
<DWph=2> <it= 98> <et=0.65> <Mt= 0.00> <Spt= 0.00> <nCl=  9> <al=0.85> <DB=  605.8321> <Mlp=  832.1000> <PB=827.4> 
Shrinking heuristic shrunk 90 edges
<DWph=2> <it= 99> <et=0.66> <Mt= 0.00> <Spt= 0.00> <nCl= 17> <al=0.75> <DB=  664.6117> <Mlp=  827.3000> <PB=827.3> 
<DWph=2> <it=100> <et=0.66> <Mt= 0.01> <Spt= 0.00> <nCl= 26> <al=0.65> <DB=  576.1374> <Mlp=  827.3000> <PB=827.3> 
<DWph=2> <it=101> <et=0.66> <Mt= 0.00> <Spt= 0.00> <nCl= 27> <al=0.68> <DB=  577.3162> <Mlp=  827.3000> <PB=827.3> 
<DWph=2> <it=102> <et=0.67> <Mt= 0.00> <Spt= 0.01> <nCl= 13> <al=0.71> <DB=  650.6298> <Mlp=  827.3000> <PB=827.3> 
<DWph=2> <it=103> <et=0.67> <Mt= 0.00> <Spt= 0.00> <nCl=  3> <al=0.74> <DB=  719.0341> <Mlp=  827.3000> <PB=827.3> 
<DWph=2> <it=104> <et=0.67> <Mt= 0.00> <Spt= 0.00> <nCl= 16> <al=0.64> <DB=  728.5073> <Mlp=  827.3000> <PB=827.3> 
<DWph=2> <it=105> <et=0.68> <Mt= 0.00> <Spt= 0.00> <nCl= 16> <al=0.68> <DB=  595.5028> <Mlp=  827.3000> <PB=827.3> 
<DWph=2> <it=106> <et=0.68> <Mt= 0.01> <Spt= 0.00> <nCl= 24> <al=0.71> <DB=  566.9560> <Mlp=  827.3000> <PB=827.3> 
<DWph=2> <it=107> <et=0.68> <Mt= 0.00> <Spt= 0.01> <nCl= 13> <al=0.74> <DB=  643.9132> <Mlp=  827.3000> <PB=827.3> 
<DWph=2> <it=108> <et=0.69> <Mt= 0.00> <Spt= 0.00> <nCl=  4> <al=0.77> <DB=  751.6173> <Mlp=  827.3000> <PB=827.3> 
<DWph=2> <it=109> <et=0.69> <Mt= 0.00> <Spt= 0.00> <nCl= 10> <al=0.67> <DB=  685.3428> <Mlp=  827.3000> <PB=827.3> 
<DWph=2> <it=110> <et=0.69> <Mt= 0.00> <Spt= 0.00> <nCl=  8> <al=0.70> <DB=  747.4613> <Mlp=  827.3000> <PB=827.3> 
<DWph=2> <it=111> <et=0.70> <Mt= 0.00> <Spt= 0.00> <nCl=  8> <al=0.73> <DB=  768.3307> <Mlp=  827.3000> <PB=827.3> 
<DWph=2> <it=112> <et=0.70> <Mt= 0.00> <Spt= 0.01> <nCl= 23> <al=0.76> <DB=  747.2722> <Mlp=  827.3000> <PB=827.3> 
<DWph=2> <it=113> <et=0.70> <Mt= 0.00> <Spt= 0.00> <nCl= 13> <al=0.78> <DB=  777.8606> <Mlp=  827.3000> <PB=827.3> 
<DWph=2> <it=114> <et=0.71> <Mt= 0.00> <Spt= 0.00> <nCl= 18> <al=0.80> <DB=  770.9847> <Mlp=  827.3000> <PB=827.3> 
<DWph=2> <it=115> <et=0.71> <Mt= 0.01> <Spt= 0.00> <nCl=  9> <al=0.82> <DB=  779.3219> <Mlp=  827.3000> <PB=827.3> 
<DWph=2> <it=116> <et=0.71> <Mt= 0.00> <Spt= 0.00> <nCl= 10> <al=0.84> <DB=  786.9847> <Mlp=  827.3000> <PB=827.3> 
<DWph=2> <it=117> <et=0.72> <Mt= 0.00> <Spt= 0.00> <nCl= 14> <al=0.74> <DB=  792.1896> <Mlp=  827.3000> <PB=827.3> 
<DWph=2> <it=118> <et=0.72> <Mt= 0.00> <Spt= 0.01> <nCl= 21> <al=0.77> <DB=  763.9983> <Mlp=  827.3000> <PB=827.3> 
<DWph=2> <it=119> <et=0.72> <Mt= 0.00> <Spt= 0.00> <nCl=  4> <al=0.79> <DB=  792.2303> <Mlp=  827.3000> <PB=827.3> 
<DWph=2> <it=120> <et=0.73> <Mt= 0.00> <Spt= 0.00> <nCl= 12> <al=0.81> <DB=  787.3007> <Mlp=  827.3000> <PB=827.3> 
<DWph=2> <it=121> <et=0.73> <Mt= 0.00> <Spt= 0.00> <nCl=  4> <al=0.83> <DB=  791.2550> <Mlp=  827.3000> <PB=827.3> 
<DWph=2> <it=122> <et=0.73> <Mt= 0.00> <Spt= 0.00> <nCl=  6> <al=0.85> <DB=  798.1598> <Mlp=  827.3000> <PB=827.3> 
<DWph=2> <it=123> <et=0.73> <Mt= 0.01> <Spt= 0.01> <nCl=  4> <al=0.86> <DB=  800.9904> <Mlp=  827.3000> <PB=827.3> 
<DWph=2> <it=124> <et=0.74> <Mt= 0.00> <Spt= 0.00> <nCl= 16> <al=0.76> <DB=  790.5125> <Mlp=  827.3000> <PB=827.3> 
<DWph=2> <it=125> <et=0.74> <Mt= 0.00> <Spt= 0.00> <nCl=  6> <al=0.79> <DB=  803.5834> <Mlp=  827.3000> <PB=827.3> 
<DWph=2> <it=126> <et=0.74> <Mt= 0.00> <Spt= 0.00> <nCl=  4> <al=0.81> <DB=  807.7590> <Mlp=  827.3000> <PB=827.3> 
<DWph=2> <it=127> <et=0.75> <Mt= 0.00> <Spt= 0.00> <nCl=  8> <al=0.83> <DB=  804.3793> <Mlp=  827.3000> <PB=827.3> 
<DWph=2> <it=128> <et=0.75> <Mt= 0.00> <Spt= 0.01> <nCl=  8> <al=0.69> <DB=  811.8452> <Mlp=  827.3000> <PB=827.3> 
<DWph=2> <it=129> <et=0.75> <Mt= 0.00> <Spt= 0.00> <nCl= 11> <al=0.74> <DB=  804.8735> <Mlp=  827.3000> <PB=827.3> 
<DWph=2> <it=130> <et=0.76> <Mt= 0.00> <Spt= 0.00> <nCl=  1> <al=0.77> <DB=  815.4083> <Mlp=  827.3000> <PB=827.3> 
<DWph=2> <it=131> <et=0.76> <Mt= 0.00> <Spt= 0.00> <nCl= 11> <al=0.67> <DB=  816.3282> <Mlp=  827.3000> <PB=827.3> 
<DWph=2> <it=132> <et=0.76> <Mt= 0.00> <Spt= 0.01> <nCl=  5> <al=0.70> <DB=  818.8197> <Mlp=  827.3000> <PB=827.3> 
<DWph=2> <it=133> <et=0.76> <Mt= 0.00> <Spt= 0.00> <nCl=  4> <al=0.60> <DB=  820.9788> <Mlp=  827.3000> <PB=827.3> 
<DWph=2> <it=134> <et=0.77> <Mt= 0.01> <Spt= 0.00> <nCl= 11> <al=0.64> <DB=  822.6972> <Mlp=  827.3000> <PB=827.3> 
<DWph=2> <it=135> <et=0.77> <Mt= 0.00> <Spt= 0.00> <nCl= 13> <al=0.54> <DB=  824.0260> <Mlp=  827.3000> <PB=827.3> 
<DWph=2> <it=136> <et=0.77> <Mt= 0.00> <Spt= 0.00> <nCl= 12> <al=0.44> <DB=  823.2385> <Mlp=  827.3000> <PB=827.3> 
<DWph=2> <it=137> <et=0.78> <Mt= 0.00> <Spt= 0.01> <nCl=  6> <al=0.50> <DB=  824.6262> <Mlp=  827.3000> <PB=827.3> 
<DWph=2> <it=138> <et=0.78> <Mt= 0.00> <Spt= 0.00> <nCl=  7> <al=0.40> <DB=  824.8793> <Mlp=  827.3000> <PB=827.3> 
<DWph=2> <it=139> <et=0.78> <Mt= 0.00> <Spt= 0.00> <nCl=  4> <al=0.46> <DB=  824.9789> <Mlp=  827.3000> <PB=827.3> 
<DWph=2> <it=140> <et=0.79> <Mt= 0.00> <Spt= 0.00> <nCl= 20> <al=0.00> <DB=  741.0500> <Mlp=  827.3000> <PB=827.3> 
<DWph=2> <it=141> <et=0.79> <Mt= 0.00> <Spt= 0.01> <nCl=  1> <al=0.00> <DB=  827.3000> <Mlp=  827.3000> <PB=827.3> 
<DWph=1> <it=142> <et=0.79> <Mt= 0.00> <Spt= 0.00> <nCl= 30> <al=0.31> <DB=  608.9667> <Mlp=  827.3000> <PB=827.3> 
<DWph=1> <it=143> <et=0.80> <Mt= 0.00> <Spt= 0.00> <nCl= 23> <al=0.21> <DB=  753.1837> <Mlp=  827.3000> <PB=827.3> 
<DWph=1> <it=144> <et=0.80> <Mt= 0.00> <Spt= 0.01> <nCl= 21> <al=0.11> <DB=  781.5412> <Mlp=  827.3000> <PB=827.3> 
<DWph=1> <it=145> <et=0.81> <Mt= 0.01> <Spt= 0.00> <nCl= 18> <al=0.20> <DB=  780.3564> <Mlp=  827.3000> <PB=827.3> 
<DWph=1> <it=146> <et=0.81> <Mt= 0.00> <Spt= 0.00> <nCl=  7> <al=0.28> <DB=  813.5961> <Mlp=  827.3000> <PB=827.3> 
<DWph=1> <it=147> <et=0.81> <Mt= 0.00> <Spt= 0.00> <nCl=  8> <al=0.18> <DB=  815.2756> <Mlp=  827.3000> <PB=827.3> 
<DWph=1> <it=148> <et=0.82> <Mt= 0.00> <Spt= 0.00> <nCl=  3> <al=0.26> <DB=  824.1383> <Mlp=  827.3000> <PB=827.3> 
<DWph=1> <it=149> <et=0.82> <Mt= 0.00> <Spt= 0.01> <nCl=  3> <al=0.00> <DB=  827.3000> <Mlp=  827.3000> <PB=827.3> 
    RCSP exact solver info for graph G_1 : TT = 0.00285, pt = 1.5e-05, dt = 0.002068, ct = 0.000375, ndl = 0', bdl = 9', odl = 0', odf = 2', bsi = 0', cnt = 0', bdch = 32', odch = 2', lcp = 3', #sols = 150
<DWph=0> <it=150> <et=0.83> <Mt= 0.00> <Spt= 0.00> <nCl= 99> <al=0.06> <DB=  760.4250> <Mlp=  827.3000> <PB=827.3> 
    RCSP exact solver info for graph G_1 : TT = 0.002089, pt = 2e-05, dt = 0.001312, ct = 0.000364, ndl = 0', bdl = 8', odl = 0', odf = 2', bsi = 1', cnt = 1', bdch = 27', odch = 2', lcp = 2', #sols = 150
<DWph=0> <it=151> <et=0.84> <Mt= 0.00> <Spt= 0.01> <nCl= 64> <al=0.00> <DB=  759.8000> <Mlp=  827.3000> <PB=827.3> 
    RCSP exact solver info for graph G_1 : TT = 0.002061, pt = 1.7e-05, dt = 0.001287, ct = 0.000368, ndl = 0', bdl = 9', odl = 0', odf = 2', bsi = 1', cnt = 1', bdch = 26', odch = 2', lcp = 2', #sols = 150
<DWph=0> <it=152> <et=0.84> <Mt= 0.00> <Spt= 0.01> <nCl= 35> <al=0.07> <DB=  791.1323> <Mlp=  827.3000> <PB=827.3> 
    RCSP exact solver info for graph G_1 : TT = 0.001973, pt = 1.6e-05, dt = 0.001228, ct = 0.000347, ndl = 0', bdl = 9', odl = 0', odf = 2', bsi = 1', cnt = 1', bdch = 26', odch = 2', lcp = 1', #sols = 150
<DWph=0> <it=153> <et=0.85> <Mt= 0.00> <Spt= 0.00> <nCl= 37> <al=0.16> <DB=  815.2136> <Mlp=  827.3000> <PB=827.3> 
    RCSP exact solver info for graph G_1 : TT = 0.001965, pt = 1.6e-05, dt = 0.001223, ct = 0.000346, ndl = 0', bdl = 9', odl = 0', odf = 2', bsi = 1', cnt = 1', bdch = 26', odch = 2', lcp = 2', #sols = 150
    RCSP exact solver info for graph G_1 : TT = 0.0019, pt = 1.6e-05, dt = 0.00116, ct = 0.000352, ndl = 0', bdl = 8', odl = 0', odf = 2', bsi = 1', cnt = 1', bdch = 24', odch = 2', lcp = 2', #sols = 150
<DWph=0> <it=154> <et=0.86> <Mt= 0.00> <Spt= 0.01> <nCl= 33> <al=0.00> <DB=  827.3000> <Mlp=  827.3000> <PB=827.3> 
Dynamic params and stats :  bidir.bord. = 378.7 aver.obdmd = 2.78431 aver.buck.num. = 4.09804
@@ 1 0 827.3 0.00173833 0.002443 83.4951 0.86
ColGenEvalAlg final dual bound: 827.3 (rounded: 827.3)
New model incumbent solution 827.3, TIME = 0h0m0s86t = 86
************************************************************************************************
Search is finished, global bounds : [ 827.3 , 827.3 ], TIME = 0h0m0s86t = 86
************************************************************************************************
instance_name solver_name ext_heuristic solution_value solution_time best_lb root_lb root_time nb_branch_and_bound_nodes status
/home/logis/Downloads/VRPSolverEasy/VRPSolverEasy/demos/data/CVRPTW/C106 CPLEX False 827.3 0.8673123150000001 827.3 827.3 0.867057072 1 0

