Node memory for rank-1 cuts will be used (6.70827)
~~~~~~~~~~~~~~~~~~~~~~~~~~~~~~~~~~~~~~~~~~~~~~~~~~~~~~~~~~~~~~~~~~~~~~~~~~~~~~~~~~~~~
VRPSolver v0.5.27, 24/02/2023, © Inria Bordeaux, France, vrpsolver.math.u-bordeaux.fr
      Corresponds to the solver by Pessoa, Sadykov, Uchoa and Vanderbeck (2020)
                 Paper: dx.doi.org/10.1007/s10107-020-01523-z
~~~~~~~~~~~~~~~~~~~~~~~~~~~~~~~~~~~~~~~~~~~~~~~~~~~~~~~~~~~~~~~~~~~~~~~~~~~~~~~~~~~~~
   BaPCod v0.77, 15/03/2023, © Inria Bordeaux, France, bapcod.math.u-bordeaux.fr 
           THIS CODE IS PROVIDED AS IS, USE IT AT YOUR OWN RISK
~~~~~~~~~~~~~~~~~~~~~~~~~~~~~~~~~~~~~~~~~~~~~~~~~~~~~~~~~~~~~~~~~~~~~~~~~~~~~~~~~~~~~
Bucket steps were recalculated for graph G_1 : [4]
RCSP solver info : symmetric case is detected for graph G_1! 
Bidirectional border value is initialised to 50
RCSP solver info : number of forw. reachable buckets / buck. strongly connected components is 1085( 92.735% ) / 935( 86.1751% )
Generating neighbourhoods for rank-1 cuts separation
Building structures for 4- and 5-row rank-1 packing cut separation...done!
Model is built TIME = 0h0m0s3t = 3
************************************************************************************************
**** BaB tree root node
**** Local DB = -1e+12, global bounds : [ -1e+12 , 910.1 ], TIME = 0h0m0s3t = 3
**** 1 open nodes, 0 columns (0 active), 0 dyn. constrs. (0 active), 88 art. vars. (88 active)
************************************************************************************************
#<DWph=2> <it=  1> <et=0.03> <Mt= 0.00> <Spt= 0.00> <nCl= 30> <al=0.00> <DB=-2568725.3600> <Mlp=101567.1600> <PB=910.1> 
#<DWph=2> <it=  2> <et=0.03> <Mt= 0.00> <Spt= 0.00> <nCl= 30> <al=0.55> <DB=-2299103.3623> <Mlp=88323.1143> <PB=910.1> 
#<DWph=2> <it=  3> <et=0.03> <Mt= 0.00> <Spt= 0.00> <nCl= 30> <al=0.45> <DB=-1798547.4624> <Mlp=86464.0133> <PB=910.1> 
#<DWph=2> <it=  4> <et=0.04> <Mt= 0.00> <Spt= 0.00> <nCl= 30> <al=0.35> <DB=-1861981.3158> <Mlp=84562.4757> <PB=910.1> 
#<DWph=2> <it=  5> <et=0.04> <Mt= 0.00> <Spt= 0.01> <nCl= 30> <al=0.42> <DB=-1480413.8379> <Mlp=84107.4169> <PB=910.1> 
#<DWph=2> <it=  6> <et=0.04> <Mt= 0.00> <Spt= 0.00> <nCl= 30> <al=0.47> <DB=-1205399.9618> <Mlp=83228.6743> <PB=910.1> 
#<DWph=2> <it=  7> <et=0.04> <Mt= 0.00> <Spt= 0.00> <nCl= 30> <al=0.53> <DB=-1191785.1159> <Mlp=78593.2564> <PB=910.1> 
#<DWph=2> <it=  8> <et=0.05> <Mt= 0.00> <Spt= 0.00> <nCl= 30> <al=0.57> <DB=-1121469.9273> <Mlp=76302.2458> <PB=910.1> 
#<DWph=2> <it=  9> <et=0.05> <Mt= 0.00> <Spt= 0.00> <nCl= 30> <al=0.62> <DB=-1103268.0490> <Mlp=74306.1209> <PB=910.1> 
#<DWph=2> <it= 10> <et=0.05> <Mt= 0.00> <Spt= 0.01> <nCl= 30> <al=0.65> <DB=-914215.2336> <Mlp=71946.5671> <PB=910.1> 
#<DWph=2> <it= 11> <et=0.05> <Mt= 0.00> <Spt= 0.00> <nCl= 30> <al=0.69> <DB=-969065.6872> <Mlp=66390.8808> <PB=910.1> 
#<DWph=2> <it= 12> <et=0.06> <Mt= 0.00> <Spt= 0.00> <nCl= 30> <al=0.72> <DB=-824575.5131> <Mlp=65634.1568> <PB=910.1> 
#<DWph=2> <it= 13> <et=0.06> <Mt= 0.00> <Spt= 0.00> <nCl= 30> <al=0.75> <DB=-730381.9352> <Mlp=54798.6343> <PB=910.1> 
#<DWph=2> <it= 14> <et=0.06> <Mt= 0.00> <Spt= 0.00> <nCl= 30> <al=0.65> <DB=-599748.3142> <Mlp=50904.5019> <PB=910.1> 
#<DWph=2> <it= 15> <et=0.06> <Mt= 0.00> <Spt= 0.01> <nCl= 30> <al=0.68> <DB=-509290.8560> <Mlp=44599.6473> <PB=910.1> 
#<DWph=2> <it= 16> <et=0.07> <Mt= 0.00> <Spt= 0.00> <nCl= 30> <al=0.72> <DB=-462028.8986> <Mlp=37403.0777> <PB=910.1> 
#<DWph=2> <it= 17> <et=0.07> <Mt= 0.00> <Spt= 0.00> <nCl= 30> <al=0.74> <DB=-447891.3473> <Mlp=28157.3107> <PB=910.1> 
#<DWph=2> <it= 18> <et=0.07> <Mt= 0.00> <Spt= 0.00> <nCl= 30> <al=0.64> <DB=-445789.5003> <Mlp=23172.2407> <PB=910.1> 
#<DWph=2> <it= 19> <et=0.07> <Mt= 0.00> <Spt= 0.00> <nCl= 30> <al=0.68> <DB=-368779.3119> <Mlp=15893.7080> <PB=910.1> 
#<DWph=2> <it= 20> <et=0.08> <Mt= 0.00> <Spt= 0.01> <nCl= 30> <al=0.71> <DB=-248189.0711> <Mlp= 5273.4100> <PB=910.1> 
#<DWph=2> <it= 21> <et=0.08> <Mt= 0.00> <Spt= 0.00> <nCl= 24> <al=0.61> <DB=-132810.2806> <Mlp= 5175.2427> <PB=910.1> 
#<DWph=2> <it= 22> <et=0.08> <Mt= 0.00> <Spt= 0.00> <nCl= 30> <al=0.51> <DB=-103345.7212> <Mlp= 2371.9810> <PB=910.1> 
#<DWph=2> <it= 23> <et=0.08> <Mt= 0.01> <Spt= 0.00> <nCl= 22> <al=0.41> <DB=-17358.6634> <Mlp= 2156.7882> <PB=910.1> 
#<DWph=2> <it= 24> <et=0.09> <Mt= 0.00> <Spt= 0.00> <nCl= 30> <al=0.31> <DB=-4206.6429> <Mlp= 2052.2547> <PB=910.1> 
<DWph=2> <it= 25> <et=0.09> <Mt= 0.00> <Spt= 0.00> <nCl= 30> <al=0.38> <DB=-3258.8012> <Mlp= 1654.0081> <PB=910.1> 
<DWph=2> <it= 26> <et=0.09> <Mt= 0.00> <Spt= 0.01> <nCl= 30> <al=0.44> <DB=-4673.8201> <Mlp= 1521.4261> <PB=910.1> 
<DWph=2> <it= 27> <et=0.10> <Mt= 0.00> <Spt= 0.00> <nCl= 30> <al=0.50> <DB=-3543.7933> <Mlp= 1434.5146> <PB=910.1> 
<DWph=2> <it= 28> <et=0.10> <Mt= 0.00> <Spt= 0.00> <nCl= 30> <al=0.55> <DB=-1589.3798> <Mlp= 1306.7454> <PB=910.1> 
<DWph=2> <it= 29> <et=0.10> <Mt= 0.00> <Spt= 0.00> <nCl= 30> <al=0.45> <DB=-5406.7015> <Mlp= 1291.5974> <PB=910.1> 
<DWph=2> <it= 30> <et=0.10> <Mt= 0.00> <Spt= 0.00> <nCl= 30> <al=0.50> <DB=-2308.7436> <Mlp= 1210.3998> <PB=910.1> 
<DWph=2> <it= 31> <et=0.11> <Mt= 0.00> <Spt= 0.01> <nCl= 30> <al=0.55> <DB=-2152.8275> <Mlp= 1153.4590> <PB=910.1> 
<DWph=2> <it= 32> <et=0.11> <Mt= 0.00> <Spt= 0.00> <nCl= 30> <al=0.60> <DB=  193.6350> <Mlp= 1104.0496> <PB=910.1> 
<DWph=2> <it= 33> <et=0.11> <Mt= 0.00> <Spt= 0.00> <nCl= 30> <al=0.64> <DB= -916.8013> <Mlp= 1053.2107> <PB=910.1> 
<DWph=2> <it= 34> <et=0.12> <Mt= 0.01> <Spt= 0.00> <nCl= 30> <al=0.67> <DB=   12.2665> <Mlp= 1025.4038> <PB=910.1> 
<DWph=2> <it= 35> <et=0.12> <Mt= 0.00> <Spt= 0.00> <nCl= 28> <al=0.71> <DB=  655.7049> <Mlp= 1000.3427> <PB=910.1> 
<DWph=2> <it= 36> <et=0.12> <Mt= 0.00> <Spt= 0.01> <nCl= 29> <al=0.74> <DB=  701.6109> <Mlp=  991.8831> <PB=910.1> 
<DWph=2> <it= 37> <et=0.12> <Mt= 0.00> <Spt= 0.00> <nCl= 28> <al=0.76> <DB=  730.9425> <Mlp=  950.7557> <PB=910.1> 
<DWph=2> <it= 38> <et=0.13> <Mt= 0.00> <Spt= 0.00> <nCl= 30> <al=0.66> <DB=  469.4334> <Mlp=  918.6721> <PB=910.1> 
<DWph=2> <it= 39> <et=0.13> <Mt= 0.00> <Spt= 0.00> <nCl= 26> <al=0.70> <DB=  792.3240> <Mlp=  889.0332> <PB=910.1> 
<DWph=2> <it= 40> <et=0.13> <Mt= 0.00> <Spt= 0.00> <nCl= 22> <al=0.73> <DB=  793.5877> <Mlp=  884.6621> <PB=910.1> 
<DWph=2> <it= 41> <et=0.14> <Mt= 0.00> <Spt= 0.01> <nCl= 22> <al=0.75> <DB=  814.3140> <Mlp=  883.1896> <PB=910.1> 
<DWph=2> <it= 42> <et=0.14> <Mt= 0.00> <Spt= 0.00> <nCl= 25> <al=0.65> <DB=  821.7858> <Mlp=  877.4143> <PB=910.1> 
<DWph=2> <it= 43> <et=0.14> <Mt= 0.00> <Spt= 0.00> <nCl= 26> <al=0.69> <DB=  823.0217> <Mlp=  875.3357> <PB=910.1> 
<DWph=2> <it= 44> <et=0.14> <Mt= 0.00> <Spt= 0.00> <nCl= 27> <al=0.59> <DB=  809.6350> <Mlp=  872.3021> <PB=910.1> 
<DWph=2> <it= 45> <et=0.15> <Mt= 0.00> <Spt= 0.00> <nCl= 14> <al=0.63> <DB=  848.0657> <Mlp=  870.0810> <PB=910.1> 
<DWph=2> <it= 46> <et=0.15> <Mt= 0.00> <Spt= 0.01> <nCl= 14> <al=0.67> <DB=  854.4732> <Mlp=  869.6222> <PB=910.1> 
<DWph=2> <it= 47> <et=0.15> <Mt= 0.00> <Spt= 0.00> <nCl= 11> <al=0.57> <DB=  855.9553> <Mlp=  868.9752> <PB=910.1> 
<DWph=2> <it= 48> <et=0.15> <Mt= 0.00> <Spt= 0.00> <nCl=  8> <al=0.47> <DB=  860.3728> <Mlp=  868.5251> <PB=910.1> 
<DWph=2> <it= 49> <et=0.15> <Mt= 0.00> <Spt= 0.00> <nCl=  6> <al=0.37> <DB=  862.8864> <Mlp=  867.7320> <PB=910.1> 
<DWph=2> <it= 50> <et=0.16> <Mt= 0.00> <Spt= 0.00> <nCl=  2> <al=0.43> <DB=  866.0678> <Mlp=  867.5983> <PB=910.1> 
<DWph=2> <it= 51> <et=0.16> <Mt= 0.00> <Spt= 0.01> <nCl=  4> <al=0.00> <DB=  867.5983> <Mlp=  867.5983> <PB=910.1> 
<DWph=1> <it= 52> <et=0.17> <Mt= 0.00> <Spt= 0.00> <nCl= 14> <al=0.39> <DB=  858.0855> <Mlp=  867.5983> <PB=910.1> 
<DWph=1> <it= 53> <et=0.17> <Mt= 0.01> <Spt= 0.00> <nCl= 10> <al=0.45> <DB=  847.0869> <Mlp=  866.4418> <PB=910.1> 
<DWph=1> <it= 54> <et=0.18> <Mt= 0.00> <Spt= 0.01> <nCl= 11> <al=0.01> <DB=  858.9212> <Mlp=  866.2881> <PB=910.1> 
<DWph=1> <it= 55> <et=0.18> <Mt= 0.00> <Spt= 0.01> <nCl=  2> <al=0.00> <DB=  865.8639> <Mlp=  866.2881> <PB=910.1> 
<DWph=1> <it= 56> <et=0.19> <Mt= 0.00> <Spt= 0.01> <nCl=  3> <al=0.00> <DB=  866.2859> <Mlp=  866.2859> <PB=910.1> 
    RCSP exact solver info for graph G_1 : TT = 0.008636, pt = 1.3e-05, dt = 0.007171, ct = 0.001206, ndl = 3', bdl = 41', odl = 1', odf = 15', bsi = 1', cnt = 11', bdch = 397', odch = 27', lcp = 22', #sols = 150
<DWph=0> <it= 57> <et=0.20> <Mt= 0.00> <Spt= 0.01> <nCl= 98> <al=0.20> <DB=  842.9526> <Mlp=  866.2859> <PB=910.1> 
    RCSP exact solver info for graph G_1 : TT = 0.007586, pt = 2.1e-05, dt = 0.006031, ct = 0.001289, ndl = 3', bdl = 46', odl = 1', odf = 17', bsi = 1', cnt = 15', bdch = 488', odch = 33', lcp = 24', #sols = 150
<DWph=0> <it= 58> <et=0.21> <Mt= 0.00> <Spt= 0.00> <nCl= 24> <al=0.28> <DB=  854.8558> <Mlp=  865.2846> <PB=910.1> 
    RCSP exact solver info for graph G_1 : TT = 0.00731, pt = 2.1e-05, dt = 0.005763, ct = 0.001288, ndl = 3', bdl = 46', odl = 1', odf = 17', bsi = 1', cnt = 15', bdch = 491', odch = 33', lcp = 25', #sols = 150
<DWph=0> <it= 59> <et=0.22> <Mt= 0.00> <Spt= 0.01> <nCl=  7> <al=0.18> <DB=  863.2899> <Mlp=  865.1808> <PB=910.1> 
    RCSP exact solver info for graph G_1 : TT = 0.007419, pt = 2e-05, dt = 0.005874, ct = 0.001298, ndl = 3', bdl = 47', odl = 1', odf = 17', bsi = 1', cnt = 15', bdch = 501', odch = 33', lcp = 25', #sols = 150
    RCSP exact solver info for graph G_1 : TT = 0.006859, pt = 2e-05, dt = 0.005394, ct = 0.001227, ndl = 3', bdl = 43', odl = 1', odf = 16', bsi = 1', cnt = 12', bdch = 432', odch = 28', lcp = 23', #sols = 150
<DWph=0> <it= 60> <et=0.24> <Mt= 0.00> <Spt= 0.02> <nCl=  8> <al=0.00> <DB=  865.1808> <Mlp=  865.1808> <PB=910.1> 
Dynamic params and stats :  aver.obdmd = 23.1333 aver.buck.num. = 26
@@ 1 0 865.181 0.0073082 0.008377 83.3278 0.24
Labels distribution in buckets (bucket size) : largest - 38, top 0.1% - 38, top 0.5% - 33, top 2% - 27, top 10% - 18, top 50% - 3
Reduced cost fixing for graph G_1... 22262 buck. arcs remain (58.7% from prev., 48.9% from max.) + 4458 jump buck. arcs (9.79% from max.)
 TT = 0.059493, pt = 0.006368, dt = 0.033783, ct = 0.01923, ndl = 20', bdl = 247', odl = 3', odf = 87', lpcb = 317', cnt = 408', bdch = 5751', odch = 648', lcp = 515'
Labels distribution in buckets (bucket size) : largest - 45, top 0.1% - 45, top 0.5% - 38, top 2% - 31, top 10% - 20, top 50% - 3
Run forward enumeration with border = 50... succeeded! lpt = 0.882833, ndl = 169', dl = 323', lpcb = 4590', dch = 5199'
Run enumeration concatenation with time limit 0.3 sec.... time limit reached, not succeeded.
Sorting and storing enumerated solutions ...  TT = 1.4409, pt = 0.001979, dt = 0.882833, ct = 0.300274, ndl = 169', bdl = 323', lpcb = 4590', cnt = 4830', bdch = 5199', odch = 0', lcp = 0'
ColGenEvalAlg final dual bound: 865.181 (rounded: 866)
In total 2 RCC cut(s) are found by the connected components heuristic 
Shrinking heuristic shrunk 10 edges
In total 19 RCC cut(s) are found by the Fractional capacity min-cut heuristic 
In total 28 RCC cut(s) are found by the greedy construction heuristic 
----- Add fac. cuts : CAP(49), max.viol = 0.933955, aver.viol = 0.320576, sep/add took 0.0045418/0.0217184 sec. -----
1505 columns (1505 active), 49 dyn. constrs. (49 active), 137 art. vars. (137 active)
<DWph=2> <it=  1> <et=1.77> <Mt= 0.00> <Spt= 0.00> <nCl= 27> <al=0.50> <DB=  859.4605> <Mlp=  955.3789> <PB=910.1> 
<DWph=2> <it=  2> <et=1.78> <Mt= 0.01> <Spt= 0.00> <nCl= 16> <al=0.55> <DB=  883.9403> <Mlp=  943.4187> <PB=910.1> 
<DWph=2> <it=  3> <et=1.78> <Mt= 0.00> <Spt= 0.01> <nCl= 24> <al=0.60> <DB=  863.9247> <Mlp=  934.6518> <PB=910.1> 
<DWph=2> <it=  4> <et=1.79> <Mt= 0.00> <Spt= 0.00> <nCl= 11> <al=0.64> <DB=  897.6848> <Mlp=  920.1381> <PB=910.1> 
<DWph=2> <it=  5> <et=1.79> <Mt= 0.00> <Spt= 0.00> <nCl= 23> <al=0.67> <DB=  817.0678> <Mlp=  917.9332> <PB=910.1> 
<DWph=2> <it=  6> <et=1.80> <Mt= 0.00> <Spt= 0.00> <nCl= 10> <al=0.70> <DB=  897.7266> <Mlp=  913.5245> <PB=910.1> 
<DWph=2> <it=  7> <et=1.80> <Mt= 0.01> <Spt= 0.00> <nCl= 16> <al=0.73> <DB=  876.4798> <Mlp=  913.2063> <PB=910.1> 
<DWph=2> <it=  8> <et=1.80> <Mt= 0.00> <Spt= 0.01> <nCl=  5> <al=0.76> <DB=  901.3702> <Mlp=  912.9623> <PB=910.1> 
<DWph=2> <it=  9> <et=1.80> <Mt= 0.00> <Spt= 0.00> <nCl= 12> <al=0.66> <DB=  900.1782> <Mlp=  912.9623> <PB=910.1> 
<DWph=2> <it= 10> <et=1.81> <Mt= 0.00> <Spt= 0.00> <nCl=  4> <al=0.69> <DB=  904.8914> <Mlp=  912.9062> <PB=910.1> 
<DWph=2> <it= 11> <et=1.81> <Mt= 0.00> <Spt= 0.00> <nCl=  7> <al=0.59> <DB=  896.0122> <Mlp=  912.9063> <PB=910.1> 
<DWph=2> <it= 12> <et=1.81> <Mt= 0.00> <Spt= 0.00> <nCl=  3> <al=0.64> <DB=  903.7818> <Mlp=  912.9063> <PB=910.1> 
<DWph=2> <it= 13> <et=1.82> <Mt= 0.00> <Spt= 0.00> <nCl=  3> <al=0.54> <DB=  905.4889> <Mlp=  912.8267> <PB=910.1> 
<DWph=2> <it= 14> <et=1.82> <Mt= 0.00> <Spt= 0.01> <nCl=  9> <al=0.58> <DB=  900.0511> <Mlp=  912.7839> <PB=910.1> 
<DWph=2> <it= 15> <et=1.82> <Mt= 0.00> <Spt= 0.00> <nCl=  7> <al=0.62> <DB=  906.8517> <Mlp=  912.7692> <PB=910.1> 
<DWph=2> <it= 16> <et=1.83> <Mt= 0.00> <Spt= 0.00> <nCl= 10> <al=0.00> <DB=  894.4915> <Mlp=  912.7692> <PB=910.1> 
<DWph=2> <it= 17> <et=1.83> <Mt= 0.01> <Spt= 0.01> <nCl=  8> <al=0.12> <DB=  911.5324> <Mlp=  912.7677> <PB=910.1> 
<DWph=2> <it= 18> <et=1.83> <Mt= 0.00> <Spt= 0.00> <nCl=  5> <al=0.00> <DB=  898.7677> <Mlp=  912.7677> <PB=910.1> 
<DWph=2> <it= 19> <et=1.84> <Mt= 0.00> <Spt= 0.00> <nCl=  6> <al=0.36> <DB=  907.2953> <Mlp=  912.7542> <PB=910.1> 
<DWph=2> <it= 20> <et=1.84> <Mt= 0.00> <Spt= 0.00> <nCl=  5> <al=0.00> <DB=  892.8855> <Mlp=  912.7542> <PB=910.1> 
<DWph=2> <it= 21> <et=1.84> <Mt= 0.00> <Spt= 0.01> <nCl=  6> <al=0.00> <DB=  907.8857> <Mlp=  912.7524> <PB=910.1> 
<DWph=2> <it= 22> <et=1.85> <Mt= 0.00> <Spt= 0.00> <nCl=  1> <al=0.00> <DB=  912.7524> <Mlp=  912.7524> <PB=910.1> 
<DWph=1> <it= 23> <et=1.85> <Mt= 0.00> <Spt= 0.00> <nCl= 11> <al=0.00> <DB=  894.0857> <Mlp=  912.7524> <PB=910.1> 
<DWph=1> <it= 24> <et=1.86> <Mt= 0.00> <Spt= 0.01> <nCl=  6> <al=0.07> <DB=  904.3817> <Mlp=  912.6083> <PB=910.1> 
<DWph=1> <it= 25> <et=1.86> <Mt= 0.00> <Spt= 0.00> <nCl= 10> <al=0.00> <DB=  897.8143> <Mlp=  912.0000> <PB=910.1> 
<DWph=1> <it= 26> <et=1.86> <Mt= 0.00> <Spt= 0.00> <nCl=  7> <al=0.07> <DB=  908.3206> <Mlp=  912.0000> <PB=910.1> 
<DWph=1> <it= 27> <et=1.87> <Mt= 0.00> <Spt= 0.00> <nCl=  4> <al=0.00> <DB=  909.5388> <Mlp=  912.0000> <PB=910.1> 
<DWph=1> <it= 28> <et=1.87> <Mt= 0.01> <Spt= 0.01> <nCl=  4> <al=0.00> <DB=  910.0873> <Mlp=  912.0000> <PB=910.1> 
<DWph=1> <it= 29> <et=1.87> <Mt= 0.00> <Spt= 0.00> <nCl=  8> <al=0.00> <DB=  890.3384> <Mlp=  912.0000> <PB=910.1> 
<DWph=1> <it= 30> <et=1.89> <Mt= 0.00> <Spt= 0.00> <nCl= 30> <al=0.00> <DB=  368.5495> <Mlp=  911.2828> <PB=910.1> 
<DWph=1> <it= 31> <et=1.89> <Mt= 0.01> <Spt= 0.01> <nCl= 30> <al=0.00> <DB=  847.7816> <Mlp=  911.2828> <PB=910.1> 
<DWph=1> <it= 32> <et=1.90> <Mt= 0.00> <Spt= 0.00> <nCl= 13> <al=0.10> <DB=  879.9993> <Mlp=  911.2828> <PB=910.1> 
<DWph=1> <it= 33> <et=1.90> <Mt= 0.00> <Spt= 0.00> <nCl=  6> <al=0.19> <DB=  908.7091> <Mlp=  911.2828> <PB=910.1> 
<DWph=1> <it= 34> <et=1.90> <Mt= 0.00> <Spt= 0.00> <nCl=  9> <al=0.27> <DB=  892.6619> <Mlp=  911.2828> <PB=910.1> 
<DWph=1> <it= 35> <et=1.91> <Mt= 0.00> <Spt= 0.01> <nCl=  4> <al=0.35> <DB=  890.9843> <Mlp=  911.1673> <PB=910.1> 
<DWph=1> <it= 36> <et=1.91> <Mt= 0.00> <Spt= 0.00> <nCl=  0> <al=0.41> <DB=  890.9843> <Mlp=  909.0000> <PB=909> 
    RCSP exact solver info for graph G_1 : TT = 0.00622, pt = 8e-06, dt = 0.00482, ct = 0.001174, ndl = 3', bdl = 35', odl = 1', odf = 14', bsi = 1', cnt = 16', bdch = 377', odch = 33', lcp = 30', #sols = 150
<DWph=0> <it= 37> <et=1.92> <Mt= 0.00> <Spt= 0.01> <nCl= 81> <al=0.41> <DB=  898.5820> <Mlp=  909.0000> <PB=909> 
    RCSP exact solver info for graph G_1 : TT = 0.005911, pt = 1.8e-05, dt = 0.004547, ct = 0.001133, ndl = 3', bdl = 34', odl = 1', odf = 14', bsi = 1', cnt = 24', bdch = 356', odch = 33', lcp = 28', #sols = 150
<DWph=0> <it= 38> <et=1.93> <Mt= 0.00> <Spt= 0.00> <nCl= 22> <al=0.47> <DB=  904.1044> <Mlp=  909.0000> <PB=909> 
    RCSP exact solver info for graph G_1 : TT = 0.005843, pt = 1.6e-05, dt = 0.00448, ct = 0.00113, ndl = 3', bdl = 34', odl = 1', odf = 13', bsi = 1', cnt = 30', bdch = 353', odch = 32', lcp = 28', #sols = 150
<DWph=0> <it= 39> <et=1.94> <Mt= 0.00> <Spt= 0.01> <nCl= 20> <al=0.52> <DB=  905.8806> <Mlp=  909.0000> <PB=909> 
    RCSP exact solver info for graph G_1 : TT = 0.005507, pt = 1.6e-05, dt = 0.00421, ct = 0.001065, ndl = 2', bdl = 32', odl = 1', odf = 13', bsi = 1', cnt = 29', bdch = 314', odch = 29', lcp = 24', #sols = 150
<DWph=0> <it= 40> <et=1.94> <Mt= 0.01> <Spt= 0.01> <nCl=  4> <al=0.57> <DB=  907.2200> <Mlp=  909.0000> <PB=909> 
    RCSP exact solver info for graph G_1 : TT = 0.005663, pt = 1.6e-05, dt = 0.004322, ct = 0.001106, ndl = 2', bdl = 34', odl = 1', odf = 13', bsi = 1', cnt = 34', bdch = 327', odch = 31', lcp = 25', #sols = 150
<DWph=0> <it= 41> <et=1.95> <Mt= 0.00> <Spt= 0.00> <nCl= 12> <al=0.47> <DB=  908.3403> <Mlp=  909.0000> <PB=909> 
Dynamic params and stats :  aver.obdmd = 23.1333 aver.buck.num. = 26
@@ 1 1 908.34 0.0055974 0.005994 48.8877 1.95
ColGenEvalAlg final dual bound: 908.34 (rounded: 909)
Gap improvement since the last cut separation : 1 (865.181)
Current active cuts : CAP(10,638.571)
New model incumbent solution 909, TIME = 0h0m1s95t = 195
************************************************************************************************
Search is finished, global bounds : [ 909 , 909 ], TIME = 0h0m1s95t = 195
************************************************************************************************
Built-in heuristic is disabled
instance_name solver_name ext_heuristic solution_value solution_time best_lb root_lb root_time nb_branch_and_bound_nodes status
/home/logis/Downloads/VRPSolverEasy/VRPSolverEasy/demos/data/CVRP/B-n44-k7 CPLEX False 909.0000000000002 1.957313032 909.0 909.0 1.9571130840000002 1 0

