Time resource is critical for vehicle type 1 (21,0)
Capacity resource will be imposed by rounded capacity cuts (0.252381)
Node memory for rank-1 cuts will be used (2.52381)
~~~~~~~~~~~~~~~~~~~~~~~~~~~~~~~~~~~~~~~~~~~~~~~~~~~~~~~~~~~~~~~~~~~~~~~~~~~~~~~~~~~~~
VRPSolver v0.5.27, 24/02/2023, © Inria Bordeaux, France, vrpsolver.math.u-bordeaux.fr
      Corresponds to the solver by Pessoa, Sadykov, Uchoa and Vanderbeck (2020)
                 Paper: dx.doi.org/10.1007/s10107-020-01523-z
~~~~~~~~~~~~~~~~~~~~~~~~~~~~~~~~~~~~~~~~~~~~~~~~~~~~~~~~~~~~~~~~~~~~~~~~~~~~~~~~~~~~~
   BaPCod v0.77, 15/03/2023, © Inria Bordeaux, France, bapcod.math.u-bordeaux.fr 
           THIS CODE IS PROVIDED AS IS, USE IT AT YOUR OWN RISK
~~~~~~~~~~~~~~~~~~~~~~~~~~~~~~~~~~~~~~~~~~~~~~~~~~~~~~~~~~~~~~~~~~~~~~~~~~~~~~~~~~~~~
Bucket steps were recalculated for graph G_1 : [54.0401]
RCSP solver info : non-symmetric case as the resource 0 consumption for the reverse arc of 0->200 is not the same : 72.4 against 162.4
Bidirectional border value is initialised to 495.5
RCSP solver info : number of forw. reachable buckets / buck. strongly connected components is 570( 95.6376% ) / 570( 100% )
RCSP solver info : number of back. reachable buckets / buck. strongly connected components is 568( 95.302% ) / 568( 100% )
Generating neighbourhoods for rank-1 cuts separation
Building structures for 4- and 5-row rank-1 packing cut separation...done!
Model is built TIME = 0h0m0s19t = 19
************************************************************************************************
**** BaB tree root node
**** Local DB = -1e+12, global bounds : [ -1e+12 , 2695 ], TIME = 0h0m0s19t = 19
**** 1 open nodes, 0 columns (0 active), 0 dyn. constrs. (0 active), 402 art. vars. (402 active)
************************************************************************************************
#<DWph=2> <it=  1> <et=0.22> <Mt= 0.00> <Spt= 0.00> <nCl= 30> <al=0.00> <DB=-2901885.0000> <Mlp=1351812.0000> <PB=2695> 
#<DWph=2> <it=  2> <et=0.23> <Mt= 0.00> <Spt= 0.01> <nCl= 30> <al=0.55> <DB=-2849854.1200> <Mlp=751258.4000> <PB=2695> 
#<DWph=2> <it=  3> <et=0.23> <Mt= 0.00> <Spt= 0.01> <nCl= 30> <al=0.60> <DB=-2822120.5504> <Mlp=448161.2000> <PB=2695> 
#<DWph=2> <it=  4> <et=0.24> <Mt= 0.00> <Spt= 0.01> <nCl= 30> <al=0.64> <DB=-2655500.6296> <Mlp=290295.5000> <PB=2695> 
#<DWph=2> <it=  5> <et=0.25> <Mt= 0.00> <Spt= 0.01> <nCl= 30> <al=0.67> <DB=-2416262.3528> <Mlp=177534.3500> <PB=2695> 
#<DWph=2> <it=  6> <et=0.26> <Mt= 0.00> <Spt= 0.00> <nCl= 30> <al=0.57> <DB=-2207714.1927> <Mlp=151870.2500> <PB=2695> 
#<DWph=2> <it=  7> <et=0.27> <Mt= 0.00> <Spt= 0.01> <nCl= 30> <al=0.61> <DB=-2121797.4538> <Mlp=145625.0500> <PB=2695> 
#<DWph=2> <it=  8> <et=0.28> <Mt= 0.00> <Spt= 0.01> <nCl= 30> <al=0.65> <DB=-2034997.9808> <Mlp=145586.2500> <PB=2695> 
#<DWph=2> <it=  9> <et=0.29> <Mt= 0.00> <Spt= 0.01> <nCl= 30> <al=0.69> <DB=-2091047.3012> <Mlp=143483.8667> <PB=2695> 
#<DWph=2> <it= 10> <et=0.30> <Mt= 0.00> <Spt= 0.01> <nCl= 30> <al=0.72> <DB=-1875730.6847> <Mlp=143483.8667> <PB=2695> 
#<DWph=2> <it= 11> <et=0.31> <Mt= 0.00> <Spt= 0.00> <nCl= 30> <al=0.75> <DB=-1790172.6483> <Mlp=133983.4200> <PB=2695> 
#<DWph=2> <it= 12> <et=0.32> <Mt= 0.00> <Spt= 0.01> <nCl= 30> <al=0.77> <DB=-1841253.1033> <Mlp=111179.2333> <PB=2695> 
#<DWph=2> <it= 13> <et=0.32> <Mt= 0.01> <Spt= 0.01> <nCl= 30> <al=0.80> <DB=-1760009.1995> <Mlp=106421.0250> <PB=2695> 
#<DWph=2> <it= 14> <et=0.33> <Mt= 0.00> <Spt= 0.01> <nCl= 30> <al=0.70> <DB=-1671437.6196> <Mlp=102551.5812> <PB=2695> 
#<DWph=2> <it= 15> <et=0.34> <Mt= 0.00> <Spt= 0.01> <nCl= 30> <al=0.73> <DB=-1728901.8764> <Mlp=86089.5528> <PB=2695> 
#<DWph=2> <it= 16> <et=0.36> <Mt= 0.00> <Spt= 0.01> <nCl= 30> <al=0.75> <DB=-1659813.9142> <Mlp=70142.1600> <PB=2695> 
#<DWph=2> <it= 17> <et=0.37> <Mt= 0.00> <Spt= 0.00> <nCl= 30> <al=0.78> <DB=-1634428.0758> <Mlp=65878.0300> <PB=2695> 
#<DWph=2> <it= 18> <et=0.37> <Mt= 0.00> <Spt= 0.01> <nCl= 30> <al=0.80> <DB=-1568688.7570> <Mlp=65008.5543> <PB=2695> 
#<DWph=2> <it= 19> <et=0.39> <Mt= 0.00> <Spt= 0.01> <nCl= 30> <al=0.82> <DB=-1636089.1122> <Mlp=65008.5543> <PB=2695> 
#<DWph=2> <it= 20> <et=0.40> <Mt= 0.01> <Spt= 0.01> <nCl= 30> <al=0.84> <DB=-1509782.9100> <Mlp=59561.7730> <PB=2695> 
#<DWph=2> <it= 21> <et=0.41> <Mt= 0.00> <Spt= 0.01> <nCl= 30> <al=0.85> <DB=-1474428.6769> <Mlp=55308.9757> <PB=2695> 
#<DWph=2> <it= 22> <et=0.42> <Mt= 0.00> <Spt= 0.01> <nCl= 30> <al=0.87> <DB=-1441451.5298> <Mlp=51986.6704> <PB=2695> 
#<DWph=2> <it= 23> <et=0.43> <Mt= 0.00> <Spt= 0.01> <nCl= 30> <al=0.88> <DB=-1385056.5749> <Mlp=50008.9565> <PB=2695> 
#<DWph=2> <it= 24> <et=0.44> <Mt= 0.01> <Spt= 0.00> <nCl= 30> <al=0.89> <DB=-1323402.6945> <Mlp=41860.2017> <PB=2695> 
#<DWph=2> <it= 25> <et=0.45> <Mt= 0.00> <Spt= 0.01> <nCl= 30> <al=0.79> <DB=-1373251.8118> <Mlp=39666.3411> <PB=2695> 
#<DWph=2> <it= 26> <et=0.46> <Mt= 0.00> <Spt= 0.01> <nCl= 30> <al=0.81> <DB=-1286936.9917> <Mlp=33418.8665> <PB=2695> 
#<DWph=2> <it= 27> <et=0.48> <Mt= 0.01> <Spt= 0.01> <nCl= 30> <al=0.71> <DB=-1382116.7607> <Mlp=32395.9246> <PB=2695> 
#<DWph=2> <it= 28> <et=0.49> <Mt= 0.00> <Spt= 0.01> <nCl= 30> <al=0.74> <DB=-1226585.0824> <Mlp=30640.0590> <PB=2695> 
#<DWph=2> <it= 29> <et=0.50> <Mt= 0.00> <Spt= 0.00> <nCl= 30> <al=0.64> <DB=-1429870.3139> <Mlp=29018.5063> <PB=2695> 
#<DWph=2> <it= 30> <et=0.51> <Mt= 0.00> <Spt= 0.01> <nCl= 30> <al=0.68> <DB=-1242913.4089> <Mlp=26070.5265> <PB=2695> 
#<DWph=2> <it= 31> <et=0.52> <Mt= 0.01> <Spt= 0.01> <nCl= 30> <al=0.71> <DB=-1153828.2558> <Mlp=24828.1464> <PB=2695> 
#<DWph=2> <it= 32> <et=0.53> <Mt= 0.00> <Spt= 0.01> <nCl= 30> <al=0.74> <DB=-1208516.2634> <Mlp=22918.9811> <PB=2695> 
#<DWph=2> <it= 33> <et=0.54> <Mt= 0.00> <Spt= 0.01> <nCl= 30> <al=0.77> <DB=-1175198.1870> <Mlp=22501.3139> <PB=2695> 
#<DWph=2> <it= 34> <et=0.55> <Mt= 0.01> <Spt= 0.01> <nCl= 30> <al=0.67> <DB=-1109475.0672> <Mlp=21627.3074> <PB=2695> 
#<DWph=2> <it= 35> <et=0.56> <Mt= 0.00> <Spt= 0.00> <nCl= 30> <al=0.70> <DB=-1222065.7547> <Mlp=19119.4103> <PB=2695> 
#<DWph=2> <it= 36> <et=0.58> <Mt= 0.00> <Spt= 0.01> <nCl= 30> <al=0.73> <DB=-1166909.9748> <Mlp=17942.4559> <PB=2695> 
#<DWph=2> <it= 37> <et=0.59> <Mt= 0.01> <Spt= 0.01> <nCl= 30> <al=0.76> <DB=-988683.2435> <Mlp=17178.1806> <PB=2695> 
#<DWph=2> <it= 38> <et=0.60> <Mt= 0.00> <Spt= 0.01> <nCl= 30> <al=0.78> <DB=-1098703.7810> <Mlp=16634.1879> <PB=2695> 
#<DWph=2> <it= 39> <et=0.61> <Mt= 0.00> <Spt= 0.01> <nCl= 30> <al=0.80> <DB=-1072478.0038> <Mlp=16093.2115> <PB=2695> 
#<DWph=2> <it= 40> <et=0.62> <Mt= 0.00> <Spt= 0.01> <nCl= 30> <al=0.82> <DB=-982240.6784> <Mlp=16007.0670> <PB=2695> 
#<DWph=2> <it= 41> <et=0.63> <Mt= 0.01> <Spt= 0.00> <nCl= 30> <al=0.84> <DB=-1038507.3418> <Mlp=15615.2009> <PB=2695> 
#<DWph=2> <it= 42> <et=0.64> <Mt= 0.00> <Spt= 0.01> <nCl= 30> <al=0.86> <DB=-920348.1627> <Mlp=14888.0649> <PB=2695> 
#<DWph=2> <it= 43> <et=0.65> <Mt= 0.00> <Spt= 0.01> <nCl= 30> <al=0.87> <DB=-930545.3965> <Mlp=14084.1802> <PB=2695> 
#<DWph=2> <it= 44> <et=0.67> <Mt= 0.01> <Spt= 0.01> <nCl= 30> <al=0.88> <DB=-890567.7213> <Mlp=13382.1630> <PB=2695> 
#<DWph=2> <it= 45> <et=0.68> <Mt= 0.00> <Spt= 0.01> <nCl= 30> <al=0.90> <DB=-916255.0367> <Mlp=12888.4625> <PB=2695> 
#<DWph=2> <it= 46> <et=0.69> <Mt= 0.00> <Spt= 0.00> <nCl= 30> <al=0.91> <DB=-870142.7571> <Mlp=12237.4012> <PB=2695> 
#<DWph=2> <it= 47> <et=0.70> <Mt= 0.01> <Spt= 0.01> <nCl= 30> <al=0.92> <DB=-846277.7814> <Mlp=11766.4285> <PB=2695> 
#<DWph=2> <it= 48> <et=0.71> <Mt= 0.00> <Spt= 0.01> <nCl= 30> <al=0.92> <DB=-853991.3916> <Mlp=11500.3115> <PB=2695> 
#<DWph=2> <it= 49> <et=0.73> <Mt= 0.00> <Spt= 0.01> <nCl= 30> <al=0.93> <DB=-837112.5019> <Mlp=11186.9642> <PB=2695> 
#<DWph=2> <it= 50> <et=0.74> <Mt= 0.01> <Spt= 0.01> <nCl= 30> <al=0.94> <DB=-850771.5571> <Mlp=10933.1165> <PB=2695> 
#<DWph=2> <it= 51> <et=0.75> <Mt= 0.00> <Spt= 0.01> <nCl= 31> <al=0.89> <DB=-799046.8503> <Mlp=10843.1513> <PB=2695> 
#<DWph=2> <it= 52> <et=0.77> <Mt= 0.00> <Spt= 0.01> <nCl= 30> <al=0.84> <DB=-809685.6849> <Mlp=10339.3161> <PB=2695> 
#<DWph=2> <it= 53> <et=0.78> <Mt= 0.01> <Spt= 0.01> <nCl= 30> <al=0.86> <DB=-783198.3399> <Mlp= 9927.0927> <PB=2695> 
#<DWph=2> <it= 54> <et=0.79> <Mt= 0.00> <Spt= 0.01> <nCl= 30> <al=0.87> <DB=-719138.9358> <Mlp= 9579.2731> <PB=2695> 
#<DWph=2> <it= 55> <et=0.80> <Mt= 0.00> <Spt= 0.01> <nCl= 30> <al=0.89> <DB=-728846.2249> <Mlp= 9285.9088> <PB=2695> 
#<DWph=2> <it= 56> <et=0.82> <Mt= 0.01> <Spt= 0.01> <nCl= 30> <al=0.90> <DB=-702745.2797> <Mlp= 9017.6006> <PB=2695> 
#<DWph=2> <it= 57> <et=0.83> <Mt= 0.00> <Spt= 0.00> <nCl= 30> <al=0.91> <DB=-718617.7320> <Mlp= 8852.9760> <PB=2695> 
#<DWph=2> <it= 58> <et=0.85> <Mt= 0.01> <Spt= 0.01> <nCl= 30> <al=0.92> <DB=-686209.9857> <Mlp= 7985.2791> <PB=2695> 
#<DWph=2> <it= 59> <et=0.86> <Mt= 0.00> <Spt= 0.01> <nCl= 30> <al=0.93> <DB=-651782.2087> <Mlp= 7888.9421> <PB=2695> 
#<DWph=2> <it= 60> <et=0.87> <Mt= 0.01> <Spt= 0.01> <nCl= 30> <al=0.83> <DB=-696623.1948> <Mlp= 7738.9625> <PB=2695> 
#<DWph=2> <it= 61> <et=0.89> <Mt= 0.00> <Spt= 0.01> <nCl= 30> <al=0.84> <DB=-704910.6701> <Mlp= 7220.9540> <PB=2695> 
#<DWph=2> <it= 62> <et=0.90> <Mt= 0.01> <Spt= 0.01> <nCl= 30> <al=0.86> <DB=-624318.4652> <Mlp= 6694.9311> <PB=2695> 
#<DWph=2> <it= 63> <et=0.92> <Mt= 0.01> <Spt= 0.00> <nCl= 30> <al=0.87> <DB=-650245.3102> <Mlp= 6278.0082> <PB=2695> 
#<DWph=2> <it= 64> <et=0.93> <Mt= 0.00> <Spt= 0.01> <nCl= 30> <al=0.89> <DB=-598455.1972> <Mlp= 5737.6736> <PB=2695> 
#<DWph=2> <it= 65> <et=0.94> <Mt= 0.01> <Spt= 0.01> <nCl= 30> <al=0.90> <DB=-579876.2568> <Mlp= 5530.1713> <PB=2695> 
#<DWph=2> <it= 66> <et=0.95> <Mt= 0.00> <Spt= 0.01> <nCl= 30> <al=0.91> <DB=-614650.4438> <Mlp= 5485.3391> <PB=2695> 
#<DWph=2> <it= 67> <et=0.97> <Mt= 0.01> <Spt= 0.01> <nCl= 30> <al=0.92> <DB=-560969.9631> <Mlp= 5302.3572> <PB=2695> 
#<DWph=2> <it= 68> <et=0.98> <Mt= 0.00> <Spt= 0.01> <nCl= 30> <al=0.92> <DB=-564467.5634> <Mlp= 5172.5727> <PB=2695> 
#<DWph=2> <it= 69> <et=0.99> <Mt= 0.00> <Spt= 0.00> <nCl= 30> <al=0.82> <DB=-566294.5961> <Mlp= 5148.1099> <PB=2695> 
#<DWph=2> <it= 70> <et=1.00> <Mt= 0.01> <Spt= 0.01> <nCl= 30> <al=0.84> <DB=-559846.5148> <Mlp= 5008.9623> <PB=2695> 
#<DWph=2> <it= 71> <et=1.02> <Mt= 0.00> <Spt= 0.01> <nCl= 30> <al=0.86> <DB=-553510.6838> <Mlp= 4808.4837> <PB=2695> 
#<DWph=2> <it= 72> <et=1.03> <Mt= 0.00> <Spt= 0.01> <nCl= 30> <al=0.87> <DB=-522197.0135> <Mlp= 4731.0000> <PB=2695> 
#<DWph=2> <it= 73> <et=1.04> <Mt= 0.01> <Spt= 0.01> <nCl= 30> <al=0.89> <DB=-537210.6408> <Mlp= 4669.1419> <PB=2695> 
#<DWph=2> <it= 74> <et=1.05> <Mt= 0.00> <Spt= 0.01> <nCl= 30> <al=0.90> <DB=-511050.1246> <Mlp= 4600.0670> <PB=2695> 
#<DWph=2> <it= 75> <et=1.07> <Mt= 0.01> <Spt= 0.00> <nCl= 30> <al=0.91> <DB=-507686.0734> <Mlp= 4503.3969> <PB=2695> 
#<DWph=2> <it= 76> <et=1.08> <Mt= 0.00> <Spt= 0.01> <nCl= 30> <al=0.92> <DB=-532990.3470> <Mlp= 4441.4132> <PB=2695> 
#<DWph=2> <it= 77> <et=1.09> <Mt= 0.01> <Spt= 0.01> <nCl= 30> <al=0.92> <DB=-513868.9368> <Mlp= 4418.4631> <PB=2695> 
#<DWph=2> <it= 78> <et=1.10> <Mt= 0.00> <Spt= 0.01> <nCl= 30> <al=0.93> <DB=-492816.6170> <Mlp= 4296.3400> <PB=2695> 
#<DWph=2> <it= 79> <et=1.12> <Mt= 0.00> <Spt= 0.01> <nCl= 30> <al=0.83> <DB=-477487.7456> <Mlp= 4284.9603> <PB=2695> 
<DWph=2> <it= 80> <et=1.14> <Mt= 0.01> <Spt= 0.01> <nCl=  4> <al=0.70> <DB=-331943.5201> <Mlp= 4260.6061> <PB=2695> 
<DWph=2> <it= 81> <et=1.15> <Mt= 0.00> <Spt= 0.01> <nCl= 30> <al=0.75> <DB=-254543.0151> <Mlp= 4259.2374> <PB=2695> 
<DWph=2> <it= 82> <et=1.16> <Mt= 0.00> <Spt= 0.01> <nCl= 30> <al=0.65> <DB=-195136.4428> <Mlp= 4249.4542> <PB=2695> 
<DWph=2> <it= 83> <et=1.17> <Mt= 0.01> <Spt= 0.01> <nCl= 30> <al=0.55> <DB=-123330.9460> <Mlp= 4233.8908> <PB=2695> 
<DWph=2> <it= 84> <et=1.19> <Mt= 0.00> <Spt= 0.01> <nCl= 30> <al=0.45> <DB=-85456.6664> <Mlp= 4224.0110> <PB=2695> 
<DWph=2> <it= 85> <et=1.20> <Mt= 0.01> <Spt= 0.01> <nCl= 30> <al=0.35> <DB=-113278.0061> <Mlp= 4218.2199> <PB=2695> 
<DWph=2> <it= 86> <et=1.22> <Mt= 0.01> <Spt= 0.00> <nCl= 30> <al=0.41> <DB=-75535.8420> <Mlp= 4182.5084> <PB=2695> 
<DWph=2> <it= 87> <et=1.23> <Mt= 0.01> <Spt= 0.01> <nCl= 30> <al=0.47> <DB=-61719.8144> <Mlp= 4156.9686> <PB=2695> 
<DWph=2> <it= 88> <et=1.25> <Mt= 0.00> <Spt= 0.01> <nCl= 30> <al=0.37> <DB=-44801.0053> <Mlp= 4134.6134> <PB=2695> 
<DWph=2> <it= 89> <et=1.26> <Mt= 0.01> <Spt= 0.01> <nCl= 30> <al=0.44> <DB=-50924.6217> <Mlp= 4120.8915> <PB=2695> 
<DWph=2> <it= 90> <et=1.28> <Mt= 0.00> <Spt= 0.01> <nCl= 30> <al=0.49> <DB=-29398.6600> <Mlp= 4111.3103> <PB=2695> 
<DWph=2> <it= 91> <et=1.29> <Mt= 0.01> <Spt= 0.01> <nCl= 30> <al=0.54> <DB=-26811.4087> <Mlp= 4091.3324> <PB=2695> 
<DWph=2> <it= 92> <et=1.31> <Mt= 0.01> <Spt= 0.00> <nCl= 30> <al=0.59> <DB=-27206.0412> <Mlp= 4082.0756> <PB=2695> 
<DWph=2> <it= 93> <et=1.33> <Mt= 0.01> <Spt= 0.01> <nCl= 30> <al=0.63> <DB=-31042.7215> <Mlp= 4056.5018> <PB=2695> 
<DWph=2> <it= 94> <et=1.34> <Mt= 0.00> <Spt= 0.01> <nCl= 30> <al=0.67> <DB=-27555.1423> <Mlp= 4040.8779> <PB=2695> 
<DWph=2> <it= 95> <et=1.36> <Mt= 0.01> <Spt= 0.01> <nCl= 30> <al=0.70> <DB=-24426.5006> <Mlp= 4005.7084> <PB=2695> 
<DWph=2> <it= 96> <et=1.37> <Mt= 0.01> <Spt= 0.01> <nCl= 30> <al=0.73> <DB=-21130.4288> <Mlp= 3997.8928> <PB=2695> 
<DWph=2> <it= 97> <et=1.39> <Mt= 0.00> <Spt= 0.01> <nCl= 30> <al=0.76> <DB=-16968.7633> <Mlp= 3977.0160> <PB=2695> 
<DWph=2> <it= 98> <et=1.41> <Mt= 0.02> <Spt= 0.00> <nCl= 30> <al=0.66> <DB=-18053.0487> <Mlp= 3950.5166> <PB=2695> 
<DWph=2> <it= 99> <et=1.43> <Mt= 0.01> <Spt= 0.01> <nCl= 30> <al=0.69> <DB=-15023.2586> <Mlp= 3908.0019> <PB=2695> 
<DWph=2> <it=100> <et=1.45> <Mt= 0.01> <Spt= 0.01> <nCl= 30> <al=0.72> <DB=-14952.1567> <Mlp= 3877.9556> <PB=2695> 
<DWph=2> <it=101> <et=1.46> <Mt= 0.01> <Spt= 0.01> <nCl= 30> <al=0.75> <DB=-13825.8622> <Mlp= 3858.0038> <PB=2695> 
<DWph=2> <it=102> <et=1.49> <Mt= 0.01> <Spt= 0.01> <nCl= 30> <al=0.77> <DB=-11379.0038> <Mlp= 3812.3955> <PB=2695> 
<DWph=2> <it=103> <et=1.50> <Mt= 0.01> <Spt= 0.01> <nCl= 30> <al=0.80> <DB=-11002.3355> <Mlp= 3807.3916> <PB=2695> 
<DWph=2> <it=104> <et=1.52> <Mt= 0.01> <Spt= 0.00> <nCl= 28> <al=0.82> <DB=-9207.5188> <Mlp= 3775.9842> <PB=2695> 
<DWph=2> <it=105> <et=1.54> <Mt= 0.01> <Spt= 0.01> <nCl= 30> <al=0.84> <DB=-9062.8120> <Mlp= 3743.1323> <PB=2695> 
<DWph=2> <it=106> <et=1.56> <Mt= 0.02> <Spt= 0.01> <nCl= 30> <al=0.74> <DB=-8847.6342> <Mlp= 3688.8157> <PB=2695> 
<DWph=2> <it=107> <et=1.59> <Mt= 0.01> <Spt= 0.01> <nCl= 30> <al=0.76> <DB=-12512.6844> <Mlp= 3654.6527> <PB=2695> 
<DWph=2> <it=108> <et=1.60> <Mt= 0.01> <Spt= 0.01> <nCl= 30> <al=0.79> <DB=-7192.1245> <Mlp= 3640.2119> <PB=2695> 
<DWph=2> <it=109> <et=1.62> <Mt= 0.01> <Spt= 0.01> <nCl= 30> <al=0.81> <DB=-8469.4289> <Mlp= 3595.2309> <PB=2695> 
<DWph=2> <it=110> <et=1.64> <Mt= 0.01> <Spt= 0.00> <nCl= 30> <al=0.83> <DB=-7598.5875> <Mlp= 3569.4264> <PB=2695> 
<DWph=2> <it=111> <et=1.66> <Mt= 0.01> <Spt= 0.01> <nCl= 25> <al=0.84> <DB=-6103.6251> <Mlp= 3554.6239> <PB=2695> 
<DWph=2> <it=112> <et=1.68> <Mt= 0.01> <Spt= 0.01> <nCl= 30> <al=0.74> <DB=-7065.1418> <Mlp= 3542.4254> <PB=2695> 
<DWph=2> <it=113> <et=1.70> <Mt= 0.01> <Spt= 0.01> <nCl= 30> <al=0.77> <DB=-6565.2290> <Mlp= 3513.1405> <PB=2695> 
<DWph=2> <it=114> <et=1.72> <Mt= 0.01> <Spt= 0.01> <nCl= 30> <al=0.79> <DB=-6153.6330> <Mlp= 3470.1998> <PB=2695> 
<DWph=2> <it=115> <et=1.75> <Mt= 0.02> <Spt= 0.01> <nCl= 24> <al=0.81> <DB=-4548.5195> <Mlp= 3436.4610> <PB=2695> 
<DWph=2> <it=116> <et=1.77> <Mt= 0.01> <Spt= 0.01> <nCl= 30> <al=0.71> <DB=-5201.4754> <Mlp= 3407.4822> <PB=2695> 
<DWph=2> <it=117> <et=1.79> <Mt= 0.02> <Spt= 0.00> <nCl= 30> <al=0.74> <DB=-5329.4698> <Mlp= 3376.3639> <PB=2695> 
<DWph=2> <it=118> <et=1.81> <Mt= 0.01> <Spt= 0.01> <nCl= 30> <al=0.77> <DB=-4036.9307> <Mlp= 3357.9284> <PB=2695> 
<DWph=2> <it=119> <et=1.83> <Mt= 0.01> <Spt= 0.01> <nCl= 30> <al=0.79> <DB=-4351.2262> <Mlp= 3341.0589> <PB=2695> 
<DWph=2> <it=120> <et=1.86> <Mt= 0.02> <Spt= 0.01> <nCl= 30> <al=0.81> <DB=-2784.3572> <Mlp= 3319.9923> <PB=2695> 
<DWph=2> <it=121> <et=1.89> <Mt= 0.02> <Spt= 0.01> <nCl= 30> <al=0.71> <DB=-4632.6357> <Mlp= 3220.6198> <PB=2695> 
<DWph=2> <it=122> <et=1.92> <Mt= 0.02> <Spt= 0.01> <nCl= 30> <al=0.74> <DB=-3500.7406> <Mlp= 3198.0564> <PB=2695> 
<DWph=2> <it=123> <et=1.94> <Mt= 0.02> <Spt= 0.01> <nCl= 30> <al=0.77> <DB=-4830.1037> <Mlp= 3179.6088> <PB=2695> 
<DWph=2> <it=124> <et=1.96> <Mt= 0.00> <Spt= 0.01> <nCl= 30> <al=0.79> <DB=-3371.1802> <Mlp= 3179.6088> <PB=2695> 
<DWph=2> <it=125> <et=1.98> <Mt= 0.02> <Spt= 0.00> <nCl= 28> <al=0.81> <DB=-2199.8852> <Mlp= 3149.5730> <PB=2695> 
<DWph=2> <it=126> <et=2.00> <Mt= 0.01> <Spt= 0.01> <nCl= 30> <al=0.83> <DB=-2342.5959> <Mlp= 3141.8840> <PB=2695> 
<DWph=2> <it=127> <et=2.02> <Mt= 0.01> <Spt= 0.01> <nCl= 30> <al=0.85> <DB=-1854.9752> <Mlp= 3130.9896> <PB=2695> 
<DWph=2> <it=128> <et=2.06> <Mt= 0.03> <Spt= 0.01> <nCl= 29> <al=0.86> <DB=-1706.4588> <Mlp= 3109.2024> <PB=2695> 
<DWph=2> <it=129> <et=2.09> <Mt= 0.02> <Spt= 0.01> <nCl= 28> <al=0.88> <DB=-1549.9665> <Mlp= 3082.4412> <PB=2695> 
<DWph=2> <it=130> <et=2.12> <Mt= 0.02> <Spt= 0.01> <nCl= 20> <al=0.89> <DB=-1047.2851> <Mlp= 3043.3691> <PB=2695> 
<DWph=2> <it=131> <et=2.15> <Mt= 0.02> <Spt= 0.01> <nCl= 30> <al=0.79> <DB=-2976.6222> <Mlp= 3033.7697> <PB=2695> 
<DWph=2> <it=132> <et=2.18> <Mt= 0.02> <Spt= 0.00> <nCl= 30> <al=0.81> <DB=-1399.6877> <Mlp= 3019.4557> <PB=2695> 
<DWph=2> <it=133> <et=2.20> <Mt= 0.02> <Spt= 0.01> <nCl= 30> <al=0.83> <DB=-1271.7976> <Mlp= 3004.9977> <PB=2695> 
<DWph=2> <it=134> <et=2.23> <Mt= 0.02> <Spt= 0.01> <nCl= 28> <al=0.85> <DB=-2503.7612> <Mlp= 2993.8761> <PB=2695> 
<DWph=2> <it=135> <et=2.25> <Mt= 0.01> <Spt= 0.01> <nCl= 22> <al=0.86> <DB=-1101.6678> <Mlp= 2982.8949> <PB=2695> 
<DWph=2> <it=136> <et=2.26> <Mt= 0.00> <Spt= 0.01> <nCl=  6> <al=0.88> <DB= -770.8921> <Mlp= 2980.2445> <PB=2695> 
<DWph=2> <it=137> <et=2.28> <Mt= 0.01> <Spt= 0.01> <nCl= 30> <al=0.78> <DB=-1082.1408> <Mlp= 2976.4884> <PB=2695> 
<DWph=2> <it=138> <et=2.30> <Mt= 0.01> <Spt= 0.01> <nCl= 30> <al=0.80> <DB= -913.8425> <Mlp= 2961.1817> <PB=2695> 
<DWph=2> <it=139> <et=2.34> <Mt= 0.03> <Spt= 0.00> <nCl= 30> <al=0.82> <DB=  -80.6620> <Mlp= 2881.9418> <PB=2695> 
<DWph=2> <it=140> <et=2.37> <Mt= 0.02> <Spt= 0.01> <nCl= 30> <al=0.72> <DB=-2081.2996> <Mlp= 2875.5921> <PB=2695> 
<DWph=2> <it=141> <et=2.40> <Mt= 0.02> <Spt= 0.01> <nCl= 30> <al=0.75> <DB= -822.1840> <Mlp= 2868.0282> <PB=2695> 
<DWph=2> <it=142> <et=2.42> <Mt= 0.02> <Spt= 0.01> <nCl= 30> <al=0.77> <DB= -146.7970> <Mlp= 2865.5248> <PB=2695> 
<DWph=2> <it=143> <et=2.45> <Mt= 0.02> <Spt= 0.01> <nCl= 28> <al=0.79> <DB=  228.3818> <Mlp= 2863.8215> <PB=2695> 
<DWph=2> <it=144> <et=2.48> <Mt= 0.02> <Spt= 0.01> <nCl= 29> <al=0.81> <DB= -142.4967> <Mlp= 2849.3135> <PB=2695> 
<DWph=2> <it=145> <et=2.51> <Mt= 0.02> <Spt= 0.01> <nCl= 24> <al=0.83> <DB=  -26.1388> <Mlp= 2843.3332> <PB=2695> 
<DWph=2> <it=146> <et=2.53> <Mt= 0.02> <Spt= 0.00> <nCl= 25> <al=0.85> <DB=  314.0725> <Mlp= 2842.1642> <PB=2695> 
<DWph=2> <it=147> <et=2.55> <Mt= 0.00> <Spt= 0.01> <nCl= 30> <al=0.75> <DB= -929.0710> <Mlp= 2841.9518> <PB=2695> 
<DWph=2> <it=148> <et=2.58> <Mt= 0.02> <Spt= 0.01> <nCl= 28> <al=0.78> <DB=  340.3037> <Mlp= 2839.7818> <PB=2695> 
<DWph=2> <it=149> <et=2.60> <Mt= 0.02> <Spt= 0.01> <nCl= 30> <al=0.80> <DB= -298.8839> <Mlp= 2798.8291> <PB=2695> 
<DWph=2> <it=150> <et=2.62> <Mt= 0.01> <Spt= 0.01> <nCl= 28> <al=0.82> <DB=  646.3310> <Mlp= 2798.8291> <PB=2695> 
<DWph=2> <it=151> <et=2.65> <Mt= 0.02> <Spt= 0.01> <nCl= 30> <al=0.72> <DB=  184.6823> <Mlp= 2797.4066> <PB=2695> 
<DWph=2> <it=152> <et=2.69> <Mt= 0.03> <Spt= 0.01> <nCl= 30> <al=0.75> <DB=  217.5592> <Mlp= 2796.4778> <PB=2695> 
<DWph=2> <it=153> <et=2.71> <Mt= 0.02> <Spt= 0.00> <nCl= 29> <al=0.77> <DB=  621.1566> <Mlp= 2796.4778> <PB=2695> 
<DWph=2> <it=154> <et=2.76> <Mt= 0.03> <Spt= 0.01> <nCl= 28> <al=0.79> <DB=  594.7586> <Mlp= 2775.8397> <PB=2695> 
<DWph=2> <it=155> <et=2.79> <Mt= 0.02> <Spt= 0.01> <nCl= 16> <al=0.81> <DB=  298.0953> <Mlp= 2747.3000> <PB=2695> 
<DWph=2> <it=156> <et=2.80> <Mt= 0.01> <Spt= 0.01> <nCl= 10> <al=0.83> <DB=  976.0184> <Mlp= 2747.3000> <PB=2695> 
<DWph=2> <it=157> <et=2.82> <Mt= 0.01> <Spt= 0.01> <nCl= 27> <al=0.85> <DB=  392.1152> <Mlp= 2747.3000> <PB=2695> 
<DWph=2> <it=158> <et=2.85> <Mt= 0.02> <Spt= 0.01> <nCl= 21> <al=0.87> <DB=  989.3469> <Mlp= 2745.4000> <PB=2695> 
<DWph=2> <it=159> <et=2.87> <Mt= 0.01> <Spt= 0.01> <nCl= 30> <al=0.88> <DB=  999.7047> <Mlp= 2745.4000> <PB=2695> 
<DWph=2> <it=160> <et=2.90> <Mt= 0.02> <Spt= 0.00> <nCl= 30> <al=0.89> <DB= 1063.3971> <Mlp= 2745.4000> <PB=2695> 
<DWph=2> <it=161> <et=2.92> <Mt= 0.01> <Spt= 0.01> <nCl= 23> <al=0.90> <DB= 1014.7937> <Mlp= 2745.4000> <PB=2695> 
<DWph=2> <it=162> <et=2.94> <Mt= 0.01> <Spt= 0.01> <nCl=  9> <al=0.91> <DB= 1161.9957> <Mlp= 2745.4000> <PB=2695> 
<DWph=2> <it=163> <et=2.96> <Mt= 0.02> <Spt= 0.01> <nCl= 28> <al=0.81> <DB=  863.5479> <Mlp= 2745.4000> <PB=2695> 
<DWph=2> <it=164> <et=2.99> <Mt= 0.01> <Spt= 0.01> <nCl= 17> <al=0.83> <DB= 1344.0885> <Mlp= 2745.0000> <PB=2695> 
<DWph=2> <it=165> <et=3.00> <Mt= 0.01> <Spt= 0.01> <nCl= 29> <al=0.73> <DB=  969.4030> <Mlp= 2718.8800> <PB=2695> 
<DWph=2> <it=166> <et=3.03> <Mt= 0.02> <Spt= 0.01> <nCl= 22> <al=0.76> <DB= 1467.8715> <Mlp= 2718.8800> <PB=2695> 
<DWph=2> <it=167> <et=3.05> <Mt= 0.01> <Spt= 0.00> <nCl= 30> <al=0.66> <DB=  707.6568> <Mlp= 2718.8800> <PB=2695> 
<DWph=2> <it=168> <et=3.07> <Mt= 0.01> <Spt= 0.01> <nCl= 30> <al=0.69> <DB= 1386.6546> <Mlp= 2718.8800> <PB=2695> 
<DWph=2> <it=169> <et=3.10> <Mt= 0.02> <Spt= 0.01> <nCl= 29> <al=0.72> <DB= 1517.4243> <Mlp= 2708.0000> <PB=2695> 
<DWph=2> <it=170> <et=3.12> <Mt= 0.01> <Spt= 0.01> <nCl= 30> <al=0.75> <DB= 1060.2026> <Mlp= 2708.0000> <PB=2695> 
<DWph=2> <it=171> <et=3.14> <Mt= 0.01> <Spt= 0.01> <nCl= 22> <al=0.78> <DB= 1375.5492> <Mlp= 2708.0000> <PB=2695> 
<DWph=2> <it=172> <et=3.16> <Mt= 0.01> <Spt= 0.01> <nCl= 14> <al=0.80> <DB= 1668.6559> <Mlp= 2708.0000> <PB=2695> 
<DWph=2> <it=173> <et=3.17> <Mt= 0.01> <Spt= 0.01> <nCl= 30> <al=0.70> <DB= 1390.2984> <Mlp= 2708.0000> <PB=2695> 
<DWph=2> <it=174> <et=3.19> <Mt= 0.01> <Spt= 0.01> <nCl= 29> <al=0.73> <DB= 1659.1272> <Mlp= 2708.0000> <PB=2695> 
<DWph=2> <it=175> <et=3.22> <Mt= 0.02> <Spt= 0.00> <nCl= 22> <al=0.76> <DB= 1808.4013> <Mlp= 2703.5000> <PB=2695> 
<DWph=2> <it=176> <et=3.23> <Mt= 0.00> <Spt= 0.01> <nCl= 30> <al=0.78> <DB= 1871.6304> <Mlp= 2703.5000> <PB=2695> 
<DWph=2> <it=177> <et=3.26> <Mt= 0.02> <Spt= 0.01> <nCl= 24> <al=0.80> <DB= 1847.9909> <Mlp= 2703.5000> <PB=2695> 
<DWph=2> <it=178> <et=3.27> <Mt= 0.01> <Spt= 0.01> <nCl= 22> <al=0.82> <DB= 1884.8673> <Mlp= 2703.5000> <PB=2695> 
<DWph=2> <it=179> <et=3.29> <Mt= 0.01> <Spt= 0.01> <nCl= 27> <al=0.84> <DB= 1869.8375> <Mlp= 2702.1333> <PB=2695> 
<DWph=2> <it=180> <et=3.31> <Mt= 0.01> <Spt= 0.01> <nCl= 20> <al=0.86> <DB= 1875.9366> <Mlp= 2702.1333> <PB=2695> 
<DWph=2> <it=181> <et=3.33> <Mt= 0.01> <Spt= 0.01> <nCl= 11> <al=0.87> <DB= 2029.6851> <Mlp= 2702.1333> <PB=2695> 
<DWph=2> <it=182> <et=3.35> <Mt= 0.01> <Spt= 0.00> <nCl= 27> <al=0.77> <DB= 1800.7614> <Mlp= 2700.8333> <PB=2695> 
<DWph=2> <it=183> <et=3.37> <Mt= 0.01> <Spt= 0.01> <nCl= 26> <al=0.79> <DB= 1581.8597> <Mlp= 2700.8333> <PB=2695> 
<DWph=2> <it=184> <et=3.39> <Mt= 0.01> <Spt= 0.01> <nCl= 13> <al=0.81> <DB= 1821.2295> <Mlp= 2700.8333> <PB=2695> 
<DWph=2> <it=185> <et=3.41> <Mt= 0.01> <Spt= 0.01> <nCl= 26> <al=0.71> <DB= 1929.3467> <Mlp= 2700.8333> <PB=2695> 
<DWph=2> <it=186> <et=3.43> <Mt= 0.01> <Spt= 0.01> <nCl= 24> <al=0.61> <DB= 1914.5987> <Mlp= 2700.3933> <PB=2695> 
<DWph=2> <it=187> <et=3.45> <Mt= 0.01> <Spt= 0.01> <nCl= 14> <al=0.65> <DB= 2011.1812> <Mlp= 2700.3933> <PB=2695> 
<DWph=2> <it=188> <et=3.46> <Mt= 0.00> <Spt= 0.01> <nCl= 20> <al=0.55> <DB= 2123.7544> <Mlp= 2700.3933> <PB=2695> 
<DWph=2> <it=189> <et=3.48> <Mt= 0.01> <Spt= 0.01> <nCl= 30> <al=0.45> <DB= 1453.4325> <Mlp= 2700.3933> <PB=2695> 
<DWph=2> <it=190> <et=3.50> <Mt= 0.01> <Spt= 0.01> <nCl= 29> <al=0.51> <DB= 1905.2729> <Mlp= 2700.3933> <PB=2695> 
<DWph=2> <it=191> <et=3.51> <Mt= 0.01> <Spt= 0.00> <nCl= 23> <al=0.56> <DB= 2139.1062> <Mlp= 2700.3933> <PB=2695> 
<DWph=2> <it=192> <et=3.53> <Mt= 0.01> <Spt= 0.01> <nCl= 30> <al=0.60> <DB= 1848.6653> <Mlp= 2700.3933> <PB=2695> 
<DWph=2> <it=193> <et=3.55> <Mt= 0.01> <Spt= 0.01> <nCl= 30> <al=0.64> <DB= 1618.4794> <Mlp= 2700.3933> <PB=2695> 
<DWph=2> <it=194> <et=3.57> <Mt= 0.01> <Spt= 0.01> <nCl= 25> <al=0.68> <DB= 2041.0899> <Mlp= 2700.3933> <PB=2695> 
<DWph=2> <it=195> <et=3.59> <Mt= 0.01> <Spt= 0.01> <nCl= 23> <al=0.71> <DB= 2245.6072> <Mlp= 2700.3933> <PB=2695> 
<DWph=2> <it=196> <et=3.61> <Mt= 0.01> <Spt= 0.01> <nCl= 17> <al=0.74> <DB= 2300.9635> <Mlp= 2700.3933> <PB=2695> 
<DWph=2> <it=197> <et=3.62> <Mt= 0.01> <Spt= 0.01> <nCl= 27> <al=0.64> <DB= 2043.2733> <Mlp= 2698.4733> <PB=2695> 
<DWph=2> <it=198> <et=3.64> <Mt= 0.01> <Spt= 0.01> <nCl= 24> <al=0.67> <DB= 2239.4401> <Mlp= 2698.4733> <PB=2695> 
<DWph=2> <it=199> <et=3.66> <Mt= 0.01> <Spt= 0.00> <nCl= 18> <al=0.71> <DB= 2312.7220> <Mlp= 2698.4733> <PB=2695> 
<DWph=2> <it=200> <et=3.67> <Mt= 0.00> <Spt= 0.01> <nCl= 22> <al=0.74> <DB= 2236.8795> <Mlp= 2696.1400> <PB=2695> 
<DWph=2> <it=201> <et=3.69> <Mt= 0.01> <Spt= 0.01> <nCl= 17> <al=0.76> <DB= 2388.9071> <Mlp= 2696.1400> <PB=2695> 
<DWph=2> <it=202> <et=3.71> <Mt= 0.01> <Spt= 0.01> <nCl= 25> <al=0.66> <DB= 2430.0984> <Mlp= 2696.1400> <PB=2695> 
<DWph=2> <it=203> <et=3.72> <Mt= 0.01> <Spt= 0.01> <nCl= 27> <al=0.70> <DB= 2423.7921> <Mlp= 2696.1400> <PB=2695> 
<DWph=2> <it=204> <et=3.74> <Mt= 0.00> <Spt= 0.01> <nCl= 16> <al=0.73> <DB= 2518.0728> <Mlp= 2696.1400> <PB=2695> 
<DWph=2> <it=205> <et=3.75> <Mt= 0.01> <Spt= 0.01> <nCl= 28> <al=0.63> <DB= 2474.7031> <Mlp= 2696.1400> <PB=2695> 
In total 26 RCC cut(s) are found by the connected components heuristic 
Shrinking heuristic shrunk 180 edges
In total 9 RCC cut(s) are found by the Fractional capacity min-cut heuristic 
----- Add core cuts : CAP(35), max.viol = 1, aver.viol = 1, sep/add took 0.00968989/0.0420896 sec. -----
<DWph=2> <it=206> <et=3.85> <Mt= 0.03> <Spt= 0.01> <nCl= 30> <al=0.66> <DB= 1842.0387> <Mlp= 2706.0380> <PB=2695> 
<DWph=2> <it=207> <et=3.88> <Mt= 0.02> <Spt= 0.01> <nCl= 20> <al=0.70> <DB= 2205.7388> <Mlp= 2704.4712> <PB=2695> 
<DWph=2> <it=208> <et=3.91> <Mt= 0.02> <Spt= 0.01> <nCl= 19> <al=0.60> <DB= 2340.2375> <Mlp= 2704.1667> <PB=2695> 
<DWph=2> <it=209> <et=3.93> <Mt= 0.01> <Spt= 0.01> <nCl= 15> <al=0.64> <DB= 2320.3626> <Mlp= 2703.8683> <PB=2695> 
<DWph=2> <it=210> <et=3.96> <Mt= 0.02> <Spt= 0.01> <nCl= 12> <al=0.67> <DB= 2310.4680> <Mlp= 2703.5581> <PB=2695> 
<DWph=2> <it=211> <et=3.98> <Mt= 0.01> <Spt= 0.01> <nCl=  4> <al=0.71> <DB= 2260.7936> <Mlp= 2696.0000> <PB=2695> 
<DWph=2> <it=212> <et=4.00> <Mt= 0.01> <Spt= 0.01> <nCl=  4> <al=0.61> <DB= 2320.1172> <Mlp= 2696.0000> <PB=2695> 
<DWph=2> <it=213> <et=4.02> <Mt= 0.00> <Spt= 0.01> <nCl=  9> <al=0.51> <DB= 2326.1688> <Mlp= 2696.0000> <PB=2695> 
Shrinking heuristic shrunk 180 edges
<DWph=2> <it=214> <et=4.04> <Mt= 0.01> <Spt= 0.01> <nCl= 19> <al=0.41> <DB= 2287.7901> <Mlp= 2694.9000> <PB=2694.9> 
<DWph=2> <it=215> <et=4.07> <Mt= 0.02> <Spt= 0.01> <nCl= 13> <al=0.47> <DB= 2369.0453> <Mlp= 2694.9000> <PB=2694.9> 
<DWph=2> <it=216> <et=4.08> <Mt= 0.01> <Spt= 0.01> <nCl=  8> <al=0.52> <DB= 2455.3358> <Mlp= 2694.9000> <PB=2694.9> 
<DWph=2> <it=217> <et=4.10> <Mt= 0.00> <Spt= 0.01> <nCl= 10> <al=0.42> <DB= 2127.3458> <Mlp= 2694.9000> <PB=2694.9> 
<DWph=2> <it=218> <et=4.12> <Mt= 0.01> <Spt= 0.01> <nCl=  6> <al=0.48> <DB= 2358.3714> <Mlp= 2694.9000> <PB=2694.9> 
<DWph=2> <it=219> <et=4.14> <Mt= 0.01> <Spt= 0.01> <nCl=  7> <al=0.38> <DB= 2463.3036> <Mlp= 2694.9000> <PB=2694.9> 
<DWph=2> <it=220> <et=4.15> <Mt= 0.01> <Spt= 0.01> <nCl= 26> <al=0.28> <DB= 2074.3218> <Mlp= 2694.9000> <PB=2694.9> 
<DWph=2> <it=221> <et=4.19> <Mt= 0.02> <Spt= 0.01> <nCl= 17> <al=0.35> <DB= 2076.6131> <Mlp= 2694.9000> <PB=2694.9> 
<DWph=2> <it=222> <et=4.21> <Mt= 0.01> <Spt= 0.01> <nCl= 18> <al=0.41> <DB= 2397.0747> <Mlp= 2694.9000> <PB=2694.9> 
<DWph=2> <it=223> <et=4.23> <Mt= 0.01> <Spt= 0.01> <nCl= 18> <al=0.31> <DB= 2363.7431> <Mlp= 2694.9000> <PB=2694.9> 
<DWph=2> <it=224> <et=4.28> <Mt= 0.03> <Spt= 0.01> <nCl= 19> <al=0.38> <DB= 2416.5544> <Mlp= 2694.9000> <PB=2694.9> 
<DWph=2> <it=225> <et=4.30> <Mt= 0.02> <Spt= 0.02> <nCl= 21> <al=0.28> <DB= 2271.0631> <Mlp= 2694.9000> <PB=2694.9> 
<DWph=2> <it=226> <et=4.33> <Mt= 0.02> <Spt= 0.01> <nCl= 14> <al=0.35> <DB= 2493.9860> <Mlp= 2694.9000> <PB=2694.9> 
<DWph=2> <it=227> <et=4.34> <Mt= 0.00> <Spt= 0.01> <nCl= 11> <al=0.25> <DB= 2541.9378> <Mlp= 2694.9000> <PB=2694.9> 
<DWph=2> <it=228> <et=4.37> <Mt= 0.02> <Spt= 0.01> <nCl= 30> <al=0.15> <DB= 1866.5795> <Mlp= 2694.9000> <PB=2694.9> 
<DWph=2> <it=229> <et=4.40> <Mt= 0.01> <Spt= 0.01> <nCl= 23> <al=0.24> <DB= 2164.4195> <Mlp= 2694.9000> <PB=2694.9> 
<DWph=2> <it=230> <et=4.42> <Mt= 0.02> <Spt= 0.01> <nCl= 17> <al=0.32> <DB= 2310.7830> <Mlp= 2694.9000> <PB=2694.9> 
<DWph=2> <it=231> <et=4.44> <Mt= 0.00> <Spt= 0.01> <nCl= 22> <al=0.22> <DB= 2335.8658> <Mlp= 2694.9000> <PB=2694.9> 
<DWph=2> <it=232> <et=4.46> <Mt= 0.01> <Spt= 0.01> <nCl= 18> <al=0.12> <DB= 1734.4391> <Mlp= 2694.9000> <PB=2694.9> 
<DWph=2> <it=233> <et=4.48> <Mt= 0.01> <Spt= 0.01> <nCl= 26> <al=0.20> <DB= 2347.5667> <Mlp= 2694.9000> <PB=2694.9> 
<DWph=2> <it=234> <et=4.50> <Mt= 0.01> <Spt= 0.01> <nCl= 13> <al=0.28> <DB= 2421.3340> <Mlp= 2694.9000> <PB=2694.9> 
<DWph=2> <it=235> <et=4.52> <Mt= 0.01> <Spt= 0.01> <nCl=  4> <al=0.36> <DB= 2619.9874> <Mlp= 2694.9000> <PB=2694.9> 
<DWph=2> <it=236> <et=4.54> <Mt= 0.01> <Spt= 0.01> <nCl= 22> <al=0.26> <DB= 2223.9414> <Mlp= 2694.9000> <PB=2694.9> 
<DWph=2> <it=237> <et=4.56> <Mt= 0.01> <Spt= 0.01> <nCl= 16> <al=0.33> <DB= 2499.0279> <Mlp= 2694.9000> <PB=2694.9> 
<DWph=2> <it=238> <et=4.58> <Mt= 0.01> <Spt= 0.01> <nCl=  6> <al=0.40> <DB= 2617.7607> <Mlp= 2694.9000> <PB=2694.9> 
<DWph=2> <it=239> <et=4.60> <Mt= 0.01> <Spt= 0.01> <nCl=  5> <al=0.46> <DB= 2669.7088> <Mlp= 2694.9000> <PB=2694.9> 
<DWph=2> <it=240> <et=4.61> <Mt= 0.00> <Spt= 0.01> <nCl=  8> <al=0.51> <DB= 2481.3849> <Mlp= 2694.9000> <PB=2694.9> 
<DWph=2> <it=241> <et=4.63> <Mt= 0.01> <Spt= 0.01> <nCl=  9> <al=0.56> <DB= 1973.8475> <Mlp= 2694.9000> <PB=2694.9> 
<DWph=2> <it=242> <et=4.66> <Mt= 0.01> <Spt= 0.02> <nCl= 19> <al=0.00> <DB= 2448.8280> <Mlp= 2694.9000> <PB=2694.9> 
<DWph=2> <it=243> <et=4.68> <Mt= 0.01> <Spt= 0.01> <nCl= 14> <al=0.36> <DB= 2310.3585> <Mlp= 2694.9000> <PB=2694.9> 
<DWph=2> <it=244> <et=4.70> <Mt= 0.01> <Spt= 0.01> <nCl=  2> <al=0.26> <DB= 2443.9922> <Mlp= 2694.9000> <PB=2694.9> 
<DWph=2> <it=245> <et=4.72> <Mt= 0.00> <Spt= 0.01> <nCl=  5> <al=0.16> <DB= 2484.2533> <Mlp= 2694.9000> <PB=2694.9> 
<DWph=2> <it=246> <et=4.73> <Mt= 0.01> <Spt= 0.02> <nCl=  7> <al=0.06> <DB= 2583.6675> <Mlp= 2694.9000> <PB=2694.9> 
<DWph=2> <it=247> <et=4.75> <Mt= 0.01> <Spt= 0.01> <nCl= 14> <al=0.00> <DB= 2630.9128> <Mlp= 2694.9000> <PB=2694.9> 
<DWph=2> <it=248> <et=4.77> <Mt= 0.00> <Spt= 0.01> <nCl=  5> <al=0.06> <DB= 2620.3772> <Mlp= 2694.9000> <PB=2694.9> 
<DWph=2> <it=249> <et=4.78> <Mt= 0.01> <Spt= 0.01> <nCl=  4> <al=0.00> <DB= 2659.9000> <Mlp= 2694.9000> <PB=2694.9> 
<DWph=2> <it=250> <et=4.80> <Mt= 0.00> <Spt= 0.01> <nCl=  2> <al=0.00> <DB= 2674.9000> <Mlp= 2694.9000> <PB=2694.9> 
<DWph=2> <it=251> <et=4.81> <Mt= 0.01> <Spt= 0.01> <nCl=  4> <al=0.00> <DB= 2672.7770> <Mlp= 2694.9000> <PB=2694.9> 
<DWph=2> <it=252> <et=4.83> <Mt= 0.00> <Spt= 0.01> <nCl=  6> <al=0.00> <DB= 2688.2644> <Mlp= 2694.9000> <PB=2694.9> 
<DWph=2> <it=253> <et=4.84> <Mt= 0.01> <Spt= 0.01> <nCl=  3> <al=0.00> <DB= 2689.9466> <Mlp= 2694.9000> <PB=2694.9> 
<DWph=2> <it=254> <et=4.86> <Mt= 0.00> <Spt= 0.01> <nCl=  1> <al=0.10> <DB= 2689.9466> <Mlp= 2694.9000> <PB=2694.9> 
<DWph=2> <it=255> <et=4.88> <Mt= 0.00> <Spt= 0.02> <nCl=  2> <al=0.00> <DB= 2694.9000> <Mlp= 2694.9000> <PB=2694.9> 
<DWph=1> <it=256> <et=4.90> <Mt= 0.01> <Spt= 0.01> <nCl= 30> <al=0.00> <DB= 1970.7750> <Mlp= 2694.9000> <PB=2694.9> 
<DWph=1> <it=257> <et=4.93> <Mt= 0.01> <Spt= 0.01> <nCl= 30> <al=0.00> <DB= 2057.9303> <Mlp= 2694.9000> <PB=2694.9> 
<DWph=1> <it=258> <et=4.95> <Mt= 0.01> <Spt= 0.02> <nCl= 30> <al=0.01> <DB= 2435.4815> <Mlp= 2694.9000> <PB=2694.9> 
<DWph=1> <it=259> <et=4.97> <Mt= 0.01> <Spt= 0.01> <nCl= 30> <al=0.11> <DB= 2420.2504> <Mlp= 2694.9000> <PB=2694.9> 
<DWph=1> <it=260> <et=5.00> <Mt= 0.02> <Spt= 0.01> <nCl= 24> <al=0.20> <DB= 2559.6729> <Mlp= 2694.9000> <PB=2694.9> 
<DWph=1> <it=261> <et=5.02> <Mt= 0.01> <Spt= 0.01> <nCl= 26> <al=0.10> <DB= 2447.0949> <Mlp= 2694.9000> <PB=2694.9> 
<DWph=1> <it=262> <et=5.04> <Mt= 0.01> <Spt= 0.01> <nCl= 17> <al=0.19> <DB= 2559.8521> <Mlp= 2694.9000> <PB=2694.9> 
<DWph=1> <it=263> <et=5.06> <Mt= 0.01> <Spt= 0.02> <nCl= 15> <al=0.27> <DB= 2594.4124> <Mlp= 2694.9000> <PB=2694.9> 
<DWph=1> <it=264> <et=5.08> <Mt= 0.00> <Spt= 0.01> <nCl= 15> <al=0.34> <DB= 2621.3463> <Mlp= 2694.9000> <PB=2694.9> 
<DWph=1> <it=265> <et=5.10> <Mt= 0.01> <Spt= 0.01> <nCl=  7> <al=0.41> <DB= 2595.7756> <Mlp= 2694.9000> <PB=2694.9> 
<DWph=1> <it=266> <et=5.12> <Mt= 0.00> <Spt= 0.01> <nCl=  9> <al=0.31> <DB= 2619.2725> <Mlp= 2694.9000> <PB=2694.9> 
<DWph=1> <it=267> <et=5.14> <Mt= 0.01> <Spt= 0.01> <nCl= 14> <al=0.21> <DB= 2604.2890> <Mlp= 2694.9000> <PB=2694.9> 
<DWph=1> <it=268> <et=5.15> <Mt= 0.01> <Spt= 0.02> <nCl=  5> <al=0.29> <DB= 2592.6488> <Mlp= 2694.9000> <PB=2694.9> 
<DWph=1> <it=269> <et=5.17> <Mt= 0.00> <Spt= 0.01> <nCl=  5> <al=0.19> <DB= 2628.2711> <Mlp= 2694.9000> <PB=2694.9> 
<DWph=1> <it=270> <et=5.19> <Mt= 0.01> <Spt= 0.01> <nCl=  9> <al=0.09> <DB= 2624.4278> <Mlp= 2694.9000> <PB=2694.9> 
In total 12 RCC cut(s) are found by the connected components heuristic 
Shrinking heuristic shrunk 180 edges
In total 3 RCC cut(s) are found by the Fractional capacity min-cut heuristic 
In total 3 RCC cut(s) are found by the global pool greedy search heuristic 
----- Add core cuts : CAP(18), max.viol = 1, aver.viol = 1, sep/add took 0.00612182/0.0203868 sec. -----
<DWph=1> <it=271> <et=5.24> <Mt= 0.01> <Spt= 0.01> <nCl=  5> <al=0.18> <DB= 2639.8066> <Mlp= 2694.9000> <PB=2694.9> 
<DWph=1> <it=272> <et=5.26> <Mt= 0.01> <Spt= 0.01> <nCl=  5> <al=0.26> <DB= 2654.1053> <Mlp= 2694.9000> <PB=2694.9> 
<DWph=1> <it=273> <et=5.28> <Mt= 0.00> <Spt= 0.02> <nCl=  5> <al=0.33> <DB= 2654.2880> <Mlp= 2694.9000> <PB=2694.9> 
<DWph=1> <it=274> <et=5.30> <Mt= 0.01> <Spt= 0.01> <nCl=  6> <al=0.40> <DB= 2627.6907> <Mlp= 2694.9000> <PB=2694.9> 
<DWph=1> <it=275> <et=5.32> <Mt= 0.01> <Spt= 0.01> <nCl=  3> <al=0.30> <DB= 2644.5227> <Mlp= 2694.9000> <PB=2694.9> 
<DWph=1> <it=276> <et=5.34> <Mt= 0.00> <Spt= 0.01> <nCl=  7> <al=0.20> <DB= 2647.8549> <Mlp= 2694.9000> <PB=2694.9> 
<DWph=1> <it=277> <et=5.35> <Mt= 0.01> <Spt= 0.02> <nCl=  4> <al=0.28> <DB= 2645.4489> <Mlp= 2694.9000> <PB=2694.9> 
<DWph=1> <it=278> <et=5.37> <Mt= 0.01> <Spt= 0.01> <nCl=  1> <al=0.18> <DB= 2664.6230> <Mlp= 2694.9000> <PB=2694.9> 
<DWph=1> <it=279> <et=5.39> <Mt= 0.00> <Spt= 0.01> <nCl=  3> <al=0.08> <DB= 2692.4503> <Mlp= 2694.9000> <PB=2694.9> 
<DWph=1> <it=280> <et=5.41> <Mt= 0.01> <Spt= 0.01> <nCl=  7> <al=0.00> <DB= 2694.9000> <Mlp= 2694.9000> <PB=2694.9> 
    RCSP exact solver info for graph G_1 : TT = 0.006464, pt = 3.2e-05, dt = 0.004376, ct = 0.00089, ndl = 1', bdl = 29', odl = 0', odf = 3', bsi = 1', cnt = 0', bdch = 80', odch = 2', lcp = 4', #sols = 150
<DWph=0> <it=281> <et=5.43> <Mt= 0.00> <Spt= 0.02> <nCl= 63> <al=0.00> <DB= 2694.9000> <Mlp= 2694.9000> <PB=2694.9> 
Dynamic params and stats :  bidir.bord. = 495.5 aver.obdmd = 1.79703 aver.buck.num. = 2.9505
@@ 1 0 2694.9 0.005266 0.005266 90.1338 5.43
ColGenEvalAlg final dual bound: 2694.9 (rounded: 2694.9)
Current active cuts : CAP(4,234.471)
New model incumbent solution 2694.9, TIME = 0h0m5s44t = 544
************************************************************************************************
Search is finished, global bounds : [ 2694.9 , 2694.9 ], TIME = 0h0m5s44t = 544
************************************************************************************************
instance_name solver_name ext_heuristic solution_value solution_time best_lb root_lb root_time nb_branch_and_bound_nodes status
/home/logis/Downloads/VRPSolverEasy/VRPSolverEasy/demos/data/CVRPTW/C1_2_5 CLP False 2694.8999999966463 5.447295863000001 2694.9 2694.9 5.446716278 1 0

