Node memory for rank-1 cuts will be used (8.04734)
~~~~~~~~~~~~~~~~~~~~~~~~~~~~~~~~~~~~~~~~~~~~~~~~~~~~~~~~~~~~~~~~~~~~~~~~~~~~~~~~~~~~~
VRPSolver v0.5.27, 24/02/2023, © Inria Bordeaux, France, vrpsolver.math.u-bordeaux.fr
      Corresponds to the solver by Pessoa, Sadykov, Uchoa and Vanderbeck (2020)
                 Paper: dx.doi.org/10.1007/s10107-020-01523-z
~~~~~~~~~~~~~~~~~~~~~~~~~~~~~~~~~~~~~~~~~~~~~~~~~~~~~~~~~~~~~~~~~~~~~~~~~~~~~~~~~~~~~
   BaPCod v0.77, 15/03/2023, © Inria Bordeaux, France, bapcod.math.u-bordeaux.fr 
           THIS CODE IS PROVIDED AS IS, USE IT AT YOUR OWN RISK
~~~~~~~~~~~~~~~~~~~~~~~~~~~~~~~~~~~~~~~~~~~~~~~~~~~~~~~~~~~~~~~~~~~~~~~~~~~~~~~~~~~~~
Bucket steps were recalculated for graph G_1 : [4]
RCSP solver info : symmetric case is detected for graph G_1! 
Bidirectional border value is initialised to 50
RCSP solver info : number of forw. reachable buckets / buck. strongly connected components is 1720( 94.5055% ) / 1295( 75.2907% )
Generating neighbourhoods for rank-1 cuts separation
Building structures for 4- and 5-row rank-1 packing cut separation...done!
Model is built TIME = 0h0m0s3t = 3
************************************************************************************************
**** BaB tree root node
**** Local DB = -1e+12, global bounds : [ -1e+12 , 1159.1 ], TIME = 0h0m0s3t = 3
**** 1 open nodes, 0 columns (0 active), 0 dyn. constrs. (0 active), 138 art. vars. (138 active)
************************************************************************************************
#<DWph=2> <it=  1> <et=0.04> <Mt= 0.00> <Spt= 0.00> <nCl= 30> <al=0.00> <DB=-13866617.8800> <Mlp=201683.4000> <PB=1159.1> 
#<DWph=2> <it=  2> <et=0.05> <Mt= 0.00> <Spt= 0.01> <nCl= 30> <al=0.10> <DB=-9527518.5777> <Mlp=193353.8470> <PB=1159.1> 
#<DWph=2> <it=  3> <et=0.05> <Mt= 0.00> <Spt= 0.01> <nCl= 30> <al=0.45> <DB=-11968219.6815> <Mlp=193234.8781> <PB=1159.1> 
#<DWph=2> <it=  4> <et=0.06> <Mt= 0.00> <Spt= 0.01> <nCl= 30> <al=0.01> <DB=-9272335.3454> <Mlp=189092.5087> <PB=1159.1> 
#<DWph=2> <it=  5> <et=0.07> <Mt= 0.00> <Spt= 0.00> <nCl= 30> <al=0.41> <DB=-6175460.0154> <Mlp=187524.2020> <PB=1159.1> 
#<DWph=2> <it=  6> <et=0.07> <Mt= 0.00> <Spt= 0.01> <nCl= 30> <al=0.46> <DB=-5800577.1418> <Mlp=183808.0081> <PB=1159.1> 
#<DWph=2> <it=  7> <et=0.08> <Mt= 0.00> <Spt= 0.00> <nCl= 30> <al=0.36> <DB=-7331022.9216> <Mlp=183303.3515> <PB=1159.1> 
#<DWph=2> <it=  8> <et=0.09> <Mt= 0.00> <Spt= 0.01> <nCl= 30> <al=0.26> <DB=-7141192.9294> <Mlp=181497.0145> <PB=1159.1> 
#<DWph=2> <it=  9> <et=0.09> <Mt= 0.00> <Spt= 0.00> <nCl= 30> <al=0.34> <DB=-4542258.7058> <Mlp=180843.7225> <PB=1159.1> 
#<DWph=2> <it= 10> <et=0.10> <Mt= 0.00> <Spt= 0.01> <nCl= 30> <al=0.24> <DB=-6670766.3743> <Mlp=176421.8667> <PB=1159.1> 
#<DWph=2> <it= 11> <et=0.10> <Mt= 0.00> <Spt= 0.01> <nCl= 30> <al=0.31> <DB=-3402415.8175> <Mlp=176109.1639> <PB=1159.1> 
#<DWph=2> <it= 12> <et=0.11> <Mt= 0.00> <Spt= 0.00> <nCl= 30> <al=0.21> <DB=-3943415.6814> <Mlp=170401.9834> <PB=1159.1> 
#<DWph=2> <it= 13> <et=0.11> <Mt= 0.00> <Spt= 0.01> <nCl= 30> <al=0.29> <DB=-2628720.5572> <Mlp=167503.0320> <PB=1159.1> 
#<DWph=2> <it= 14> <et=0.12> <Mt= 0.00> <Spt= 0.00> <nCl= 30> <al=0.36> <DB=-3207668.6722> <Mlp=166225.0135> <PB=1159.1> 
#<DWph=2> <it= 15> <et=0.13> <Mt= 0.00> <Spt= 0.01> <nCl= 30> <al=0.43> <DB=-3422664.8428> <Mlp=162894.0277> <PB=1159.1> 
#<DWph=2> <it= 16> <et=0.13> <Mt= 0.00> <Spt= 0.00> <nCl= 30> <al=0.48> <DB=-3055517.1323> <Mlp=158028.1895> <PB=1159.1> 
#<DWph=2> <it= 17> <et=0.14> <Mt= 0.00> <Spt= 0.01> <nCl= 30> <al=0.54> <DB=-2454447.3767> <Mlp=154509.3959> <PB=1159.1> 
#<DWph=2> <it= 18> <et=0.14> <Mt= 0.00> <Spt= 0.00> <nCl= 30> <al=0.44> <DB=-3885013.6084> <Mlp=153347.5751> <PB=1159.1> 
#<DWph=2> <it= 19> <et=0.15> <Mt= 0.00> <Spt= 0.01> <nCl= 30> <al=0.49> <DB=-2888183.3737> <Mlp=152387.5719> <PB=1159.1> 
#<DWph=2> <it= 20> <et=0.15> <Mt= 0.00> <Spt= 0.00> <nCl= 30> <al=0.54> <DB=-2496295.5967> <Mlp=147728.3837> <PB=1159.1> 
#<DWph=2> <it= 21> <et=0.16> <Mt= 0.00> <Spt= 0.01> <nCl= 30> <al=0.44> <DB=-2658134.9965> <Mlp=143793.9811> <PB=1159.1> 
#<DWph=2> <it= 22> <et=0.16> <Mt= 0.00> <Spt= 0.00> <nCl= 30> <al=0.50> <DB=-2310535.7803> <Mlp=141769.5252> <PB=1159.1> 
#<DWph=2> <it= 23> <et=0.17> <Mt= 0.00> <Spt= 0.01> <nCl= 30> <al=0.55> <DB=-2306319.9387> <Mlp=136915.3114> <PB=1159.1> 
#<DWph=2> <it= 24> <et=0.18> <Mt= 0.00> <Spt= 0.00> <nCl= 30> <al=0.59> <DB=-2248827.1903> <Mlp=135820.0119> <PB=1159.1> 
#<DWph=2> <it= 25> <et=0.18> <Mt= 0.00> <Spt= 0.01> <nCl= 30> <al=0.63> <DB=-2128757.7233> <Mlp=127650.9225> <PB=1159.1> 
#<DWph=2> <it= 26> <et=0.19> <Mt= 0.01> <Spt= 0.00> <nCl= 30> <al=0.67> <DB=-1877009.0605> <Mlp=119322.3339> <PB=1159.1> 
#<DWph=2> <it= 27> <et=0.19> <Mt= 0.00> <Spt= 0.01> <nCl= 30> <al=0.70> <DB=-1756509.9676> <Mlp=107714.3676> <PB=1159.1> 
#<DWph=2> <it= 28> <et=0.20> <Mt= 0.00> <Spt= 0.00> <nCl= 30> <al=0.73> <DB=-1505270.3922> <Mlp=104147.7838> <PB=1159.1> 
#<DWph=2> <it= 29> <et=0.21> <Mt= 0.00> <Spt= 0.01> <nCl= 30> <al=0.63> <DB=-1418310.9030> <Mlp=100534.2626> <PB=1159.1> 
#<DWph=2> <it= 30> <et=0.21> <Mt= 0.00> <Spt= 0.00> <nCl= 30> <al=0.67> <DB=-1423401.2587> <Mlp=84890.5067> <PB=1159.1> 
#<DWph=2> <it= 31> <et=0.22> <Mt= 0.00> <Spt= 0.00> <nCl= 30> <al=0.70> <DB=-1289262.8822> <Mlp=78200.5320> <PB=1159.1> 
#<DWph=2> <it= 32> <et=0.23> <Mt= 0.01> <Spt= 0.01> <nCl= 30> <al=0.73> <DB=-1164545.5554> <Mlp=75131.9477> <PB=1159.1> 
#<DWph=2> <it= 33> <et=0.23> <Mt= 0.00> <Spt= 0.00> <nCl= 30> <al=0.63> <DB=-1084728.0059> <Mlp=67217.8259> <PB=1159.1> 
#<DWph=2> <it= 34> <et=0.24> <Mt= 0.00> <Spt= 0.01> <nCl= 30> <al=0.67> <DB=-994701.8182> <Mlp=58058.3155> <PB=1159.1> 
#<DWph=2> <it= 35> <et=0.25> <Mt= 0.01> <Spt= 0.00> <nCl= 30> <al=0.57> <DB=-898955.4653> <Mlp=49793.8125> <PB=1159.1> 
#<DWph=2> <it= 36> <et=0.26> <Mt= 0.00> <Spt= 0.01> <nCl= 30> <al=0.47> <DB=-767723.0955> <Mlp=42811.8375> <PB=1159.1> 
#<DWph=2> <it= 37> <et=0.27> <Mt= 0.00> <Spt= 0.00> <nCl= 30> <al=0.37> <DB=-732773.9039> <Mlp=35213.7546> <PB=1159.1> 
#<DWph=2> <it= 38> <et=0.27> <Mt= 0.01> <Spt= 0.01> <nCl= 30> <al=0.43> <DB=-805743.6818> <Mlp=17274.2947> <PB=1159.1> 
#<DWph=2> <it= 39> <et=0.28> <Mt= 0.00> <Spt= 0.00> <nCl= 30> <al=0.49> <DB=-725461.3291> <Mlp=14211.3939> <PB=1159.1> 
#<DWph=2> <it= 40> <et=0.29> <Mt= 0.00> <Spt= 0.01> <nCl= 30> <al=0.54> <DB=-529072.9332> <Mlp= 4108.0017> <PB=1159.1> 
#<DWph=2> <it= 41> <et=0.30> <Mt= 0.01> <Spt= 0.00> <nCl= 30> <al=0.44> <DB=-409844.7473> <Mlp= 3109.2116> <PB=1159.1> 
#<DWph=2> <it= 42> <et=0.30> <Mt= 0.00> <Spt= 0.00> <nCl= 12> <al=0.34> <DB=-74397.4889> <Mlp= 2931.4125> <PB=1159.1> 
#<DWph=2> <it= 43> <et=0.31> <Mt= 0.00> <Spt= 0.01> <nCl= 30> <al=0.24> <DB=-8860.0961> <Mlp= 2919.7156> <PB=1159.1> 
<DWph=2> <it= 44> <et=0.32> <Mt= 0.00> <Spt= 0.00> <nCl= 30> <al=0.32> <DB=-19429.3604> <Mlp= 2419.4048> <PB=1159.1> 
<DWph=2> <it= 45> <et=0.32> <Mt= 0.00> <Spt= 0.00> <nCl= 30> <al=0.38> <DB=-2243.7823> <Mlp= 2344.4178> <PB=1159.1> 
<DWph=2> <it= 46> <et=0.33> <Mt= 0.01> <Spt= 0.01> <nCl= 30> <al=0.45> <DB=-13638.1026> <Mlp= 2272.0092> <PB=1159.1> 
<DWph=2> <it= 47> <et=0.33> <Mt= 0.00> <Spt= 0.00> <nCl= 30> <al=0.50> <DB=-8322.4130> <Mlp= 2258.6849> <PB=1159.1> 
<DWph=2> <it= 48> <et=0.34> <Mt= 0.00> <Spt= 0.01> <nCl= 30> <al=0.55> <DB=-7638.5228> <Mlp= 2138.7115> <PB=1159.1> 
<DWph=2> <it= 49> <et=0.35> <Mt= 0.00> <Spt= 0.00> <nCl= 30> <al=0.60> <DB=-2377.5941> <Mlp= 2118.1955> <PB=1159.1> 
<DWph=2> <it= 50> <et=0.36> <Mt= 0.01> <Spt= 0.01> <nCl= 30> <al=0.64> <DB= -875.7106> <Mlp= 2053.6772> <PB=1159.1> 
<DWph=2> <it= 51> <et=0.37> <Mt= 0.00> <Spt= 0.00> <nCl= 30> <al=0.67> <DB=-2874.8109> <Mlp= 1986.1970> <PB=1159.1> 
<DWph=2> <it= 52> <et=0.37> <Mt= 0.00> <Spt= 0.01> <nCl= 30> <al=0.71> <DB=-1285.1824> <Mlp= 1864.0906> <PB=1159.1> 
<DWph=2> <it= 53> <et=0.38> <Mt= 0.01> <Spt= 0.00> <nCl= 30> <al=0.74> <DB=-1038.9197> <Mlp= 1809.4653> <PB=1159.1> 
<DWph=2> <it= 54> <et=0.39> <Mt= 0.00> <Spt= 0.01> <nCl= 27> <al=0.76> <DB=   38.8314> <Mlp= 1780.9350> <PB=1159.1> 
<DWph=2> <it= 55> <et=0.40> <Mt= 0.00> <Spt= 0.00> <nCl= 30> <al=0.66> <DB=    2.3076> <Mlp= 1763.4594> <PB=1159.1> 
<DWph=2> <it= 56> <et=0.41> <Mt= 0.01> <Spt= 0.01> <nCl= 30> <al=0.70> <DB= -287.2246> <Mlp= 1698.6111> <PB=1159.1> 
<DWph=2> <it= 57> <et=0.41> <Mt= 0.00> <Spt= 0.00> <nCl= 29> <al=0.73> <DB=  477.1452> <Mlp= 1638.1628> <PB=1159.1> 
<DWph=2> <it= 58> <et=0.42> <Mt= 0.00> <Spt= 0.01> <nCl= 30> <al=0.63> <DB=-1040.7175> <Mlp= 1601.6473> <PB=1159.1> 
<DWph=2> <it= 59> <et=0.43> <Mt= 0.00> <Spt= 0.00> <nCl= 30> <al=0.66> <DB=    8.3124> <Mlp= 1570.8361> <PB=1159.1> 
<DWph=2> <it= 60> <et=0.44> <Mt= 0.01> <Spt= 0.01> <nCl= 30> <al=0.70> <DB=  177.5260> <Mlp= 1490.9200> <PB=1159.1> 
<DWph=2> <it= 61> <et=0.45> <Mt= 0.00> <Spt= 0.00> <nCl= 30> <al=0.73> <DB=  721.9893> <Mlp= 1477.3239> <PB=1159.1> 
<DWph=2> <it= 62> <et=0.45> <Mt= 0.00> <Spt= 0.01> <nCl= 30> <al=0.75> <DB=  569.4427> <Mlp= 1443.9626> <PB=1159.1> 
<DWph=2> <it= 63> <et=0.46> <Mt= 0.01> <Spt= 0.00> <nCl= 30> <al=0.78> <DB=  854.6810> <Mlp= 1385.6179> <PB=1159.1> 
<DWph=2> <it= 64> <et=0.47> <Mt= 0.00> <Spt= 0.01> <nCl= 29> <al=0.80> <DB=  893.1390> <Mlp= 1347.8634> <PB=1159.1> 
<DWph=2> <it= 65> <et=0.48> <Mt= 0.00> <Spt= 0.00> <nCl= 30> <al=0.82> <DB=   67.7231> <Mlp= 1319.5043> <PB=1159.1> 
<DWph=2> <it= 66> <et=0.49> <Mt= 0.01> <Spt= 0.01> <nCl= 30> <al=0.84> <DB=  949.2451> <Mlp= 1293.3698> <PB=1159.1> 
<DWph=2> <it= 67> <et=0.49> <Mt= 0.00> <Spt= 0.00> <nCl= 26> <al=0.86> <DB=  996.4518> <Mlp= 1274.9910> <PB=1159.1> 
<DWph=2> <it= 68> <et=0.50> <Mt= 0.00> <Spt= 0.01> <nCl= 30> <al=0.76> <DB=  714.8352> <Mlp= 1240.7687> <PB=1159.1> 
<DWph=2> <it= 69> <et=0.51> <Mt= 0.01> <Spt= 0.00> <nCl= 22> <al=0.78> <DB= 1020.5780> <Mlp= 1201.9417> <PB=1159.1> 
<DWph=2> <it= 70> <et=0.52> <Mt= 0.00> <Spt= 0.01> <nCl= 30> <al=0.80> <DB= 1026.7542> <Mlp= 1196.5390> <PB=1159.1> 
<DWph=2> <it= 71> <et=0.53> <Mt= 0.00> <Spt= 0.00> <nCl= 24> <al=0.82> <DB= 1061.8629> <Mlp= 1177.9068> <PB=1159.1> 
<DWph=2> <it= 72> <et=0.54> <Mt= 0.01> <Spt= 0.01> <nCl= 28> <al=0.84> <DB=  372.8529> <Mlp= 1166.0089> <PB=1159.1> 
<DWph=2> <it= 73> <et=0.54> <Mt= 0.00> <Spt= 0.00> <nCl= 18> <al=0.86> <DB= 1075.7243> <Mlp= 1158.1518> <PB=1159.1> 
<DWph=2> <it= 74> <et=0.55> <Mt= 0.00> <Spt= 0.01> <nCl= 10> <al=0.87> <DB= 1088.9697> <Mlp= 1157.4620> <PB=1159.1> 
<DWph=2> <it= 75> <et=0.56> <Mt= 0.00> <Spt= 0.00> <nCl= 22> <al=0.77> <DB= 1068.4779> <Mlp= 1156.4284> <PB=1159.1> 
<DWph=2> <it= 76> <et=0.57> <Mt= 0.01> <Spt= 0.01> <nCl= 15> <al=0.79> <DB= 1102.2501> <Mlp= 1151.9964> <PB=1159.1> 
<DWph=2> <it= 77> <et=0.57> <Mt= 0.00> <Spt= 0.00> <nCl= 11> <al=0.69> <DB= 1110.1621> <Mlp= 1150.6415> <PB=1159.1> 
<DWph=2> <it= 78> <et=0.58> <Mt= 0.00> <Spt= 0.01> <nCl= 17> <al=0.59> <DB= 1082.6777> <Mlp= 1149.2817> <PB=1159.1> 
<DWph=2> <it= 79> <et=0.59> <Mt= 0.00> <Spt= 0.00> <nCl= 11> <al=0.63> <DB= 1090.7532> <Mlp= 1145.6224> <PB=1159.1> 
<DWph=2> <it= 80> <et=0.59> <Mt= 0.00> <Spt= 0.01> <nCl= 13> <al=0.53> <DB= 1072.4341> <Mlp= 1143.0032> <PB=1159.1> 
<DWph=2> <it= 81> <et=0.60> <Mt= 0.01> <Spt= 0.00> <nCl= 11> <al=0.58> <DB= 1125.2964> <Mlp= 1138.7889> <PB=1159.1> 
<DWph=2> <it= 82> <et=0.61> <Mt= 0.00> <Spt= 0.01> <nCl= 12> <al=0.48> <DB= 1129.5037> <Mlp= 1138.4656> <PB=1159.1> 
<DWph=2> <it= 83> <et=0.61> <Mt= 0.00> <Spt= 0.00> <nCl=  9> <al=0.53> <DB= 1112.1457> <Mlp= 1138.2591> <PB=1159.1> 
<DWph=2> <it= 84> <et=0.62> <Mt= 0.00> <Spt= 0.01> <nCl=  8> <al=0.43> <DB= 1112.1536> <Mlp= 1137.5110> <PB=1159.1> 
<DWph=2> <it= 85> <et=0.63> <Mt= 0.00> <Spt= 0.00> <nCl=  5> <al=0.49> <DB= 1105.6112> <Mlp= 1137.2349> <PB=1159.1> 
<DWph=2> <it= 86> <et=0.63> <Mt= 0.00> <Spt= 0.00> <nCl=  7> <al=0.54> <DB= 1125.1115> <Mlp= 1137.0479> <PB=1159.1> 
<DWph=2> <it= 87> <et=0.64> <Mt= 0.00> <Spt= 0.01> <nCl=  1> <al=0.44> <DB= 1127.3216> <Mlp= 1137.0479> <PB=1159.1> 
<DWph=2> <it= 88> <et=0.65> <Mt= 0.01> <Spt= 0.01> <nCl= 15> <al=0.00> <DB= 1083.0235> <Mlp= 1137.0454> <PB=1159.1> 
<DWph=2> <it= 89> <et=0.66> <Mt= 0.00> <Spt= 0.00> <nCl=  4> <al=0.24> <DB= 1118.8417> <Mlp= 1136.5646> <PB=1159.1> 
<DWph=2> <it= 90> <et=0.67> <Mt= 0.00> <Spt= 0.01> <nCl= 20> <al=0.00> <DB= 1077.0637> <Mlp= 1136.5201> <PB=1159.1> 
<DWph=2> <it= 91> <et=0.67> <Mt= 0.00> <Spt= 0.01> <nCl=  6> <al=0.22> <DB= 1103.3357> <Mlp= 1135.6064> <PB=1159.1> 
<DWph=2> <it= 92> <et=0.68> <Mt= 0.00> <Spt= 0.00> <nCl=  2> <al=0.29> <DB= 1132.4249> <Mlp= 1135.6064> <PB=1159.1> 
<DWph=2> <it= 93> <et=0.69> <Mt= 0.00> <Spt= 0.01> <nCl=  5> <al=0.00> <DB= 1115.9017> <Mlp= 1135.5797> <PB=1159.1> 
<DWph=2> <it= 94> <et=0.70> <Mt= 0.00> <Spt= 0.01> <nCl=  0> <al=0.00> <DB= 1135.5797> <Mlp= 1135.5797> <PB=1159.1> 
<DWph=1> <it= 95> <et=0.71> <Mt= 0.00> <Spt= 0.01> <nCl= 19> <al=0.17> <DB= 1077.3833> <Mlp= 1135.5797> <PB=1159.1> 
<DWph=1> <it= 96> <et=0.72> <Mt= 0.01> <Spt= 0.01> <nCl= 16> <al=0.07> <DB= 1107.2820> <Mlp= 1132.1502> <PB=1159.1> 
<DWph=1> <it= 97> <et=0.73> <Mt= 0.00> <Spt= 0.01> <nCl= 10> <al=0.16> <DB= 1115.0914> <Mlp= 1131.6187> <PB=1159.1> 
<DWph=1> <it= 98> <et=0.74> <Mt= 0.00> <Spt= 0.01> <nCl=  7> <al=0.24> <DB= 1124.5682> <Mlp= 1131.4137> <PB=1159.1> 
<DWph=1> <it= 99> <et=0.75> <Mt= 0.00> <Spt= 0.00> <nCl=  4> <al=0.32> <DB= 1129.2341> <Mlp= 1131.4137> <PB=1159.1> 
<DWph=1> <it=100> <et=0.77> <Mt= 0.00> <Spt= 0.02> <nCl=  7> <al=0.00> <DB= 1131.4137> <Mlp= 1131.4137> <PB=1159.1> 
    RCSP exact solver info for graph G_1 : TT = 0.019066, pt = 1.3e-05, dt = 0.016753, ct = 0.001939, ndl = 4', bdl = 152', odl = 3', odf = 26', bsi = 1', cnt = 7', bdch = 1245', odch = 51', lcp = 38', #sols = 150
<DWph=0> <it=101> <et=0.79> <Mt= 0.00> <Spt= 0.02> <nCl= 89> <al=0.12> <DB= 1095.4137> <Mlp= 1131.4137> <PB=1159.1> 
    RCSP exact solver info for graph G_1 : TT = 0.016652, pt = 3.3e-05, dt = 0.014222, ct = 0.002046, ndl = 4', bdl = 159', odl = 3', odf = 26', bsi = 2', cnt = 9', bdch = 1340', odch = 55', lcp = 42', #sols = 150
<DWph=0> <it=102> <et=0.81> <Mt= 0.00> <Spt= 0.02> <nCl= 53> <al=0.21> <DB= 1122.5866> <Mlp= 1130.0025> <PB=1159.1> 
    RCSP exact solver info for graph G_1 : TT = 0.01686, pt = 2.8e-05, dt = 0.01439, ct = 0.002079, ndl = 4', bdl = 162', odl = 3', odf = 27', bsi = 2', cnt = 9', bdch = 1382', odch = 59', lcp = 43', #sols = 150
<DWph=0> <it=103> <et=0.83> <Mt= 0.01> <Spt= 0.02> <nCl=  4> <al=0.29> <DB= 1126.6000> <Mlp= 1129.9721> <PB=1159.1> 
    RCSP exact solver info for graph G_1 : TT = 0.016753, pt = 2.7e-05, dt = 0.014309, ct = 0.00208, ndl = 4', bdl = 162', odl = 3', odf = 27', bsi = 2', cnt = 9', bdch = 1383', odch = 59', lcp = 43', #sols = 150
    RCSP exact solver info for graph G_1 : TT = 0.016572, pt = 2.5e-05, dt = 0.014151, ct = 0.002053, ndl = 4', bdl = 161', odl = 3', odf = 27', bsi = 2', cnt = 9', bdch = 1370', odch = 58', lcp = 42', #sols = 150
<DWph=0> <it=104> <et=0.87> <Mt= 0.00> <Spt= 0.04> <nCl= 10> <al=0.00> <DB= 1129.9721> <Mlp= 1129.9721> <PB=1159.1> 
Dynamic params and stats :  aver.obdmd = 23.5857 aver.buck.num. = 26
@@ 1 0 1129.97 0.0168044 0.018692 85.8697 0.87
Labels distribution in buckets (bucket size) : largest - 48, top 0.1% - 48, top 0.5% - 37, top 2% - 30, top 10% - 16, top 50% - 2
Reduced cost fixing for graph G_1... 31018 buck. arcs remain (31.4% from prev., 26.9% from max.) + 9390 jump buck. arcs (8.15% from max.)
 TT = 0.061444, pt = 0.007315, dt = 0.026915, ct = 0.027033, ndl = 18', bdl = 246', odl = 4', odf = 70', lpcb = 631', cnt = 333', bdch = 2908', odch = 356', lcp = 210'
Labels distribution in buckets (bucket size) : largest - 48, top 0.1% - 48, top 0.5% - 41, top 2% - 34, top 10% - 18, top 50% - 2
Run forward enumeration with border = 50... succeeded! lpt = 0.614586, ndl = 143', dl = 114', lpcb = 3362', dch = 1513'
Run enumeration concatenation with time limit 0.48687 sec.... time limit reached, not succeeded.
Sorting and storing enumerated solutions ...  TT = 1.36535, pt = 0.001992, dt = 0.614586, ct = 0.500521, ndl = 143', bdl = 114', lpcb = 3362', cnt = 3448', bdch = 1513', odch = 0', lcp = 0'
ColGenEvalAlg final dual bound: 1129.97 (rounded: 1130)
In total 2 RCC cut(s) are found by the connected components heuristic 
Shrinking heuristic shrunk 23 edges
In total 26 RCC cut(s) are found by the Fractional capacity min-cut heuristic 
In total 76 RCC cut(s) are found by the greedy construction heuristic 
----- Add fac. cuts : CAP(100), max.viol = 0.5, aver.viol = 0.196686, sep/add took 0.0115348/0.0836616 sec. -----
2558 columns (2558 active), 100 dyn. constrs. (100 active), 238 art. vars. (238 active)
<DWph=2> <it=  1> <et=2.42> <Mt= 0.01> <Spt= 0.00> <nCl= 13> <al=0.50> <DB= 1113.1158> <Mlp= 1145.4661> <PB=1159.1> 
<DWph=2> <it=  2> <et=2.44> <Mt= 0.02> <Spt= 0.01> <nCl=  8> <al=0.55> <DB= 1125.2805> <Mlp= 1140.6482> <PB=1159.1> 
<DWph=2> <it=  3> <et=2.45> <Mt= 0.00> <Spt= 0.00> <nCl=  4> <al=0.60> <DB= 1130.0497> <Mlp= 1140.4887> <PB=1159.1> 
<DWph=2> <it=  4> <et=2.46> <Mt= 0.01> <Spt= 0.01> <nCl=  6> <al=0.64> <DB= 1127.5166> <Mlp= 1140.3388> <PB=1159.1> 
<DWph=2> <it=  5> <et=2.47> <Mt= 0.00> <Spt= 0.01> <nCl= 11> <al=0.34> <DB= 1128.6979> <Mlp= 1140.3388> <PB=1159.1> 
<DWph=2> <it=  6> <et=2.48> <Mt= 0.01> <Spt= 0.00> <nCl=  4> <al=0.57> <DB= 1127.2047> <Mlp= 1140.2123> <PB=1159.1> 
<DWph=2> <it=  7> <et=2.49> <Mt= 0.00> <Spt= 0.01> <nCl=  1> <al=0.61> <DB= 1136.0087> <Mlp= 1140.1315> <PB=1159.1> 
<DWph=2> <it=  8> <et=2.50> <Mt= 0.01> <Spt= 0.00> <nCl=  4> <al=0.65> <DB= 1137.4381> <Mlp= 1140.1315> <PB=1159.1> 
<DWph=2> <it=  9> <et=2.51> <Mt= 0.00> <Spt= 0.00> <nCl=  4> <al=0.69> <DB= 1134.5032> <Mlp= 1140.1315> <PB=1159.1> 
<DWph=2> <it= 10> <et=2.52> <Mt= 0.01> <Spt= 0.02> <nCl=  8> <al=0.00> <DB= 1104.0796> <Mlp= 1140.1315> <PB=1159.1> 
<DWph=2> <it= 11> <et=2.54> <Mt= 0.00> <Spt= 0.01> <nCl=  1> <al=0.00> <DB= 1073.2090> <Mlp= 1140.1299> <PB=1159.1> 
<DWph=2> <it= 12> <et=2.55> <Mt= 0.00> <Spt= 0.00> <nCl=  1> <al=0.04> <DB=  986.9554> <Mlp= 1140.1299> <PB=1159.1> 
<DWph=2> <it= 13> <et=2.57> <Mt= 0.01> <Spt= 0.01> <nCl=  6> <al=0.00> <DB= 1097.8081> <Mlp= 1139.9399> <PB=1159.1> 
<DWph=2> <it= 14> <et=2.58> <Mt= 0.01> <Spt= 0.01> <nCl=  4> <al=0.00> <DB= 1139.9275> <Mlp= 1139.9275> <PB=1159.1> 
<DWph=1> <it= 15> <et=2.59> <Mt= 0.00> <Spt= 0.01> <nCl=  6> <al=0.22> <DB= 1070.9275> <Mlp= 1139.9275> <PB=1159.1> 
<DWph=1> <it= 16> <et=2.60> <Mt= 0.00> <Spt= 0.00> <nCl=  6> <al=0.30> <DB= 1119.4178> <Mlp= 1139.9274> <PB=1159.1> 
<DWph=1> <it= 17> <et=2.61> <Mt= 0.01> <Spt= 0.01> <nCl=  1> <al=0.00> <DB= 1139.9274> <Mlp= 1139.9274> <PB=1159.1> 
    RCSP exact solver info for graph G_1 : TT = 0.006849, pt = 1.8e-05, dt = 0.005462, ct = 0.001021, ndl = 3', bdl = 27', odl = 3', odf = 25', bsi = 1', cnt = 7', bdch = 261', odch = 50', lcp = 30', #sols = 150
<DWph=0> <it= 18> <et=2.63> <Mt= 0.00> <Spt= 0.02> <nCl= 53> <al=0.10> <DB= 1052.6519> <Mlp= 1139.9274> <PB=1159.1> 
    RCSP exact solver info for graph G_1 : TT = 0.007016, pt = 3.2e-05, dt = 0.005548, ct = 0.001009, ndl = 3', bdl = 27', odl = 3', odf = 24', bsi = 1', cnt = 7', bdch = 261', odch = 49', lcp = 29', #sols = 150
<DWph=0> <it= 19> <et=2.65> <Mt= 0.00> <Spt= 0.01> <nCl= 24> <al=0.00> <DB= 1136.3273> <Mlp= 1139.9268> <PB=1159.1> 
    RCSP exact solver info for graph G_1 : TT = 0.006987, pt = 3e-05, dt = 0.005572, ct = 0.001008, ndl = 3', bdl = 28', odl = 3', odf = 24', bsi = 1', cnt = 7', bdch = 263', odch = 49', lcp = 29', #sols = 150
    RCSP exact solver info for graph G_1 : TT = 0.006738, pt = 2.5e-05, dt = 0.005362, ct = 0.001004, ndl = 3', bdl = 28', odl = 3', odf = 24', bsi = 1', cnt = 7', bdch = 262', odch = 49', lcp = 29', #sols = 150
<DWph=0> <it= 20> <et=2.67> <Mt= 0.01> <Spt= 0.02> <nCl=  5> <al=0.00> <DB= 1139.9268> <Mlp= 1139.9268> <PB=1159.1> 
Dynamic params and stats :  aver.obdmd = 23.5857 aver.buck.num. = 26
@@ 1 1 1139.93 0.0064965 0.00658 26.9272 2.67
Labels distribution in buckets (bucket size) : largest - 50, top 0.1% - 50, top 0.5% - 33, top 2% - 25, top 10% - 13, top 50% - 2
Reduced cost fixing for graph G_1... 22646 buck. arcs remain (73% from prev., 19.7% from max.) + 7820 jump buck. arcs (6.79% from max.)
 TT = 0.030701, pt = 0.002523, dt = 0.011661, ct = 0.016362, ndl = 13', bdl = 104', odl = 4', odf = 66', lpcb = 131', cnt = 167', bdch = 889', odch = 219', lcp = 112'
Labels distribution in buckets (bucket size) : largest - 50, top 0.1% - 50, top 0.5% - 36, top 2% - 28, top 10% - 14, top 50% - 2
Run forward enumeration with border = 50... succeeded! lpt = 0.1769, ndl = 56', dl = 30', lpcb = 981', dch = 344'
Run enumeration concatenation with time limit 0.3 sec.... time limit reached, not succeeded.
Sorting and storing enumerated solutions ...  TT = 0.55393, pt = 0, dt = 0.1769, ct = 0.300476, ndl = 56', bdl = 30', lpcb = 981', cnt = 969', bdch = 344', odch = 0', lcp = 0'
ColGenEvalAlg final dual bound: 1139.93 (rounded: 1140)
Gap improvement since the last cut separation : 0.34176 (1129.97)
Current active cuts : CAP(17,-5.79316)
In total 1 RCC cut(s) are found by the connected components heuristic 
Shrinking heuristic shrunk 17 edges
In total 12 RCC cut(s) are found by the Fractional capacity min-cut heuristic 
In total 43 RCC cut(s) are found by the greedy construction heuristic 
In total 5 RCC cut(s) are found by the global pool greedy search heuristic 
----- Add fac. cuts : CAP(61), max.viol = 0.356344, aver.viol = 0.19926, sep/add took 0.0182005/0.0584888 sec. -----
2728 columns (2728 active), 161 dyn. constrs. (85 active), 299 art. vars. (223 active)
<DWph=2> <it=  1> <et=3.37> <Mt= 0.02> <Spt= 0.00> <nCl= 12> <al=0.50> <DB=  981.0008> <Mlp= 1143.0413> <PB=1159.1> 
<DWph=2> <it=  2> <et=3.38> <Mt= 0.00> <Spt= 0.01> <nCl=  8> <al=0.55> <DB= 1126.1755> <Mlp= 1142.4333> <PB=1159.1> 
<DWph=2> <it=  3> <et=3.39> <Mt= 0.01> <Spt= 0.00> <nCl=  3> <al=0.60> <DB= 1140.1390> <Mlp= 1142.4333> <PB=1159.1> 
<DWph=2> <it=  4> <et=3.40> <Mt= 0.00> <Spt= 0.01> <nCl=  7> <al=0.27> <DB= 1124.4834> <Mlp= 1142.3581> <PB=1159.1> 
<DWph=2> <it=  5> <et=3.41> <Mt= 0.01> <Spt= 0.00> <nCl=  1> <al=0.54> <DB= 1140.5497> <Mlp= 1142.3442> <PB=1159.1> 
<DWph=2> <it=  6> <et=3.43> <Mt= 0.00> <Spt= 0.02> <nCl=  4> <al=0.00> <DB= 1142.3442> <Mlp= 1142.3442> <PB=1159.1> 
<DWph=1> <it=  7> <et=3.44> <Mt= 0.00> <Spt= 0.00> <nCl=  4> <al=0.48> <DB= 1133.5623> <Mlp= 1142.3442> <PB=1159.1> 
<DWph=1> <it=  8> <et=3.45> <Mt= 0.01> <Spt= 0.02> <nCl=  0> <al=0.00> <DB= 1142.3442> <Mlp= 1142.3442> <PB=1159.1> 
    RCSP exact solver info for graph G_1 : TT = 0.005426, pt = 1.6e-05, dt = 0.004228, ct = 0.000822, ndl = 3', bdl = 16', odl = 2', odf = 23', bsi = 1', cnt = 6', bdch = 166', odch = 46', lcp = 28', #sols = 150
<DWph=0> <it=  9> <et=3.47> <Mt= 0.00> <Spt= 0.00> <nCl= 28> <al=0.43> <DB= 1129.3598> <Mlp= 1142.3442> <PB=1159.1> 
    RCSP exact solver info for graph G_1 : TT = 0.00565, pt = 2.7e-05, dt = 0.004444, ct = 0.000817, ndl = 3', bdl = 16', odl = 2', odf = 23', bsi = 1', cnt = 6', bdch = 166', odch = 47', lcp = 28', #sols = 150
    RCSP exact solver info for graph G_1 : TT = 0.005415, pt = 2.5e-05, dt = 0.004244, ct = 0.000812, ndl = 3', bdl = 16', odl = 2', odf = 23', bsi = 1', cnt = 6', bdch = 166', odch = 47', lcp = 28', #sols = 150
<DWph=0> <it= 10> <et=3.49> <Mt= 0.00> <Spt= 0.02> <nCl=  1> <al=0.00> <DB= 1142.3442> <Mlp= 1142.3442> <PB=1159.1> 
Dynamic params and stats :  aver.obdmd = 23.5857 aver.buck.num. = 26
@@ 1 2 1142.34 0.00512233 0.005261 19.6594 3.49
Labels distribution in buckets (bucket size) : largest - 45, top 0.1% - 45, top 0.5% - 31, top 2% - 23, top 10% - 13, top 50% - 2
Reduced cost fixing for graph G_1... 19974 buck. arcs remain (88.2% from prev., 17.3% from max.) + 7625 jump buck. arcs (6.62% from max.)
 TT = 0.025275, pt = 0.001852, dt = 0.009256, ct = 0.014008, ndl = 12', bdl = 79', odl = 4', odf = 66', lpcb = 83', cnt = 137', bdch = 635', odch = 190', lcp = 95'
Labels distribution in buckets (bucket size) : largest - 45, top 0.1% - 45, top 0.5% - 35, top 2% - 26, top 10% - 14, top 50% - 2
Run forward enumeration with border = 50... succeeded! lpt = 0.123381, ndl = 40', dl = 19', lpcb = 636', dch = 227'
Run enumeration concatenation with time limit 0.3 sec.... succeeded!
Sorting and storing enumerated solutions ... done!
 TT = 0.49928, pt = 0, dt = 0.123381, ct = 0.168037, ndl = 40', bdl = 19', lpcb = 636', cnt = 606', bdch = 227', odch = 0', lcp = 0'
Enumeration succeeded!, number of elem. solutions is 124839
Estimating inspection time...     TT = 0.016575, performed by inspection with 124839 solutions, nbR1C = 0, nbDiscC = 0
Inspection time is low enough. Pricing will be done by inspection.
Added 832 columns in the formulation 
Removed 1964 columns (not in the enumerated set) from the formulation
Regenerated 832 columns with the 'enumerated' flag
<DWph=2> <it= 11> <et=4.11> <Mt= 0.01> <Spt= 0.01> <nCl=  0> <al=0.00> <DB= 1144.1087> <Mlp= 1144.1087> <PB=1159.1> 
<DWph=1> <it= 12> <et=4.11> <Mt= 0.00> <Spt= 0.00> <nCl=  0> <al=0.00> <DB= 1144.1087> <Mlp= 1144.1087> <PB=1159.1> 
    TT = 0.005881, performed by inspection with 124839 solutions, nbR1C = 0, nbDiscC = 0
<DWph=0> <it= 13> <et=4.13> <Mt= 0.00> <Spt= 0.02> <nCl=150> <al=0.30> <DB= -378.1341> <Mlp= 1144.1087> <PB=1159.1> 
    TT = 0.005777, performed by inspection with 124839 solutions, nbR1C = 0, nbDiscC = 0
<DWph=0> <it= 14> <et=4.14> <Mt= 0.00> <Spt= 0.01> <nCl= 35> <al=0.37> <DB=  768.5494> <Mlp= 1144.1087> <PB=1159.1> 
    TT = 0.005667, performed by inspection with 124839 solutions, nbR1C = 0, nbDiscC = 0
<DWph=0> <it= 15> <et=4.16> <Mt= 0.01> <Spt= 0.01> <nCl= 67> <al=0.27> <DB= 1113.3840> <Mlp= 1143.9294> <PB=1159.1> 
    TT = 0.00586, performed by inspection with 124839 solutions, nbR1C = 0, nbDiscC = 0
<DWph=0> <it= 16> <et=4.18> <Mt= 0.00> <Spt= 0.02> <nCl= 19> <al=0.34> <DB= 1133.9897> <Mlp= 1143.6939> <PB=1159.1> 
    TT = 0.005657, performed by inspection with 124839 solutions, nbR1C = 0, nbDiscC = 0
    TT = 0.005601, performed by inspection with 124839 solutions, nbR1C = 0, nbDiscC = 0
<DWph=0> <it= 17> <et=4.20> <Mt= 0.00> <Spt= 0.01> <nCl= 15> <al=0.00> <DB= 1143.6939> <Mlp= 1143.6939> <PB=1159.1> 
Dynamic params and stats :  aver.obdmd = 23.5857 aver.buck.num. = 26
@@ 1 2 1143.69 0.0057405 0.005881 0 4.2
Reduced cost fixing for graph G_1...  took 0.01 sec., done by inspection with 124839 solutions, remains 68435 (54.8%)
Removed 49 columns (not in the enumerated set) from the formulation
    Full reduced cost fixing is not called (gap ratio is 0.918968)
ColGenEvalAlg final dual bound: 1143.69 (rounded: 1144)
Gap improvement since the last cut separation : 0.196475 (1139.93)
Current active cuts : CAP(13,8.63535)
Shrinking heuristic shrunk 20 edges
In total 7 RCC cut(s) are found by the Fractional capacity min-cut heuristic 
In total 17 RCC cut(s) are found by the greedy construction heuristic 
In total 7 RCC cut(s) are found by the global pool greedy search heuristic 
----- Add fac. cuts : CAP(31), max.viol = 0.245288, aver.viol = 0.077346, sep/add took 0.0129735/0.0195101 sec. -----
3797 columns (1069 active), 116 dyn. constrs. (52 active), 330 art. vars. (190 active)
<DWph=2> <it=  1> <et=4.32> <Mt= 0.01> <Spt= 0.01> <nCl=  0> <al=0.00> <DB= 1144.1730> <Mlp= 1144.1730> <PB=1159.1> 
<DWph=1> <it=  2> <et=4.33> <Mt= 0.00> <Spt= 0.00> <nCl=  0> <al=0.00> <DB= 1144.1730> <Mlp= 1144.1730> <PB=1159.1> 
    TT = 0.003673, performed by inspection with 68435 solutions, nbR1C = 0, nbDiscC = 0
<DWph=0> <it=  3> <et=4.33> <Mt= 0.00> <Spt= 0.01> <nCl= 24> <al=0.30> <DB= 1139.8450> <Mlp= 1144.1730> <PB=1159.1> 
    TT = 0.003578, performed by inspection with 68435 solutions, nbR1C = 0, nbDiscC = 0
    TT = 0.003493, performed by inspection with 68435 solutions, nbR1C = 0, nbDiscC = 0
<DWph=0> <it=  4> <et=4.35> <Mt= 0.00> <Spt= 0.01> <nCl=  1> <al=0.00> <DB= 1144.1510> <Mlp= 1144.1510> <PB=1159.1> 
Dynamic params and stats :  aver.obdmd = 23.5857 aver.buck.num. = 26
@@ 1 3 1144.15 0.00358133 0.003673 0 4.35
Reduced cost fixing for graph G_1...  took 0 sec., done by inspection with 68435 solutions, remains 56646 (82.8%)
Removed 4 columns (not in the enumerated set) from the formulation
ColGenEvalAlg final dual bound: 1144.15 (rounded: 1145)
Gap improvement since the last cut separation : 0.0296727 (1143.69)
Current active cuts : CAP(19,18.267)
Shrinking heuristic shrunk 13 edges
In total 6 RCC cut(s) are found by the Fractional capacity min-cut heuristic 
In total 16 RCC cut(s) are found by the greedy construction heuristic 
In total 12 RCC cut(s) are found by the global pool greedy search heuristic 
----- Add fac. cuts : CAP(34), max.viol = 0.243487, aver.viol = 0.0669303, sep/add took 0.0156457/0.0154419 sec. -----
1094 columns (1090 active), 86 dyn. constrs. (60 active), 364 art. vars. (198 active)
<DWph=2> <it=  1> <et=4.49> <Mt= 0.01> <Spt= 0.00> <nCl=  0> <al=0.00> <DB= 1144.9838> <Mlp= 1144.9838> <PB=1159.1> 
<DWph=1> <it=  2> <et=4.49> <Mt= 0.00> <Spt= 0.00> <nCl=  0> <al=0.00> <DB= 1144.9838> <Mlp= 1144.9838> <PB=1159.1> 
    TT = 0.003155, performed by inspection with 56646 solutions, nbR1C = 0, nbDiscC = 0
<DWph=0> <it=  3> <et=4.50> <Mt= 0.00> <Spt= 0.01> <nCl= 14> <al=0.30> <DB= 1138.2414> <Mlp= 1144.9838> <PB=1159.1> 
    TT = 0.003071, performed by inspection with 56646 solutions, nbR1C = 0, nbDiscC = 0
    TT = 0.002973, performed by inspection with 56646 solutions, nbR1C = 0, nbDiscC = 0
<DWph=0> <it=  4> <et=4.51> <Mt= 0.00> <Spt= 0.01> <nCl=  0> <al=0.00> <DB= 1144.9754> <Mlp= 1144.9754> <PB=1159.1> 
Dynamic params and stats :  aver.obdmd = 23.5857 aver.buck.num. = 26
@@ 1 4 1144.98 0.00306633 0.003155 0 4.51
Reduced cost fixing for graph G_1...  took 0 sec., done by inspection with 56646 solutions, remains 47932 (84.6%)
Removed 13 columns (not in the enumerated set) from the formulation
    Full reduced cost fixing is not called (gap ratio is 0.944483)
ColGenEvalAlg final dual bound: 1144.98 (rounded: 1145)
Gap improvement since the last cut separation : 0.0551452 (1144.15)
Current active cuts : CAP(23,89.8508)
Shrinking heuristic shrunk 14 edges
In total 1 RCC cut(s) are found by the greedy construction heuristic 
In total 2 RCC cut(s) are found by the global pool greedy search heuristic 
----- Add fac. cuts : CAP(3), max.viol = 0.0311322, aver.viol = 0.0252687, sep/add took 0.0146784/0.0017711 sec. -----
1104 columns (1091 active), 63 dyn. constrs. (36 active), 367 art. vars. (174 active)
<DWph=2> <it=  1> <et=4.58> <Mt= 0.00> <Spt= 0.00> <nCl=  0> <al=0.00> <DB= 1145.0199> <Mlp= 1145.0199> <PB=1159.1> 
<DWph=1> <it=  2> <et=4.58> <Mt= 0.00> <Spt= 0.00> <nCl=  0> <al=0.00> <DB= 1145.0199> <Mlp= 1145.0199> <PB=1159.1> 
    TT = 0.002824, performed by inspection with 47932 solutions, nbR1C = 0, nbDiscC = 0
<DWph=0> <it=  3> <et=4.58> <Mt= 0.00> <Spt= 0.01> <nCl=  8> <al=0.30> <DB= 1140.7241> <Mlp= 1145.0199> <PB=1159.1> 
    TT = 0.002759, performed by inspection with 47932 solutions, nbR1C = 0, nbDiscC = 0
    TT = 0.002656, performed by inspection with 47932 solutions, nbR1C = 0, nbDiscC = 0
<DWph=0> <it=  4> <et=4.59> <Mt= 0.00> <Spt= 0.01> <nCl=  3> <al=0.00> <DB= 1145.0199> <Mlp= 1145.0199> <PB=1159.1> 
Dynamic params and stats :  aver.obdmd = 23.5857 aver.buck.num. = 26
@@ 1 5 1145.02 0.00274633 0.002824 0 4.59
Reduced cost fixing for graph G_1...  took 0 sec., done by inspection with 47932 solutions, remains 44650 (93.2%)
Removed 3 columns (not in the enumerated set) from the formulation
    Full reduced cost fixing is not called (gap ratio is 0.941483)
ColGenEvalAlg final dual bound: 1145.02 (rounded: 1146)
Gap improvement since the last cut separation : 0.00315381 (1144.98)
Cut generation tailing off counter increased to 1
Current active cuts : CAP(22,96.0799)
Shrinking heuristic shrunk 15 edges
150 Rank-1 3-rows pack. cuts added ,  max viol. = 0.473907, aver. viol. = 0.209559
----- Add fac. cuts : R1C(150), max.viol = 0.473907, aver.viol = 0.209559, sep/add took 0.0146527/0.0296885 sec. -----
1102 columns (1099 active), 186 dyn. constrs. (182 active), 517 art. vars. (320 active)
<DWph=2> <it=  1> <et=4.70> <Mt= 0.02> <Spt= 0.00> <nCl=  0> <al=0.00> <DB= 1159.5815> <Mlp= 1159.5815> <PB=1159.1> 
<DWph=1> <it=  2> <et=4.70> <Mt= 0.00> <Spt= 0.00> <nCl=  0> <al=0.00> <DB= 1159.5815> <Mlp= 1159.5815> <PB=1159.1> 
    TT = 0.006331, performed by inspection with 44650 solutions, nbR1C = 41, nbDiscC = 0
<DWph=0> <it=  3> <et=4.72> <Mt= 0.00> <Spt= 0.02> <nCl=150> <al=0.30> <DB=  -87.2640> <Mlp= 1159.5815> <PB=1159.1> 
    TT = 0.007784, performed by inspection with 44650 solutions, nbR1C = 70, nbDiscC = 0
<DWph=0> <it=  4> <et=4.77> <Mt= 0.03> <Spt= 0.02> <nCl=144> <al=0.20> <DB=  613.0056> <Mlp= 1155.7337> <PB=1159.1> 
    TT = 0.008657, performed by inspection with 44650 solutions, nbR1C = 85, nbDiscC = 0
<DWph=0> <it=  5> <et=4.80> <Mt= 0.02> <Spt= 0.01> <nCl= 57> <al=0.28> <DB= 1036.4918> <Mlp= 1154.2308> <PB=1159.1> 
    TT = 0.009191, performed by inspection with 44650 solutions, nbR1C = 92, nbDiscC = 0
<DWph=0> <it=  6> <et=4.83> <Mt= 0.02> <Spt= 0.02> <nCl= 16> <al=0.35> <DB= 1143.9580> <Mlp= 1153.8360> <PB=1159.1> 
    TT = 0.009527, performed by inspection with 44650 solutions, nbR1C = 100, nbDiscC = 0
<DWph=0> <it=  7> <et=4.85> <Mt= 0.00> <Spt= 0.01> <nCl=  3> <al=0.25> <DB= 1151.3461> <Mlp= 1153.8351> <PB=1159.1> 
    TT = 0.009704, performed by inspection with 44650 solutions, nbR1C = 103, nbDiscC = 0
<DWph=0> <it=  8> <et=4.87> <Mt= 0.01> <Spt= 0.01> <nCl=  3> <al=0.15> <DB= 1151.1740> <Mlp= 1153.8291> <PB=1159.1> 
    TT = 0.009584, performed by inspection with 44650 solutions, nbR1C = 102, nbDiscC = 0
    TT = 0.007835, performed by inspection with 44650 solutions, nbR1C = 71, nbDiscC = 0
<DWph=0> <it=  9> <et=4.89> <Mt= 0.00> <Spt= 0.03> <nCl=  3> <al=0.00> <DB= 1152.6647> <Mlp= 1153.8291> <PB=1159.1> 
    TT = 0.009635, performed by inspection with 44650 solutions, nbR1C = 103, nbDiscC = 0
    TT = 0.007925, performed by inspection with 44650 solutions, nbR1C = 72, nbDiscC = 0
<DWph=0> <it= 10> <et=4.92> <Mt= 0.00> <Spt= 0.02> <nCl=  0> <al=0.00> <DB= 1153.8291> <Mlp= 1153.8291> <PB=1159.1> 
Dynamic params and stats :  aver.obdmd = 23.5857 aver.buck.num. = 26 nbR1C = 72 with avMem = 0
@@ 1 6 1153.83 0.0086173 0.009704 0 4.92
Reduced cost fixing for graph G_1...  took 0.01 sec., done by inspection with 44650 solutions, remains 3372 (7.55%)
Removed 464 columns (not in the enumerated set) from the formulation
ColGenEvalAlg final dual bound: 1153.83 (rounded: 1154)
Gap improvement since the last cut separation : 0.62565 (1145.02)
Current active cuts : CAP(16,-11.2804) R1C(72,83.0432) 3rowPackR1C(72)
Shrinking heuristic shrunk 14 edges
In total 7 RCC cut(s) are found by the Fractional capacity min-cut heuristic 
In total 27 RCC cut(s) are found by the greedy construction heuristic 
In total 2 RCC cut(s) are found by the global pool greedy search heuristic 
150 Rank-1 3-rows pack. cuts added ,  max viol. = 0.265619, aver. viol. = 0.123873
----- Add fac. cuts : CAP(36) R1C(150), max.viol = 0.265619, aver.viol = 0.117283, sep/add took 0.0202408/0.047789 sec. -----
1398 columns (1011 active), 368 dyn. constrs. (283 active), 703 art. vars. (421 active)
<DWph=2> <it=  1> <et=5.08> <Mt= 0.05> <Spt= 0.00> <nCl=  0> <al=0.00> <DB= 1158.5795> <Mlp= 1158.5795> <PB=1159.1> 
<DWph=1> <it=  2> <et=5.08> <Mt= 0.00> <Spt= 0.00> <nCl=  0> <al=0.00> <DB= 1158.5795> <Mlp= 1158.5795> <PB=1159.1> 
    TT = 0.000805, performed by inspection with 3372 solutions, nbR1C = 110, nbDiscC = 0
<DWph=0> <it=  3> <et=5.10> <Mt= 0.00> <Spt= 0.02> <nCl=150> <al=0.30> <DB=  807.8533> <Mlp= 1158.5795> <PB=1159.1> 
    TT = 0.000874, performed by inspection with 3372 solutions, nbR1C = 130, nbDiscC = 0
<DWph=0> <it=  4> <et=5.16> <Mt= 0.06> <Spt= 0.01> <nCl=  8> <al=0.37> <DB= 1131.7710> <Mlp= 1156.5024> <PB=1159.1> 
    TT = 0.000889, performed by inspection with 3372 solutions, nbR1C = 138, nbDiscC = 0
<DWph=0> <it=  5> <et=5.19> <Mt= 0.01> <Spt= 0.01> <nCl= 12> <al=0.27> <DB= 1149.8130> <Mlp= 1156.4861> <PB=1159.1> 
    TT = 0.000842, performed by inspection with 3372 solutions, nbR1C = 141, nbDiscC = 0
<DWph=0> <it=  6> <et=5.20> <Mt= 0.01> <Spt= 0.00> <nCl=  5> <al=0.17> <DB= 1151.9311> <Mlp= 1156.4857> <PB=1159.1> 
    TT = 0.000836, performed by inspection with 3372 solutions, nbR1C = 141, nbDiscC = 0
<DWph=0> <it=  7> <et=5.21> <Mt= 0.00> <Spt= 0.00> <nCl=  2> <al=0.25> <DB= 1155.3333> <Mlp= 1156.4857> <PB=1159.1> 
    TT = 0.000827, performed by inspection with 3372 solutions, nbR1C = 142, nbDiscC = 0
    TT = 0.00067, performed by inspection with 3372 solutions, nbR1C = 100, nbDiscC = 0
<DWph=0> <it=  8> <et=5.22> <Mt= 0.01> <Spt= 0.01> <nCl=  8> <al=0.00> <DB= 1156.4857> <Mlp= 1156.4857> <PB=1159.1> 
Dynamic params and stats :  aver.obdmd = 23.5857 aver.buck.num. = 26 nbR1C = 100 with avMem = 0
@@ 1 7 1156.49 0.000820429 0.000889 0 5.22
Reduced cost fixing for graph G_1...  took 0 sec., done by inspection with 3372 solutions, remains 815 (24.2%)
Removed 467 columns (not in the enumerated set) from the formulation
ColGenEvalAlg final dual bound: 1156.49 (rounded: 1157)
Gap improvement since the last cut separation : 0.504001 (1153.83)
Current active cuts : CAP(15,24.7964) R1C(100,133.482) 3rowPackR1C(100)
Shrinking heuristic shrunk 9 edges
In total 1 RCC cut(s) are found by the Fractional capacity min-cut heuristic 
In total 1 RCC cut(s) are found by the greedy construction heuristic 
In total 2 RCC cut(s) are found by the global pool greedy search heuristic 
87 Rank-1 3-rows pack. cuts added ,  max viol. = 0.0708082, aver. viol. = 0.0366891
Building structures for heuristic rank-1 packing cut separation...done!
100 Rank-1 4-rows pack. cuts added ,  max viol. = 0.134631, aver. viol. = 0.0619348
----- Add fac. cuts : CAP(4) R1C(187), max.viol = 0.134631, aver.viol = 0.049455, sep/add took 0.0743103/0.0282672 sec. -----
1147 columns (729 active), 474 dyn. constrs. (315 active), 894 art. vars. (453 active)
<DWph=2> <it=  1> <et=5.39> <Mt= 0.03> <Spt= 0.01> <nCl=  0> <al=0.00> <DB= 1157.3260> <Mlp= 1157.3260> <PB=1159.1> 
<DWph=1> <it=  2> <et=5.39> <Mt= 0.00> <Spt= 0.00> <nCl=  0> <al=0.00> <DB= 1157.3260> <Mlp= 1157.3260> <PB=1159.1> 
    TT = 0.000239, performed by inspection with 815 solutions, nbR1C = 91, nbDiscC = 0
<DWph=0> <it=  3> <et=5.40> <Mt= 0.00> <Spt= 0.00> <nCl= 36> <al=0.30> <DB= 1016.9372> <Mlp= 1157.3260> <PB=1159.1> 
    TT = 0.000253, performed by inspection with 815 solutions, nbR1C = 123, nbDiscC = 0
<DWph=0> <it=  4> <et=5.42> <Mt= 0.01> <Spt= 0.01> <nCl=  5> <al=0.20> <DB= 1147.7780> <Mlp= 1157.2562> <PB=1159.1> 
    TT = 0.000253, performed by inspection with 815 solutions, nbR1C = 130, nbDiscC = 0
<DWph=0> <it=  5> <et=5.42> <Mt= 0.01> <Spt= 0.00> <nCl=  4> <al=0.10> <DB= 1156.3080> <Mlp= 1157.2558> <PB=1159.1> 
    TT = 0.000229, performed by inspection with 815 solutions, nbR1C = 109, nbDiscC = 0
<DWph=0> <it=  6> <et=5.43> <Mt= 0.00> <Spt= 0.00> <nCl=  2> <al=0.00> <DB= 1157.2558> <Mlp= 1157.2558> <PB=1159.1> 
Dynamic params and stats :  aver.obdmd = 23.5857 aver.buck.num. = 26 nbR1C = 109 with avMem = 0
@@ 1 8 1157.26 0.0002435 0.000253 0 5.43
Reduced cost fixing for graph G_1...  took 0 sec., done by inspection with 815 solutions, remains 468 (57.4%)
Removed 232 columns (not in the enumerated set) from the formulation
ColGenEvalAlg final dual bound: 1157.26 (rounded: 1158)
Gap improvement since the last cut separation : 0.294567 (1156.49)
Current active cuts : CAP(14,21.4319) R1C(109,158.324) 3rowPackR1C(89) 4rowPackR1C(20)
In total 1 RCC cut(s) are found by the connected components heuristic 
Shrinking heuristic shrunk 7 edges
In total 1 RCC cut(s) are found by the Fractional capacity min-cut heuristic 
In total 1 RCC cut(s) are found by the greedy construction heuristic 
In total 2 RCC cut(s) are found by the global pool greedy search heuristic 
26 Rank-1 3-rows pack. cuts added ,  max viol. = 0.118512, aver. viol. = 0.0385141
Building structures for heuristic rank-1 packing cut separation...done!
43 Rank-1 4-rows pack. cuts added ,  max viol. = 0.19786, aver. viol. = 0.0570202
100 Rank-1 5-rows pack. cuts added ,  max viol. = 0.19786, aver. viol. = 0.114496
----- Add fac. cuts : CAP(5) R1C(169), max.viol = 0.379906, aver.viol = 0.128137, sep/add took 0.632419/0.0225191 sec. -----
776 columns (544 active), 489 dyn. constrs. (303 active), 1068 art. vars. (441 active)
<DWph=2> <it=  1> <et=6.14> <Mt= 0.02> <Spt= 0.01> <nCl=  0> <al=0.00> <DB= 1159.0000> <Mlp= 1159.0000> <PB=1159> 
<DWph=1> <it=  2> <et=6.14> <Mt= 0.00> <Spt= 0.00> <nCl=  0> <al=0.00> <DB= 1159.0000> <Mlp= 1159.0000> <PB=1159> 
    TT = 0.000195, performed by inspection with 468 solutions, nbR1C = 131, nbDiscC = 0
<DWph=0> <it=  3> <et=6.14> <Mt= 0.00> <Spt= 0.00> <nCl= 14> <al=0.30> <DB= 1138.1130> <Mlp= 1159.0000> <PB=1159> 
    TT = 0.000195, performed by inspection with 468 solutions, nbR1C = 143, nbDiscC = 0
    TT = 0.000161, performed by inspection with 468 solutions, nbR1C = 106, nbDiscC = 0
<DWph=0> <it=  4> <et=6.17> <Mt= 0.02> <Spt= 0.01> <nCl=  6> <al=0.00> <DB= 1154.7433> <Mlp= 1159.0000> <PB=1159> 
    TT = 0.000173, performed by inspection with 468 solutions, nbR1C = 119, nbDiscC = 0
<DWph=0> <it=  5> <et=6.17> <Mt= 0.00> <Spt= 0.00> <nCl=  4> <al=0.27> <DB= 1157.8507> <Mlp= 1159.0000> <PB=1159> 
    TT = 0.000198, performed by inspection with 468 solutions, nbR1C = 123, nbDiscC = 0
    TT = 0.000165, performed by inspection with 468 solutions, nbR1C = 115, nbDiscC = 0
<DWph=0> <it=  6> <et=6.18> <Mt= 0.01> <Spt= 0.00> <nCl=  1> <al=0.00> <DB= 1159.0000> <Mlp= 1159.0000> <PB=1159> 
Dynamic params and stats :  aver.obdmd = 23.5857 aver.buck.num. = 26 nbR1C = 115 with avMem = 0
@@ 1 9 1159 0.000181167 0.000198 0 6.18
ColGenEvalAlg final dual bound: 1159 (rounded: 1159)
Gap improvement since the last cut separation : 1 (1157.26)
Current active cuts : CAP(11,10.899) R1C(115,178.09) 3rowPackR1C(73) 4rowPackR1C(22) 5rowPackR1C(20)
New model incumbent solution 1159, TIME = 0h0m6s19t = 619
************************************************************************************************
Search is finished, global bounds : [ 1159 , 1159 ], TIME = 0h0m6s19t = 619
************************************************************************************************
1159.0
[[52, 50, 10, 17, 32, 37, 26], [34, 14, 47, 4, 60, 55, 65, 27], [18, 53, 2, 33, 49, 9, 30, 23], [29, 40, 38, 39, 8, 59, 20, 41, 68], [31, 64, 61, 21, 67, 7, 28], [51, 6, 3, 15, 44, 35, 45, 13, 66], [19, 58, 22, 12, 24], [62, 56, 36, 1, 48, 16], [57, 42, 25, 11, 63, 46, 5, 54, 43]]
Built-in heuristic is enabled
instance_name solver_name ext_heuristic solution_value solution_time best_lb root_lb root_time nb_branch_and_bound_nodes status
/home/logis/Downloads/VRPSolverEasy/VRPSolverEasy/demos/data/CVRP/A-n69-k9 CLP True 1159.0 6.197477993 1159.0 1159.0 6.196815742999999 1 0

