Node memory for rank-1 cuts will be used (7.91855)
~~~~~~~~~~~~~~~~~~~~~~~~~~~~~~~~~~~~~~~~~~~~~~~~~~~~~~~~~~~~~~~~~~~~~~~~~~~~~~~~~~~~~
VRPSolver v0.5.27, 24/02/2023, © Inria Bordeaux, France, vrpsolver.math.u-bordeaux.fr
      Corresponds to the solver by Pessoa, Sadykov, Uchoa and Vanderbeck (2020)
                 Paper: dx.doi.org/10.1007/s10107-020-01523-z
~~~~~~~~~~~~~~~~~~~~~~~~~~~~~~~~~~~~~~~~~~~~~~~~~~~~~~~~~~~~~~~~~~~~~~~~~~~~~~~~~~~~~
   BaPCod v0.77, 15/03/2023, © Inria Bordeaux, France, bapcod.math.u-bordeaux.fr 
           THIS CODE IS PROVIDED AS IS, USE IT AT YOUR OWN RISK
~~~~~~~~~~~~~~~~~~~~~~~~~~~~~~~~~~~~~~~~~~~~~~~~~~~~~~~~~~~~~~~~~~~~~~~~~~~~~~~~~~~~~
Bucket steps were recalculated for graph G_1 : [4]
RCSP solver info : symmetric case is detected for graph G_1! 
Bidirectional border value is initialised to 50
RCSP solver info : number of forw. reachable buckets / buck. strongly connected components is 899( 93.4511% ) / 749( 83.3148% )
Generating neighbourhoods for rank-1 cuts separation
Building structures for 4- and 5-row rank-1 packing cut separation...done!
Model is built TIME = 0h0m0s0t = 0
************************************************************************************************
**** BaB tree root node
**** Local DB = -1e+12, global bounds : [ -1e+12 , 807.1 ], TIME = 0h0m0s0t = 0
**** 1 open nodes, 0 columns (0 active), 0 dyn. constrs. (0 active), 72 art. vars. (72 active)
************************************************************************************************
#<DWph=2> <it=  1> <et=0.01> <Mt= 0.00> <Spt= 0.00> <nCl= 30> <al=0.00> <DB=-3330495.6000> <Mlp=72639.0000> <PB=807.1> 
#<DWph=2> <it=  2> <et=0.01> <Mt= 0.00> <Spt= 0.00> <nCl= 30> <al=0.55> <DB=-2589257.8311> <Mlp=68720.4420> <PB=807.1> 
#<DWph=2> <it=  3> <et=0.01> <Mt= 0.00> <Spt= 0.00> <nCl= 30> <al=0.45> <DB=-3320418.7715> <Mlp=67719.9440> <PB=807.1> 
#<DWph=2> <it=  4> <et=0.01> <Mt= 0.00> <Spt= 0.00> <nCl= 30> <al=0.35> <DB=-3228536.6476> <Mlp=63821.4750> <PB=807.1> 
#<DWph=2> <it=  5> <et=0.01> <Mt= 0.00> <Spt= 0.00> <nCl= 30> <al=0.25> <DB=-2511472.7221> <Mlp=63435.1337> <PB=807.1> 
#<DWph=2> <it=  6> <et=0.02> <Mt= 0.00> <Spt= 0.01> <nCl= 30> <al=0.15> <DB=-1347345.9794> <Mlp=62885.6415> <PB=807.1> 
#<DWph=2> <it=  7> <et=0.02> <Mt= 0.00> <Spt= 0.00> <nCl= 30> <al=0.05> <DB=-1511120.5455> <Mlp=60700.1648> <PB=807.1> 
#<DWph=2> <it=  8> <et=0.02> <Mt= 0.00> <Spt= 0.00> <nCl= 30> <al=0.15> <DB=-1790275.1358> <Mlp=59311.6229> <PB=807.1> 
#<DWph=2> <it=  9> <et=0.02> <Mt= 0.00> <Spt= 0.00> <nCl= 30> <al=0.23> <DB=-770643.0306> <Mlp=58769.3968> <PB=807.1> 
#<DWph=2> <it= 10> <et=0.02> <Mt= 0.00> <Spt= 0.00> <nCl= 30> <al=0.13> <DB=-968761.2602> <Mlp=55609.0199> <PB=807.1> 
#<DWph=2> <it= 11> <et=0.03> <Mt= 0.00> <Spt= 0.00> <nCl= 30> <al=0.22> <DB=-801387.8526> <Mlp=54706.6325> <PB=807.1> 
#<DWph=2> <it= 12> <et=0.03> <Mt= 0.00> <Spt= 0.01> <nCl= 30> <al=0.30> <DB=-623285.5548> <Mlp=54192.9752> <PB=807.1> 
#<DWph=2> <it= 13> <et=0.03> <Mt= 0.00> <Spt= 0.00> <nCl= 30> <al=0.37> <DB=-505728.5952> <Mlp=46388.9956> <PB=807.1> 
#<DWph=2> <it= 14> <et=0.03> <Mt= 0.00> <Spt= 0.00> <nCl= 30> <al=0.43> <DB=-506413.8337> <Mlp=34012.0314> <PB=807.1> 
#<DWph=2> <it= 15> <et=0.03> <Mt= 0.00> <Spt= 0.00> <nCl= 30> <al=0.49> <DB=-441611.5319> <Mlp=28605.5104> <PB=807.1> 
#<DWph=2> <it= 16> <et=0.04> <Mt= 0.00> <Spt= 0.00> <nCl= 30> <al=0.54> <DB=-394195.6027> <Mlp=24294.9439> <PB=807.1> 
#<DWph=2> <it= 17> <et=0.04> <Mt= 0.00> <Spt= 0.00> <nCl= 30> <al=0.58> <DB=-349944.8554> <Mlp=21171.6209> <PB=807.1> 
#<DWph=2> <it= 18> <et=0.04> <Mt= 0.00> <Spt= 0.01> <nCl= 30> <al=0.63> <DB=-324706.3457> <Mlp= 9080.0816> <PB=807.1> 
#<DWph=2> <it= 19> <et=0.04> <Mt= 0.00> <Spt= 0.00> <nCl= 30> <al=0.66> <DB=-281643.4012> <Mlp= 2175.0721> <PB=807.1> 
#<DWph=2> <it= 20> <et=0.04> <Mt= 0.00> <Spt= 0.00> <nCl= 17> <al=0.70> <DB=-185163.1274> <Mlp= 1850.3785> <PB=807.1> 
#<DWph=2> <it= 21> <et=0.05> <Mt= 0.00> <Spt= 0.00> <nCl=  6> <al=0.60> <DB=-95923.0368> <Mlp= 1849.5434> <PB=807.1> 
#<DWph=2> <it= 22> <et=0.05> <Mt= 0.00> <Spt= 0.00> <nCl= 19> <al=0.50> <DB=-29228.4068> <Mlp= 1843.6535> <PB=807.1> 
#<DWph=2> <it= 23> <et=0.05> <Mt= 0.00> <Spt= 0.00> <nCl= 30> <al=0.40> <DB=-1810.2059> <Mlp= 1835.2868> <PB=807.1> 
<DWph=2> <it= 24> <et=0.05> <Mt= 0.00> <Spt= 0.00> <nCl= 30> <al=0.46> <DB=-3829.9923> <Mlp= 1371.9779> <PB=807.1> 
<DWph=2> <it= 25> <et=0.05> <Mt= 0.00> <Spt= 0.00> <nCl= 23> <al=0.51> <DB= -227.6607> <Mlp= 1301.1511> <PB=807.1> 
<DWph=2> <it= 26> <et=0.06> <Mt= 0.00> <Spt= 0.01> <nCl= 30> <al=0.41> <DB=-5547.0688> <Mlp= 1181.3235> <PB=807.1> 
<DWph=2> <it= 27> <et=0.06> <Mt= 0.00> <Spt= 0.00> <nCl= 30> <al=0.47> <DB= -972.5742> <Mlp= 1168.3792> <PB=807.1> 
<DWph=2> <it= 28> <et=0.06> <Mt= 0.01> <Spt= 0.00> <nCl= 30> <al=0.52> <DB=-1282.3354> <Mlp= 1136.1279> <PB=807.1> 
<DWph=2> <it= 29> <et=0.06> <Mt= 0.00> <Spt= 0.00> <nCl= 28> <al=0.57> <DB=  312.8147> <Mlp= 1113.8563> <PB=807.1> 
<DWph=2> <it= 30> <et=0.06> <Mt= 0.00> <Spt= 0.00> <nCl= 30> <al=0.61> <DB= -773.6785> <Mlp= 1039.3358> <PB=807.1> 
<DWph=2> <it= 31> <et=0.07> <Mt= 0.00> <Spt= 0.00> <nCl= 29> <al=0.65> <DB=  323.2592> <Mlp= 1003.5802> <PB=807.1> 
<DWph=2> <it= 32> <et=0.07> <Mt= 0.00> <Spt= 0.00> <nCl= 30> <al=0.69> <DB=-1279.9457> <Mlp=  973.5126> <PB=807.1> 
<DWph=2> <it= 33> <et=0.07> <Mt= 0.00> <Spt= 0.01> <nCl= 30> <al=0.72> <DB=  -12.3322> <Mlp=  923.1715> <PB=807.1> 
<DWph=2> <it= 34> <et=0.07> <Mt= 0.00> <Spt= 0.00> <nCl= 29> <al=0.75> <DB=  406.6343> <Mlp=  886.0788> <PB=807.1> 
<DWph=2> <it= 35> <et=0.08> <Mt= 0.00> <Spt= 0.00> <nCl= 28> <al=0.77> <DB=  496.7709> <Mlp=  871.1455> <PB=807.1> 
<DWph=2> <it= 36> <et=0.08> <Mt= 0.00> <Spt= 0.00> <nCl= 21> <al=0.79> <DB=  468.4692> <Mlp=  851.2094> <PB=807.1> 
<DWph=2> <it= 37> <et=0.08> <Mt= 0.00> <Spt= 0.00> <nCl= 28> <al=0.69> <DB=  537.7249> <Mlp=  830.9375> <PB=807.1> 
<DWph=2> <it= 38> <et=0.08> <Mt= 0.00> <Spt= 0.00> <nCl= 28> <al=0.73> <DB=  623.0141> <Mlp=  820.9899> <PB=807.1> 
<DWph=2> <it= 39> <et=0.09> <Mt= 0.00> <Spt= 0.01> <nCl= 19> <al=0.75> <DB=  523.4274> <Mlp=  805.9383> <PB=807.1> 
<DWph=2> <it= 40> <et=0.09> <Mt= 0.00> <Spt= 0.00> <nCl= 21> <al=0.78> <DB=  705.0821> <Mlp=  794.6111> <PB=807.1> 
<DWph=2> <it= 41> <et=0.09> <Mt= 0.00> <Spt= 0.00> <nCl= 16> <al=0.68> <DB=  717.7411> <Mlp=  787.5460> <PB=807.1> 
<DWph=2> <it= 42> <et=0.09> <Mt= 0.01> <Spt= 0.00> <nCl= 21> <al=0.71> <DB=  732.6129> <Mlp=  787.0402> <PB=807.1> 
<DWph=2> <it= 43> <et=0.09> <Mt= 0.00> <Spt= 0.00> <nCl= 17> <al=0.74> <DB=  734.4824> <Mlp=  785.7546> <PB=807.1> 
<DWph=2> <it= 44> <et=0.10> <Mt= 0.00> <Spt= 0.00> <nCl= 15> <al=0.64> <DB=  744.1305> <Mlp=  783.3333> <PB=807.1> 
<DWph=2> <it= 45> <et=0.10> <Mt= 0.00> <Spt= 0.00> <nCl=  8> <al=0.67> <DB=  747.8989> <Mlp=  781.4068> <PB=807.1> 
<DWph=2> <it= 46> <et=0.10> <Mt= 0.00> <Spt= 0.01> <nCl= 11> <al=0.57> <DB=  748.4650> <Mlp=  781.3871> <PB=807.1> 
<DWph=2> <it= 47> <et=0.10> <Mt= 0.00> <Spt= 0.00> <nCl=  5> <al=0.62> <DB=  758.3338> <Mlp=  781.2439> <PB=807.1> 
<DWph=2> <it= 48> <et=0.10> <Mt= 0.00> <Spt= 0.00> <nCl=  5> <al=0.66> <DB=  761.2806> <Mlp=  780.6970> <PB=807.1> 
<DWph=2> <it= 49> <et=0.10> <Mt= 0.00> <Spt= 0.00> <nCl=  8> <al=0.69> <DB=  765.4801> <Mlp=  780.5135> <PB=807.1> 
<DWph=2> <it= 50> <et=0.11> <Mt= 0.00> <Spt= 0.00> <nCl=  6> <al=0.72> <DB=  766.8393> <Mlp=  780.3673> <PB=807.1> 
<DWph=2> <it= 51> <et=0.11> <Mt= 0.00> <Spt= 0.00> <nCl=  9> <al=0.24> <DB=  776.2707> <Mlp=  780.3673> <PB=807.1> 
<DWph=2> <it= 52> <et=0.11> <Mt= 0.00> <Spt= 0.01> <nCl= 11> <al=0.00> <DB=  780.2500> <Mlp=  780.2500> <PB=807.1> 
<DWph=1> <it= 53> <et=0.12> <Mt= 0.00> <Spt= 0.00> <nCl= 16> <al=0.42> <DB=  755.8750> <Mlp=  780.2500> <PB=807.1> 
<DWph=1> <it= 54> <et=0.12> <Mt= 0.00> <Spt= 0.00> <nCl= 13> <al=0.48> <DB=  760.7099> <Mlp=  778.8167> <PB=807.1> 
<DWph=1> <it= 55> <et=0.12> <Mt= 0.00> <Spt= 0.01> <nCl= 12> <al=0.53> <DB=  768.9987> <Mlp=  778.3864> <PB=807.1> 
<DWph=1> <it= 56> <et=0.13> <Mt= 0.00> <Spt= 0.00> <nCl= 21> <al=0.43> <DB=  757.5593> <Mlp=  778.3864> <PB=807.1> 
<DWph=1> <it= 57> <et=0.13> <Mt= 0.00> <Spt= 0.00> <nCl= 10> <al=0.49> <DB=  770.9449> <Mlp=  777.4526> <PB=807.1> 
<DWph=1> <it= 58> <et=0.13> <Mt= 0.00> <Spt= 0.00> <nCl=  4> <al=0.39> <DB=  774.0614> <Mlp=  777.4526> <PB=807.1> 
<DWph=1> <it= 59> <et=0.13> <Mt= 0.00> <Spt= 0.01> <nCl=  3> <al=0.45> <DB=  775.8308> <Mlp=  777.2737> <PB=807.1> 
<DWph=1> <it= 60> <et=0.14> <Mt= 0.00> <Spt= 0.00> <nCl=  8> <al=0.00> <DB=  777.2737> <Mlp=  777.2737> <PB=807.1> 
    RCSP exact solver info for graph G_1 : TT = 0.005746, pt = 7e-06, dt = 0.004836, ct = 0.000678, ndl = 2', bdl = 32', odl = 1', odf = 12', bsi = 1', cnt = 8', bdch = 312', odch = 22', lcp = 22', #sols = 150
<DWph=0> <it= 61> <et=0.15> <Mt= 0.00> <Spt= 0.01> <nCl= 93> <al=0.25> <DB=  762.2737> <Mlp=  777.2737> <PB=807.1> 
    RCSP exact solver info for graph G_1 : TT = 0.00485, pt = 1.5e-05, dt = 0.003933, ct = 0.000681, ndl = 2', bdl = 32', odl = 1', odf = 12', bsi = 1', cnt = 8', bdch = 315', odch = 22', lcp = 23', #sols = 150
    RCSP exact solver info for graph G_1 : TT = 0.004719, pt = 1.5e-05, dt = 0.003793, ct = 0.000692, ndl = 2', bdl = 32', odl = 1', odf = 12', bsi = 1', cnt = 8', bdch = 316', odch = 22', lcp = 23', #sols = 150
<DWph=0> <it= 62> <et=0.16> <Mt= 0.00> <Spt= 0.01> <nCl= 22> <al=0.00> <DB=  777.2737> <Mlp=  777.2737> <PB=807.1> 
Dynamic params and stats :  aver.obdmd = 23.3243 aver.buck.num. = 26
@@ 1 0 777.274 0.004871 0.005514 85.7437 0.16
Labels distribution in buckets (bucket size) : largest - 60, top 0.1% - 60, top 0.5% - 52, top 2% - 38, top 10% - 15, top 50% - 2
Reduced cost fixing for graph G_1... 9679 buck. arcs remain (36.9% from prev., 31.7% from max.) + 3965 jump buck. arcs (13% from max.)
 TT = 0.026568, pt = 0.002203, dt = 0.014922, ct = 0.009363, ndl = 12', bdl = 83', odl = 3', odf = 44', lpcb = 205', cnt = 179', bdch = 1745', odch = 307', lcp = 298'
Labels distribution in buckets (bucket size) : largest - 64, top 0.1% - 64, top 0.5% - 60, top 2% - 40, top 10% - 17, top 50% - 2
Run forward enumeration with border = 50... succeeded! lpt = 0.075975, ndl = 24', dl = 37', lpcb = 348', dch = 234'
Run enumeration concatenation with time limit 0.3 sec.... succeeded!
Sorting and storing enumerated solutions ... done!
 TT = 0.325517, pt = 0.001921, dt = 0.075975, ct = 0.171147, ndl = 24', bdl = 37', lpcb = 348', cnt = 850', bdch = 234', odch = 0', lcp = 0'
Enumeration succeeded!, number of elem. solutions is 47705
Estimating inspection time...     TT = 0.003079, performed by inspection with 47705 solutions, nbR1C = 0, nbDiscC = 0
Inspection time is low enough. Pricing will be done by inspection.
Added 387 columns in the formulation 
Removed 1053 columns (not in the enumerated set) from the formulation
Regenerated 387 columns with the 'enumerated' flag
<DWph=2> <it= 63> <et=0.53> <Mt= 0.00> <Spt= 0.00> <nCl=  0> <al=0.00> <DB=  779.0000> <Mlp=  779.0000> <PB=807.1> 
<DWph=1> <it= 64> <et=0.53> <Mt= 0.00> <Spt= 0.00> <nCl=  0> <al=0.00> <DB=  779.0000> <Mlp=  779.0000> <PB=807.1> 
    TT = 0.001785, performed by inspection with 47705 solutions, nbR1C = 0, nbDiscC = 0
<DWph=0> <it= 65> <et=0.53> <Mt= 0.00> <Spt= 0.00> <nCl=150> <al=0.30> <DB=-68667.4400> <Mlp=  779.0000> <PB=807.1> 
    TT = 0.001696, performed by inspection with 47705 solutions, nbR1C = 0, nbDiscC = 0
<DWph=0> <it= 66> <et=0.54> <Mt= 0.00> <Spt= 0.01> <nCl=150> <al=0.30> <DB=-46435.2080> <Mlp=  779.0000> <PB=807.1> 
    TT = 0.001625, performed by inspection with 47705 solutions, nbR1C = 0, nbDiscC = 0
    TT = 0.001562, performed by inspection with 47705 solutions, nbR1C = 0, nbDiscC = 0
<DWph=0> <it= 67> <et=0.55> <Mt= 0.00> <Spt= 0.01> <nCl=136> <al=0.00> <DB=  749.0000> <Mlp=  779.0000> <PB=807.1> 
    TT = 0.001537, performed by inspection with 47705 solutions, nbR1C = 0, nbDiscC = 0
<DWph=0> <it= 68> <et=0.55> <Mt= 0.00> <Spt= 0.00> <nCl= 25> <al=0.27> <DB=  770.6795> <Mlp=  778.6979> <PB=807.1> 
    TT = 0.00152, performed by inspection with 47705 solutions, nbR1C = 0, nbDiscC = 0
    TT = 0.001576, performed by inspection with 47705 solutions, nbR1C = 0, nbDiscC = 0
<DWph=0> <it= 69> <et=0.56> <Mt= 0.01> <Spt= 0.01> <nCl= 13> <al=0.00> <DB=  778.6979> <Mlp=  778.6979> <PB=807.1> 
Dynamic params and stats :  aver.obdmd = 23.3243 aver.buck.num. = 26
@@ 1 0 778.698 0.00161443 0.001785 0 0.56
Reduced cost fixing for graph G_1...  took 0 sec., done by inspection with 47705 solutions, remains 24055 (50.4%)
Removed 102 columns (not in the enumerated set) from the formulation
    Full reduced cost fixing is not called (gap ratio is 0.952088)
ColGenEvalAlg final dual bound: 778.698 (rounded: 779)
In total 3 RCC cut(s) are found by the connected components heuristic 
Shrinking heuristic shrunk 14 edges
In total 12 RCC cut(s) are found by the Fractional capacity min-cut heuristic 
In total 15 RCC cut(s) are found by the greedy construction heuristic 
----- Add fac. cuts : CAP(30), max.viol = 0.666667, aver.viol = 0.386806, sep/add took 0.00180484/0.00981203 sec. -----
759 columns (759 active), 30 dyn. constrs. (30 active), 102 art. vars. (102 active)
<DWph=2> <it=  1> <et=0.59> <Mt= 0.00> <Spt= 0.00> <nCl=  0> <al=0.00> <DB=  793.3967> <Mlp=  793.3967> <PB=807.1> 
<DWph=1> <it=  2> <et=0.59> <Mt= 0.00> <Spt= 0.00> <nCl=  0> <al=0.00> <DB=  793.3967> <Mlp=  793.3967> <PB=807.1> 
    TT = 0.001036, performed by inspection with 24055 solutions, nbR1C = 0, nbDiscC = 0
<DWph=0> <it=  3> <et=0.59> <Mt= 0.00> <Spt= 0.00> <nCl=102> <al=0.30> <DB=  756.1005> <Mlp=  793.3967> <PB=807.1> 
    TT = 0.000924, performed by inspection with 24055 solutions, nbR1C = 0, nbDiscC = 0
    TT = 0.000892, performed by inspection with 24055 solutions, nbR1C = 0, nbDiscC = 0
<DWph=0> <it=  4> <et=0.60> <Mt= 0.00> <Spt= 0.01> <nCl= 34> <al=0.00> <DB=  791.2966> <Mlp=  791.2966> <PB=807.1> 
Dynamic params and stats :  aver.obdmd = 23.3243 aver.buck.num. = 26
@@ 1 1 791.297 0.000950667 0.001036 0 0.6
Reduced cost fixing for graph G_1...  took 0 sec., done by inspection with 24055 solutions, remains 7673 (31.9%)
Removed 231 columns (not in the enumerated set) from the formulation
Added 7229 columns in the formulation 
ColGenEvalAlg final dual bound: 791.297 (rounded: 792)
Gap improvement since the last cut separation : 0.443583 (778.698)
Current active cuts : CAP(6,153.186)
----- Terminating the node by MIP -----
Version identifier: 20.1.0.0 | 2020-11-10 | 9bedb6d68
CPXPARAM_Advance                                 0
CPXPARAM_Threads                                 1
CPXPARAM_MIP_Limits_Nodes                        2000000
CPXPARAM_Simplex_Tolerances_Optimality           9.9999999999999995e-08
CPXPARAM_Simplex_Tolerances_Feasibility          9.9999999999999995e-08
CPXPARAM_TimeLimit                               1763.1278
CPXPARAM_MIP_Tolerances_UpperCutoff              807.000001
CPXPARAM_MIP_Tolerances_MIPGap                   1.0000000000000001e-09
Tried aggregator 1 time.
MIP Presolve eliminated 6 rows and 662 columns.
MIP Presolve modified 58470 coefficients.
Reduced MIP has 61 rows, 7231 columns, and 209205 nonzeros.
Reduced MIP has 7231 binaries, 0 generals, 0 SOSs, and 0 indicators.
Presolve time = 0.28 sec. (350.69 ticks)
Tried aggregator 1 time.
Detecting symmetries...
Reduced MIP has 61 rows, 7231 columns, and 209205 nonzeros.
Reduced MIP has 7231 binaries, 0 generals, 0 SOSs, and 0 indicators.
Presolve time = 0.10 sec. (134.67 ticks)
Probing time = 0.02 sec. (31.45 ticks)
Clique table members: 30.
MIP emphasis: balance optimality and feasibility.
MIP search method: dynamic search.
Parallel mode: none, using 1 thread.
Root relaxation solution time = 0.02 sec. (34.41 ticks)

        Nodes                                         Cuts/
   Node  Left     Objective  IInf  Best Integer    Best Bound    ItCnt     Gap

      0     0      791.2966    31                    791.2966      190         
      0     0      796.3608    43                    Cuts: 29      336         
      0     0      798.1342    48                    Cuts: 12      402         
Detecting symmetries...

Repeating presolve.
Tried aggregator 1 time.
MIP Presolve eliminated 0 rows and 3303 columns.
MIP Presolve modified 24 coefficients.
Reduced MIP has 61 rows, 3928 columns, and 114701 nonzeros.
Reduced MIP has 3928 binaries, 0 generals, 0 SOSs, and 0 indicators.
Presolve time = 0.06 sec. (88.10 ticks)
Tried aggregator 1 time.
Detecting symmetries...
Reduced MIP has 61 rows, 3928 columns, and 114701 nonzeros.
Reduced MIP has 3928 binaries, 0 generals, 0 SOSs, and 0 indicators.
Presolve time = 0.06 sec. (84.17 ticks)
Represolve time = 0.17 sec. (206.43 ticks)
Probing fixed 574 vars, tightened 0 bounds.
Probing time = 0.89 sec. (1699.50 ticks)
Clique table members: 3066.
MIP emphasis: balance optimality and feasibility.
MIP search method: dynamic search.
Parallel mode: none, using 1 thread.
Root relaxation solution time = 0.02 sec. (33.96 ticks)

        Nodes                                         Cuts/
   Node  Left     Objective  IInf  Best Integer    Best Bound    ItCnt     Gap

      0     0      798.2100    47                    798.2100      687         
      0     0      798.9036    56                    Cuts: 12      744         
*     0     0      integral     0      799.0000      Cuts: 10      802    0.00%
      0     0        cutoff            799.0000      799.0000      802    0.00%
Elapsed time = 2.68 sec. (4321.87 ticks, tree = 0.01 MB, solutions = 1)

Clique cuts applied:  22
Cover cuts applied:  1
Mixed integer rounding cuts applied:  5
Zero-half cuts applied:  5
Gomory fractional cuts applied:  2

Root node processing (before b&c):
  Real time             =    2.68 sec. (4322.53 ticks)
Sequential b&c:
  Real time             =    0.00 sec. (0.00 ticks)
                          ------------
Total (root+branch&cut) =    2.68 sec. (4322.53 ticks)
Solution status = Optimum
New model incumbent solution 799, TIME = 0h0m3s57t = 357
************************************************************************************************
Search is finished, global bounds : [ 799 , 799 ], TIME = 0h0m3s57t = 357
************************************************************************************************
Built-in heuristic is disabled
instance_name solver_name ext_heuristic solution_value solution_time best_lb root_lb root_time nb_branch_and_bound_nodes status
/home/logis/Downloads/VRPSolverEasy/VRPSolverEasy/demos/data/CVRP/A-n36-k5 CPLEX False 798.9999999999998 3.57743059 799.0 799.0 3.5768197579999996 1 0

