Node memory for rank-1 cuts will be used (7.22656)
~~~~~~~~~~~~~~~~~~~~~~~~~~~~~~~~~~~~~~~~~~~~~~~~~~~~~~~~~~~~~~~~~~~~~~~~~~~~~~~~~~~~~
VRPSolver v0.5.27, 24/02/2023, © Inria Bordeaux, France, vrpsolver.math.u-bordeaux.fr
      Corresponds to the solver by Pessoa, Sadykov, Uchoa and Vanderbeck (2020)
                 Paper: dx.doi.org/10.1007/s10107-020-01523-z
~~~~~~~~~~~~~~~~~~~~~~~~~~~~~~~~~~~~~~~~~~~~~~~~~~~~~~~~~~~~~~~~~~~~~~~~~~~~~~~~~~~~~
   BaPCod v0.77, 15/03/2023, © Inria Bordeaux, France, bapcod.math.u-bordeaux.fr 
           THIS CODE IS PROVIDED AS IS, USE IT AT YOUR OWN RISK
~~~~~~~~~~~~~~~~~~~~~~~~~~~~~~~~~~~~~~~~~~~~~~~~~~~~~~~~~~~~~~~~~~~~~~~~~~~~~~~~~~~~~
Bucket steps were recalculated for graph G_1 : [4]
RCSP solver info : symmetric case is detected for graph G_1! 
Bidirectional border value is initialised to 50
RCSP solver info : number of forw. reachable buckets / buck. strongly connected components is 942( 92.8994% ) / 792( 84.0764% )
Generating neighbourhoods for rank-1 cuts separation
Building structures for 4- and 5-row rank-1 packing cut separation...done!
Model is built TIME = 0h0m0s0t = 0
************************************************************************************************
**** BaB tree root node
**** Local DB = -1e+12, global bounds : [ -1e+12 , 805.1 ], TIME = 0h0m0s0t = 0
**** 1 open nodes, 0 columns (0 active), 0 dyn. constrs. (0 active), 76 art. vars. (76 active)
************************************************************************************************
#<DWph=2> <it=  1> <et=0.01> <Mt= 0.00> <Spt= 0.00> <nCl= 30> <al=0.00> <DB=-3479911.1200> <Mlp=77289.6000> <PB=805.1> 
#<DWph=2> <it=  2> <et=0.01> <Mt= 0.00> <Spt= 0.00> <nCl= 30> <al=0.55> <DB=-1896088.1871> <Mlp=71314.4492> <PB=805.1> 
#<DWph=2> <it=  3> <et=0.01> <Mt= 0.00> <Spt= 0.00> <nCl= 30> <al=0.45> <DB=-1567722.5208> <Mlp=68570.7400> <PB=805.1> 
#<DWph=2> <it=  4> <et=0.01> <Mt= 0.00> <Spt= 0.00> <nCl= 30> <al=0.51> <DB=-1219779.3321> <Mlp=65298.9225> <PB=805.1> 
#<DWph=2> <it=  5> <et=0.01> <Mt= 0.00> <Spt= 0.00> <nCl= 30> <al=0.55> <DB=-863685.8077> <Mlp=62816.1311> <PB=805.1> 
#<DWph=2> <it=  6> <et=0.02> <Mt= 0.00> <Spt= 0.01> <nCl= 30> <al=0.45> <DB=-929090.6227> <Mlp=62190.3631> <PB=805.1> 
#<DWph=2> <it=  7> <et=0.02> <Mt= 0.00> <Spt= 0.00> <nCl= 30> <al=0.51> <DB=-931253.8323> <Mlp=60749.4170> <PB=805.1> 
#<DWph=2> <it=  8> <et=0.02> <Mt= 0.00> <Spt= 0.00> <nCl= 30> <al=0.56> <DB=-731801.6540> <Mlp=57939.3041> <PB=805.1> 
#<DWph=2> <it=  9> <et=0.02> <Mt= 0.00> <Spt= 0.00> <nCl= 30> <al=0.46> <DB=-796682.6695> <Mlp=53655.5888> <PB=805.1> 
#<DWph=2> <it= 10> <et=0.02> <Mt= 0.00> <Spt= 0.00> <nCl= 30> <al=0.51> <DB=-614137.6378> <Mlp=51456.8850> <PB=805.1> 
#<DWph=2> <it= 11> <et=0.03> <Mt= 0.00> <Spt= 0.00> <nCl= 30> <al=0.56> <DB=-528898.6004> <Mlp=48118.9564> <PB=805.1> 
#<DWph=2> <it= 12> <et=0.03> <Mt= 0.00> <Spt= 0.01> <nCl= 30> <al=0.46> <DB=-438713.9971> <Mlp=38569.7639> <PB=805.1> 
#<DWph=2> <it= 13> <et=0.03> <Mt= 0.00> <Spt= 0.00> <nCl= 30> <al=0.51> <DB=-447516.1322> <Mlp=35631.6936> <PB=805.1> 
#<DWph=2> <it= 14> <et=0.03> <Mt= 0.00> <Spt= 0.00> <nCl= 30> <al=0.56> <DB=-406466.0103> <Mlp=34428.3803> <PB=805.1> 
#<DWph=2> <it= 15> <et=0.03> <Mt= 0.00> <Spt= 0.00> <nCl= 30> <al=0.61> <DB=-419918.1087> <Mlp=27872.0483> <PB=805.1> 
#<DWph=2> <it= 16> <et=0.04> <Mt= 0.00> <Spt= 0.00> <nCl= 30> <al=0.65> <DB=-332213.7851> <Mlp=25321.8778> <PB=805.1> 
#<DWph=2> <it= 17> <et=0.04> <Mt= 0.00> <Spt= 0.00> <nCl= 30> <al=0.68> <DB=-315995.9732> <Mlp=12700.2520> <PB=805.1> 
#<DWph=2> <it= 18> <et=0.04> <Mt= 0.00> <Spt= 0.00> <nCl= 30> <al=0.71> <DB=-286795.5054> <Mlp= 8209.5310> <PB=805.1> 
#<DWph=2> <it= 19> <et=0.04> <Mt= 0.00> <Spt= 0.01> <nCl= 30> <al=0.74> <DB=-246665.7416> <Mlp= 3598.8328> <PB=805.1> 
#<DWph=2> <it= 20> <et=0.05> <Mt= 0.00> <Spt= 0.00> <nCl= 10> <al=0.64> <DB=-146592.9483> <Mlp= 2142.4645> <PB=805.1> 
#<DWph=2> <it= 21> <et=0.05> <Mt= 0.00> <Spt= 0.00> <nCl= 17> <al=0.54> <DB=-64754.5007> <Mlp= 2128.0719> <PB=805.1> 
#<DWph=2> <it= 22> <et=0.05> <Mt= 0.01> <Spt= 0.00> <nCl= 19> <al=0.44> <DB=-10115.5541> <Mlp= 2104.4783> <PB=805.1> 
#<DWph=2> <it= 23> <et=0.05> <Mt= 0.00> <Spt= 0.00> <nCl= 30> <al=0.34> <DB=-2491.5072> <Mlp= 2016.1113> <PB=805.1> 
<DWph=2> <it= 24> <et=0.06> <Mt= 0.00> <Spt= 0.00> <nCl= 30> <al=0.41> <DB=-2668.1250> <Mlp= 1318.5042> <PB=805.1> 
<DWph=2> <it= 25> <et=0.06> <Mt= 0.00> <Spt= 0.00> <nCl= 16> <al=0.47> <DB= -392.2418> <Mlp= 1306.2666> <PB=805.1> 
<DWph=2> <it= 26> <et=0.06> <Mt= 0.00> <Spt= 0.00> <nCl= 30> <al=0.37> <DB=-3864.2539> <Mlp= 1232.0597> <PB=805.1> 
<DWph=2> <it= 27> <et=0.06> <Mt= 0.00> <Spt= 0.01> <nCl= 30> <al=0.43> <DB=  219.2061> <Mlp= 1177.9980> <PB=805.1> 
<DWph=2> <it= 28> <et=0.06> <Mt= 0.00> <Spt= 0.00> <nCl= 30> <al=0.49> <DB=-1165.3965> <Mlp= 1076.4992> <PB=805.1> 
<DWph=2> <it= 29> <et=0.07> <Mt= 0.00> <Spt= 0.00> <nCl= 30> <al=0.54> <DB=-1130.5118> <Mlp= 1023.5745> <PB=805.1> 
<DWph=2> <it= 30> <et=0.07> <Mt= 0.00> <Spt= 0.00> <nCl= 30> <al=0.58> <DB=  521.3373> <Mlp=  955.1332> <PB=805.1> 
<DWph=2> <it= 31> <et=0.07> <Mt= 0.00> <Spt= 0.00> <nCl= 30> <al=0.63> <DB= -720.1910> <Mlp=  924.8408> <PB=805.1> 
<DWph=2> <it= 32> <et=0.08> <Mt= 0.00> <Spt= 0.00> <nCl= 30> <al=0.66> <DB=  497.0289> <Mlp=  898.7377> <PB=805.1> 
<DWph=2> <it= 33> <et=0.08> <Mt= 0.01> <Spt= 0.01> <nCl= 28> <al=0.70> <DB=  597.0317> <Mlp=  872.9521> <PB=805.1> 
<DWph=2> <it= 34> <et=0.08> <Mt= 0.00> <Spt= 0.00> <nCl= 30> <al=0.73> <DB=  604.1937> <Mlp=  846.6871> <PB=805.1> 
<DWph=2> <it= 35> <et=0.08> <Mt= 0.00> <Spt= 0.00> <nCl= 28> <al=0.75> <DB=  666.8240> <Mlp=  816.9320> <PB=805.1> 
<DWph=2> <it= 36> <et=0.09> <Mt= 0.00> <Spt= 0.00> <nCl= 30> <al=0.65> <DB=  653.0695> <Mlp=  807.6820> <PB=805.1> 
<DWph=2> <it= 37> <et=0.09> <Mt= 0.00> <Spt= 0.00> <nCl= 25> <al=0.69> <DB=  683.2555> <Mlp=  773.4309> <PB=805.1> 
<DWph=2> <it= 38> <et=0.09> <Mt= 0.00> <Spt= 0.00> <nCl= 28> <al=0.59> <DB=  697.9910> <Mlp=  769.4390> <PB=805.1> 
<DWph=2> <it= 39> <et=0.09> <Mt= 0.00> <Spt= 0.01> <nCl= 23> <al=0.63> <DB=  683.8425> <Mlp=  761.4911> <PB=805.1> 
<DWph=2> <it= 40> <et=0.10> <Mt= 0.00> <Spt= 0.00> <nCl= 21> <al=0.53> <DB=  698.4034> <Mlp=  755.0545> <PB=805.1> 
<DWph=2> <it= 41> <et=0.10> <Mt= 0.00> <Spt= 0.00> <nCl= 27> <al=0.58> <DB=  686.8522> <Mlp=  750.7059> <PB=805.1> 
<DWph=2> <it= 42> <et=0.10> <Mt= 0.00> <Spt= 0.00> <nCl= 15> <al=0.62> <DB=  715.6542> <Mlp=  748.6609> <PB=805.1> 
<DWph=2> <it= 43> <et=0.10> <Mt= 0.01> <Spt= 0.00> <nCl= 14> <al=0.52> <DB=  723.2955> <Mlp=  747.5294> <PB=805.1> 
<DWph=2> <it= 44> <et=0.11> <Mt= 0.00> <Spt= 0.00> <nCl= 14> <al=0.42> <DB=  736.9205> <Mlp=  746.7725> <PB=805.1> 
<DWph=2> <it= 45> <et=0.11> <Mt= 0.00> <Spt= 0.01> <nCl= 15> <al=0.00> <DB=  735.0571> <Mlp=  746.6762> <PB=805.1> 
<DWph=2> <it= 46> <et=0.11> <Mt= 0.00> <Spt= 0.00> <nCl=  5> <al=0.22> <DB=  728.7102> <Mlp=  746.4151> <PB=805.1> 
<DWph=2> <it= 47> <et=0.12> <Mt= 0.00> <Spt= 0.00> <nCl=  2> <al=0.00> <DB=  734.4151> <Mlp=  746.4151> <PB=805.1> 
<DWph=2> <it= 48> <et=0.12> <Mt= 0.00> <Spt= 0.00> <nCl=  4> <al=0.00> <DB=  727.5763> <Mlp=  745.9634> <PB=805.1> 
<DWph=2> <it= 49> <et=0.12> <Mt= 0.00> <Spt= 0.01> <nCl=  4> <al=0.10> <DB=  741.6352> <Mlp=  745.8905> <PB=805.1> 
<DWph=2> <it= 50> <et=0.12> <Mt= 0.00> <Spt= 0.00> <nCl=  6> <al=0.19> <DB=  739.2949> <Mlp=  745.8905> <PB=805.1> 
<DWph=2> <it= 51> <et=0.13> <Mt= 0.00> <Spt= 0.00> <nCl=  5> <al=0.00> <DB=  739.8905> <Mlp=  745.8905> <PB=805.1> 
<DWph=2> <it= 52> <et=0.13> <Mt= 0.00> <Spt= 0.00> <nCl=  3> <al=0.00> <DB=  745.7238> <Mlp=  745.7238> <PB=805.1> 
<DWph=1> <it= 53> <et=0.13> <Mt= 0.00> <Spt= 0.00> <nCl= 13> <al=0.00> <DB=  716.5810> <Mlp=  745.7238> <PB=805.1> 
<DWph=1> <it= 54> <et=0.13> <Mt= 0.00> <Spt= 0.01> <nCl= 19> <al=0.00> <DB=  714.2980> <Mlp=  744.2980> <PB=805.1> 
<DWph=1> <it= 55> <et=0.14> <Mt= 0.00> <Spt= 0.00> <nCl=  9> <al=0.10> <DB=  724.1807> <Mlp=  743.7686> <PB=805.1> 
<DWph=1> <it= 56> <et=0.14> <Mt= 0.00> <Spt= 0.00> <nCl=  5> <al=0.00> <DB=  724.3754> <Mlp=  743.6386> <PB=805.1> 
<DWph=1> <it= 57> <et=0.15> <Mt= 0.00> <Spt= 0.01> <nCl=  7> <al=0.10> <DB=  729.4978> <Mlp=  742.7238> <PB=805.1> 
<DWph=1> <it= 58> <et=0.15> <Mt= 0.00> <Spt= 0.00> <nCl=  0> <al=0.00> <DB=  742.7111> <Mlp=  742.7111> <PB=805.1> 
    RCSP exact solver info for graph G_1 : TT = 0.006369, pt = 7e-06, dt = 0.00517, ct = 0.00096, ndl = 2', bdl = 31', odl = 1', odf = 15', bsi = 1', cnt = 32', bdch = 309', odch = 32', lcp = 27', #sols = 150
<DWph=0> <it= 59> <et=0.16> <Mt= 0.00> <Spt= 0.01> <nCl=107> <al=0.00> <DB=  729.5111> <Mlp=  742.7111> <PB=805.1> 
    RCSP exact solver info for graph G_1 : TT = 0.005226, pt = 1.5e-05, dt = 0.004026, ct = 0.000962, ndl = 2', bdl = 32', odl = 1', odf = 15', bsi = 1', cnt = 31', bdch = 312', odch = 34', lcp = 27', #sols = 150
<DWph=0> <it= 60> <et=0.16> <Mt= 0.00> <Spt= 0.00> <nCl= 35> <al=0.00> <DB=  733.7929> <Mlp=  742.4929> <PB=805.1> 
    RCSP exact solver info for graph G_1 : TT = 0.005184, pt = 1.5e-05, dt = 0.003992, ct = 0.000967, ndl = 2', bdl = 32', odl = 1', odf = 15', bsi = 1', cnt = 32', bdch = 313', odch = 34', lcp = 27', #sols = 150
    RCSP exact solver info for graph G_1 : TT = 0.005178, pt = 1.4e-05, dt = 0.003969, ct = 0.000975, ndl = 2', bdl = 32', odl = 1', odf = 15', bsi = 1', cnt = 32', bdch = 312', odch = 34', lcp = 27', #sols = 150
<DWph=0> <it= 61> <et=0.18> <Mt= 0.00> <Spt= 0.01> <nCl=  9> <al=0.00> <DB=  742.3888> <Mlp=  742.3888> <PB=805.1> 
Dynamic params and stats :  aver.obdmd = 23.1795 aver.buck.num. = 26
@@ 1 0 742.389 0.00525525 0.00613 84.4388 0.18
Labels distribution in buckets (bucket size) : largest - 59, top 0.1% - 59, top 0.5% - 53, top 2% - 35, top 10% - 15, top 50% - 2
Reduced cost fixing for graph G_1... 20066 buck. arcs remain (70.1% from prev., 59.2% from max.) + 2416 jump buck. arcs (7.13% from max.)
 TT = 0.031916, pt = 0.00274, dt = 0.015137, ct = 0.013966, ndl = 9', bdl = 141', odl = 3', odf = 49', lpcb = 100', cnt = 276', bdch = 1911', odch = 248', lcp = 148'
Labels distribution in buckets (bucket size) : largest - 72, top 0.1% - 72, top 0.5% - 59, top 2% - 43, top 10% - 16, top 50% - 2
Run forward enumeration with border = 50... succeeded! lpt = 0.966407, ndl = 178', dl = 626', lpcb = 3729', dch = 8575'
Run enumeration concatenation with time limit 0.3 sec.... time limit reached, not succeeded.
Sorting and storing enumerated solutions ...  TT = 1.64071, pt = 0.001969, dt = 0.966407, ct = 0.408243, ndl = 178', bdl = 626', lpcb = 3729', cnt = 10180', bdch = 8575', odch = 0', lcp = 0'
ColGenEvalAlg final dual bound: 742.389 (rounded: 743)
In total 1 RCC cut(s) are found by the connected components heuristic 
Shrinking heuristic shrunk 13 edges
In total 7 RCC cut(s) are found by the Fractional capacity min-cut heuristic 
In total 8 RCC cut(s) are found by the greedy construction heuristic 
----- Add fac. cuts : CAP(16), max.viol = 0.952381, aver.viol = 0.443891, sep/add took 0.00170136/0.00532583 sec. -----
1433 columns (1433 active), 16 dyn. constrs. (16 active), 92 art. vars. (92 active)
<DWph=2> <it=  1> <et=1.86> <Mt= 0.01> <Spt= 0.01> <nCl= 28> <al=0.50> <DB=  744.8260> <Mlp=  824.1809> <PB=805.1> 
<DWph=2> <it=  2> <et=1.87> <Mt= 0.00> <Spt= 0.00> <nCl= 22> <al=0.55> <DB=  768.2312> <Mlp=  812.0102> <PB=805.1> 
<DWph=2> <it=  3> <et=1.87> <Mt= 0.00> <Spt= 0.00> <nCl= 22> <al=0.60> <DB=  753.2194> <Mlp=  809.7187> <PB=805.1> 
<DWph=2> <it=  4> <et=1.87> <Mt= 0.00> <Spt= 0.00> <nCl= 22> <al=0.64> <DB=  773.6741> <Mlp=  808.5417> <PB=805.1> 
<DWph=2> <it=  5> <et=1.88> <Mt= 0.01> <Spt= 0.00> <nCl= 18> <al=0.67> <DB=  769.9905> <Mlp=  805.0135> <PB=805.1> 
<DWph=2> <it=  6> <et=1.88> <Mt= 0.00> <Spt= 0.00> <nCl= 17> <al=0.57> <DB=  783.2727> <Mlp=  804.0595> <PB=805.1> 
<DWph=2> <it=  7> <et=1.88> <Mt= 0.00> <Spt= 0.01> <nCl= 18> <al=0.47> <DB=  790.3648> <Mlp=  803.6111> <PB=805.1> 
<DWph=2> <it=  8> <et=1.89> <Mt= 0.00> <Spt= 0.00> <nCl= 24> <al=0.37> <DB=  763.1855> <Mlp=  803.0909> <PB=805.1> 
<DWph=2> <it=  9> <et=1.89> <Mt= 0.00> <Spt= 0.00> <nCl= 16> <al=0.43> <DB=  796.1138> <Mlp=  801.7500> <PB=805.1> 
<DWph=2> <it= 10> <et=1.89> <Mt= 0.00> <Spt= 0.00> <nCl=  8> <al=0.49> <DB=  783.6666> <Mlp=  801.5333> <PB=805.1> 
<DWph=2> <it= 11> <et=1.90> <Mt= 0.00> <Spt= 0.00> <nCl= 13> <al=0.08> <DB=  799.3313> <Mlp=  801.0000> <PB=805.1> 
<DWph=2> <it= 12> <et=1.90> <Mt= 0.00> <Spt= 0.00> <nCl=  9> <al=0.44> <DB=  800.2622> <Mlp=  801.0000> <PB=805.1> 
<DWph=2> <it= 13> <et=1.90> <Mt= 0.01> <Spt= 0.01> <nCl=  9> <al=0.00> <DB=  795.0000> <Mlp=  801.0000> <PB=805.1> 
<DWph=2> <it= 14> <et=1.90> <Mt= 0.00> <Spt= 0.00> <nCl=  6> <al=0.00> <DB=  801.0000> <Mlp=  801.0000> <PB=805.1> 
<DWph=1> <it= 15> <et=1.91> <Mt= 0.00> <Spt= 0.00> <nCl= 13> <al=0.14> <DB=  786.8182> <Mlp=  801.0000> <PB=805.1> 
<DWph=1> <it= 16> <et=1.91> <Mt= 0.00> <Spt= 0.00> <nCl=  6> <al=0.04> <DB=  798.7995> <Mlp=  801.0000> <PB=805.1> 
<DWph=1> <it= 17> <et=1.91> <Mt= 0.00> <Spt= 0.00> <nCl=  3> <al=0.00> <DB=  801.0000> <Mlp=  801.0000> <PB=805.1> 
    RCSP exact solver info for graph G_1 : TT = 0.002452, pt = 8e-06, dt = 0.001784, ct = 0.000478, ndl = 1', bdl = 11', odl = 1', odf = 11', bsi = 1', cnt = 10', bdch = 57', odch = 16', lcp = 5', #sols = 150
<DWph=0> <it= 18> <et=1.92> <Mt= 0.00> <Spt= 0.01> <nCl= 74> <al=0.00> <DB=  789.0000> <Mlp=  801.0000> <PB=805.1> 
    RCSP exact solver info for graph G_1 : TT = 0.00272, pt = 1.3e-05, dt = 0.001963, ct = 0.000544, ndl = 1', bdl = 12', odl = 1', odf = 12', bsi = 1', cnt = 13', bdch = 67', odch = 21', lcp = 7', #sols = 150
<DWph=0> <it= 19> <et=1.92> <Mt= 0.00> <Spt= 0.00> <nCl= 13> <al=0.00> <DB=  801.0000> <Mlp=  801.0000> <PB=805.1> 
Dynamic params and stats :  aver.obdmd = 23.1795 aver.buck.num. = 26
@@ 1 1 801 0.0023845 0.002507 59.2057 1.92
Labels distribution in buckets (bucket size) : largest - 25, top 0.1% - 25, top 0.5% - 22, top 2% - 17, top 10% - 8, top 50% - 1
Reduced cost fixing for graph G_1... 4511 buck. arcs remain (22.5% from prev., 13.3% from max.) + 2570 jump buck. arcs (7.58% from max.)
 TT = 0.006591, pt = 0.000871, dt = 0.001872, ct = 0.003788, ndl = 3', bdl = 22', odl = 1', odf = 18', lpcb = 42', cnt = 40', bdch = 125', odch = 41', lcp = 12'
Labels distribution in buckets (bucket size) : largest - 29, top 0.1% - 29, top 0.5% - 27, top 2% - 20, top 10% - 9, top 50% - 1
Run forward enumeration with border = 50... succeeded! lpt = 0.003152, ndl = 1', dl = 0', lpcb = 10', dch = 2'
Run enumeration concatenation with time limit 0.3 sec.... succeeded!
Sorting and storing enumerated solutions ... done!
 TT = 0.004827, pt = 0, dt = 0.003152, ct = 0.000692, ndl = 1', bdl = 0', lpcb = 10', cnt = 39', bdch = 2', odch = 0', lcp = 0'
Enumeration succeeded!, number of elem. solutions is 466
Estimating inspection time...     TT = 9.2e-05, performed by inspection with 466 solutions, nbR1C = 0, nbDiscC = 0
Inspection time is low enough. Pricing will be done by inspection.
Added 359 columns in the formulation 
Removed 1415 columns (not in the enumerated set) from the formulation
Regenerated 359 columns with the 'enumerated' flag
<DWph=2> <it= 20> <et=1.95> <Mt= 0.00> <Spt= 0.00> <nCl=  0> <al=0.00> <DB=  802.3333> <Mlp=  802.3333> <PB=805.1> 
<DWph=1> <it= 21> <et=1.95> <Mt= 0.00> <Spt= 0.00> <nCl=  0> <al=0.00> <DB=  802.3333> <Mlp=  802.3333> <PB=805.1> 
    TT = 4.3e-05, performed by inspection with 466 solutions, nbR1C = 0, nbDiscC = 0
<DWph=0> <it= 22> <et=1.95> <Mt= 0.00> <Spt= 0.01> <nCl=101> <al=0.30> <DB=-2049.4848> <Mlp=  802.3333> <PB=805.1> 
    TT = 4e-05, performed by inspection with 466 solutions, nbR1C = 0, nbDiscC = 0
    TT = 3.6e-05, performed by inspection with 466 solutions, nbR1C = 0, nbDiscC = 0
<DWph=0> <it= 23> <et=1.95> <Mt= 0.00> <Spt= 0.00> <nCl= 23> <al=0.00> <DB=  801.6667> <Mlp=  801.6667> <PB=805.1> 
Dynamic params and stats :  aver.obdmd = 23.1795 aver.buck.num. = 26
@@ 1 1 801.667 3.96667e-05 4.3e-05 0 1.95
Reduced cost fixing for graph G_1...  took 0 sec., done by inspection with 466 solutions, remains 314 (67.4%)
Removed 66 columns (not in the enumerated set) from the formulation
ColGenEvalAlg final dual bound: 801.667 (rounded: 802)
Gap improvement since the last cut separation : 0.945252 (742.389)
Current active cuts : CAP(4,912.667)
In total 1 RCC cut(s) are found by the connected components heuristic 
Shrinking heuristic shrunk 21 edges
In total 1 RCC cut(s) are found by the Fractional capacity min-cut heuristic 
In total 1 RCC cut(s) are found by the greedy construction heuristic 
----- Add fac. cuts : CAP(3), max.viol = 0.666667, aver.viol = 0.444444, sep/add took 0.000648021/0.000685252 sec. -----
1850 columns (417 active), 19 dyn. constrs. (7 active), 95 art. vars. (83 active)
<DWph=2> <it=  1> <et=1.96> <Mt= 0.00> <Spt= 0.00> <nCl=  0> <al=0.00> <DB=  803.2222> <Mlp=  803.2222> <PB=805.1> 
<DWph=1> <it=  2> <et=1.96> <Mt= 0.00> <Spt= 0.00> <nCl=  0> <al=0.00> <DB=  803.2222> <Mlp=  803.2222> <PB=805.1> 
    TT = 3.1e-05, performed by inspection with 314 solutions, nbR1C = 0, nbDiscC = 0
    TT = 3e-05, performed by inspection with 314 solutions, nbR1C = 0, nbDiscC = 0
<DWph=0> <it=  3> <et=1.96> <Mt= 0.00> <Spt= 0.00> <nCl= 10> <al=0.00> <DB=  803.2222> <Mlp=  803.2222> <PB=805.1> 
Dynamic params and stats :  aver.obdmd = 23.1795 aver.buck.num. = 26
@@ 1 2 803.222 3.05e-05 3.1e-05 0 1.96
Reduced cost fixing for graph G_1...  took 0 sec., done by inspection with 314 solutions, remains 201 (64%)
Removed 103 columns (not in the enumerated set) from the formulation
ColGenEvalAlg final dual bound: 803.222 (rounded: 804)
Gap improvement since the last cut separation : 0.453074 (801.667)
Current active cuts : CAP(6,1009.78)
Shrinking heuristic shrunk 12 edges
In total 4 RCC cut(s) are found by the Fractional capacity min-cut heuristic 
In total 3 RCC cut(s) are found by the greedy construction heuristic 
In total 2 RCC cut(s) are found by the global pool greedy search heuristic 
----- Add fac. cuts : CAP(9), max.viol = 0.222222, aver.viol = 0.141975, sep/add took 0.00202044/0.000732415 sec. -----
427 columns (324 active), 16 dyn. constrs. (15 active), 104 art. vars. (91 active)
<DWph=2> <it=  1> <et=1.97> <Mt= 0.00> <Spt= 0.00> <nCl=  0> <al=0.00> <DB=  803.8571> <Mlp=  803.8571> <PB=805.1> 
<DWph=1> <it=  2> <et=1.97> <Mt= 0.00> <Spt= 0.00> <nCl=  0> <al=0.00> <DB=  803.8571> <Mlp=  803.8571> <PB=805.1> 
    TT = 2.9e-05, performed by inspection with 201 solutions, nbR1C = 0, nbDiscC = 0
    TT = 2.7e-05, performed by inspection with 201 solutions, nbR1C = 0, nbDiscC = 0
<DWph=0> <it=  3> <et=1.97> <Mt= 0.00> <Spt= 0.00> <nCl= 16> <al=0.00> <DB=  803.8571> <Mlp=  803.8571> <PB=805.1> 
Dynamic params and stats :  aver.obdmd = 23.1795 aver.buck.num. = 26
@@ 1 3 803.857 2.8e-05 2.9e-05 0 1.97
Reduced cost fixing for graph G_1...  took 0 sec., done by inspection with 201 solutions, remains 127 (63.2%)
Removed 80 columns (not in the enumerated set) from the formulation
ColGenEvalAlg final dual bound: 803.857 (rounded: 804)
Gap improvement since the last cut separation : 0.338123 (803.222)
Current active cuts : CAP(9,1070.43)
Shrinking heuristic shrunk 17 edges
In total 3 RCC cut(s) are found by the Fractional capacity min-cut heuristic 
----- Add fac. cuts : CAP(3), max.viol = 0.142857, aver.viol = 0.142857, sep/add took 0.00107756/0.000110078 sec. -----
335 columns (260 active), 18 dyn. constrs. (12 active), 107 art. vars. (88 active)
<DWph=2> <it=  1> <et=1.98> <Mt= 0.01> <Spt= 0.00> <nCl=  0> <al=0.00> <DB=  804.0833> <Mlp=  804.0833> <PB=805.1> 
<DWph=1> <it=  2> <et=1.98> <Mt= 0.00> <Spt= 0.00> <nCl=  0> <al=0.00> <DB=  804.0833> <Mlp=  804.0833> <PB=805.1> 
    TT = 1.8e-05, performed by inspection with 127 solutions, nbR1C = 0, nbDiscC = 0
    TT = 1.9e-05, performed by inspection with 127 solutions, nbR1C = 0, nbDiscC = 0
<DWph=0> <it=  3> <et=1.98> <Mt= 0.00> <Spt= 0.00> <nCl=  0> <al=0.00> <DB=  804.0833> <Mlp=  804.0833> <PB=805.1> 
Dynamic params and stats :  aver.obdmd = 23.1795 aver.buck.num. = 26
@@ 1 4 804.083 1.85e-05 1.9e-05 0 1.98
Reduced cost fixing for graph G_1...  took 0 sec., done by inspection with 127 solutions, remains 96 (75.6%)
Removed 59 columns (not in the enumerated set) from the formulation
ColGenEvalAlg final dual bound: 804.083 (rounded: 805)
Gap improvement since the last cut separation : 0.181992 (803.857)
Current active cuts : CAP(11,1139.67)
Shrinking heuristic shrunk 15 edges
In total 1 RCC cut(s) are found by the Fractional capacity min-cut heuristic 
In total 2 RCC cut(s) are found by the greedy construction heuristic 
----- Add fac. cuts : CAP(3), max.viol = 0.0833333, aver.viol = 0.0833333, sep/add took 0.00128769/0.000229725 sec. -----
260 columns (201 active), 15 dyn. constrs. (15 active), 110 art. vars. (91 active)
<DWph=2> <it=  1> <et=1.98> <Mt= 0.00> <Spt= 0.01> <nCl=  0> <al=0.00> <DB=  804.1429> <Mlp=  804.1429> <PB=805.1> 
<DWph=1> <it=  2> <et=1.98> <Mt= 0.00> <Spt= 0.00> <nCl=  0> <al=0.00> <DB=  804.1429> <Mlp=  804.1429> <PB=805.1> 
    TT = 1.5e-05, performed by inspection with 96 solutions, nbR1C = 0, nbDiscC = 0
    TT = 1.4e-05, performed by inspection with 96 solutions, nbR1C = 0, nbDiscC = 0
<DWph=0> <it=  3> <et=1.98> <Mt= 0.00> <Spt= 0.00> <nCl=  0> <al=0.00> <DB=  804.1429> <Mlp=  804.1429> <PB=805.1> 
Dynamic params and stats :  aver.obdmd = 23.1795 aver.buck.num. = 26
@@ 1 5 804.143 1.45e-05 1.5e-05 0 1.98
Reduced cost fixing for graph G_1...  took 0 sec., done by inspection with 96 solutions, remains 95 (99%)
Removed 3 columns (not in the enumerated set) from the formulation
    Full reduced cost fixing is not called (gap ratio is 0.935065)
ColGenEvalAlg final dual bound: 804.143 (rounded: 805)
Gap improvement since the last cut separation : 0.058548 (804.083)
Current active cuts : CAP(13,1140.29)
Shrinking heuristic shrunk 12 edges
In total 3 RCC cut(s) are found by the Fractional capacity min-cut heuristic 
In total 1 RCC cut(s) are found by the greedy construction heuristic 
----- Add fac. cuts : CAP(4), max.viol = 0.142857, aver.viol = 0.142857, sep/add took 0.00169666/0.000190443 sec. -----
201 columns (198 active), 19 dyn. constrs. (18 active), 114 art. vars. (94 active)
<DWph=2> <it=  1> <et=1.99> <Mt= 0.00> <Spt= 0.00> <nCl=  0> <al=0.00> <DB=  804.5000> <Mlp=  804.5000> <PB=805.1> 
<DWph=1> <it=  2> <et=1.99> <Mt= 0.00> <Spt= 0.00> <nCl=  0> <al=0.00> <DB=  804.5000> <Mlp=  804.5000> <PB=805.1> 
    TT = 1.4e-05, performed by inspection with 95 solutions, nbR1C = 0, nbDiscC = 0
    TT = 1.3e-05, performed by inspection with 95 solutions, nbR1C = 0, nbDiscC = 0
<DWph=0> <it=  3> <et=1.99> <Mt= 0.00> <Spt= 0.00> <nCl=  0> <al=0.00> <DB=  804.5000> <Mlp=  804.5000> <PB=805.1> 
Dynamic params and stats :  aver.obdmd = 23.1795 aver.buck.num. = 26
@@ 1 6 804.5 1.35e-05 1.4e-05 0 1.99
Reduced cost fixing for graph G_1...  took 0 sec., done by inspection with 95 solutions, remains 76 (80%)
Removed 36 columns (not in the enumerated set) from the formulation
ColGenEvalAlg final dual bound: 804.5 (rounded: 805)
Gap improvement since the last cut separation : 0.373134 (804.143)
Current active cuts : CAP(14,1265.25)
Shrinking heuristic shrunk 23 edges
32 Rank-1 3-rows pack. cuts added ,  max viol. = 0.5, aver. viol. = 0.257812
Building structures for heuristic rank-1 packing cut separation...done!
79 Rank-1 4-rows pack. cuts added ,  max viol. = 0.5, aver. viol. = 0.297468
100 Rank-1 5-rows pack. cuts added ,  max viol. = 0.5, aver. viol. = 0.4
----- Add fac. cuts : R1C(211), max.viol = 0.5, aver.viol = 0.387441, sep/add took 0.140983/0.00582231 sec. -----
198 columns (162 active), 229 dyn. constrs. (226 active), 325 art. vars. (302 active)
<DWph=2> <it=  1> <et=2.14> <Mt= 0.00> <Spt= 0.00> <nCl=  0> <al=0.50> <DB=  804.5000> <Mlp=  805.0000> <PB=805> 
ColGenEvalAlg final dual bound: 804.5 (rounded: 805)
Gap improvement since the last cut separation : 1 (804.5)
Current active cuts : CAP(13,1263) R1C(1,1) 5rowPackR1C(1)
New model incumbent solution 805, TIME = 0h0m2s14t = 214
************************************************************************************************
Search is finished, global bounds : [ 805 , 805 ], TIME = 0h0m2s14t = 214
************************************************************************************************
805.0
[[25, 7, 12, 29, 24, 34, 8, 17, 36], [16, 26], [14, 15, 1, 10, 20], [27, 5, 4, 18, 33, 23], [21, 28, 32, 22, 6, 19, 9], [31, 30, 2, 35, 37, 13, 3, 11]]
Built-in heuristic is enabled
instance_name solver_name ext_heuristic solution_value solution_time best_lb root_lb root_time nb_branch_and_bound_nodes status
/home/logis/Downloads/VRPSolverEasy/VRPSolverEasy/demos/data/CVRP/B-n38-k6 CLP True 804.9999999999965 2.142066163 805.0 805.0 2.141832548 1 0

