Node memory for rank-1 cuts will be used (7.29761)
~~~~~~~~~~~~~~~~~~~~~~~~~~~~~~~~~~~~~~~~~~~~~~~~~~~~~~~~~~~~~~~~~~~~~~~~~~~~~~~~~~~~~
VRPSolver v0.5.27, 24/02/2023, © Inria Bordeaux, France, vrpsolver.math.u-bordeaux.fr
      Corresponds to the solver by Pessoa, Sadykov, Uchoa and Vanderbeck (2020)
                 Paper: dx.doi.org/10.1007/s10107-020-01523-z
~~~~~~~~~~~~~~~~~~~~~~~~~~~~~~~~~~~~~~~~~~~~~~~~~~~~~~~~~~~~~~~~~~~~~~~~~~~~~~~~~~~~~
   BaPCod v0.77, 15/03/2023, © Inria Bordeaux, France, bapcod.math.u-bordeaux.fr 
           THIS CODE IS PROVIDED AS IS, USE IT AT YOUR OWN RISK
~~~~~~~~~~~~~~~~~~~~~~~~~~~~~~~~~~~~~~~~~~~~~~~~~~~~~~~~~~~~~~~~~~~~~~~~~~~~~~~~~~~~~
Bucket steps were recalculated for graph G_1 : [4]
RCSP solver info : symmetric case is detected for graph G_1! 
Bidirectional border value is initialised to 50
RCSP solver info : number of forw. reachable buckets / buck. strongly connected components is 1608( 93.7063% ) / 1308( 81.3433% )
Generating neighbourhoods for rank-1 cuts separation
Building structures for 4- and 5-row rank-1 packing cut separation...done!
Model is built TIME = 0h0m0s3t = 3
************************************************************************************************
**** BaB tree root node
**** Local DB = -1e+12, global bounds : [ -1e+12 , 1e+06 ], TIME = 0h0m0s3t = 3
**** 1 open nodes, 0 columns (0 active), 0 dyn. constrs. (0 active), 130 art. vars. (130 active)
************************************************************************************************
#<DWph=2> <it=  1> <et=0.03> <Mt= 0.00> <Spt= 0.00> <nCl= 30> <al=0.00> <DB=-238844375.0000> <Mlp=5137500.0000> <PB=1000000> 
#<DWph=2> <it=  2> <et=0.04> <Mt= 0.00> <Spt= 0.00> <nCl= 30> <al=0.55> <DB=-187721783.5571> <Mlp=4982208.7619> <PB=1000000> 
#<DWph=2> <it=  3> <et=0.04> <Mt= 0.00> <Spt= 0.01> <nCl= 30> <al=0.45> <DB=-238878331.2067> <Mlp=4939709.5801> <PB=1000000> 
#<DWph=2> <it=  4> <et=0.05> <Mt= 0.00> <Spt= 0.00> <nCl= 30> <al=0.51> <DB=-118257692.1825> <Mlp=4784222.7301> <PB=1000000> 
#<DWph=2> <it=  5> <et=0.05> <Mt= 0.00> <Spt= 0.01> <nCl= 30> <al=0.41> <DB=-231386210.5086> <Mlp=4781490.3051> <PB=1000000> 
#<DWph=2> <it=  6> <et=0.06> <Mt= 0.00> <Spt= 0.00> <nCl= 30> <al=0.31> <DB=-171921727.2562> <Mlp=4632653.6846> <PB=1000000> 
#<DWph=2> <it=  7> <et=0.06> <Mt= 0.00> <Spt= 0.01> <nCl= 30> <al=0.21> <DB=-150075920.8761> <Mlp=4618635.9129> <PB=1000000> 
#<DWph=2> <it=  8> <et=0.07> <Mt= 0.00> <Spt= 0.00> <nCl= 30> <al=0.28> <DB=-89986804.1799> <Mlp=4595632.7159> <PB=1000000> 
#<DWph=2> <it=  9> <et=0.07> <Mt= 0.00> <Spt= 0.01> <nCl= 30> <al=0.18> <DB=-191133387.4690> <Mlp=4431157.6756> <PB=1000000> 
#<DWph=2> <it= 10> <et=0.08> <Mt= 0.00> <Spt= 0.00> <nCl= 30> <al=0.27> <DB=-76099705.9061> <Mlp=4417132.1858> <PB=1000000> 
#<DWph=2> <it= 11> <et=0.08> <Mt= 0.00> <Spt= 0.01> <nCl= 30> <al=0.17> <DB=-88393782.2224> <Mlp=4261506.8129> <PB=1000000> 
#<DWph=2> <it= 12> <et=0.08> <Mt= 0.00> <Spt= 0.00> <nCl= 30> <al=0.25> <DB=-93259268.4380> <Mlp=4161070.5203> <PB=1000000> 
#<DWph=2> <it= 13> <et=0.09> <Mt= 0.00> <Spt= 0.00> <nCl= 30> <al=0.32> <DB=-83680877.0895> <Mlp=4137184.1267> <PB=1000000> 
#<DWph=2> <it= 14> <et=0.09> <Mt= 0.00> <Spt= 0.01> <nCl= 30> <al=0.39> <DB=-66629662.6832> <Mlp=4075758.2906> <PB=1000000> 
#<DWph=2> <it= 15> <et=0.10> <Mt= 0.00> <Spt= 0.00> <nCl= 30> <al=0.45> <DB=-69348164.9733> <Mlp=4063174.4072> <PB=1000000> 
#<DWph=2> <it= 16> <et=0.10> <Mt= 0.00> <Spt= 0.01> <nCl= 30> <al=0.51> <DB=-68475249.6255> <Mlp=4048692.7092> <PB=1000000> 
#<DWph=2> <it= 17> <et=0.11> <Mt= 0.00> <Spt= 0.00> <nCl= 30> <al=0.41> <DB=-56821615.0765> <Mlp=4011818.1884> <PB=1000000> 
#<DWph=2> <it= 18> <et=0.11> <Mt= 0.00> <Spt= 0.01> <nCl= 30> <al=0.47> <DB=-54964220.4530> <Mlp=3809082.5503> <PB=1000000> 
#<DWph=2> <it= 19> <et=0.12> <Mt= 0.00> <Spt= 0.00> <nCl= 30> <al=0.52> <DB=-47809851.2109> <Mlp=3661430.7836> <PB=1000000> 
#<DWph=2> <it= 20> <et=0.12> <Mt= 0.00> <Spt= 0.00> <nCl= 30> <al=0.57> <DB=-45398871.2165> <Mlp=3486444.8795> <PB=1000000> 
#<DWph=2> <it= 21> <et=0.13> <Mt= 0.00> <Spt= 0.01> <nCl= 30> <al=0.61> <DB=-40739240.1953> <Mlp=3328592.0767> <PB=1000000> 
#<DWph=2> <it= 22> <et=0.13> <Mt= 0.00> <Spt= 0.00> <nCl= 30> <al=0.51> <DB=-36010286.6609> <Mlp=3079642.6270> <PB=1000000> 
#<DWph=2> <it= 23> <et=0.14> <Mt= 0.00> <Spt= 0.01> <nCl= 30> <al=0.56> <DB=-36259445.9918> <Mlp=2701151.3647> <PB=1000000> 
#<DWph=2> <it= 24> <et=0.14> <Mt= 0.00> <Spt= 0.00> <nCl= 30> <al=0.60> <DB=-31860138.4062> <Mlp=2491873.9927> <PB=1000000> 
#<DWph=2> <it= 25> <et=0.15> <Mt= 0.01> <Spt= 0.00> <nCl= 30> <al=0.64> <DB=-29407580.2571> <Mlp=2179189.0809> <PB=1000000> 
#<DWph=2> <it= 26> <et=0.15> <Mt= 0.00> <Spt= 0.01> <nCl= 30> <al=0.68> <DB=-27116747.5290> <Mlp=1947112.7626> <PB=1000000> 
#<DWph=2> <it= 27> <et=0.16> <Mt= 0.00> <Spt= 0.00> <nCl= 30> <al=0.71> <DB=-25332280.8091> <Mlp=1727977.2812> <PB=1000000> 
#<DWph=2> <it= 28> <et=0.16> <Mt= 0.00> <Spt= 0.01> <nCl= 30> <al=0.74> <DB=-22654285.3220> <Mlp=1468635.7832> <PB=1000000> 
#<DWph=2> <it= 29> <et=0.17> <Mt= 0.00> <Spt= 0.00> <nCl= 30> <al=0.64> <DB=-20754720.3119> <Mlp=1183696.9958> <PB=1000000> 
#<DWph=2> <it= 30> <et=0.18> <Mt= 0.00> <Spt= 0.00> <nCl= 30> <al=0.54> <DB=-19663459.8275> <Mlp=903713.8879> <PB=1000000> 
#<DWph=2> <it= 31> <et=0.18> <Mt= 0.01> <Spt= 0.01> <nCl= 30> <al=0.44> <DB=-19177540.6427> <Mlp=78257.4881> <PB=1000000> 
#<DWph=2> <it= 32> <et=0.19> <Mt= 0.00> <Spt= 0.00> <nCl= 30> <al=0.50> <DB=-12151128.8772> <Mlp=26722.3939> <PB=1000000> 
#<DWph=2> <it= 33> <et=0.19> <Mt= 0.00> <Spt= 0.00> <nCl= 30> <al=0.40> <DB=-3847033.1983> <Mlp= 4318.1311> <PB=1000000> 
#<DWph=2> <it= 34> <et=0.20> <Mt= 0.00> <Spt= 0.01> <nCl= 30> <al=0.30> <DB=-283601.0398> <Mlp= 4188.0710> <PB=1000000> 
<DWph=2> <it= 35> <et=0.20> <Mt= 0.01> <Spt= 0.00> <nCl=  1> <al=0.37> <DB=-101930.1469> <Mlp= 2663.7767> <PB=1000000> 
<DWph=2> <it= 36> <et=0.20> <Mt= 0.00> <Spt= 0.00> <nCl=  2> <al=0.27> <DB=-24929.0563> <Mlp= 2663.6306> <PB=1000000> 
<DWph=2> <it= 37> <et=0.21> <Mt= 0.00> <Spt= 0.00> <nCl= 30> <al=0.17> <DB=-30356.8020> <Mlp= 2662.9348> <PB=1000000> 
<DWph=2> <it= 38> <et=0.21> <Mt= 0.00> <Spt= 0.01> <nCl= 30> <al=0.25> <DB=-5986.8236> <Mlp= 2662.0932> <PB=1000000> 
<DWph=2> <it= 39> <et=0.22> <Mt= 0.00> <Spt= 0.00> <nCl= 30> <al=0.15> <DB=-38231.7062> <Mlp= 2498.5329> <PB=1000000> 
<DWph=2> <it= 40> <et=0.22> <Mt= 0.00> <Spt= 0.00> <nCl= 30> <al=0.23> <DB=-26848.5524> <Mlp= 2425.4995> <PB=1000000> 
<DWph=2> <it= 41> <et=0.23> <Mt= 0.00> <Spt= 0.01> <nCl= 30> <al=0.31> <DB=-14244.9079> <Mlp= 2387.0064> <PB=1000000> 
<DWph=2> <it= 42> <et=0.24> <Mt= 0.00> <Spt= 0.00> <nCl= 30> <al=0.38> <DB=-11047.9189> <Mlp= 2300.2897> <PB=1000000> 
<DWph=2> <it= 43> <et=0.24> <Mt= 0.01> <Spt= 0.01> <nCl= 30> <al=0.44> <DB=-5055.7543> <Mlp= 2220.3153> <PB=1000000> 
<DWph=2> <it= 44> <et=0.25> <Mt= 0.00> <Spt= 0.00> <nCl= 30> <al=0.50> <DB=-11482.4307> <Mlp= 2125.3011> <PB=1000000> 
<DWph=2> <it= 45> <et=0.26> <Mt= 0.00> <Spt= 0.01> <nCl= 30> <al=0.55> <DB=-5162.2380> <Mlp= 2051.2796> <PB=1000000> 
<DWph=2> <it= 46> <et=0.26> <Mt= 0.00> <Spt= 0.00> <nCl= 30> <al=0.59> <DB=-4488.2075> <Mlp= 1908.4970> <PB=1000000> 
<DWph=2> <it= 47> <et=0.27> <Mt= 0.01> <Spt= 0.00> <nCl= 30> <al=0.63> <DB=-7618.3180> <Mlp= 1847.4841> <PB=1000000> 
<DWph=2> <it= 48> <et=0.28> <Mt= 0.00> <Spt= 0.01> <nCl= 30> <al=0.67> <DB=-3926.8190> <Mlp= 1798.3744> <PB=1000000> 
<DWph=2> <it= 49> <et=0.28> <Mt= 0.00> <Spt= 0.00> <nCl= 30> <al=0.70> <DB=-3413.7220> <Mlp= 1704.6860> <PB=1000000> 
<DWph=2> <it= 50> <et=0.29> <Mt= 0.00> <Spt= 0.01> <nCl= 30> <al=0.73> <DB=-3208.5382> <Mlp= 1657.2989> <PB=1000000> 
<DWph=2> <it= 51> <et=0.30> <Mt= 0.01> <Spt= 0.00> <nCl= 30> <al=0.76> <DB=-3333.7123> <Mlp= 1553.2611> <PB=1000000> 
<DWph=2> <it= 52> <et=0.30> <Mt= 0.00> <Spt= 0.01> <nCl= 30> <al=0.78> <DB=-2332.8857> <Mlp= 1477.1349> <PB=1000000> 
<DWph=2> <it= 53> <et=0.31> <Mt= 0.00> <Spt= 0.00> <nCl= 28> <al=0.81> <DB=-1985.2831> <Mlp= 1431.0591> <PB=1000000> 
<DWph=2> <it= 54> <et=0.32> <Mt= 0.01> <Spt= 0.00> <nCl= 30> <al=0.71> <DB=-2491.0921> <Mlp= 1381.7004> <PB=1000000> 
<DWph=2> <it= 55> <et=0.33> <Mt= 0.00> <Spt= 0.01> <nCl= 26> <al=0.73> <DB=-1038.6653> <Mlp= 1343.5757> <PB=1000000> 
<DWph=2> <it= 56> <et=0.33> <Mt= 0.00> <Spt= 0.00> <nCl= 30> <al=0.63> <DB=-1535.7666> <Mlp= 1331.5393> <PB=1000000> 
<DWph=2> <it= 57> <et=0.34> <Mt= 0.00> <Spt= 0.01> <nCl= 29> <al=0.67> <DB=-1085.6872> <Mlp= 1288.0891> <PB=1000000> 
<DWph=2> <it= 58> <et=0.35> <Mt= 0.01> <Spt= 0.00> <nCl= 24> <al=0.70> <DB= -171.5442> <Mlp= 1261.0681> <PB=1000000> 
<DWph=2> <it= 59> <et=0.35> <Mt= 0.00> <Spt= 0.01> <nCl= 30> <al=0.60> <DB= -474.8309> <Mlp= 1233.4882> <PB=1000000> 
<DWph=2> <it= 60> <et=0.36> <Mt= 0.00> <Spt= 0.00> <nCl= 29> <al=0.64> <DB=  434.5343> <Mlp= 1202.5011> <PB=1000000> 
<DWph=2> <it= 61> <et=0.37> <Mt= 0.00> <Spt= 0.00> <nCl= 30> <al=0.54> <DB= -165.1034> <Mlp= 1190.0091> <PB=1000000> 
<DWph=2> <it= 62> <et=0.37> <Mt= 0.01> <Spt= 0.01> <nCl= 29> <al=0.59> <DB=  245.2824> <Mlp= 1178.8728> <PB=1000000> 
<DWph=2> <it= 63> <et=0.38> <Mt= 0.00> <Spt= 0.00> <nCl= 18> <al=0.63> <DB= 1024.3535> <Mlp= 1167.4789> <PB=1000000> 
<DWph=2> <it= 64> <et=0.39> <Mt= 0.00> <Spt= 0.01> <nCl= 21> <al=0.53> <DB= 1102.2175> <Mlp= 1159.8887> <PB=1000000> 
<DWph=2> <it= 65> <et=0.39> <Mt= 0.00> <Spt= 0.00> <nCl= 17> <al=0.43> <DB=  911.9137> <Mlp= 1158.8836> <PB=1000000> 
<DWph=2> <it= 66> <et=0.40> <Mt= 0.00> <Spt= 0.00> <nCl= 17> <al=0.49> <DB= 1110.1691> <Mlp= 1156.0872> <PB=1000000> 
<DWph=2> <it= 67> <et=0.40> <Mt= 0.00> <Spt= 0.01> <nCl= 17> <al=0.54> <DB= 1117.2115> <Mlp= 1154.3968> <PB=1000000> 
<DWph=2> <it= 68> <et=0.41> <Mt= 0.01> <Spt= 0.00> <nCl= 10> <al=0.58> <DB= 1099.8188> <Mlp= 1153.4214> <PB=1000000> 
<DWph=2> <it= 69> <et=0.41> <Mt= 0.00> <Spt= 0.01> <nCl=  8> <al=0.63> <DB= 1124.2936> <Mlp= 1152.5511> <PB=1000000> 
<DWph=2> <it= 70> <et=0.42> <Mt= 0.00> <Spt= 0.00> <nCl= 11> <al=0.53> <DB= 1116.9609> <Mlp= 1151.3521> <PB=1000000> 
<DWph=2> <it= 71> <et=0.43> <Mt= 0.00> <Spt= 0.01> <nCl= 11> <al=0.15> <DB= 1127.9300> <Mlp= 1150.7735> <PB=1000000> 
<DWph=2> <it= 72> <et=0.43> <Mt= 0.00> <Spt= 0.00> <nCl=  3> <al=0.47> <DB= 1140.8607> <Mlp= 1150.7452> <PB=1000000> 
<DWph=2> <it= 73> <et=0.44> <Mt= 0.00> <Spt= 0.01> <nCl=  4> <al=0.37> <DB= 1130.7779> <Mlp= 1150.7452> <PB=1000000> 
<DWph=2> <it= 74> <et=0.44> <Mt= 0.00> <Spt= 0.00> <nCl=  4> <al=0.44> <DB= 1145.5631> <Mlp= 1150.3989> <PB=1000000> 
<DWph=2> <it= 75> <et=0.45> <Mt= 0.00> <Spt= 0.00> <nCl=  3> <al=0.34> <DB= 1148.7722> <Mlp= 1150.3989> <PB=1000000> 
<DWph=2> <it= 76> <et=0.45> <Mt= 0.00> <Spt= 0.01> <nCl=  3> <al=0.00> <DB= 1150.3989> <Mlp= 1150.3989> <PB=1000000> 
<DWph=1> <it= 77> <et=0.46> <Mt= 0.00> <Spt= 0.01> <nCl= 17> <al=0.14> <DB= 1107.0024> <Mlp= 1150.3989> <PB=1000000> 
<DWph=1> <it= 78> <et=0.47> <Mt= 0.00> <Spt= 0.01> <nCl= 11> <al=0.22> <DB= 1091.9263> <Mlp= 1148.5543> <PB=1000000> 
<DWph=1> <it= 79> <et=0.49> <Mt= 0.01> <Spt= 0.01> <nCl= 11> <al=0.00> <DB= 1137.5109> <Mlp= 1148.5543> <PB=1000000> 
<DWph=1> <it= 80> <et=0.49> <Mt= 0.00> <Spt= 0.01> <nCl=  3> <al=0.20> <DB= 1141.2313> <Mlp= 1148.5394> <PB=1000000> 
<DWph=1> <it= 81> <et=0.51> <Mt= 0.00> <Spt= 0.01> <nCl=  1> <al=0.00> <DB= 1148.5273> <Mlp= 1148.5273> <PB=1000000> 
    RCSP exact solver info for graph G_1 : TT = 0.011894, pt = 1.2e-05, dt = 0.010118, ct = 0.001447, ndl = 2', bdl = 73', odl = 2', odf = 17', bsi = 1', cnt = 3', bdch = 538', odch = 25', lcp = 22', #sols = 150
<DWph=0> <it= 82> <et=0.52> <Mt= 0.00> <Spt= 0.02> <nCl= 71> <al=0.18> <DB= 1129.3202> <Mlp= 1148.5273> <PB=1000000> 
    RCSP exact solver info for graph G_1 : TT = 0.009831, pt = 2.9e-05, dt = 0.008014, ct = 0.001479, ndl = 2', bdl = 74', odl = 2', odf = 18', bsi = 1', cnt = 3', bdch = 550', odch = 26', lcp = 23', #sols = 150
<DWph=0> <it= 83> <et=0.54> <Mt= 0.00> <Spt= 0.01> <nCl= 15> <al=0.26> <DB= 1125.6018> <Mlp= 1147.6939> <PB=1000000> 
    RCSP exact solver info for graph G_1 : TT = 0.009616, pt = 2.4e-05, dt = 0.007837, ct = 0.001461, ndl = 2', bdl = 73', odl = 2', odf = 17', bsi = 1', cnt = 3', bdch = 540', odch = 25', lcp = 22', #sols = 150
    RCSP exact solver info for graph G_1 : TT = 0.00956, pt = 2.1e-05, dt = 0.007798, ct = 0.001449, ndl = 2', bdl = 73', odl = 2', odf = 17', bsi = 1', cnt = 3', bdch = 538', odch = 25', lcp = 22', #sols = 150
<DWph=0> <it= 84> <et=0.56> <Mt= 0.00> <Spt= 0.02> <nCl= 13> <al=0.00> <DB= 1147.6113> <Mlp= 1147.6113> <PB=1000000> 
Dynamic params and stats :  aver.obdmd = 23.3788 aver.buck.num. = 26
@@ 1 0 1147.61 0.00990075 0.011565 84.4846 0.56
Labels distribution in buckets (bucket size) : largest - 33, top 0.1% - 33, top 0.5% - 26, top 2% - 18, top 10% - 10, top 50% - 2
Reduced cost fixing for graph G_1... 80310 buck. arcs remain (93.9% from prev., 79.3% from max.) + 0 jump buck. arcs (0% from max.)
 TT = 0.102637, pt = 0.005639, dt = 0.047397, ct = 0.04944, ndl = 13', bdl = 506', odl = 4', odf = 56', lpcb = 105', cnt = 836', bdch = 6973', odch = 186', lcp = 165'
Labels distribution in buckets (bucket size) : largest - 38, top 0.1% - 38, top 0.5% - 28, top 2% - 20, top 10% - 11, top 50% - 2
Run forward enumeration with border = 50... not succeeded (ratio 0.983751) lpt = 0.004488, ndl = 8', dl = 0', lpcb = 0', dch = 4'
 TT = 0.007395, pt = 0.001979, dt = 0.004488, ct = 0, ndl = 8', bdl = 0', cnt = 22', bdch = 4', odch = 0', lcp = 0'
ColGenEvalAlg final dual bound: 1147.61 (rounded: 1148)
Shrinking heuristic shrunk 18 edges
In total 24 RCC cut(s) are found by the Fractional capacity min-cut heuristic 
In total 146 RCC cut(s) are found by the greedy construction heuristic 
----- Add fac. cuts : CAP(100), max.viol = 0.575758, aver.viol = 0.352724, sep/add took 0.0123672/0.0849663 sec. -----
2077 columns (2077 active), 100 dyn. constrs. (100 active), 230 art. vars. (230 active)
<DWph=2> <it=  1> <et=0.79> <Mt= 0.01> <Spt= 0.01> <nCl= 16> <al=0.50> <DB= 1122.9471> <Mlp= 1161.7516> <PB=1000000> 
<DWph=2> <it=  2> <et=0.81> <Mt= 0.01> <Spt= 0.00> <nCl=  3> <al=0.55> <DB= 1153.4360> <Mlp= 1160.5551> <PB=1000000> 
<DWph=2> <it=  3> <et=0.82> <Mt= 0.00> <Spt= 0.01> <nCl= 10> <al=0.60> <DB= 1149.5353> <Mlp= 1160.4609> <PB=1000000> 
<DWph=2> <it=  4> <et=0.84> <Mt= 0.01> <Spt= 0.01> <nCl= 13> <al=0.27> <DB= 1104.0215> <Mlp= 1159.9143> <PB=1000000> 
<DWph=2> <it=  5> <et=0.85> <Mt= 0.01> <Spt= 0.01> <nCl=  2> <al=0.54> <DB= 1152.5245> <Mlp= 1159.7792> <PB=1000000> 
<DWph=2> <it=  6> <et=0.86> <Mt= 0.01> <Spt= 0.00> <nCl=  4> <al=0.58> <DB= 1143.6178> <Mlp= 1159.6719> <PB=1000000> 
<DWph=2> <it=  7> <et=0.88> <Mt= 0.00> <Spt= 0.01> <nCl=  6> <al=0.25> <DB= 1154.0538> <Mlp= 1159.5292> <PB=1000000> 
<DWph=2> <it=  8> <et=0.89> <Mt= 0.01> <Spt= 0.01> <nCl=  1> <al=0.52> <DB= 1158.0433> <Mlp= 1159.4567> <PB=1000000> 
<DWph=2> <it=  9> <et=0.91> <Mt= 0.00> <Spt= 0.01> <nCl=  6> <al=0.14> <DB=  955.3790> <Mlp= 1159.4527> <PB=1000000> 
<DWph=2> <it= 10> <et=0.92> <Mt= 0.01> <Spt= 0.01> <nCl=  5> <al=0.00> <DB= 1065.1025> <Mlp= 1159.2179> <PB=1000000> 
<DWph=2> <it= 11> <et=0.94> <Mt= 0.00> <Spt= 0.01> <nCl=  0> <al=0.00> <DB= 1159.2179> <Mlp= 1159.2179> <PB=1000000> 
<DWph=1> <it= 12> <et=0.95> <Mt= 0.00> <Spt= 0.01> <nCl= 14> <al=0.27> <DB=  933.5204> <Mlp= 1159.2179> <PB=1000000> 
<DWph=1> <it= 13> <et=0.96> <Mt= 0.01> <Spt= 0.01> <nCl= 12> <al=0.17> <DB= 1132.6381> <Mlp= 1159.0112> <PB=1000000> 
<DWph=1> <it= 14> <et=0.98> <Mt= 0.00> <Spt= 0.01> <nCl=  2> <al=0.25> <DB= 1147.2752> <Mlp= 1158.9885> <PB=1000000> 
<DWph=1> <it= 15> <et=1.00> <Mt= 0.01> <Spt= 0.02> <nCl=  4> <al=0.00> <DB= 1158.9840> <Mlp= 1158.9840> <PB=1000000> 
    RCSP exact solver info for graph G_1 : TT = 0.010146, pt = 1.4e-05, dt = 0.008259, ct = 0.001525, ndl = 3', bdl = 78', odl = 2', odf = 17', bsi = 1', cnt = 4', bdch = 558', odch = 24', lcp = 24', #sols = 150
<DWph=0> <it= 16> <et=1.02> <Mt= 0.00> <Spt= 0.01> <nCl= 54> <al=0.23> <DB= 1120.6962> <Mlp= 1158.9840> <PB=1000000> 
    RCSP exact solver info for graph G_1 : TT = 0.010078, pt = 3e-05, dt = 0.008215, ct = 0.001508, ndl = 3', bdl = 78', odl = 2', odf = 16', bsi = 1', cnt = 4', bdch = 564', odch = 24', lcp = 24', #sols = 150
<DWph=0> <it= 17> <et=1.04> <Mt= 0.01> <Spt= 0.02> <nCl= 14> <al=0.13> <DB= 1136.7384> <Mlp= 1158.9245> <PB=1000000> 
    RCSP exact solver info for graph G_1 : TT = 0.010149, pt = 2.7e-05, dt = 0.008272, ct = 0.001522, ndl = 3', bdl = 78', odl = 2', odf = 17', bsi = 1', cnt = 4', bdch = 570', odch = 24', lcp = 24', #sols = 150
    RCSP exact solver info for graph G_1 : TT = 0.009998, pt = 2.4e-05, dt = 0.008153, ct = 0.001512, ndl = 3', bdl = 78', odl = 2', odf = 16', bsi = 1', cnt = 4', bdch = 562', odch = 24', lcp = 24', #sols = 150
<DWph=0> <it= 18> <et=1.07> <Mt= 0.00> <Spt= 0.02> <nCl= 14> <al=0.00> <DB= 1158.9219> <Mlp= 1158.9219> <PB=1000000> 
Dynamic params and stats :  aver.obdmd = 23.3788 aver.buck.num. = 26
@@ 1 1 1158.92 0.0097415 0.009794 79.3201 1.07
    Full reduced cost fixing is not called (gap ratio is 0.999989)
ColGenEvalAlg final dual bound: 1158.92 (rounded: 1159)
False gap improvement since the last cut separation : 0.0985581 (1147.61)
Current active cuts : CAP(12,531.728)
Shrinking heuristic shrunk 10 edges
In total 14 RCC cut(s) are found by the Fractional capacity min-cut heuristic 
In total 62 RCC cut(s) are found by the greedy construction heuristic 
In total 6 RCC cut(s) are found by the global pool greedy search heuristic 
----- Add fac. cuts : CAP(82), max.viol = 0.423239, aver.viol = 0.190132, sep/add took 0.0181883/0.0811773 sec. -----
2257 columns (2257 active), 182 dyn. constrs. (95 active), 312 art. vars. (225 active)
<DWph=2> <it=  1> <et=1.21> <Mt= 0.03> <Spt= 0.01> <nCl= 18> <al=0.50> <DB=  607.4572> <Mlp= 1169.5207> <PB=1000000> 
<DWph=2> <it=  2> <et=1.23> <Mt= 0.01> <Spt= 0.01> <nCl=  8> <al=0.55> <DB= 1057.9248> <Mlp= 1167.1913> <PB=1000000> 
<DWph=2> <it=  3> <et=1.25> <Mt= 0.02> <Spt= 0.01> <nCl=  3> <al=0.60> <DB= 1161.7319> <Mlp= 1165.8603> <PB=1000000> 
<DWph=2> <it=  4> <et=1.26> <Mt= 0.00> <Spt= 0.00> <nCl=  7> <al=0.50> <DB= 1152.0070> <Mlp= 1165.6587> <PB=1000000> 
<DWph=2> <it=  5> <et=1.28> <Mt= 0.01> <Spt= 0.01> <nCl=  1> <al=0.40> <DB= 1161.0320> <Mlp= 1165.5309> <PB=1000000> 
<DWph=2> <it=  6> <et=1.29> <Mt= 0.01> <Spt= 0.01> <nCl=  2> <al=0.46> <DB= 1163.6582> <Mlp= 1165.4179> <PB=1000000> 
<DWph=2> <it=  7> <et=1.30> <Mt= 0.00> <Spt= 0.00> <nCl= 11> <al=0.36> <DB= 1142.7188> <Mlp= 1165.3862> <PB=1000000> 
<DWph=2> <it=  8> <et=1.32> <Mt= 0.01> <Spt= 0.01> <nCl=  4> <al=0.42> <DB= 1149.7949> <Mlp= 1165.2653> <PB=1000000> 
<DWph=2> <it=  9> <et=1.33> <Mt= 0.01> <Spt= 0.01> <nCl=  3> <al=0.48> <DB= 1159.7927> <Mlp= 1165.1243> <PB=1000000> 
<DWph=2> <it= 10> <et=1.34> <Mt= 0.00> <Spt= 0.00> <nCl=  2> <al=0.38> <DB= 1160.9082> <Mlp= 1165.1243> <PB=1000000> 
<DWph=2> <it= 11> <et=1.35> <Mt= 0.00> <Spt= 0.01> <nCl=  3> <al=0.28> <DB= 1162.0075> <Mlp= 1165.1019> <PB=1000000> 
<DWph=2> <it= 12> <et=1.36> <Mt= 0.01> <Spt= 0.01> <nCl=  3> <al=0.18> <DB= 1148.0683> <Mlp= 1165.0926> <PB=1000000> 
<DWph=2> <it= 13> <et=1.38> <Mt= 0.01> <Spt= 0.00> <nCl=  2> <al=0.26> <DB= 1161.9162> <Mlp= 1164.8634> <PB=1000000> 
<DWph=2> <it= 14> <et=1.39> <Mt= 0.00> <Spt= 0.02> <nCl= 13> <al=0.00> <DB= 1158.4806> <Mlp= 1164.8634> <PB=1000000> 
<DWph=2> <it= 15> <et=1.41> <Mt= 0.00> <Spt= 0.00> <nCl=  1> <al=0.23> <DB= 1163.8505> <Mlp= 1164.8315> <PB=1000000> 
<DWph=2> <it= 16> <et=1.42> <Mt= 0.01> <Spt= 0.01> <nCl=  4> <al=0.00> <DB= 1153.0538> <Mlp= 1164.8281> <PB=1000000> 
<DWph=2> <it= 17> <et=1.43> <Mt= 0.00> <Spt= 0.01> <nCl=  1> <al=0.21> <DB= 1161.6244> <Mlp= 1164.8281> <PB=1000000> 
<DWph=2> <it= 18> <et=1.45> <Mt= 0.01> <Spt= 0.01> <nCl=  5> <al=0.00> <DB= 1145.8233> <Mlp= 1164.8235> <PB=1000000> 
<DWph=2> <it= 19> <et=1.46> <Mt= 0.00> <Spt= 0.01> <nCl=  0> <al=0.00> <DB= 1164.8235> <Mlp= 1164.8235> <PB=1000000> 
<DWph=1> <it= 20> <et=1.48> <Mt= 0.00> <Spt= 0.01> <nCl=  9> <al=0.09> <DB= 1157.9373> <Mlp= 1164.8235> <PB=1000000> 
<DWph=1> <it= 21> <et=1.49> <Mt= 0.01> <Spt= 0.01> <nCl=  3> <al=0.18> <DB= 1157.5272> <Mlp= 1164.8000> <PB=1000000> 
<DWph=1> <it= 22> <et=1.50> <Mt= 0.00> <Spt= 0.01> <nCl=  2> <al=0.08> <DB= 1156.1512> <Mlp= 1164.7527> <PB=1000000> 
<DWph=1> <it= 23> <et=1.52> <Mt= 0.01> <Spt= 0.01> <nCl=  3> <al=0.17> <DB= 1160.4234> <Mlp= 1164.7364> <PB=1000000> 
<DWph=1> <it= 24> <et=1.54> <Mt= 0.00> <Spt= 0.02> <nCl=  2> <al=0.00> <DB= 1164.7337> <Mlp= 1164.7337> <PB=1000000> 
    RCSP exact solver info for graph G_1 : TT = 0.008741, pt = 1.4e-05, dt = 0.007103, ct = 0.001272, ndl = 2', bdl = 67', odl = 2', odf = 16', bsi = 1', cnt = 4', bdch = 436', odch = 22', lcp = 19', #sols = 150
<DWph=0> <it= 25> <et=1.56> <Mt= 0.00> <Spt= 0.01> <nCl= 21> <al=0.00> <DB= 1164.7337> <Mlp= 1164.7337> <PB=1000000> 
Dynamic params and stats :  aver.obdmd = 23.3788 aver.buck.num. = 26
@@ 1 2 1164.73 0.008375 0.008375 79.3201 1.56
    Full reduced cost fixing is not called (gap ratio is 0.999983)
ColGenEvalAlg final dual bound: 1164.73 (rounded: 1165)
False gap improvement since the last cut separation : 0.0501483 (1158.92)
Current active cuts : CAP(20,876.989)
In total 1 RCC cut(s) are found by the connected components heuristic 
Shrinking heuristic shrunk 8 edges
In total 5 RCC cut(s) are found by the Fractional capacity min-cut heuristic 
In total 21 RCC cut(s) are found by the greedy construction heuristic 
In total 6 RCC cut(s) are found by the global pool greedy search heuristic 
----- Add fac. cuts : CAP(33), max.viol = 0.243563, aver.viol = 0.0820188, sep/add took 0.018235/0.026837 sec. -----
2388 columns (2388 active), 128 dyn. constrs. (54 active), 345 art. vars. (184 active)
<DWph=2> <it=  1> <et=1.66> <Mt= 0.01> <Spt= 0.01> <nCl=  4> <al=0.50> <DB= 1161.9915> <Mlp= 1166.1451> <PB=1000000> 
<DWph=2> <it=  2> <et=1.67> <Mt= 0.01> <Spt= 0.01> <nCl=  2> <al=0.55> <DB= 1163.4048> <Mlp= 1165.9140> <PB=1000000> 
<DWph=2> <it=  3> <et=1.68> <Mt= 0.00> <Spt= 0.01> <nCl=  7> <al=0.19> <DB= 1140.7716> <Mlp= 1165.9132> <PB=1000000> 
<DWph=2> <it=  4> <et=1.70> <Mt= 0.01> <Spt= 0.00> <nCl=  2> <al=0.00> <DB= 1164.5528> <Mlp= 1165.8388> <PB=1000000> 
<DWph=2> <it=  5> <et=1.71> <Mt= 0.00> <Spt= 0.01> <nCl=  0> <al=0.00> <DB= 1165.8388> <Mlp= 1165.8388> <PB=1000000> 
<DWph=1> <it=  6> <et=1.72> <Mt= 0.00> <Spt= 0.01> <nCl=  7> <al=0.30> <DB= 1155.8772> <Mlp= 1165.8388> <PB=1000000> 
<DWph=1> <it=  7> <et=1.73> <Mt= 0.01> <Spt= 0.01> <nCl=  3> <al=0.37> <DB= 1162.1577> <Mlp= 1165.7756> <PB=1000000> 
<DWph=1> <it=  8> <et=1.74> <Mt= 0.00> <Spt= 0.01> <nCl=  5> <al=0.27> <DB= 1162.0580> <Mlp= 1165.7756> <PB=1000000> 
<DWph=1> <it=  9> <et=1.76> <Mt= 0.00> <Spt= 0.01> <nCl=  5> <al=0.00> <DB= 1165.2009> <Mlp= 1165.7500> <PB=1000000> 
<DWph=1> <it= 10> <et=1.78> <Mt= 0.01> <Spt= 0.02> <nCl=  4> <al=0.00> <DB= 1165.7500> <Mlp= 1165.7500> <PB=1000000> 
    RCSP exact solver info for graph G_1 : TT = 0.008095, pt = 1.8e-05, dt = 0.006574, ct = 0.001137, ndl = 2', bdl = 62', odl = 2', odf = 16', bsi = 1', cnt = 3', bdch = 375', odch = 21', lcp = 17', #sols = 150
    RCSP exact solver info for graph G_1 : TT = 0.008031, pt = 2.3e-05, dt = 0.006534, ct = 0.001135, ndl = 2', bdl = 62', odl = 2', odf = 16', bsi = 1', cnt = 3', bdch = 375', odch = 21', lcp = 17', #sols = 150
<DWph=0> <it= 11> <et=1.80> <Mt= 0.00> <Spt= 0.02> <nCl= 16> <al=0.00> <DB= 1165.7500> <Mlp= 1165.7500> <PB=1000000> 
Dynamic params and stats :  aver.obdmd = 23.3788 aver.buck.num. = 26
@@ 1 3 1165.75 0.00769 0.007711 79.3201 1.8
    Full reduced cost fixing is not called (gap ratio is 0.999982)
ColGenEvalAlg final dual bound: 1165.75 (rounded: 1166)
False gap improvement since the last cut separation : 0.00872566 (1164.73)
Cut generation tailing off counter increased to 1
Current active cuts : CAP(25,852.847)
Shrinking heuristic shrunk 12 edges
In total 10 RCC cut(s) are found by the Fractional capacity min-cut heuristic 
In total 19 RCC cut(s) are found by the greedy construction heuristic 
In total 6 RCC cut(s) are found by the global pool greedy search heuristic 
----- Add fac. cuts : CAP(35), max.viol = 0.0833333, aver.viol = 0.0440476, sep/add took 0.0150792/0.0246025 sec. -----
2443 columns (2443 active), 89 dyn. constrs. (63 active), 380 art. vars. (193 active)
<DWph=2> <it=  1> <et=1.89> <Mt= 0.01> <Spt= 0.01> <nCl= 10> <al=0.50> <DB= 1139.1077> <Mlp= 1166.4654> <PB=1000000> 
<DWph=2> <it=  2> <et=1.91> <Mt= 0.01> <Spt= 0.01> <nCl= 10> <al=0.10> <DB= 1125.8044> <Mlp= 1166.3514> <PB=1000000> 
<DWph=2> <it=  3> <et=1.92> <Mt= 0.00> <Spt= 0.00> <nCl=  4> <al=0.45> <DB= 1162.4893> <Mlp= 1166.3514> <PB=1000000> 
<DWph=2> <it=  4> <et=1.93> <Mt= 0.01> <Spt= 0.01> <nCl=  5> <al=0.01> <DB= 1148.6038> <Mlp= 1166.3329> <PB=1000000> 
<DWph=2> <it=  5> <et=1.94> <Mt= 0.01> <Spt= 0.00> <nCl=  3> <al=0.41> <DB= 1160.6511> <Mlp= 1166.2943> <PB=1000000> 
<DWph=2> <it=  6> <et=1.96> <Mt= 0.00> <Spt= 0.01> <nCl=  4> <al=0.00> <DB= 1160.7947> <Mlp= 1166.2943> <PB=1000000> 
<DWph=2> <it=  7> <et=1.97> <Mt= 0.00> <Spt= 0.01> <nCl=  1> <al=0.00> <DB= 1166.2943> <Mlp= 1166.2943> <PB=1000000> 
<DWph=1> <it=  8> <et=1.98> <Mt= 0.00> <Spt= 0.01> <nCl=  9> <al=0.26> <DB= 1155.8304> <Mlp= 1166.2943> <PB=1000000> 
<DWph=1> <it=  9> <et=1.99> <Mt= 0.01> <Spt= 0.01> <nCl=  3> <al=0.34> <DB= 1162.5228> <Mlp= 1166.2855> <PB=1000000> 
<DWph=1> <it= 10> <et=2.01> <Mt= 0.00> <Spt= 0.01> <nCl=  6> <al=0.00> <DB= 1165.7459> <Mlp= 1166.2855> <PB=1000000> 
<DWph=1> <it= 11> <et=2.03> <Mt= 0.00> <Spt= 0.02> <nCl=  0> <al=0.00> <DB= 1166.2855> <Mlp= 1166.2855> <PB=1000000> 
    RCSP exact solver info for graph G_1 : TT = 0.007612, pt = 1.3e-05, dt = 0.00622, ct = 0.001051, ndl = 2', bdl = 59', odl = 2', odf = 16', bsi = 1', cnt = 3', bdch = 348', odch = 20', lcp = 15', #sols = 150
<DWph=0> <it= 12> <et=2.04> <Mt= 0.01> <Spt= 0.01> <nCl= 29> <al=0.20> <DB= 1157.2855> <Mlp= 1166.2855> <PB=1000000> 
    RCSP exact solver info for graph G_1 : TT = 0.007504, pt = 2.4e-05, dt = 0.006144, ct = 0.001015, ndl = 2', bdl = 57', odl = 2', odf = 16', bsi = 1', cnt = 3', bdch = 339', odch = 20', lcp = 15', #sols = 150
<DWph=0> <it= 13> <et=2.05> <Mt= 0.00> <Spt= 0.01> <nCl= 11> <al=0.10> <DB= 1164.5505> <Mlp= 1166.2735> <PB=1000000> 
    RCSP exact solver info for graph G_1 : TT = 0.007462, pt = 2.4e-05, dt = 0.006124, ct = 0.001011, ndl = 2', bdl = 57', odl = 2', odf = 16', bsi = 1', cnt = 3', bdch = 336', odch = 20', lcp = 15', #sols = 150
    RCSP exact solver info for graph G_1 : TT = 0.007378, pt = 2.1e-05, dt = 0.006062, ct = 0.000993, ndl = 2', bdl = 57', odl = 2', odf = 16', bsi = 1', cnt = 3', bdch = 334', odch = 20', lcp = 15', #sols = 150
<DWph=0> <it= 14> <et=2.07> <Mt= 0.00> <Spt= 0.02> <nCl=  6> <al=0.00> <DB= 1166.2735> <Mlp= 1166.2735> <PB=1000000> 
Dynamic params and stats :  aver.obdmd = 23.3788 aver.buck.num. = 26
@@ 1 4 1166.27 0.007155 0.007271 79.3201 2.07
    Full reduced cost fixing is not called (gap ratio is 0.999981)
ColGenEvalAlg final dual bound: 1166.27 (rounded: 1167)
False gap improvement since the last cut separation : 0.00449071 (1165.75)
Cut generation tailing off counter increased to 2
Current active cuts : CAP(31,965.75)
Shrinking heuristic shrunk 11 edges
In total 1 RCC cut(s) are found by the Fractional capacity min-cut heuristic 
In total 4 RCC cut(s) are found by the greedy construction heuristic 
In total 17 RCC cut(s) are found by the global pool greedy search heuristic 
----- Add fac. cuts : CAP(22), max.viol = 0.100617, aver.viol = 0.0315978, sep/add took 0.0166353/0.0181106 sec. -----
2544 columns (2544 active), 85 dyn. constrs. (56 active), 402 art. vars. (186 active)
<DWph=2> <it=  1> <et=2.14> <Mt= 0.01> <Spt= 0.00> <nCl=  4> <al=0.50> <DB= 1165.3245> <Mlp= 1166.6200> <PB=1000000> 
<DWph=2> <it=  2> <et=2.15> <Mt= 0.01> <Spt= 0.01> <nCl=  4> <al=0.10> <DB= 1165.0676> <Mlp= 1166.6018> <PB=1000000> 
<DWph=2> <it=  3> <et=2.16> <Mt= 0.00> <Spt= 0.01> <nCl=  3> <al=0.00> <DB= 1165.0299> <Mlp= 1166.5953> <PB=1000000> 
<DWph=2> <it=  4> <et=2.18> <Mt= 0.00> <Spt= 0.01> <nCl=  2> <al=0.00> <DB= 1165.5540> <Mlp= 1166.5894> <PB=1000000> 
<DWph=2> <it=  5> <et=2.19> <Mt= 0.01> <Spt= 0.01> <nCl=  1> <al=0.00> <DB= 1166.5894> <Mlp= 1166.5894> <PB=1000000> 
<DWph=1> <it=  6> <et=2.20> <Mt= 0.00> <Spt= 0.01> <nCl=  1> <al=0.15> <DB= 1165.6378> <Mlp= 1166.5894> <PB=1000000> 
<DWph=1> <it=  7> <et=2.21> <Mt= 0.00> <Spt= 0.01> <nCl=  1> <al=0.00> <DB= 1166.5894> <Mlp= 1166.5894> <PB=1000000> 
    RCSP exact solver info for graph G_1 : TT = 0.00725, pt = 1.3e-05, dt = 0.005946, ct = 0.000953, ndl = 2', bdl = 56', odl = 2', odf = 17', bsi = 1', cnt = 3', bdch = 318', odch = 20', lcp = 15', #sols = 149
<DWph=0> <it=  8> <et=2.23> <Mt= 0.00> <Spt= 0.01> <nCl= 24> <al=0.14> <DB= 1157.9629> <Mlp= 1166.5894> <PB=1000000> 
    RCSP exact solver info for graph G_1 : TT = 0.007304, pt = 2.3e-05, dt = 0.006006, ct = 0.00095, ndl = 2', bdl = 56', odl = 2', odf = 17', bsi = 1', cnt = 3', bdch = 326', odch = 21', lcp = 15', #sols = 150
    RCSP exact solver info for graph G_1 : TT = 0.007267, pt = 2.1e-05, dt = 0.005985, ct = 0.000954, ndl = 2', bdl = 56', odl = 2', odf = 17', bsi = 1', cnt = 3', bdch = 324', odch = 20', lcp = 15', #sols = 150
<DWph=0> <it=  9> <et=2.25> <Mt= 0.01> <Spt= 0.02> <nCl= 12> <al=0.00> <DB= 1166.5663> <Mlp= 1166.5663> <PB=1000000> 
Dynamic params and stats :  aver.obdmd = 23.3788 aver.buck.num. = 26
@@ 1 5 1166.57 0.00693133 0.006956 79.3201 2.25
    Full reduced cost fixing is not called (gap ratio is 0.999981)
ColGenEvalAlg final dual bound: 1166.57 (rounded: 1167)
False gap improvement since the last cut separation : 0.00251041 (1166.27)
----- Cut separators priority level decreased to 1-----
Current active cuts : CAP(35,866.841)
Shrinking heuristic shrunk 11 edges
In total 2 RCC cut(s) are found by the Fractional capacity min-cut heuristic 
In total 3 RCC cut(s) are found by the greedy construction heuristic 
In total 3 RCC cut(s) are found by the global pool greedy search heuristic 
4 Rank-1 1-rows pack. cuts added ,  max viol. = 0.183853, aver. viol. = 0.120984
150 Rank-1 3-rows pack. cuts added ,  max viol. = 0.5, aver. viol. = 0.150744
----- Add fac. cuts : CAP(8) R1C(154), max.viol = 0.5, aver.viol = 0.150643, sep/add took 0.0170784/0.0836602 sec. -----
2596 columns (2596 active), 218 dyn. constrs. (199 active), 564 art. vars. (329 active)
<DWph=2> <it=  1> <et=2.41> <Mt= 0.04> <Spt= 0.01> <nCl= 21> <al=0.50> <DB=  943.3893> <Mlp= 1173.9047> <PB=1000000> 
<DWph=2> <it=  2> <et=2.47> <Mt= 0.04> <Spt= 0.01> <nCl= 11> <al=0.55> <DB= 1154.3996> <Mlp= 1172.4742> <PB=1000000> 
<DWph=2> <it=  3> <et=2.49> <Mt= 0.02> <Spt= 0.01> <nCl=  6> <al=0.60> <DB= 1162.0154> <Mlp= 1172.4743> <PB=1000000> 
<DWph=2> <it=  4> <et=2.52> <Mt= 0.02> <Spt= 0.00> <nCl=  5> <al=0.64> <DB= 1166.3709> <Mlp= 1172.4743> <PB=1000000> 
<DWph=2> <it=  5> <et=2.55> <Mt= 0.01> <Spt= 0.02> <nCl= 17> <al=0.34> <DB=  761.6189> <Mlp= 1172.4743> <PB=1000000> 
<DWph=2> <it=  6> <et=2.58> <Mt= 0.03> <Spt= 0.01> <nCl=  7> <al=0.57> <DB= 1162.5719> <Mlp= 1172.3522> <PB=1000000> 
<DWph=2> <it=  7> <et=2.60> <Mt= 0.00> <Spt= 0.00> <nCl=  4> <al=0.61> <DB= 1155.2480> <Mlp= 1172.3522> <PB=1000000> 
<DWph=2> <it=  8> <et=2.62> <Mt= 0.02> <Spt= 0.01> <nCl=  2> <al=0.65> <DB= 1169.0690> <Mlp= 1172.3522> <PB=1000000> 
<DWph=2> <it=  9> <et=2.63> <Mt= 0.00> <Spt= 0.01> <nCl=  9> <al=0.69> <DB= 1155.9580> <Mlp= 1172.3522> <PB=1000000> 
<DWph=2> <it= 10> <et=2.66> <Mt= 0.02> <Spt= 0.01> <nCl=  6> <al=0.72> <DB= 1168.8124> <Mlp= 1172.3457> <PB=1000000> 
<DWph=2> <it= 11> <et=2.68> <Mt= 0.01> <Spt= 0.01> <nCl=  1> <al=0.75> <DB= 1170.4722> <Mlp= 1172.3457> <PB=1000000> 
<DWph=2> <it= 12> <et=2.69> <Mt= 0.01> <Spt= 0.01> <nCl=  3> <al=0.77> <DB= 1166.1184> <Mlp= 1172.3457> <PB=1000000> 
<DWph=2> <it= 13> <et=2.72> <Mt= 0.02> <Spt= 0.00> <nCl=  1> <al=0.80> <DB= 1170.8525> <Mlp= 1172.3296> <PB=1000000> 
<DWph=2> <it= 14> <et=2.73> <Mt= 0.00> <Spt= 0.01> <nCl=  1> <al=0.82> <DB= 1169.9528> <Mlp= 1172.3296> <PB=1000000> 
<DWph=2> <it= 15> <et=2.75> <Mt= 0.00> <Spt= 0.02> <nCl=  6> <al=0.67> <DB= 1142.5005> <Mlp= 1172.3296> <PB=1000000> 
<DWph=2> <it= 16> <et=2.77> <Mt= 0.01> <Spt= 0.01> <nCl=  2> <al=0.73> <DB= 1169.8105> <Mlp= 1172.3296> <PB=1000000> 
<DWph=2> <it= 17> <et=2.79> <Mt= 0.02> <Spt= 0.01> <nCl=  2> <al=0.76> <DB= 1028.8906> <Mlp= 1172.3296> <PB=1000000> 
<DWph=2> <it= 18> <et=2.83> <Mt= 0.01> <Spt= 0.02> <nCl=  7> <al=0.57> <DB= 1150.3713> <Mlp= 1172.3077> <PB=1000000> 
<DWph=2> <it= 19> <et=2.85> <Mt= 0.02> <Spt= 0.00> <nCl=  3> <al=0.68> <DB= 1146.7024> <Mlp= 1172.2653> <PB=1000000> 
<DWph=2> <it= 20> <et=2.88> <Mt= 0.01> <Spt= 0.02> <nCl=  3> <al=0.43> <DB= 1152.3758> <Mlp= 1172.2653> <PB=1000000> 
<DWph=2> <it= 21> <et=2.90> <Mt= 0.01> <Spt= 0.01> <nCl=  3> <al=0.62> <DB= 1168.9877> <Mlp= 1172.2653> <PB=1000000> 
<DWph=2> <it= 22> <et=2.93> <Mt= 0.01> <Spt= 0.02> <nCl=  5> <al=0.31> <DB= 1049.4204> <Mlp= 1172.2653> <PB=1000000> 
<DWph=2> <it= 23> <et=2.96> <Mt= 0.02> <Spt= 0.01> <nCl=  3> <al=0.55> <DB= 1164.4293> <Mlp= 1172.2292> <PB=1000000> 
<DWph=2> <it= 24> <et=2.98> <Mt= 0.01> <Spt= 0.00> <nCl=  3> <al=0.45> <DB= 1052.3148> <Mlp= 1172.2292> <PB=1000000> 
<DWph=2> <it= 25> <et=3.00> <Mt= 0.01> <Spt= 0.02> <nCl=  8> <al=0.02> <DB= 1150.8426> <Mlp= 1172.2292> <PB=1000000> 
<DWph=2> <it= 26> <et=3.02> <Mt= 0.01> <Spt= 0.01> <nCl=  1> <al=0.41> <DB= 1165.8412> <Mlp= 1172.2292> <PB=1000000> 
<DWph=2> <it= 27> <et=3.04> <Mt= 0.01> <Spt= 0.01> <nCl=  2> <al=0.31> <DB= 1164.9378> <Mlp= 1172.2292> <PB=1000000> 
<DWph=2> <it= 28> <et=3.06> <Mt= 0.00> <Spt= 0.02> <nCl=  4> <al=0.00> <DB= 1168.4588> <Mlp= 1172.2292> <PB=1000000> 
<DWph=2> <it= 29> <et=3.08> <Mt= 0.01> <Spt= 0.01> <nCl=  6> <al=0.00> <DB= 1168.7519> <Mlp= 1172.2292> <PB=1000000> 
<DWph=2> <it= 30> <et=3.10> <Mt= 0.00> <Spt= 0.02> <nCl=  2> <al=0.00> <DB= 1171.9959> <Mlp= 1172.2292> <PB=1000000> 
<DWph=2> <it= 31> <et=3.12> <Mt= 0.01> <Spt= 0.01> <nCl=  2> <al=0.00> <DB= 1172.2292> <Mlp= 1172.2292> <PB=1000000> 
<DWph=1> <it= 32> <et=3.14> <Mt= 0.00> <Spt= 0.02> <nCl= 12> <al=0.00> <DB=  983.2708> <Mlp= 1172.2292> <PB=1000000> 
<DWph=1> <it= 33> <et=3.17> <Mt= 0.02> <Spt= 0.01> <nCl=  7> <al=0.00> <DB= 1099.9882> <Mlp= 1172.2277> <PB=1000000> 
<DWph=1> <it= 34> <et=3.21> <Mt= 0.02> <Spt= 0.02> <nCl=  9> <al=0.00> <DB= 1103.2763> <Mlp= 1172.1760> <PB=1000000> 
<DWph=1> <it= 35> <et=3.25> <Mt= 0.02> <Spt= 0.02> <nCl=  4> <al=0.00> <DB= 1166.2527> <Mlp= 1172.1760> <PB=1000000> 
<DWph=1> <it= 36> <et=3.27> <Mt= 0.01> <Spt= 0.01> <nCl=  3> <al=0.00> <DB= 1167.6068> <Mlp= 1172.1760> <PB=1000000> 
<DWph=1> <it= 37> <et=3.29> <Mt= 0.00> <Spt= 0.01> <nCl=  0> <al=0.00> <DB= 1172.1760> <Mlp= 1172.1760> <PB=1000000> 
    RCSP exact solver info for graph G_1 : TT = 0.036204, pt = 0.000634, dt = 0.030808, ct = 0.004322, ndl = 4', bdl = 104', odl = 3', odf = 24', bsi = 1', cnt = 29', bdch = 894', odch = 53', lcp = 37', #sols = 150
<DWph=0> <it= 38> <et=3.34> <Mt= 0.01> <Spt= 0.05> <nCl=104> <al=0.00> <DB= 1106.4495> <Mlp= 1172.1760> <PB=1000000> 
    RCSP exact solver info for graph G_1 : TT = 0.027439, pt = 0.000677, dt = 0.02217, ct = 0.004143, ndl = 3', bdl = 105', odl = 3', odf = 24', bsi = 1', cnt = 26', bdch = 901', odch = 53', lcp = 37', #sols = 150
<DWph=0> <it= 39> <et=3.41> <Mt= 0.03> <Spt= 0.04> <nCl= 86> <al=0.00> <DB= 1147.2740> <Mlp= 1172.1418> <PB=1000000> 
    RCSP exact solver info for graph G_1 : TT = 0.026749, pt = 0.000669, dt = 0.021637, ct = 0.004015, ndl = 3', bdl = 102', odl = 3', odf = 24', bsi = 1', cnt = 21', bdch = 848', odch = 52', lcp = 33', #sols = 150
<DWph=0> <it= 40> <et=3.47> <Mt= 0.02> <Spt= 0.03> <nCl= 60> <al=0.00> <DB= 1125.0545> <Mlp= 1172.1418> <PB=1000000> 
    RCSP exact solver info for graph G_1 : TT = 0.027202, pt = 0.000719, dt = 0.02204, ct = 0.004024, ndl = 3', bdl = 101', odl = 3', odf = 24', bsi = 1', cnt = 21', bdch = 845', odch = 51', lcp = 34', #sols = 150
    RCSP exact solver info for graph G_1 : TT = 0.026534, pt = 0.000639, dt = 0.021507, ct = 0.003985, ndl = 3', bdl = 100', odl = 3', odf = 24', bsi = 1', cnt = 21', bdch = 829', odch = 51', lcp = 33', #sols = 150
<DWph=0> <it= 41> <et=3.54> <Mt= 0.01> <Spt= 0.07> <nCl= 45> <al=0.00> <DB= 1172.1418> <Mlp= 1172.1418> <PB=1000000> 
Dynamic params and stats :  aver.obdmd = 23.3788 aver.buck.num. = 26 nbR1C = 80 with avMem = 6.9125
@@ 1 6 1172.14 0.0277302 0.03513 79.3201 3.54
    Full reduced cost fixing is not called (gap ratio is 0.999975)
ColGenEvalAlg final dual bound: 1172.14 (rounded: 1173)
False gap improvement since the last cut separation : 0.0477942 (1166.57)
Current active cuts : CAP(23,768.013) R1C(2+78,72.105) 1rowPackR1C(2) 3rowPackR1C(78)
Shrinking heuristic shrunk 21 edges
In total 1 RCC cut(s) are found by the Fractional capacity min-cut heuristic 
In total 3 RCC cut(s) are found by the greedy construction heuristic 
In total 7 RCC cut(s) are found by the global pool greedy search heuristic 
1 Rank-1 1-rows pack. cuts added ,  max viol. = 0.0461894, aver. viol. = 0.0461894
150 Rank-1 3-rows pack. cuts added ,  max viol. = 0.295612, aver. viol. = 0.109361
----- Add fac. cuts : CAP(11) R1C(151), max.viol = 0.295612, aver.viol = 0.107493, sep/add took 0.0109084/0.104691 sec. -----
3082 columns (3082 active), 361 dyn. constrs. (269 active), 726 art. vars. (399 active)
<DWph=2> <it=  1> <et=3.77> <Mt= 0.09> <Spt= 0.01> <nCl=  8> <al=0.50> <DB=  897.9747> <Mlp= 1175.8280> <PB=1000000> 
<DWph=2> <it=  2> <et=3.82> <Mt= 0.04> <Spt= 0.01> <nCl=  3> <al=0.55> <DB= 1126.8030> <Mlp= 1175.4989> <PB=1000000> 
<DWph=2> <it=  3> <et=3.85> <Mt= 0.01> <Spt= 0.02> <nCl= 17> <al=0.19> <DB= 1015.5627> <Mlp= 1175.4989> <PB=1000000> 
<DWph=2> <it=  4> <et=3.89> <Mt= 0.03> <Spt= 0.01> <nCl=  3> <al=0.50> <DB= 1164.7201> <Mlp= 1175.4019> <PB=1000000> 
<DWph=2> <it=  5> <et=3.94> <Mt= 0.03> <Spt= 0.02> <nCl= 17> <al=0.09> <DB=  865.1880> <Mlp= 1174.0000> <PB=1174> 
<DWph=2> <it=  6> <et=4.00> <Mt= 0.05> <Spt= 0.02> <nCl=  5> <al=0.45> <DB= 1018.0203> <Mlp= 1174.0000> <PB=1174> 
<DWph=2> <it=  7> <et=4.06> <Mt= 0.05> <Spt= 0.01> <nCl=  2> <al=0.50> <DB= 1158.7633> <Mlp= 1174.0000> <PB=1174> 
<DWph=2> <it=  8> <et=4.11> <Mt= 0.02> <Spt= 0.02> <nCl=  4> <al=0.10> <DB= 1128.0253> <Mlp= 1174.0000> <PB=1174> 
<DWph=2> <it=  9> <et=4.17> <Mt= 0.05> <Spt= 0.01> <nCl=  1> <al=0.45> <DB= 1167.0148> <Mlp= 1174.0000> <PB=1174> 
<DWph=2> <it= 10> <et=4.22> <Mt= 0.03> <Spt= 0.02> <nCl=  4> <al=0.01> <DB= 1168.3324> <Mlp= 1174.0000> <PB=1174> 
<DWph=2> <it= 11> <et=4.26> <Mt= 0.02> <Spt= 0.02> <nCl=  3> <al=0.00> <DB= 1170.8361> <Mlp= 1174.0000> <PB=1174> 
<DWph=2> <it= 12> <et=4.31> <Mt= 0.02> <Spt= 0.03> <nCl=  2> <al=0.00> <DB= 1171.9325> <Mlp= 1174.0000> <PB=1174> 
<DWph=2> <it= 13> <et=4.34> <Mt= 0.01> <Spt= 0.02> <nCl=  0> <al=0.00> <DB= 1174.0000> <Mlp= 1174.0000> <PB=1174> 
<DWph=1> <it= 14> <et=4.36> <Mt= 0.00> <Spt= 0.02> <nCl= 18> <al=0.11> <DB= 1023.6355> <Mlp= 1174.0000> <PB=1174> 
<DWph=1> <it= 15> <et=4.45> <Mt= 0.07> <Spt= 0.02> <nCl=  4> <al=0.20> <DB= 1129.8629> <Mlp= 1174.0000> <PB=1174> 
<DWph=1> <it= 16> <et=4.50> <Mt= 0.03> <Spt= 0.02> <nCl= 19> <al=0.10> <DB= 1084.8727> <Mlp= 1174.0000> <PB=1174> 
<DWph=1> <it= 17> <et=4.57> <Mt= 0.05> <Spt= 0.02> <nCl=  6> <al=0.00> <DB= 1028.2840> <Mlp= 1174.0000> <PB=1174> 
<DWph=1> <it= 18> <et=4.64> <Mt= 0.05> <Spt= 0.02> <nCl=  7> <al=0.10> <DB= 1067.2871> <Mlp= 1174.0000> <PB=1174> 
<DWph=1> <it= 19> <et=4.68> <Mt= 0.02> <Spt= 0.02> <nCl=  2> <al=0.19> <DB= 1171.5761> <Mlp= 1174.0000> <PB=1174> 
<DWph=1> <it= 20> <et=4.71> <Mt= 0.01> <Spt= 0.02> <nCl=  6> <al=0.09> <DB= 1168.0871> <Mlp= 1174.0000> <PB=1174> 
<DWph=1> <it= 21> <et=4.75> <Mt= 0.02> <Spt= 0.02> <nCl=  2> <al=0.18> <DB= 1173.5698> <Mlp= 1174.0000> <PB=1174> 
<DWph=1> <it= 22> <et=4.78> <Mt= 0.01> <Spt= 0.02> <nCl=  1> <al=0.08> <DB= 1147.4454> <Mlp= 1174.0000> <PB=1174> 
<DWph=1> <it= 23> <et=4.83> <Mt= 0.02> <Spt= 0.03> <nCl=  1> <al=0.00> <DB= 1174.0000> <Mlp= 1174.0000> <PB=1174> 
    RCSP exact solver info for graph G_1 : TT = 0.042725, pt = 0.001055, dt = 0.034358, ct = 0.006913, ndl = 5', bdl = 126', odl = 3', odf = 30', bsi = 1', cnt = 55', bdch = 1248', odch = 96', lcp = 59', #sols = 150
<DWph=0> <it= 24> <et=4.90> <Mt= 0.00> <Spt= 0.06> <nCl=114> <al=0.07> <DB= 1032.7485> <Mlp= 1174.0000> <PB=1174> 
    RCSP exact solver info for graph G_1 : TT = 0.044254, pt = 0.001377, dt = 0.035436, ct = 0.006966, ndl = 5', bdl = 130', odl = 3', odf = 30', bsi = 1', cnt = 53', bdch = 1288', odch = 100', lcp = 61', #sols = 150
<DWph=0> <it= 25> <et=5.04> <Mt= 0.09> <Spt= 0.05> <nCl= 44> <al=0.16> <DB= 1163.1776> <Mlp= 1174.0000> <PB=1174> 
    RCSP exact solver info for graph G_1 : TT = 0.046385, pt = 0.001454, dt = 0.03723, ct = 0.007213, ndl = 5', bdl = 133', odl = 3', odf = 30', bsi = 1', cnt = 52', bdch = 1339', odch = 100', lcp = 62', #sols = 150
<DWph=0> <it= 26> <et=5.13> <Mt= 0.04> <Spt= 0.06> <nCl= 29> <al=0.25> <DB= 1171.5362> <Mlp= 1174.0000> <PB=1174> 
    RCSP exact solver info for graph G_1 : TT = 0.046776, pt = 0.001447, dt = 0.037595, ct = 0.007249, ndl = 5', bdl = 133', odl = 3', odf = 30', bsi = 1', cnt = 52', bdch = 1345', odch = 101', lcp = 63', #sols = 150
<DWph=0> <it= 27> <et=5.20> <Mt= 0.02> <Spt= 0.05> <nCl= 15> <al=0.15> <DB= 1172.5553> <Mlp= 1174.0000> <PB=1174> 
    RCSP exact solver info for graph G_1 : TT = 0.047084, pt = 0.001483, dt = 0.037875, ct = 0.007236, ndl = 5', bdl = 133', odl = 3', odf = 30', bsi = 1', cnt = 51', bdch = 1343', odch = 102', lcp = 63', #sols = 150
<DWph=0> <it= 28> <et=5.26> <Mt= 0.01> <Spt= 0.05> <nCl= 10> <al=0.23> <DB= 1173.6440> <Mlp= 1174.0000> <PB=1174> 
Dynamic params and stats :  aver.obdmd = 23.3788 aver.buck.num. = 26 nbR1C = 176 with avMem = 7.30682
@@ 1 7 1173.64 0.0436142 0.045111 79.3201 5.26
ColGenEvalAlg final dual bound: 1173.64 (rounded: 1174)
Gap improvement since the last cut separation : 1 (1172.14)
Current active cuts : CAP(22,732.023) R1C(3+138,121.537) 1rowPackR1C(3) 3rowPackR1C(138)
New model incumbent solution 1174, TIME = 0h0m5s28t = 528
************************************************************************************************
Search is finished, global bounds : [ 1174 , 1174 ], TIME = 0h0m5s28t = 528
************************************************************************************************
Built-in heuristic is enabled
instance_name solver_name ext_heuristic solution_value solution_time best_lb root_lb root_time nb_branch_and_bound_nodes status
/home/logis/Downloads/VRPSolverEasy/VRPSolverEasy/demos/data/CVRP/A-n65-k9 CLP False 1174.000050169218 5.282918125 1174.0 1174.0 5.282350219 1 0

