Time resource is critical for vehicle type 1 (21,0)
Capacity resource will be imposed in pricing (0.45)
Node memory for rank-1 cuts will be used (5.09524)
~~~~~~~~~~~~~~~~~~~~~~~~~~~~~~~~~~~~~~~~~~~~~~~~~~~~~~~~~~~~~~~~~~~~~~~~~~~~~~~~~~~~~
VRPSolver v0.5.27, 24/02/2023, © Inria Bordeaux, France, vrpsolver.math.u-bordeaux.fr
      Corresponds to the solver by Pessoa, Sadykov, Uchoa and Vanderbeck (2020)
                 Paper: dx.doi.org/10.1007/s10107-020-01523-z
~~~~~~~~~~~~~~~~~~~~~~~~~~~~~~~~~~~~~~~~~~~~~~~~~~~~~~~~~~~~~~~~~~~~~~~~~~~~~~~~~~~~~
   BaPCod v0.77, 15/03/2023, © Inria Bordeaux, France, bapcod.math.u-bordeaux.fr 
           THIS CODE IS PROVIDED AS IS, USE IT AT YOUR OWN RISK
~~~~~~~~~~~~~~~~~~~~~~~~~~~~~~~~~~~~~~~~~~~~~~~~~~~~~~~~~~~~~~~~~~~~~~~~~~~~~~~~~~~~~
Bucket steps were recalculated for graph G_1 : [270.2, 40]
RCSP solver info : non-symmetric case as the resource 0 consumption for the reverse arc of 0->200 is not the same : 72.4 against 162.4
Bidirectional border value is initialised to 514.8
RCSP solver info : number of forw. reachable buckets / buck. strongly connected components is 2423( 98.4959% ) / 558( 23.0293% )
RCSP solver info : number of back. reachable buckets / buck. strongly connected components is 2431( 98.8211% ) / 776( 31.921% )
Generating neighbourhoods for rank-1 cuts separation
Building structures for 4- and 5-row rank-1 packing cut separation...done!
Model is built TIME = 0h0m0s29t = 29
************************************************************************************************
**** BaB tree root node
**** Local DB = -1e+12, global bounds : [ -1e+12 , 2734.7 ], TIME = 0h0m0s29t = 29
**** 1 open nodes, 0 columns (0 active), 0 dyn. constrs. (0 active), 402 art. vars. (402 active)
************************************************************************************************
#<DWph=2> <it=  1> <et=0.34> <Mt= 0.00> <Spt= 0.02> <nCl= 30> <al=0.00> <DB=-2948001.0000> <Mlp=1371725.5200> <PB=2734.7> 
#<DWph=2> <it=  2> <et=0.36> <Mt= 0.00> <Spt= 0.02> <nCl= 30> <al=0.55> <DB=-3149360.6520> <Mlp=916592.9600> <PB=2734.7> 
#<DWph=2> <it=  3> <et=0.38> <Mt= 0.00> <Spt= 0.02> <nCl= 30> <al=0.60> <DB=-3193909.4351> <Mlp=428696.4333> <PB=2734.7> 
#<DWph=2> <it=  4> <et=0.40> <Mt= 0.00> <Spt= 0.02> <nCl= 30> <al=0.64> <DB=-2866430.0482> <Mlp=345264.6183> <PB=2734.7> 
#<DWph=2> <it=  5> <et=0.43> <Mt= 0.00> <Spt= 0.03> <nCl= 30> <al=0.67> <DB=-2820316.7322> <Mlp=304137.4270> <PB=2734.7> 
#<DWph=2> <it=  6> <et=0.45> <Mt= 0.00> <Spt= 0.02> <nCl= 30> <al=0.70> <DB=-2651546.0524> <Mlp=226776.6127> <PB=2734.7> 
#<DWph=2> <it=  7> <et=0.47> <Mt= 0.00> <Spt= 0.02> <nCl= 30> <al=0.73> <DB=-2526537.0195> <Mlp=180393.0026> <PB=2734.7> 
#<DWph=2> <it=  8> <et=0.50> <Mt= 0.00> <Spt= 0.02> <nCl= 30> <al=0.76> <DB=-2578647.4443> <Mlp=161468.6787> <PB=2734.7> 
#<DWph=2> <it=  9> <et=0.52> <Mt= 0.01> <Spt= 0.02> <nCl= 30> <al=0.78> <DB=-2513851.7475> <Mlp=129979.5935> <PB=2734.7> 
#<DWph=2> <it= 10> <et=0.55> <Mt= 0.00> <Spt= 0.02> <nCl= 30> <al=0.68> <DB=-2326425.2327> <Mlp=119724.1564> <PB=2734.7> 
#<DWph=2> <it= 11> <et=0.57> <Mt= 0.00> <Spt= 0.03> <nCl= 30> <al=0.72> <DB=-2436519.6782> <Mlp=109568.5302> <PB=2734.7> 
#<DWph=2> <it= 12> <et=0.59> <Mt= 0.00> <Spt= 0.02> <nCl= 30> <al=0.74> <DB=-2166565.9278> <Mlp=90371.4282> <PB=2734.7> 
#<DWph=2> <it= 13> <et=0.62> <Mt= 0.01> <Spt= 0.02> <nCl= 30> <al=0.77> <DB=-2298676.9296> <Mlp=82101.9479> <PB=2734.7> 
#<DWph=2> <it= 14> <et=0.64> <Mt= 0.00> <Spt= 0.02> <nCl= 30> <al=0.79> <DB=-2090137.3202> <Mlp=70186.7102> <PB=2734.7> 
#<DWph=2> <it= 15> <et=0.67> <Mt= 0.00> <Spt= 0.02> <nCl= 30> <al=0.69> <DB=-2094542.8254> <Mlp=63858.8359> <PB=2734.7> 
#<DWph=2> <it= 16> <et=0.70> <Mt= 0.01> <Spt= 0.02> <nCl= 30> <al=0.72> <DB=-1875595.8259> <Mlp=59679.0503> <PB=2734.7> 
#<DWph=2> <it= 17> <et=0.72> <Mt= 0.00> <Spt= 0.02> <nCl= 30> <al=0.75> <DB=-1842104.1996> <Mlp=53696.3495> <PB=2734.7> 
#<DWph=2> <it= 18> <et=0.75> <Mt= 0.01> <Spt= 0.03> <nCl= 30> <al=0.78> <DB=-1832316.1537> <Mlp=44922.4973> <PB=2734.7> 
#<DWph=2> <it= 19> <et=0.78> <Mt= 0.01> <Spt= 0.02> <nCl= 30> <al=0.80> <DB=-1764094.4617> <Mlp=34206.1228> <PB=2734.7> 
#<DWph=2> <it= 20> <et=0.80> <Mt= 0.00> <Spt= 0.02> <nCl= 30> <al=0.82> <DB=-1718664.9840> <Mlp=30998.7318> <PB=2734.7> 
#<DWph=2> <it= 21> <et=0.83> <Mt= 0.01> <Spt= 0.02> <nCl= 30> <al=0.84> <DB=-1774238.6871> <Mlp=28337.8216> <PB=2734.7> 
#<DWph=2> <it= 22> <et=0.85> <Mt= 0.00> <Spt= 0.02> <nCl= 30> <al=0.85> <DB=-1794625.3998> <Mlp=26600.8746> <PB=2734.7> 
#<DWph=2> <it= 23> <et=0.88> <Mt= 0.00> <Spt= 0.02> <nCl= 30> <al=0.87> <DB=-1643106.2885> <Mlp=24138.0606> <PB=2734.7> 
#<DWph=2> <it= 24> <et=0.90> <Mt= 0.01> <Spt= 0.02> <nCl= 30> <al=0.77> <DB=-1776222.9650> <Mlp=23651.3153> <PB=2734.7> 
#<DWph=2> <it= 25> <et=0.93> <Mt= 0.00> <Spt= 0.02> <nCl= 30> <al=0.79> <DB=-1717345.4787> <Mlp=21578.7879> <PB=2734.7> 
#<DWph=2> <it= 26> <et=0.96> <Mt= 0.01> <Spt= 0.02> <nCl= 30> <al=0.81> <DB=-1481959.5016> <Mlp=20557.9325> <PB=2734.7> 
#<DWph=2> <it= 27> <et=0.98> <Mt= 0.00> <Spt= 0.02> <nCl= 30> <al=0.83> <DB=-1485366.0961> <Mlp=19345.6287> <PB=2734.7> 
#<DWph=2> <it= 28> <et=1.01> <Mt= 0.01> <Spt= 0.02> <nCl= 30> <al=0.73> <DB=-1425440.9679> <Mlp=18685.8382> <PB=2734.7> 
#<DWph=2> <it= 29> <et=1.03> <Mt= 0.00> <Spt= 0.03> <nCl= 30> <al=0.76> <DB=-1644501.2427> <Mlp=17649.4731> <PB=2734.7> 
#<DWph=2> <it= 30> <et=1.06> <Mt= 0.01> <Spt= 0.02> <nCl= 30> <al=0.78> <DB=-1396256.9890> <Mlp=17177.8544> <PB=2734.7> 
#<DWph=2> <it= 31> <et=1.09> <Mt= 0.00> <Spt= 0.02> <nCl= 30> <al=0.80> <DB=-1469674.3785> <Mlp=15614.7589> <PB=2734.7> 
#<DWph=2> <it= 32> <et=1.11> <Mt= 0.01> <Spt= 0.02> <nCl= 30> <al=0.82> <DB=-1415024.2395> <Mlp=15006.6335> <PB=2734.7> 
#<DWph=2> <it= 33> <et=1.14> <Mt= 0.00> <Spt= 0.02> <nCl= 30> <al=0.84> <DB=-1431540.6100> <Mlp=13537.9273> <PB=2734.7> 
#<DWph=2> <it= 34> <et=1.17> <Mt= 0.01> <Spt= 0.02> <nCl= 30> <al=0.74> <DB=-1385943.0240> <Mlp=13232.5352> <PB=2734.7> 
#<DWph=2> <it= 35> <et=1.19> <Mt= 0.00> <Spt= 0.02> <nCl= 30> <al=0.77> <DB=-1201093.9727> <Mlp=12676.3395> <PB=2734.7> 
#<DWph=2> <it= 36> <et=1.22> <Mt= 0.01> <Spt= 0.02> <nCl= 30> <al=0.79> <DB=-1262908.6306> <Mlp=12098.8344> <PB=2734.7> 
#<DWph=2> <it= 37> <et=1.25> <Mt= 0.00> <Spt= 0.03> <nCl= 30> <al=0.81> <DB=-1090987.1305> <Mlp=11116.8361> <PB=2734.7> 
#<DWph=2> <it= 38> <et=1.27> <Mt= 0.01> <Spt= 0.02> <nCl= 30> <al=0.71> <DB=-1244536.0604> <Mlp=10824.3607> <PB=2734.7> 
#<DWph=2> <it= 39> <et=1.30> <Mt= 0.01> <Spt= 0.02> <nCl= 30> <al=0.74> <DB=-1124615.9090> <Mlp=10273.5280> <PB=2734.7> 
#<DWph=2> <it= 40> <et=1.33> <Mt= 0.00> <Spt= 0.02> <nCl= 30> <al=0.77> <DB=-1054697.6570> <Mlp= 9693.0269> <PB=2734.7> 
#<DWph=2> <it= 41> <et=1.36> <Mt= 0.01> <Spt= 0.02> <nCl= 30> <al=0.79> <DB=-1148972.5693> <Mlp= 9452.7596> <PB=2734.7> 
#<DWph=2> <it= 42> <et=1.38> <Mt= 0.00> <Spt= 0.02> <nCl= 30> <al=0.81> <DB=-1064821.1130> <Mlp= 9236.4000> <PB=2734.7> 
#<DWph=2> <it= 43> <et=1.41> <Mt= 0.01> <Spt= 0.02> <nCl= 30> <al=0.83> <DB=-964953.7682> <Mlp= 8490.9068> <PB=2734.7> 
#<DWph=2> <it= 44> <et=1.44> <Mt= 0.01> <Spt= 0.02> <nCl= 30> <al=0.73> <DB=-1064601.3987> <Mlp= 8357.1352> <PB=2734.7> 
#<DWph=2> <it= 45> <et=1.46> <Mt= 0.00> <Spt= 0.03> <nCl= 30> <al=0.76> <DB=-936771.7888> <Mlp= 8106.1116> <PB=2734.7> 
#<DWph=2> <it= 46> <et=1.49> <Mt= 0.01> <Spt= 0.02> <nCl= 30> <al=0.78> <DB=-902718.5727> <Mlp= 7201.3877> <PB=2734.7> 
#<DWph=2> <it= 47> <et=1.52> <Mt= 0.01> <Spt= 0.02> <nCl= 30> <al=0.80> <DB=-809387.7253> <Mlp= 6989.0247> <PB=2734.7> 
#<DWph=2> <it= 48> <et=1.55> <Mt= 0.00> <Spt= 0.02> <nCl= 30> <al=0.82> <DB=-855606.8205> <Mlp= 6797.3495> <PB=2734.7> 
#<DWph=2> <it= 49> <et=1.58> <Mt= 0.01> <Spt= 0.02> <nCl= 30> <al=0.84> <DB=-763173.8284> <Mlp= 6271.6541> <PB=2734.7> 
#<DWph=2> <it= 50> <et=1.60> <Mt= 0.01> <Spt= 0.02> <nCl= 30> <al=0.86> <DB=-775738.5602> <Mlp= 5989.0475> <PB=2734.7> 
#<DWph=2> <it= 51> <et=1.64> <Mt= 0.00> <Spt= 0.02> <nCl= 30> <al=0.87> <DB=-727596.5188> <Mlp= 5579.7105> <PB=2734.7> 
#<DWph=2> <it= 52> <et=1.66> <Mt= 0.01> <Spt= 0.02> <nCl= 30> <al=0.88> <DB=-719481.8737> <Mlp= 5342.4157> <PB=2734.7> 
#<DWph=2> <it= 53> <et=1.69> <Mt= 0.01> <Spt= 0.03> <nCl= 30> <al=0.90> <DB=-733785.0172> <Mlp= 4987.6223> <PB=2734.7> 
#<DWph=2> <it= 54> <et=1.72> <Mt= 0.00> <Spt= 0.02> <nCl= 30> <al=0.91> <DB=-746005.4975> <Mlp= 4804.2004> <PB=2734.7> 
#<DWph=2> <it= 55> <et=1.74> <Mt= 0.01> <Spt= 0.02> <nCl= 30> <al=0.81> <DB=-640498.4814> <Mlp= 4726.2509> <PB=2734.7> 
<DWph=2> <it= 56> <et=1.77> <Mt= 0.01> <Spt= 0.02> <nCl= 30> <al=0.83> <DB=-571873.8107> <Mlp= 4386.7600> <PB=2734.7> 
<DWph=2> <it= 57> <et=1.80> <Mt= 0.00> <Spt= 0.02> <nCl= 30> <al=0.73> <DB=-413366.8065> <Mlp= 4378.6026> <PB=2734.7> 
<DWph=2> <it= 58> <et=1.83> <Mt= 0.01> <Spt= 0.02> <nCl= 30> <al=0.63> <DB=-249290.2022> <Mlp= 4367.3431> <PB=2734.7> 
<DWph=2> <it= 59> <et=1.85> <Mt= 0.00> <Spt= 0.02> <nCl= 30> <al=0.53> <DB=-145571.2676> <Mlp= 4359.4378> <PB=2734.7> 
<DWph=2> <it= 60> <et=1.88> <Mt= 0.01> <Spt= 0.02> <nCl= 30> <al=0.43> <DB=-109920.6482> <Mlp= 4340.5271> <PB=2734.7> 
<DWph=2> <it= 61> <et=1.91> <Mt= 0.00> <Spt= 0.03> <nCl= 30> <al=0.48> <DB=-61919.7087> <Mlp= 4330.3321> <PB=2734.7> 
<DWph=2> <it= 62> <et=1.94> <Mt= 0.01> <Spt= 0.02> <nCl= 30> <al=0.38> <DB=-38970.6373> <Mlp= 4301.7314> <PB=2734.7> 
<DWph=2> <it= 63> <et=1.97> <Mt= 0.01> <Spt= 0.02> <nCl= 30> <al=0.44> <DB=-40296.3467> <Mlp= 4275.1223> <PB=2734.7> 
<DWph=2> <it= 64> <et=2.00> <Mt= 0.01> <Spt= 0.02> <nCl= 30> <al=0.50> <DB=-37130.9795> <Mlp= 4237.5450> <PB=2734.7> 
<DWph=2> <it= 65> <et=2.03> <Mt= 0.01> <Spt= 0.02> <nCl= 30> <al=0.55> <DB=-25565.3619> <Mlp= 4202.2283> <PB=2734.7> 
<DWph=2> <it= 66> <et=2.07> <Mt= 0.01> <Spt= 0.03> <nCl= 30> <al=0.45> <DB=-23037.2266> <Mlp= 4181.2048> <PB=2734.7> 
<DWph=2> <it= 67> <et=2.10> <Mt= 0.01> <Spt= 0.02> <nCl= 30> <al=0.50> <DB=-20064.6829> <Mlp= 4146.7754> <PB=2734.7> 
<DWph=2> <it= 68> <et=2.13> <Mt= 0.01> <Spt= 0.02> <nCl= 30> <al=0.55> <DB=-17933.1656> <Mlp= 4124.0625> <PB=2734.7> 
<DWph=2> <it= 69> <et=2.16> <Mt= 0.01> <Spt= 0.03> <nCl= 30> <al=0.60> <DB=-22995.2649> <Mlp= 4095.8168> <PB=2734.7> 
<DWph=2> <it= 70> <et=2.19> <Mt= 0.01> <Spt= 0.02> <nCl= 30> <al=0.64> <DB=-19616.5450> <Mlp= 4081.4579> <PB=2734.7> 
<DWph=2> <it= 71> <et=2.23> <Mt= 0.01> <Spt= 0.02> <nCl= 30> <al=0.68> <DB=-16580.4569> <Mlp= 4056.9010> <PB=2734.7> 
<DWph=2> <it= 72> <et=2.26> <Mt= 0.01> <Spt= 0.02> <nCl= 30> <al=0.71> <DB=-16698.4918> <Mlp= 4029.0967> <PB=2734.7> 
<DWph=2> <it= 73> <et=2.29> <Mt= 0.01> <Spt= 0.03> <nCl= 30> <al=0.74> <DB=-12406.4710> <Mlp= 3992.9371> <PB=2734.7> 
<DWph=2> <it= 74> <et=2.33> <Mt= 0.01> <Spt= 0.02> <nCl= 30> <al=0.64> <DB=-15104.1007> <Mlp= 3955.2095> <PB=2734.7> 
<DWph=2> <it= 75> <et=2.36> <Mt= 0.01> <Spt= 0.02> <nCl= 30> <al=0.67> <DB=-17222.8675> <Mlp= 3933.1214> <PB=2734.7> 
<DWph=2> <it= 76> <et=2.39> <Mt= 0.01> <Spt= 0.02> <nCl= 30> <al=0.71> <DB=-13480.5273> <Mlp= 3910.9545> <PB=2734.7> 
<DWph=2> <it= 77> <et=2.43> <Mt= 0.01> <Spt= 0.03> <nCl= 30> <al=0.74> <DB=-10263.6532> <Mlp= 3836.7603> <PB=2734.7> 
<DWph=2> <it= 78> <et=2.47> <Mt= 0.01> <Spt= 0.02> <nCl= 30> <al=0.76> <DB=-12142.9661> <Mlp= 3799.2459> <PB=2734.7> 
<DWph=2> <it= 79> <et=2.50> <Mt= 0.02> <Spt= 0.03> <nCl= 30> <al=0.79> <DB=-10130.9659> <Mlp= 3770.3444> <PB=2734.7> 
<DWph=2> <it= 80> <et=2.54> <Mt= 0.01> <Spt= 0.02> <nCl= 30> <al=0.81> <DB=-8112.1682> <Mlp= 3737.4762> <PB=2734.7> 
<DWph=2> <it= 81> <et=2.58> <Mt= 0.02> <Spt= 0.02> <nCl= 30> <al=0.83> <DB=-8478.5333> <Mlp= 3676.5274> <PB=2734.7> 
<DWph=2> <it= 82> <et=2.62> <Mt= 0.01> <Spt= 0.02> <nCl= 28> <al=0.84> <DB=-7148.0018> <Mlp= 3639.7614> <PB=2734.7> 
<DWph=2> <it= 83> <et=2.65> <Mt= 0.01> <Spt= 0.03> <nCl= 30> <al=0.86> <DB=-6447.6290> <Mlp= 3612.2026> <PB=2734.7> 
<DWph=2> <it= 84> <et=2.69> <Mt= 0.01> <Spt= 0.02> <nCl= 30> <al=0.76> <DB=-9783.9458> <Mlp= 3591.5391> <PB=2734.7> 
<DWph=2> <it= 85> <et=2.72> <Mt= 0.01> <Spt= 0.02> <nCl= 30> <al=0.78> <DB=-5695.6429> <Mlp= 3570.7455> <PB=2734.7> 
<DWph=2> <it= 86> <et=2.76> <Mt= 0.02> <Spt= 0.03> <nCl= 30> <al=0.81> <DB=-6610.8388> <Mlp= 3533.9805> <PB=2734.7> 
<DWph=2> <it= 87> <et=2.80> <Mt= 0.02> <Spt= 0.02> <nCl= 30> <al=0.71> <DB=-5674.9104> <Mlp= 3497.7708> <PB=2734.7> 
<DWph=2> <it= 88> <et=2.84> <Mt= 0.01> <Spt= 0.02> <nCl= 30> <al=0.73> <DB=-9691.1860> <Mlp= 3458.7190> <PB=2734.7> 
<DWph=2> <it= 89> <et=2.87> <Mt= 0.01> <Spt= 0.03> <nCl= 30> <al=0.76> <DB=-5793.9383> <Mlp= 3444.8862> <PB=2734.7> 
<DWph=2> <it= 90> <et=2.91> <Mt= 0.02> <Spt= 0.02> <nCl= 30> <al=0.66> <DB=-5769.5088> <Mlp= 3404.4572> <PB=2734.7> 
<DWph=2> <it= 91> <et=2.94> <Mt= 0.01> <Spt= 0.02> <nCl= 30> <al=0.69> <DB=-5969.8859> <Mlp= 3384.2694> <PB=2734.7> 
<DWph=2> <it= 92> <et=2.98> <Mt= 0.01> <Spt= 0.02> <nCl= 30> <al=0.73> <DB=-4274.8831> <Mlp= 3363.9434> <PB=2734.7> 
<DWph=2> <it= 93> <et=3.02> <Mt= 0.02> <Spt= 0.03> <nCl= 30> <al=0.75> <DB=-4784.9430> <Mlp= 3345.4023> <PB=2734.7> 
<DWph=2> <it= 94> <et=3.05> <Mt= 0.01> <Spt= 0.02> <nCl= 30> <al=0.78> <DB=-3489.7195> <Mlp= 3323.8358> <PB=2734.7> 
<DWph=2> <it= 95> <et=3.09> <Mt= 0.01> <Spt= 0.02> <nCl= 30> <al=0.68> <DB=-3327.4457> <Mlp= 3302.9439> <PB=2734.7> 
<DWph=2> <it= 96> <et=3.13> <Mt= 0.02> <Spt= 0.02> <nCl= 30> <al=0.71> <DB=-4306.3811> <Mlp= 3278.5750> <PB=2734.7> 
<DWph=2> <it= 97> <et=3.16> <Mt= 0.01> <Spt= 0.03> <nCl= 30> <al=0.74> <DB=-3729.6935> <Mlp= 3263.6030> <PB=2734.7> 
<DWph=2> <it= 98> <et=3.19> <Mt= 0.01> <Spt= 0.02> <nCl= 29> <al=0.77> <DB=-2138.7233> <Mlp= 3252.8149> <PB=2734.7> 
<DWph=2> <it= 99> <et=3.23> <Mt= 0.01> <Spt= 0.03> <nCl= 30> <al=0.67> <DB=-4246.1037> <Mlp= 3240.9079> <PB=2734.7> 
<DWph=2> <it=100> <et=3.27> <Mt= 0.02> <Spt= 0.02> <nCl= 30> <al=0.70> <DB=-3496.3952> <Mlp= 3218.9748> <PB=2734.7> 
<DWph=2> <it=101> <et=3.31> <Mt= 0.01> <Spt= 0.02> <nCl= 30> <al=0.73> <DB=-1156.8465> <Mlp= 3201.9300> <PB=2734.7> 
<DWph=2> <it=102> <et=3.35> <Mt= 0.02> <Spt= 0.03> <nCl= 30> <al=0.63> <DB=-1354.0263> <Mlp= 3176.8702> <PB=2734.7> 
<DWph=2> <it=103> <et=3.39> <Mt= 0.01> <Spt= 0.02> <nCl= 30> <al=0.67> <DB=-2721.5647> <Mlp= 3163.2598> <PB=2734.7> 
<DWph=2> <it=104> <et=3.42> <Mt= 0.02> <Spt= 0.02> <nCl= 30> <al=0.70> <DB=-1444.6479> <Mlp= 3149.8743> <PB=2734.7> 
<DWph=2> <it=105> <et=3.46> <Mt= 0.01> <Spt= 0.03> <nCl= 30> <al=0.60> <DB= -580.5739> <Mlp= 3136.6316> <PB=2734.7> 
<DWph=2> <it=106> <et=3.50> <Mt= 0.01> <Spt= 0.02> <nCl= 30> <al=0.50> <DB=-1751.4290> <Mlp= 3121.4119> <PB=2734.7> 
<DWph=2> <it=107> <et=3.54> <Mt= 0.02> <Spt= 0.03> <nCl= 30> <al=0.55> <DB=-2194.0234> <Mlp= 3097.5131> <PB=2734.7> 
<DWph=2> <it=108> <et=3.58> <Mt= 0.02> <Spt= 0.02> <nCl= 30> <al=0.59> <DB= -177.3754> <Mlp= 3078.8382> <PB=2734.7> 
<DWph=2> <it=109> <et=3.62> <Mt= 0.01> <Spt= 0.02> <nCl= 30> <al=0.49> <DB=-3265.2820> <Mlp= 3065.3011> <PB=2734.7> 
<DWph=2> <it=110> <et=3.65> <Mt= 0.01> <Spt= 0.02> <nCl= 30> <al=0.54> <DB= -962.7689> <Mlp= 3064.4684> <PB=2734.7> 
<DWph=2> <it=111> <et=3.69> <Mt= 0.01> <Spt= 0.03> <nCl= 30> <al=0.59> <DB= -481.9452> <Mlp= 3045.1474> <PB=2734.7> 
<DWph=2> <it=112> <et=3.73> <Mt= 0.02> <Spt= 0.02> <nCl= 30> <al=0.63> <DB=  169.7856> <Mlp= 3029.5342> <PB=2734.7> 
<DWph=2> <it=113> <et=3.77> <Mt= 0.02> <Spt= 0.02> <nCl= 30> <al=0.53> <DB=-1039.7355> <Mlp= 3012.9447> <PB=2734.7> 
<DWph=2> <it=114> <et=3.82> <Mt= 0.02> <Spt= 0.03> <nCl= 30> <al=0.58> <DB= -426.9127> <Mlp= 2991.1940> <PB=2734.7> 
<DWph=2> <it=115> <et=3.85> <Mt= 0.01> <Spt= 0.02> <nCl= 30> <al=0.62> <DB=  231.2658> <Mlp= 2981.7534> <PB=2734.7> 
<DWph=2> <it=116> <et=3.89> <Mt= 0.02> <Spt= 0.02> <nCl= 30> <al=0.66> <DB= -143.8137> <Mlp= 2970.7153> <PB=2734.7> 
<DWph=2> <it=117> <et=3.93> <Mt= 0.01> <Spt= 0.03> <nCl= 28> <al=0.69> <DB=  630.0802> <Mlp= 2956.1393> <PB=2734.7> 
<DWph=2> <it=118> <et=3.97> <Mt= 0.02> <Spt= 0.02> <nCl= 30> <al=0.72> <DB=  686.2659> <Mlp= 2933.9101> <PB=2734.7> 
<DWph=2> <it=119> <et=4.01> <Mt= 0.02> <Spt= 0.03> <nCl= 30> <al=0.75> <DB=  592.5632> <Mlp= 2923.6590> <PB=2734.7> 
<DWph=2> <it=120> <et=4.05> <Mt= 0.01> <Spt= 0.02> <nCl= 30> <al=0.65> <DB=  744.7800> <Mlp= 2909.4511> <PB=2734.7> 
<DWph=2> <it=121> <et=4.09> <Mt= 0.02> <Spt= 0.02> <nCl= 30> <al=0.69> <DB= -905.4191> <Mlp= 2897.0935> <PB=2734.7> 
<DWph=2> <it=122> <et=4.12> <Mt= 0.01> <Spt= 0.03> <nCl= 30> <al=0.72> <DB=  917.4427> <Mlp= 2889.9164> <PB=2734.7> 
<DWph=2> <it=123> <et=4.16> <Mt= 0.01> <Spt= 0.02> <nCl= 29> <al=0.75> <DB=  900.7222> <Mlp= 2877.7230> <PB=2734.7> 
<DWph=2> <it=124> <et=4.19> <Mt= 0.01> <Spt= 0.02> <nCl= 24> <al=0.77> <DB= 1329.3706> <Mlp= 2866.1074> <PB=2734.7> 
<DWph=2> <it=125> <et=4.23> <Mt= 0.01> <Spt= 0.03> <nCl= 30> <al=0.67> <DB= 1277.0594> <Mlp= 2859.4743> <PB=2734.7> 
<DWph=2> <it=126> <et=4.27> <Mt= 0.02> <Spt= 0.02> <nCl= 29> <al=0.70> <DB= 1309.5173> <Mlp= 2846.1934> <PB=2734.7> 
<DWph=2> <it=127> <et=4.31> <Mt= 0.02> <Spt= 0.03> <nCl= 27> <al=0.73> <DB= 1459.7159> <Mlp= 2830.1553> <PB=2734.7> 
<DWph=2> <it=128> <et=4.35> <Mt= 0.01> <Spt= 0.02> <nCl= 26> <al=0.76> <DB= 1643.3031> <Mlp= 2820.4549> <PB=2734.7> 
<DWph=2> <it=129> <et=4.39> <Mt= 0.02> <Spt= 0.02> <nCl= 28> <al=0.78> <DB= 1638.9476> <Mlp= 2810.7211> <PB=2734.7> 
<DWph=2> <it=130> <et=4.43> <Mt= 0.01> <Spt= 0.03> <nCl= 23> <al=0.81> <DB= 1523.2583> <Mlp= 2799.3743> <PB=2734.7> 
<DWph=2> <it=131> <et=4.46> <Mt= 0.01> <Spt= 0.02> <nCl= 21> <al=0.83> <DB= 1543.5376> <Mlp= 2796.1707> <PB=2734.7> 
<DWph=2> <it=132> <et=4.49> <Mt= 0.01> <Spt= 0.03> <nCl=  8> <al=0.84> <DB= 1709.0932> <Mlp= 2793.8602> <PB=2734.7> 
<DWph=2> <it=133> <et=4.52> <Mt= 0.00> <Spt= 0.02> <nCl= 29> <al=0.74> <DB= 1609.6912> <Mlp= 2793.2645> <PB=2734.7> 
<DWph=2> <it=134> <et=4.56> <Mt= 0.01> <Spt= 0.02> <nCl= 28> <al=0.77> <DB= 1589.1741> <Mlp= 2786.6925> <PB=2734.7> 
<DWph=2> <it=135> <et=4.59> <Mt= 0.02> <Spt= 0.03> <nCl= 27> <al=0.67> <DB= 1746.1684> <Mlp= 2780.6969> <PB=2734.7> 
<DWph=2> <it=136> <et=4.63> <Mt= 0.01> <Spt= 0.02> <nCl= 30> <al=0.57> <DB= 1179.4163> <Mlp= 2776.2415> <PB=2734.7> 
<DWph=2> <it=137> <et=4.66> <Mt= 0.01> <Spt= 0.02> <nCl= 30> <al=0.61> <DB=  957.5906> <Mlp= 2770.0977> <PB=2734.7> 
<DWph=2> <it=138> <et=4.70> <Mt= 0.01> <Spt= 0.03> <nCl= 30> <al=0.65> <DB= 1804.7647> <Mlp= 2767.7818> <PB=2734.7> 
<DWph=2> <it=139> <et=4.73> <Mt= 0.01> <Spt= 0.02> <nCl= 29> <al=0.69> <DB= 1435.7209> <Mlp= 2758.4204> <PB=2734.7> 
<DWph=2> <it=140> <et=4.77> <Mt= 0.01> <Spt= 0.02> <nCl= 22> <al=0.72> <DB= 1733.3136> <Mlp= 2751.5888> <PB=2734.7> 
<DWph=2> <it=141> <et=4.80> <Mt= 0.02> <Spt= 0.03> <nCl= 28> <al=0.75> <DB= 2007.5698> <Mlp= 2743.6368> <PB=2734.7> 
<DWph=2> <it=142> <et=4.84> <Mt= 0.01> <Spt= 0.02> <nCl= 30> <al=0.65> <DB= 1647.8285> <Mlp= 2740.2525> <PB=2734.7> 
<DWph=2> <it=143> <et=4.88> <Mt= 0.01> <Spt= 0.02> <nCl= 29> <al=0.68> <DB= 1409.2555> <Mlp= 2728.8544> <PB=2734.7> 
<DWph=2> <it=144> <et=4.92> <Mt= 0.02> <Spt= 0.03> <nCl= 26> <al=0.71> <DB= 1963.5233> <Mlp= 2721.9637> <PB=2734.7> 
<DWph=2> <it=145> <et=4.95> <Mt= 0.00> <Spt= 0.02> <nCl= 23> <al=0.74> <DB= 1993.3841> <Mlp= 2720.1605> <PB=2734.7> 
<DWph=2> <it=146> <et=4.98> <Mt= 0.01> <Spt= 0.02> <nCl= 28> <al=0.64> <DB= 1970.0646> <Mlp= 2716.4402> <PB=2734.7> 
<DWph=2> <it=147> <et=5.01> <Mt= 0.01> <Spt= 0.03> <nCl= 23> <al=0.54> <DB= 2027.2195> <Mlp= 2712.7382> <PB=2734.7> 
<DWph=2> <it=148> <et=5.04> <Mt= 0.01> <Spt= 0.02> <nCl= 29> <al=0.59> <DB= 1960.2219> <Mlp= 2710.7689> <PB=2734.7> 
<DWph=2> <it=149> <et=5.07> <Mt= 0.00> <Spt= 0.02> <nCl= 30> <al=0.49> <DB= 1943.0734> <Mlp= 2706.7985> <PB=2734.7> 
<DWph=2> <it=150> <et=5.10> <Mt= 0.01> <Spt= 0.03> <nCl= 30> <al=0.54> <DB= 1459.6079> <Mlp= 2702.7633> <PB=2734.7> 
<DWph=2> <it=151> <et=5.13> <Mt= 0.01> <Spt= 0.02> <nCl= 24> <al=0.58> <DB= 1974.1152> <Mlp= 2697.9071> <PB=2734.7> 
<DWph=2> <it=152> <et=5.16> <Mt= 0.01> <Spt= 0.02> <nCl= 26> <al=0.48> <DB= 1968.6812> <Mlp= 2696.2021> <PB=2734.7> 
<DWph=2> <it=153> <et=5.20> <Mt= 0.01> <Spt= 0.03> <nCl= 29> <al=0.38> <DB= 1650.5765> <Mlp= 2689.2875> <PB=2734.7> 
<DWph=2> <it=154> <et=5.23> <Mt= 0.00> <Spt= 0.02> <nCl= 26> <al=0.45> <DB= 2154.0486> <Mlp= 2688.5845> <PB=2734.7> 
<DWph=2> <it=155> <et=5.25> <Mt= 0.01> <Spt= 0.02> <nCl= 30> <al=0.35> <DB= 1877.4495> <Mlp= 2687.9569> <PB=2734.7> 
<DWph=2> <it=156> <et=5.28> <Mt= 0.00> <Spt= 0.03> <nCl= 29> <al=0.41> <DB= 2012.7030> <Mlp= 2686.3315> <PB=2734.7> 
<DWph=2> <it=157> <et=5.31> <Mt= 0.01> <Spt= 0.02> <nCl= 24> <al=0.47> <DB= 2110.9785> <Mlp= 2685.6594> <PB=2734.7> 
<DWph=2> <it=158> <et=5.34> <Mt= 0.00> <Spt= 0.02> <nCl= 19> <al=0.52> <DB= 2270.3688> <Mlp= 2684.9653> <PB=2734.7> 
<DWph=2> <it=159> <et=5.37> <Mt= 0.01> <Spt= 0.03> <nCl= 14> <al=0.57> <DB= 2199.8799> <Mlp= 2684.5092> <PB=2734.7> 
<DWph=2> <it=160> <et=5.40> <Mt= 0.00> <Spt= 0.02> <nCl=  5> <al=0.61> <DB= 2310.8868> <Mlp= 2683.7659> <PB=2734.7> 
<DWph=2> <it=161> <et=5.42> <Mt= 0.00> <Spt= 0.02> <nCl= 19> <al=0.65> <DB= 2278.9858> <Mlp= 2683.7197> <PB=2734.7> 
<DWph=2> <it=162> <et=5.45> <Mt= 0.01> <Spt= 0.03> <nCl= 10> <al=0.69> <DB= 2427.4759> <Mlp= 2683.6902> <PB=2734.7> 
<DWph=2> <it=163> <et=5.48> <Mt= 0.00> <Spt= 0.02> <nCl= 25> <al=0.59> <DB= 2115.3452> <Mlp= 2683.4677> <PB=2734.7> 
<DWph=2> <it=164> <et=5.50> <Mt= 0.00> <Spt= 0.02> <nCl= 13> <al=0.63> <DB= 2436.7314> <Mlp= 2680.7497> <PB=2734.7> 
<DWph=2> <it=165> <et=5.53> <Mt= 0.01> <Spt= 0.03> <nCl= 14> <al=0.67> <DB= 2554.5369> <Mlp= 2680.7401> <PB=2734.7> 
<DWph=2> <it=166> <et=5.56> <Mt= 0.00> <Spt= 0.02> <nCl=  9> <al=0.70> <DB= 2483.9348> <Mlp= 2680.6973> <PB=2734.7> 
<DWph=2> <it=167> <et=5.58> <Mt= 0.00> <Spt= 0.02> <nCl=  3> <al=0.73> <DB= 2579.2339> <Mlp= 2680.5411> <PB=2734.7> 
<DWph=2> <it=168> <et=5.61> <Mt= 0.01> <Spt= 0.03> <nCl= 12> <al=0.63> <DB= 2164.3777> <Mlp= 2680.2189> <PB=2734.7> 
<DWph=2> <it=169> <et=5.64> <Mt= 0.00> <Spt= 0.02> <nCl=  3> <al=0.67> <DB= 2631.7592> <Mlp= 2679.9142> <PB=2734.7> 
<DWph=2> <it=170> <et=5.66> <Mt= 0.00> <Spt= 0.02> <nCl=  7> <al=0.57> <DB= 2518.4651> <Mlp= 2679.9142> <PB=2734.7> 
<DWph=2> <it=171> <et=5.69> <Mt= 0.01> <Spt= 0.03> <nCl= 13> <al=0.61> <DB= 2126.8502> <Mlp= 2679.8883> <PB=2734.7> 
<DWph=2> <it=172> <et=5.74> <Mt= 0.00> <Spt= 0.04> <nCl= 21> <al=0.30> <DB= 2380.2836> <Mlp= 2679.0132> <PB=2734.7> 
<DWph=2> <it=173> <et=5.76> <Mt= 0.00> <Spt= 0.03> <nCl= 13> <al=0.55> <DB= 2237.4789> <Mlp= 2679.0132> <PB=2734.7> 
<DWph=2> <it=174> <et=5.80> <Mt= 0.01> <Spt= 0.02> <nCl= 13> <al=0.59> <DB= 2212.9688> <Mlp= 2678.1613> <PB=2734.7> 
<DWph=2> <it=175> <et=5.83> <Mt= 0.00> <Spt= 0.03> <nCl= 10> <al=0.49> <DB= 2410.1107> <Mlp= 2676.3333> <PB=2734.7> 
<DWph=2> <it=176> <et=5.85> <Mt= 0.00> <Spt= 0.02> <nCl= 14> <al=0.39> <DB= 2207.6921> <Mlp= 2676.0651> <PB=2734.7> 
<DWph=2> <it=177> <et=5.88> <Mt= 0.01> <Spt= 0.02> <nCl=  6> <al=0.45> <DB= 2352.2871> <Mlp= 2676.0212> <PB=2734.7> 
<DWph=2> <it=178> <et=5.93> <Mt= 0.00> <Spt= 0.05> <nCl= 36> <al=0.02> <DB= 1924.8766> <Mlp= 2675.9597> <PB=2734.7> 
<DWph=2> <it=179> <et=5.96> <Mt= 0.00> <Spt= 0.02> <nCl= 10> <al=0.41> <DB= 2490.5555> <Mlp= 2675.6118> <PB=2734.7> 
<DWph=2> <it=180> <et=5.98> <Mt= 0.01> <Spt= 0.03> <nCl=  6> <al=0.47> <DB= 2489.6826> <Mlp= 2675.0484> <PB=2734.7> 
<DWph=2> <it=181> <et=6.01> <Mt= 0.00> <Spt= 0.02> <nCl= 12> <al=0.37> <DB= 2369.1759> <Mlp= 2675.0484> <PB=2734.7> 
<DWph=2> <it=182> <et=6.04> <Mt= 0.00> <Spt= 0.02> <nCl=  6> <al=0.43> <DB= 2272.1829> <Mlp= 2675.0484> <PB=2734.7> 
<DWph=2> <it=183> <et=6.09> <Mt= 0.01> <Spt= 0.05> <nCl= 27> <al=0.00> <DB= 2327.3879> <Mlp= 2674.8879> <PB=2734.7> 
<DWph=2> <it=184> <et=6.12> <Mt= 0.00> <Spt= 0.03> <nCl=  9> <al=0.39> <DB= 2355.3717> <Mlp= 2673.3812> <PB=2734.7> 
<DWph=2> <it=185> <et=6.15> <Mt= 0.01> <Spt= 0.02> <nCl=  8> <al=0.29> <DB= 2578.1463> <Mlp= 2673.1204> <PB=2734.7> 
<DWph=2> <it=186> <et=6.17> <Mt= 0.00> <Spt= 0.02> <nCl= 12> <al=0.19> <DB= 2499.5383> <Mlp= 2673.1006> <PB=2734.7> 
<DWph=2> <it=187> <et=6.20> <Mt= 0.00> <Spt= 0.03> <nCl=  8> <al=0.27> <DB= 2474.3734> <Mlp= 2672.9465> <PB=2734.7> 
<DWph=2> <it=188> <et=6.23> <Mt= 0.01> <Spt= 0.02> <nCl=  3> <al=0.34> <DB= 2492.8931> <Mlp= 2672.8662> <PB=2734.7> 
<DWph=2> <it=189> <et=6.25> <Mt= 0.00> <Spt= 0.02> <nCl=  5> <al=0.24> <DB= 2426.4585> <Mlp= 2672.8662> <PB=2734.7> 
<DWph=2> <it=190> <et=6.30> <Mt= 0.00> <Spt= 0.05> <nCl= 24> <al=0.00> <DB= 2059.3356> <Mlp= 2672.8639> <PB=2734.7> 
<DWph=2> <it=191> <et=6.33> <Mt= 0.00> <Spt= 0.03> <nCl=  6> <al=0.22> <DB= 2513.2068> <Mlp= 2672.7052> <PB=2734.7> 
<DWph=2> <it=192> <et=6.36> <Mt= 0.01> <Spt= 0.02> <nCl=  7> <al=0.12> <DB= 2532.8911> <Mlp= 2672.7029> <PB=2734.7> 
<DWph=2> <it=193> <et=6.41> <Mt= 0.00> <Spt= 0.05> <nCl= 13> <al=0.00> <DB= 2422.7029> <Mlp= 2672.7029> <PB=2734.7> 
<DWph=2> <it=194> <et=6.44> <Mt= 0.00> <Spt= 0.02> <nCl= 10> <al=0.11> <DB= 2490.1529> <Mlp= 2672.0890> <PB=2734.7> 
<DWph=2> <it=195> <et=6.46> <Mt= 0.01> <Spt= 0.02> <nCl=  6> <al=0.01> <DB= 2470.9743> <Mlp= 2671.6958> <PB=2734.7> 
<DWph=2> <it=196> <et=6.49> <Mt= 0.00> <Spt= 0.03> <nCl=  2> <al=0.11> <DB= 2472.3041> <Mlp= 2671.3336> <PB=2734.7> 
<DWph=2> <it=197> <et=6.52> <Mt= 0.00> <Spt= 0.02> <nCl=  1> <al=0.20> <DB= 2595.0513> <Mlp= 2670.8355> <PB=2734.7> 
<DWph=2> <it=198> <et=6.54> <Mt= 0.00> <Spt= 0.02> <nCl=  1> <al=0.10> <DB= 2603.6914> <Mlp= 2670.8307> <PB=2734.7> 
<DWph=2> <it=199> <et=6.57> <Mt= 0.01> <Spt= 0.03> <nCl= 13> <al=0.00> <DB= 2352.4648> <Mlp= 2670.7981> <PB=2734.7> 
<DWph=2> <it=200> <et=6.62> <Mt= 0.00> <Spt= 0.04> <nCl= 17> <al=0.00> <DB= 1862.2323> <Mlp= 2670.7656> <PB=2734.7> 
<DWph=2> <it=201> <et=6.64> <Mt= 0.00> <Spt= 0.03> <nCl= 17> <al=0.00> <DB= 2348.4355> <Mlp= 2669.9817> <PB=2734.7> 
<DWph=2> <it=202> <et=6.67> <Mt= 0.01> <Spt= 0.02> <nCl= 17> <al=0.10> <DB= 2350.8934> <Mlp= 2669.6235> <PB=2734.7> 
<DWph=2> <it=203> <et=6.70> <Mt= 0.00> <Spt= 0.02> <nCl= 14> <al=0.19> <DB= 2137.5456> <Mlp= 2669.6235> <PB=2734.7> 
<DWph=2> <it=204> <et=6.73> <Mt= 0.01> <Spt= 0.03> <nCl= 14> <al=0.27> <DB= 2049.0498> <Mlp= 2669.1284> <PB=2734.7> 
<DWph=2> <it=205> <et=6.76> <Mt= 0.01> <Spt= 0.02> <nCl=  6> <al=0.34> <DB= 2486.2097> <Mlp= 2666.8177> <PB=2734.7> 
<DWph=2> <it=206> <et=6.79> <Mt= 0.00> <Spt= 0.02> <nCl=  4> <al=0.24> <DB= 2539.1689> <Mlp= 2666.8177> <PB=2734.7> 
<DWph=2> <it=207> <et=6.81> <Mt= 0.00> <Spt= 0.03> <nCl= 12> <al=0.14> <DB= 2242.3861> <Mlp= 2666.8016> <PB=2734.7> 
<DWph=2> <it=208> <et=6.84> <Mt= 0.00> <Spt= 0.02> <nCl= 15> <al=0.23> <DB= 1746.7271> <Mlp= 2665.1762> <PB=2734.7> 
<DWph=2> <it=209> <et=6.85> <Mt= 0.01> <Spt= 0.00> <nCl=  0> <al=0.30> <DB= 1746.7271> <Mlp= 2663.4865> <PB=2734.7> 
<DWph=1> <it=210> <et=6.91> <Mt= 0.00> <Spt= 0.07> <nCl= 30> <al=0.30> <DB= 1196.3812> <Mlp= 2663.4865> <PB=2734.7> 
<DWph=1> <it=211> <et=6.98> <Mt= 0.01> <Spt= 0.06> <nCl= 30> <al=0.37> <DB= 1435.1085> <Mlp= 2658.4874> <PB=2734.7> 
<DWph=1> <it=212> <et=7.06> <Mt= 0.01> <Spt= 0.06> <nCl= 29> <al=0.44> <DB= 1817.8167> <Mlp= 2652.3182> <PB=2734.7> 
<DWph=1> <it=213> <et=7.13> <Mt= 0.01> <Spt= 0.07> <nCl= 29> <al=0.49> <DB= 1799.6263> <Mlp= 2626.4800> <PB=2734.7> 
<DWph=1> <it=214> <et=7.21> <Mt= 0.01> <Spt= 0.06> <nCl= 26> <al=0.54> <DB= 1788.8172> <Mlp= 2624.7918> <PB=2734.7> 
<DWph=1> <it=215> <et=7.28> <Mt= 0.00> <Spt= 0.07> <nCl= 27> <al=0.59> <DB= 1980.6604> <Mlp= 2621.9990> <PB=2734.7> 
<DWph=1> <it=216> <et=7.36> <Mt= 0.02> <Spt= 0.06> <nCl= 25> <al=0.63> <DB= 2188.5614> <Mlp= 2617.8760> <PB=2734.7> 
<DWph=1> <it=217> <et=7.43> <Mt= 0.00> <Spt= 0.07> <nCl= 30> <al=0.53> <DB= 2212.4469> <Mlp= 2617.3448> <PB=2734.7> 
<DWph=1> <it=218> <et=7.50> <Mt= 0.01> <Spt= 0.06> <nCl= 28> <al=0.58> <DB= 2195.0524> <Mlp= 2615.6163> <PB=2734.7> 
<DWph=1> <it=219> <et=7.57> <Mt= 0.00> <Spt= 0.07> <nCl= 21> <al=0.62> <DB= 2227.1081> <Mlp= 2612.7323> <PB=2734.7> 
<DWph=1> <it=220> <et=7.64> <Mt= 0.01> <Spt= 0.06> <nCl= 26> <al=0.66> <DB= 2351.7471> <Mlp= 2611.9401> <PB=2734.7> 
<DWph=1> <it=221> <et=7.70> <Mt= 0.00> <Spt= 0.06> <nCl= 23> <al=0.69> <DB= 2349.1325> <Mlp= 2611.4527> <PB=2734.7> 
<DWph=1> <it=222> <et=7.77> <Mt= 0.01> <Spt= 0.07> <nCl= 16> <al=0.72> <DB= 2390.6385> <Mlp= 2610.3651> <PB=2734.7> 
<DWph=1> <it=223> <et=7.84> <Mt= 0.00> <Spt= 0.06> <nCl= 27> <al=0.62> <DB= 2384.2325> <Mlp= 2609.5724> <PB=2734.7> 
<DWph=1> <it=224> <et=7.91> <Mt= 0.01> <Spt= 0.06> <nCl= 18> <al=0.66> <DB= 2340.9535> <Mlp= 2607.9375> <PB=2734.7> 
<DWph=1> <it=225> <et=7.97> <Mt= 0.00> <Spt= 0.06> <nCl=  9> <al=0.69> <DB= 2421.9687> <Mlp= 2607.4545> <PB=2734.7> 
<DWph=1> <it=226> <et=8.04> <Mt= 0.01> <Spt= 0.06> <nCl= 12> <al=0.72> <DB= 2455.3802> <Mlp= 2607.4138> <PB=2734.7> 
<DWph=1> <it=227> <et=8.11> <Mt= 0.00> <Spt= 0.07> <nCl= 14> <al=0.75> <DB= 2459.6776> <Mlp= 2606.9516> <PB=2734.7> 
<DWph=1> <it=228> <et=8.17> <Mt= 0.00> <Spt= 0.06> <nCl=  8> <al=0.78> <DB= 2492.4263> <Mlp= 2606.6363> <PB=2734.7> 
<DWph=1> <it=229> <et=8.24> <Mt= 0.01> <Spt= 0.06> <nCl= 11> <al=0.68> <DB= 2519.4698> <Mlp= 2606.3902> <PB=2734.7> 
<DWph=1> <it=230> <et=8.30> <Mt= 0.00> <Spt= 0.06> <nCl=  9> <al=0.71> <DB= 2442.5161> <Mlp= 2606.3394> <PB=2734.7> 
<DWph=1> <it=231> <et=8.37> <Mt= 0.00> <Spt= 0.06> <nCl=  2> <al=0.74> <DB= 2485.8575> <Mlp= 2606.0261> <PB=2734.7> 
<DWph=1> <it=232> <et=8.43> <Mt= 0.01> <Spt= 0.06> <nCl=  5> <al=0.64> <DB= 2502.1024> <Mlp= 2605.9511> <PB=2734.7> 
<DWph=1> <it=233> <et=8.50> <Mt= 0.00> <Spt= 0.07> <nCl=  2> <al=0.54> <DB= 2518.2243> <Mlp= 2605.6420> <PB=2734.7> 
<DWph=1> <it=234> <et=8.56> <Mt= 0.00> <Spt= 0.06> <nCl=  9> <al=0.44> <DB= 2510.3226> <Mlp= 2605.6309> <PB=2734.7> 
<DWph=1> <it=235> <et=8.63> <Mt= 0.01> <Spt= 0.06> <nCl=  6> <al=0.49> <DB= 2525.2535> <Mlp= 2605.4654> <PB=2734.7> 
<DWph=1> <it=236> <et=8.69> <Mt= 0.00> <Spt= 0.06> <nCl= 14> <al=0.39> <DB= 2341.8214> <Mlp= 2605.3576> <PB=2734.7> 
<DWph=1> <it=237> <et=8.76> <Mt= 0.00> <Spt= 0.06> <nCl= 10> <al=0.46> <DB= 2567.9650> <Mlp= 2605.0898> <PB=2734.7> 
<DWph=1> <it=238> <et=8.83> <Mt= 0.01> <Spt= 0.07> <nCl= 10> <al=0.51> <DB= 2558.4566> <Mlp= 2605.0898> <PB=2734.7> 
<DWph=1> <it=239> <et=8.89> <Mt= 0.00> <Spt= 0.06> <nCl=  2> <al=0.56> <DB= 2568.4447> <Mlp= 2605.0867> <PB=2734.7> 
<DWph=1> <it=240> <et=8.96> <Mt= 0.00> <Spt= 0.06> <nCl=  7> <al=0.60> <DB= 2571.1355> <Mlp= 2605.0867> <PB=2734.7> 
<DWph=1> <it=241> <et=9.08> <Mt= 0.00> <Spt= 0.13> <nCl=  3> <al=0.29> <DB= 2595.4075> <Mlp= 2605.0867> <PB=2734.7> 
<DWph=1> <it=242> <et=9.15> <Mt= 0.01> <Spt= 0.06> <nCl=  3> <al=0.54> <DB= 2380.1942> <Mlp= 2605.0851> <PB=2734.7> 
<DWph=1> <it=243> <et=9.21> <Mt= 0.00> <Spt= 0.06> <nCl=  3> <al=0.44> <DB= 2480.2475> <Mlp= 2604.6065> <PB=2734.7> 
<DWph=1> <it=244> <et=9.28> <Mt= 0.00> <Spt= 0.06> <nCl=  2> <al=0.50> <DB= 2554.7721> <Mlp= 2604.4063> <PB=2734.7> 
<DWph=1> <it=245> <et=9.34> <Mt= 0.01> <Spt= 0.07> <nCl=  1> <al=0.55> <DB= 2587.3795> <Mlp= 2604.1606> <PB=2734.7> 
<DWph=1> <it=246> <et=9.47> <Mt= 0.00> <Spt= 0.12> <nCl=  5> <al=0.19> <DB= 2568.6891> <Mlp= 2604.1606> <PB=2734.7> 
<DWph=1> <it=247> <et=9.54> <Mt= 0.00> <Spt= 0.06> <nCl=  2> <al=0.49> <DB= 2598.9644> <Mlp= 2604.1606> <PB=2734.7> 
<DWph=1> <it=248> <et=9.60> <Mt= 0.00> <Spt= 0.06> <nCl=  1> <al=0.54> <DB= 2589.6204> <Mlp= 2604.0211> <PB=2734.7> 
<DWph=1> <it=249> <et=9.67> <Mt= 0.01> <Spt= 0.07> <nCl=  1> <al=0.44> <DB= 2592.2664> <Mlp= 2604.0211> <PB=2734.7> 
<DWph=1> <it=250> <et=9.73> <Mt= 0.00> <Spt= 0.06> <nCl=  1> <al=0.34> <DB= 2590.9697> <Mlp= 2604.0211> <PB=2734.7> 
<DWph=1> <it=251> <et=9.86> <Mt= 0.00> <Spt= 0.12> <nCl=  4> <al=0.00> <DB= 2604.0211> <Mlp= 2604.0211> <PB=2734.7> 
    RCSP exact solver info for graph G_1 : TT = 0.145724, pt = 0.000107, dt = 0.128804, ct = 0.015034, ndl = 21', bdl = 600', odl = 9', odf = 61', bsi = 1', cnt = 23', bdch = 8500', odch = 261', lcp = 623', #sols = 150
<DWph=0> <it=252> <et=10.01> <Mt= 0.00> <Spt= 0.16> <nCl=150> <al=0.31> <DB= 2056.6584> <Mlp= 2604.0211> <PB=2734.7> 
    RCSP exact solver info for graph G_1 : TT = 0.116118, pt = 0.000121, dt = 0.098763, ct = 0.01531, ndl = 21', bdl = 614', odl = 9', odf = 61', bsi = 1', cnt = 25', bdch = 8586', odch = 251', lcp = 598', #sols = 148
<DWph=0> <it=253> <et=10.15> <Mt= 0.01> <Spt= 0.12> <nCl=122> <al=0.21> <DB= 2280.2575> <Mlp= 2602.0607> <PB=2734.7> 
    RCSP exact solver info for graph G_1 : TT = 0.121558, pt = 0.000126, dt = 0.103562, ct = 0.015921, ndl = 22', bdl = 621', odl = 9', odf = 62', bsi = 1', cnt = 25', bdch = 8771', odch = 259', lcp = 610', #sols = 150
<DWph=0> <it=254> <et=10.29> <Mt= 0.01> <Spt= 0.13> <nCl= 57> <al=0.29> <DB= 2507.3303> <Mlp= 2599.5592> <PB=2734.7> 
    RCSP exact solver info for graph G_1 : TT = 0.118413, pt = 0.000135, dt = 0.100831, ct = 0.015492, ndl = 22', bdl = 618', odl = 9', odf = 61', bsi = 1', cnt = 26', bdch = 8722', odch = 253', lcp = 596', #sols = 150
<DWph=0> <it=255> <et=10.42> <Mt= 0.00> <Spt= 0.13> <nCl= 63> <al=0.19> <DB= 2529.5032> <Mlp= 2598.7688> <PB=2734.7> 
    RCSP exact solver info for graph G_1 : TT = 0.117086, pt = 0.000123, dt = 0.099478, ct = 0.01552, ndl = 22', bdl = 621', odl = 9', odf = 61', bsi = 1', cnt = 27', bdch = 8787', odch = 257', lcp = 603', #sols = 150
    RCSP exact solver info for graph G_1 : TT = 0.112911, pt = 0.000122, dt = 0.095608, ct = 0.015234, ndl = 21', bdl = 594', odl = 9', odf = 59', bsi = 1', cnt = 26', bdch = 8216', odch = 242', lcp = 586', #sols = 150
<DWph=0> <it=256> <et=10.67> <Mt= 0.00> <Spt= 0.25> <nCl= 25> <al=0.00> <DB= 2597.3579> <Mlp= 2598.5755> <PB=2734.7> 
    RCSP exact solver info for graph G_1 : TT = 0.113041, pt = 0.00012, dt = 0.095716, ct = 0.015238, ndl = 21', bdl = 594', odl = 9', odf = 59', bsi = 1', cnt = 26', bdch = 8216', odch = 242', lcp = 586', #sols = 150
    RCSP exact solver info for graph G_1 : TT = 0.112801, pt = 0.000118, dt = 0.095519, ct = 0.015246, ndl = 21', bdl = 594', odl = 9', odf = 59', bsi = 1', cnt = 26', bdch = 8219', odch = 242', lcp = 586', #sols = 150
<DWph=0> <it=257> <et=10.91> <Mt= 0.01> <Spt= 0.24> <nCl=  0> <al=0.00> <DB= 2598.5755> <Mlp= 2598.5755> <PB=2734.7> 
Dynamic params and stats :  bidir.bord. = 514.8 aver.obdmd = 5.9901 aver.buck.num. = 12.1782
@@ 1 0 2598.58 0.11766 0.143838 65.5772 10.91
Labels distribution in buckets (bucket size) : largest - 247, top 0.1% - 198, top 0.5% - 123, top 2% - 69, top 10% - 24, top 50% - 0
Reduced cost fixing for graph G_1... 186242 buck. arcs remain (84.5% from prev., 55.5% from max.) + 12076 jump buck. arcs (3.6% from max.)
Backward reduced cost fixing... 185948 buck. arcs remain (84.2% from prev., 55.2% from max.) + 5540 jump buck. arcs (1.64% from max.)
 TT = 1.69866, pt = 0.065882, dt = 1.2177, ct = 0.413109, ndl = 123', bdl = 6416', odl = 39', odf = 323', lpcb = 1354', cnt = 63522', bdch = 210078', odch = 5938', lcp = 11061'
Labels distribution in buckets (bucket size) : largest - 871, top 0.1% - 536, top 0.5% - 245, top 2% - 145, top 10% - 37, top 50% - 0
Run forward enumeration with border = 514.8... not succeeded (ratio 0.988897) lpt = 0.004977, ndl = 4', dl = 0', lpcb = 1', dch = 33'
 TT = 0.007988, pt = 0.000785, dt = 0.004977, ct = 0, ndl = 4', bdl = 0', lpcb = 1', cnt = 115', bdch = 33', odch = 0', lcp = 0'
ColGenEvalAlg final dual bound: 2598.58 (rounded: 2598.58)
In total 17 RCC cut(s) are found by the connected components heuristic 
Shrinking heuristic shrunk 104 edges
In total 27 RCC cut(s) are found by the Fractional capacity min-cut heuristic 
In total 148 RCC cut(s) are found by the greedy construction heuristic 
----- Add fac. cuts : CAP(100), max.viol = 0.626794, aver.viol = 0.264864, sep/add took 0.0643691/0.165438 sec. -----
6131 columns (6131 active), 100 dyn. constrs. (100 active), 502 art. vars. (502 active)
<DWph=2> <it=  1> <et=13.03> <Mt= 0.12> <Spt= 0.03> <nCl= 17> <al=0.50> <DB= 2581.1669> <Mlp= 2633.7583> <PB=2734.7> 
<DWph=2> <it=  2> <et=13.08> <Mt= 0.03> <Spt= 0.03> <nCl=  5> <al=0.55> <DB= 2614.3082> <Mlp= 2633.5371> <PB=2734.7> 
<DWph=2> <it=  3> <et=13.13> <Mt= 0.01> <Spt= 0.03> <nCl= 21> <al=0.45> <DB= 2391.9180> <Mlp= 2633.4927> <PB=2734.7> 
<DWph=2> <it=  4> <et=13.20> <Mt= 0.04> <Spt= 0.03> <nCl= 17> <al=0.51> <DB= 2525.8125> <Mlp= 2631.7962> <PB=2734.7> 
<DWph=2> <it=  5> <et=13.25> <Mt= 0.02> <Spt= 0.03> <nCl= 10> <al=0.55> <DB= 2621.8440> <Mlp= 2631.2236> <PB=2734.7> 
<DWph=2> <it=  6> <et=13.29> <Mt= 0.01> <Spt= 0.03> <nCl= 26> <al=0.45> <DB= 1713.7799> <Mlp= 2631.1956> <PB=2734.7> 
<DWph=2> <it=  7> <et=13.36> <Mt= 0.04> <Spt= 0.03> <nCl= 14> <al=0.51> <DB= 2518.0145> <Mlp= 2630.5670> <PB=2734.7> 
<DWph=2> <it=  8> <et=13.41> <Mt= 0.02> <Spt= 0.03> <nCl= 10> <al=0.56> <DB= 2550.0397> <Mlp= 2630.2535> <PB=2734.7> 
<DWph=2> <it=  9> <et=13.48> <Mt= 0.04> <Spt= 0.03> <nCl= 15> <al=0.60> <DB= 2447.4666> <Mlp= 2628.9280> <PB=2734.7> 
<DWph=2> <it= 10> <et=13.52> <Mt= 0.01> <Spt= 0.03> <nCl=  9> <al=0.64> <DB= 2555.0707> <Mlp= 2628.8179> <PB=2734.7> 
<DWph=2> <it= 11> <et=13.61> <Mt= 0.02> <Spt= 0.06> <nCl= 14> <al=0.36> <DB= 2552.4009> <Mlp= 2627.5912> <PB=2734.7> 
<DWph=2> <it= 12> <et=13.64> <Mt= 0.01> <Spt= 0.03> <nCl=  7> <al=0.58> <DB= 2419.7987> <Mlp= 2627.5850> <PB=2734.7> 
<DWph=2> <it= 13> <et=13.69> <Mt= 0.02> <Spt= 0.03> <nCl=  8> <al=0.62> <DB= 2608.8327> <Mlp= 2627.0804> <PB=2734.7> 
<DWph=2> <it= 14> <et=13.74> <Mt= 0.02> <Spt= 0.03> <nCl=  2> <al=0.66> <DB= 2586.6185> <Mlp= 2626.9050> <PB=2734.7> 
<DWph=2> <it= 15> <et=13.77> <Mt= 0.01> <Spt= 0.03> <nCl= 12> <al=0.56> <DB= 2428.5427> <Mlp= 2626.9050> <PB=2734.7> 
<DWph=2> <it= 16> <et=13.85> <Mt= 0.01> <Spt= 0.06> <nCl= 23> <al=0.20> <DB= 2434.9469> <Mlp= 2626.2289> <PB=2734.7> 
<DWph=2> <it= 17> <et=13.90> <Mt= 0.02> <Spt= 0.03> <nCl=  9> <al=0.50> <DB= 2556.1093> <Mlp= 2626.1270> <PB=2734.7> 
<DWph=2> <it= 18> <et=13.94> <Mt= 0.01> <Spt= 0.03> <nCl=  7> <al=0.40> <DB= 2624.2381> <Mlp= 2625.8494> <PB=2734.7> 
<DWph=2> <it= 19> <et=13.98> <Mt= 0.01> <Spt= 0.03> <nCl=  6> <al=0.30> <DB= 2608.9320> <Mlp= 2625.8494> <PB=2734.7> 
<DWph=2> <it= 20> <et=14.05> <Mt= 0.01> <Spt= 0.05> <nCl= 12> <al=0.00> <DB= 2525.8494> <Mlp= 2625.8494> <PB=2734.7> 
<DWph=2> <it= 21> <et=14.11> <Mt= 0.01> <Spt= 0.06> <nCl=  3> <al=0.00> <DB= 2625.8494> <Mlp= 2625.8494> <PB=2734.7> 
<DWph=1> <it= 22> <et=14.18> <Mt= 0.00> <Spt= 0.07> <nCl= 30> <al=0.00> <DB= 2066.6330> <Mlp= 2625.8494> <PB=2734.7> 
<DWph=1> <it= 23> <et=14.28> <Mt= 0.03> <Spt= 0.06> <nCl= 30> <al=0.10> <DB= 2125.9493> <Mlp= 2625.1212> <PB=2734.7> 
<DWph=1> <it= 24> <et=14.39> <Mt= 0.04> <Spt= 0.07> <nCl= 30> <al=0.19> <DB= 2234.5477> <Mlp= 2624.3006> <PB=2734.7> 
<DWph=1> <it= 25> <et=14.48> <Mt= 0.04> <Spt= 0.06> <nCl= 27> <al=0.27> <DB= 2414.7615> <Mlp= 2623.1505> <PB=2734.7> 
<DWph=1> <it= 26> <et=14.58> <Mt= 0.02> <Spt= 0.07> <nCl= 16> <al=0.35> <DB= 2334.3677> <Mlp= 2622.6286> <PB=2734.7> 
<DWph=1> <it= 27> <et=14.66> <Mt= 0.03> <Spt= 0.06> <nCl= 11> <al=0.41> <DB= 2394.7838> <Mlp= 2622.4074> <PB=2734.7> 
<DWph=1> <it= 28> <et=14.73> <Mt= 0.01> <Spt= 0.06> <nCl=  4> <al=0.47> <DB= 2444.4435> <Mlp= 2622.3826> <PB=2734.7> 
<DWph=1> <it= 29> <et=14.81> <Mt= 0.01> <Spt= 0.06> <nCl= 15> <al=0.37> <DB= 2517.4182> <Mlp= 2622.3761> <PB=2734.7> 
<DWph=1> <it= 30> <et=14.91> <Mt= 0.04> <Spt= 0.07> <nCl= 14> <al=0.43> <DB= 2507.3364> <Mlp= 2620.7399> <PB=2734.7> 
<DWph=1> <it= 31> <et=14.98> <Mt= 0.01> <Spt= 0.06> <nCl= 11> <al=0.49> <DB= 2544.3329> <Mlp= 2620.7385> <PB=2734.7> 
<DWph=1> <it= 32> <et=15.06> <Mt= 0.01> <Spt= 0.06> <nCl=  9> <al=0.39> <DB= 2484.7353> <Mlp= 2620.6308> <PB=2734.7> 
<DWph=1> <it= 33> <et=15.14> <Mt= 0.02> <Spt= 0.06> <nCl=  6> <al=0.45> <DB= 2574.3122> <Mlp= 2620.5534> <PB=2734.7> 
<DWph=1> <it= 34> <et=15.21> <Mt= 0.01> <Spt= 0.07> <nCl=  8> <al=0.35> <DB= 2503.9512> <Mlp= 2620.5393> <PB=2734.7> 
<DWph=1> <it= 35> <et=15.29> <Mt= 0.01> <Spt= 0.06> <nCl=  2> <al=0.42> <DB= 2577.5532> <Mlp= 2620.3915> <PB=2734.7> 
<DWph=1> <it= 36> <et=15.42> <Mt= 0.01> <Spt= 0.12> <nCl= 10> <al=0.00> <DB= 2609.2386> <Mlp= 2620.3915> <PB=2734.7> 
<DWph=1> <it= 37> <et=15.49> <Mt= 0.01> <Spt= 0.06> <nCl=  3> <al=0.37> <DB= 2616.2208> <Mlp= 2620.3915> <PB=2734.7> 
<DWph=1> <it= 38> <et=15.62> <Mt= 0.01> <Spt= 0.13> <nCl=  4> <al=0.00> <DB= 2585.0970> <Mlp= 2620.3915> <PB=2734.7> 
<DWph=1> <it= 39> <et=15.75> <Mt= 0.01> <Spt= 0.12> <nCl=  0> <al=0.00> <DB= 2620.3915> <Mlp= 2620.3915> <PB=2734.7> 
    RCSP exact solver info for graph G_1 : TT = 0.113656, pt = 0.000104, dt = 0.09788, ct = 0.013688, ndl = 22', bdl = 606', odl = 9', odf = 62', bsi = 1', cnt = 22', bdch = 8977', odch = 237', lcp = 617', #sols = 145
<DWph=0> <it= 40> <et=15.89> <Mt= 0.00> <Spt= 0.13> <nCl= 97> <al=0.07> <DB= 2118.9975> <Mlp= 2620.3915> <PB=2734.7> 
    RCSP exact solver info for graph G_1 : TT = 0.115752, pt = 0.000122, dt = 0.099232, ct = 0.014306, ndl = 22', bdl = 609', odl = 9', odf = 62', bsi = 1', cnt = 24', bdch = 8822', odch = 235', lcp = 595', #sols = 150
<DWph=0> <it= 41> <et=16.06> <Mt= 0.04> <Spt= 0.13> <nCl= 45> <al=0.17> <DB= 2520.9909> <Mlp= 2619.9873> <PB=2734.7> 
    RCSP exact solver info for graph G_1 : TT = 0.116423, pt = 0.000125, dt = 0.099891, ct = 0.014347, ndl = 22', bdl = 617', odl = 9', odf = 62', bsi = 1', cnt = 24', bdch = 9161', odch = 243', lcp = 627', #sols = 150
<DWph=0> <it= 42> <et=16.21> <Mt= 0.01> <Spt= 0.13> <nCl=  4> <al=0.07> <DB= 2609.6330> <Mlp= 2619.9407> <PB=2734.7> 
    RCSP exact solver info for graph G_1 : TT = 0.116708, pt = 0.000124, dt = 0.099998, ct = 0.014489, ndl = 22', bdl = 616', odl = 9', odf = 62', bsi = 1', cnt = 25', bdch = 9135', odch = 242', lcp = 628', #sols = 150
<DWph=0> <it= 43> <et=16.35> <Mt= 0.01> <Spt= 0.14> <nCl=  2> <al=0.16> <DB= 2617.0020> <Mlp= 2619.9407> <PB=2734.7> 
    RCSP exact solver info for graph G_1 : TT = 0.116666, pt = 0.000125, dt = 0.100064, ct = 0.014382, ndl = 22', bdl = 616', odl = 9', odf = 62', bsi = 1', cnt = 25', bdch = 9151', odch = 243', lcp = 630', #sols = 150
    RCSP exact solver info for graph G_1 : TT = 0.115951, pt = 0.00012, dt = 0.099438, ct = 0.014382, ndl = 22', bdl = 613', odl = 9', odf = 62', bsi = 1', cnt = 25', bdch = 9083', odch = 240', lcp = 628', #sols = 150
<DWph=0> <it= 44> <et=16.62> <Mt= 0.01> <Spt= 0.26> <nCl=  7> <al=0.00> <DB= 2619.9407> <Mlp= 2619.9407> <PB=2734.7> 
Dynamic params and stats :  bidir.bord. = 514.8 aver.obdmd = 5.9901 aver.buck.num. = 12.1782
@@ 1 1 2619.94 0.113683 0.114487 55.312 16.62
Labels distribution in buckets (bucket size) : largest - 240, top 0.1% - 195, top 0.5% - 132, top 2% - 76, top 10% - 25, top 50% - 0
Reduced cost fixing for graph G_1... 178802 buck. arcs remain (96% from prev., 53.2% from max.) + 13444 jump buck. arcs (4% from max.)
Backward reduced cost fixing... 178556 buck. arcs remain (96% from prev., 53% from max.) + 7191 jump buck. arcs (2.13% from max.)
 TT = 1.80397, pt = 0.064943, dt = 1.34318, ct = 0.393853, ndl = 131', bdl = 6548', odl = 40', odf = 335', lpcb = 1194', cnt = 67964', bdch = 238765', odch = 6433', lcp = 13267'
Labels distribution in buckets (bucket size) : largest - 1100, top 0.1% - 533, top 0.5% - 252, top 2% - 139, top 10% - 41, top 50% - 1
Run forward enumeration with border = 514.8... not succeeded (ratio 0.989016) lpt = 0.00492, ndl = 4', dl = 0', lpcb = 1', dch = 32'
 TT = 0.006918, pt = 1e-06, dt = 0.00492, ct = 0, ndl = 4', bdl = 0', lpcb = 1', cnt = 111', bdch = 32', odch = 0', lcp = 0'
ColGenEvalAlg final dual bound: 2619.94 (rounded: 2619.94)
Gap improvement since the last cut separation : 0.156954 (2598.58)
Current active cuts : CAP(11,2251.26)
In total 46 RCC cut(s) are found by the connected components heuristic 
Shrinking heuristic shrunk 121 edges
In total 18 RCC cut(s) are found by the Fractional capacity min-cut heuristic 
In total 200 RCC cut(s) are found by the greedy construction heuristic 
In total 6 RCC cut(s) are found by the global pool greedy search heuristic 
----- Add fac. cuts : CAP(100), max.viol = 0.490858, aver.viol = 0.359239, sep/add took 0.0591927/0.30663 sec. -----
6763 columns (6763 active), 200 dyn. constrs. (111 active), 602 art. vars. (513 active)
<DWph=2> <it=  1> <et=18.95> <Mt= 0.09> <Spt= 0.04> <nCl= 15> <al=0.50> <DB= 2387.9961> <Mlp= 2629.9906> <PB=2734.7> 
<DWph=2> <it=  2> <et=19.06> <Mt= 0.07> <Spt= 0.03> <nCl= 10> <al=0.55> <DB= 2622.0761> <Mlp= 2627.0007> <PB=2734.7> 
<DWph=2> <it=  3> <et=19.18> <Mt= 0.02> <Spt= 0.11> <nCl=  9> <al=0.00> <DB= 2626.7343> <Mlp= 2626.7343> <PB=2734.7> 
<DWph=1> <it=  4> <et=19.26> <Mt= 0.01> <Spt= 0.07> <nCl= 26> <al=0.50> <DB= 1978.0340> <Mlp= 2626.7343> <PB=2734.7> 
<DWph=1> <it=  5> <et=19.36> <Mt= 0.03> <Spt= 0.07> <nCl= 11> <al=0.55> <DB= 2072.2258> <Mlp= 2626.2135> <PB=2734.7> 
<DWph=1> <it=  6> <et=19.46> <Mt= 0.02> <Spt= 0.07> <nCl= 10> <al=0.45> <DB= 2316.7762> <Mlp= 2626.0455> <PB=2734.7> 
<DWph=1> <it=  7> <et=19.55> <Mt= 0.03> <Spt= 0.07> <nCl= 11> <al=0.35> <DB= 2318.6376> <Mlp= 2625.5639> <PB=2734.7> 
<DWph=1> <it=  8> <et=19.69> <Mt= 0.07> <Spt= 0.06> <nCl= 13> <al=0.25> <DB= 2483.6184> <Mlp= 2624.4322> <PB=2734.7> 
<DWph=1> <it=  9> <et=19.78> <Mt= 0.02> <Spt= 0.07> <nCl= 14> <al=0.32> <DB= 2256.3084> <Mlp= 2624.3892> <PB=2734.7> 
<DWph=1> <it= 10> <et=19.86> <Mt= 0.01> <Spt= 0.07> <nCl=  6> <al=0.39> <DB= 2555.2111> <Mlp= 2624.3892> <PB=2734.7> 
<DWph=1> <it= 11> <et=19.94> <Mt= 0.01> <Spt= 0.07> <nCl=  8> <al=0.29> <DB= 2538.8524> <Mlp= 2624.3892> <PB=2734.7> 
<DWph=1> <it= 12> <et=20.09> <Mt= 0.02> <Spt= 0.13> <nCl=  5> <al=0.00> <DB= 2599.3672> <Mlp= 2624.3672> <PB=2734.7> 
<DWph=1> <it= 13> <et=20.24> <Mt= 0.01> <Spt= 0.14> <nCl=  2> <al=0.00> <DB= 2624.3672> <Mlp= 2624.3672> <PB=2734.7> 
    RCSP exact solver info for graph G_1 : TT = 0.115286, pt = 0.000107, dt = 0.099322, ct = 0.013845, ndl = 23', bdl = 602', odl = 9', odf = 64', bsi = 1', cnt = 22', bdch = 8939', odch = 253', lcp = 617', #sols = 149
<DWph=0> <it= 14> <et=20.39> <Mt= 0.01> <Spt= 0.14> <nCl= 61> <al=0.16> <DB= 2494.3672> <Mlp= 2624.3672> <PB=2734.7> 
    RCSP exact solver info for graph G_1 : TT = 0.114961, pt = 0.000123, dt = 0.099152, ct = 0.013668, ndl = 23', bdl = 603', odl = 10', odf = 64', bsi = 1', cnt = 24', bdch = 9019', odch = 257', lcp = 631', #sols = 150
<DWph=0> <it= 15> <et=20.56> <Mt= 0.03> <Spt= 0.14> <nCl= 31> <al=0.06> <DB= 2577.3161> <Mlp= 2623.1547> <PB=2734.7> 
    RCSP exact solver info for graph G_1 : TT = 0.113669, pt = 0.000124, dt = 0.09773, ct = 0.013768, ndl = 22', bdl = 597', odl = 10', odf = 64', bsi = 1', cnt = 23', bdch = 8768', odch = 257', lcp = 610', #sols = 150
<DWph=0> <it= 16> <et=20.70> <Mt= 0.01> <Spt= 0.14> <nCl=  2> <al=0.15> <DB= 2616.0969> <Mlp= 2623.1547> <PB=2734.7> 
    RCSP exact solver info for graph G_1 : TT = 0.113501, pt = 0.000123, dt = 0.097478, ct = 0.013829, ndl = 22', bdl = 595', odl = 9', odf = 63', bsi = 1', cnt = 22', bdch = 8652', odch = 254', lcp = 600', #sols = 150
<DWph=0> <it= 17> <et=20.85> <Mt= 0.01> <Spt= 0.13> <nCl=  2> <al=0.05> <DB= 2621.0500> <Mlp= 2623.1547> <PB=2734.7> 
    RCSP exact solver info for graph G_1 : TT = 0.115793, pt = 0.000124, dt = 0.09975, ct = 0.013829, ndl = 22', bdl = 597', odl = 10', odf = 64', bsi = 1', cnt = 23', bdch = 8740', odch = 257', lcp = 607', #sols = 150
    RCSP exact solver info for graph G_1 : TT = 0.112771, pt = 0.000119, dt = 0.096955, ct = 0.013737, ndl = 22', bdl = 589', odl = 9', odf = 63', bsi = 1', cnt = 23', bdch = 8562', odch = 250', lcp = 596', #sols = 150
<DWph=0> <it= 18> <et=21.13> <Mt= 0.01> <Spt= 0.27> <nCl=  5> <al=0.00> <DB= 2623.1547> <Mlp= 2623.1547> <PB=2734.7> 
Dynamic params and stats :  bidir.bord. = 514.8 aver.obdmd = 5.9901 aver.buck.num. = 12.1782
@@ 1 2 2623.15 0.112177 0.113579 53.1078 21.13
    Full reduced cost fixing is not called (gap ratio is 0.971993)
ColGenEvalAlg final dual bound: 2623.15 (rounded: 2623.15)
Gap improvement since the last cut separation : 0.0280065 (2619.94)
Current active cuts : CAP(12,2620.63)
Shrinking heuristic shrunk 94 edges
In total 27 RCC cut(s) are found by the Fractional capacity min-cut heuristic 
In total 190 RCC cut(s) are found by the greedy construction heuristic 
In total 18 RCC cut(s) are found by the global pool greedy search heuristic 
----- Add fac. cuts : CAP(100), max.viol = 0.496015, aver.viol = 0.280659, sep/add took 0.119301/0.230162 sec. -----
7004 columns (7004 active), 211 dyn. constrs. (113 active), 702 art. vars. (515 active)
<DWph=2> <it=  1> <et=21.83> <Mt= 0.18> <Spt= 0.08> <nCl= 25> <al=0.00> <DB= 1933.2422> <Mlp= 2636.6880> <PB=2734.7> 
<DWph=2> <it=  2> <et=21.92> <Mt= 0.04> <Spt= 0.04> <nCl= 18> <al=0.40> <DB= 2400.6187> <Mlp= 2636.1753> <PB=2734.7> 
<DWph=2> <it=  3> <et=22.00> <Mt= 0.04> <Spt= 0.04> <nCl=  6> <al=0.46> <DB= 2615.1132> <Mlp= 2635.3791> <PB=2734.7> 
<DWph=2> <it=  4> <et=22.05> <Mt= 0.02> <Spt= 0.04> <nCl=  7> <al=0.51> <DB= 2524.4352> <Mlp= 2635.1985> <PB=2734.7> 
<DWph=2> <it=  5> <et=22.17> <Mt= 0.03> <Spt= 0.08> <nCl= 17> <al=0.13> <DB= 2560.8854> <Mlp= 2635.0241> <PB=2734.7> 
<DWph=2> <it=  6> <et=22.24> <Mt= 0.03> <Spt= 0.05> <nCl= 11> <al=0.46> <DB= 2609.0265> <Mlp= 2634.8993> <PB=2734.7> 
<DWph=2> <it=  7> <et=22.34> <Mt= 0.03> <Spt= 0.07> <nCl= 10> <al=0.03> <DB= 2570.2199> <Mlp= 2634.8525> <PB=2734.7> 
<DWph=2> <it=  8> <et=22.40> <Mt= 0.01> <Spt= 0.05> <nCl=  8> <al=0.42> <DB= 2623.4614> <Mlp= 2634.8523> <PB=2734.7> 
<DWph=2> <it=  9> <et=22.49> <Mt= 0.01> <Spt= 0.08> <nCl=  7> <al=0.00> <DB= 2592.8087> <Mlp= 2634.8523> <PB=2734.7> 
<DWph=2> <it= 10> <et=22.59> <Mt= 0.01> <Spt= 0.08> <nCl=  5> <al=0.00> <DB= 2619.9904> <Mlp= 2634.7918> <PB=2734.7> 
<DWph=2> <it= 11> <et=22.67> <Mt= 0.01> <Spt= 0.07> <nCl=  0> <al=0.00> <DB= 2634.7918> <Mlp= 2634.7918> <PB=2734.7> 
<DWph=1> <it= 12> <et=22.75> <Mt= 0.01> <Spt= 0.08> <nCl= 30> <al=0.17> <DB= 1819.9354> <Mlp= 2634.7918> <PB=2734.7> 
<DWph=1> <it= 13> <et=22.90> <Mt= 0.07> <Spt= 0.07> <nCl= 30> <al=0.07> <DB= 2239.3613> <Mlp= 2631.9837> <PB=2734.7> 
<DWph=1> <it= 14> <et=23.01> <Mt= 0.04> <Spt= 0.07> <nCl= 15> <al=0.17> <DB= 2405.1856> <Mlp= 2631.5411> <PB=2734.7> 
<DWph=1> <it= 15> <et=23.10> <Mt= 0.02> <Spt= 0.07> <nCl=  8> <al=0.25> <DB= 2498.0050> <Mlp= 2631.5008> <PB=2734.7> 
<DWph=1> <it= 16> <et=23.18> <Mt= 0.01> <Spt= 0.07> <nCl=  5> <al=0.15> <DB= 2519.4150> <Mlp= 2631.4653> <PB=2734.7> 
<DWph=1> <it= 17> <et=23.26> <Mt= 0.01> <Spt= 0.07> <nCl=  2> <al=0.24> <DB= 2594.7373> <Mlp= 2631.4653> <PB=2734.7> 
<DWph=1> <it= 18> <et=23.34> <Mt= 0.01> <Spt= 0.07> <nCl=  1> <al=0.14> <DB= 2626.4901> <Mlp= 2631.4653> <PB=2734.7> 
<DWph=1> <it= 19> <et=23.49> <Mt= 0.01> <Spt= 0.14> <nCl=  2> <al=0.00> <DB= 2631.4646> <Mlp= 2631.4646> <PB=2734.7> 
    RCSP exact solver info for graph G_1 : TT = 0.112885, pt = 0.000109, dt = 0.097302, ct = 0.013452, ndl = 22', bdl = 585', odl = 9', odf = 63', bsi = 1', cnt = 23', bdch = 8800', odch = 248', lcp = 610', #sols = 150
<DWph=0> <it= 20> <et=23.65> <Mt= 0.01> <Spt= 0.15> <nCl= 77> <al=0.00> <DB= 2389.3868> <Mlp= 2631.4646> <PB=2734.7> 
    RCSP exact solver info for graph G_1 : TT = 0.112641, pt = 0.000123, dt = 0.097016, ct = 0.013424, ndl = 22', bdl = 581', odl = 9', odf = 63', bsi = 1', cnt = 23', bdch = 8718', odch = 251', lcp = 613', #sols = 150
<DWph=0> <it= 21> <et=23.83> <Mt= 0.04> <Spt= 0.14> <nCl= 15> <al=0.04> <DB= 2590.3828> <Mlp= 2630.9760> <PB=2734.7> 
    RCSP exact solver info for graph G_1 : TT = 0.115904, pt = 0.000138, dt = 0.100369, ct = 0.013366, ndl = 22', bdl = 581', odl = 9', odf = 63', bsi = 1', cnt = 22', bdch = 8713', odch = 251', lcp = 616', #sols = 150
    RCSP exact solver info for graph G_1 : TT = 0.111084, pt = 0.000119, dt = 0.095558, ct = 0.013398, ndl = 22', bdl = 572', odl = 9', odf = 62', bsi = 1', cnt = 22', bdch = 8419', odch = 241', lcp = 600', #sols = 150
<DWph=0> <it= 22> <et=24.13> <Mt= 0.02> <Spt= 0.27> <nCl=  2> <al=0.00> <DB= 2630.9683> <Mlp= 2630.9683> <PB=2734.7> 
Dynamic params and stats :  bidir.bord. = 514.8 aver.obdmd = 5.9901 aver.buck.num. = 12.1782
@@ 1 3 2630.97 0.110971 0.113735 53.1078 24.13
    Full reduced cost fixing is not called (gap ratio is 0.903907)
ColGenEvalAlg final dual bound: 2630.97 (rounded: 2630.97)
Gap improvement since the last cut separation : 0.0700486 (2623.15)
Current active cuts : CAP(24,4413.15)
Shrinking heuristic shrunk 62 edges
In total 23 RCC cut(s) are found by the Fractional capacity min-cut heuristic 
In total 179 RCC cut(s) are found by the greedy construction heuristic 
In total 37 RCC cut(s) are found by the global pool greedy search heuristic 
----- Add fac. cuts : CAP(100), max.viol = 0.510526, aver.viol = 0.163903, sep/add took 0.21474/0.204342 sec. -----
7305 columns (7305 active), 213 dyn. constrs. (124 active), 802 art. vars. (526 active)
<DWph=2> <it=  1> <et=24.86> <Mt= 0.14> <Spt= 0.05> <nCl=  8> <al=0.50> <DB= 2474.3033> <Mlp= 2645.6500> <PB=2734.7> 
<DWph=2> <it=  2> <et=24.96> <Mt= 0.06> <Spt= 0.04> <nCl=  3> <al=0.55> <DB= 2637.5751> <Mlp= 2645.6500> <PB=2734.7> 
<DWph=2> <it=  3> <et=25.03> <Mt= 0.02> <Spt= 0.05> <nCl= 26> <al=0.45> <DB= 1995.8982> <Mlp= 2645.5750> <PB=2734.7> 
<DWph=2> <it=  4> <et=25.27> <Mt= 0.20> <Spt= 0.04> <nCl= 16> <al=0.51> <DB= 2454.2000> <Mlp= 2643.8250> <PB=2734.7> 
<DWph=2> <it=  5> <et=25.37> <Mt= 0.06> <Spt= 0.04> <nCl= 13> <al=0.55> <DB= 2487.8895> <Mlp= 2643.8250> <PB=2734.7> 
<DWph=2> <it=  6> <et=25.58> <Mt= 0.16> <Spt= 0.05> <nCl= 11> <al=0.60> <DB= 2640.0332> <Mlp= 2643.7033> <PB=2734.7> 
<DWph=2> <it=  7> <et=25.63> <Mt= 0.01> <Spt= 0.04> <nCl= 19> <al=0.50> <DB= 2345.8224> <Mlp= 2643.7003> <PB=2734.7> 
<DWph=2> <it=  8> <et=25.74> <Mt= 0.07> <Spt= 0.04> <nCl= 13> <al=0.55> <DB= 2562.6920> <Mlp= 2642.1000> <PB=2734.7> 
<DWph=2> <it=  9> <et=25.86> <Mt= 0.07> <Spt= 0.05> <nCl=  6> <al=0.59> <DB= 2620.7438> <Mlp= 2641.8250> <PB=2734.7> 
<DWph=2> <it= 10> <et=25.92> <Mt= 0.02> <Spt= 0.04> <nCl=  6> <al=0.49> <DB= 2579.8315> <Mlp= 2641.8250> <PB=2734.7> 
<DWph=2> <it= 11> <et=26.05> <Mt= 0.04> <Spt= 0.08> <nCl= 19> <al=0.09> <DB= 2469.6029> <Mlp= 2641.8250> <PB=2734.7> 
<DWph=2> <it= 12> <et=26.13> <Mt= 0.05> <Spt= 0.05> <nCl=  8> <al=0.44> <DB= 2569.3104> <Mlp= 2641.8250> <PB=2734.7> 
<DWph=2> <it= 13> <et=26.27> <Mt= 0.04> <Spt= 0.08> <nCl= 19> <al=0.00> <DB= 2518.9321> <Mlp= 2641.8250> <PB=2734.7> 
<DWph=2> <it= 14> <et=26.36> <Mt= 0.05> <Spt= 0.05> <nCl=  4> <al=0.40> <DB= 2636.2485> <Mlp= 2641.8250> <PB=2734.7> 
<DWph=2> <it= 15> <et=26.42> <Mt= 0.02> <Spt= 0.04> <nCl=  3> <al=0.30> <DB= 2629.8910> <Mlp= 2641.8250> <PB=2734.7> 
<DWph=2> <it= 16> <et=26.54> <Mt= 0.03> <Spt= 0.08> <nCl=  7> <al=0.00> <DB= 2611.8250> <Mlp= 2641.8250> <PB=2734.7> 
<DWph=2> <it= 17> <et=26.64> <Mt= 0.02> <Spt= 0.09> <nCl=  6> <al=0.00> <DB= 2616.8147> <Mlp= 2641.7500> <PB=2734.7> 
<DWph=2> <it= 18> <et=26.74> <Mt= 0.01> <Spt= 0.08> <nCl=  2> <al=0.00> <DB= 2640.1294> <Mlp= 2641.7500> <PB=2734.7> 
<DWph=2> <it= 19> <et=26.83> <Mt= 0.01> <Spt= 0.09> <nCl=  3> <al=0.00> <DB= 2641.7500> <Mlp= 2641.7500> <PB=2734.7> 
<DWph=1> <it= 20> <et=26.91> <Mt= 0.01> <Spt= 0.07> <nCl= 30> <al=0.00> <DB= 2033.2271> <Mlp= 2641.7500> <PB=2734.7> 
<DWph=1> <it= 21> <et=27.07> <Mt= 0.08> <Spt= 0.07> <nCl= 30> <al=0.00> <DB= 1846.9454> <Mlp= 2641.7500> <PB=2734.7> 
<DWph=1> <it= 22> <et=27.24> <Mt= 0.11> <Spt= 0.07> <nCl= 30> <al=0.07> <DB= 2207.6887> <Mlp= 2641.7500> <PB=2734.7> 
<DWph=1> <it= 23> <et=27.41> <Mt= 0.09> <Spt= 0.08> <nCl= 22> <al=0.00> <DB= 2391.8023> <Mlp= 2641.6416> <PB=2734.7> 
<DWph=1> <it= 24> <et=27.52> <Mt= 0.04> <Spt= 0.07> <nCl= 19> <al=0.08> <DB= 2473.3733> <Mlp= 2641.5462> <PB=2734.7> 
<DWph=1> <it= 25> <et=27.67> <Mt= 0.08> <Spt= 0.07> <nCl= 19> <al=0.00> <DB= 2393.5592> <Mlp= 2640.7160> <PB=2734.7> 
<DWph=1> <it= 26> <et=27.77> <Mt= 0.02> <Spt= 0.07> <nCl= 12> <al=0.08> <DB= 2545.4588> <Mlp= 2640.7074> <PB=2734.7> 
<DWph=1> <it= 27> <et=27.88> <Mt= 0.04> <Spt= 0.07> <nCl= 10> <al=0.17> <DB= 2576.0938> <Mlp= 2639.4500> <PB=2734.7> 
<DWph=1> <it= 28> <et=27.97> <Mt= 0.02> <Spt= 0.07> <nCl=  5> <al=0.25> <DB= 2611.3899> <Mlp= 2639.4500> <PB=2734.7> 
<DWph=1> <it= 29> <et=28.07> <Mt= 0.03> <Spt= 0.07> <nCl=  3> <al=0.33> <DB= 2625.8823> <Mlp= 2639.4500> <PB=2734.7> 
<DWph=1> <it= 30> <et=28.15> <Mt= 0.01> <Spt= 0.07> <nCl=  4> <al=0.23> <DB= 2635.4226> <Mlp= 2639.4500> <PB=2734.7> 
<DWph=1> <it= 31> <et=28.23> <Mt= 0.01> <Spt= 0.08> <nCl=  1> <al=0.13> <DB= 2636.5504> <Mlp= 2639.4500> <PB=2734.7> 
<DWph=1> <it= 32> <et=28.39> <Mt= 0.01> <Spt= 0.13> <nCl=  3> <al=0.00> <DB= 2633.6500> <Mlp= 2639.4500> <PB=2734.7> 
<DWph=1> <it= 33> <et=28.54> <Mt= 0.01> <Spt= 0.15> <nCl=  3> <al=0.00> <DB= 2639.4500> <Mlp= 2639.4500> <PB=2734.7> 
    RCSP exact solver info for graph G_1 : TT = 0.102698, pt = 0.00011, dt = 0.088405, ct = 0.012183, ndl = 20', bdl = 525', odl = 9', odf = 59', bsi = 1', cnt = 13', bdch = 7463', odch = 229', lcp = 542', #sols = 150
<DWph=0> <it= 34> <et=28.69> <Mt= 0.01> <Spt= 0.14> <nCl= 97> <al=0.02> <DB= 2447.5954> <Mlp= 2639.4500> <PB=2734.7> 
    RCSP exact solver info for graph G_1 : TT = 0.106283, pt = 0.000127, dt = 0.091679, ct = 0.012439, ndl = 21', bdl = 554', odl = 10', odf = 61', bsi = 1', cnt = 13', bdch = 7947', odch = 242', lcp = 562', #sols = 150
<DWph=0> <it= 35> <et=28.91> <Mt= 0.08> <Spt= 0.14> <nCl=100> <al=0.00> <DB= 2343.5336> <Mlp= 2639.4500> <PB=2734.7> 
    RCSP exact solver info for graph G_1 : TT = 0.10968, pt = 0.000124, dt = 0.094869, ct = 0.012638, ndl = 21', bdl = 567', odl = 9', odf = 62', bsi = 1', cnt = 13', bdch = 8487', odch = 245', lcp = 594', #sols = 150
<DWph=0> <it= 36> <et=29.11> <Mt= 0.06> <Spt= 0.14> <nCl= 52> <al=0.02> <DB= 2556.1242> <Mlp= 2639.4500> <PB=2734.7> 
    RCSP exact solver info for graph G_1 : TT = 0.109967, pt = 0.000126, dt = 0.09509, ct = 0.012673, ndl = 21', bdl = 565', odl = 9', odf = 62', bsi = 1', cnt = 13', bdch = 8478', odch = 245', lcp = 596', #sols = 150
<DWph=0> <it= 37> <et=29.31> <Mt= 0.06> <Spt= 0.14> <nCl=  5> <al=0.12> <DB= 2629.3347> <Mlp= 2639.4500> <PB=2734.7> 
    RCSP exact solver info for graph G_1 : TT = 0.109761, pt = 0.000126, dt = 0.09491, ct = 0.012648, ndl = 21', bdl = 563', odl = 9', odf = 62', bsi = 1', cnt = 13', bdch = 8430', odch = 243', lcp = 595', #sols = 150
    RCSP exact solver info for graph G_1 : TT = 0.108692, pt = 0.000116, dt = 0.09379, ct = 0.012782, ndl = 21', bdl = 557', odl = 9', odf = 61', bsi = 1', cnt = 13', bdch = 8208', odch = 240', lcp = 587', #sols = 150
<DWph=0> <it= 38> <et=29.60> <Mt= 0.01> <Spt= 0.28> <nCl= 12> <al=0.00> <DB= 2639.4500> <Mlp= 2639.4500> <PB=2734.7> 
Dynamic params and stats :  bidir.bord. = 514.8 aver.obdmd = 5.9901 aver.buck.num. = 12.1782
@@ 1 4 2639.45 0.105684 0.107763 53.1078 29.6
Labels distribution in buckets (bucket size) : largest - 266, top 0.1% - 199, top 0.5% - 131, top 2% - 68, top 10% - 24, top 50% - 0
Reduced cost fixing for graph G_1... 174415 buck. arcs remain (97.5% from prev., 51.9% from max.) + 13954 jump buck. arcs (4.16% from max.)
Backward reduced cost fixing... 174275 buck. arcs remain (97.6% from prev., 51.7% from max.) + 7263 jump buck. arcs (2.15% from max.)
 TT = 1.74014, pt = 0.055957, dt = 1.30841, ct = 0.373805, ndl = 125', bdl = 6269', odl = 41', odf = 342', lpcb = 1023', cnt = 56754', bdch = 231596', odch = 6675', lcp = 13090'
Labels distribution in buckets (bucket size) : largest - 1099, top 0.1% - 593, top 0.5% - 277, top 2% - 139, top 10% - 38, top 50% - 0
Run forward enumeration with border = 514.8... not succeeded (ratio 0.988837) lpt = 0.004314, ndl = 4', dl = 0', lpcb = 1', dch = 42'
 TT = 0.006313, pt = 0, dt = 0.004314, ct = 0, ndl = 4', bdl = 0', lpcb = 1', cnt = 109', bdch = 42', odch = 0', lcp = 0'
ColGenEvalAlg final dual bound: 2639.45 (rounded: 2639.45)
Gap improvement since the last cut separation : 0.0817654 (2630.97)
Current active cuts : CAP(19,6727.72)
In total 1 RCC cut(s) are found by the connected components heuristic 
Shrinking heuristic shrunk 174 edges
----- Add fac. cuts : CAP(1), max.viol = 0.25, aver.viol = 0.25, sep/add took 0.00479842/0.00107882 sec. -----
7954 columns (7954 active), 125 dyn. constrs. (20 active), 803 art. vars. (422 active)
<DWph=2> <it=  1> <et=31.55> <Mt= 0.01> <Spt= 0.06> <nCl=  8> <al=0.00> <DB= 2639.4500> <Mlp= 2639.4500> <PB=2734.7> 
<DWph=1> <it=  2> <et=31.67> <Mt= 0.00> <Spt= 0.12> <nCl=  1> <al=0.00> <DB= 2639.4500> <Mlp= 2639.4500> <PB=2734.7> 
<DWph=0> <it=  3> <et=31.68> <Mt= 0.00> <Spt= 0.00> <nCl=  0> <al=0.30> <DB= 2639.4500> <Mlp= 2639.4500> <PB=2734.7> 
@@ 1 5 2639.45 0 0 51.8196 31.68
ColGenEvalAlg final dual bound: 2639.45 (rounded: 2639.45)
Gap improvement since the last cut separation : -1.5755e-13 (2639.45)
Cut generation tailing off counter increased to 1
Current active cuts : CAP(19,6727.72)
Shrinking heuristic shrunk 174 edges
1 Rank-1 1-rows pack. cuts added ,  max viol. = 0.25, aver. viol. = 0.25
68 Rank-1 3-rows pack. cuts added ,  max viol. = 0.25, aver. viol. = 0.25
Building structures for heuristic rank-1 packing cut separation...done!
3 Rank-1 4-rows pack. cuts added ,  max viol. = 0.25, aver. viol. = 0.25
100 Rank-1 5-rows pack. cuts added ,  max viol. = 0.25, aver. viol. = 0.15375
----- Add fac. cuts : R1C(172), max.viol = 0.5, aver.viol = 0.25436, sep/add took 0.234961/0.311183 sec. -----
7963 columns (7963 active), 297 dyn. constrs. (192 active), 975 art. vars. (594 active)
<DWph=2> <it=  1> <et=32.36> <Mt= 0.09> <Spt= 0.04> <nCl=  4> <al=0.50> <DB= 2607.6922> <Mlp= 2642.5320> <PB=2734.7> 
<DWph=2> <it=  2> <et=32.45> <Mt= 0.02> <Spt= 0.07> <nCl= 12> <al=0.10> <DB= 2575.9268> <Mlp= 2640.4000> <PB=2640.4> 
<DWph=2> <it=  3> <et=32.53> <Mt= 0.04> <Spt= 0.04> <nCl=  2> <al=0.45> <DB= 2640.1649> <Mlp= 2640.4000> <PB=2640.4> 
<DWph=2> <it=  4> <et=32.59> <Mt= 0.02> <Spt= 0.04> <nCl= 15> <al=0.35> <DB= 2529.4696> <Mlp= 2640.4000> <PB=2640.4> 
<DWph=2> <it=  5> <et=32.67> <Mt= 0.04> <Spt= 0.04> <nCl=  3> <al=0.42> <DB= 2640.3024> <Mlp= 2640.4000> <PB=2640.4> 
<DWph=2> <it=  6> <et=32.71> <Mt= 0.00> <Spt= 0.04> <nCl=  9> <al=0.32> <DB= 2562.9604> <Mlp= 2640.4000> <PB=2640.4> 
<DWph=2> <it=  7> <et=32.78> <Mt= 0.03> <Spt= 0.04> <nCl=  4> <al=0.38> <DB= 2619.3557> <Mlp= 2640.4000> <PB=2640.4> 
<DWph=2> <it=  8> <et=32.88> <Mt= 0.02> <Spt= 0.07> <nCl=  2> <al=0.00> <DB= 2640.4000> <Mlp= 2640.4000> <PB=2640.4> 
<DWph=1> <it=  9> <et=32.97> <Mt= 0.01> <Spt= 0.08> <nCl= 15> <al=0.35> <DB= 2561.4525> <Mlp= 2640.4000> <PB=2640.4> 
<DWph=1> <it= 10> <et=33.08> <Mt= 0.03> <Spt= 0.09> <nCl=  6> <al=0.25> <DB= 2556.6752> <Mlp= 2640.4000> <PB=2640.4> 
<DWph=1> <it= 11> <et=33.21> <Mt= 0.05> <Spt= 0.08> <nCl=  8> <al=0.32> <DB= 2542.4613> <Mlp= 2640.4000> <PB=2640.4> 
<DWph=1> <it= 12> <et=33.33> <Mt= 0.04> <Spt= 0.08> <nCl=  5> <al=0.22> <DB= 2528.6702> <Mlp= 2639.6000> <PB=2639.6> 
<DWph=1> <it= 13> <et=33.47> <Mt= 0.05> <Spt= 0.08> <nCl=  1> <al=0.30> <DB= 2600.1671> <Mlp= 2639.6000> <PB=2639.6> 
<DWph=1> <it= 14> <et=33.56> <Mt= 0.01> <Spt= 0.09> <nCl=  4> <al=0.37> <DB= 2625.0605> <Mlp= 2639.6000> <PB=2639.6> 
<DWph=1> <it= 15> <et=33.66> <Mt= 0.01> <Spt= 0.08> <nCl=  3> <al=0.27> <DB= 2580.6174> <Mlp= 2639.6000> <PB=2639.6> 
<DWph=1> <it= 16> <et=33.76> <Mt= 0.02> <Spt= 0.08> <nCl=  1> <al=0.34> <DB= 2603.1363> <Mlp= 2639.6000> <PB=2639.6> 
<DWph=1> <it= 17> <et=33.94> <Mt= 0.01> <Spt= 0.17> <nCl=  4> <al=0.00> <DB= 2629.1956> <Mlp= 2639.6000> <PB=2639.6> 
<DWph=1> <it= 18> <et=34.11> <Mt= 0.01> <Spt= 0.16> <nCl=  5> <al=0.00> <DB= 2475.2611> <Mlp= 2639.6000> <PB=2639.6> 
<DWph=1> <it= 19> <et=34.32> <Mt= 0.05> <Spt= 0.16> <nCl=  1> <al=0.00> <DB= 2639.6000> <Mlp= 2639.6000> <PB=2639.6> 
    RCSP exact solver info for graph G_1 : TT = 0.247758, pt = 0.00664, dt = 0.213417, ct = 0.025714, ndl = 21', bdl = 544', odl = 9', odf = 61', bsi = 1', cnt = 15', bdch = 7873', odch = 239', lcp = 568', #sols = 148
<DWph=0> <it= 20> <et=34.61> <Mt= 0.00> <Spt= 0.29> <nCl=148> <al=0.11> <DB= 2439.8839> <Mlp= 2639.6000> <PB=2639.6> 
    RCSP exact solver info for graph G_1 : TT = 0.187298, pt = 0.00644, dt = 0.153484, ct = 0.02525, ndl = 21', bdl = 554', odl = 9', odf = 62', bsi = 1', cnt = 15', bdch = 7991', odch = 246', lcp = 576', #sols = 150
<DWph=0> <it= 21> <et=34.92> <Mt= 0.10> <Spt= 0.21> <nCl= 48> <al=0.20> <DB= 2556.6996> <Mlp= 2639.6000> <PB=2639.6> 
    RCSP exact solver info for graph G_1 : TT = 0.192977, pt = 0.008039, dt = 0.157209, ct = 0.025579, ndl = 22', bdl = 555', odl = 9', odf = 63', bsi = 1', cnt = 15', bdch = 8152', odch = 256', lcp = 582', #sols = 150
<DWph=0> <it= 22> <et=35.18> <Mt= 0.05> <Spt= 0.21> <nCl=  6> <al=0.28> <DB= 2616.6197> <Mlp= 2639.6000> <PB=2639.6> 
    RCSP exact solver info for graph G_1 : TT = 0.191743, pt = 0.007629, dt = 0.156427, ct = 0.02551, ndl = 22', bdl = 552', odl = 10', odf = 63', bsi = 1', cnt = 15', bdch = 8047', odch = 253', lcp = 580', #sols = 150
<DWph=0> <it= 23> <et=35.41> <Mt= 0.02> <Spt= 0.21> <nCl= 11> <al=0.18> <DB= 2632.3068> <Mlp= 2639.6000> <PB=2639.6> 
    RCSP exact solver info for graph G_1 : TT = 0.191121, pt = 0.007518, dt = 0.15612, ct = 0.025329, ndl = 21', bdl = 554', odl = 10', odf = 63', bsi = 1', cnt = 15', bdch = 8065', odch = 254', lcp = 578', #sols = 150
<DWph=0> <it= 24> <et=35.63> <Mt= 0.01> <Spt= 0.21> <nCl=  2> <al=0.26> <DB= 2637.7075> <Mlp= 2639.6000> <PB=2639.6> 
    RCSP exact solver info for graph G_1 : TT = 0.189166, pt = 0.007118, dt = 0.154579, ct = 0.025323, ndl = 21', bdl = 549', odl = 10', odf = 63', bsi = 1', cnt = 15', bdch = 7897', odch = 249', lcp = 565', #sols = 150
    RCSP exact solver info for graph G_1 : TT = 0.18365, pt = 0.004625, dt = 0.149987, ct = 0.026878, ndl = 21', bdl = 543', odl = 10', odf = 62', bsi = 1', cnt = 14', bdch = 7783', odch = 246', lcp = 564', #sols = 150
<DWph=0> <it= 25> <et=36.05> <Mt= 0.01> <Spt= 0.41> <nCl= 14> <al=0.00> <DB= 2639.6000> <Mlp= 2639.6000> <PB=2639.6> 
Dynamic params and stats :  bidir.bord. = 514.8 aver.obdmd = 5.9901 aver.buck.num. = 12.1782 nbR1C = 44 with avMem = 10.2727
@@ 1 6 2639.6 0.188687 0.239131 51.8196 36.05
ColGenEvalAlg final dual bound: 2639.6 (rounded: 2639.6)
Gap improvement since the last cut separation : 1 (2639.45)
Current active cuts : CAP(17,6398.76) R1C(1+43,18.764) 1rowPackR1C(1) 3rowPackR1C(27) 4rowPackR1C(1) 5rowPackR1C(15)
New model incumbent solution 2639.6, TIME = 0h0m36s17t = 3617
************************************************************************************************
Search is finished, global bounds : [ 2639.6 , 2639.6 ], TIME = 0h0m36s17t = 3617
************************************************************************************************
instance_name solver_name ext_heuristic solution_value solution_time best_lb root_lb root_time nb_branch_and_bound_nodes status
/home/logis/Downloads/VRPSolverEasy/VRPSolverEasy/demos/data/CVRPTW/C1_2_9 CLP False 2639.6000496577153 36.18013577 2639.5999999999967 2639.5999999999967 36.177441796 1 0

