Node memory for rank-1 cuts will be used (9.53757)
~~~~~~~~~~~~~~~~~~~~~~~~~~~~~~~~~~~~~~~~~~~~~~~~~~~~~~~~~~~~~~~~~~~~~~~~~~~~~~~~~~~~~
VRPSolver v0.5.27, 24/02/2023, © Inria Bordeaux, France, vrpsolver.math.u-bordeaux.fr
      Corresponds to the solver by Pessoa, Sadykov, Uchoa and Vanderbeck (2020)
                 Paper: dx.doi.org/10.1007/s10107-020-01523-z
~~~~~~~~~~~~~~~~~~~~~~~~~~~~~~~~~~~~~~~~~~~~~~~~~~~~~~~~~~~~~~~~~~~~~~~~~~~~~~~~~~~~~
   BaPCod v0.77, 15/03/2023, © Inria Bordeaux, France, bapcod.math.u-bordeaux.fr 
           THIS CODE IS PROVIDED AS IS, USE IT AT YOUR OWN RISK
~~~~~~~~~~~~~~~~~~~~~~~~~~~~~~~~~~~~~~~~~~~~~~~~~~~~~~~~~~~~~~~~~~~~~~~~~~~~~~~~~~~~~
Bucket steps were recalculated for graph G_1 : [6]
RCSP solver info : symmetric case is detected for graph G_1! 
Bidirectional border value is initialised to 75
RCSP solver info : number of forw. reachable buckets / buck. strongly connected components is 1136( 94.9833% ) / 936( 82.3944% )
Generating neighbourhoods for rank-1 cuts separation
Building structures for 4- and 5-row rank-1 packing cut separation...done!
Model is built TIME = 0h0m0s3t = 3
************************************************************************************************
**** BaB tree root node
**** Local DB = -1e+12, global bounds : [ -1e+12 , 510.1 ], TIME = 0h0m0s3t = 3
**** 1 open nodes, 0 columns (0 active), 0 dyn. constrs. (0 active), 90 art. vars. (90 active)
************************************************************************************************
#<DWph=2> <it=  1> <et=0.03> <Mt= 0.00> <Spt= 0.00> <nCl= 30> <al=0.00> <DB=-1944083.0400> <Mlp=56927.1600> <PB=510.1> 
#<DWph=2> <it=  2> <et=0.04> <Mt= 0.00> <Spt= 0.00> <nCl= 30> <al=0.55> <DB=-1176772.0560> <Mlp=54339.8300> <PB=510.1> 
#<DWph=2> <it=  3> <et=0.04> <Mt= 0.00> <Spt= 0.00> <nCl= 30> <al=0.45> <DB=-1068469.1201> <Mlp=50664.1223> <PB=510.1> 
#<DWph=2> <it=  4> <et=0.04> <Mt= 0.00> <Spt= 0.00> <nCl= 30> <al=0.51> <DB=-931105.9979> <Mlp=48339.3260> <PB=510.1> 
#<DWph=2> <it=  5> <et=0.04> <Mt= 0.00> <Spt= 0.01> <nCl= 30> <al=0.41> <DB=-823909.3206> <Mlp=43767.9069> <PB=510.1> 
#<DWph=2> <it=  6> <et=0.05> <Mt= 0.00> <Spt= 0.00> <nCl= 30> <al=0.46> <DB=-769252.9632> <Mlp=40710.7786> <PB=510.1> 
#<DWph=2> <it=  7> <et=0.05> <Mt= 0.00> <Spt= 0.00> <nCl= 30> <al=0.52> <DB=-630989.3934> <Mlp=38454.7549> <PB=510.1> 
#<DWph=2> <it=  8> <et=0.05> <Mt= 0.00> <Spt= 0.00> <nCl= 30> <al=0.42> <DB=-751013.0202> <Mlp=36982.2808> <PB=510.1> 
#<DWph=2> <it=  9> <et=0.05> <Mt= 0.00> <Spt= 0.01> <nCl= 30> <al=0.48> <DB=-635005.0523> <Mlp=36249.6221> <PB=510.1> 
#<DWph=2> <it= 10> <et=0.06> <Mt= 0.00> <Spt= 0.00> <nCl= 30> <al=0.53> <DB=-617019.1351> <Mlp=33579.3274> <PB=510.1> 
#<DWph=2> <it= 11> <et=0.06> <Mt= 0.00> <Spt= 0.00> <nCl= 30> <al=0.58> <DB=-549247.3394> <Mlp=32024.9180> <PB=510.1> 
#<DWph=2> <it= 12> <et=0.06> <Mt= 0.00> <Spt= 0.00> <nCl= 30> <al=0.62> <DB=-509406.3838> <Mlp=28389.2480> <PB=510.1> 
#<DWph=2> <it= 13> <et=0.06> <Mt= 0.00> <Spt= 0.00> <nCl= 30> <al=0.66> <DB=-469879.0979> <Mlp=22248.1483> <PB=510.1> 
#<DWph=2> <it= 14> <et=0.07> <Mt= 0.00> <Spt= 0.01> <nCl= 30> <al=0.56> <DB=-460764.3413> <Mlp=19708.5355> <PB=510.1> 
#<DWph=2> <it= 15> <et=0.07> <Mt= 0.00> <Spt= 0.00> <nCl= 30> <al=0.60> <DB=-415644.7005> <Mlp=17134.1761> <PB=510.1> 
#<DWph=2> <it= 16> <et=0.07> <Mt= 0.00> <Spt= 0.00> <nCl= 30> <al=0.64> <DB=-369093.5975> <Mlp=15521.1948> <PB=510.1> 
#<DWph=2> <it= 17> <et=0.08> <Mt= 0.00> <Spt= 0.00> <nCl= 30> <al=0.54> <DB=-345655.5269> <Mlp=13265.3531> <PB=510.1> 
#<DWph=2> <it= 18> <et=0.08> <Mt= 0.00> <Spt= 0.01> <nCl= 30> <al=0.59> <DB=-326658.9469> <Mlp=11496.2645> <PB=510.1> 
#<DWph=2> <it= 19> <et=0.08> <Mt= 0.00> <Spt= 0.00> <nCl= 30> <al=0.63> <DB=-281509.5567> <Mlp= 7931.1756> <PB=510.1> 
#<DWph=2> <it= 20> <et=0.08> <Mt= 0.00> <Spt= 0.00> <nCl= 30> <al=0.67> <DB=-273547.8224> <Mlp= 6370.3991> <PB=510.1> 
#<DWph=2> <it= 21> <et=0.09> <Mt= 0.00> <Spt= 0.00> <nCl= 30> <al=0.70> <DB=-253913.8794> <Mlp= 2981.5725> <PB=510.1> 
#<DWph=2> <it= 22> <et=0.09> <Mt= 0.01> <Spt= 0.00> <nCl= 24> <al=0.60> <DB=-139561.5286> <Mlp= 1371.4831> <PB=510.1> 
#<DWph=2> <it= 23> <et=0.09> <Mt= 0.00> <Spt= 0.01> <nCl= 29> <al=0.50> <DB=-56361.5112> <Mlp= 1327.0610> <PB=510.1> 
#<DWph=2> <it= 24> <et=0.10> <Mt= 0.00> <Spt= 0.00> <nCl= 30> <al=0.40> <DB=-6971.9716> <Mlp= 1295.6776> <PB=510.1> 
#<DWph=2> <it= 25> <et=0.10> <Mt= 0.00> <Spt= 0.00> <nCl= 30> <al=0.30> <DB=-1397.7541> <Mlp= 1247.8603> <PB=510.1> 
<DWph=2> <it= 26> <et=0.10> <Mt= 0.00> <Spt= 0.00> <nCl= 30> <al=0.20> <DB=-7197.7420> <Mlp= 1051.8545> <PB=510.1> 
<DWph=2> <it= 27> <et=0.11> <Mt= 0.00> <Spt= 0.00> <nCl= 30> <al=0.28> <DB=-5807.4001> <Mlp= 1000.7843> <PB=510.1> 
<DWph=2> <it= 28> <et=0.11> <Mt= 0.00> <Spt= 0.01> <nCl= 30> <al=0.35> <DB=-1042.2595> <Mlp=  973.7982> <PB=510.1> 
<DWph=2> <it= 29> <et=0.11> <Mt= 0.00> <Spt= 0.00> <nCl= 30> <al=0.42> <DB=-5330.9171> <Mlp=  914.8275> <PB=510.1> 
<DWph=2> <it= 30> <et=0.12> <Mt= 0.00> <Spt= 0.00> <nCl= 30> <al=0.47> <DB=-1717.7065> <Mlp=  847.8317> <PB=510.1> 
<DWph=2> <it= 31> <et=0.12> <Mt= 0.00> <Spt= 0.00> <nCl= 30> <al=0.53> <DB=-2762.7656> <Mlp=  787.4698> <PB=510.1> 
<DWph=2> <it= 32> <et=0.12> <Mt= 0.01> <Spt= 0.00> <nCl= 30> <al=0.57> <DB= -803.6265> <Mlp=  744.9566> <PB=510.1> 
<DWph=2> <it= 33> <et=0.12> <Mt= 0.00> <Spt= 0.01> <nCl= 30> <al=0.62> <DB=-1265.2273> <Mlp=  726.2663> <PB=510.1> 
<DWph=2> <it= 34> <et=0.13> <Mt= 0.00> <Spt= 0.00> <nCl= 30> <al=0.66> <DB=-1561.2784> <Mlp=  682.8406> <PB=510.1> 
<DWph=2> <it= 35> <et=0.13> <Mt= 0.00> <Spt= 0.00> <nCl= 30> <al=0.69> <DB= -316.5909> <Mlp=  669.6706> <PB=510.1> 
<DWph=2> <it= 36> <et=0.13> <Mt= 0.00> <Spt= 0.00> <nCl= 30> <al=0.72> <DB= -541.4824> <Mlp=  658.7569> <PB=510.1> 
<DWph=2> <it= 37> <et=0.14> <Mt= 0.00> <Spt= 0.01> <nCl= 30> <al=0.75> <DB= -830.6249> <Mlp=  624.6756> <PB=510.1> 
<DWph=2> <it= 38> <et=0.14> <Mt= 0.00> <Spt= 0.00> <nCl= 30> <al=0.77> <DB=  -65.0536> <Mlp=  599.9832> <PB=510.1> 
<DWph=2> <it= 39> <et=0.14> <Mt= 0.00> <Spt= 0.00> <nCl= 30> <al=0.80> <DB= -278.5981> <Mlp=  590.0153> <PB=510.1> 
<DWph=2> <it= 40> <et=0.15> <Mt= 0.00> <Spt= 0.00> <nCl= 29> <al=0.82> <DB=   71.0932> <Mlp=  571.5393> <PB=510.1> 
<DWph=2> <it= 41> <et=0.15> <Mt= 0.01> <Spt= 0.00> <nCl= 30> <al=0.72> <DB=  -57.5760> <Mlp=  559.2423> <PB=510.1> 
<DWph=2> <it= 42> <et=0.15> <Mt= 0.00> <Spt= 0.01> <nCl= 28> <al=0.75> <DB=   33.5270> <Mlp=  543.3759> <PB=510.1> 
<DWph=2> <it= 43> <et=0.16> <Mt= 0.00> <Spt= 0.00> <nCl= 29> <al=0.77> <DB=   79.5684> <Mlp=  533.9494> <PB=510.1> 
<DWph=2> <it= 44> <et=0.16> <Mt= 0.00> <Spt= 0.00> <nCl= 19> <al=0.79> <DB=  189.1126> <Mlp=  528.3002> <PB=510.1> 
<DWph=2> <it= 45> <et=0.16> <Mt= 0.00> <Spt= 0.00> <nCl= 29> <al=0.69> <DB= -142.5443> <Mlp=  521.7444> <PB=510.1> 
<DWph=2> <it= 46> <et=0.17> <Mt= 0.00> <Spt= 0.01> <nCl= 20> <al=0.72> <DB=  205.6360> <Mlp=  511.6614> <PB=510.1> 
<DWph=2> <it= 47> <et=0.17> <Mt= 0.00> <Spt= 0.00> <nCl= 24> <al=0.75> <DB=  294.6588> <Mlp=  511.1274> <PB=510.1> 
<DWph=2> <it= 48> <et=0.17> <Mt= 0.00> <Spt= 0.00> <nCl= 29> <al=0.65> <DB=  481.1952> <Mlp=  509.4749> <PB=510.1> 
<DWph=2> <it= 49> <et=0.18> <Mt= 0.00> <Spt= 0.00> <nCl= 26> <al=0.55> <DB=  482.2361> <Mlp=  507.3401> <PB=510.1> 
<DWph=2> <it= 50> <et=0.18> <Mt= 0.00> <Spt= 0.00> <nCl= 18> <al=0.45> <DB=  488.4675> <Mlp=  504.9736> <PB=510.1> 
<DWph=2> <it= 51> <et=0.18> <Mt= 0.00> <Spt= 0.01> <nCl= 23> <al=0.35> <DB=  494.4540> <Mlp=  504.4623> <PB=510.1> 
<DWph=2> <it= 52> <et=0.19> <Mt= 0.01> <Spt= 0.00> <nCl= 19> <al=0.25> <DB=  489.8342> <Mlp=  503.7994> <PB=510.1> 
<DWph=2> <it= 53> <et=0.19> <Mt= 0.00> <Spt= 0.00> <nCl= 14> <al=0.33> <DB=  498.1448> <Mlp=  503.5154> <PB=510.1> 
<DWph=2> <it= 54> <et=0.19> <Mt= 0.00> <Spt= 0.00> <nCl= 12> <al=0.23> <DB=  499.0220> <Mlp=  503.2020> <PB=510.1> 
<DWph=2> <it= 55> <et=0.19> <Mt= 0.00> <Spt= 0.00> <nCl= 14> <al=0.30> <DB=  494.7551> <Mlp=  503.2020> <PB=510.1> 
<DWph=2> <it= 56> <et=0.20> <Mt= 0.00> <Spt= 0.01> <nCl= 11> <al=0.37> <DB=  495.5822> <Mlp=  503.0312> <PB=510.1> 
<DWph=2> <it= 57> <et=0.20> <Mt= 0.00> <Spt= 0.00> <nCl= 13> <al=0.27> <DB=  494.3423> <Mlp=  502.9418> <PB=510.1> 
<DWph=2> <it= 58> <et=0.20> <Mt= 0.00> <Spt= 0.00> <nCl=  6> <al=0.35> <DB=  501.8703> <Mlp=  502.7381> <PB=510.1> 
<DWph=2> <it= 59> <et=0.20> <Mt= 0.00> <Spt= 0.00> <nCl=  5> <al=0.25> <DB=  502.2454> <Mlp=  502.7303> <PB=510.1> 
<DWph=2> <it= 60> <et=0.21> <Mt= 0.00> <Spt= 0.00> <nCl=  4> <al=0.32> <DB=  502.3052> <Mlp=  502.7268> <PB=510.1> 
<DWph=2> <it= 61> <et=0.21> <Mt= 0.00> <Spt= 0.01> <nCl=  3> <al=0.00> <DB=  502.7254> <Mlp=  502.7254> <PB=510.1> 
<DWph=1> <it= 62> <et=0.21> <Mt= 0.00> <Spt= 0.00> <nCl= 17> <al=0.29> <DB=  497.5667> <Mlp=  502.7254> <PB=510.1> 
<DWph=1> <it= 63> <et=0.22> <Mt= 0.00> <Spt= 0.01> <nCl=  8> <al=0.19> <DB=  499.0869> <Mlp=  502.6503> <PB=510.1> 
<DWph=1> <it= 64> <et=0.22> <Mt= 0.00> <Spt= 0.00> <nCl=  3> <al=0.27> <DB=  496.8316> <Mlp=  502.5583> <PB=510.1> 
<DWph=1> <it= 65> <et=0.23> <Mt= 0.00> <Spt= 0.01> <nCl=  2> <al=0.00> <DB=  502.5583> <Mlp=  502.5583> <PB=510.1> 
    RCSP exact solver info for graph G_1 : TT = 0.007371, pt = 9e-06, dt = 0.00648, ct = 0.000622, ndl = 2', bdl = 50', odl = 3', odf = 25', bsi = 1', cnt = 3', bdch = 484', odch = 43', lcp = 28', #sols = 150
<DWph=0> <it= 66> <et=0.24> <Mt= 0.00> <Spt= 0.01> <nCl= 96> <al=0.24> <DB=  494.1694> <Mlp=  502.5583> <PB=510.1> 
    RCSP exact solver info for graph G_1 : TT = 0.006489, pt = 1.6e-05, dt = 0.005581, ct = 0.00063, ndl = 2', bdl = 51', odl = 3', odf = 25', bsi = 1', cnt = 3', bdch = 491', odch = 43', lcp = 28', #sols = 150
<DWph=0> <it= 67> <et=0.25> <Mt= 0.00> <Spt= 0.00> <nCl= 23> <al=0.14> <DB=  497.6093> <Mlp=  502.4548> <PB=510.1> 
    RCSP exact solver info for graph G_1 : TT = 0.006238, pt = 1.6e-05, dt = 0.005353, ct = 0.000613, ndl = 2', bdl = 50', odl = 3', odf = 25', bsi = 1', cnt = 3', bdch = 468', odch = 42', lcp = 26', #sols = 150
    RCSP exact solver info for graph G_1 : TT = 0.006197, pt = 1.6e-05, dt = 0.005322, ct = 0.000607, ndl = 2', bdl = 50', odl = 3', odf = 25', bsi = 1', cnt = 3', bdch = 466', odch = 41', lcp = 26', #sols = 150
<DWph=0> <it= 68> <et=0.26> <Mt= 0.00> <Spt= 0.02> <nCl= 17> <al=0.00> <DB=  502.3531> <Mlp=  502.3531> <PB=510.1> 
Dynamic params and stats :  aver.obdmd = 23.7174 aver.buck.num. = 26
@@ 1 0 502.353 0.006302 0.007102 87.9034 0.26
Labels distribution in buckets (bucket size) : largest - 25, top 0.1% - 25, top 0.5% - 23, top 2% - 18, top 10% - 11, top 50% - 2
Reduced cost fixing for graph G_1... 5226 buck. arcs remain (12.2% from prev., 10.7% from max.) + 2855 jump buck. arcs (5.85% from max.)
 TT = 0.010852, pt = 0.00197, dt = 0.003721, ct = 0.005083, ndl = 5', bdl = 34', odl = 2', odf = 30', lpcb = 116', cnt = 23', bdch = 396', odch = 59', lcp = 27'
Labels distribution in buckets (bucket size) : largest - 25, top 0.1% - 25, top 0.5% - 23, top 2% - 19, top 10% - 12, top 50% - 2
Run forward enumeration with border = 75... succeeded! lpt = 0.006893, ndl = 3', dl = 0', lpcb = 19', dch = 3'
Run enumeration concatenation with time limit 0.3 sec.... succeeded!
Sorting and storing enumerated solutions ... done!
 TT = 0.017843, pt = 0.001994, dt = 0.006893, ct = 0.002968, ndl = 3', bdl = 0', lpcb = 19', cnt = 33', bdch = 3', odch = 0', lcp = 0'
Enumeration succeeded!, number of elem. solutions is 4819
Estimating inspection time...     TT = 0.00024, performed by inspection with 4819 solutions, nbR1C = 0, nbDiscC = 0
Inspection time is low enough. Pricing will be done by inspection.
Added 433 columns in the formulation 
Removed 1301 columns (not in the enumerated set) from the formulation
Regenerated 433 columns with the 'enumerated' flag
Added 4639 columns in the formulation 
ColGenEvalAlg final dual bound: 502.353 (rounded: 503)
----- Terminating the node by MIP -----
Version identifier: 20.1.0.0 | 2020-11-10 | 9bedb6d68
CPXPARAM_Advance                                 0
CPXPARAM_Threads                                 1
CPXPARAM_MIP_Limits_Nodes                        2000000
CPXPARAM_Simplex_Tolerances_Optimality           9.9999999999999995e-08
CPXPARAM_Simplex_Tolerances_Feasibility          9.9999999999999995e-08
CPXPARAM_TimeLimit                               1763.6079999999999
CPXPARAM_MIP_Tolerances_UpperCutoff              510.000001
CPXPARAM_MIP_Tolerances_MIPGap                   1.0000000000000001e-09
Tried aggregator 1 time.
MIP Presolve eliminated 1 rows and 253 columns.
MIP Presolve modified 3000 coefficients.
Reduced MIP has 45 rows, 4819 columns, and 48353 nonzeros.
Reduced MIP has 4819 binaries, 0 generals, 0 SOSs, and 0 indicators.
Presolve time = 0.03 sec. (55.10 ticks)
Tried aggregator 1 time.
Detecting symmetries...
Reduced MIP has 45 rows, 4819 columns, and 48353 nonzeros.
Reduced MIP has 4819 binaries, 0 generals, 0 SOSs, and 0 indicators.
Presolve time = 0.02 sec. (43.29 ticks)
Probing fixed 3416 vars, tightened 0 bounds.
Probing time = 0.52 sec. (668.83 ticks)
Clique table members: 7306.
MIP emphasis: balance optimality and feasibility.
MIP search method: dynamic search.
Parallel mode: none, using 1 thread.
Root relaxation solution time = 0.00 sec. (8.92 ticks)

        Nodes                                         Cuts/
   Node  Left     Objective  IInf  Best Integer    Best Bound    ItCnt     Gap

      0     0      503.5746    27                    503.5746      151         
      0     0      509.6000    22                    Cuts: 16      327         
*     0+    0                          510.0000      509.6000             0.08%
      0     0        cutoff            510.0000      509.6000      327    0.08%
Elapsed time = 0.62 sec. (836.29 ticks, tree = 0.01 MB, solutions = 1)

Clique cuts applied:  12
Zero-half cuts applied:  2

Root node processing (before b&c):
  Real time             =    0.62 sec. (836.43 ticks)
Sequential b&c:
  Real time             =    0.00 sec. (0.00 ticks)
                          ------------
Total (root+branch&cut) =    0.62 sec. (836.43 ticks)
Solution status = Optimum
New model incumbent solution 510, TIME = 0h0m1s3t = 103
************************************************************************************************
Search is finished, global bounds : [ 510 , 510 ], TIME = 0h0m1s3t = 103
************************************************************************************************
Built-in heuristic is enabled
instance_name solver_name ext_heuristic solution_value solution_time best_lb root_lb root_time nb_branch_and_bound_nodes status
/home/logis/Downloads/VRPSolverEasy/VRPSolverEasy/demos/data/CVRP/P-n45-k5 CPLEX False 510.0 1.032778335 510.0 510.0 1.03241514 1 0

