Node memory for rank-1 cuts will be used (7.69231)
~~~~~~~~~~~~~~~~~~~~~~~~~~~~~~~~~~~~~~~~~~~~~~~~~~~~~~~~~~~~~~~~~~~~~~~~~~~~~~~~~~~~~
VRPSolver v0.5.27, 24/02/2023, © Inria Bordeaux, France, vrpsolver.math.u-bordeaux.fr
      Corresponds to the solver by Pessoa, Sadykov, Uchoa and Vanderbeck (2020)
                 Paper: dx.doi.org/10.1007/s10107-020-01523-z
~~~~~~~~~~~~~~~~~~~~~~~~~~~~~~~~~~~~~~~~~~~~~~~~~~~~~~~~~~~~~~~~~~~~~~~~~~~~~~~~~~~~~
   BaPCod v0.77, 15/03/2023, © Inria Bordeaux, France, bapcod.math.u-bordeaux.fr 
           THIS CODE IS PROVIDED AS IS, USE IT AT YOUR OWN RISK
~~~~~~~~~~~~~~~~~~~~~~~~~~~~~~~~~~~~~~~~~~~~~~~~~~~~~~~~~~~~~~~~~~~~~~~~~~~~~~~~~~~~~
Bucket steps were recalculated for graph G_1 : [4]
RCSP solver info : symmetric case is detected for graph G_1! 
Bidirectional border value is initialised to 50
RCSP solver info : number of forw. reachable buckets / buck. strongly connected components is 944( 93.0966% ) / 794( 84.1102% )
Generating neighbourhoods for rank-1 cuts separation
Building structures for 4- and 5-row rank-1 packing cut separation...done!
Model is built TIME = 0h0m0s1t = 1
************************************************************************************************
**** BaB tree root node
**** Local DB = -1e+12, global bounds : [ -1e+12 , 730.1 ], TIME = 0h0m0s1t = 1
**** 1 open nodes, 0 columns (0 active), 0 dyn. constrs. (0 active), 76 art. vars. (76 active)
************************************************************************************************
#<DWph=2> <it=  1> <et=0.01> <Mt= 0.00> <Spt= 0.00> <nCl= 30> <al=0.00> <DB=-3684624.0800> <Mlp=69213.4800> <PB=730.1> 
#<DWph=2> <it=  2> <et=0.01> <Mt= 0.00> <Spt= 0.00> <nCl= 30> <al=0.55> <DB=-1848475.4709> <Mlp=65085.8980> <PB=730.1> 
#<DWph=2> <it=  3> <et=0.01> <Mt= 0.00> <Spt= 0.00> <nCl= 30> <al=0.45> <DB=-1422745.7031> <Mlp=62865.9084> <PB=730.1> 
#<DWph=2> <it=  4> <et=0.01> <Mt= 0.00> <Spt= 0.00> <nCl= 30> <al=0.35> <DB=-1311636.2715> <Mlp=60936.7923> <PB=730.1> 
#<DWph=2> <it=  5> <et=0.02> <Mt= 0.00> <Spt= 0.00> <nCl= 30> <al=0.42> <DB=-1187405.5283> <Mlp=58002.3912> <PB=730.1> 
#<DWph=2> <it=  6> <et=0.02> <Mt= 0.00> <Spt= 0.01> <nCl= 30> <al=0.47> <DB=-1004182.1276> <Mlp=56807.1679> <PB=730.1> 
#<DWph=2> <it=  7> <et=0.02> <Mt= 0.00> <Spt= 0.00> <nCl= 30> <al=0.53> <DB=-748574.9487> <Mlp=55515.8222> <PB=730.1> 
#<DWph=2> <it=  8> <et=0.02> <Mt= 0.00> <Spt= 0.00> <nCl= 30> <al=0.43> <DB=-740268.4805> <Mlp=50589.7850> <PB=730.1> 
#<DWph=2> <it=  9> <et=0.02> <Mt= 0.00> <Spt= 0.00> <nCl= 30> <al=0.48> <DB=-609609.7696> <Mlp=46461.7782> <PB=730.1> 
#<DWph=2> <it= 10> <et=0.03> <Mt= 0.00> <Spt= 0.00> <nCl= 30> <al=0.38> <DB=-595334.8537> <Mlp=43505.7656> <PB=730.1> 
#<DWph=2> <it= 11> <et=0.03> <Mt= 0.00> <Spt= 0.00> <nCl= 30> <al=0.45> <DB=-485849.0052> <Mlp=42205.8162> <PB=730.1> 
#<DWph=2> <it= 12> <et=0.03> <Mt= 0.00> <Spt= 0.01> <nCl= 30> <al=0.50> <DB=-474834.0498> <Mlp=33978.2544> <PB=730.1> 
#<DWph=2> <it= 13> <et=0.03> <Mt= 0.00> <Spt= 0.00> <nCl= 30> <al=0.55> <DB=-433188.9959> <Mlp=30894.2757> <PB=730.1> 
#<DWph=2> <it= 14> <et=0.03> <Mt= 0.00> <Spt= 0.00> <nCl= 30> <al=0.60> <DB=-417378.0621> <Mlp=22384.9598> <PB=730.1> 
#<DWph=2> <it= 15> <et=0.04> <Mt= 0.00> <Spt= 0.00> <nCl= 30> <al=0.64> <DB=-351379.6147> <Mlp=20636.4774> <PB=730.1> 
#<DWph=2> <it= 16> <et=0.04> <Mt= 0.00> <Spt= 0.00> <nCl= 30> <al=0.67> <DB=-340827.6936> <Mlp=15965.3744> <PB=730.1> 
#<DWph=2> <it= 17> <et=0.04> <Mt= 0.00> <Spt= 0.00> <nCl= 30> <al=0.71> <DB=-309681.5180> <Mlp=14195.5422> <PB=730.1> 
#<DWph=2> <it= 18> <et=0.04> <Mt= 0.00> <Spt= 0.01> <nCl= 30> <al=0.73> <DB=-259642.9417> <Mlp= 8247.4465> <PB=730.1> 
#<DWph=2> <it= 19> <et=0.05> <Mt= 0.00> <Spt= 0.00> <nCl= 30> <al=0.63> <DB=-152365.2899> <Mlp= 1657.6130> <PB=730.1> 
#<DWph=2> <it= 20> <et=0.05> <Mt= 0.00> <Spt= 0.00> <nCl= 11> <al=0.53> <DB=-66546.1703> <Mlp= 1547.8317> <PB=730.1> 
#<DWph=2> <it= 21> <et=0.05> <Mt= 0.00> <Spt= 0.00> <nCl= 27> <al=0.43> <DB=-11922.1719> <Mlp= 1541.7326> <PB=730.1> 
#<DWph=2> <it= 22> <et=0.05> <Mt= 0.01> <Spt= 0.00> <nCl= 30> <al=0.33> <DB=-1969.7470> <Mlp= 1433.3083> <PB=730.1> 
<DWph=2> <it= 23> <et=0.06> <Mt= 0.00> <Spt= 0.00> <nCl= 30> <al=0.40> <DB=-8847.1150> <Mlp= 1326.7839> <PB=730.1> 
<DWph=2> <it= 24> <et=0.06> <Mt= 0.00> <Spt= 0.00> <nCl= 26> <al=0.46> <DB= -235.5348> <Mlp= 1296.2381> <PB=730.1> 
<DWph=2> <it= 25> <et=0.06> <Mt= 0.00> <Spt= 0.01> <nCl= 30> <al=0.51> <DB=-6642.4773> <Mlp= 1216.2301> <PB=730.1> 
<DWph=2> <it= 26> <et=0.06> <Mt= 0.00> <Spt= 0.00> <nCl= 30> <al=0.56> <DB= -336.3038> <Mlp= 1098.4726> <PB=730.1> 
<DWph=2> <it= 27> <et=0.07> <Mt= 0.00> <Spt= 0.00> <nCl= 29> <al=0.61> <DB= -379.6446> <Mlp= 1004.8907> <PB=730.1> 
<DWph=2> <it= 28> <et=0.07> <Mt= 0.00> <Spt= 0.00> <nCl= 28> <al=0.65> <DB=  162.0484> <Mlp=  934.9887> <PB=730.1> 
<DWph=2> <it= 29> <et=0.07> <Mt= 0.00> <Spt= 0.00> <nCl= 30> <al=0.68> <DB=  112.8284> <Mlp=  923.4325> <PB=730.1> 
<DWph=2> <it= 30> <et=0.07> <Mt= 0.00> <Spt= 0.00> <nCl= 24> <al=0.71> <DB=  425.7676> <Mlp=  901.8306> <PB=730.1> 
<DWph=2> <it= 31> <et=0.08> <Mt= 0.00> <Spt= 0.00> <nCl= 30> <al=0.61> <DB= -629.9514> <Mlp=  897.0838> <PB=730.1> 
<DWph=2> <it= 32> <et=0.08> <Mt= 0.00> <Spt= 0.01> <nCl= 26> <al=0.65> <DB=  587.0790> <Mlp=  889.8987> <PB=730.1> 
<DWph=2> <it= 33> <et=0.08> <Mt= 0.01> <Spt= 0.00> <nCl= 30> <al=0.69> <DB=   18.5432> <Mlp=  860.4660> <PB=730.1> 
<DWph=2> <it= 34> <et=0.08> <Mt= 0.00> <Spt= 0.00> <nCl= 26> <al=0.72> <DB=  536.1435> <Mlp=  825.4887> <PB=730.1> 
<DWph=2> <it= 35> <et=0.09> <Mt= 0.00> <Spt= 0.00> <nCl= 27> <al=0.75> <DB=  227.4130> <Mlp=  782.4730> <PB=730.1> 
<DWph=2> <it= 36> <et=0.09> <Mt= 0.00> <Spt= 0.00> <nCl= 20> <al=0.77> <DB=  608.0666> <Mlp=  767.5000> <PB=730.1> 
<DWph=2> <it= 37> <et=0.09> <Mt= 0.00> <Spt= 0.00> <nCl= 26> <al=0.79> <DB=  318.5505> <Mlp=  759.3544> <PB=730.1> 
<DWph=2> <it= 38> <et=0.09> <Mt= 0.00> <Spt= 0.01> <nCl= 16> <al=0.82> <DB=  567.5330> <Mlp=  739.0556> <PB=730.1> 
<DWph=2> <it= 39> <et=0.10> <Mt= 0.00> <Spt= 0.00> <nCl= 25> <al=0.72> <DB=  641.7579> <Mlp=  719.8750> <PB=730.1> 
<DWph=2> <it= 40> <et=0.10> <Mt= 0.00> <Spt= 0.00> <nCl= 21> <al=0.74> <DB=  604.2578> <Mlp=  719.8750> <PB=730.1> 
<DWph=2> <it= 41> <et=0.10> <Mt= 0.00> <Spt= 0.00> <nCl= 20> <al=0.77> <DB=  651.2386> <Mlp=  708.4000> <PB=730.1> 
<DWph=2> <it= 42> <et=0.10> <Mt= 0.01> <Spt= 0.00> <nCl= 23> <al=0.67> <DB=  588.0856> <Mlp=  707.4000> <PB=730.1> 
<DWph=2> <it= 43> <et=0.11> <Mt= 0.00> <Spt= 0.00> <nCl=  9> <al=0.70> <DB=  675.9051> <Mlp=  706.5000> <PB=730.1> 
<DWph=2> <it= 44> <et=0.11> <Mt= 0.00> <Spt= 0.01> <nCl= 11> <al=0.60> <DB=  686.0269> <Mlp=  706.5000> <PB=730.1> 
<DWph=2> <it= 45> <et=0.11> <Mt= 0.00> <Spt= 0.00> <nCl= 15> <al=0.64> <DB=  455.9661> <Mlp=  702.5000> <PB=730.1> 
<DWph=2> <it= 46> <et=0.11> <Mt= 0.00> <Spt= 0.00> <nCl=  7> <al=0.68> <DB=  683.2816> <Mlp=  702.5000> <PB=730.1> 
<DWph=2> <it= 47> <et=0.12> <Mt= 0.00> <Spt= 0.00> <nCl=  9> <al=0.42> <DB=  552.1364> <Mlp=  701.0000> <PB=730.1> 
<DWph=2> <it= 48> <et=0.12> <Mt= 0.00> <Spt= 0.00> <nCl=  9> <al=0.61> <DB=  642.6752> <Mlp=  701.0000> <PB=730.1> 
<DWph=2> <it= 49> <et=0.12> <Mt= 0.00> <Spt= 0.01> <nCl=  7> <al=0.30> <DB=  661.7043> <Mlp=  701.0000> <PB=730.1> 
<DWph=2> <it= 50> <et=0.13> <Mt= 0.00> <Spt= 0.00> <nCl=  3> <al=0.10> <DB=  674.5023> <Mlp=  701.0000> <PB=730.1> 
<DWph=2> <it= 51> <et=0.13> <Mt= 0.00> <Spt= 0.00> <nCl=  1> <al=0.45> <DB=  697.3342> <Mlp=  700.7500> <PB=730.1> 
<DWph=2> <it= 52> <et=0.13> <Mt= 0.00> <Spt= 0.00> <nCl=  0> <al=0.00> <DB=  700.7500> <Mlp=  700.7500> <PB=730.1> 
<DWph=1> <it= 53> <et=0.13> <Mt= 0.00> <Spt= 0.01> <nCl= 18> <al=0.25> <DB=  510.7500> <Mlp=  700.7500> <PB=730.1> 
<DWph=1> <it= 54> <et=0.14> <Mt= 0.00> <Spt= 0.00> <nCl= 21> <al=0.32> <DB=  494.0922> <Mlp=  698.1500> <PB=730.1> 
<DWph=1> <it= 55> <et=0.14> <Mt= 0.00> <Spt= 0.00> <nCl= 11> <al=0.39> <DB=  418.6090> <Mlp=  697.5556> <PB=730.1> 
<DWph=1> <it= 56> <et=0.15> <Mt= 0.00> <Spt= 0.01> <nCl= 22> <al=0.00> <DB=  526.2708> <Mlp=  697.2708> <PB=730.1> 
<DWph=1> <it= 57> <et=0.15> <Mt= 0.00> <Spt= 0.00> <nCl= 14> <al=0.35> <DB=  683.7926> <Mlp=  696.4375> <PB=730.1> 
<DWph=1> <it= 58> <et=0.15> <Mt= 0.00> <Spt= 0.00> <nCl= 16> <al=0.25> <DB=  681.4408> <Mlp=  696.4375> <PB=730.1> 
<DWph=1> <it= 59> <et=0.16> <Mt= 0.01> <Spt= 0.00> <nCl= 10> <al=0.33> <DB=  670.8099> <Mlp=  696.2292> <PB=730.1> 
<DWph=1> <it= 60> <et=0.16> <Mt= 0.00> <Spt= 0.01> <nCl= 14> <al=0.00> <DB=  695.8667> <Mlp=  695.8667> <PB=730.1> 
    RCSP exact solver info for graph G_1 : TT = 0.003523, pt = 7e-06, dt = 0.002856, ct = 0.00044, ndl = 1', bdl = 18', odl = 1', odf = 12', bsi = 1', cnt = 3', bdch = 119', odch = 15', lcp = 8', #sols = 150
<DWph=0> <it= 61> <et=0.17> <Mt= 0.00> <Spt= 0.00> <nCl= 94> <al=0.13> <DB=  682.1333> <Mlp=  695.8667> <PB=730.1> 
    RCSP exact solver info for graph G_1 : TT = 0.002878, pt = 1.4e-05, dt = 0.00221, ct = 0.000434, ndl = 1', bdl = 18', odl = 1', odf = 12', bsi = 1', cnt = 3', bdch = 114', odch = 14', lcp = 7', #sols = 150
    RCSP exact solver info for graph G_1 : TT = 0.002842, pt = 1.3e-05, dt = 0.002175, ct = 0.000431, ndl = 1', bdl = 17', odl = 1', odf = 12', bsi = 1', cnt = 3', bdch = 111', odch = 14', lcp = 7', #sols = 150
<DWph=0> <it= 62> <et=0.18> <Mt= 0.00> <Spt= 0.01> <nCl= 18> <al=0.00> <DB=  695.4167> <Mlp=  695.4167> <PB=730.1> 
Dynamic params and stats :  aver.obdmd = 23.2308 aver.buck.num. = 26
@@ 1 0 695.417 0.00284867 0.003296 85.3088 0.18
Labels distribution in buckets (bucket size) : largest - 21, top 0.1% - 21, top 0.5% - 15, top 2% - 11, top 10% - 7, top 50% - 1
Reduced cost fixing for graph G_1... 12911 buck. arcs remain (44.6% from prev., 38% from max.) + 3881 jump buck. arcs (11.4% from max.)
 TT = 0.014788, pt = 0.001025, dt = 0.005172, ct = 0.008522, ndl = 4', bdl = 35', odl = 2', odf = 34', lpcb = 82', cnt = 53', bdch = 313', odch = 88', lcp = 36'
Labels distribution in buckets (bucket size) : largest - 21, top 0.1% - 21, top 0.5% - 17, top 2% - 12, top 10% - 8, top 50% - 2
Run forward enumeration with border = 50... succeeded! lpt = 0.059927, ndl = 19', dl = 12', lpcb = 369', dch = 115'
Run enumeration concatenation with time limit 0.3 sec.... succeeded!
Sorting and storing enumerated solutions ... done!
 TT = 0.174789, pt = 0.002011, dt = 0.059927, ct = 0.053689, ndl = 19', bdl = 12', lpcb = 369', cnt = 244', bdch = 115', odch = 0', lcp = 0'
Enumeration succeeded!, number of elem. solutions is 39930
Estimating inspection time...     TT = 0.002067, performed by inspection with 39930 solutions, nbR1C = 0, nbDiscC = 0
Inspection time is low enough. Pricing will be done by inspection.
Added 494 columns in the formulation 
Removed 970 columns (not in the enumerated set) from the formulation
Regenerated 494 columns with the 'enumerated' flag
<DWph=2> <it= 63> <et=0.38> <Mt= 0.00> <Spt= 0.00> <nCl=  0> <al=0.00> <DB=  700.3389> <Mlp=  700.3389> <PB=730.1> 
<DWph=1> <it= 64> <et=0.38> <Mt= 0.00> <Spt= 0.00> <nCl=  0> <al=0.00> <DB=  700.3389> <Mlp=  700.3389> <PB=730.1> 
    TT = 0.001353, performed by inspection with 39930 solutions, nbR1C = 0, nbDiscC = 0
<DWph=0> <it= 65> <et=0.39> <Mt= 0.00> <Spt= 0.01> <nCl= 86> <al=0.30> <DB=  371.0056> <Mlp=  700.3389> <PB=730.1> 
    TT = 0.001285, performed by inspection with 39930 solutions, nbR1C = 0, nbDiscC = 0
    TT = 0.001247, performed by inspection with 39930 solutions, nbR1C = 0, nbDiscC = 0
<DWph=0> <it= 66> <et=0.39> <Mt= 0.00> <Spt= 0.00> <nCl= 28> <al=0.00> <DB=  699.1667> <Mlp=  699.1667> <PB=730.1> 
Dynamic params and stats :  aver.obdmd = 23.2308 aver.buck.num. = 26
@@ 1 0 699.167 0.001295 0.001353 0 0.39
Reduced cost fixing for graph G_1...  took 0 sec., done by inspection with 39930 solutions, remains 16530 (41.4%)
Removed 28 columns (not in the enumerated set) from the formulation
ColGenEvalAlg final dual bound: 699.167 (rounded: 700)
Shrinking heuristic shrunk 14 edges
In total 13 RCC cut(s) are found by the Fractional capacity min-cut heuristic 
In total 54 RCC cut(s) are found by the greedy construction heuristic 
----- Add fac. cuts : CAP(67), max.viol = 0.625, aver.viol = 0.223259, sep/add took 0.00284548/0.014041 sec. -----
580 columns (580 active), 67 dyn. constrs. (67 active), 143 art. vars. (143 active)
<DWph=2> <it=  1> <et=0.42> <Mt= 0.00> <Spt= 0.00> <nCl=  0> <al=0.00> <DB=  732.5000> <Mlp=  732.5000> <PB=730.1> 
<DWph=1> <it=  2> <et=0.42> <Mt= 0.00> <Spt= 0.00> <nCl=  0> <al=0.00> <DB=  732.5000> <Mlp=  732.5000> <PB=730.1> 
    TT = 0.000671, performed by inspection with 16530 solutions, nbR1C = 0, nbDiscC = 0
<DWph=0> <it=  3> <et=0.43> <Mt= 0.00> <Spt= 0.01> <nCl=150> <al=0.30> <DB= -388.5000> <Mlp=  732.5000> <PB=730.1> 
    TT = 0.000622, performed by inspection with 16530 solutions, nbR1C = 0, nbDiscC = 0
<DWph=0> <it=  4> <et=0.44> <Mt= 0.01> <Spt= 0.00> <nCl= 36> <al=0.30> <DB=  387.6367> <Mlp=  720.2667> <PB=730.1> 
    TT = 0.000583, performed by inspection with 16530 solutions, nbR1C = 0, nbDiscC = 0
    TT = 0.000504, performed by inspection with 16530 solutions, nbR1C = 0, nbDiscC = 0
<DWph=0> <it=  5> <et=0.44> <Mt= 0.00> <Spt= 0.01> <nCl= 19> <al=0.00> <DB=  719.9487> <Mlp=  719.9487> <PB=730.1> 
Dynamic params and stats :  aver.obdmd = 23.2308 aver.buck.num. = 26
@@ 1 1 719.949 0.000595 0.000671 0 0.44
Reduced cost fixing for graph G_1...  took 0 sec., done by inspection with 16530 solutions, remains 1029 (6.23%)
Removed 260 columns (not in the enumerated set) from the formulation
ColGenEvalAlg final dual bound: 719.949 (rounded: 720)
Gap improvement since the last cut separation : 0.671834 (699.167)
Current active cuts : CAP(7,259.394)
Shrinking heuristic shrunk 11 edges
In total 3 RCC cut(s) are found by the Fractional capacity min-cut heuristic 
In total 2 RCC cut(s) are found by the greedy construction heuristic 
In total 2 RCC cut(s) are found by the global pool greedy search heuristic 
----- Add fac. cuts : CAP(7), max.viol = 0.333333, aver.viol = 0.168498, sep/add took 0.00234671/0.00137324 sec. -----
736 columns (525 active), 74 dyn. constrs. (14 active), 150 art. vars. (90 active)
<DWph=2> <it=  1> <et=0.46> <Mt= 0.00> <Spt= 0.00> <nCl=  0> <al=0.00> <DB=  722.7118> <Mlp=  722.7118> <PB=730.1> 
<DWph=1> <it=  2> <et=0.46> <Mt= 0.00> <Spt= 0.00> <nCl=  0> <al=0.00> <DB=  722.7118> <Mlp=  722.7118> <PB=730.1> 
    TT = 6.8e-05, performed by inspection with 1029 solutions, nbR1C = 0, nbDiscC = 0
<DWph=0> <it=  3> <et=0.46> <Mt= 0.00> <Spt= 0.00> <nCl= 37> <al=0.30> <DB=  712.0505> <Mlp=  722.7118> <PB=730.1> 
    TT = 6.1e-05, performed by inspection with 1029 solutions, nbR1C = 0, nbDiscC = 0
    TT = 6.1e-05, performed by inspection with 1029 solutions, nbR1C = 0, nbDiscC = 0
<DWph=0> <it=  4> <et=0.46> <Mt= 0.00> <Spt= 0.00> <nCl=  0> <al=0.00> <DB=  722.4835> <Mlp=  722.4835> <PB=730.1> 
Dynamic params and stats :  aver.obdmd = 23.2308 aver.buck.num. = 26
@@ 1 2 722.484 6.33333e-05 6.8e-05 0 0.46
Reduced cost fixing for graph G_1...  took 0 sec., done by inspection with 1029 solutions, remains 597 (58%)
Removed 92 columns (not in the enumerated set) from the formulation
ColGenEvalAlg final dual bound: 722.484 (rounded: 723)
Gap improvement since the last cut separation : 0.249702 (719.949)
Current active cuts : CAP(9,350.066)
In total 1 RCC cut(s) are found by the connected components heuristic 
Shrinking heuristic shrunk 11 edges
In total 3 RCC cut(s) are found by the Fractional capacity min-cut heuristic 
In total 29 RCC cut(s) are found by the greedy construction heuristic 
In total 3 RCC cut(s) are found by the global pool greedy search heuristic 
----- Add fac. cuts : CAP(36), max.viol = 0.164835, aver.viol = 0.0906593, sep/add took 0.00319452/0.00707056 sec. -----
562 columns (470 active), 50 dyn. constrs. (45 active), 186 art. vars. (121 active)
<DWph=2> <it=  1> <et=0.48> <Mt= 0.00> <Spt= 0.00> <nCl=  0> <al=0.00> <DB=  724.4444> <Mlp=  724.4444> <PB=730.1> 
<DWph=1> <it=  2> <et=0.48> <Mt= 0.00> <Spt= 0.00> <nCl=  0> <al=0.00> <DB=  724.4444> <Mlp=  724.4444> <PB=730.1> 
    TT = 5.7e-05, performed by inspection with 597 solutions, nbR1C = 0, nbDiscC = 0
<DWph=0> <it=  3> <et=0.48> <Mt= 0.00> <Spt= 0.00> <nCl= 28> <al=0.30> <DB=  542.8889> <Mlp=  724.4444> <PB=730.1> 
    TT = 5.3e-05, performed by inspection with 597 solutions, nbR1C = 0, nbDiscC = 0
    TT = 5.3e-05, performed by inspection with 597 solutions, nbR1C = 0, nbDiscC = 0
<DWph=0> <it=  4> <et=0.49> <Mt= 0.00> <Spt= 0.01> <nCl=  4> <al=0.00> <DB=  723.7500> <Mlp=  723.7500> <PB=730.1> 
Dynamic params and stats :  aver.obdmd = 23.2308 aver.buck.num. = 26
@@ 1 3 723.75 5.43333e-05 5.7e-05 0 0.49
Reduced cost fixing for graph G_1...  took 0 sec., done by inspection with 597 solutions, remains 448 (75%)
Removed 66 columns (not in the enumerated set) from the formulation
ColGenEvalAlg final dual bound: 723.75 (rounded: 724)
Gap improvement since the last cut separation : 0.166282 (722.484)
Current active cuts : CAP(13,611.55)
Shrinking heuristic shrunk 16 edges
34 Rank-1 3-rows pack. cuts added ,  max viol. = 0.5, aver. viol. = 0.345588
Building structures for heuristic rank-1 packing cut separation...done!
100 Rank-1 4-rows pack. cuts added ,  max viol. = 0.5, aver. viol. = 0.4075
----- Add fac. cuts : R1C(134), max.viol = 0.5, aver.viol = 0.391791, sep/add took 0.0159441/0.0100669 sec. -----
502 columns (436 active), 179 dyn. constrs. (147 active), 320 art. vars. (223 active)
<DWph=2> <it=  1> <et=0.52> <Mt= 0.01> <Spt= 0.00> <nCl=  0> <al=0.00> <DB=  727.3636> <Mlp=  727.3636> <PB=730.1> 
<DWph=1> <it=  2> <et=0.52> <Mt= 0.00> <Spt= 0.00> <nCl=  0> <al=0.00> <DB=  727.3636> <Mlp=  727.3636> <PB=730.1> 
    TT = 8.3e-05, performed by inspection with 448 solutions, nbR1C = 20, nbDiscC = 0
<DWph=0> <it=  3> <et=0.52> <Mt= 0.00> <Spt= 0.00> <nCl= 22> <al=0.30> <DB=  649.6364> <Mlp=  727.3636> <PB=730.1> 
    TT = 8e-05, performed by inspection with 448 solutions, nbR1C = 21, nbDiscC = 0
    TT = 7.9e-05, performed by inspection with 448 solutions, nbR1C = 20, nbDiscC = 0
<DWph=0> <it=  4> <et=0.53> <Mt= 0.00> <Spt= 0.00> <nCl=  2> <al=0.00> <DB=  727.2025> <Mlp=  727.2025> <PB=730.1> 
Dynamic params and stats :  aver.obdmd = 23.2308 aver.buck.num. = 26 nbR1C = 20 with avMem = 0
@@ 1 4 727.203 8.06667e-05 8.3e-05 0 0.53
Reduced cost fixing for graph G_1...  took 0 sec., done by inspection with 448 solutions, remains 156 (34.8%)
Removed 233 columns (not in the enumerated set) from the formulation
ColGenEvalAlg final dual bound: 727.203 (rounded: 728)
Gap improvement since the last cut separation : 0.543706 (723.75)
Current active cuts : CAP(10,547.405) R1C(20,58.1108) 3rowPackR1C(11) 4rowPackR1C(9)
Shrinking heuristic shrunk 13 edges
In total 1 RCC cut(s) are found by the Fractional capacity min-cut heuristic 
In total 2 RCC cut(s) are found by the global pool greedy search heuristic 
75 Rank-1 3-rows pack. cuts added ,  max viol. = 0.35443, aver. viol. = 0.0918143
Building structures for heuristic rank-1 packing cut separation...done!
100 Rank-1 4-rows pack. cuts added ,  max viol. = 0.379747, aver. viol. = 0.164177
----- Add fac. cuts : CAP(3) R1C(175), max.viol = 0.379747, aver.viol = 0.1322, sep/add took 0.0244169/0.0066531 sec. -----
459 columns (227 active), 325 dyn. constrs. (208 active), 498 art. vars. (284 active)
<DWph=2> <it=  1> <et=0.57> <Mt= 0.00> <Spt= 0.00> <nCl=  0> <al=0.00> <DB=  730.0000> <Mlp=  730.0000> <PB=730> 
<DWph=1> <it=  2> <et=0.57> <Mt= 0.00> <Spt= 0.00> <nCl=  0> <al=0.00> <DB=  730.0000> <Mlp=  730.0000> <PB=730> 
    TT = 4.3e-05, performed by inspection with 156 solutions, nbR1C = 26, nbDiscC = 0
    TT = 4.2e-05, performed by inspection with 156 solutions, nbR1C = 26, nbDiscC = 0
<DWph=0> <it=  3> <et=0.57> <Mt= 0.00> <Spt= 0.00> <nCl=  0> <al=0.00> <DB=  730.0000> <Mlp=  730.0000> <PB=730> 
Dynamic params and stats :  aver.obdmd = 23.2308 aver.buck.num. = 26 nbR1C = 26 with avMem = 0
@@ 1 5 730 4.25e-05 4.3e-05 0 0.57
ColGenEvalAlg final dual bound: 730 (rounded: 730)
Gap improvement since the last cut separation : 1 (727.203)
Current active cuts : CAP(10,578) R1C(26,77) 3rowPackR1C(13) 4rowPackR1C(13)
New model incumbent solution 730, TIME = 0h0m0s57t = 57
************************************************************************************************
Search is finished, global bounds : [ 730 , 730 ], TIME = 0h0m0s57t = 57
************************************************************************************************
Built-in heuristic is enabled
instance_name solver_name ext_heuristic solution_value solution_time best_lb root_lb root_time nb_branch_and_bound_nodes status
/home/logis/Downloads/VRPSolverEasy/VRPSolverEasy/demos/data/CVRP/A-n38-k5 CLP False 730.0 0.577867695 730.0 730.0 0.577458721 1 0

