Time resource is critical for vehicle type 1 (21,0)
Capacity resource will be imposed in pricing (0.395238)
Node memory for rank-1 cuts will be used (4.33333)
~~~~~~~~~~~~~~~~~~~~~~~~~~~~~~~~~~~~~~~~~~~~~~~~~~~~~~~~~~~~~~~~~~~~~~~~~~~~~~~~~~~~~
VRPSolver v0.5.27, 24/02/2023, © Inria Bordeaux, France, vrpsolver.math.u-bordeaux.fr
      Corresponds to the solver by Pessoa, Sadykov, Uchoa and Vanderbeck (2020)
                 Paper: dx.doi.org/10.1007/s10107-020-01523-z
~~~~~~~~~~~~~~~~~~~~~~~~~~~~~~~~~~~~~~~~~~~~~~~~~~~~~~~~~~~~~~~~~~~~~~~~~~~~~~~~~~~~~
   BaPCod v0.77, 15/03/2023, © Inria Bordeaux, France, bapcod.math.u-bordeaux.fr 
           THIS CODE IS PROVIDED AS IS, USE IT AT YOUR OWN RISK
~~~~~~~~~~~~~~~~~~~~~~~~~~~~~~~~~~~~~~~~~~~~~~~~~~~~~~~~~~~~~~~~~~~~~~~~~~~~~~~~~~~~~
Bucket steps were recalculated for graph G_1 : [270.2, 40]
RCSP solver info : non-symmetric case as the resource 0 consumption for the reverse arc of 0->200 is not the same : 72.4 against 162.4
Bidirectional border value is initialised to 503.6
RCSP solver info : number of forw. reachable buckets / buck. strongly connected components is 1472( 97.7424% ) / 317( 21.5353% )
RCSP solver info : number of back. reachable buckets / buck. strongly connected components is 1477( 98.0744% ) / 382( 25.8632% )
Generating neighbourhoods for rank-1 cuts separation
Building structures for 4- and 5-row rank-1 packing cut separation...done!
Model is built TIME = 0h0m0s26t = 26
************************************************************************************************
**** BaB tree root node
**** Local DB = -1e+12, global bounds : [ -1e+12 , 2744.4 ], TIME = 0h0m0s26t = 26
**** 1 open nodes, 0 columns (0 active), 0 dyn. constrs. (0 active), 402 art. vars. (402 active)
************************************************************************************************
#<DWph=2> <it=  1> <et=0.30> <Mt= 0.00> <Spt= 0.01> <nCl= 30> <al=0.00> <DB=-2955547.0000> <Mlp=1376591.0400> <PB=2744.4> 
#<DWph=2> <it=  2> <et=0.32> <Mt= 0.00> <Spt= 0.01> <nCl= 30> <al=0.55> <DB=-2868892.6790> <Mlp=837933.4200> <PB=2744.4> 
#<DWph=2> <it=  3> <et=0.33> <Mt= 0.00> <Spt= 0.02> <nCl= 30> <al=0.60> <DB=-3103593.0939> <Mlp=542372.4200> <PB=2744.4> 
#<DWph=2> <it=  4> <et=0.35> <Mt= 0.00> <Spt= 0.01> <nCl= 30> <al=0.64> <DB=-2830236.8838> <Mlp=312632.3200> <PB=2744.4> 
#<DWph=2> <it=  5> <et=0.36> <Mt= 0.00> <Spt= 0.02> <nCl= 30> <al=0.67> <DB=-2765211.8725> <Mlp=266683.8000> <PB=2744.4> 
#<DWph=2> <it=  6> <et=0.38> <Mt= 0.00> <Spt= 0.01> <nCl= 30> <al=0.70> <DB=-2915057.8770> <Mlp=249283.5733> <PB=2744.4> 
#<DWph=2> <it=  7> <et=0.39> <Mt= 0.00> <Spt= 0.02> <nCl= 30> <al=0.73> <DB=-2767672.1700> <Mlp=249283.5733> <PB=2744.4> 
#<DWph=2> <it=  8> <et=0.41> <Mt= 0.00> <Spt= 0.01> <nCl= 30> <al=0.63> <DB=-2388296.1873> <Mlp=249283.5733> <PB=2744.4> 
#<DWph=2> <it=  9> <et=0.43> <Mt= 0.00> <Spt= 0.02> <nCl= 30> <al=0.53> <DB=-2670842.3961> <Mlp=243198.8039> <PB=2744.4> 
#<DWph=2> <it= 10> <et=0.44> <Mt= 0.00> <Spt= 0.01> <nCl= 30> <al=0.58> <DB=-2355031.0062> <Mlp=210410.3113> <PB=2744.4> 
#<DWph=2> <it= 11> <et=0.46> <Mt= 0.00> <Spt= 0.02> <nCl= 30> <al=0.48> <DB=-2303998.4078> <Mlp=201828.1342> <PB=2744.4> 
#<DWph=2> <it= 12> <et=0.48> <Mt= 0.01> <Spt= 0.01> <nCl= 30> <al=0.53> <DB=-2140493.5313> <Mlp=181218.7776> <PB=2744.4> 
#<DWph=2> <it= 13> <et=0.49> <Mt= 0.00> <Spt= 0.02> <nCl= 30> <al=0.43> <DB=-2377821.2825> <Mlp=163383.4524> <PB=2744.4> 
#<DWph=2> <it= 14> <et=0.51> <Mt= 0.00> <Spt= 0.01> <nCl= 30> <al=0.49> <DB=-2143336.6171> <Mlp=145614.3041> <PB=2744.4> 
#<DWph=2> <it= 15> <et=0.53> <Mt= 0.01> <Spt= 0.02> <nCl= 30> <al=0.54> <DB=-2061176.3963> <Mlp=125868.0309> <PB=2744.4> 
#<DWph=2> <it= 16> <et=0.55> <Mt= 0.00> <Spt= 0.01> <nCl= 30> <al=0.59> <DB=-2038989.3811> <Mlp=117535.4922> <PB=2744.4> 
#<DWph=2> <it= 17> <et=0.56> <Mt= 0.00> <Spt= 0.02> <nCl= 30> <al=0.63> <DB=-2000855.6282> <Mlp=104814.1113> <PB=2744.4> 
#<DWph=2> <it= 18> <et=0.58> <Mt= 0.01> <Spt= 0.01> <nCl= 30> <al=0.67> <DB=-1761016.0750> <Mlp=96564.9129> <PB=2744.4> 
#<DWph=2> <it= 19> <et=0.60> <Mt= 0.00> <Spt= 0.01> <nCl= 30> <al=0.70> <DB=-1992123.0879> <Mlp=89017.5722> <PB=2744.4> 
#<DWph=2> <it= 20> <et=0.62> <Mt= 0.00> <Spt= 0.02> <nCl= 30> <al=0.73> <DB=-1711974.9385> <Mlp=84018.0414> <PB=2744.4> 
#<DWph=2> <it= 21> <et=0.64> <Mt= 0.01> <Spt= 0.01> <nCl= 30> <al=0.76> <DB=-1922964.1509> <Mlp=73042.8481> <PB=2744.4> 
#<DWph=2> <it= 22> <et=0.66> <Mt= 0.00> <Spt= 0.02> <nCl= 30> <al=0.78> <DB=-1850268.0072> <Mlp=63691.2110> <PB=2744.4> 
#<DWph=2> <it= 23> <et=0.67> <Mt= 0.00> <Spt= 0.01> <nCl= 30> <al=0.68> <DB=-1818749.0944> <Mlp=61813.2935> <PB=2744.4> 
#<DWph=2> <it= 24> <et=0.69> <Mt= 0.01> <Spt= 0.02> <nCl= 30> <al=0.58> <DB=-1847857.0060> <Mlp=60689.5627> <PB=2744.4> 
#<DWph=2> <it= 25> <et=0.71> <Mt= 0.00> <Spt= 0.01> <nCl= 30> <al=0.62> <DB=-1771818.3199> <Mlp=55157.9385> <PB=2744.4> 
#<DWph=2> <it= 26> <et=0.73> <Mt= 0.00> <Spt= 0.02> <nCl= 30> <al=0.66> <DB=-1717693.2672> <Mlp=51970.0975> <PB=2744.4> 
#<DWph=2> <it= 27> <et=0.75> <Mt= 0.01> <Spt= 0.01> <nCl= 30> <al=0.69> <DB=-1537615.5773> <Mlp=50572.8572> <PB=2744.4> 
#<DWph=2> <it= 28> <et=0.76> <Mt= 0.00> <Spt= 0.02> <nCl= 30> <al=0.72> <DB=-1533469.3118> <Mlp=50067.6303> <PB=2744.4> 
#<DWph=2> <it= 29> <et=0.78> <Mt= 0.00> <Spt= 0.01> <nCl= 30> <al=0.75> <DB=-1636583.5516> <Mlp=49095.9397> <PB=2744.4> 
#<DWph=2> <it= 30> <et=0.80> <Mt= 0.01> <Spt= 0.02> <nCl= 30> <al=0.78> <DB=-1647880.2153> <Mlp=45983.6772> <PB=2744.4> 
#<DWph=2> <it= 31> <et=0.82> <Mt= 0.00> <Spt= 0.01> <nCl= 30> <al=0.80> <DB=-1451776.1422> <Mlp=42612.7372> <PB=2744.4> 
#<DWph=2> <it= 32> <et=0.84> <Mt= 0.00> <Spt= 0.01> <nCl= 30> <al=0.82> <DB=-1467811.6998> <Mlp=40483.0670> <PB=2744.4> 
#<DWph=2> <it= 33> <et=0.86> <Mt= 0.01> <Spt= 0.02> <nCl= 30> <al=0.84> <DB=-1526379.8231> <Mlp=36071.2603> <PB=2744.4> 
#<DWph=2> <it= 34> <et=0.87> <Mt= 0.00> <Spt= 0.01> <nCl= 30> <al=0.85> <DB=-1387422.9591> <Mlp=33907.3275> <PB=2744.4> 
#<DWph=2> <it= 35> <et=0.89> <Mt= 0.00> <Spt= 0.02> <nCl= 30> <al=0.75> <DB=-1496724.1447> <Mlp=33657.6750> <PB=2744.4> 
#<DWph=2> <it= 36> <et=0.91> <Mt= 0.01> <Spt= 0.01> <nCl= 30> <al=0.78> <DB=-1280636.8356> <Mlp=30738.8432> <PB=2744.4> 
#<DWph=2> <it= 37> <et=0.93> <Mt= 0.00> <Spt= 0.02> <nCl= 30> <al=0.80> <DB=-1278619.2769> <Mlp=28537.4971> <PB=2744.4> 
#<DWph=2> <it= 38> <et=0.95> <Mt= 0.01> <Spt= 0.01> <nCl= 30> <al=0.82> <DB=-1376147.6087> <Mlp=25711.8402> <PB=2744.4> 
#<DWph=2> <it= 39> <et=0.97> <Mt= 0.00> <Spt= 0.02> <nCl= 30> <al=0.84> <DB=-1214366.0268> <Mlp=24274.5560> <PB=2744.4> 
#<DWph=2> <it= 40> <et=0.99> <Mt= 0.01> <Spt= 0.02> <nCl= 30> <al=0.85> <DB=-1147146.9117> <Mlp=22672.2520> <PB=2744.4> 
#<DWph=2> <it= 41> <et=1.01> <Mt= 0.00> <Spt= 0.01> <nCl= 30> <al=0.75> <DB=-1275797.1246> <Mlp=21595.9293> <PB=2744.4> 
#<DWph=2> <it= 42> <et=1.03> <Mt= 0.00> <Spt= 0.02> <nCl= 30> <al=0.78> <DB=-1220791.4823> <Mlp=21317.4953> <PB=2744.4> 
#<DWph=2> <it= 43> <et=1.05> <Mt= 0.01> <Spt= 0.01> <nCl= 30> <al=0.80> <DB=-1123521.9221> <Mlp=19988.6692> <PB=2744.4> 
#<DWph=2> <it= 44> <et=1.07> <Mt= 0.00> <Spt= 0.02> <nCl= 30> <al=0.82> <DB=-1048845.8830> <Mlp=18882.4244> <PB=2744.4> 
#<DWph=2> <it= 45> <et=1.09> <Mt= 0.01> <Spt= 0.01> <nCl= 30> <al=0.84> <DB=-1138052.9312> <Mlp=17995.2546> <PB=2744.4> 
#<DWph=2> <it= 46> <et=1.11> <Mt= 0.00> <Spt= 0.02> <nCl= 30> <al=0.86> <DB=-990528.2788> <Mlp=17002.3814> <PB=2744.4> 
#<DWph=2> <it= 47> <et=1.13> <Mt= 0.01> <Spt= 0.01> <nCl= 30> <al=0.76> <DB=-1091696.0239> <Mlp=15696.7808> <PB=2744.4> 
#<DWph=2> <it= 48> <et=1.15> <Mt= 0.00> <Spt= 0.01> <nCl= 30> <al=0.78> <DB=-1073410.8642> <Mlp=14570.1581> <PB=2744.4> 
#<DWph=2> <it= 49> <et=1.17> <Mt= 0.01> <Spt= 0.02> <nCl= 30> <al=0.80> <DB=-1015199.3626> <Mlp=13312.6825> <PB=2744.4> 
#<DWph=2> <it= 50> <et=1.19> <Mt= 0.00> <Spt= 0.01> <nCl= 30> <al=0.82> <DB=-992980.1696> <Mlp=12729.7480> <PB=2744.4> 
#<DWph=2> <it= 51> <et=1.21> <Mt= 0.01> <Spt= 0.02> <nCl= 30> <al=0.84> <DB=-884029.4202> <Mlp=12548.5006> <PB=2744.4> 
#<DWph=2> <it= 52> <et=1.23> <Mt= 0.00> <Spt= 0.01> <nCl= 30> <al=0.86> <DB=-827383.1193> <Mlp=11444.2830> <PB=2744.4> 
#<DWph=2> <it= 53> <et=1.25> <Mt= 0.01> <Spt= 0.02> <nCl= 30> <al=0.87> <DB=-829149.0004> <Mlp=10456.8374> <PB=2744.4> 
#<DWph=2> <it= 54> <et=1.27> <Mt= 0.01> <Spt= 0.01> <nCl= 30> <al=0.88> <DB=-761782.4634> <Mlp= 9236.2829> <PB=2744.4> 
#<DWph=2> <it= 55> <et=1.29> <Mt= 0.00> <Spt= 0.02> <nCl= 30> <al=0.78> <DB=-816845.9079> <Mlp= 8889.3751> <PB=2744.4> 
#<DWph=2> <it= 56> <et=1.31> <Mt= 0.01> <Spt= 0.01> <nCl= 30> <al=0.80> <DB=-722354.0106> <Mlp= 8407.2350> <PB=2744.4> 
#<DWph=2> <it= 57> <et=1.33> <Mt= 0.00> <Spt= 0.01> <nCl= 30> <al=0.82> <DB=-850315.5477> <Mlp= 8154.4940> <PB=2744.4> 
#<DWph=2> <it= 58> <et=1.35> <Mt= 0.01> <Spt= 0.02> <nCl= 30> <al=0.84> <DB=-744133.7863> <Mlp= 7804.2792> <PB=2744.4> 
#<DWph=2> <it= 59> <et=1.37> <Mt= 0.00> <Spt= 0.01> <nCl= 30> <al=0.86> <DB=-770565.8248> <Mlp= 7535.7477> <PB=2744.4> 
#<DWph=2> <it= 60> <et=1.39> <Mt= 0.01> <Spt= 0.02> <nCl= 30> <al=0.76> <DB=-729830.1700> <Mlp= 7343.5118> <PB=2744.4> 
#<DWph=2> <it= 61> <et=1.41> <Mt= 0.00> <Spt= 0.01> <nCl= 30> <al=0.78> <DB=-679625.4239> <Mlp= 6638.9682> <PB=2744.4> 
#<DWph=2> <it= 62> <et=1.43> <Mt= 0.01> <Spt= 0.02> <nCl= 30> <al=0.80> <DB=-665383.8432> <Mlp= 6551.3880> <PB=2744.4> 
#<DWph=2> <it= 63> <et=1.45> <Mt= 0.01> <Spt= 0.01> <nCl= 30> <al=0.82> <DB=-589610.6816> <Mlp= 6440.0328> <PB=2744.4> 
#<DWph=2> <it= 64> <et=1.47> <Mt= 0.00> <Spt= 0.02> <nCl= 30> <al=0.72> <DB=-644167.2120> <Mlp= 6343.8964> <PB=2744.4> 
#<DWph=2> <it= 65> <et=1.49> <Mt= 0.01> <Spt= 0.01> <nCl= 30> <al=0.75> <DB=-601885.6483> <Mlp= 6094.3112> <PB=2744.4> 
#<DWph=2> <it= 66> <et=1.51> <Mt= 0.00> <Spt= 0.02> <nCl= 30> <al=0.78> <DB=-594934.5855> <Mlp= 5824.1268> <PB=2744.4> 
#<DWph=2> <it= 67> <et=1.53> <Mt= 0.01> <Spt= 0.01> <nCl= 30> <al=0.80> <DB=-579850.2023> <Mlp= 5108.6929> <PB=2744.4> 
#<DWph=2> <it= 68> <et=1.55> <Mt= 0.00> <Spt= 0.01> <nCl= 30> <al=0.70> <DB=-794404.7800> <Mlp= 5097.3710> <PB=2744.4> 
#<DWph=2> <it= 69> <et=1.57> <Mt= 0.00> <Spt= 0.02> <nCl= 30> <al=0.73> <DB=-485982.9718> <Mlp= 5033.0840> <PB=2744.4> 
#<DWph=2> <it= 70> <et=1.58> <Mt= 0.01> <Spt= 0.01> <nCl= 30> <al=0.63> <DB=-727812.9043> <Mlp= 5006.4764> <PB=2744.4> 
<DWph=2> <it= 71> <et=1.60> <Mt= 0.00> <Spt= 0.02> <nCl= 30> <al=0.67> <DB=-455161.5220> <Mlp= 4951.0703> <PB=2744.4> 
<DWph=2> <it= 72> <et=1.62> <Mt= 0.00> <Spt= 0.01> <nCl= 10> <al=0.57> <DB=-257141.1823> <Mlp= 4946.3712> <PB=2744.4> 
<DWph=2> <it= 73> <et=1.65> <Mt= 0.01> <Spt= 0.03> <nCl= 60> <al=0.00> <DB=-74104.6037> <Mlp= 4944.4229> <PB=2744.4> 
<DWph=2> <it= 74> <et=1.68> <Mt= 0.00> <Spt= 0.02> <nCl= 30> <al=0.37> <DB=-58887.4334> <Mlp= 4928.1492> <PB=2744.4> 
<DWph=2> <it= 75> <et=1.70> <Mt= 0.01> <Spt= 0.01> <nCl= 30> <al=0.43> <DB=-40322.4145> <Mlp= 4905.9552> <PB=2744.4> 
<DWph=2> <it= 76> <et=1.72> <Mt= 0.00> <Spt= 0.02> <nCl= 30> <al=0.49> <DB=-35261.0881> <Mlp= 4902.2465> <PB=2744.4> 
<DWph=2> <it= 77> <et=1.74> <Mt= 0.01> <Spt= 0.01> <nCl= 30> <al=0.54> <DB=-30456.1317> <Mlp= 4877.0997> <PB=2744.4> 
<DWph=2> <it= 78> <et=1.76> <Mt= 0.01> <Spt= 0.02> <nCl= 30> <al=0.58> <DB=-30999.4779> <Mlp= 4839.6808> <PB=2744.4> 
<DWph=2> <it= 79> <et=1.78> <Mt= 0.00> <Spt= 0.01> <nCl= 30> <al=0.63> <DB=-29098.3936> <Mlp= 4820.8897> <PB=2744.4> 
<DWph=2> <it= 80> <et=1.80> <Mt= 0.01> <Spt= 0.02> <nCl= 30> <al=0.53> <DB=-33436.0939> <Mlp= 4800.0041> <PB=2744.4> 
<DWph=2> <it= 81> <et=1.83> <Mt= 0.01> <Spt= 0.01> <nCl= 30> <al=0.57> <DB=-30407.4382> <Mlp= 4774.5093> <PB=2744.4> 
<DWph=2> <it= 82> <et=1.85> <Mt= 0.00> <Spt= 0.02> <nCl= 30> <al=0.62> <DB=-27660.9331> <Mlp= 4755.9314> <PB=2744.4> 
<DWph=2> <it= 83> <et=1.87> <Mt= 0.01> <Spt= 0.01> <nCl= 30> <al=0.65> <DB=-20824.2054> <Mlp= 4730.6380> <PB=2744.4> 
<DWph=2> <it= 84> <et=1.89> <Mt= 0.01> <Spt= 0.02> <nCl= 30> <al=0.69> <DB=-28490.4835> <Mlp= 4692.8224> <PB=2744.4> 
<DWph=2> <it= 85> <et=1.92> <Mt= 0.01> <Spt= 0.02> <nCl= 30> <al=0.72> <DB=-20073.8982> <Mlp= 4649.1979> <PB=2744.4> 
<DWph=2> <it= 86> <et=1.94> <Mt= 0.01> <Spt= 0.01> <nCl= 30> <al=0.75> <DB=-16953.3711> <Mlp= 4632.0136> <PB=2744.4> 
<DWph=2> <it= 87> <et=1.97> <Mt= 0.00> <Spt= 0.02> <nCl= 30> <al=0.65> <DB=-20622.0065> <Mlp= 4607.6753> <PB=2744.4> 
<DWph=2> <it= 88> <et=2.00> <Mt= 0.02> <Spt= 0.01> <nCl= 30> <al=0.68> <DB=-13489.8228> <Mlp= 4557.4778> <PB=2744.4> 
<DWph=2> <it= 89> <et=2.02> <Mt= 0.01> <Spt= 0.02> <nCl= 30> <al=0.71> <DB=-14507.2427> <Mlp= 4495.6584> <PB=2744.4> 
<DWph=2> <it= 90> <et=2.05> <Mt= 0.01> <Spt= 0.01> <nCl= 30> <al=0.74> <DB=-16830.6336> <Mlp= 4475.3283> <PB=2744.4> 
<DWph=2> <it= 91> <et=2.07> <Mt= 0.01> <Spt= 0.02> <nCl= 30> <al=0.77> <DB=-12387.3096> <Mlp= 4438.5447> <PB=2744.4> 
<DWph=2> <it= 92> <et=2.10> <Mt= 0.01> <Spt= 0.01> <nCl= 30> <al=0.79> <DB=-12708.7095> <Mlp= 4406.6708> <PB=2744.4> 
<DWph=2> <it= 93> <et=2.13> <Mt= 0.01> <Spt= 0.02> <nCl= 30> <al=0.69> <DB=-16440.3705> <Mlp= 4379.2948> <PB=2744.4> 
<DWph=2> <it= 94> <et=2.15> <Mt= 0.01> <Spt= 0.01> <nCl= 30> <al=0.72> <DB=-13272.4736> <Mlp= 4364.9176> <PB=2744.4> 
<DWph=2> <it= 95> <et=2.18> <Mt= 0.01> <Spt= 0.02> <nCl= 30> <al=0.75> <DB=-9369.5246> <Mlp= 4291.0961> <PB=2744.4> 
<DWph=2> <it= 96> <et=2.20> <Mt= 0.01> <Spt= 0.02> <nCl= 30> <al=0.65> <DB=-11431.1177> <Mlp= 4270.2092> <PB=2744.4> 
<DWph=2> <it= 97> <et=2.23> <Mt= 0.01> <Spt= 0.01> <nCl= 30> <al=0.69> <DB=-8335.1880> <Mlp= 4231.3702> <PB=2744.4> 
<DWph=2> <it= 98> <et=2.26> <Mt= 0.01> <Spt= 0.02> <nCl= 30> <al=0.72> <DB=-9060.8272> <Mlp= 4182.5657> <PB=2744.4> 
<DWph=2> <it= 99> <et=2.28> <Mt= 0.01> <Spt= 0.01> <nCl= 30> <al=0.75> <DB=-8320.1179> <Mlp= 4137.8144> <PB=2744.4> 
<DWph=2> <it=100> <et=2.32> <Mt= 0.02> <Spt= 0.02> <nCl= 30> <al=0.77> <DB=-7136.0380> <Mlp= 4075.4893> <PB=2744.4> 
<DWph=2> <it=101> <et=2.35> <Mt= 0.02> <Spt= 0.01> <nCl= 30> <al=0.79> <DB=-6569.3243> <Mlp= 4016.3153> <PB=2744.4> 
<DWph=2> <it=102> <et=2.37> <Mt= 0.01> <Spt= 0.02> <nCl= 30> <al=0.81> <DB=-7035.8523> <Mlp= 3993.5236> <PB=2744.4> 
<DWph=2> <it=103> <et=2.41> <Mt= 0.01> <Spt= 0.01> <nCl= 30> <al=0.71> <DB=-6261.8781> <Mlp= 3948.7758> <PB=2744.4> 
<DWph=2> <it=104> <et=2.43> <Mt= 0.02> <Spt= 0.02> <nCl= 30> <al=0.74> <DB=-8581.4254> <Mlp= 3912.8089> <PB=2744.4> 
<DWph=2> <it=105> <et=2.46> <Mt= 0.01> <Spt= 0.01> <nCl= 30> <al=0.77> <DB=-5096.4352> <Mlp= 3864.7561> <PB=2744.4> 
<DWph=2> <it=106> <et=2.49> <Mt= 0.01> <Spt= 0.02> <nCl= 30> <al=0.79> <DB=-6418.1669> <Mlp= 3838.6467> <PB=2744.4> 
<DWph=2> <it=107> <et=2.52> <Mt= 0.01> <Spt= 0.02> <nCl= 30> <al=0.81> <DB=-7460.1811> <Mlp= 3806.7685> <PB=2744.4> 
<DWph=2> <it=108> <et=2.55> <Mt= 0.01> <Spt= 0.01> <nCl= 30> <al=0.83> <DB=-4750.4654> <Mlp= 3778.5186> <PB=2744.4> 
<DWph=2> <it=109> <et=2.57> <Mt= 0.01> <Spt= 0.02> <nCl= 29> <al=0.85> <DB=-4339.2145> <Mlp= 3763.1402> <PB=2744.4> 
<DWph=2> <it=110> <et=2.60> <Mt= 0.02> <Spt= 0.01> <nCl= 30> <al=0.75> <DB=-5609.7341> <Mlp= 3719.7243> <PB=2744.4> 
<DWph=2> <it=111> <et=2.63> <Mt= 0.01> <Spt= 0.02> <nCl= 30> <al=0.77> <DB=-5513.5208> <Mlp= 3690.8379> <PB=2744.4> 
<DWph=2> <it=112> <et=2.66> <Mt= 0.01> <Spt= 0.02> <nCl= 30> <al=0.67> <DB=-4777.5913> <Mlp= 3679.1552> <PB=2744.4> 
<DWph=2> <it=113> <et=2.69> <Mt= 0.01> <Spt= 0.01> <nCl= 30> <al=0.57> <DB=-5385.6654> <Mlp= 3647.5009> <PB=2744.4> 
<DWph=2> <it=114> <et=2.71> <Mt= 0.01> <Spt= 0.02> <nCl= 30> <al=0.62> <DB=-3461.4449> <Mlp= 3632.0289> <PB=2744.4> 
<DWph=2> <it=115> <et=2.74> <Mt= 0.02> <Spt= 0.01> <nCl= 30> <al=0.65> <DB=-5649.2119> <Mlp= 3611.7639> <PB=2744.4> 
<DWph=2> <it=116> <et=2.76> <Mt= 0.00> <Spt= 0.02> <nCl= 30> <al=0.69> <DB=-3270.1844> <Mlp= 3610.9609> <PB=2744.4> 
<DWph=2> <it=117> <et=2.79> <Mt= 0.02> <Spt= 0.02> <nCl= 30> <al=0.72> <DB=-2140.2520> <Mlp= 3566.9943> <PB=2744.4> 
<DWph=2> <it=118> <et=2.82> <Mt= 0.01> <Spt= 0.01> <nCl= 30> <al=0.75> <DB=-3173.4177> <Mlp= 3519.9852> <PB=2744.4> 
<DWph=2> <it=119> <et=2.85> <Mt= 0.01> <Spt= 0.02> <nCl= 30> <al=0.77> <DB=-1895.6357> <Mlp= 3489.6263> <PB=2744.4> 
<DWph=2> <it=120> <et=2.88> <Mt= 0.02> <Spt= 0.01> <nCl= 30> <al=0.67> <DB=-1350.0935> <Mlp= 3453.9040> <PB=2744.4> 
<DWph=2> <it=121> <et=2.91> <Mt= 0.01> <Spt= 0.02> <nCl= 30> <al=0.71> <DB=-3948.7429> <Mlp= 3419.1189> <PB=2744.4> 
<DWph=2> <it=122> <et=2.93> <Mt= 0.01> <Spt= 0.01> <nCl= 30> <al=0.74> <DB=-1228.1068> <Mlp= 3382.4547> <PB=2744.4> 
<DWph=2> <it=123> <et=2.96> <Mt= 0.01> <Spt= 0.02> <nCl= 30> <al=0.64> <DB=-3040.4744> <Mlp= 3342.1497> <PB=2744.4> 
<DWph=2> <it=124> <et=2.98> <Mt= 0.01> <Spt= 0.02> <nCl= 30> <al=0.67> <DB=-1285.2104> <Mlp= 3336.4952> <PB=2744.4> 
<DWph=2> <it=125> <et=3.01> <Mt= 0.01> <Spt= 0.01> <nCl= 30> <al=0.70> <DB=-1907.2566> <Mlp= 3317.7566> <PB=2744.4> 
<DWph=2> <it=126> <et=3.04> <Mt= 0.01> <Spt= 0.02> <nCl= 24> <al=0.73> <DB=-1409.9390> <Mlp= 3295.4166> <PB=2744.4> 
<DWph=2> <it=127> <et=3.07> <Mt= 0.01> <Spt= 0.01> <nCl= 29> <al=0.76> <DB=-1659.4286> <Mlp= 3270.5351> <PB=2744.4> 
<DWph=2> <it=128> <et=3.09> <Mt= 0.01> <Spt= 0.02> <nCl= 25> <al=0.66> <DB= -481.9685> <Mlp= 3259.3791> <PB=2744.4> 
<DWph=2> <it=129> <et=3.11> <Mt= 0.00> <Spt= 0.02> <nCl= 30> <al=0.69> <DB=-1031.6781> <Mlp= 3242.9600> <PB=2744.4> 
<DWph=2> <it=130> <et=3.14> <Mt= 0.01> <Spt= 0.01> <nCl= 24> <al=0.73> <DB=   71.9613> <Mlp= 3221.0276> <PB=2744.4> 
<DWph=2> <it=131> <et=3.16> <Mt= 0.01> <Spt= 0.02> <nCl= 30> <al=0.63> <DB=  -93.6020> <Mlp= 3192.5745> <PB=2744.4> 
<DWph=2> <it=132> <et=3.19> <Mt= 0.01> <Spt= 0.01> <nCl= 30> <al=0.53> <DB= -816.4938> <Mlp= 3176.2878> <PB=2744.4> 
<DWph=2> <it=133> <et=3.22> <Mt= 0.01> <Spt= 0.02> <nCl= 30> <al=0.57> <DB=  -25.5002> <Mlp= 3151.4824> <PB=2744.4> 
<DWph=2> <it=134> <et=3.24> <Mt= 0.01> <Spt= 0.02> <nCl= 30> <al=0.62> <DB=  398.6700> <Mlp= 3136.1279> <PB=2744.4> 
<DWph=2> <it=135> <et=3.27> <Mt= 0.01> <Spt= 0.01> <nCl= 30> <al=0.65> <DB=   26.1223> <Mlp= 3126.5210> <PB=2744.4> 
<DWph=2> <it=136> <et=3.29> <Mt= 0.01> <Spt= 0.02> <nCl= 28> <al=0.69> <DB= -228.0242> <Mlp= 3112.7733> <PB=2744.4> 
<DWph=2> <it=137> <et=3.32> <Mt= 0.01> <Spt= 0.01> <nCl= 30> <al=0.72> <DB=   72.4891> <Mlp= 3089.7080> <PB=2744.4> 
<DWph=2> <it=138> <et=3.34> <Mt= 0.01> <Spt= 0.02> <nCl= 25> <al=0.75> <DB=  840.7100> <Mlp= 3063.8976> <PB=2744.4> 
<DWph=2> <it=139> <et=3.37> <Mt= 0.01> <Spt= 0.01> <nCl= 30> <al=0.77> <DB=  176.2594> <Mlp= 3050.2335> <PB=2744.4> 
<DWph=2> <it=140> <et=3.39> <Mt= 0.01> <Spt= 0.02> <nCl= 30> <al=0.80> <DB= 1031.4233> <Mlp= 3034.7428> <PB=2744.4> 
<DWph=2> <it=141> <et=3.42> <Mt= 0.01> <Spt= 0.02> <nCl= 30> <al=0.70> <DB= 1047.2482> <Mlp= 3027.2653> <PB=2744.4> 
<DWph=2> <it=142> <et=3.45> <Mt= 0.01> <Spt= 0.02> <nCl= 30> <al=0.73> <DB=  312.9954> <Mlp= 3009.4805> <PB=2744.4> 
<DWph=2> <it=143> <et=3.48> <Mt= 0.01> <Spt= 0.01> <nCl= 29> <al=0.75> <DB=  731.9026> <Mlp= 2993.2447> <PB=2744.4> 
<DWph=2> <it=144> <et=3.50> <Mt= 0.01> <Spt= 0.02> <nCl= 30> <al=0.65> <DB=  873.2294> <Mlp= 2984.0584> <PB=2744.4> 
<DWph=2> <it=145> <et=3.52> <Mt= 0.00> <Spt= 0.01> <nCl= 30> <al=0.69> <DB=  774.1535> <Mlp= 2969.8537> <PB=2744.4> 
<DWph=2> <it=146> <et=3.55> <Mt= 0.01> <Spt= 0.02> <nCl= 27> <al=0.72> <DB=  728.6876> <Mlp= 2953.7336> <PB=2744.4> 
<DWph=2> <it=147> <et=3.56> <Mt= 0.00> <Spt= 0.02> <nCl= 18> <al=0.75> <DB=  994.4881> <Mlp= 2950.4780> <PB=2744.4> 
<DWph=2> <it=148> <et=3.59> <Mt= 0.01> <Spt= 0.01> <nCl= 21> <al=0.77> <DB= 1099.0223> <Mlp= 2940.5568> <PB=2744.4> 
<DWph=2> <it=149> <et=3.61> <Mt= 0.00> <Spt= 0.02> <nCl= 30> <al=0.80> <DB= 1232.8172> <Mlp= 2936.7181> <PB=2744.4> 
<DWph=2> <it=150> <et=3.63> <Mt= 0.01> <Spt= 0.01> <nCl= 30> <al=0.70> <DB= 1190.5519> <Mlp= 2927.0592> <PB=2744.4> 
<DWph=2> <it=151> <et=3.66> <Mt= 0.02> <Spt= 0.02> <nCl= 28> <al=0.73> <DB= 1453.9109> <Mlp= 2906.9486> <PB=2744.4> 
<DWph=2> <it=152> <et=3.69> <Mt= 0.01> <Spt= 0.02> <nCl= 27> <al=0.75> <DB=  941.5528> <Mlp= 2895.0225> <PB=2744.4> 
<DWph=2> <it=153> <et=3.71> <Mt= 0.00> <Spt= 0.01> <nCl= 25> <al=0.78> <DB= 1245.2884> <Mlp= 2889.3784> <PB=2744.4> 
<DWph=2> <it=154> <et=3.74> <Mt= 0.01> <Spt= 0.02> <nCl= 27> <al=0.68> <DB= 1515.8974> <Mlp= 2862.8357> <PB=2744.4> 
<DWph=2> <it=155> <et=3.76> <Mt= 0.01> <Spt= 0.01> <nCl= 29> <al=0.71> <DB= 1640.6606> <Mlp= 2860.4194> <PB=2744.4> 
<DWph=2> <it=156> <et=3.78> <Mt= 0.00> <Spt= 0.02> <nCl= 29> <al=0.74> <DB= 1706.6122> <Mlp= 2855.2196> <PB=2744.4> 
<DWph=2> <it=157> <et=3.80> <Mt= 0.01> <Spt= 0.02> <nCl= 30> <al=0.64> <DB=  970.5215> <Mlp= 2847.2431> <PB=2744.4> 
<DWph=2> <it=158> <et=3.82> <Mt= 0.00> <Spt= 0.01> <nCl= 30> <al=0.68> <DB= 1525.5061> <Mlp= 2844.8074> <PB=2744.4> 
<DWph=2> <it=159> <et=3.85> <Mt= 0.01> <Spt= 0.02> <nCl= 25> <al=0.71> <DB= 1338.3868> <Mlp= 2836.2321> <PB=2744.4> 
<DWph=2> <it=160> <et=3.87> <Mt= 0.01> <Spt= 0.01> <nCl= 27> <al=0.74> <DB= 1870.0042> <Mlp= 2827.3653> <PB=2744.4> 
<DWph=2> <it=161> <et=3.90> <Mt= 0.01> <Spt= 0.02> <nCl= 22> <al=0.76> <DB= 1821.8726> <Mlp= 2826.0886> <PB=2744.4> 
<DWph=2> <it=162> <et=3.93> <Mt= 0.02> <Spt= 0.02> <nCl= 29> <al=0.79> <DB= 1347.7730> <Mlp= 2821.0542> <PB=2744.4> 
<DWph=2> <it=163> <et=3.96> <Mt= 0.01> <Spt= 0.01> <nCl= 16> <al=0.81> <DB= 2073.0894> <Mlp= 2815.0891> <PB=2744.4> 
<DWph=2> <it=164> <et=4.00> <Mt= 0.02> <Spt= 0.02> <nCl= 28> <al=0.71> <DB= 1485.5824> <Mlp= 2808.7894> <PB=2744.4> 
<DWph=2> <it=165> <et=4.02> <Mt= 0.01> <Spt= 0.02> <nCl= 22> <al=0.74> <DB= 1975.7670> <Mlp= 2808.1159> <PB=2744.4> 
<DWph=2> <it=166> <et=4.04> <Mt= 0.00> <Spt= 0.01> <nCl= 19> <al=0.76> <DB= 1943.4504> <Mlp= 2806.1006> <PB=2744.4> 
<DWph=2> <it=167> <et=4.06> <Mt= 0.01> <Spt= 0.02> <nCl= 16> <al=0.79> <DB= 2084.6679> <Mlp= 2804.8905> <PB=2744.4> 
<DWph=2> <it=168> <et=4.08> <Mt= 0.00> <Spt= 0.01> <nCl= 15> <al=0.81> <DB= 2241.6152> <Mlp= 2804.6678> <PB=2744.4> 
<DWph=2> <it=169> <et=4.11> <Mt= 0.01> <Spt= 0.02> <nCl= 21> <al=0.83> <DB= 2221.4341> <Mlp= 2802.0186> <PB=2744.4> 
<DWph=2> <it=170> <et=4.12> <Mt= 0.00> <Spt= 0.02> <nCl= 11> <al=0.84> <DB= 2401.9074> <Mlp= 2801.2240> <PB=2744.4> 
<DWph=2> <it=171> <et=4.14> <Mt= 0.00> <Spt= 0.01> <nCl= 28> <al=0.74> <DB= 1922.6771> <Mlp= 2796.4898> <PB=2744.4> 
<DWph=2> <it=172> <et=4.16> <Mt= 0.01> <Spt= 0.02> <nCl= 21> <al=0.77> <DB= 2253.2470> <Mlp= 2795.0239> <PB=2744.4> 
<DWph=2> <it=173> <et=4.18> <Mt= 0.00> <Spt= 0.01> <nCl= 24> <al=0.67> <DB= 1550.5965> <Mlp= 2794.5548> <PB=2744.4> 
<DWph=2> <it=174> <et=4.20> <Mt= 0.00> <Spt= 0.02> <nCl= 23> <al=0.70> <DB= 2296.6885> <Mlp= 2792.9558> <PB=2744.4> 
<DWph=2> <it=175> <et=4.22> <Mt= 0.01> <Spt= 0.01> <nCl= 18> <al=0.73> <DB= 2325.8362> <Mlp= 2791.3984> <PB=2744.4> 
<DWph=2> <it=176> <et=4.24> <Mt= 0.00> <Spt= 0.02> <nCl= 19> <al=0.63> <DB= 1577.9899> <Mlp= 2791.3984> <PB=2744.4> 
<DWph=2> <it=177> <et=4.27> <Mt= 0.02> <Spt= 0.02> <nCl= 17> <al=0.67> <DB= 1907.4815> <Mlp= 2790.6687> <PB=2744.4> 
<DWph=2> <it=178> <et=4.31> <Mt= 0.02> <Spt= 0.01> <nCl= 21> <al=0.70> <DB= 1108.5578> <Mlp= 2789.7392> <PB=2744.4> 
<DWph=2> <it=179> <et=4.33> <Mt= 0.00> <Spt= 0.02> <nCl= 10> <al=0.73> <DB= 2562.0839> <Mlp= 2789.6711> <PB=2744.4> 
<DWph=2> <it=180> <et=4.35> <Mt= 0.00> <Spt= 0.01> <nCl= 18> <al=0.63> <DB= 2242.8032> <Mlp= 2789.6711> <PB=2744.4> 
<DWph=2> <it=181> <et=4.36> <Mt= 0.01> <Spt= 0.02> <nCl= 13> <al=0.67> <DB= 2420.1435> <Mlp= 2789.6711> <PB=2744.4> 
<DWph=2> <it=182> <et=4.39> <Mt= 0.00> <Spt= 0.01> <nCl= 24> <al=0.57> <DB= 2052.4542> <Mlp= 2787.1720> <PB=2744.4> 
<DWph=2> <it=183> <et=4.41> <Mt= 0.01> <Spt= 0.02> <nCl= 10> <al=0.61> <DB= 2476.3558> <Mlp= 2786.5891> <PB=2744.4> 
<DWph=2> <it=184> <et=4.42> <Mt= 0.00> <Spt= 0.02> <nCl= 13> <al=0.65> <DB= 1735.2807> <Mlp= 2786.5891> <PB=2744.4> 
<DWph=2> <it=185> <et=4.44> <Mt= 0.00> <Spt= 0.01> <nCl=  3> <al=0.69> <DB= 2465.8359> <Mlp= 2786.5891> <PB=2744.4> 
<DWph=2> <it=186> <et=4.46> <Mt= 0.00> <Spt= 0.02> <nCl=  6> <al=0.59> <DB= 2399.8953> <Mlp= 2786.2946> <PB=2744.4> 
<DWph=2> <it=187> <et=4.48> <Mt= 0.00> <Spt= 0.01> <nCl=  1> <al=0.63> <DB= 2585.0386> <Mlp= 2785.8962> <PB=2744.4> 
<DWph=2> <it=188> <et=4.49> <Mt= 0.01> <Spt= 0.02> <nCl= 27> <al=0.53> <DB= 1745.4090> <Mlp= 2785.8962> <PB=2744.4> 
<DWph=2> <it=189> <et=4.51> <Mt= 0.00> <Spt= 0.01> <nCl= 26> <al=0.43> <DB= 2283.3117> <Mlp= 2785.6566> <PB=2744.4> 
<DWph=2> <it=190> <et=4.53> <Mt= 0.00> <Spt= 0.02> <nCl= 14> <al=0.48> <DB= 2148.3585> <Mlp= 2785.3313> <PB=2744.4> 
<DWph=2> <it=191> <et=4.55> <Mt= 0.00> <Spt= 0.02> <nCl=  8> <al=0.54> <DB= 2382.2594> <Mlp= 2785.3313> <PB=2744.4> 
<DWph=2> <it=192> <et=4.57> <Mt= 0.01> <Spt= 0.01> <nCl= 10> <al=0.58> <DB= 2098.5640> <Mlp= 2785.3313> <PB=2744.4> 
<DWph=2> <it=193> <et=4.60> <Mt= 0.00> <Spt= 0.03> <nCl= 21> <al=0.25> <DB= 2439.1308> <Mlp= 2785.3313> <PB=2744.4> 
<DWph=2> <it=194> <et=4.64> <Mt= 0.00> <Spt= 0.03> <nCl= 25> <al=0.05> <DB= 2149.0072> <Mlp= 2785.3313> <PB=2744.4> 
<DWph=2> <it=195> <et=4.65> <Mt= 0.00> <Spt= 0.02> <nCl=  2> <al=0.42> <DB= 2524.9324> <Mlp= 2785.3266> <PB=2744.4> 
<DWph=2> <it=196> <et=4.67> <Mt= 0.01> <Spt= 0.01> <nCl=  5> <al=0.32> <DB= 2586.3018> <Mlp= 2785.3266> <PB=2744.4> 
<DWph=2> <it=197> <et=4.69> <Mt= 0.00> <Spt= 0.02> <nCl= 12> <al=0.22> <DB= 2320.2447> <Mlp= 2785.3266> <PB=2744.4> 
<DWph=2> <it=198> <et=4.71> <Mt= 0.00> <Spt= 0.01> <nCl=  6> <al=0.30> <DB= 2740.6152> <Mlp= 2785.3266> <PB=2744.4> 
<DWph=2> <it=199> <et=4.72> <Mt= 0.00> <Spt= 0.02> <nCl=  8> <al=0.20> <DB= 2664.1513> <Mlp= 2785.3266> <PB=2744.4> 
<DWph=2> <it=200> <et=4.76> <Mt= 0.00> <Spt= 0.03> <nCl= 11> <al=0.00> <DB= 2762.1504> <Mlp= 2785.3242> <PB=2744.4> 
<DWph=2> <it=201> <et=4.77> <Mt= 0.01> <Spt= 0.02> <nCl=  4> <al=0.18> <DB= 2755.6810> <Mlp= 2785.2981> <PB=2744.4> 
<DWph=2> <it=202> <et=4.79> <Mt= 0.00> <Spt= 0.01> <nCl=  5> <al=0.26> <DB= 2579.0386> <Mlp= 2785.2981> <PB=2744.4> 
<DWph=2> <it=203> <et=4.82> <Mt= 0.00> <Spt= 0.03> <nCl=  4> <al=0.00> <DB= 2780.7064> <Mlp= 2785.2871> <PB=2744.4> 
<DWph=2> <it=204> <et=4.86> <Mt= 0.00> <Spt= 0.03> <nCl=  1> <al=0.00> <DB= 2785.2859> <Mlp= 2785.2859> <PB=2744.4> 
<DWph=1> <it=205> <et=4.89> <Mt= 0.00> <Spt= 0.04> <nCl= 30> <al=0.14> <DB=-1199.5808> <Mlp= 2785.2859> <PB=2744.4> 
<DWph=1> <it=206> <et=4.97> <Mt= 0.04> <Spt= 0.03> <nCl= 30> <al=0.04> <DB=-3545.0275> <Mlp= 2774.2373> <PB=2744.4> 
<DWph=1> <it=207> <et=5.03> <Mt= 0.02> <Spt= 0.04> <nCl= 30> <al=0.13> <DB=  167.0455> <Mlp= 2770.8487> <PB=2744.4> 
<DWph=1> <it=208> <et=5.08> <Mt= 0.02> <Spt= 0.03> <nCl= 30> <al=0.22> <DB= -238.6170> <Mlp= 2760.7794> <PB=2744.4> 
<DWph=1> <it=209> <et=5.12> <Mt= 0.01> <Spt= 0.04> <nCl= 30> <al=0.30> <DB=  224.0179> <Mlp= 2758.1545> <PB=2744.4> 
<DWph=1> <it=210> <et=5.16> <Mt= 0.00> <Spt= 0.04> <nCl= 30> <al=0.37> <DB=  296.3871> <Mlp= 2755.9713> <PB=2744.4> 
<DWph=1> <it=211> <et=5.20> <Mt= 0.01> <Spt= 0.03> <nCl= 30> <al=0.43> <DB= -398.4594> <Mlp= 2754.0241> <PB=2744.4> 
<DWph=1> <it=212> <et=5.24> <Mt= 0.00> <Spt= 0.04> <nCl= 28> <al=0.49> <DB= 1129.1974> <Mlp= 2736.1441> <PB=2744.4> 
<DWph=1> <it=213> <et=5.29> <Mt= 0.01> <Spt= 0.03> <nCl= 29> <al=0.54> <DB= 1369.1940> <Mlp= 2734.4284> <PB=2744.4> 
<DWph=1> <it=214> <et=5.33> <Mt= 0.01> <Spt= 0.04> <nCl= 30> <al=0.59> <DB= 1618.6774> <Mlp= 2730.6205> <PB=2744.4> 
<DWph=1> <it=215> <et=5.41> <Mt= 0.04> <Spt= 0.03> <nCl= 30> <al=0.63> <DB= 1748.0134> <Mlp= 2720.5297> <PB=2744.4> 
<DWph=1> <it=216> <et=5.47> <Mt= 0.02> <Spt= 0.04> <nCl= 29> <al=0.66> <DB= 1753.4481> <Mlp= 2718.0772> <PB=2744.4> 
<DWph=1> <it=217> <et=5.51> <Mt= 0.01> <Spt= 0.04> <nCl= 25> <al=0.70> <DB= 1766.4760> <Mlp= 2717.8233> <PB=2744.4> 
<DWph=1> <it=218> <et=5.56> <Mt= 0.01> <Spt= 0.04> <nCl= 28> <al=0.73> <DB= 1769.6610> <Mlp= 2707.7878> <PB=2744.4> 
<DWph=1> <it=219> <et=5.61> <Mt= 0.01> <Spt= 0.03> <nCl= 26> <al=0.76> <DB= 1571.4245> <Mlp= 2706.1453> <PB=2744.4> 
<DWph=1> <it=220> <et=5.66> <Mt= 0.01> <Spt= 0.04> <nCl= 25> <al=0.78> <DB= 1858.8651> <Mlp= 2703.1672> <PB=2744.4> 
<DWph=1> <it=221> <et=5.70> <Mt= 0.01> <Spt= 0.03> <nCl= 23> <al=0.80> <DB= 1752.2886> <Mlp= 2698.3424> <PB=2744.4> 
<DWph=1> <it=222> <et=5.74> <Mt= 0.00> <Spt= 0.04> <nCl= 15> <al=0.82> <DB= 1909.7821> <Mlp= 2696.1020> <PB=2744.4> 
<DWph=1> <it=223> <et=5.78> <Mt= 0.01> <Spt= 0.04> <nCl= 18> <al=0.84> <DB= 2036.0013> <Mlp= 2695.8356> <PB=2744.4> 
<DWph=1> <it=224> <et=5.82> <Mt= 0.00> <Spt= 0.03> <nCl= 25> <al=0.74> <DB= 1996.6462> <Mlp= 2695.2132> <PB=2744.4> 
<DWph=1> <it=225> <et=5.86> <Mt= 0.01> <Spt= 0.04> <nCl= 21> <al=0.77> <DB= 2144.1581> <Mlp= 2694.4526> <PB=2744.4> 
<DWph=1> <it=226> <et=5.91> <Mt= 0.00> <Spt= 0.03> <nCl= 21> <al=0.79> <DB= 1981.6954> <Mlp= 2693.5916> <PB=2744.4> 
<DWph=1> <it=227> <et=5.95> <Mt= 0.01> <Spt= 0.04> <nCl=  8> <al=0.81> <DB= 2144.3688> <Mlp= 2693.3571> <PB=2744.4> 
<DWph=1> <it=228> <et=6.00> <Mt= 0.02> <Spt= 0.04> <nCl= 25> <al=0.83> <DB= 2071.8798> <Mlp= 2692.1695> <PB=2744.4> 
<DWph=1> <it=229> <et=6.04> <Mt= 0.00> <Spt= 0.03> <nCl=  4> <al=0.85> <DB= 2174.1590> <Mlp= 2691.6674> <PB=2744.4> 
<DWph=1> <it=230> <et=6.08> <Mt= 0.00> <Spt= 0.04> <nCl= 22> <al=0.75> <DB= 1883.3664> <Mlp= 2689.3059> <PB=2744.4> 
<DWph=1> <it=231> <et=6.12> <Mt= 0.01> <Spt= 0.04> <nCl=  9> <al=0.77> <DB= 2192.0804> <Mlp= 2687.8333> <PB=2744.4> 
<DWph=1> <it=232> <et=6.17> <Mt= 0.01> <Spt= 0.03> <nCl= 23> <al=0.79> <DB= 1864.7911> <Mlp= 2683.8345> <PB=2744.4> 
<DWph=1> <it=233> <et=6.21> <Mt= 0.00> <Spt= 0.04> <nCl= 12> <al=0.81> <DB= 2244.8933> <Mlp= 2681.8066> <PB=2744.4> 
<DWph=1> <it=234> <et=6.25> <Mt= 0.01> <Spt= 0.04> <nCl= 14> <al=0.83> <DB= 2236.7257> <Mlp= 2679.7780> <PB=2744.4> 
<DWph=1> <it=235> <et=6.29> <Mt= 0.00> <Spt= 0.03> <nCl=  8> <al=0.73> <DB= 2261.0841> <Mlp= 2679.3937> <PB=2744.4> 
<DWph=1> <it=236> <et=6.33> <Mt= 0.00> <Spt= 0.04> <nCl= 17> <al=0.76> <DB= 2275.0317> <Mlp= 2677.2596> <PB=2744.4> 
<DWph=1> <it=237> <et=6.37> <Mt= 0.00> <Spt= 0.03> <nCl= 21> <al=0.78> <DB= 2319.0075> <Mlp= 2675.6518> <PB=2744.4> 
<DWph=1> <it=238> <et=6.41> <Mt= 0.01> <Spt= 0.04> <nCl= 14> <al=0.81> <DB= 2374.8401> <Mlp= 2674.6350> <PB=2744.4> 
<DWph=1> <it=239> <et=6.44> <Mt= 0.00> <Spt= 0.03> <nCl= 13> <al=0.83> <DB= 2396.4261> <Mlp= 2674.3666> <PB=2744.4> 
<DWph=1> <it=240> <et=6.48> <Mt= 0.00> <Spt= 0.04> <nCl=  7> <al=0.84> <DB= 2327.1474> <Mlp= 2674.0865> <PB=2744.4> 
<DWph=1> <it=241> <et=6.52> <Mt= 0.01> <Spt= 0.03> <nCl=  6> <al=0.86> <DB= 2422.7081> <Mlp= 2674.0865> <PB=2744.4> 
<DWph=1> <it=242> <et=6.56> <Mt= 0.00> <Spt= 0.04> <nCl= 16> <al=0.76> <DB= 2483.3069> <Mlp= 2673.4668> <PB=2744.4> 
<DWph=1> <it=243> <et=6.59> <Mt= 0.00> <Spt= 0.03> <nCl= 23> <al=0.66> <DB= 2307.3267> <Mlp= 2673.3879> <PB=2744.4> 
<DWph=1> <it=244> <et=6.63> <Mt= 0.01> <Spt= 0.04> <nCl=  8> <al=0.69> <DB= 2518.7896> <Mlp= 2673.2581> <PB=2744.4> 
<DWph=1> <it=245> <et=6.67> <Mt= 0.00> <Spt= 0.03> <nCl=  7> <al=0.59> <DB= 2559.8176> <Mlp= 2673.0994> <PB=2744.4> 
<DWph=1> <it=246> <et=6.71> <Mt= 0.00> <Spt= 0.04> <nCl= 10> <al=0.63> <DB= 2533.1822> <Mlp= 2672.9755> <PB=2744.4> 
<DWph=1> <it=247> <et=6.75> <Mt= 0.00> <Spt= 0.03> <nCl= 15> <al=0.53> <DB= 2486.3513> <Mlp= 2672.9727> <PB=2744.4> 
<DWph=1> <it=248> <et=6.79> <Mt= 0.01> <Spt= 0.04> <nCl=  4> <al=0.58> <DB= 2563.2962> <Mlp= 2672.9156> <PB=2744.4> 
<DWph=1> <it=249> <et=6.82> <Mt= 0.00> <Spt= 0.03> <nCl=  9> <al=0.62> <DB= 2538.4808> <Mlp= 2672.9156> <PB=2744.4> 
<DWph=1> <it=250> <et=6.86> <Mt= 0.00> <Spt= 0.04> <nCl=  5> <al=0.66> <DB= 2558.3589> <Mlp= 2672.9061> <PB=2744.4> 
<DWph=1> <it=251> <et=6.94> <Mt= 0.00> <Spt= 0.07> <nCl= 14> <al=0.39> <DB= 2606.7975> <Mlp= 2672.8946> <PB=2744.4> 
<DWph=1> <it=252> <et=6.97> <Mt= 0.01> <Spt= 0.03> <nCl= 10> <al=0.59> <DB= 2391.3543> <Mlp= 2672.8637> <PB=2744.4> 
<DWph=1> <it=253> <et=7.01> <Mt= 0.00> <Spt= 0.04> <nCl=  5> <al=0.63> <DB= 2606.8469> <Mlp= 2672.8574> <PB=2744.4> 
<DWph=1> <it=254> <et=7.05> <Mt= 0.00> <Spt= 0.04> <nCl=  7> <al=0.67> <DB= 2628.5336> <Mlp= 2672.7544> <PB=2744.4> 
<DWph=1> <it=255> <et=7.09> <Mt= 0.00> <Spt= 0.03> <nCl=  9> <al=0.57> <DB= 2634.8260> <Mlp= 2672.7417> <PB=2744.4> 
<DWph=1> <it=256> <et=7.13> <Mt= 0.01> <Spt= 0.04> <nCl= 10> <al=0.61> <DB= 2572.3866> <Mlp= 2672.7100> <PB=2744.4> 
<DWph=1> <it=257> <et=7.17> <Mt= 0.00> <Spt= 0.03> <nCl=  1> <al=0.65> <DB= 2647.9607> <Mlp= 2672.6205> <PB=2744.4> 
<DWph=1> <it=258> <et=7.20> <Mt= 0.00> <Spt= 0.04> <nCl=  6> <al=0.55> <DB= 2642.9527> <Mlp= 2672.6205> <PB=2744.4> 
<DWph=1> <it=259> <et=7.24> <Mt= 0.00> <Spt= 0.03> <nCl=  2> <al=0.60> <DB= 2657.8777> <Mlp= 2672.5825> <PB=2744.4> 
<DWph=1> <it=260> <et=7.28> <Mt= 0.00> <Spt= 0.04> <nCl=  6> <al=0.50> <DB= 2622.9138> <Mlp= 2672.5825> <PB=2744.4> 
<DWph=1> <it=261> <et=7.32> <Mt= 0.01> <Spt= 0.04> <nCl=  2> <al=0.55> <DB= 2662.7115> <Mlp= 2672.5223> <PB=2744.4> 
<DWph=1> <it=262> <et=7.39> <Mt= 0.00> <Spt= 0.07> <nCl=  1> <al=0.19> <DB= 2668.9765> <Mlp= 2672.5097> <PB=2744.4> 
<DWph=1> <it=263> <et=7.46> <Mt= 0.00> <Spt= 0.07> <nCl=  5> <al=0.00> <DB= 2672.4996> <Mlp= 2672.4996> <PB=2744.4> 
    RCSP exact solver info for graph G_1 : TT = 0.059979, pt = 6.6e-05, dt = 0.051541, ct = 0.006949, ndl = 10', bdl = 202', odl = 3', odf = 23', bsi = 1', cnt = 12', bdch = 2108', odch = 73', lcp = 163', #sols = 150
<DWph=0> <it=264> <et=7.53> <Mt= 0.00> <Spt= 0.07> <nCl=120> <al=0.39> <DB= 1710.6814> <Mlp= 2672.4996> <PB=2744.4> 
    RCSP exact solver info for graph G_1 : TT = 0.04616, pt = 8.3e-05, dt = 0.037492, ct = 0.007073, ndl = 10', bdl = 203', odl = 3', odf = 23', bsi = 1', cnt = 11', bdch = 2134', odch = 74', lcp = 160', #sols = 150
<DWph=0> <it=265> <et=7.59> <Mt= 0.00> <Spt= 0.05> <nCl=100> <al=0.45> <DB= 1831.1138> <Mlp= 2671.1282> <PB=2744.4> 
    RCSP exact solver info for graph G_1 : TT = 0.046539, pt = 7.9e-05, dt = 0.037811, ct = 0.007081, ndl = 10', bdl = 209', odl = 3', odf = 24', bsi = 1', cnt = 12', bdch = 2218', odch = 76', lcp = 163', #sols = 150
<DWph=0> <it=266> <et=7.65> <Mt= 0.01> <Spt= 0.06> <nCl= 64> <al=0.51> <DB= 2233.0410> <Mlp= 2669.6513> <PB=2744.4> 
    RCSP exact solver info for graph G_1 : TT = 0.046098, pt = 8.3e-05, dt = 0.037306, ct = 0.007123, ndl = 10', bdl = 206', odl = 3', odf = 23', bsi = 1', cnt = 12', bdch = 2182', odch = 74', lcp = 161', #sols = 150
<DWph=0> <it=267> <et=7.71> <Mt= 0.00> <Spt= 0.05> <nCl= 28> <al=0.41> <DB= 2491.4503> <Mlp= 2669.6381> <PB=2744.4> 
    RCSP exact solver info for graph G_1 : TT = 0.046749, pt = 8.5e-05, dt = 0.037847, ct = 0.007193, ndl = 10', bdl = 209', odl = 3', odf = 23', bsi = 1', cnt = 12', bdch = 2217', odch = 75', lcp = 163', #sols = 150
<DWph=0> <it=268> <et=7.76> <Mt= 0.00> <Spt= 0.06> <nCl= 14> <al=0.31> <DB= 2547.9045> <Mlp= 2669.6381> <PB=2744.4> 
    RCSP exact solver info for graph G_1 : TT = 0.046631, pt = 8.1e-05, dt = 0.03777, ct = 0.007192, ndl = 10', bdl = 208', odl = 3', odf = 23', bsi = 1', cnt = 12', bdch = 2209', odch = 75', lcp = 163', #sols = 150
<DWph=0> <it=269> <et=7.82> <Mt= 0.00> <Spt= 0.05> <nCl=  2> <al=0.38> <DB= 2623.3779> <Mlp= 2669.1110> <PB=2744.4> 
    RCSP exact solver info for graph G_1 : TT = 0.046792, pt = 8.1e-05, dt = 0.03789, ct = 0.007229, ndl = 10', bdl = 208', odl = 3', odf = 23', bsi = 1', cnt = 12', bdch = 2206', odch = 75', lcp = 164', #sols = 150
    RCSP exact solver info for graph G_1 : TT = 0.045421, pt = 7.6e-05, dt = 0.036605, ct = 0.007162, ndl = 9', bdl = 200', odl = 3', odf = 23', bsi = 1', cnt = 13', bdch = 2085', odch = 70', lcp = 161', #sols = 150
<DWph=0> <it=270> <et=7.93> <Mt= 0.01> <Spt= 0.11> <nCl= 15> <al=0.00> <DB= 2666.3378> <Mlp= 2669.1110> <PB=2744.4> 
    RCSP exact solver info for graph G_1 : TT = 0.045544, pt = 8.1e-05, dt = 0.036659, ct = 0.007158, ndl = 9', bdl = 200', odl = 3', odf = 23', bsi = 1', cnt = 13', bdch = 2085', odch = 70', lcp = 161', #sols = 150
    RCSP exact solver info for graph G_1 : TT = 0.045257, pt = 7.7e-05, dt = 0.036453, ct = 0.007166, ndl = 9', bdl = 200', odl = 3', odf = 23', bsi = 1', cnt = 13', bdch = 2082', odch = 70', lcp = 161', #sols = 150
<DWph=0> <it=271> <et=8.04> <Mt= 0.00> <Spt= 0.11> <nCl=  5> <al=0.00> <DB= 2669.1110> <Mlp= 2669.1110> <PB=2744.4> 
Dynamic params and stats :  bidir.bord. = 503.6 aver.obdmd = 5.20297 aver.buck.num. = 7.45545
@@ 1 0 2669.11 0.04587 0.05849 76.5963 8.04
Labels distribution in buckets (bucket size) : largest - 121, top 0.1% - 118, top 0.5% - 85, top 2% - 49, top 10% - 19, top 50% - 0
Reduced cost fixing for graph G_1... 52605 buck. arcs remain (40.5% from prev., 31.1% from max.) + 6252 jump buck. arcs (3.69% from max.)
Backward reduced cost fixing... 52793 buck. arcs remain (40.8% from prev., 31.2% from max.) + 3668 jump buck. arcs (2.17% from max.)
 TT = 0.367927, pt = 0.024833, dt = 0.216569, ct = 0.12502, ndl = 53', bdl = 1308', odl = 10', odf = 114', lpcb = 1382', cnt = 7948', bdch = 27305', odch = 1437', lcp = 2651'
Labels distribution in buckets (bucket size) : largest - 238, top 0.1% - 223, top 0.5% - 129, top 2% - 80, top 10% - 29, top 50% - 0
Run forward enumeration with border = 503.6... not succeeded (ratio 0.921242) lpt = 0.036137, ndl = 24', dl = 1', lpcb = 79', dch = 91'
 TT = 0.040291, pt = 0.002217, dt = 0.036137, ct = 0, ndl = 24', bdl = 1', lpcb = 79', cnt = 867', bdch = 91', odch = 0', lcp = 0'
ColGenEvalAlg final dual bound: 2669.11 (rounded: 2669.11)
In total 8 RCC cut(s) are found by the connected components heuristic 
Shrinking heuristic shrunk 111 edges
In total 15 RCC cut(s) are found by the Fractional capacity min-cut heuristic 
In total 136 RCC cut(s) are found by the greedy construction heuristic 
----- Add fac. cuts : CAP(100), max.viol = 0.309524, aver.viol = 0.156102, sep/add took 0.0552902/0.143806 sec. -----
6702 columns (6702 active), 100 dyn. constrs. (100 active), 502 art. vars. (502 active)
<DWph=2> <it=  1> <et=8.70> <Mt= 0.02> <Spt= 0.02> <nCl= 23> <al=0.50> <DB= 2571.7685> <Mlp= 2689.5214> <PB=2744.4> 
<DWph=2> <it=  2> <et=8.80> <Mt= 0.07> <Spt= 0.01> <nCl= 15> <al=0.55> <DB= 2619.1956> <Mlp= 2688.9232> <PB=2744.4> 
<DWph=2> <it=  3> <et=8.82> <Mt= 0.01> <Spt= 0.02> <nCl=  4> <al=0.60> <DB= 2677.1121> <Mlp= 2688.8670> <PB=2744.4> 
<DWph=2> <it=  4> <et=8.85> <Mt= 0.00> <Spt= 0.02> <nCl= 27> <al=0.50> <DB= 2061.4420> <Mlp= 2688.5728> <PB=2744.4> 
<DWph=2> <it=  5> <et=8.87> <Mt= 0.01> <Spt= 0.02> <nCl= 20> <al=0.55> <DB= 2431.9173> <Mlp= 2687.7504> <PB=2744.4> 
<DWph=2> <it=  6> <et=8.90> <Mt= 0.01> <Spt= 0.02> <nCl= 17> <al=0.59> <DB= 2595.9271> <Mlp= 2687.3781> <PB=2744.4> 
<DWph=2> <it=  7> <et=8.94> <Mt= 0.00> <Spt= 0.03> <nCl= 27> <al=0.26> <DB= 2265.6824> <Mlp= 2687.1487> <PB=2744.4> 
<DWph=2> <it=  8> <et=8.98> <Mt= 0.01> <Spt= 0.04> <nCl= 35> <al=0.06> <DB= 1772.9494> <Mlp= 2687.0670> <PB=2744.4> 
<DWph=2> <it=  9> <et=9.03> <Mt= 0.05> <Spt= 0.00> <nCl=  0> <al=0.43> <DB= 1772.9494> <Mlp= 2683.3004> <PB=2744.4> 
<DWph=1> <it= 10> <et=9.06> <Mt= 0.00> <Spt= 0.03> <nCl= 30> <al=0.43> <DB= 1618.6419> <Mlp= 2683.3004> <PB=2744.4> 
<DWph=1> <it= 11> <et=9.17> <Mt= 0.07> <Spt= 0.03> <nCl= 27> <al=0.49> <DB= 1538.3055> <Mlp= 2681.5748> <PB=2744.4> 
<DWph=1> <it= 12> <et=9.22> <Mt= 0.02> <Spt= 0.03> <nCl= 23> <al=0.54> <DB= 2159.7978> <Mlp= 2681.2487> <PB=2744.4> 
<DWph=1> <it= 13> <et=9.26> <Mt= 0.01> <Spt= 0.03> <nCl= 30> <al=0.44> <DB= 2109.1685> <Mlp= 2679.4751> <PB=2744.4> 
<DWph=1> <it= 14> <et=9.29> <Mt= 0.01> <Spt= 0.03> <nCl= 24> <al=0.50> <DB= 2285.7983> <Mlp= 2679.1432> <PB=2744.4> 
<DWph=1> <it= 15> <et=9.33> <Mt= 0.01> <Spt= 0.03> <nCl= 19> <al=0.55> <DB= 2441.6328> <Mlp= 2679.0805> <PB=2744.4> 
<DWph=1> <it= 16> <et=9.36> <Mt= 0.00> <Spt= 0.03> <nCl= 29> <al=0.45> <DB= 2433.1551> <Mlp= 2679.0447> <PB=2744.4> 
<DWph=1> <it= 17> <et=9.40> <Mt= 0.01> <Spt= 0.03> <nCl= 17> <al=0.50> <DB= 2480.8851> <Mlp= 2678.8661> <PB=2744.4> 
<DWph=1> <it= 18> <et=9.44> <Mt= 0.00> <Spt= 0.02> <nCl= 23> <al=0.55> <DB= 2517.6781> <Mlp= 2678.6400> <PB=2744.4> 
<DWph=1> <it= 19> <et=9.47> <Mt= 0.01> <Spt= 0.03> <nCl= 12> <al=0.60> <DB= 2501.3141> <Mlp= 2678.6400> <PB=2744.4> 
<DWph=1> <it= 20> <et=9.50> <Mt= 0.01> <Spt= 0.03> <nCl=  4> <al=0.64> <DB= 2567.5995> <Mlp= 2678.6400> <PB=2744.4> 
<DWph=1> <it= 21> <et=9.53> <Mt= 0.00> <Spt= 0.03> <nCl= 10> <al=0.54> <DB= 2550.6606> <Mlp= 2678.6400> <PB=2744.4> 
<DWph=1> <it= 22> <et=9.57> <Mt= 0.00> <Spt= 0.03> <nCl=  6> <al=0.58> <DB= 2608.7905> <Mlp= 2678.6400> <PB=2744.4> 
<DWph=1> <it= 23> <et=9.60> <Mt= 0.01> <Spt= 0.03> <nCl= 17> <al=0.48> <DB= 2372.4511> <Mlp= 2678.2650> <PB=2744.4> 
<DWph=1> <it= 24> <et=9.64> <Mt= 0.01> <Spt= 0.02> <nCl= 11> <al=0.53> <DB= 2525.3750> <Mlp= 2678.2556> <PB=2744.4> 
<DWph=1> <it= 25> <et=9.67> <Mt= 0.00> <Spt= 0.03> <nCl=  6> <al=0.58> <DB= 2601.1104> <Mlp= 2678.2556> <PB=2744.4> 
<DWph=1> <it= 26> <et=9.71> <Mt= 0.01> <Spt= 0.03> <nCl=  1> <al=0.62> <DB= 2627.8886> <Mlp= 2678.2556> <PB=2744.4> 
<DWph=1> <it= 27> <et=9.74> <Mt= 0.00> <Spt= 0.03> <nCl= 11> <al=0.52> <DB= 2513.7158> <Mlp= 2678.2556> <PB=2744.4> 
<DWph=1> <it= 28> <et=9.77> <Mt= 0.01> <Spt= 0.03> <nCl=  4> <al=0.57> <DB= 2615.5003> <Mlp= 2678.2556> <PB=2744.4> 
<DWph=1> <it= 29> <et=9.81> <Mt= 0.00> <Spt= 0.02> <nCl=  3> <al=0.61> <DB= 2644.2685> <Mlp= 2678.2556> <PB=2744.4> 
<DWph=1> <it= 30> <et=9.84> <Mt= 0.01> <Spt= 0.03> <nCl=  7> <al=0.51> <DB= 2617.7383> <Mlp= 2678.2556> <PB=2744.4> 
<DWph=1> <it= 31> <et=9.98> <Mt= 0.11> <Spt= 0.03> <nCl= 24> <al=0.41> <DB= 2227.2278> <Mlp= 2678.2556> <PB=2744.4> 
<DWph=1> <it= 32> <et=10.02> <Mt= 0.01> <Spt= 0.03> <nCl= 10> <al=0.47> <DB= 2603.1797> <Mlp= 2678.2556> <PB=2744.4> 
<DWph=1> <it= 33> <et=10.06> <Mt= 0.01> <Spt= 0.03> <nCl=  3> <al=0.53> <DB= 2636.3524> <Mlp= 2678.2556> <PB=2744.4> 
<DWph=1> <it= 34> <et=10.09> <Mt= 0.00> <Spt= 0.03> <nCl=  1> <al=0.57> <DB= 2650.3824> <Mlp= 2678.2556> <PB=2744.4> 
<DWph=1> <it= 35> <et=10.12> <Mt= 0.01> <Spt= 0.03> <nCl=  5> <al=0.62> <DB= 2659.1959> <Mlp= 2678.0699> <PB=2744.4> 
<DWph=1> <it= 36> <et=10.16> <Mt= 0.00> <Spt= 0.02> <nCl= 10> <al=0.65> <DB= 2604.1056> <Mlp= 2678.0699> <PB=2744.4> 
<DWph=1> <it= 37> <et=10.19> <Mt= 0.01> <Spt= 0.03> <nCl=  3> <al=0.69> <DB= 2645.1024> <Mlp= 2678.0699> <PB=2744.4> 
<DWph=1> <it= 38> <et=10.22> <Mt= 0.00> <Spt= 0.03> <nCl=  2> <al=0.59> <DB= 2640.4753> <Mlp= 2678.0699> <PB=2744.4> 
<DWph=1> <it= 39> <et=10.28> <Mt= 0.00> <Spt= 0.06> <nCl= 10> <al=0.26> <DB= 2604.8701> <Mlp= 2678.0699> <PB=2744.4> 
<DWph=1> <it= 40> <et=10.34> <Mt= 0.01> <Spt= 0.05> <nCl= 13> <al=0.06> <DB= 2595.6291> <Mlp= 2678.0699> <PB=2744.4> 
<DWph=1> <it= 41> <et=10.38> <Mt= 0.01> <Spt= 0.03> <nCl=  7> <al=0.43> <DB= 2643.3586> <Mlp= 2678.0699> <PB=2744.4> 
<DWph=1> <it= 42> <et=10.41> <Mt= 0.00> <Spt= 0.03> <nCl=  1> <al=0.49> <DB= 2652.7113> <Mlp= 2678.0699> <PB=2744.4> 
<DWph=1> <it= 43> <et=10.47> <Mt= 0.00> <Spt= 0.05> <nCl= 12> <al=0.00> <DB= 2581.4408> <Mlp= 2678.0699> <PB=2744.4> 
<DWph=1> <it= 44> <et=10.50> <Mt= 0.01> <Spt= 0.03> <nCl=  1> <al=0.29> <DB= 2663.1335> <Mlp= 2678.0699> <PB=2744.4> 
<DWph=1> <it= 45> <et=10.53> <Mt= 0.00> <Spt= 0.03> <nCl=  4> <al=0.19> <DB= 2655.6490> <Mlp= 2678.0699> <PB=2744.4> 
<DWph=1> <it= 46> <et=10.57> <Mt= 0.01> <Spt= 0.03> <nCl=  1> <al=0.27> <DB= 2668.3066> <Mlp= 2678.0699> <PB=2744.4> 
<DWph=1> <it= 47> <et=10.60> <Mt= 0.00> <Spt= 0.03> <nCl=  1> <al=0.34> <DB= 2668.5178> <Mlp= 2678.0699> <PB=2744.4> 
<DWph=1> <it= 48> <et=10.66> <Mt= 0.00> <Spt= 0.05> <nCl=  4> <al=0.00> <DB= 2678.0617> <Mlp= 2678.0699> <PB=2744.4> 
<DWph=1> <it= 49> <et=10.71> <Mt= 0.00> <Spt= 0.06> <nCl=  1> <al=0.00> <DB= 2678.0699> <Mlp= 2678.0699> <PB=2744.4> 
    RCSP exact solver info for graph G_1 : TT = 0.02905, pt = 6.8e-05, dt = 0.02425, ct = 0.003086, ndl = 9', bdl = 124', odl = 3', odf = 22', bsi = 1', cnt = 13', bdch = 1398', odch = 66', lcp = 143', #sols = 150
<DWph=0> <it= 50> <et=10.76> <Mt= 0.01> <Spt= 0.04> <nCl= 90> <al=0.21> <DB= 2525.4262> <Mlp= 2678.0699> <PB=2744.4> 
    RCSP exact solver info for graph G_1 : TT = 0.029446, pt = 8.3e-05, dt = 0.024569, ct = 0.00312, ndl = 10', bdl = 124', odl = 3', odf = 22', bsi = 1', cnt = 14', bdch = 1403', odch = 68', lcp = 141', #sols = 150
<DWph=0> <it= 51> <et=10.81> <Mt= 0.00> <Spt= 0.05> <nCl= 35> <al=0.29> <DB= 2634.3073> <Mlp= 2677.9946> <PB=2744.4> 
    RCSP exact solver info for graph G_1 : TT = 0.03012, pt = 8.2e-05, dt = 0.025179, ct = 0.003138, ndl = 10', bdl = 125', odl = 3', odf = 22', bsi = 1', cnt = 14', bdch = 1418', odch = 67', lcp = 141', #sols = 150
<DWph=0> <it= 52> <et=10.86> <Mt= 0.01> <Spt= 0.04> <nCl=  9> <al=0.19> <DB= 2666.3562> <Mlp= 2677.4699> <PB=2744.4> 
    RCSP exact solver info for graph G_1 : TT = 0.029418, pt = 8.3e-05, dt = 0.024532, ct = 0.003113, ndl = 9', bdl = 124', odl = 3', odf = 22', bsi = 1', cnt = 14', bdch = 1407', odch = 66', lcp = 140', #sols = 150
<DWph=0> <it= 53> <et=10.91> <Mt= 0.00> <Spt= 0.04> <nCl=  4> <al=0.27> <DB= 2674.4947> <Mlp= 2677.4699> <PB=2744.4> 
    RCSP exact solver info for graph G_1 : TT = 0.029446, pt = 8.1e-05, dt = 0.024579, ct = 0.003119, ndl = 9', bdl = 124', odl = 3', odf = 22', bsi = 1', cnt = 14', bdch = 1412', odch = 67', lcp = 140', #sols = 150
<DWph=0> <it= 54> <et=10.96> <Mt= 0.01> <Spt= 0.05> <nCl=  1> <al=0.17> <DB= 2676.2523> <Mlp= 2677.4699> <PB=2744.4> 
    RCSP exact solver info for graph G_1 : TT = 0.029416, pt = 8.1e-05, dt = 0.02454, ct = 0.003117, ndl = 9', bdl = 124', odl = 3', odf = 22', bsi = 1', cnt = 14', bdch = 1410', odch = 67', lcp = 140', #sols = 150
    RCSP exact solver info for graph G_1 : TT = 0.029235, pt = 7.3e-05, dt = 0.024418, ct = 0.003123, ndl = 9', bdl = 123', odl = 3', odf = 22', bsi = 1', cnt = 14', bdch = 1389', odch = 66', lcp = 140', #sols = 150
<DWph=0> <it= 55> <et=11.05> <Mt= 0.00> <Spt= 0.08> <nCl=  6> <al=0.00> <DB= 2677.4699> <Mlp= 2677.4699> <PB=2744.4> 
Dynamic params and stats :  bidir.bord. = 503.6 aver.obdmd = 5.20297 aver.buck.num. = 7.45545
@@ 1 1 2677.47 0.0276976 0.028317 31.1484 11.05
Labels distribution in buckets (bucket size) : largest - 112, top 0.1% - 94, top 0.5% - 72, top 2% - 46, top 10% - 19, top 50% - 0
Reduced cost fixing for graph G_1... 49872 buck. arcs remain (94.8% from prev., 29.5% from max.) + 6282 jump buck. arcs (3.71% from max.)
Backward reduced cost fixing... 49936 buck. arcs remain (94.6% from prev., 29.5% from max.) + 3584 jump buck. arcs (2.12% from max.)
 TT = 0.295727, pt = 0.010832, dt = 0.193053, ct = 0.09038, ndl = 53', bdl = 1079', odl = 9', odf = 111', lpcb = 388', cnt = 8266', bdch = 26110', odch = 1333', lcp = 2337'
Labels distribution in buckets (bucket size) : largest - 236, top 0.1% - 194, top 0.5% - 122, top 2% - 75, top 10% - 32, top 50% - 0
Run forward enumeration with border = 503.6... not succeeded (ratio 0.927108) lpt = 0.029636, ndl = 24', dl = 1', lpcb = 65', dch = 89'
 TT = 0.031, pt = 0, dt = 0.029636, ct = 0, ndl = 24', bdl = 1', lpcb = 65', cnt = 870', bdch = 89', odch = 0', lcp = 0'
ColGenEvalAlg final dual bound: 2677.47 (rounded: 2677.47)
Gap improvement since the last cut separation : 0.111025 (2669.11)
Current active cuts : CAP(13,2575.66)
In total 6 RCC cut(s) are found by the connected components heuristic 
Shrinking heuristic shrunk 142 edges
In total 6 RCC cut(s) are found by the Fractional capacity min-cut heuristic 
In total 30 RCC cut(s) are found by the greedy construction heuristic 
In total 4 RCC cut(s) are found by the global pool greedy search heuristic 
----- Add fac. cuts : CAP(46), max.viol = 0.285714, aver.viol = 0.261235, sep/add took 0.0316461/0.135928 sec. -----
7442 columns (7442 active), 146 dyn. constrs. (59 active), 548 art. vars. (461 active)
<DWph=2> <it=  1> <et=11.64> <Mt= 0.04> <Spt= 0.05> <nCl= 27> <al=0.00> <DB= 2633.8795> <Mlp= 2683.8795> <PB=2744.4> 
<DWph=2> <it=  2> <et=11.66> <Mt= 0.00> <Spt= 0.02> <nCl= 16> <al=0.40> <DB= 2322.2066> <Mlp= 2683.8795> <PB=2744.4> 
<DWph=2> <it=  3> <et=11.70> <Mt= 0.02> <Spt= 0.02> <nCl=  6> <al=0.46> <DB= 2681.8257> <Mlp= 2682.8062> <PB=2744.4> 
<DWph=2> <it=  4> <et=11.73> <Mt= 0.00> <Spt= 0.02> <nCl= 15> <al=0.36> <DB= 2592.7667> <Mlp= 2682.8062> <PB=2744.4> 
<DWph=2> <it=  5> <et=11.75> <Mt= 0.00> <Spt= 0.02> <nCl=  6> <al=0.42> <DB= 2621.2232> <Mlp= 2682.8062> <PB=2744.4> 
<DWph=2> <it=  6> <et=11.80> <Mt= 0.01> <Spt= 0.04> <nCl=  8> <al=0.00> <DB= 2580.3062> <Mlp= 2682.8062> <PB=2744.4> 
<DWph=2> <it=  7> <et=11.82> <Mt= 0.00> <Spt= 0.02> <nCl=  8> <al=0.38> <DB= 2660.8555> <Mlp= 2682.4640> <PB=2744.4> 
<DWph=2> <it=  8> <et=11.87> <Mt= 0.01> <Spt= 0.04> <nCl=  8> <al=0.00> <DB= 2620.2683> <Mlp= 2682.4640> <PB=2744.4> 
<DWph=2> <it=  9> <et=11.89> <Mt= 0.00> <Spt= 0.02> <nCl=  6> <al=0.34> <DB= 2682.2448> <Mlp= 2682.4640> <PB=2744.4> 
<DWph=2> <it= 10> <et=11.94> <Mt= 0.00> <Spt= 0.04> <nCl=  0> <al=0.00> <DB= 2682.4636> <Mlp= 2682.4636> <PB=2744.4> 
<DWph=1> <it= 11> <et=11.97> <Mt= 0.00> <Spt= 0.03> <nCl= 30> <al=0.14> <DB= 2332.4636> <Mlp= 2682.4636> <PB=2744.4> 
<DWph=1> <it= 12> <et=12.01> <Mt= 0.01> <Spt= 0.04> <nCl= 23> <al=0.23> <DB= 2524.3474> <Mlp= 2682.4257> <PB=2744.4> 
<DWph=1> <it= 13> <et=12.06> <Mt= 0.02> <Spt= 0.03> <nCl= 16> <al=0.31> <DB= 2581.1984> <Mlp= 2681.6967> <PB=2744.4> 
<DWph=1> <it= 14> <et=12.10> <Mt= 0.01> <Spt= 0.03> <nCl= 19> <al=0.38> <DB= 2455.9447> <Mlp= 2681.6889> <PB=2744.4> 
<DWph=1> <it= 15> <et=12.13> <Mt= 0.00> <Spt= 0.03> <nCl=  4> <al=0.44> <DB= 2490.5968> <Mlp= 2681.6889> <PB=2744.4> 
<DWph=1> <it= 16> <et=12.17> <Mt= 0.01> <Spt= 0.03> <nCl=  4> <al=0.49> <DB= 2628.0996> <Mlp= 2681.6889> <PB=2744.4> 
<DWph=1> <it= 17> <et=12.20> <Mt= 0.00> <Spt= 0.03> <nCl=  2> <al=0.54> <DB= 2651.7475> <Mlp= 2681.6889> <PB=2744.4> 
<DWph=1> <it= 18> <et=12.24> <Mt= 0.01> <Spt= 0.03> <nCl=  1> <al=0.59> <DB= 2655.7682> <Mlp= 2681.6889> <PB=2744.4> 
<DWph=1> <it= 19> <et=12.27> <Mt= 0.00> <Spt= 0.03> <nCl=  5> <al=0.63> <DB= 2658.7930> <Mlp= 2681.6889> <PB=2744.4> 
<DWph=1> <it= 20> <et=12.31> <Mt= 0.01> <Spt= 0.03> <nCl=  4> <al=0.67> <DB= 2663.6945> <Mlp= 2681.6889> <PB=2744.4> 
<DWph=1> <it= 21> <et=12.34> <Mt= 0.00> <Spt= 0.03> <nCl=  5> <al=0.57> <DB= 2666.4368> <Mlp= 2681.6889> <PB=2744.4> 
<DWph=1> <it= 22> <et=12.44> <Mt= 0.00> <Spt= 0.09> <nCl=  4> <al=0.00> <DB= 2680.5301> <Mlp= 2681.6889> <PB=2744.4> 
<DWph=1> <it= 23> <et=12.53> <Mt= 0.00> <Spt= 0.09> <nCl=  0> <al=0.00> <DB= 2681.6889> <Mlp= 2681.6889> <PB=2744.4> 
    RCSP exact solver info for graph G_1 : TT = 0.028867, pt = 6.1e-05, dt = 0.02411, ct = 0.003102, ndl = 10', bdl = 120', odl = 3', odf = 22', bsi = 1', cnt = 13', bdch = 1377', odch = 64', lcp = 151', #sols = 150
<DWph=0> <it= 24> <et=12.58> <Mt= 0.01> <Spt= 0.05> <nCl= 47> <al=0.41> <DB= 2567.1492> <Mlp= 2681.6889> <PB=2744.4> 
    RCSP exact solver info for graph G_1 : TT = 0.029564, pt = 8e-05, dt = 0.024686, ct = 0.003153, ndl = 10', bdl = 122', odl = 3', odf = 22', bsi = 1', cnt = 13', bdch = 1433', odch = 66', lcp = 156', #sols = 150
<DWph=0> <it= 25> <et=12.63> <Mt= 0.00> <Spt= 0.05> <nCl= 31> <al=0.41> <DB= 2629.6059> <Mlp= 2681.6254> <PB=2744.4> 
    RCSP exact solver info for graph G_1 : TT = 0.029636, pt = 8.1e-05, dt = 0.024726, ct = 0.003147, ndl = 10', bdl = 122', odl = 3', odf = 22', bsi = 1', cnt = 13', bdch = 1428', odch = 65', lcp = 157', #sols = 150
<DWph=0> <it= 26> <et=12.68> <Mt= 0.01> <Spt= 0.04> <nCl= 11> <al=0.47> <DB= 2657.1650> <Mlp= 2681.6242> <PB=2744.4> 
    RCSP exact solver info for graph G_1 : TT = 0.029843, pt = 7.9e-05, dt = 0.024917, ct = 0.00316, ndl = 10', bdl = 122', odl = 3', odf = 22', bsi = 1', cnt = 13', bdch = 1427', odch = 65', lcp = 157', #sols = 150
<DWph=0> <it= 27> <et=12.73> <Mt= 0.00> <Spt= 0.05> <nCl=  7> <al=0.37> <DB= 2672.5694> <Mlp= 2681.6242> <PB=2744.4> 
    RCSP exact solver info for graph G_1 : TT = 0.029703, pt = 8.1e-05, dt = 0.024788, ct = 0.003163, ndl = 10', bdl = 122', odl = 3', odf = 22', bsi = 1', cnt = 13', bdch = 1436', odch = 66', lcp = 159', #sols = 150
    RCSP exact solver info for graph G_1 : TT = 0.029297, pt = 7.2e-05, dt = 0.024457, ct = 0.003133, ndl = 10', bdl = 121', odl = 3', odf = 22', bsi = 1', cnt = 12', bdch = 1413', odch = 65', lcp = 156', #sols = 150
<DWph=0> <it= 28> <et=12.83> <Mt= 0.01> <Spt= 0.09> <nCl= 10> <al=0.00> <DB= 2681.6242> <Mlp= 2681.6242> <PB=2744.4> 
Dynamic params and stats :  bidir.bord. = 503.6 aver.obdmd = 5.20297 aver.buck.num. = 7.45545
@@ 1 2 2681.62 0.027757 0.028077 29.4964 12.83
    Full reduced cost fixing is not called (gap ratio is 0.937931)
ColGenEvalAlg final dual bound: 2681.62 (rounded: 2681.62)
Gap improvement since the last cut separation : 0.0620689 (2677.47)
Current active cuts : CAP(12,3554.74)
In total 4 RCC cut(s) are found by the connected components heuristic 
Shrinking heuristic shrunk 118 edges
In total 11 RCC cut(s) are found by the Fractional capacity min-cut heuristic 
In total 66 RCC cut(s) are found by the greedy construction heuristic 
In total 25 RCC cut(s) are found by the global pool greedy search heuristic 
----- Add fac. cuts : CAP(100), max.viol = 0.400463, aver.viol = 0.139838, sep/add took 0.0501317/0.156215 sec. -----
7765 columns (7765 active), 159 dyn. constrs. (112 active), 648 art. vars. (514 active)
<DWph=2> <it=  1> <et=13.19> <Mt= 0.02> <Spt= 0.05> <nCl= 12> <al=0.00> <DB= 2644.9814> <Mlp= 2684.1724> <PB=2744.4> 
<DWph=2> <it=  2> <et=13.21> <Mt= 0.01> <Spt= 0.02> <nCl=  7> <al=0.40> <DB= 2497.9814> <Mlp= 2684.1724> <PB=2744.4> 
<DWph=2> <it=  3> <et=13.24> <Mt= 0.00> <Spt= 0.02> <nCl=  4> <al=0.46> <DB= 2683.5391> <Mlp= 2684.0849> <PB=2744.4> 
<DWph=2> <it=  4> <et=13.29> <Mt= 0.01> <Spt= 0.04> <nCl=  4> <al=0.00> <DB= 2619.2078> <Mlp= 2684.0118> <PB=2744.4> 
<DWph=2> <it=  5> <et=13.34> <Mt= 0.00> <Spt= 0.05> <nCl=  2> <al=0.00> <DB= 2684.0118> <Mlp= 2684.0118> <PB=2744.4> 
<DWph=1> <it=  6> <et=13.37> <Mt= 0.01> <Spt= 0.03> <nCl= 15> <al=0.16> <DB= 2504.0118> <Mlp= 2684.0118> <PB=2744.4> 
<DWph=1> <it=  7> <et=13.41> <Mt= 0.00> <Spt= 0.03> <nCl=  7> <al=0.06> <DB= 2636.0396> <Mlp= 2683.8286> <PB=2744.4> 
<DWph=1> <it=  8> <et=13.45> <Mt= 0.01> <Spt= 0.03> <nCl=  6> <al=0.00> <DB= 2639.2722> <Mlp= 2683.8000> <PB=2744.4> 
<DWph=1> <it=  9> <et=13.49> <Mt= 0.00> <Spt= 0.03> <nCl=  3> <al=0.06> <DB= 2643.5013> <Mlp= 2683.7905> <PB=2744.4> 
<DWph=1> <it= 10> <et=13.52> <Mt= 0.01> <Spt= 0.03> <nCl=  1> <al=0.00> <DB= 2643.7810> <Mlp= 2683.7810> <PB=2744.4> 
<DWph=1> <it= 11> <et=13.55> <Mt= 0.00> <Spt= 0.03> <nCl=  1> <al=0.07> <DB= 2670.2589> <Mlp= 2683.7714> <PB=2744.4> 
<DWph=1> <it= 12> <et=13.59> <Mt= 0.00> <Spt= 0.04> <nCl=  1> <al=0.16> <DB= 2670.5936> <Mlp= 2683.7714> <PB=2744.4> 
<DWph=1> <it= 13> <et=13.65> <Mt= 0.01> <Spt= 0.06> <nCl=  1> <al=0.00> <DB= 2683.7714> <Mlp= 2683.7714> <PB=2744.4> 
    RCSP exact solver info for graph G_1 : TT = 0.028328, pt = 6.5e-05, dt = 0.023709, ct = 0.002918, ndl = 9', bdl = 117', odl = 3', odf = 21', bsi = 1', cnt = 11', bdch = 1336', odch = 62', lcp = 153', #sols = 150
<DWph=0> <it= 14> <et=13.70> <Mt= 0.00> <Spt= 0.04> <nCl= 21> <al=0.14> <DB= 2628.0571> <Mlp= 2683.7714> <PB=2744.4> 
    RCSP exact solver info for graph G_1 : TT = 0.028945, pt = 8.3e-05, dt = 0.024254, ct = 0.002926, ndl = 9', bdl = 116', odl = 3', odf = 21', bsi = 1', cnt = 11', bdch = 1333', odch = 62', lcp = 151', #sols = 150
<DWph=0> <it= 15> <et=13.76> <Mt= 0.01> <Spt= 0.05> <nCl= 20> <al=0.04> <DB= 2640.7309> <Mlp= 2683.7385> <PB=2744.4> 
    RCSP exact solver info for graph G_1 : TT = 0.029085, pt = 8.4e-05, dt = 0.024368, ct = 0.002954, ndl = 9', bdl = 116', odl = 3', odf = 21', bsi = 1', cnt = 11', bdch = 1322', odch = 63', lcp = 149', #sols = 150
<DWph=0> <it= 16> <et=13.81> <Mt= 0.00> <Spt= 0.05> <nCl=  4> <al=0.14> <DB= 2670.8993> <Mlp= 2683.7312> <PB=2744.4> 
    RCSP exact solver info for graph G_1 : TT = 0.028553, pt = 8.2e-05, dt = 0.023845, ct = 0.003014, ndl = 9', bdl = 116', odl = 3', odf = 21', bsi = 1', cnt = 11', bdch = 1331', odch = 63', lcp = 151', #sols = 150
<DWph=0> <it= 17> <et=13.86> <Mt= 0.01> <Spt= 0.04> <nCl=  1> <al=0.23> <DB= 2679.1630> <Mlp= 2683.7313> <PB=2744.4> 
    RCSP exact solver info for graph G_1 : TT = 0.028616, pt = 8.2e-05, dt = 0.023905, ct = 0.002968, ndl = 9', bdl = 116', odl = 3', odf = 21', bsi = 1', cnt = 11', bdch = 1332', odch = 63', lcp = 150', #sols = 150
    RCSP exact solver info for graph G_1 : TT = 0.028308, pt = 7.4e-05, dt = 0.023687, ct = 0.002933, ndl = 9', bdl = 116', odl = 3', odf = 21', bsi = 1', cnt = 11', bdch = 1326', odch = 63', lcp = 150', #sols = 150
<DWph=0> <it= 18> <et=13.96> <Mt= 0.00> <Spt= 0.10> <nCl=  5> <al=0.00> <DB= 2683.7313> <Mlp= 2683.7313> <PB=2744.4> 
Dynamic params and stats :  bidir.bord. = 503.6 aver.obdmd = 5.20297 aver.buck.num. = 7.45545
@@ 1 3 2683.73 0.0269135 0.027322 29.4964 13.96
    Full reduced cost fixing is not called (gap ratio is 0.90645)
ColGenEvalAlg final dual bound: 2683.73 (rounded: 2683.73)
Gap improvement since the last cut separation : 0.0335648 (2681.62)
Current active cuts : CAP(16,4494.34)
In total 16 RCC cut(s) are found by the connected components heuristic 
Shrinking heuristic shrunk 147 edges
In total 7 RCC cut(s) are found by the Fractional capacity min-cut heuristic 
In total 55 RCC cut(s) are found by the greedy construction heuristic 
In total 19 RCC cut(s) are found by the global pool greedy search heuristic 
----- Add fac. cuts : CAP(97), max.viol = 0.291667, aver.viol = 0.114852, sep/add took 0.0467079/0.275299 sec. -----
7880 columns (7880 active), 209 dyn. constrs. (113 active), 745 art. vars. (515 active)
<DWph=2> <it=  1> <et=14.39> <Mt= 0.01> <Spt= 0.02> <nCl=  3> <al=0.50> <DB= 2678.9656> <Mlp= 2684.2000> <PB=2684.2> 
<DWph=2> <it=  2> <et=14.45> <Mt= 0.01> <Spt= 0.05> <nCl=  2> <al=0.10> <DB= 2675.1531> <Mlp= 2684.2000> <PB=2684.2> 
<DWph=2> <it=  3> <et=14.48> <Mt= 0.00> <Spt= 0.03> <nCl=  2> <al=0.45> <DB= 2684.0840> <Mlp= 2684.2000> <PB=2684.2> 
<DWph=2> <it=  4> <et=14.54> <Mt= 0.01> <Spt= 0.05> <nCl=  1> <al=0.00> <DB= 2684.2000> <Mlp= 2684.2000> <PB=2684.2> 
<DWph=1> <it=  5> <et=14.58> <Mt= 0.00> <Spt= 0.04> <nCl=  5> <al=0.25> <DB= 2544.9495> <Mlp= 2684.2000> <PB=2684.2> 
<DWph=1> <it=  6> <et=14.62> <Mt= 0.01> <Spt= 0.04> <nCl=  6> <al=0.15> <DB= 2619.3297> <Mlp= 2684.2000> <PB=2684.2> 
<DWph=1> <it=  7> <et=14.66> <Mt= 0.00> <Spt= 0.03> <nCl=  2> <al=0.05> <DB= 2680.7665> <Mlp= 2684.0000> <PB=2684.2> 
<DWph=1> <it=  8> <et=14.70> <Mt= 0.01> <Spt= 0.04> <nCl=  2> <al=0.00> <DB= 2684.0000> <Mlp= 2684.0000> <PB=2684.2> 
    RCSP exact solver info for graph G_1 : TT = 0.028448, pt = 7.8e-05, dt = 0.023749, ct = 0.002954, ndl = 9', bdl = 115', odl = 3', odf = 21', bsi = 1', cnt = 10', bdch = 1301', odch = 62', lcp = 146', #sols = 150
<DWph=0> <it=  9> <et=14.76> <Mt= 0.00> <Spt= 0.05> <nCl=  6> <al=0.00> <DB= 2629.8333> <Mlp= 2684.0000> <PB=2684.2> 
    RCSP exact solver info for graph G_1 : TT = 0.028366, pt = 8.3e-05, dt = 0.023678, ct = 0.002942, ndl = 9', bdl = 114', odl = 3', odf = 21', bsi = 1', cnt = 11', bdch = 1306', odch = 63', lcp = 146', #sols = 150
<DWph=0> <it= 10> <et=14.81> <Mt= 0.01> <Spt= 0.05> <nCl=  2> <al=0.00> <DB= 2674.0000> <Mlp= 2684.0000> <PB=2684.2> 
    RCSP exact solver info for graph G_1 : TT = 0.02847, pt = 8.4e-05, dt = 0.023769, ct = 0.002915, ndl = 9', bdl = 115', odl = 3', odf = 21', bsi = 1', cnt = 10', bdch = 1320', odch = 64', lcp = 147', #sols = 150
<DWph=0> <it= 11> <et=14.87> <Mt= 0.00> <Spt= 0.05> <nCl= 11> <al=0.00> <DB= 2684.0000> <Mlp= 2684.0000> <PB=2684.2> 
Dynamic params and stats :  bidir.bord. = 503.6 aver.obdmd = 5.20297 aver.buck.num. = 7.45545
@@ 1 4 2684 0.026669 0.026703 29.4964 14.87
Labels distribution in buckets (bucket size) : largest - 119, top 0.1% - 108, top 0.5% - 78, top 2% - 46, top 10% - 19, top 50% - 0
Reduced cost fixing for graph G_1... 1380 buck. arcs remain (2.77% from prev., 0.815% from max.) + 1074 jump buck. arcs (0.634% from max.)
Backward reduced cost fixing... 1344 buck. arcs remain (2.69% from prev., 0.795% from max.) + 781 jump buck. arcs (0.462% from max.)
 TT = 0.046611, pt = 0.010073, dt = 0.017267, ct = 0.017827, ndl = 15', bdl = 185', odl = 1', odf = 17', lpcb = 363', cnt = 163', bdch = 1673', odch = 47', lcp = 99'
Labels distribution in buckets (bucket size) : largest - 119, top 0.1% - 117, top 0.5% - 85, top 2% - 58, top 10% - 24, top 50% - 0
Run forward enumeration with border = 503.6... succeeded! lpt = 0.001869, ndl = 0', dl = 0', lpcb = 0', dch = 0'
Run backward enumeration... succeeded! lpt = 0.001205, ndl = 0', dl = 0', lpcb = 0', dch = 0'
Run enumeration concatenation with time limit 0.80304 sec.... done!
 TT = 0.005388, pt = 0, dt = 0.003074, ct = 0.000328, ndl = 1', bdl = 0', lpcb = 0', cnt = 8', bdch = 0', odch = 0', lcp = 0'
Enumeration succeeded!, number of elem. solutions is 530
Estimating inspection time...     TT = 0.00115, performed by inspection with 530 solutions, nbR1C = 0, nbDiscC = 0
Inspection time is low enough. Pricing will be done by inspection.
Added 400 columns in the formulation 
Removed 7522 columns (not in the enumerated set) from the formulation
Regenerated 400 columns with the 'enumerated' flag
Added 156 columns in the formulation 
ColGenEvalAlg final dual bound: 2684 (rounded: 2684)
Gap improvement since the last cut separation : 0.573333 (2683.73)
Current active cuts : CAP(17,4640.85)
----- Terminating the node by MIP -----
Version identifier: 20.1.0.0 | 2020-11-10 | 9bedb6d68
CPXPARAM_Advance                                 0
CPXPARAM_Threads                                 1
CPXPARAM_MIP_Limits_Nodes                        2000000
CPXPARAM_Simplex_Tolerances_Optimality           9.9999999999999995e-08
CPXPARAM_Simplex_Tolerances_Feasibility          9.9999999999999995e-08
CPXPARAM_TimeLimit                               1749.251
CPXPARAM_MIP_Tolerances_UpperCutoff              2684.1999999999998
CPXPARAM_MIP_Tolerances_MIPGap                   1.0000000000000001e-09
Tried aggregator 2 times.
MIP Presolve eliminated 295 rows and 537 columns.
MIP Presolve modified 20276 coefficients.
Aggregator did 4 substitutions.
Reduced MIP has 15 rows, 15 columns, and 51 nonzeros.
Reduced MIP has 15 binaries, 0 generals, 0 SOSs, and 0 indicators.
Presolve time = 0.01 sec. (29.64 ticks)
Probing changed sense of 2 constraints.
Probing time = 0.00 sec. (0.01 ticks)
Tried aggregator 1 time.
MIP Presolve eliminated 7 rows and 8 columns.
Reduced MIP has 8 rows, 7 columns, and 29 nonzeros.
Reduced MIP has 7 binaries, 0 generals, 0 SOSs, and 0 indicators.
Presolve time = 0.00 sec. (0.03 ticks)
Probing time = 0.00 sec. (0.01 ticks)
Tried aggregator 1 time.
Reduced MIP has 8 rows, 7 columns, and 29 nonzeros.
Reduced MIP has 7 binaries, 0 generals, 0 SOSs, and 0 indicators.
Presolve time = 0.00 sec. (0.02 ticks)
Probing time = 0.00 sec. (0.01 ticks)
Clique table members: 5.
MIP emphasis: balance optimality and feasibility.
MIP search method: dynamic search.
Parallel mode: none, using 1 thread.
Root relaxation solution time = 0.00 sec. (0.01 ticks)

        Nodes                                         Cuts/
   Node  Left     Objective  IInf  Best Integer    Best Bound    ItCnt     Gap

*     0     0      integral     0     2684.0000     2684.0000        3    0.00%
Elapsed time = 0.02 sec. (31.46 ticks, tree = 0.00 MB, solutions = 1)

Root node processing (before b&c):
  Real time             =    0.02 sec. (31.47 ticks)
Sequential b&c:
  Real time             =    0.00 sec. (0.00 ticks)
                          ------------
Total (root+branch&cut) =    0.02 sec. (31.47 ticks)
Solution status = Optimum
New model incumbent solution 2684, TIME = 0h0m15s27t = 1527
************************************************************************************************
Search is finished, global bounds : [ 2684 , 2684 ], TIME = 0h0m15s27t = 1527
************************************************************************************************
instance_name solver_name ext_heuristic solution_value solution_time best_lb root_lb root_time nb_branch_and_bound_nodes status
/home/logis/Downloads/VRPSolverEasy/VRPSolverEasy/demos/data/CVRPTW/C1_2_8 CPLEX False 2684.0 15.276453394 2683.9999999999995 2683.9999999999995 15.272413166 1 0

