Node memory for rank-1 cuts will be used (8.92857)
~~~~~~~~~~~~~~~~~~~~~~~~~~~~~~~~~~~~~~~~~~~~~~~~~~~~~~~~~~~~~~~~~~~~~~~~~~~~~~~~~~~~~
VRPSolver v0.5.27, 24/02/2023, © Inria Bordeaux, France, vrpsolver.math.u-bordeaux.fr
      Corresponds to the solver by Pessoa, Sadykov, Uchoa and Vanderbeck (2020)
                 Paper: dx.doi.org/10.1007/s10107-020-01523-z
~~~~~~~~~~~~~~~~~~~~~~~~~~~~~~~~~~~~~~~~~~~~~~~~~~~~~~~~~~~~~~~~~~~~~~~~~~~~~~~~~~~~~
   BaPCod v0.77, 15/03/2023, © Inria Bordeaux, France, bapcod.math.u-bordeaux.fr 
           THIS CODE IS PROVIDED AS IS, USE IT AT YOUR OWN RISK
~~~~~~~~~~~~~~~~~~~~~~~~~~~~~~~~~~~~~~~~~~~~~~~~~~~~~~~~~~~~~~~~~~~~~~~~~~~~~~~~~~~~~
Bucket steps were recalculated for graph G_1 : [4]
RCSP solver info : symmetric case is detected for graph G_1! 
Bidirectional border value is initialised to 50
RCSP solver info : number of forw. reachable buckets / buck. strongly connected components is 1409( 95.0742% ) / 984( 69.8368% )
Generating neighbourhoods for rank-1 cuts separation
Building structures for 4- and 5-row rank-1 packing cut separation...done!
Model is built TIME = 0h0m0s5t = 5
************************************************************************************************
**** BaB tree root node
**** Local DB = -1e+12, global bounds : [ -1e+12 , 711.1 ], TIME = 0h0m0s5t = 5
**** 1 open nodes, 0 columns (0 active), 0 dyn. constrs. (0 active), 112 art. vars. (112 active)
************************************************************************************************
#<DWph=2> <it=  1> <et=0.05> <Mt= 0.00> <Spt= 0.00> <nCl= 30> <al=0.00> <DB=-4534926.8000> <Mlp=99838.4400> <PB=711.1> 
#<DWph=2> <it=  2> <et=0.06> <Mt= 0.00> <Spt= 0.00> <nCl= 30> <al=0.55> <DB=-4484554.6206> <Mlp=96416.6164> <PB=711.1> 
#<DWph=2> <it=  3> <et=0.06> <Mt= 0.00> <Spt= 0.01> <nCl= 30> <al=0.60> <DB=-3835965.4426> <Mlp=93031.0655> <PB=711.1> 
#<DWph=2> <it=  4> <et=0.06> <Mt= 0.00> <Spt= 0.00> <nCl= 30> <al=0.50> <DB=-2312378.8067> <Mlp=92879.5565> <PB=711.1> 
#<DWph=2> <it=  5> <et=0.07> <Mt= 0.00> <Spt= 0.01> <nCl= 30> <al=0.40> <DB=-2248834.0611> <Mlp=88806.1531> <PB=711.1> 
#<DWph=2> <it=  6> <et=0.07> <Mt= 0.00> <Spt= 0.00> <nCl= 30> <al=0.46> <DB=-1799160.7314> <Mlp=82365.1484> <PB=711.1> 
#<DWph=2> <it=  7> <et=0.07> <Mt= 0.00> <Spt= 0.00> <nCl= 30> <al=0.36> <DB=-1785692.7098> <Mlp=82324.2338> <PB=711.1> 
#<DWph=2> <it=  8> <et=0.08> <Mt= 0.00> <Spt= 0.01> <nCl= 30> <al=0.42> <DB=-1698489.4508> <Mlp=80597.7513> <PB=711.1> 
#<DWph=2> <it=  9> <et=0.08> <Mt= 0.00> <Spt= 0.00> <nCl= 30> <al=0.48> <DB=-2050089.6055> <Mlp=76411.4074> <PB=711.1> 
#<DWph=2> <it= 10> <et=0.09> <Mt= 0.00> <Spt= 0.00> <nCl= 30> <al=0.53> <DB=-1553054.2653> <Mlp=75637.6112> <PB=711.1> 
#<DWph=2> <it= 11> <et=0.09> <Mt= 0.00> <Spt= 0.01> <nCl= 30> <al=0.58> <DB=-1362763.2959> <Mlp=72500.5755> <PB=711.1> 
#<DWph=2> <it= 12> <et=0.09> <Mt= 0.00> <Spt= 0.00> <nCl= 30> <al=0.48> <DB=-1349259.5993> <Mlp=67240.2143> <PB=711.1> 
#<DWph=2> <it= 13> <et=0.10> <Mt= 0.00> <Spt= 0.00> <nCl= 30> <al=0.53> <DB=-1250938.9578> <Mlp=63649.1934> <PB=711.1> 
#<DWph=2> <it= 14> <et=0.10> <Mt= 0.00> <Spt= 0.01> <nCl= 30> <al=0.58> <DB=-1140322.6202> <Mlp=60016.4573> <PB=711.1> 
#<DWph=2> <it= 15> <et=0.10> <Mt= 0.00> <Spt= 0.00> <nCl= 30> <al=0.62> <DB=-1177654.1178> <Mlp=59098.7778> <PB=711.1> 
#<DWph=2> <it= 16> <et=0.11> <Mt= 0.00> <Spt= 0.00> <nCl= 30> <al=0.66> <DB=-1113092.9658> <Mlp=58451.7362> <PB=711.1> 
#<DWph=2> <it= 17> <et=0.11> <Mt= 0.00> <Spt= 0.01> <nCl= 30> <al=0.69> <DB=-1053668.6571> <Mlp=56659.7676> <PB=711.1> 
#<DWph=2> <it= 18> <et=0.12> <Mt= 0.00> <Spt= 0.00> <nCl= 30> <al=0.72> <DB=-907108.1302> <Mlp=53757.2000> <PB=711.1> 
#<DWph=2> <it= 19> <et=0.12> <Mt= 0.00> <Spt= 0.00> <nCl= 30> <al=0.62> <DB=-851315.2778> <Mlp=49506.4721> <PB=711.1> 
#<DWph=2> <it= 20> <et=0.12> <Mt= 0.00> <Spt= 0.01> <nCl= 30> <al=0.66> <DB=-823983.4246> <Mlp=49204.7097> <PB=711.1> 
#<DWph=2> <it= 21> <et=0.13> <Mt= 0.00> <Spt= 0.00> <nCl= 30> <al=0.69> <DB=-728261.3766> <Mlp=47223.5421> <PB=711.1> 
#<DWph=2> <it= 22> <et=0.13> <Mt= 0.00> <Spt= 0.00> <nCl= 30> <al=0.72> <DB=-687951.3767> <Mlp=41339.6838> <PB=711.1> 
#<DWph=2> <it= 23> <et=0.13> <Mt= 0.00> <Spt= 0.00> <nCl= 30> <al=0.62> <DB=-574918.8522> <Mlp=39059.7052> <PB=711.1> 
#<DWph=2> <it= 24> <et=0.14> <Mt= 0.00> <Spt= 0.01> <nCl= 30> <al=0.52> <DB=-575657.7281> <Mlp=28580.9299> <PB=711.1> 
#<DWph=2> <it= 25> <et=0.14> <Mt= 0.01> <Spt= 0.00> <nCl= 30> <al=0.42> <DB=-479393.9787> <Mlp=23430.1226> <PB=711.1> 
#<DWph=2> <it= 26> <et=0.15> <Mt= 0.00> <Spt= 0.00> <nCl= 30> <al=0.32> <DB=-434900.3388> <Mlp=15993.5245> <PB=711.1> 
#<DWph=2> <it= 27> <et=0.15> <Mt= 0.00> <Spt= 0.01> <nCl= 30> <al=0.22> <DB=-371225.0670> <Mlp=13156.3403> <PB=711.1> 
#<DWph=2> <it= 28> <et=0.16> <Mt= 0.00> <Spt= 0.00> <nCl= 30> <al=0.30> <DB=-371958.9443> <Mlp= 5480.8939> <PB=711.1> 
#<DWph=2> <it= 29> <et=0.16> <Mt= 0.00> <Spt= 0.00> <nCl= 30> <al=0.37> <DB=-125828.4170> <Mlp= 2446.8963> <PB=711.1> 
#<DWph=2> <it= 30> <et=0.17> <Mt= 0.00> <Spt= 0.01> <nCl= 30> <al=0.27> <DB=-14735.1629> <Mlp= 2272.7058> <PB=711.1> 
#<DWph=2> <it= 31> <et=0.17> <Mt= 0.01> <Spt= 0.00> <nCl= 30> <al=0.17> <DB=-15164.9697> <Mlp= 2209.7668> <PB=711.1> 
#<DWph=2> <it= 32> <et=0.18> <Mt= 0.00> <Spt= 0.00> <nCl= 30> <al=0.25> <DB=-3293.4595> <Mlp= 2158.6087> <PB=711.1> 
<DWph=2> <it= 33> <et=0.18> <Mt= 0.00> <Spt= 0.01> <nCl= 30> <al=0.33> <DB=-20311.2324> <Mlp= 1437.8545> <PB=711.1> 
<DWph=2> <it= 34> <et=0.19> <Mt= 0.00> <Spt= 0.00> <nCl= 30> <al=0.40> <DB=-6950.9392> <Mlp= 1398.1468> <PB=711.1> 
<DWph=2> <it= 35> <et=0.19> <Mt= 0.00> <Spt= 0.00> <nCl= 30> <al=0.46> <DB=-3221.8070> <Mlp= 1336.4841> <PB=711.1> 
<DWph=2> <it= 36> <et=0.19> <Mt= 0.00> <Spt= 0.01> <nCl= 30> <al=0.51> <DB=-5754.8027> <Mlp= 1296.1005> <PB=711.1> 
<DWph=2> <it= 37> <et=0.20> <Mt= 0.00> <Spt= 0.00> <nCl= 30> <al=0.56> <DB=-3825.7720> <Mlp= 1272.0887> <PB=711.1> 
<DWph=2> <it= 38> <et=0.20> <Mt= 0.00> <Spt= 0.00> <nCl= 30> <al=0.60> <DB=-1665.6404> <Mlp= 1239.7115> <PB=711.1> 
<DWph=2> <it= 39> <et=0.21> <Mt= 0.00> <Spt= 0.01> <nCl= 30> <al=0.64> <DB=-5222.8979> <Mlp= 1205.5876> <PB=711.1> 
<DWph=2> <it= 40> <et=0.21> <Mt= 0.00> <Spt= 0.00> <nCl= 30> <al=0.68> <DB=-4991.6988> <Mlp= 1166.2054> <PB=711.1> 
<DWph=2> <it= 41> <et=0.22> <Mt= 0.01> <Spt= 0.00> <nCl= 30> <al=0.71> <DB=-1809.5387> <Mlp= 1145.9130> <PB=711.1> 
<DWph=2> <it= 42> <et=0.22> <Mt= 0.00> <Spt= 0.01> <nCl= 30> <al=0.74> <DB=-1283.1082> <Mlp= 1105.6458> <PB=711.1> 
<DWph=2> <it= 43> <et=0.23> <Mt= 0.00> <Spt= 0.00> <nCl= 30> <al=0.77> <DB=-1341.2373> <Mlp= 1079.9881> <PB=711.1> 
<DWph=2> <it= 44> <et=0.23> <Mt= 0.00> <Spt= 0.00> <nCl= 30> <al=0.79> <DB= -979.2898> <Mlp=  984.7344> <PB=711.1> 
<DWph=2> <it= 45> <et=0.24> <Mt= 0.00> <Spt= 0.01> <nCl= 30> <al=0.81> <DB=-1063.0583> <Mlp=  940.0114> <PB=711.1> 
<DWph=2> <it= 46> <et=0.24> <Mt= 0.00> <Spt= 0.00> <nCl= 30> <al=0.83> <DB=-1160.9699> <Mlp=  893.5244> <PB=711.1> 
<DWph=2> <it= 47> <et=0.25> <Mt= 0.00> <Spt= 0.00> <nCl= 30> <al=0.85> <DB= -977.3220> <Mlp=  886.5198> <PB=711.1> 
<DWph=2> <it= 48> <et=0.25> <Mt= 0.01> <Spt= 0.01> <nCl= 30> <al=0.75> <DB=-1075.4363> <Mlp=  880.2247> <PB=711.1> 
<DWph=2> <it= 49> <et=0.25> <Mt= 0.00> <Spt= 0.00> <nCl= 30> <al=0.77> <DB= -755.3203> <Mlp=  852.9530> <PB=711.1> 
<DWph=2> <it= 50> <et=0.26> <Mt= 0.00> <Spt= 0.00> <nCl= 29> <al=0.79> <DB=-1131.6547> <Mlp=  808.7842> <PB=711.1> 
<DWph=2> <it= 51> <et=0.27> <Mt= 0.00> <Spt= 0.01> <nCl= 29> <al=0.82> <DB= -310.5619> <Mlp=  759.2796> <PB=711.1> 
<DWph=2> <it= 52> <et=0.27> <Mt= 0.00> <Spt= 0.00> <nCl= 30> <al=0.83> <DB= -412.9494> <Mlp=  746.7926> <PB=711.1> 
<DWph=2> <it= 53> <et=0.28> <Mt= 0.00> <Spt= 0.00> <nCl= 27> <al=0.85> <DB=  -16.0129> <Mlp=  729.1325> <PB=711.1> 
<DWph=2> <it= 54> <et=0.28> <Mt= 0.00> <Spt= 0.01> <nCl= 30> <al=0.75> <DB=-1059.1707> <Mlp=  722.2422> <PB=711.1> 
<DWph=2> <it= 55> <et=0.28> <Mt= 0.01> <Spt= 0.00> <nCl= 30> <al=0.78> <DB= -123.2377> <Mlp=  690.1848> <PB=711.1> 
<DWph=2> <it= 56> <et=0.29> <Mt= 0.00> <Spt= 0.00> <nCl= 24> <al=0.80> <DB=  297.9081> <Mlp=  667.5185> <PB=711.1> 
<DWph=2> <it= 57> <et=0.29> <Mt= 0.00> <Spt= 0.01> <nCl= 27> <al=0.82> <DB=  364.0159> <Mlp=  661.1309> <PB=711.1> 
<DWph=2> <it= 58> <et=0.30> <Mt= 0.00> <Spt= 0.00> <nCl= 29> <al=0.72> <DB=  108.9189> <Mlp=  659.0820> <PB=711.1> 
<DWph=2> <it= 59> <et=0.31> <Mt= 0.01> <Spt= 0.00> <nCl= 22> <al=0.75> <DB=  498.8403> <Mlp=  656.8792> <PB=711.1> 
<DWph=2> <it= 60> <et=0.31> <Mt= 0.00> <Spt= 0.01> <nCl= 29> <al=0.65> <DB= -135.7027> <Mlp=  655.6490> <PB=711.1> 
<DWph=2> <it= 61> <et=0.32> <Mt= 0.00> <Spt= 0.00> <nCl= 23> <al=0.68> <DB=  603.9838> <Mlp=  653.1613> <PB=711.1> 
<DWph=2> <it= 62> <et=0.32> <Mt= 0.00> <Spt= 0.00> <nCl= 28> <al=0.71> <DB=  598.6794> <Mlp=  651.3910> <PB=711.1> 
<DWph=2> <it= 63> <et=0.33> <Mt= 0.00> <Spt= 0.01> <nCl= 29> <al=0.61> <DB=  501.6404> <Mlp=  648.2827> <PB=711.1> 
<DWph=2> <it= 64> <et=0.33> <Mt= 0.00> <Spt= 0.00> <nCl= 19> <al=0.65> <DB=  617.5021> <Mlp=  647.7500> <PB=711.1> 
<DWph=2> <it= 65> <et=0.34> <Mt= 0.00> <Spt= 0.00> <nCl= 30> <al=0.55> <DB=  608.1549> <Mlp=  647.6481> <PB=711.1> 
<DWph=2> <it= 66> <et=0.34> <Mt= 0.00> <Spt= 0.01> <nCl= 25> <al=0.60> <DB=  620.6609> <Mlp=  644.1080> <PB=711.1> 
<DWph=2> <it= 67> <et=0.35> <Mt= 0.01> <Spt= 0.00> <nCl= 29> <al=0.50> <DB=  613.4826> <Mlp=  643.1696> <PB=711.1> 
<DWph=2> <it= 68> <et=0.35> <Mt= 0.00> <Spt= 0.00> <nCl= 28> <al=0.55> <DB=  617.8430> <Mlp=  642.2686> <PB=711.1> 
<DWph=2> <it= 69> <et=0.35> <Mt= 0.00> <Spt= 0.01> <nCl= 19> <al=0.59> <DB=  624.3899> <Mlp=  641.6126> <PB=711.1> 
<DWph=2> <it= 70> <et=0.36> <Mt= 0.00> <Spt= 0.00> <nCl= 27> <al=0.49> <DB=  619.8979> <Mlp=  639.9872> <PB=711.1> 
<DWph=2> <it= 71> <et=0.36> <Mt= 0.00> <Spt= 0.00> <nCl= 18> <al=0.54> <DB=  620.2145> <Mlp=  639.7333> <PB=711.1> 
<DWph=2> <it= 72> <et=0.37> <Mt= 0.00> <Spt= 0.01> <nCl=  9> <al=0.59> <DB=  630.5932> <Mlp=  639.4794> <PB=711.1> 
<DWph=2> <it= 73> <et=0.37> <Mt= 0.00> <Spt= 0.00> <nCl= 14> <al=0.49> <DB=  604.9752> <Mlp=  639.4794> <PB=711.1> 
<DWph=2> <it= 74> <et=0.37> <Mt= 0.00> <Spt= 0.00> <nCl= 11> <al=0.54> <DB=  629.3988> <Mlp=  639.4794> <PB=711.1> 
<DWph=2> <it= 75> <et=0.38> <Mt= 0.00> <Spt= 0.01> <nCl= 18> <al=0.17> <DB=  628.9380> <Mlp=  639.4794> <PB=711.1> 
<DWph=2> <it= 76> <et=0.38> <Mt= 0.00> <Spt= 0.00> <nCl= 11> <al=0.49> <DB=  628.7651> <Mlp=  639.1460> <PB=711.1> 
<DWph=2> <it= 77> <et=0.39> <Mt= 0.00> <Spt= 0.01> <nCl= 19> <al=0.07> <DB=  609.4294> <Mlp=  639.1460> <PB=711.1> 
<DWph=2> <it= 78> <et=0.39> <Mt= 0.00> <Spt= 0.00> <nCl=  7> <al=0.44> <DB=  628.1944> <Mlp=  639.1350> <PB=711.1> 
<DWph=2> <it= 79> <et=0.40> <Mt= 0.00> <Spt= 0.00> <nCl=  6> <al=0.49> <DB=  630.7959> <Mlp=  638.9791> <PB=711.1> 
<DWph=2> <it= 80> <et=0.40> <Mt= 0.00> <Spt= 0.01> <nCl=  4> <al=0.54> <DB=  638.1298> <Mlp=  638.9791> <PB=711.1> 
<DWph=2> <it= 81> <et=0.41> <Mt= 0.00> <Spt= 0.00> <nCl=  6> <al=0.44> <DB=  638.0365> <Mlp=  638.9791> <PB=711.1> 
<DWph=2> <it= 82> <et=0.41> <Mt= 0.01> <Spt= 0.01> <nCl=  9> <al=0.00> <DB=  638.9791> <Mlp=  638.9791> <PB=711.1> 
<DWph=1> <it= 83> <et=0.42> <Mt= 0.00> <Spt= 0.00> <nCl= 15> <al=0.40> <DB=  620.3124> <Mlp=  638.9791> <PB=711.1> 
<DWph=1> <it= 84> <et=0.42> <Mt= 0.00> <Spt= 0.01> <nCl= 10> <al=0.46> <DB=  615.3734> <Mlp=  638.2145> <PB=711.1> 
<DWph=1> <it= 85> <et=0.43> <Mt= 0.00> <Spt= 0.00> <nCl= 11> <al=0.51> <DB=  613.6944> <Mlp=  637.7941> <PB=711.1> 
<DWph=1> <it= 86> <et=0.44> <Mt= 0.00> <Spt= 0.01> <nCl= 11> <al=0.56> <DB=  615.5994> <Mlp=  636.3983> <PB=711.1> 
<DWph=1> <it= 87> <et=0.45> <Mt= 0.00> <Spt= 0.01> <nCl=  9> <al=0.61> <DB=  625.1592> <Mlp=  636.2145> <PB=711.1> 
<DWph=1> <it= 88> <et=0.45> <Mt= 0.00> <Spt= 0.00> <nCl= 11> <al=0.51> <DB=  613.2348> <Mlp=  636.2145> <PB=711.1> 
<DWph=1> <it= 89> <et=0.46> <Mt= 0.00> <Spt= 0.01> <nCl=  5> <al=0.56> <DB=  623.2084> <Mlp=  636.1557> <PB=711.1> 
<DWph=1> <it= 90> <et=0.46> <Mt= 0.00> <Spt= 0.00> <nCl=  5> <al=0.60> <DB=  629.6539> <Mlp=  636.1557> <PB=711.1> 
<DWph=1> <it= 91> <et=0.47> <Mt= 0.00> <Spt= 0.01> <nCl=  6> <al=0.64> <DB=  625.6974> <Mlp=  636.0969> <PB=711.1> 
<DWph=1> <it= 92> <et=0.48> <Mt= 0.00> <Spt= 0.01> <nCl=  4> <al=0.54> <DB=  626.9403> <Mlp=  636.0969> <PB=711.1> 
<DWph=1> <it= 93> <et=0.48> <Mt= 0.00> <Spt= 0.00> <nCl=  2> <al=0.44> <DB=  628.8463> <Mlp=  636.0335> <PB=711.1> 
<DWph=1> <it= 94> <et=0.49> <Mt= 0.00> <Spt= 0.01> <nCl=  2> <al=0.50> <DB=  629.5909> <Mlp=  635.9515> <PB=711.1> 
<DWph=1> <it= 95> <et=0.50> <Mt= 0.00> <Spt= 0.01> <nCl=  8> <al=0.09> <DB=  626.8654> <Mlp=  635.9348> <PB=711.1> 
<DWph=1> <it= 96> <et=0.51> <Mt= 0.00> <Spt= 0.01> <nCl=  3> <al=0.00> <DB=  635.9348> <Mlp=  635.9348> <PB=711.1> 
    RCSP exact solver info for graph G_1 : TT = 0.024134, pt = 1.1e-05, dt = 0.021207, ct = 0.002586, ndl = 6', bdl = 178', odl = 3', odf = 30', bsi = 1', cnt = 141', bdch = 2519', odch = 107', lcp = 96', #sols = 150
<DWph=0> <it= 97> <et=0.54> <Mt= 0.00> <Spt= 0.03> <nCl=131> <al=0.35> <DB=  618.4348> <Mlp=  635.9348> <PB=711.1> 
    RCSP exact solver info for graph G_1 : TT = 0.020896, pt = 2.7e-05, dt = 0.017842, ct = 0.002703, ndl = 6', bdl = 183', odl = 3', odf = 31', bsi = 1', cnt = 154', bdch = 2655', odch = 121', lcp = 104', #sols = 150
<DWph=0> <it= 98> <et=0.56> <Mt= 0.00> <Spt= 0.02> <nCl= 50> <al=0.25> <DB=  631.6220> <Mlp=  635.9348> <PB=711.1> 
    RCSP exact solver info for graph G_1 : TT = 0.020822, pt = 2.2e-05, dt = 0.017786, ct = 0.002715, ndl = 6', bdl = 183', odl = 3', odf = 32', bsi = 1', cnt = 155', bdch = 2671', odch = 121', lcp = 107', #sols = 150
<DWph=0> <it= 99> <et=0.59> <Mt= 0.00> <Spt= 0.02> <nCl= 29> <al=0.15> <DB=  635.0689> <Mlp=  635.9348> <PB=711.1> 
    RCSP exact solver info for graph G_1 : TT = 0.020789, pt = 2.2e-05, dt = 0.017758, ct = 0.002707, ndl = 6', bdl = 183', odl = 3', odf = 32', bsi = 1', cnt = 155', bdch = 2673', odch = 121', lcp = 105', #sols = 150
    RCSP exact solver info for graph G_1 : TT = 0.020609, pt = 2e-05, dt = 0.017633, ct = 0.002673, ndl = 6', bdl = 182', odl = 3', odf = 32', bsi = 1', cnt = 154', bdch = 2651', odch = 126', lcp = 103', #sols = 150
<DWph=0> <it=100> <et=0.63> <Mt= 0.00> <Spt= 0.05> <nCl= 15> <al=0.00> <DB=  635.9348> <Mlp=  635.9348> <PB=711.1> 
Dynamic params and stats :  aver.obdmd = 23.7368 aver.buck.num. = 26
@@ 1 0 635.935 0.021122 0.023793 87.1741 0.63
Labels distribution in buckets (bucket size) : largest - 89, top 0.1% - 89, top 0.5% - 83, top 2% - 59, top 10% - 31, top 50% - 3
Reduced cost fixing for graph G_1... 51843 buck. arcs remain (78.2% from prev., 68.2% from max.) + 6034 jump buck. arcs (7.93% from max.)
 TT = 0.140081, pt = 0.010723, dt = 0.084452, ct = 0.044744, ndl = 27', bdl = 774', odl = 4', odf = 104', lpcb = 303', cnt = 1735', bdch = 16783', odch = 1721', lcp = 694'
Labels distribution in buckets (bucket size) : largest - 113, top 0.1% - 113, top 0.5% - 89, top 2% - 64, top 10% - 35, top 50% - 3
Run forward enumeration with border = 50... not succeeded (ratio 0.964527) lpt = 0.008435, ndl = 12', dl = 0', lpcb = 9', dch = 9'
 TT = 0.011429, pt = 0.001972, dt = 0.008435, ct = 0, ndl = 12', bdl = 0', lpcb = 9', cnt = 75', bdch = 9', odch = 0', lcp = 0'
ColGenEvalAlg final dual bound: 635.935 (rounded: 636)
In total 6 RCC cut(s) are found by the connected components heuristic 
Shrinking heuristic shrunk 24 edges
In total 4 RCC cut(s) are found by the Fractional capacity min-cut heuristic 
In total 4 RCC cut(s) are found by the greedy construction heuristic 
----- Add fac. cuts : CAP(14), max.viol = 0.941667, aver.viol = 0.31152, sep/add took 0.00296633/0.00958983 sec. -----
2492 columns (2492 active), 14 dyn. constrs. (14 active), 126 art. vars. (126 active)
<DWph=2> <it=  1> <et=0.81> <Mt= 0.01> <Spt= 0.00> <nCl= 20> <al=0.50> <DB=  679.1313> <Mlp=  736.8033> <PB=711.1> 
<DWph=2> <it=  2> <et=0.81> <Mt= 0.00> <Spt= 0.00> <nCl= 30> <al=0.55> <DB= -176.1898> <Mlp=  736.5923> <PB=711.1> 
<DWph=2> <it=  3> <et=0.83> <Mt= 0.01> <Spt= 0.01> <nCl= 23> <al=0.60> <DB=  670.0576> <Mlp=  707.2000> <PB=711.1> 
<DWph=2> <it=  4> <et=0.83> <Mt= 0.00> <Spt= 0.00> <nCl= 10> <al=0.64> <DB=  691.0375> <Mlp=  707.2000> <PB=711.1> 
<DWph=2> <it=  5> <et=0.83> <Mt= 0.00> <Spt= 0.00> <nCl= 10> <al=0.54> <DB=  698.6725> <Mlp=  707.2000> <PB=711.1> 
<DWph=2> <it=  6> <et=0.84> <Mt= 0.00> <Spt= 0.01> <nCl= 26> <al=0.44> <DB=  676.1781> <Mlp=  707.2000> <PB=711.1> 
<DWph=2> <it=  7> <et=0.85> <Mt= 0.01> <Spt= 0.00> <nCl= 25> <al=0.49> <DB=  679.1756> <Mlp=  705.2209> <PB=711.1> 
<DWph=2> <it=  8> <et=0.85> <Mt= 0.00> <Spt= 0.00> <nCl= 13> <al=0.54> <DB=  695.7127> <Mlp=  703.5000> <PB=711.1> 
<DWph=2> <it=  9> <et=0.86> <Mt= 0.00> <Spt= 0.00> <nCl= 10> <al=0.59> <DB=  700.6591> <Mlp=  703.5000> <PB=711.1> 
<DWph=2> <it= 10> <et=0.86> <Mt= 0.01> <Spt= 0.01> <nCl= 20> <al=0.49> <DB=  691.7657> <Mlp=  703.5000> <PB=711.1> 
<DWph=2> <it= 11> <et=0.87> <Mt= 0.00> <Spt= 0.00> <nCl= 13> <al=0.54> <DB=  690.5664> <Mlp=  703.5000> <PB=711.1> 
<DWph=2> <it= 12> <et=0.87> <Mt= 0.00> <Spt= 0.00> <nCl=  7> <al=0.59> <DB=  701.8362> <Mlp=  703.5000> <PB=711.1> 
<DWph=2> <it= 13> <et=0.87> <Mt= 0.00> <Spt= 0.01> <nCl= 23> <al=0.49> <DB=  677.0278> <Mlp=  703.5000> <PB=711.1> 
<DWph=2> <it= 14> <et=0.88> <Mt= 0.00> <Spt= 0.00> <nCl= 13> <al=0.54> <DB=  693.4340> <Mlp=  703.5000> <PB=711.1> 
<DWph=2> <it= 15> <et=0.89> <Mt= 0.00> <Spt= 0.01> <nCl= 30> <al=0.17> <DB=  676.1151> <Mlp=  703.5000> <PB=711.1> 
<DWph=2> <it= 16> <et=0.89> <Mt= 0.00> <Spt= 0.00> <nCl= 16> <al=0.48> <DB=  685.9522> <Mlp=  703.5000> <PB=711.1> 
<DWph=2> <it= 17> <et=0.89> <Mt= 0.00> <Spt= 0.00> <nCl= 11> <al=0.54> <DB=  702.2024> <Mlp=  703.5000> <PB=711.1> 
<DWph=2> <it= 18> <et=0.90> <Mt= 0.00> <Spt= 0.01> <nCl=  9> <al=0.58> <DB=  700.3921> <Mlp=  703.5000> <PB=711.1> 
<DWph=2> <it= 19> <et=0.90> <Mt= 0.00> <Spt= 0.00> <nCl=  4> <al=0.62> <DB=  702.3800> <Mlp=  703.5000> <PB=711.1> 
<DWph=2> <it= 20> <et=0.91> <Mt= 0.01> <Spt= 0.00> <nCl=  7> <al=0.52> <DB=  702.5882> <Mlp=  703.5000> <PB=711.1> 
<DWph=2> <it= 21> <et=0.91> <Mt= 0.00> <Spt= 0.00> <nCl= 10> <al=0.42> <DB=  685.5143> <Mlp=  703.5000> <PB=711.1> 
<DWph=2> <it= 22> <et=0.91> <Mt= 0.00> <Spt= 0.01> <nCl=  9> <al=0.48> <DB=  698.2991> <Mlp=  703.5000> <PB=711.1> 
<DWph=2> <it= 23> <et=0.92> <Mt= 0.00> <Spt= 0.00> <nCl=  9> <al=0.38> <DB=  695.3940> <Mlp=  703.5000> <PB=711.1> 
<DWph=2> <it= 24> <et=0.92> <Mt= 0.00> <Spt= 0.00> <nCl=  7> <al=0.44> <DB=  697.8020> <Mlp=  703.5000> <PB=711.1> 
<DWph=2> <it= 25> <et=0.93> <Mt= 0.00> <Spt= 0.01> <nCl=  4> <al=0.34> <DB=  701.1264> <Mlp=  703.5000> <PB=711.1> 
<DWph=2> <it= 26> <et=0.93> <Mt= 0.00> <Spt= 0.00> <nCl=  9> <al=0.24> <DB=  700.8801> <Mlp=  703.5000> <PB=711.1> 
<DWph=2> <it= 27> <et=0.94> <Mt= 0.00> <Spt= 0.01> <nCl= 10> <al=0.00> <DB=  695.2997> <Mlp=  703.5000> <PB=711.1> 
<DWph=2> <it= 28> <et=0.94> <Mt= 0.00> <Spt= 0.00> <nCl=  8> <al=0.22> <DB=  701.3255> <Mlp=  703.5000> <PB=711.1> 
<DWph=2> <it= 29> <et=0.95> <Mt= 0.00> <Spt= 0.00> <nCl=  2> <al=0.30> <DB=  703.4016> <Mlp=  703.5000> <PB=711.1> 
<DWph=2> <it= 30> <et=0.95> <Mt= 0.00> <Spt= 0.01> <nCl=  2> <al=0.37> <DB=  703.2438> <Mlp=  703.5000> <PB=711.1> 
<DWph=2> <it= 31> <et=0.96> <Mt= 0.00> <Spt= 0.00> <nCl=  5> <al=0.00> <DB=  703.5000> <Mlp=  703.5000> <PB=711.1> 
<DWph=1> <it= 32> <et=0.96> <Mt= 0.00> <Spt= 0.01> <nCl= 27> <al=0.33> <DB=  672.0000> <Mlp=  703.5000> <PB=711.1> 
<DWph=1> <it= 33> <et=0.97> <Mt= 0.01> <Spt= 0.00> <nCl= 22> <al=0.33> <DB=  688.3436> <Mlp=  703.5000> <PB=711.1> 
<DWph=1> <it= 34> <et=0.98> <Mt= 0.00> <Spt= 0.01> <nCl= 20> <al=0.23> <DB=  692.4163> <Mlp=  703.5000> <PB=711.1> 
<DWph=1> <it= 35> <et=0.98> <Mt= 0.00> <Spt= 0.00> <nCl= 14> <al=0.31> <DB=  696.6614> <Mlp=  703.5000> <PB=711.1> 
<DWph=1> <it= 36> <et=0.99> <Mt= 0.00> <Spt= 0.01> <nCl=  8> <al=0.38> <DB=  700.5088> <Mlp=  703.5000> <PB=711.1> 
<DWph=1> <it= 37> <et=0.99> <Mt= 0.00> <Spt= 0.00> <nCl=  7> <al=0.44> <DB=  700.0285> <Mlp=  703.5000> <PB=711.1> 
<DWph=1> <it= 38> <et=1.00> <Mt= 0.00> <Spt= 0.01> <nCl=  6> <al=0.34> <DB=  702.4861> <Mlp=  703.5000> <PB=711.1> 
<DWph=1> <it= 39> <et=1.01> <Mt= 0.00> <Spt= 0.00> <nCl=  5> <al=0.24> <DB=  702.4649> <Mlp=  703.5000> <PB=711.1> 
<DWph=1> <it= 40> <et=1.01> <Mt= 0.00> <Spt= 0.01> <nCl=  1> <al=0.32> <DB=  702.6625> <Mlp=  703.5000> <PB=711.1> 
<DWph=1> <it= 41> <et=1.02> <Mt= 0.00> <Spt= 0.01> <nCl= 10> <al=0.00> <DB=  703.5000> <Mlp=  703.5000> <PB=711.1> 
    RCSP exact solver info for graph G_1 : TT = 0.01377, pt = 1.1e-05, dt = 0.010961, ct = 0.002509, ndl = 4', bdl = 106', odl = 2', odf = 27', bsi = 1', cnt = 299', bdch = 1147', odch = 89', lcp = 78', #sols = 150
<DWph=0> <it= 42> <et=1.04> <Mt= 0.00> <Spt= 0.02> <nCl=150> <al=0.28> <DB=  682.5000> <Mlp=  703.5000> <PB=711.1> 
    RCSP exact solver info for graph G_1 : TT = 0.015768, pt = 2.1e-05, dt = 0.012321, ct = 0.003114, ndl = 4', bdl = 118', odl = 2', odf = 29', bsi = 1', cnt = 462', bdch = 1375', odch = 114', lcp = 97', #sols = 150
<DWph=0> <it= 43> <et=1.06> <Mt= 0.00> <Spt= 0.01> <nCl=130> <al=0.28> <DB=  692.4480> <Mlp=  703.5000> <PB=711.1> 
    RCSP exact solver info for graph G_1 : TT = 0.015177, pt = 2.1e-05, dt = 0.011943, ct = 0.002912, ndl = 4', bdl = 115', odl = 2', odf = 29', bsi = 1', cnt = 406', bdch = 1316', odch = 107', lcp = 90', #sols = 150
<DWph=0> <it= 44> <et=1.08> <Mt= 0.01> <Spt= 0.02> <nCl= 86> <al=0.18> <DB=  698.7316> <Mlp=  703.5000> <PB=711.1> 
    RCSP exact solver info for graph G_1 : TT = 0.015391, pt = 2.1e-05, dt = 0.012032, ct = 0.003037, ndl = 4', bdl = 116', odl = 2', odf = 29', bsi = 1', cnt = 434', bdch = 1331', odch = 113', lcp = 93', #sols = 150
<DWph=0> <it= 45> <et=1.10> <Mt= 0.00> <Spt= 0.02> <nCl= 65> <al=0.27> <DB=  702.2676> <Mlp=  703.5000> <PB=711.1> 
    RCSP exact solver info for graph G_1 : TT = 0.015344, pt = 2.2e-05, dt = 0.012015, ct = 0.003017, ndl = 4', bdl = 116', odl = 2', odf = 29', bsi = 1', cnt = 428', bdch = 1323', odch = 113', lcp = 91', #sols = 150
    RCSP exact solver info for graph G_1 : TT = 0.01504, pt = 1.9e-05, dt = 0.011814, ct = 0.002943, ndl = 4', bdl = 114', odl = 2', odf = 29', bsi = 1', cnt = 412', bdch = 1291', odch = 112', lcp = 89', #sols = 150
<DWph=0> <it= 46> <et=1.13> <Mt= 0.00> <Spt= 0.03> <nCl= 40> <al=0.00> <DB=  703.5000> <Mlp=  703.5000> <PB=711.1> 
Dynamic params and stats :  aver.obdmd = 23.7368 aver.buck.num. = 26
@@ 1 1 703.5 0.0147697 0.015435 68.1562 1.13
Labels distribution in buckets (bucket size) : largest - 71, top 0.1% - 71, top 0.5% - 52, top 2% - 43, top 10% - 22, top 50% - 2
Reduced cost fixing for graph G_1... 16259 buck. arcs remain (31.4% from prev., 21.4% from max.) + 5314 jump buck. arcs (6.99% from max.)
 TT = 0.050318, pt = 0.007144, dt = 0.025051, ct = 0.017987, ndl = 20', bdl = 181', odl = 3', odf = 98', lpcb = 515', cnt = 1136', bdch = 3263', odch = 1299', lcp = 476'
Labels distribution in buckets (bucket size) : largest - 76, top 0.1% - 76, top 0.5% - 59, top 2% - 49, top 10% - 23, top 50% - 2
Run forward enumeration with border = 50... succeeded! lpt = 0.276617, ndl = 80', dl = 58', lpcb = 1094', dch = 426'
Run enumeration concatenation with time limit 0.44328 sec.... time limit reached, not succeeded.
Sorting and storing enumerated solutions ...  TT = 0.82397, pt = 0, dt = 0.276617, ct = 0.49415, ndl = 80', bdl = 58', lpcb = 1094', cnt = 10261', bdch = 426', odch = 0', lcp = 0'
ColGenEvalAlg final dual bound: 703.5 (rounded: 704)
False gap improvement since the last cut separation : 1.06245 (635.935)
Current active cuts : CAP(5,1279.91)
In total 8 RCC cut(s) are found by the connected components heuristic 
Shrinking heuristic shrunk 42 edges
In total 3 RCC cut(s) are found by the global pool greedy search heuristic 
----- Add fac. cuts : CAP(11), max.viol = 0.75, aver.viol = 0.75, sep/add took 0.000908846/0.0218189 sec. -----
3478 columns (3478 active), 25 dyn. constrs. (16 active), 137 art. vars. (128 active)
<DWph=2> <it=  1> <et=2.04> <Mt= 0.00> <Spt= 0.01> <nCl= 38> <al=0.00> <DB=  689.1053> <Mlp=  705.3158> <PB=711.1> 
<DWph=2> <it=  2> <et=2.05> <Mt= 0.00> <Spt= 0.00> <nCl= 23> <al=0.00> <DB=  703.2000> <Mlp=  704.9500> <PB=711.1> 
<DWph=2> <it=  3> <et=2.05> <Mt= 0.01> <Spt= 0.00> <nCl=  4> <al=0.30> <DB=  704.2385> <Mlp=  704.9000> <PB=711.1> 
<DWph=2> <it=  4> <et=2.06> <Mt= 0.00> <Spt= 0.01> <nCl=  7> <al=0.00> <DB=  703.5000> <Mlp=  704.9000> <PB=711.1> 
<DWph=2> <it=  5> <et=2.06> <Mt= 0.00> <Spt= 0.00> <nCl=  1> <al=0.00> <DB=  704.9000> <Mlp=  704.9000> <PB=711.1> 
<DWph=1> <it=  6> <et=2.06> <Mt= 0.00> <Spt= 0.00> <nCl= 10> <al=0.17> <DB=  697.9000> <Mlp=  704.9000> <PB=711.1> 
<DWph=1> <it=  7> <et=2.07> <Mt= 0.00> <Spt= 0.01> <nCl= 13> <al=0.07> <DB=  698.5218> <Mlp=  704.9000> <PB=711.1> 
<DWph=1> <it=  8> <et=2.07> <Mt= 0.00> <Spt= 0.00> <nCl=  4> <al=0.16> <DB=  703.4526> <Mlp=  704.9000> <PB=711.1> 
<DWph=1> <it=  9> <et=2.08> <Mt= 0.00> <Spt= 0.00> <nCl=  2> <al=0.06> <DB=  704.7417> <Mlp=  704.9000> <PB=711.1> 
<DWph=1> <it= 10> <et=2.08> <Mt= 0.00> <Spt= 0.01> <nCl=  4> <al=0.00> <DB=  704.8121> <Mlp=  704.9000> <PB=711.1> 
<DWph=1> <it= 11> <et=2.09> <Mt= 0.00> <Spt= 0.00> <nCl= 11> <al=0.00> <DB=  704.9000> <Mlp=  704.9000> <PB=711.1> 
    RCSP exact solver info for graph G_1 : TT = 0.009387, pt = 1.1e-05, dt = 0.006218, ct = 0.00284, ndl = 5', bdl = 30', odl = 2', odf = 31', bsi = 1', cnt = 678', bdch = 464', odch = 162', lcp = 111', #sols = 150
<DWph=0> <it= 12> <et=2.10> <Mt= 0.00> <Spt= 0.01> <nCl= 95> <al=0.00> <DB=  697.9000> <Mlp=  704.9000> <PB=711.1> 
    RCSP exact solver info for graph G_1 : TT = 0.00977, pt = 2.1e-05, dt = 0.006442, ct = 0.003019, ndl = 6', bdl = 31', odl = 2', odf = 31', bsi = 1', cnt = 740', bdch = 490', odch = 168', lcp = 116', #sols = 150
<DWph=0> <it= 13> <et=2.11> <Mt= 0.00> <Spt= 0.02> <nCl= 22> <al=0.07> <DB=  703.6961> <Mlp=  704.9000> <PB=711.1> 
    RCSP exact solver info for graph G_1 : TT = 0.00969, pt = 2.1e-05, dt = 0.006406, ct = 0.002976, ndl = 6', bdl = 31', odl = 2', odf = 31', bsi = 1', cnt = 725', bdch = 485', odch = 168', lcp = 116', #sols = 150
    RCSP exact solver info for graph G_1 : TT = 0.009512, pt = 2e-05, dt = 0.006285, ct = 0.002929, ndl = 5', bdl = 31', odl = 2', odf = 31', bsi = 1', cnt = 713', bdch = 477', odch = 167', lcp = 113', #sols = 150
<DWph=0> <it= 14> <et=2.14> <Mt= 0.00> <Spt= 0.02> <nCl= 57> <al=0.00> <DB=  704.9000> <Mlp=  704.9000> <PB=711.1> 
Dynamic params and stats :  aver.obdmd = 23.7368 aver.buck.num. = 26
@@ 1 2 704.9 0.00927875 0.009461 21.3751 2.14
Labels distribution in buckets (bucket size) : largest - 83, top 0.1% - 83, top 0.5% - 68, top 2% - 54, top 10% - 27, top 50% - 3
Reduced cost fixing for graph G_1... 13987 buck. arcs remain (86% from prev., 18.4% from max.) + 5584 jump buck. arcs (7.34% from max.)
 TT = 0.0371, pt = 0.003122, dt = 0.017725, ct = 0.016117, ndl = 21', bdl = 92', odl = 3', odf = 101', lpcb = 134', cnt = 2010', bdch = 1536', odch = 1237', lcp = 351'
Labels distribution in buckets (bucket size) : largest - 85, top 0.1% - 85, top 0.5% - 71, top 2% - 59, top 10% - 30, top 50% - 3
Run forward enumeration with border = 50... succeeded! lpt = 0.158547, ndl = 52', dl = 31', lpcb = 662', dch = 228'
Run enumeration concatenation with time limit 0.3 sec.... time limit reached, not succeeded.
Sorting and storing enumerated solutions ...  TT = 0.504214, pt = 0, dt = 0.158547, ct = 0.316297, ndl = 52', bdl = 31', lpcb = 662', cnt = 7662', bdch = 228', odch = 0', lcp = 0'
ColGenEvalAlg final dual bound: 704.9 (rounded: 705)
Gap improvement since the last cut separation : 0.184211 (703.5)
Current active cuts : CAP(7,1322.57)
Shrinking heuristic shrunk 36 edges
In total 10 RCC cut(s) are found by the Fractional capacity min-cut heuristic 
In total 6 RCC cut(s) are found by the greedy construction heuristic 
----- Add fac. cuts : CAP(16), max.viol = 0.4, aver.viol = 0.1875, sep/add took 0.00154517/0.0176856 sec. -----
3769 columns (3769 active), 32 dyn. constrs. (24 active), 153 art. vars. (136 active)
<DWph=2> <it=  1> <et=2.71> <Mt= 0.01> <Spt= 0.00> <nCl=  8> <al=0.00> <DB=  705.0000> <Mlp=  705.0000> <PB=711.1> 
<DWph=1> <it=  2> <et=2.72> <Mt= 0.00> <Spt= 0.01> <nCl=  1> <al=0.00> <DB=  705.0000> <Mlp=  705.0000> <PB=711.1> 
    RCSP exact solver info for graph G_1 : TT = 0.008624, pt = 1.1e-05, dt = 0.005588, ct = 0.002662, ndl = 5', bdl = 24', odl = 2', odf = 29', bsi = 1', cnt = 632', bdch = 403', odch = 153', lcp = 100', #sols = 150
    RCSP exact solver info for graph G_1 : TT = 0.008565, pt = 2.1e-05, dt = 0.00557, ct = 0.002652, ndl = 5', bdl = 24', odl = 2', odf = 29', bsi = 1', cnt = 632', bdch = 403', odch = 153', lcp = 100', #sols = 150
<DWph=0> <it=  3> <et=2.74> <Mt= 0.00> <Spt= 0.02> <nCl= 11> <al=0.00> <DB=  705.0000> <Mlp=  705.0000> <PB=711.1> 
Dynamic params and stats :  aver.obdmd = 23.7368 aver.buck.num. = 26
@@ 1 3 705 0.008236 0.00825 18.3882 2.74
    Full reduced cost fixing is not called (gap ratio is 0.983607)
ColGenEvalAlg final dual bound: 705 (rounded: 705)
Gap improvement since the last cut separation : 0.016129 (704.9)
Cut generation tailing off counter increased to 1
Current active cuts : CAP(11,1330.34)
Shrinking heuristic shrunk 41 edges
Building structures for heuristic rank-1 packing cut separation...done!
----- Add fac. cuts : sep. took 0.116683 sec.----- no cuts found  -----
Current active cuts : CAP(11,1330.34)
------------------------------------------------
-- Enumeration for restr. mast. heur. started --
------------------------------------------------
<DWph=2> <it=  1> <et=2.87> <Mt= 0.00> <Spt= 0.00> <nCl=  0> <al=0.50> <DB=  705.0000> <Mlp=  705.0000> <PB=711.1> 
<DWph=1> <it=  2> <et=2.87> <Mt= 0.00> <Spt= 0.00> <nCl=  0> <al=0.50> <DB=  705.0000> <Mlp=  705.0000> <PB=711.1> 
@@ 2 0 705 0 0 18.3882 2.87
<DWph=1> <it=  2> <et=2.87> <Mt= 0.00> <Spt= 0.00> <nCl=  0> <al=0.00> <DB=  705.0000> <Mlp=  705.0000> <PB=711.1> 
False gap = 6.1
Labels distribution in buckets (bucket size) : largest - 70, top 0.1% - 70, top 0.5% - 63, top 2% - 51, top 10% - 26, top 50% - 3
Reduced cost fixing for graph G_1... 13927 buck. arcs remain (99.6% from prev., 18.3% from max.) + 5560 jump buck. arcs (7.31% from max.)
 TT = 0.041628, pt = 0.002867, dt = 0.023148, ct = 0.015418, ndl = 27', bdl = 112', odl = 5', odf = 133', lpcb = 118', cnt = 1728', bdch = 1896', odch = 1427', lcp = 440'
Labels distribution in buckets (bucket size) : largest - 77, top 0.1% - 77, top 0.5% - 70, top 2% - 54, top 10% - 29, top 50% - 3
Run forward enumeration with border = 50... succeeded! lpt = 0.158968, ndl = 52', dl = 31', lpcb = 663', dch = 251'
Run enumeration concatenation with time limit 3000 sec.... succeeded!
Sorting and storing enumerated solutions ... done!
 TT = 0.697099, pt = 0.000254, dt = 0.158968, ct = 0.460505, ndl = 52', bdl = 31', lpcb = 663', cnt = 7561', bdch = 251', odch = 0', lcp = 0'
Enumeration succeeded!, number of elem. solutions is 37358
37358 enum. solutions in graph 1
Added 965 columns in the formulation 
Removed 2824 columns (not in the enumerated set) from the formulation
Regenerated 965 columns with the 'enumerated' flag
Added 5000 enum. columns to the heuristic restricted master 
Added 4824 columns in the formulation 
------------------------------------------------
---- Restricted Master IP Heuristic started ----
------------------------------------------------
Version identifier: 20.1.0.0 | 2020-11-10 | 9bedb6d68
CPXPARAM_Advance                                 0
CPXPARAM_Threads                                 1
CPXPARAM_Emphasis_MIP                            1
CPXPARAM_MIP_Limits_Nodes                        2000000
CPXPARAM_Simplex_Tolerances_Optimality           9.9999999999999995e-08
CPXPARAM_Simplex_Tolerances_Feasibility          9.9999999999999995e-08
CPXPARAM_TimeLimit                               20
CPXPARAM_MIP_Tolerances_UpperCutoff              711.000001
CPXPARAM_MIP_Tolerances_MIPGap                   1.0000000000000001e-09
Tried aggregator 1 time.
MIP Presolve eliminated 17 rows and 4041 columns.
MIP Presolve modified 25339 coefficients.
Reduced MIP has 51 rows, 1748 columns, and 21923 nonzeros.
Reduced MIP has 1748 binaries, 0 generals, 0 SOSs, and 0 indicators.
Presolve time = 0.09 sec. (118.50 ticks)
Tried aggregator 1 time.
Detecting symmetries...
MIP Presolve eliminated 1 rows and 0 columns.
Reduced MIP has 50 rows, 1748 columns, and 21876 nonzeros.
Reduced MIP has 1748 binaries, 0 generals, 0 SOSs, and 0 indicators.
Presolve time = 0.01 sec. (15.17 ticks)
Probing fixed 995 vars, tightened 0 bounds.
Probing time = 0.12 sec. (205.03 ticks)
Clique table members: 1446.
MIP emphasis: integer feasibility.
MIP search method: dynamic search.
Parallel mode: none, using 1 thread.
Root relaxation solution time = 0.00 sec. (4.00 ticks)

        Nodes                                         Cuts/
   Node  Left     Objective  IInf  Best Integer    Best Bound    ItCnt     Gap

      0     0      705.0000    10                    705.0000      135         
      0     0      706.0986    26                     Cuts: 2      183         
      0     0      706.4000    22                    Cuts: 17      221         
Detecting symmetries...

Repeating presolve.
Tried aggregator 1 time.
MIP Presolve eliminated 4 rows and 1038 columns.
MIP Presolve modified 439 coefficients.
Reduced MIP has 46 rows, 710 columns, and 7791 nonzeros.
Reduced MIP has 710 binaries, 0 generals, 0 SOSs, and 0 indicators.
Presolve time = 0.00 sec. (7.29 ticks)
Probing fixed 72 vars, tightened 0 bounds.
Probing time = 0.02 sec. (32.21 ticks)
Tried aggregator 1 time.
MIP Presolve eliminated 0 rows and 72 columns.
MIP Presolve modified 276 coefficients.
Reduced MIP has 46 rows, 638 columns, and 6578 nonzeros.
Reduced MIP has 638 binaries, 0 generals, 0 SOSs, and 0 indicators.
Presolve time = 0.00 sec. (4.64 ticks)
Probing fixed 36 vars, tightened 0 bounds.
Probing time = 0.02 sec. (24.90 ticks)
Tried aggregator 1 time.
MIP Presolve eliminated 0 rows and 36 columns.
Reduced MIP has 46 rows, 602 columns, and 6085 nonzeros.
Reduced MIP has 602 binaries, 0 generals, 0 SOSs, and 0 indicators.
Presolve time = 0.00 sec. (3.27 ticks)
Probing time = 0.00 sec. (3.54 ticks)
Tried aggregator 1 time.
Detecting symmetries...
Reduced MIP has 46 rows, 602 columns, and 6085 nonzeros.
Reduced MIP has 602 binaries, 0 generals, 0 SOSs, and 0 indicators.
Presolve time = 0.00 sec. (3.63 ticks)
Represolve time = 0.06 sec. (86.90 ticks)
Probing time = 0.00 sec. (3.54 ticks)
Clique table members: 1902.
MIP emphasis: integer feasibility.
MIP search method: dynamic search.
Parallel mode: none, using 1 thread.
Root relaxation solution time = 0.00 sec. (3.46 ticks)

        Nodes                                         Cuts/
   Node  Left     Objective  IInf  Best Integer    Best Bound    ItCnt     Gap

      0     0      706.4000    19                    706.4000      358         
      0     0      706.5814    21                    Cuts: 10      367         
      0     0      706.6973    41                     Cuts: 9      399         
*     0+    0                          708.0000      706.6973             0.18%
*     0+    0                          707.0000      706.6973             0.04%
      0     0        cutoff            707.0000      706.6973      400    0.04%
Elapsed time = 0.33 sec. (500.67 ticks, tree = 0.01 MB, solutions = 2)

GUB cover cuts applied:  1
Clique cuts applied:  7
Mixed integer rounding cuts applied:  1
Zero-half cuts applied:  9
Gomory fractional cuts applied:  1

Root node processing (before b&c):
  Real time             =    0.33 sec. (500.90 ticks)
Sequential b&c:
  Real time             =    0.00 sec. (0.00 ticks)
                          ------------
Total (root+branch&cut) =    0.33 sec. (500.90 ticks)
Solution status = Optimum
**** Strong branching phase 1 is started *****
SB phase 1 cand.  1 branch on EDGE[0,2] (lhs=0.5000)  : [  705.7232,   707.0000], score = 1.45      <et=4.16>
SB phase 1 cand.  2 branch on EDGE[0,13] (lhs=0.5000) : [  706.0000,   706.4681], score = 1.47      <et=4.17>
SB phase 1 cand.  3 branch on EDGE[0,48] (lhs=0.5000) : [  705.5132,   706.0000], score = 0.51      <et=4.18>
SB phase 1 cand.  4 branch on EDGE[3,13] (lhs=0.5000) : [  706.0000,   707.0000], score = 2.00      <et=4.19>
SB phase 1 cand.  5 branch on EDGE[30,31] (lhs=0.5000): [  705.0000,   705.0000], score = 0.00      <et=4.19>
SB phase 1 cand.  6 branch on EDGE[32,49] (lhs=0.5000): [  705.7000,   706.1923], score = 0.83      <et=4.2>
SB phase 1 cand.  7 branch on EDGE[33,49] (lhs=0.5000): [  705.7500,   707.0000], score = 1.50      <et=4.21>
SB phase 1 cand.  8 branch on EDGE[34,54] (lhs=0.5000): [  705.0000,   705.0000], score = 0.00      <et=4.22>
SB phase 1 cand.  9 branch on EDGE[36,48] (lhs=0.5000): [  705.5000,   706.1923], score = 0.60      <et=4.22>
SB phase 1 cand. 10 branch on EDGE[0,19] (lhs=0.5000) : [  706.6624,   706.6667], score = 2.77      <et=4.23>
SB phase 1 cand. 11 branch on EDGE[0,21] (lhs=0.5000) : [  705.8571,   707.0000], score = 1.71      <et=4.24>
SB phase 1 cand. 12 branch on EDGE[0,45] (lhs=0.5000) : [  705.0000,   705.6182], score = 0.00      <et=4.25>
SB phase 1 cand. 13 branch on EDGE[1,21] (lhs=0.5000) : [  705.6833,   709.2391], score = 2.90      <et=4.26>
SB phase 1 cand. 14 branch on EDGE[1,52] (lhs=0.5000) : [  705.6375,   707.5970], score = 1.66      <et=4.27>
SB phase 1 cand. 15 branch on EDGE[3,36] (lhs=0.5000) : [  706.4634,   706.6571], score = 2.43      <et=4.28>
SB phase 1 cand. 16 branch on EDGE[7,19] (lhs=0.5000) : [  705.9621,   707.0000], score = 1.92      <et=4.29>
SB phase 1 cand. 17 branch on EDGE[7,37] (lhs=0.5000) : [  705.4340,   707.0000], score = 0.87      <et=4.3>
SB phase 1 cand. 18 branch on EDGE[15,24] (lhs=0.5000): [  705.6458,   707.0000], score = 1.29      <et=4.3>
SB phase 1 cand. 19 branch on EDGE[15,37] (lhs=0.5000): [  705.7778,   706.6667], score = 1.30      <et=4.31>
SB phase 1 cand. 20 branch on EDGE[24,42] (lhs=0.5000): [  705.4615,   709.0000], score = 1.85      <et=4.32>
SB phase 1 cand. 21 branch on EDGE[27,35] (lhs=0.5000): [  705.4595,   707.0000], score = 0.92      <et=4.33>
SB phase 1 cand. 22 branch on EDGE[27,52] (lhs=0.5000): [  705.8108,   706.2200], score = 0.99      <et=4.34>
SB phase 1 cand. 23 branch on EDGE[32,48] (lhs=0.5000): [  705.5000,   706.0044], score = 0.50      <et=4.35>
SB phase 1 cand. 24 branch on EDGE[35,48] (lhs=0.5000): [  705.5132,   706.0000], score = 0.51      <et=4.36>
SB phase 1 cand. 25 branch on EDGE[41,42] (lhs=0.5000): [  705.5909,   707.0000], score = 1.18      <et=4.37>
SB phase 1 cand. 26 branch on EDGE[41,45] (lhs=0.5000): [  705.6182,   707.0000], score = 1.24      <et=4.37>
SB phase 1 cand. 27 branch on EDGE[0,25] (lhs=1.5000) : [  706.2500,   712.5000], score = 7.50      <et=4.39>
SB phase 1 cand. 28 branch on EDGE[0,33] (lhs=0.5000) : [  705.7232,   707.0000], score = 1.45      <et=4.4>
SB phase 1 cand. 29 branch on EDGE[2,19] (lhs=0.5000) : [  705.7232,   707.0000], score = 1.45      <et=4.4>
SB phase 1 cand. 30 branch on EDGE[19,25] (lhs=0.5000): [  706.1463,   707.0000], score = 2.29      <et=4.41>
SB phase 1 cand. 31 branch on EDGE[30,34] (lhs=0.5000): [  705.0000,   705.0000], score = 0.00      <et=4.41>
SB phase 1 cand. 32 branch on EDGE[31,54] (lhs=0.5000): [  705.0000,   705.0000], score = 0.00      <et=4.42>
**** Strong branching phase 2 is started *****
<DWph=2> <it= 15> <et=4.48> <Mt= 0.02> <Spt= 0.04> <nCl=135> <al=0.53> <DB=  603.2959> <Mlp=  708.5306> <PB=707> 
<DWph=1> <it= 24> <et=4.52> <Mt= 0.01> <Spt= 0.03> <nCl= 78> <al=0.00> <DB=  708.1939> <Mlp=  708.1939> <PB=707> 
<DWph=1> <it= 15> <et=4.65> <Mt= 0.03> <Spt= 0.04> <nCl=140> <al=0.00> <DB=  706.1250> <Mlp=  706.1250> <PB=707> 
SB phase 2 cand.  1 branch on EDGE[0,25] (lhs=1.5000): [  706.1250,   708.1939], score = 3.59      <et=4.65>
<DWph=1> <it= 21> <et=4.77> <Mt= 0.06> <Spt= 0.05> <nCl=258> <al=0.00> <DB=  707.1176> <Mlp=  707.1176> <PB=707> 
<DWph=1> <it= 15> <et=4.86> <Mt= 0.03> <Spt= 0.04> <nCl=164> <al=0.00> <DB=  705.5000> <Mlp=  705.5000> <PB=707> 
SB phase 2 cand.  2 branch on EDGE[1,21] (lhs=0.5000): [  705.5000,   707.1176], score = 1.06      <et=4.86>
<DWph=1> <it= 13> <et=4.91> <Mt= 0.01> <Spt= 0.03> <nCl= 79> <al=0.00> <DB=  706.6000> <Mlp=  706.6000> <PB=707> 
<DWph=1> <it= 24> <et=5.02> <Mt= 0.04> <Spt= 0.07> <nCl=250> <al=0.00> <DB=  705.9656> <Mlp=  705.9656> <PB=707> 
SB phase 2 cand.  3 branch on EDGE[0,19] (lhs=0.5000): [  705.9656,   706.6000], score = 1.54      <et=5.03>
**** Strong branching phase 3 is started *****
**** SB phase 3 evaluation of candidate 1, branch 1 ( EDGE[0,25] >= 2 ), value = 708.194
<DWph=2> <it=  1> <et=5.04> <Mt= 0.00> <Spt= 0.01> <nCl=  8> <al=0.00> <DB=  708.1939> <Mlp=  708.1939> <PB=707> 
<DWph=1> <it=  2> <et=5.05> <Mt= 0.00> <Spt= 0.00> <nCl=  0> <al=0.00> <DB=  708.1939> <Mlp=  708.1939> <PB=707> 
    RCSP exact solver info for graph G_1 : TT = 0.013204, pt = 1.1e-05, dt = 0.008106, ct = 0.004742, ndl = 7', bdl = 31', odl = 2', odf = 37', bsi = 2', cnt = 1362', bdch = 691', odch = 302', lcp = 198', #sols = 150
<DWph=0> <it=  3> <et=5.06> <Mt= 0.00> <Spt= 0.02> <nCl= 90> <al=0.30> <DB=  652.1939> <Mlp=  708.1939> <PB=707> 
    RCSP exact solver info for graph G_1 : TT = 0.012371, pt = 2.5e-05, dt = 0.007639, ct = 0.004396, ndl = 6', bdl = 31', odl = 2', odf = 34', bsi = 2', cnt = 1248', bdch = 628', odch = 250', lcp = 179', #sols = 150
<DWph=0> <it=  4> <et=5.08> <Mt= 0.00> <Spt= 0.01> <nCl= 31> <al=0.37> <DB=  663.5593> <Mlp=  708.1799> <PB=707> 
    RCSP exact solver info for graph G_1 : TT = 0.012493, pt = 2.2e-05, dt = 0.007661, ct = 0.004479, ndl = 6', bdl = 31', odl = 2', odf = 34', bsi = 2', cnt = 1277', bdch = 644', odch = 245', lcp = 190', #sols = 150
    RCSP exact solver info for graph G_1 : TT = 0.012033, pt = 2.1e-05, dt = 0.007402, ct = 0.004293, ndl = 6', bdl = 30', odl = 2', odf = 33', bsi = 2', cnt = 1219', bdch = 616', odch = 234', lcp = 172', #sols = 150
<DWph=0> <it=  5> <et=5.11> <Mt= 0.00> <Spt= 0.03> <nCl= 61> <al=0.00> <DB=  708.1799> <Mlp=  708.1799> <PB=707> 
Dynamic params and stats :  aver.obdmd = 23.7368 aver.buck.num. = 26
@@ 74 0 708.18 0.0121795 0.012848 18.3882 5.11
ColGenEvalAlg final dual bound: 708.18 (rounded: 709)
Current active cuts : CAP(6,1359.07)
**** SB phase 3 evaluation of candidate 1, branch 2 ( EDGE[0,25] <= 1 ), value = 706.125
<DWph=2> <it=  1> <et=5.13> <Mt= 0.00> <Spt= 0.01> <nCl=  3> <al=0.00> <DB=  706.1250> <Mlp=  706.1250> <PB=707> 
<DWph=1> <it=  2> <et=5.14> <Mt= 0.00> <Spt= 0.00> <nCl=  0> <al=0.00> <DB=  706.1250> <Mlp=  706.1250> <PB=707> 
    RCSP exact solver info for graph G_1 : TT = 0.00552, pt = 1.1e-05, dt = 0.004191, ct = 0.000976, ndl = 3', bdl = 17', odl = 2', odf = 22', bsi = 1', cnt = 77', bdch = 216', odch = 61', lcp = 34', #sols = 150
<DWph=0> <it=  3> <et=5.15> <Mt= 0.00> <Spt= 0.01> <nCl= 99> <al=0.30> <DB=  692.1250> <Mlp=  706.1250> <PB=707> 
    RCSP exact solver info for graph G_1 : TT = 0.005708, pt = 2.4e-05, dt = 0.004327, ct = 0.001059, ndl = 4', bdl = 17', odl = 2', odf = 23', bsi = 1', cnt = 89', bdch = 232', odch = 68', lcp = 37', #sols = 150
    RCSP exact solver info for graph G_1 : TT = 0.005602, pt = 2.2e-05, dt = 0.004239, ct = 0.001055, ndl = 4', bdl = 17', odl = 2', odf = 23', bsi = 1', cnt = 89', bdch = 229', odch = 69', lcp = 36', #sols = 150
<DWph=0> <it=  4> <et=5.16> <Mt= 0.01> <Spt= 0.01> <nCl= 71> <al=0.00> <DB=  706.0398> <Mlp=  706.1250> <PB=707> 
Dynamic params and stats :  aver.obdmd = 23.7368 aver.buck.num. = 26
@@ 75 0 706.04 0.00528233 0.005386 18.3882 5.16
ColGenEvalAlg final dual bound: 706.04 (rounded: 707)
Current active cuts : CAP(8,1345.34)
 SB phase 3 candidate 1 is conquered !
SB with phases chosed candidate EDGE[0,25] (lhs=1.5)
New model incumbent solution 707, TIME = 0h0m5s17t = 517
************************************************************************************************
Search is finished, global bounds : [ 707 , 707 ], TIME = 0h0m5s17t = 517
************************************************************************************************
Built-in heuristic is enabled
instance_name solver_name ext_heuristic solution_value solution_time best_lb root_lb root_time nb_branch_and_bound_nodes status
/home/logis/Downloads/VRPSolverEasy/VRPSolverEasy/demos/data/CVRP/B-n56-k7 CPLEX False 707.0 5.17443907 707.0 705.0 2.874536618 3 0

