Node memory for rank-1 cuts will be used (8.04598)
~~~~~~~~~~~~~~~~~~~~~~~~~~~~~~~~~~~~~~~~~~~~~~~~~~~~~~~~~~~~~~~~~~~~~~~~~~~~~~~~~~~~~
VRPSolver v0.5.27, 24/02/2023, © Inria Bordeaux, France, vrpsolver.math.u-bordeaux.fr
      Corresponds to the solver by Pessoa, Sadykov, Uchoa and Vanderbeck (2020)
                 Paper: dx.doi.org/10.1007/s10107-020-01523-z
~~~~~~~~~~~~~~~~~~~~~~~~~~~~~~~~~~~~~~~~~~~~~~~~~~~~~~~~~~~~~~~~~~~~~~~~~~~~~~~~~~~~~
   BaPCod v0.77, 15/03/2023, © Inria Bordeaux, France, bapcod.math.u-bordeaux.fr 
           THIS CODE IS PROVIDED AS IS, USE IT AT YOUR OWN RISK
~~~~~~~~~~~~~~~~~~~~~~~~~~~~~~~~~~~~~~~~~~~~~~~~~~~~~~~~~~~~~~~~~~~~~~~~~~~~~~~~~~~~~
Bucket steps were recalculated for graph G_1 : [4]
RCSP solver info : symmetric case is detected for graph G_1! 
Bidirectional border value is initialised to 50
RCSP solver info : number of forw. reachable buckets / buck. strongly connected components is 1247( 94.0422% ) / 922( 73.9374% )
Generating neighbourhoods for rank-1 cuts separation
Building structures for 4- and 5-row rank-1 packing cut separation...done!
Model is built TIME = 0h0m0s1t = 1
************************************************************************************************
**** BaB tree root node
**** Local DB = -1e+12, global bounds : [ -1e+12 , 1e+06 ], TIME = 0h0m0s1t = 1
**** 1 open nodes, 0 columns (0 active), 0 dyn. constrs. (0 active), 100 art. vars. (100 active)
************************************************************************************************
#<DWph=2> <it=  1> <et=0.02> <Mt= 0.00> <Spt= 0.00> <nCl= 30> <al=0.00> <DB=-239947209.1837> <Mlp=5142857.1429> <PB=1000000> 
#<DWph=2> <it=  2> <et=0.02> <Mt= 0.00> <Spt= 0.00> <nCl= 30> <al=0.55> <DB=-225712366.8520> <Mlp=4940062.4052> <PB=1000000> 
#<DWph=2> <it=  3> <et=0.02> <Mt= 0.00> <Spt= 0.00> <nCl= 30> <al=0.45> <DB=-148972899.9916> <Mlp=4720150.3737> <PB=1000000> 
#<DWph=2> <it=  4> <et=0.03> <Mt= 0.00> <Spt= 0.01> <nCl= 30> <al=0.35> <DB=-119404226.9412> <Mlp=4410703.4623> <PB=1000000> 
#<DWph=2> <it=  5> <et=0.03> <Mt= 0.00> <Spt= 0.00> <nCl= 30> <al=0.42> <DB=-190108613.6681> <Mlp=4056383.3906> <PB=1000000> 
#<DWph=2> <it=  6> <et=0.03> <Mt= 0.00> <Spt= 0.00> <nCl= 30> <al=0.47> <DB=-107508001.8560> <Mlp=4043303.8751> <PB=1000000> 
#<DWph=2> <it=  7> <et=0.03> <Mt= 0.00> <Spt= 0.01> <nCl= 30> <al=0.53> <DB=-142839156.6212> <Mlp=4016083.1811> <PB=1000000> 
#<DWph=2> <it=  8> <et=0.04> <Mt= 0.00> <Spt= 0.00> <nCl= 30> <al=0.57> <DB=-91018050.3511> <Mlp=3959390.7844> <PB=1000000> 
#<DWph=2> <it=  9> <et=0.04> <Mt= 0.00> <Spt= 0.00> <nCl= 30> <al=0.47> <DB=-95731711.4206> <Mlp=3882388.1152> <PB=1000000> 
#<DWph=2> <it= 10> <et=0.04> <Mt= 0.00> <Spt= 0.00> <nCl= 30> <al=0.53> <DB=-83394428.9089> <Mlp=3840444.5505> <PB=1000000> 
#<DWph=2> <it= 11> <et=0.05> <Mt= 0.00> <Spt= 0.01> <nCl= 30> <al=0.57> <DB=-81489109.0266> <Mlp=3776633.4121> <PB=1000000> 
#<DWph=2> <it= 12> <et=0.05> <Mt= 0.00> <Spt= 0.00> <nCl= 30> <al=0.62> <DB=-64664281.0367> <Mlp=3708463.8539> <PB=1000000> 
#<DWph=2> <it= 13> <et=0.05> <Mt= 0.00> <Spt= 0.00> <nCl= 30> <al=0.52> <DB=-62821098.5308> <Mlp=3690705.7076> <PB=1000000> 
#<DWph=2> <it= 14> <et=0.06> <Mt= 0.00> <Spt= 0.00> <nCl= 30> <al=0.42> <DB=-79544304.4550> <Mlp=3501215.9042> <PB=1000000> 
#<DWph=2> <it= 15> <et=0.06> <Mt= 0.00> <Spt= 0.01> <nCl= 30> <al=0.47> <DB=-57021200.9648> <Mlp=3442858.0110> <PB=1000000> 
#<DWph=2> <it= 16> <et=0.06> <Mt= 0.00> <Spt= 0.00> <nCl= 30> <al=0.53> <DB=-57286771.0471> <Mlp=3242189.5744> <PB=1000000> 
#<DWph=2> <it= 17> <et=0.07> <Mt= 0.00> <Spt= 0.00> <nCl= 30> <al=0.57> <DB=-56303978.2913> <Mlp=3081027.2728> <PB=1000000> 
#<DWph=2> <it= 18> <et=0.07> <Mt= 0.00> <Spt= 0.00> <nCl= 30> <al=0.47> <DB=-50989731.1903> <Mlp=3041248.4273> <PB=1000000> 
#<DWph=2> <it= 19> <et=0.07> <Mt= 0.00> <Spt= 0.01> <nCl= 30> <al=0.53> <DB=-47018716.9586> <Mlp=2738256.0757> <PB=1000000> 
#<DWph=2> <it= 20> <et=0.08> <Mt= 0.00> <Spt= 0.00> <nCl= 30> <al=0.57> <DB=-38560403.5732> <Mlp=2567567.0642> <PB=1000000> 
#<DWph=2> <it= 21> <et=0.08> <Mt= 0.00> <Spt= 0.00> <nCl= 30> <al=0.62> <DB=-39152340.7677> <Mlp=2450943.0209> <PB=1000000> 
#<DWph=2> <it= 22> <et=0.08> <Mt= 0.00> <Spt= 0.01> <nCl= 30> <al=0.66> <DB=-36907906.0474> <Mlp=2210618.1750> <PB=1000000> 
#<DWph=2> <it= 23> <et=0.09> <Mt= 0.00> <Spt= 0.00> <nCl= 30> <al=0.69> <DB=-35773142.5751> <Mlp=1918509.7254> <PB=1000000> 
#<DWph=2> <it= 24> <et=0.09> <Mt= 0.01> <Spt= 0.00> <nCl= 30> <al=0.72> <DB=-30731975.7138> <Mlp=1674309.9006> <PB=1000000> 
#<DWph=2> <it= 25> <et=0.09> <Mt= 0.00> <Spt= 0.00> <nCl= 30> <al=0.62> <DB=-27309240.0157> <Mlp=1505767.4169> <PB=1000000> 
#<DWph=2> <it= 26> <et=0.10> <Mt= 0.00> <Spt= 0.01> <nCl= 30> <al=0.52> <DB=-23573871.8425> <Mlp=1230926.9307> <PB=1000000> 
#<DWph=2> <it= 27> <et=0.10> <Mt= 0.00> <Spt= 0.00> <nCl= 30> <al=0.57> <DB=-23511861.6648> <Mlp=928673.6010> <PB=1000000> 
#<DWph=2> <it= 28> <et=0.11> <Mt= 0.00> <Spt= 0.00> <nCl= 30> <al=0.61> <DB=-18952013.8047> <Mlp=727086.2527> <PB=1000000> 
#<DWph=2> <it= 29> <et=0.11> <Mt= 0.01> <Spt= 0.00> <nCl= 30> <al=0.65> <DB=-17565040.2316> <Mlp=224588.2581> <PB=1000000> 
#<DWph=2> <it= 30> <et=0.12> <Mt= 0.00> <Spt= 0.00> <nCl= 30> <al=0.55> <DB=-8626431.2050> <Mlp=168034.7137> <PB=1000000> 
#<DWph=2> <it= 31> <et=0.12> <Mt= 0.00> <Spt= 0.01> <nCl= 30> <al=0.45> <DB=-5581494.3372> <Mlp=167752.7770> <PB=1000000> 
#<DWph=2> <it= 32> <et=0.12> <Mt= 0.00> <Spt= 0.00> <nCl= 25> <al=0.35> <DB=-702324.7996> <Mlp=31514.1298> <PB=1000000> 
#<DWph=2> <it= 33> <et=0.12> <Mt= 0.00> <Spt= 0.00> <nCl= 30> <al=0.25> <DB=-286565.7611> <Mlp=20898.0014> <PB=1000000> 
<DWph=2> <it= 34> <et=0.13> <Mt= 0.01> <Spt= 0.00> <nCl= 30> <al=0.00> <DB=-32519.5747> <Mlp= 1920.0635> <PB=1000000> 
<DWph=2> <it= 35> <et=0.14> <Mt= 0.00> <Spt= 0.00> <nCl= 30> <al=0.23> <DB=-26668.2712> <Mlp= 1815.6603> <PB=1000000> 
<DWph=2> <it= 36> <et=0.14> <Mt= 0.00> <Spt= 0.01> <nCl= 30> <al=0.30> <DB=-25338.0728> <Mlp= 1754.4969> <PB=1000000> 
<DWph=2> <it= 37> <et=0.15> <Mt= 0.00> <Spt= 0.00> <nCl= 30> <al=0.37> <DB=-28668.9613> <Mlp= 1651.7966> <PB=1000000> 
<DWph=2> <it= 38> <et=0.15> <Mt= 0.00> <Spt= 0.00> <nCl= 30> <al=0.44> <DB=-21650.7740> <Mlp= 1619.3404> <PB=1000000> 
<DWph=2> <it= 39> <et=0.16> <Mt= 0.01> <Spt= 0.01> <nCl= 30> <al=0.49> <DB=-12693.8763> <Mlp= 1517.3075> <PB=1000000> 
<DWph=2> <it= 40> <et=0.16> <Mt= 0.00> <Spt= 0.00> <nCl= 30> <al=0.39> <DB=-12803.7385> <Mlp= 1414.4529> <PB=1000000> 
<DWph=2> <it= 41> <et=0.17> <Mt= 0.00> <Spt= 0.00> <nCl= 30> <al=0.45> <DB=-11674.8841> <Mlp= 1340.3628> <PB=1000000> 
<DWph=2> <it= 42> <et=0.17> <Mt= 0.00> <Spt= 0.00> <nCl= 30> <al=0.51> <DB=-10721.7995> <Mlp= 1288.6811> <PB=1000000> 
<DWph=2> <it= 43> <et=0.18> <Mt= 0.00> <Spt= 0.01> <nCl= 30> <al=0.56> <DB=-7693.0642> <Mlp= 1168.0435> <PB=1000000> 
<DWph=2> <it= 44> <et=0.18> <Mt= 0.01> <Spt= 0.00> <nCl= 30> <al=0.46> <DB=-6712.3003> <Mlp= 1107.6316> <PB=1000000> 
<DWph=2> <it= 45> <et=0.19> <Mt= 0.00> <Spt= 0.00> <nCl= 30> <al=0.51> <DB=-6576.8008> <Mlp= 1018.8351> <PB=1000000> 
<DWph=2> <it= 46> <et=0.19> <Mt= 0.00> <Spt= 0.01> <nCl= 30> <al=0.56> <DB=-3761.2177> <Mlp=  970.1692> <PB=1000000> 
<DWph=2> <it= 47> <et=0.19> <Mt= 0.00> <Spt= 0.00> <nCl= 30> <al=0.46> <DB=-3371.3123> <Mlp=  951.4012> <PB=1000000> 
<DWph=2> <it= 48> <et=0.20> <Mt= 0.00> <Spt= 0.00> <nCl= 30> <al=0.51> <DB=-2693.1054> <Mlp=  876.8648> <PB=1000000> 
<DWph=2> <it= 49> <et=0.20> <Mt= 0.01> <Spt= 0.00> <nCl= 30> <al=0.56> <DB=-1092.7513> <Mlp=  804.3901> <PB=1000000> 
<DWph=2> <it= 50> <et=0.21> <Mt= 0.00> <Spt= 0.01> <nCl= 30> <al=0.46> <DB= -688.6141> <Mlp=  793.1254> <PB=1000000> 
<DWph=2> <it= 51> <et=0.21> <Mt= 0.00> <Spt= 0.00> <nCl= 30> <al=0.52> <DB=    2.6336> <Mlp=  789.7746> <PB=1000000> 
<DWph=2> <it= 52> <et=0.22> <Mt= 0.00> <Spt= 0.00> <nCl= 30> <al=0.56> <DB=  319.1733> <Mlp=  763.6758> <PB=1000000> 
<DWph=2> <it= 53> <et=0.22> <Mt= 0.00> <Spt= 0.00> <nCl= 30> <al=0.61> <DB=  436.7357> <Mlp=  755.3740> <PB=1000000> 
<DWph=2> <it= 54> <et=0.23> <Mt= 0.00> <Spt= 0.01> <nCl= 29> <al=0.65> <DB=  446.8095> <Mlp=  737.3576> <PB=1000000> 
<DWph=2> <it= 55> <et=0.23> <Mt= 0.00> <Spt= 0.00> <nCl= 27> <al=0.68> <DB=  566.0096> <Mlp=  730.8605> <PB=1000000> 
<DWph=2> <it= 56> <et=0.23> <Mt= 0.01> <Spt= 0.00> <nCl= 30> <al=0.58> <DB=  566.0263> <Mlp=  721.6033> <PB=1000000> 
<DWph=2> <it= 57> <et=0.24> <Mt= 0.00> <Spt= 0.00> <nCl= 27> <al=0.62> <DB=  595.1414> <Mlp=  712.1103> <PB=1000000> 
<DWph=2> <it= 58> <et=0.24> <Mt= 0.00> <Spt= 0.01> <nCl= 29> <al=0.52> <DB=  596.5664> <Mlp=  706.5455> <PB=1000000> 
<DWph=2> <it= 59> <et=0.25> <Mt= 0.00> <Spt= 0.00> <nCl= 28> <al=0.42> <DB=  601.9370> <Mlp=  702.8276> <PB=1000000> 
<DWph=2> <it= 60> <et=0.25> <Mt= 0.00> <Spt= 0.00> <nCl= 19> <al=0.48> <DB=  626.5711> <Mlp=  700.8377> <PB=1000000> 
<DWph=2> <it= 61> <et=0.25> <Mt= 0.00> <Spt= 0.00> <nCl= 20> <al=0.38> <DB=  610.1764> <Mlp=  697.8141> <PB=1000000> 
<DWph=2> <it= 62> <et=0.26> <Mt= 0.00> <Spt= 0.01> <nCl= 17> <al=0.28> <DB=  633.1161> <Mlp=  693.7619> <PB=1000000> 
<DWph=2> <it= 63> <et=0.26> <Mt= 0.00> <Spt= 0.00> <nCl= 17> <al=0.35> <DB=  646.2957> <Mlp=  693.5764> <PB=1000000> 
<DWph=2> <it= 64> <et=0.26> <Mt= 0.01> <Spt= 0.00> <nCl= 13> <al=0.42> <DB=  657.6721> <Mlp=  693.4014> <PB=1000000> 
<DWph=2> <it= 65> <et=0.27> <Mt= 0.00> <Spt= 0.00> <nCl= 16> <al=0.32> <DB=  651.2824> <Mlp=  692.8081> <PB=1000000> 
<DWph=2> <it= 66> <et=0.27> <Mt= 0.00> <Spt= 0.01> <nCl=  8> <al=0.39> <DB=  660.9827> <Mlp=  692.5089> <PB=1000000> 
<DWph=2> <it= 67> <et=0.27> <Mt= 0.00> <Spt= 0.00> <nCl=  9> <al=0.45> <DB=  679.8496> <Mlp=  692.1898> <PB=1000000> 
<DWph=2> <it= 68> <et=0.28> <Mt= 0.00> <Spt= 0.00> <nCl=  3> <al=0.50> <DB=  685.8770> <Mlp=  691.9793> <PB=1000000> 
<DWph=2> <it= 69> <et=0.28> <Mt= 0.00> <Spt= 0.00> <nCl=  3> <al=0.40> <DB=  685.5518> <Mlp=  691.8214> <PB=1000000> 
<DWph=2> <it= 70> <et=0.28> <Mt= 0.00> <Spt= 0.01> <nCl=  5> <al=0.00> <DB=  670.8214> <Mlp=  691.8214> <PB=1000000> 
<DWph=2> <it= 71> <et=0.29> <Mt= 0.00> <Spt= 0.00> <nCl=  2> <al=0.00> <DB=  691.8214> <Mlp=  691.8214> <PB=1000000> 
<DWph=1> <it= 72> <et=0.29> <Mt= 0.00> <Spt= 0.01> <nCl= 14> <al=0.26> <DB=  677.8214> <Mlp=  691.8214> <PB=1000000> 
<DWph=1> <it= 73> <et=0.30> <Mt= 0.00> <Spt= 0.00> <nCl= 10> <al=0.16> <DB=  677.6689> <Mlp=  691.6393> <PB=1000000> 
<DWph=1> <it= 74> <et=0.30> <Mt= 0.00> <Spt= 0.00> <nCl=  4> <al=0.06> <DB=  679.7024> <Mlp=  691.6393> <PB=1000000> 
<DWph=1> <it= 75> <et=0.31> <Mt= 0.00> <Spt= 0.01> <nCl=  5> <al=0.16> <DB=  677.9450> <Mlp=  691.6393> <PB=1000000> 
<DWph=1> <it= 76> <et=0.31> <Mt= 0.01> <Spt= 0.00> <nCl=  4> <al=0.24> <DB=  671.1937> <Mlp=  691.1393> <PB=1000000> 
<DWph=1> <it= 77> <et=0.32> <Mt= 0.00> <Spt= 0.00> <nCl=  2> <al=0.32> <DB=  687.7141> <Mlp=  691.1393> <PB=1000000> 
<DWph=1> <it= 78> <et=0.32> <Mt= 0.00> <Spt= 0.01> <nCl=  4> <al=0.39> <DB=  687.0672> <Mlp=  691.1393> <PB=1000000> 
<DWph=1> <it= 79> <et=0.33> <Mt= 0.00> <Spt= 0.00> <nCl=  1> <al=0.00> <DB=  686.1693> <Mlp=  691.1393> <PB=1000000> 
<DWph=1> <it= 80> <et=0.34> <Mt= 0.00> <Spt= 0.01> <nCl=  0> <al=0.00> <DB=  691.1393> <Mlp=  691.1393> <PB=1000000> 
    RCSP exact solver info for graph G_1 : TT = 0.007064, pt = 1e-05, dt = 0.006114, ct = 0.000697, ndl = 2', bdl = 50', odl = 3', odf = 26', bsi = 1', cnt = 17', bdch = 404', odch = 34', lcp = 19', #sols = 150
<DWph=0> <it= 81> <et=0.35> <Mt= 0.00> <Spt= 0.01> <nCl= 92> <al=0.25> <DB=  680.6393> <Mlp=  691.1393> <PB=1000000> 
    RCSP exact solver info for graph G_1 : TT = 0.005982, pt = 1.8e-05, dt = 0.005021, ct = 0.000709, ndl = 2', bdl = 48', odl = 3', odf = 26', bsi = 1', cnt = 15', bdch = 389', odch = 33', lcp = 19', #sols = 150
<DWph=0> <it= 82> <et=0.35> <Mt= 0.00> <Spt= 0.01> <nCl= 20> <al=0.15> <DB=  689.5433> <Mlp=  691.0726> <PB=1000000> 
    RCSP exact solver info for graph G_1 : TT = 0.005986, pt = 1.7e-05, dt = 0.005026, ct = 0.000717, ndl = 2', bdl = 49', odl = 3', odf = 26', bsi = 1', cnt = 15', bdch = 392', odch = 34', lcp = 19', #sols = 150
<DWph=0> <it= 83> <et=0.36> <Mt= 0.00> <Spt= 0.01> <nCl= 10> <al=0.05> <DB=  689.5187> <Mlp=  691.0577> <PB=1000000> 
    RCSP exact solver info for graph G_1 : TT = 0.005927, pt = 1.7e-05, dt = 0.004954, ct = 0.000718, ndl = 2', bdl = 48', odl = 3', odf = 26', bsi = 1', cnt = 15', bdch = 386', odch = 33', lcp = 19', #sols = 150
    RCSP exact solver info for graph G_1 : TT = 0.005451, pt = 1.8e-05, dt = 0.004554, ct = 0.000642, ndl = 1', bdl = 43', odl = 3', odf = 25', bsi = 1', cnt = 10', bdch = 334', odch = 28', lcp = 17', #sols = 150
<DWph=0> <it= 84> <et=0.38> <Mt= 0.00> <Spt= 0.01> <nCl=  6> <al=0.00> <DB=  691.0577> <Mlp=  691.0577> <PB=1000000> 
Dynamic params and stats :  aver.obdmd = 23.4706 aver.buck.num. = 26
@@ 1 0 691.058 0.0058304 0.006811 85.9182 0.38
Labels distribution in buckets (bucket size) : largest - 21, top 0.1% - 21, top 0.5% - 20, top 2% - 15, top 10% - 9, top 50% - 1
Reduced cost fixing for graph G_1... 48812 buck. arcs remain (95% from prev., 81.6% from max.) + 0 jump buck. arcs (0% from max.)
 TT = 0.0534, pt = 0.001942, dt = 0.024026, ct = 0.027333, ndl = 8', bdl = 209', odl = 8', odf = 106', lpcb = 37', cnt = 387', bdch = 2980', odch = 471', lcp = 143'
Labels distribution in buckets (bucket size) : largest - 27, top 0.1% - 27, top 0.5% - 21, top 2% - 17, top 10% - 10, top 50% - 1
Run forward enumeration with border = 50... not succeeded (ratio 0.977604) lpt = 0.004554, ndl = 8', dl = 0', lpcb = 0', dch = 8'
 TT = 0.007386, pt = 0.001976, dt = 0.004554, ct = 0, ndl = 8', bdl = 0', lpcb = 0', cnt = 23', bdch = 8', odch = 0', lcp = 0'
ColGenEvalAlg final dual bound: 691.058 (rounded: 692)
In total 18 RCC cut(s) are found by the connected components heuristic 
Shrinking heuristic shrunk 12 edges
In total 7 RCC cut(s) are found by the Fractional capacity min-cut heuristic 
In total 10 RCC cut(s) are found by the greedy construction heuristic 
----- Add fac. cuts : CAP(35), max.viol = 0.833333, aver.viol = 0.355403, sep/add took 0.004386/0.0156498 sec. -----
2059 columns (2059 active), 35 dyn. constrs. (35 active), 135 art. vars. (135 active)
<DWph=2> <it=  1> <et=0.47> <Mt= 0.01> <Spt= 0.00> <nCl= 21> <al=0.50> <DB=  657.1215> <Mlp=  767.6595> <PB=1000000> 
<DWph=2> <it=  2> <et=0.48> <Mt= 0.00> <Spt= 0.01> <nCl= 26> <al=0.55> <DB=  677.9140> <Mlp=  748.4556> <PB=1000000> 
<DWph=2> <it=  3> <et=0.49> <Mt= 0.01> <Spt= 0.00> <nCl= 10> <al=0.60> <DB=  711.4127> <Mlp=  741.3170> <PB=1000000> 
<DWph=2> <it=  4> <et=0.49> <Mt= 0.00> <Spt= 0.00> <nCl= 13> <al=0.64> <DB=  722.3128> <Mlp=  741.3170> <PB=1000000> 
<DWph=2> <it=  5> <et=0.50> <Mt= 0.01> <Spt= 0.00> <nCl= 25> <al=0.67> <DB=  702.6964> <Mlp=  737.9227> <PB=1000000> 
<DWph=2> <it=  6> <et=0.51> <Mt= 0.00> <Spt= 0.01> <nCl= 21> <al=0.70> <DB=  684.4480> <Mlp=  735.5901> <PB=1000000> 
<DWph=2> <it=  7> <et=0.51> <Mt= 0.00> <Spt= 0.00> <nCl=  8> <al=0.73> <DB=  718.6406> <Mlp=  735.4783> <PB=1000000> 
<DWph=2> <it=  8> <et=0.52> <Mt= 0.01> <Spt= 0.00> <nCl=  7> <al=0.76> <DB=  723.4264> <Mlp=  734.2318> <PB=1000000> 
<DWph=2> <it=  9> <et=0.52> <Mt= 0.00> <Spt= 0.00> <nCl= 15> <al=0.66> <DB=  720.4915> <Mlp=  734.1904> <PB=1000000> 
<DWph=2> <it= 10> <et=0.53> <Mt= 0.00> <Spt= 0.01> <nCl= 15> <al=0.69> <DB=  714.7383> <Mlp=  733.2048> <PB=1000000> 
<DWph=2> <it= 11> <et=0.54> <Mt= 0.00> <Spt= 0.00> <nCl=  7> <al=0.73> <DB=  722.3244> <Mlp=  732.6785> <PB=1000000> 
<DWph=2> <it= 12> <et=0.54> <Mt= 0.01> <Spt= 0.00> <nCl=  8> <al=0.63> <DB=  723.7374> <Mlp=  732.6397> <PB=1000000> 
<DWph=2> <it= 13> <et=0.54> <Mt= 0.00> <Spt= 0.01> <nCl= 19> <al=0.53> <DB=  717.9643> <Mlp=  732.6358> <PB=1000000> 
<DWph=2> <it= 14> <et=0.55> <Mt= 0.00> <Spt= 0.00> <nCl= 15> <al=0.57> <DB=  704.1048> <Mlp=  732.4025> <PB=1000000> 
<DWph=2> <it= 15> <et=0.55> <Mt= 0.00> <Spt= 0.00> <nCl= 11> <al=0.47> <DB=  717.2498> <Mlp=  732.4025> <PB=1000000> 
<DWph=2> <it= 16> <et=0.56> <Mt= 0.00> <Spt= 0.00> <nCl=  8> <al=0.37> <DB=  721.9171> <Mlp=  732.4025> <PB=1000000> 
<DWph=2> <it= 17> <et=0.56> <Mt= 0.00> <Spt= 0.01> <nCl=  3> <al=0.27> <DB=  721.6588> <Mlp=  732.4025> <PB=1000000> 
<DWph=2> <it= 18> <et=0.57> <Mt= 0.01> <Spt= 0.00> <nCl=  5> <al=0.35> <DB=  722.6429> <Mlp=  732.3391> <PB=1000000> 
<DWph=2> <it= 19> <et=0.57> <Mt= 0.00> <Spt= 0.00> <nCl=  3> <al=0.25> <DB=  726.7202> <Mlp=  732.3214> <PB=1000000> 
<DWph=2> <it= 20> <et=0.58> <Mt= 0.00> <Spt= 0.00> <nCl=  8> <al=0.15> <DB=  731.6824> <Mlp=  732.3214> <PB=1000000> 
<DWph=2> <it= 21> <et=0.58> <Mt= 0.00> <Spt= 0.01> <nCl= 12> <al=0.00> <DB=  727.6548> <Mlp=  732.3214> <PB=1000000> 
<DWph=2> <it= 22> <et=0.59> <Mt= 0.00> <Spt= 0.01> <nCl=  4> <al=0.00> <DB=  732.0101> <Mlp=  732.2211> <PB=1000000> 
<DWph=2> <it= 23> <et=0.60> <Mt= 0.01> <Spt= 0.00> <nCl=  0> <al=0.00> <DB=  732.2211> <Mlp=  732.2211> <PB=1000000> 
<DWph=1> <it= 24> <et=0.60> <Mt= 0.00> <Spt= 0.00> <nCl= 14> <al=0.00> <DB=  704.6080> <Mlp=  732.2211> <PB=1000000> 
<DWph=1> <it= 25> <et=0.61> <Mt= 0.00> <Spt= 0.01> <nCl= 20> <al=0.00> <DB=  721.5700> <Mlp=  732.0700> <PB=1000000> 
<DWph=1> <it= 26> <et=0.62> <Mt= 0.00> <Spt= 0.00> <nCl=  9> <al=0.00> <DB=  719.8135> <Mlp=  732.0635> <PB=1000000> 
<DWph=1> <it= 27> <et=0.62> <Mt= 0.00> <Spt= 0.01> <nCl=  6> <al=0.05> <DB=  724.9036> <Mlp=  732.0635> <PB=1000000> 
<DWph=1> <it= 28> <et=0.63> <Mt= 0.00> <Spt= 0.00> <nCl=  3> <al=0.15> <DB=  728.5786> <Mlp=  732.0635> <PB=1000000> 
<DWph=1> <it= 29> <et=0.63> <Mt= 0.00> <Spt= 0.01> <nCl=  3> <al=0.23> <DB=  728.5678> <Mlp=  732.0635> <PB=1000000> 
<DWph=1> <it= 30> <et=0.64> <Mt= 0.01> <Spt= 0.00> <nCl=  3> <al=0.31> <DB=  730.9807> <Mlp=  732.0583> <PB=1000000> 
<DWph=1> <it= 31> <et=0.65> <Mt= 0.00> <Spt= 0.01> <nCl=  6> <al=0.00> <DB=  724.7508> <Mlp=  732.0583> <PB=1000000> 
<DWph=1> <it= 32> <et=0.66> <Mt= 0.00> <Spt= 0.00> <nCl=  7> <al=0.11> <DB=  727.8805> <Mlp=  731.8505> <PB=1000000> 
<DWph=1> <it= 33> <et=0.66> <Mt= 0.00> <Spt= 0.00> <nCl=  0> <al=0.01> <DB=  727.8805> <Mlp=  731.7692> <PB=1000000> 
    RCSP exact solver info for graph G_1 : TT = 0.007915, pt = 1e-05, dt = 0.006733, ct = 0.000951, ndl = 2', bdl = 66', odl = 3', odf = 23', bsi = 1', cnt = 13', bdch = 565', odch = 43', lcp = 24', #sols = 150
<DWph=0> <it= 34> <et=0.67> <Mt= 0.00> <Spt= 0.01> <nCl= 64> <al=0.01> <DB=  696.7720> <Mlp=  731.7692> <PB=1000000> 
    RCSP exact solver info for graph G_1 : TT = 0.008027, pt = 1.8e-05, dt = 0.006808, ct = 0.000959, ndl = 2', bdl = 69', odl = 3', odf = 22', bsi = 1', cnt = 12', bdch = 603', odch = 45', lcp = 25', #sols = 150
<DWph=0> <it= 35> <et=0.68> <Mt= 0.01> <Spt= 0.01> <nCl= 57> <al=0.00> <DB=  721.8550> <Mlp=  731.7405> <PB=1000000> 
    RCSP exact solver info for graph G_1 : TT = 0.008121, pt = 1.8e-05, dt = 0.006887, ct = 0.000971, ndl = 3', bdl = 69', odl = 3', odf = 23', bsi = 1', cnt = 14', bdch = 621', odch = 47', lcp = 26', #sols = 150
    RCSP exact solver info for graph G_1 : TT = 0.007765, pt = 1.7e-05, dt = 0.006559, ct = 0.000959, ndl = 2', bdl = 66', odl = 3', odf = 22', bsi = 1', cnt = 13', bdch = 575', odch = 43', lcp = 24', #sols = 150
<DWph=0> <it= 36> <et=0.70> <Mt= 0.00> <Spt= 0.02> <nCl= 15> <al=0.00> <DB=  731.7398> <Mlp=  731.7398> <PB=1000000> 
Dynamic params and stats :  aver.obdmd = 23.4706 aver.buck.num. = 26
@@ 1 1 731.74 0.00770675 0.007858 81.5859 0.7
    Full reduced cost fixing is not called (gap ratio is 0.999959)
ColGenEvalAlg final dual bound: 731.74 (rounded: 732)
False gap improvement since the last cut separation : 0.588693 (691.058)
Current active cuts : CAP(5,719.582)
In total 4 RCC cut(s) are found by the connected components heuristic 
Shrinking heuristic shrunk 20 edges
In total 12 RCC cut(s) are found by the Fractional capacity min-cut heuristic 
In total 27 RCC cut(s) are found by the greedy construction heuristic 
In total 3 RCC cut(s) are found by the global pool greedy search heuristic 
----- Add fac. cuts : CAP(46), max.viol = 0.765306, aver.viol = 0.247338, sep/add took 0.00342981/0.0245008 sec. -----
2530 columns (2530 active), 81 dyn. constrs. (54 active), 181 art. vars. (154 active)
<DWph=2> <it=  1> <et=0.75> <Mt= 0.01> <Spt= 0.01> <nCl= 25> <al=0.50> <DB=  713.9731> <Mlp=  741.5397> <PB=1000000> 
<DWph=2> <it=  2> <et=0.76> <Mt= 0.00> <Spt= 0.00> <nCl= 10> <al=0.55> <DB=  726.5145> <Mlp=  741.4286> <PB=1000000> 
<DWph=2> <it=  3> <et=0.77> <Mt= 0.01> <Spt= 0.00> <nCl=  8> <al=0.60> <DB=  734.3902> <Mlp=  740.1050> <PB=1000000> 
<DWph=2> <it=  4> <et=0.78> <Mt= 0.01> <Spt= 0.01> <nCl= 12> <al=0.50> <DB=  730.1703> <Mlp=  740.1050> <PB=1000000> 
<DWph=2> <it=  5> <et=0.78> <Mt= 0.00> <Spt= 0.00> <nCl=  4> <al=0.55> <DB=  737.1897> <Mlp=  739.8550> <PB=1000000> 
<DWph=2> <it=  6> <et=0.79> <Mt= 0.00> <Spt= 0.00> <nCl= 14> <al=0.45> <DB=  732.3277> <Mlp=  739.8550> <PB=1000000> 
<DWph=2> <it=  7> <et=0.80> <Mt= 0.01> <Spt= 0.01> <nCl=  8> <al=0.50> <DB=  732.6698> <Mlp=  739.2300> <PB=1000000> 
<DWph=2> <it=  8> <et=0.80> <Mt= 0.00> <Spt= 0.00> <nCl=  4> <al=0.55> <DB=  735.5828> <Mlp=  739.2300> <PB=1000000> 
<DWph=2> <it=  9> <et=0.81> <Mt= 0.00> <Spt= 0.00> <nCl=  3> <al=0.60> <DB=  738.0660> <Mlp=  739.2300> <PB=1000000> 
<DWph=2> <it= 10> <et=0.81> <Mt= 0.00> <Spt= 0.01> <nCl=  9> <al=0.50> <DB=  730.6072> <Mlp=  739.2300> <PB=1000000> 
<DWph=2> <it= 11> <et=0.82> <Mt= 0.01> <Spt= 0.00> <nCl=  4> <al=0.55> <DB=  733.6180> <Mlp=  739.2300> <PB=1000000> 
<DWph=2> <it= 12> <et=0.83> <Mt= 0.00> <Spt= 0.00> <nCl=  2> <al=0.59> <DB=  727.8749> <Mlp=  739.2092> <PB=1000000> 
<DWph=2> <it= 13> <et=0.83> <Mt= 0.00> <Spt= 0.00> <nCl=  5> <al=0.63> <DB=  733.5749> <Mlp=  739.1586> <PB=1000000> 
<DWph=2> <it= 14> <et=0.84> <Mt= 0.00> <Spt= 0.01> <nCl=  5> <al=0.34> <DB=  731.4463> <Mlp=  739.1586> <PB=1000000> 
<DWph=2> <it= 15> <et=0.84> <Mt= 0.01> <Spt= 0.00> <nCl=  4> <al=0.57> <DB=  724.3466> <Mlp=  739.1586> <PB=1000000> 
<DWph=2> <it= 16> <et=0.85> <Mt= 0.00> <Spt= 0.01> <nCl=  2> <al=0.61> <DB=  726.4334> <Mlp=  739.1586> <PB=1000000> 
<DWph=2> <it= 17> <et=0.86> <Mt= 0.00> <Spt= 0.00> <nCl= 26> <al=0.30> <DB=  689.4648> <Mlp=  739.1586> <PB=1000000> 
<DWph=2> <it= 18> <et=0.86> <Mt= 0.00> <Spt= 0.00> <nCl=  1> <al=0.55> <DB=  738.1368> <Mlp=  739.1586> <PB=1000000> 
<DWph=2> <it= 19> <et=0.87> <Mt= 0.01> <Spt= 0.01> <nCl=  6> <al=0.45> <DB=  738.3829> <Mlp=  739.1586> <PB=1000000> 
<DWph=2> <it= 20> <et=0.87> <Mt= 0.00> <Spt= 0.00> <nCl=  9> <al=0.51> <DB=  733.5790> <Mlp=  739.1586> <PB=1000000> 
<DWph=2> <it= 21> <et=0.88> <Mt= 0.00> <Spt= 0.01> <nCl=  5> <al=0.11> <DB=  730.7846> <Mlp=  739.0386> <PB=1000000> 
<DWph=2> <it= 22> <et=0.89> <Mt= 0.00> <Spt= 0.00> <nCl=  5> <al=0.00> <DB=  737.7577> <Mlp=  739.0267> <PB=1000000> 
<DWph=2> <it= 23> <et=0.90> <Mt= 0.00> <Spt= 0.01> <nCl=  3> <al=0.00> <DB=  737.5333> <Mlp=  739.0267> <PB=1000000> 
<DWph=2> <it= 24> <et=0.90> <Mt= 0.01> <Spt= 0.00> <nCl=  0> <al=0.00> <DB=  739.0267> <Mlp=  739.0267> <PB=1000000> 
<DWph=1> <it= 25> <et=0.91> <Mt= 0.00> <Spt= 0.01> <nCl=  3> <al=0.16> <DB=  731.9968> <Mlp=  739.0267> <PB=1000000> 
<DWph=1> <it= 26> <et=0.91> <Mt= 0.00> <Spt= 0.00> <nCl=  3> <al=0.06> <DB=  730.3229> <Mlp=  739.0267> <PB=1000000> 
<DWph=1> <it= 27> <et=0.92> <Mt= 0.00> <Spt= 0.00> <nCl=  4> <al=0.15> <DB=  736.6933> <Mlp=  739.0267> <PB=1000000> 
<DWph=1> <it= 28> <et=0.93> <Mt= 0.00> <Spt= 0.01> <nCl=  4> <al=0.15> <DB=  737.2421> <Mlp=  739.0267> <PB=1000000> 
<DWph=1> <it= 29> <et=0.94> <Mt= 0.01> <Spt= 0.01> <nCl=  3> <al=0.00> <DB=  739.0267> <Mlp=  739.0267> <PB=1000000> 
    RCSP exact solver info for graph G_1 : TT = 0.005897, pt = 9e-06, dt = 0.004925, ct = 0.000744, ndl = 2', bdl = 48', odl = 3', odf = 19', bsi = 1', cnt = 12', bdch = 345', odch = 26', lcp = 18', #sols = 150
<DWph=0> <it= 30> <et=0.95> <Mt= 0.00> <Spt= 0.01> <nCl= 56> <al=0.00> <DB=  734.3600> <Mlp=  739.0267> <PB=1000000> 
    RCSP exact solver info for graph G_1 : TT = 0.006021, pt = 1.7e-05, dt = 0.005009, ct = 0.00075, ndl = 2', bdl = 49', odl = 3', odf = 19', bsi = 1', cnt = 13', bdch = 352', odch = 27', lcp = 17', #sols = 150
<DWph=0> <it= 31> <et=0.96> <Mt= 0.00> <Spt= 0.00> <nCl= 24> <al=0.00> <DB=  732.5267> <Mlp=  739.0267> <PB=1000000> 
    RCSP exact solver info for graph G_1 : TT = 0.005951, pt = 1.6e-05, dt = 0.004957, ct = 0.000735, ndl = 2', bdl = 48', odl = 3', odf = 19', bsi = 1', cnt = 12', bdch = 346', odch = 27', lcp = 17', #sols = 150
<DWph=0> <it= 32> <et=0.97> <Mt= 0.00> <Spt= 0.01> <nCl=  4> <al=0.00> <DB=  739.0267> <Mlp=  739.0267> <PB=1000000> 
Dynamic params and stats :  aver.obdmd = 23.4706 aver.buck.num. = 26
@@ 1 2 739.027 0.00570667 0.005759 81.5859 0.97
    Full reduced cost fixing is not called (gap ratio is 0.999952)
ColGenEvalAlg final dual bound: 739.027 (rounded: 740)
False gap improvement since the last cut separation : 0.0995828 (731.74)
Current active cuts : CAP(12,1045.66)
In total 4 RCC cut(s) are found by the connected components heuristic 
Shrinking heuristic shrunk 18 edges
In total 11 RCC cut(s) are found by the Fractional capacity min-cut heuristic 
In total 29 RCC cut(s) are found by the greedy construction heuristic 
In total 2 RCC cut(s) are found by the global pool greedy search heuristic 
----- Add fac. cuts : CAP(46), max.viol = 0.566667, aver.viol = 0.182464, sep/add took 0.00436766/0.0414582 sec. -----
2805 columns (2805 active), 100 dyn. constrs. (60 active), 227 art. vars. (160 active)
<DWph=2> <it=  1> <et=1.03> <Mt= 0.01> <Spt= 0.01> <nCl= 12> <al=0.50> <DB=  721.4776> <Mlp=  742.4286> <PB=1000000> 
<DWph=2> <it=  2> <et=1.05> <Mt= 0.01> <Spt= 0.00> <nCl= 14> <al=0.55> <DB=  733.9681> <Mlp=  741.0000> <PB=1000000> 
<DWph=2> <it=  3> <et=1.06> <Mt= 0.00> <Spt= 0.00> <nCl=  3> <al=0.60> <DB=  739.8259> <Mlp=  741.0000> <PB=1000000> 
<DWph=2> <it=  4> <et=1.07> <Mt= 0.01> <Spt= 0.01> <nCl= 18> <al=0.27> <DB=  738.3927> <Mlp=  741.0000> <PB=1000000> 
<DWph=2> <it=  5> <et=1.08> <Mt= 0.00> <Spt= 0.01> <nCl= 12> <al=0.07> <DB=  736.7776> <Mlp=  741.0000> <PB=1000000> 
<DWph=2> <it=  6> <et=1.08> <Mt= 0.00> <Spt= 0.00> <nCl=  6> <al=0.44> <DB=  740.4554> <Mlp=  741.0000> <PB=1000000> 
<DWph=2> <it=  7> <et=1.09> <Mt= 0.01> <Spt= 0.01> <nCl=  7> <al=0.00> <DB=  741.0000> <Mlp=  741.0000> <PB=1000000> 
<DWph=1> <it=  8> <et=1.10> <Mt= 0.00> <Spt= 0.00> <nCl=  6> <al=0.39> <DB=  733.1250> <Mlp=  741.0000> <PB=1000000> 
<DWph=1> <it=  9> <et=1.10> <Mt= 0.00> <Spt= 0.00> <nCl=  9> <al=0.45> <DB=  737.1693> <Mlp=  741.0000> <PB=1000000> 
<DWph=1> <it= 10> <et=1.11> <Mt= 0.00> <Spt= 0.01> <nCl=  5> <al=0.51> <DB=  739.0560> <Mlp=  741.0000> <PB=1000000> 
<DWph=1> <it= 11> <et=1.12> <Mt= 0.01> <Spt= 0.00> <nCl=  7> <al=0.41> <DB=  738.1206> <Mlp=  741.0000> <PB=1000000> 
<DWph=1> <it= 12> <et=1.13> <Mt= 0.00> <Spt= 0.01> <nCl=  3> <al=0.00> <DB=  741.0000> <Mlp=  741.0000> <PB=1000000> 
    RCSP exact solver info for graph G_1 : TT = 0.005032, pt = 1e-05, dt = 0.004109, ct = 0.00066, ndl = 1', bdl = 39', odl = 2', odf = 17', bsi = 1', cnt = 17', bdch = 245', odch = 21', lcp = 13', #sols = 150
    RCSP exact solver info for graph G_1 : TT = 0.004994, pt = 1.7e-05, dt = 0.0041, ct = 0.000659, ndl = 1', bdl = 39', odl = 2', odf = 17', bsi = 1', cnt = 17', bdch = 245', odch = 21', lcp = 13', #sols = 150
<DWph=0> <it= 13> <et=1.15> <Mt= 0.00> <Spt= 0.02> <nCl= 56> <al=0.00> <DB=  741.0000> <Mlp=  741.0000> <PB=1000000> 
Dynamic params and stats :  aver.obdmd = 23.4706 aver.buck.num. = 26
@@ 1 3 741 0.004764 0.004769 81.5859 1.15
    Full reduced cost fixing is not called (gap ratio is 0.99995)
ColGenEvalAlg final dual bound: 741 (rounded: 741)
False gap improvement since the last cut separation : 0.0267018 (739.027)
Current active cuts : CAP(14,1242.18)
Shrinking heuristic shrunk 36 edges
3 Rank-1 1-rows pack. cuts added ,  max viol. = 0.5, aver. viol. = 0.5
Building structures for heuristic rank-1 packing cut separation...done!
----- Add fac. cuts : R1C(3), max.viol = 0.5, aver.viol = 0.5, sep/add took 0.141091/0.0021972 sec. -----
2963 columns (2963 active), 63 dyn. constrs. (19 active), 230 art. vars. (119 active)
<DWph=2> <it=  1> <et=1.30> <Mt= 0.00> <Spt= 0.00> <nCl=  0> <al=0.50> <DB=  741.0000> <Mlp=  741.0000> <PB=741> 
ColGenEvalAlg final dual bound: 741 (rounded: 741)
Gap improvement since the last cut separation : 1 (741)
Current active cuts : CAP(14,1242.18)
New model incumbent solution 741, TIME = 0h0m1s31t = 131
************************************************************************************************
Search is finished, global bounds : [ 741 , 741 ], TIME = 0h0m1s32t = 132
************************************************************************************************
Built-in heuristic is enabled
instance_name solver_name ext_heuristic solution_value solution_time best_lb root_lb root_time nb_branch_and_bound_nodes status
/home/logis/Downloads/VRPSolverEasy/VRPSolverEasy/demos/data/CVRP/B-n50-k7 CLP False 740.9999999999999 1.321949903 741.0 741.0 1.319778541 1 0

