Time resource is critical for vehicle type 1 (21,0)
Capacity resource will be imposed by rounded capacity cuts (0.304762)
Node memory for rank-1 cuts will be used (3.90476)
~~~~~~~~~~~~~~~~~~~~~~~~~~~~~~~~~~~~~~~~~~~~~~~~~~~~~~~~~~~~~~~~~~~~~~~~~~~~~~~~~~~~~
VRPSolver v0.5.27, 24/02/2023, © Inria Bordeaux, France, vrpsolver.math.u-bordeaux.fr
      Corresponds to the solver by Pessoa, Sadykov, Uchoa and Vanderbeck (2020)
                 Paper: dx.doi.org/10.1007/s10107-020-01523-z
~~~~~~~~~~~~~~~~~~~~~~~~~~~~~~~~~~~~~~~~~~~~~~~~~~~~~~~~~~~~~~~~~~~~~~~~~~~~~~~~~~~~~
   BaPCod v0.77, 15/03/2023, © Inria Bordeaux, France, bapcod.math.u-bordeaux.fr 
           THIS CODE IS PROVIDED AS IS, USE IT AT YOUR OWN RISK
~~~~~~~~~~~~~~~~~~~~~~~~~~~~~~~~~~~~~~~~~~~~~~~~~~~~~~~~~~~~~~~~~~~~~~~~~~~~~~~~~~~~~
Bucket steps were recalculated for graph G_1 : [49.4401]
RCSP solver info : non-symmetric case as the resource 0 consumption for the reverse arc of 0->100 is not the same : 38 against 128
Bidirectional border value is initialised to 460.3
RCSP solver info : number of forw. reachable buckets / buck. strongly connected components is 209( 88.1857% ) / 209( 100% )
RCSP solver info : number of back. reachable buckets / buck. strongly connected components is 210( 88.6076% ) / 210( 100% )
Generating neighbourhoods for rank-1 cuts separation
Building structures for 4- and 5-row rank-1 packing cut separation...done!
Model is built TIME = 0h0m0s5t = 5
************************************************************************************************
**** BaB tree root node
**** Local DB = -1e+12, global bounds : [ -1e+12 , 827.4 ], TIME = 0h0m0s5t = 5
**** 1 open nodes, 0 columns (0 active), 0 dyn. constrs. (0 active), 202 art. vars. (202 active)
************************************************************************************************
#<DWph=2> <it=  1> <et=0.06> <Mt= 0.00> <Spt= 0.00> <nCl= 30> <al=0.00> <DB=-445181.0000> <Mlp=208504.8000> <PB=827.4> 
#<DWph=2> <it=  2> <et=0.06> <Mt= 0.00> <Spt= 0.00> <nCl= 30> <al=0.55> <DB=-447496.2690> <Mlp=90661.9800> <PB=827.4> 
Shrinking heuristic shrunk 90 edges
<DWph=2> <it=  3> <et=0.06> <Mt= 0.00> <Spt= 0.00> <nCl= 30> <al=0.60> <DB=-338032.9725> <Mlp=  827.3000> <PB=827.3> 
<DWph=2> <it=  4> <et=0.06> <Mt= 0.00> <Spt= 0.00> <nCl= 30> <al=0.50> <DB=-383998.6814> <Mlp=  827.3000> <PB=827.3> 
<DWph=2> <it=  5> <et=0.07> <Mt= 0.00> <Spt= 0.00> <nCl= 30> <al=0.55> <DB=-371883.7977> <Mlp=  827.3000> <PB=827.3> 
<DWph=2> <it=  6> <et=0.07> <Mt= 0.00> <Spt= 0.00> <nCl= 30> <al=0.59> <DB=-329102.6518> <Mlp=  827.3000> <PB=827.3> 
<DWph=2> <it=  7> <et=0.07> <Mt= 0.00> <Spt= 0.01> <nCl= 30> <al=0.63> <DB=-344033.7415> <Mlp=  827.3000> <PB=827.3> 
<DWph=2> <it=  8> <et=0.07> <Mt= 0.00> <Spt= 0.00> <nCl= 30> <al=0.67> <DB=-278368.3630> <Mlp=  827.3000> <PB=827.3> 
<DWph=2> <it=  9> <et=0.07> <Mt= 0.00> <Spt= 0.00> <nCl= 30> <al=0.70> <DB=-282941.2834> <Mlp=  827.3000> <PB=827.3> 
<DWph=2> <it= 10> <et=0.08> <Mt= 0.00> <Spt= 0.00> <nCl= 30> <al=0.73> <DB=-266726.3026> <Mlp=  827.3000> <PB=827.3> 
<DWph=2> <it= 11> <et=0.08> <Mt= 0.00> <Spt= 0.00> <nCl= 30> <al=0.76> <DB=-280468.6838> <Mlp=  827.3000> <PB=827.3> 
<DWph=2> <it= 12> <et=0.08> <Mt= 0.00> <Spt= 0.00> <nCl= 30> <al=0.78> <DB=-241029.2729> <Mlp=  827.3000> <PB=827.3> 
<DWph=2> <it= 13> <et=0.08> <Mt= 0.00> <Spt= 0.00> <nCl= 30> <al=0.80> <DB=-241732.0568> <Mlp=  827.3000> <PB=827.3> 
<DWph=2> <it= 14> <et=0.09> <Mt= 0.00> <Spt= 0.01> <nCl= 30> <al=0.82> <DB=-209758.8249> <Mlp=  827.3000> <PB=827.3> 
<DWph=2> <it= 15> <et=0.09> <Mt= 0.00> <Spt= 0.00> <nCl= 30> <al=0.72> <DB=-208106.5014> <Mlp=  827.3000> <PB=827.3> 
<DWph=2> <it= 16> <et=0.09> <Mt= 0.00> <Spt= 0.00> <nCl= 30> <al=0.75> <DB=-227662.8419> <Mlp=  827.3000> <PB=827.3> 
<DWph=2> <it= 17> <et=0.09> <Mt= 0.01> <Spt= 0.00> <nCl= 30> <al=0.78> <DB=-234095.8874> <Mlp=  827.3000> <PB=827.3> 
<DWph=2> <it= 18> <et=0.10> <Mt= 0.00> <Spt= 0.00> <nCl= 30> <al=0.80> <DB=-186899.2284> <Mlp=  827.3000> <PB=827.3> 
<DWph=2> <it= 19> <et=0.10> <Mt= 0.00> <Spt= 0.00> <nCl= 30> <al=0.82> <DB=-173358.1194> <Mlp=  827.3000> <PB=827.3> 
<DWph=2> <it= 20> <et=0.10> <Mt= 0.00> <Spt= 0.00> <nCl= 30> <al=0.84> <DB=-192222.9485> <Mlp=  827.3000> <PB=827.3> 
<DWph=2> <it= 21> <et=0.11> <Mt= 0.01> <Spt= 0.01> <nCl= 30> <al=0.85> <DB=-182303.6473> <Mlp=  827.3000> <PB=827.3> 
<DWph=2> <it= 22> <et=0.11> <Mt= 0.00> <Spt= 0.00> <nCl= 30> <al=0.87> <DB=-167170.3376> <Mlp=  827.3000> <PB=827.3> 
<DWph=2> <it= 23> <et=0.12> <Mt= 0.00> <Spt= 0.00> <nCl= 30> <al=0.77> <DB=-181509.4356> <Mlp=  827.3000> <PB=827.3> 
<DWph=2> <it= 24> <et=0.12> <Mt= 0.00> <Spt= 0.00> <nCl= 30> <al=0.79> <DB=-153755.6925> <Mlp=  827.3000> <PB=827.3> 
<DWph=2> <it= 25> <et=0.13> <Mt= 0.01> <Spt= 0.00> <nCl= 30> <al=0.81> <DB=-138928.6218> <Mlp=  827.3000> <PB=827.3> 
<DWph=2> <it= 26> <et=0.13> <Mt= 0.00> <Spt= 0.00> <nCl= 30> <al=0.71> <DB=-137679.5273> <Mlp=  827.3000> <PB=827.3> 
<DWph=2> <it= 27> <et=0.14> <Mt= 0.01> <Spt= 0.00> <nCl= 30> <al=0.74> <DB=-158873.1660> <Mlp=  827.3000> <PB=827.3> 
<DWph=2> <it= 28> <et=0.15> <Mt= 0.01> <Spt= 0.01> <nCl= 30> <al=0.77> <DB=-128787.4912> <Mlp=  827.3000> <PB=827.3> 
<DWph=2> <it= 29> <et=0.16> <Mt= 0.00> <Spt= 0.00> <nCl= 30> <al=0.67> <DB=-128745.3426> <Mlp=  827.3000> <PB=827.3> 
<DWph=2> <it= 30> <et=0.17> <Mt= 0.01> <Spt= 0.00> <nCl= 30> <al=0.70> <DB=-128562.5238> <Mlp=  827.3000> <PB=827.3> 
<DWph=2> <it= 31> <et=0.17> <Mt= 0.01> <Spt= 0.00> <nCl= 30> <al=0.73> <DB=-116282.1014> <Mlp=  827.3000> <PB=827.3> 
<DWph=2> <it= 32> <et=0.18> <Mt= 0.00> <Spt= 0.00> <nCl= 30> <al=0.76> <DB=-110976.6351> <Mlp=  827.3000> <PB=827.3> 
<DWph=2> <it= 33> <et=0.19> <Mt= 0.00> <Spt= 0.00> <nCl= 30> <al=0.78> <DB=-110881.8751> <Mlp=  827.3000> <PB=827.3> 
<DWph=2> <it= 34> <et=0.20> <Mt= 0.01> <Spt= 0.00> <nCl= 30> <al=0.80> <DB=-91345.7428> <Mlp=  827.3000> <PB=827.3> 
<DWph=2> <it= 35> <et=0.20> <Mt= 0.01> <Spt= 0.01> <nCl= 30> <al=0.70> <DB=-84469.7546> <Mlp=  827.3000> <PB=827.3> 
<DWph=2> <it= 36> <et=0.21> <Mt= 0.00> <Spt= 0.00> <nCl= 30> <al=0.73> <DB=-84649.1402> <Mlp=  827.3000> <PB=827.3> 
<DWph=2> <it= 37> <et=0.22> <Mt= 0.01> <Spt= 0.00> <nCl= 30> <al=0.76> <DB=-64763.1542> <Mlp=  827.3000> <PB=827.3> 
<DWph=2> <it= 38> <et=0.22> <Mt= 0.00> <Spt= 0.00> <nCl= 30> <al=0.66> <DB=-58313.6332> <Mlp=  827.3000> <PB=827.3> 
<DWph=2> <it= 39> <et=0.23> <Mt= 0.01> <Spt= 0.00> <nCl= 30> <al=0.69> <DB=-67133.5574> <Mlp=  827.3000> <PB=827.3> 
<DWph=2> <it= 40> <et=0.23> <Mt= 0.00> <Spt= 0.00> <nCl= 30> <al=0.72> <DB=-58500.7382> <Mlp=  827.3000> <PB=827.3> 
<DWph=2> <it= 41> <et=0.24> <Mt= 0.01> <Spt= 0.00> <nCl= 30> <al=0.75> <DB=-60523.3060> <Mlp=  827.3000> <PB=827.3> 
<DWph=2> <it= 42> <et=0.24> <Mt= 0.00> <Spt= 0.01> <nCl= 30> <al=0.65> <DB=-55033.4000> <Mlp=  827.3000> <PB=827.3> 
<DWph=2> <it= 43> <et=0.25> <Mt= 0.00> <Spt= 0.00> <nCl= 30> <al=0.69> <DB=-78453.7102> <Mlp=  827.3000> <PB=827.3> 
<DWph=2> <it= 44> <et=0.26> <Mt= 0.01> <Spt= 0.00> <nCl= 30> <al=0.72> <DB=-42070.3487> <Mlp=  827.3000> <PB=827.3> 
<DWph=2> <it= 45> <et=0.27> <Mt= 0.01> <Spt= 0.00> <nCl= 30> <al=0.62> <DB=-24547.5914> <Mlp=  827.3000> <PB=827.3> 
<DWph=2> <it= 46> <et=0.27> <Mt= 0.00> <Spt= 0.00> <nCl= 30> <al=0.52> <DB=-11533.0574> <Mlp=  827.3000> <PB=827.3> 
<DWph=2> <it= 47> <et=0.27> <Mt= 0.00> <Spt= 0.00> <nCl= 30> <al=0.42> <DB=-6290.3274> <Mlp=  827.3000> <PB=827.3> 
<DWph=2> <it= 48> <et=0.28> <Mt= 0.00> <Spt= 0.00> <nCl= 30> <al=0.32> <DB=-6711.5973> <Mlp=  827.3000> <PB=827.3> 
<DWph=2> <it= 49> <et=0.28> <Mt= 0.01> <Spt= 0.01> <nCl= 30> <al=0.39> <DB=-4696.7005> <Mlp=  827.3000> <PB=827.3> 
<DWph=2> <it= 50> <et=0.29> <Mt= 0.00> <Spt= 0.00> <nCl= 30> <al=0.45> <DB=-5694.0875> <Mlp=  827.3000> <PB=827.3> 
<DWph=2> <it= 51> <et=0.29> <Mt= 0.00> <Spt= 0.00> <nCl= 30> <al=0.50> <DB=-5025.9858> <Mlp=  827.3000> <PB=827.3> 
<DWph=2> <it= 52> <et=0.29> <Mt= 0.00> <Spt= 0.00> <nCl= 30> <al=0.55> <DB=-4682.8132> <Mlp=  827.3000> <PB=827.3> 
<DWph=2> <it= 53> <et=0.30> <Mt= 0.01> <Spt= 0.00> <nCl= 30> <al=0.60> <DB=-5081.8651> <Mlp=  827.3000> <PB=827.3> 
<DWph=2> <it= 54> <et=0.30> <Mt= 0.00> <Spt= 0.00> <nCl= 30> <al=0.64> <DB=-3990.7344> <Mlp=  827.3000> <PB=827.3> 
<DWph=2> <it= 55> <et=0.31> <Mt= 0.00> <Spt= 0.00> <nCl= 30> <al=0.67> <DB=-5213.3827> <Mlp=  827.3000> <PB=827.3> 
<DWph=2> <it= 56> <et=0.31> <Mt= 0.01> <Spt= 0.01> <nCl= 30> <al=0.71> <DB=-4229.4072> <Mlp=  827.3000> <PB=827.3> 
<DWph=2> <it= 57> <et=0.32> <Mt= 0.00> <Spt= 0.00> <nCl= 23> <al=0.74> <DB=-3386.7965> <Mlp=  827.3000> <PB=827.3> 
<DWph=2> <it= 58> <et=0.32> <Mt= 0.00> <Spt= 0.00> <nCl= 30> <al=0.76> <DB=-3057.5113> <Mlp=  827.3000> <PB=827.3> 
<DWph=2> <it= 59> <et=0.33> <Mt= 0.01> <Spt= 0.00> <nCl= 19> <al=0.79> <DB=-2218.8144> <Mlp=  827.3000> <PB=827.3> 
<DWph=2> <it= 60> <et=0.33> <Mt= 0.00> <Spt= 0.00> <nCl= 30> <al=0.81> <DB=-2303.6702> <Mlp=  827.3000> <PB=827.3> 
<DWph=2> <it= 61> <et=0.34> <Mt= 0.00> <Spt= 0.00> <nCl= 30> <al=0.83> <DB=-2109.1846> <Mlp=  827.3000> <PB=827.3> 
<DWph=2> <it= 62> <et=0.34> <Mt= 0.01> <Spt= 0.00> <nCl= 21> <al=0.84> <DB=-1940.1603> <Mlp=  827.3000> <PB=827.3> 
<DWph=2> <it= 63> <et=0.34> <Mt= 0.00> <Spt= 0.01> <nCl= 25> <al=0.86> <DB=-1799.1209> <Mlp=  827.3000> <PB=827.3> 
<DWph=2> <it= 64> <et=0.35> <Mt= 0.00> <Spt= 0.00> <nCl= 30> <al=0.76> <DB=-1785.2027> <Mlp=  827.3000> <PB=827.3> 
<DWph=2> <it= 65> <et=0.35> <Mt= 0.00> <Spt= 0.00> <nCl= 30> <al=0.78> <DB=-2676.0771> <Mlp=  827.3000> <PB=827.3> 
<DWph=2> <it= 66> <et=0.36> <Mt= 0.01> <Spt= 0.00> <nCl= 30> <al=0.81> <DB=-1447.5370> <Mlp=  827.3000> <PB=827.3> 
<DWph=2> <it= 67> <et=0.37> <Mt= 0.01> <Spt= 0.00> <nCl= 28> <al=0.82> <DB=-1229.8754> <Mlp=  827.3000> <PB=827.3> 
<DWph=2> <it= 68> <et=0.38> <Mt= 0.01> <Spt= 0.00> <nCl= 28> <al=0.84> <DB=-1185.2263> <Mlp=  827.3000> <PB=827.3> 
<DWph=2> <it= 69> <et=0.39> <Mt= 0.01> <Spt= 0.01> <nCl= 22> <al=0.86> <DB= -905.2181> <Mlp=  827.3000> <PB=827.3> 
<DWph=2> <it= 70> <et=0.40> <Mt= 0.00> <Spt= 0.00> <nCl= 26> <al=0.87> <DB= -690.6614> <Mlp=  827.3000> <PB=827.3> 
<DWph=2> <it= 71> <et=0.40> <Mt= 0.00> <Spt= 0.00> <nCl= 30> <al=0.77> <DB=-1148.3192> <Mlp=  827.3000> <PB=827.3> 
<DWph=2> <it= 72> <et=0.41> <Mt= 0.01> <Spt= 0.00> <nCl= 30> <al=0.80> <DB=-1139.1095> <Mlp=  827.3000> <PB=827.3> 
<DWph=2> <it= 73> <et=0.41> <Mt= 0.00> <Spt= 0.00> <nCl= 29> <al=0.82> <DB= -800.5430> <Mlp=  827.3000> <PB=827.3> 
<DWph=2> <it= 74> <et=0.42> <Mt= 0.01> <Spt= 0.00> <nCl= 24> <al=0.83> <DB= -517.7806> <Mlp=  827.3000> <PB=827.3> 
<DWph=2> <it= 75> <et=0.42> <Mt= 0.00> <Spt= 0.00> <nCl= 30> <al=0.73> <DB=-1259.3205> <Mlp=  827.3000> <PB=827.3> 
<DWph=2> <it= 76> <et=0.43> <Mt= 0.00> <Spt= 0.01> <nCl= 29> <al=0.76> <DB= -542.0409> <Mlp=  827.3000> <PB=827.3> 
<DWph=2> <it= 77> <et=0.43> <Mt= 0.00> <Spt= 0.00> <nCl= 29> <al=0.78> <DB= -408.5444> <Mlp=  827.3000> <PB=827.3> 
<DWph=2> <it= 78> <et=0.44> <Mt= 0.01> <Spt= 0.00> <nCl= 29> <al=0.81> <DB= -496.4402> <Mlp=  827.3000> <PB=827.3> 
<DWph=2> <it= 79> <et=0.44> <Mt= 0.00> <Spt= 0.00> <nCl= 28> <al=0.83> <DB= -279.9702> <Mlp=  827.3000> <PB=827.3> 
<DWph=2> <it= 80> <et=0.45> <Mt= 0.00> <Spt= 0.00> <nCl= 30> <al=0.84> <DB= -462.0636> <Mlp=  827.3000> <PB=827.3> 
<DWph=2> <it= 81> <et=0.45> <Mt= 0.01> <Spt= 0.00> <nCl= 27> <al=0.86> <DB= -101.7109> <Mlp=  827.3000> <PB=827.3> 
<DWph=2> <it= 82> <et=0.46> <Mt= 0.00> <Spt= 0.01> <nCl= 30> <al=0.76> <DB=-1073.0901> <Mlp=  827.3000> <PB=827.3> 
<DWph=2> <it= 83> <et=0.46> <Mt= 0.00> <Spt= 0.00> <nCl= 30> <al=0.78> <DB= -273.5521> <Mlp=  827.3000> <PB=827.3> 
<DWph=2> <it= 84> <et=0.46> <Mt= 0.01> <Spt= 0.00> <nCl= 24> <al=0.80> <DB= -121.1439> <Mlp=  827.3000> <PB=827.3> 
<DWph=2> <it= 85> <et=0.47> <Mt= 0.00> <Spt= 0.00> <nCl= 20> <al=0.82> <DB=   74.3330> <Mlp=  827.3000> <PB=827.3> 
<DWph=2> <it= 86> <et=0.47> <Mt= 0.00> <Spt= 0.00> <nCl= 28> <al=0.84> <DB= -220.6183> <Mlp=  827.3000> <PB=827.3> 
<DWph=2> <it= 87> <et=0.48> <Mt= 0.00> <Spt= 0.00> <nCl= 15> <al=0.86> <DB=  141.6228> <Mlp=  827.3000> <PB=827.3> 
<DWph=2> <it= 88> <et=0.48> <Mt= 0.00> <Spt= 0.00> <nCl= 23> <al=0.87> <DB=   45.7634> <Mlp=  827.3000> <PB=827.3> 
<DWph=2> <it= 89> <et=0.48> <Mt= 0.01> <Spt= 0.01> <nCl= 14> <al=0.88> <DB=  185.0020> <Mlp=  827.3000> <PB=827.3> 
<DWph=2> <it= 90> <et=0.49> <Mt= 0.00> <Spt= 0.00> <nCl= 25> <al=0.78> <DB=  283.3734> <Mlp=  827.3000> <PB=827.3> 
<DWph=2> <it= 91> <et=0.49> <Mt= 0.00> <Spt= 0.00> <nCl= 28> <al=0.68> <DB=  135.8301> <Mlp=  827.3000> <PB=827.3> 
<DWph=2> <it= 92> <et=0.49> <Mt= 0.00> <Spt= 0.00> <nCl= 22> <al=0.72> <DB=  353.4281> <Mlp=  827.3000> <PB=827.3> 
<DWph=2> <it= 93> <et=0.50> <Mt= 0.00> <Spt= 0.00> <nCl= 27> <al=0.74> <DB=  301.7138> <Mlp=  827.3000> <PB=827.3> 
<DWph=2> <it= 94> <et=0.50> <Mt= 0.00> <Spt= 0.00> <nCl= 24> <al=0.77> <DB=  447.3418> <Mlp=  827.3000> <PB=827.3> 
<DWph=2> <it= 95> <et=0.50> <Mt= 0.01> <Spt= 0.00> <nCl= 27> <al=0.67> <DB=  351.4080> <Mlp=  827.3000> <PB=827.3> 
<DWph=2> <it= 96> <et=0.51> <Mt= 0.00> <Spt= 0.01> <nCl= 28> <al=0.70> <DB=  492.4678> <Mlp=  827.3000> <PB=827.3> 
<DWph=2> <it= 97> <et=0.51> <Mt= 0.00> <Spt= 0.00> <nCl= 21> <al=0.73> <DB=  526.7262> <Mlp=  827.3000> <PB=827.3> 
<DWph=2> <it= 98> <et=0.51> <Mt= 0.00> <Spt= 0.00> <nCl= 25> <al=0.76> <DB=  397.4203> <Mlp=  827.3000> <PB=827.3> 
<DWph=2> <it= 99> <et=0.52> <Mt= 0.00> <Spt= 0.00> <nCl= 23> <al=0.78> <DB=  475.3369> <Mlp=  827.3000> <PB=827.3> 
<DWph=2> <it=100> <et=0.52> <Mt= 0.00> <Spt= 0.00> <nCl= 28> <al=0.68> <DB=  428.7673> <Mlp=  827.3000> <PB=827.3> 
<DWph=2> <it=101> <et=0.52> <Mt= 0.01> <Spt= 0.00> <nCl= 27> <al=0.72> <DB=  383.9925> <Mlp=  827.3000> <PB=827.3> 
<DWph=2> <it=102> <et=0.52> <Mt= 0.00> <Spt= 0.00> <nCl= 11> <al=0.74> <DB=  611.6144> <Mlp=  827.3000> <PB=827.3> 
<DWph=2> <it=103> <et=0.53> <Mt= 0.00> <Spt= 0.01> <nCl= 26> <al=0.64> <DB=  531.7236> <Mlp=  827.3000> <PB=827.3> 
<DWph=2> <it=104> <et=0.53> <Mt= 0.00> <Spt= 0.00> <nCl= 18> <al=0.68> <DB=  510.0749> <Mlp=  827.3000> <PB=827.3> 
<DWph=2> <it=105> <et=0.53> <Mt= 0.00> <Spt= 0.00> <nCl= 10> <al=0.71> <DB=  591.3533> <Mlp=  827.3000> <PB=827.3> 
<DWph=2> <it=106> <et=0.53> <Mt= 0.00> <Spt= 0.00> <nCl= 10> <al=0.74> <DB=  557.4612> <Mlp=  827.3000> <PB=827.3> 
<DWph=2> <it=107> <et=0.54> <Mt= 0.00> <Spt= 0.00> <nCl=  4> <al=0.77> <DB=  659.1603> <Mlp=  827.3000> <PB=827.3> 
<DWph=2> <it=108> <et=0.54> <Mt= 0.00> <Spt= 0.00> <nCl= 19> <al=0.67> <DB=  681.5274> <Mlp=  827.3000> <PB=827.3> 
<DWph=2> <it=109> <et=0.54> <Mt= 0.00> <Spt= 0.00> <nCl= 22> <al=0.70> <DB=  596.7022> <Mlp=  827.3000> <PB=827.3> 
<DWph=2> <it=110> <et=0.54> <Mt= 0.01> <Spt= 0.01> <nCl= 17> <al=0.73> <DB=  626.5477> <Mlp=  827.3000> <PB=827.3> 
<DWph=2> <it=111> <et=0.55> <Mt= 0.00> <Spt= 0.00> <nCl= 11> <al=0.76> <DB=  631.9185> <Mlp=  827.3000> <PB=827.3> 
<DWph=2> <it=112> <et=0.55> <Mt= 0.00> <Spt= 0.00> <nCl=  5> <al=0.78> <DB=  706.6716> <Mlp=  827.3000> <PB=827.3> 
<DWph=2> <it=113> <et=0.55> <Mt= 0.00> <Spt= 0.00> <nCl= 17> <al=0.68> <DB=  708.2119> <Mlp=  827.3000> <PB=827.3> 
<DWph=2> <it=114> <et=0.55> <Mt= 0.00> <Spt= 0.00> <nCl= 21> <al=0.71> <DB=  706.3926> <Mlp=  827.3000> <PB=827.3> 
<DWph=2> <it=115> <et=0.56> <Mt= 0.00> <Spt= 0.00> <nCl= 16> <al=0.74> <DB=  738.9841> <Mlp=  827.3000> <PB=827.3> 
<DWph=2> <it=116> <et=0.56> <Mt= 0.00> <Spt= 0.00> <nCl= 22> <al=0.64> <DB=  519.7148> <Mlp=  827.3000> <PB=827.3> 
<DWph=2> <it=117> <et=0.56> <Mt= 0.00> <Spt= 0.01> <nCl=  8> <al=0.68> <DB=  714.7617> <Mlp=  827.3000> <PB=827.3> 
<DWph=2> <it=118> <et=0.57> <Mt= 0.01> <Spt= 0.00> <nCl= 12> <al=0.71> <DB=  725.9093> <Mlp=  827.3000> <PB=827.3> 
<DWph=2> <it=119> <et=0.57> <Mt= 0.00> <Spt= 0.00> <nCl=  7> <al=0.74> <DB=  762.7118> <Mlp=  827.3000> <PB=827.3> 
<DWph=2> <it=120> <et=0.57> <Mt= 0.00> <Spt= 0.00> <nCl= 15> <al=0.64> <DB=  633.9711> <Mlp=  827.3000> <PB=827.3> 
<DWph=2> <it=121> <et=0.57> <Mt= 0.00> <Spt= 0.00> <nCl= 14> <al=0.67> <DB=  712.1538> <Mlp=  827.3000> <PB=827.3> 
<DWph=2> <it=122> <et=0.58> <Mt= 0.00> <Spt= 0.00> <nCl=  4> <al=0.71> <DB=  782.3438> <Mlp=  827.3000> <PB=827.3> 
<DWph=2> <it=123> <et=0.58> <Mt= 0.00> <Spt= 0.00> <nCl= 19> <al=0.61> <DB=  734.8186> <Mlp=  827.3000> <PB=827.3> 
<DWph=2> <it=124> <et=0.58> <Mt= 0.00> <Spt= 0.01> <nCl= 19> <al=0.65> <DB=  655.0686> <Mlp=  827.3000> <PB=827.3> 
<DWph=2> <it=125> <et=0.58> <Mt= 0.00> <Spt= 0.00> <nCl= 14> <al=0.55> <DB=  754.5641> <Mlp=  827.3000> <PB=827.3> 
<DWph=2> <it=126> <et=0.59> <Mt= 0.00> <Spt= 0.00> <nCl=  9> <al=0.59> <DB=  793.7210> <Mlp=  827.3000> <PB=827.3> 
<DWph=2> <it=127> <et=0.59> <Mt= 0.00> <Spt= 0.00> <nCl= 17> <al=0.49> <DB=  778.9376> <Mlp=  827.3000> <PB=827.3> 
<DWph=2> <it=128> <et=0.59> <Mt= 0.00> <Spt= 0.00> <nCl=  5> <al=0.54> <DB=  814.5521> <Mlp=  827.3000> <PB=827.3> 
<DWph=2> <it=129> <et=0.59> <Mt= 0.01> <Spt= 0.00> <nCl= 25> <al=0.00> <DB=  701.0500> <Mlp=  827.3000> <PB=827.3> 
<DWph=2> <it=130> <et=0.60> <Mt= 0.00> <Spt= 0.01> <nCl=  5> <al=0.34> <DB=  576.2528> <Mlp=  827.3000> <PB=827.3> 
<DWph=2> <it=131> <et=0.60> <Mt= 0.00> <Spt= 0.00> <nCl=  4> <al=0.41> <DB=  650.8664> <Mlp=  827.3000> <PB=827.3> 
<DWph=2> <it=132> <et=0.60> <Mt= 0.00> <Spt= 0.00> <nCl= 13> <al=0.00> <DB=  469.8000> <Mlp=  827.3000> <PB=827.3> 
<DWph=2> <it=133> <et=0.61> <Mt= 0.00> <Spt= 0.00> <nCl=  7> <al=0.00> <DB=  701.0500> <Mlp=  827.3000> <PB=827.3> 
<DWph=2> <it=134> <et=0.61> <Mt= 0.00> <Spt= 0.01> <nCl=  7> <al=0.00> <DB=  811.0500> <Mlp=  827.3000> <PB=827.3> 
<DWph=2> <it=135> <et=0.61> <Mt= 0.00> <Spt= 0.00> <nCl=  2> <al=0.00> <DB=  818.5500> <Mlp=  827.3000> <PB=827.3> 
<DWph=2> <it=136> <et=0.62> <Mt= 0.00> <Spt= 0.00> <nCl=  2> <al=0.00> <DB=  818.5500> <Mlp=  827.3000> <PB=827.3> 
<DWph=2> <it=137> <et=0.62> <Mt= 0.00> <Spt= 0.00> <nCl=  2> <al=0.00> <DB=  818.5500> <Mlp=  827.3000> <PB=827.3> 
<DWph=2> <it=138> <et=0.62> <Mt= 0.00> <Spt= 0.00> <nCl=  6> <al=0.07> <DB=  818.5420> <Mlp=  827.3000> <PB=827.3> 
<DWph=2> <it=139> <et=0.62> <Mt= 0.00> <Spt= 0.00> <nCl=  5> <al=0.00> <DB=  818.5500> <Mlp=  827.3000> <PB=827.3> 
<DWph=2> <it=140> <et=0.62> <Mt= 0.00> <Spt= 0.01> <nCl=  3> <al=0.07> <DB=  820.3536> <Mlp=  827.3000> <PB=827.3> 
<DWph=2> <it=141> <et=0.63> <Mt= 0.00> <Spt= 0.00> <nCl=  7> <al=0.00> <DB=  818.5500> <Mlp=  827.3000> <PB=827.3> 
<DWph=2> <it=142> <et=0.63> <Mt= 0.00> <Spt= 0.00> <nCl=  6> <al=0.00> <DB=  827.3000> <Mlp=  827.3000> <PB=827.3> 
<DWph=1> <it=143> <et=0.63> <Mt= 0.01> <Spt= 0.00> <nCl= 18> <al=0.00> <DB=  614.8000> <Mlp=  827.3000> <PB=827.3> 
<DWph=1> <it=144> <et=0.63> <Mt= 0.00> <Spt= 0.00> <nCl= 22> <al=0.00> <DB=  649.8000> <Mlp=  827.3000> <PB=827.3> 
<DWph=1> <it=145> <et=0.64> <Mt= 0.00> <Spt= 0.01> <nCl= 16> <al=0.07> <DB=  678.7545> <Mlp=  827.3000> <PB=827.3> 
<DWph=1> <it=146> <et=0.64> <Mt= 0.00> <Spt= 0.00> <nCl= 12> <al=0.16> <DB=  713.9833> <Mlp=  827.3000> <PB=827.3> 
<DWph=1> <it=147> <et=0.64> <Mt= 0.00> <Spt= 0.00> <nCl=  8> <al=0.06> <DB=  764.9186> <Mlp=  827.3000> <PB=827.3> 
<DWph=1> <it=148> <et=0.65> <Mt= 0.00> <Spt= 0.00> <nCl=  7> <al=0.16> <DB=  757.9919> <Mlp=  827.3000> <PB=827.3> 
<DWph=1> <it=149> <et=0.65> <Mt= 0.00> <Spt= 0.00> <nCl=  9> <al=0.24> <DB=  786.0329> <Mlp=  827.3000> <PB=827.3> 
<DWph=1> <it=150> <et=0.65> <Mt= 0.00> <Spt= 0.00> <nCl=  5> <al=0.32> <DB=  808.2614> <Mlp=  827.3000> <PB=827.3> 
<DWph=1> <it=151> <et=0.65> <Mt= 0.00> <Spt= 0.00> <nCl=  2> <al=0.22> <DB=  809.4980> <Mlp=  827.3000> <PB=827.3> 
<DWph=1> <it=152> <et=0.65> <Mt= 0.00> <Spt= 0.01> <nCl=  7> <al=0.30> <DB=  819.6970> <Mlp=  827.3000> <PB=827.3> 
<DWph=1> <it=153> <et=0.66> <Mt= 0.00> <Spt= 0.00> <nCl=  1> <al=0.20> <DB=  819.6510> <Mlp=  827.3000> <PB=827.3> 
<DWph=1> <it=154> <et=0.66> <Mt= 0.01> <Spt= 0.00> <nCl=  7> <al=0.00> <DB=  827.3000> <Mlp=  827.3000> <PB=827.3> 
    RCSP exact solver info for graph G_1 : TT = 0.001115, pt = 1.1e-05, dt = 0.000614, ct = 0.000166, ndl = 0', bdl = 3', odl = 0', odf = 0', bsi = 0', cnt = 0', bdch = 7', odch = 0', lcp = 0', #sols = 150
    RCSP exact solver info for graph G_1 : TT = 0.000951, pt = 1.3e-05, dt = 0.000467, ct = 0.000161, ndl = 0', bdl = 3', odl = 0', odf = 0', bsi = 0', cnt = 0', bdch = 7', odch = 0', lcp = 0', #sols = 150
<DWph=0> <it=155> <et=0.67> <Mt= 0.00> <Spt= 0.01> <nCl= 79> <al=0.00> <DB=  827.3000> <Mlp=  827.3000> <PB=827.3> 
Dynamic params and stats :  bidir.bord. = 460.3 aver.obdmd = 1.06863 aver.buck.num. = 2.32353
@@ 1 0 827.3 0.000704 0.00078 94.9869 0.67
ColGenEvalAlg final dual bound: 827.3 (rounded: 827.3)
New model incumbent solution 827.3, TIME = 0h0m0s67t = 67
************************************************************************************************
Search is finished, global bounds : [ 827.3 , 827.3 ], TIME = 0h0m0s67t = 67
************************************************************************************************
instance_name solver_name ext_heuristic solution_value solution_time best_lb root_lb root_time nb_branch_and_bound_nodes status
/home/logis/Downloads/VRPSolverEasy/VRPSolverEasy/demos/data/CVRPTW/C101 CPLEX False 827.3 0.6735599569999999 827.3 827.3 0.673340066 1 0

