Node memory for rank-1 cuts will be used (8.80998)
~~~~~~~~~~~~~~~~~~~~~~~~~~~~~~~~~~~~~~~~~~~~~~~~~~~~~~~~~~~~~~~~~~~~~~~~~~~~~~~~~~~~~
VRPSolver v0.5.27, 24/02/2023, © Inria Bordeaux, France, vrpsolver.math.u-bordeaux.fr
      Corresponds to the solver by Pessoa, Sadykov, Uchoa and Vanderbeck (2020)
                 Paper: dx.doi.org/10.1007/s10107-020-01523-z
~~~~~~~~~~~~~~~~~~~~~~~~~~~~~~~~~~~~~~~~~~~~~~~~~~~~~~~~~~~~~~~~~~~~~~~~~~~~~~~~~~~~~
   BaPCod v0.77, 15/03/2023, © Inria Bordeaux, France, bapcod.math.u-bordeaux.fr 
           THIS CODE IS PROVIDED AS IS, USE IT AT YOUR OWN RISK
~~~~~~~~~~~~~~~~~~~~~~~~~~~~~~~~~~~~~~~~~~~~~~~~~~~~~~~~~~~~~~~~~~~~~~~~~~~~~~~~~~~~~
Bucket steps were recalculated for graph G_1 : [7]
RCSP solver info : symmetric case is detected for graph G_1! 
Bidirectional border value is initialised to 85
RCSP solver info : number of forw. reachable buckets / buck. strongly connected components is 1326( 94.7143% ) / 1278( 96.3801% )
Generating neighbourhoods for rank-1 cuts separation
Building structures for 4- and 5-row rank-1 packing cut separation...done!
Model is built TIME = 0h0m0s4t = 4
************************************************************************************************
**** BaB tree root node
**** Local DB = -1e+12, global bounds : [ -1e+12 , 575.1 ], TIME = 0h0m0s4t = 4
**** 1 open nodes, 0 columns (0 active), 0 dyn. constrs. (0 active), 110 art. vars. (110 active)
************************************************************************************************
#<DWph=2> <it=  1> <et=0.04> <Mt= 0.00> <Spt= 0.00> <nCl= 30> <al=0.00> <DB=-1712843.8400> <Mlp=79363.8000> <PB=575.1> 
#<DWph=2> <it=  2> <et=0.04> <Mt= 0.00> <Spt= 0.00> <nCl= 30> <al=0.55> <DB=-1218097.9086> <Mlp=75004.0286> <PB=575.1> 
#<DWph=2> <it=  3> <et=0.05> <Mt= 0.00> <Spt= 0.00> <nCl= 30> <al=0.45> <DB=-988096.0353> <Mlp=74102.0476> <PB=575.1> 
#<DWph=2> <it=  4> <et=0.05> <Mt= 0.00> <Spt= 0.01> <nCl= 30> <al=0.35> <DB=-849536.4884> <Mlp=64766.6955> <PB=575.1> 
#<DWph=2> <it=  5> <et=0.05> <Mt= 0.00> <Spt= 0.00> <nCl= 30> <al=0.42> <DB=-815465.2409> <Mlp=58116.2577> <PB=575.1> 
#<DWph=2> <it=  6> <et=0.06> <Mt= 0.00> <Spt= 0.00> <nCl= 30> <al=0.47> <DB=-801227.5660> <Mlp=54516.4482> <PB=575.1> 
#<DWph=2> <it=  7> <et=0.06> <Mt= 0.00> <Spt= 0.01> <nCl= 30> <al=0.53> <DB=-766192.8350> <Mlp=53395.2332> <PB=575.1> 
#<DWph=2> <it=  8> <et=0.06> <Mt= 0.00> <Spt= 0.00> <nCl= 30> <al=0.57> <DB=-689183.1356> <Mlp=51925.0867> <PB=575.1> 
#<DWph=2> <it=  9> <et=0.07> <Mt= 0.00> <Spt= 0.00> <nCl= 30> <al=0.62> <DB=-666129.9489> <Mlp=47000.9140> <PB=575.1> 
#<DWph=2> <it= 10> <et=0.07> <Mt= 0.00> <Spt= 0.01> <nCl= 30> <al=0.65> <DB=-657077.9395> <Mlp=42558.9777> <PB=575.1> 
#<DWph=2> <it= 11> <et=0.08> <Mt= 0.00> <Spt= 0.00> <nCl= 30> <al=0.69> <DB=-635629.3331> <Mlp=39955.9829> <PB=575.1> 
#<DWph=2> <it= 12> <et=0.08> <Mt= 0.00> <Spt= 0.00> <nCl= 30> <al=0.72> <DB=-564581.8243> <Mlp=31749.8056> <PB=575.1> 
#<DWph=2> <it= 13> <et=0.08> <Mt= 0.00> <Spt= 0.01> <nCl= 30> <al=0.75> <DB=-523041.7961> <Mlp=23651.1721> <PB=575.1> 
#<DWph=2> <it= 14> <et=0.09> <Mt= 0.00> <Spt= 0.00> <nCl= 30> <al=0.65> <DB=-449870.5942> <Mlp=22467.6047> <PB=575.1> 
#<DWph=2> <it= 15> <et=0.09> <Mt= 0.00> <Spt= 0.00> <nCl= 30> <al=0.55> <DB=-440759.9458> <Mlp=17104.6702> <PB=575.1> 
#<DWph=2> <it= 16> <et=0.10> <Mt= 0.00> <Spt= 0.01> <nCl= 30> <al=0.59> <DB=-419033.2049> <Mlp= 7878.7611> <PB=575.1> 
#<DWph=2> <it= 17> <et=0.10> <Mt= 0.00> <Spt= 0.00> <nCl= 30> <al=0.49> <DB=-370532.3019> <Mlp= 5937.9314> <PB=575.1> 
#<DWph=2> <it= 18> <et=0.10> <Mt= 0.00> <Spt= 0.00> <nCl= 30> <al=0.39> <DB=-258663.0351> <Mlp= 2108.7769> <PB=575.1> 
#<DWph=2> <it= 19> <et=0.11> <Mt= 0.01> <Spt= 0.00> <nCl= 16> <al=0.29> <DB=-51404.5399> <Mlp= 1660.0208> <PB=575.1> 
#<DWph=2> <it= 20> <et=0.11> <Mt= 0.00> <Spt= 0.00> <nCl= 30> <al=0.19> <DB=-2609.1590> <Mlp= 1645.9607> <PB=575.1> 
<DWph=2> <it= 21> <et=0.11> <Mt= 0.00> <Spt= 0.01> <nCl= 30> <al=0.09> <DB=-15503.3289> <Mlp= 1128.5492> <PB=575.1> 
<DWph=2> <it= 22> <et=0.12> <Mt= 0.00> <Spt= 0.00> <nCl= 30> <al=0.18> <DB=-7898.4850> <Mlp= 1086.9491> <PB=575.1> 
<DWph=2> <it= 23> <et=0.12> <Mt= 0.00> <Spt= 0.00> <nCl= 30> <al=0.27> <DB=-1748.0878> <Mlp=  991.5900> <PB=575.1> 
<DWph=2> <it= 24> <et=0.13> <Mt= 0.00> <Spt= 0.01> <nCl= 30> <al=0.34> <DB=-3041.1979> <Mlp=  950.5404> <PB=575.1> 
<DWph=2> <it= 25> <et=0.13> <Mt= 0.00> <Spt= 0.00> <nCl= 30> <al=0.41> <DB=-2870.2402> <Mlp=  912.6988> <PB=575.1> 
<DWph=2> <it= 26> <et=0.13> <Mt= 0.00> <Spt= 0.00> <nCl= 30> <al=0.46> <DB=-1857.5203> <Mlp=  875.8932> <PB=575.1> 
<DWph=2> <it= 27> <et=0.14> <Mt= 0.00> <Spt= 0.01> <nCl= 30> <al=0.52> <DB=-1099.7314> <Mlp=  849.3495> <PB=575.1> 
<DWph=2> <it= 28> <et=0.14> <Mt= 0.00> <Spt= 0.00> <nCl= 30> <al=0.57> <DB=-1135.6304> <Mlp=  815.2883> <PB=575.1> 
<DWph=2> <it= 29> <et=0.15> <Mt= 0.01> <Spt= 0.00> <nCl= 30> <al=0.61> <DB= -780.2433> <Mlp=  778.3296> <PB=575.1> 
<DWph=2> <it= 30> <et=0.15> <Mt= 0.00> <Spt= 0.00> <nCl= 30> <al=0.65> <DB=-1765.2273> <Mlp=  731.0525> <PB=575.1> 
<DWph=2> <it= 31> <et=0.15> <Mt= 0.00> <Spt= 0.01> <nCl= 30> <al=0.68> <DB=-1002.3812> <Mlp=  691.6859> <PB=575.1> 
<DWph=2> <it= 32> <et=0.16> <Mt= 0.00> <Spt= 0.00> <nCl= 30> <al=0.72> <DB= -528.0451> <Mlp=  675.7361> <PB=575.1> 
<DWph=2> <it= 33> <et=0.16> <Mt= 0.00> <Spt= 0.00> <nCl= 30> <al=0.74> <DB= -654.8453> <Mlp=  644.2391> <PB=575.1> 
<DWph=2> <it= 34> <et=0.17> <Mt= 0.00> <Spt= 0.01> <nCl= 26> <al=0.77> <DB= -190.3753> <Mlp=  632.2278> <PB=575.1> 
<DWph=2> <it= 35> <et=0.17> <Mt= 0.00> <Spt= 0.00> <nCl= 29> <al=0.67> <DB= -540.3046> <Mlp=  615.7017> <PB=575.1> 
<DWph=2> <it= 36> <et=0.18> <Mt= 0.00> <Spt= 0.00> <nCl= 24> <al=0.70> <DB=  -30.5059> <Mlp=  602.4345> <PB=575.1> 
<DWph=2> <it= 37> <et=0.18> <Mt= 0.01> <Spt= 0.01> <nCl= 26> <al=0.73> <DB=  144.8969> <Mlp=  587.3327> <PB=575.1> 
<DWph=2> <it= 38> <et=0.18> <Mt= 0.00> <Spt= 0.00> <nCl= 24> <al=0.76> <DB=  217.5773> <Mlp=  578.8329> <PB=575.1> 
<DWph=2> <it= 39> <et=0.19> <Mt= 0.00> <Spt= 0.00> <nCl= 27> <al=0.78> <DB=  260.5014> <Mlp=  573.3724> <PB=575.1> 
<DWph=2> <it= 40> <et=0.19> <Mt= 0.00> <Spt= 0.00> <nCl= 19> <al=0.80> <DB=  421.0312> <Mlp=  568.0797> <PB=575.1> 
<DWph=2> <it= 41> <et=0.20> <Mt= 0.00> <Spt= 0.01> <nCl= 24> <al=0.70> <DB=  416.3076> <Mlp=  563.1819> <PB=575.1> 
<DWph=2> <it= 42> <et=0.20> <Mt= 0.00> <Spt= 0.00> <nCl= 16> <al=0.73> <DB=  516.2946> <Mlp=  560.6100> <PB=575.1> 
<DWph=2> <it= 43> <et=0.21> <Mt= 0.00> <Spt= 0.00> <nCl= 13> <al=0.63> <DB=  533.3974> <Mlp=  559.7602> <PB=575.1> 
<DWph=2> <it= 44> <et=0.21> <Mt= 0.00> <Spt= 0.01> <nCl= 21> <al=0.67> <DB=  502.7713> <Mlp=  558.7877> <PB=575.1> 
<DWph=2> <it= 45> <et=0.21> <Mt= 0.00> <Spt= 0.00> <nCl=  9> <al=0.70> <DB=  536.9121> <Mlp=  557.9942> <PB=575.1> 
<DWph=2> <it= 46> <et=0.22> <Mt= 0.00> <Spt= 0.00> <nCl= 11> <al=0.60> <DB=  538.8745> <Mlp=  557.5459> <PB=575.1> 
<DWph=2> <it= 47> <et=0.22> <Mt= 0.01> <Spt= 0.01> <nCl= 14> <al=0.50> <DB=  536.2128> <Mlp=  557.1829> <PB=575.1> 
<DWph=2> <it= 48> <et=0.22> <Mt= 0.00> <Spt= 0.00> <nCl= 11> <al=0.40> <DB=  549.5849> <Mlp=  557.0995> <PB=575.1> 
<DWph=2> <it= 49> <et=0.23> <Mt= 0.00> <Spt= 0.00> <nCl= 14> <al=0.30> <DB=  547.5696> <Mlp=  557.0174> <PB=575.1> 
<DWph=2> <it= 50> <et=0.23> <Mt= 0.00> <Spt= 0.00> <nCl= 11> <al=0.37> <DB=  550.8828> <Mlp=  556.7800> <PB=575.1> 
<DWph=2> <it= 51> <et=0.23> <Mt= 0.00> <Spt= 0.01> <nCl=  8> <al=0.27> <DB=  550.2683> <Mlp=  556.6993> <PB=575.1> 
<DWph=2> <it= 52> <et=0.24> <Mt= 0.00> <Spt= 0.00> <nCl= 10> <al=0.17> <DB=  554.2778> <Mlp=  556.6301> <PB=575.1> 
<DWph=2> <it= 53> <et=0.24> <Mt= 0.00> <Spt= 0.00> <nCl=  3> <al=0.26> <DB=  556.0268> <Mlp=  556.6289> <PB=575.1> 
<DWph=2> <it= 54> <et=0.25> <Mt= 0.00> <Spt= 0.01> <nCl=  7> <al=0.00> <DB=  554.3625> <Mlp=  556.6289> <PB=575.1> 
<DWph=2> <it= 55> <et=0.25> <Mt= 0.00> <Spt= 0.00> <nCl=  2> <al=0.00> <DB=  556.6289> <Mlp=  556.6289> <PB=575.1> 
<DWph=1> <it= 56> <et=0.26> <Mt= 0.00> <Spt= 0.01> <nCl= 15> <al=0.00> <DB=  548.1347> <Mlp=  556.6289> <PB=575.1> 
<DWph=1> <it= 57> <et=0.26> <Mt= 0.00> <Spt= 0.01> <nCl= 13> <al=0.00> <DB=  536.0468> <Mlp=  556.0635> <PB=575.1> 
<DWph=1> <it= 58> <et=0.27> <Mt= 0.00> <Spt= 0.00> <nCl= 11> <al=0.06> <DB=  546.0866> <Mlp=  555.7410> <PB=575.1> 
<DWph=1> <it= 59> <et=0.28> <Mt= 0.00> <Spt= 0.01> <nCl=  7> <al=0.00> <DB=  554.2772> <Mlp=  555.5720> <PB=575.1> 
<DWph=1> <it= 60> <et=0.29> <Mt= 0.00> <Spt= 0.01> <nCl=  4> <al=0.00> <DB=  555.5637> <Mlp=  555.5637> <PB=575.1> 
    RCSP exact solver info for graph G_1 : TT = 0.011152, pt = 1.1e-05, dt = 0.009827, ct = 0.001022, ndl = 2', bdl = 74', odl = 4', odf = 26', bsi = 1', cnt = 4', bdch = 743', odch = 47', lcp = 36', #sols = 150
<DWph=0> <it= 61> <et=0.31> <Mt= 0.00> <Spt= 0.02> <nCl= 73> <al=0.00> <DB=  552.3354> <Mlp=  555.5637> <PB=575.1> 
    RCSP exact solver info for graph G_1 : TT = 0.009219, pt = 2e-05, dt = 0.007899, ct = 0.001027, ndl = 2', bdl = 74', odl = 4', odf = 25', bsi = 1', cnt = 4', bdch = 735', odch = 46', lcp = 36', #sols = 150
    RCSP exact solver info for graph G_1 : TT = 0.009259, pt = 1.8e-05, dt = 0.007928, ct = 0.001041, ndl = 2', bdl = 74', odl = 4', odf = 25', bsi = 1', cnt = 4', bdch = 737', odch = 47', lcp = 36', #sols = 150
<DWph=0> <it= 62> <et=0.33> <Mt= 0.00> <Spt= 0.02> <nCl= 16> <al=0.00> <DB=  555.5450> <Mlp=  555.5450> <PB=575.1> 
Dynamic params and stats :  aver.obdmd = 22.6964 aver.buck.num. = 25
@@ 1 0 555.545 0.00958133 0.010849 87.9409 0.33
Labels distribution in buckets (bucket size) : largest - 32, top 0.1% - 32, top 0.5% - 28, top 2% - 20, top 10% - 12, top 50% - 2
Reduced cost fixing for graph G_1... 22913 buck. arcs remain (37.1% from prev., 32.6% from max.) + 4738 jump buck. arcs (6.74% from max.)
 TT = 0.036745, pt = 0.004128, dt = 0.015515, ct = 0.016978, ndl = 11', bdl = 124', odl = 6', odf = 63', lpcb = 288', cnt = 181', bdch = 1532', odch = 256', lcp = 153'
Labels distribution in buckets (bucket size) : largest - 32, top 0.1% - 32, top 0.5% - 31, top 2% - 22, top 10% - 14, top 50% - 3
Run forward enumeration with border = 85... succeeded! lpt = 0.309887, ndl = 81', dl = 71', lpcb = 1451', dch = 958'
Run enumeration concatenation with time limit 0.3 sec.... time limit reached, not succeeded.
Sorting and storing enumerated solutions ...  TT = 0.775847, pt = 0.001994, dt = 0.309887, ct = 0.304323, ndl = 81', bdl = 71', lpcb = 1451', cnt = 1658', bdch = 958', odch = 0', lcp = 0'
ColGenEvalAlg final dual bound: 555.545 (rounded: 556)
In total 1 RCC cut(s) are found by the connected components heuristic 
Shrinking heuristic shrunk 7 edges
In total 9 RCC cut(s) are found by the Fractional capacity min-cut heuristic 
In total 32 RCC cut(s) are found by the greedy construction heuristic 
----- Add fac. cuts : CAP(42), max.viol = 0.722003, aver.viol = 0.162427, sep/add took 0.00995917/0.0194941 sec. -----
1464 columns (1464 active), 42 dyn. constrs. (42 active), 152 art. vars. (152 active)
<DWph=2> <it=  1> <et=1.18> <Mt= 0.01> <Spt= 0.00> <nCl= 24> <al=0.50> <DB=  535.2209> <Mlp=  561.7690> <PB=575.1> 
<DWph=2> <it=  2> <et=1.19> <Mt= 0.00> <Spt= 0.00> <nCl= 16> <al=0.55> <DB=  535.4240> <Mlp=  559.7414> <PB=575.1> 
<DWph=2> <it=  3> <et=1.19> <Mt= 0.00> <Spt= 0.01> <nCl= 19> <al=0.19> <DB=  548.3987> <Mlp=  559.7308> <PB=575.1> 
<DWph=2> <it=  4> <et=1.20> <Mt= 0.00> <Spt= 0.00> <nCl=  2> <al=0.50> <DB=  558.2732> <Mlp=  559.2857> <PB=575.1> 
<DWph=2> <it=  5> <et=1.20> <Mt= 0.00> <Spt= 0.00> <nCl=  9> <al=0.55> <DB=  555.2125> <Mlp=  559.2857> <PB=575.1> 
<DWph=2> <it=  6> <et=1.21> <Mt= 0.01> <Spt= 0.01> <nCl=  5> <al=0.59> <DB=  556.7221> <Mlp=  559.1630> <PB=575.1> 
<DWph=2> <it=  7> <et=1.21> <Mt= 0.00> <Spt= 0.00> <nCl=  2> <al=0.63> <DB=  557.1909> <Mlp=  559.1121> <PB=575.1> 
<DWph=2> <it=  8> <et=1.21> <Mt= 0.00> <Spt= 0.00> <nCl= 11> <al=0.34> <DB=  549.6363> <Mlp=  559.1011> <PB=575.1> 
<DWph=2> <it=  9> <et=1.22> <Mt= 0.00> <Spt= 0.01> <nCl=  7> <al=0.14> <DB=  558.1689> <Mlp=  559.0295> <PB=575.1> 
<DWph=2> <it= 10> <et=1.22> <Mt= 0.00> <Spt= 0.00> <nCl=  2> <al=0.00> <DB=  559.0071> <Mlp=  559.0071> <PB=575.1> 
<DWph=1> <it= 11> <et=1.23> <Mt= 0.00> <Spt= 0.00> <nCl=  6> <al=0.37> <DB=  553.5288> <Mlp=  559.0071> <PB=575.1> 
<DWph=1> <it= 12> <et=1.24> <Mt= 0.00> <Spt= 0.01> <nCl=  6> <al=0.00> <DB=  558.8490> <Mlp=  558.8490> <PB=575.1> 
    RCSP exact solver info for graph G_1 : TT = 0.004453, pt = 1e-05, dt = 0.003569, ct = 0.000603, ndl = 2', bdl = 17', odl = 3', odf = 24', bsi = 1', cnt = 4', bdch = 176', odch = 44', lcp = 29', #sols = 150
<DWph=0> <it= 13> <et=1.24> <Mt= 0.00> <Spt= 0.01> <nCl= 33> <al=0.33> <DB=  554.8909> <Mlp=  558.8490> <PB=575.1> 
    RCSP exact solver info for graph G_1 : TT = 0.004571, pt = 1.9e-05, dt = 0.003663, ct = 0.000617, ndl = 2', bdl = 17', odl = 3', odf = 24', bsi = 1', cnt = 4', bdch = 185', odch = 46', lcp = 31', #sols = 150
<DWph=0> <it= 14> <et=1.25> <Mt= 0.00> <Spt= 0.00> <nCl=  6> <al=0.23> <DB=  557.9076> <Mlp=  558.8178> <PB=575.1> 
    RCSP exact solver info for graph G_1 : TT = 0.004595, pt = 1.7e-05, dt = 0.003701, ct = 0.000618, ndl = 2', bdl = 18', odl = 3', odf = 24', bsi = 1', cnt = 4', bdch = 189', odch = 48', lcp = 32', #sols = 150
    RCSP exact solver info for graph G_1 : TT = 0.004495, pt = 1.8e-05, dt = 0.00361, ct = 0.000602, ndl = 2', bdl = 17', odl = 3', odf = 24', bsi = 1', cnt = 4', bdch = 184', odch = 46', lcp = 31', #sols = 150
<DWph=0> <it= 15> <et=1.27> <Mt= 0.00> <Spt= 0.01> <nCl=  5> <al=0.00> <DB=  558.8176> <Mlp=  558.8176> <PB=575.1> 
Dynamic params and stats :  aver.obdmd = 22.6964 aver.buck.num. = 25
@@ 1 1 558.818 0.00424575 0.004319 32.6145 1.27
Labels distribution in buckets (bucket size) : largest - 33, top 0.1% - 33, top 0.5% - 26, top 2% - 20, top 10% - 12, top 50% - 2
Reduced cost fixing for graph G_1... 19642 buck. arcs remain (85.7% from prev., 28% from max.) + 4629 jump buck. arcs (6.59% from max.)
 TT = 0.023, pt = 0.001548, dt = 0.00907, ct = 0.012275, ndl = 9', bdl = 72', odl = 5', odf = 58', lpcb = 57', cnt = 134', bdch = 667', odch = 203', lcp = 106'
Labels distribution in buckets (bucket size) : largest - 33, top 0.1% - 33, top 0.5% - 26, top 2% - 23, top 10% - 13, top 50% - 2
Run forward enumeration with border = 85... succeeded! lpt = 0.192673, ndl = 62', dl = 41', lpcb = 963', dch = 570'
Run enumeration concatenation with time limit 0.3 sec.... time limit reached, not succeeded.
Sorting and storing enumerated solutions ...  TT = 0.616038, pt = 0, dt = 0.192673, ct = 0.300028, ndl = 62', bdl = 41', lpcb = 963', cnt = 1122', bdch = 570', odch = 0', lcp = 0'
ColGenEvalAlg final dual bound: 558.818 (rounded: 559)
Gap improvement since the last cut separation : 0.167351 (555.545)
Current active cuts : CAP(7,71.8624)
Shrinking heuristic shrunk 7 edges
In total 8 RCC cut(s) are found by the greedy construction heuristic 
In total 1 RCC cut(s) are found by the global pool greedy search heuristic 
----- Add fac. cuts : CAP(9), max.viol = 0.135834, aver.viol = 0.0566787, sep/add took 0.00901156/0.00612212 sec. -----
1617 columns (1617 active), 51 dyn. constrs. (16 active), 161 art. vars. (126 active)
<DWph=2> <it=  1> <et=1.95> <Mt= 0.01> <Spt= 0.01> <nCl=  1> <al=0.50> <DB=  558.8667> <Mlp=  558.9157> <PB=575.1> 
<DWph=2> <it=  2> <et=1.96> <Mt= 0.00> <Spt= 0.00> <nCl=  4> <al=0.10> <DB=  558.8713> <Mlp=  558.9152> <PB=575.1> 
<DWph=2> <it=  3> <et=1.96> <Mt= 0.00> <Spt= 0.01> <nCl=  2> <al=0.00> <DB=  558.9150> <Mlp=  558.9150> <PB=575.1> 
<DWph=1> <it=  4> <et=1.97> <Mt= 0.00> <Spt= 0.00> <nCl=  0> <al=0.00> <DB=  558.9150> <Mlp=  558.9150> <PB=575.1> 
    RCSP exact solver info for graph G_1 : TT = 0.004164, pt = 1.1e-05, dt = 0.003302, ct = 0.00055, ndl = 2', bdl = 14', odl = 3', odf = 24', bsi = 1', cnt = 4', bdch = 155', odch = 45', lcp = 29', #sols = 150
    RCSP exact solver info for graph G_1 : TT = 0.004089, pt = 1.8e-05, dt = 0.003248, ct = 0.000547, ndl = 2', bdl = 14', odl = 3', odf = 24', bsi = 1', cnt = 4', bdch = 155', odch = 45', lcp = 29', #sols = 150
<DWph=0> <it=  5> <et=1.98> <Mt= 0.00> <Spt= 0.01> <nCl=  4> <al=0.00> <DB=  558.9150> <Mlp=  558.9150> <PB=575.1> 
Dynamic params and stats :  aver.obdmd = 22.6964 aver.buck.num. = 25
@@ 1 2 558.915 0.0038235 0.003852 27.9586 1.98
    Full reduced cost fixing is not called (gap ratio is 0.993983)
ColGenEvalAlg final dual bound: 558.915 (rounded: 559)
Gap improvement since the last cut separation : 0.00597974 (558.818)
Cut generation tailing off counter increased to 1
Current active cuts : CAP(9,68.3369)
Shrinking heuristic shrunk 6 edges
6 Rank-1 1-rows pack. cuts added ,  max viol. = 0.308115, aver. viol. = 0.126668
150 Rank-1 3-rows pack. cuts added ,  max viol. = 0.423712, aver. viol. = 0.192639
----- Add fac. cuts : R1C(156), max.viol = 0.443598, aver.viol = 0.194643, sep/add took 0.010605/0.0520213 sec. -----
1628 columns (1628 active), 172 dyn. constrs. (165 active), 317 art. vars. (275 active)
<DWph=2> <it=  1> <et=2.07> <Mt= 0.01> <Spt= 0.01> <nCl= 24> <al=0.50> <DB=  539.0144> <Mlp=  564.6414> <PB=575.1> 
<DWph=2> <it=  2> <et=2.13> <Mt= 0.05> <Spt= 0.00> <nCl= 24> <al=0.55> <DB=  547.9515> <Mlp=  563.6890> <PB=575.1> 
<DWph=2> <it=  3> <et=2.13> <Mt= 0.00> <Spt= 0.01> <nCl= 12> <al=0.60> <DB=  554.2588> <Mlp=  563.6532> <PB=575.1> 
<DWph=2> <it=  4> <et=2.14> <Mt= 0.01> <Spt= 0.00> <nCl=  5> <al=0.64> <DB=  559.0894> <Mlp=  563.5173> <PB=575.1> 
<DWph=2> <it=  5> <et=2.14> <Mt= 0.00> <Spt= 0.00> <nCl= 12> <al=0.67> <DB=  555.1490> <Mlp=  563.5173> <PB=575.1> 
<DWph=2> <it=  6> <et=2.15> <Mt= 0.00> <Spt= 0.01> <nCl= 15> <al=0.41> <DB=  556.0925> <Mlp=  563.3757> <PB=575.1> 
<DWph=2> <it=  7> <et=2.16> <Mt= 0.00> <Spt= 0.01> <nCl= 13> <al=0.21> <DB=  548.5602> <Mlp=  563.3335> <PB=575.1> 
<DWph=2> <it=  8> <et=2.17> <Mt= 0.00> <Spt= 0.00> <nCl=  8> <al=0.50> <DB=  561.5003> <Mlp=  563.3133> <PB=575.1> 
<DWph=2> <it=  9> <et=2.18> <Mt= 0.01> <Spt= 0.01> <nCl=  2> <al=0.11> <DB=  562.3821> <Mlp=  563.3038> <PB=575.1> 
<DWph=2> <it= 10> <et=2.18> <Mt= 0.00> <Spt= 0.00> <nCl=  2> <al=0.00> <DB=  563.3038> <Mlp=  563.3038> <PB=575.1> 
<DWph=1> <it= 11> <et=2.19> <Mt= 0.00> <Spt= 0.01> <nCl= 13> <al=0.35> <DB=  546.3710> <Mlp=  563.3038> <PB=575.1> 
<DWph=1> <it= 12> <et=2.20> <Mt= 0.00> <Spt= 0.00> <nCl= 11> <al=0.42> <DB=  556.0694> <Mlp=  563.1863> <PB=575.1> 
<DWph=1> <it= 13> <et=2.21> <Mt= 0.00> <Spt= 0.01> <nCl= 10> <al=0.32> <DB=  553.2584> <Mlp=  563.1768> <PB=575.1> 
<DWph=1> <it= 14> <et=2.21> <Mt= 0.01> <Spt= 0.01> <nCl=  9> <al=0.22> <DB=  552.1377> <Mlp=  563.1327> <PB=575.1> 
<DWph=1> <it= 15> <et=2.22> <Mt= 0.00> <Spt= 0.00> <nCl=  7> <al=0.30> <DB=  560.4890> <Mlp=  563.1099> <PB=575.1> 
<DWph=1> <it= 16> <et=2.23> <Mt= 0.00> <Spt= 0.01> <nCl=  3> <al=0.37> <DB=  560.5584> <Mlp=  563.0898> <PB=575.1> 
<DWph=1> <it= 17> <et=2.24> <Mt= 0.00> <Spt= 0.00> <nCl=  4> <al=0.43> <DB=  562.0802> <Mlp=  563.0840> <PB=575.1> 
<DWph=1> <it= 18> <et=2.25> <Mt= 0.00> <Spt= 0.01> <nCl=  3> <al=0.49> <DB=  551.4381> <Mlp=  563.0820> <PB=575.1> 
<DWph=1> <it= 19> <et=2.26> <Mt= 0.01> <Spt= 0.01> <nCl=  3> <al=0.08> <DB=  562.4414> <Mlp=  562.8644> <PB=575.1> 
<DWph=1> <it= 20> <et=2.27> <Mt= 0.00> <Spt= 0.01> <nCl=  1> <al=0.00> <DB=  561.7349> <Mlp=  562.8644> <PB=575.1> 
<DWph=1> <it= 21> <et=2.28> <Mt= 0.00> <Spt= 0.01> <nCl=  5> <al=0.00> <DB=  552.9693> <Mlp=  562.8627> <PB=575.1> 
<DWph=1> <it= 22> <et=2.29> <Mt= 0.00> <Spt= 0.00> <nCl=  1> <al=0.24> <DB=  558.6260> <Mlp=  562.8627> <PB=575.1> 
<DWph=1> <it= 23> <et=2.30> <Mt= 0.00> <Spt= 0.01> <nCl=  2> <al=0.14> <DB=  562.2990> <Mlp=  562.8627> <PB=575.1> 
<DWph=1> <it= 24> <et=2.31> <Mt= 0.00> <Spt= 0.01> <nCl=  1> <al=0.00> <DB=  562.8627> <Mlp=  562.8627> <PB=575.1> 
    RCSP exact solver info for graph G_1 : TT = 0.013182, pt = 0.000211, dt = 0.01071, ct = 0.001945, ndl = 4', bdl = 20', odl = 3', odf = 32', bsi = 1', cnt = 48', bdch = 285', odch = 99', lcp = 57', #sols = 150
<DWph=0> <it= 25> <et=2.33> <Mt= 0.01> <Spt= 0.02> <nCl= 76> <al=0.12> <DB=  546.5834> <Mlp=  562.8627> <PB=575.1> 
    RCSP exact solver info for graph G_1 : TT = 0.012308, pt = 0.000294, dt = 0.009805, ct = 0.00188, ndl = 4', bdl = 20', odl = 3', odf = 32', bsi = 1', cnt = 40', bdch = 282', odch = 96', lcp = 55', #sols = 150
<DWph=0> <it= 26> <et=2.35> <Mt= 0.00> <Spt= 0.02> <nCl= 26> <al=0.21> <DB=  559.2585> <Mlp=  562.6762> <PB=575.1> 
    RCSP exact solver info for graph G_1 : TT = 0.012247, pt = 0.000251, dt = 0.009818, ct = 0.001874, ndl = 4', bdl = 20', odl = 3', odf = 32', bsi = 1', cnt = 37', bdch = 288', odch = 99', lcp = 57', #sols = 150
<DWph=0> <it= 27> <et=2.37> <Mt= 0.00> <Spt= 0.01> <nCl= 11> <al=0.11> <DB=  561.5032> <Mlp=  562.6739> <PB=575.1> 
    RCSP exact solver info for graph G_1 : TT = 0.011934, pt = 0.000246, dt = 0.009556, ct = 0.001837, ndl = 4', bdl = 19', odl = 3', odf = 32', bsi = 1', cnt = 35', bdch = 279', odch = 95', lcp = 55', #sols = 150
    RCSP exact solver info for graph G_1 : TT = 0.011589, pt = 0.000226, dt = 0.009293, ct = 0.001786, ndl = 4', bdl = 19', odl = 3', odf = 32', bsi = 1', cnt = 34', bdch = 275', odch = 92', lcp = 54', #sols = 150
<DWph=0> <it= 28> <et=2.39> <Mt= 0.00> <Spt= 0.03> <nCl= 12> <al=0.00> <DB=  562.6725> <Mlp=  562.6739> <PB=575.1> 
    RCSP exact solver info for graph G_1 : TT = 0.011681, pt = 0.000227, dt = 0.009345, ct = 0.001814, ndl = 4', bdl = 19', odl = 3', odf = 32', bsi = 1', cnt = 34', bdch = 276', odch = 93', lcp = 54', #sols = 150
    RCSP exact solver info for graph G_1 : TT = 0.01168, pt = 0.000226, dt = 0.009349, ct = 0.001821, ndl = 4', bdl = 19', odl = 3', odf = 32', bsi = 1', cnt = 35', bdch = 279', odch = 94', lcp = 55', #sols = 150
<DWph=0> <it= 29> <et=2.42> <Mt= 0.00> <Spt= 0.02> <nCl=  1> <al=0.00> <DB=  562.6739> <Mlp=  562.6739> <PB=575.1> 
Dynamic params and stats :  aver.obdmd = 22.6964 aver.buck.num. = 25 nbR1C = 33 with avMem = 6.42424
@@ 1 3 562.674 0.0115476 0.012655 27.9586 2.42
Labels distribution in buckets (bucket size) : largest - 62, top 0.1% - 62, top 0.5% - 46, top 2% - 33, top 10% - 18, top 50% - 2
Reduced cost fixing for graph G_1... 16506 buck. arcs remain (84% from prev., 23.5% from max.) + 4553 jump buck. arcs (6.48% from max.)
 TT = 0.051824, pt = 0.005052, dt = 0.024205, ct = 0.022383, ndl = 14', bdl = 89', odl = 6', odf = 90', lpcb = 89', cnt = 232', bdch = 1106', odch = 515', lcp = 229'
Labels distribution in buckets (bucket size) : largest - 62, top 0.1% - 62, top 0.5% - 55, top 2% - 39, top 10% - 20, top 50% - 3
Run forward enumeration with border = 85... succeeded! lpt = 0.158458, ndl = 36', dl = 16', lpcb = 520', dch = 214'
Run enumeration concatenation with time limit 0.34188 sec.... succeeded!
Sorting and storing enumerated solutions ... done!
 TT = 0.756367, pt = 0, dt = 0.158458, ct = 0.296, ndl = 36', bdl = 16', lpcb = 520', cnt = 1527', bdch = 214', odch = 0', lcp = 0'
Enumeration succeeded!, number of elem. solutions is 159625
Estimating inspection time...     TT = 0.035588, performed by inspection with 159625 solutions, nbR1C = 33, nbDiscC = 0
Inspection time is too high. Pricing will be done by the labelling algorithm.
ColGenEvalAlg final dual bound: 562.674 (rounded: 563)
Gap improvement since the last cut separation : 0.232249 (558.915)
Current active cuts : CAP(5,25.2189) R1C(2+31,51.2835) 1rowPackR1C(2) 3rowPackR1C(31)
Shrinking heuristic shrunk 11 edges
In total 1 RCC cut(s) are found by the Fractional capacity min-cut heuristic 
In total 3 RCC cut(s) are found by the greedy construction heuristic 
3 Rank-1 1-rows pack. cuts added ,  max viol. = 0.280811, aver. viol. = 0.204054
139 Rank-1 3-rows pack. cuts added ,  max viol. = 0.351081, aver. viol. = 0.126484
Building structures for heuristic rank-1 packing cut separation...done!
100 Rank-1 4-rows pack. cuts added ,  max viol. = 0.343784, aver. viol. = 0.230242
----- Add fac. cuts : CAP(4) R1C(242), max.viol = 0.351081, aver.viol = 0.173201, sep/add took 0.0374633/0.104025 sec. -----
1944 columns (1944 active), 411 dyn. constrs. (285 active), 563 art. vars. (395 active)
<DWph=2> <it=  1> <et=3.46> <Mt= 0.02> <Spt= 0.01> <nCl=  8> <al=0.50> <DB=  558.1853> <Mlp=  565.1362> <PB=575.1> 
<DWph=2> <it=  2> <et=3.48> <Mt= 0.01> <Spt= 0.00> <nCl=  4> <al=0.55> <DB=  563.7172> <Mlp=  564.9923> <PB=575.1> 
<DWph=2> <it=  3> <et=3.49> <Mt= 0.00> <Spt= 0.01> <nCl=  8> <al=0.60> <DB=  559.0523> <Mlp=  564.9911> <PB=575.1> 
<DWph=2> <it=  4> <et=3.50> <Mt= 0.01> <Spt= 0.00> <nCl=  7> <al=0.64> <DB=  559.9318> <Mlp=  564.9811> <PB=575.1> 
<DWph=2> <it=  5> <et=3.51> <Mt= 0.00> <Spt= 0.01> <nCl=  4> <al=0.34> <DB=  563.3874> <Mlp=  564.9606> <PB=575.1> 
<DWph=2> <it=  6> <et=3.52> <Mt= 0.01> <Spt= 0.01> <nCl=  1> <al=0.57> <DB=  563.1958> <Mlp=  564.9544> <PB=575.1> 
<DWph=2> <it=  7> <et=3.52> <Mt= 0.00> <Spt= 0.00> <nCl=  3> <al=0.61> <DB=  561.3940> <Mlp=  564.9507> <PB=575.1> 
<DWph=2> <it=  8> <et=3.53> <Mt= 0.00> <Spt= 0.01> <nCl=  6> <al=0.31> <DB=  563.8022> <Mlp=  564.9507> <PB=575.1> 
<DWph=2> <it=  9> <et=3.54> <Mt= 0.00> <Spt= 0.00> <nCl=  4> <al=0.55> <DB=  554.1839> <Mlp=  564.9369> <PB=575.1> 
<DWph=2> <it= 10> <et=3.55> <Mt= 0.01> <Spt= 0.01> <nCl=  1> <al=0.60> <DB=  563.6727> <Mlp=  564.9059> <PB=575.1> 
<DWph=2> <it= 11> <et=3.56> <Mt= 0.00> <Spt= 0.00> <nCl=  1> <al=0.64> <DB=  560.4519> <Mlp=  564.9035> <PB=575.1> 
<DWph=2> <it= 12> <et=3.56> <Mt= 0.00> <Spt= 0.00> <nCl=  2> <al=0.54> <DB=  560.8558> <Mlp=  564.9034> <PB=575.1> 
<DWph=2> <it= 13> <et=3.57> <Mt= 0.01> <Spt= 0.01> <nCl=  7> <al=0.17> <DB=  551.3807> <Mlp=  564.8990> <PB=575.1> 
<DWph=2> <it= 14> <et=3.58> <Mt= 0.00> <Spt= 0.01> <nCl=  2> <al=0.48> <DB=  562.1151> <Mlp=  564.8990> <PB=575.1> 
<DWph=2> <it= 15> <et=3.59> <Mt= 0.00> <Spt= 0.00> <nCl=  1> <al=0.54> <DB=  553.8497> <Mlp=  564.8988> <PB=575.1> 
<DWph=2> <it= 16> <et=3.59> <Mt= 0.00> <Spt= 0.00> <nCl=  2> <al=0.58> <DB=  563.4627> <Mlp=  564.8830> <PB=575.1> 
<DWph=2> <it= 17> <et=3.60> <Mt= 0.01> <Spt= 0.01> <nCl=  4> <al=0.25> <DB=  564.0683> <Mlp=  564.8790> <PB=575.1> 
<DWph=2> <it= 18> <et=3.62> <Mt= 0.00> <Spt= 0.01> <nCl=  4> <al=0.00> <DB=  564.8790> <Mlp=  564.8790> <PB=575.1> 
<DWph=1> <it= 19> <et=3.63> <Mt= 0.00> <Spt= 0.01> <nCl= 15> <al=0.42> <DB=  557.2592> <Mlp=  564.8790> <PB=575.1> 
<DWph=1> <it= 20> <et=3.64> <Mt= 0.01> <Spt= 0.01> <nCl=  7> <al=0.32> <DB=  558.9645> <Mlp=  564.7491> <PB=575.1> 
<DWph=1> <it= 21> <et=3.65> <Mt= 0.00> <Spt= 0.00> <nCl=  4> <al=0.22> <DB=  562.2863> <Mlp=  564.7421> <PB=575.1> 
<DWph=1> <it= 22> <et=3.67> <Mt= 0.01> <Spt= 0.01> <nCl=  2> <al=0.00> <DB=  563.4528> <Mlp=  564.7387> <PB=575.1> 
<DWph=1> <it= 23> <et=3.68> <Mt= 0.00> <Spt= 0.02> <nCl=  0> <al=0.00> <DB=  564.7387> <Mlp=  564.7387> <PB=575.1> 
    RCSP exact solver info for graph G_1 : TT = 0.018999, pt = 0.00042, dt = 0.014334, ct = 0.003821, ndl = 5', bdl = 22', odl = 4', odf = 40', bsi = 1', cnt = 93', bdch = 427', odch = 172', lcp = 91', #sols = 150
<DWph=0> <it= 24> <et=3.72> <Mt= 0.00> <Spt= 0.04> <nCl=150> <al=0.10> <DB=  549.8168> <Mlp=  564.7387> <PB=575.1> 
    RCSP exact solver info for graph G_1 : TT = 0.017535, pt = 0.000614, dt = 0.013837, ct = 0.002692, ndl = 5', bdl = 21', odl = 4', odf = 37', bsi = 1', cnt = 42', bdch = 376', odch = 136', lcp = 78', #sols = 150
<DWph=0> <it= 25> <et=3.77> <Mt= 0.01> <Spt= 0.02> <nCl= 43> <al=0.00> <DB=  561.4389> <Mlp=  564.6071> <PB=575.1> 
    RCSP exact solver info for graph G_1 : TT = 0.017408, pt = 0.000601, dt = 0.013728, ct = 0.002703, ndl = 5', bdl = 21', odl = 4', odf = 37', bsi = 1', cnt = 41', bdch = 371', odch = 134', lcp = 76', #sols = 150
<DWph=0> <it= 26> <et=3.79> <Mt= 0.01> <Spt= 0.02> <nCl= 14> <al=0.10> <DB=  562.5832> <Mlp=  564.5616> <PB=575.1> 
    RCSP exact solver info for graph G_1 : TT = 0.01768, pt = 0.0006, dt = 0.013917, ct = 0.002793, ndl = 5', bdl = 21', odl = 4', odf = 37', bsi = 1', cnt = 44', bdch = 379', odch = 138', lcp = 78', #sols = 150
<DWph=0> <it= 27> <et=3.82> <Mt= 0.00> <Spt= 0.02> <nCl=  3> <al=0.19> <DB=  564.2201> <Mlp=  564.5610> <PB=575.1> 
    RCSP exact solver info for graph G_1 : TT = 0.017637, pt = 0.000584, dt = 0.013857, ct = 0.002834, ndl = 5', bdl = 21', odl = 4', odf = 37', bsi = 1', cnt = 45', bdch = 380', odch = 139', lcp = 78', #sols = 150
    RCSP exact solver info for graph G_1 : TT = 0.01628, pt = 0.00046, dt = 0.012897, ct = 0.002586, ndl = 5', bdl = 21', odl = 4', odf = 37', bsi = 1', cnt = 44', bdch = 372', odch = 136', lcp = 77', #sols = 150
<DWph=0> <it= 28> <et=3.86> <Mt= 0.01> <Spt= 0.04> <nCl= 15> <al=0.00> <DB=  564.5610> <Mlp=  564.5610> <PB=575.1> 
Dynamic params and stats :  aver.obdmd = 22.6964 aver.buck.num. = 25 nbR1C = 63 with avMem = 7.30159
@@ 1 4 564.561 0.0166665 0.018155 23.4947 3.86
Labels distribution in buckets (bucket size) : largest - 84, top 0.1% - 84, top 0.5% - 65, top 2% - 46, top 10% - 21, top 50% - 3
Reduced cost fixing for graph G_1...  took 0.04 sec., done by inspection with 159625 solutions, remains 80959 (50.7%)
Estimating inspection time...     TT = 0.019707, performed by inspection with 80959 solutions, nbR1C = 63, nbDiscC = 0
Inspection time is small enough, pricing will be done by inspection.
Added 1266 columns in the formulation 
Removed 1000 columns (not in the enumerated set) from the formulation
Regenerated 1266 columns with the 'enumerated' flag
<DWph=2> <it= 29> <et=4.15> <Mt= 0.05> <Spt= 0.01> <nCl=  0> <al=0.00> <DB=  565.1471> <Mlp=  565.1471> <PB=575.1> 
<DWph=1> <it= 30> <et=4.15> <Mt= 0.00> <Spt= 0.00> <nCl=  0> <al=0.00> <DB=  565.1471> <Mlp=  565.1471> <PB=575.1> 
    TT = 0.014807, performed by inspection with 80959 solutions, nbR1C = 65, nbDiscC = 0
<DWph=0> <it= 31> <et=4.18> <Mt= 0.00> <Spt= 0.03> <nCl=150> <al=0.30> <DB=  104.7170> <Mlp=  565.1471> <PB=575.1> 
    TT = 0.015726, performed by inspection with 80959 solutions, nbR1C = 72, nbDiscC = 0
<DWph=0> <it= 32> <et=4.21> <Mt= 0.01> <Spt= 0.02> <nCl= 81> <al=0.37> <DB=  530.6051> <Mlp=  565.1227> <PB=575.1> 
    TT = 0.017289, performed by inspection with 80959 solutions, nbR1C = 83, nbDiscC = 0
<DWph=0> <it= 33> <et=4.24> <Mt= 0.01> <Spt= 0.03> <nCl= 33> <al=0.27> <DB=  556.2060> <Mlp=  565.0402> <PB=575.1> 
    TT = 0.01751, performed by inspection with 80959 solutions, nbR1C = 85, nbDiscC = 0
<DWph=0> <it= 34> <et=4.27> <Mt= 0.00> <Spt= 0.02> <nCl= 10> <al=0.17> <DB=  561.3372> <Mlp=  565.0356> <PB=575.1> 
    TT = 0.017493, performed by inspection with 80959 solutions, nbR1C = 85, nbDiscC = 0
    TT = 0.013542, performed by inspection with 80959 solutions, nbR1C = 59, nbDiscC = 0
<DWph=0> <it= 35> <et=4.31> <Mt= 0.00> <Spt= 0.03> <nCl=  2> <al=0.00> <DB=  565.0350> <Mlp=  565.0350> <PB=575.1> 
Dynamic params and stats :  aver.obdmd = 22.6964 aver.buck.num. = 25 nbR1C = 59 with avMem = 7.32203
@@ 1 4 565.035 0.0160612 0.01751 0 4.31
Reduced cost fixing for graph G_1...  took 0.01 sec., done by inspection with 80959 solutions, remains 67996 (84%)
Removed 25 columns (not in the enumerated set) from the formulation
    Full reduced cost fixing is not called (gap ratio is 0.954591)
ColGenEvalAlg final dual bound: 565.035 (rounded: 566)
Gap improvement since the last cut separation : 0.190009 (562.674)
Current active cuts : CAP(3,1.97875) R1C(59,76.6355) 3rowPackR1C(50) 4rowPackR1C(9)
Shrinking heuristic shrunk 8 edges
In total 1 RCC cut(s) are found by the Fractional capacity min-cut heuristic 
In total 1 RCC cut(s) are found by the greedy construction heuristic 
126 Rank-1 3-rows pack. cuts added ,  max viol. = 0.221574, aver. viol. = 0.0822805
Building structures for heuristic rank-1 packing cut separation...done!
100 Rank-1 4-rows pack. cuts added ,  max viol. = 0.274052, aver. viol. = 0.117376
----- Add fac. cuts : CAP(2) R1C(226), max.viol = 0.274052, aver.viol = 0.0983965, sep/add took 0.0451845/0.0657414 sec. -----
3461 columns (1517 active), 513 dyn. constrs. (290 active), 791 art. vars. (400 active)
<DWph=2> <it=  1> <et=4.54> <Mt= 0.03> <Spt= 0.01> <nCl=  0> <al=0.00> <DB=  565.8345> <Mlp=  565.8345> <PB=575.1> 
<DWph=1> <it=  2> <et=4.55> <Mt= 0.00> <Spt= 0.00> <nCl=  0> <al=0.00> <DB=  565.8345> <Mlp=  565.8345> <PB=575.1> 
    TT = 0.013474, performed by inspection with 67996 solutions, nbR1C = 75, nbDiscC = 0
<DWph=0> <it=  3> <et=4.58> <Mt= 0.00> <Spt= 0.03> <nCl=150> <al=0.30> <DB=  549.2881> <Mlp=  565.8345> <PB=575.1> 
    TT = 0.015215, performed by inspection with 67996 solutions, nbR1C = 92, nbDiscC = 0
<DWph=0> <it=  4> <et=4.65> <Mt= 0.05> <Spt= 0.02> <nCl= 18> <al=0.37> <DB=  559.6896> <Mlp=  565.5152> <PB=575.1> 
    TT = 0.015307, performed by inspection with 67996 solutions, nbR1C = 94, nbDiscC = 0
<DWph=0> <it=  5> <et=4.67> <Mt= 0.01> <Spt= 0.02> <nCl= 11> <al=0.27> <DB=  563.6072> <Mlp=  565.5081> <PB=575.1> 
    TT = 0.015359, performed by inspection with 67996 solutions, nbR1C = 95, nbDiscC = 0
    TT = 0.012177, performed by inspection with 67996 solutions, nbR1C = 66, nbDiscC = 0
<DWph=0> <it=  6> <et=4.71> <Mt= 0.00> <Spt= 0.03> <nCl=  4> <al=0.00> <DB=  565.5077> <Mlp=  565.5077> <PB=575.1> 
Dynamic params and stats :  aver.obdmd = 22.6964 aver.buck.num. = 25 nbR1C = 66 with avMem = 5.12121
@@ 1 5 565.508 0.0143064 0.015359 0 4.71
Reduced cost fixing for graph G_1...  took 0.01 sec., done by inspection with 67996 solutions, remains 58270 (85.7%)
Removed 21 columns (not in the enumerated set) from the formulation
    Full reduced cost fixing is not called (gap ratio is 0.909306)
ColGenEvalAlg final dual bound: 565.508 (rounded: 566)
Gap improvement since the last cut separation : 0.0469675 (565.035)
Current active cuts : CAP(4,-11.315) R1C(66,86.9308) 3rowPackR1C(52) 4rowPackR1C(14)
Shrinking heuristic shrunk 10 edges
In total 1 RCC cut(s) are found by the Fractional capacity min-cut heuristic 
62 Rank-1 3-rows pack. cuts added ,  max viol. = 0.0855779, aver. viol. = 0.0467533
Building structures for heuristic rank-1 packing cut separation...done!
46 Rank-1 4-rows pack. cuts added ,  max viol. = 0.13295, aver. viol. = 0.073076
100 Rank-1 5-rows pack. cuts added ,  max viol. = 0.133658, aver. viol. = 0.108846
----- Add fac. cuts : CAP(1) R1C(208), max.viol = 0.219562, aver.viol = 0.121798, sep/add took 0.497093/0.0730736 sec. -----
1700 columns (1679 active), 499 dyn. constrs. (280 active), 1000 art. vars. (390 active)
<DWph=2> <it=  1> <et=5.40> <Mt= 0.01> <Spt= 0.00> <nCl=  0> <al=0.00> <DB=  565.7892> <Mlp=  565.7892> <PB=575.1> 
<DWph=1> <it=  2> <et=5.41> <Mt= 0.01> <Spt= 0.00> <nCl=  0> <al=0.00> <DB=  565.7892> <Mlp=  565.7892> <PB=575.1> 
    TT = 0.013364, performed by inspection with 58270 solutions, nbR1C = 90, nbDiscC = 0
<DWph=0> <it=  3> <et=5.43> <Mt= 0.00> <Spt= 0.02> <nCl= 38> <al=0.30> <DB=  554.0846> <Mlp=  565.7892> <PB=575.1> 
    TT = 0.013942, performed by inspection with 58270 solutions, nbR1C = 95, nbDiscC = 0
<DWph=0> <it=  4> <et=5.45> <Mt= 0.00> <Spt= 0.02> <nCl=  9> <al=0.37> <DB=  559.9647> <Mlp=  565.7834> <PB=575.1> 
    TT = 0.014114, performed by inspection with 58270 solutions, nbR1C = 97, nbDiscC = 0
    TT = 0.011737, performed by inspection with 58270 solutions, nbR1C = 75, nbDiscC = 0
<DWph=0> <it=  5> <et=5.49> <Mt= 0.01> <Spt= 0.03> <nCl=  2> <al=0.00> <DB=  565.7829> <Mlp=  565.7829> <PB=575.1> 
Dynamic params and stats :  aver.obdmd = 22.6964 aver.buck.num. = 25 nbR1C = 75 with avMem = 3.84
@@ 1 6 565.783 0.0132892 0.014114 0 5.49
Reduced cost fixing for graph G_1...  took 0.01 sec., done by inspection with 58270 solutions, remains 54277 (93.1%)
Removed 13 columns (not in the enumerated set) from the formulation
ColGenEvalAlg final dual bound: 565.783 (rounded: 566)
Gap improvement since the last cut separation : 0.0286836 (565.508)
Current active cuts : CAP(4,-13.4037) R1C(75,90.6704) 3rowPackR1C(55) 4rowPackR1C(13) 5rowPackR1C(7)
Shrinking heuristic shrunk 4 edges
In total 5 RCC cut(s) are found by the Fractional capacity min-cut heuristic 
In total 3 RCC cut(s) are found by the greedy construction heuristic 
In total 1 RCC cut(s) are found by the global pool greedy search heuristic 
150 Rank-1 3-rows pack. cuts added ,  max viol. = 0.194358, aver. viol. = 0.0461455
Building structures for heuristic rank-1 packing cut separation...done!
100 Rank-1 4-rows pack. cuts added ,  max viol. = 0.194358, aver. viol. = 0.0711976
100 Rank-1 5-rows pack. cuts added ,  max viol. = 0.194358, aver. viol. = 0.155954
----- Add fac. cuts : CAP(9) R1C(350), max.viol = 0.328306, aver.viol = 0.0980136, sep/add took 0.644198/0.123493 sec. -----
1728 columns (1715 active), 639 dyn. constrs. (440 active), 1359 art. vars. (550 active)
<DWph=2> <it=  1> <et=6.36> <Mt= 0.03> <Spt= 0.00> <nCl=  0> <al=0.00> <DB=  566.1160> <Mlp=  566.1160> <PB=575.1> 
<DWph=1> <it=  2> <et=6.36> <Mt= 0.00> <Spt= 0.00> <nCl=  0> <al=0.00> <DB=  566.1160> <Mlp=  566.1160> <PB=575.1> 
    TT = 0.013082, performed by inspection with 54277 solutions, nbR1C = 96, nbDiscC = 0
<DWph=0> <it=  3> <et=6.38> <Mt= 0.00> <Spt= 0.02> <nCl= 32> <al=0.30> <DB=  557.8960> <Mlp=  566.1160> <PB=575.1> 
    TT = 0.013309, performed by inspection with 54277 solutions, nbR1C = 100, nbDiscC = 0
<DWph=0> <it=  4> <et=6.41> <Mt= 0.01> <Spt= 0.02> <nCl= 12> <al=0.37> <DB=  563.0015> <Mlp=  566.0000> <PB=575.1> 
    TT = 0.013274, performed by inspection with 54277 solutions, nbR1C = 100, nbDiscC = 0
<DWph=0> <it=  5> <et=6.43> <Mt= 0.01> <Spt= 0.02> <nCl=  4> <al=0.27> <DB=  563.7811> <Mlp=  566.0000> <PB=575.1> 
    TT = 0.013212, performed by inspection with 54277 solutions, nbR1C = 100, nbDiscC = 0
    TT = 0.011456, performed by inspection with 54277 solutions, nbR1C = 80, nbDiscC = 0
<DWph=0> <it=  6> <et=6.47> <Mt= 0.00> <Spt= 0.03> <nCl=  2> <al=0.00> <DB=  565.8505> <Mlp=  566.0000> <PB=575.1> 
    TT = 0.011562, performed by inspection with 54277 solutions, nbR1C = 80, nbDiscC = 0
    TT = 0.01145, performed by inspection with 54277 solutions, nbR1C = 80, nbDiscC = 0
<DWph=0> <it=  7> <et=6.50> <Mt= 0.00> <Spt= 0.03> <nCl=  0> <al=0.00> <DB=  566.0000> <Mlp=  566.0000> <PB=575.1> 
Dynamic params and stats :  aver.obdmd = 22.6964 aver.buck.num. = 25 nbR1C = 80 with avMem = 2.825
@@ 1 7 566 0.0124779 0.013309 0 6.5
Reduced cost fixing for graph G_1...  took 0.01 sec., done by inspection with 54277 solutions, remains 47825 (88.1%)
Removed 19 columns (not in the enumerated set) from the formulation
    Full reduced cost fixing is not called (gap ratio is 0.976441)
ColGenEvalAlg final dual bound: 566 (rounded: 566)
Gap improvement since the last cut separation : 0.023306 (565.783)
Current active cuts : CAP(3,-21.152) R1C(80,101.825) 3rowPackR1C(58) 4rowPackR1C(12) 5rowPackR1C(10)
Shrinking heuristic shrunk 28 edges
In total 2 RCC cut(s) are found by the greedy construction heuristic 
8 Rank-1 3-rows pack. cuts added ,  max viol. = 0.333333, aver. viol. = 0.333333
Building structures for heuristic rank-1 packing cut separation...done!
12 Rank-1 4-rows pack. cuts added ,  max viol. = 0.333333, aver. viol. = 0.333333
100 Rank-1 5-rows pack. cuts added ,  max viol. = 0.333333, aver. viol. = 0.236667
----- Add fac. cuts : CAP(2) R1C(120), max.viol = 0.333333, aver.viol = 0.333333, sep/add took 0.168329/0.0421738 sec. -----
1765 columns (1746 active), 562 dyn. constrs. (205 active), 1481 art. vars. (315 active)
<DWph=2> <it=  1> <et=6.80> <Mt= 0.02> <Spt= 0.00> <nCl=  0> <al=0.00> <DB=  566.1136> <Mlp=  566.1136> <PB=575.1> 
<DWph=1> <it=  2> <et=6.80> <Mt= 0.00> <Spt= 0.00> <nCl=  0> <al=0.00> <DB=  566.1136> <Mlp=  566.1136> <PB=575.1> 
    TT = 0.010062, performed by inspection with 47825 solutions, nbR1C = 75, nbDiscC = 0
<DWph=0> <it=  3> <et=6.82> <Mt= 0.00> <Spt= 0.01> <nCl= 12> <al=0.30> <DB=  564.6282> <Mlp=  566.1136> <PB=575.1> 
    TT = 0.010187, performed by inspection with 47825 solutions, nbR1C = 78, nbDiscC = 0
<DWph=0> <it=  4> <et=6.83> <Mt= 0.00> <Spt= 0.02> <nCl=  2> <al=0.20> <DB=  565.8152> <Mlp=  566.1119> <PB=575.1> 
    TT = 0.010159, performed by inspection with 47825 solutions, nbR1C = 78, nbDiscC = 0
    TT = 0.010037, performed by inspection with 47825 solutions, nbR1C = 78, nbDiscC = 0
<DWph=0> <it=  5> <et=6.86> <Mt= 0.00> <Spt= 0.02> <nCl=  0> <al=0.00> <DB=  566.1119> <Mlp=  566.1119> <PB=575.1> 
Dynamic params and stats :  aver.obdmd = 22.6964 aver.buck.num. = 25 nbR1C = 78 with avMem = 2.79487
@@ 1 8 566.112 0.0101112 0.010187 0 6.86
Reduced cost fixing for graph G_1...  took 0.01 sec., done by inspection with 47825 solutions, remains 46110 (96.4%)
Removed 4 columns (not in the enumerated set) from the formulation
    Full reduced cost fixing is not called (gap ratio is 0.9643)
ColGenEvalAlg final dual bound: 566.112 (rounded: 567)
Gap improvement since the last cut separation : 0.012298 (566)
Cut generation tailing off counter increased to 1
Current active cuts : CAP(3,-17.1368) R1C(78,103.649) 3rowPackR1C(54) 4rowPackR1C(13) 5rowPackR1C(11)
Shrinking heuristic shrunk 3 edges
In total 2 RCC cut(s) are found by the Fractional capacity min-cut heuristic 
In total 2 RCC cut(s) are found by the greedy construction heuristic 
19 Rank-1 3-rows pack. cuts added ,  max viol. = 0.0508997, aver. viol. = 0.0280452
Building structures for heuristic rank-1 packing cut separation...done!
41 Rank-1 4-rows pack. cuts added ,  max viol. = 0.0664035, aver. viol. = 0.0318622
100 Rank-1 5-rows pack. cuts added ,  max viol. = 0.0777498, aver. viol. = 0.0500422
----- Add fac. cuts : CAP(4) R1C(160), max.viol = 0.149812, aver.viol = 0.0535026, sep/add took 0.633043/0.0566379 sec. -----
1760 columns (1756 active), 369 dyn. constrs. (245 active), 1645 art. vars. (355 active)
<DWph=2> <it=  1> <et=7.65> <Mt= 0.03> <Spt= 0.00> <nCl=  0> <al=0.00> <DB=  566.3649> <Mlp=  566.3649> <PB=575.1> 
<DWph=1> <it=  2> <et=7.65> <Mt= 0.00> <Spt= 0.00> <nCl=  0> <al=0.00> <DB=  566.3649> <Mlp=  566.3649> <PB=575.1> 
    TT = 0.010697, performed by inspection with 46110 solutions, nbR1C = 87, nbDiscC = 0
<DWph=0> <it=  3> <et=7.66> <Mt= 0.00> <Spt= 0.02> <nCl= 15> <al=0.30> <DB=  558.8559> <Mlp=  566.3649> <PB=575.1> 
    TT = 0.010827, performed by inspection with 46110 solutions, nbR1C = 92, nbDiscC = 0
<DWph=0> <it=  4> <et=7.69> <Mt= 0.01> <Spt= 0.01> <nCl=  7> <al=0.37> <DB=  563.5667> <Mlp=  566.3333> <PB=575.1> 
    TT = 0.010804, performed by inspection with 46110 solutions, nbR1C = 92, nbDiscC = 0
<DWph=0> <it=  5> <et=7.71> <Mt= 0.00> <Spt= 0.01> <nCl=  4> <al=0.27> <DB=  564.5321> <Mlp=  566.3333> <PB=575.1> 
    TT = 0.01077, performed by inspection with 46110 solutions, nbR1C = 92, nbDiscC = 0
    TT = 0.010138, performed by inspection with 46110 solutions, nbR1C = 83, nbDiscC = 0
<DWph=0> <it=  6> <et=7.74> <Mt= 0.01> <Spt= 0.03> <nCl=  2> <al=0.00> <DB=  566.3333> <Mlp=  566.3333> <PB=575.1> 
Dynamic params and stats :  aver.obdmd = 22.6964 aver.buck.num. = 25 nbR1C = 83 with avMem = 2.15663
@@ 1 9 566.333 0.0106472 0.010827 0 7.74
Reduced cost fixing for graph G_1...  took 0.01 sec., done by inspection with 46110 solutions, remains 42156 (91.4%)
Removed 8 columns (not in the enumerated set) from the formulation
    Full reduced cost fixing is not called (gap ratio is 0.940277)
ColGenEvalAlg final dual bound: 566.333 (rounded: 567)
Gap improvement since the last cut separation : 0.024635 (566.112)
Current active cuts : CAP(3,-19.9397) R1C(83,112.181) 3rowPackR1C(49) 4rowPackR1C(17) 5rowPackR1C(17)
Shrinking heuristic shrunk 26 edges
In total 1 RCC cut(s) are found by the Fractional capacity min-cut heuristic 
6 Rank-1 3-rows pack. cuts added ,  max viol. = 0.333333, aver. viol. = 0.333333
Building structures for heuristic rank-1 packing cut separation...done!
12 Rank-1 4-rows pack. cuts added ,  max viol. = 0.333333, aver. viol. = 0.333333
100 Rank-1 5-rows pack. cuts added ,  max viol. = 0.333333, aver. viol. = 0.216667
----- Add fac. cuts : CAP(1) R1C(118), max.viol = 0.333333, aver.viol = 0.333333, sep/add took 0.181121/0.0435749 sec. -----
1784 columns (1776 active), 364 dyn. constrs. (205 active), 1764 art. vars. (315 active)
<DWph=2> <it=  1> <et=8.02> <Mt= 0.00> <Spt= 0.00> <nCl=  0> <al=0.00> <DB=  566.3333> <Mlp=  566.3333> <PB=575.1> 
<DWph=1> <it=  2> <et=8.02> <Mt= 0.00> <Spt= 0.00> <nCl=  0> <al=0.00> <DB=  566.3333> <Mlp=  566.3333> <PB=575.1> 
<DWph=0> <it=  3> <et=8.02> <Mt= 0.00> <Spt= 0.00> <nCl=  0> <al=0.30> <DB=  566.3333> <Mlp=  566.3333> <PB=575.1> 
@@ 1 10 566.333 0 0 0 8.02
ColGenEvalAlg final dual bound: 566.333 (rounded: 567)
Gap improvement since the last cut separation : -5.18723e-14 (566.333)
Cut generation tailing off counter increased to 2
Current active cuts : CAP(3,-19.9397) R1C(83,112.181) 3rowPackR1C(49) 4rowPackR1C(17) 5rowPackR1C(17)
Shrinking heuristic shrunk 27 edges
In total 2 RCC cut(s) are found by the Fractional capacity min-cut heuristic 
4 Rank-1 3-rows pack. cuts added ,  max viol. = 0.333333, aver. viol. = 0.333333
Building structures for heuristic rank-1 packing cut separation...done!
9 Rank-1 4-rows pack. cuts added ,  max viol. = 0.333333, aver. viol. = 0.333333
100 Rank-1 5-rows pack. cuts added ,  max viol. = 0.333333, aver. viol. = 0.198333
----- Add fac. cuts : CAP(2) R1C(113), max.viol = 0.333333, aver.viol = 0.333333, sep/add took 0.170594/0.0442953 sec. -----
1784 columns (1776 active), 479 dyn. constrs. (320 active), 1879 art. vars. (430 active)
<DWph=2> <it=  1> <et=8.27> <Mt= 0.01> <Spt= 0.00> <nCl=  0> <al=0.00> <DB=  566.3526> <Mlp=  566.3526> <PB=575.1> 
<DWph=1> <it=  2> <et=8.27> <Mt= 0.00> <Spt= 0.00> <nCl=  0> <al=0.00> <DB=  566.3526> <Mlp=  566.3526> <PB=575.1> 
    TT = 0.00987, performed by inspection with 42156 solutions, nbR1C = 86, nbDiscC = 0
<DWph=0> <it=  3> <et=8.29> <Mt= 0.00> <Spt= 0.02> <nCl=  1> <al=0.30> <DB=  566.3093> <Mlp=  566.3526> <PB=575.1> 
    TT = 0.00971, performed by inspection with 42156 solutions, nbR1C = 86, nbDiscC = 0
    TT = 0.009551, performed by inspection with 42156 solutions, nbR1C = 86, nbDiscC = 0
<DWph=0> <it=  4> <et=8.31> <Mt= 0.01> <Spt= 0.02> <nCl=  0> <al=0.00> <DB=  566.3526> <Mlp=  566.3526> <PB=575.1> 
Dynamic params and stats :  aver.obdmd = 22.6964 aver.buck.num. = 25 nbR1C = 86 with avMem = 2.0814
@@ 1 11 566.353 0.00971033 0.00987 0 8.31
Reduced cost fixing for graph G_1...  took 0.01 sec., done by inspection with 42156 solutions, remains 41219 (97.8%)
Removed 4 columns (not in the enumerated set) from the formulation
    Full reduced cost fixing is not called (gap ratio is 0.938188)
ColGenEvalAlg final dual bound: 566.353 (rounded: 567)
Gap improvement since the last cut separation : 0.00219574 (566.333)
----- Cut generation is stopped due to tailing off -----
Current active cuts : CAP(3,-17.5104) R1C(86,110.04) 3rowPackR1C(49) 4rowPackR1C(17) 5rowPackR1C(20)
------------------------------------------------
-- Enumeration for restr. mast. heur. started --
------------------------------------------------
<DWph=2> <it=  1> <et=8.39> <Mt= 0.00> <Spt= 0.00> <nCl=  0> <al=0.50> <DB=  566.3526> <Mlp=  566.3526> <PB=575.1> 
<DWph=1> <it=  2> <et=8.39> <Mt= 0.00> <Spt= 0.00> <nCl=  0> <al=0.50> <DB=  566.3526> <Mlp=  566.3526> <PB=575.1> 
<DWph=0> <it=  3> <et=8.39> <Mt= 0.00> <Spt= 0.00> <nCl=  0> <al=0.50> <DB=  566.3526> <Mlp=  566.3526> <PB=575.1> 
@@ 2 0 566.353 0 0 0 8.39
<DWph=0> <it=  3> <et=8.39> <Mt= 0.00> <Spt= 0.00> <nCl=  0> <al=0.00> <DB=  566.3526> <Mlp=  566.3526> <PB=575.1> 
False gap = 8.74742
Reduced cost fixing for graph G_1...  took 0 sec., done by inspection with 41219 solutions, remains 41219 (100%)
Added 5000 enum. columns to the heuristic restricted master 
Added 4164 columns in the formulation 
------------------------------------------------
---- Restricted Master IP Heuristic started ----
------------------------------------------------
Version identifier: 20.1.0.0 | 2020-11-10 | 9bedb6d68
CPXPARAM_Advance                                 0
CPXPARAM_Threads                                 1
CPXPARAM_Emphasis_MIP                            1
CPXPARAM_MIP_Limits_Nodes                        2000000
CPXPARAM_Simplex_Tolerances_Optimality           9.9999999999999995e-08
CPXPARAM_Simplex_Tolerances_Feasibility          9.9999999999999995e-08
CPXPARAM_TimeLimit                               20
CPXPARAM_MIP_Tolerances_UpperCutoff              575.000001
CPXPARAM_MIP_Tolerances_MIPGap                   1.0000000000000001e-09
Tried aggregator 1 time.
MIP Presolve eliminated 1 rows and 590 columns.
MIP Presolve modified 5953 coefficients.
Reduced MIP has 144 rows, 5347 columns, and 130473 nonzeros.
Reduced MIP has 5347 binaries, 0 generals, 0 SOSs, and 0 indicators.
Presolve time = 0.10 sec. (140.87 ticks)
Tried aggregator 1 time.
Detecting symmetries...
Reduced MIP has 144 rows, 5347 columns, and 130473 nonzeros.
Reduced MIP has 5347 binaries, 0 generals, 0 SOSs, and 0 indicators.
Presolve time = 0.06 sec. (99.08 ticks)
Probing fixed 1234 vars, tightened 0 bounds.
Probing time = 0.87 sec. (1320.16 ticks)
Clique table members: 341.
MIP emphasis: integer feasibility.
MIP search method: dynamic search.
Parallel mode: none, using 1 thread.
Root relaxation solution time = 0.06 sec. (220.13 ticks)

        Nodes                                         Cuts/
   Node  Left     Objective  IInf  Best Integer    Best Bound    ItCnt     Gap

      0     0      566.3549    91                    566.3549      753         
      0     0      566.7077    92                    Cuts: 14      942         
      0     0      566.9055    82                     Cuts: 8     1068         
      0     0      567.0308    95                    Cuts: 13     1183         
Detecting symmetries...
      0     2      567.0308    95                    567.0309     1183         
Elapsed time = 1.69 sec. (2732.29 ticks, tree = 0.01 MB, solutions = 0)
*    33     5      integral     0      571.0000      567.1820     3236    0.67%
     35     4      569.9955    46      571.0000      567.1820     3307    0.67%
     52     7      568.0325   105      571.0000      567.4801     4722    0.62%
*    89    12      integral     0      570.0000      567.7194     6315    0.40%
*    93     0      integral     0      568.0000      567.7194     6354    0.05%

Clique cuts applied:  8
Zero-half cuts applied:  7
Gomory fractional cuts applied:  1

Root node processing (before b&c):
  Real time             =    1.68 sec. (2718.47 ticks)
Sequential b&c:
  Real time             =    0.34 sec. (710.76 ticks)
                          ------------
Total (root+branch&cut) =    2.01 sec. (3429.23 ticks)
Solution status = Optimum
**** Strong branching phase 1 is started *****
SB phase 1 cand.  1 branch on EDGE[39,40] (lhs=0.5028): [  566.7576,   566.8224], score = 0.19      <et=10.69>
SB phase 1 cand.  2 branch on EDGE[21,47] (lhs=0.4910): [  566.9189,   567.1914], score = 0.48      <et=10.72>
SB phase 1 cand.  3 branch on EDGE[11,53] (lhs=0.5101): [  566.7025,   566.8257], score = 0.17      <et=10.75>
SB phase 1 cand.  4 branch on EDGE[21,36] (lhs=0.4843): [  566.8260,   566.9858], score = 0.30      <et=10.77>
SB phase 1 cand.  5 branch on EDGE[36,37] (lhs=0.5174): [  566.8260,   567.5668], score = 0.57      <et=10.81>
SB phase 1 cand.  6 branch on EDGE[9,12] (lhs=0.4825) : [  566.7866,   567.0000], score = 0.28      <et=10.83>
SB phase 1 cand.  7 branch on EDGE[35,53] (lhs=0.5176): [  566.6553,   566.8225], score = 0.14      <et=10.86>
SB phase 1 cand.  8 branch on EDGE[5,37] (lhs=0.4808) : [  566.8219,   567.5611], score = 0.57      <et=10.89>
SB phase 1 cand.  9 branch on EDGE[0,7] (lhs=0.4797)  : [  566.8627,   567.0763], score = 0.37      <et=10.92>
SB phase 1 cand. 10 branch on EDGE[13,54] (lhs=0.4797): [  566.8060,   567.4000], score = 0.47      <et=10.95>
SB phase 1 cand. 11 branch on EDGE[7,26] (lhs=0.5203) : [  566.8627,   567.0763], score = 0.37      <et=10.98>
SB phase 1 cand. 12 branch on EDGE[8,54] (lhs=0.5203) : [  566.8065,   567.4736], score = 0.51      <et=11.01>
SB phase 1 cand. 13 branch on EDGE[0,33] (lhs=0.5267) : [  566.9539,   566.9859], score = 0.38      <et=11.04>
SB phase 1 cand. 14 branch on EDGE[14,35] (lhs=0.4709): [  566.6208,   566.8560], score = 0.14      <et=11.07>
SB phase 1 cand. 15 branch on EDGE[0,11] (lhs=0.4595) : [  566.7846,   568.0647], score = 0.74      <et=11.1>
SB phase 1 cand. 16 branch on EDGE[3,17] (lhs=0.4531) : [  566.7684,   566.7952], score = 0.18      <et=11.13>
SB phase 1 cand. 17 branch on EDGE[16,51] (lhs=0.5490): [  566.5000,   567.1107], score = 0.11      <et=11.15>
SB phase 1 cand. 18 branch on EDGE[0,2] (lhs=0.5566)  : [  566.7441,   567.4617], score = 0.43      <et=11.18>
SB phase 1 cand. 19 branch on EDGE[0,40] (lhs=0.5658) : [  566.8634,   566.9285], score = 0.29      <et=11.21>
SB phase 1 cand. 20 branch on EDGE[2,6] (lhs=0.4273)  : [  566.7339,   567.6049], score = 0.48      <et=11.24>
SB phase 1 cand. 21 branch on EDGE[13,15] (lhs=0.5750): [  566.8857,   567.0802], score = 0.39      <et=11.27>
SB phase 1 cand. 22 branch on EDGE[1,22] (lhs=0.5751) : [  566.5000,   566.9265], score = 0.08      <et=11.29>
SB phase 1 cand. 23 branch on EDGE[6,33] (lhs=0.4000) : [  566.8475,   567.3639], score = 0.50      <et=11.32>
SB phase 1 cand. 24 branch on EDGE[22,28] (lhs=0.3965): [  566.5000,   567.1510], score = 0.12      <et=11.34>
SB phase 1 cand. 25 branch on EDGE[14,53] (lhs=0.6081): [  566.6270,   567.1548], score = 0.22      <et=11.37>
SB phase 1 cand. 26 branch on EDGE[17,40] (lhs=0.3905): [  566.5279,   566.9373], score = 0.10      <et=11.39>
SB phase 1 cand. 27 branch on EDGE[23,43] (lhs=0.6212): [  566.5000,   566.9749], score = 0.09      <et=11.41>
SB phase 1 cand. 28 branch on EDGE[1,43] (lhs=0.3735) : [  566.5000,   566.9982], score = 0.10      <et=11.43>
SB phase 1 cand. 29 branch on EDGE[36,47] (lhs=0.6310): [  566.5873,   567.0277], score = 0.16      <et=11.46>
SB phase 1 cand. 30 branch on EDGE[5,36] (lhs=0.3673) : [  566.5846,   567.4110], score = 0.25      <et=11.49>
SB phase 1 cand. 31 branch on EDGE[13,27] (lhs=0.6476): [  566.7974,   567.1049], score = 0.33      <et=11.52>
SB phase 1 cand. 32 branch on EDGE[0,45] (lhs=0.6744) : [  566.6828,   567.5000], score = 0.38      <et=11.54>
SB phase 1 cand. 33 branch on EDGE[23,24] (lhs=0.6765): [  566.6000,   566.9133], score = 0.14      <et=11.57>
SB phase 1 cand. 34 branch on EDGE[18,24] (lhs=0.3235): [  566.6000,   566.9223], score = 0.14      <et=11.6>
SB phase 1 cand. 35 branch on EDGE[18,25] (lhs=0.6765): [  566.6000,   566.9223], score = 0.14      <et=11.62>
SB phase 1 cand. 36 branch on EDGE[32,50] (lhs=0.6800): [  566.5702,   566.9022], score = 0.12      <et=11.65>
SB phase 1 cand. 37 branch on EDGE[3,51] (lhs=0.3176) : [  566.5000,   567.5178], score = 0.17      <et=11.68>
SB phase 1 cand. 38 branch on EDGE[7,35] (lhs=0.6824) : [  566.5997,   567.2579], score = 0.22      <et=11.7>
SB phase 1 cand. 39 branch on EDGE[25,50] (lhs=0.3134): [  566.5579,   566.9224], score = 0.12      <et=11.73>
SB phase 1 cand. 40 branch on EDGE[9,39] (lhs=0.3117) : [  566.5000,   566.9235], score = 0.08      <et=11.75>
SB phase 1 cand. 41 branch on EDGE[0,4] (lhs=1.6919)  : [  567.5000,   567.5545], score = 1.38      <et=11.78>
SB phase 1 cand. 42 branch on EDGE[4,45] (lhs=0.3081) : [  566.6204,   567.5000], score = 0.31      <et=11.8>
SB phase 1 cand. 43 branch on EDGE[8,35] (lhs=0.3072) : [  566.5491,   567.3825], score = 0.20      <et=11.83>
SB phase 1 cand. 44 branch on EDGE[7,53] (lhs=0.3033) : [  566.5496,   567.3316], score = 0.19      <et=11.85>
SB phase 1 cand. 45 branch on EDGE[31,39] (lhs=0.7034): [  566.5000,   566.9324], score = 0.09      <et=11.87>
SB phase 1 cand. 46 branch on EDGE[27,52] (lhs=0.7044): [  566.5071,   568.5359], score = 0.34      <et=11.9>
SB phase 1 cand. 47 branch on EDGE[2,28] (lhs=0.7058) : [  566.5000,   567.8822], score = 0.23      <et=11.93>
SB phase 1 cand. 48 branch on EDGE[15,27] (lhs=0.2941): [  566.5495,   567.2847], score = 0.18      <et=11.95>
SB phase 1 cand. 49 branch on EDGE[0,16] (lhs=0.2891) : [  566.4952,   567.4656], score = 0.16      <et=11.98>
SB phase 1 cand. 50 branch on EDGE[0,27] (lhs=0.2814) : [  566.4872,   568.6520], score = 0.31      <et=12.01>
SB phase 1 cand. 51 branch on EDGE[13,52] (lhs=0.2673): [  566.4881,   568.2989], score = 0.26      <et=12.04>
SB phase 1 cand. 52 branch on EDGE[2,22] (lhs=0.2590) : [  566.4694,   568.3763], score = 0.24      <et=12.07>
SB phase 1 cand. 53 branch on EDGE[23,41] (lhs=0.2481): [  566.4887,   567.9337], score = 0.22      <et=12.1>
SB phase 1 cand. 54 branch on EDGE[42,43] (lhs=0.2481): [  566.4887,   568.1760], score = 0.25      <et=12.13>
SB phase 1 cand. 55 branch on EDGE[22,42] (lhs=0.7519): [  566.4885,   568.1760], score = 0.25      <et=12.16>
SB phase 1 cand. 56 branch on EDGE[41,43] (lhs=0.7519): [  566.4887,   568.1760], score = 0.25      <et=12.18>
SB phase 1 cand. 57 branch on EDGE[16,49] (lhs=0.7527): [  566.4714,   566.9876], score = 0.08      <et=12.21>
SB phase 1 cand. 58 branch on EDGE[16,23] (lhs=0.2472): [  566.4568,   567.0489], score = 0.07      <et=12.24>
SB phase 1 cand. 59 branch on EDGE[0,39] (lhs=0.2459) : [  566.5165,   568.7387], score = 0.39      <et=12.27>
SB phase 1 cand. 60 branch on EDGE[0,12] (lhs=0.7567) : [  566.5706,   568.1407], score = 0.39      <et=12.29>
SB phase 1 cand. 61 branch on EDGE[12,39] (lhs=0.2362): [  566.4810,   566.8933], score = 0.07      <et=12.31>
SB phase 1 cand. 62 branch on EDGE[12,26] (lhs=0.2330): [  566.5706,   568.1997], score = 0.40      <et=12.34>
SB phase 1 cand. 63 branch on EDGE[9,32] (lhs=0.2213) : [  566.4543,   566.9353], score = 0.06      <et=12.37>
SB phase 1 cand. 64 branch on EDGE[12,40] (lhs=0.2128): [  566.4729,   566.9474], score = 0.07      <et=12.39>
SB phase 1 cand. 65 branch on EDGE[9,25] (lhs=0.8065) : [  566.4893,   566.9474], score = 0.08      <et=12.41>
SB phase 1 cand. 66 branch on EDGE[25,31] (lhs=0.1885): [  566.4614,   566.9474], score = 0.06      <et=12.44>
SB phase 1 cand. 67 branch on EDGE[14,19] (lhs=0.8423): [  566.3983,   566.9474], score = 0.03      <et=12.46>
SB phase 1 cand. 68 branch on EDGE[47,48] (lhs=0.8479): [  566.4179,   567.0000], score = 0.04      <et=12.49>
SB phase 1 cand. 69 branch on EDGE[8,19] (lhs=0.1475) : [  566.3826,   566.9474], score = 0.02      <et=12.51>
SB phase 1 cand. 70 branch on EDGE[21,28] (lhs=0.8534): [  566.4306,   567.6939], score = 0.10      <et=12.54>
SB phase 1 cand. 71 branch on EDGE[23,49] (lhs=0.1423): [  566.4322,   567.0818], score = 0.06      <et=12.56>
SB phase 1 cand. 72 branch on EDGE[10,38] (lhs=0.8667): [  566.4029,   566.9474], score = 0.03      <et=12.58>
SB phase 1 cand. 73 branch on EDGE[34,46] (lhs=0.1333): [  566.4025,   567.5490], score = 0.06      <et=12.61>
SB phase 1 cand. 74 branch on EDGE[26,38] (lhs=0.1299): [  566.3704,   566.9474], score = 0.01      <et=12.63>
SB phase 1 cand. 75 branch on EDGE[5,15] (lhs=0.1257) : [  566.4224,   568.2755], score = 0.13      <et=12.66>
SB phase 1 cand. 76 branch on EDGE[34,52] (lhs=0.8826): [  566.3570,   567.3600], score = 0.00      <et=12.68>
SB phase 1 cand. 77 branch on EDGE[0,46] (lhs=0.8827) : [  566.3570,   567.5694], score = 0.01      <et=12.7>
SB phase 1 cand. 78 branch on EDGE[3,40] (lhs=0.1115) : [  566.3562,   566.9474], score = 0.00      <et=12.71>
SB phase 1 cand. 79 branch on EDGE[0,10] (lhs=0.1098) : [  566.3727,   566.9474], score = 0.01      <et=12.73>
SB phase 1 cand. 80 branch on EDGE[6,16] (lhs=0.1068) : [  566.3834,   568.3049], score = 0.06      <et=12.75>
SB phase 1 cand. 81 branch on EDGE[30,48] (lhs=0.8993): [  566.3849,   567.5000], score = 0.04      <et=12.78>
SB phase 1 cand. 82 branch on EDGE[32,40] (lhs=0.0986): [  566.4122,   568.2663], score = 0.11      <et=12.8>
SB phase 1 cand. 83 branch on EDGE[0,3] (lhs=0.0960)  : [  566.3773,   567.7685], score = 0.03      <et=12.82>
SB phase 1 cand. 84 branch on EDGE[9,40] (lhs=0.0947) : [  566.4018,   567.8786], score = 0.08      <et=12.85>
SB phase 1 cand. 85 branch on EDGE[5,29] (lhs=0.9078) : [  566.3818,   567.2488], score = 0.03      <et=12.87>
SB phase 1 cand. 86 branch on EDGE[29,45] (lhs=0.9116): [  566.3793,   568.4395], score = 0.06      <et=12.9>
SB phase 1 cand. 87 branch on EDGE[11,14] (lhs=0.0787): [  566.3714,   566.9474], score = 0.01      <et=12.91>
SB phase 1 cand. 88 branch on EDGE[0,29] (lhs=0.0778) : [  566.3751,   568.4395], score = 0.05      <et=12.94>
SB phase 1 cand. 89 branch on EDGE[33,51] (lhs=0.0733): [  566.3568,   569.5247], score = 0.01      <et=12.96>
SB phase 1 cand. 90 branch on EDGE[21,48] (lhs=0.0672): [  566.3789,   568.5299], score = 0.06      <et=12.99>
SB phase 1 cand. 91 branch on EDGE[21,30] (lhs=0.0653): [  566.3817,   568.0000], score = 0.05      <et=13.01>
SB phase 1 cand. 92 branch on EDGE[11,38] (lhs=0.9364): [  566.3707,   569.3866], score = 0.05      <et=13.04>
SB phase 1 cand. 93 branch on EDGE[0,51] (lhs=0.9365) : [  566.3859,   568.6451], score = 0.08      <et=13.06>
SB phase 1 cand. 94 branch on EDGE[0,52] (lhs=0.0626) : [  566.3531,   567.4912], score = 0.00      <et=13.08>
SB phase 1 cand. 95 branch on EDGE[0,53] (lhs=0.0608) : [  566.3575,   568.4030], score = 0.01      <et=13.1>
SB phase 1 cand. 96 branch on EDGE[26,31] (lhs=0.0568): [  566.3594,   569.6136], score = 0.02      <et=13.13>
SB phase 1 cand. 97 branch on EDGE[49,51] (lhs=0.0551): [  566.3637,   570.8764], score = 0.05      <et=13.16>
SB phase 1 cand. 98 branch on EDGE[16,17] (lhs=0.0551): [  566.3801,   570.2757], score = 0.11      <et=13.18>
SB phase 1 cand. 99 branch on EDGE[6,51] (lhs=0.0531) : [  566.3843,   569.2043], score = 0.09      <et=13.21>
SB phase 1 cand. 100 branch on EDGE[9,17] (lhs=0.0522) : [  566.3711,   574.9149], score = 0.16      <et=13.24>
**** Strong branching phase 2 is started *****
    TT = 0.008629, performed by inspection with 41219 solutions, nbR1C = 69, nbDiscC = 0
    TT = 0.008571, performed by inspection with 41219 solutions, nbR1C = 70, nbDiscC = 0
    TT = 0.008509, performed by inspection with 41219 solutions, nbR1C = 70, nbDiscC = 0
    TT = 0.008529, performed by inspection with 41219 solutions, nbR1C = 70, nbDiscC = 0
    TT = 0.008032, performed by inspection with 41219 solutions, nbR1C = 65, nbDiscC = 0
Dynamic params and stats :  aver.obdmd = 22.6964 aver.buck.num. = 25 nbR1C = 65 with avMem = 2.33846
<DWph=0> <it=  6> <et=13.31> <Mt= 0.01> <Spt= 0.06> <nCl= 29> <al=0.00> <DB=  567.5207> <Mlp=  567.5207> <PB=568> 
    TT = 0.008165, performed by inspection with 41219 solutions, nbR1C = 65, nbDiscC = 0
    TT = 0.008067, performed by inspection with 41219 solutions, nbR1C = 65, nbDiscC = 0
    TT = 0.007995, performed by inspection with 41219 solutions, nbR1C = 65, nbDiscC = 0
Dynamic params and stats :  aver.obdmd = 22.6964 aver.buck.num. = 25 nbR1C = 65 with avMem = 2.63077
<DWph=0> <it=  5> <et=13.45> <Mt= 0.01> <Spt= 0.03> <nCl= 52> <al=0.00> <DB=  567.0018> <Mlp=  567.5000> <PB=568> 
 SB phase 2 candidate 1 is conquered !
**** Strong branching phase 3 is started *****
**** SB phase 3 evaluation of candidate 1, branch 1 ( EDGE[0,4] >= 2 ), value = 567.521
Branch is already conquered!
**** SB phase 3 evaluation of candidate 1, branch 2 ( EDGE[0,4] <= 1 ), value = 567.5
Branch is already conquered!
 SB phase 3 candidate 1 is conquered !
SB with phases chosed candidate EDGE[0,4] (lhs=1.69188)
New model incumbent solution 568, TIME = 0h0m13s47t = 1347
************************************************************************************************
Search is finished, global bounds : [ 568 , 568 ], TIME = 0h0m13s48t = 1348
************************************************************************************************
Built-in heuristic is enabled
instance_name solver_name ext_heuristic solution_value solution_time best_lb root_lb root_time nb_branch_and_bound_nodes status
/home/logis/Downloads/VRPSolverEasy/VRPSolverEasy/demos/data/CVRP/P-n55-k7 CPLEX False 568.0 13.480574371 568.0 567.0 8.389403015000001 3 0

