Node memory for rank-1 cuts will be used (7.11701)
~~~~~~~~~~~~~~~~~~~~~~~~~~~~~~~~~~~~~~~~~~~~~~~~~~~~~~~~~~~~~~~~~~~~~~~~~~~~~~~~~~~~~
VRPSolver v0.5.27, 24/02/2023, © Inria Bordeaux, France, vrpsolver.math.u-bordeaux.fr
      Corresponds to the solver by Pessoa, Sadykov, Uchoa and Vanderbeck (2020)
                 Paper: dx.doi.org/10.1007/s10107-020-01523-z
~~~~~~~~~~~~~~~~~~~~~~~~~~~~~~~~~~~~~~~~~~~~~~~~~~~~~~~~~~~~~~~~~~~~~~~~~~~~~~~~~~~~~
   BaPCod v0.77, 15/03/2023, © Inria Bordeaux, France, bapcod.math.u-bordeaux.fr 
           THIS CODE IS PROVIDED AS IS, USE IT AT YOUR OWN RISK
~~~~~~~~~~~~~~~~~~~~~~~~~~~~~~~~~~~~~~~~~~~~~~~~~~~~~~~~~~~~~~~~~~~~~~~~~~~~~~~~~~~~~
Bucket steps were recalculated for graph G_1 : [4]
RCSP solver info : symmetric case is detected for graph G_1! 
Bidirectional border value is initialised to 50
RCSP solver info : number of forw. reachable buckets / buck. strongly connected components is 1479( 93.2535% ) / 1129( 76.3354% )
Generating neighbourhoods for rank-1 cuts separation
Building structures for 4- and 5-row rank-1 packing cut separation...done!
Model is built TIME = 0h0m0s4t = 4
************************************************************************************************
**** BaB tree root node
**** Local DB = -1e+12, global bounds : [ -1e+12 , 1370.1 ], TIME = 0h0m0s4t = 4
**** 1 open nodes, 0 columns (0 active), 0 dyn. constrs. (0 active), 120 art. vars. (120 active)
************************************************************************************************
#<DWph=2> <it=  1> <et=0.05> <Mt= 0.00> <Spt= 0.00> <nCl= 30> <al=0.00> <DB=-14392173.8400> <Mlp=208803.2400> <PB=1370.1> 
#<DWph=2> <it=  2> <et=0.05> <Mt= 0.00> <Spt= 0.01> <nCl= 30> <al=0.10> <DB=-5155861.5463> <Mlp=198845.7886> <PB=1370.1> 
#<DWph=2> <it=  3> <et=0.06> <Mt= 0.00> <Spt= 0.00> <nCl= 30> <al=0.45> <DB=-9390585.4331> <Mlp=198746.6206> <PB=1370.1> 
#<DWph=2> <it=  4> <et=0.07> <Mt= 0.00> <Spt= 0.01> <nCl= 30> <al=0.51> <DB=-8937823.0906> <Mlp=193595.9948> <PB=1370.1> 
#<DWph=2> <it=  5> <et=0.07> <Mt= 0.00> <Spt= 0.00> <nCl= 30> <al=0.55> <DB=-5927596.3683> <Mlp=184143.4213> <PB=1370.1> 
#<DWph=2> <it=  6> <et=0.08> <Mt= 0.00> <Spt= 0.01> <nCl= 30> <al=0.45> <DB=-7181533.8600> <Mlp=183295.7076> <PB=1370.1> 
#<DWph=2> <it=  7> <et=0.08> <Mt= 0.00> <Spt= 0.00> <nCl= 30> <al=0.51> <DB=-8161953.0638> <Mlp=181949.0780> <PB=1370.1> 
#<DWph=2> <it=  8> <et=0.08> <Mt= 0.00> <Spt= 0.01> <nCl= 30> <al=0.41> <DB=-5499856.9235> <Mlp=180535.4671> <PB=1370.1> 
#<DWph=2> <it=  9> <et=0.09> <Mt= 0.00> <Spt= 0.00> <nCl= 30> <al=0.47> <DB=-7014984.8580> <Mlp=179241.9821> <PB=1370.1> 
#<DWph=2> <it= 10> <et=0.09> <Mt= 0.00> <Spt= 0.00> <nCl= 30> <al=0.37> <DB=-3698583.2566> <Mlp=178681.8426> <PB=1370.1> 
#<DWph=2> <it= 11> <et=0.10> <Mt= 0.00> <Spt= 0.01> <nCl= 30> <al=0.27> <DB=-5866373.5932> <Mlp=173946.1895> <PB=1370.1> 
#<DWph=2> <it= 12> <et=0.10> <Mt= 0.00> <Spt= 0.00> <nCl= 30> <al=0.34> <DB=-3538187.9343> <Mlp=172067.6294> <PB=1370.1> 
#<DWph=2> <it= 13> <et=0.11> <Mt= 0.00> <Spt= 0.01> <nCl= 30> <al=0.41> <DB=-3440818.8335> <Mlp=169389.3011> <PB=1370.1> 
#<DWph=2> <it= 14> <et=0.11> <Mt= 0.00> <Spt= 0.00> <nCl= 30> <al=0.47> <DB=-2842727.7737> <Mlp=165117.5765> <PB=1370.1> 
#<DWph=2> <it= 15> <et=0.11> <Mt= 0.00> <Spt= 0.00> <nCl= 30> <al=0.52> <DB=-3572000.4734> <Mlp=161318.0583> <PB=1370.1> 
#<DWph=2> <it= 16> <et=0.12> <Mt= 0.00> <Spt= 0.01> <nCl= 30> <al=0.57> <DB=-2367080.7616> <Mlp=159103.6881> <PB=1370.1> 
#<DWph=2> <it= 17> <et=0.12> <Mt= 0.00> <Spt= 0.00> <nCl= 30> <al=0.61> <DB=-2269359.6839> <Mlp=157325.0753> <PB=1370.1> 
#<DWph=2> <it= 18> <et=0.13> <Mt= 0.00> <Spt= 0.01> <nCl= 30> <al=0.51> <DB=-2210894.9887> <Mlp=153977.3188> <PB=1370.1> 
#<DWph=2> <it= 19> <et=0.13> <Mt= 0.00> <Spt= 0.00> <nCl= 30> <al=0.41> <DB=-1859647.1337> <Mlp=150410.1196> <PB=1370.1> 
#<DWph=2> <it= 20> <et=0.14> <Mt= 0.00> <Spt= 0.00> <nCl= 30> <al=0.31> <DB=-2018287.9613> <Mlp=127717.2576> <PB=1370.1> 
#<DWph=2> <it= 21> <et=0.14> <Mt= 0.00> <Spt= 0.01> <nCl= 30> <al=0.38> <DB=-1654812.5645> <Mlp=127336.9218> <PB=1370.1> 
#<DWph=2> <it= 22> <et=0.14> <Mt= 0.00> <Spt= 0.00> <nCl= 30> <al=0.44> <DB=-1725755.3776> <Mlp=124572.4618> <PB=1370.1> 
#<DWph=2> <it= 23> <et=0.15> <Mt= 0.00> <Spt= 0.00> <nCl= 30> <al=0.50> <DB=-1534629.3064> <Mlp=116104.3189> <PB=1370.1> 
#<DWph=2> <it= 24> <et=0.15> <Mt= 0.00> <Spt= 0.01> <nCl= 30> <al=0.40> <DB=-1430663.0377> <Mlp=111499.4555> <PB=1370.1> 
#<DWph=2> <it= 25> <et=0.16> <Mt= 0.00> <Spt= 0.00> <nCl= 30> <al=0.30> <DB=-1216821.3641> <Mlp=105072.5028> <PB=1370.1> 
#<DWph=2> <it= 26> <et=0.16> <Mt= 0.00> <Spt= 0.00> <nCl= 30> <al=0.20> <DB=-940888.4691> <Mlp=100529.9316> <PB=1370.1> 
#<DWph=2> <it= 27> <et=0.17> <Mt= 0.01> <Spt= 0.01> <nCl= 30> <al=0.10> <DB=-959591.3425> <Mlp=67334.3634> <PB=1370.1> 
#<DWph=2> <it= 28> <et=0.17> <Mt= 0.00> <Spt= 0.00> <nCl= 30> <al=0.19> <DB=-1668509.1646> <Mlp=52137.3160> <PB=1370.1> 
#<DWph=2> <it= 29> <et=0.18> <Mt= 0.00> <Spt= 0.01> <nCl= 30> <al=0.27> <DB=-1311729.3120> <Mlp=50532.4680> <PB=1370.1> 
#<DWph=2> <it= 30> <et=0.18> <Mt= 0.00> <Spt= 0.00> <nCl= 30> <al=0.34> <DB=-1242248.5020> <Mlp=49355.4643> <PB=1370.1> 
#<DWph=2> <it= 31> <et=0.19> <Mt= 0.00> <Spt= 0.00> <nCl= 30> <al=0.41> <DB=-1045731.7023> <Mlp=48947.2588> <PB=1370.1> 
#<DWph=2> <it= 32> <et=0.19> <Mt= 0.00> <Spt= 0.01> <nCl= 30> <al=0.47> <DB=-877310.8753> <Mlp=48313.2172> <PB=1370.1> 
#<DWph=2> <it= 33> <et=0.19> <Mt= 0.00> <Spt= 0.00> <nCl= 30> <al=0.37> <DB=-927575.5674> <Mlp=38224.1831> <PB=1370.1> 
#<DWph=2> <it= 34> <et=0.20> <Mt= 0.00> <Spt= 0.00> <nCl= 30> <al=0.43> <DB=-815109.5669> <Mlp=35191.1950> <PB=1370.1> 
#<DWph=2> <it= 35> <et=0.21> <Mt= 0.00> <Spt= 0.01> <nCl= 30> <al=0.49> <DB=-876802.8052> <Mlp=22087.6996> <PB=1370.1> 
#<DWph=2> <it= 36> <et=0.21> <Mt= 0.01> <Spt= 0.00> <nCl= 30> <al=0.54> <DB=-768437.4056> <Mlp=19370.8069> <PB=1370.1> 
#<DWph=2> <it= 37> <et=0.22> <Mt= 0.00> <Spt= 0.01> <nCl= 30> <al=0.58> <DB=-744025.8511> <Mlp=12805.7102> <PB=1370.1> 
#<DWph=2> <it= 38> <et=0.22> <Mt= 0.00> <Spt= 0.00> <nCl= 30> <al=0.48> <DB=-409085.1886> <Mlp=11420.4467> <PB=1370.1> 
#<DWph=2> <it= 39> <et=0.23> <Mt= 0.00> <Spt= 0.00> <nCl= 30> <al=0.38> <DB=-575340.7650> <Mlp= 3849.4066> <PB=1370.1> 
#<DWph=2> <it= 40> <et=0.23> <Mt= 0.00> <Spt= 0.01> <nCl= 30> <al=0.45> <DB=-381121.9127> <Mlp= 3557.9041> <PB=1370.1> 
#<DWph=2> <it= 41> <et=0.23> <Mt= 0.00> <Spt= 0.00> <nCl=  8> <al=0.50> <DB=-145400.8884> <Mlp= 3387.6533> <PB=1370.1> 
#<DWph=2> <it= 42> <et=0.24> <Mt= 0.00> <Spt= 0.00> <nCl= 30> <al=0.40> <DB=-9575.6921> <Mlp= 3296.3925> <PB=1370.1> 
<DWph=2> <it= 43> <et=0.24> <Mt= 0.01> <Spt= 0.00> <nCl= 11> <al=0.46> <DB=-3136.4481> <Mlp= 2383.2117> <PB=1370.1> 
<DWph=2> <it= 44> <et=0.24> <Mt= 0.00> <Spt= 0.00> <nCl= 30> <al=0.36> <DB=-5149.6285> <Mlp= 2374.5024> <PB=1370.1> 
<DWph=2> <it= 45> <et=0.25> <Mt= 0.00> <Spt= 0.01> <nCl= 30> <al=0.43> <DB= -771.3928> <Mlp= 2315.9764> <PB=1370.1> 
<DWph=2> <it= 46> <et=0.25> <Mt= 0.00> <Spt= 0.00> <nCl= 30> <al=0.48> <DB=-7125.4092> <Mlp= 2183.8811> <PB=1370.1> 
<DWph=2> <it= 47> <et=0.26> <Mt= 0.00> <Spt= 0.01> <nCl= 30> <al=0.53> <DB=-5783.9012> <Mlp= 2089.2264> <PB=1370.1> 
<DWph=2> <it= 48> <et=0.26> <Mt= 0.00> <Spt= 0.00> <nCl= 30> <al=0.58> <DB=-2831.9796> <Mlp= 1993.2358> <PB=1370.1> 
<DWph=2> <it= 49> <et=0.27> <Mt= 0.00> <Spt= 0.00> <nCl= 30> <al=0.62> <DB=-1279.0070> <Mlp= 1886.9726> <PB=1370.1> 
<DWph=2> <it= 50> <et=0.28> <Mt= 0.01> <Spt= 0.01> <nCl= 30> <al=0.66> <DB= -832.1275> <Mlp= 1787.8776> <PB=1370.1> 
<DWph=2> <it= 51> <et=0.28> <Mt= 0.00> <Spt= 0.00> <nCl= 30> <al=0.69> <DB=  430.6493> <Mlp= 1755.2582> <PB=1370.1> 
<DWph=2> <it= 52> <et=0.28> <Mt= 0.00> <Spt= 0.00> <nCl= 30> <al=0.73> <DB= -808.5380> <Mlp= 1729.8573> <PB=1370.1> 
<DWph=2> <it= 53> <et=0.29> <Mt= 0.00> <Spt= 0.01> <nCl= 30> <al=0.75> <DB=  435.1227> <Mlp= 1684.7122> <PB=1370.1> 
<DWph=2> <it= 54> <et=0.29> <Mt= 0.00> <Spt= 0.00> <nCl= 28> <al=0.78> <DB= -180.3048> <Mlp= 1644.5718> <PB=1370.1> 
<DWph=2> <it= 55> <et=0.30> <Mt= 0.00> <Spt= 0.00> <nCl= 24> <al=0.80> <DB=  501.7301> <Mlp= 1601.4610> <PB=1370.1> 
<DWph=2> <it= 56> <et=0.30> <Mt= 0.00> <Spt= 0.01> <nCl= 24> <al=0.82> <DB=  869.0176> <Mlp= 1584.8669> <PB=1370.1> 
<DWph=2> <it= 57> <et=0.31> <Mt= 0.01> <Spt= 0.00> <nCl= 30> <al=0.72> <DB=  300.4361> <Mlp= 1557.2211> <PB=1370.1> 
<DWph=2> <it= 58> <et=0.32> <Mt= 0.00> <Spt= 0.00> <nCl= 30> <al=0.75> <DB=  407.0125> <Mlp= 1496.6477> <PB=1370.1> 
<DWph=2> <it= 59> <et=0.32> <Mt= 0.00> <Spt= 0.01> <nCl= 29> <al=0.77> <DB=  994.1658> <Mlp= 1454.6570> <PB=1370.1> 
<DWph=2> <it= 60> <et=0.33> <Mt= 0.00> <Spt= 0.00> <nCl= 30> <al=0.80> <DB=  958.3151> <Mlp= 1439.6426> <PB=1370.1> 
<DWph=2> <it= 61> <et=0.33> <Mt= 0.00> <Spt= 0.01> <nCl= 17> <al=0.82> <DB= 1152.2194> <Mlp= 1426.4123> <PB=1370.1> 
<DWph=2> <it= 62> <et=0.34> <Mt= 0.00> <Spt= 0.00> <nCl= 18> <al=0.83> <DB= 1191.9876> <Mlp= 1415.4125> <PB=1370.1> 
<DWph=2> <it= 63> <et=0.34> <Mt= 0.00> <Spt= 0.00> <nCl= 28> <al=0.73> <DB=  865.0533> <Mlp= 1412.4367> <PB=1370.1> 
<DWph=2> <it= 64> <et=0.34> <Mt= 0.00> <Spt= 0.01> <nCl= 24> <al=0.76> <DB= 1233.8942> <Mlp= 1390.3743> <PB=1370.1> 
<DWph=2> <it= 65> <et=0.35> <Mt= 0.01> <Spt= 0.00> <nCl= 29> <al=0.66> <DB= 1225.6239> <Mlp= 1380.2861> <PB=1370.1> 
<DWph=2> <it= 66> <et=0.36> <Mt= 0.00> <Spt= 0.00> <nCl= 26> <al=0.69> <DB= 1257.8799> <Mlp= 1350.4882> <PB=1370.1> 
<DWph=2> <it= 67> <et=0.36> <Mt= 0.00> <Spt= 0.01> <nCl= 28> <al=0.73> <DB= 1272.3080> <Mlp= 1339.4321> <PB=1370.1> 
<DWph=2> <it= 68> <et=0.36> <Mt= 0.00> <Spt= 0.00> <nCl= 16> <al=0.75> <DB= 1268.6082> <Mlp= 1330.5672> <PB=1370.1> 
<DWph=2> <it= 69> <et=0.37> <Mt= 0.00> <Spt= 0.00> <nCl=  5> <al=0.78> <DB= 1277.5574> <Mlp= 1328.3091> <PB=1370.1> 
<DWph=2> <it= 70> <et=0.37> <Mt= 0.00> <Spt= 0.01> <nCl=  8> <al=0.68> <DB= 1293.9119> <Mlp= 1328.2849> <PB=1370.1> 
<DWph=2> <it= 71> <et=0.38> <Mt= 0.00> <Spt= 0.00> <nCl= 16> <al=0.58> <DB= 1283.5928> <Mlp= 1327.6986> <PB=1370.1> 
<DWph=2> <it= 72> <et=0.38> <Mt= 0.00> <Spt= 0.00> <nCl= 10> <al=0.62> <DB= 1302.2105> <Mlp= 1327.1290> <PB=1370.1> 
<DWph=2> <it= 73> <et=0.39> <Mt= 0.00> <Spt= 0.01> <nCl=  9> <al=0.66> <DB= 1313.4238> <Mlp= 1326.6602> <PB=1370.1> 
<DWph=2> <it= 74> <et=0.39> <Mt= 0.00> <Spt= 0.00> <nCl=  7> <al=0.56> <DB= 1318.7454> <Mlp= 1326.6326> <PB=1370.1> 
<DWph=2> <it= 75> <et=0.39> <Mt= 0.00> <Spt= 0.00> <nCl=  5> <al=0.60> <DB= 1320.7987> <Mlp= 1326.5441> <PB=1370.1> 
<DWph=2> <it= 76> <et=0.40> <Mt= 0.01> <Spt= 0.01> <nCl=  3> <al=0.64> <DB= 1320.3115> <Mlp= 1326.4269> <PB=1370.1> 
<DWph=2> <it= 77> <et=0.41> <Mt= 0.00> <Spt= 0.00> <nCl=  3> <al=0.36> <DB= 1170.8980> <Mlp= 1326.4269> <PB=1370.1> 
<DWph=2> <it= 78> <et=0.41> <Mt= 0.00> <Spt= 0.01> <nCl=  5> <al=0.58> <DB= 1314.1667> <Mlp= 1326.1952> <PB=1370.1> 
<DWph=2> <it= 79> <et=0.41> <Mt= 0.00> <Spt= 0.00> <nCl=  1> <al=0.62> <DB= 1323.9260> <Mlp= 1326.0678> <PB=1370.1> 
<DWph=2> <it= 80> <et=0.42> <Mt= 0.00> <Spt= 0.01> <nCl=  9> <al=0.52> <DB= 1314.7441> <Mlp= 1326.0523> <PB=1370.1> 
<DWph=2> <it= 81> <et=0.43> <Mt= 0.00> <Spt= 0.00> <nCl=  5> <al=0.14> <DB= 1317.1066> <Mlp= 1325.9133> <PB=1370.1> 
<DWph=2> <it= 82> <et=0.43> <Mt= 0.00> <Spt= 0.01> <nCl= 12> <al=0.00> <DB= 1281.8133> <Mlp= 1325.9133> <PB=1370.1> 
<DWph=2> <it= 83> <et=0.44> <Mt= 0.00> <Spt= 0.00> <nCl=  2> <al=0.37> <DB= 1318.4391> <Mlp= 1325.6303> <PB=1370.1> 
<DWph=2> <it= 84> <et=0.44> <Mt= 0.00> <Spt= 0.01> <nCl=  1> <al=0.43> <DB= 1313.6461> <Mlp= 1325.5473> <PB=1370.1> 
<DWph=2> <it= 85> <et=0.44> <Mt= 0.00> <Spt= 0.00> <nCl=  2> <al=0.33> <DB= 1312.9836> <Mlp= 1325.5473> <PB=1370.1> 
<DWph=2> <it= 86> <et=0.45> <Mt= 0.00> <Spt= 0.00> <nCl=  2> <al=0.40> <DB= 1310.7928> <Mlp= 1325.5473> <PB=1370.1> 
<DWph=2> <it= 87> <et=0.46> <Mt= 0.00> <Spt= 0.01> <nCl=  6> <al=0.00> <DB= 1325.5473> <Mlp= 1325.5473> <PB=1370.1> 
<DWph=1> <it= 88> <et=0.46> <Mt= 0.00> <Spt= 0.01> <nCl= 23> <al=0.36> <DB= 1140.7519> <Mlp= 1325.5473> <PB=1370.1> 
<DWph=1> <it= 89> <et=0.47> <Mt= 0.00> <Spt= 0.00> <nCl= 11> <al=0.42> <DB= 1301.1025> <Mlp= 1324.2216> <PB=1370.1> 
<DWph=1> <it= 90> <et=0.48> <Mt= 0.00> <Spt= 0.01> <nCl=  8> <al=0.48> <DB= 1311.4669> <Mlp= 1323.6534> <PB=1370.1> 
<DWph=1> <it= 91> <et=0.49> <Mt= 0.00> <Spt= 0.01> <nCl=  2> <al=0.53> <DB= 1316.6833> <Mlp= 1323.5878> <PB=1370.1> 
<DWph=1> <it= 92> <et=0.50> <Mt= 0.01> <Spt= 0.01> <nCl=  4> <al=0.16> <DB= 1318.3260> <Mlp= 1323.5746> <PB=1370.1> 
<DWph=1> <it= 93> <et=0.51> <Mt= 0.00> <Spt= 0.01> <nCl=  2> <al=0.48> <DB= 1321.6620> <Mlp= 1323.5709> <PB=1370.1> 
<DWph=1> <it= 94> <et=0.52> <Mt= 0.00> <Spt= 0.01> <nCl=  5> <al=0.06> <DB= 1323.0918> <Mlp= 1323.5709> <PB=1370.1> 
<DWph=1> <it= 95> <et=0.54> <Mt= 0.00> <Spt= 0.01> <nCl=  5> <al=0.00> <DB= 1323.5709> <Mlp= 1323.5709> <PB=1370.1> 
    RCSP exact solver info for graph G_1 : TT = 0.014244, pt = 1.2e-05, dt = 0.01223, ct = 0.001688, ndl = 3', bdl = 91', odl = 2', odf = 17', bsi = 1', cnt = 7', bdch = 773', odch = 28', lcp = 27', #sols = 150
<DWph=0> <it= 96> <et=0.55> <Mt= 0.00> <Spt= 0.02> <nCl= 80> <al=0.33> <DB= 1314.5709> <Mlp= 1323.5709> <PB=1370.1> 
    RCSP exact solver info for graph G_1 : TT = 0.010433, pt = 2.9e-05, dt = 0.008521, ct = 0.001593, ndl = 3', bdl = 85', odl = 2', odf = 16', bsi = 1', cnt = 7', bdch = 698', odch = 25', lcp = 25', #sols = 150
    RCSP exact solver info for graph G_1 : TT = 0.010434, pt = 2.2e-05, dt = 0.008535, ct = 0.001602, ndl = 3', bdl = 85', odl = 2', odf = 16', bsi = 1', cnt = 7', bdch = 709', odch = 25', lcp = 25', #sols = 150
<DWph=0> <it= 97> <et=0.58> <Mt= 0.00> <Spt= 0.02> <nCl= 24> <al=0.00> <DB= 1323.3230> <Mlp= 1323.3230> <PB=1370.1> 
Dynamic params and stats :  aver.obdmd = 23.2623 aver.buck.num. = 26
@@ 1 0 1323.32 0.0113897 0.013918 84.0587 0.58
Labels distribution in buckets (bucket size) : largest - 50, top 0.1% - 50, top 0.5% - 40, top 2% - 28, top 10% - 14, top 50% - 3
Reduced cost fixing for graph G_1... 40125 buck. arcs remain (55.7% from prev., 46.8% from max.) + 9886 jump buck. arcs (11.5% from max.)
 TT = 0.073989, pt = 0.006498, dt = 0.035921, ct = 0.031422, ndl = 19', bdl = 338', odl = 3', odf = 65', lpcb = 461', cnt = 551', bdch = 4410', odch = 379', lcp = 353'
Labels distribution in buckets (bucket size) : largest - 52, top 0.1% - 52, top 0.5% - 43, top 2% - 32, top 10% - 15, top 50% - 3
Run forward enumeration with border = 50... not succeeded (ratio 0.921296) lpt = 0.024001, ndl = 24', dl = 5', lpcb = 59', dch = 49'
 TT = 0.027024, pt = 0.002002, dt = 0.024001, ct = 0, ndl = 24', bdl = 5', lpcb = 59', cnt = 127', bdch = 49', odch = 0', lcp = 0'
ColGenEvalAlg final dual bound: 1323.32 (rounded: 1324)
In total 2 RCC cut(s) are found by the connected components heuristic 
Shrinking heuristic shrunk 11 edges
In total 13 RCC cut(s) are found by the Fractional capacity min-cut heuristic 
In total 81 RCC cut(s) are found by the greedy construction heuristic 
----- Add fac. cuts : CAP(96), max.viol = 0.726819, aver.viol = 0.271691, sep/add took 0.0122928/0.0623897 sec. -----
2205 columns (2205 active), 96 dyn. constrs. (96 active), 216 art. vars. (216 active)
<DWph=2> <it=  1> <et=0.77> <Mt= 0.00> <Spt= 0.01> <nCl= 22> <al=0.50> <DB= 1128.8542> <Mlp= 1352.4161> <PB=1370.1> 
<DWph=2> <it=  2> <et=0.78> <Mt= 0.01> <Spt= 0.00> <nCl= 16> <al=0.55> <DB= 1302.6418> <Mlp= 1345.9133> <PB=1370.1> 
<DWph=2> <it=  3> <et=0.79> <Mt= 0.00> <Spt= 0.01> <nCl=  4> <al=0.60> <DB= 1324.9930> <Mlp= 1344.3102> <PB=1370.1> 
<DWph=2> <it=  4> <et=0.79> <Mt= 0.01> <Spt= 0.00> <nCl= 22> <al=0.64> <DB=  904.1826> <Mlp= 1344.2307> <PB=1370.1> 
<DWph=2> <it=  5> <et=0.80> <Mt= 0.00> <Spt= 0.00> <nCl=  4> <al=0.67> <DB= 1321.4985> <Mlp= 1342.2072> <PB=1370.1> 
<DWph=2> <it=  6> <et=0.81> <Mt= 0.00> <Spt= 0.01> <nCl= 13> <al=0.41> <DB= 1317.0546> <Mlp= 1342.2072> <PB=1370.1> 
<DWph=2> <it=  7> <et=0.82> <Mt= 0.01> <Spt= 0.00> <nCl=  7> <al=0.60> <DB= 1278.4768> <Mlp= 1340.6366> <PB=1370.1> 
<DWph=2> <it=  8> <et=0.83> <Mt= 0.00> <Spt= 0.01> <nCl=  2> <al=0.64> <DB= 1333.7557> <Mlp= 1340.4213> <PB=1370.1> 
<DWph=2> <it=  9> <et=0.83> <Mt= 0.00> <Spt= 0.00> <nCl=  5> <al=0.54> <DB= 1334.7903> <Mlp= 1340.4213> <PB=1370.1> 
<DWph=2> <it= 10> <et=0.84> <Mt= 0.01> <Spt= 0.00> <nCl=  3> <al=0.44> <DB= 1335.8218> <Mlp= 1340.4158> <PB=1370.1> 
<DWph=2> <it= 11> <et=0.84> <Mt= 0.00> <Spt= 0.01> <nCl= 15> <al=0.34> <DB= 1334.0682> <Mlp= 1340.4158> <PB=1370.1> 
<DWph=2> <it= 12> <et=0.85> <Mt= 0.00> <Spt= 0.00> <nCl=  4> <al=0.41> <DB= 1332.3737> <Mlp= 1340.3960> <PB=1370.1> 
<DWph=2> <it= 13> <et=0.86> <Mt= 0.00> <Spt= 0.01> <nCl= 10> <al=0.00> <DB= 1326.3991> <Mlp= 1340.3960> <PB=1370.1> 
<DWph=2> <it= 14> <et=0.87> <Mt= 0.00> <Spt= 0.01> <nCl=  9> <al=0.00> <DB= 1326.0491> <Mlp= 1340.3858> <PB=1370.1> 
<DWph=2> <it= 15> <et=0.87> <Mt= 0.01> <Spt= 0.00> <nCl=  3> <al=0.27> <DB= 1336.7918> <Mlp= 1340.2067> <PB=1370.1> 
<DWph=2> <it= 16> <et=0.88> <Mt= 0.00> <Spt= 0.01> <nCl=  4> <al=0.00> <DB= 1330.8800> <Mlp= 1340.1997> <PB=1370.1> 
<DWph=2> <it= 17> <et=0.89> <Mt= 0.00> <Spt= 0.00> <nCl=  4> <al=0.24> <DB= 1306.4097> <Mlp= 1340.1630> <PB=1370.1> 
<DWph=2> <it= 18> <et=0.90> <Mt= 0.00> <Spt= 0.01> <nCl=  5> <al=0.00> <DB= 1340.1615> <Mlp= 1340.1615> <PB=1370.1> 
<DWph=1> <it= 19> <et=0.90> <Mt= 0.00> <Spt= 0.00> <nCl= 16> <al=0.22> <DB= 1302.4930> <Mlp= 1340.1615> <PB=1370.1> 
<DWph=1> <it= 20> <et=0.91> <Mt= 0.01> <Spt= 0.01> <nCl=  6> <al=0.12> <DB= 1332.0271> <Mlp= 1339.6210> <PB=1370.1> 
<DWph=1> <it= 21> <et=0.92> <Mt= 0.00> <Spt= 0.00> <nCl=  3> <al=0.21> <DB= 1335.3982> <Mlp= 1339.6121> <PB=1370.1> 
<DWph=1> <it= 22> <et=0.93> <Mt= 0.00> <Spt= 0.01> <nCl=  2> <al=0.00> <DB= 1339.6115> <Mlp= 1339.6115> <PB=1370.1> 
    RCSP exact solver info for graph G_1 : TT = 0.008118, pt = 1.2e-05, dt = 0.006219, ct = 0.00156, ndl = 3', bdl = 39', odl = 2', odf = 15', bsi = 1', cnt = 5', bdch = 330', odch = 22', lcp = 23', #sols = 150
<DWph=0> <it= 23> <et=0.94> <Mt= 0.00> <Spt= 0.01> <nCl= 42> <al=0.19> <DB= 1319.7198> <Mlp= 1339.6115> <PB=1370.1> 
    RCSP exact solver info for graph G_1 : TT = 0.007979, pt = 2.6e-05, dt = 0.006052, ct = 0.001559, ndl = 3', bdl = 39', odl = 2', odf = 15', bsi = 1', cnt = 5', bdch = 330', odch = 22', lcp = 23', #sols = 150
    RCSP exact solver info for graph G_1 : TT = 0.007859, pt = 2.1e-05, dt = 0.00597, ct = 0.001556, ndl = 3', bdl = 39', odl = 2', odf = 15', bsi = 1', cnt = 5', bdch = 331', odch = 22', lcp = 23', #sols = 150
<DWph=0> <it= 24> <et=0.97> <Mt= 0.00> <Spt= 0.03> <nCl=  4> <al=0.00> <DB= 1339.6115> <Mlp= 1339.6115> <PB=1370.1> 
Dynamic params and stats :  aver.obdmd = 23.2623 aver.buck.num. = 26
@@ 1 1 1339.61 0.00763867 0.007779 46.8056 0.97
Labels distribution in buckets (bucket size) : largest - 33, top 0.1% - 33, top 0.5% - 29, top 2% - 27, top 10% - 14, top 50% - 2
Reduced cost fixing for graph G_1... 31438 buck. arcs remain (78.4% from prev., 36.7% from max.) + 11151 jump buck. arcs (13% from max.)
 TT = 0.049476, pt = 0.004624, dt = 0.021744, ct = 0.022967, ndl = 16', bdl = 246', odl = 3', odf = 56', lpcb = 208', cnt = 359', bdch = 2480', odch = 214', lcp = 240'
Labels distribution in buckets (bucket size) : largest - 38, top 0.1% - 38, top 0.5% - 34, top 2% - 29, top 10% - 15, top 50% - 2
Run forward enumeration with border = 50... not succeeded (ratio 0.779348) lpt = 0.109709, ndl = 68', dl = 26', lpcb = 473', dch = 345'
 TT = 0.111683, pt = 0, dt = 0.109709, ct = 0, ndl = 68', bdl = 26', lpcb = 473', cnt = 512', bdch = 345', odch = 0', lcp = 0'
ColGenEvalAlg final dual bound: 1339.61 (rounded: 1340)
Gap improvement since the last cut separation : 0.348215 (1323.32)
Current active cuts : CAP(13,302.153)
In total 1 RCC cut(s) are found by the connected components heuristic 
Shrinking heuristic shrunk 10 edges
In total 18 RCC cut(s) are found by the Fractional capacity min-cut heuristic 
In total 55 RCC cut(s) are found by the greedy construction heuristic 
In total 7 RCC cut(s) are found by the global pool greedy search heuristic 
----- Add fac. cuts : CAP(81), max.viol = 0.340167, aver.viol = 0.121795, sep/add took 0.0160754/0.0863043 sec. -----
2430 columns (2430 active), 177 dyn. constrs. (101 active), 297 art. vars. (221 active)
<DWph=2> <it=  1> <et=1.25> <Mt= 0.01> <Spt= 0.00> <nCl=  8> <al=0.50> <DB= 1334.3919> <Mlp= 1343.8370> <PB=1370.1> 
<DWph=2> <it=  2> <et=1.26> <Mt= 0.01> <Spt= 0.01> <nCl= 10> <al=0.10> <DB= 1277.2617> <Mlp= 1343.2184> <PB=1370.1> 
<DWph=2> <it=  3> <et=1.27> <Mt= 0.00> <Spt= 0.00> <nCl=  2> <al=0.45> <DB= 1339.8312> <Mlp= 1343.1983> <PB=1370.1> 
<DWph=2> <it=  4> <et=1.28> <Mt= 0.00> <Spt= 0.01> <nCl=  5> <al=0.01> <DB= 1306.6569> <Mlp= 1343.1376> <PB=1370.1> 
<DWph=2> <it=  5> <et=1.29> <Mt= 0.01> <Spt= 0.00> <nCl=  2> <al=0.41> <DB= 1342.7299> <Mlp= 1343.1066> <PB=1370.1> 
<DWph=2> <it=  6> <et=1.30> <Mt= 0.00> <Spt= 0.01> <nCl=  3> <al=0.00> <DB= 1343.1063> <Mlp= 1343.1063> <PB=1370.1> 
<DWph=1> <it=  7> <et=1.30> <Mt= 0.00> <Spt= 0.01> <nCl=  9> <al=0.36> <DB= 1279.3823> <Mlp= 1343.1063> <PB=1370.1> 
<DWph=1> <it=  8> <et=1.32> <Mt= 0.00> <Spt= 0.01> <nCl=  9> <al=0.00> <DB= 1337.2024> <Mlp= 1343.0971> <PB=1370.1> 
<DWph=1> <it=  9> <et=1.33> <Mt= 0.00> <Spt= 0.01> <nCl=  5> <al=0.00> <DB= 1343.0967> <Mlp= 1343.0967> <PB=1370.1> 
    RCSP exact solver info for graph G_1 : TT = 0.006059, pt = 1.2e-05, dt = 0.004545, ct = 0.001204, ndl = 2', bdl = 23', odl = 2', odf = 14', bsi = 1', cnt = 3', bdch = 194', odch = 20', lcp = 17', #sols = 150
<DWph=0> <it= 10> <et=1.34> <Mt= 0.00> <Spt= 0.01> <nCl= 25> <al=0.06> <DB= 1289.2569> <Mlp= 1343.0967> <PB=1370.1> 
    RCSP exact solver info for graph G_1 : TT = 0.006871, pt = 2.5e-05, dt = 0.005192, ct = 0.001325, ndl = 3', bdl = 27', odl = 2', odf = 15', bsi = 1', cnt = 4', bdch = 234', odch = 23', lcp = 21', #sols = 150
<DWph=0> <it= 11> <et=1.35> <Mt= 0.01> <Spt= 0.01> <nCl=  9> <al=0.00> <DB= 1343.0777> <Mlp= 1343.0777> <PB=1370.1> 
Dynamic params and stats :  aver.obdmd = 23.2623 aver.buck.num. = 26
@@ 1 2 1343.08 0.006133 0.006517 36.6722 1.35
Labels distribution in buckets (bucket size) : largest - 35, top 0.1% - 35, top 0.5% - 30, top 2% - 24, top 10% - 13, top 50% - 2
Reduced cost fixing for graph G_1... 29722 buck. arcs remain (94.5% from prev., 34.7% from max.) + 10779 jump buck. arcs (12.6% from max.)
 TT = 0.044387, pt = 0.003763, dt = 0.019451, ct = 0.021037, ndl = 15', bdl = 211', odl = 3', odf = 57', lpcb = 154', cnt = 315', bdch = 2065', odch = 232', lcp = 226'
Labels distribution in buckets (bucket size) : largest - 39, top 0.1% - 39, top 0.5% - 34, top 2% - 28, top 10% - 14, top 50% - 2
Run forward enumeration with border = 50... not succeeded (ratio 0.58161) lpt = 0.307041, ndl = 128', dl = 77', lpcb = 1629', dch = 1154'
 TT = 0.317427, pt = 0, dt = 0.307041, ct = 0, ndl = 128', bdl = 77', lpcb = 1629', cnt = 1313', bdch = 1154', odch = 0', lcp = 0'
ColGenEvalAlg final dual bound: 1343.08 (rounded: 1344)
Gap improvement since the last cut separation : 0.113691 (1339.61)
Current active cuts : CAP(25,388.342)
Shrinking heuristic shrunk 6 edges
In total 6 RCC cut(s) are found by the Fractional capacity min-cut heuristic 
In total 10 RCC cut(s) are found by the greedy construction heuristic 
In total 6 RCC cut(s) are found by the global pool greedy search heuristic 
----- Add fac. cuts : CAP(22), max.viol = 0.206975, aver.viol = 0.077225, sep/add took 0.0163491/0.016428 sec. -----
2517 columns (2517 active), 123 dyn. constrs. (59 active), 319 art. vars. (179 active)
<DWph=2> <it=  1> <et=1.79> <Mt= 0.00> <Spt= 0.00> <nCl=  9> <al=0.50> <DB= 1247.9768> <Mlp= 1343.9593> <PB=1370.1> 
<DWph=2> <it=  2> <et=1.80> <Mt= 0.01> <Spt= 0.01> <nCl=  1> <al=0.55> <DB= 1309.3177> <Mlp= 1343.9593> <PB=1370.1> 
<DWph=2> <it=  3> <et=1.81> <Mt= 0.00> <Spt= 0.00> <nCl=  3> <al=0.19> <DB= 1327.3501> <Mlp= 1343.7926> <PB=1370.1> 
<DWph=2> <it=  4> <et=1.81> <Mt= 0.00> <Spt= 0.01> <nCl=  0> <al=0.00> <DB= 1343.7582> <Mlp= 1343.7582> <PB=1370.1> 
<DWph=1> <it=  5> <et=1.82> <Mt= 0.00> <Spt= 0.00> <nCl=  4> <al=0.40> <DB= 1327.0253> <Mlp= 1343.7582> <PB=1370.1> 
<DWph=1> <it=  6> <et=1.83> <Mt= 0.00> <Spt= 0.01> <nCl=  3> <al=0.00> <DB= 1341.9463> <Mlp= 1343.7582> <PB=1370.1> 
<DWph=1> <it=  7> <et=1.84> <Mt= 0.00> <Spt= 0.01> <nCl=  0> <al=0.00> <DB= 1343.7582> <Mlp= 1343.7582> <PB=1370.1> 
    RCSP exact solver info for graph G_1 : TT = 0.006429, pt = 1.3e-05, dt = 0.004804, ct = 0.001278, ndl = 3', bdl = 25', odl = 2', odf = 15', bsi = 1', cnt = 4', bdch = 218', odch = 23', lcp = 20', #sols = 150
    RCSP exact solver info for graph G_1 : TT = 0.006449, pt = 2.3e-05, dt = 0.004826, ct = 0.001266, ndl = 3', bdl = 25', odl = 2', odf = 15', bsi = 1', cnt = 4', bdch = 218', odch = 23', lcp = 20', #sols = 150
<DWph=0> <it=  8> <et=1.86> <Mt= 0.00> <Spt= 0.02> <nCl= 34> <al=0.00> <DB= 1343.7582> <Mlp= 1343.7582> <PB=1370.1> 
Dynamic params and stats :  aver.obdmd = 23.2623 aver.buck.num. = 26
@@ 1 3 1343.76 0.006087 0.006092 34.6705 1.86
    Full reduced cost fixing is not called (gap ratio is 0.974724)
ColGenEvalAlg final dual bound: 1343.76 (rounded: 1344)
Gap improvement since the last cut separation : 0.0251823 (1343.08)
Current active cuts : CAP(31,554.968)
Shrinking heuristic shrunk 8 edges
In total 2 RCC cut(s) are found by the Fractional capacity min-cut heuristic 
In total 4 RCC cut(s) are found by the greedy construction heuristic 
In total 2 RCC cut(s) are found by the global pool greedy search heuristic 
----- Add fac. cuts : CAP(8), max.viol = 0.133411, aver.viol = 0.0630352, sep/add took 0.0147794/0.00794999 sec. -----
2571 columns (2571 active), 67 dyn. constrs. (48 active), 327 art. vars. (168 active)
<DWph=2> <it=  1> <et=1.93> <Mt= 0.01> <Spt= 0.01> <nCl= 11> <al=0.00> <DB= 1296.2922> <Mlp= 1344.2465> <PB=1370.1> 
<DWph=2> <it=  2> <et=1.93> <Mt= 0.00> <Spt= 0.00> <nCl=  1> <al=0.40> <DB= 1344.1244> <Mlp= 1344.2058> <PB=1370.1> 
<DWph=2> <it=  3> <et=1.94> <Mt= 0.00> <Spt= 0.01> <nCl=  6> <al=0.00> <DB= 1328.2460> <Mlp= 1344.2058> <PB=1370.1> 
<DWph=2> <it=  4> <et=1.95> <Mt= 0.00> <Spt= 0.00> <nCl=  4> <al=0.00> <DB= 1344.2052> <Mlp= 1344.2052> <PB=1370.1> 
<DWph=1> <it=  5> <et=1.95> <Mt= 0.00> <Spt= 0.01> <nCl=  4> <al=0.10> <DB= 1337.7373> <Mlp= 1344.2052> <PB=1370.1> 
<DWph=1> <it=  6> <et=1.96> <Mt= 0.01> <Spt= 0.00> <nCl=  1> <al=0.00> <DB= 1344.2021> <Mlp= 1344.2021> <PB=1370.1> 
    RCSP exact solver info for graph G_1 : TT = 0.005658, pt = 1.2e-05, dt = 0.004233, ct = 0.001095, ndl = 2', bdl = 21', odl = 2', odf = 14', bsi = 1', cnt = 4', bdch = 164', odch = 19', lcp = 16', #sols = 150
<DWph=0> <it=  7> <et=1.97> <Mt= 0.00> <Spt= 0.01> <nCl= 27> <al=0.00> <DB= 1344.2021> <Mlp= 1344.2021> <PB=1370.1> 
Dynamic params and stats :  aver.obdmd = 23.2623 aver.buck.num. = 26
@@ 1 4 1344.2 0.005328 0.005328 34.6705 1.97
    Full reduced cost fixing is not called (gap ratio is 0.958236)
ColGenEvalAlg final dual bound: 1344.2 (rounded: 1345)
Gap improvement since the last cut separation : 0.0168519 (1343.76)
Cut generation tailing off counter increased to 1
Current active cuts : CAP(32,611.381)
Shrinking heuristic shrunk 7 edges
In total 3 RCC cut(s) are found by the Fractional capacity min-cut heuristic 
In total 8 RCC cut(s) are found by the greedy construction heuristic 
In total 1 RCC cut(s) are found by the global pool greedy search heuristic 
----- Add fac. cuts : CAP(12), max.viol = 0.0904267, aver.viol = 0.0388477, sep/add took 0.0154071/0.00720156 sec. -----
2625 columns (2625 active), 60 dyn. constrs. (52 active), 339 art. vars. (172 active)
<DWph=2> <it=  1> <et=2.01> <Mt= 0.00> <Spt= 0.00> <nCl= 13> <al=0.50> <DB= 1100.7222> <Mlp= 1344.4253> <PB=1370.1> 
<DWph=2> <it=  2> <et=2.01> <Mt= 0.00> <Spt= 0.01> <nCl=  3> <al=0.55> <DB= 1342.0583> <Mlp= 1344.4118> <PB=1370.1> 
<DWph=2> <it=  3> <et=2.02> <Mt= 0.00> <Spt= 0.00> <nCl=  4> <al=0.60> <DB= 1344.2870> <Mlp= 1344.4118> <PB=1370.1> 
<DWph=2> <it=  4> <et=2.03> <Mt= 0.00> <Spt= 0.00> <nCl=  9> <al=0.00> <DB= 1251.7250> <Mlp= 1344.4102> <PB=1370.1> 
<DWph=2> <it=  5> <et=2.03> <Mt= 0.01> <Spt= 0.01> <nCl=  4> <al=0.00> <DB= 1344.4094> <Mlp= 1344.4094> <PB=1370.1> 
<DWph=1> <it=  6> <et=2.04> <Mt= 0.00> <Spt= 0.00> <nCl=  5> <al=0.30> <DB= 1336.4565> <Mlp= 1344.4094> <PB=1370.1> 
<DWph=1> <it=  7> <et=2.05> <Mt= 0.00> <Spt= 0.01> <nCl=  3> <al=0.00> <DB= 1304.6932> <Mlp= 1344.4079> <PB=1370.1> 
<DWph=1> <it=  8> <et=2.06> <Mt= 0.00> <Spt= 0.01> <nCl=  1> <al=0.00> <DB= 1344.4079> <Mlp= 1344.4079> <PB=1370.1> 
    RCSP exact solver info for graph G_1 : TT = 0.005552, pt = 1.2e-05, dt = 0.004134, ct = 0.001064, ndl = 2', bdl = 19', odl = 2', odf = 14', bsi = 1', cnt = 3', bdch = 145', odch = 17', lcp = 15', #sols = 150
<DWph=0> <it=  9> <et=2.07> <Mt= 0.00> <Spt= 0.01> <nCl= 18> <al=0.00> <DB= 1287.1056> <Mlp= 1344.4079> <PB=1370.1> 
    RCSP exact solver info for graph G_1 : TT = 0.005334, pt = 2.5e-05, dt = 0.003989, ct = 0.001009, ndl = 2', bdl = 18', odl = 1', odf = 13', bsi = 1', cnt = 3', bdch = 133', odch = 15', lcp = 13', #sols = 150
<DWph=0> <it= 10> <et=2.08> <Mt= 0.00> <Spt= 0.01> <nCl=  8> <al=0.00> <DB= 1287.9376> <Mlp= 1344.3921> <PB=1370.1> 
    RCSP exact solver info for graph G_1 : TT = 0.005289, pt = 2.4e-05, dt = 0.003958, ct = 0.000991, ndl = 2', bdl = 18', odl = 1', odf = 13', bsi = 1', cnt = 3', bdch = 134', odch = 15', lcp = 13', #sols = 150
<DWph=0> <it= 11> <et=2.08> <Mt= 0.00> <Spt= 0.00> <nCl=  3> <al=0.10> <DB= 1331.8135> <Mlp= 1344.3921> <PB=1370.1> 
    RCSP exact solver info for graph G_1 : TT = 0.005577, pt = 2.4e-05, dt = 0.004179, ct = 0.001037, ndl = 2', bdl = 19', odl = 2', odf = 14', bsi = 1', cnt = 3', bdch = 140', odch = 16', lcp = 14', #sols = 150
<DWph=0> <it= 12> <et=2.09> <Mt= 0.01> <Spt= 0.01> <nCl=  8> <al=0.00> <DB= 1344.3921> <Mlp= 1344.3921> <PB=1370.1> 
Dynamic params and stats :  aver.obdmd = 23.2623 aver.buck.num. = 26
@@ 1 5 1344.39 0.00509025 0.005216 34.6705 2.09
    Full reduced cost fixing is not called (gap ratio is 0.951179)
ColGenEvalAlg final dual bound: 1344.39 (rounded: 1345)
Gap improvement since the last cut separation : 0.00733578 (1344.2)
Cut generation tailing off counter increased to 2
Current active cuts : CAP(34,720.973)
Shrinking heuristic shrunk 7 edges
In total 6 RCC cut(s) are found by the Fractional capacity min-cut heuristic 
In total 6 RCC cut(s) are found by the greedy construction heuristic 
In total 6 RCC cut(s) are found by the global pool greedy search heuristic 
----- Add fac. cuts : CAP(18), max.viol = 0.0714465, aver.viol = 0.0415137, sep/add took 0.0153402/0.0104571 sec. -----
2704 columns (2704 active), 70 dyn. constrs. (60 active), 357 art. vars. (180 active)
<DWph=2> <it=  1> <et=2.14> <Mt= 0.00> <Spt= 0.01> <nCl=  1> <al=0.50> <DB= 1344.4477> <Mlp= 1344.5033> <PB=1370.1> 
<DWph=2> <it=  2> <et=2.14> <Mt= 0.00> <Spt= 0.00> <nCl=  1> <al=0.40> <DB= 1328.2110> <Mlp= 1344.4903> <PB=1370.1> 
<DWph=2> <it=  3> <et=2.15> <Mt= 0.00> <Spt= 0.00> <nCl=  3> <al=0.00> <DB= 1335.6873> <Mlp= 1344.4879> <PB=1370.1> 
<DWph=2> <it=  4> <et=2.15> <Mt= 0.00> <Spt= 0.01> <nCl=  1> <al=0.00> <DB= 1344.4873> <Mlp= 1344.4873> <PB=1370.1> 
<DWph=1> <it=  5> <et=2.16> <Mt= 0.00> <Spt= 0.00> <nCl=  3> <al=0.26> <DB= 1326.3770> <Mlp= 1344.4873> <PB=1370.1> 
<DWph=1> <it=  6> <et=2.17> <Mt= 0.01> <Spt= 0.01> <nCl=  0> <al=0.00> <DB= 1344.4863> <Mlp= 1344.4863> <PB=1370.1> 
    RCSP exact solver info for graph G_1 : TT = 0.005364, pt = 1.2e-05, dt = 0.00399, ct = 0.001049, ndl = 2', bdl = 19', odl = 1', odf = 14', bsi = 1', cnt = 3', bdch = 146', odch = 16', lcp = 15', #sols = 150
<DWph=0> <it=  7> <et=2.18> <Mt= 0.00> <Spt= 0.01> <nCl= 11> <al=0.23> <DB= 1337.4244> <Mlp= 1344.4863> <PB=1370.1> 
    RCSP exact solver info for graph G_1 : TT = 0.005462, pt = 2.4e-05, dt = 0.004075, ct = 0.001043, ndl = 2', bdl = 19', odl = 1', odf = 14', bsi = 1', cnt = 3', bdch = 146', odch = 16', lcp = 15', #sols = 150
<DWph=0> <it=  8> <et=2.19> <Mt= 0.00> <Spt= 0.01> <nCl=  2> <al=0.31> <DB= 1340.0406> <Mlp= 1344.4863> <PB=1370.1> 
    RCSP exact solver info for graph G_1 : TT = 0.005648, pt = 2.4e-05, dt = 0.004238, ct = 0.001064, ndl = 2', bdl = 21', odl = 2', odf = 14', bsi = 1', cnt = 3', bdch = 158', odch = 17', lcp = 15', #sols = 150
    RCSP exact solver info for graph G_1 : TT = 0.005382, pt = 2.2e-05, dt = 0.004042, ct = 0.001033, ndl = 2', bdl = 20', odl = 1', odf = 14', bsi = 1', cnt = 3', bdch = 147', odch = 16', lcp = 14', #sols = 150
<DWph=0> <it=  9> <et=2.20> <Mt= 0.00> <Spt= 0.01> <nCl=  0> <al=0.00> <DB= 1344.4860> <Mlp= 1344.4860> <PB=1370.1> 
Dynamic params and stats :  aver.obdmd = 23.2623 aver.buck.num. = 26
@@ 1 6 1344.49 0.0051335 0.005302 34.6705 2.2
    Full reduced cost fixing is not called (gap ratio is 0.947692)
ColGenEvalAlg final dual bound: 1344.49 (rounded: 1345)
Gap improvement since the last cut separation : 0.00365194 (1344.39)
----- Cut separators priority level decreased to 1-----
Current active cuts : CAP(42,764.3)
Shrinking heuristic shrunk 4 edges
In total 2 RCC cut(s) are found by the Fractional capacity min-cut heuristic 
In total 2 RCC cut(s) are found by the greedy construction heuristic 
In total 11 RCC cut(s) are found by the global pool greedy search heuristic 
8 Rank-1 1-rows pack. cuts added ,  max viol. = 0.217494, aver. viol. = 0.134613
150 Rank-1 3-rows pack. cuts added ,  max viol. = 0.336474, aver. viol. = 0.118364
----- Add fac. cuts : CAP(15) R1C(158), max.viol = 0.336474, aver.viol = 0.113298, sep/add took 0.0206367/0.102743 sec. -----
2726 columns (2726 active), 233 dyn. constrs. (223 active), 530 art. vars. (343 active)
<DWph=2> <it=  1> <et=2.38> <Mt= 0.04> <Spt= 0.01> <nCl= 27> <al=0.50> <DB= 1010.8255> <Mlp= 1351.2521> <PB=1370.1> 
<DWph=2> <it=  2> <et=2.43> <Mt= 0.04> <Spt= 0.01> <nCl= 10> <al=0.55> <DB= 1283.4402> <Mlp= 1349.2037> <PB=1370.1> 
<DWph=2> <it=  3> <et=2.46> <Mt= 0.02> <Spt= 0.00> <nCl=  5> <al=0.60> <DB= 1341.4287> <Mlp= 1348.8580> <PB=1370.1> 
<DWph=2> <it=  4> <et=2.49> <Mt= 0.03> <Spt= 0.01> <nCl=  5> <al=0.64> <DB= 1338.2811> <Mlp= 1348.6400> <PB=1370.1> 
<DWph=2> <it=  5> <et=2.50> <Mt= 0.00> <Spt= 0.01> <nCl=  7> <al=0.34> <DB= 1304.9190> <Mlp= 1348.6400> <PB=1370.1> 
<DWph=2> <it=  6> <et=2.51> <Mt= 0.01> <Spt= 0.00> <nCl=  7> <al=0.57> <DB= 1319.9176> <Mlp= 1348.4957> <PB=1370.1> 
<DWph=2> <it=  7> <et=2.52> <Mt= 0.00> <Spt= 0.01> <nCl=  4> <al=0.61> <DB= 1346.8413> <Mlp= 1348.4253> <PB=1370.1> 
<DWph=2> <it=  8> <et=2.53> <Mt= 0.01> <Spt= 0.00> <nCl=  8> <al=0.51> <DB= 1277.3330> <Mlp= 1348.4253> <PB=1370.1> 
<DWph=2> <it=  9> <et=2.54> <Mt= 0.00> <Spt= 0.01> <nCl=  6> <al=0.56> <DB= 1318.0380> <Mlp= 1348.3835> <PB=1370.1> 
<DWph=2> <it= 10> <et=2.56> <Mt= 0.00> <Spt= 0.01> <nCl= 14> <al=0.21> <DB= 1217.4808> <Mlp= 1348.3828> <PB=1370.1> 
<DWph=2> <it= 11> <et=2.57> <Mt= 0.01> <Spt= 0.00> <nCl=  5> <al=0.51> <DB= 1317.7339> <Mlp= 1348.3219> <PB=1370.1> 
<DWph=2> <it= 12> <et=2.58> <Mt= 0.00> <Spt= 0.01> <nCl=  1> <al=0.56> <DB= 1341.7545> <Mlp= 1348.3027> <PB=1370.1> 
<DWph=2> <it= 13> <et=2.59> <Mt= 0.01> <Spt= 0.01> <nCl=  2> <al=0.20> <DB= 1260.1281> <Mlp= 1348.3018> <PB=1370.1> 
<DWph=2> <it= 14> <et=2.60> <Mt= 0.00> <Spt= 0.01> <nCl=  2> <al=0.00> <DB= 1252.8931> <Mlp= 1348.3000> <PB=1370.1> 
<DWph=2> <it= 15> <et=2.61> <Mt= 0.00> <Spt= 0.00> <nCl=  1> <al=0.40> <DB= 1332.9534> <Mlp= 1348.2994> <PB=1370.1> 
<DWph=2> <it= 16> <et=2.62> <Mt= 0.01> <Spt= 0.01> <nCl=  4> <al=0.00> <DB= 1273.8585> <Mlp= 1348.2970> <PB=1370.1> 
<DWph=2> <it= 17> <et=2.63> <Mt= 0.00> <Spt= 0.01> <nCl=  1> <al=0.00> <DB= 1348.2970> <Mlp= 1348.2970> <PB=1370.1> 
<DWph=1> <it= 18> <et=2.64> <Mt= 0.00> <Spt= 0.01> <nCl= 14> <al=0.26> <DB= 1281.3251> <Mlp= 1348.2970> <PB=1370.1> 
<DWph=1> <it= 19> <et=2.66> <Mt= 0.01> <Spt= 0.01> <nCl=  6> <al=0.33> <DB= 1303.1168> <Mlp= 1348.2775> <PB=1370.1> 
<DWph=1> <it= 20> <et=2.67> <Mt= 0.00> <Spt= 0.00> <nCl= 10> <al=0.40> <DB= 1285.6016> <Mlp= 1348.2775> <PB=1370.1> 
<DWph=1> <it= 21> <et=2.68> <Mt= 0.00> <Spt= 0.01> <nCl=  2> <al=0.46> <DB= 1327.4604> <Mlp= 1348.2774> <PB=1370.1> 
<DWph=1> <it= 22> <et=2.69> <Mt= 0.00> <Spt= 0.01> <nCl=  3> <al=0.36> <DB= 1324.9505> <Mlp= 1348.2774> <PB=1370.1> 
<DWph=1> <it= 23> <et=2.71> <Mt= 0.01> <Spt= 0.01> <nCl=  5> <al=0.00> <DB= 1348.1506> <Mlp= 1348.2774> <PB=1370.1> 
<DWph=1> <it= 24> <et=2.73> <Mt= 0.00> <Spt= 0.02> <nCl=  0> <al=0.00> <DB= 1348.2774> <Mlp= 1348.2774> <PB=1370.1> 
    RCSP exact solver info for graph G_1 : TT = 0.021383, pt = 0.000362, dt = 0.016922, ct = 0.003667, ndl = 4', bdl = 31', odl = 2', odf = 21', bsi = 1', cnt = 24', bdch = 338', odch = 52', lcp = 39', #sols = 150
<DWph=0> <it= 25> <et=2.76> <Mt= 0.00> <Spt= 0.03> <nCl= 69> <al=0.22> <DB= 1228.2774> <Mlp= 1348.2774> <PB=1370.1> 
    RCSP exact solver info for graph G_1 : TT = 0.018671, pt = 0.000449, dt = 0.014352, ct = 0.003461, ndl = 4', bdl = 30', odl = 2', odf = 21', bsi = 1', cnt = 16', bdch = 334', odch = 50', lcp = 40', #sols = 150
<DWph=0> <it= 26> <et=2.79> <Mt= 0.01> <Spt= 0.02> <nCl= 27> <al=0.12> <DB= 1313.0022> <Mlp= 1348.2076> <PB=1370.1> 
    RCSP exact solver info for graph G_1 : TT = 0.018377, pt = 0.000465, dt = 0.01409, ct = 0.003404, ndl = 4', bdl = 29', odl = 2', odf = 20', bsi = 1', cnt = 15', bdch = 317', odch = 47', lcp = 37', #sols = 150
<DWph=0> <it= 27> <et=2.82> <Mt= 0.00> <Spt= 0.03> <nCl= 28> <al=0.21> <DB= 1328.6734> <Mlp= 1348.1915> <PB=1370.1> 
    RCSP exact solver info for graph G_1 : TT = 0.018442, pt = 0.000473, dt = 0.014162, ct = 0.0034, ndl = 4', bdl = 29', odl = 2', odf = 20', bsi = 1', cnt = 15', bdch = 320', odch = 47', lcp = 37', #sols = 150
<DWph=0> <it= 28> <et=2.84> <Mt= 0.01> <Spt= 0.02> <nCl= 15> <al=0.29> <DB= 1338.4912> <Mlp= 1348.1915> <PB=1370.1> 
    RCSP exact solver info for graph G_1 : TT = 0.0186, pt = 0.000473, dt = 0.01427, ct = 0.003447, ndl = 4', bdl = 29', odl = 2', odf = 20', bsi = 1', cnt = 16', bdch = 322', odch = 47', lcp = 37', #sols = 150
    RCSP exact solver info for graph G_1 : TT = 0.01785, pt = 0.000386, dt = 0.013685, ct = 0.003408, ndl = 4', bdl = 29', odl = 2', odf = 20', bsi = 1', cnt = 16', bdch = 317', odch = 46', lcp = 36', #sols = 150
<DWph=0> <it= 29> <et=2.89> <Mt= 0.00> <Spt= 0.04> <nCl= 13> <al=0.00> <DB= 1348.1915> <Mlp= 1348.1915> <PB=1370.1> 
Dynamic params and stats :  aver.obdmd = 23.2623 aver.buck.num. = 26 nbR1C = 46 with avMem = 7.52174
@@ 1 7 1348.19 0.0180447 0.020589 34.6705 2.89
Labels distribution in buckets (bucket size) : largest - 51, top 0.1% - 51, top 0.5% - 49, top 2% - 34, top 10% - 19, top 50% - 2
Reduced cost fixing for graph G_1... 27334 buck. arcs remain (92% from prev., 31.9% from max.) + 10424 jump buck. arcs (12.2% from max.)
 TT = 0.100747, pt = 0.010081, dt = 0.049618, ct = 0.040792, ndl = 21', bdl = 260', odl = 4', odf = 81', lpcb = 210', cnt = 411', bdch = 2998', odch = 460', lcp = 408'
Labels distribution in buckets (bucket size) : largest - 57, top 0.1% - 57, top 0.5% - 50, top 2% - 40, top 10% - 21, top 50% - 2
Run forward enumeration with border = 50... succeeded! lpt = 1.31642, ndl = 175', dl = 140', lpcb = 5011', dch = 2519'
Run enumeration concatenation with time limit 0.52437 sec.... time limit reached, not succeeded.
Sorting and storing enumerated solutions ...  TT = 2.23798, pt = 0, dt = 1.31642, ct = 0.5536, ndl = 175', bdl = 140', lpcb = 5011', cnt = 4534', bdch = 2519', odch = 0', lcp = 0'
ColGenEvalAlg final dual bound: 1348.19 (rounded: 1349)
Gap improvement since the last cut separation : 0.144668 (1344.49)
Current active cuts : CAP(32,616.012) R1C(3+43,44.5536) 1rowPackR1C(3) 3rowPackR1C(43)
Shrinking heuristic shrunk 3 edges
In total 3 RCC cut(s) are found by the Fractional capacity min-cut heuristic 
In total 6 RCC cut(s) are found by the greedy construction heuristic 
In total 1 RCC cut(s) are found by the global pool greedy search heuristic 
8 Rank-1 1-rows pack. cuts added ,  max viol. = 0.291759, aver. viol. = 0.116924
102 Rank-1 3-rows pack. cuts added ,  max viol. = 0.181363, aver. viol. = 0.0683182
Building structures for heuristic rank-1 packing cut separation...done!
75 Rank-1 4-rows pack. cuts added ,  max viol. = 0.264723, aver. viol. = 0.0975653
100 Rank-1 5-rows pack. cuts added ,  max viol. = 0.271096, aver. viol. = 0.195784
----- Add fac. cuts : CAP(10) R1C(285), max.viol = 0.291759, aver.viol = 0.121865, sep/add took 0.625809/0.199431 sec. -----
3027 columns (3027 active), 518 dyn. constrs. (385 active), 825 art. vars. (505 active)
<DWph=2> <it=  1> <et=6.13> <Mt= 0.05> <Spt= 0.01> <nCl= 10> <al=0.50> <DB= 1280.0333> <Mlp= 1352.8483> <PB=1370.1> 
<DWph=2> <it=  2> <et=6.16> <Mt= 0.02> <Spt= 0.01> <nCl=  8> <al=0.55> <DB= 1326.3414> <Mlp= 1352.5310> <PB=1370.1> 
<DWph=2> <it=  3> <et=6.19> <Mt= 0.03> <Spt= 0.01> <nCl= 10> <al=0.60> <DB= 1092.2790> <Mlp= 1352.4127> <PB=1370.1> 
<DWph=2> <it=  4> <et=6.22> <Mt= 0.01> <Spt= 0.01> <nCl= 20> <al=0.27> <DB= 1179.6049> <Mlp= 1352.3782> <PB=1370.1> 
<DWph=2> <it=  5> <et=6.27> <Mt= 0.05> <Spt= 0.01> <nCl=  3> <al=0.54> <DB= 1268.5367> <Mlp= 1352.0341> <PB=1370.1> 
<DWph=2> <it=  6> <et=6.29> <Mt= 0.01> <Spt= 0.00> <nCl=  2> <al=0.58> <DB= 1338.7434> <Mlp= 1352.0028> <PB=1370.1> 
<DWph=2> <it=  7> <et=6.33> <Mt= 0.02> <Spt= 0.02> <nCl=  8> <al=0.25> <DB= 1284.1421> <Mlp= 1351.8551> <PB=1370.1> 
<DWph=2> <it=  8> <et=6.44> <Mt= 0.11> <Spt= 0.00> <nCl=  5> <al=0.52> <DB= 1160.2049> <Mlp= 1351.8005> <PB=1370.1> 
<DWph=2> <it=  9> <et=6.46> <Mt= 0.00> <Spt= 0.02> <nCl= 12> <al=0.14> <DB= 1260.5223> <Mlp= 1351.8005> <PB=1370.1> 
<DWph=2> <it= 10> <et=6.48> <Mt= 0.01> <Spt= 0.01> <nCl= 14> <al=0.00> <DB= 1031.7175> <Mlp= 1351.8005> <PB=1370.1> 
<DWph=2> <it= 11> <et=6.49> <Mt= 0.00> <Spt= 0.01> <nCl=  4> <al=0.37> <DB= 1298.1910> <Mlp= 1351.8005> <PB=1370.1> 
<DWph=2> <it= 12> <et=6.51> <Mt= 0.01> <Spt= 0.01> <nCl=  4> <al=0.00> <DB= 1332.6604> <Mlp= 1351.8004> <PB=1370.1> 
<DWph=2> <it= 13> <et=6.53> <Mt= 0.00> <Spt= 0.01> <nCl=  0> <al=0.00> <DB= 1351.8004> <Mlp= 1351.8004> <PB=1370.1> 
<DWph=1> <it= 14> <et=6.54> <Mt= 0.00> <Spt= 0.02> <nCl= 21> <al=0.23> <DB= 1141.6001> <Mlp= 1351.8004> <PB=1370.1> 
<DWph=1> <it= 15> <et=6.63> <Mt= 0.08> <Spt= 0.01> <nCl= 20> <al=0.13> <DB= 1232.5749> <Mlp= 1351.7080> <PB=1370.1> 
<DWph=1> <it= 16> <et=6.69> <Mt= 0.04> <Spt= 0.01> <nCl= 12> <al=0.22> <DB= 1289.9685> <Mlp= 1351.5836> <PB=1370.1> 
<DWph=1> <it= 17> <et=6.71> <Mt= 0.02> <Spt= 0.01> <nCl=  4> <al=0.30> <DB= 1311.0527> <Mlp= 1351.5704> <PB=1370.1> 
<DWph=1> <it= 18> <et=6.73> <Mt= 0.00> <Spt= 0.01> <nCl=  4> <al=0.37> <DB= 1342.4556> <Mlp= 1351.5700> <PB=1370.1> 
<DWph=1> <it= 19> <et=6.75> <Mt= 0.01> <Spt= 0.01> <nCl=  3> <al=0.27> <DB= 1227.8436> <Mlp= 1351.5688> <PB=1370.1> 
<DWph=1> <it= 20> <et=6.77> <Mt= 0.00> <Spt= 0.02> <nCl=  5> <al=0.00> <DB= 1350.5922> <Mlp= 1351.5688> <PB=1370.1> 
<DWph=1> <it= 21> <et=6.79> <Mt= 0.01> <Spt= 0.02> <nCl=  0> <al=0.00> <DB= 1351.5687> <Mlp= 1351.5687> <PB=1370.1> 
    RCSP exact solver info for graph G_1 : TT = 0.024178, pt = 0.000556, dt = 0.018411, ct = 0.004798, ndl = 5', bdl = 34', odl = 2', odf = 23', bsi = 2', cnt = 56', bdch = 427', odch = 74', lcp = 54', #sols = 150
<DWph=0> <it= 22> <et=6.83> <Mt= 0.00> <Spt= 0.04> <nCl=101> <al=0.14> <DB= 1199.1644> <Mlp= 1351.5687> <PB=1370.1> 
    RCSP exact solver info for graph G_1 : TT = 0.033996, pt = 0.00088, dt = 0.025898, ct = 0.006755, ndl = 6', bdl = 41', odl = 2', odf = 29', bsi = 1', cnt = 92', bdch = 644', odch = 124', lcp = 90', #sols = 150
<DWph=0> <it= 23> <et=7.00> <Mt= 0.11> <Spt= 0.06> <nCl=115> <al=0.14> <DB= 1191.4401> <Mlp= 1351.3460> <PB=1370.1> 
    RCSP exact solver info for graph G_1 : TT = 0.027928, pt = 0.000839, dt = 0.021222, ct = 0.005416, ndl = 5', bdl = 36', odl = 2', odf = 25', bsi = 1', cnt = 62', bdch = 506', odch = 88', lcp = 65', #sols = 150
<DWph=0> <it= 24> <et=7.05> <Mt= 0.01> <Spt= 0.03> <nCl= 25> <al=0.23> <DB= 1317.3780> <Mlp= 1351.3341> <PB=1370.1> 
    RCSP exact solver info for graph G_1 : TT = 0.029782, pt = 0.000828, dt = 0.022709, ct = 0.005781, ndl = 6', bdl = 39', odl = 2', odf = 26', bsi = 1', cnt = 70', bdch = 560', odch = 101', lcp = 74', #sols = 150
<DWph=0> <it= 25> <et=7.09> <Mt= 0.01> <Spt= 0.04> <nCl= 19> <al=0.31> <DB= 1340.9775> <Mlp= 1351.3341> <PB=1370.1> 
    RCSP exact solver info for graph G_1 : TT = 0.028241, pt = 0.00084, dt = 0.02159, ct = 0.005389, ndl = 6', bdl = 36', odl = 2', odf = 25', bsi = 1', cnt = 60', bdch = 514', odch = 90', lcp = 66', #sols = 150
<DWph=0> <it= 26> <et=7.13> <Mt= 0.00> <Spt= 0.03> <nCl= 12> <al=0.21> <DB= 1342.0885> <Mlp= 1351.3329> <PB=1370.1> 
    RCSP exact solver info for graph G_1 : TT = 0.02787, pt = 0.000834, dt = 0.02132, ct = 0.00528, ndl = 5', bdl = 36', odl = 2', odf = 25', bsi = 1', cnt = 58', bdch = 504', odch = 89', lcp = 65', #sols = 150
    RCSP exact solver info for graph G_1 : TT = 0.026006, pt = 0.000666, dt = 0.019853, ct = 0.005085, ndl = 5', bdl = 35', odl = 2', odf = 25', bsi = 1', cnt = 55', bdch = 496', odch = 87', lcp = 64', #sols = 150
<DWph=0> <it= 27> <et=7.20> <Mt= 0.01> <Spt= 0.06> <nCl= 13> <al=0.00> <DB= 1351.3325> <Mlp= 1351.3325> <PB=1370.1> 
Dynamic params and stats :  aver.obdmd = 23.2623 aver.buck.num. = 26 nbR1C = 78 with avMem = 7.74359
@@ 1 8 1351.33 0.0270724 0.032653 31.8849 7.2
Labels distribution in buckets (bucket size) : largest - 90, top 0.1% - 90, top 0.5% - 82, top 2% - 48, top 10% - 24, top 50% - 3
Reduced cost fixing for graph G_1... 25060 buck. arcs remain (91.7% from prev., 29.2% from max.) + 10113 jump buck. arcs (11.8% from max.)
 TT = 0.151312, pt = 0.016159, dt = 0.081932, ct = 0.052914, ndl = 31', bdl = 334', odl = 4', odf = 107', lpcb = 310', cnt = 598', bdch = 5171', odch = 816', lcp = 810'
Labels distribution in buckets (bucket size) : largest - 116, top 0.1% - 116, top 0.5% - 84, top 2% - 60, top 10% - 26, top 50% - 3
Run forward enumeration with border = 50... succeeded! lpt = 1.16786, ndl = 143', dl = 93', lpcb = 3977', dch = 1570'
Run enumeration concatenation with time limit 0.76812 sec.... time limit reached, not succeeded.
Sorting and storing enumerated solutions ...  TT = 2.16764, pt = 1e-06, dt = 1.16786, ct = 0.773979, ndl = 143', bdl = 93', lpcb = 3977', cnt = 5512', bdch = 1570', odch = 0', lcp = 0'
ColGenEvalAlg final dual bound: 1351.33 (rounded: 1352)
Gap improvement since the last cut separation : 0.143371 (1348.19)
Current active cuts : CAP(28,646.968) R1C(7+71,86.0494) 1rowPackR1C(7) 3rowPackR1C(53) 4rowPackR1C(5) 5rowPackR1C(13)
Shrinking heuristic shrunk 7 edges
In total 4 RCC cut(s) are found by the Fractional capacity min-cut heuristic 
In total 7 RCC cut(s) are found by the global pool greedy search heuristic 
4 Rank-1 1-rows pack. cuts added ,  max viol. = 0.177665, aver. viol. = 0.0811646
94 Rank-1 3-rows pack. cuts added ,  max viol. = 0.265125, aver. viol. = 0.0529155
Building structures for heuristic rank-1 packing cut separation...done!
83 Rank-1 4-rows pack. cuts added ,  max viol. = 0.241208, aver. viol. = 0.0637561
100 Rank-1 5-rows pack. cuts added ,  max viol. = 0.2769, aver. viol. = 0.139204
----- Add fac. cuts : CAP(11) R1C(281), max.viol = 0.312593, aver.viol = 0.109436, sep/add took 0.673313/0.239801 sec. -----
3481 columns (3481 active), 677 dyn. constrs. (408 active), 1117 art. vars. (528 active)
<DWph=2> <it=  1> <et=10.62> <Mt= 0.06> <Spt= 0.01> <nCl=  9> <al=0.50> <DB= 1277.0112> <Mlp= 1352.4864> <PB=1370.1> 
<DWph=2> <it=  2> <et=10.77> <Mt= 0.13> <Spt= 0.01> <nCl= 23> <al=0.55> <DB=  938.0898> <Mlp= 1352.4244> <PB=1370.1> 
<DWph=2> <it=  3> <et=10.79> <Mt= 0.01> <Spt= 0.01> <nCl=  3> <al=0.60> <DB= 1286.1329> <Mlp= 1352.4244> <PB=1370.1> 
<DWph=2> <it=  4> <et=10.97> <Mt= 0.17> <Spt= 0.02> <nCl= 11> <al=0.27> <DB= 1231.4550> <Mlp= 1352.3616> <PB=1370.1> 
<DWph=2> <it=  5> <et=11.16> <Mt= 0.18> <Spt= 0.01> <nCl=  5> <al=0.54> <DB= 1327.4949> <Mlp= 1352.2435> <PB=1370.1> 
<DWph=2> <it=  6> <et=11.19> <Mt= 0.02> <Spt= 0.00> <nCl=  1> <al=0.58> <DB= 1332.3805> <Mlp= 1352.2031> <PB=1370.1> 
<DWph=2> <it=  7> <et=11.20> <Mt= 0.01> <Spt= 0.01> <nCl=  2> <al=0.62> <DB= 1351.8940> <Mlp= 1352.2031> <PB=1370.1> 
<DWph=2> <it=  8> <et=11.23> <Mt= 0.01> <Spt= 0.01> <nCl=  8> <al=0.52> <DB= 1304.3647> <Mlp= 1352.2031> <PB=1370.1> 
<DWph=2> <it=  9> <et=11.24> <Mt= 0.00> <Spt= 0.01> <nCl=  3> <al=0.57> <DB= 1349.2647> <Mlp= 1352.2031> <PB=1370.1> 
<DWph=2> <it= 10> <et=11.26> <Mt= 0.01> <Spt= 0.01> <nCl=  5> <al=0.00> <DB= 1245.1830> <Mlp= 1352.2031> <PB=1370.1> 
<DWph=2> <it= 11> <et=11.28> <Mt= 0.01> <Spt= 0.01> <nCl=  3> <al=0.37> <DB= 1301.1321> <Mlp= 1352.1646> <PB=1370.1> 
<DWph=2> <it= 12> <et=11.30> <Mt= 0.01> <Spt= 0.01> <nCl=  5> <al=0.00> <DB= 1219.8233> <Mlp= 1352.1646> <PB=1370.1> 
<DWph=2> <it= 13> <et=11.31> <Mt= 0.00> <Spt= 0.02> <nCl=  2> <al=0.00> <DB= 1348.7395> <Mlp= 1352.1646> <PB=1370.1> 
<DWph=2> <it= 14> <et=11.33> <Mt= 0.00> <Spt= 0.01> <nCl=  2> <al=0.00> <DB= 1351.2238> <Mlp= 1352.1646> <PB=1370.1> 
<DWph=2> <it= 15> <et=11.34> <Mt= 0.01> <Spt= 0.01> <nCl=  0> <al=0.00> <DB= 1352.1646> <Mlp= 1352.1646> <PB=1370.1> 
<DWph=1> <it= 16> <et=11.36> <Mt= 0.00> <Spt= 0.01> <nCl= 12> <al=0.03> <DB= 1260.8217> <Mlp= 1352.1646> <PB=1370.1> 
<DWph=1> <it= 17> <et=11.53> <Mt= 0.15> <Spt= 0.02> <nCl= 20> <al=0.13> <DB= 1155.3056> <Mlp= 1352.1299> <PB=1370.1> 
<DWph=1> <it= 18> <et=11.55> <Mt= 0.01> <Spt= 0.01> <nCl=  5> <al=0.22> <DB= 1278.9832> <Mlp= 1352.1295> <PB=1370.1> 
<DWph=1> <it= 19> <et=11.57> <Mt= 0.02> <Spt= 0.01> <nCl=  4> <al=0.30> <DB= 1311.8454> <Mlp= 1352.1293> <PB=1370.1> 
<DWph=1> <it= 20> <et=11.59> <Mt= 0.00> <Spt= 0.01> <nCl=  4> <al=0.20> <DB= 1332.6505> <Mlp= 1352.1268> <PB=1370.1> 
<DWph=1> <it= 21> <et=11.62> <Mt= 0.02> <Spt= 0.01> <nCl=  4> <al=0.10> <DB= 1245.2767> <Mlp= 1352.1183> <PB=1370.1> 
<DWph=1> <it= 22> <et=11.64> <Mt= 0.00> <Spt= 0.02> <nCl=  6> <al=0.00> <DB= 1311.3316> <Mlp= 1352.1183> <PB=1370.1> 
<DWph=1> <it= 23> <et=11.66> <Mt= 0.01> <Spt= 0.01> <nCl=  1> <al=0.09> <DB= 1348.2499> <Mlp= 1352.1183> <PB=1370.1> 
<DWph=1> <it= 24> <et=11.67> <Mt= 0.00> <Spt= 0.01> <nCl=  0> <al=0.00> <DB= 1352.1183> <Mlp= 1352.1183> <PB=1370.1> 
    RCSP exact solver info for graph G_1 : TT = 0.026692, pt = 0.000668, dt = 0.01961, ct = 0.006018, ndl = 6', bdl = 33', odl = 2', odf = 25', bsi = 1', cnt = 80', bdch = 459', odch = 88', lcp = 65', #sols = 150
<DWph=0> <it= 25> <et=11.72> <Mt= 0.00> <Spt= 0.05> <nCl=105> <al=0.00> <DB= 1229.3664> <Mlp= 1352.1183> <PB=1370.1> 
    RCSP exact solver info for graph G_1 : TT = 0.028466, pt = 0.000785, dt = 0.021301, ct = 0.005934, ndl = 6', bdl = 35', odl = 2', odf = 27', bsi = 1', cnt = 74', bdch = 531', odch = 104', lcp = 76', #sols = 150
<DWph=0> <it= 26> <et=11.79> <Mt= 0.03> <Spt= 0.04> <nCl= 35> <al=0.00> <DB= 1317.1815> <Mlp= 1352.0948> <PB=1370.1> 
    RCSP exact solver info for graph G_1 : TT = 0.027865, pt = 0.000794, dt = 0.020872, ct = 0.005767, ndl = 6', bdl = 34', odl = 2', odf = 26', bsi = 1', cnt = 69', bdch = 502', odch = 97', lcp = 71', #sols = 150
<DWph=0> <it= 27> <et=11.83> <Mt= 0.01> <Spt= 0.03> <nCl= 10> <al=0.00> <DB= 1352.0944> <Mlp= 1352.0944> <PB=1370.1> 
Dynamic params and stats :  aver.obdmd = 23.2623 aver.buck.num. = 26 nbR1C = 84 with avMem = 7.95238
@@ 1 9 1352.09 0.0265007 0.027235 29.2323 11.83
    Full reduced cost fixing is not called (gap ratio is 0.95919)
ColGenEvalAlg final dual bound: 1352.09 (rounded: 1353)
Gap improvement since the last cut separation : 0.0405921 (1351.33)
Current active cuts : CAP(22,608.398) R1C(9+75,94.5617) 1rowPackR1C(9) 3rowPackR1C(46) 4rowPackR1C(15) 5rowPackR1C(14)
Shrinking heuristic shrunk 9 edges
In total 1 RCC cut(s) are found by the greedy construction heuristic 
In total 1 RCC cut(s) are found by the global pool greedy search heuristic 
3 Rank-1 1-rows pack. cuts added ,  max viol. = 0.0828967, aver. viol. = 0.0525737
14 Rank-1 3-rows pack. cuts added ,  max viol. = 0.112077, aver. viol. = 0.0586734
Building structures for heuristic rank-1 packing cut separation...done!
27 Rank-1 4-rows pack. cuts added ,  max viol. = 0.187348, aver. viol. = 0.0473033
100 Rank-1 5-rows pack. cuts added ,  max viol. = 0.187348, aver. viol. = 0.0872367
----- Add fac. cuts : CAP(2) R1C(144), max.viol = 0.360596, aver.viol = 0.120203, sep/add took 0.521829/0.132761 sec. -----
3769 columns (3769 active), 554 dyn. constrs. (266 active), 1263 art. vars. (386 active)
<DWph=2> <it=  1> <et=12.57> <Mt= 0.04> <Spt= 0.01> <nCl=  7> <al=0.50> <DB= 1338.5271> <Mlp= 1352.8130> <PB=1370.1> 
<DWph=2> <it=  2> <et=12.59> <Mt= 0.01> <Spt= 0.01> <nCl=  5> <al=0.10> <DB= 1283.0423> <Mlp= 1352.7666> <PB=1370.1> 
<DWph=2> <it=  3> <et=12.62> <Mt= 0.01> <Spt= 0.01> <nCl=  4> <al=0.00> <DB= 1332.8988> <Mlp= 1352.7121> <PB=1370.1> 
<DWph=2> <it=  4> <et=12.63> <Mt= 0.01> <Spt= 0.01> <nCl=  0> <al=0.00> <DB= 1352.7118> <Mlp= 1352.7118> <PB=1370.1> 
<DWph=1> <it=  5> <et=12.65> <Mt= 0.00> <Spt= 0.01> <nCl=  7> <al=0.25> <DB= 1308.6597> <Mlp= 1352.7118> <PB=1370.1> 
<DWph=1> <it=  6> <et=12.67> <Mt= 0.01> <Spt= 0.01> <nCl=  5> <al=0.15> <DB= 1322.8320> <Mlp= 1352.6974> <PB=1370.1> 
<DWph=1> <it=  7> <et=12.69> <Mt= 0.00> <Spt= 0.02> <nCl=  1> <al=0.00> <DB= 1352.6959> <Mlp= 1352.6959> <PB=1370.1> 
    RCSP exact solver info for graph G_1 : TT = 0.030826, pt = 0.000871, dt = 0.023146, ct = 0.006377, ndl = 6', bdl = 36', odl = 2', odf = 27', bsi = 1', cnt = 76', bdch = 559', odch = 97', lcp = 74', #sols = 150
<DWph=0> <it=  8> <et=12.73> <Mt= 0.01> <Spt= 0.04> <nCl= 45> <al=0.00> <DB= 1283.5151> <Mlp= 1352.6959> <PB=1370.1> 
    RCSP exact solver info for graph G_1 : TT = 0.031368, pt = 0.000901, dt = 0.023469, ct = 0.006522, ndl = 6', bdl = 38', odl = 2', odf = 27', bsi = 1', cnt = 87', bdch = 581', odch = 103', lcp = 77', #sols = 150
<DWph=0> <it=  9> <et=12.78> <Mt= 0.00> <Spt= 0.04> <nCl= 25> <al=0.00> <DB= 1348.1902> <Mlp= 1352.6723> <PB=1370.1> 
    RCSP exact solver info for graph G_1 : TT = 0.031321, pt = 0.000901, dt = 0.023618, ct = 0.006337, ndl = 6', bdl = 38', odl = 2', odf = 28', bsi = 1', cnt = 78', bdch = 589', odch = 102', lcp = 79', #sols = 150
<DWph=0> <it= 10> <et=12.82> <Mt= 0.01> <Spt= 0.04> <nCl=  6> <al=0.06> <DB= 1348.3555> <Mlp= 1352.6720> <PB=1370.1> 
    RCSP exact solver info for graph G_1 : TT = 0.031823, pt = 0.000898, dt = 0.023924, ct = 0.006531, ndl = 6', bdl = 39', odl = 2', odf = 28', bsi = 1', cnt = 84', bdch = 602', odch = 107', lcp = 80', #sols = 150
    RCSP exact solver info for graph G_1 : TT = 0.029774, pt = 0.00087, dt = 0.022325, ct = 0.006128, ndl = 6', bdl = 35', odl = 2', odf = 26', bsi = 1', cnt = 75', bdch = 533', odch = 91', lcp = 70', #sols = 150
<DWph=0> <it= 11> <et=12.89> <Mt= 0.00> <Spt= 0.06> <nCl=  8> <al=0.00> <DB= 1352.6720> <Mlp= 1352.6720> <PB=1370.1> 
Dynamic params and stats :  aver.obdmd = 23.2623 aver.buck.num. = 26 nbR1C = 94 with avMem = 8.29787
@@ 1 10 1352.67 0.0296754 0.030455 29.2323 12.89
    Full reduced cost fixing is not called (gap ratio is 0.928248)
ColGenEvalAlg final dual bound: 1352.67 (rounded: 1353)
Gap improvement since the last cut separation : 0.0320798 (1352.09)
Current active cuts : CAP(22,587.34) R1C(10+84,100.902) 1rowPackR1C(10) 3rowPackR1C(41) 4rowPackR1C(19) 5rowPackR1C(24)
Shrinking heuristic shrunk 5 edges
In total 1 RCC cut(s) are found by the Fractional capacity min-cut heuristic 
In total 11 RCC cut(s) are found by the greedy construction heuristic 
In total 17 RCC cut(s) are found by the global pool greedy search heuristic 
1 Rank-1 1-rows pack. cuts added ,  max viol. = 0.0443831, aver. viol. = 0.0443831
45 Rank-1 3-rows pack. cuts added ,  max viol. = 0.107371, aver. viol. = 0.0430708
Building structures for heuristic rank-1 packing cut separation...done!
46 Rank-1 4-rows pack. cuts added ,  max viol. = 0.146348, aver. viol. = 0.0658801
100 Rank-1 5-rows pack. cuts added ,  max viol. = 0.245601, aver. viol. = 0.10577
----- Add fac. cuts : CAP(29) R1C(192), max.viol = 0.293851, aver.viol = 0.0919285, sep/add took 0.814306/0.234936 sec. -----
3882 columns (3882 active), 487 dyn. constrs. (346 active), 1484 art. vars. (466 active)
<DWph=2> <it=  1> <et=14.04> <Mt= 0.05> <Spt= 0.01> <nCl=  2> <al=0.50> <DB= 1316.6581> <Mlp= 1353.3812> <PB=1370.1> 
<DWph=2> <it=  2> <et=14.07> <Mt= 0.01> <Spt= 0.02> <nCl=  4> <al=0.10> <DB= 1282.7592> <Mlp= 1353.3449> <PB=1370.1> 
<DWph=2> <it=  3> <et=14.09> <Mt= 0.02> <Spt= 0.01> <nCl=  3> <al=0.00> <DB= 1352.2387> <Mlp= 1353.3173> <PB=1370.1> 
<DWph=2> <it=  4> <et=14.11> <Mt= 0.00> <Spt= 0.02> <nCl=  0> <al=0.00> <DB= 1353.3173> <Mlp= 1353.3173> <PB=1370.1> 
<DWph=1> <it=  5> <et=14.13> <Mt= 0.00> <Spt= 0.01> <nCl=  7> <al=0.25> <DB= 1312.1109> <Mlp= 1353.3173> <PB=1370.1> 
<DWph=1> <it=  6> <et=14.15> <Mt= 0.02> <Spt= 0.01> <nCl=  3> <al=0.15> <DB= 1340.5338> <Mlp= 1353.3081> <PB=1370.1> 
<DWph=1> <it=  7> <et=14.18> <Mt= 0.00> <Spt= 0.02> <nCl=  3> <al=0.00> <DB= 1353.3081> <Mlp= 1353.3081> <PB=1370.1> 
    RCSP exact solver info for graph G_1 : TT = 0.03602, pt = 0.001034, dt = 0.02694, ct = 0.007561, ndl = 7', bdl = 38', odl = 2', odf = 30', bsi = 1', cnt = 97', bdch = 603', odch = 115', lcp = 88', #sols = 150
<DWph=0> <it=  8> <et=14.23> <Mt= 0.00> <Spt= 0.05> <nCl= 41> <al=0.14> <DB= 1262.9981> <Mlp= 1353.3081> <PB=1370.1> 
    RCSP exact solver info for graph G_1 : TT = 0.036823, pt = 0.001178, dt = 0.027472, ct = 0.007655, ndl = 7', bdl = 38', odl = 2', odf = 29', bsi = 1', cnt = 95', bdch = 617', odch = 111', lcp = 86', #sols = 150
<DWph=0> <it=  9> <et=14.32> <Mt= 0.04> <Spt= 0.05> <nCl= 42> <al=0.04> <DB= 1285.1101> <Mlp= 1353.2273> <PB=1370.1> 
    RCSP exact solver info for graph G_1 : TT = 0.037865, pt = 0.00119, dt = 0.028186, ct = 0.007989, ndl = 7', bdl = 40', odl = 2', odf = 30', bsi = 1', cnt = 103', bdch = 637', odch = 117', lcp = 88', #sols = 150
    RCSP exact solver info for graph G_1 : TT = 0.035623, pt = 0.000996, dt = 0.026611, ct = 0.007528, ndl = 7', bdl = 40', odl = 2', odf = 30', bsi = 1', cnt = 96', bdch = 643', odch = 119', lcp = 90', #sols = 150
<DWph=0> <it= 10> <et=14.41> <Mt= 0.01> <Spt= 0.08> <nCl=  8> <al=0.00> <DB= 1353.2254> <Mlp= 1353.2254> <PB=1370.1> 
Dynamic params and stats :  aver.obdmd = 23.2623 aver.buck.num. = 26 nbR1C = 102 with avMem = 8.81373
@@ 1 11 1353.23 0.0349855 0.036175 29.2323 14.41
Labels distribution in buckets (bucket size) : largest - 104, top 0.1% - 104, top 0.5% - 86, top 2% - 57, top 10% - 31, top 50% - 4
Reduced cost fixing for graph G_1... 23666 buck. arcs remain (94.4% from prev., 27.6% from max.) + 9911 jump buck. arcs (11.6% from max.)
 TT = 0.246881, pt = 0.025832, dt = 0.146231, ct = 0.074404, ndl = 43', bdl = 381', odl = 6', odf = 168', lpcb = 402', cnt = 767', bdch = 8545', odch = 2246', lcp = 1964'
Labels distribution in buckets (bucket size) : largest - 120, top 0.1% - 120, top 0.5% - 96, top 2% - 65, top 10% - 34, top 50% - 4
Run forward enumeration with border = 50... succeeded! lpt = 0.994332, ndl = 109', dl = 65', lpcb = 2881', dch = 1022'
Run enumeration concatenation with time limit 1.05405 sec.... time limit reached, not succeeded.
Sorting and storing enumerated solutions ...  TT = 2.22774, pt = 0, dt = 0.994332, ct = 1.06444, ndl = 109', bdl = 65', lpcb = 2881', cnt = 5244', bdch = 1022', odch = 0', lcp = 0'
ColGenEvalAlg final dual bound: 1353.23 (rounded: 1354)
Gap improvement since the last cut separation : 0.031753 (1352.67)
Current active cuts : CAP(27,592.206) R1C(11+91,106.228) 1rowPackR1C(11) 3rowPackR1C(46) 4rowPackR1C(18) 5rowPackR1C(27)
Shrinking heuristic shrunk 5 edges
In total 1 RCC cut(s) are found by the Fractional capacity min-cut heuristic 
In total 4 RCC cut(s) are found by the greedy construction heuristic 
In total 4 RCC cut(s) are found by the global pool greedy search heuristic 
1 Rank-1 1-rows pack. cuts added ,  max viol. = 0.156225, aver. viol. = 0.156225
24 Rank-1 3-rows pack. cuts added ,  max viol. = 0.0395512, aver. viol. = 0.0270903
Building structures for heuristic rank-1 packing cut separation...done!
26 Rank-1 4-rows pack. cuts added ,  max viol. = 0.0493917, aver. viol. = 0.0295
100 Rank-1 5-rows pack. cuts added ,  max viol. = 0.0688315, aver. viol. = 0.0373922
----- Add fac. cuts : CAP(9) R1C(151), max.viol = 0.156225, aver.viol = 0.040408, sep/add took 0.839092/0.160115 sec. -----
3995 columns (3995 active), 506 dyn. constrs. (300 active), 1644 art. vars. (420 active)
<DWph=2> <it=  1> <et=18.06> <Mt= 0.06> <Spt= 0.01> <nCl=  1> <al=0.50> <DB= 1353.3854> <Mlp= 1353.5454> <PB=1370.1> 
<DWph=2> <it=  2> <et=18.08> <Mt= 0.01> <Spt= 0.01> <nCl=  8> <al=0.40> <DB= 1277.8214> <Mlp= 1353.5430> <PB=1370.1> 
<DWph=2> <it=  3> <et=18.15> <Mt= 0.07> <Spt= 0.01> <nCl=  3> <al=0.46> <DB= 1353.4611> <Mlp= 1353.5255> <PB=1370.1> 
<DWph=2> <it=  4> <et=18.17> <Mt= 0.00> <Spt= 0.01> <nCl=  2> <al=0.00> <DB= 1353.5255> <Mlp= 1353.5255> <PB=1370.1> 
<DWph=1> <it=  5> <et=18.19> <Mt= 0.00> <Spt= 0.02> <nCl= 12> <al=0.26> <DB= 1262.0882> <Mlp= 1353.5255> <PB=1370.1> 
<DWph=1> <it=  6> <et=18.36> <Mt= 0.15> <Spt= 0.02> <nCl=  4> <al=0.00> <DB= 1350.8005> <Mlp= 1353.5003> <PB=1370.1> 
<DWph=1> <it=  7> <et=18.38> <Mt= 0.00> <Spt= 0.02> <nCl=  2> <al=0.00> <DB= 1353.5003> <Mlp= 1353.5003> <PB=1370.1> 
    RCSP exact solver info for graph G_1 : TT = 0.037835, pt = 0.001112, dt = 0.028035, ct = 0.008207, ndl = 7', bdl = 38', odl = 2', odf = 31', bsi = 1', cnt = 109', bdch = 633', odch = 132', lcp = 94', #sols = 150
<DWph=0> <it=  8> <et=18.43> <Mt= 0.01> <Spt= 0.05> <nCl= 52> <al=0.13> <DB= 1310.7082> <Mlp= 1353.5003> <PB=1370.1> 
    RCSP exact solver info for graph G_1 : TT = 0.040891, pt = 0.001457, dt = 0.030226, ct = 0.008685, ndl = 7', bdl = 38', odl = 2', odf = 31', bsi = 1', cnt = 108', bdch = 644', odch = 130', lcp = 96', #sols = 150
<DWph=0> <it=  9> <et=18.57> <Mt= 0.08> <Spt= 0.04> <nCl= 12> <al=0.03> <DB= 1326.5346> <Mlp= 1353.4725> <PB=1370.1> 
    RCSP exact solver info for graph G_1 : TT = 0.041063, pt = 0.001385, dt = 0.030271, ct = 0.008894, ndl = 7', bdl = 39', odl = 2', odf = 31', bsi = 1', cnt = 113', bdch = 650', odch = 130', lcp = 96', #sols = 150
<DWph=0> <it= 10> <et=18.62> <Mt= 0.01> <Spt= 0.05> <nCl=  5> <al=0.13> <DB= 1340.5666> <Mlp= 1353.4724> <PB=1370.1> 
    RCSP exact solver info for graph G_1 : TT = 0.043052, pt = 0.001437, dt = 0.031785, ct = 0.009322, ndl = 7', bdl = 41', odl = 2', odf = 32', bsi = 1', cnt = 120', bdch = 707', odch = 147', lcp = 106', #sols = 150
    RCSP exact solver info for graph G_1 : TT = 0.039474, pt = 0.001168, dt = 0.0295, ct = 0.008312, ndl = 7', bdl = 41', odl = 2', odf = 32', bsi = 1', cnt = 113', bdch = 697', odch = 144', lcp = 104', #sols = 150
<DWph=0> <it= 11> <et=18.72> <Mt= 0.00> <Spt= 0.09> <nCl= 11> <al=0.00> <DB= 1353.4724> <Mlp= 1353.4724> <PB=1370.1> 
Dynamic params and stats :  aver.obdmd = 23.2623 aver.buck.num. = 26 nbR1C = 118 with avMem = 8.89831
@@ 1 12 1353.47 0.0386474 0.041107 27.6062 18.72
    Full reduced cost fixing is not called (gap ratio is 0.985272)
ColGenEvalAlg final dual bound: 1353.47 (rounded: 1354)
Gap improvement since the last cut separation : 0.0146409 (1353.23)
Cut generation tailing off counter increased to 1
Current active cuts : CAP(30,601.129) R1C(11+107,108.611) 1rowPackR1C(11) 3rowPackR1C(47) 4rowPackR1C(21) 5rowPackR1C(39)
Shrinking heuristic shrunk 9 edges
In total 1 RCC cut(s) are found by the greedy construction heuristic 
In total 7 RCC cut(s) are found by the global pool greedy search heuristic 
18 Rank-1 3-rows pack. cuts added ,  max viol. = 0.14617, aver. viol. = 0.0457659
Building structures for heuristic rank-1 packing cut separation...done!
46 Rank-1 4-rows pack. cuts added ,  max viol. = 0.161795, aver. viol. = 0.0505046
100 Rank-1 5-rows pack. cuts added ,  max viol. = 0.161795, aver. viol. = 0.0922479
----- Add fac. cuts : CAP(8) R1C(164), max.viol = 0.228758, aver.viol = 0.0874992, sep/add took 0.660081/0.182041 sec. -----
4107 columns (4107 active), 472 dyn. constrs. (330 active), 1816 art. vars. (450 active)
<DWph=2> <it=  1> <et=19.69> <Mt= 0.07> <Spt= 0.02> <nCl=  5> <al=0.00> <DB= 1353.6697> <Mlp= 1353.6697> <PB=1370.1> 
<DWph=1> <it=  2> <et=19.70> <Mt= 0.00> <Spt= 0.01> <nCl=  4> <al=0.40> <DB= 1285.4150> <Mlp= 1353.6697> <PB=1370.1> 
<DWph=1> <it=  3> <et=19.73> <Mt= 0.00> <Spt= 0.03> <nCl=  2> <al=0.00> <DB= 1351.0368> <Mlp= 1353.6697> <PB=1370.1> 
<DWph=1> <it=  4> <et=19.76> <Mt= 0.01> <Spt= 0.02> <nCl=  1> <al=0.00> <DB= 1353.6697> <Mlp= 1353.6697> <PB=1370.1> 
    RCSP exact solver info for graph G_1 : TT = 0.041772, pt = 0.001155, dt = 0.030797, ct = 0.009354, ndl = 8', bdl = 42', odl = 2', odf = 33', bsi = 1', cnt = 140', bdch = 724', odch = 152', lcp = 110', #sols = 150
<DWph=0> <it=  5> <et=19.81> <Mt= 0.00> <Spt= 0.05> <nCl= 44> <al=0.26> <DB= 1309.6111> <Mlp= 1353.6697> <PB=1370.1> 
    RCSP exact solver info for graph G_1 : TT = 0.042312, pt = 0.00127, dt = 0.031132, ct = 0.009395, ndl = 8', bdl = 41', odl = 2', odf = 33', bsi = 1', cnt = 138', bdch = 719', odch = 149', lcp = 109', #sols = 150
<DWph=0> <it=  6> <et=19.88> <Mt= 0.02> <Spt= 0.05> <nCl= 19> <al=0.16> <DB= 1346.6126> <Mlp= 1353.6605> <PB=1370.1> 
    RCSP exact solver info for graph G_1 : TT = 0.043756, pt = 0.001269, dt = 0.031971, ct = 0.009999, ndl = 8', bdl = 42', odl = 2', odf = 34', bsi = 1', cnt = 152', bdch = 759', odch = 159', lcp = 115', #sols = 150
<DWph=0> <it=  7> <et=19.93> <Mt= 0.00> <Spt= 0.05> <nCl= 11> <al=0.06> <DB= 1352.9789> <Mlp= 1353.6604> <PB=1370.1> 
    RCSP exact solver info for graph G_1 : TT = 0.043555, pt = 0.001264, dt = 0.031751, ct = 0.010026, ndl = 8', bdl = 42', odl = 2', odf = 34', bsi = 1', cnt = 153', bdch = 738', odch = 160', lcp = 113', #sols = 150
    RCSP exact solver info for graph G_1 : TT = 0.043258, pt = 0.001159, dt = 0.031906, ct = 0.009729, ndl = 8', bdl = 43', odl = 2', odf = 35', bsi = 1', cnt = 148', bdch = 784', odch = 169', lcp = 119', #sols = 150
<DWph=0> <it=  8> <et=20.03> <Mt= 0.01> <Spt= 0.09> <nCl= 13> <al=0.00> <DB= 1353.6604> <Mlp= 1353.6604> <PB=1370.1> 
Dynamic params and stats :  aver.obdmd = 23.2623 aver.buck.num. = 26 nbR1C = 118 with avMem = 8.79661
@@ 1 13 1353.66 0.041212 0.04197 27.6062 20.03
    Full reduced cost fixing is not called (gap ratio is 0.974066)
ColGenEvalAlg final dual bound: 1353.66 (rounded: 1354)
Gap improvement since the last cut separation : 0.011305 (1353.47)
Cut generation tailing off counter increased to 2
Current active cuts : CAP(26,565.256) R1C(11+107,117.055) 1rowPackR1C(11) 3rowPackR1C(44) 4rowPackR1C(30) 5rowPackR1C(33)
Shrinking heuristic shrunk 4 edges
In total 3 RCC cut(s) are found by the greedy construction heuristic 
In total 4 RCC cut(s) are found by the global pool greedy search heuristic 
9 Rank-1 3-rows pack. cuts added ,  max viol. = 0.0406371, aver. viol. = 0.025426
Building structures for heuristic rank-1 packing cut separation...done!
35 Rank-1 4-rows pack. cuts added ,  max viol. = 0.0621177, aver. viol. = 0.0289785
100 Rank-1 5-rows pack. cuts added ,  max viol. = 0.0762659, aver. viol. = 0.0408955
----- Add fac. cuts : CAP(7) R1C(144), max.viol = 0.154675, aver.viol = 0.0470766, sep/add took 0.959014/0.166667 sec. -----
4206 columns (4206 active), 481 dyn. constrs. (308 active), 1967 art. vars. (428 active)
<DWph=2> <it=  1> <et=21.26> <Mt= 0.06> <Spt= 0.01> <nCl=  8> <al=0.50> <DB= 1325.6967> <Mlp= 1354.0434> <PB=1370.1> 
<DWph=2> <it=  2> <et=21.30> <Mt= 0.02> <Spt= 0.02> <nCl=  6> <al=0.10> <DB= 1317.5275> <Mlp= 1354.0199> <PB=1370.1> 
<DWph=2> <it=  3> <et=21.33> <Mt= 0.02> <Spt= 0.01> <nCl=  3> <al=0.45> <DB= 1353.9301> <Mlp= 1354.0183> <PB=1370.1> 
<DWph=2> <it=  4> <et=21.34> <Mt= 0.00> <Spt= 0.01> <nCl=  1> <al=0.35> <DB= 1344.6304> <Mlp= 1354.0181> <PB=1370.1> 
<DWph=2> <it=  5> <et=21.36> <Mt= 0.01> <Spt= 0.01> <nCl=  5> <al=0.00> <DB= 1352.0285> <Mlp= 1354.0181> <PB=1370.1> 
<DWph=2> <it=  6> <et=21.37> <Mt= 0.00> <Spt= 0.00> <nCl=  0> <al=0.32> <DB= 1353.6604> <Mlp= 1354.0000> <PB=1354> 
ColGenEvalAlg final dual bound: 1353.66 (rounded: 1354)
Gap improvement since the last cut separation : 1 (1353.66)
Current active cuts : CAP(25,503.968) R1C(10+116,128.838) 1rowPackR1C(10) 3rowPackR1C(40) 4rowPackR1C(27) 5rowPackR1C(49)
New model incumbent solution 1354, TIME = 0h0m21s40t = 2140
************************************************************************************************
Search is finished, global bounds : [ 1354 , 1354 ], TIME = 0h0m21s40t = 2140
************************************************************************************************
Built-in heuristic is enabled
instance_name solver_name ext_heuristic solution_value solution_time best_lb root_lb root_time nb_branch_and_bound_nodes status
/home/logis/Downloads/VRPSolverEasy/VRPSolverEasy/demos/data/CVRP/A-n60-k9 CPLEX False 1353.9999999999964 21.403489147000002 1354.0 1354.0 21.402282378 1 0

