Node memory for rank-1 cuts will be used (6.97385)
~~~~~~~~~~~~~~~~~~~~~~~~~~~~~~~~~~~~~~~~~~~~~~~~~~~~~~~~~~~~~~~~~~~~~~~~~~~~~~~~~~~~~
VRPSolver v0.5.27, 24/02/2023, © Inria Bordeaux, France, vrpsolver.math.u-bordeaux.fr
      Corresponds to the solver by Pessoa, Sadykov, Uchoa and Vanderbeck (2020)
                 Paper: dx.doi.org/10.1007/s10107-020-01523-z
~~~~~~~~~~~~~~~~~~~~~~~~~~~~~~~~~~~~~~~~~~~~~~~~~~~~~~~~~~~~~~~~~~~~~~~~~~~~~~~~~~~~~
   BaPCod v0.77, 15/03/2023, © Inria Bordeaux, France, bapcod.math.u-bordeaux.fr 
           THIS CODE IS PROVIDED AS IS, USE IT AT YOUR OWN RISK
~~~~~~~~~~~~~~~~~~~~~~~~~~~~~~~~~~~~~~~~~~~~~~~~~~~~~~~~~~~~~~~~~~~~~~~~~~~~~~~~~~~~~
Bucket steps were recalculated for graph G_1 : [4]
RCSP solver info : symmetric case is detected for graph G_1! 
Bidirectional border value is initialised to 50
RCSP solver info : number of forw. reachable buckets / buck. strongly connected components is 1406( 93.2361% ) / 1206( 85.7752% )
Generating neighbourhoods for rank-1 cuts separation
Building structures for 4- and 5-row rank-1 packing cut separation...done!
Model is built TIME = 0h0m0s4t = 4
************************************************************************************************
**** BaB tree root node
**** Local DB = -1e+12, global bounds : [ -1e+12 , 1636.1 ], TIME = 0h0m0s4t = 4
**** 1 open nodes, 0 columns (0 active), 0 dyn. constrs. (0 active), 114 art. vars. (114 active)
************************************************************************************************
#<DWph=2> <it=  1> <et=0.04> <Mt= 0.00> <Spt= 0.00> <nCl= 30> <al=0.00> <DB=-10842953.1600> <Mlp=237561.7200> <PB=1636.1> 
#<DWph=2> <it=  2> <et=0.05> <Mt= 0.00> <Spt= 0.00> <nCl= 30> <al=0.55> <DB=-5807924.9751> <Mlp=229509.2420> <PB=1636.1> 
#<DWph=2> <it=  3> <et=0.05> <Mt= 0.00> <Spt= 0.01> <nCl= 30> <al=0.45> <DB=-10709216.1761> <Mlp=229312.0440> <PB=1636.1> 
#<DWph=2> <it=  4> <et=0.05> <Mt= 0.00> <Spt= 0.00> <nCl= 30> <al=0.35> <DB=-10597479.7281> <Mlp=221447.5640> <PB=1636.1> 
#<DWph=2> <it=  5> <et=0.06> <Mt= 0.00> <Spt= 0.00> <nCl= 30> <al=0.25> <DB=-8792730.8851> <Mlp=220930.3447> <PB=1636.1> 
#<DWph=2> <it=  6> <et=0.06> <Mt= 0.00> <Spt= 0.01> <nCl= 30> <al=0.33> <DB=-5148021.8295> <Mlp=217453.8036> <PB=1636.1> 
#<DWph=2> <it=  7> <et=0.07> <Mt= 0.00> <Spt= 0.00> <nCl= 30> <al=0.23> <DB=-3859566.6218> <Mlp=204272.4502> <PB=1636.1> 
#<DWph=2> <it=  8> <et=0.07> <Mt= 0.00> <Spt= 0.00> <nCl= 30> <al=0.13> <DB=-3449328.5434> <Mlp=202513.6331> <PB=1636.1> 
#<DWph=2> <it=  9> <et=0.07> <Mt= 0.00> <Spt= 0.01> <nCl= 30> <al=0.21> <DB=-3182097.1609> <Mlp=198165.9817> <PB=1636.1> 
#<DWph=2> <it= 10> <et=0.08> <Mt= 0.00> <Spt= 0.00> <nCl= 30> <al=0.29> <DB=-2721291.3257> <Mlp=189255.4608> <PB=1636.1> 
#<DWph=2> <it= 11> <et=0.08> <Mt= 0.00> <Spt= 0.00> <nCl= 30> <al=0.36> <DB=-2272859.6734> <Mlp=175185.6033> <PB=1636.1> 
#<DWph=2> <it= 12> <et=0.08> <Mt= 0.00> <Spt= 0.01> <nCl= 30> <al=0.43> <DB=-2041711.7023> <Mlp=162230.2405> <PB=1636.1> 
#<DWph=2> <it= 13> <et=0.09> <Mt= 0.00> <Spt= 0.00> <nCl= 30> <al=0.48> <DB=-1632619.5846> <Mlp=154231.5099> <PB=1636.1> 
#<DWph=2> <it= 14> <et=0.09> <Mt= 0.00> <Spt= 0.00> <nCl= 30> <al=0.53> <DB=-1414532.6827> <Mlp=135565.3488> <PB=1636.1> 
#<DWph=2> <it= 15> <et=0.09> <Mt= 0.00> <Spt= 0.01> <nCl= 30> <al=0.58> <DB=-1263069.7855> <Mlp=126578.7144> <PB=1636.1> 
#<DWph=2> <it= 16> <et=0.10> <Mt= 0.00> <Spt= 0.00> <nCl= 30> <al=0.62> <DB=-1215294.4556> <Mlp=118712.9627> <PB=1636.1> 
#<DWph=2> <it= 17> <et=0.10> <Mt= 0.00> <Spt= 0.00> <nCl= 30> <al=0.66> <DB=-1217589.7075> <Mlp=101189.7592> <PB=1636.1> 
#<DWph=2> <it= 18> <et=0.10> <Mt= 0.00> <Spt= 0.00> <nCl= 30> <al=0.69> <DB=-1067125.9384> <Mlp=89171.8414> <PB=1636.1> 
#<DWph=2> <it= 19> <et=0.11> <Mt= 0.00> <Spt= 0.01> <nCl= 30> <al=0.73> <DB=-1016452.2146> <Mlp=56365.8640> <PB=1636.1> 
#<DWph=2> <it= 20> <et=0.11> <Mt= 0.00> <Spt= 0.00> <nCl= 30> <al=0.75> <DB=-969259.5325> <Mlp=44980.3355> <PB=1636.1> 
#<DWph=2> <it= 21> <et=0.12> <Mt= 0.00> <Spt= 0.00> <nCl= 30> <al=0.65> <DB=-853138.3641> <Mlp=29812.4944> <PB=1636.1> 
#<DWph=2> <it= 22> <et=0.12> <Mt= 0.00> <Spt= 0.01> <nCl= 30> <al=0.69> <DB=-797983.3435> <Mlp= 5393.1832> <PB=1636.1> 
#<DWph=2> <it= 23> <et=0.13> <Mt= 0.01> <Spt= 0.01> <nCl= 34> <al=0.00> <DB=-14079.3232> <Mlp= 4313.5472> <PB=1636.1> 
#<DWph=2> <it= 24> <et=0.13> <Mt= 0.00> <Spt= 0.00> <nCl= 30> <al=0.62> <DB=-12508.0286> <Mlp= 4227.8482> <PB=1636.1> 
<DWph=2> <it= 25> <et=0.14> <Mt= 0.00> <Spt= 0.00> <nCl= 30> <al=0.66> <DB=-11152.1796> <Mlp= 2574.2952> <PB=1636.1> 
<DWph=2> <it= 26> <et=0.14> <Mt= 0.00> <Spt= 0.00> <nCl= 30> <al=0.69> <DB=-11362.3758> <Mlp= 2510.9312> <PB=1636.1> 
<DWph=2> <it= 27> <et=0.15> <Mt= 0.00> <Spt= 0.01> <nCl= 30> <al=0.72> <DB=-5235.3853> <Mlp= 2473.4937> <PB=1636.1> 
<DWph=2> <it= 28> <et=0.15> <Mt= 0.00> <Spt= 0.00> <nCl= 30> <al=0.62> <DB=-2450.2629> <Mlp= 2468.5465> <PB=1636.1> 
<DWph=2> <it= 29> <et=0.15> <Mt= 0.00> <Spt= 0.00> <nCl= 30> <al=0.66> <DB=-2025.0412> <Mlp= 2449.4980> <PB=1636.1> 
<DWph=2> <it= 30> <et=0.16> <Mt= 0.00> <Spt= 0.01> <nCl= 30> <al=0.69> <DB=-4307.1892> <Mlp= 2371.9958> <PB=1636.1> 
<DWph=2> <it= 31> <et=0.16> <Mt= 0.00> <Spt= 0.00> <nCl= 30> <al=0.72> <DB=-2170.7779> <Mlp= 2319.5162> <PB=1636.1> 
<DWph=2> <it= 32> <et=0.17> <Mt= 0.00> <Spt= 0.00> <nCl= 30> <al=0.75> <DB=-1383.4579> <Mlp= 2269.1629> <PB=1636.1> 
<DWph=2> <it= 33> <et=0.17> <Mt= 0.00> <Spt= 0.01> <nCl= 30> <al=0.78> <DB= -349.5076> <Mlp= 2241.4113> <PB=1636.1> 
<DWph=2> <it= 34> <et=0.18> <Mt= 0.01> <Spt= 0.00> <nCl= 30> <al=0.80> <DB=  214.3576> <Mlp= 2200.5051> <PB=1636.1> 
<DWph=2> <it= 35> <et=0.18> <Mt= 0.00> <Spt= 0.00> <nCl= 30> <al=0.82> <DB=-1108.1711> <Mlp= 2103.3294> <PB=1636.1> 
<DWph=2> <it= 36> <et=0.19> <Mt= 0.00> <Spt= 0.01> <nCl= 29> <al=0.84> <DB=  570.0047> <Mlp= 2047.6715> <PB=1636.1> 
<DWph=2> <it= 37> <et=0.19> <Mt= 0.00> <Spt= 0.00> <nCl= 28> <al=0.85> <DB=  766.7381> <Mlp= 1992.6593> <PB=1636.1> 
<DWph=2> <it= 38> <et=0.19> <Mt= 0.00> <Spt= 0.00> <nCl= 30> <al=0.75> <DB=  955.7128> <Mlp= 1978.7904> <PB=1636.1> 
<DWph=2> <it= 39> <et=0.20> <Mt= 0.00> <Spt= 0.01> <nCl= 30> <al=0.65> <DB= 1125.7503> <Mlp= 1950.0135> <PB=1636.1> 
<DWph=2> <it= 40> <et=0.20> <Mt= 0.00> <Spt= 0.00> <nCl= 30> <al=0.69> <DB= 1051.6442> <Mlp= 1867.2636> <PB=1636.1> 
<DWph=2> <it= 41> <et=0.21> <Mt= 0.01> <Spt= 0.00> <nCl= 30> <al=0.72> <DB= 1325.9952> <Mlp= 1824.3716> <PB=1636.1> 
<DWph=2> <it= 42> <et=0.21> <Mt= 0.00> <Spt= 0.01> <nCl= 30> <al=0.62> <DB= 1366.8031> <Mlp= 1795.4507> <PB=1636.1> 
<DWph=2> <it= 43> <et=0.22> <Mt= 0.00> <Spt= 0.00> <nCl= 29> <al=0.66> <DB= 1420.4058> <Mlp= 1742.3546> <PB=1636.1> 
<DWph=2> <it= 44> <et=0.22> <Mt= 0.00> <Spt= 0.00> <nCl= 30> <al=0.69> <DB= 1400.9914> <Mlp= 1693.9285> <PB=1636.1> 
<DWph=2> <it= 45> <et=0.23> <Mt= 0.00> <Spt= 0.00> <nCl= 30> <al=0.72> <DB= 1425.5203> <Mlp= 1671.9130> <PB=1636.1> 
<DWph=2> <it= 46> <et=0.23> <Mt= 0.00> <Spt= 0.01> <nCl= 28> <al=0.75> <DB= 1481.7073> <Mlp= 1650.5389> <PB=1636.1> 
<DWph=2> <it= 47> <et=0.23> <Mt= 0.00> <Spt= 0.00> <nCl= 29> <al=0.65> <DB= 1469.6370> <Mlp= 1625.7574> <PB=1636.1> 
<DWph=2> <it= 48> <et=0.24> <Mt= 0.00> <Spt= 0.00> <nCl= 24> <al=0.69> <DB= 1493.9626> <Mlp= 1618.3875> <PB=1636.1> 
<DWph=2> <it= 49> <et=0.24> <Mt= 0.00> <Spt= 0.01> <nCl= 26> <al=0.72> <DB= 1509.6274> <Mlp= 1612.8119> <PB=1636.1> 
<DWph=2> <it= 50> <et=0.25> <Mt= 0.01> <Spt= 0.00> <nCl= 26> <al=0.62> <DB= 1533.3705> <Mlp= 1603.2546> <PB=1636.1> 
<DWph=2> <it= 51> <et=0.25> <Mt= 0.00> <Spt= 0.00> <nCl= 26> <al=0.66> <DB= 1530.6069> <Mlp= 1593.9588> <PB=1636.1> 
<DWph=2> <it= 52> <et=0.26> <Mt= 0.00> <Spt= 0.01> <nCl= 22> <al=0.69> <DB= 1549.6300> <Mlp= 1585.7465> <PB=1636.1> 
<DWph=2> <it= 53> <et=0.26> <Mt= 0.00> <Spt= 0.00> <nCl= 22> <al=0.59> <DB= 1517.2384> <Mlp= 1582.9769> <PB=1636.1> 
<DWph=2> <it= 54> <et=0.26> <Mt= 0.00> <Spt= 0.00> <nCl= 15> <al=0.49> <DB= 1548.4752> <Mlp= 1580.2632> <PB=1636.1> 
<DWph=2> <it= 55> <et=0.27> <Mt= 0.00> <Spt= 0.01> <nCl= 17> <al=0.39> <DB= 1552.0611> <Mlp= 1578.6185> <PB=1636.1> 
<DWph=2> <it= 56> <et=0.27> <Mt= 0.00> <Spt= 0.00> <nCl= 19> <al=0.45> <DB= 1563.2092> <Mlp= 1577.5997> <PB=1636.1> 
<DWph=2> <it= 57> <et=0.27> <Mt= 0.00> <Spt= 0.00> <nCl= 10> <al=0.51> <DB= 1550.1833> <Mlp= 1576.9866> <PB=1636.1> 
<DWph=2> <it= 58> <et=0.28> <Mt= 0.00> <Spt= 0.01> <nCl=  8> <al=0.11> <DB= 1569.5363> <Mlp= 1576.2234> <PB=1636.1> 
<DWph=2> <it= 59> <et=0.29> <Mt= 0.00> <Spt= 0.00> <nCl= 17> <al=0.00> <DB= 1559.2127> <Mlp= 1576.1841> <PB=1636.1> 
<DWph=2> <it= 60> <et=0.29> <Mt= 0.00> <Spt= 0.01> <nCl= 11> <al=0.00> <DB= 1567.0139> <Mlp= 1576.0139> <PB=1636.1> 
<DWph=2> <it= 61> <et=0.30> <Mt= 0.00> <Spt= 0.00> <nCl=  4> <al=0.25> <DB= 1574.2558> <Mlp= 1576.0139> <PB=1636.1> 
<DWph=2> <it= 62> <et=0.30> <Mt= 0.00> <Spt= 0.01> <nCl=  3> <al=0.00> <DB= 1576.0139> <Mlp= 1576.0139> <PB=1636.1> 
<DWph=1> <it= 63> <et=0.31> <Mt= 0.00> <Spt= 0.00> <nCl= 20> <al=0.23> <DB= 1525.6139> <Mlp= 1576.0139> <PB=1636.1> 
<DWph=1> <it= 64> <et=0.31> <Mt= 0.00> <Spt= 0.01> <nCl= 18> <al=0.31> <DB= 1545.8342> <Mlp= 1573.8157> <PB=1636.1> 
<DWph=1> <it= 65> <et=0.32> <Mt= 0.00> <Spt= 0.00> <nCl=  4> <al=0.21> <DB= 1568.7876> <Mlp= 1572.8085> <PB=1636.1> 
<DWph=1> <it= 66> <et=0.33> <Mt= 0.01> <Spt= 0.01> <nCl=  3> <al=0.11> <DB= 1570.0583> <Mlp= 1572.7968> <PB=1636.1> 
<DWph=1> <it= 67> <et=0.34> <Mt= 0.00> <Spt= 0.01> <nCl=  9> <al=0.00> <DB= 1531.5468> <Mlp= 1572.7968> <PB=1636.1> 
<DWph=1> <it= 68> <et=0.34> <Mt= 0.00> <Spt= 0.01> <nCl=  5> <al=0.10> <DB= 1566.5845> <Mlp= 1572.7747> <PB=1636.1> 
<DWph=1> <it= 69> <et=0.35> <Mt= 0.00> <Spt= 0.00> <nCl=  9> <al=0.19> <DB= 1567.6386> <Mlp= 1572.6432> <PB=1636.1> 
<DWph=1> <it= 70> <et=0.36> <Mt= 0.00> <Spt= 0.01> <nCl=  4> <al=0.27> <DB= 1571.2764> <Mlp= 1572.3802> <PB=1636.1> 
<DWph=1> <it= 71> <et=0.37> <Mt= 0.00> <Spt= 0.01> <nCl=  5> <al=0.00> <DB= 1572.3802> <Mlp= 1572.3802> <PB=1636.1> 
    RCSP exact solver info for graph G_1 : TT = 0.010593, pt = 1.2e-05, dt = 0.008943, ct = 0.001359, ndl = 2', bdl = 61', odl = 2', odf = 19', bsi = 1', cnt = 11', bdch = 447', odch = 29', lcp = 21', #sols = 150
<DWph=0> <it= 72> <et=0.38> <Mt= 0.00> <Spt= 0.01> <nCl= 87> <al=0.24> <DB= 1551.7033> <Mlp= 1572.3802> <PB=1636.1> 
    RCSP exact solver info for graph G_1 : TT = 0.008299, pt = 2.3e-05, dt = 0.006636, ct = 0.001366, ndl = 2', bdl = 61', odl = 2', odf = 19', bsi = 1', cnt = 12', bdch = 444', odch = 30', lcp = 21', #sols = 150
    RCSP exact solver info for graph G_1 : TT = 0.007453, pt = 2e-05, dt = 0.005972, ct = 0.001215, ndl = 2', bdl = 55', odl = 2', odf = 17', bsi = 1', cnt = 10', bdch = 374', odch = 25', lcp = 17', #sols = 150
<DWph=0> <it= 73> <et=0.40> <Mt= 0.00> <Spt= 0.02> <nCl= 50> <al=0.00> <DB= 1571.9937> <Mlp= 1571.9937> <PB=1636.1> 
Dynamic params and stats :  aver.obdmd = 23.2586 aver.buck.num. = 26
@@ 1 0 1571.99 0.008497 0.010302 83.7811 0.4
Labels distribution in buckets (bucket size) : largest - 33, top 0.1% - 33, top 0.5% - 25, top 2% - 19, top 10% - 10, top 50% - 2
Reduced cost fixing for graph G_1... 53397 buck. arcs remain (82.5% from prev., 69.1% from max.) + 3649 jump buck. arcs (4.72% from max.)
 TT = 0.085552, pt = 0.005173, dt = 0.044409, ct = 0.035844, ndl = 15', bdl = 416', odl = 5', odf = 83', lpcb = 182', cnt = 713', bdch = 7063', odch = 378', lcp = 327'
Labels distribution in buckets (bucket size) : largest - 33, top 0.1% - 33, top 0.5% - 28, top 2% - 21, top 10% - 11, top 50% - 2
Run forward enumeration with border = 50... not succeeded (ratio 0.960923) lpt = 0.008665, ndl = 12', dl = 0', lpcb = 11', dch = 21'
 TT = 0.011614, pt = 0.001979, dt = 0.008665, ct = 0, ndl = 12', bdl = 0', lpcb = 11', cnt = 50', bdch = 21', odch = 0', lcp = 0'
ColGenEvalAlg final dual bound: 1571.99 (rounded: 1572)
In total 7 RCC cut(s) are found by the connected components heuristic 
Shrinking heuristic shrunk 17 edges
In total 23 RCC cut(s) are found by the Fractional capacity min-cut heuristic 
In total 80 RCC cut(s) are found by the greedy construction heuristic 
----- Add fac. cuts : CAP(100), max.viol = 0.586979, aver.viol = 0.27599, sep/add took 0.00826148/0.0559843 sec. -----
1871 columns (1871 active), 100 dyn. constrs. (100 active), 214 art. vars. (214 active)
<DWph=2> <it=  1> <et=0.57> <Mt= 0.00> <Spt= 0.00> <nCl= 20> <al=0.50> <DB= 1541.2469> <Mlp= 1598.2351> <PB=1636.1> 
<DWph=2> <it=  2> <et=0.58> <Mt= 0.01> <Spt= 0.01> <nCl= 10> <al=0.55> <DB= 1571.1802> <Mlp= 1588.1828> <PB=1636.1> 
<DWph=2> <it=  3> <et=0.59> <Mt= 0.00> <Spt= 0.00> <nCl=  9> <al=0.60> <DB= 1577.9194> <Mlp= 1586.6250> <PB=1636.1> 
<DWph=2> <it=  4> <et=0.59> <Mt= 0.00> <Spt= 0.01> <nCl= 13> <al=0.50> <DB= 1543.2633> <Mlp= 1586.6250> <PB=1636.1> 
<DWph=2> <it=  5> <et=0.60> <Mt= 0.00> <Spt= 0.00> <nCl=  7> <al=0.55> <DB= 1569.9723> <Mlp= 1586.6003> <PB=1636.1> 
<DWph=2> <it=  6> <et=0.60> <Mt= 0.00> <Spt= 0.00> <nCl=  3> <al=0.59> <DB= 1581.4485> <Mlp= 1586.5469> <PB=1636.1> 
<DWph=2> <it=  7> <et=0.61> <Mt= 0.00> <Spt= 0.01> <nCl=  5> <al=0.49> <DB= 1581.2529> <Mlp= 1586.5361> <PB=1636.1> 
<DWph=2> <it=  8> <et=0.61> <Mt= 0.01> <Spt= 0.00> <nCl=  4> <al=0.54> <DB= 1583.5939> <Mlp= 1586.1313> <PB=1636.1> 
<DWph=2> <it=  9> <et=0.62> <Mt= 0.00> <Spt= 0.01> <nCl=  7> <al=0.44> <DB= 1568.0516> <Mlp= 1586.1313> <PB=1636.1> 
<DWph=2> <it= 10> <et=0.62> <Mt= 0.00> <Spt= 0.00> <nCl=  6> <al=0.50> <DB= 1584.4029> <Mlp= 1586.0484> <PB=1636.1> 
<DWph=2> <it= 11> <et=0.63> <Mt= 0.00> <Spt= 0.00> <nCl=  6> <al=0.55> <DB= 1583.9253> <Mlp= 1585.8428> <PB=1636.1> 
<DWph=2> <it= 12> <et=0.64> <Mt= 0.00> <Spt= 0.01> <nCl=  3> <al=0.19> <DB= 1584.2177> <Mlp= 1585.7215> <PB=1636.1> 
<DWph=2> <it= 13> <et=0.65> <Mt= 0.00> <Spt= 0.01> <nCl=  8> <al=0.00> <DB= 1567.7215> <Mlp= 1585.7215> <PB=1636.1> 
<DWph=2> <it= 14> <et=0.65> <Mt= 0.01> <Spt= 0.00> <nCl=  2> <al=0.39> <DB= 1579.2239> <Mlp= 1585.5802> <PB=1636.1> 
<DWph=2> <it= 15> <et=0.66> <Mt= 0.00> <Spt= 0.00> <nCl=  1> <al=0.45> <DB= 1581.5112> <Mlp= 1585.5237> <PB=1636.1> 
<DWph=2> <it= 16> <et=0.67> <Mt= 0.00> <Spt= 0.01> <nCl=  3> <al=0.00> <DB= 1585.4842> <Mlp= 1585.4842> <PB=1636.1> 
<DWph=1> <it= 17> <et=0.68> <Mt= 0.00> <Spt= 0.01> <nCl=  5> <al=0.41> <DB= 1567.4842> <Mlp= 1585.4842> <PB=1636.1> 
<DWph=1> <it= 18> <et=0.69> <Mt= 0.00> <Spt= 0.01> <nCl=  2> <al=0.31> <DB= 1579.9070> <Mlp= 1585.4472> <PB=1636.1> 
<DWph=1> <it= 19> <et=0.69> <Mt= 0.00> <Spt= 0.00> <nCl=  2> <al=0.21> <DB= 1583.6150> <Mlp= 1585.4410> <PB=1636.1> 
<DWph=1> <it= 20> <et=0.70> <Mt= 0.00> <Spt= 0.01> <nCl=  0> <al=0.00> <DB= 1585.4316> <Mlp= 1585.4316> <PB=1636.1> 
    RCSP exact solver info for graph G_1 : TT = 0.00721, pt = 1.1e-05, dt = 0.005614, ct = 0.001302, ndl = 2', bdl = 45', odl = 2', odf = 17', bsi = 1', cnt = 5', bdch = 306', odch = 20', lcp = 19', #sols = 150
<DWph=0> <it= 21> <et=0.72> <Mt= 0.00> <Spt= 0.01> <nCl= 44> <al=0.19> <DB= 1584.5054> <Mlp= 1585.4316> <PB=1636.1> 
    RCSP exact solver info for graph G_1 : TT = 0.007298, pt = 2.3e-05, dt = 0.005673, ct = 0.001324, ndl = 2', bdl = 46', odl = 2', odf = 17', bsi = 1', cnt = 5', bdch = 315', odch = 20', lcp = 19', #sols = 150
    RCSP exact solver info for graph G_1 : TT = 0.007083, pt = 2e-05, dt = 0.005515, ct = 0.001285, ndl = 2', bdl = 45', odl = 2', odf = 17', bsi = 1', cnt = 5', bdch = 303', odch = 20', lcp = 18', #sols = 150
<DWph=0> <it= 22> <et=0.74> <Mt= 0.01> <Spt= 0.02> <nCl= 19> <al=0.00> <DB= 1585.4308> <Mlp= 1585.4308> <PB=1636.1> 
Dynamic params and stats :  aver.obdmd = 23.2586 aver.buck.num. = 26
@@ 1 1 1585.43 0.00690433 0.006997 69.0955 0.74
Labels distribution in buckets (bucket size) : largest - 34, top 0.1% - 34, top 0.5% - 30, top 2% - 24, top 10% - 11, top 50% - 2
Reduced cost fixing for graph G_1... 48229 buck. arcs remain (90.3% from prev., 62.4% from max.) + 5666 jump buck. arcs (7.33% from max.)
 TT = 0.073838, pt = 0.005222, dt = 0.036928, ct = 0.031553, ndl = 15', bdl = 394', odl = 4', odf = 72', lpcb = 105', cnt = 618', bdch = 5751', odch = 262', lcp = 339'
Labels distribution in buckets (bucket size) : largest - 40, top 0.1% - 40, top 0.5% - 34, top 2% - 25, top 10% - 12, top 50% - 2
Run forward enumeration with border = 50... not succeeded (ratio 0.953003) lpt = 0.011859, ndl = 16', dl = 1', lpcb = 20', dch = 31'
 TT = 0.012611, pt = 1e-06, dt = 0.011859, ct = 0, ndl = 16', bdl = 1', lpcb = 20', cnt = 73', bdch = 31', odch = 0', lcp = 0'
ColGenEvalAlg final dual bound: 1585.43 (rounded: 1586)
Gap improvement since the last cut separation : 0.209606 (1571.99)
Current active cuts : CAP(7,210.93)
In total 2 RCC cut(s) are found by the connected components heuristic 
Shrinking heuristic shrunk 16 edges
In total 17 RCC cut(s) are found by the Fractional capacity min-cut heuristic 
In total 81 RCC cut(s) are found by the greedy construction heuristic 
----- Add fac. cuts : CAP(100), max.viol = 0.456522, aver.viol = 0.264585, sep/add took 0.0103767/0.111635 sec. -----
2050 columns (2050 active), 200 dyn. constrs. (108 active), 314 art. vars. (222 active)
<DWph=2> <it=  1> <et=0.97> <Mt= 0.00> <Spt= 0.01> <nCl= 11> <al=0.50> <DB= 1576.6944> <Mlp= 1601.6179> <PB=1636.1> 
<DWph=2> <it=  2> <et=0.98> <Mt= 0.01> <Spt= 0.01> <nCl= 33> <al=0.10> <DB= 1487.4195> <Mlp= 1598.4148> <PB=1636.1> 
<DWph=2> <it=  3> <et=1.00> <Mt= 0.01> <Spt= 0.01> <nCl= 14> <al=0.45> <DB= 1565.4209> <Mlp= 1597.9345> <PB=1636.1> 
<DWph=2> <it=  4> <et=1.01> <Mt= 0.00> <Spt= 0.00> <nCl= 11> <al=0.51> <DB= 1582.7058> <Mlp= 1596.9189> <PB=1636.1> 
<DWph=2> <it=  5> <et=1.02> <Mt= 0.01> <Spt= 0.01> <nCl= 21> <al=0.11> <DB= 1566.6958> <Mlp= 1596.1423> <PB=1636.1> 
<DWph=2> <it=  6> <et=1.03> <Mt= 0.00> <Spt= 0.01> <nCl=  8> <al=0.45> <DB= 1592.5328> <Mlp= 1595.8474> <PB=1636.1> 
<DWph=2> <it=  7> <et=1.06> <Mt= 0.02> <Spt= 0.00> <nCl= 12> <al=0.35> <DB= 1591.4736> <Mlp= 1595.3835> <PB=1636.1> 
<DWph=2> <it=  8> <et=1.06> <Mt= 0.00> <Spt= 0.01> <nCl=  7> <al=0.42> <DB= 1591.2248> <Mlp= 1595.3835> <PB=1636.1> 
<DWph=2> <it=  9> <et=1.07> <Mt= 0.00> <Spt= 0.00> <nCl=  2> <al=0.32> <DB= 1570.9106> <Mlp= 1595.3835> <PB=1636.1> 
<DWph=2> <it= 10> <et=1.08> <Mt= 0.00> <Spt= 0.01> <nCl= 11> <al=0.00> <DB= 1578.5000> <Mlp= 1595.3835> <PB=1636.1> 
<DWph=2> <it= 11> <et=1.09> <Mt= 0.01> <Spt= 0.01> <nCl=  1> <al=0.00> <DB= 1593.4887> <Mlp= 1595.3835> <PB=1636.1> 
<DWph=2> <it= 12> <et=1.10> <Mt= 0.00> <Spt= 0.01> <nCl=  1> <al=0.00> <DB= 1595.3835> <Mlp= 1595.3835> <PB=1636.1> 
<DWph=1> <it= 13> <et=1.11> <Mt= 0.00> <Spt= 0.01> <nCl= 12> <al=0.09> <DB= 1577.3835> <Mlp= 1595.3835> <PB=1636.1> 
<DWph=1> <it= 14> <et=1.12> <Mt= 0.00> <Spt= 0.00> <nCl=  6> <al=0.18> <DB= 1587.6409> <Mlp= 1595.3636> <PB=1636.1> 
<DWph=1> <it= 15> <et=1.13> <Mt= 0.00> <Spt= 0.01> <nCl=  4> <al=0.26> <DB= 1589.6489> <Mlp= 1595.3604> <PB=1636.1> 
<DWph=1> <it= 16> <et=1.14> <Mt= 0.01> <Spt= 0.01> <nCl=  2> <al=0.33> <DB= 1593.4448> <Mlp= 1595.3529> <PB=1636.1> 
<DWph=1> <it= 17> <et=1.15> <Mt= 0.00> <Spt= 0.00> <nCl=  3> <al=0.23> <DB= 1576.5102> <Mlp= 1595.3529> <PB=1636.1> 
<DWph=1> <it= 18> <et=1.16> <Mt= 0.00> <Spt= 0.02> <nCl=  5> <al=0.00> <DB= 1592.3529> <Mlp= 1595.3529> <PB=1636.1> 
<DWph=1> <it= 19> <et=1.18> <Mt= 0.00> <Spt= 0.01> <nCl=  2> <al=0.00> <DB= 1595.3529> <Mlp= 1595.3529> <PB=1636.1> 
    RCSP exact solver info for graph G_1 : TT = 0.006556, pt = 1.2e-05, dt = 0.005056, ct = 0.001156, ndl = 2', bdl = 38', odl = 2', odf = 17', bsi = 1', cnt = 7', bdch = 249', odch = 20', lcp = 17', #sols = 150
<DWph=0> <it= 20> <et=1.19> <Mt= 0.00> <Spt= 0.01> <nCl= 66> <al=0.11> <DB= 1586.3529> <Mlp= 1595.3529> <PB=1636.1> 
    RCSP exact solver info for graph G_1 : TT = 0.006867, pt = 2.7e-05, dt = 0.00531, ct = 0.001209, ndl = 2', bdl = 40', odl = 2', odf = 17', bsi = 1', cnt = 8', bdch = 265', odch = 20', lcp = 18', #sols = 150
<DWph=0> <it= 21> <et=1.21> <Mt= 0.01> <Spt= 0.02> <nCl= 25> <al=0.01> <DB= 1592.2999> <Mlp= 1595.3373> <PB=1636.1> 
    RCSP exact solver info for graph G_1 : TT = 0.00683, pt = 2.4e-05, dt = 0.005263, ct = 0.001219, ndl = 2', bdl = 40', odl = 2', odf = 17', bsi = 1', cnt = 8', bdch = 264', odch = 20', lcp = 18', #sols = 150
    RCSP exact solver info for graph G_1 : TT = 0.006754, pt = 2.1e-05, dt = 0.005236, ct = 0.001209, ndl = 2', bdl = 40', odl = 2', odf = 17', bsi = 1', cnt = 8', bdch = 267', odch = 20', lcp = 18', #sols = 150
<DWph=0> <it= 22> <et=1.23> <Mt= 0.00> <Spt= 0.02> <nCl= 26> <al=0.00> <DB= 1595.3373> <Mlp= 1595.3373> <PB=1636.1> 
Dynamic params and stats :  aver.obdmd = 23.2586 aver.buck.num. = 26
@@ 1 2 1595.34 0.0064145 0.006519 62.4081 1.23
Labels distribution in buckets (bucket size) : largest - 32, top 0.1% - 32, top 0.5% - 27, top 2% - 18, top 10% - 10, top 50% - 2
Reduced cost fixing for graph G_1... 43612 buck. arcs remain (90.4% from prev., 56.4% from max.) + 5636 jump buck. arcs (7.29% from max.)
 TT = 0.057228, pt = 0.004043, dt = 0.025055, ct = 0.027998, ndl = 12', bdl = 287', odl = 4', odf = 60', lpcb = 89', cnt = 448', bdch = 3235', odch = 197', lcp = 217'
Labels distribution in buckets (bucket size) : largest - 34, top 0.1% - 34, top 0.5% - 30, top 2% - 22, top 10% - 10, top 50% - 2
Run forward enumeration with border = 50... not succeeded (ratio 0.955837) lpt = 0.009771, ndl = 16', dl = 1', lpcb = 15', dch = 32'
 TT = 0.0109, pt = 0, dt = 0.009771, ct = 0, ndl = 16', bdl = 1', lpcb = 15', cnt = 63', bdch = 32', odch = 0', lcp = 0'
ColGenEvalAlg final dual bound: 1595.34 (rounded: 1596)
Gap improvement since the last cut separation : 0.195512 (1585.43)
Current active cuts : CAP(1+12,752.223)
Shrinking heuristic shrunk 15 edges
In total 9 RCC cut(s) are found by the Fractional capacity min-cut heuristic 
In total 27 RCC cut(s) are found by the greedy construction heuristic 
In total 4 RCC cut(s) are found by the global pool greedy search heuristic 
----- Add fac. cuts : CAP(40), max.viol = 0.141176, aver.viol = 0.0723529, sep/add took 0.00944451/0.0357441 sec. -----
2333 columns (2333 active), 148 dyn. constrs. (53 active), 354 art. vars. (167 active)
<DWph=2> <it=  1> <et=1.38> <Mt= 0.00> <Spt= 0.01> <nCl=  9> <al=0.00> <DB= 1595.6667> <Mlp= 1595.6667> <PB=1636.1> 
<DWph=1> <it=  2> <et=1.39> <Mt= 0.00> <Spt= 0.00> <nCl=  4> <al=0.40> <DB= 1592.6667> <Mlp= 1595.6667> <PB=1636.1> 
<DWph=1> <it=  3> <et=1.40> <Mt= 0.00> <Spt= 0.01> <nCl=  3> <al=0.30> <DB= 1594.0900> <Mlp= 1595.6000> <PB=1636.1> 
<DWph=1> <it=  4> <et=1.41> <Mt= 0.00> <Spt= 0.01> <nCl=  3> <al=0.00> <DB= 1595.6000> <Mlp= 1595.6000> <PB=1636.1> 
    RCSP exact solver info for graph G_1 : TT = 0.006032, pt = 1.1e-05, dt = 0.004592, ct = 0.001113, ndl = 2', bdl = 32', odl = 2', odf = 17', bsi = 1', cnt = 8', bdch = 208', odch = 19', lcp = 16', #sols = 150
    RCSP exact solver info for graph G_1 : TT = 0.006014, pt = 2e-05, dt = 0.004586, ct = 0.001103, ndl = 2', bdl = 32', odl = 2', odf = 17', bsi = 1', cnt = 8', bdch = 208', odch = 19', lcp = 16', #sols = 150
<DWph=0> <it=  5> <et=1.43> <Mt= 0.00> <Spt= 0.02> <nCl=  8> <al=0.00> <DB= 1595.6000> <Mlp= 1595.6000> <PB=1636.1> 
Dynamic params and stats :  aver.obdmd = 23.2586 aver.buck.num. = 26
@@ 1 3 1595.6 0.005697 0.005705 56.4337 1.43
    Full reduced cost fixing is not called (gap ratio is 0.993538)
ColGenEvalAlg final dual bound: 1595.6 (rounded: 1596)
Gap improvement since the last cut separation : 0.00644572 (1595.34)
Cut generation tailing off counter increased to 1
Current active cuts : CAP(1+16,802.826)
In total 1 RCC cut(s) are found by the connected components heuristic 
Shrinking heuristic shrunk 36 edges
In total 1 RCC cut(s) are found by the Fractional capacity min-cut heuristic 
In total 1 RCC cut(s) are found by the greedy construction heuristic 
----- Add fac. cuts : CAP(3), max.viol = 0.2, aver.viol = 0.2, sep/add took 0.00127276/0.000873712 sec. -----
2360 columns (2360 active), 56 dyn. constrs. (21 active), 357 art. vars. (135 active)
<DWph=2> <it=  1> <et=1.48> <Mt= 0.01> <Spt= 0.00> <nCl=  3> <al=0.50> <DB= 1595.7118> <Mlp= 1595.8235> <PB=1636.1> 
<DWph=2> <it=  2> <et=1.48> <Mt= 0.00> <Spt= 0.00> <nCl=  3> <al=0.55> <DB= 1594.7877> <Mlp= 1595.8235> <PB=1636.1> 
<DWph=2> <it=  3> <et=1.49> <Mt= 0.00> <Spt= 0.01> <nCl=  6> <al=0.19> <DB= 1593.1433> <Mlp= 1595.8235> <PB=1636.1> 
<DWph=2> <it=  4> <et=1.49> <Mt= 0.00> <Spt= 0.00> <nCl=  1> <al=0.00> <DB= 1595.8235> <Mlp= 1595.8235> <PB=1636.1> 
<DWph=1> <it=  5> <et=1.50> <Mt= 0.00> <Spt= 0.01> <nCl=  6> <al=0.40> <DB= 1588.8167> <Mlp= 1595.8235> <PB=1636.1> 
<DWph=1> <it=  6> <et=1.51> <Mt= 0.00> <Spt= 0.01> <nCl=  0> <al=0.00> <DB= 1595.8182> <Mlp= 1595.8182> <PB=1636.1> 
    RCSP exact solver info for graph G_1 : TT = 0.005532, pt = 1.2e-05, dt = 0.004195, ct = 0.00101, ndl = 2', bdl = 29', odl = 2', odf = 16', bsi = 1', cnt = 7', bdch = 175', odch = 17', lcp = 14', #sols = 150
<DWph=0> <it=  7> <et=1.52> <Mt= 0.00> <Spt= 0.01> <nCl= 44> <al=0.20> <DB= 1589.9091> <Mlp= 1595.8182> <PB=1636.1> 
    RCSP exact solver info for graph G_1 : TT = 0.005602, pt = 2.4e-05, dt = 0.004261, ct = 0.001007, ndl = 2', bdl = 29', odl = 2', odf = 16', bsi = 1', cnt = 6', bdch = 175', odch = 18', lcp = 14', #sols = 150
    RCSP exact solver info for graph G_1 : TT = 0.005477, pt = 2.2e-05, dt = 0.004188, ct = 0.000979, ndl = 2', bdl = 29', odl = 2', odf = 16', bsi = 1', cnt = 6', bdch = 173', odch = 17', lcp = 14', #sols = 150
<DWph=0> <it=  8> <et=1.53> <Mt= 0.00> <Spt= 0.01> <nCl= 14> <al=0.00> <DB= 1595.8182> <Mlp= 1595.8182> <PB=1636.1> 
Dynamic params and stats :  aver.obdmd = 23.2586 aver.buck.num. = 26
@@ 1 4 1595.82 0.00521333 0.005268 56.4337 1.53
    Full reduced cost fixing is not called (gap ratio is 0.988173)
ColGenEvalAlg final dual bound: 1595.82 (rounded: 1596)
Gap improvement since the last cut separation : 0.00538721 (1595.6)
Cut generation tailing off counter increased to 2
Current active cuts : CAP(1+16,891)
Shrinking heuristic shrunk 30 edges
In total 4 RCC cut(s) are found by the Fractional capacity min-cut heuristic 
In total 4 RCC cut(s) are found by the global pool greedy search heuristic 
----- Add fac. cuts : CAP(8), max.viol = 0.0909091, aver.viol = 0.0909091, sep/add took 0.00291225/0.00722838 sec. -----
2437 columns (2437 active), 29 dyn. constrs. (25 active), 365 art. vars. (139 active)
<DWph=2> <it=  1> <et=1.57> <Mt= 0.01> <Spt= 0.00> <nCl= 15> <al=0.50> <DB= 1549.6906> <Mlp= 1596.0175> <PB=1636.1> 
<DWph=2> <it=  2> <et=1.58> <Mt= 0.00> <Spt= 0.01> <nCl= 14> <al=0.55> <DB= 1581.0195> <Mlp= 1595.9864> <PB=1636.1> 
<DWph=2> <it=  3> <et=1.59> <Mt= 0.01> <Spt= 0.00> <nCl= 13> <al=0.19> <DB= 1588.9963> <Mlp= 1595.9440> <PB=1636.1> 
<DWph=2> <it=  4> <et=1.59> <Mt= 0.00> <Spt= 0.01> <nCl=  4> <al=0.50> <DB= 1595.8791> <Mlp= 1595.9300> <PB=1636.1> 
<DWph=2> <it=  5> <et=1.60> <Mt= 0.00> <Spt= 0.00> <nCl=  2> <al=0.55> <DB= 1595.9122> <Mlp= 1595.9269> <PB=1636.1> 
<DWph=2> <it=  6> <et=1.60> <Mt= 0.00> <Spt= 0.00> <nCl=  6> <al=0.45> <DB= 1594.1490> <Mlp= 1595.9269> <PB=1636.1> 
<DWph=2> <it=  7> <et=1.60> <Mt= 0.00> <Spt= 0.00> <nCl=  2> <al=0.50> <DB= 1595.9195> <Mlp= 1595.9269> <PB=1636.1> 
<DWph=2> <it=  8> <et=1.61> <Mt= 0.00> <Spt= 0.01> <nCl=  2> <al=0.40> <DB= 1595.7520> <Mlp= 1595.9269> <PB=1636.1> 
<DWph=2> <it=  9> <et=1.61> <Mt= 0.00> <Spt= 0.00> <nCl=  3> <al=0.00> <DB= 1592.1007> <Mlp= 1595.9269> <PB=1636.1> 
<DWph=2> <it= 10> <et=1.62> <Mt= 0.00> <Spt= 0.01> <nCl=  6> <al=0.00> <DB= 1595.9269> <Mlp= 1595.9269> <PB=1636.1> 
<DWph=1> <it= 11> <et=1.63> <Mt= 0.00> <Spt= 0.00> <nCl= 12> <al=0.26> <DB= 1592.4725> <Mlp= 1595.9269> <PB=1636.1> 
<DWph=1> <it= 12> <et=1.63> <Mt= 0.01> <Spt= 0.01> <nCl=  2> <al=0.33> <DB= 1594.8462> <Mlp= 1595.9220> <PB=1636.1> 
<DWph=1> <it= 13> <et=1.64> <Mt= 0.00> <Spt= 0.01> <nCl=  2> <al=0.00> <DB= 1595.9207> <Mlp= 1595.9207> <PB=1636.1> 
    RCSP exact solver info for graph G_1 : TT = 0.00637, pt = 1.2e-05, dt = 0.004901, ct = 0.001144, ndl = 2', bdl = 36', odl = 2', odf = 18', bsi = 1', cnt = 11', bdch = 240', odch = 23', lcp = 18', #sols = 150
<DWph=0> <it= 14> <et=1.65> <Mt= 0.00> <Spt= 0.01> <nCl= 46> <al=0.13> <DB= 1588.4341> <Mlp= 1595.9207> <PB=1636.1> 
    RCSP exact solver info for graph G_1 : TT = 0.00604, pt = 2.2e-05, dt = 0.00466, ct = 0.00109, ndl = 2', bdl = 34', odl = 2', odf = 17', bsi = 1', cnt = 11', bdch = 213', odch = 21', lcp = 15', #sols = 150
<DWph=0> <it= 15> <et=1.66> <Mt= 0.00> <Spt= 0.00> <nCl= 27> <al=0.03> <DB= 1592.6931> <Mlp= 1595.9186> <PB=1636.1> 
    RCSP exact solver info for graph G_1 : TT = 0.006232, pt = 2.2e-05, dt = 0.004812, ct = 0.00112, ndl = 2', bdl = 35', odl = 2', odf = 18', bsi = 1', cnt = 11', bdch = 226', odch = 22', lcp = 17', #sols = 150
<DWph=0> <it= 16> <et=1.67> <Mt= 0.00> <Spt= 0.01> <nCl=  6> <al=0.13> <DB= 1592.3357> <Mlp= 1595.9151> <PB=1636.1> 
    RCSP exact solver info for graph G_1 : TT = 0.006169, pt = 2.1e-05, dt = 0.004759, ct = 0.00112, ndl = 2', bdl = 34', odl = 2', odf = 18', bsi = 1', cnt = 11', bdch = 222', odch = 22', lcp = 16', #sols = 150
    RCSP exact solver info for graph G_1 : TT = 0.006135, pt = 2.1e-05, dt = 0.004732, ct = 0.001106, ndl = 2', bdl = 34', odl = 2', odf = 18', bsi = 1', cnt = 11', bdch = 222', odch = 22', lcp = 16', #sols = 150
<DWph=0> <it= 17> <et=1.69> <Mt= 0.00> <Spt= 0.02> <nCl= 23> <al=0.00> <DB= 1595.0958> <Mlp= 1595.9151> <PB=1636.1> 
    RCSP exact solver info for graph G_1 : TT = 0.006279, pt = 2.1e-05, dt = 0.004849, ct = 0.001135, ndl = 2', bdl = 35', odl = 2', odf = 18', bsi = 1', cnt = 12', bdch = 231', odch = 23', lcp = 17', #sols = 150
    RCSP exact solver info for graph G_1 : TT = 0.006116, pt = 2.1e-05, dt = 0.004724, ct = 0.001102, ndl = 2', bdl = 34', odl = 2', odf = 18', bsi = 1', cnt = 11', bdch = 221', odch = 22', lcp = 16', #sols = 150
<DWph=0> <it= 18> <et=1.70> <Mt= 0.00> <Spt= 0.01> <nCl= 12> <al=0.00> <DB= 1595.9151> <Mlp= 1595.9151> <PB=1636.1> 
Dynamic params and stats :  aver.obdmd = 23.2586 aver.buck.num. = 26
@@ 1 5 1595.92 0.00589343 0.006045 56.4337 1.7
    Full reduced cost fixing is not called (gap ratio is 0.985789)
ColGenEvalAlg final dual bound: 1595.92 (rounded: 1596)
Gap improvement since the last cut separation : 0.00240586 (1595.82)
----- Cut separators priority level decreased to 1-----
Current active cuts : CAP(1+18,994.315)
Shrinking heuristic shrunk 32 edges
In total 1 RCC cut(s) are found by the Fractional capacity min-cut heuristic 
In total 2 RCC cut(s) are found by the greedy construction heuristic 
In total 39 RCC cut(s) are found by the global pool greedy search heuristic 
2 Rank-1 1-rows pack. cuts added ,  max viol. = 0.188679, aver. viol. = 0.15566
85 Rank-1 3-rows pack. cuts added ,  max viol. = 0.254717, aver. viol. = 0.102109
Building structures for heuristic rank-1 packing cut separation...done!
59 Rank-1 4-rows pack. cuts added ,  max viol. = 0.301887, aver. viol. = 0.138791
100 Rank-1 5-rows pack. cuts added ,  max viol. = 0.386792, aver. viol. = 0.202877
----- Add fac. cuts : CAP(42) R1C(246), max.viol = 0.5, aver.viol = 0.171449, sep/add took 0.217171/0.18215 sec. -----
2634 columns (2634 active), 313 dyn. constrs. (307 active), 653 art. vars. (421 active)
<DWph=2> <it=  1> <et=2.13> <Mt= 0.02> <Spt= 0.01> <nCl= 11> <al=0.50> <DB= 1594.8288> <Mlp= 1597.3468> <PB=1636.1> 
<DWph=2> <it=  2> <et=2.14> <Mt= 0.01> <Spt= 0.01> <nCl=  5> <al=0.55> <DB= 1596.5473> <Mlp= 1597.3200> <PB=1636.1> 
<DWph=2> <it=  3> <et=2.16> <Mt= 0.00> <Spt= 0.00> <nCl= 12> <al=0.45> <DB= 1576.6991> <Mlp= 1597.3147> <PB=1636.1> 
<DWph=2> <it=  4> <et=2.17> <Mt= 0.01> <Spt= 0.01> <nCl= 28> <al=0.51> <DB= 1557.2239> <Mlp= 1597.2141> <PB=1636.1> 
<DWph=2> <it=  5> <et=2.18> <Mt= 0.00> <Spt= 0.01> <nCl=  6> <al=0.55> <DB= 1591.7660> <Mlp= 1597.2141> <PB=1636.1> 
<DWph=2> <it=  6> <et=2.20> <Mt= 0.01> <Spt= 0.00> <nCl=  4> <al=0.60> <DB= 1596.7873> <Mlp= 1597.1459> <PB=1636.1> 
<DWph=2> <it=  7> <et=2.21> <Mt= 0.01> <Spt= 0.01> <nCl=  6> <al=0.50> <DB= 1591.4815> <Mlp= 1597.1382> <PB=1636.1> 
<DWph=2> <it=  8> <et=2.22> <Mt= 0.00> <Spt= 0.01> <nCl=  1> <al=0.55> <DB= 1594.6991> <Mlp= 1597.1309> <PB=1636.1> 
<DWph=2> <it=  9> <et=2.23> <Mt= 0.00> <Spt= 0.01> <nCl=  8> <al=0.00> <DB= 1589.4572> <Mlp= 1597.1307> <PB=1636.1> 
<DWph=2> <it= 10> <et=2.25> <Mt= 0.01> <Spt= 0.01> <nCl=  6> <al=0.00> <DB= 1594.0264> <Mlp= 1597.1077> <PB=1636.1> 
<DWph=2> <it= 11> <et=2.26> <Mt= 0.00> <Spt= 0.01> <nCl=  1> <al=0.00> <DB= 1593.1423> <Mlp= 1597.1045> <PB=1636.1> 
<DWph=2> <it= 12> <et=2.28> <Mt= 0.01> <Spt= 0.01> <nCl=  2> <al=0.00> <DB= 1597.1002> <Mlp= 1597.1002> <PB=1636.1> 
<DWph=1> <it= 13> <et=2.29> <Mt= 0.00> <Spt= 0.01> <nCl= 10> <al=0.05> <DB= 1585.6054> <Mlp= 1597.1002> <PB=1636.1> 
<DWph=1> <it= 14> <et=2.31> <Mt= 0.01> <Spt= 0.01> <nCl=  8> <al=0.14> <DB= 1583.1233> <Mlp= 1597.0734> <PB=1636.1> 
<DWph=1> <it= 15> <et=2.33> <Mt= 0.01> <Spt= 0.01> <nCl=  7> <al=0.23> <DB= 1584.4054> <Mlp= 1597.0463> <PB=1636.1> 
<DWph=1> <it= 16> <et=2.34> <Mt= 0.00> <Spt= 0.01> <nCl=  1> <al=0.31> <DB= 1593.5321> <Mlp= 1597.0408> <PB=1636.1> 
<DWph=1> <it= 17> <et=2.35> <Mt= 0.00> <Spt= 0.00> <nCl=  3> <al=0.21> <DB= 1595.5395> <Mlp= 1597.0408> <PB=1636.1> 
<DWph=1> <it= 18> <et=2.36> <Mt= 0.00> <Spt= 0.01> <nCl=  2> <al=0.11> <DB= 1596.4368> <Mlp= 1597.0399> <PB=1636.1> 
<DWph=1> <it= 19> <et=2.38> <Mt= 0.01> <Spt= 0.02> <nCl=  1> <al=0.00> <DB= 1597.0395> <Mlp= 1597.0395> <PB=1636.1> 
    RCSP exact solver info for graph G_1 : TT = 0.02469, pt = 0.000257, dt = 0.020077, ct = 0.003945, ndl = 3', bdl = 42', odl = 2', odf = 22', bsi = 1', cnt = 25', bdch = 337', odch = 44', lcp = 35', #sols = 150
<DWph=0> <it= 20> <et=2.42> <Mt= 0.00> <Spt= 0.04> <nCl= 99> <al=0.10> <DB= 1580.2762> <Mlp= 1597.0395> <PB=1636.1> 
    RCSP exact solver info for graph G_1 : TT = 0.018731, pt = 0.000338, dt = 0.014287, ct = 0.003721, ndl = 3', bdl = 40', odl = 2', odf = 21', bsi = 1', cnt = 19', bdch = 309', odch = 35', lcp = 32', #sols = 150
<DWph=0> <it= 21> <et=2.46> <Mt= 0.00> <Spt= 0.03> <nCl= 53> <al=0.00> <DB= 1592.4817> <Mlp= 1597.0083> <PB=1636.1> 
    RCSP exact solver info for graph G_1 : TT = 0.018691, pt = 0.000327, dt = 0.014333, ct = 0.003666, ndl = 3', bdl = 41', odl = 2', odf = 21', bsi = 1', cnt = 20', bdch = 316', odch = 34', lcp = 32', #sols = 150
<DWph=0> <it= 22> <et=2.49> <Mt= 0.01> <Spt= 0.02> <nCl= 10> <al=0.10> <DB= 1595.1137> <Mlp= 1597.0031> <PB=1636.1> 
    RCSP exact solver info for graph G_1 : TT = 0.018727, pt = 0.000318, dt = 0.014372, ct = 0.003696, ndl = 3', bdl = 41', odl = 2', odf = 21', bsi = 1', cnt = 20', bdch = 319', odch = 34', lcp = 32', #sols = 150
<DWph=0> <it= 23> <et=2.51> <Mt= 0.00> <Spt= 0.03> <nCl= 17> <al=0.19> <DB= 1596.0354> <Mlp= 1597.0021> <PB=1636.1> 
    RCSP exact solver info for graph G_1 : TT = 0.018399, pt = 0.000319, dt = 0.014115, ct = 0.003627, ndl = 3', bdl = 40', odl = 2', odf = 20', bsi = 1', cnt = 19', bdch = 306', odch = 33', lcp = 32', #sols = 150
    RCSP exact solver info for graph G_1 : TT = 0.01829, pt = 0.000299, dt = 0.014052, ct = 0.003605, ndl = 3', bdl = 40', odl = 2', odf = 20', bsi = 1', cnt = 19', bdch = 306', odch = 33', lcp = 31', #sols = 150
<DWph=0> <it= 24> <et=2.56> <Mt= 0.00> <Spt= 0.04> <nCl=  9> <al=0.00> <DB= 1597.0017> <Mlp= 1597.0017> <PB=1636.1> 
Dynamic params and stats :  aver.obdmd = 23.2586 aver.buck.num. = 26 nbR1C = 26 with avMem = 11.0385
@@ 1 6 1597 0.018916 0.024022 56.4337 2.56
    Full reduced cost fixing is not called (gap ratio is 0.959068)
ColGenEvalAlg final dual bound: 1597 (rounded: 1598)
Gap improvement since the last cut separation : 0.0270393 (1595.92)
Current active cuts : CAP(1+20,1008.81) R1C(1+25,11.3915) 1rowPackR1C(1) 3rowPackR1C(9) 4rowPackR1C(5) 5rowPackR1C(11)
Shrinking heuristic shrunk 11 edges
In total 1 RCC cut(s) are found by the greedy construction heuristic 
In total 6 RCC cut(s) are found by the global pool greedy search heuristic 
7 Rank-1 1-rows pack. cuts added ,  max viol. = 0.182012, aver. viol. = 0.0520297
107 Rank-1 3-rows pack. cuts added ,  max viol. = 0.215111, aver. viol. = 0.0450653
Building structures for heuristic rank-1 packing cut separation...done!
84 Rank-1 4-rows pack. cuts added ,  max viol. = 0.119323, aver. viol. = 0.0355118
100 Rank-1 5-rows pack. cuts added ,  max viol. = 0.119323, aver. viol. = 0.0598135
----- Add fac. cuts : CAP(7) R1C(298), max.viol = 0.233141, aver.viol = 0.0651975, sep/add took 0.49889/0.197422 sec. -----
2944 columns (2944 active), 612 dyn. constrs. (353 active), 958 art. vars. (467 active)
<DWph=2> <it=  1> <et=3.30> <Mt= 0.03> <Spt= 0.01> <nCl=  4> <al=0.50> <DB= 1597.4876> <Mlp= 1597.9735> <PB=1636.1> 
<DWph=2> <it=  2> <et=3.47> <Mt= 0.16> <Spt= 0.01> <nCl= 24> <al=0.40> <DB= 1565.4292> <Mlp= 1597.9591> <PB=1636.1> 
<DWph=2> <it=  3> <et=3.66> <Mt= 0.18> <Spt= 0.00> <nCl=  3> <al=0.46> <DB= 1595.8918> <Mlp= 1597.9490> <PB=1636.1> 
<DWph=2> <it=  4> <et=3.67> <Mt= 0.00> <Spt= 0.01> <nCl=  4> <al=0.51> <DB= 1594.1833> <Mlp= 1597.9482> <PB=1636.1> 
<DWph=2> <it=  5> <et=3.83> <Mt= 0.15> <Spt= 0.01> <nCl=  2> <al=0.56> <DB= 1597.6820> <Mlp= 1597.9321> <PB=1636.1> 
<DWph=2> <it=  6> <et=3.85> <Mt= 0.01> <Spt= 0.01> <nCl= 10> <al=0.21> <DB= 1590.5059> <Mlp= 1597.9321> <PB=1636.1> 
<DWph=2> <it=  7> <et=3.86> <Mt= 0.00> <Spt= 0.01> <nCl=  3> <al=0.51> <DB= 1597.8553> <Mlp= 1597.9321> <PB=1636.1> 
<DWph=2> <it=  8> <et=3.87> <Mt= 0.00> <Spt= 0.01> <nCl=  4> <al=0.41> <DB= 1584.1703> <Mlp= 1597.9321> <PB=1636.1> 
<DWph=2> <it=  9> <et=3.88> <Mt= 0.00> <Spt= 0.01> <nCl=  2> <al=0.47> <DB= 1597.3232> <Mlp= 1597.9321> <PB=1636.1> 
<DWph=2> <it= 10> <et=3.90> <Mt= 0.01> <Spt= 0.01> <nCl=  3> <al=0.00> <DB= 1597.9321> <Mlp= 1597.9321> <PB=1636.1> 
<DWph=1> <it= 11> <et=3.91> <Mt= 0.00> <Spt= 0.02> <nCl= 11> <al=0.42> <DB= 1586.1580> <Mlp= 1597.9321> <PB=1636.1> 
<DWph=1> <it= 12> <et=3.93> <Mt= 0.00> <Spt= 0.01> <nCl= 12> <al=0.48> <DB= 1588.9165> <Mlp= 1597.9022> <PB=1636.1> 
<DWph=1> <it= 13> <et=3.95> <Mt= 0.01> <Spt= 0.01> <nCl=  7> <al=0.38> <DB= 1591.7740> <Mlp= 1597.8826> <PB=1636.1> 
<DWph=1> <it= 14> <et=3.96> <Mt= 0.01> <Spt= 0.01> <nCl=  6> <al=0.28> <DB= 1594.5705> <Mlp= 1597.8777> <PB=1636.1> 
<DWph=1> <it= 15> <et=3.98> <Mt= 0.00> <Spt= 0.01> <nCl=  2> <al=0.18> <DB= 1597.2915> <Mlp= 1597.8776> <PB=1636.1> 
<DWph=1> <it= 16> <et=4.00> <Mt= 0.00> <Spt= 0.02> <nCl=  0> <al=0.00> <DB= 1597.8776> <Mlp= 1597.8776> <PB=1636.1> 
    RCSP exact solver info for graph G_1 : TT = 0.02688, pt = 0.00041, dt = 0.020725, ct = 0.005337, ndl = 4', bdl = 50', odl = 2', odf = 24', bsi = 1', cnt = 46', bdch = 470', odch = 55', lcp = 54', #sols = 150
<DWph=0> <it= 17> <et=4.05> <Mt= 0.00> <Spt= 0.05> <nCl=141> <al=0.00> <DB= 1584.9693> <Mlp= 1597.8776> <PB=1636.1> 
    RCSP exact solver info for graph G_1 : TT = 0.026365, pt = 0.000541, dt = 0.020082, ct = 0.005337, ndl = 4', bdl = 50', odl = 2', odf = 24', bsi = 1', cnt = 43', bdch = 457', odch = 52', lcp = 48', #sols = 150
<DWph=0> <it= 18> <et=4.10> <Mt= 0.01> <Spt= 0.04> <nCl= 61> <al=0.00> <DB= 1592.1239> <Mlp= 1597.8531> <PB=1636.1> 
    RCSP exact solver info for graph G_1 : TT = 0.026391, pt = 0.00051, dt = 0.020151, ct = 0.005309, ndl = 4', bdl = 50', odl = 2', odf = 24', bsi = 1', cnt = 43', bdch = 455', odch = 53', lcp = 47', #sols = 150
    RCSP exact solver info for graph G_1 : TT = 0.026986, pt = 0.000488, dt = 0.020738, ct = 0.005322, ndl = 4', bdl = 50', odl = 2', odf = 23', bsi = 1', cnt = 43', bdch = 456', odch = 52', lcp = 47', #sols = 150
<DWph=0> <it= 19> <et=4.17> <Mt= 0.00> <Spt= 0.06> <nCl= 24> <al=0.00> <DB= 1597.8525> <Mlp= 1597.8525> <PB=1636.1> 
Dynamic params and stats :  aver.obdmd = 23.2586 aver.buck.num. = 26 nbR1C = 44 with avMem = 10.7727
@@ 1 7 1597.85 0.0257503 0.026062 56.4337 4.17
    Full reduced cost fixing is not called (gap ratio is 0.938145)
ColGenEvalAlg final dual bound: 1597.85 (rounded: 1598)
Gap improvement since the last cut separation : 0.0217603 (1597)
Current active cuts : CAP(1+10,759.898) R1C(4+40,26.0121) 1rowPackR1C(4) 3rowPackR1C(22) 4rowPackR1C(8) 5rowPackR1C(10)
Shrinking heuristic shrunk 30 edges
In total 1 RCC cut(s) are found by the Fractional capacity min-cut heuristic 
1 Rank-1 1-rows pack. cuts added ,  max viol. = 0.0377124, aver. viol. = 0.0377124
33 Rank-1 3-rows pack. cuts added ,  max viol. = 0.0889, aver. viol. = 0.0500232
Building structures for heuristic rank-1 packing cut separation...done!
40 Rank-1 4-rows pack. cuts added ,  max viol. = 0.110056, aver. viol. = 0.0589899
100 Rank-1 5-rows pack. cuts added ,  max viol. = 0.118486, aver. viol. = 0.0787201
----- Add fac. cuts : CAP(1) R1C(174), max.viol = 0.21068, aver.viol = 0.0845043, sep/add took 0.342035/0.129831 sec. -----
3267 columns (3267 active), 528 dyn. constrs. (231 active), 1133 art. vars. (345 active)
<DWph=2> <it=  1> <et=4.68> <Mt= 0.01> <Spt= 0.00> <nCl=  0> <al=0.50> <DB= 1597.8525> <Mlp= 1598.0000> <PB=1598> 
ColGenEvalAlg final dual bound: 1597.85 (rounded: 1598)
Gap improvement since the last cut separation : 1 (1597.85)
Current active cuts : CAP(1+9,742.287) R1C(4+58,26.7921) 1rowPackR1C(4) 3rowPackR1C(24) 4rowPackR1C(12) 5rowPackR1C(22)
New model incumbent solution 1598, TIME = 0h0m4s71t = 471
************************************************************************************************
Search is finished, global bounds : [ 1598 , 1598 ], TIME = 0h0m4s71t = 471
************************************************************************************************
Built-in heuristic is disabled
instance_name solver_name ext_heuristic solution_value solution_time best_lb root_lb root_time nb_branch_and_bound_nodes status
/home/logis/Downloads/VRPSolverEasy/VRPSolverEasy/demos/data/CVRP/B-n57-k9 CPLEX False 1598.0000000000002 4.716159157 1598.0 1598.0 4.713795075 1 0

