Node memory for rank-1 cuts will be used (8.80998)
~~~~~~~~~~~~~~~~~~~~~~~~~~~~~~~~~~~~~~~~~~~~~~~~~~~~~~~~~~~~~~~~~~~~~~~~~~~~~~~~~~~~~
VRPSolver v0.5.27, 24/02/2023, © Inria Bordeaux, France, vrpsolver.math.u-bordeaux.fr
      Corresponds to the solver by Pessoa, Sadykov, Uchoa and Vanderbeck (2020)
                 Paper: dx.doi.org/10.1007/s10107-020-01523-z
~~~~~~~~~~~~~~~~~~~~~~~~~~~~~~~~~~~~~~~~~~~~~~~~~~~~~~~~~~~~~~~~~~~~~~~~~~~~~~~~~~~~~
   BaPCod v0.77, 15/03/2023, © Inria Bordeaux, France, bapcod.math.u-bordeaux.fr 
           THIS CODE IS PROVIDED AS IS, USE IT AT YOUR OWN RISK
~~~~~~~~~~~~~~~~~~~~~~~~~~~~~~~~~~~~~~~~~~~~~~~~~~~~~~~~~~~~~~~~~~~~~~~~~~~~~~~~~~~~~
Bucket steps were recalculated for graph G_1 : [7]
RCSP solver info : symmetric case is detected for graph G_1! 
Bidirectional border value is initialised to 85
RCSP solver info : number of forw. reachable buckets / buck. strongly connected components is 1326( 94.7143% ) / 1278( 96.3801% )
Generating neighbourhoods for rank-1 cuts separation
Building structures for 4- and 5-row rank-1 packing cut separation...done!
Model is built TIME = 0h0m0s2t = 2
************************************************************************************************
**** BaB tree root node
**** Local DB = -1e+12, global bounds : [ -1e+12 , 1e+06 ], TIME = 0h0m0s2t = 2
**** 1 open nodes, 0 columns (0 active), 0 dyn. constrs. (0 active), 110 art. vars. (110 active)
************************************************************************************************
#<DWph=2> <it=  1> <et=0.02> <Mt= 0.00> <Spt= 0.00> <nCl= 30> <al=0.00> <DB=-112498793.3333> <Mlp=5111111.1111> <PB=1000000> 
#<DWph=2> <it=  2> <et=0.02> <Mt= 0.00> <Spt= 0.00> <nCl= 30> <al=0.55> <DB=-81018172.4230> <Mlp=4825473.5397> <PB=1000000> 
#<DWph=2> <it=  3> <et=0.03> <Mt= 0.00> <Spt= 0.00> <nCl= 30> <al=0.45> <DB=-71142657.7111> <Mlp=4783649.8635> <PB=1000000> 
#<DWph=2> <it=  4> <et=0.03> <Mt= 0.00> <Spt= 0.01> <nCl= 30> <al=0.35> <DB=-54322285.0916> <Mlp=4524745.6159> <PB=1000000> 
#<DWph=2> <it=  5> <et=0.03> <Mt= 0.00> <Spt= 0.00> <nCl= 30> <al=0.42> <DB=-54883246.1817> <Mlp=3674146.7202> <PB=1000000> 
#<DWph=2> <it=  6> <et=0.04> <Mt= 0.00> <Spt= 0.00> <nCl= 30> <al=0.47> <DB=-65069883.2231> <Mlp=3197086.7133> <PB=1000000> 
#<DWph=2> <it=  7> <et=0.04> <Mt= 0.00> <Spt= 0.01> <nCl= 30> <al=0.53> <DB=-54009585.2485> <Mlp=3192246.7244> <PB=1000000> 
#<DWph=2> <it=  8> <et=0.04> <Mt= 0.00> <Spt= 0.00> <nCl= 30> <al=0.57> <DB=-48688538.8134> <Mlp=3031654.0857> <PB=1000000> 
#<DWph=2> <it=  9> <et=0.05> <Mt= 0.00> <Spt= 0.00> <nCl= 30> <al=0.47> <DB=-42891929.3945> <Mlp=2950679.5593> <PB=1000000> 
#<DWph=2> <it= 10> <et=0.05> <Mt= 0.00> <Spt= 0.01> <nCl= 30> <al=0.53> <DB=-41297189.9337> <Mlp=2747008.7796> <PB=1000000> 
#<DWph=2> <it= 11> <et=0.05> <Mt= 0.00> <Spt= 0.00> <nCl= 30> <al=0.57> <DB=-38911408.8859> <Mlp=2253440.2689> <PB=1000000> 
#<DWph=2> <it= 12> <et=0.06> <Mt= 0.00> <Spt= 0.00> <nCl= 30> <al=0.62> <DB=-38218204.8250> <Mlp=2001696.7880> <PB=1000000> 
#<DWph=2> <it= 13> <et=0.06> <Mt= 0.00> <Spt= 0.01> <nCl= 30> <al=0.65> <DB=-37084287.1024> <Mlp=1795850.6212> <PB=1000000> 
#<DWph=2> <it= 14> <et=0.07> <Mt= 0.00> <Spt= 0.00> <nCl= 30> <al=0.69> <DB=-35150818.8579> <Mlp=1554749.0658> <PB=1000000> 
#<DWph=2> <it= 15> <et=0.07> <Mt= 0.00> <Spt= 0.00> <nCl= 30> <al=0.59> <DB=-30897190.9831> <Mlp=1326927.2782> <PB=1000000> 
#<DWph=2> <it= 16> <et=0.07> <Mt= 0.00> <Spt= 0.00> <nCl= 30> <al=0.49> <DB=-28461836.3838> <Mlp=999716.2965> <PB=1000000> 
#<DWph=2> <it= 17> <et=0.08> <Mt= 0.00> <Spt= 0.01> <nCl= 30> <al=0.54> <DB=-28544952.4827> <Mlp=785472.5521> <PB=1000000> 
#<DWph=2> <it= 18> <et=0.08> <Mt= 0.01> <Spt= 0.00> <nCl= 30> <al=0.59> <DB=-25171859.5160> <Mlp=328299.7189> <PB=1000000> 
#<DWph=2> <it= 19> <et=0.09> <Mt= 0.00> <Spt= 0.00> <nCl= 30> <al=0.63> <DB=-20835975.5631> <Mlp=120786.1601> <PB=1000000> 
#<DWph=2> <it= 20> <et=0.09> <Mt= 0.00> <Spt= 0.01> <nCl= 22> <al=0.53> <DB=-9903287.2853> <Mlp=33981.2127> <PB=1000000> 
#<DWph=2> <it= 21> <et=0.10> <Mt= 0.00> <Spt= 0.00> <nCl= 30> <al=0.43> <DB=-2942003.7182> <Mlp=33340.3681> <PB=1000000> 
#<DWph=2> <it= 22> <et=0.10> <Mt= 0.00> <Spt= 0.00> <nCl= 30> <al=0.33> <DB=-228155.3431> <Mlp=32504.6054> <PB=1000000> 
<DWph=2> <it= 23> <et=0.10> <Mt= 0.00> <Spt= 0.00> <nCl= 30> <al=0.00> <DB=-24352.5728> <Mlp= 1269.1679> <PB=1000000> 
<DWph=2> <it= 24> <et=0.11> <Mt= 0.00> <Spt= 0.01> <nCl= 30> <al=0.29> <DB=-14432.9347> <Mlp= 1222.2407> <PB=1000000> 
<DWph=2> <it= 25> <et=0.11> <Mt= 0.01> <Spt= 0.00> <nCl= 30> <al=0.37> <DB=-15838.4871> <Mlp= 1148.9162> <PB=1000000> 
<DWph=2> <it= 26> <et=0.12> <Mt= 0.00> <Spt= 0.00> <nCl= 30> <al=0.43> <DB=-11037.6157> <Mlp= 1084.3510> <PB=1000000> 
<DWph=2> <it= 27> <et=0.12> <Mt= 0.00> <Spt= 0.01> <nCl= 30> <al=0.49> <DB=-9262.0597> <Mlp= 1018.6550> <PB=1000000> 
<DWph=2> <it= 28> <et=0.13> <Mt= 0.00> <Spt= 0.00> <nCl= 30> <al=0.39> <DB=-6873.6253> <Mlp=  987.9852> <PB=1000000> 
<DWph=2> <it= 29> <et=0.13> <Mt= 0.00> <Spt= 0.00> <nCl= 30> <al=0.45> <DB=-5906.8965> <Mlp=  917.3322> <PB=1000000> 
<DWph=2> <it= 30> <et=0.14> <Mt= 0.01> <Spt= 0.01> <nCl= 30> <al=0.50> <DB=-4418.3242> <Mlp=  871.7357> <PB=1000000> 
<DWph=2> <it= 31> <et=0.14> <Mt= 0.00> <Spt= 0.00> <nCl= 30> <al=0.55> <DB=-4241.5275> <Mlp=  809.3183> <PB=1000000> 
<DWph=2> <it= 32> <et=0.15> <Mt= 0.00> <Spt= 0.00> <nCl= 30> <al=0.60> <DB=-3558.7035> <Mlp=  769.2707> <PB=1000000> 
<DWph=2> <it= 33> <et=0.15> <Mt= 0.00> <Spt= 0.00> <nCl= 30> <al=0.64> <DB=-2888.0856> <Mlp=  743.5972> <PB=1000000> 
<DWph=2> <it= 34> <et=0.16> <Mt= 0.00> <Spt= 0.01> <nCl= 30> <al=0.67> <DB=-2180.2013> <Mlp=  701.2595> <PB=1000000> 
<DWph=2> <it= 35> <et=0.17> <Mt= 0.01> <Spt= 0.00> <nCl= 30> <al=0.57> <DB=-1938.5844> <Mlp=  660.5814> <PB=1000000> 
<DWph=2> <it= 36> <et=0.17> <Mt= 0.00> <Spt= 0.00> <nCl= 30> <al=0.62> <DB=-1057.9642> <Mlp=  636.2391> <PB=1000000> 
<DWph=2> <it= 37> <et=0.18> <Mt= 0.00> <Spt= 0.01> <nCl= 30> <al=0.52> <DB= -464.8687> <Mlp=  611.6983> <PB=1000000> 
<DWph=2> <it= 38> <et=0.18> <Mt= 0.00> <Spt= 0.00> <nCl= 30> <al=0.56> <DB=   52.3129> <Mlp=  599.7607> <PB=1000000> 
<DWph=2> <it= 39> <et=0.19> <Mt= 0.00> <Spt= 0.00> <nCl= 30> <al=0.46> <DB=  325.6584> <Mlp=  586.6850> <PB=1000000> 
<DWph=2> <it= 40> <et=0.19> <Mt= 0.01> <Spt= 0.01> <nCl= 30> <al=0.52> <DB=  428.9193> <Mlp=  576.3521> <PB=1000000> 
<DWph=2> <it= 41> <et=0.19> <Mt= 0.00> <Spt= 0.00> <nCl= 28> <al=0.57> <DB=  508.5338> <Mlp=  572.2803> <PB=1000000> 
<DWph=2> <it= 42> <et=0.20> <Mt= 0.00> <Spt= 0.00> <nCl= 29> <al=0.47> <DB=  489.9256> <Mlp=  567.1687> <PB=1000000> 
<DWph=2> <it= 43> <et=0.20> <Mt= 0.00> <Spt= 0.00> <nCl= 28> <al=0.52> <DB=  534.5022> <Mlp=  564.1681> <PB=1000000> 
<DWph=2> <it= 44> <et=0.21> <Mt= 0.00> <Spt= 0.01> <nCl= 24> <al=0.57> <DB=  528.2923> <Mlp=  562.3383> <PB=1000000> 
<DWph=2> <it= 45> <et=0.21> <Mt= 0.00> <Spt= 0.00> <nCl= 16> <al=0.61> <DB=  537.6332> <Mlp=  558.7209> <PB=1000000> 
<DWph=2> <it= 46> <et=0.22> <Mt= 0.00> <Spt= 0.00> <nCl= 10> <al=0.65> <DB=  544.0087> <Mlp=  558.1221> <PB=1000000> 
<DWph=2> <it= 47> <et=0.22> <Mt= 0.01> <Spt= 0.01> <nCl= 17> <al=0.68> <DB=  545.1722> <Mlp=  557.8393> <PB=1000000> 
<DWph=2> <it= 48> <et=0.22> <Mt= 0.00> <Spt= 0.00> <nCl= 17> <al=0.58> <DB=  545.0074> <Mlp=  557.4596> <PB=1000000> 
<DWph=2> <it= 49> <et=0.23> <Mt= 0.00> <Spt= 0.00> <nCl=  9> <al=0.63> <DB=  550.6190> <Mlp=  557.0076> <PB=1000000> 
<DWph=2> <it= 50> <et=0.23> <Mt= 0.00> <Spt= 0.00> <nCl= 10> <al=0.66> <DB=  552.2410> <Mlp=  556.9909> <PB=1000000> 
<DWph=2> <it= 51> <et=0.24> <Mt= 0.00> <Spt= 0.01> <nCl= 14> <al=0.70> <DB=  548.1001> <Mlp=  556.8861> <PB=1000000> 
<DWph=2> <it= 52> <et=0.24> <Mt= 0.00> <Spt= 0.00> <nCl=  4> <al=0.73> <DB=  553.4238> <Mlp=  556.5839> <PB=1000000> 
<DWph=2> <it= 53> <et=0.24> <Mt= 0.00> <Spt= 0.00> <nCl=  3> <al=0.63> <DB=  553.9492> <Mlp=  556.5210> <PB=1000000> 
<DWph=2> <it= 54> <et=0.25> <Mt= 0.00> <Spt= 0.01> <nCl=  8> <al=0.33> <DB=  554.7121> <Mlp=  556.5210> <PB=1000000> 
<DWph=2> <it= 55> <et=0.26> <Mt= 0.00> <Spt= 0.00> <nCl=  3> <al=0.13> <DB=  556.0746> <Mlp=  556.5107> <PB=1000000> 
<DWph=2> <it= 56> <et=0.26> <Mt= 0.00> <Spt= 0.01> <nCl=  3> <al=0.00> <DB=  556.5069> <Mlp=  556.5069> <PB=1000000> 
<DWph=1> <it= 57> <et=0.27> <Mt= 0.00> <Spt= 0.00> <nCl= 15> <al=0.36> <DB=  546.4337> <Mlp=  556.5069> <PB=1000000> 
<DWph=1> <it= 58> <et=0.27> <Mt= 0.00> <Spt= 0.01> <nCl= 10> <al=0.26> <DB=  547.9056> <Mlp=  556.1694> <PB=1000000> 
<DWph=1> <it= 59> <et=0.28> <Mt= 0.01> <Spt= 0.01> <nCl=  5> <al=0.34> <DB=  553.0162> <Mlp=  555.6302> <PB=1000000> 
<DWph=1> <it= 60> <et=0.29> <Mt= 0.00> <Spt= 0.00> <nCl=  4> <al=0.24> <DB=  552.6535> <Mlp=  555.6126> <PB=1000000> 
<DWph=1> <it= 61> <et=0.29> <Mt= 0.00> <Spt= 0.01> <nCl=  5> <al=0.14> <DB=  554.7458> <Mlp=  555.5829> <PB=1000000> 
<DWph=1> <it= 62> <et=0.30> <Mt= 0.00> <Spt= 0.00> <nCl=  3> <al=0.22> <DB=  553.8330> <Mlp=  555.5780> <PB=1000000> 
<DWph=1> <it= 63> <et=0.31> <Mt= 0.00> <Spt= 0.01> <nCl=  4> <al=0.30> <DB=  554.3682> <Mlp=  555.5643> <PB=1000000> 
<DWph=1> <it= 64> <et=0.32> <Mt= 0.00> <Spt= 0.01> <nCl=  3> <al=0.00> <DB=  555.5450> <Mlp=  555.5450> <PB=1000000> 
    RCSP exact solver info for graph G_1 : TT = 0.011149, pt = 1e-05, dt = 0.009836, ct = 0.001024, ndl = 2', bdl = 76', odl = 4', odf = 26', bsi = 1', cnt = 4', bdch = 777', odch = 50', lcp = 38', #sols = 150
    RCSP exact solver info for graph G_1 : TT = 0.009442, pt = 2.1e-05, dt = 0.008127, ct = 0.00102, ndl = 2', bdl = 76', odl = 4', odf = 26', bsi = 1', cnt = 4', bdch = 777', odch = 50', lcp = 38', #sols = 150
<DWph=0> <it= 65> <et=0.34> <Mt= 0.00> <Spt= 0.02> <nCl= 68> <al=0.00> <DB=  555.5450> <Mlp=  555.5450> <PB=1000000> 
Dynamic params and stats :  aver.obdmd = 22.6964 aver.buck.num. = 25
@@ 1 0 555.545 0.0100035 0.01086 87.9409 0.34
Labels distribution in buckets (bucket size) : largest - 32, top 0.1% - 32, top 0.5% - 29, top 2% - 22, top 10% - 12, top 50% - 2
Reduced cost fixing for graph G_1... 59132 buck. arcs remain (95.7% from prev., 84.2% from max.) + 0 jump buck. arcs (0% from max.)
 TT = 0.077327, pt = 0.004137, dt = 0.037407, ct = 0.03566, ndl = 11', bdl = 357', odl = 6', odf = 65', lpcb = 59', cnt = 686', bdch = 5046', odch = 294', lcp = 185'
Labels distribution in buckets (bucket size) : largest - 32, top 0.1% - 32, top 0.5% - 30, top 2% - 24, top 10% - 14, top 50% - 3
Run forward enumeration with border = 85... not succeeded (ratio 0.980781) lpt = 0.005447, ndl = 8', dl = 0', lpcb = 0', dch = 4'
 TT = 0.008121, pt = 0.001781, dt = 0.005447, ct = 0, ndl = 8', bdl = 0', cnt = 25', bdch = 4', odch = 0', lcp = 0'
ColGenEvalAlg final dual bound: 555.545 (rounded: 556)
In total 1 RCC cut(s) are found by the connected components heuristic 
Shrinking heuristic shrunk 7 edges
In total 8 RCC cut(s) are found by the Fractional capacity min-cut heuristic 
In total 33 RCC cut(s) are found by the greedy construction heuristic 
----- Add fac. cuts : CAP(42), max.viol = 0.722003, aver.viol = 0.159612, sep/add took 0.00944665/0.01968 sec. -----
1532 columns (1532 active), 42 dyn. constrs. (42 active), 152 art. vars. (152 active)
<DWph=2> <it=  1> <et=0.47> <Mt= 0.01> <Spt= 0.01> <nCl= 22> <al=0.50> <DB=  519.3961> <Mlp=  560.9354> <PB=1000000> 
<DWph=2> <it=  2> <et=0.48> <Mt= 0.00> <Spt= 0.00> <nCl=  4> <al=0.55> <DB=  555.8610> <Mlp=  560.0278> <PB=1000000> 
<DWph=2> <it=  3> <et=0.49> <Mt= 0.00> <Spt= 0.00> <nCl= 15> <al=0.60> <DB=  550.9859> <Mlp=  559.9544> <PB=1000000> 
<DWph=2> <it=  4> <et=0.49> <Mt= 0.01> <Spt= 0.01> <nCl=  3> <al=0.64> <DB=  557.1026> <Mlp=  559.3353> <PB=1000000> 
<DWph=2> <it=  5> <et=0.50> <Mt= 0.00> <Spt= 0.00> <nCl=  6> <al=0.67> <DB=  556.8104> <Mlp=  559.3062> <PB=1000000> 
<DWph=2> <it=  6> <et=0.50> <Mt= 0.00> <Spt= 0.00> <nCl=  2> <al=0.70> <DB=  556.2639> <Mlp=  559.1812> <PB=1000000> 
<DWph=2> <it=  7> <et=0.51> <Mt= 0.01> <Spt= 0.01> <nCl=  2> <al=0.47> <DB=  557.7574> <Mlp=  559.1617> <PB=1000000> 
<DWph=2> <it=  8> <et=0.52> <Mt= 0.00> <Spt= 0.00> <nCl=  5> <al=0.63> <DB=  555.0523> <Mlp=  559.1071> <PB=1000000> 
<DWph=2> <it=  9> <et=0.52> <Mt= 0.00> <Spt= 0.01> <nCl=  1> <al=0.67> <DB=  558.1741> <Mlp=  559.0233> <PB=1000000> 
<DWph=2> <it= 10> <et=0.54> <Mt= 0.00> <Spt= 0.00> <nCl=  9> <al=0.00> <DB=  555.6329> <Mlp=  558.9985> <PB=1000000> 
<DWph=2> <it= 11> <et=0.54> <Mt= 0.01> <Spt= 0.01> <nCl=  4> <al=0.00> <DB=  558.3117> <Mlp=  558.9716> <PB=1000000> 
<DWph=2> <it= 12> <et=0.55> <Mt= 0.00> <Spt= 0.01> <nCl=  1> <al=0.00> <DB=  558.9708> <Mlp=  558.9708> <PB=1000000> 
<DWph=1> <it= 13> <et=0.56> <Mt= 0.00> <Spt= 0.00> <nCl=  9> <al=0.27> <DB=  553.2732> <Mlp=  558.9708> <PB=1000000> 
<DWph=1> <it= 14> <et=0.57> <Mt= 0.00> <Spt= 0.01> <nCl=  2> <al=0.00> <DB=  558.8510> <Mlp=  558.8510> <PB=1000000> 
    RCSP exact solver info for graph G_1 : TT = 0.008673, pt = 1e-05, dt = 0.007479, ct = 0.000936, ndl = 2', bdl = 72', odl = 3', odf = 25', bsi = 1', cnt = 4', bdch = 672', odch = 45', lcp = 34', #sols = 150
<DWph=0> <it= 15> <et=0.59> <Mt= 0.00> <Spt= 0.02> <nCl= 42> <al=0.07> <DB=  554.8913> <Mlp=  558.8510> <PB=1000000> 
    RCSP exact solver info for graph G_1 : TT = 0.00895, pt = 1.9e-05, dt = 0.007702, ct = 0.000961, ndl = 2', bdl = 74', odl = 3', odf = 25', bsi = 1', cnt = 4', bdch = 704', odch = 47', lcp = 36', #sols = 150
    RCSP exact solver info for graph G_1 : TT = 0.008882, pt = 1.7e-05, dt = 0.007662, ct = 0.000948, ndl = 2', bdl = 74', odl = 3', odf = 25', bsi = 1', cnt = 4', bdch = 701', odch = 47', lcp = 36', #sols = 150
<DWph=0> <it= 16> <et=0.61> <Mt= 0.00> <Spt= 0.02> <nCl=  3> <al=0.00> <DB=  558.8176> <Mlp=  558.8176> <PB=1000000> 
Dynamic params and stats :  aver.obdmd = 22.6964 aver.buck.num. = 25
@@ 1 1 558.818 0.00856267 0.008663 84.1689 0.61
    Full reduced cost fixing is not called (gap ratio is 0.999997)
ColGenEvalAlg final dual bound: 558.818 (rounded: 559)
False gap improvement since the last cut separation : 0.0589069 (555.545)
Current active cuts : CAP(8,68.0499)
Shrinking heuristic shrunk 7 edges
In total 8 RCC cut(s) are found by the greedy construction heuristic 
In total 1 RCC cut(s) are found by the global pool greedy search heuristic 
----- Add fac. cuts : CAP(9), max.viol = 0.135834, aver.viol = 0.0566787, sep/add took 0.00869366/0.00627303 sec. -----
1662 columns (1662 active), 51 dyn. constrs. (17 active), 161 art. vars. (127 active)
<DWph=2> <it=  1> <et=0.63> <Mt= 0.01> <Spt= 0.00> <nCl=  5> <al=0.00> <DB=  558.9150> <Mlp=  558.9150> <PB=1000000> 
<DWph=1> <it=  2> <et=0.65> <Mt= 0.00> <Spt= 0.01> <nCl=  0> <al=0.00> <DB=  558.9150> <Mlp=  558.9150> <PB=1000000> 
    RCSP exact solver info for graph G_1 : TT = 0.008842, pt = 1e-05, dt = 0.007608, ct = 0.000952, ndl = 2', bdl = 73', odl = 3', odf = 25', bsi = 1', cnt = 4', bdch = 696', odch = 47', lcp = 35', #sols = 150
    RCSP exact solver info for graph G_1 : TT = 0.008827, pt = 1.7e-05, dt = 0.007604, ct = 0.000942, ndl = 2', bdl = 73', odl = 3', odf = 25', bsi = 1', cnt = 4', bdch = 696', odch = 47', lcp = 35', #sols = 150
<DWph=0> <it=  3> <et=0.67> <Mt= 0.00> <Spt= 0.02> <nCl=  4> <al=0.00> <DB=  558.9150> <Mlp=  558.9150> <PB=1000000> 
Dynamic params and stats :  aver.obdmd = 22.6964 aver.buck.num. = 25
@@ 1 2 558.915 0.008553 0.00856 84.1689 0.67
    Full reduced cost fixing is not called (gap ratio is 0.999997)
ColGenEvalAlg final dual bound: 558.915 (rounded: 559)
False gap improvement since the last cut separation : 0.00174233 (558.818)
Cut generation tailing off counter increased to 1
Current active cuts : CAP(9,68.3369)
Shrinking heuristic shrunk 6 edges
5 Rank-1 1-rows pack. cuts added ,  max viol. = 0.308115, aver. viol. = 0.146755
150 Rank-1 3-rows pack. cuts added ,  max viol. = 0.423712, aver. viol. = 0.196104
----- Add fac. cuts : R1C(155), max.viol = 0.423712, aver.viol = 0.197637, sep/add took 0.0101919/0.048783 sec. -----
1671 columns (1671 active), 172 dyn. constrs. (164 active), 316 art. vars. (274 active)
<DWph=2> <it=  1> <et=0.76> <Mt= 0.02> <Spt= 0.01> <nCl= 30> <al=0.50> <DB=  215.0020> <Mlp=  570.4556> <PB=1000000> 
<DWph=2> <it=  2> <et=0.80> <Mt= 0.03> <Spt= 0.01> <nCl= 30> <al=0.55> <DB=  513.7068> <Mlp=  566.4280> <PB=1000000> 
<DWph=2> <it=  3> <et=0.83> <Mt= 0.03> <Spt= 0.01> <nCl= 21> <al=0.60> <DB=  529.5210> <Mlp=  564.9589> <PB=1000000> 
<DWph=2> <it=  4> <et=0.85> <Mt= 0.00> <Spt= 0.00> <nCl=  9> <al=0.64> <DB=  557.2996> <Mlp=  564.3218> <PB=1000000> 
<DWph=2> <it=  5> <et=0.86> <Mt= 0.01> <Spt= 0.01> <nCl= 10> <al=0.67> <DB=  558.5980> <Mlp=  564.1719> <PB=1000000> 
<DWph=2> <it=  6> <et=0.88> <Mt= 0.01> <Spt= 0.00> <nCl=  5> <al=0.70> <DB=  559.4318> <Mlp=  563.6450> <PB=1000000> 
<DWph=2> <it=  7> <et=0.89> <Mt= 0.01> <Spt= 0.01> <nCl= 13> <al=0.73> <DB=  555.2914> <Mlp=  563.4667> <PB=1000000> 
<DWph=2> <it=  8> <et=0.91> <Mt= 0.01> <Spt= 0.00> <nCl=  6> <al=0.76> <DB=  560.3479> <Mlp=  563.2625> <PB=1000000> 
<DWph=2> <it=  9> <et=0.92> <Mt= 0.01> <Spt= 0.01> <nCl=  5> <al=0.78> <DB=  560.9612> <Mlp=  563.1976> <PB=1000000> 
<DWph=2> <it= 10> <et=0.93> <Mt= 0.00> <Spt= 0.01> <nCl= 10> <al=0.68> <DB=  546.5192> <Mlp=  563.1944> <PB=1000000> 
<DWph=2> <it= 11> <et=0.94> <Mt= 0.00> <Spt= 0.00> <nCl=  2> <al=0.72> <DB=  554.1705> <Mlp=  562.9363> <PB=1000000> 
<DWph=2> <it= 12> <et=0.95> <Mt= 0.01> <Spt= 0.01> <nCl=  4> <al=0.62> <DB=  560.4784> <Mlp=  562.9363> <PB=1000000> 
<DWph=2> <it= 13> <et=0.95> <Mt= 0.00> <Spt= 0.00> <nCl=  1> <al=0.65> <DB=  561.3750> <Mlp=  562.9363> <PB=1000000> 
<DWph=2> <it= 14> <et=0.96> <Mt= 0.00> <Spt= 0.01> <nCl=  2> <al=0.69> <DB=  557.4147> <Mlp=  562.9363> <PB=1000000> 
<DWph=2> <it= 15> <et=0.97> <Mt= 0.00> <Spt= 0.00> <nCl=  3> <al=0.59> <DB=  550.6021> <Mlp=  562.9363> <PB=1000000> 
<DWph=2> <it= 16> <et=0.98> <Mt= 0.00> <Spt= 0.01> <nCl=  8> <al=0.26> <DB=  557.4408> <Mlp=  562.9363> <PB=1000000> 
<DWph=2> <it= 17> <et=0.99> <Mt= 0.01> <Spt= 0.01> <nCl=  5> <al=0.53> <DB=  562.4145> <Mlp=  562.9363> <PB=1000000> 
<DWph=2> <it= 18> <et=1.00> <Mt= 0.00> <Spt= 0.01> <nCl= 11> <al=0.43> <DB=  559.9048> <Mlp=  562.9363> <PB=1000000> 
<DWph=2> <it= 19> <et=1.01> <Mt= 0.00> <Spt= 0.00> <nCl=  4> <al=0.49> <DB=  557.1836> <Mlp=  562.9235> <PB=1000000> 
<DWph=2> <it= 20> <et=1.02> <Mt= 0.00> <Spt= 0.01> <nCl=  2> <al=0.54> <DB=  560.6292> <Mlp=  562.9235> <PB=1000000> 
<DWph=2> <it= 21> <et=1.02> <Mt= 0.01> <Spt= 0.00> <nCl=  4> <al=0.58> <DB=  560.3518> <Mlp=  562.9174> <PB=1000000> 
<DWph=2> <it= 22> <et=1.04> <Mt= 0.00> <Spt= 0.02> <nCl=  3> <al=0.25> <DB=  562.6830> <Mlp=  562.9073> <PB=1000000> 
<DWph=2> <it= 23> <et=1.06> <Mt= 0.00> <Spt= 0.01> <nCl=  2> <al=0.00> <DB=  562.9073> <Mlp=  562.9073> <PB=1000000> 
<DWph=1> <it= 24> <et=1.07> <Mt= 0.00> <Spt= 0.02> <nCl= 16> <al=0.43> <DB=  548.9959> <Mlp=  562.9073> <PB=1000000> 
<DWph=1> <it= 25> <et=1.09> <Mt= 0.01> <Spt= 0.01> <nCl= 10> <al=0.33> <DB=  558.1423> <Mlp=  562.7516> <PB=1000000> 
<DWph=1> <it= 26> <et=1.11> <Mt= 0.00> <Spt= 0.01> <nCl= 12> <al=0.39> <DB=  538.8650> <Mlp=  562.7004> <PB=1000000> 
<DWph=1> <it= 27> <et=1.13> <Mt= 0.01> <Spt= 0.01> <nCl=  5> <al=0.45> <DB=  560.4993> <Mlp=  562.6711> <PB=1000000> 
<DWph=1> <it= 28> <et=1.14> <Mt= 0.00> <Spt= 0.02> <nCl=  3> <al=0.51> <DB=  560.8317> <Mlp=  562.6711> <PB=1000000> 
<DWph=1> <it= 29> <et=1.16> <Mt= 0.00> <Spt= 0.01> <nCl=  4> <al=0.56> <DB=  561.6345> <Mlp=  562.6711> <PB=1000000> 
<DWph=1> <it= 30> <et=1.17> <Mt= 0.01> <Spt= 0.01> <nCl=  5> <al=0.60> <DB=  561.6897> <Mlp=  562.6711> <PB=1000000> 
<DWph=1> <it= 31> <et=1.21> <Mt= 0.00> <Spt= 0.04> <nCl=  4> <al=0.00> <DB=  562.6711> <Mlp=  562.6711> <PB=1000000> 
    RCSP exact solver info for graph G_1 : TT = 0.033904, pt = 0.000353, dt = 0.029454, ct = 0.003723, ndl = 4', bdl = 108', odl = 4', odf = 35', bsi = 1', cnt = 45', bdch = 1342', odch = 112', lcp = 70', #sols = 150
<DWph=0> <it= 32> <et=1.26> <Mt= 0.00> <Spt= 0.04> <nCl=100> <al=0.54> <DB=  547.2978> <Mlp=  562.6711> <PB=1000000> 
    RCSP exact solver info for graph G_1 : TT = 0.028017, pt = 0.000493, dt = 0.023365, ct = 0.003785, ndl = 4', bdl = 107', odl = 4', odf = 35', bsi = 1', cnt = 45', bdch = 1356', odch = 111', lcp = 71', #sols = 150
<DWph=0> <it= 33> <et=1.30> <Mt= 0.01> <Spt= 0.03> <nCl= 32> <al=0.54> <DB=  554.3229> <Mlp=  562.6335> <PB=1000000> 
    RCSP exact solver info for graph G_1 : TT = 0.027468, pt = 0.000466, dt = 0.022919, ct = 0.003732, ndl = 4', bdl = 104', odl = 4', odf = 35', bsi = 1', cnt = 43', bdch = 1308', odch = 108', lcp = 69', #sols = 150
<DWph=0> <it= 34> <et=1.33> <Mt= 0.00> <Spt= 0.03> <nCl= 13> <al=0.44> <DB=  558.9608> <Mlp=  562.6334> <PB=1000000> 
    RCSP exact solver info for graph G_1 : TT = 0.027128, pt = 0.00046, dt = 0.022665, ct = 0.003666, ndl = 4', bdl = 104', odl = 4', odf = 34', bsi = 1', cnt = 41', bdch = 1289', odch = 104', lcp = 67', #sols = 150
<DWph=0> <it= 35> <et=1.36> <Mt= 0.00> <Spt= 0.03> <nCl=  4> <al=0.34> <DB=  561.3777> <Mlp=  562.6334> <PB=1000000> 
    RCSP exact solver info for graph G_1 : TT = 0.026974, pt = 0.000457, dt = 0.022543, ct = 0.003645, ndl = 4', bdl = 104', odl = 4', odf = 34', bsi = 1', cnt = 40', bdch = 1278', odch = 103', lcp = 66', #sols = 150
<DWph=0> <it= 36> <et=1.39> <Mt= 0.00> <Spt= 0.03> <nCl=  9> <al=0.24> <DB=  561.6553> <Mlp=  562.6334> <PB=1000000> 
    RCSP exact solver info for graph G_1 : TT = 0.027058, pt = 0.000464, dt = 0.022618, ct = 0.003633, ndl = 4', bdl = 104', odl = 4', odf = 34', bsi = 1', cnt = 41', bdch = 1286', odch = 103', lcp = 66', #sols = 150
<DWph=0> <it= 37> <et=1.42> <Mt= 0.01> <Spt= 0.03> <nCl=  4> <al=0.32> <DB=  562.1729> <Mlp=  562.6334> <PB=1000000> 
    RCSP exact solver info for graph G_1 : TT = 0.026959, pt = 0.000466, dt = 0.022552, ct = 0.003609, ndl = 4', bdl = 103', odl = 4', odf = 34', bsi = 1', cnt = 40', bdch = 1274', odch = 102', lcp = 66', #sols = 150
    RCSP exact solver info for graph G_1 : TT = 0.026068, pt = 0.000401, dt = 0.021745, ct = 0.003583, ndl = 4', bdl = 103', odl = 4', odf = 34', bsi = 1', cnt = 40', bdch = 1261', odch = 102', lcp = 66', #sols = 150
<DWph=0> <it= 38> <et=1.49> <Mt= 0.00> <Spt= 0.06> <nCl= 16> <al=0.00> <DB=  562.6334> <Mlp=  562.6334> <PB=1000000> 
Dynamic params and stats :  aver.obdmd = 22.6964 aver.buck.num. = 25 nbR1C = 61 with avMem = 6.96721
@@ 1 3 562.633 0.0271546 0.033177 84.1689 1.49
    Full reduced cost fixing is not called (gap ratio is 0.999993)
ColGenEvalAlg final dual bound: 562.633 (rounded: 563)
False gap improvement since the last cut separation : 0.0665303 (558.915)
Current active cuts : CAP(5,35.4484) R1C(3+58,51.9988) 1rowPackR1C(3) 3rowPackR1C(58)
Shrinking heuristic shrunk 10 edges
In total 1 RCC cut(s) are found by the Fractional capacity min-cut heuristic 
In total 2 RCC cut(s) are found by the greedy construction heuristic 
In total 1 RCC cut(s) are found by the global pool greedy search heuristic 
5 Rank-1 1-rows pack. cuts added ,  max viol. = 0.365928, aver. viol. = 0.169074
150 Rank-1 3-rows pack. cuts added ,  max viol. = 0.324441, aver. viol. = 0.114667
----- Add fac. cuts : CAP(4) R1C(155), max.viol = 0.365928, aver.viol = 0.127923, sep/add took 0.00875013/0.0670384 sec. -----
2098 columns (2098 active), 323 dyn. constrs. (228 active), 475 art. vars. (338 active)
<DWph=2> <it=  1> <et=1.61> <Mt= 0.03> <Spt= 0.01> <nCl= 15> <al=0.50> <DB=  553.3724> <Mlp=  565.7734> <PB=1000000> 
<DWph=2> <it=  2> <et=1.63> <Mt= 0.02> <Spt= 0.00> <nCl=  8> <al=0.55> <DB=  563.3899> <Mlp=  565.5705> <PB=1000000> 
<DWph=2> <it=  3> <et=1.66> <Mt= 0.02> <Spt= 0.01> <nCl= 10> <al=0.60> <DB=  558.5600> <Mlp=  565.3866> <PB=1000000> 
<DWph=2> <it=  4> <et=1.70> <Mt= 0.03> <Spt= 0.01> <nCl=  8> <al=0.64> <DB=  556.9940> <Mlp=  564.8889> <PB=1000000> 
<DWph=2> <it=  5> <et=1.72> <Mt= 0.01> <Spt= 0.01> <nCl=  4> <al=0.67> <DB=  558.3923> <Mlp=  564.8741> <PB=1000000> 
<DWph=2> <it=  6> <et=1.73> <Mt= 0.01> <Spt= 0.00> <nCl=  2> <al=0.70> <DB=  561.8054> <Mlp=  564.8741> <PB=1000000> 
<DWph=2> <it=  7> <et=1.75> <Mt= 0.01> <Spt= 0.01> <nCl=  5> <al=0.60> <DB=  562.2408> <Mlp=  564.8741> <PB=1000000> 
<DWph=2> <it=  8> <et=1.77> <Mt= 0.01> <Spt= 0.01> <nCl=  1> <al=0.50> <DB=  562.6522> <Mlp=  564.8741> <PB=1000000> 
<DWph=2> <it=  9> <et=1.79> <Mt= 0.01> <Spt= 0.01> <nCl=  8> <al=0.11> <DB=  552.6106> <Mlp=  564.8741> <PB=1000000> 
<DWph=2> <it= 10> <et=1.81> <Mt= 0.01> <Spt= 0.02> <nCl=  8> <al=0.00> <DB=  554.9822> <Mlp=  564.8671> <PB=1000000> 
<DWph=2> <it= 11> <et=1.83> <Mt= 0.00> <Spt= 0.00> <nCl=  1> <al=0.35> <DB=  563.3270> <Mlp=  564.8671> <PB=1000000> 
<DWph=2> <it= 12> <et=1.84> <Mt= 0.01> <Spt= 0.02> <nCl=  1> <al=0.00> <DB=  564.4593> <Mlp=  564.8671> <PB=1000000> 
<DWph=2> <it= 13> <et=1.86> <Mt= 0.00> <Spt= 0.01> <nCl=  4> <al=0.00> <DB=  558.1775> <Mlp=  564.8671> <PB=1000000> 
<DWph=2> <it= 14> <et=1.87> <Mt= 0.01> <Spt= 0.00> <nCl=  2> <al=0.05> <DB=  562.1203> <Mlp=  564.8671> <PB=1000000> 
<DWph=2> <it= 15> <et=1.89> <Mt= 0.00> <Spt= 0.02> <nCl=  0> <al=0.00> <DB=  564.8671> <Mlp=  564.8671> <PB=1000000> 
<DWph=1> <it= 16> <et=1.90> <Mt= 0.00> <Spt= 0.01> <nCl= 16> <al=0.05> <DB=  548.1069> <Mlp=  564.8671> <PB=1000000> 
<DWph=1> <it= 17> <et=1.93> <Mt= 0.02> <Spt= 0.01> <nCl=  8> <al=0.14> <DB=  553.8212> <Mlp=  564.7888> <PB=1000000> 
<DWph=1> <it= 18> <et=1.96> <Mt= 0.01> <Spt= 0.02> <nCl= 15> <al=0.04> <DB=  548.0503> <Mlp=  564.7667> <PB=1000000> 
<DWph=1> <it= 19> <et=1.99> <Mt= 0.01> <Spt= 0.01> <nCl=  6> <al=0.14> <DB=  560.2304> <Mlp=  564.7667> <PB=1000000> 
<DWph=1> <it= 20> <et=2.01> <Mt= 0.01> <Spt= 0.02> <nCl=  6> <al=0.23> <DB=  551.7298> <Mlp=  564.7661> <PB=1000000> 
<DWph=1> <it= 21> <et=2.04> <Mt= 0.01> <Spt= 0.01> <nCl=  5> <al=0.30> <DB=  559.3338> <Mlp=  564.7630> <PB=1000000> 
<DWph=1> <it= 22> <et=2.05> <Mt= 0.01> <Spt= 0.02> <nCl=  1> <al=0.37> <DB=  562.9376> <Mlp=  564.7627> <PB=1000000> 
<DWph=1> <it= 23> <et=2.07> <Mt= 0.00> <Spt= 0.01> <nCl=  2> <al=0.27> <DB=  561.2247> <Mlp=  564.7621> <PB=1000000> 
<DWph=1> <it= 24> <et=2.09> <Mt= 0.01> <Spt= 0.02> <nCl=  2> <al=0.35> <DB=  553.8871> <Mlp=  564.7608> <PB=1000000> 
<DWph=1> <it= 25> <et=2.12> <Mt= 0.00> <Spt= 0.02> <nCl=  3> <al=0.00> <DB=  550.5837> <Mlp=  564.7597> <PB=1000000> 
<DWph=1> <it= 26> <et=2.15> <Mt= 0.02> <Spt= 0.02> <nCl=  3> <al=0.31> <DB=  559.7575> <Mlp=  564.7365> <PB=1000000> 
<DWph=1> <it= 27> <et=2.17> <Mt= 0.00> <Spt= 0.01> <nCl=  4> <al=0.21> <DB=  561.6890> <Mlp=  564.7355> <PB=1000000> 
<DWph=1> <it= 28> <et=2.19> <Mt= 0.00> <Spt= 0.02> <nCl=  1> <al=0.11> <DB=  563.1333> <Mlp=  564.7355> <PB=1000000> 
<DWph=1> <it= 29> <et=2.21> <Mt= 0.01> <Spt= 0.01> <nCl=  3> <al=0.01> <DB=  561.1746> <Mlp=  564.7354> <PB=1000000> 
<DWph=1> <it= 30> <et=2.24> <Mt= 0.00> <Spt= 0.03> <nCl=  2> <al=0.00> <DB=  564.5992> <Mlp=  564.7343> <PB=1000000> 
<DWph=1> <it= 31> <et=2.27> <Mt= 0.01> <Spt= 0.02> <nCl=  0> <al=0.00> <DB=  564.7343> <Mlp=  564.7343> <PB=1000000> 
    RCSP exact solver info for graph G_1 : TT = 0.047808, pt = 0.000547, dt = 0.038011, ct = 0.008887, ndl = 6', bdl = 135', odl = 4', odf = 46', bsi = 1', cnt = 141', bdch = 2149', odch = 244', lcp = 142', #sols = 150
<DWph=0> <it= 32> <et=2.34> <Mt= 0.00> <Spt= 0.07> <nCl=150> <al=0.00> <DB=  550.5691> <Mlp=  564.7343> <PB=1000000> 
    RCSP exact solver info for graph G_1 : TT = 0.045884, pt = 0.000766, dt = 0.036119, ct = 0.008583, ndl = 6', bdl = 132', odl = 4', odf = 46', bsi = 1', cnt = 117', bdch = 2082', odch = 222', lcp = 135', #sols = 150
<DWph=0> <it= 33> <et=2.43> <Mt= 0.03> <Spt= 0.05> <nCl= 63> <al=0.02> <DB=  552.3325> <Mlp=  564.5687> <PB=1000000> 
    RCSP exact solver info for graph G_1 : TT = 0.044183, pt = 0.000777, dt = 0.035139, ct = 0.007853, ndl = 5', bdl = 127', odl = 4', odf = 44', bsi = 1', cnt = 94', bdch = 1914', odch = 201', lcp = 124', #sols = 150
<DWph=0> <it= 34> <et=2.49> <Mt= 0.02> <Spt= 0.05> <nCl= 21> <al=0.12> <DB=  563.1313> <Mlp=  564.5616> <PB=1000000> 
    RCSP exact solver info for graph G_1 : TT = 0.047315, pt = 0.000855, dt = 0.037205, ct = 0.008731, ndl = 5', bdl = 129', odl = 4', odf = 44', bsi = 1', cnt = 99', bdch = 1969', odch = 211', lcp = 128', #sols = 150
    RCSP exact solver info for graph G_1 : TT = 0.043947, pt = 0.000719, dt = 0.034948, ct = 0.007865, ndl = 5', bdl = 129', odl = 4', odf = 44', bsi = 1', cnt = 99', bdch = 1980', odch = 213', lcp = 129', #sols = 150
<DWph=0> <it= 35> <et=2.60> <Mt= 0.00> <Spt= 0.10> <nCl= 19> <al=0.00> <DB=  564.5533> <Mlp=  564.5533> <PB=1000000> 
Dynamic params and stats :  aver.obdmd = 22.6964 aver.buck.num. = 25 nbR1C = 97 with avMem = 7.58763
@@ 1 4 564.553 0.0446682 0.046898 84.1689 2.6
    Full reduced cost fixing is not called (gap ratio is 0.999991)
ColGenEvalAlg final dual bound: 564.553 (rounded: 565)
False gap improvement since the last cut separation : 0.0341229 (562.633)
Current active cuts : CAP(3,-2.47412) R1C(4+93,70.0595) 1rowPackR1C(4) 3rowPackR1C(93)
Shrinking heuristic shrunk 9 edges
In total 1 RCC cut(s) are found by the Fractional capacity min-cut heuristic 
3 Rank-1 1-rows pack. cuts added ,  max viol. = 0.13198, aver. viol. = 0.0744501
150 Rank-1 3-rows pack. cuts added ,  max viol. = 0.304569, aver. viol. = 0.100068
----- Add fac. cuts : CAP(1) R1C(153), max.viol = 0.304569, aver.viol = 0.102709, sep/add took 0.0100429/0.0796393 sec. -----
2505 columns (2505 active), 382 dyn. constrs. (258 active), 629 art. vars. (368 active)
<DWph=2> <it=  1> <et=2.75> <Mt= 0.05> <Spt= 0.01> <nCl=  7> <al=0.50> <DB=  564.2875> <Mlp=  565.3497> <PB=1000000> 
<DWph=2> <it=  2> <et=2.78> <Mt= 0.01> <Spt= 0.01> <nCl=  5> <al=0.10> <DB=  560.9852> <Mlp=  565.3452> <PB=1000000> 
<DWph=2> <it=  3> <et=2.79> <Mt= 0.01> <Spt= 0.01> <nCl=  3> <al=0.45> <DB=  564.6901> <Mlp=  565.3243> <PB=1000000> 
<DWph=2> <it=  4> <et=2.81> <Mt= 0.01> <Spt= 0.02> <nCl=  5> <al=0.01> <DB=  562.6776> <Mlp=  565.3233> <PB=1000000> 
<DWph=2> <it=  5> <et=2.83> <Mt= 0.00> <Spt= 0.00> <nCl=  2> <al=0.41> <DB=  564.8275> <Mlp=  565.3167> <PB=1000000> 
<DWph=2> <it=  6> <et=2.85> <Mt= 0.01> <Spt= 0.02> <nCl=  2> <al=0.00> <DB=  564.8283> <Mlp=  565.3136> <PB=1000000> 
<DWph=2> <it=  7> <et=2.86> <Mt= 0.00> <Spt= 0.00> <nCl=  1> <al=0.36> <DB=  565.0479> <Mlp=  565.3133> <PB=1000000> 
<DWph=2> <it=  8> <et=2.88> <Mt= 0.01> <Spt= 0.02> <nCl=  1> <al=0.00> <DB=  565.3133> <Mlp=  565.3133> <PB=1000000> 
<DWph=1> <it=  9> <et=2.89> <Mt= 0.00> <Spt= 0.01> <nCl=  7> <al=0.33> <DB=  559.1278> <Mlp=  565.3133> <PB=1000000> 
<DWph=1> <it= 10> <et=2.92> <Mt= 0.01> <Spt= 0.02> <nCl=  2> <al=0.40> <DB=  560.4432> <Mlp=  565.3078> <PB=1000000> 
<DWph=1> <it= 11> <et=2.95> <Mt= 0.01> <Spt= 0.01> <nCl=  3> <al=0.30> <DB=  562.8409> <Mlp=  565.2631> <PB=1000000> 
<DWph=1> <it= 12> <et=2.97> <Mt= 0.01> <Spt= 0.02> <nCl=  5> <al=0.37> <DB=  563.7568> <Mlp=  565.2627> <PB=1000000> 
<DWph=1> <it= 13> <et=2.99> <Mt= 0.00> <Spt= 0.01> <nCl=  1> <al=0.27> <DB=  564.2428> <Mlp=  565.2609> <PB=1000000> 
<DWph=1> <it= 14> <et=3.02> <Mt= 0.01> <Spt= 0.03> <nCl=  0> <al=0.00> <DB=  565.2609> <Mlp=  565.2609> <PB=1000000> 
    RCSP exact solver info for graph G_1 : TT = 0.047237, pt = 0.000736, dt = 0.038127, ct = 0.007981, ndl = 6', bdl = 141', odl = 5', odf = 49', bsi = 1', cnt = 119', bdch = 2322', odch = 242', lcp = 146', #sols = 150
<DWph=0> <it= 15> <et=3.08> <Mt= 0.00> <Spt= 0.05> <nCl= 39> <al=0.24> <DB=  559.3212> <Mlp=  565.2609> <PB=1000000> 
    RCSP exact solver info for graph G_1 : TT = 0.046716, pt = 0.000814, dt = 0.038091, ct = 0.007389, ndl = 6', bdl = 138', odl = 5', odf = 47', bsi = 1', cnt = 97', bdch = 2238', odch = 223', lcp = 135', #sols = 150
<DWph=0> <it= 16> <et=3.14> <Mt= 0.01> <Spt= 0.05> <nCl=  9> <al=0.14> <DB=  564.4267> <Mlp=  565.2520> <PB=1000000> 
    RCSP exact solver info for graph G_1 : TT = 0.046594, pt = 0.000811, dt = 0.038022, ct = 0.007334, ndl = 6', bdl = 139', odl = 5', odf = 47', bsi = 1', cnt = 97', bdch = 2256', odch = 219', lcp = 134', #sols = 150
    RCSP exact solver info for graph G_1 : TT = 0.045492, pt = 0.000732, dt = 0.03721, ct = 0.007166, ndl = 6', bdl = 139', odl = 5', odf = 47', bsi = 1', cnt = 96', bdch = 2266', odch = 220', lcp = 135', #sols = 150
<DWph=0> <it= 17> <et=3.24> <Mt= 0.00> <Spt= 0.10> <nCl= 13> <al=0.00> <DB=  565.2519> <Mlp=  565.2519> <PB=1000000> 
Dynamic params and stats :  aver.obdmd = 22.6964 aver.buck.num. = 25 nbR1C = 99 with avMem = 8.18182
@@ 1 5 565.252 0.04533 0.046108 84.1689 3.24
    Full reduced cost fixing is not called (gap ratio is 0.99999)
ColGenEvalAlg final dual bound: 565.252 (rounded: 566)
False gap improvement since the last cut separation : 0.0123745 (564.553)
Separator R1C not in maximum phase
Cut generation tailing off counter increased to 0
Current active cuts : CAP(4,-10.0358) R1C(5+94,77.7724) 1rowPackR1C(5) 3rowPackR1C(94)
Shrinking heuristic shrunk 4 edges
In total 1 RCC cut(s) are found by the greedy construction heuristic 
1 Rank-1 1-rows pack. cuts added ,  max viol. = 0.139382, aver. viol. = 0.139382
101 Rank-1 3-rows pack. cuts added ,  max viol. = 0.0940727, aver. viol. = 0.0435605
Building structures for heuristic rank-1 packing cut separation...done!
81 Rank-1 4-rows pack. cuts added ,  max viol. = 0.123724, aver. viol. = 0.0528786
100 Rank-1 5-rows pack. cuts added ,  max viol. = 0.131832, aver. viol. = 0.102582
----- Add fac. cuts : CAP(1) R1C(283), max.viol = 0.263665, aver.viol = 0.0775998, sep/add took 0.705449/0.167072 sec. -----
2610 columns (2610 active), 542 dyn. constrs. (390 active), 913 art. vars. (500 active)
<DWph=2> <it=  1> <et=4.18> <Mt= 0.04> <Spt= 0.01> <nCl=  5> <al=0.50> <DB=  565.3478> <Mlp=  565.6667> <PB=1000000> 
<DWph=2> <it=  2> <et=4.21> <Mt= 0.03> <Spt= 0.01> <nCl=  1> <al=0.55> <DB=  565.0214> <Mlp=  565.6667> <PB=1000000> 
<DWph=2> <it=  3> <et=4.25> <Mt= 0.01> <Spt= 0.02> <nCl=  5> <al=0.19> <DB=  565.4270> <Mlp=  565.6667> <PB=1000000> 
<DWph=2> <it=  4> <et=4.28> <Mt= 0.02> <Spt= 0.02> <nCl=  1> <al=0.00> <DB=  565.3413> <Mlp=  565.6667> <PB=1000000> 
<DWph=2> <it=  5> <et=4.30> <Mt= 0.00> <Spt= 0.02> <nCl=  1> <al=0.00> <DB=  565.6667> <Mlp=  565.6667> <PB=1000000> 
<DWph=1> <it=  6> <et=4.32> <Mt= 0.01> <Spt= 0.02> <nCl=  8> <al=0.30> <DB=  554.8794> <Mlp=  565.6667> <PB=1000000> 
<DWph=1> <it=  7> <et=4.40> <Mt= 0.05> <Spt= 0.01> <nCl=  3> <al=0.37> <DB=  562.1583> <Mlp=  565.6667> <PB=1000000> 
<DWph=1> <it=  8> <et=4.43> <Mt= 0.02> <Spt= 0.02> <nCl=  1> <al=0.43> <DB=  561.3798> <Mlp=  565.6667> <PB=1000000> 
<DWph=1> <it=  9> <et=4.48> <Mt= 0.01> <Spt= 0.04> <nCl=  1> <al=0.00> <DB=  565.1834> <Mlp=  565.6667> <PB=1000000> 
<DWph=1> <it= 10> <et=4.51> <Mt= 0.01> <Spt= 0.02> <nCl=  1> <al=0.23> <DB=  557.8768> <Mlp=  565.6667> <PB=1000000> 
<DWph=1> <it= 11> <et=4.58> <Mt= 0.05> <Spt= 0.02> <nCl=  1> <al=0.13> <DB=  565.3085> <Mlp=  565.6667> <PB=1000000> 
<DWph=1> <it= 12> <et=4.62> <Mt= 0.01> <Spt= 0.03> <nCl=  0> <al=0.00> <DB=  565.6667> <Mlp=  565.6667> <PB=1000000> 
    RCSP exact solver info for graph G_1 : TT = 0.06848, pt = 0.001059, dt = 0.054814, ct = 0.012174, ndl = 7', bdl = 157', odl = 5', odf = 55', bsi = 1', cnt = 164', bdch = 2831', odch = 322', lcp = 188', #sols = 150
<DWph=0> <it= 13> <et=4.71> <Mt= 0.00> <Spt= 0.09> <nCl= 73> <al=0.12> <DB=  560.5127> <Mlp=  565.6667> <PB=1000000> 
    RCSP exact solver info for graph G_1 : TT = 0.072816, pt = 0.001396, dt = 0.057355, ct = 0.013578, ndl = 7', bdl = 159', odl = 5', odf = 56', bsi = 1', cnt = 173', bdch = 2899', odch = 334', lcp = 192', #sols = 150
<DWph=0> <it= 14> <et=4.86> <Mt= 0.07> <Spt= 0.08> <nCl= 27> <al=0.20> <DB=  564.6129> <Mlp=  565.6667> <PB=1000000> 
    RCSP exact solver info for graph G_1 : TT = 0.073, pt = 0.001441, dt = 0.057724, ct = 0.013339, ndl = 7', bdl = 158', odl = 5', odf = 55', bsi = 1', cnt = 162', bdch = 2852', odch = 321', lcp = 187', #sols = 150
<DWph=0> <it= 15> <et=4.95> <Mt= 0.01> <Spt= 0.07> <nCl=  8> <al=0.10> <DB=  565.5566> <Mlp=  565.6667> <PB=1000000> 
    RCSP exact solver info for graph G_1 : TT = 0.072318, pt = 0.001412, dt = 0.057211, ct = 0.013201, ndl = 7', bdl = 157', odl = 5', odf = 55', bsi = 1', cnt = 162', bdch = 2847', odch = 321', lcp = 187', #sols = 150
    RCSP exact solver info for graph G_1 : TT = 0.067789, pt = 0.001191, dt = 0.05372, ct = 0.01241, ndl = 7', bdl = 157', odl = 5', odf = 55', bsi = 1', cnt = 160', bdch = 2835', odch = 318', lcp = 185', #sols = 150
<DWph=0> <it= 16> <et=5.11> <Mt= 0.01> <Spt= 0.15> <nCl= 15> <al=0.00> <DB=  565.6667> <Mlp=  565.6667> <PB=1000000> 
Dynamic params and stats :  aver.obdmd = 22.6964 aver.buck.num. = 25 nbR1C = 143 with avMem = 9.08392
@@ 1 6 565.667 0.0691052 0.071063 84.1689 5.11
    Full reduced cost fixing is not called (gap ratio is 0.99999)
ColGenEvalAlg final dual bound: 565.667 (rounded: 566)
False gap improvement since the last cut separation : 0.00733764 (565.252)
Cut generation tailing off counter increased to 1
Current active cuts : CAP(5,-12.2247) R1C(6+137,83.8782) 1rowPackR1C(6) 3rowPackR1C(111) 4rowPackR1C(16) 5rowPackR1C(10)
Shrinking heuristic shrunk 27 edges
Building structures for heuristic rank-1 packing cut separation...done!
27 Rank-1 5-rows pack. cuts added ,  max viol. = 0.166667, aver. viol. = 0.166667
----- Add fac. cuts : R1C(27), max.viol = 0.333333, aver.viol = 0.333333, sep/add took 0.18674/0.0171433 sec. -----
2761 columns (2761 active), 417 dyn. constrs. (177 active), 940 art. vars. (287 active)
<DWph=2> <it=  1> <et=5.37> <Mt= 0.04> <Spt= 0.01> <nCl=  6> <al=0.50> <DB=  564.5400> <Mlp=  565.7954> <PB=1000000> 
<DWph=2> <it=  2> <et=5.41> <Mt= 0.03> <Spt= 0.02> <nCl=  8> <al=0.10> <DB=  560.7249> <Mlp=  565.7799> <PB=1000000> 
<DWph=2> <it=  3> <et=5.44> <Mt= 0.00> <Spt= 0.02> <nCl=  1> <al=0.00> <DB=  565.7788> <Mlp=  565.7788> <PB=1000000> 
<DWph=1> <it=  4> <et=5.46> <Mt= 0.01> <Spt= 0.01> <nCl=  4> <al=0.35> <DB=  561.1277> <Mlp=  565.7788> <PB=1000000> 
<DWph=1> <it=  5> <et=5.48> <Mt= 0.00> <Spt= 0.02> <nCl=  2> <al=0.25> <DB=  564.5908> <Mlp=  565.7781> <PB=1000000> 
<DWph=1> <it=  6> <et=5.50> <Mt= 0.01> <Spt= 0.01> <nCl=  2> <al=0.33> <DB=  563.1831> <Mlp=  565.7756> <PB=1000000> 
<DWph=1> <it=  7> <et=5.53> <Mt= 0.01> <Spt= 0.02> <nCl=  2> <al=0.39> <DB=  565.3102> <Mlp=  565.7750> <PB=1000000> 
<DWph=1> <it=  8> <et=5.57> <Mt= 0.00> <Spt= 0.03> <nCl=  1> <al=0.00> <DB=  565.7750> <Mlp=  565.7750> <PB=1000000> 
    RCSP exact solver info for graph G_1 : TT = 0.062188, pt = 0.00092, dt = 0.049853, ct = 0.010892, ndl = 7', bdl = 164', odl = 5', odf = 56', bsi = 1', cnt = 159', bdch = 3033', odch = 319', lcp = 190', #sols = 150
<DWph=0> <it=  9> <et=5.64> <Mt= 0.00> <Spt= 0.07> <nCl= 51> <al=0.19> <DB=  560.7884> <Mlp=  565.7750> <PB=1000000> 
    RCSP exact solver info for graph G_1 : TT = 0.063204, pt = 0.00091, dt = 0.050512, ct = 0.011286, ndl = 7', bdl = 165', odl = 5', odf = 56', bsi = 1', cnt = 162', bdch = 3033', odch = 327', lcp = 195', #sols = 150
<DWph=0> <it= 10> <et=5.72> <Mt= 0.02> <Spt= 0.07> <nCl=  9> <al=0.27> <DB=  563.7816> <Mlp=  565.7643> <PB=1000000> 
    RCSP exact solver info for graph G_1 : TT = 0.063525, pt = 0.000904, dt = 0.050796, ct = 0.011336, ndl = 7', bdl = 165', odl = 5', odf = 57', bsi = 1', cnt = 163', bdch = 3049', odch = 331', lcp = 198', #sols = 150
<DWph=0> <it= 11> <et=5.79> <Mt= 0.01> <Spt= 0.07> <nCl= 12> <al=0.35> <DB=  564.8181> <Mlp=  565.7643> <PB=1000000> 
    RCSP exact solver info for graph G_1 : TT = 0.063048, pt = 0.00091, dt = 0.050368, ct = 0.011298, ndl = 7', bdl = 164', odl = 5', odf = 56', bsi = 1', cnt = 162', bdch = 3011', odch = 328', lcp = 195', #sols = 150
    RCSP exact solver info for graph G_1 : TT = 0.061518, pt = 0.000883, dt = 0.049222, ct = 0.010961, ndl = 7', bdl = 162', odl = 5', odf = 56', bsi = 1', cnt = 160', bdch = 2966', odch = 323', lcp = 193', #sols = 150
<DWph=0> <it= 12> <et=5.93> <Mt= 0.00> <Spt= 0.13> <nCl=  2> <al=0.00> <DB=  565.7643> <Mlp=  565.7643> <PB=1000000> 
Dynamic params and stats :  aver.obdmd = 22.6964 aver.buck.num. = 25 nbR1C = 105 with avMem = 8.94286
@@ 1 7 565.764 0.0613048 0.062132 84.1689 5.93
    Full reduced cost fixing is not called (gap ratio is 0.99999)
ColGenEvalAlg final dual bound: 565.764 (rounded: 566)
False gap improvement since the last cut separation : 0.00172615 (565.667)
Cut generation tailing off counter increased to 2
Current active cuts : CAP(5,-17.241) R1C(6+99,86.6075) 1rowPackR1C(6) 3rowPackR1C(81) 4rowPackR1C(8) 5rowPackR1C(10)
Shrinking heuristic shrunk 3 edges
In total 2 RCC cut(s) are found by the Fractional capacity min-cut heuristic 
In total 4 RCC cut(s) are found by the greedy construction heuristic 
In total 1 RCC cut(s) are found by the global pool greedy search heuristic 
1 Rank-1 1-rows pack. cuts added ,  max viol. = 0.0267122, aver. viol. = 0.0267122
108 Rank-1 3-rows pack. cuts added ,  max viol. = 0.112131, aver. viol. = 0.0419311
Building structures for heuristic rank-1 packing cut separation...done!
61 Rank-1 4-rows pack. cuts added ,  max viol. = 0.156069, aver. viol. = 0.0643213
100 Rank-1 5-rows pack. cuts added ,  max viol. = 0.163776, aver. viol. = 0.120841
----- Add fac. cuts : CAP(7) R1C(270), max.viol = 0.271343, aver.viol = 0.0831464, sep/add took 0.641834/0.180735 sec. -----
2861 columns (2861 active), 454 dyn. constrs. (388 active), 1217 art. vars. (498 active)
<DWph=2> <it=  1> <et=6.84> <Mt= 0.07> <Spt= 0.01> <nCl=  2> <al=0.50> <DB=  565.7105> <Mlp=  566.1273> <PB=1000000> 
<DWph=2> <it=  2> <et=6.87> <Mt= 0.00> <Spt= 0.02> <nCl=  6> <al=0.10> <DB=  563.8957> <Mlp=  566.1267> <PB=1000000> 
<DWph=2> <it=  3> <et=6.91> <Mt= 0.03> <Spt= 0.01> <nCl=  2> <al=0.00> <DB=  563.6314> <Mlp=  566.0000> <PB=1000000> 
<DWph=2> <it=  4> <et=6.94> <Mt= 0.01> <Spt= 0.02> <nCl=  0> <al=0.00> <DB=  566.0000> <Mlp=  566.0000> <PB=1000000> 
<DWph=1> <it=  5> <et=6.96> <Mt= 0.00> <Spt= 0.02> <nCl=  7> <al=0.25> <DB=  557.9172> <Mlp=  566.0000> <PB=1000000> 
<DWph=1> <it=  6> <et=7.04> <Mt= 0.06> <Spt= 0.02> <nCl=  4> <al=0.33> <DB=  563.1709> <Mlp=  566.0000> <PB=1000000> 
<DWph=1> <it=  7> <et=7.09> <Mt= 0.01> <Spt= 0.05> <nCl=  2> <al=0.00> <DB=  558.2540> <Mlp=  566.0000> <PB=1000000> 
<DWph=1> <it=  8> <et=7.16> <Mt= 0.02> <Spt= 0.04> <nCl=  0> <al=0.00> <DB=  566.0000> <Mlp=  566.0000> <PB=1000000> 
    RCSP exact solver info for graph G_1 : TT = 0.080994, pt = 0.001285, dt = 0.066577, ct = 0.012655, ndl = 8', bdl = 183', odl = 5', odf = 65', bsi = 1', cnt = 190', bdch = 3735', odch = 407', lcp = 231', #sols = 150
<DWph=0> <it=  9> <et=7.25> <Mt= 0.00> <Spt= 0.09> <nCl= 31> <al=0.03> <DB=  562.5387> <Mlp=  566.0000> <PB=1000000> 
    RCSP exact solver info for graph G_1 : TT = 0.083967, pt = 0.001574, dt = 0.068288, ct = 0.013561, ndl = 8', bdl = 179', odl = 5', odf = 64', bsi = 1', cnt = 202', bdch = 3639', odch = 406', lcp = 229', #sols = 150
    RCSP exact solver info for graph G_1 : TT = 0.078963, pt = 0.001333, dt = 0.06386, ct = 0.013227, ndl = 8', bdl = 179', odl = 5', odf = 64', bsi = 1', cnt = 203', bdch = 3641', odch = 409', lcp = 229', #sols = 150
<DWph=0> <it= 10> <et=7.45> <Mt= 0.03> <Spt= 0.17> <nCl= 22> <al=0.00> <DB=  566.0000> <Mlp=  566.0000> <PB=1000000> 
Dynamic params and stats :  aver.obdmd = 22.6964 aver.buck.num. = 25 nbR1C = 150 with avMem = 9.60667
@@ 1 8 566 0.0793893 0.081849 84.1689 7.45
    Full reduced cost fixing is not called (gap ratio is 0.99999)
ColGenEvalAlg final dual bound: 566 (rounded: 566)
False gap improvement since the last cut separation : 0.00416588 (565.764)
----- Cut generation is stopped due to tailing off -----
Current active cuts : CAP(4,-20.3056) R1C(6+144,98.6093) 1rowPackR1C(6) 3rowPackR1C(107) 4rowPackR1C(23) 5rowPackR1C(14)
**** Strong branching phase 1 is started *****
SB phase 1 cand.  1 branch on VNB (lhs=7.0000)        : [  566.0000, 45010.4444], score = 0.04      <et=7.49>
SB phase 1 cand.  2 branch on EDGE[0,2] (lhs=0.6667)  : [  566.5789,   567.3549], score = 0.78      <et=7.6>
SB phase 1 cand.  3 branch on EDGE[2,22] (lhs=0.6667) : [  566.1035,   567.6667], score = 0.17      <et=7.69>
SB phase 1 cand.  4 branch on EDGE[21,36] (lhs=0.6667): [  566.4562,   566.8058], score = 0.37      <et=7.79>
SB phase 1 cand.  5 branch on EDGE[22,28] (lhs=0.6667): [  566.5580,   566.7678], score = 0.43      <et=7.91>
SB phase 1 cand.  6 branch on EDGE[36,47] (lhs=0.6667): [  566.4360,   566.7304], score = 0.32      <et=8.01>
SB phase 1 cand.  7 branch on EDGE[0,16] (lhs=0.6667) : [  566.2029,   567.0300], score = 0.21      <et=8.1>
SB phase 1 cand.  8 branch on EDGE[1,43] (lhs=0.6667) : [  566.3305,   566.8827], score = 0.29      <et=8.2>
SB phase 1 cand.  9 branch on EDGE[6,33] (lhs=0.6667) : [  566.4227,   567.2179], score = 0.51      <et=8.31>
SB phase 1 cand. 10 branch on EDGE[23,41] (lhs=0.6667): [  566.1023,   567.5525], score = 0.16      <et=8.4>
SB phase 1 cand. 11 branch on EDGE[42,43] (lhs=0.6667): [  566.1023,   567.6667], score = 0.17      <et=8.48>
SB phase 1 cand. 12 branch on EDGE[3,51] (lhs=0.6667) : [  566.1317,   567.3201], score = 0.17      <et=8.57>
SB phase 1 cand. 13 branch on EDGE[0,12] (lhs=0.6667) : [  566.2417,   567.3682], score = 0.33      <et=8.66>
SB phase 1 cand. 14 branch on EDGE[9,12] (lhs=0.6667) : [  566.2581,   568.6963], score = 0.70      <et=8.78>
SB phase 1 cand. 15 branch on EDGE[0,11] (lhs=0.6667) : [  566.3009,   568.6336], score = 0.79      <et=8.9>
SB phase 1 cand. 16 branch on EDGE[0,40] (lhs=0.6667) : [  566.6496,   566.7682], score = 0.50      <et=9.01>
SB phase 1 cand. 17 branch on EDGE[39,40] (lhs=0.6667): [  566.3072,   566.6435], score = 0.20      <et=9.1>
SB phase 1 cand. 18 branch on EDGE[0,45] (lhs=0.6667) : [  566.4440,   567.1429], score = 0.51      <et=9.19>
SB phase 1 cand. 19 branch on EDGE[5,37] (lhs=0.6667) : [  566.4817,   567.1796], score = 0.57      <et=9.31>
SB phase 1 cand. 20 branch on EDGE[13,15] (lhs=0.6667): [  566.5626,   566.9013], score = 0.51      <et=9.43>
SB phase 1 cand. 21 branch on EDGE[13,27] (lhs=0.6667): [  566.6888,   566.7149], score = 0.49      <et=9.54>
SB phase 1 cand. 22 branch on EDGE[27,52] (lhs=0.6667): [  566.2635,   567.4403], score = 0.38      <et=9.64>
SB phase 1 cand. 23 branch on EDGE[7,26] (lhs=0.6667) : [  566.3977,   566.7880], score = 0.31      <et=9.75>
SB phase 1 cand. 24 branch on EDGE[7,35] (lhs=0.6667) : [  566.4168,   566.5563], score = 0.23      <et=9.85>
SB phase 1 cand. 25 branch on EDGE[8,54] (lhs=0.6667) : [  566.4467,   567.2981], score = 0.58      <et=9.95>
SB phase 1 cand. 26 branch on EDGE[14,53] (lhs=0.6667): [  566.4394,   566.5823], score = 0.26      <et=10.05>
SB phase 1 cand. 27 branch on EDGE[35,53] (lhs=0.6667): [  566.4489,   566.4650], score = 0.21      <et=10.14>
SB phase 1 cand. 28 branch on EDGE[0,33] (lhs=0.3333) : [  566.5796,   566.7408], score = 0.43      <et=10.24>
SB phase 1 cand. 29 branch on EDGE[1,22] (lhs=0.3333) : [  566.5586,   566.6482], score = 0.36      <et=10.35>
SB phase 1 cand. 30 branch on EDGE[16,51] (lhs=0.3333): [  566.6228,   566.8548], score = 0.53      <et=10.46>
SB phase 1 cand. 31 branch on EDGE[22,42] (lhs=0.3333): [  566.1012,   567.6667], score = 0.17      <et=10.55>
SB phase 1 cand. 32 branch on EDGE[23,43] (lhs=0.3333): [  566.3305,   566.7024], score = 0.23      <et=10.65>
SB phase 1 cand. 33 branch on EDGE[41,43] (lhs=0.3333): [  566.1023,   567.6667], score = 0.17      <et=10.74>
SB phase 1 cand. 34 branch on EDGE[0,4] (lhs=1.6667)  : [  567.0235,   567.2818], score = 1.31      <et=10.85>
SB phase 1 cand. 35 branch on EDGE[2,6] (lhs=0.3333)  : [  566.5271,   567.4054], score = 0.74      <et=10.96>
SB phase 1 cand. 36 branch on EDGE[2,28] (lhs=0.3333) : [  566.2365,   567.3333], score = 0.32      <et=11.06>
SB phase 1 cand. 37 branch on EDGE[21,47] (lhs=0.3333): [  566.5218,   567.0521], score = 0.55      <et=11.18>
SB phase 1 cand. 38 branch on EDGE[8,35] (lhs=0.3333) : [  566.3978,   566.6899], score = 0.27      <et=11.28>
SB phase 1 cand. 39 branch on EDGE[13,52] (lhs=0.3333): [  566.2715,   567.3635], score = 0.37      <et=11.39>
SB phase 1 cand. 40 branch on EDGE[13,54] (lhs=0.3333): [  566.4333,   567.4544], score = 0.63      <et=11.5>
SB phase 1 cand. 41 branch on EDGE[14,35] (lhs=0.3333): [  566.4009,   566.5539], score = 0.22      <et=11.59>
SB phase 1 cand. 42 branch on EDGE[0,27] (lhs=0.3333) : [  566.2474,   567.6446], score = 0.41      <et=11.69>
SB phase 1 cand. 43 branch on EDGE[4,45] (lhs=0.3333) : [  566.3596,   567.1429], score = 0.41      <et=11.78>
SB phase 1 cand. 44 branch on EDGE[5,36] (lhs=0.3333) : [  566.4360,   567.3982], score = 0.61      <et=11.89>
SB phase 1 cand. 45 branch on EDGE[15,27] (lhs=0.3333): [  566.3705,   566.9939], score = 0.37      <et=11.99>
SB phase 1 cand. 46 branch on EDGE[36,37] (lhs=0.3333): [  566.4817,   567.1796], score = 0.57      <et=12.1>
SB phase 1 cand. 47 branch on EDGE[3,17] (lhs=0.3333) : [  566.3724,   566.5051], score = 0.19      <et=12.19>
SB phase 1 cand. 48 branch on EDGE[0,7] (lhs=0.3333)  : [  566.3977,   566.7375], score = 0.29      <et=12.29>
SB phase 1 cand. 49 branch on EDGE[0,39] (lhs=0.3333) : [  566.2929,   567.6660], score = 0.49      <et=12.39>
SB phase 1 cand. 50 branch on EDGE[7,53] (lhs=0.3333) : [  566.3179,   566.6702], score = 0.21      <et=12.49>
SB phase 1 cand. 51 branch on EDGE[11,53] (lhs=0.3333): [  566.4620,   566.4790], score = 0.22      <et=12.58>
SB phase 1 cand. 52 branch on EDGE[12,26] (lhs=0.3333): [  566.1940,   568.0872], score = 0.40      <et=12.68>
SB phase 1 cand. 53 branch on EDGE[12,40] (lhs=0.3333): [  566.2099,   566.7907], score = 0.17      <et=12.77>
SB phase 1 cand. 54 branch on EDGE[17,40] (lhs=0.3333): [  566.2406,   566.6624], score = 0.16      <et=12.85>
SB phase 1 cand. 55 branch on EDGE[9,17] (lhs=0.3333) : [  566.0670,   580.5911], score = 0.98      <et=12.96>
SB phase 1 cand. 56 branch on EDGE[3,44] (lhs=1.0000) : [  566.0000,   566.0000], score = 0.00      <et=12.97>
SB phase 1 cand. 57 branch on EDGE[9,25] (lhs=1.0000) : [  566.0000,   566.0000], score = 0.00      <et=12.98>
SB phase 1 cand. 58 branch on EDGE[18,25] (lhs=1.0000): [  566.0000,   566.0000], score = 0.00      <et=12.98>
SB phase 1 cand. 59 branch on EDGE[18,50] (lhs=1.0000): [  566.0000,   566.0000], score = 0.00      <et=12.99>
SB phase 1 cand. 60 branch on EDGE[32,44] (lhs=1.0000): [  566.0000,   566.0000], score = 0.00      <et=13>
SB phase 1 cand. 61 branch on EDGE[32,50] (lhs=1.0000): [  566.0000,   566.0000], score = 0.00      <et=13>
SB phase 1 cand. 62 branch on EDGE[0,17] (lhs=1.0000) : [  566.0000,   566.0000], score = 0.00      <et=13.01>
SB phase 1 cand. 63 branch on EDGE[0,30] (lhs=1.0000) : [  566.0000,   566.0000], score = 0.00      <et=13.02>
SB phase 1 cand. 64 branch on EDGE[21,28] (lhs=1.0000): [  566.0000,   566.0000], score = 0.00      <et=13.03>
SB phase 1 cand. 65 branch on EDGE[30,48] (lhs=1.0000): [  566.0000,   566.0000], score = 0.00      <et=13.03>
SB phase 1 cand. 66 branch on EDGE[47,48] (lhs=1.0000): [  566.0000,   566.0000], score = 0.00      <et=13.04>
SB phase 1 cand. 67 branch on EDGE[0,6] (lhs=1.0000)  : [  566.0000,   566.0000], score = 0.00      <et=13.05>
SB phase 1 cand. 68 branch on EDGE[0,26] (lhs=1.0000) : [  566.0000,   566.0000], score = 0.00      <et=13.05>
SB phase 1 cand. 69 branch on EDGE[10,31] (lhs=1.0000): [  566.0000,   566.0000], score = 0.00      <et=13.06>
SB phase 1 cand. 70 branch on EDGE[10,38] (lhs=1.0000): [  566.0000,   566.0000], score = 0.00      <et=13.07>
SB phase 1 cand. 71 branch on EDGE[11,38] (lhs=1.0000): [  566.0000,   566.0000], score = 0.00      <et=13.07>
SB phase 1 cand. 72 branch on EDGE[31,39] (lhs=1.0000): [  566.0000,   566.0000], score = 0.00      <et=13.08>
SB phase 1 cand. 73 branch on EDGE[1,33] (lhs=1.0000) : [  566.0000,   566.0000], score = 0.00      <et=13.09>
SB phase 1 cand. 74 branch on EDGE[16,49] (lhs=1.0000): [  566.0000,   566.0000], score = 0.00      <et=13.1>
SB phase 1 cand. 75 branch on EDGE[23,24] (lhs=1.0000): [  566.0000,   566.0000], score = 0.00      <et=13.1>
SB phase 1 cand. 76 branch on EDGE[24,49] (lhs=1.0000): [  566.0000,   566.0000], score = 0.00      <et=13.11>
SB phase 1 cand. 77 branch on EDGE[41,42] (lhs=1.0000): [  566.0000,   566.0000], score = 0.00      <et=13.12>
SB phase 1 cand. 78 branch on EDGE[0,51] (lhs=1.0000) : [  566.0000,   566.0000], score = 0.00      <et=13.12>
SB phase 1 cand. 79 branch on EDGE[5,29] (lhs=1.0000) : [  566.0000,   566.0000], score = 0.00      <et=13.13>
SB phase 1 cand. 80 branch on EDGE[15,20] (lhs=1.0000): [  566.0000,   566.0000], score = 0.00      <et=13.14>
SB phase 1 cand. 81 branch on EDGE[20,37] (lhs=1.0000): [  566.0000,   566.0000], score = 0.00      <et=13.15>
SB phase 1 cand. 82 branch on EDGE[29,45] (lhs=1.0000): [  566.0000,   566.0000], score = 0.00      <et=13.15>
SB phase 1 cand. 83 branch on EDGE[0,34] (lhs=1.0000) : [  566.0000,   566.0000], score = 0.00      <et=13.16>
SB phase 1 cand. 84 branch on EDGE[34,52] (lhs=1.0000): [  566.0000,   566.0000], score = 0.00      <et=13.17>
SB phase 1 cand. 85 branch on EDGE[0,46] (lhs=1.0000) : [  566.0000,   566.0000], score = 0.00      <et=13.18>
SB phase 1 cand. 86 branch on EDGE[8,46] (lhs=1.0000) : [  566.0000,   566.0000], score = 0.00      <et=13.18>
SB phase 1 cand. 87 branch on EDGE[14,19] (lhs=1.0000): [  566.0000,   566.0000], score = 0.00      <et=13.19>
SB phase 1 cand. 88 branch on EDGE[19,54] (lhs=1.0000): [  566.0000,   566.0000], score = 0.00      <et=13.2>
**** Strong branching phase 2 is started *****
#<DWph=1> <it=  5> <et=13.39> <Mt= 0.09> <Spt= 0.10> <nCl= 10> <al=0.00> <DB=  567.2403> <Mlp=  567.2403> <PB=1000000> 
<DWph=1> <it=  5> <et=13.67> <Mt= 0.16> <Spt= 0.09> <nCl= 35> <al=0.00> <DB=  567.0234> <Mlp=  567.0234> <PB=1000000> 
SB phase 2 cand.  1 branch on EDGE[0,4] (lhs=1.6667) : [  567.0231,   567.2403], score = 1.27      <et=13.67>
#<DWph=2> <it= 18> <et=14.35> <Mt= 0.42> <Spt= 0.24> <nCl=144> <al=0.38> <DB=  520.3833> <Mlp=  569.5786> <PB=1000000> 
<DWph=1> <it= 24> <et=14.51> <Mt= 0.03> <Spt= 0.13> <nCl= 22> <al=0.00> <DB=  569.5544> <Mlp=  569.5544> <PB=1000000> 
<DWph=1> <it=  2> <et=14.60> <Mt= 0.02> <Spt= 0.05> <nCl=  1> <al=0.00> <DB=  566.0670> <Mlp=  566.0670> <PB=1000000> 
SB phase 2 cand.  2 branch on EDGE[9,17] (lhs=0.3333): [  566.0670,   569.5544], score = 0.24      <et=14.6>
#<DWph=2> <it=  9> <et=14.93> <Mt= 0.21> <Spt= 0.11> <nCl= 54> <al=0.42> <DB=  556.8973> <Mlp=  567.4700> <PB=1000000> 
<DWph=1> <it= 19> <et=15.27> <Mt= 0.10> <Spt= 0.23> <nCl= 67> <al=0.00> <DB=  567.4118> <Mlp=  567.4118> <PB=1000000> 
<DWph=1> <it=  4> <et=15.41> <Mt= 0.05> <Spt= 0.08> <nCl=  5> <al=0.00> <DB=  566.3007> <Mlp=  566.3007> <PB=1000000> 
SB phase 2 cand.  3 branch on EDGE[0,11] (lhs=0.6667): [  566.3007,   567.4118], score = 0.42      <et=15.41>
**** Strong branching phase 3 is started *****
**** SB phase 3 evaluation of candidate 1, branch 1 ( EDGE[0,4] >= 2 ), value = 567.24
<DWph=2> <it=  1> <et=15.47> <Mt= 0.02> <Spt= 0.02> <nCl=  0> <al=0.00> <DB=  567.2403> <Mlp=  567.2403> <PB=1000000> 
<DWph=1> <it=  2> <et=15.51> <Mt= 0.00> <Spt= 0.03> <nCl=  1> <al=0.00> <DB=  567.2403> <Mlp=  567.2403> <PB=1000000> 
    RCSP exact solver info for graph G_1 : TT = 0.08709, pt = 0.000798, dt = 0.072351, ct = 0.013455, ndl = 10', bdl = 222', odl = 5', odf = 65', bsi = 2', cnt = 202', bdch = 5138', odch = 470', lcp = 314', #sols = 150
<DWph=0> <it=  3> <et=15.60> <Mt= 0.00> <Spt= 0.09> <nCl= 28> <al=0.30> <DB=  511.9283> <Mlp=  567.2403> <PB=1000000> 
    RCSP exact solver info for graph G_1 : TT = 0.084812, pt = 0.000904, dt = 0.070085, ct = 0.013267, ndl = 10', bdl = 221', odl = 5', odf = 64', bsi = 2', cnt = 193', bdch = 5008', odch = 460', lcp = 306', #sols = 150
<DWph=0> <it=  4> <et=15.70> <Mt= 0.02> <Spt= 0.09> <nCl=  5> <al=0.30> <DB=  550.6242> <Mlp=  567.2082> <PB=1000000> 
    RCSP exact solver info for graph G_1 : TT = 0.085774, pt = 0.000901, dt = 0.07086, ct = 0.013469, ndl = 10', bdl = 222', odl = 5', odf = 65', bsi = 2', cnt = 195', bdch = 5086', odch = 465', lcp = 311', #sols = 150
<DWph=0> <it=  5> <et=15.80> <Mt= 0.01> <Spt= 0.09> <nCl=  8> <al=0.20> <DB=  553.9402> <Mlp=  567.2054> <PB=1000000> 
    RCSP exact solver info for graph G_1 : TT = 0.085575, pt = 0.000908, dt = 0.070657, ct = 0.013459, ndl = 10', bdl = 221', odl = 5', odf = 65', bsi = 2', cnt = 195', bdch = 5069', odch = 462', lcp = 308', #sols = 150
<DWph=0> <it=  6> <et=15.89> <Mt= 0.00> <Spt= 0.09> <nCl=  2> <al=0.28> <DB=  563.4911> <Mlp=  567.2054> <PB=1000000> 
    RCSP exact solver info for graph G_1 : TT = 0.085922, pt = 0.000915, dt = 0.070973, ct = 0.013489, ndl = 10', bdl = 222', odl = 5', odf = 65', bsi = 2', cnt = 195', bdch = 5084', odch = 467', lcp = 309', #sols = 150
    RCSP exact solver info for graph G_1 : TT = 0.083516, pt = 0.00083, dt = 0.068844, ct = 0.013343, ndl = 10', bdl = 223', odl = 5', odf = 65', bsi = 2', cnt = 196', bdch = 5084', odch = 468', lcp = 310', #sols = 150
<DWph=0> <it=  7> <et=16.07> <Mt= 0.00> <Spt= 0.17> <nCl=  1> <al=0.00> <DB=  567.2054> <Mlp=  567.2054> <PB=1000000> 
Dynamic params and stats :  aver.obdmd = 22.6964 aver.buck.num. = 25 nbR1C = 97 with avMem = 8.93814
@@ 184 0 567.205 0.084042 0.085806 84.1689 16.07
    Full reduced cost fixing is not called (gap ratio is 0.999988)
ColGenEvalAlg final dual bound: 567.205 (rounded: 568)
Current active cuts : CAP(2,12.2155) R1C(6+91,92.7172) 1rowPackR1C(6) 3rowPackR1C(72) 4rowPackR1C(13) 5rowPackR1C(6)
4 Rank-1 1-rows pack. cuts added ,  max viol. = 0.0744704, aver. viol. = 0.0485457
125 Rank-1 3-rows pack. cuts added ,  max viol. = 0.085996, aver. viol. = 0.0385652
Building structures for heuristic rank-1 packing cut separation...done!
69 Rank-1 4-rows pack. cuts added ,  max viol. = 0.0683673, aver. viol. = 0.0421829
100 Rank-1 5-rows pack. cuts added ,  max viol. = 0.0950304, aver. viol. = 0.0656781
Shrinking heuristic shrunk 3 edges
In total 1 RCC cut(s) are found by the greedy construction heuristic 
In total 1 RCC cut(s) are found by the global pool greedy search heuristic 
----- Add fac. cuts : CAP(2) R1C(298), max.viol = 0.166585, aver.viol = 0.0570064, sep/add took 0.723611/0.210494 sec. -----
3320 columns (2992 active), 456 dyn. constrs. (403 active), 570 art. vars. (513 active)
<DWph=2> <it=  1> <et=17.12> <Mt= 0.10> <Spt= 0.01> <nCl=  4> <al=0.50> <DB=  551.9757> <Mlp=  567.8315> <PB=1000000> 
<DWph=2> <it=  2> <et=17.20> <Mt= 0.07> <Spt= 0.02> <nCl=  1> <al=0.55> <DB=  567.4787> <Mlp=  567.8128> <PB=1000000> 
<DWph=2> <it=  3> <et=17.22> <Mt= 0.01> <Spt= 0.01> <nCl=  7> <al=0.45> <DB=  504.5676> <Mlp=  567.8128> <PB=1000000> 
<DWph=2> <it=  4> <et=17.27> <Mt= 0.04> <Spt= 0.01> <nCl=  9> <al=0.51> <DB=  517.3076> <Mlp=  567.8043> <PB=1000000> 
<DWph=2> <it=  5> <et=17.33> <Mt= 0.03> <Spt= 0.03> <nCl=  6> <al=0.11> <DB=  505.3427> <Mlp=  567.8012> <PB=1000000> 
<DWph=2> <it=  6> <et=17.36> <Mt= 0.02> <Spt= 0.01> <nCl=  2> <al=0.45> <DB=  567.2092> <Mlp=  567.7965> <PB=1000000> 
<DWph=2> <it=  7> <et=17.40> <Mt= 0.01> <Spt= 0.03> <nCl=  6> <al=0.02> <DB=  473.4599> <Mlp=  567.7956> <PB=1000000> 
<DWph=2> <it=  8> <et=17.43> <Mt= 0.02> <Spt= 0.01> <nCl=  2> <al=0.41> <DB=  565.4949> <Mlp=  567.7939> <PB=1000000> 
<DWph=2> <it=  9> <et=17.47> <Mt= 0.01> <Spt= 0.02> <nCl=  4> <al=0.00> <DB=  560.7085> <Mlp=  567.7939> <PB=1000000> 
<DWph=2> <it= 10> <et=17.50> <Mt= 0.00> <Spt= 0.03> <nCl=  0> <al=0.00> <DB=  567.7939> <Mlp=  567.7939> <PB=1000000> 
<DWph=1> <it= 11> <et=17.52> <Mt= 0.01> <Spt= 0.02> <nCl=  8> <al=0.27> <DB=  456.3682> <Mlp=  567.7939> <PB=1000000> 
<DWph=1> <it= 12> <et=17.57> <Mt= 0.02> <Spt= 0.02> <nCl=  6> <al=0.17> <DB=  540.8833> <Mlp=  567.7832> <PB=1000000> 
<DWph=1> <it= 13> <et=17.62> <Mt= 0.03> <Spt= 0.03> <nCl=  2> <al=0.25> <DB=  506.7192> <Mlp=  567.7792> <PB=1000000> 
<DWph=1> <it= 14> <et=17.70> <Mt= 0.03> <Spt= 0.04> <nCl=  2> <al=0.00> <DB=  567.7730> <Mlp=  567.7730> <PB=1000000> 
    RCSP exact solver info for graph G_1 : TT = 0.128477, pt = 0.001189, dt = 0.104702, ct = 0.022072, ndl = 13', bdl = 257', odl = 6', odf = 81', bsi = 2', cnt = 324', bdch = 6952', odch = 727', lcp = 461', #sols = 150
<DWph=0> <it= 15> <et=17.85> <Mt= 0.00> <Spt= 0.15> <nCl=100> <al=0.23> <DB=  478.3125> <Mlp=  567.7730> <PB=1000000> 
    RCSP exact solver info for graph G_1 : TT = 0.145915, pt = 0.001574, dt = 0.116215, ct = 0.027573, ndl = 13', bdl = 267', odl = 6', odf = 84', bsi = 2', cnt = 363', bdch = 7405', odch = 785', lcp = 501', #sols = 150
<DWph=0> <it= 16> <et=18.13> <Mt= 0.12> <Spt= 0.16> <nCl= 26> <al=0.30> <DB=  535.7576> <Mlp=  567.6943> <PB=1000000> 
    RCSP exact solver info for graph G_1 : TT = 0.147329, pt = 0.00166, dt = 0.116915, ct = 0.028182, ndl = 13', bdl = 266', odl = 6', odf = 83', bsi = 2', cnt = 351', bdch = 7281', odch = 758', lcp = 490', #sols = 150
<DWph=0> <it= 17> <et=18.34> <Mt= 0.06> <Spt= 0.15> <nCl= 16> <al=0.37> <DB=  548.6865> <Mlp=  567.6912> <PB=1000000> 
    RCSP exact solver info for graph G_1 : TT = 0.146427, pt = 0.001631, dt = 0.11631, ct = 0.027913, ndl = 13', bdl = 265', odl = 6', odf = 83', bsi = 2', cnt = 347', bdch = 7261', odch = 753', lcp = 482', #sols = 150
<DWph=0> <it= 18> <et=18.50> <Mt= 0.01> <Spt= 0.15> <nCl=  7> <al=0.44> <DB=  559.4071> <Mlp=  567.6911> <PB=1000000> 
    RCSP exact solver info for graph G_1 : TT = 0.145195, pt = 0.001682, dt = 0.115364, ct = 0.027571, ndl = 13', bdl = 263', odl = 6', odf = 82', bsi = 2', cnt = 340', bdch = 7148', odch = 732', lcp = 472', #sols = 150
<DWph=0> <it= 19> <et=18.67> <Mt= 0.02> <Spt= 0.15> <nCl=  4> <al=0.34> <DB=  559.0700> <Mlp=  567.6908> <PB=1000000> 
    RCSP exact solver info for graph G_1 : TT = 0.146703, pt = 0.001666, dt = 0.116366, ct = 0.028084, ndl = 13', bdl = 264', odl = 6', odf = 82', bsi = 2', cnt = 345', bdch = 7221', odch = 742', lcp = 479', #sols = 150
    RCSP exact solver info for graph G_1 : TT = 0.132711, pt = 0.001337, dt = 0.105782, ct = 0.025064, ndl = 13', bdl = 263', odl = 6', odf = 82', bsi = 2', cnt = 343', bdch = 7157', odch = 736', lcp = 475', #sols = 150
<DWph=0> <it= 20> <et=18.96> <Mt= 0.01> <Spt= 0.29> <nCl=  7> <al=0.00> <DB=  567.6908> <Mlp=  567.6908> <PB=1000000> 
Dynamic params and stats :  aver.obdmd = 22.6964 aver.buck.num. = 25 nbR1C = 146 with avMem = 9.67808
@@ 184 1 567.691 0.13973 0.145097 84.1689 18.96
    Full reduced cost fixing is not called (gap ratio is 0.999988)
ColGenEvalAlg final dual bound: 567.691 (rounded: 568)
False gap improvement since the last cut separation : 0.00855824 (567.205)
Cut generation tailing off counter increased to 1
Current active cuts : CAP(1,8.13998) R1C(7+139,110.334) 1rowPackR1C(7) 3rowPackR1C(90) 4rowPackR1C(28) 5rowPackR1C(21)
2 Rank-1 1-rows pack. cuts added ,  max viol. = 0.0681647, aver. viol. = 0.0602583
36 Rank-1 3-rows pack. cuts added ,  max viol. = 0.0658401, aver. viol. = 0.0306415
Building structures for heuristic rank-1 packing cut separation...done!
30 Rank-1 4-rows pack. cuts added ,  max viol. = 0.063529, aver. viol. = 0.030187
100 Rank-1 5-rows pack. cuts added ,  max viol. = 0.063529, aver. viol. = 0.0420977
Shrinking heuristic shrunk 2 edges
In total 1 RCC cut(s) are found by the Fractional capacity min-cut heuristic 
In total 2 RCC cut(s) are found by the greedy construction heuristic 
In total 1 RCC cut(s) are found by the global pool greedy search heuristic 
----- Add fac. cuts : CAP(4) R1C(168), max.viol = 0.0930299, aver.viol = 0.0392095, sep/add took 0.769975/0.125344 sec. -----
3539 columns (3211 active), 628 dyn. constrs. (323 active), 742 art. vars. (433 active)
<DWph=2> <it=  1> <et=19.98> <Mt= 0.10> <Spt= 0.01> <nCl=  4> <al=0.50> <DB=  532.2511> <Mlp=  567.9818> <PB=1000000> 
<DWph=2> <it=  2> <et=20.06> <Mt= 0.05> <Spt= 0.03> <nCl= 13> <al=0.10> <DB=  553.0369> <Mlp=  567.9450> <PB=1000000> 
<DWph=2> <it=  3> <et=20.10> <Mt= 0.02> <Spt= 0.02> <nCl=  3> <al=0.00> <DB=  567.9425> <Mlp=  567.9425> <PB=1000000> 
<DWph=1> <it=  4> <et=20.13> <Mt= 0.00> <Spt= 0.02> <nCl=  7> <al=0.35> <DB=  529.9033> <Mlp=  567.9425> <PB=1000000> 
<DWph=1> <it=  5> <et=20.17> <Mt= 0.02> <Spt= 0.03> <nCl=  2> <al=0.42> <DB=  516.3694> <Mlp=  567.9413> <PB=1000000> 
<DWph=1> <it=  6> <et=20.23> <Mt= 0.01> <Spt= 0.04> <nCl=  0> <al=0.00> <DB=  567.9372> <Mlp=  567.9372> <PB=1000000> 
    RCSP exact solver info for graph G_1 : TT = 0.148794, pt = 0.001283, dt = 0.12072, ct = 0.026268, ndl = 14', bdl = 287', odl = 7', odf = 92', bsi = 2', cnt = 408', bdch = 8623', odch = 934', lcp = 596', #sols = 150
<DWph=0> <it=  7> <et=20.40> <Mt= 0.00> <Spt= 0.17> <nCl=100> <al=0.22> <DB=  470.8701> <Mlp=  567.9372> <PB=1000000> 
    RCSP exact solver info for graph G_1 : TT = 0.148312, pt = 0.001474, dt = 0.119183, ct = 0.027077, ndl = 14', bdl = 283', odl = 7', odf = 91', bsi = 2', cnt = 401', bdch = 8347', odch = 907', lcp = 571', #sols = 150
<DWph=0> <it=  8> <et=20.58> <Mt= 0.04> <Spt= 0.15> <nCl=  9> <al=0.29> <DB=  539.4394> <Mlp=  567.9250> <PB=1000000> 
    RCSP exact solver info for graph G_1 : TT = 0.1527, pt = 0.001515, dt = 0.122828, ct = 0.027768, ndl = 14', bdl = 282', odl = 7', odf = 91', bsi = 2', cnt = 406', bdch = 8307', odch = 911', lcp = 575', #sols = 150
    RCSP exact solver info for graph G_1 : TT = 0.143592, pt = 0.00132, dt = 0.115555, ct = 0.026125, ndl = 14', bdl = 282', odl = 7', odf = 91', bsi = 2', cnt = 401', bdch = 8344', odch = 912', lcp = 578', #sols = 150
<DWph=0> <it=  9> <et=20.90> <Mt= 0.02> <Spt= 0.30> <nCl=  7> <al=0.00> <DB=  567.9243> <Mlp=  567.9243> <PB=1000000> 
Dynamic params and stats :  aver.obdmd = 22.6964 aver.buck.num. = 25 nbR1C = 144 with avMem = 9.63889
@@ 184 2 567.924 0.146381 0.150596 84.1689 20.9
    Full reduced cost fixing is not called (gap ratio is 0.999988)
ColGenEvalAlg final dual bound: 567.924 (rounded: 568)
False gap improvement since the last cut separation : 0.00411275 (567.691)
Cut generation tailing off counter increased to 2
Current active cuts : CAP(1,5.64014) R1C(9+135,115.451) 1rowPackR1C(9) 3rowPackR1C(87) 4rowPackR1C(25) 5rowPackR1C(23)
3 Rank-1 1-rows pack. cuts added ,  max viol. = 0.0500693, aver. viol. = 0.0425626
22 Rank-1 3-rows pack. cuts added ,  max viol. = 0.0592357, aver. viol. = 0.0387926
Building structures for heuristic rank-1 packing cut separation...done!
7 Rank-1 4-rows pack. cuts added ,  max viol. = 0.0365156, aver. viol. = 0.0287066
55 Rank-1 5-rows pack. cuts added ,  max viol. = 0.0521259, aver. viol. = 0.0307277
Shrinking heuristic shrunk 2 edges
In total 2 RCC cut(s) are found by the Fractional capacity min-cut heuristic 
----- Add fac. cuts : CAP(2) R1C(87), max.viol = 0.165894, aver.viol = 0.0591778, sep/add took 0.86802/0.0689539 sec. -----
3684 columns (3356 active), 488 dyn. constrs. (238 active), 831 art. vars. (348 active)
<DWph=2> <it=  1> <et=21.96> <Mt= 0.07> <Spt= 0.01> <nCl=  2> <al=0.50> <DB=  559.9350> <Mlp=  568.0808> <PB=1000000> 
<DWph=2> <it=  2> <et=22.01> <Mt= 0.03> <Spt= 0.04> <nCl=  7> <al=0.00> <DB=  568.0655> <Mlp=  568.0655> <PB=1000000> 
<DWph=1> <it=  3> <et=22.04> <Mt= 0.00> <Spt= 0.02> <nCl=  2> <al=0.45> <DB=  547.6285> <Mlp=  568.0655> <PB=1000000> 
<DWph=1> <it=  4> <et=22.10> <Mt= 0.02> <Spt= 0.05> <nCl=  3> <al=0.00> <DB=  568.0630> <Mlp=  568.0630> <PB=1000000> 
    RCSP exact solver info for graph G_1 : TT = 0.165796, pt = 0.001343, dt = 0.135314, ct = 0.028586, ndl = 15', bdl = 299', odl = 7', odf = 98', bsi = 2', cnt = 430', bdch = 9457', odch = 1044', lcp = 659', #sols = 150
<DWph=0> <it=  5> <et=22.28> <Mt= 0.00> <Spt= 0.17> <nCl= 26> <al=0.25> <DB=  543.1225> <Mlp=  568.0630> <PB=1000000> 
    RCSP exact solver info for graph G_1 : TT = 0.162165, pt = 0.001449, dt = 0.131316, ct = 0.028836, ndl = 15', bdl = 299', odl = 7', odf = 98', bsi = 2', cnt = 430', bdch = 9393', odch = 1034', lcp = 658', #sols = 150
<DWph=0> <it=  6> <et=22.47> <Mt= 0.02> <Spt= 0.17> <nCl=  9> <al=0.33> <DB=  540.8112> <Mlp=  568.0571> <PB=1000000> 
    RCSP exact solver info for graph G_1 : TT = 0.163365, pt = 0.001437, dt = 0.132504, ct = 0.028852, ndl = 15', bdl = 301', odl = 7', odf = 98', bsi = 2', cnt = 430', bdch = 9516', odch = 1044', lcp = 665', #sols = 150
    RCSP exact solver info for graph G_1 : TT = 0.158881, pt = 0.001343, dt = 0.128927, ct = 0.028021, ndl = 15', bdl = 301', odl = 7', odf = 98', bsi = 2', cnt = 426', bdch = 9454', odch = 1046', lcp = 665', #sols = 150
<DWph=0> <it=  7> <et=22.81> <Mt= 0.01> <Spt= 0.32> <nCl=  6> <al=0.00> <DB=  561.2871> <Mlp=  568.0569> <PB=1000000> 
    RCSP exact solver info for graph G_1 : TT = 0.15905, pt = 0.001358, dt = 0.12906, ct = 0.028076, ndl = 15', bdl = 301', odl = 7', odf = 98', bsi = 2', cnt = 427', bdch = 9452', odch = 1047', lcp = 666', #sols = 150
    RCSP exact solver info for graph G_1 : TT = 0.159038, pt = 0.001365, dt = 0.129028, ct = 0.028108, ndl = 15', bdl = 301', odl = 7', odf = 98', bsi = 2', cnt = 428', bdch = 9454', odch = 1046', lcp = 665', #sols = 150
<DWph=0> <it=  8> <et=23.14> <Mt= 0.01> <Spt= 0.33> <nCl=  0> <al=0.00> <DB=  568.0569> <Mlp=  568.0569> <PB=1000000> 
Dynamic params and stats :  aver.obdmd = 22.6964 aver.buck.num. = 25 nbR1C = 141 with avMem = 10.1773
@@ 184 3 568.057 0.159438 0.1639 84.1689 23.14
    Full reduced cost fixing is not called (gap ratio is 0.999987)
ColGenEvalAlg final dual bound: 568.057 (rounded: 569)
False gap improvement since the last cut separation : 0.00233483 (567.924)
----- Cut generation is stopped due to tailing off -----
Current active cuts : CAP(2,7.70759) R1C(12+129,117.503) 1rowPackR1C(12) 3rowPackR1C(77) 4rowPackR1C(23) 5rowPackR1C(29)
**** SB phase 3 evaluation of candidate 1, branch 2 ( EDGE[0,4] <= 1 ), value = 567.023
<DWph=2> <it=  1> <et=23.34> <Mt= 0.14> <Spt= 0.01> <nCl= 12> <al=0.50> <DB=  550.4773> <Mlp=  567.0232> <PB=1000000> 
<DWph=2> <it=  2> <et=23.37> <Mt= 0.01> <Spt= 0.01> <nCl= 12> <al=0.10> <DB=  559.2756> <Mlp=  567.0228> <PB=1000000> 
<DWph=2> <it=  3> <et=23.38> <Mt= 0.00> <Spt= 0.01> <nCl=  2> <al=0.45> <DB=  564.5860> <Mlp=  567.0228> <PB=1000000> 
<DWph=2> <it=  4> <et=23.41> <Mt= 0.01> <Spt= 0.03> <nCl=  4> <al=0.00> <DB=  567.0206> <Mlp=  567.0228> <PB=1000000> 
<DWph=2> <it=  5> <et=23.43> <Mt= 0.00> <Spt= 0.01> <nCl=  0> <al=0.00> <DB=  567.0228> <Mlp=  567.0228> <PB=1000000> 
<DWph=1> <it=  6> <et=23.44> <Mt= 0.00> <Spt= 0.02> <nCl=  2> <al=0.31> <DB=  560.3418> <Mlp=  567.0228> <PB=1000000> 
<DWph=1> <it=  7> <et=23.48> <Mt= 0.01> <Spt= 0.03> <nCl=  0> <al=0.00> <DB=  567.0228> <Mlp=  567.0228> <PB=1000000> 
    RCSP exact solver info for graph G_1 : TT = 0.060348, pt = 0.000806, dt = 0.048219, ct = 0.010868, ndl = 7', bdl = 156', odl = 5', odf = 58', bsi = 1', cnt = 177', bdch = 2832', odch = 317', lcp = 188', #sols = 150
<DWph=0> <it=  8> <et=23.55> <Mt= 0.00> <Spt= 0.07> <nCl= 59> <al=0.11> <DB=  560.6472> <Mlp=  567.0228> <PB=1000000> 
    RCSP exact solver info for graph G_1 : TT = 0.059658, pt = 0.000916, dt = 0.04768, ct = 0.010538, ndl = 7', bdl = 153', odl = 5', odf = 57', bsi = 1', cnt = 166', bdch = 2725', odch = 301', lcp = 173', #sols = 150
<DWph=0> <it=  9> <et=23.62> <Mt= 0.01> <Spt= 0.06> <nCl= 10> <al=0.01> <DB=  565.1871> <Mlp=  567.0166> <PB=1000000> 
    RCSP exact solver info for graph G_1 : TT = 0.06128, pt = 0.000916, dt = 0.048788, ct = 0.010998, ndl = 7', bdl = 155', odl = 5', odf = 57', bsi = 1', cnt = 175', bdch = 2784', odch = 313', lcp = 180', #sols = 150
<DWph=0> <it= 10> <et=23.69> <Mt= 0.01> <Spt= 0.06> <nCl=  5> <al=0.10> <DB=  566.8254> <Mlp=  567.0166> <PB=1000000> 
    RCSP exact solver info for graph G_1 : TT = 0.06129, pt = 0.000904, dt = 0.048857, ct = 0.010984, ndl = 7', bdl = 155', odl = 5', odf = 57', bsi = 1', cnt = 177', bdch = 2788', odch = 313', lcp = 180', #sols = 150
    RCSP exact solver info for graph G_1 : TT = 0.059757, pt = 0.000878, dt = 0.047524, ct = 0.010838, ndl = 7', bdl = 154', odl = 5', odf = 57', bsi = 1', cnt = 175', bdch = 2766', odch = 309', lcp = 179', #sols = 150
<DWph=0> <it= 11> <et=23.82> <Mt= 0.00> <Spt= 0.13> <nCl=  9> <al=0.00> <DB=  567.0166> <Mlp=  567.0166> <PB=1000000> 
Dynamic params and stats :  aver.obdmd = 22.6964 aver.buck.num. = 25 nbR1C = 103 with avMem = 8.84466
@@ 185 0 567.017 0.0590588 0.059841 84.1689 23.82
    Full reduced cost fixing is not called (gap ratio is 0.999989)
ColGenEvalAlg final dual bound: 567.017 (rounded: 568)
Current active cuts : CAP(3,-36.7911) R1C(6+97,94.1762) 1rowPackR1C(6) 3rowPackR1C(77) 4rowPackR1C(10) 5rowPackR1C(10)
1 Rank-1 1-rows pack. cuts added ,  max viol. = 0.159409, aver. viol. = 0.159409
16 Rank-1 3-rows pack. cuts added ,  max viol. = 0.12624, aver. viol. = 0.0726498
Building structures for heuristic rank-1 packing cut separation...done!
30 Rank-1 4-rows pack. cuts added ,  max viol. = 0.146686, aver. viol. = 0.0539436
100 Rank-1 5-rows pack. cuts added ,  max viol. = 0.146686, aver. viol. = 0.118469
In total 1 RCC cut(s) are found by the connected components heuristic 
Shrinking heuristic shrunk 7 edges
In total 2 RCC cut(s) are found by the greedy construction heuristic 
In total 1 RCC cut(s) are found by the global pool greedy search heuristic 
----- Add fac. cuts : CAP(4) R1C(147), max.viol = 0.339074, aver.viol = 0.108723, sep/add took 0.554825/0.112552 sec. -----
3561 columns (3087 active), 386 dyn. constrs. (259 active), 496 art. vars. (369 active)
<DWph=2> <it=  1> <et=24.58> <Mt= 0.07> <Spt= 0.01> <nCl=  2> <al=0.50> <DB=  564.8153> <Mlp=  567.8578> <PB=1000000> 
<DWph=2> <it=  2> <et=24.62> <Mt= 0.03> <Spt= 0.01> <nCl=  3> <al=0.55> <DB=  566.4479> <Mlp=  567.8477> <PB=1000000> 
<DWph=2> <it=  3> <et=24.68> <Mt= 0.04> <Spt= 0.02> <nCl= 15> <al=0.19> <DB=  556.4988> <Mlp=  567.8379> <PB=1000000> 
<DWph=2> <it=  4> <et=24.73> <Mt= 0.04> <Spt= 0.01> <nCl=  3> <al=0.50> <DB=  563.4613> <Mlp=  567.8179> <PB=1000000> 
<DWph=2> <it=  5> <et=24.77> <Mt= 0.03> <Spt= 0.01> <nCl=  1> <al=0.55> <DB=  566.4296> <Mlp=  567.8164> <PB=1000000> 
<DWph=2> <it=  6> <et=24.79> <Mt= 0.00> <Spt= 0.02> <nCl=  7> <al=0.18> <DB=  565.3778> <Mlp=  567.8164> <PB=1000000> 
<DWph=2> <it=  7> <et=24.84> <Mt= 0.03> <Spt= 0.02> <nCl=  4> <al=0.00> <DB=  566.2155> <Mlp=  567.7986> <PB=1000000> 
<DWph=2> <it=  8> <et=24.86> <Mt= 0.01> <Spt= 0.02> <nCl=  3> <al=0.00> <DB=  562.9974> <Mlp=  567.7986> <PB=1000000> 
<DWph=2> <it=  9> <et=24.89> <Mt= 0.01> <Spt= 0.02> <nCl=  1> <al=0.00> <DB=  567.7985> <Mlp=  567.7985> <PB=1000000> 
<DWph=1> <it= 10> <et=24.91> <Mt= 0.00> <Spt= 0.01> <nCl=  6> <al=0.19> <DB=  562.4731> <Mlp=  567.7985> <PB=1000000> 
<DWph=1> <it= 11> <et=24.96> <Mt= 0.03> <Spt= 0.02> <nCl=  5> <al=0.27> <DB=  565.1298> <Mlp=  567.7974> <PB=1000000> 
<DWph=1> <it= 12> <et=25.00> <Mt= 0.02> <Spt= 0.02> <nCl=  6> <al=0.34> <DB=  560.3689> <Mlp=  567.7971> <PB=1000000> 
<DWph=1> <it= 13> <et=25.03> <Mt= 0.02> <Spt= 0.01> <nCl=  3> <al=0.41> <DB=  566.7024> <Mlp=  567.7961> <PB=1000000> 
<DWph=1> <it= 14> <et=25.07> <Mt= 0.01> <Spt= 0.04> <nCl=  0> <al=0.00> <DB=  567.7961> <Mlp=  567.7961> <PB=1000000> 
    RCSP exact solver info for graph G_1 : TT = 0.051742, pt = 0.000765, dt = 0.041995, ct = 0.00856, ndl = 6', bdl = 148', odl = 5', odf = 56', bsi = 1', cnt = 134', bdch = 2503', odch = 276', lcp = 152', #sols = 150
<DWph=0> <it= 15> <et=25.13> <Mt= 0.00> <Spt= 0.06> <nCl= 51> <al=0.21> <DB=  561.8522> <Mlp=  567.7961> <PB=1000000> 
    RCSP exact solver info for graph G_1 : TT = 0.053658, pt = 0.000859, dt = 0.043493, ct = 0.008813, ndl = 6', bdl = 148', odl = 5', odf = 56', bsi = 1', cnt = 132', bdch = 2510', odch = 277', lcp = 150', #sols = 150
<DWph=0> <it= 16> <et=25.21> <Mt= 0.02> <Spt= 0.05> <nCl= 16> <al=0.29> <DB=  566.0745> <Mlp=  567.7923> <PB=1000000> 
    RCSP exact solver info for graph G_1 : TT = 0.054807, pt = 0.000958, dt = 0.044255, ct = 0.009087, ndl = 6', bdl = 149', odl = 5', odf = 57', bsi = 1', cnt = 138', bdch = 2555', odch = 282', lcp = 155', #sols = 150
<DWph=0> <it= 17> <et=25.27> <Mt= 0.00> <Spt= 0.06> <nCl=  5> <al=0.19> <DB=  567.4673> <Mlp=  567.7923> <PB=1000000> 
    RCSP exact solver info for graph G_1 : TT = 0.05501, pt = 0.000884, dt = 0.044412, ct = 0.009215, ndl = 6', bdl = 149', odl = 5', odf = 57', bsi = 1', cnt = 140', bdch = 2575', odch = 286', lcp = 157', #sols = 150
    RCSP exact solver info for graph G_1 : TT = 0.053519, pt = 0.000812, dt = 0.043428, ct = 0.008794, ndl = 6', bdl = 149', odl = 5', odf = 57', bsi = 1', cnt = 138', bdch = 2555', odch = 283', lcp = 155', #sols = 150
<DWph=0> <it= 18> <et=25.39> <Mt= 0.01> <Spt= 0.11> <nCl=  1> <al=0.00> <DB=  567.7923> <Mlp=  567.7923> <PB=1000000> 
Dynamic params and stats :  aver.obdmd = 22.6964 aver.buck.num. = 25 nbR1C = 96 with avMem = 8.6875
@@ 185 1 567.792 0.0524104 0.053627 84.1689 25.39
    Full reduced cost fixing is not called (gap ratio is 0.999988)
ColGenEvalAlg final dual bound: 567.792 (rounded: 568)
False gap improvement since the last cut separation : 0.0136801 (567.017)
Cut generation tailing off counter increased to 1
Current active cuts : CAP(5,-57.3284) R1C(7+89,93.9944) 1rowPackR1C(7) 3rowPackR1C(59) 4rowPackR1C(14) 5rowPackR1C(16)
1 Rank-1 1-rows pack. cuts added ,  max viol. = 0.0457556, aver. viol. = 0.0457556
48 Rank-1 3-rows pack. cuts added ,  max viol. = 0.0866948, aver. viol. = 0.0547612
Building structures for heuristic rank-1 packing cut separation...done!
63 Rank-1 4-rows pack. cuts added ,  max viol. = 0.0915111, aver. viol. = 0.0501037
100 Rank-1 5-rows pack. cuts added ,  max viol. = 0.111379, aver. viol. = 0.0799639
Shrinking heuristic shrunk 7 edges
In total 1 RCC cut(s) are found by the Fractional capacity min-cut heuristic 
In total 2 RCC cut(s) are found by the greedy construction heuristic 
In total 3 RCC cut(s) are found by the global pool greedy search heuristic 
----- Add fac. cuts : CAP(6) R1C(212), max.viol = 0.268513, aver.viol = 0.0868798, sep/add took 0.465824/0.159491 sec. -----
3693 columns (3219 active), 604 dyn. constrs. (320 active), 714 art. vars. (430 active)
<DWph=2> <it=  1> <et=26.07> <Mt= 0.03> <Spt= 0.02> <nCl=  4> <al=0.50> <DB=  567.8731> <Mlp=  568.2500> <PB=1000000> 
<DWph=2> <it=  2> <et=26.09> <Mt= 0.02> <Spt= 0.00> <nCl=  0> <al=0.55> <DB=  567.7923> <Mlp=  568.0000> <PB=568> 
ColGenEvalAlg final dual bound: 567.792 (rounded: 568)
Gap improvement since the last cut separation : 1 (567.792)
Current active cuts : CAP(6,-56.3054) R1C(7+109,97.2261) 1rowPackR1C(7) 3rowPackR1C(61) 4rowPackR1C(20) 5rowPackR1C(28)
SB exact phase 3 branch on EDGE[0,4] (lhs=1.66667) : [568.05688, 568], tree depth = 1e+12, tree size = 1e+12, score = -0.493
SB with phases chosed candidate EDGE[0,4] (lhs=1.66667)
New model incumbent solution 568, TIME = 0h0m26s10t = 2610
************************************************************************************************
Search is finished, global bounds : [ 568 , 568 ], TIME = 0h0m26s10t = 2610
************************************************************************************************
Built-in heuristic is enabled
instance_name solver_name ext_heuristic solution_value solution_time best_lb root_lb root_time nb_branch_and_bound_nodes status
/home/logis/Downloads/VRPSolverEasy/VRPSolverEasy/demos/data/CVRP/P-n55-k7 CLP False 568.0000001260619 26.106791423999997 568.0 566.0 7.474598239 3 0

