Node memory for rank-1 cuts will be used (9.71636)
~~~~~~~~~~~~~~~~~~~~~~~~~~~~~~~~~~~~~~~~~~~~~~~~~~~~~~~~~~~~~~~~~~~~~~~~~~~~~~~~~~~~~
VRPSolver v0.5.27, 24/02/2023, © Inria Bordeaux, France, vrpsolver.math.u-bordeaux.fr
      Corresponds to the solver by Pessoa, Sadykov, Uchoa and Vanderbeck (2020)
                 Paper: dx.doi.org/10.1007/s10107-020-01523-z
~~~~~~~~~~~~~~~~~~~~~~~~~~~~~~~~~~~~~~~~~~~~~~~~~~~~~~~~~~~~~~~~~~~~~~~~~~~~~~~~~~~~~
   BaPCod v0.77, 15/03/2023, © Inria Bordeaux, France, bapcod.math.u-bordeaux.fr 
           THIS CODE IS PROVIDED AS IS, USE IT AT YOUR OWN RISK
~~~~~~~~~~~~~~~~~~~~~~~~~~~~~~~~~~~~~~~~~~~~~~~~~~~~~~~~~~~~~~~~~~~~~~~~~~~~~~~~~~~~~
Bucket steps were recalculated for graph G_1 : [180]
RCSP solver info : symmetric case is detected for graph G_1! 
Bidirectional border value is initialised to 2250
RCSP solver info : number of forw. reachable buckets / buck. strongly connected components is 581( 93.109% ) / 281( 48.3649% )
Generating neighbourhoods for rank-1 cuts separation
Building structures for 4- and 5-row rank-1 packing cut separation...done!
Model is built TIME = 0h0m0s0t = 0
************************************************************************************************
**** BaB tree root node
**** Local DB = -1e+12, global bounds : [ -1e+12 , 569.1 ], TIME = 0h0m0s0t = 0
**** 1 open nodes, 0 columns (0 active), 0 dyn. constrs. (0 active), 46 art. vars. (46 active)
************************************************************************************************
#<DWph=2> <it=  1> <et=0.00> <Mt= 0.00> <Spt= 0.00> <nCl= 22> <al=0.00> <DB=-1477969.5200> <Mlp=32097.2400> <PB=569.1> 
#<DWph=2> <it=  2> <et=0.00> <Mt= 0.00> <Spt= 0.00> <nCl= 22> <al=0.55> <DB=-957663.0626> <Mlp=26067.0840> <PB=569.1> 
#<DWph=2> <it=  3> <et=0.00> <Mt= 0.00> <Spt= 0.00> <nCl= 22> <al=0.45> <DB=-874024.6050> <Mlp=20766.5413> <PB=569.1> 
#<DWph=2> <it=  4> <et=0.00> <Mt= 0.00> <Spt= 0.00> <nCl= 22> <al=0.51> <DB=-734644.4051> <Mlp=18517.3279> <PB=569.1> 
#<DWph=2> <it=  5> <et=0.01> <Mt= 0.00> <Spt= 0.00> <nCl= 22> <al=0.41> <DB=-717199.9133> <Mlp=16088.2202> <PB=569.1> 
#<DWph=2> <it=  6> <et=0.01> <Mt= 0.00> <Spt= 0.00> <nCl= 22> <al=0.46> <DB=-614911.4780> <Mlp=15135.7603> <PB=569.1> 
#<DWph=2> <it=  7> <et=0.01> <Mt= 0.00> <Spt= 0.00> <nCl= 22> <al=0.52> <DB=-503655.7387> <Mlp=13332.8778> <PB=569.1> 
#<DWph=2> <it=  8> <et=0.01> <Mt= 0.00> <Spt= 0.00> <nCl= 22> <al=0.57> <DB=-431303.1124> <Mlp=12299.2569> <PB=569.1> 
#<DWph=2> <it=  9> <et=0.01> <Mt= 0.00> <Spt= 0.00> <nCl= 22> <al=0.61> <DB=-369536.4484> <Mlp=10935.7553> <PB=569.1> 
#<DWph=2> <it= 10> <et=0.01> <Mt= 0.00> <Spt= 0.00> <nCl= 22> <al=0.65> <DB=-375135.3452> <Mlp= 8650.0708> <PB=569.1> 
#<DWph=2> <it= 11> <et=0.01> <Mt= 0.00> <Spt= 0.00> <nCl= 21> <al=0.68> <DB=-267127.1060> <Mlp= 7727.1888> <PB=569.1> 
#<DWph=2> <it= 12> <et=0.01> <Mt= 0.00> <Spt= 0.01> <nCl= 21> <al=0.58> <DB=-246836.0716> <Mlp= 7471.9127> <PB=569.1> 
#<DWph=2> <it= 13> <et=0.01> <Mt= 0.00> <Spt= 0.00> <nCl= 21> <al=0.63> <DB=-199196.8419> <Mlp= 2990.2292> <PB=569.1> 
#<DWph=2> <it= 14> <et=0.01> <Mt= 0.00> <Spt= 0.00> <nCl= 22> <al=0.53> <DB=-120474.8869> <Mlp= 1961.0124> <PB=569.1> 
#<DWph=2> <it= 15> <et=0.02> <Mt= 0.00> <Spt= 0.00> <nCl= 21> <al=0.43> <DB=-40293.3926> <Mlp= 1711.9351> <PB=569.1> 
#<DWph=2> <it= 16> <et=0.02> <Mt= 0.00> <Spt= 0.00> <nCl= 21> <al=0.33> <DB=-12955.2879> <Mlp= 1652.7965> <PB=569.1> 
#<DWph=2> <it= 17> <et=0.02> <Mt= 0.00> <Spt= 0.00> <nCl= 22> <al=0.23> <DB=-8154.4310> <Mlp= 1614.8315> <PB=569.1> 
#<DWph=2> <it= 18> <et=0.02> <Mt= 0.00> <Spt= 0.00> <nCl= 21> <al=0.30> <DB=-2589.9979> <Mlp= 1529.4834> <PB=569.1> 
#<DWph=2> <it= 19> <et=0.02> <Mt= 0.00> <Spt= 0.00> <nCl= 22> <al=0.37> <DB=-5240.0973> <Mlp= 1462.5101> <PB=569.1> 
#<DWph=2> <it= 20> <et=0.02> <Mt= 0.00> <Spt= 0.00> <nCl= 22> <al=0.44> <DB= -717.4316> <Mlp= 1437.9893> <PB=569.1> 
<DWph=2> <it= 21> <et=0.02> <Mt= 0.00> <Spt= 0.00> <nCl= 21> <al=0.49> <DB= -269.1544> <Mlp=  927.2874> <PB=569.1> 
<DWph=2> <it= 22> <et=0.02> <Mt= 0.00> <Spt= 0.00> <nCl= 22> <al=0.54> <DB=-1568.7446> <Mlp=  879.7270> <PB=569.1> 
<DWph=2> <it= 23> <et=0.03> <Mt= 0.00> <Spt= 0.00> <nCl= 22> <al=0.59> <DB=-1325.7359> <Mlp=  870.4289> <PB=569.1> 
<DWph=2> <it= 24> <et=0.03> <Mt= 0.00> <Spt= 0.01> <nCl= 22> <al=0.63> <DB= -252.8639> <Mlp=  836.1277> <PB=569.1> 
<DWph=2> <it= 25> <et=0.03> <Mt= 0.00> <Spt= 0.00> <nCl= 21> <al=0.67> <DB=-1475.5307> <Mlp=  775.5141> <PB=569.1> 
<DWph=2> <it= 26> <et=0.03> <Mt= 0.00> <Spt= 0.00> <nCl= 21> <al=0.70> <DB= -420.3909> <Mlp=  699.4901> <PB=569.1> 
<DWph=2> <it= 27> <et=0.03> <Mt= 0.00> <Spt= 0.00> <nCl= 21> <al=0.73> <DB= -289.8650> <Mlp=  666.0893> <PB=569.1> 
<DWph=2> <it= 28> <et=0.03> <Mt= 0.00> <Spt= 0.00> <nCl= 17> <al=0.76> <DB=  -55.5774> <Mlp=  641.6206> <PB=569.1> 
<DWph=2> <it= 29> <et=0.03> <Mt= 0.00> <Spt= 0.00> <nCl= 21> <al=0.78> <DB=   80.4908> <Mlp=  631.0974> <PB=569.1> 
<DWph=2> <it= 30> <et=0.04> <Mt= 0.01> <Spt= 0.00> <nCl= 22> <al=0.80> <DB=    4.4382> <Mlp=  590.0000> <PB=569.1> 
<DWph=2> <it= 31> <et=0.04> <Mt= 0.00> <Spt= 0.00> <nCl= 20> <al=0.82> <DB=  251.5357> <Mlp=  574.0000> <PB=569.1> 
<DWph=2> <it= 32> <et=0.04> <Mt= 0.00> <Spt= 0.00> <nCl= 21> <al=0.84> <DB=   96.5875> <Mlp=  573.2857> <PB=569.1> 
<DWph=2> <it= 33> <et=0.04> <Mt= 0.00> <Spt= 0.00> <nCl= 13> <al=0.86> <DB=  352.4451> <Mlp=  573.2857> <PB=569.1> 
<DWph=2> <it= 34> <et=0.05> <Mt= 0.00> <Spt= 0.01> <nCl= 15> <al=0.87> <DB=  365.2346> <Mlp=  573.2857> <PB=569.1> 
<DWph=2> <it= 35> <et=0.05> <Mt= 0.00> <Spt= 0.00> <nCl= 11> <al=0.88> <DB=  386.7132> <Mlp=  573.2857> <PB=569.1> 
<DWph=2> <it= 36> <et=0.05> <Mt= 0.00> <Spt= 0.00> <nCl= 21> <al=0.78> <DB=  422.4763> <Mlp=  573.2857> <PB=569.1> 
<DWph=2> <it= 37> <et=0.05> <Mt= 0.00> <Spt= 0.00> <nCl= 21> <al=0.68> <DB=  222.4521> <Mlp=  573.0000> <PB=569.1> 
<DWph=2> <it= 38> <et=0.05> <Mt= 0.00> <Spt= 0.00> <nCl=  9> <al=0.72> <DB=  456.5195> <Mlp=  573.0000> <PB=569.1> 
<DWph=2> <it= 39> <et=0.05> <Mt= 0.00> <Spt= 0.00> <nCl= 18> <al=0.74> <DB=  486.2218> <Mlp=  573.0000> <PB=569.1> 
<DWph=2> <it= 40> <et=0.05> <Mt= 0.00> <Spt= 0.00> <nCl= 12> <al=0.77> <DB=  402.9726> <Mlp=  573.0000> <PB=569.1> 
<DWph=2> <it= 41> <et=0.05> <Mt= 0.00> <Spt= 0.00> <nCl= 19> <al=0.79> <DB=  498.3118> <Mlp=  569.0000> <PB=569.1> 
<DWph=2> <it= 42> <et=0.05> <Mt= 0.00> <Spt= 0.00> <nCl= 21> <al=0.69> <DB=  405.7227> <Mlp=  567.0000> <PB=569.1> 
<DWph=2> <it= 43> <et=0.06> <Mt= 0.00> <Spt= 0.00> <nCl= 20> <al=0.72> <DB=  517.1192> <Mlp=  567.0000> <PB=569.1> 
<DWph=2> <it= 44> <et=0.06> <Mt= 0.00> <Spt= 0.00> <nCl= 21> <al=0.75> <DB=  233.9275> <Mlp=  567.0000> <PB=569.1> 
<DWph=2> <it= 45> <et=0.06> <Mt= 0.00> <Spt= 0.00> <nCl= 14> <al=0.78> <DB=  365.8653> <Mlp=  567.0000> <PB=569.1> 
<DWph=2> <it= 46> <et=0.06> <Mt= 0.00> <Spt= 0.01> <nCl= 16> <al=0.80> <DB=  479.0953> <Mlp=  567.0000> <PB=569.1> 
<DWph=2> <it= 47> <et=0.06> <Mt= 0.00> <Spt= 0.00> <nCl= 26> <al=0.40> <DB=  513.1050> <Mlp=  567.0000> <PB=569.1> 
<DWph=2> <it= 48> <et=0.06> <Mt= 0.00> <Spt= 0.00> <nCl= 11> <al=0.60> <DB=  539.7530> <Mlp=  567.0000> <PB=569.1> 
<DWph=2> <it= 49> <et=0.07> <Mt= 0.00> <Spt= 0.00> <nCl= 23> <al=0.28> <DB=  523.2312> <Mlp=  567.0000> <PB=569.1> 
<DWph=2> <it= 50> <et=0.07> <Mt= 0.01> <Spt= 0.00> <nCl=  6> <al=0.54> <DB=  540.0200> <Mlp=  567.0000> <PB=569.1> 
<DWph=2> <it= 51> <et=0.07> <Mt= 0.00> <Spt= 0.00> <nCl=  6> <al=0.58> <DB=  523.5332> <Mlp=  567.0000> <PB=569.1> 
<DWph=2> <it= 52> <et=0.07> <Mt= 0.00> <Spt= 0.00> <nCl= 18> <al=0.48> <DB=  534.4426> <Mlp=  567.0000> <PB=569.1> 
<DWph=2> <it= 53> <et=0.07> <Mt= 0.00> <Spt= 0.00> <nCl=  6> <al=0.54> <DB=  554.4056> <Mlp=  567.0000> <PB=569.1> 
<DWph=2> <it= 54> <et=0.07> <Mt= 0.00> <Spt= 0.01> <nCl= 12> <al=0.00> <DB=  557.0000> <Mlp=  567.0000> <PB=569.1> 
<DWph=2> <it= 55> <et=0.07> <Mt= 0.00> <Spt= 0.00> <nCl= 15> <al=0.00> <DB=  546.0000> <Mlp=  567.0000> <PB=569.1> 
<DWph=2> <it= 56> <et=0.08> <Mt= 0.00> <Spt= 0.00> <nCl=  3> <al=0.38> <DB=  553.2188> <Mlp=  567.0000> <PB=569.1> 
<DWph=2> <it= 57> <et=0.08> <Mt= 0.00> <Spt= 0.00> <nCl=  4> <al=0.44> <DB=  556.0473> <Mlp=  567.0000> <PB=569.1> 
<DWph=2> <it= 58> <et=0.08> <Mt= 0.00> <Spt= 0.00> <nCl= 10> <al=0.00> <DB=  563.7692> <Mlp=  567.0000> <PB=569.1> 
<DWph=2> <it= 59> <et=0.08> <Mt= 0.00> <Spt= 0.00> <nCl=  2> <al=0.00> <DB=  567.0000> <Mlp=  567.0000> <PB=569.1> 
<DWph=1> <it= 60> <et=0.08> <Mt= 0.00> <Spt= 0.00> <nCl= 10> <al=0.14> <DB=  553.0909> <Mlp=  567.0000> <PB=569.1> 
<DWph=1> <it= 61> <et=0.08> <Mt= 0.00> <Spt= 0.00> <nCl=  8> <al=0.23> <DB=  549.9556> <Mlp=  567.0000> <PB=569.1> 
<DWph=1> <it= 62> <et=0.09> <Mt= 0.00> <Spt= 0.01> <nCl=  7> <al=0.31> <DB=  541.6890> <Mlp=  567.0000> <PB=569.1> 
<DWph=1> <it= 63> <et=0.09> <Mt= 0.00> <Spt= 0.00> <nCl=  7> <al=0.38> <DB=  554.7782> <Mlp=  567.0000> <PB=569.1> 
<DWph=1> <it= 64> <et=0.09> <Mt= 0.00> <Spt= 0.00> <nCl=  8> <al=0.44> <DB=  550.4192> <Mlp=  567.0000> <PB=569.1> 
<DWph=1> <it= 65> <et=0.09> <Mt= 0.00> <Spt= 0.00> <nCl=  4> <al=0.00> <DB=  552.0000> <Mlp=  567.0000> <PB=569.1> 
<DWph=1> <it= 66> <et=0.09> <Mt= 0.00> <Spt= 0.00> <nCl=  9> <al=0.39> <DB=  557.0966> <Mlp=  567.0000> <PB=569.1> 
<DWph=1> <it= 67> <et=0.09> <Mt= 0.00> <Spt= 0.00> <nCl=  1> <al=0.46> <DB=  562.3109> <Mlp=  567.0000> <PB=569.1> 
<DWph=1> <it= 68> <et=0.10> <Mt= 0.00> <Spt= 0.00> <nCl=  8> <al=0.51> <DB=  560.1998> <Mlp=  567.0000> <PB=569.1> 
<DWph=1> <it= 69> <et=0.10> <Mt= 0.00> <Spt= 0.01> <nCl=  7> <al=0.12> <DB=  551.7060> <Mlp=  567.0000> <PB=569.1> 
<DWph=1> <it= 70> <et=0.10> <Mt= 0.00> <Spt= 0.00> <nCl=  8> <al=0.46> <DB=  559.6169> <Mlp=  566.3333> <PB=569.1> 
<DWph=1> <it= 71> <et=0.10> <Mt= 0.00> <Spt= 0.00> <nCl=  5> <al=0.36> <DB=  561.0810> <Mlp=  566.3333> <PB=569.1> 
<DWph=1> <it= 72> <et=0.11> <Mt= 0.00> <Spt= 0.00> <nCl= 15> <al=0.26> <DB=  555.5723> <Mlp=  566.3333> <PB=569.1> 
<DWph=1> <it= 73> <et=0.11> <Mt= 0.00> <Spt= 0.00> <nCl=  2> <al=0.33> <DB=  559.6332> <Mlp=  566.0000> <PB=569.1> 
<DWph=1> <it= 74> <et=0.11> <Mt= 0.00> <Spt= 0.00> <nCl=  1> <al=0.40> <DB=  560.2829> <Mlp=  566.0000> <PB=569.1> 
<DWph=1> <it= 75> <et=0.11> <Mt= 0.00> <Spt= 0.01> <nCl=  2> <al=0.30> <DB=  561.7137> <Mlp=  566.0000> <PB=569.1> 
<DWph=1> <it= 76> <et=0.11> <Mt= 0.00> <Spt= 0.00> <nCl=  4> <al=0.20> <DB=  563.1445> <Mlp=  566.0000> <PB=569.1> 
<DWph=1> <it= 77> <et=0.11> <Mt= 0.00> <Spt= 0.00> <nCl= 11> <al=0.10> <DB=  546.2247> <Mlp=  566.0000> <PB=569.1> 
<DWph=1> <it= 78> <et=0.12> <Mt= 0.00> <Spt= 0.00> <nCl=  5> <al=0.19> <DB=  563.2410> <Mlp=  565.9433> <PB=569.1> 
<DWph=1> <it= 79> <et=0.12> <Mt= 0.00> <Spt= 0.00> <nCl=  4> <al=0.00> <DB=  565.9433> <Mlp=  565.9433> <PB=569.1> 
    RCSP exact solver info for graph G_1 : TT = 0.002157, pt = 4e-06, dt = 0.001711, ct = 0.000173, ndl = 0', bdl = 9', odl = 2', odf = 17', bsi = 1', cnt = 2', bdch = 84', odch = 38', lcp = 13', #sols = 150
<DWph=0> <it= 80> <et=0.12> <Mt= 0.00> <Spt= 0.01> <nCl=119> <al=0.00> <DB=  552.7305> <Mlp=  565.9433> <PB=569.1> 
    RCSP exact solver info for graph G_1 : TT = 0.002107, pt = 1.1e-05, dt = 0.001661, ct = 0.000174, ndl = 0', bdl = 10', odl = 2', odf = 19', bsi = 1', cnt = 2', bdch = 93', odch = 43', lcp = 13', #sols = 150
<DWph=0> <it= 81> <et=0.13> <Mt= 0.00> <Spt= 0.00> <nCl= 33> <al=0.00> <DB=  565.1571> <Mlp=  565.1571> <PB=569.1> 
Dynamic params and stats :  aver.obdmd = 23.25 aver.buck.num. = 26
@@ 1 0 565.157 0.0018595 0.001884 88.0753 0.13
Labels distribution in buckets (bucket size) : largest - 21, top 0.1% - 21, top 0.5% - 19, top 2% - 18, top 10% - 10, top 50% - 2
Reduced cost fixing for graph G_1... 1414 buck. arcs remain (13.1% from prev., 11.6% from max.) + 915 jump buck. arcs (7.49% from max.)
 TT = 0.002133, pt = 0.000234, dt = 0.000499, ct = 0.001361, ndl = 1', bdl = 3', odl = 0', odf = 8', lpcb = 7', cnt = 6', bdch = 31', odch = 15', lcp = 4'
Labels distribution in buckets (bucket size) : largest - 32, top 0.1% - 32, top 0.5% - 21, top 2% - 19, top 10% - 11, top 50% - 2
Run forward enumeration with border = 2250... succeeded! lpt = 0.002376, ndl = 0', dl = 0', lpcb = 1', dch = 0'
Run enumeration concatenation with time limit 0.3 sec.... succeeded!
Sorting and storing enumerated solutions ... done!
 TT = 0.005222, pt = 0.001979, dt = 0.002376, ct = 7.3e-05, ndl = 0', bdl = 0', lpcb = 1', cnt = 3', bdch = 0', odch = 0', lcp = 0'
Enumeration succeeded!, number of elem. solutions is 77
Estimating inspection time...     TT = 2.6e-05, performed by inspection with 77 solutions, nbR1C = 0, nbDiscC = 0
Inspection time is low enough. Pricing will be done by inspection.
Added 116 columns in the formulation 
Removed 1220 columns (not in the enumerated set) from the formulation
Regenerated 116 columns with the 'enumerated' flag
Added 22 columns in the formulation 
ColGenEvalAlg final dual bound: 565.157 (rounded: 566)
----- Terminating the node by MIP -----
Version identifier: 20.1.0.0 | 2020-11-10 | 9bedb6d68
CPXPARAM_Advance                                 0
CPXPARAM_Threads                                 1
CPXPARAM_MIP_Limits_Nodes                        2000000
CPXPARAM_Simplex_Tolerances_Optimality           9.9999999999999995e-08
CPXPARAM_Simplex_Tolerances_Feasibility          9.9999999999999995e-08
CPXPARAM_TimeLimit                               1763.8529999999998
CPXPARAM_MIP_Tolerances_UpperCutoff              569.000001
CPXPARAM_MIP_Tolerances_MIPGap                   1.0000000000000001e-09
Tried aggregator 1 time.
MIP Presolve eliminated 14 rows and 124 columns.
MIP Presolve modified 651 coefficients.
Reduced MIP has 10 rows, 14 columns, and 59 nonzeros.
Reduced MIP has 14 binaries, 0 generals, 0 SOSs, and 0 indicators.
Presolve time = 0.00 sec. (2.16 ticks)
Probing fixed 1 vars, tightened 0 bounds.
Probing time = 0.00 sec. (0.02 ticks)
Tried aggregator 3 times.
MIP Presolve eliminated 7 rows and 10 columns.
MIP Presolve modified 13 coefficients.
Aggregator did 3 substitutions.
All rows and columns eliminated.
Presolve time = 0.00 sec. (0.06 ticks)

Root node processing (before b&c):
  Real time             =    0.00 sec. (2.32 ticks)
Sequential b&c:
  Real time             =    0.00 sec. (0.00 ticks)
                          ------------
Total (root+branch&cut) =    0.00 sec. (2.32 ticks)
Solution status = Optimum
New model incumbent solution 569, TIME = 0h0m0s15t = 15
************************************************************************************************
Search is finished, global bounds : [ 569 , 569 ], TIME = 0h0m0s15t = 15
************************************************************************************************
Built-in heuristic is enabled
instance_name solver_name ext_heuristic solution_value solution_time best_lb root_lb root_time nb_branch_and_bound_nodes status
/home/logis/Downloads/VRPSolverEasy/VRPSolverEasy/demos/data/CVRP/E-n23-k3 CPLEX False 569.0 0.154015677 569.0 569.0 0.15388880800000002 1 0

