Node memory for rank-1 cuts will be used (7.29761)
~~~~~~~~~~~~~~~~~~~~~~~~~~~~~~~~~~~~~~~~~~~~~~~~~~~~~~~~~~~~~~~~~~~~~~~~~~~~~~~~~~~~~
VRPSolver v0.5.27, 24/02/2023, © Inria Bordeaux, France, vrpsolver.math.u-bordeaux.fr
      Corresponds to the solver by Pessoa, Sadykov, Uchoa and Vanderbeck (2020)
                 Paper: dx.doi.org/10.1007/s10107-020-01523-z
~~~~~~~~~~~~~~~~~~~~~~~~~~~~~~~~~~~~~~~~~~~~~~~~~~~~~~~~~~~~~~~~~~~~~~~~~~~~~~~~~~~~~
   BaPCod v0.77, 15/03/2023, © Inria Bordeaux, France, bapcod.math.u-bordeaux.fr 
           THIS CODE IS PROVIDED AS IS, USE IT AT YOUR OWN RISK
~~~~~~~~~~~~~~~~~~~~~~~~~~~~~~~~~~~~~~~~~~~~~~~~~~~~~~~~~~~~~~~~~~~~~~~~~~~~~~~~~~~~~
Bucket steps were recalculated for graph G_1 : [4]
RCSP solver info : symmetric case is detected for graph G_1! 
Bidirectional border value is initialised to 50
RCSP solver info : number of forw. reachable buckets / buck. strongly connected components is 1608( 93.7063% ) / 1308( 81.3433% )
Generating neighbourhoods for rank-1 cuts separation
Building structures for 4- and 5-row rank-1 packing cut separation...done!
Model is built TIME = 0h0m0s5t = 5
************************************************************************************************
**** BaB tree root node
**** Local DB = -1e+12, global bounds : [ -1e+12 , 1192.1 ], TIME = 0h0m0s5t = 5
**** 1 open nodes, 0 columns (0 active), 0 dyn. constrs. (0 active), 130 art. vars. (130 active)
************************************************************************************************
#<DWph=2> <it=  1> <et=0.05> <Mt= 0.00> <Spt= 0.00> <nCl= 30> <al=0.00> <DB=-9009648.4400> <Mlp=195981.2400> <PB=1192.1> 
#<DWph=2> <it=  2> <et=0.06> <Mt= 0.00> <Spt= 0.00> <nCl= 30> <al=0.55> <DB=-7054653.3809> <Mlp=190120.7048> <PB=1192.1> 
#<DWph=2> <it=  3> <et=0.06> <Mt= 0.00> <Spt= 0.01> <nCl= 30> <al=0.45> <DB=-8908614.6178> <Mlp=188609.5684> <PB=1192.1> 
#<DWph=2> <it=  4> <et=0.07> <Mt= 0.00> <Spt= 0.00> <nCl= 30> <al=0.51> <DB=-8828695.7814> <Mlp=182811.0604> <PB=1192.1> 
#<DWph=2> <it=  5> <et=0.07> <Mt= 0.00> <Spt= 0.01> <nCl= 30> <al=0.41> <DB=-8358245.4862> <Mlp=181970.7285> <PB=1192.1> 
#<DWph=2> <it=  6> <et=0.08> <Mt= 0.00> <Spt= 0.00> <nCl= 30> <al=0.31> <DB=-4529967.2036> <Mlp=177128.1562> <PB=1192.1> 
#<DWph=2> <it=  7> <et=0.08> <Mt= 0.00> <Spt= 0.01> <nCl= 30> <al=0.21> <DB=-3036180.8885> <Mlp=171598.7928> <PB=1192.1> 
#<DWph=2> <it=  8> <et=0.09> <Mt= 0.00> <Spt= 0.00> <nCl= 30> <al=0.11> <DB=-4299507.7577> <Mlp=168960.6056> <PB=1192.1> 
#<DWph=2> <it=  9> <et=0.09> <Mt= 0.00> <Spt= 0.01> <nCl= 30> <al=0.19> <DB=-4925931.0268> <Mlp=164166.5911> <PB=1192.1> 
#<DWph=2> <it= 10> <et=0.09> <Mt= 0.00> <Spt= 0.00> <nCl= 30> <al=0.28> <DB=-2993240.3416> <Mlp=163325.4068> <PB=1192.1> 
#<DWph=2> <it= 11> <et=0.10> <Mt= 0.00> <Spt= 0.01> <nCl= 30> <al=0.18> <DB=-5001196.0689> <Mlp=160758.8748> <PB=1192.1> 
#<DWph=2> <it= 12> <et=0.10> <Mt= 0.00> <Spt= 0.00> <nCl= 30> <al=0.26> <DB=-2461594.2798> <Mlp=160262.4382> <PB=1192.1> 
#<DWph=2> <it= 13> <et=0.11> <Mt= 0.00> <Spt= 0.00> <nCl= 30> <al=0.33> <DB=-2238383.1454> <Mlp=158547.1120> <PB=1192.1> 
#<DWph=2> <it= 14> <et=0.11> <Mt= 0.00> <Spt= 0.01> <nCl= 30> <al=0.40> <DB=-2113453.8944> <Mlp=153452.0898> <PB=1192.1> 
#<DWph=2> <it= 15> <et=0.12> <Mt= 0.00> <Spt= 0.00> <nCl= 30> <al=0.46> <DB=-2038049.1200> <Mlp=147704.1115> <PB=1192.1> 
#<DWph=2> <it= 16> <et=0.12> <Mt= 0.00> <Spt= 0.01> <nCl= 30> <al=0.36> <DB=-2330350.2517> <Mlp=140160.7321> <PB=1192.1> 
#<DWph=2> <it= 17> <et=0.13> <Mt= 0.00> <Spt= 0.00> <nCl= 30> <al=0.42> <DB=-1782028.1187> <Mlp=139631.7767> <PB=1192.1> 
#<DWph=2> <it= 18> <et=0.13> <Mt= 0.00> <Spt= 0.00> <nCl= 30> <al=0.32> <DB=-1529611.6471> <Mlp=130134.0472> <PB=1192.1> 
#<DWph=2> <it= 19> <et=0.14> <Mt= 0.00> <Spt= 0.01> <nCl= 30> <al=0.39> <DB=-1420236.8964> <Mlp=122088.3669> <PB=1192.1> 
#<DWph=2> <it= 20> <et=0.14> <Mt= 0.00> <Spt= 0.00> <nCl= 30> <al=0.45> <DB=-1766599.1324> <Mlp=110659.6139> <PB=1192.1> 
#<DWph=2> <it= 21> <et=0.15> <Mt= 0.00> <Spt= 0.01> <nCl= 30> <al=0.51> <DB=-1315076.1995> <Mlp=109405.7179> <PB=1192.1> 
#<DWph=2> <it= 22> <et=0.15> <Mt= 0.00> <Spt= 0.00> <nCl= 30> <al=0.41> <DB=-1187564.4049> <Mlp=101865.7531> <PB=1192.1> 
#<DWph=2> <it= 23> <et=0.16> <Mt= 0.00> <Spt= 0.01> <nCl= 30> <al=0.47> <DB=-1201901.3112> <Mlp=94737.7719> <PB=1192.1> 
#<DWph=2> <it= 24> <et=0.16> <Mt= 0.00> <Spt= 0.00> <nCl= 30> <al=0.52> <DB=-1049323.3098> <Mlp=77807.0865> <PB=1192.1> 
#<DWph=2> <it= 25> <et=0.17> <Mt= 0.00> <Spt= 0.00> <nCl= 30> <al=0.57> <DB=-1017525.2225> <Mlp=68919.2995> <PB=1192.1> 
#<DWph=2> <it= 26> <et=0.17> <Mt= 0.01> <Spt= 0.01> <nCl= 30> <al=0.61> <DB=-852778.0512> <Mlp=60246.2575> <PB=1192.1> 
#<DWph=2> <it= 27> <et=0.18> <Mt= 0.00> <Spt= 0.00> <nCl= 30> <al=0.65> <DB=-805536.4343> <Mlp=46185.1410> <PB=1192.1> 
#<DWph=2> <it= 28> <et=0.18> <Mt= 0.00> <Spt= 0.01> <nCl= 30> <al=0.55> <DB=-711563.8111> <Mlp=34714.5054> <PB=1192.1> 
#<DWph=2> <it= 29> <et=0.19> <Mt= 0.00> <Spt= 0.00> <nCl= 30> <al=0.59> <DB=-709489.8233> <Mlp= 9227.4854> <PB=1192.1> 
#<DWph=2> <it= 30> <et=0.20> <Mt= 0.00> <Spt= 0.00> <nCl= 30> <al=0.64> <DB=-448516.4781> <Mlp= 2727.4513> <PB=1192.1> 
#<DWph=2> <it= 31> <et=0.20> <Mt= 0.01> <Spt= 0.01> <nCl= 26> <al=0.54> <DB=-189293.5142> <Mlp= 2538.0581> <PB=1192.1> 
#<DWph=2> <it= 32> <et=0.21> <Mt= 0.00> <Spt= 0.00> <nCl= 20> <al=0.44> <DB=-29698.7827> <Mlp= 2482.3817> <PB=1192.1> 
<DWph=2> <it= 33> <et=0.21> <Mt= 0.00> <Spt= 0.00> <nCl= 30> <al=0.34> <DB=-8872.8790> <Mlp= 2424.9459> <PB=1192.1> 
<DWph=2> <it= 34> <et=0.21> <Mt= 0.00> <Spt= 0.01> <nCl= 30> <al=0.40> <DB=-3951.1909> <Mlp= 2375.6974> <PB=1192.1> 
<DWph=2> <it= 35> <et=0.22> <Mt= 0.00> <Spt= 0.00> <nCl= 30> <al=0.30> <DB=-18068.3967> <Mlp= 2308.2409> <PB=1192.1> 
<DWph=2> <it= 36> <et=0.22> <Mt= 0.00> <Spt= 0.00> <nCl= 30> <al=0.37> <DB=-12221.4615> <Mlp= 2222.9155> <PB=1192.1> 
<DWph=2> <it= 37> <et=0.23> <Mt= 0.00> <Spt= 0.01> <nCl= 30> <al=0.43> <DB=-6843.3529> <Mlp= 2153.0477> <PB=1192.1> 
<DWph=2> <it= 38> <et=0.23> <Mt= 0.00> <Spt= 0.00> <nCl= 30> <al=0.49> <DB=-2357.6209> <Mlp= 2116.2005> <PB=1192.1> 
<DWph=2> <it= 39> <et=0.24> <Mt= 0.01> <Spt= 0.01> <nCl= 30> <al=0.54> <DB=-8632.7901> <Mlp= 2084.2131> <PB=1192.1> 
<DWph=2> <it= 40> <et=0.25> <Mt= 0.00> <Spt= 0.00> <nCl= 30> <al=0.59> <DB=-4745.2733> <Mlp= 2064.4064> <PB=1192.1> 
<DWph=2> <it= 41> <et=0.25> <Mt= 0.00> <Spt= 0.00> <nCl= 30> <al=0.63> <DB= -906.0120> <Mlp= 2002.7576> <PB=1192.1> 
<DWph=2> <it= 42> <et=0.26> <Mt= 0.00> <Spt= 0.01> <nCl= 30> <al=0.67> <DB=-3201.8532> <Mlp= 1931.4237> <PB=1192.1> 
<DWph=2> <it= 43> <et=0.26> <Mt= 0.00> <Spt= 0.00> <nCl= 30> <al=0.70> <DB=-2815.3471> <Mlp= 1869.0374> <PB=1192.1> 
<DWph=2> <it= 44> <et=0.27> <Mt= 0.00> <Spt= 0.01> <nCl= 30> <al=0.73> <DB=-1943.4810> <Mlp= 1775.6417> <PB=1192.1> 
<DWph=2> <it= 45> <et=0.27> <Mt= 0.00> <Spt= 0.00> <nCl= 30> <al=0.76> <DB= -188.6430> <Mlp= 1746.7659> <PB=1192.1> 
<DWph=2> <it= 46> <et=0.28> <Mt= 0.01> <Spt= 0.01> <nCl= 30> <al=0.78> <DB= -366.2733> <Mlp= 1724.6701> <PB=1192.1> 
<DWph=2> <it= 47> <et=0.29> <Mt= 0.00> <Spt= 0.00> <nCl= 27> <al=0.80> <DB= -188.7147> <Mlp= 1676.2438> <PB=1192.1> 
<DWph=2> <it= 48> <et=0.29> <Mt= 0.00> <Spt= 0.00> <nCl= 24> <al=0.82> <DB=  481.7542> <Mlp= 1649.5929> <PB=1192.1> 
<DWph=2> <it= 49> <et=0.30> <Mt= 0.00> <Spt= 0.01> <nCl= 30> <al=0.72> <DB= -649.4712> <Mlp= 1640.9090> <PB=1192.1> 
<DWph=2> <it= 50> <et=0.30> <Mt= 0.00> <Spt= 0.00> <nCl= 30> <al=0.75> <DB= -153.9702> <Mlp= 1585.8293> <PB=1192.1> 
<DWph=2> <it= 51> <et=0.31> <Mt= 0.00> <Spt= 0.01> <nCl= 24> <al=0.78> <DB=  162.1037> <Mlp= 1548.0925> <PB=1192.1> 
<DWph=2> <it= 52> <et=0.31> <Mt= 0.00> <Spt= 0.00> <nCl= 19> <al=0.80> <DB=  852.0642> <Mlp= 1509.8636> <PB=1192.1> 
<DWph=2> <it= 53> <et=0.32> <Mt= 0.00> <Spt= 0.01> <nCl= 26> <al=0.82> <DB=  442.8643> <Mlp= 1498.0681> <PB=1192.1> 
<DWph=2> <it= 54> <et=0.32> <Mt= 0.01> <Spt= 0.00> <nCl= 27> <al=0.84> <DB=  688.5014> <Mlp= 1420.1676> <PB=1192.1> 
<DWph=2> <it= 55> <et=0.33> <Mt= 0.00> <Spt= 0.00> <nCl= 19> <al=0.85> <DB=  956.0377> <Mlp= 1379.8007> <PB=1192.1> 
<DWph=2> <it= 56> <et=0.34> <Mt= 0.00> <Spt= 0.01> <nCl= 30> <al=0.75> <DB= -253.4057> <Mlp= 1358.0504> <PB=1192.1> 
<DWph=2> <it= 57> <et=0.34> <Mt= 0.00> <Spt= 0.00> <nCl= 24> <al=0.78> <DB=  907.5265> <Mlp= 1313.9369> <PB=1192.1> 
<DWph=2> <it= 58> <et=0.35> <Mt= 0.00> <Spt= 0.01> <nCl= 23> <al=0.80> <DB= 1021.5434> <Mlp= 1290.2715> <PB=1192.1> 
<DWph=2> <it= 59> <et=0.35> <Mt= 0.00> <Spt= 0.00> <nCl= 29> <al=0.82> <DB=  725.2356> <Mlp= 1270.1159> <PB=1192.1> 
<DWph=2> <it= 60> <et=0.36> <Mt= 0.01> <Spt= 0.00> <nCl= 22> <al=0.84> <DB= 1057.4299> <Mlp= 1242.5468> <PB=1192.1> 
<DWph=2> <it= 61> <et=0.37> <Mt= 0.00> <Spt= 0.01> <nCl= 27> <al=0.74> <DB= 1064.4646> <Mlp= 1212.9426> <PB=1192.1> 
<DWph=2> <it= 62> <et=0.37> <Mt= 0.00> <Spt= 0.00> <nCl= 30> <al=0.76> <DB=  735.3966> <Mlp= 1194.3253> <PB=1192.1> 
<DWph=2> <it= 63> <et=0.38> <Mt= 0.00> <Spt= 0.01> <nCl= 21> <al=0.79> <DB= 1091.5527> <Mlp= 1181.4215> <PB=1192.1> 
<DWph=2> <it= 64> <et=0.38> <Mt= 0.00> <Spt= 0.00> <nCl= 23> <al=0.69> <DB=  541.6288> <Mlp= 1165.7885> <PB=1192.1> 
<DWph=2> <it= 65> <et=0.39> <Mt= 0.01> <Spt= 0.01> <nCl= 18> <al=0.72> <DB= 1077.1606> <Mlp= 1162.1687> <PB=1192.1> 
<DWph=2> <it= 66> <et=0.40> <Mt= 0.00> <Spt= 0.00> <nCl=  8> <al=0.75> <DB= 1114.1421> <Mlp= 1162.1687> <PB=1192.1> 
<DWph=2> <it= 67> <et=0.40> <Mt= 0.00> <Spt= 0.01> <nCl= 16> <al=0.77> <DB= 1116.8383> <Mlp= 1160.2888> <PB=1192.1> 
<DWph=2> <it= 68> <et=0.41> <Mt= 0.00> <Spt= 0.00> <nCl= 15> <al=0.79> <DB= 1120.7235> <Mlp= 1158.1376> <PB=1192.1> 
<DWph=2> <it= 69> <et=0.41> <Mt= 0.00> <Spt= 0.00> <nCl=  4> <al=0.82> <DB= 1127.0867> <Mlp= 1155.2044> <PB=1192.1> 
<DWph=2> <it= 70> <et=0.42> <Mt= 0.00> <Spt= 0.01> <nCl= 11> <al=0.72> <DB= 1055.6881> <Mlp= 1155.2044> <PB=1192.1> 
<DWph=2> <it= 71> <et=0.42> <Mt= 0.00> <Spt= 0.00> <nCl=  4> <al=0.74> <DB= 1133.9896> <Mlp= 1154.0414> <PB=1192.1> 
<DWph=2> <it= 72> <et=0.43> <Mt= 0.00> <Spt= 0.01> <nCl= 12> <al=0.64> <DB= 1141.1298> <Mlp= 1154.0414> <PB=1192.1> 
<DWph=2> <it= 73> <et=0.43> <Mt= 0.00> <Spt= 0.00> <nCl= 14> <al=0.54> <DB= 1091.1944> <Mlp= 1154.0055> <PB=1192.1> 
<DWph=2> <it= 74> <et=0.44> <Mt= 0.00> <Spt= 0.00> <nCl=  6> <al=0.59> <DB= 1105.9319> <Mlp= 1152.7176> <PB=1192.1> 
<DWph=2> <it= 75> <et=0.44> <Mt= 0.00> <Spt= 0.01> <nCl=  6> <al=0.63> <DB= 1108.2205> <Mlp= 1152.5188> <PB=1192.1> 
<DWph=2> <it= 76> <et=0.45> <Mt= 0.00> <Spt= 0.00> <nCl=  4> <al=0.67> <DB= 1137.2267> <Mlp= 1152.5188> <PB=1192.1> 
<DWph=2> <it= 77> <et=0.45> <Mt= 0.00> <Spt= 0.01> <nCl=  4> <al=0.70> <DB= 1144.4039> <Mlp= 1152.0710> <PB=1192.1> 
<DWph=2> <it= 78> <et=0.45> <Mt= 0.00> <Spt= 0.00> <nCl= 10> <al=0.60> <DB= 1135.9675> <Mlp= 1152.0710> <PB=1192.1> 
<DWph=2> <it= 79> <et=0.46> <Mt= 0.00> <Spt= 0.00> <nCl=  2> <al=0.64> <DB= 1141.0633> <Mlp= 1152.0710> <PB=1192.1> 
<DWph=2> <it= 80> <et=0.46> <Mt= 0.00> <Spt= 0.01> <nCl=  2> <al=0.68> <DB= 1143.9125> <Mlp= 1151.8130> <PB=1192.1> 
<DWph=2> <it= 81> <et=0.47> <Mt= 0.01> <Spt= 0.01> <nCl=  3> <al=0.42> <DB= 1148.6742> <Mlp= 1151.7401> <PB=1192.1> 
<DWph=2> <it= 82> <et=0.48> <Mt= 0.00> <Spt= 0.00> <nCl=  4> <al=0.61> <DB= 1143.2995> <Mlp= 1151.6181> <PB=1192.1> 
<DWph=2> <it= 83> <et=0.49> <Mt= 0.00> <Spt= 0.01> <nCl= 13> <al=0.00> <DB= 1133.6181> <Mlp= 1151.6181> <PB=1192.1> 
<DWph=2> <it= 84> <et=0.50> <Mt= 0.00> <Spt= 0.01> <nCl= 10> <al=0.10> <DB= 1127.8376> <Mlp= 1151.4196> <PB=1192.1> 
<DWph=2> <it= 85> <et=0.50> <Mt= 0.00> <Spt= 0.01> <nCl=  6> <al=0.00> <DB= 1117.9553> <Mlp= 1151.4196> <PB=1192.1> 
<DWph=2> <it= 86> <et=0.51> <Mt= 0.00> <Spt= 0.00> <nCl=  3> <al=0.00> <DB= 1151.4196> <Mlp= 1151.4196> <PB=1192.1> 
<DWph=1> <it= 87> <et=0.52> <Mt= 0.00> <Spt= 0.01> <nCl= 17> <al=0.25> <DB= 1106.4196> <Mlp= 1151.4196> <PB=1192.1> 
<DWph=1> <it= 88> <et=0.53> <Mt= 0.00> <Spt= 0.01> <nCl= 13> <al=0.15> <DB= 1103.2458> <Mlp= 1150.4785> <PB=1192.1> 
<DWph=1> <it= 89> <et=0.54> <Mt= 0.00> <Spt= 0.01> <nCl=  8> <al=0.23> <DB= 1129.0742> <Mlp= 1148.8115> <PB=1192.1> 
<DWph=1> <it= 90> <et=0.54> <Mt= 0.00> <Spt= 0.00> <nCl=  7> <al=0.31> <DB= 1139.0903> <Mlp= 1148.5479> <PB=1192.1> 
<DWph=1> <it= 91> <et=0.55> <Mt= 0.00> <Spt= 0.01> <nCl=  5> <al=0.21> <DB= 1141.9291> <Mlp= 1148.5479> <PB=1192.1> 
<DWph=1> <it= 92> <et=0.57> <Mt= 0.00> <Spt= 0.01> <nCl=  6> <al=0.00> <DB= 1148.5273> <Mlp= 1148.5273> <PB=1192.1> 
    RCSP exact solver info for graph G_1 : TT = 0.011486, pt = 1.2e-05, dt = 0.009776, ct = 0.001392, ndl = 2', bdl = 72', odl = 2', odf = 17', bsi = 1', cnt = 3', bdch = 501', odch = 23', lcp = 21', #sols = 150
<DWph=0> <it= 93> <et=0.58> <Mt= 0.00> <Spt= 0.02> <nCl= 68> <al=0.01> <DB= 1129.3202> <Mlp= 1148.5273> <PB=1192.1> 
    RCSP exact solver info for graph G_1 : TT = 0.009281, pt = 2.7e-05, dt = 0.00752, ct = 0.001435, ndl = 2', bdl = 71', odl = 2', odf = 17', bsi = 1', cnt = 3', bdch = 502', odch = 23', lcp = 20', #sols = 150
    RCSP exact solver info for graph G_1 : TT = 0.009175, pt = 2.2e-05, dt = 0.007441, ct = 0.001421, ndl = 2', bdl = 70', odl = 2', odf = 17', bsi = 1', cnt = 3', bdch = 496', odch = 23', lcp = 20', #sols = 150
<DWph=0> <it= 94> <et=0.60> <Mt= 0.00> <Spt= 0.02> <nCl= 24> <al=0.00> <DB= 1147.6113> <Mlp= 1147.6113> <PB=1192.1> 
Dynamic params and stats :  aver.obdmd = 23.3788 aver.buck.num. = 26
@@ 1 0 1147.61 0.00966167 0.011168 84.4846 0.6
Labels distribution in buckets (bucket size) : largest - 37, top 0.1% - 37, top 0.5% - 24, top 2% - 17, top 10% - 10, top 50% - 2
Reduced cost fixing for graph G_1... 37156 buck. arcs remain (43.4% from prev., 36.7% from max.) + 7882 jump buck. arcs (7.78% from max.)
 TT = 0.055677, pt = 0.005399, dt = 0.023189, ct = 0.026933, ndl = 13', bdl = 220', odl = 4', odf = 54', lpcb = 382', cnt = 288', bdch = 2467', odch = 174', lcp = 150'
Labels distribution in buckets (bucket size) : largest - 37, top 0.1% - 37, top 0.5% - 26, top 2% - 19, top 10% - 11, top 50% - 2
Run forward enumeration with border = 50... succeeded! lpt = 0.962612, ndl = 182', dl = 210', lpcb = 5371', dch = 4223'
Run enumeration concatenation with time limit 0.3 sec.... time limit reached, not succeeded.
Sorting and storing enumerated solutions ...  TT = 1.5821, pt = 0.001991, dt = 0.962612, ct = 0.315468, ndl = 182', bdl = 210', lpcb = 5371', cnt = 3300', bdch = 4223', odch = 0', lcp = 0'
ColGenEvalAlg final dual bound: 1147.61 (rounded: 1148)
Shrinking heuristic shrunk 18 edges
In total 24 RCC cut(s) are found by the Fractional capacity min-cut heuristic 
In total 121 RCC cut(s) are found by the greedy construction heuristic 
----- Add fac. cuts : CAP(100), max.viol = 0.575758, aver.viol = 0.32597, sep/add took 0.0134602/0.0877718 sec. -----
2144 columns (2144 active), 100 dyn. constrs. (100 active), 230 art. vars. (230 active)
<DWph=2> <it=  1> <et=2.36> <Mt= 0.01> <Spt= 0.01> <nCl= 29> <al=0.50> <DB=  600.8374> <Mlp= 1163.4052> <PB=1192.1> 
<DWph=2> <it=  2> <et=2.37> <Mt= 0.00> <Spt= 0.00> <nCl= 10> <al=0.55> <DB= 1125.8487> <Mlp= 1161.0862> <PB=1192.1> 
<DWph=2> <it=  3> <et=2.38> <Mt= 0.01> <Spt= 0.01> <nCl=  1> <al=0.60> <DB= 1142.8380> <Mlp= 1160.2002> <PB=1192.1> 
<DWph=2> <it=  4> <et=2.39> <Mt= 0.00> <Spt= 0.00> <nCl=  6> <al=0.27> <DB= 1144.1058> <Mlp= 1160.2002> <PB=1192.1> 
<DWph=2> <it=  5> <et=2.40> <Mt= 0.00> <Spt= 0.01> <nCl=  3> <al=0.54> <DB= 1155.6913> <Mlp= 1159.7163> <PB=1192.1> 
<DWph=2> <it=  6> <et=2.40> <Mt= 0.00> <Spt= 0.00> <nCl=  8> <al=0.58> <DB= 1151.1927> <Mlp= 1159.7163> <PB=1192.1> 
<DWph=2> <it=  7> <et=2.41> <Mt= 0.01> <Spt= 0.01> <nCl=  2> <al=0.62> <DB= 1153.5200> <Mlp= 1159.7041> <PB=1192.1> 
<DWph=2> <it=  8> <et=2.42> <Mt= 0.00> <Spt= 0.00> <nCl=  1> <al=0.66> <DB= 1157.0204> <Mlp= 1159.6163> <PB=1192.1> 
<DWph=2> <it=  9> <et=2.42> <Mt= 0.00> <Spt= 0.01> <nCl=  5> <al=0.70> <DB= 1155.1607> <Mlp= 1159.6131> <PB=1192.1> 
<DWph=2> <it= 10> <et=2.43> <Mt= 0.00> <Spt= 0.01> <nCl=  5> <al=0.45> <DB= 1158.4265> <Mlp= 1159.5837> <PB=1192.1> 
<DWph=2> <it= 11> <et=2.44> <Mt= 0.00> <Spt= 0.00> <nCl=  2> <al=0.63> <DB= 1152.7775> <Mlp= 1159.5721> <PB=1192.1> 
<DWph=2> <it= 12> <et=2.45> <Mt= 0.01> <Spt= 0.00> <nCl=  2> <al=0.66> <DB= 1146.3643> <Mlp= 1159.5424> <PB=1192.1> 
<DWph=2> <it= 13> <et=2.46> <Mt= 0.00> <Spt= 0.01> <nCl=  3> <al=0.39> <DB= 1133.9868> <Mlp= 1159.5244> <PB=1192.1> 
<DWph=2> <it= 14> <et=2.47> <Mt= 0.00> <Spt= 0.01> <nCl=  1> <al=0.19> <DB= 1158.4305> <Mlp= 1159.5244> <PB=1192.1> 
<DWph=2> <it= 15> <et=2.48> <Mt= 0.00> <Spt= 0.01> <nCl=  4> <al=0.00> <DB= 1148.6911> <Mlp= 1159.5244> <PB=1192.1> 
<DWph=2> <it= 16> <et=2.49> <Mt= 0.00> <Spt= 0.01> <nCl=  0> <al=0.00> <DB= 1159.5244> <Mlp= 1159.5244> <PB=1192.1> 
<DWph=1> <it= 17> <et=2.49> <Mt= 0.00> <Spt= 0.00> <nCl= 17> <al=0.30> <DB=  987.0507> <Mlp= 1159.5244> <PB=1192.1> 
<DWph=1> <it= 18> <et=2.50> <Mt= 0.01> <Spt= 0.01> <nCl=  8> <al=0.37> <DB= 1051.5074> <Mlp= 1159.1162> <PB=1192.1> 
<DWph=1> <it= 19> <et=2.51> <Mt= 0.00> <Spt= 0.01> <nCl=  5> <al=0.43> <DB= 1112.7773> <Mlp= 1159.0802> <PB=1192.1> 
<DWph=1> <it= 20> <et=2.52> <Mt= 0.00> <Spt= 0.00> <nCl=  3> <al=0.33> <DB= 1095.2564> <Mlp= 1159.0620> <PB=1192.1> 
<DWph=1> <it= 21> <et=2.53> <Mt= 0.00> <Spt= 0.01> <nCl=  1> <al=0.40> <DB= 1140.6678> <Mlp= 1159.0601> <PB=1192.1> 
<DWph=1> <it= 22> <et=2.54> <Mt= 0.00> <Spt= 0.00> <nCl=  3> <al=0.30> <DB= 1150.4644> <Mlp= 1159.0601> <PB=1192.1> 
<DWph=1> <it= 23> <et=2.54> <Mt= 0.01> <Spt= 0.01> <nCl=  1> <al=0.37> <DB= 1154.6011> <Mlp= 1159.0601> <PB=1192.1> 
<DWph=1> <it= 24> <et=2.56> <Mt= 0.00> <Spt= 0.01> <nCl=  5> <al=0.00> <DB= 1159.0601> <Mlp= 1159.0601> <PB=1192.1> 
    RCSP exact solver info for graph G_1 : TT = 0.006492, pt = 1.5e-05, dt = 0.005074, ct = 0.001072, ndl = 3', bdl = 28', odl = 2', odf = 16', bsi = 1', cnt = 4', bdch = 216', odch = 24', lcp = 22', #sols = 150
<DWph=0> <it= 25> <et=2.57> <Mt= 0.00> <Spt= 0.01> <nCl= 60> <al=0.33> <DB= 1100.9022> <Mlp= 1159.0601> <PB=1192.1> 
    RCSP exact solver info for graph G_1 : TT = 0.006582, pt = 2.9e-05, dt = 0.005099, ct = 0.001094, ndl = 3', bdl = 28', odl = 2', odf = 17', bsi = 1', cnt = 4', bdch = 220', odch = 24', lcp = 23', #sols = 150
    RCSP exact solver info for graph G_1 : TT = 0.006416, pt = 2.3e-05, dt = 0.004989, ct = 0.00107, ndl = 3', bdl = 29', odl = 2', odf = 17', bsi = 1', cnt = 4', bdch = 220', odch = 25', lcp = 22', #sols = 150
<DWph=0> <it= 26> <et=2.59> <Mt= 0.00> <Spt= 0.03> <nCl= 21> <al=0.00> <DB= 1159.0479> <Mlp= 1159.0479> <PB=1192.1> 
Dynamic params and stats :  aver.obdmd = 23.3788 aver.buck.num. = 26
@@ 1 1 1159.05 0.00613267 0.006193 36.698 2.59
Labels distribution in buckets (bucket size) : largest - 26, top 0.1% - 26, top 0.5% - 23, top 2% - 17, top 10% - 11, top 50% - 2
Reduced cost fixing for graph G_1... 32040 buck. arcs remain (86.2% from prev., 31.6% from max.) + 8345 jump buck. arcs (8.24% from max.)
 TT = 0.042726, pt = 0.003221, dt = 0.017788, ct = 0.021571, ndl = 14', bdl = 171', odl = 4', odf = 54', lpcb = 122', cnt = 261', bdch = 1757', odch = 179', lcp = 174'
Labels distribution in buckets (bucket size) : largest - 38, top 0.1% - 38, top 0.5% - 24, top 2% - 19, top 10% - 12, top 50% - 2
Run forward enumeration with border = 50... succeeded! lpt = 0.561417, ndl = 129', dl = 129', lpcb = 3300', dch = 2296'
Run enumeration concatenation with time limit 0.3 sec.... time limit reached, not succeeded.
Sorting and storing enumerated solutions ...  TT = 1.08587, pt = 0, dt = 0.561417, ct = 0.30369, ndl = 129', bdl = 129', lpcb = 3300', cnt = 2197', bdch = 2296', odch = 0', lcp = 0'
ColGenEvalAlg final dual bound: 1159.05 (rounded: 1160)
Gap improvement since the last cut separation : 0.257069 (1147.61)
Current active cuts : CAP(15,540.562)
In total 1 RCC cut(s) are found by the connected components heuristic 
Shrinking heuristic shrunk 9 edges
In total 17 RCC cut(s) are found by the Fractional capacity min-cut heuristic 
In total 106 RCC cut(s) are found by the greedy construction heuristic 
In total 7 RCC cut(s) are found by the global pool greedy search heuristic 
----- Add fac. cuts : CAP(100), max.viol = 0.428176, aver.viol = 0.208815, sep/add took 0.0198775/0.113526 sec. -----
2350 columns (2350 active), 200 dyn. constrs. (115 active), 330 art. vars. (245 active)
<DWph=2> <it=  1> <et=3.91> <Mt= 0.01> <Spt= 0.00> <nCl= 19> <al=0.50> <DB=  740.3930> <Mlp= 1171.0225> <PB=1192.1> 
<DWph=2> <it=  2> <et=3.92> <Mt= 0.01> <Spt= 0.01> <nCl= 10> <al=0.55> <DB= 1096.1932> <Mlp= 1168.2871> <PB=1192.1> 
<DWph=2> <it=  3> <et=3.93> <Mt= 0.01> <Spt= 0.01> <nCl=  6> <al=0.60> <DB= 1156.5453> <Mlp= 1167.9730> <PB=1192.1> 
<DWph=2> <it=  4> <et=3.94> <Mt= 0.00> <Spt= 0.00> <nCl=  5> <al=0.50> <DB= 1142.8982> <Mlp= 1167.8053> <PB=1192.1> 
<DWph=2> <it=  5> <et=3.96> <Mt= 0.01> <Spt= 0.01> <nCl=  4> <al=0.55> <DB= 1162.4674> <Mlp= 1166.5714> <PB=1192.1> 
<DWph=2> <it=  6> <et=3.97> <Mt= 0.00> <Spt= 0.00> <nCl= 14> <al=0.45> <DB= 1146.5049> <Mlp= 1166.4175> <PB=1192.1> 
<DWph=2> <it=  7> <et=3.98> <Mt= 0.01> <Spt= 0.01> <nCl=  4> <al=0.50> <DB= 1159.1197> <Mlp= 1165.8021> <PB=1192.1> 
<DWph=2> <it=  8> <et=3.99> <Mt= 0.00> <Spt= 0.00> <nCl=  1> <al=0.55> <DB= 1163.8326> <Mlp= 1165.8021> <PB=1192.1> 
<DWph=2> <it=  9> <et=3.99> <Mt= 0.00> <Spt= 0.01> <nCl=  3> <al=0.45> <DB= 1162.5751> <Mlp= 1165.8021> <PB=1192.1> 
<DWph=2> <it= 10> <et=4.00> <Mt= 0.00> <Spt= 0.01> <nCl=  1> <al=0.35> <DB= 1164.1766> <Mlp= 1165.8021> <PB=1192.1> 
<DWph=2> <it= 11> <et=4.01> <Mt= 0.01> <Spt= 0.00> <nCl= 11> <al=0.25> <DB= 1155.8247> <Mlp= 1165.7547> <PB=1192.1> 
<DWph=2> <it= 12> <et=4.02> <Mt= 0.00> <Spt= 0.01> <nCl=  4> <al=0.33> <DB= 1159.6904> <Mlp= 1165.7050> <PB=1192.1> 
<DWph=2> <it= 13> <et=4.03> <Mt= 0.00> <Spt= 0.00> <nCl=  2> <al=0.39> <DB= 1162.4694> <Mlp= 1165.7050> <PB=1192.1> 
<DWph=2> <it= 14> <et=4.04> <Mt= 0.01> <Spt= 0.01> <nCl=  1> <al=0.45> <DB= 1165.0092> <Mlp= 1165.7012> <PB=1192.1> 
<DWph=2> <it= 15> <et=4.04> <Mt= 0.00> <Spt= 0.00> <nCl=  3> <al=0.35> <DB= 1163.0297> <Mlp= 1165.7012> <PB=1192.1> 
<DWph=2> <it= 16> <et=4.06> <Mt= 0.00> <Spt= 0.01> <nCl=  8> <al=0.00> <DB= 1163.0224> <Mlp= 1165.7012> <PB=1192.1> 
<DWph=2> <it= 17> <et=4.07> <Mt= 0.00> <Spt= 0.01> <nCl=  2> <al=0.00> <DB= 1163.3502> <Mlp= 1165.7000> <PB=1192.1> 
<DWph=2> <it= 18> <et=4.08> <Mt= 0.01> <Spt= 0.01> <nCl=  0> <al=0.00> <DB= 1165.7000> <Mlp= 1165.7000> <PB=1192.1> 
<DWph=1> <it= 19> <et=4.09> <Mt= 0.00> <Spt= 0.01> <nCl= 10> <al=0.12> <DB= 1141.0362> <Mlp= 1165.7000> <PB=1192.1> 
<DWph=1> <it= 20> <et=4.10> <Mt= 0.00> <Spt= 0.01> <nCl=  8> <al=0.21> <DB= 1157.1279> <Mlp= 1165.3368> <PB=1192.1> 
<DWph=1> <it= 21> <et=4.11> <Mt= 0.01> <Spt= 0.00> <nCl=  7> <al=0.11> <DB= 1163.3744> <Mlp= 1165.3368> <PB=1192.1> 
<DWph=1> <it= 22> <et=4.13> <Mt= 0.00> <Spt= 0.02> <nCl=  1> <al=0.00> <DB= 1165.3368> <Mlp= 1165.3368> <PB=1192.1> 
    RCSP exact solver info for graph G_1 : TT = 0.005137, pt = 1.5e-05, dt = 0.004001, ct = 0.000783, ndl = 2', bdl = 19', odl = 2', odf = 16', bsi = 1', cnt = 4', bdch = 136', odch = 22', lcp = 16', #sols = 149
<DWph=0> <it= 23> <et=4.14> <Mt= 0.00> <Spt= 0.01> <nCl= 33> <al=0.10> <DB= 1156.7286> <Mlp= 1165.3368> <PB=1192.1> 
    RCSP exact solver info for graph G_1 : TT = 0.005362, pt = 3.2e-05, dt = 0.004188, ct = 0.00079, ndl = 2', bdl = 19', odl = 2', odf = 16', bsi = 1', cnt = 4', bdch = 137', odch = 23', lcp = 16', #sols = 150
<DWph=0> <it= 24> <et=4.15> <Mt= 0.00> <Spt= 0.01> <nCl= 10> <al=0.00> <DB= 1165.3238> <Mlp= 1165.3238> <PB=1192.1> 
Dynamic params and stats :  aver.obdmd = 23.3788 aver.buck.num. = 26
@@ 1 2 1165.32 0.004881 0.004978 31.6451 4.15
Labels distribution in buckets (bucket size) : largest - 22, top 0.1% - 22, top 0.5% - 20, top 2% - 15, top 10% - 9, top 50% - 2
Reduced cost fixing for graph G_1... 28833 buck. arcs remain (90% from prev., 28.5% from max.) + 7600 jump buck. arcs (7.51% from max.)
 TT = 0.033391, pt = 0.00214, dt = 0.012733, ct = 0.018377, ndl = 10', bdl = 115', odl = 5', odf = 59', lpcb = 82', cnt = 175', bdch = 1000', odch = 183', lcp = 122'
Labels distribution in buckets (bucket size) : largest - 25, top 0.1% - 25, top 0.5% - 22, top 2% - 16, top 10% - 9, top 50% - 2
Run forward enumeration with border = 50... succeeded! lpt = 0.341379, ndl = 87', dl = 78', lpcb = 1940', dch = 1281'
Run enumeration concatenation with time limit 0.3 sec.... time limit reached, not succeeded.
Sorting and storing enumerated solutions ...  TT = 0.830844, pt = 0, dt = 0.341379, ct = 0.306835, ndl = 87', bdl = 78', lpcb = 1940', cnt = 1284', bdch = 1281', odch = 0', lcp = 0'
ColGenEvalAlg final dual bound: 1165.32 (rounded: 1166)
Gap improvement since the last cut separation : 0.189878 (1159.05)
Current active cuts : CAP(19,822.503)
Shrinking heuristic shrunk 14 edges
In total 12 RCC cut(s) are found by the Fractional capacity min-cut heuristic 
In total 34 RCC cut(s) are found by the greedy construction heuristic 
In total 8 RCC cut(s) are found by the global pool greedy search heuristic 
----- Add fac. cuts : CAP(54), max.viol = 0.236405, aver.viol = 0.074143, sep/add took 0.0148345/0.0473972 sec. -----
2517 columns (2517 active), 169 dyn. constrs. (75 active), 384 art. vars. (205 active)
<DWph=2> <it=  1> <et=5.14> <Mt= 0.01> <Spt= 0.00> <nCl= 11> <al=0.50> <DB= 1134.0490> <Mlp= 1166.7441> <PB=1192.1> 
<DWph=2> <it=  2> <et=5.15> <Mt= 0.01> <Spt= 0.01> <nCl=  3> <al=0.55> <DB= 1155.1967> <Mlp= 1166.5589> <PB=1192.1> 
<DWph=2> <it=  3> <et=5.16> <Mt= 0.00> <Spt= 0.01> <nCl=  9> <al=0.19> <DB= 1151.5552> <Mlp= 1166.3793> <PB=1192.1> 
<DWph=2> <it=  4> <et=5.17> <Mt= 0.00> <Spt= 0.01> <nCl=  5> <al=0.00> <DB= 1166.2256> <Mlp= 1166.3410> <PB=1192.1> 
<DWph=2> <it=  5> <et=5.18> <Mt= 0.00> <Spt= 0.00> <nCl=  4> <al=0.00> <DB= 1166.3410> <Mlp= 1166.3410> <PB=1192.1> 
<DWph=1> <it=  6> <et=5.19> <Mt= 0.00> <Spt= 0.01> <nCl=  9> <al=0.30> <DB= 1157.3410> <Mlp= 1166.3410> <PB=1192.1> 
<DWph=1> <it=  7> <et=5.20> <Mt= 0.01> <Spt= 0.00> <nCl=  3> <al=0.37> <DB= 1159.0806> <Mlp= 1166.3130> <PB=1192.1> 
<DWph=1> <it=  8> <et=5.21> <Mt= 0.00> <Spt= 0.01> <nCl=  3> <al=0.43> <DB= 1162.0583> <Mlp= 1166.3043> <PB=1192.1> 
<DWph=1> <it=  9> <et=5.22> <Mt= 0.00> <Spt= 0.01> <nCl=  1> <al=0.00> <DB= 1166.2994> <Mlp= 1166.2994> <PB=1192.1> 
    RCSP exact solver info for graph G_1 : TT = 0.004718, pt = 1.4e-05, dt = 0.003643, ct = 0.000709, ndl = 2', bdl = 17', odl = 2', odf = 15', bsi = 1', cnt = 3', bdch = 120', odch = 21', lcp = 15', #sols = 150
    RCSP exact solver info for graph G_1 : TT = 0.004704, pt = 2.4e-05, dt = 0.003642, ct = 0.000704, ndl = 2', bdl = 17', odl = 2', odf = 15', bsi = 1', cnt = 3', bdch = 120', odch = 21', lcp = 15', #sols = 150
<DWph=0> <it= 10> <et=5.24> <Mt= 0.00> <Spt= 0.02> <nCl= 24> <al=0.00> <DB= 1166.2994> <Mlp= 1166.2994> <PB=1192.1> 
Dynamic params and stats :  aver.obdmd = 23.3788 aver.buck.num. = 26
@@ 1 3 1166.3 0.004349 0.004352 28.4776 5.24
    Full reduced cost fixing is not called (gap ratio is 0.96343)
ColGenEvalAlg final dual bound: 1166.3 (rounded: 1167)
Gap improvement since the last cut separation : 0.0364333 (1165.32)
Current active cuts : CAP(26,1005.41)
In total 1 RCC cut(s) are found by the connected components heuristic 
Shrinking heuristic shrunk 13 edges
In total 3 RCC cut(s) are found by the Fractional capacity min-cut heuristic 
In total 15 RCC cut(s) are found by the greedy construction heuristic 
In total 19 RCC cut(s) are found by the global pool greedy search heuristic 
----- Add fac. cuts : CAP(38), max.viol = 0.0797696, aver.viol = 0.0322339, sep/add took 0.0172612/0.0391086 sec. -----
2589 columns (2589 active), 113 dyn. constrs. (73 active), 422 art. vars. (203 active)
<DWph=2> <it=  1> <et=5.35> <Mt= 0.01> <Spt= 0.00> <nCl= 10> <al=0.50> <DB= 1160.7303> <Mlp= 1166.8513> <PB=1192.1> 
<DWph=2> <it=  2> <et=5.37> <Mt= 0.00> <Spt= 0.01> <nCl= 10> <al=0.10> <DB= 1147.4131> <Mlp= 1166.6824> <PB=1192.1> 
<DWph=2> <it=  3> <et=5.38> <Mt= 0.01> <Spt= 0.01> <nCl=  7> <al=0.00> <DB= 1165.6261> <Mlp= 1166.6824> <PB=1192.1> 
<DWph=2> <it=  4> <et=5.39> <Mt= 0.00> <Spt= 0.00> <nCl=  3> <al=0.00> <DB= 1166.6824> <Mlp= 1166.6824> <PB=1192.1> 
<DWph=1> <it=  5> <et=5.39> <Mt= 0.00> <Spt= 0.01> <nCl=  6> <al=0.25> <DB= 1161.7215> <Mlp= 1166.6824> <PB=1192.1> 
<DWph=1> <it=  6> <et=5.40> <Mt= 0.00> <Spt= 0.01> <nCl=  0> <al=0.00> <DB= 1166.6824> <Mlp= 1166.6824> <PB=1192.1> 
    RCSP exact solver info for graph G_1 : TT = 0.004292, pt = 1.3e-05, dt = 0.003318, ct = 0.000621, ndl = 2', bdl = 14', odl = 2', odf = 16', bsi = 1', cnt = 2', bdch = 97', odch = 21', lcp = 12', #sols = 150
<DWph=0> <it=  7> <et=5.41> <Mt= 0.00> <Spt= 0.01> <nCl= 18> <al=0.05> <DB= 1162.3885> <Mlp= 1166.6824> <PB=1192.1> 
    RCSP exact solver info for graph G_1 : TT = 0.004598, pt = 3.1e-05, dt = 0.003582, ct = 0.000623, ndl = 2', bdl = 14', odl = 2', odf = 16', bsi = 1', cnt = 2', bdch = 97', odch = 21', lcp = 12', #sols = 150
    RCSP exact solver info for graph G_1 : TT = 0.004344, pt = 2.3e-05, dt = 0.003377, ct = 0.000616, ndl = 2', bdl = 14', odl = 2', odf = 16', bsi = 1', cnt = 2', bdch = 97', odch = 21', lcp = 12', #sols = 150
<DWph=0> <it=  8> <et=5.43> <Mt= 0.00> <Spt= 0.01> <nCl=  3> <al=0.00> <DB= 1166.6824> <Mlp= 1166.6824> <PB=1192.1> 
Dynamic params and stats :  aver.obdmd = 23.3788 aver.buck.num. = 26
@@ 1 4 1166.68 0.00404567 0.004205 28.4776 5.43
    Full reduced cost fixing is not called (gap ratio is 0.949071)
ColGenEvalAlg final dual bound: 1166.68 (rounded: 1167)
Gap improvement since the last cut separation : 0.0148467 (1166.3)
Cut generation tailing off counter increased to 1
Current active cuts : CAP(30,866.979)
Shrinking heuristic shrunk 15 edges
In total 2 RCC cut(s) are found by the Fractional capacity min-cut heuristic 
In total 4 RCC cut(s) are found by the greedy construction heuristic 
In total 2 RCC cut(s) are found by the global pool greedy search heuristic 
----- Add fac. cuts : CAP(8), max.viol = 0.144402, aver.viol = 0.0503141, sep/add took 0.0138734/0.00510416 sec. -----
2646 columns (2646 active), 81 dyn. constrs. (45 active), 430 art. vars. (175 active)
<DWph=2> <it=  1> <et=5.48> <Mt= 0.01> <Spt= 0.01> <nCl=  4> <al=0.00> <DB= 1162.6595> <Mlp= 1166.8085> <PB=1192.1> 
<DWph=2> <it=  2> <et=5.49> <Mt= 0.00> <Spt= 0.00> <nCl=  1> <al=0.00> <DB= 1166.8085> <Mlp= 1166.8085> <PB=1192.1> 
<DWph=1> <it=  3> <et=5.49> <Mt= 0.00> <Spt= 0.01> <nCl=  0> <al=0.00> <DB= 1166.8085> <Mlp= 1166.8085> <PB=1192.1> 
    RCSP exact solver info for graph G_1 : TT = 0.004172, pt = 1.4e-05, dt = 0.003212, ct = 0.000589, ndl = 1', bdl = 13', odl = 2', odf = 16', bsi = 1', cnt = 2', bdch = 90', odch = 20', lcp = 12', #sols = 150
    RCSP exact solver info for graph G_1 : TT = 0.004149, pt = 2.5e-05, dt = 0.00322, ct = 0.000583, ndl = 1', bdl = 13', odl = 2', odf = 16', bsi = 1', cnt = 2', bdch = 90', odch = 20', lcp = 12', #sols = 150
<DWph=0> <it=  4> <et=5.51> <Mt= 0.00> <Spt= 0.01> <nCl= 14> <al=0.00> <DB= 1166.8085> <Mlp= 1166.8085> <PB=1192.1> 
Dynamic params and stats :  aver.obdmd = 23.3788 aver.buck.num. = 26
@@ 1 5 1166.81 0.003802 0.003803 28.4776 5.51
    Full reduced cost fixing is not called (gap ratio is 0.944344)
ColGenEvalAlg final dual bound: 1166.81 (rounded: 1167)
Gap improvement since the last cut separation : 0.0049607 (1166.68)
Cut generation tailing off counter increased to 2
Current active cuts : CAP(31,803.901)
Shrinking heuristic shrunk 15 edges
In total 1 RCC cut(s) are found by the Fractional capacity min-cut heuristic 
In total 1 RCC cut(s) are found by the greedy construction heuristic 
In total 2 RCC cut(s) are found by the global pool greedy search heuristic 
----- Add fac. cuts : CAP(4), max.viol = 0.1, aver.viol = 0.042, sep/add took 0.0129947/0.00202998 sec. -----
2665 columns (2665 active), 49 dyn. constrs. (41 active), 434 art. vars. (171 active)
<DWph=2> <it=  1> <et=5.55> <Mt= 0.00> <Spt= 0.01> <nCl=  1> <al=0.50> <DB= 1166.5731> <Mlp= 1166.8835> <PB=1192.1> 
<DWph=2> <it=  2> <et=5.56> <Mt= 0.01> <Spt= 0.01> <nCl=  3> <al=0.00> <DB= 1166.8818> <Mlp= 1166.8818> <PB=1192.1> 
<DWph=1> <it=  3> <et=5.57> <Mt= 0.00> <Spt= 0.00> <nCl=  1> <al=0.00> <DB= 1166.8818> <Mlp= 1166.8818> <PB=1192.1> 
    RCSP exact solver info for graph G_1 : TT = 0.004273, pt = 1.4e-05, dt = 0.003297, ct = 0.000603, ndl = 2', bdl = 14', odl = 2', odf = 16', bsi = 1', cnt = 2', bdch = 98', odch = 21', lcp = 12', #sols = 150
    RCSP exact solver info for graph G_1 : TT = 0.004229, pt = 2.3e-05, dt = 0.003288, ct = 0.000594, ndl = 2', bdl = 14', odl = 2', odf = 16', bsi = 1', cnt = 2', bdch = 98', odch = 21', lcp = 12', #sols = 150
<DWph=0> <it=  4> <et=5.58> <Mt= 0.00> <Spt= 0.02> <nCl=  2> <al=0.00> <DB= 1166.8818> <Mlp= 1166.8818> <PB=1192.1> 
Dynamic params and stats :  aver.obdmd = 23.3788 aver.buck.num. = 26
@@ 1 6 1166.88 0.003891 0.0039 28.4776 5.58
    Full reduced cost fixing is not called (gap ratio is 0.941595)
ColGenEvalAlg final dual bound: 1166.88 (rounded: 1167)
Gap improvement since the last cut separation : 0.00289938 (1166.81)
----- Cut separators priority level decreased to 1-----
Current active cuts : CAP(30,820.878)
Shrinking heuristic shrunk 12 edges
In total 1 RCC cut(s) are found by the Fractional capacity min-cut heuristic 
In total 3 RCC cut(s) are found by the greedy construction heuristic 
In total 23 RCC cut(s) are found by the global pool greedy search heuristic 
3 Rank-1 1-rows pack. cuts added ,  max viol. = 0.18609, aver. viol. = 0.122222
150 Rank-1 3-rows pack. cuts added ,  max viol. = 0.492419, aver. viol. = 0.171838
----- Add fac. cuts : CAP(27) R1C(153), max.viol = 0.492419, aver.viol = 0.151263, sep/add took 0.0174855/0.112707 sec. -----
2672 columns (2672 active), 221 dyn. constrs. (217 active), 614 art. vars. (347 active)
<DWph=2> <it=  1> <et=5.75> <Mt= 0.02> <Spt= 0.01> <nCl= 23> <al=0.50> <DB=  975.5231> <Mlp= 1173.8387> <PB=1192.1> 
<DWph=2> <it=  2> <et=5.88> <Mt= 0.12> <Spt= 0.00> <nCl= 24> <al=0.55> <DB=  690.7000> <Mlp= 1173.2598> <PB=1192.1> 
<DWph=2> <it=  3> <et=5.90> <Mt= 0.01> <Spt= 0.01> <nCl=  5> <al=0.60> <DB= 1142.3885> <Mlp= 1173.2598> <PB=1192.1> 
<DWph=2> <it=  4> <et=5.91> <Mt= 0.01> <Spt= 0.00> <nCl=  3> <al=0.64> <DB= 1166.0506> <Mlp= 1173.2598> <PB=1192.1> 
<DWph=2> <it=  5> <et=5.92> <Mt= 0.01> <Spt= 0.01> <nCl=  1> <al=0.67> <DB= 1167.0331> <Mlp= 1173.2598> <PB=1192.1> 
<DWph=2> <it=  6> <et=5.93> <Mt= 0.00> <Spt= 0.00> <nCl=  7> <al=0.70> <DB= 1165.0160> <Mlp= 1173.2598> <PB=1192.1> 
<DWph=2> <it=  7> <et=5.94> <Mt= 0.01> <Spt= 0.01> <nCl= 13> <al=0.47> <DB= 1101.4453> <Mlp= 1173.2598> <PB=1192.1> 
<DWph=2> <it=  8> <et=5.96> <Mt= 0.01> <Spt= 0.01> <nCl=  9> <al=0.63> <DB= 1122.5142> <Mlp= 1173.0772> <PB=1192.1> 
<DWph=2> <it=  9> <et=5.97> <Mt= 0.00> <Spt= 0.00> <nCl=  3> <al=0.67> <DB= 1170.3675> <Mlp= 1173.0453> <PB=1192.1> 
<DWph=2> <it= 10> <et=5.98> <Mt= 0.01> <Spt= 0.01> <nCl=  4> <al=0.70> <DB= 1169.6351> <Mlp= 1173.0453> <PB=1192.1> 
<DWph=2> <it= 11> <et=5.99> <Mt= 0.00> <Spt= 0.01> <nCl=  8> <al=0.47> <DB= 1096.5842> <Mlp= 1173.0453> <PB=1192.1> 
<DWph=2> <it= 12> <et=6.01> <Mt= 0.01> <Spt= 0.00> <nCl=  1> <al=0.63> <DB= 1156.2412> <Mlp= 1172.9987> <PB=1192.1> 
<DWph=2> <it= 13> <et=6.01> <Mt= 0.00> <Spt= 0.01> <nCl=  2> <al=0.67> <DB= 1171.6525> <Mlp= 1172.9987> <PB=1192.1> 
<DWph=2> <it= 14> <et=6.02> <Mt= 0.00> <Spt= 0.00> <nCl=  6> <al=0.70> <DB= 1149.4924> <Mlp= 1172.9900> <PB=1192.1> 
<DWph=2> <it= 15> <et=6.03> <Mt= 0.01> <Spt= 0.01> <nCl=  1> <al=0.73> <DB= 1169.8205> <Mlp= 1172.9900> <PB=1192.1> 
<DWph=2> <it= 16> <et=6.04> <Mt= 0.00> <Spt= 0.01> <nCl=  3> <al=0.27> <DB= 1148.9975> <Mlp= 1172.9831> <PB=1192.1> 
<DWph=2> <it= 17> <et=6.05> <Mt= 0.00> <Spt= 0.00> <nCl=  2> <al=0.53> <DB= 1151.4139> <Mlp= 1172.9831> <PB=1192.1> 
<DWph=2> <it= 18> <et=6.06> <Mt= 0.01> <Spt= 0.01> <nCl=  5> <al=0.16> <DB= 1011.1788> <Mlp= 1172.9565> <PB=1192.1> 
<DWph=2> <it= 19> <et=6.08> <Mt= 0.00> <Spt= 0.01> <nCl=  6> <al=0.00> <DB=  991.6910> <Mlp= 1172.9565> <PB=1192.1> 
<DWph=2> <it= 20> <et=6.19> <Mt= 0.11> <Spt= 0.01> <nCl=  5> <al=0.38> <DB=  980.7144> <Mlp= 1172.9565> <PB=1192.1> 
<DWph=2> <it= 21> <et=6.21> <Mt= 0.01> <Spt= 0.00> <nCl=  4> <al=0.44> <DB= 1135.5125> <Mlp= 1172.9565> <PB=1192.1> 
<DWph=2> <it= 22> <et=6.38> <Mt= 0.16> <Spt= 0.01> <nCl=  3> <al=0.50> <DB= 1067.7738> <Mlp= 1172.9565> <PB=1192.1> 
<DWph=2> <it= 23> <et=6.39> <Mt= 0.01> <Spt= 0.00> <nCl=  1> <al=0.40> <DB= 1172.7358> <Mlp= 1172.9565> <PB=1192.1> 
<DWph=2> <it= 24> <et=6.40> <Mt= 0.01> <Spt= 0.01> <nCl=  4> <al=0.46> <DB= 1153.8589> <Mlp= 1172.9565> <PB=1192.1> 
<DWph=2> <it= 25> <et=6.41> <Mt= 0.00> <Spt= 0.00> <nCl=  2> <al=0.51> <DB= 1172.8435> <Mlp= 1172.9565> <PB=1192.1> 
<DWph=2> <it= 26> <et=6.43> <Mt= 0.00> <Spt= 0.02> <nCl=  3> <al=0.00> <DB= 1172.9565> <Mlp= 1172.9565> <PB=1192.1> 
<DWph=1> <it= 27> <et=6.44> <Mt= 0.00> <Spt= 0.01> <nCl= 11> <al=0.46> <DB= 1037.5173> <Mlp= 1172.9565> <PB=1192.1> 
<DWph=1> <it= 28> <et=6.58> <Mt= 0.14> <Spt= 0.01> <nCl= 14> <al=0.36> <DB=  997.3419> <Mlp= 1172.8864> <PB=1192.1> 
<DWph=1> <it= 29> <et=6.60> <Mt= 0.00> <Spt= 0.01> <nCl=  5> <al=0.26> <DB= 1092.5755> <Mlp= 1172.8467> <PB=1192.1> 
<DWph=1> <it= 30> <et=6.61> <Mt= 0.01> <Spt= 0.00> <nCl=  8> <al=0.16> <DB= 1078.1956> <Mlp= 1172.7835> <PB=1192.1> 
<DWph=1> <it= 31> <et=6.63> <Mt= 0.01> <Spt= 0.01> <nCl=  3> <al=0.24> <DB= 1145.2539> <Mlp= 1172.7745> <PB=1192.1> 
<DWph=1> <it= 32> <et=6.64> <Mt= 0.00> <Spt= 0.01> <nCl=  2> <al=0.32> <DB= 1143.9913> <Mlp= 1172.7733> <PB=1192.1> 
<DWph=1> <it= 33> <et=6.65> <Mt= 0.01> <Spt= 0.01> <nCl=  2> <al=0.22> <DB= 1166.7148> <Mlp= 1172.7733> <PB=1192.1> 
<DWph=1> <it= 34> <et=6.66> <Mt= 0.00> <Spt= 0.00> <nCl=  2> <al=0.12> <DB= 1061.5028> <Mlp= 1172.7725> <PB=1192.1> 
<DWph=1> <it= 35> <et=6.67> <Mt= 0.00> <Spt= 0.01> <nCl=  1> <al=0.21> <DB= 1168.3436> <Mlp= 1172.7725> <PB=1192.1> 
<DWph=1> <it= 36> <et=6.68> <Mt= 0.00> <Spt= 0.01> <nCl=  3> <al=0.29> <DB= 1163.2714> <Mlp= 1172.7725> <PB=1192.1> 
<DWph=1> <it= 37> <et=6.70> <Mt= 0.00> <Spt= 0.01> <nCl=  1> <al=0.00> <DB= 1172.7725> <Mlp= 1172.7725> <PB=1192.1> 
    RCSP exact solver info for graph G_1 : TT = 0.014626, pt = 0.000299, dt = 0.011781, ct = 0.002131, ndl = 3', bdl = 24', odl = 2', odf = 19', bsi = 1', cnt = 13', bdch = 219', odch = 40', lcp = 28', #sols = 150
<DWph=0> <it= 38> <et=6.72> <Mt= 0.00> <Spt= 0.03> <nCl= 73> <al=0.26> <DB= 1042.7725> <Mlp= 1172.7725> <PB=1192.1> 
    RCSP exact solver info for graph G_1 : TT = 0.013497, pt = 0.000399, dt = 0.010502, ct = 0.002176, ndl = 3', bdl = 25', odl = 2', odf = 20', bsi = 1', cnt = 15', bdch = 222', odch = 42', lcp = 28', #sols = 150
<DWph=0> <it= 39> <et=6.75> <Mt= 0.01> <Spt= 0.02> <nCl= 40> <al=0.16> <DB= 1068.0254> <Mlp= 1172.7690> <PB=1192.1> 
    RCSP exact solver info for graph G_1 : TT = 0.013468, pt = 0.000374, dt = 0.01051, ct = 0.002205, ndl = 3', bdl = 25', odl = 2', odf = 20', bsi = 1', cnt = 15', bdch = 231', odch = 43', lcp = 28', #sols = 150
<DWph=0> <it= 40> <et=6.77> <Mt= 0.00> <Spt= 0.02> <nCl= 28> <al=0.24> <DB= 1149.8422> <Mlp= 1172.7690> <PB=1192.1> 
    RCSP exact solver info for graph G_1 : TT = 0.013021, pt = 0.000371, dt = 0.010137, ct = 0.002134, ndl = 3', bdl = 24', odl = 2', odf = 20', bsi = 1', cnt = 14', bdch = 213', odch = 40', lcp = 27', #sols = 150
<DWph=0> <it= 41> <et=6.79> <Mt= 0.01> <Spt= 0.01> <nCl= 11> <al=0.14> <DB= 1166.5069> <Mlp= 1172.7690> <PB=1192.1> 
    RCSP exact solver info for graph G_1 : TT = 0.013078, pt = 0.000366, dt = 0.010188, ct = 0.002156, ndl = 3', bdl = 24', odl = 2', odf = 20', bsi = 1', cnt = 15', bdch = 216', odch = 41', lcp = 27', #sols = 149
<DWph=0> <it= 42> <et=6.81> <Mt= 0.00> <Spt= 0.02> <nCl= 13> <al=0.23> <DB= 1170.0174> <Mlp= 1172.7690> <PB=1192.1> 
    RCSP exact solver info for graph G_1 : TT = 0.013041, pt = 0.000368, dt = 0.010154, ct = 0.002148, ndl = 3', bdl = 24', odl = 2', odf = 20', bsi = 1', cnt = 15', bdch = 214', odch = 41', lcp = 27', #sols = 150
    RCSP exact solver info for graph G_1 : TT = 0.013082, pt = 0.000352, dt = 0.010202, ct = 0.002179, ndl = 3', bdl = 25', odl = 2', odf = 20', bsi = 1', cnt = 15', bdch = 224', odch = 43', lcp = 27', #sols = 150
<DWph=0> <it= 43> <et=6.85> <Mt= 0.00> <Spt= 0.03> <nCl= 11> <al=0.00> <DB= 1172.7690> <Mlp= 1172.7690> <PB=1192.1> 
Dynamic params and stats :  aver.obdmd = 23.3788 aver.buck.num. = 26 nbR1C = 41 with avMem = 6.58537
@@ 1 7 1172.77 0.0126576 0.013912 28.4776 6.85
Labels distribution in buckets (bucket size) : largest - 42, top 0.1% - 42, top 0.5% - 30, top 2% - 23, top 10% - 14, top 50% - 2
Reduced cost fixing for graph G_1... 24233 buck. arcs remain (84% from prev., 23.9% from max.) + 7211 jump buck. arcs (7.12% from max.)
 TT = 0.068731, pt = 0.006362, dt = 0.031068, ct = 0.031057, ndl = 17', bdl = 138', odl = 6', odf = 86', lpcb = 135', cnt = 239', bdch = 1580', odch = 400', lcp = 228'
Labels distribution in buckets (bucket size) : largest - 42, top 0.1% - 42, top 0.5% - 34, top 2% - 26, top 10% - 15, top 50% - 2
Run forward enumeration with border = 50... succeeded! lpt = 0.250234, ndl = 50', dl = 32', lpcb = 979', dch = 471'
Run enumeration concatenation with time limit 0.38199 sec.... succeeded!
Sorting and storing enumerated solutions ... done!
 TT = 0.996108, pt = 0, dt = 0.250234, ct = 0.345463, ndl = 50', bdl = 32', lpcb = 979', cnt = 1078', bdch = 471', odch = 0', lcp = 0'
Enumeration succeeded!, number of elem. solutions is 207218
Estimating inspection time...     TT = 0.060755, performed by inspection with 207218 solutions, nbR1C = 41, nbDiscC = 0
Inspection time is too high. Pricing will be done by the labelling algorithm.
ColGenEvalAlg final dual bound: 1172.77 (rounded: 1173)
Gap improvement since the last cut separation : 0.233449 (1166.88)
Current active cuts : CAP(22,799.49) R1C(3+38,73.146) 1rowPackR1C(3) 3rowPackR1C(38)
Shrinking heuristic shrunk 15 edges
In total 2 RCC cut(s) are found by the Fractional capacity min-cut heuristic 
In total 6 RCC cut(s) are found by the greedy construction heuristic 
In total 17 RCC cut(s) are found by the global pool greedy search heuristic 
3 Rank-1 1-rows pack. cuts added ,  max viol. = 0.106829, aver. viol. = 0.0838757
104 Rank-1 3-rows pack. cuts added ,  max viol. = 0.268003, aver. viol. = 0.0935332
Building structures for heuristic rank-1 packing cut separation...done!
85 Rank-1 4-rows pack. cuts added ,  max viol. = 0.382787, aver. viol. = 0.126956
100 Rank-1 5-rows pack. cuts added ,  max viol. = 0.482385, aver. viol. = 0.319871
----- Add fac. cuts : CAP(25) R1C(292), max.viol = 0.482385, aver.viol = 0.172358, sep/add took 0.409195/0.2382 sec. -----
3048 columns (3048 active), 534 dyn. constrs. (405 active), 931 art. vars. (535 active)
<DWph=2> <it=  1> <et=8.72> <Mt= 0.05> <Spt= 0.01> <nCl= 11> <al=0.50> <DB= 1045.8045> <Mlp= 1175.5162> <PB=1192.1> 
<DWph=2> <it=  2> <et=9.19> <Mt= 0.45> <Spt= 0.01> <nCl= 30> <al=0.55> <DB=  196.9090> <Mlp= 1174.0000> <PB=1174> 
<DWph=2> <it=  3> <et=9.66> <Mt= 0.46> <Spt= 0.01> <nCl=  6> <al=0.60> <DB= 1029.7346> <Mlp= 1174.0000> <PB=1174> 
<DWph=2> <it=  4> <et=9.68> <Mt= 0.02> <Spt= 0.01> <nCl=  4> <al=0.64> <DB= 1173.2177> <Mlp= 1174.0000> <PB=1174> 
<DWph=2> <it=  5> <et=9.70> <Mt= 0.01> <Spt= 0.01> <nCl= 10> <al=0.54> <DB= 1097.1912> <Mlp= 1174.0000> <PB=1174> 
<DWph=2> <it=  6> <et=9.72> <Mt= 0.01> <Spt= 0.01> <nCl= 13> <al=0.16> <DB= 1037.2204> <Mlp= 1174.0000> <PB=1174> 
<DWph=2> <it=  7> <et=9.74> <Mt= 0.00> <Spt= 0.01> <nCl=  5> <al=0.48> <DB= 1106.4352> <Mlp= 1174.0000> <PB=1174> 
<DWph=2> <it=  8> <et=9.75> <Mt= 0.01> <Spt= 0.00> <nCl=  1> <al=0.53> <DB= 1170.6797> <Mlp= 1174.0000> <PB=1174> 
<DWph=2> <it=  9> <et=9.76> <Mt= 0.01> <Spt= 0.01> <nCl=  1> <al=0.58> <DB= 1173.7358> <Mlp= 1174.0000> <PB=1174> 
<DWph=2> <it= 10> <et=9.78> <Mt= 0.00> <Spt= 0.01> <nCl=  6> <al=0.48> <DB= 1067.2254> <Mlp= 1174.0000> <PB=1174> 
<DWph=2> <it= 11> <et=9.79> <Mt= 0.01> <Spt= 0.00> <nCl=  2> <al=0.53> <DB= 1163.2521> <Mlp= 1174.0000> <PB=1174> 
<DWph=2> <it= 12> <et=9.81> <Mt= 0.00> <Spt= 0.02> <nCl=  6> <al=0.16> <DB= 1120.7823> <Mlp= 1174.0000> <PB=1174> 
<DWph=2> <it= 13> <et=9.82> <Mt= 0.01> <Spt= 0.01> <nCl= 11> <al=0.00> <DB= 1118.8200> <Mlp= 1174.0000> <PB=1174> 
<DWph=2> <it= 14> <et=9.84> <Mt= 0.00> <Spt= 0.01> <nCl=  4> <al=0.00> <DB= 1174.0000> <Mlp= 1174.0000> <PB=1174> 
<DWph=1> <it= 15> <et=9.85> <Mt= 0.00> <Spt= 0.01> <nCl= 12> <al=0.28> <DB=  965.0363> <Mlp= 1174.0000> <PB=1174> 
<DWph=1> <it= 16> <et=9.89> <Mt= 0.03> <Spt= 0.01> <nCl=  7> <al=0.35> <DB= 1100.6126> <Mlp= 1174.0000> <PB=1174> 
<DWph=1> <it= 17> <et=9.91> <Mt= 0.01> <Spt= 0.01> <nCl=  9> <al=0.25> <DB=  965.7589> <Mlp= 1174.0000> <PB=1174> 
<DWph=1> <it= 18> <et=9.93> <Mt= 0.02> <Spt= 0.01> <nCl=  4> <al=0.33> <DB= 1107.7068> <Mlp= 1174.0000> <PB=1174> 
<DWph=1> <it= 19> <et=9.95> <Mt= 0.00> <Spt= 0.01> <nCl=  1> <al=0.23> <DB= 1156.2239> <Mlp= 1174.0000> <PB=1174> 
<DWph=1> <it= 20> <et=9.96> <Mt= 0.01> <Spt= 0.00> <nCl=  1> <al=0.13> <DB= 1171.7588> <Mlp= 1174.0000> <PB=1174> 
<DWph=1> <it= 21> <et=9.98> <Mt= 0.00> <Spt= 0.02> <nCl=  0> <al=0.00> <DB= 1174.0000> <Mlp= 1174.0000> <PB=1174> 
    RCSP exact solver info for graph G_1 : TT = 0.010825, pt = 0.00023, dt = 0.008408, ct = 0.001744, ndl = 3', bdl = 19', odl = 2', odf = 19', bsi = 1', cnt = 12', bdch = 169', odch = 36', lcp = 24', #sols = 150
<DWph=0> <it= 22> <et=10.01> <Mt= 0.00> <Spt= 0.03> <nCl= 80> <al=0.00> <DB= 1019.9014> <Mlp= 1174.0000> <PB=1174> 
    RCSP exact solver info for graph G_1 : TT = 0.018128, pt = 0.000757, dt = 0.014029, ct = 0.002885, ndl = 4', bdl = 23', odl = 2', odf = 26', bsi = 1', cnt = 33', bdch = 276', odch = 80', lcp = 49', #sols = 150
<DWph=0> <it= 23> <et=10.58> <Mt= 0.52> <Spt= 0.05> <nCl=150> <al=0.00> <DB=  868.8244> <Mlp= 1174.0000> <PB=1174> 
    RCSP exact solver info for graph G_1 : TT = 0.014056, pt = 0.000575, dt = 0.010856, ct = 0.002109, ndl = 4', bdl = 22', odl = 2', odf = 20', bsi = 1', cnt = 16', bdch = 215', odch = 47', lcp = 32', #sols = 149
<DWph=0> <it= 24> <et=10.63> <Mt= 0.02> <Spt= 0.03> <nCl= 90> <al=0.03> <DB= 1016.8428> <Mlp= 1174.0000> <PB=1174> 
    RCSP exact solver info for graph G_1 : TT = 0.013538, pt = 0.000536, dt = 0.010499, ct = 0.002036, ndl = 3', bdl = 21', odl = 2', odf = 20', bsi = 1', cnt = 15', bdch = 207', odch = 45', lcp = 31', #sols = 150
<DWph=0> <it= 25> <et=10.66> <Mt= 0.01> <Spt= 0.02> <nCl= 13> <al=0.13> <DB= 1153.9483> <Mlp= 1174.0000> <PB=1174> 
    RCSP exact solver info for graph G_1 : TT = 0.013411, pt = 0.000487, dt = 0.010414, ct = 0.002063, ndl = 3', bdl = 20', odl = 2', odf = 20', bsi = 1', cnt = 15', bdch = 206', odch = 45', lcp = 31', #sols = 150
<DWph=0> <it= 26> <et=10.68> <Mt= 0.00> <Spt= 0.02> <nCl=  9> <al=0.03> <DB= 1159.8847> <Mlp= 1174.0000> <PB=1174> 
    RCSP exact solver info for graph G_1 : TT = 0.013295, pt = 0.000489, dt = 0.010314, ct = 0.002038, ndl = 3', bdl = 20', odl = 2', odf = 20', bsi = 1', cnt = 14', bdch = 201', odch = 44', lcp = 30', #sols = 150
<DWph=0> <it= 27> <et=10.70> <Mt= 0.00> <Spt= 0.02> <nCl=  2> <al=0.13> <DB= 1170.9917> <Mlp= 1174.0000> <PB=1174> 
    RCSP exact solver info for graph G_1 : TT = 0.013262, pt = 0.000485, dt = 0.010293, ct = 0.00204, ndl = 3', bdl = 20', odl = 2', odf = 20', bsi = 1', cnt = 14', bdch = 200', odch = 44', lcp = 30', #sols = 150
    RCSP exact solver info for graph G_1 : TT = 0.012745, pt = 0.000406, dt = 0.009912, ct = 0.002017, ndl = 3', bdl = 20', odl = 2', odf = 20', bsi = 1', cnt = 14', bdch = 201', odch = 44', lcp = 31', #sols = 150
<DWph=0> <it= 28> <et=10.74> <Mt= 0.01> <Spt= 0.03> <nCl= 10> <al=0.00> <DB= 1174.0000> <Mlp= 1174.0000> <PB=1174> 
Dynamic params and stats :  aver.obdmd = 23.3788 aver.buck.num. = 26 nbR1C = 43 with avMem = 6.74419
@@ 1 8 1174 0.0127071 0.016914 23.9343 10.74
ColGenEvalAlg final dual bound: 1174 (rounded: 1174)
Gap improvement since the last cut separation : 1 (1172.77)
Current active cuts : CAP(22,991.024) R1C(3+40,81.0132) 1rowPackR1C(3) 3rowPackR1C(29) 4rowPackR1C(7) 5rowPackR1C(4)
New model incumbent solution 1174, TIME = 0h0m10s92t = 1092
************************************************************************************************
Search is finished, global bounds : [ 1174 , 1174 ], TIME = 0h0m10s92t = 1092
************************************************************************************************
Built-in heuristic is enabled
instance_name solver_name ext_heuristic solution_value solution_time best_lb root_lb root_time nb_branch_and_bound_nodes status
/home/logis/Downloads/VRPSolverEasy/VRPSolverEasy/demos/data/CVRP/A-n65-k9 CPLEX False 1174.000000000004 10.925083084 1174.0 1174.0 10.922808606 1 0

