Time resource is critical for vehicle type 1 (21,0)
Capacity resource will be imposed in pricing (0.446429)
Node memory for rank-1 cuts will be used (6)
~~~~~~~~~~~~~~~~~~~~~~~~~~~~~~~~~~~~~~~~~~~~~~~~~~~~~~~~~~~~~~~~~~~~~~~~~~~~~~~~~~~~~
VRPSolver v0.5.27, 24/02/2023, © Inria Bordeaux, France, vrpsolver.math.u-bordeaux.fr
      Corresponds to the solver by Pessoa, Sadykov, Uchoa and Vanderbeck (2020)
                 Paper: dx.doi.org/10.1007/s10107-020-01523-z
~~~~~~~~~~~~~~~~~~~~~~~~~~~~~~~~~~~~~~~~~~~~~~~~~~~~~~~~~~~~~~~~~~~~~~~~~~~~~~~~~~~~~
   BaPCod v0.77, 15/03/2023, © Inria Bordeaux, France, bapcod.math.u-bordeaux.fr 
           THIS CODE IS PROVIDED AS IS, USE IT AT YOUR OWN RISK
~~~~~~~~~~~~~~~~~~~~~~~~~~~~~~~~~~~~~~~~~~~~~~~~~~~~~~~~~~~~~~~~~~~~~~~~~~~~~~~~~~~~~
Bucket steps were recalculated for graph G_1 : [46.0001, 40]
RCSP solver info : non-symmetric case as the resource 0 consumption for the reverse arc of 0->100 is not the same : 24 against 34
Bidirectional border value is initialised to 102.3
RCSP solver info : number of forw. reachable buckets / buck. strongly connected components is 1802( 98.1481% ) / 457( 25.3607% )
RCSP solver info : number of back. reachable buckets / buck. strongly connected components is 1807( 98.4205% ) / 512( 28.3343% )
Generating neighbourhoods for rank-1 cuts separation
Building structures for 4- and 5-row rank-1 packing cut separation...done!
Model is built TIME = 0h0m0s7t = 7
************************************************************************************************
**** BaB tree root node
**** Local DB = -1e+12, global bounds : [ -1e+12 , 1090.3 ], TIME = 0h0m0s7t = 7
**** 1 open nodes, 0 columns (0 active), 0 dyn. constrs. (0 active), 202 art. vars. (202 active)
************************************************************************************************
#<DWph=2> <it=  1> <et=0.08> <Mt= 0.00> <Spt= 0.00> <nCl= 30> <al=0.00> <DB=-652142.5000> <Mlp=272138.8800> <PB=1090.3> 
#<DWph=2> <it=  2> <et=0.09> <Mt= 0.00> <Spt= 0.01> <nCl= 30> <al=0.55> <DB=-485550.1780> <Mlp=234282.0400> <PB=1090.3> 
#<DWph=2> <it=  3> <et=0.10> <Mt= 0.00> <Spt= 0.00> <nCl= 30> <al=0.45> <DB=-585282.3366> <Mlp=168343.9000> <PB=1090.3> 
#<DWph=2> <it=  4> <et=0.10> <Mt= 0.00> <Spt= 0.01> <nCl= 30> <al=0.51> <DB=-460636.8181> <Mlp=123805.9150> <PB=1090.3> 
#<DWph=2> <it=  5> <et=0.11> <Mt= 0.00> <Spt= 0.00> <nCl= 30> <al=0.55> <DB=-470523.8210> <Mlp=106602.9690> <PB=1090.3> 
#<DWph=2> <it=  6> <et=0.11> <Mt= 0.00> <Spt= 0.01> <nCl= 30> <al=0.60> <DB=-487274.3234> <Mlp=87281.8350> <PB=1090.3> 
#<DWph=2> <it=  7> <et=0.12> <Mt= 0.00> <Spt= 0.01> <nCl= 30> <al=0.64> <DB=-413521.9979> <Mlp=75128.5506> <PB=1090.3> 
#<DWph=2> <it=  8> <et=0.13> <Mt= 0.00> <Spt= 0.00> <nCl= 30> <al=0.68> <DB=-380844.2227> <Mlp=65582.6596> <PB=1090.3> 
#<DWph=2> <it=  9> <et=0.14> <Mt= 0.00> <Spt= 0.01> <nCl= 30> <al=0.71> <DB=-358703.4310> <Mlp=46064.6812> <PB=1090.3> 
#<DWph=2> <it= 10> <et=0.14> <Mt= 0.00> <Spt= 0.00> <nCl= 30> <al=0.74> <DB=-328788.3117> <Mlp=36378.6287> <PB=1090.3> 
#<DWph=2> <it= 11> <et=0.15> <Mt= 0.00> <Spt= 0.01> <nCl= 30> <al=0.76> <DB=-304977.1579> <Mlp=28241.5534> <PB=1090.3> 
#<DWph=2> <it= 12> <et=0.16> <Mt= 0.01> <Spt= 0.00> <nCl= 30> <al=0.79> <DB=-270855.3868> <Mlp=20682.6579> <PB=1090.3> 
#<DWph=2> <it= 13> <et=0.17> <Mt= 0.00> <Spt= 0.01> <nCl= 30> <al=0.69> <DB=-256635.0192> <Mlp=17389.5653> <PB=1090.3> 
#<DWph=2> <it= 14> <et=0.17> <Mt= 0.00> <Spt= 0.01> <nCl= 30> <al=0.59> <DB=-228844.6357> <Mlp=14426.1159> <PB=1090.3> 
#<DWph=2> <it= 15> <et=0.18> <Mt= 0.00> <Spt= 0.00> <nCl= 30> <al=0.63> <DB=-176239.2975> <Mlp=11397.4049> <PB=1090.3> 
#<DWph=2> <it= 16> <et=0.19> <Mt= 0.01> <Spt= 0.01> <nCl= 30> <al=0.53> <DB=-210163.5263> <Mlp= 9252.1408> <PB=1090.3> 
#<DWph=2> <it= 17> <et=0.20> <Mt= 0.00> <Spt= 0.00> <nCl= 30> <al=0.58> <DB=-162318.3896> <Mlp= 8326.7273> <PB=1090.3> 
#<DWph=2> <it= 18> <et=0.21> <Mt= 0.00> <Spt= 0.01> <nCl= 30> <al=0.62> <DB=-148761.3799> <Mlp= 5031.7741> <PB=1090.3> 
#<DWph=2> <it= 19> <et=0.21> <Mt= 0.00> <Spt= 0.00> <nCl= 30> <al=0.66> <DB=-105089.2401> <Mlp= 4548.5633> <PB=1090.3> 
#<DWph=2> <it= 20> <et=0.22> <Mt= 0.01> <Spt= 0.01> <nCl= 30> <al=0.56> <DB=-94037.8358> <Mlp= 3559.1515> <PB=1090.3> 
#<DWph=2> <it= 21> <et=0.23> <Mt= 0.00> <Spt= 0.00> <nCl= 30> <al=0.46> <DB=-122201.0704> <Mlp= 2535.1938> <PB=1090.3> 
<DWph=2> <it= 22> <et=0.24> <Mt= 0.01> <Spt= 0.01> <nCl= 30> <al=0.51> <DB=-59752.1285> <Mlp= 1588.2334> <PB=1090.3> 
<DWph=2> <it= 23> <et=0.25> <Mt= 0.00> <Spt= 0.00> <nCl= 30> <al=0.41> <DB=-26545.0095> <Mlp= 1586.1314> <PB=1090.3> 
<DWph=2> <it= 24> <et=0.26> <Mt= 0.00> <Spt= 0.01> <nCl= 30> <al=0.31> <DB=-7120.4847> <Mlp= 1542.0405> <PB=1090.3> 
<DWph=2> <it= 25> <et=0.27> <Mt= 0.00> <Spt= 0.01> <nCl= 30> <al=0.21> <DB=-3308.3481> <Mlp= 1525.1317> <PB=1090.3> 
<DWph=2> <it= 26> <et=0.28> <Mt= 0.01> <Spt= 0.00> <nCl= 30> <al=0.11> <DB=-1923.9825> <Mlp= 1499.8423> <PB=1090.3> 
<DWph=2> <it= 27> <et=0.29> <Mt= 0.00> <Spt= 0.01> <nCl= 30> <al=0.20> <DB=-1606.8581> <Mlp= 1451.4262> <PB=1090.3> 
<DWph=2> <it= 28> <et=0.30> <Mt= 0.00> <Spt= 0.00> <nCl= 30> <al=0.28> <DB= -865.4706> <Mlp= 1428.6770> <PB=1090.3> 
<DWph=2> <it= 29> <et=0.31> <Mt= 0.01> <Spt= 0.01> <nCl= 30> <al=0.35> <DB=-1040.0222> <Mlp= 1390.7585> <PB=1090.3> 
<DWph=2> <it= 30> <et=0.32> <Mt= 0.00> <Spt= 0.01> <nCl= 30> <al=0.42> <DB= -432.8118> <Mlp= 1371.7542> <PB=1090.3> 
<DWph=2> <it= 31> <et=0.33> <Mt= 0.01> <Spt= 0.00> <nCl= 30> <al=0.47> <DB= -723.4659> <Mlp= 1365.9679> <PB=1090.3> 
<DWph=2> <it= 32> <et=0.34> <Mt= 0.00> <Spt= 0.01> <nCl= 30> <al=0.53> <DB=  -53.9955> <Mlp= 1354.4977> <PB=1090.3> 
<DWph=2> <it= 33> <et=0.35> <Mt= 0.00> <Spt= 0.00> <nCl= 30> <al=0.57> <DB=   37.8112> <Mlp= 1327.9483> <PB=1090.3> 
<DWph=2> <it= 34> <et=0.36> <Mt= 0.01> <Spt= 0.01> <nCl= 30> <al=0.62> <DB= -166.7767> <Mlp= 1316.2567> <PB=1090.3> 
<DWph=2> <it= 35> <et=0.37> <Mt= 0.00> <Spt= 0.01> <nCl= 30> <al=0.66> <DB=  178.2062> <Mlp= 1307.6624> <PB=1090.3> 
<DWph=2> <it= 36> <et=0.38> <Mt= 0.01> <Spt= 0.00> <nCl= 30> <al=0.69> <DB=   11.9246> <Mlp= 1279.0506> <PB=1090.3> 
<DWph=2> <it= 37> <et=0.39> <Mt= 0.00> <Spt= 0.01> <nCl= 30> <al=0.72> <DB=   55.2013> <Mlp= 1265.9236> <PB=1090.3> 
<DWph=2> <it= 38> <et=0.40> <Mt= 0.00> <Spt= 0.01> <nCl= 24> <al=0.75> <DB=  503.3617> <Mlp= 1252.7923> <PB=1090.3> 
<DWph=2> <it= 39> <et=0.41> <Mt= 0.01> <Spt= 0.00> <nCl= 30> <al=0.65> <DB=  452.4758> <Mlp= 1243.0578> <PB=1090.3> 
<DWph=2> <it= 40> <et=0.42> <Mt= 0.00> <Spt= 0.01> <nCl= 30> <al=0.68> <DB=  148.6439> <Mlp= 1227.9252> <PB=1090.3> 
<DWph=2> <it= 41> <et=0.43> <Mt= 0.00> <Spt= 0.00> <nCl= 30> <al=0.58> <DB=  535.2870> <Mlp= 1220.1758> <PB=1090.3> 
<DWph=2> <it= 42> <et=0.44> <Mt= 0.01> <Spt= 0.01> <nCl= 30> <al=0.63> <DB=  386.2405> <Mlp= 1190.9858> <PB=1090.3> 
<DWph=2> <it= 43> <et=0.45> <Mt= 0.01> <Spt= 0.01> <nCl= 30> <al=0.66> <DB=  618.5129> <Mlp= 1170.2550> <PB=1090.3> 
<DWph=2> <it= 44> <et=0.46> <Mt= 0.00> <Spt= 0.00> <nCl= 30> <al=0.56> <DB=  258.9622> <Mlp= 1163.3189> <PB=1090.3> 
<DWph=2> <it= 45> <et=0.47> <Mt= 0.00> <Spt= 0.01> <nCl= 30> <al=0.61> <DB=  432.0686> <Mlp= 1159.9167> <PB=1090.3> 
<DWph=2> <it= 46> <et=0.48> <Mt= 0.01> <Spt= 0.01> <nCl= 28> <al=0.65> <DB=  490.9134> <Mlp= 1152.6410> <PB=1090.3> 
<DWph=2> <it= 47> <et=0.49> <Mt= 0.00> <Spt= 0.00> <nCl= 30> <al=0.55> <DB=  663.9493> <Mlp= 1144.4784> <PB=1090.3> 
<DWph=2> <it= 48> <et=0.50> <Mt= 0.00> <Spt= 0.01> <nCl= 30> <al=0.59> <DB=  601.9229> <Mlp= 1133.7293> <PB=1090.3> 
<DWph=2> <it= 49> <et=0.51> <Mt= 0.01> <Spt= 0.01> <nCl= 30> <al=0.63> <DB=  699.5706> <Mlp= 1129.3985> <PB=1090.3> 
<DWph=2> <it= 50> <et=0.52> <Mt= 0.00> <Spt= 0.00> <nCl= 30> <al=0.67> <DB=  653.4214> <Mlp= 1122.2903> <PB=1090.3> 
<DWph=2> <it= 51> <et=0.53> <Mt= 0.01> <Spt= 0.01> <nCl= 20> <al=0.70> <DB=  727.6165> <Mlp= 1113.9891> <PB=1090.3> 
<DWph=2> <it= 52> <et=0.54> <Mt= 0.00> <Spt= 0.00> <nCl= 30> <al=0.60> <DB=  799.8179> <Mlp= 1111.6023> <PB=1090.3> 
<DWph=2> <it= 53> <et=0.55> <Mt= 0.00> <Spt= 0.01> <nCl= 30> <al=0.64> <DB=  834.2295> <Mlp= 1107.6986> <PB=1090.3> 
<DWph=2> <it= 54> <et=0.56> <Mt= 0.01> <Spt= 0.01> <nCl= 30> <al=0.68> <DB=  851.6899> <Mlp= 1102.0587> <PB=1090.3> 
<DWph=2> <it= 55> <et=0.57> <Mt= 0.00> <Spt= 0.00> <nCl= 25> <al=0.71> <DB=  838.6776> <Mlp= 1100.9408> <PB=1090.3> 
<DWph=2> <it= 56> <et=0.58> <Mt= 0.00> <Spt= 0.01> <nCl= 16> <al=0.74> <DB=  829.0053> <Mlp= 1098.6450> <PB=1090.3> 
<DWph=2> <it= 57> <et=0.59> <Mt= 0.01> <Spt= 0.01> <nCl= 13> <al=0.77> <DB=  911.3806> <Mlp= 1097.4136> <PB=1090.3> 
<DWph=2> <it= 58> <et=0.60> <Mt= 0.00> <Spt= 0.00> <nCl= 18> <al=0.67> <DB=  943.4497> <Mlp= 1096.2944> <PB=1090.3> 
<DWph=2> <it= 59> <et=0.61> <Mt= 0.00> <Spt= 0.01> <nCl= 22> <al=0.70> <DB=  989.4253> <Mlp= 1095.9662> <PB=1090.3> 
<DWph=2> <it= 60> <et=0.62> <Mt= 0.00> <Spt= 0.01> <nCl= 25> <al=0.60> <DB=  949.3856> <Mlp= 1095.8095> <PB=1090.3> 
<DWph=2> <it= 61> <et=0.63> <Mt= 0.00> <Spt= 0.01> <nCl= 22> <al=0.64> <DB=  972.2399> <Mlp= 1093.7216> <PB=1090.3> 
<DWph=2> <it= 62> <et=0.64> <Mt= 0.01> <Spt= 0.00> <nCl= 24> <al=0.54> <DB=  926.1804> <Mlp= 1091.8080> <PB=1090.3> 
<DWph=2> <it= 63> <et=0.65> <Mt= 0.00> <Spt= 0.01> <nCl= 18> <al=0.58> <DB=  972.5701> <Mlp= 1090.9663> <PB=1090.3> 
<DWph=2> <it= 64> <et=0.66> <Mt= 0.00> <Spt= 0.01> <nCl=  7> <al=0.63> <DB=  989.7192> <Mlp= 1090.9456> <PB=1090.3> 
<DWph=2> <it= 65> <et=0.67> <Mt= 0.01> <Spt= 0.00> <nCl= 16> <al=0.66> <DB= 1014.7900> <Mlp= 1089.7814> <PB=1090.3> 
<DWph=2> <it= 66> <et=0.68> <Mt= 0.00> <Spt= 0.01> <nCl= 18> <al=0.70> <DB=  952.0782> <Mlp= 1089.7042> <PB=1090.3> 
<DWph=2> <it= 67> <et=0.69> <Mt= 0.00> <Spt= 0.01> <nCl=  6> <al=0.73> <DB=  995.2926> <Mlp= 1089.2830> <PB=1090.3> 
<DWph=2> <it= 68> <et=0.69> <Mt= 0.00> <Spt= 0.00> <nCl=  9> <al=0.63> <DB=  993.7710> <Mlp= 1089.2830> <PB=1090.3> 
<DWph=2> <it= 69> <et=0.70> <Mt= 0.00> <Spt= 0.01> <nCl=  9> <al=0.53> <DB= 1023.5230> <Mlp= 1088.5212> <PB=1090.3> 
<DWph=2> <it= 70> <et=0.71> <Mt= 0.00> <Spt= 0.01> <nCl= 15> <al=0.43> <DB= 1038.7484> <Mlp= 1088.4422> <PB=1090.3> 
<DWph=2> <it= 71> <et=0.72> <Mt= 0.01> <Spt= 0.00> <nCl= 26> <al=0.48> <DB=  842.2684> <Mlp= 1088.1174> <PB=1090.3> 
<DWph=2> <it= 72> <et=0.73> <Mt= 0.00> <Spt= 0.01> <nCl= 27> <al=0.38> <DB=  920.3000> <Mlp= 1084.1099> <PB=1090.3> 
<DWph=2> <it= 73> <et=0.74> <Mt= 0.00> <Spt= 0.01> <nCl= 21> <al=0.45> <DB= 1014.9051> <Mlp= 1083.1568> <PB=1090.3> 
<DWph=2> <it= 74> <et=0.75> <Mt= 0.00> <Spt= 0.00> <nCl= 18> <al=0.50> <DB=  835.8911> <Mlp= 1082.8941> <PB=1090.3> 
<DWph=2> <it= 75> <et=0.76> <Mt= 0.01> <Spt= 0.01> <nCl=  6> <al=0.40> <DB= 1056.7094> <Mlp= 1082.7382> <PB=1090.3> 
<DWph=2> <it= 76> <et=0.76> <Mt= 0.00> <Spt= 0.00> <nCl= 22> <al=0.30> <DB=  960.8300> <Mlp= 1082.5293> <PB=1090.3> 
<DWph=2> <it= 77> <et=0.77> <Mt= 0.00> <Spt= 0.01> <nCl=  7> <al=0.37> <DB= 1074.8724> <Mlp= 1082.2796> <PB=1090.3> 
<DWph=2> <it= 78> <et=0.78> <Mt= 0.00> <Spt= 0.01> <nCl=  9> <al=0.43> <DB=  975.6858> <Mlp= 1082.2796> <PB=1090.3> 
<DWph=2> <it= 79> <et=0.79> <Mt= 0.00> <Spt= 0.00> <nCl=  9> <al=0.49> <DB= 1071.5991> <Mlp= 1082.0858> <PB=1090.3> 
<DWph=2> <it= 80> <et=0.80> <Mt= 0.00> <Spt= 0.01> <nCl=  1> <al=0.39> <DB= 1081.2417> <Mlp= 1082.0663> <PB=1090.3> 
<DWph=2> <it= 81> <et=0.80> <Mt= 0.01> <Spt= 0.01> <nCl= 10> <al=0.29> <DB= 1061.6913> <Mlp= 1082.0569> <PB=1090.3> 
<DWph=2> <it= 82> <et=0.81> <Mt= 0.00> <Spt= 0.00> <nCl=  6> <al=0.36> <DB= 1067.8463> <Mlp= 1082.0442> <PB=1090.3> 
<DWph=2> <it= 83> <et=0.83> <Mt= 0.00> <Spt= 0.02> <nCl= 13> <al=0.00> <DB= 1025.6452> <Mlp= 1082.0442> <PB=1090.3> 
<DWph=2> <it= 84> <et=0.84> <Mt= 0.00> <Spt= 0.01> <nCl=  6> <al=0.00> <DB= 1075.3656> <Mlp= 1082.0442> <PB=1090.3> 
<DWph=2> <it= 85> <et=0.85> <Mt= 0.00> <Spt= 0.01> <nCl=  0> <al=0.00> <DB= 1082.0442> <Mlp= 1082.0442> <PB=1090.3> 
<DWph=1> <it= 86> <et=0.88> <Mt= 0.00> <Spt= 0.03> <nCl= 30> <al=0.13> <DB=  783.6490> <Mlp= 1082.0442> <PB=1090.3> 
<DWph=1> <it= 87> <et=0.92> <Mt= 0.01> <Spt= 0.03> <nCl= 30> <al=0.21> <DB=  758.1584> <Mlp= 1075.5831> <PB=1090.3> 
<DWph=1> <it= 88> <et=0.96> <Mt= 0.00> <Spt= 0.03> <nCl= 30> <al=0.29> <DB=  869.1368> <Mlp= 1067.8307> <PB=1090.3> 
<DWph=1> <it= 89> <et=0.99> <Mt= 0.01> <Spt= 0.03> <nCl= 30> <al=0.36> <DB=  919.1399> <Mlp= 1063.7135> <PB=1090.3> 
<DWph=1> <it= 90> <et=1.02> <Mt= 0.00> <Spt= 0.03> <nCl= 30> <al=0.43> <DB=  884.8950> <Mlp= 1061.2097> <PB=1090.3> 
<DWph=1> <it= 91> <et=1.05> <Mt= 0.01> <Spt= 0.02> <nCl= 28> <al=0.48> <DB=  948.1446> <Mlp= 1058.9670> <PB=1090.3> 
<DWph=1> <it= 92> <et=1.08> <Mt= 0.00> <Spt= 0.03> <nCl= 25> <al=0.54> <DB=  982.9110> <Mlp= 1057.3848> <PB=1090.3> 
<DWph=1> <it= 93> <et=1.12> <Mt= 0.01> <Spt= 0.03> <nCl= 24> <al=0.58> <DB=  982.1764> <Mlp= 1056.4158> <PB=1090.3> 
<DWph=1> <it= 94> <et=1.15> <Mt= 0.00> <Spt= 0.02> <nCl= 26> <al=0.48> <DB=  999.7817> <Mlp= 1055.3710> <PB=1090.3> 
<DWph=1> <it= 95> <et=1.18> <Mt= 0.00> <Spt= 0.03> <nCl= 18> <al=0.53> <DB= 1006.7957> <Mlp= 1054.7530> <PB=1090.3> 
<DWph=1> <it= 96> <et=1.21> <Mt= 0.01> <Spt= 0.03> <nCl= 18> <al=0.58> <DB= 1017.1285> <Mlp= 1054.4008> <PB=1090.3> 
<DWph=1> <it= 97> <et=1.24> <Mt= 0.00> <Spt= 0.03> <nCl=  8> <al=0.48> <DB= 1014.9638> <Mlp= 1054.2474> <PB=1090.3> 
<DWph=1> <it= 98> <et=1.27> <Mt= 0.00> <Spt= 0.03> <nCl=  4> <al=0.53> <DB= 1028.9042> <Mlp= 1054.1107> <PB=1090.3> 
<DWph=1> <it= 99> <et=1.30> <Mt= 0.00> <Spt= 0.02> <nCl= 16> <al=0.43> <DB= 1025.7833> <Mlp= 1053.8317> <PB=1090.3> 
<DWph=1> <it=100> <et=1.33> <Mt= 0.00> <Spt= 0.03> <nCl=  4> <al=0.49> <DB= 1039.0075> <Mlp= 1053.7296> <PB=1090.3> 
<DWph=1> <it=101> <et=1.36> <Mt= 0.01> <Spt= 0.03> <nCl=  5> <al=0.54> <DB= 1041.2949> <Mlp= 1053.6664> <PB=1090.3> 
<DWph=1> <it=102> <et=1.39> <Mt= 0.00> <Spt= 0.03> <nCl=  4> <al=0.44> <DB= 1044.7742> <Mlp= 1053.6325> <PB=1090.3> 
<DWph=1> <it=103> <et=1.41> <Mt= 0.00> <Spt= 0.02> <nCl=  7> <al=0.50> <DB= 1046.4520> <Mlp= 1053.6238> <PB=1090.3> 
<DWph=1> <it=104> <et=1.47> <Mt= 0.00> <Spt= 0.05> <nCl= 12> <al=0.00> <DB= 1043.8877> <Mlp= 1053.6238> <PB=1090.3> 
<DWph=1> <it=105> <et=1.50> <Mt= 0.00> <Spt= 0.03> <nCl=  4> <al=0.30> <DB= 1047.7831> <Mlp= 1053.6151> <PB=1090.3> 
<DWph=1> <it=106> <et=1.55> <Mt= 0.00> <Spt= 0.05> <nCl=  4> <al=0.00> <DB= 1053.6151> <Mlp= 1053.6151> <PB=1090.3> 
    RCSP exact solver info for graph G_1 : TT = 0.03459, pt = 6.3e-05, dt = 0.030614, ct = 0.003238, ndl = 8', bdl = 121', odl = 14', odf = 65', bsi = 2', cnt = 5', bdch = 1449', odch = 252', lcp = 303', #sols = 150
<DWph=0> <it=107> <et=1.59> <Mt= 0.00> <Spt= 0.04> <nCl= 53> <al=0.27> <DB= 1020.8056> <Mlp= 1053.6151> <PB=1090.3> 
    RCSP exact solver info for graph G_1 : TT = 0.031557, pt = 8.4e-05, dt = 0.027096, ct = 0.003693, ndl = 9', bdl = 121', odl = 14', odf = 67', bsi = 2', cnt = 3', bdch = 1572', odch = 268', lcp = 325', #sols = 150
<DWph=0> <it=108> <et=1.63> <Mt= 0.01> <Spt= 0.04> <nCl= 29> <al=0.27> <DB= 1044.6020> <Mlp= 1053.2476> <PB=1090.3> 
    RCSP exact solver info for graph G_1 : TT = 0.030863, pt = 7.9e-05, dt = 0.026348, ct = 0.003697, ndl = 9', bdl = 122', odl = 14', odf = 68', bsi = 2', cnt = 3', bdch = 1595', odch = 273', lcp = 330', #sols = 150
<DWph=0> <it=109> <et=1.66> <Mt= 0.00> <Spt= 0.03> <nCl= 17> <al=0.17> <DB= 1040.1447> <Mlp= 1053.1967> <PB=1090.3> 
    RCSP exact solver info for graph G_1 : TT = 0.030584, pt = 7.6e-05, dt = 0.026159, ct = 0.003616, ndl = 9', bdl = 122', odl = 14', odf = 67', bsi = 2', cnt = 3', bdch = 1584', odch = 268', lcp = 326', #sols = 150
<DWph=0> <it=110> <et=1.70> <Mt= 0.00> <Spt= 0.04> <nCl=  3> <al=0.25> <DB= 1051.0390> <Mlp= 1053.1829> <PB=1090.3> 
    RCSP exact solver info for graph G_1 : TT = 0.030721, pt = 8.1e-05, dt = 0.026277, ct = 0.003629, ndl = 9', bdl = 123', odl = 14', odf = 68', bsi = 2', cnt = 3', bdch = 1599', odch = 272', lcp = 330', #sols = 150
    RCSP exact solver info for graph G_1 : TT = 0.029895, pt = 7.6e-05, dt = 0.025538, ct = 0.00355, ndl = 8', bdl = 119', odl = 14', odf = 66', bsi = 2', cnt = 2', bdch = 1525', odch = 260', lcp = 314', #sols = 150
<DWph=0> <it=111> <et=1.77> <Mt= 0.00> <Spt= 0.06> <nCl= 18> <al=0.00> <DB= 1053.1829> <Mlp= 1053.1829> <PB=1090.3> 
Dynamic params and stats :  bidir.bord. = 108.7 aver.obdmd = 6.92157 aver.buck.num. = 18
@@ 1 0 1053.18 0.0305758 0.033852 55.4734 1.77
Labels distribution in buckets (bucket size) : largest - 98, top 0.1% - 75, top 0.5% - 58, top 2% - 40, top 10% - 16, top 50% - 0
Reduced cost fixing for graph G_1... 53195 buck. arcs remain (58.4% from prev., 32.4% from max.) + 6229 jump buck. arcs (3.79% from max.)
Backward reduced cost fixing... 52216 buck. arcs remain (59.4% from prev., 33% from max.) + 2212 jump buck. arcs (1.4% from max.)
 TT = 0.281829, pt = 0.014198, dt = 0.156386, ct = 0.110596, ndl = 37', bdl = 694', odl = 48', odf = 284', lpcb = 751', cnt = 9293', bdch = 13395', odch = 2011', lcp = 2185'
Labels distribution in buckets (bucket size) : largest - 110, top 0.1% - 103, top 0.5% - 81, top 2% - 58, top 10% - 26, top 50% - 0
Run forward enumeration with border = 108.7... not succeeded (ratio 0.91372) lpt = 0.039155, ndl = 28', dl = 7', lpcb = 81', dch = 138'
 TT = 0.042763, pt = 0.002083, dt = 0.039155, ct = 0, ndl = 28', bdl = 7', lpcb = 81', cnt = 778', bdch = 138', odch = 0', lcp = 0'
ColGenEvalAlg final dual bound: 1053.18 (rounded: 1053.18)
Shrinking heuristic shrunk 16 edges
In total 2 RCC cut(s) are found by the Fractional capacity min-cut heuristic 
----- Add fac. cuts : CAP(2), max.viol = 0.135463, aver.viol = 0.0978341, sep/add took 0.0439558/0.00132747 sec. -----
2523 columns (2523 active), 2 dyn. constrs. (2 active), 204 art. vars. (204 active)
<DWph=2> <it=  1> <et=2.16> <Mt= 0.00> <Spt= 0.01> <nCl= 18> <al=0.00> <DB= 1053.2139> <Mlp= 1053.2139> <PB=1090.3> 
<DWph=1> <it=  2> <et=2.18> <Mt= 0.00> <Spt= 0.02> <nCl=  4> <al=0.40> <DB= 1046.4881> <Mlp= 1053.2139> <PB=1090.3> 
<DWph=1> <it=  3> <et=2.22> <Mt= 0.00> <Spt= 0.04> <nCl=  3> <al=0.00> <DB= 1053.2124> <Mlp= 1053.2124> <PB=1090.3> 
    RCSP exact solver info for graph G_1 : TT = 0.024308, pt = 6.1e-05, dt = 0.021244, ct = 0.002247, ndl = 8', bdl = 92', odl = 13', odf = 61', bsi = 2', cnt = 2', bdch = 1315', odch = 239', lcp = 278', #sols = 150
    RCSP exact solver info for graph G_1 : TT = 0.024368, pt = 7e-05, dt = 0.021271, ct = 0.002258, ndl = 8', bdl = 92', odl = 13', odf = 61', bsi = 2', cnt = 2', bdch = 1315', odch = 239', lcp = 278', #sols = 150
<DWph=0> <it=  4> <et=2.27> <Mt= 0.01> <Spt= 0.06> <nCl=  3> <al=0.00> <DB= 1053.2124> <Mlp= 1053.2124> <PB=1090.3> 
Dynamic params and stats :  bidir.bord. = 108.7 aver.obdmd = 6.92157 aver.buck.num. = 18
@@ 1 1 1053.21 0.02351 0.023529 32.6852 2.27
    Full reduced cost fixing is not called (gap ratio is 0.999207)
ColGenEvalAlg final dual bound: 1053.21 (rounded: 1053.21)
Gap improvement since the last cut separation : 0.000793059 (1053.18)
Cut generation tailing off counter increased to 1
Current active cuts : CAP(1,4.69162)
Shrinking heuristic shrunk 14 edges
10 Rank-1 1-rows pack. cuts added ,  max viol. = 0.0887894, aver. viol. = 0.0541589
150 Rank-1 3-rows pack. cuts added ,  max viol. = 0.419897, aver. viol. = 0.267747
----- Add fac. cuts : R1C(160), max.viol = 0.419897, aver.viol = 0.260728, sep/add took 0.0482959/0.0740409 sec. -----
2551 columns (2551 active), 162 dyn. constrs. (161 active), 364 art. vars. (363 active)
<DWph=2> <it=  1> <et=2.44> <Mt= 0.03> <Spt= 0.01> <nCl= 27> <al=0.50> <DB= 1000.6396> <Mlp= 1062.2550> <PB=1090.3> 
<DWph=2> <it=  2> <et=2.46> <Mt= 0.01> <Spt= 0.01> <nCl= 20> <al=0.55> <DB= 1027.8095> <Mlp= 1061.9247> <PB=1090.3> 
<DWph=2> <it=  3> <et=2.48> <Mt= 0.00> <Spt= 0.01> <nCl= 27> <al=0.19> <DB=  836.1972> <Mlp= 1061.8841> <PB=1090.3> 
<DWph=2> <it=  4> <et=2.50> <Mt= 0.01> <Spt= 0.01> <nCl= 17> <al=0.50> <DB= 1002.9103> <Mlp= 1061.7290> <PB=1090.3> 
<DWph=2> <it=  5> <et=2.52> <Mt= 0.00> <Spt= 0.01> <nCl= 15> <al=0.55> <DB= 1034.1383> <Mlp= 1061.5257> <PB=1090.3> 
<DWph=2> <it=  6> <et=2.53> <Mt= 0.01> <Spt= 0.01> <nCl=  1> <al=0.59> <DB= 1058.3882> <Mlp= 1061.4584> <PB=1090.3> 
<DWph=2> <it=  7> <et=2.54> <Mt= 0.00> <Spt= 0.01> <nCl= 19> <al=0.49> <DB= 1035.9307> <Mlp= 1061.4584> <PB=1090.3> 
<DWph=2> <it=  8> <et=2.55> <Mt= 0.01> <Spt= 0.00> <nCl=  6> <al=0.54> <DB= 1059.5685> <Mlp= 1061.3162> <PB=1090.3> 
<DWph=2> <it=  9> <et=2.56> <Mt= 0.00> <Spt= 0.01> <nCl= 11> <al=0.59> <DB= 1039.4212> <Mlp= 1061.3105> <PB=1090.3> 
<DWph=2> <it= 10> <et=2.58> <Mt= 0.00> <Spt= 0.01> <nCl=  4> <al=0.63> <DB= 1060.2078> <Mlp= 1061.2913> <PB=1090.3> 
<DWph=2> <it= 11> <et=2.59> <Mt= 0.01> <Spt= 0.01> <nCl=  7> <al=0.53> <DB= 1051.3619> <Mlp= 1061.2899> <PB=1090.3> 
<DWph=2> <it= 12> <et=2.60> <Mt= 0.00> <Spt= 0.00> <nCl=  4> <al=0.58> <DB= 1039.1657> <Mlp= 1061.2729> <PB=1090.3> 
<DWph=2> <it= 13> <et=2.61> <Mt= 0.00> <Spt= 0.01> <nCl=  2> <al=0.62> <DB= 1056.2759> <Mlp= 1061.2410> <PB=1090.3> 
<DWph=2> <it= 14> <et=2.63> <Mt= 0.01> <Spt= 0.02> <nCl=  4> <al=0.31> <DB= 1058.9290> <Mlp= 1061.2356> <PB=1090.3> 
<DWph=2> <it= 15> <et=2.65> <Mt= 0.00> <Spt= 0.01> <nCl= 10> <al=0.11> <DB= 1027.9998> <Mlp= 1061.2333> <PB=1090.3> 
<DWph=2> <it= 16> <et=2.66> <Mt= 0.01> <Spt= 0.01> <nCl=  5> <al=0.46> <DB= 1033.3946> <Mlp= 1061.2085> <PB=1090.3> 
<DWph=2> <it= 17> <et=2.67> <Mt= 0.00> <Spt= 0.01> <nCl=  2> <al=0.51> <DB= 1048.9778> <Mlp= 1061.2085> <PB=1090.3> 
<DWph=2> <it= 18> <et=2.69> <Mt= 0.00> <Spt= 0.01> <nCl=  5> <al=0.00> <DB= 1027.9323> <Mlp= 1061.2085> <PB=1090.3> 
<DWph=2> <it= 19> <et=2.69> <Mt= 0.00> <Spt= 0.00> <nCl=  0> <al=0.31> <DB= 1027.9323> <Mlp= 1061.0570> <PB=1090.3> 
<DWph=1> <it= 20> <et=2.74> <Mt= 0.01> <Spt= 0.05> <nCl= 28> <al=0.31> <DB=  904.6731> <Mlp= 1061.0570> <PB=1090.3> 
<DWph=1> <it= 21> <et=2.80> <Mt= 0.01> <Spt= 0.05> <nCl= 23> <al=0.38> <DB=  977.5070> <Mlp= 1060.1596> <PB=1090.3> 
<DWph=1> <it= 22> <et=2.86> <Mt= 0.01> <Spt= 0.04> <nCl= 20> <al=0.44> <DB= 1008.8062> <Mlp= 1059.3711> <PB=1090.3> 
<DWph=1> <it= 23> <et=2.91> <Mt= 0.01> <Spt= 0.04> <nCl= 21> <al=0.34> <DB=  981.8239> <Mlp= 1059.1731> <PB=1090.3> 
<DWph=1> <it= 24> <et=2.96> <Mt= 0.01> <Spt= 0.04> <nCl= 13> <al=0.41> <DB= 1015.4695> <Mlp= 1059.0273> <PB=1090.3> 
<DWph=1> <it= 25> <et=3.00> <Mt= 0.00> <Spt= 0.04> <nCl= 11> <al=0.31> <DB= 1015.8145> <Mlp= 1058.9148> <PB=1090.3> 
<DWph=1> <it= 26> <et=3.05> <Mt= 0.01> <Spt= 0.05> <nCl= 17> <al=0.38> <DB= 1018.8370> <Mlp= 1058.7898> <PB=1090.3> 
<DWph=1> <it= 27> <et=3.10> <Mt= 0.00> <Spt= 0.04> <nCl= 10> <al=0.44> <DB= 1025.9796> <Mlp= 1058.7192> <PB=1090.3> 
<DWph=1> <it= 28> <et=3.15> <Mt= 0.01> <Spt= 0.04> <nCl=  5> <al=0.50> <DB= 1041.3796> <Mlp= 1058.6935> <PB=1090.3> 
<DWph=1> <it= 29> <et=3.19> <Mt= 0.01> <Spt= 0.04> <nCl=  8> <al=0.40> <DB= 1044.6142> <Mlp= 1058.6694> <PB=1090.3> 
<DWph=1> <it= 30> <et=3.24> <Mt= 0.00> <Spt= 0.04> <nCl=  5> <al=0.46> <DB= 1048.2894> <Mlp= 1058.6426> <PB=1090.3> 
<DWph=1> <it= 31> <et=3.28> <Mt= 0.00> <Spt= 0.04> <nCl=  2> <al=0.51> <DB= 1024.3710> <Mlp= 1058.6323> <PB=1090.3> 
<DWph=1> <it= 32> <et=3.37> <Mt= 0.00> <Spt= 0.08> <nCl=  3> <al=0.12> <DB= 1056.9452> <Mlp= 1058.6323> <PB=1090.3> 
<DWph=1> <it= 33> <et=3.41> <Mt= 0.01> <Spt= 0.04> <nCl=  1> <al=0.46> <DB= 1057.6054> <Mlp= 1058.6319> <PB=1090.3> 
<DWph=1> <it= 34> <et=3.49> <Mt= 0.00> <Spt= 0.08> <nCl=  5> <al=0.00> <DB= 1058.6318> <Mlp= 1058.6318> <PB=1090.3> 
    RCSP exact solver info for graph G_1 : TT = 0.092967, pt = 0.001897, dt = 0.083186, ct = 0.007138, ndl = 14', bdl = 143', odl = 17', odf = 92', bsi = 2', cnt = 10', bdch = 3191', odch = 559', lcp = 717', #sols = 150
<DWph=0> <it= 35> <et=3.59> <Mt= 0.00> <Spt= 0.11> <nCl= 87> <al=0.26> <DB= 1020.2397> <Mlp= 1058.6318> <PB=1090.3> 
    RCSP exact solver info for graph G_1 : TT = 0.078281, pt = 0.002038, dt = 0.068367, ct = 0.007024, ndl = 14', bdl = 142', odl = 17', odf = 93', bsi = 2', cnt = 8', bdch = 3229', odch = 558', lcp = 717', #sols = 150
<DWph=0> <it= 36> <et=3.69> <Mt= 0.01> <Spt= 0.08> <nCl= 21> <al=0.33> <DB= 1038.7132> <Mlp= 1058.0171> <PB=1090.3> 
    RCSP exact solver info for graph G_1 : TT = 0.076154, pt = 0.001909, dt = 0.066502, ct = 0.006947, ndl = 13', bdl = 140', odl = 17', odf = 92', bsi = 1', cnt = 8', bdch = 3178', odch = 552', lcp = 708', #sols = 150
<DWph=0> <it= 37> <et=3.78> <Mt= 0.01> <Spt= 0.08> <nCl= 11> <al=0.40> <DB= 1042.9159> <Mlp= 1057.9609> <PB=1090.3> 
    RCSP exact solver info for graph G_1 : TT = 0.072569, pt = 0.001893, dt = 0.063248, ct = 0.006627, ndl = 13', bdl = 135', odl = 17', odf = 90', bsi = 2', cnt = 6', bdch = 2937', odch = 516', lcp = 659', #sols = 150
<DWph=0> <it= 38> <et=3.86> <Mt= 0.00> <Spt= 0.07> <nCl=  5> <al=0.46> <DB= 1052.1675> <Mlp= 1057.9549> <PB=1090.3> 
    RCSP exact solver info for graph G_1 : TT = 0.070907, pt = 0.001886, dt = 0.061797, ct = 0.006423, ndl = 13', bdl = 133', odl = 17', odf = 89', bsi = 2', cnt = 6', bdch = 2830', odch = 503', lcp = 641', #sols = 150
<DWph=0> <it= 39> <et=3.93> <Mt= 0.00> <Spt= 0.08> <nCl=  4> <al=0.36> <DB= 1055.8718> <Mlp= 1057.9549> <PB=1090.3> 
    RCSP exact solver info for graph G_1 : TT = 0.07121, pt = 0.001877, dt = 0.06203, ct = 0.006505, ndl = 13', bdl = 133', odl = 17', odf = 89', bsi = 2', cnt = 6', bdch = 2835', odch = 505', lcp = 642', #sols = 150
    RCSP exact solver info for graph G_1 : TT = 0.068442, pt = 0.001527, dt = 0.059784, ct = 0.006349, ndl = 13', bdl = 132', odl = 17', odf = 89', bsi = 2', cnt = 6', bdch = 2769', odch = 496', lcp = 631', #sols = 150
<DWph=0> <it= 40> <et=4.08> <Mt= 0.01> <Spt= 0.15> <nCl=  6> <al=0.00> <DB= 1057.9543> <Mlp= 1057.9543> <PB=1090.3> 
Dynamic params and stats :  bidir.bord. = 108.7 aver.obdmd = 6.92157 aver.buck.num. = 18 nbR1C = 36 with avMem = 8.38889
@@ 1 2 1057.95 0.0731324 0.090324 32.6852 4.08
Labels distribution in buckets (bucket size) : largest - 156, top 0.1% - 149, top 0.5% - 94, top 2% - 62, top 10% - 21, top 50% - 0
Reduced cost fixing for graph G_1... 46313 buck. arcs remain (87.1% from prev., 28.2% from max.) + 6699 jump buck. arcs (4.08% from max.)
Backward reduced cost fixing... 45527 buck. arcs remain (87.2% from prev., 28.8% from max.) + 2752 jump buck. arcs (1.74% from max.)
 TT = 0.504373, pt = 0.025925, dt = 0.316231, ct = 0.161281, ndl = 53', bdl = 779', odl = 58', odf = 370', lpcb = 513', cnt = 13886', bdch = 21096', odch = 3387', lcp = 3731'
Labels distribution in buckets (bucket size) : largest - 220, top 0.1% - 161, top 0.5% - 127, top 2% - 86, top 10% - 36, top 50% - 0
Run forward enumeration with border = 108.7... not succeeded (ratio 0.887315) lpt = 0.067524, ndl = 36', dl = 10', lpcb = 126', dch = 183'
 TT = 0.0702, pt = 0, dt = 0.067524, ct = 0, ndl = 36', bdl = 10', lpcb = 126', cnt = 1504', bdch = 183', odch = 0', lcp = 0'
ColGenEvalAlg final dual bound: 1057.95 (rounded: 1057.95)
Gap improvement since the last cut separation : 0.127856 (1053.21)
Current active cuts : R1C(3+33,31.9954) 1rowPackR1C(3) 3rowPackR1C(33)
Shrinking heuristic shrunk 12 edges
In total 1 RCC cut(s) are found by the global pool greedy search heuristic 
8 Rank-1 1-rows pack. cuts added ,  max viol. = 0.140896, aver. viol. = 0.0758347
150 Rank-1 3-rows pack. cuts added ,  max viol. = 0.412084, aver. viol. = 0.168525
----- Add fac. cuts : CAP(1) R1C(158), max.viol = 0.412084, aver.viol = 0.170586, sep/add took 0.0532276/0.0925091 sec. -----
3043 columns (3043 active), 320 dyn. constrs. (198 active), 523 art. vars. (400 active)
<DWph=2> <it=  1> <et=4.85> <Mt= 0.03> <Spt= 0.01> <nCl= 14> <al=0.50> <DB= 1059.2482> <Mlp= 1060.5422> <PB=1090.3> 
<DWph=2> <it=  2> <et=4.86> <Mt= 0.00> <Spt= 0.00> <nCl=  5> <al=0.40> <DB= 1060.0212> <Mlp= 1060.5366> <PB=1090.3> 
<DWph=2> <it=  3> <et=4.88> <Mt= 0.00> <Spt= 0.01> <nCl=  7> <al=0.30> <DB= 1031.7941> <Mlp= 1060.5366> <PB=1090.3> 
<DWph=2> <it=  4> <et=4.90> <Mt= 0.01> <Spt= 0.02> <nCl= 18> <al=0.00> <DB= 1060.4958> <Mlp= 1060.4958> <PB=1090.3> 
<DWph=1> <it=  5> <et=4.94> <Mt= 0.00> <Spt= 0.04> <nCl= 26> <al=0.27> <DB=  953.0658> <Mlp= 1060.4958> <PB=1090.3> 
<DWph=1> <it=  6> <et=4.99> <Mt= 0.01> <Spt= 0.04> <nCl= 22> <al=0.17> <DB=  983.2324> <Mlp= 1060.2989> <PB=1090.3> 
<DWph=1> <it=  7> <et=5.04> <Mt= 0.01> <Spt= 0.04> <nCl= 13> <al=0.25> <DB= 1002.8230> <Mlp= 1060.1940> <PB=1090.3> 
<DWph=1> <it=  8> <et=5.09> <Mt= 0.01> <Spt= 0.04> <nCl= 11> <al=0.15> <DB= 1045.7550> <Mlp= 1060.0003> <PB=1090.3> 
<DWph=1> <it=  9> <et=5.14> <Mt= 0.01> <Spt= 0.03> <nCl=  8> <al=0.24> <DB= 1049.8216> <Mlp= 1059.9591> <PB=1090.3> 
<DWph=1> <it= 10> <et=5.18> <Mt= 0.01> <Spt= 0.04> <nCl=  9> <al=0.31> <DB= 1047.8307> <Mlp= 1059.9588> <PB=1090.3> 
<DWph=1> <it= 11> <et=5.22> <Mt= 0.00> <Spt= 0.04> <nCl=  5> <al=0.21> <DB= 1033.9794> <Mlp= 1059.9588> <PB=1090.3> 
<DWph=1> <it= 12> <et=5.26> <Mt= 0.00> <Spt= 0.04> <nCl=  1> <al=0.29> <DB= 1049.0395> <Mlp= 1059.9588> <PB=1090.3> 
<DWph=1> <it= 13> <et=5.31> <Mt= 0.01> <Spt= 0.04> <nCl=  1> <al=0.36> <DB= 1050.6820> <Mlp= 1059.9588> <PB=1090.3> 
<DWph=1> <it= 14> <et=5.35> <Mt= 0.00> <Spt= 0.04> <nCl=  4> <al=0.26> <DB= 1051.8638> <Mlp= 1059.9585> <PB=1090.3> 
<DWph=1> <it= 15> <et=5.42> <Mt= 0.00> <Spt= 0.07> <nCl=  3> <al=0.00> <DB= 1059.9585> <Mlp= 1059.9585> <PB=1090.3> 
    RCSP exact solver info for graph G_1 : TT = 0.079016, pt = 0.002408, dt = 0.069472, ct = 0.006372, ndl = 15', bdl = 142', odl = 17', odf = 94', bsi = 2', cnt = 12', bdch = 3497', odch = 635', lcp = 808', #sols = 150
<DWph=0> <it= 16> <et=5.51> <Mt= 0.00> <Spt= 0.09> <nCl= 47> <al=0.24> <DB= 1041.5941> <Mlp= 1059.9585> <PB=1090.3> 
    RCSP exact solver info for graph G_1 : TT = 0.077154, pt = 0.002588, dt = 0.067367, ct = 0.006364, ndl = 15', bdl = 137', odl = 16', odf = 92', bsi = 2', cnt = 12', bdch = 3255', odch = 595', lcp = 751', #sols = 150
<DWph=0> <it= 17> <et=5.60> <Mt= 0.01> <Spt= 0.08> <nCl=  6> <al=0.31> <DB= 1050.3981> <Mlp= 1059.9090> <PB=1090.3> 
    RCSP exact solver info for graph G_1 : TT = 0.076891, pt = 0.002561, dt = 0.067147, ct = 0.00637, ndl = 15', bdl = 136', odl = 16', odf = 92', bsi = 2', cnt = 12', bdch = 3225', odch = 584', lcp = 744', #sols = 150
    RCSP exact solver info for graph G_1 : TT = 0.075485, pt = 0.002305, dt = 0.066092, ct = 0.006292, ndl = 14', bdl = 135', odl = 16', odf = 91', bsi = 2', cnt = 12', bdch = 3179', odch = 578', lcp = 738', #sols = 149
<DWph=0> <it= 18> <et=5.77> <Mt= 0.01> <Spt= 0.16> <nCl=  7> <al=0.00> <DB= 1059.9029> <Mlp= 1059.9029> <PB=1090.3> 
Dynamic params and stats :  bidir.bord. = 108.7 aver.obdmd = 6.92157 aver.buck.num. = 18 nbR1C = 66 with avMem = 8.27273
@@ 1 3 1059.9 0.073869 0.075844 28.4772 5.77
    Full reduced cost fixing is not called (gap ratio is 0.939756)
ColGenEvalAlg final dual bound: 1059.9 (rounded: 1059.9)
Gap improvement since the last cut separation : 0.0602444 (1057.95)
Current active cuts : CAP(1,9.06196) R1C(5+61,59.1526) 1rowPackR1C(5) 3rowPackR1C(61)
Shrinking heuristic shrunk 12 edges
In total 1 RCC cut(s) are found by the Fractional capacity min-cut heuristic 
6 Rank-1 1-rows pack. cuts added ,  max viol. = 0.111942, aver. viol. = 0.0630807
150 Rank-1 3-rows pack. cuts added ,  max viol. = 0.301254, aver. viol. = 0.135897
----- Add fac. cuts : CAP(1) R1C(156), max.viol = 0.301254, aver.viol = 0.133595, sep/add took 0.0597835/0.0987968 sec. -----
3250 columns (3250 active), 355 dyn. constrs. (228 active), 680 art. vars. (430 active)
<DWph=2> <it=  1> <et=6.03> <Mt= 0.08> <Spt= 0.01> <nCl=  9> <al=0.50> <DB= 1046.9767> <Mlp= 1062.3775> <PB=1090.3> 
<DWph=2> <it=  2> <et=6.06> <Mt= 0.00> <Spt= 0.02> <nCl= 19> <al=0.10> <DB= 1046.9437> <Mlp= 1062.3775> <PB=1090.3> 
<DWph=2> <it=  3> <et=6.07> <Mt= 0.01> <Spt= 0.01> <nCl=  6> <al=0.45> <DB= 1049.5706> <Mlp= 1062.3522> <PB=1090.3> 
<DWph=2> <it=  4> <et=6.10> <Mt= 0.00> <Spt= 0.02> <nCl= 17> <al=0.01> <DB= 1013.4703> <Mlp= 1062.3522> <PB=1090.3> 
<DWph=2> <it=  5> <et=6.11> <Mt= 0.01> <Spt= 0.01> <nCl=  4> <al=0.41> <DB= 1040.1531> <Mlp= 1062.3522> <PB=1090.3> 
<DWph=2> <it=  6> <et=6.13> <Mt= 0.01> <Spt= 0.01> <nCl= 10> <al=0.46> <DB= 1037.2778> <Mlp= 1062.2891> <PB=1090.3> 
<DWph=2> <it=  7> <et=6.16> <Mt= 0.01> <Spt= 0.01> <nCl=  6> <al=0.04> <DB= 1056.0092> <Mlp= 1062.2727> <PB=1090.3> 
<DWph=2> <it=  8> <et=6.18> <Mt= 0.00> <Spt= 0.02> <nCl=  3> <al=0.00> <DB= 1062.2727> <Mlp= 1062.2727> <PB=1090.3> 
<DWph=1> <it=  9> <et=6.22> <Mt= 0.00> <Spt= 0.04> <nCl= 23> <al=0.32> <DB=  941.1014> <Mlp= 1062.2727> <PB=1090.3> 
<DWph=1> <it= 10> <et=6.29> <Mt= 0.03> <Spt= 0.04> <nCl= 19> <al=0.22> <DB= 1013.0153> <Mlp= 1061.9234> <PB=1090.3> 
<DWph=1> <it= 11> <et=6.35> <Mt= 0.02> <Spt= 0.04> <nCl= 17> <al=0.12> <DB= 1013.4799> <Mlp= 1061.8074> <PB=1090.3> 
<DWph=1> <it= 12> <et=6.41> <Mt= 0.02> <Spt= 0.04> <nCl= 12> <al=0.02> <DB= 1039.8380> <Mlp= 1061.6775> <PB=1090.3> 
<DWph=1> <it= 13> <et=6.46> <Mt= 0.01> <Spt= 0.04> <nCl= 11> <al=0.12> <DB= 1049.0300> <Mlp= 1061.6553> <PB=1090.3> 
<DWph=1> <it= 14> <et=6.51> <Mt= 0.01> <Spt= 0.04> <nCl=  9> <al=0.02> <DB= 1045.3330> <Mlp= 1061.6381> <PB=1090.3> 
<DWph=1> <it= 15> <et=6.55> <Mt= 0.00> <Spt= 0.04> <nCl=  3> <al=0.11> <DB= 1057.1959> <Mlp= 1061.6367> <PB=1090.3> 
<DWph=1> <it= 16> <et=6.60> <Mt= 0.01> <Spt= 0.04> <nCl=  3> <al=0.01> <DB= 1052.6692> <Mlp= 1061.6345> <PB=1090.3> 
<DWph=1> <it= 17> <et=6.68> <Mt= 0.01> <Spt= 0.08> <nCl=  0> <al=0.00> <DB= 1061.6324> <Mlp= 1061.6324> <PB=1090.3> 
    RCSP exact solver info for graph G_1 : TT = 0.090477, pt = 0.003086, dt = 0.0794, ct = 0.007167, ndl = 16', bdl = 152', odl = 18', odf = 101', bsi = 2', cnt = 17', bdch = 3962', odch = 721', lcp = 919', #sols = 150
<DWph=0> <it= 18> <et=6.79> <Mt= 0.00> <Spt= 0.10> <nCl= 50> <al=0.01> <DB= 1026.0579> <Mlp= 1061.6324> <PB=1090.3> 
    RCSP exact solver info for graph G_1 : TT = 0.084278, pt = 0.003432, dt = 0.073209, ct = 0.006783, ndl = 15', bdl = 145', odl = 17', odf = 95', bsi = 2', cnt = 14', bdch = 3486', odch = 625', lcp = 789', #sols = 150
<DWph=0> <it= 19> <et=6.90> <Mt= 0.02> <Spt= 0.09> <nCl= 18> <al=0.11> <DB= 1038.2504> <Mlp= 1061.5018> <PB=1090.3> 
    RCSP exact solver info for graph G_1 : TT = 0.085821, pt = 0.003366, dt = 0.074698, ct = 0.006909, ndl = 15', bdl = 146', odl = 17', odf = 96', bsi = 2', cnt = 15', bdch = 3564', odch = 642', lcp = 811', #sols = 150
    RCSP exact solver info for graph G_1 : TT = 0.084314, pt = 0.003049, dt = 0.073496, ct = 0.006928, ndl = 15', bdl = 145', odl = 17', odf = 96', bsi = 2', cnt = 14', bdch = 3546', odch = 634', lcp = 805', #sols = 150
<DWph=0> <it= 20> <et=7.09> <Mt= 0.02> <Spt= 0.18> <nCl= 12> <al=0.00> <DB= 1061.4921> <Mlp= 1061.4921> <PB=1090.3> 
Dynamic params and stats :  bidir.bord. = 108.7 aver.obdmd = 6.92157 aver.buck.num. = 18 nbR1C = 89 with avMem = 8.50562
@@ 1 4 1061.49 0.0821475 0.086567 28.4772 7.09
Labels distribution in buckets (bucket size) : largest - 205, top 0.1% - 179, top 0.5% - 110, top 2% - 78, top 10% - 26, top 50% - 0
Reduced cost fixing for graph G_1... 42492 buck. arcs remain (91.7% from prev., 25.9% from max.) + 6787 jump buck. arcs (4.13% from max.)
Backward reduced cost fixing... 41793 buck. arcs remain (91.8% from prev., 26.4% from max.) + 3194 jump buck. arcs (2.02% from max.)
 TT = 0.631184, pt = 0.03458, dt = 0.414643, ct = 0.180947, ndl = 67', bdl = 877', odl = 63', odf = 432', lpcb = 617', cnt = 17959', bdch = 28347', odch = 4643', lcp = 5140'
Labels distribution in buckets (bucket size) : largest - 256, top 0.1% - 213, top 0.5% - 170, top 2% - 106, top 10% - 46, top 50% - 0
Run forward enumeration with border = 108.7... not succeeded (ratio 0.875756) lpt = 0.083306, ndl = 40', dl = 13', lpcb = 146', dch = 191'
 TT = 0.08624, pt = 0, dt = 0.083306, ct = 0, ndl = 40', bdl = 13', lpcb = 146', cnt = 2193', bdch = 191', odch = 0', lcp = 0'
ColGenEvalAlg final dual bound: 1061.49 (rounded: 1061.49)
Gap improvement since the last cut separation : 0.052281 (1059.9)
Current active cuts : CAP(2,4.4346) R1C(4+85,76.5968) 1rowPackR1C(4) 3rowPackR1C(85)
Shrinking heuristic shrunk 7 edges
6 Rank-1 1-rows pack. cuts added ,  max viol. = 0.103853, aver. viol. = 0.0475827
150 Rank-1 3-rows pack. cuts added ,  max viol. = 0.229858, aver. viol. = 0.0943122
----- Add fac. cuts : R1C(156), max.viol = 0.229858, aver.viol = 0.0969825, sep/add took 0.0727461/0.109571 sec. -----
3501 columns (3501 active), 384 dyn. constrs. (249 active), 836 art. vars. (451 active)
<DWph=2> <it=  1> <et=8.13> <Mt= 0.11> <Spt= 0.01> <nCl= 15> <al=0.50> <DB= 1062.3359> <Mlp= 1063.1796> <PB=1090.3> 
<DWph=2> <it=  2> <et=8.15> <Mt= 0.00> <Spt= 0.01> <nCl= 22> <al=0.40> <DB= 1033.7601> <Mlp= 1063.1788> <PB=1090.3> 
<DWph=2> <it=  3> <et=8.17> <Mt= 0.02> <Spt= 0.01> <nCl=  2> <al=0.46> <DB= 1052.7481> <Mlp= 1063.1603> <PB=1090.3> 
<DWph=2> <it=  4> <et=8.20> <Mt= 0.00> <Spt= 0.03> <nCl= 14> <al=0.03> <DB= 1041.5161> <Mlp= 1063.1603> <PB=1090.3> 
<DWph=2> <it=  5> <et=8.23> <Mt= 0.01> <Spt= 0.02> <nCl=  9> <al=0.00> <DB= 1063.1591> <Mlp= 1063.1591> <PB=1090.3> 
<DWph=1> <it=  6> <et=8.28> <Mt= 0.00> <Spt= 0.04> <nCl= 24> <al=0.31> <DB=  930.1778> <Mlp= 1063.1591> <PB=1090.3> 
<DWph=1> <it=  7> <et=8.35> <Mt= 0.03> <Spt= 0.04> <nCl= 23> <al=0.21> <DB=  976.9682> <Mlp= 1063.0538> <PB=1090.3> 
<DWph=1> <it=  8> <et=8.42> <Mt= 0.03> <Spt= 0.04> <nCl= 17> <al=0.11> <DB= 1008.7429> <Mlp= 1062.9355> <PB=1090.3> 
<DWph=1> <it=  9> <et=8.49> <Mt= 0.02> <Spt= 0.05> <nCl= 13> <al=0.01> <DB= 1021.3231> <Mlp= 1062.8847> <PB=1090.3> 
<DWph=1> <it= 10> <et=8.56> <Mt= 0.03> <Spt= 0.04> <nCl=  8> <al=0.11> <DB= 1046.6569> <Mlp= 1062.8310> <PB=1090.3> 
<DWph=1> <it= 11> <et=8.62> <Mt= 0.01> <Spt= 0.05> <nCl= 11> <al=0.20> <DB= 1050.4005> <Mlp= 1062.8221> <PB=1090.3> 
<DWph=1> <it= 12> <et=8.67> <Mt= 0.01> <Spt= 0.04> <nCl=  2> <al=0.28> <DB= 1059.2014> <Mlp= 1062.8205> <PB=1090.3> 
<DWph=1> <it= 13> <et=8.75> <Mt= 0.00> <Spt= 0.08> <nCl=  4> <al=0.00> <DB= 1062.8038> <Mlp= 1062.8205> <PB=1090.3> 
<DWph=1> <it= 14> <et=8.84> <Mt= 0.01> <Spt= 0.08> <nCl=  1> <al=0.00> <DB= 1062.8205> <Mlp= 1062.8205> <PB=1090.3> 
    RCSP exact solver info for graph G_1 : TT = 0.105218, pt = 0.004483, dt = 0.092222, ct = 0.007687, ndl = 18', bdl = 155', odl = 18', odf = 104', bsi = 2', cnt = 26', bdch = 4508', odch = 810', lcp = 1097', #sols = 150
<DWph=0> <it= 15> <et=8.96> <Mt= 0.00> <Spt= 0.12> <nCl= 70> <al=0.00> <DB= 1018.6020> <Mlp= 1062.8205> <PB=1090.3> 
    RCSP exact solver info for graph G_1 : TT = 0.104081, pt = 0.00452, dt = 0.091143, ct = 0.007537, ndl = 18', bdl = 154', odl = 18', odf = 105', bsi = 2', cnt = 24', bdch = 4495', odch = 844', lcp = 1108', #sols = 150
<DWph=0> <it= 16> <et=9.12> <Mt= 0.04> <Spt= 0.11> <nCl= 46> <al=0.00> <DB= 1044.1957> <Mlp= 1062.6671> <PB=1090.3> 
    RCSP exact solver info for graph G_1 : TT = 0.105805, pt = 0.004754, dt = 0.092473, ct = 0.007673, ndl = 18', bdl = 155', odl = 18', odf = 105', bsi = 2', cnt = 23', bdch = 4540', odch = 844', lcp = 1113', #sols = 150
<DWph=0> <it= 17> <et=9.24> <Mt= 0.02> <Spt= 0.12> <nCl= 16> <al=0.08> <DB= 1061.1258> <Mlp= 1062.6599> <PB=1090.3> 
    RCSP exact solver info for graph G_1 : TT = 0.104886, pt = 0.004633, dt = 0.091778, ct = 0.007552, ndl = 18', bdl = 155', odl = 18', odf = 105', bsi = 2', cnt = 22', bdch = 4502', odch = 836', lcp = 1106', #sols = 150
<DWph=0> <it= 18> <et=9.36> <Mt= 0.00> <Spt= 0.11> <nCl= 11> <al=0.00> <DB= 1062.6598> <Mlp= 1062.6598> <PB=1090.3> 
Dynamic params and stats :  bidir.bord. = 108.7 aver.obdmd = 6.92157 aver.buck.num. = 18 nbR1C = 130 with avMem = 9.53077
@@ 1 5 1062.66 0.0995163 0.100146 26.1346 9.36
    Full reduced cost fixing is not called (gap ratio is 0.959465)
ColGenEvalAlg final dual bound: 1062.66 (rounded: 1062.66)
Gap improvement since the last cut separation : 0.040535 (1061.49)
Current active cuts : CAP(1,3.11546) R1C(7+123,92.4323) 1rowPackR1C(7) 3rowPackR1C(123)
Shrinking heuristic shrunk 6 edges
5 Rank-1 1-rows pack. cuts added ,  max viol. = 0.251621, aver. viol. = 0.0847452
150 Rank-1 3-rows pack. cuts added ,  max viol. = 0.141747, aver. viol. = 0.0602857
----- Add fac. cuts : R1C(155), max.viol = 0.251621, aver.viol = 0.0638677, sep/add took 0.0744651/0.120118 sec. -----
3809 columns (3809 active), 404 dyn. constrs. (287 active), 991 art. vars. (489 active)
<DWph=2> <it=  1> <et=9.72> <Mt= 0.14> <Spt= 0.01> <nCl= 13> <al=0.50> <DB= 1063.0666> <Mlp= 1063.4735> <PB=1090.3> 
<DWph=2> <it=  2> <et=9.73> <Mt= 0.00> <Spt= 0.01> <nCl=  4> <al=0.40> <DB= 1040.6769> <Mlp= 1063.4713> <PB=1090.3> 
<DWph=2> <it=  3> <et=9.77> <Mt= 0.02> <Spt= 0.02> <nCl=  3> <al=0.00> <DB= 1063.4649> <Mlp= 1063.4649> <PB=1090.3> 
<DWph=1> <it=  4> <et=9.82> <Mt= 0.00> <Spt= 0.05> <nCl= 22> <al=0.36> <DB=  995.7961> <Mlp= 1063.4649> <PB=1090.3> 
<DWph=1> <it=  5> <et=9.89> <Mt= 0.02> <Spt= 0.04> <nCl= 13> <al=0.42> <DB= 1012.5423> <Mlp= 1063.4131> <PB=1090.3> 
<DWph=1> <it=  6> <et=9.96> <Mt= 0.03> <Spt= 0.05> <nCl=  8> <al=0.32> <DB= 1046.9045> <Mlp= 1063.3740> <PB=1090.3> 
<DWph=1> <it=  7> <et=10.02> <Mt= 0.01> <Spt= 0.05> <nCl=  8> <al=0.22> <DB= 1053.0552> <Mlp= 1063.3701> <PB=1090.3> 
<DWph=1> <it=  8> <et=10.08> <Mt= 0.02> <Spt= 0.04> <nCl=  7> <al=0.12> <DB= 1052.6239> <Mlp= 1063.3652> <PB=1090.3> 
<DWph=1> <it=  9> <et=10.15> <Mt= 0.01> <Spt= 0.05> <nCl=  4> <al=0.02> <DB= 1057.9922> <Mlp= 1063.3605> <PB=1090.3> 
<DWph=1> <it= 10> <et=10.25> <Mt= 0.01> <Spt= 0.09> <nCl=  3> <al=0.00> <DB= 1055.8991> <Mlp= 1063.3593> <PB=1090.3> 
<DWph=1> <it= 11> <et=10.30> <Mt= 0.01> <Spt= 0.04> <nCl=  1> <al=0.02> <DB= 1060.2801> <Mlp= 1063.3568> <PB=1090.3> 
<DWph=1> <it= 12> <et=10.35> <Mt= 0.01> <Spt= 0.05> <nCl=  1> <al=0.12> <DB= 1061.7214> <Mlp= 1063.3568> <PB=1090.3> 
<DWph=1> <it= 13> <et=10.41> <Mt= 0.01> <Spt= 0.05> <nCl=  1> <al=0.21> <DB= 1062.3561> <Mlp= 1063.3566> <PB=1090.3> 
<DWph=1> <it= 14> <et=10.50> <Mt= 0.00> <Spt= 0.08> <nCl=  2> <al=0.00> <DB= 1048.7261> <Mlp= 1063.3565> <PB=1090.3> 
<DWph=1> <it= 15> <et=10.60> <Mt= 0.01> <Spt= 0.09> <nCl=  0> <al=0.00> <DB= 1063.3523> <Mlp= 1063.3523> <PB=1090.3> 
    RCSP exact solver info for graph G_1 : TT = 0.149144, pt = 0.00565, dt = 0.132838, ct = 0.009738, ndl = 22', bdl = 188', odl = 20', odf = 129', bsi = 2', cnt = 35', bdch = 6937', odch = 1383', lcp = 1746', #sols = 150
<DWph=0> <it= 16> <et=10.76> <Mt= 0.00> <Spt= 0.16> <nCl= 65> <al=0.09> <DB= 1045.4343> <Mlp= 1063.3523> <PB=1090.3> 
    RCSP exact solver info for graph G_1 : TT = 0.135595, pt = 0.00554, dt = 0.119834, ct = 0.009246, ndl = 21', bdl = 176', odl = 20', odf = 123', bsi = 2', cnt = 33', bdch = 6136', odch = 1209', lcp = 1523', #sols = 150
<DWph=0> <it= 17> <et=10.95> <Mt= 0.05> <Spt= 0.15> <nCl= 24> <al=0.00> <DB= 1047.3724> <Mlp= 1063.2816> <PB=1090.3> 
    RCSP exact solver info for graph G_1 : TT = 0.137596, pt = 0.005875, dt = 0.12171, ct = 0.009039, ndl = 21', bdl = 179', odl = 20', odf = 122', bsi = 2', cnt = 34', bdch = 6165', odch = 1197', lcp = 1538', #sols = 150
<DWph=0> <it= 18> <et=11.13> <Mt= 0.03> <Spt= 0.14> <nCl= 16> <al=0.09> <DB= 1055.1355> <Mlp= 1063.2474> <PB=1090.3> 
    RCSP exact solver info for graph G_1 : TT = 0.142778, pt = 0.006038, dt = 0.126694, ct = 0.009084, ndl = 21', bdl = 179', odl = 20', odf = 123', bsi = 2', cnt = 34', bdch = 6207', odch = 1213', lcp = 1555', #sols = 150
<DWph=0> <it= 19> <et=11.29> <Mt= 0.02> <Spt= 0.15> <nCl=  3> <al=0.18> <DB= 1061.7911> <Mlp= 1063.2449> <PB=1090.3> 
    RCSP exact solver info for graph G_1 : TT = 0.140077, pt = 0.006031, dt = 0.124002, ct = 0.009051, ndl = 21', bdl = 179', odl = 20', odf = 123', bsi = 2', cnt = 34', bdch = 6246', odch = 1227', lcp = 1569', #sols = 150
<DWph=0> <it= 20> <et=11.44> <Mt= 0.01> <Spt= 0.14> <nCl=  1> <al=0.08> <DB= 1062.7135> <Mlp= 1063.2448> <PB=1090.3> 
    RCSP exact solver info for graph G_1 : TT = 0.138943, pt = 0.006019, dt = 0.122874, ct = 0.009051, ndl = 21', bdl = 179', odl = 20', odf = 122', bsi = 2', cnt = 33', bdch = 6185', odch = 1210', lcp = 1547', #sols = 150
    RCSP exact solver info for graph G_1 : TT = 0.135436, pt = 0.005546, dt = 0.119939, ct = 0.008984, ndl = 21', bdl = 179', odl = 20', odf = 122', bsi = 2', cnt = 33', bdch = 6195', odch = 1215', lcp = 1554', #sols = 150
<DWph=0> <it= 21> <et=11.73> <Mt= 0.00> <Spt= 0.28> <nCl=  4> <al=0.00> <DB= 1063.2448> <Mlp= 1063.2448> <PB=1090.3> 
Dynamic params and stats :  bidir.bord. = 108.7 aver.obdmd = 6.92157 aver.buck.num. = 18 nbR1C = 150 with avMem = 10.0733
@@ 1 6 1063.24 0.133155 0.142576 26.1346 11.73
    Full reduced cost fixing is not called (gap ratio is 0.939157)
ColGenEvalAlg final dual bound: 1063.24 (rounded: 1063.24)
Gap improvement since the last cut separation : 0.0211655 (1062.66)
Current active cuts : R1C(9+141,108.331) 1rowPackR1C(9) 3rowPackR1C(141)
Shrinking heuristic shrunk 7 edges
6 Rank-1 1-rows pack. cuts added ,  max viol. = 0.0685488, aver. viol. = 0.0493022
144 Rank-1 3-rows pack. cuts added ,  max viol. = 0.122491, aver. viol. = 0.0379301
Building structures for heuristic rank-1 packing cut separation...done!
77 Rank-1 4-rows pack. cuts added ,  max viol. = 0.173456, aver. viol. = 0.0478871
100 Rank-1 5-rows pack. cuts added ,  max viol. = 0.197991, aver. viol. = 0.103507
----- Add fac. cuts : R1C(327), max.viol = 0.325446, aver.viol = 0.0710411, sep/add took 1.20856/0.277168 sec. -----
4012 columns (4012 active), 614 dyn. constrs. (478 active), 1318 art. vars. (680 active)
<DWph=2> <it=  1> <et=13.43> <Mt= 0.18> <Spt= 0.02> <nCl=  7> <al=0.50> <DB= 1063.0265> <Mlp= 1064.2443> <PB=1090.3> 
<DWph=2> <it=  2> <et=13.47> <Mt= 0.02> <Spt= 0.01> <nCl=  4> <al=0.55> <DB= 1063.6940> <Mlp= 1064.2430> <PB=1090.3> 
<DWph=2> <it=  3> <et=13.50> <Mt= 0.02> <Spt= 0.02> <nCl=  9> <al=0.45> <DB= 1059.1222> <Mlp= 1064.2404> <PB=1090.3> 
<DWph=2> <it=  4> <et=13.54> <Mt= 0.01> <Spt= 0.03> <nCl= 16> <al=0.01> <DB= 1057.4844> <Mlp= 1064.2404> <PB=1090.3> 
<DWph=2> <it=  5> <et=13.58> <Mt= 0.01> <Spt= 0.02> <nCl=  7> <al=0.00> <DB= 1021.4487> <Mlp= 1064.2396> <PB=1090.3> 
<DWph=2> <it=  6> <et=13.64> <Mt= 0.04> <Spt= 0.03> <nCl= 17> <al=0.00> <DB= 1049.4574> <Mlp= 1064.2255> <PB=1090.3> 
<DWph=2> <it=  7> <et=13.69> <Mt= 0.01> <Spt= 0.03> <nCl= 10> <al=0.00> <DB= 1056.8435> <Mlp= 1064.2245> <PB=1090.3> 
<DWph=2> <it=  8> <et=13.72> <Mt= 0.01> <Spt= 0.03> <nCl=  3> <al=0.00> <DB= 1060.3839> <Mlp= 1064.2241> <PB=1090.3> 
<DWph=2> <it=  9> <et=13.75> <Mt= 0.01> <Spt= 0.02> <nCl=  0> <al=0.00> <DB= 1064.2241> <Mlp= 1064.2241> <PB=1090.3> 
<DWph=1> <it= 10> <et=13.81> <Mt= 0.00> <Spt= 0.05> <nCl= 24> <al=0.00> <DB=  998.9174> <Mlp= 1064.2241> <PB=1090.3> 
<DWph=1> <it= 11> <et=13.91> <Mt= 0.05> <Spt= 0.06> <nCl= 20> <al=0.00> <DB= 1027.5269> <Mlp= 1064.2109> <PB=1090.3> 
<DWph=1> <it= 12> <et=13.99> <Mt= 0.03> <Spt= 0.05> <nCl= 12> <al=0.00> <DB= 1045.3347> <Mlp= 1064.2024> <PB=1090.3> 
<DWph=1> <it= 13> <et=14.07> <Mt= 0.02> <Spt= 0.05> <nCl= 15> <al=0.00> <DB= 1046.6099> <Mlp= 1064.1976> <PB=1090.3> 
<DWph=1> <it= 14> <et=14.14> <Mt= 0.02> <Spt= 0.05> <nCl=  8> <al=0.00> <DB= 1052.8733> <Mlp= 1064.1935> <PB=1090.3> 
<DWph=1> <it= 15> <et=14.21> <Mt= 0.03> <Spt= 0.05> <nCl=  6> <al=0.00> <DB= 1056.1651> <Mlp= 1064.1902> <PB=1090.3> 
<DWph=1> <it= 16> <et=14.28> <Mt= 0.01> <Spt= 0.05> <nCl=  3> <al=0.00> <DB= 1060.0818> <Mlp= 1064.1890> <PB=1090.3> 
<DWph=1> <it= 17> <et=14.34> <Mt= 0.02> <Spt= 0.05> <nCl=  4> <al=0.00> <DB= 1064.1881> <Mlp= 1064.1881> <PB=1090.3> 
    RCSP exact solver info for graph G_1 : TT = 0.185994, pt = 0.006852, dt = 0.166269, ct = 0.011962, ndl = 27', bdl = 213', odl = 21', odf = 145', bsi = 2', cnt = 60', bdch = 9091', odch = 1791', lcp = 2327', #sols = 150
<DWph=0> <it= 18> <et=14.56> <Mt= 0.00> <Spt= 0.21> <nCl=106> <al=0.00> <DB=  986.3198> <Mlp= 1064.1881> <PB=1090.3> 
    RCSP exact solver info for graph G_1 : TT = 0.190238, pt = 0.006618, dt = 0.170635, ct = 0.011981, ndl = 27', bdl = 213', odl = 21', odf = 146', bsi = 2', cnt = 55', bdch = 9434', odch = 1931', lcp = 2451', #sols = 150
<DWph=0> <it= 19> <et=14.86> <Mt= 0.09> <Spt= 0.21> <nCl= 70> <al=0.00> <DB= 1046.2428> <Mlp= 1064.1000> <PB=1090.3> 
    RCSP exact solver info for graph G_1 : TT = 0.191532, pt = 0.006628, dt = 0.171984, ct = 0.011945, ndl = 27', bdl = 213', odl = 22', odf = 146', bsi = 2', cnt = 53', bdch = 9524', odch = 1922', lcp = 2465', #sols = 150
<DWph=0> <it= 20> <et=15.18> <Mt= 0.12> <Spt= 0.20> <nCl= 12> <al=0.00> <DB= 1055.6959> <Mlp= 1064.0960> <PB=1090.3> 
    RCSP exact solver info for graph G_1 : TT = 0.182511, pt = 0.006654, dt = 0.163184, ct = 0.011714, ndl = 26', bdl = 207', odl = 21', odf = 142', bsi = 2', cnt = 52', bdch = 8929', odch = 1777', lcp = 2287', #sols = 150
<DWph=0> <it= 21> <et=15.38> <Mt= 0.02> <Spt= 0.19> <nCl=  3> <al=0.00> <DB= 1064.0954> <Mlp= 1064.0954> <PB=1090.3> 
Dynamic params and stats :  bidir.bord. = 108.7 aver.obdmd = 6.92157 aver.buck.num. = 18 nbR1C = 179 with avMem = 10.2626
@@ 1 7 1064.1 0.179919 0.183929 26.1346 15.38
    Full reduced cost fixing is not called (gap ratio is 0.909634)
ColGenEvalAlg final dual bound: 1064.1 (rounded: 1064.1)
Gap improvement since the last cut separation : 0.0314363 (1063.24)
Current active cuts : R1C(13+166,117.108) 1rowPackR1C(13) 3rowPackR1C(133) 4rowPackR1C(15) 5rowPackR1C(18)
Shrinking heuristic shrunk 4 edges
2 Rank-1 1-rows pack. cuts added ,  max viol. = 0.0255513, aver. viol. = 0.0236039
53 Rank-1 3-rows pack. cuts added ,  max viol. = 0.182871, aver. viol. = 0.0526558
Building structures for heuristic rank-1 packing cut separation...done!
45 Rank-1 4-rows pack. cuts added ,  max viol. = 0.226199, aver. viol. = 0.0737174
100 Rank-1 5-rows pack. cuts added ,  max viol. = 0.253933, aver. viol. = 0.160482
----- Add fac. cuts : R1C(200), max.viol = 0.253933, aver.viol = 0.127966, sep/add took 1.2728/0.189806 sec. -----
4368 columns (4368 active), 678 dyn. constrs. (383 active), 1518 art. vars. (585 active)
<DWph=2> <it=  1> <et=17.09> <Mt= 0.19> <Spt= 0.03> <nCl= 12> <al=0.00> <DB= 1045.8177> <Mlp= 1064.6840> <PB=1090.3> 
<DWph=2> <it=  2> <et=17.13> <Mt= 0.02> <Spt= 0.02> <nCl=  0> <al=0.00> <DB= 1064.6756> <Mlp= 1064.6756> <PB=1090.3> 
<DWph=1> <it=  3> <et=17.19> <Mt= 0.01> <Spt= 0.05> <nCl= 18> <al=0.30> <DB= 1041.6732> <Mlp= 1064.6756> <PB=1090.3> 
<DWph=1> <it=  4> <et=17.29> <Mt= 0.05> <Spt= 0.05> <nCl=  4> <al=0.20> <DB= 1056.2569> <Mlp= 1064.6421> <PB=1090.3> 
<DWph=1> <it=  5> <et=17.37> <Mt= 0.02> <Spt= 0.05> <nCl=  4> <al=0.10> <DB= 1062.4822> <Mlp= 1064.6377> <PB=1090.3> 
<DWph=1> <it=  6> <et=17.43> <Mt= 0.01> <Spt= 0.05> <nCl=  1> <al=0.00> <DB= 1064.2900> <Mlp= 1064.6373> <PB=1090.3> 
<DWph=1> <it=  7> <et=17.54> <Mt= 0.01> <Spt= 0.10> <nCl=  2> <al=0.00> <DB= 1064.6373> <Mlp= 1064.6373> <PB=1090.3> 
    RCSP exact solver info for graph G_1 : TT = 0.18852, pt = 0.006747, dt = 0.168222, ct = 0.012562, ndl = 27', bdl = 210', odl = 22', odf = 147', bsi = 2', cnt = 56', bdch = 9022', odch = 1813', lcp = 2323', #sols = 150
<DWph=0> <it=  8> <et=17.74> <Mt= 0.00> <Spt= 0.21> <nCl= 46> <al=0.00> <DB= 1031.1972> <Mlp= 1064.6373> <PB=1090.3> 
    RCSP exact solver info for graph G_1 : TT = 0.193952, pt = 0.007329, dt = 0.172896, ct = 0.012677, ndl = 27', bdl = 211', odl = 22', odf = 148', bsi = 2', cnt = 55', bdch = 9277', odch = 1868', lcp = 2377', #sols = 150
<DWph=0> <it=  9> <et=18.00> <Mt= 0.06> <Spt= 0.20> <nCl= 12> <al=0.10> <DB= 1059.1850> <Mlp= 1064.6000> <PB=1064.6> 
    RCSP exact solver info for graph G_1 : TT = 0.193055, pt = 0.007403, dt = 0.172001, ct = 0.01263, ndl = 27', bdl = 211', odl = 22', odf = 147', bsi = 2', cnt = 54', bdch = 9186', odch = 1844', lcp = 2350', #sols = 150
<DWph=0> <it= 10> <et=18.24> <Mt= 0.04> <Spt= 0.19> <nCl=  7> <al=0.19> <DB= 1063.0372> <Mlp= 1064.6000> <PB=1064.6> 
    RCSP exact solver info for graph G_1 : TT = 0.194908, pt = 0.007396, dt = 0.173816, ct = 0.012661, ndl = 27', bdl = 211', odl = 22', odf = 148', bsi = 2', cnt = 54', bdch = 9236', odch = 1862', lcp = 2367', #sols = 150
    RCSP exact solver info for graph G_1 : TT = 0.190933, pt = 0.006822, dt = 0.170557, ct = 0.012554, ndl = 27', bdl = 211', odl = 22', odf = 147', bsi = 2', cnt = 55', bdch = 9216', odch = 1859', lcp = 2364', #sols = 150
<DWph=0> <it= 11> <et=18.66> <Mt= 0.02> <Spt= 0.40> <nCl= 15> <al=0.00> <DB= 1064.6000> <Mlp= 1064.6000> <PB=1064.6> 
Dynamic params and stats :  bidir.bord. = 108.7 aver.obdmd = 6.92157 aver.buck.num. = 18 nbR1C = 176 with avMem = 10.6932
@@ 1 8 1064.6 0.184115 0.186477 26.1346 18.66
ColGenEvalAlg final dual bound: 1064.6 (rounded: 1064.6)
Gap improvement since the last cut separation : 1 (1064.1)
Current active cuts : R1C(13+163,120.222) 1rowPackR1C(13) 3rowPackR1C(124) 4rowPackR1C(20) 5rowPackR1C(19)
New model incumbent solution 1064.6, TIME = 0h0m18s68t = 1868
************************************************************************************************
Search is finished, global bounds : [ 1064.6 , 1064.6 ], TIME = 0h0m18s68t = 1868
************************************************************************************************
instance_name solver_name ext_heuristic solution_value solution_time best_lb root_lb root_time nb_branch_and_bound_nodes status
/home/logis/Downloads/VRPSolverEasy/VRPSolverEasy/demos/data/CVRPTW/R107 CLP False 1064.6000000007932 18.688729915 1064.5999999999744 1064.5999999999744 18.684271073 1 0

