Node memory for rank-1 cuts will be used (8.21772)
~~~~~~~~~~~~~~~~~~~~~~~~~~~~~~~~~~~~~~~~~~~~~~~~~~~~~~~~~~~~~~~~~~~~~~~~~~~~~~~~~~~~~
VRPSolver v0.5.27, 24/02/2023, © Inria Bordeaux, France, vrpsolver.math.u-bordeaux.fr
      Corresponds to the solver by Pessoa, Sadykov, Uchoa and Vanderbeck (2020)
                 Paper: dx.doi.org/10.1007/s10107-020-01523-z
~~~~~~~~~~~~~~~~~~~~~~~~~~~~~~~~~~~~~~~~~~~~~~~~~~~~~~~~~~~~~~~~~~~~~~~~~~~~~~~~~~~~~
   BaPCod v0.77, 15/03/2023, © Inria Bordeaux, France, bapcod.math.u-bordeaux.fr 
           THIS CODE IS PROVIDED AS IS, USE IT AT YOUR OWN RISK
~~~~~~~~~~~~~~~~~~~~~~~~~~~~~~~~~~~~~~~~~~~~~~~~~~~~~~~~~~~~~~~~~~~~~~~~~~~~~~~~~~~~~
Bucket steps were recalculated for graph G_1 : [4]
RCSP solver info : symmetric case is detected for graph G_1! 
Bidirectional border value is initialised to 50
RCSP solver info : number of forw. reachable buckets / buck. strongly connected components is 1950( 94.9367% ) / 1275( 65.3846% )
Generating neighbourhoods for rank-1 cuts separation
Building structures for 4- and 5-row rank-1 packing cut separation...done!
Model is built TIME = 0h0m0s4t = 4
************************************************************************************************
**** BaB tree root node
**** Local DB = -1e+12, global bounds : [ -1e+12 , 1221.1 ], TIME = 0h0m0s4t = 4
**** 1 open nodes, 0 columns (0 active), 0 dyn. constrs. (0 active), 156 art. vars. (156 active)
************************************************************************************************
#<DWph=2> <it=  1> <et=0.05> <Mt= 0.00> <Spt= 0.00> <nCl= 30> <al=0.00> <DB=-11095104.7200> <Mlp=240312.4800> <PB=1221.1> 
#<DWph=2> <it=  2> <et=0.06> <Mt= 0.00> <Spt= 0.01> <nCl= 30> <al=0.55> <DB=-10840065.5171> <Mlp=233579.7576> <PB=1221.1> 
#<DWph=2> <it=  3> <et=0.06> <Mt= 0.00> <Spt= 0.01> <nCl= 30> <al=0.45> <DB=-11106218.2454> <Mlp=223577.6634> <PB=1221.1> 
#<DWph=2> <it=  4> <et=0.07> <Mt= 0.00> <Spt= 0.00> <nCl= 30> <al=0.51> <DB=-10368536.9882> <Mlp=221690.9652> <PB=1221.1> 
#<DWph=2> <it=  5> <et=0.08> <Mt= 0.00> <Spt= 0.01> <nCl= 30> <al=0.41> <DB=-6638820.3627> <Mlp=217809.6253> <PB=1221.1> 
#<DWph=2> <it=  6> <et=0.08> <Mt= 0.00> <Spt= 0.01> <nCl= 30> <al=0.46> <DB=-5913566.3778> <Mlp=216152.3833> <PB=1221.1> 
#<DWph=2> <it=  7> <et=0.09> <Mt= 0.00> <Spt= 0.00> <nCl= 30> <al=0.36> <DB=-7153801.7666> <Mlp=214665.5603> <PB=1221.1> 
#<DWph=2> <it=  8> <et=0.10> <Mt= 0.00> <Spt= 0.01> <nCl= 30> <al=0.43> <DB=-9360916.3273> <Mlp=204382.9162> <PB=1221.1> 
#<DWph=2> <it=  9> <et=0.11> <Mt= 0.00> <Spt= 0.01> <nCl= 30> <al=0.49> <DB=-5376626.6900> <Mlp=204195.3382> <PB=1221.1> 
#<DWph=2> <it= 10> <et=0.11> <Mt= 0.00> <Spt= 0.01> <nCl= 30> <al=0.39> <DB=-5299039.7971> <Mlp=194592.4808> <PB=1221.1> 
#<DWph=2> <it= 11> <et=0.12> <Mt= 0.00> <Spt= 0.00> <nCl= 30> <al=0.45> <DB=-5221748.9644> <Mlp=190640.5790> <PB=1221.1> 
#<DWph=2> <it= 12> <et=0.13> <Mt= 0.00> <Spt= 0.01> <nCl= 30> <al=0.35> <DB=-4390595.4863> <Mlp=189015.0308> <PB=1221.1> 
#<DWph=2> <it= 13> <et=0.13> <Mt= 0.00> <Spt= 0.00> <nCl= 30> <al=0.41> <DB=-4308945.8329> <Mlp=185181.5004> <PB=1221.1> 
#<DWph=2> <it= 14> <et=0.14> <Mt= 0.00> <Spt= 0.01> <nCl= 30> <al=0.47> <DB=-4498030.6726> <Mlp=183577.6927> <PB=1221.1> 
#<DWph=2> <it= 15> <et=0.15> <Mt= 0.00> <Spt= 0.01> <nCl= 30> <al=0.52> <DB=-4213658.0227> <Mlp=177629.1445> <PB=1221.1> 
#<DWph=2> <it= 16> <et=0.15> <Mt= 0.00> <Spt= 0.00> <nCl= 30> <al=0.57> <DB=-3285722.6092> <Mlp=176048.7788> <PB=1221.1> 
#<DWph=2> <it= 17> <et=0.16> <Mt= 0.00> <Spt= 0.01> <nCl= 30> <al=0.61> <DB=-2992896.5735> <Mlp=172476.3412> <PB=1221.1> 
#<DWph=2> <it= 18> <et=0.17> <Mt= 0.00> <Spt= 0.01> <nCl= 30> <al=0.65> <DB=-3338747.9303> <Mlp=171224.6560> <PB=1221.1> 
#<DWph=2> <it= 19> <et=0.17> <Mt= 0.00> <Spt= 0.00> <nCl= 30> <al=0.69> <DB=-2950306.5747> <Mlp=168394.4303> <PB=1221.1> 
#<DWph=2> <it= 20> <et=0.18> <Mt= 0.00> <Spt= 0.01> <nCl= 30> <al=0.72> <DB=-3181151.4143> <Mlp=167643.2321> <PB=1221.1> 
#<DWph=2> <it= 21> <et=0.19> <Mt= 0.00> <Spt= 0.00> <nCl= 30> <al=0.75> <DB=-2954409.1200> <Mlp=164234.9140> <PB=1221.1> 
#<DWph=2> <it= 22> <et=0.19> <Mt= 0.00> <Spt= 0.01> <nCl= 30> <al=0.77> <DB=-2746876.1814> <Mlp=163436.9018> <PB=1221.1> 
#<DWph=2> <it= 23> <et=0.20> <Mt= 0.00> <Spt= 0.01> <nCl= 30> <al=0.67> <DB=-3501271.5624> <Mlp=160542.4179> <PB=1221.1> 
#<DWph=2> <it= 24> <et=0.21> <Mt= 0.01> <Spt= 0.00> <nCl= 30> <al=0.70> <DB=-3201681.4070> <Mlp=157515.0649> <PB=1221.1> 
#<DWph=2> <it= 25> <et=0.22> <Mt= 0.00> <Spt= 0.01> <nCl= 30> <al=0.73> <DB=-2811498.5030> <Mlp=154800.0504> <PB=1221.1> 
#<DWph=2> <it= 26> <et=0.22> <Mt= 0.00> <Spt= 0.00> <nCl= 30> <al=0.76> <DB=-2758009.9469> <Mlp=153907.5216> <PB=1221.1> 
#<DWph=2> <it= 27> <et=0.23> <Mt= 0.00> <Spt= 0.01> <nCl= 30> <al=0.78> <DB=-2903104.9027> <Mlp=153210.6261> <PB=1221.1> 
#<DWph=2> <it= 28> <et=0.24> <Mt= 0.00> <Spt= 0.01> <nCl= 30> <al=0.68> <DB=-2612954.5824> <Mlp=148669.8348> <PB=1221.1> 
#<DWph=2> <it= 29> <et=0.24> <Mt= 0.00> <Spt= 0.00> <nCl= 30> <al=0.58> <DB=-2275047.4076> <Mlp=147192.8746> <PB=1221.1> 
#<DWph=2> <it= 30> <et=0.25> <Mt= 0.00> <Spt= 0.01> <nCl= 30> <al=0.48> <DB=-2185645.6041> <Mlp=141268.2425> <PB=1221.1> 
#<DWph=2> <it= 31> <et=0.26> <Mt= 0.00> <Spt= 0.01> <nCl= 30> <al=0.54> <DB=-2079939.0030> <Mlp=140444.8224> <PB=1221.1> 
#<DWph=2> <it= 32> <et=0.27> <Mt= 0.00> <Spt= 0.00> <nCl= 30> <al=0.58> <DB=-1721371.8373> <Mlp=138787.5500> <PB=1221.1> 
#<DWph=2> <it= 33> <et=0.28> <Mt= 0.01> <Spt= 0.01> <nCl= 30> <al=0.62> <DB=-1559763.8724> <Mlp=124688.4644> <PB=1221.1> 
#<DWph=2> <it= 34> <et=0.29> <Mt= 0.00> <Spt= 0.01> <nCl= 30> <al=0.52> <DB=-1481748.9865> <Mlp=121473.0676> <PB=1221.1> 
#<DWph=2> <it= 35> <et=0.29> <Mt= 0.00> <Spt= 0.00> <nCl= 30> <al=0.57> <DB=-1479856.8995> <Mlp=108974.6071> <PB=1221.1> 
#<DWph=2> <it= 36> <et=0.30> <Mt= 0.00> <Spt= 0.01> <nCl= 30> <al=0.61> <DB=-1277785.6920> <Mlp=99737.7401> <PB=1221.1> 
#<DWph=2> <it= 37> <et=0.31> <Mt= 0.01> <Spt= 0.01> <nCl= 30> <al=0.65> <DB=-1263549.5329> <Mlp=80032.3512> <PB=1221.1> 
#<DWph=2> <it= 38> <et=0.32> <Mt= 0.00> <Spt= 0.00> <nCl= 30> <al=0.69> <DB=-1133136.2347> <Mlp=71782.3948> <PB=1221.1> 
#<DWph=2> <it= 39> <et=0.33> <Mt= 0.00> <Spt= 0.01> <nCl= 30> <al=0.59> <DB=-1074273.7216> <Mlp=48183.8814> <PB=1221.1> 
#<DWph=2> <it= 40> <et=0.34> <Mt= 0.01> <Spt= 0.00> <nCl= 30> <al=0.63> <DB=-959668.7144> <Mlp=45009.2998> <PB=1221.1> 
#<DWph=2> <it= 41> <et=0.35> <Mt= 0.00> <Spt= 0.01> <nCl= 30> <al=0.67> <DB=-921411.9512> <Mlp=34318.9917> <PB=1221.1> 
#<DWph=2> <it= 42> <et=0.36> <Mt= 0.01> <Spt= 0.01> <nCl= 30> <al=0.70> <DB=-880589.3153> <Mlp=16827.8403> <PB=1221.1> 
#<DWph=2> <it= 43> <et=0.37> <Mt= 0.00> <Spt= 0.00> <nCl= 30> <al=0.73> <DB=-810365.7653> <Mlp= 9451.2544> <PB=1221.1> 
#<DWph=2> <it= 44> <et=0.38> <Mt= 0.00> <Spt= 0.01> <nCl= 30> <al=0.63> <DB=-620175.5962> <Mlp= 5845.8186> <PB=1221.1> 
#<DWph=2> <it= 45> <et=0.40> <Mt= 0.01> <Spt= 0.00> <nCl= 30> <al=0.67> <DB=-372324.7929> <Mlp= 3643.7864> <PB=1221.1> 
#<DWph=2> <it= 46> <et=0.40> <Mt= 0.00> <Spt= 0.01> <nCl= 30> <al=0.57> <DB=-159952.8248> <Mlp= 3610.6768> <PB=1221.1> 
#<DWph=2> <it= 47> <et=0.41> <Mt= 0.00> <Spt= 0.01> <nCl= 30> <al=0.47> <DB=-22369.9434> <Mlp= 3426.9695> <PB=1221.1> 
#<DWph=2> <it= 48> <et=0.42> <Mt= 0.01> <Spt= 0.00> <nCl= 30> <al=0.37> <DB=-9636.6960> <Mlp= 3308.2663> <PB=1221.1> 
<DWph=2> <it= 49> <et=0.43> <Mt= 0.00> <Spt= 0.01> <nCl= 30> <al=0.43> <DB=-32248.4718> <Mlp= 2618.9019> <PB=1221.1> 
<DWph=2> <it= 50> <et=0.44> <Mt= 0.00> <Spt= 0.00> <nCl= 30> <al=0.49> <DB=-24525.9405> <Mlp= 2553.8158> <PB=1221.1> 
<DWph=2> <it= 51> <et=0.45> <Mt= 0.01> <Spt= 0.01> <nCl= 30> <al=0.54> <DB=-4475.8355> <Mlp= 2527.9991> <PB=1221.1> 
<DWph=2> <it= 52> <et=0.46> <Mt= 0.00> <Spt= 0.01> <nCl= 30> <al=0.58> <DB=-22191.3165> <Mlp= 2445.7734> <PB=1221.1> 
<DWph=2> <it= 53> <et=0.47> <Mt= 0.00> <Spt= 0.00> <nCl= 30> <al=0.63> <DB=-13860.4165> <Mlp= 2422.0670> <PB=1221.1> 
<DWph=2> <it= 54> <et=0.48> <Mt= 0.00> <Spt= 0.01> <nCl= 30> <al=0.66> <DB=-2521.0034> <Mlp= 2258.9525> <PB=1221.1> 
<DWph=2> <it= 55> <et=0.48> <Mt= 0.01> <Spt= 0.01> <nCl= 30> <al=0.70> <DB=-6547.8054> <Mlp= 2198.6262> <PB=1221.1> 
<DWph=2> <it= 56> <et=0.50> <Mt= 0.00> <Spt= 0.00> <nCl= 30> <al=0.73> <DB=-10144.7290> <Mlp= 2081.6719> <PB=1221.1> 
<DWph=2> <it= 57> <et=0.50> <Mt= 0.00> <Spt= 0.01> <nCl= 30> <al=0.75> <DB=-2149.9601> <Mlp= 2057.6768> <PB=1221.1> 
<DWph=2> <it= 58> <et=0.51> <Mt= 0.00> <Spt= 0.01> <nCl= 30> <al=0.78> <DB=-2452.6373> <Mlp= 2027.3875> <PB=1221.1> 
<DWph=2> <it= 59> <et=0.52> <Mt= 0.01> <Spt= 0.00> <nCl= 30> <al=0.80> <DB=-2939.3920> <Mlp= 1927.6207> <PB=1221.1> 
<DWph=2> <it= 60> <et=0.53> <Mt= 0.00> <Spt= 0.01> <nCl= 30> <al=0.82> <DB=-1473.4452> <Mlp= 1892.1346> <PB=1221.1> 
<DWph=2> <it= 61> <et=0.54> <Mt= 0.01> <Spt= 0.01> <nCl= 30> <al=0.72> <DB=-2759.1860> <Mlp= 1882.0371> <PB=1221.1> 
<DWph=2> <it= 62> <et=0.55> <Mt= 0.00> <Spt= 0.00> <nCl= 30> <al=0.75> <DB=-1441.8149> <Mlp= 1832.0090> <PB=1221.1> 
<DWph=2> <it= 63> <et=0.57> <Mt= 0.00> <Spt= 0.01> <nCl= 30> <al=0.65> <DB=-2368.5569> <Mlp= 1791.8261> <PB=1221.1> 
<DWph=2> <it= 64> <et=0.58> <Mt= 0.01> <Spt= 0.01> <nCl= 30> <al=0.68> <DB=-2455.9164> <Mlp= 1762.8170> <PB=1221.1> 
<DWph=2> <it= 65> <et=0.59> <Mt= 0.00> <Spt= 0.00> <nCl= 30> <al=0.72> <DB= -827.3511> <Mlp= 1753.8882> <PB=1221.1> 
<DWph=2> <it= 66> <et=0.60> <Mt= 0.00> <Spt= 0.01> <nCl= 30> <al=0.74> <DB=-2037.5345> <Mlp= 1731.0177> <PB=1221.1> 
<DWph=2> <it= 67> <et=0.61> <Mt= 0.01> <Spt= 0.01> <nCl= 30> <al=0.77> <DB=-1039.8782> <Mlp= 1639.0657> <PB=1221.1> 
<DWph=2> <it= 68> <et=0.62> <Mt= 0.00> <Spt= 0.00> <nCl= 30> <al=0.79> <DB= -848.0895> <Mlp= 1563.7211> <PB=1221.1> 
<DWph=2> <it= 69> <et=0.63> <Mt= 0.01> <Spt= 0.01> <nCl= 30> <al=0.81> <DB=  -14.4075> <Mlp= 1551.1154> <PB=1221.1> 
<DWph=2> <it= 70> <et=0.64> <Mt= 0.00> <Spt= 0.01> <nCl= 29> <al=0.83> <DB=  261.2085> <Mlp= 1530.4369> <PB=1221.1> 
<DWph=2> <it= 71> <et=0.65> <Mt= 0.00> <Spt= 0.00> <nCl= 30> <al=0.73> <DB= -724.8623> <Mlp= 1512.0947> <PB=1221.1> 
<DWph=2> <it= 72> <et=0.66> <Mt= 0.01> <Spt= 0.01> <nCl= 30> <al=0.76> <DB= -755.2527> <Mlp= 1488.0284> <PB=1221.1> 
<DWph=2> <it= 73> <et=0.67> <Mt= 0.00> <Spt= 0.01> <nCl= 30> <al=0.78> <DB=  606.9884> <Mlp= 1453.6987> <PB=1221.1> 
<DWph=2> <it= 74> <et=0.68> <Mt= 0.01> <Spt= 0.00> <nCl= 30> <al=0.80> <DB=  261.3313> <Mlp= 1421.5548> <PB=1221.1> 
<DWph=2> <it= 75> <et=0.69> <Mt= 0.00> <Spt= 0.01> <nCl= 27> <al=0.82> <DB=  573.1198> <Mlp= 1395.9972> <PB=1221.1> 
<DWph=2> <it= 76> <et=0.70> <Mt= 0.00> <Spt= 0.01> <nCl= 27> <al=0.84> <DB=  999.8688> <Mlp= 1363.3719> <PB=1221.1> 
<DWph=2> <it= 77> <et=0.71> <Mt= 0.01> <Spt= 0.00> <nCl= 30> <al=0.74> <DB=  313.8585> <Mlp= 1346.5434> <PB=1221.1> 
<DWph=2> <it= 78> <et=0.73> <Mt= 0.00> <Spt= 0.01> <nCl= 25> <al=0.77> <DB= 1028.8463> <Mlp= 1323.0006> <PB=1221.1> 
<DWph=2> <it= 79> <et=0.74> <Mt= 0.01> <Spt= 0.01> <nCl= 27> <al=0.79> <DB= 1017.6762> <Mlp= 1310.4439> <PB=1221.1> 
<DWph=2> <it= 80> <et=0.75> <Mt= 0.00> <Spt= 0.00> <nCl= 22> <al=0.81> <DB= 1088.7568> <Mlp= 1286.0309> <PB=1221.1> 
<DWph=2> <it= 81> <et=0.76> <Mt= 0.00> <Spt= 0.01> <nCl= 30> <al=0.71> <DB=  871.6339> <Mlp= 1269.8549> <PB=1221.1> 
<DWph=2> <it= 82> <et=0.77> <Mt= 0.01> <Spt= 0.01> <nCl= 30> <al=0.74> <DB=  649.0911> <Mlp= 1239.1846> <PB=1221.1> 
<DWph=2> <it= 83> <et=0.78> <Mt= 0.00> <Spt= 0.00> <nCl= 24> <al=0.77> <DB= 1117.9426> <Mlp= 1213.7774> <PB=1221.1> 
<DWph=2> <it= 84> <et=0.79> <Mt= 0.00> <Spt= 0.01> <nCl= 27> <al=0.67> <DB= 1040.3347> <Mlp= 1209.6935> <PB=1221.1> 
<DWph=2> <it= 85> <et=0.80> <Mt= 0.01> <Spt= 0.01> <nCl= 24> <al=0.70> <DB= 1102.6480> <Mlp= 1199.7168> <PB=1221.1> 
<DWph=2> <it= 86> <et=0.81> <Mt= 0.00> <Spt= 0.00> <nCl= 25> <al=0.60> <DB= 1133.0527> <Mlp= 1197.1189> <PB=1221.1> 
<DWph=2> <it= 87> <et=0.82> <Mt= 0.00> <Spt= 0.01> <nCl= 30> <al=0.50> <DB=  969.1073> <Mlp= 1190.5697> <PB=1221.1> 
<DWph=2> <it= 88> <et=0.83> <Mt= 0.01> <Spt= 0.00> <nCl= 29> <al=0.55> <DB= 1096.7171> <Mlp= 1184.1368> <PB=1221.1> 
<DWph=2> <it= 89> <et=0.83> <Mt= 0.00> <Spt= 0.01> <nCl= 25> <al=0.59> <DB= 1143.9650> <Mlp= 1181.9023> <PB=1221.1> 
<DWph=2> <it= 90> <et=0.84> <Mt= 0.00> <Spt= 0.01> <nCl= 29> <al=0.49> <DB= 1129.4236> <Mlp= 1178.9025> <PB=1221.1> 
<DWph=2> <it= 91> <et=0.85> <Mt= 0.00> <Spt= 0.00> <nCl= 17> <al=0.55> <DB= 1152.3338> <Mlp= 1178.2056> <PB=1221.1> 
<DWph=2> <it= 92> <et=0.86> <Mt= 0.00> <Spt= 0.01> <nCl= 17> <al=0.59> <DB= 1160.8495> <Mlp= 1178.1727> <PB=1221.1> 
<DWph=2> <it= 93> <et=0.87> <Mt= 0.01> <Spt= 0.01> <nCl= 18> <al=0.63> <DB= 1135.2362> <Mlp= 1177.2490> <PB=1221.1> 
<DWph=2> <it= 94> <et=0.88> <Mt= 0.00> <Spt= 0.00> <nCl= 13> <al=0.67> <DB= 1142.8502> <Mlp= 1177.0399> <PB=1221.1> 
<DWph=2> <it= 95> <et=0.88> <Mt= 0.00> <Spt= 0.01> <nCl= 13> <al=0.57> <DB= 1140.7500> <Mlp= 1176.6367> <PB=1221.1> 
<DWph=2> <it= 96> <et=0.89> <Mt= 0.00> <Spt= 0.01> <nCl= 13> <al=0.61> <DB= 1144.9393> <Mlp= 1175.0856> <PB=1221.1> 
<DWph=2> <it= 97> <et=0.90> <Mt= 0.00> <Spt= 0.00> <nCl=  9> <al=0.65> <DB= 1153.1537> <Mlp= 1175.0173> <PB=1221.1> 
<DWph=2> <it= 98> <et=0.91> <Mt= 0.00> <Spt= 0.01> <nCl=  2> <al=0.55> <DB= 1165.4967> <Mlp= 1174.9339> <PB=1221.1> 
<DWph=2> <it= 99> <et=0.92> <Mt= 0.01> <Spt= 0.01> <nCl= 17> <al=0.45> <DB= 1129.4114> <Mlp= 1174.8102> <PB=1221.1> 
<DWph=2> <it=100> <et=0.93> <Mt= 0.00> <Spt= 0.00> <nCl= 15> <al=0.51> <DB= 1154.3645> <Mlp= 1174.0441> <PB=1221.1> 
<DWph=2> <it=101> <et=0.93> <Mt= 0.00> <Spt= 0.01> <nCl=  8> <al=0.55> <DB= 1167.9538> <Mlp= 1172.4633> <PB=1221.1> 
<DWph=2> <it=102> <et=0.94> <Mt= 0.00> <Spt= 0.01> <nCl= 10> <al=0.45> <DB= 1158.5438> <Mlp= 1172.4486> <PB=1221.1> 
<DWph=2> <it=103> <et=0.96> <Mt= 0.00> <Spt= 0.01> <nCl= 14> <al=0.02> <DB= 1146.2716> <Mlp= 1172.2014> <PB=1221.1> 
<DWph=2> <it=104> <et=0.97> <Mt= 0.01> <Spt= 0.00> <nCl=  8> <al=0.41> <DB= 1142.7885> <Mlp= 1171.9078> <PB=1221.1> 
<DWph=2> <it=105> <et=0.97> <Mt= 0.00> <Spt= 0.01> <nCl=  5> <al=0.47> <DB= 1161.5462> <Mlp= 1171.0407> <PB=1221.1> 
<DWph=2> <it=106> <et=0.98> <Mt= 0.00> <Spt= 0.01> <nCl=  3> <al=0.37> <DB= 1144.2979> <Mlp= 1171.0319> <PB=1221.1> 
<DWph=2> <it=107> <et=0.99> <Mt= 0.00> <Spt= 0.01> <nCl= 12> <al=0.00> <DB= 1157.8770> <Mlp= 1171.0319> <PB=1221.1> 
<DWph=2> <it=108> <et=1.00> <Mt= 0.00> <Spt= 0.01> <nCl=  4> <al=0.33> <DB= 1170.6619> <Mlp= 1170.9986> <PB=1221.1> 
<DWph=2> <it=109> <et=1.02> <Mt= 0.00> <Spt= 0.01> <nCl= 12> <al=0.00> <DB= 1160.9976> <Mlp= 1170.9976> <PB=1221.1> 
<DWph=2> <it=110> <et=1.02> <Mt= 0.00> <Spt= 0.00> <nCl=  3> <al=0.30> <DB= 1151.8917> <Mlp= 1170.9856> <PB=1221.1> 
<DWph=2> <it=111> <et=1.04> <Mt= 0.00> <Spt= 0.02> <nCl=  8> <al=0.00> <DB= 1160.1158> <Mlp= 1170.8933> <PB=1221.1> 
<DWph=2> <it=112> <et=1.04> <Mt= 0.01> <Spt= 0.00> <nCl=  0> <al=0.27> <DB= 1160.1158> <Mlp= 1170.7903> <PB=1221.1> 
<DWph=1> <it=113> <et=1.05> <Mt= 0.00> <Spt= 0.01> <nCl= 26> <al=0.27> <DB= 1132.8072> <Mlp= 1170.7903> <PB=1221.1> 
<DWph=1> <it=114> <et=1.07> <Mt= 0.00> <Spt= 0.01> <nCl= 18> <al=0.34> <DB= 1133.8089> <Mlp= 1170.1954> <PB=1221.1> 
<DWph=1> <it=115> <et=1.08> <Mt= 0.00> <Spt= 0.02> <nCl=  7> <al=0.41> <DB= 1154.5595> <Mlp= 1168.8375> <PB=1221.1> 
<DWph=1> <it=116> <et=1.10> <Mt= 0.00> <Spt= 0.01> <nCl=  6> <al=0.31> <DB= 1157.0697> <Mlp= 1168.3821> <PB=1221.1> 
<DWph=1> <it=117> <et=1.11> <Mt= 0.00> <Spt= 0.01> <nCl=  8> <al=0.21> <DB= 1156.5123> <Mlp= 1168.1674> <PB=1221.1> 
<DWph=1> <it=118> <et=1.13> <Mt= 0.01> <Spt= 0.01> <nCl=  2> <al=0.29> <DB= 1164.1615> <Mlp= 1168.1093> <PB=1221.1> 
<DWph=1> <it=119> <et=1.15> <Mt= 0.00> <Spt= 0.03> <nCl= 12> <al=0.00> <DB= 1160.1898> <Mlp= 1168.1093> <PB=1221.1> 
<DWph=1> <it=120> <et=1.18> <Mt= 0.00> <Spt= 0.02> <nCl=  3> <al=0.00> <DB= 1168.0826> <Mlp= 1168.0826> <PB=1221.1> 
    RCSP exact solver info for graph G_1 : TT = 0.039128, pt = 1.7e-05, dt = 0.034406, ct = 0.004301, ndl = 7', bdl = 275', odl = 3', odf = 37', bsi = 1', cnt = 92', bdch = 3228', odch = 115', lcp = 91', #sols = 150
<DWph=0> <it=121> <et=1.22> <Mt= 0.00> <Spt= 0.05> <nCl=131> <al=0.16> <DB= 1128.4189> <Mlp= 1168.0826> <PB=1221.1> 
    RCSP exact solver info for graph G_1 : TT = 0.03072, pt = 4e-05, dt = 0.025945, ct = 0.004287, ndl = 7', bdl = 268', odl = 3', odf = 37', bsi = 1', cnt = 74', bdch = 3108', odch = 105', lcp = 84', #sols = 150
<DWph=0> <it=122> <et=1.26> <Mt= 0.00> <Spt= 0.03> <nCl= 77> <al=0.06> <DB= 1129.7078> <Mlp= 1167.1605> <PB=1221.1> 
    RCSP exact solver info for graph G_1 : TT = 0.030744, pt = 3.4e-05, dt = 0.025928, ct = 0.004336, ndl = 7', bdl = 270', odl = 3', odf = 37', bsi = 1', cnt = 76', bdch = 3136', odch = 106', lcp = 86', #sols = 150
<DWph=0> <it=123> <et=1.29> <Mt= 0.00> <Spt= 0.03> <nCl= 35> <al=0.15> <DB= 1160.4536> <Mlp= 1166.9957> <PB=1221.1> 
    RCSP exact solver info for graph G_1 : TT = 0.031047, pt = 3.4e-05, dt = 0.026214, ct = 0.004368, ndl = 7', bdl = 271', odl = 3', odf = 37', bsi = 1', cnt = 76', bdch = 3168', odch = 105', lcp = 86', #sols = 150
<DWph=0> <it=124> <et=1.33> <Mt= 0.00> <Spt= 0.04> <nCl= 23> <al=0.24> <DB= 1164.2071> <Mlp= 1166.9957> <PB=1221.1> 
    RCSP exact solver info for graph G_1 : TT = 0.030745, pt = 3.3e-05, dt = 0.025937, ct = 0.00435, ndl = 7', bdl = 270', odl = 3', odf = 37', bsi = 1', cnt = 76', bdch = 3153', odch = 105', lcp = 86', #sols = 150
    RCSP exact solver info for graph G_1 : TT = 0.030686, pt = 3e-05, dt = 0.025898, ct = 0.004353, ndl = 7', bdl = 270', odl = 3', odf = 37', bsi = 1', cnt = 78', bdch = 3157', odch = 106', lcp = 85', #sols = 150
<DWph=0> <it=125> <et=1.40> <Mt= 0.00> <Spt= 0.06> <nCl= 39> <al=0.00> <DB= 1166.9737> <Mlp= 1166.9737> <PB=1221.1> 
Dynamic params and stats :  aver.obdmd = 23.6962 aver.buck.num. = 26
@@ 1 0 1166.97 0.0317205 0.038707 86.149 1.4
Labels distribution in buckets (bucket size) : largest - 93, top 0.1% - 93, top 0.5% - 77, top 2% - 46, top 10% - 23, top 50% - 4
Reduced cost fixing for graph G_1... 79500 buck. arcs remain (62.3% from prev., 53.7% from max.) + 15974 jump buck. arcs (10.8% from max.)
 TT = 0.212845, pt = 0.020881, dt = 0.118786, ct = 0.072931, ndl = 35', bdl = 1081', odl = 6', odf = 141', lpcb = 943', cnt = 2117', bdch = 24181', odch = 1249', lcp = 797'
Labels distribution in buckets (bucket size) : largest - 114, top 0.1% - 114, top 0.5% - 80, top 2% - 50, top 10% - 25, top 50% - 4
Run forward enumeration with border = 50... not succeeded (ratio 0.962182) lpt = 0.009508, ndl = 12', dl = 0', lpcb = 17', dch = 7'
 TT = 0.012782, pt = 0.002071, dt = 0.009508, ct = 0, ndl = 12', bdl = 0', lpcb = 17', cnt = 71', bdch = 7', odch = 0', lcp = 0'
ColGenEvalAlg final dual bound: 1166.97 (rounded: 1167)
In total 22 RCC cut(s) are found by the connected components heuristic 
Shrinking heuristic shrunk 14 edges
In total 18 RCC cut(s) are found by the Fractional capacity min-cut heuristic 
In total 66 RCC cut(s) are found by the greedy construction heuristic 
----- Add fac. cuts : CAP(100), max.viol = 0.956376, aver.viol = 0.445532, sep/add took 0.0198169/0.0815026 sec. -----
3258 columns (3258 active), 100 dyn. constrs. (100 active), 256 art. vars. (256 active)
<DWph=2> <it=  1> <et=1.76> <Mt= 0.02> <Spt= 0.01> <nCl= 30> <al=0.50> <DB= -815.5480> <Mlp= 1268.6866> <PB=1221.1> 
<DWph=2> <it=  2> <et=1.80> <Mt= 0.04> <Spt= 0.01> <nCl= 30> <al=0.55> <DB= 1103.8134> <Mlp= 1253.3546> <PB=1221.1> 
<DWph=2> <it=  3> <et=1.83> <Mt= 0.02> <Spt= 0.01> <nCl= 19> <al=0.60> <DB= 1183.5036> <Mlp= 1243.2260> <PB=1221.1> 
<DWph=2> <it=  4> <et=1.86> <Mt= 0.02> <Spt= 0.01> <nCl= 30> <al=0.64> <DB=  105.4548> <Mlp= 1241.5957> <PB=1221.1> 
<DWph=2> <it=  5> <et=1.89> <Mt= 0.02> <Spt= 0.01> <nCl= 14> <al=0.67> <DB= 1184.7646> <Mlp= 1223.0858> <PB=1221.1> 
<DWph=2> <it=  6> <et=1.92> <Mt= 0.02> <Spt= 0.00> <nCl= 27> <al=0.70> <DB= 1158.0483> <Mlp= 1218.4740> <PB=1221.1> 
<DWph=2> <it=  7> <et=1.95> <Mt= 0.02> <Spt= 0.01> <nCl= 13> <al=0.73> <DB= 1202.4376> <Mlp= 1215.2801> <PB=1221.1> 
<DWph=2> <it=  8> <et=1.97> <Mt= 0.02> <Spt= 0.01> <nCl= 13> <al=0.76> <DB= 1203.7834> <Mlp= 1213.3795> <PB=1221.1> 
<DWph=2> <it=  9> <et=1.99> <Mt= 0.01> <Spt= 0.01> <nCl=  7> <al=0.78> <DB= 1205.9748> <Mlp= 1212.5467> <PB=1221.1> 
<DWph=2> <it= 10> <et=2.01> <Mt= 0.01> <Spt= 0.01> <nCl=  5> <al=0.68> <DB= 1196.2388> <Mlp= 1212.4098> <PB=1221.1> 
<DWph=2> <it= 11> <et=2.03> <Mt= 0.01> <Spt= 0.01> <nCl=  8> <al=0.43> <DB= 1209.5950> <Mlp= 1212.3549> <PB=1221.1> 
<DWph=2> <it= 12> <et=2.04> <Mt= 0.00> <Spt= 0.01> <nCl=  7> <al=0.62> <DB= 1206.5594> <Mlp= 1212.3518> <PB=1221.1> 
<DWph=2> <it= 13> <et=2.06> <Mt= 0.01> <Spt= 0.00> <nCl=  5> <al=0.65> <DB= 1210.5537> <Mlp= 1212.3260> <PB=1221.1> 
<DWph=2> <it= 14> <et=2.07> <Mt= 0.00> <Spt= 0.02> <nCl=  5> <al=0.11> <DB= 1212.1322> <Mlp= 1212.3260> <PB=1221.1> 
<DWph=2> <it= 15> <et=2.09> <Mt= 0.01> <Spt= 0.01> <nCl=  8> <al=0.00> <DB= 1212.3253> <Mlp= 1212.3253> <PB=1221.1> 
<DWph=1> <it= 16> <et=2.11> <Mt= 0.00> <Spt= 0.01> <nCl= 24> <al=0.35> <DB= 1187.4566> <Mlp= 1212.3253> <PB=1221.1> 
<DWph=1> <it= 17> <et=2.13> <Mt= 0.01> <Spt= 0.02> <nCl= 16> <al=0.25> <DB= 1175.2637> <Mlp= 1211.6697> <PB=1221.1> 
<DWph=1> <it= 18> <et=2.15> <Mt= 0.01> <Spt= 0.01> <nCl= 10> <al=0.33> <DB= 1195.7940> <Mlp= 1211.3649> <PB=1221.1> 
<DWph=1> <it= 19> <et=2.17> <Mt= 0.01> <Spt= 0.01> <nCl= 10> <al=0.40> <DB= 1191.6151> <Mlp= 1211.3389> <PB=1221.1> 
<DWph=1> <it= 20> <et=2.19> <Mt= 0.00> <Spt= 0.01> <nCl=  6> <al=0.30> <DB= 1205.4525> <Mlp= 1211.1689> <PB=1221.1> 
<DWph=1> <it= 21> <et=2.21> <Mt= 0.01> <Spt= 0.01> <nCl=  6> <al=0.37> <DB= 1204.4702> <Mlp= 1211.0571> <PB=1221.1> 
<DWph=1> <it= 22> <et=2.23> <Mt= 0.01> <Spt= 0.01> <nCl=  3> <al=0.43> <DB= 1204.2576> <Mlp= 1211.0493> <PB=1221.1> 
<DWph=1> <it= 23> <et=2.24> <Mt= 0.00> <Spt= 0.02> <nCl=  3> <al=0.49> <DB= 1208.7162> <Mlp= 1211.0493> <PB=1221.1> 
<DWph=1> <it= 24> <et=2.26> <Mt= 0.01> <Spt= 0.01> <nCl=  2> <al=0.39> <DB= 1207.1582> <Mlp= 1211.0469> <PB=1221.1> 
<DWph=1> <it= 25> <et=2.29> <Mt= 0.00> <Spt= 0.02> <nCl=  8> <al=0.00> <DB= 1208.1514> <Mlp= 1211.0458> <PB=1221.1> 
<DWph=1> <it= 26> <et=2.31> <Mt= 0.01> <Spt= 0.02> <nCl=  3> <al=0.00> <DB= 1201.0458> <Mlp= 1211.0458> <PB=1221.1> 
<DWph=1> <it= 27> <et=2.34> <Mt= 0.00> <Spt= 0.02> <nCl=  1> <al=0.00> <DB= 1211.0458> <Mlp= 1211.0458> <PB=1221.1> 
    RCSP exact solver info for graph G_1 : TT = 0.018039, pt = 2.1e-05, dt = 0.014488, ct = 0.003119, ndl = 5', bdl = 121', odl = 3', odf = 29', bsi = 1', cnt = 29', bdch = 1135', odch = 54', lcp = 53', #sols = 150
<DWph=0> <it= 28> <et=2.37> <Mt= 0.00> <Spt= 0.03> <nCl=116> <al=0.15> <DB= 1185.6355> <Mlp= 1211.0458> <PB=1221.1> 
    RCSP exact solver info for graph G_1 : TT = 0.02069, pt = 4.4e-05, dt = 0.016624, ct = 0.003533, ndl = 6', bdl = 136', odl = 3', odf = 31', bsi = 1', cnt = 42', bdch = 1409', odch = 69', lcp = 64', #sols = 150
<DWph=0> <it= 29> <et=2.41> <Mt= 0.02> <Spt= 0.03> <nCl= 62> <al=0.23> <DB= 1194.1487> <Mlp= 1209.9420> <PB=1221.1> 
    RCSP exact solver info for graph G_1 : TT = 0.02027, pt = 5e-05, dt = 0.016246, ct = 0.00348, ndl = 6', bdl = 135', odl = 3', odf = 30', bsi = 1', cnt = 40', bdch = 1369', odch = 65', lcp = 60', #sols = 150
<DWph=0> <it= 30> <et=2.45> <Mt= 0.01> <Spt= 0.02> <nCl= 32> <al=0.13> <DB= 1201.1853> <Mlp= 1209.4082> <PB=1221.1> 
    RCSP exact solver info for graph G_1 : TT = 0.020295, pt = 3.9e-05, dt = 0.016292, ct = 0.003499, ndl = 6', bdl = 136', odl = 3', odf = 30', bsi = 1', cnt = 41', bdch = 1374', odch = 66', lcp = 62', #sols = 150
<DWph=0> <it= 31> <et=2.48> <Mt= 0.01> <Spt= 0.03> <nCl= 26> <al=0.22> <DB= 1207.5142> <Mlp= 1209.3004> <PB=1221.1> 
    RCSP exact solver info for graph G_1 : TT = 0.020089, pt = 3.9e-05, dt = 0.016104, ct = 0.003474, ndl = 6', bdl = 134', odl = 3', odf = 30', bsi = 1', cnt = 41', bdch = 1347', odch = 65', lcp = 61', #sols = 150
<DWph=0> <it= 32> <et=2.51> <Mt= 0.01> <Spt= 0.02> <nCl= 14> <al=0.12> <DB= 1207.9603> <Mlp= 1209.2988> <PB=1221.1> 
    RCSP exact solver info for graph G_1 : TT = 0.020102, pt = 3.7e-05, dt = 0.016113, ct = 0.003493, ndl = 6', bdl = 134', odl = 3', odf = 30', bsi = 1', cnt = 41', bdch = 1353', odch = 65', lcp = 61', #sols = 150
    RCSP exact solver info for graph G_1 : TT = 0.01985, pt = 3.1e-05, dt = 0.015939, ct = 0.003455, ndl = 6', bdl = 133', odl = 3', odf = 30', bsi = 1', cnt = 40', bdch = 1338', odch = 64', lcp = 60', #sols = 150
<DWph=0> <it= 33> <et=2.57> <Mt= 0.00> <Spt= 0.05> <nCl= 30> <al=0.00> <DB= 1209.2988> <Mlp= 1209.2988> <PB=1221.1> 
Dynamic params and stats :  aver.obdmd = 23.6962 aver.buck.num. = 26
@@ 1 1 1209.3 0.0194084 0.020157 53.6626 2.57
Labels distribution in buckets (bucket size) : largest - 55, top 0.1% - 55, top 0.5% - 50, top 2% - 34, top 10% - 18, top 50% - 3
Reduced cost fixing for graph G_1... 27454 buck. arcs remain (34.5% from prev., 18.5% from max.) + 13820 jump buck. arcs (9.33% from max.)
 TT = 0.071684, pt = 0.011761, dt = 0.030715, ct = 0.028972, ndl = 24', bdl = 342', odl = 4', odf = 91', lpcb = 714', cnt = 495', bdch = 4316', odch = 313', lcp = 335'
Labels distribution in buckets (bucket size) : largest - 58, top 0.1% - 58, top 0.5% - 51, top 2% - 38, top 10% - 20, top 50% - 3
Run forward enumeration with border = 50... succeeded! lpt = 0.598409, ndl = 134', dl = 130', lpcb = 3569', dch = 1117'
Run enumeration concatenation with time limit 0.58275 sec.... time limit reached, not succeeded.
Sorting and storing enumerated solutions ...  TT = 1.34627, pt = 0, dt = 0.598409, ct = 0.585239, ndl = 134', bdl = 130', lpcb = 3569', cnt = 4124', bdch = 1117', odch = 0', lcp = 0'
ColGenEvalAlg final dual bound: 1209.3 (rounded: 1210)
Gap improvement since the last cut separation : 0.781969 (1166.97)
Current active cuts : CAP(15,1428.37)
In total 1 RCC cut(s) are found by the connected components heuristic 
Shrinking heuristic shrunk 12 edges
In total 18 RCC cut(s) are found by the Fractional capacity min-cut heuristic 
In total 57 RCC cut(s) are found by the greedy construction heuristic 
In total 5 RCC cut(s) are found by the global pool greedy search heuristic 
----- Add fac. cuts : CAP(81), max.viol = 0.573418, aver.viol = 0.173288, sep/add took 0.0300125/0.178068 sec. -----
3851 columns (3851 active), 181 dyn. constrs. (97 active), 337 art. vars. (253 active)
<DWph=2> <it=  1> <et=4.28> <Mt= 0.07> <Spt= 0.01> <nCl= 20> <al=0.50> <DB= 1190.7823> <Mlp= 1220.1674> <PB=1221.1> 
<DWph=2> <it=  2> <et=4.33> <Mt= 0.04> <Spt= 0.01> <nCl= 12> <al=0.55> <DB= 1199.2456> <Mlp= 1218.4488> <PB=1221.1> 
<DWph=2> <it=  3> <et=4.37> <Mt= 0.03> <Spt= 0.01> <nCl=  5> <al=0.60> <DB= 1212.6645> <Mlp= 1217.6092> <PB=1221.1> 
<DWph=2> <it=  4> <et=4.39> <Mt= 0.02> <Spt= 0.01> <nCl= 10> <al=0.64> <DB= 1194.2797> <Mlp= 1217.5236> <PB=1221.1> 
<DWph=2> <it=  5> <et=4.43> <Mt= 0.02> <Spt= 0.01> <nCl= 15> <al=0.34> <DB= 1202.2675> <Mlp= 1217.0138> <PB=1221.1> 
<DWph=2> <it=  6> <et=4.45> <Mt= 0.01> <Spt= 0.01> <nCl=  4> <al=0.57> <DB= 1211.4804> <Mlp= 1216.8848> <PB=1221.1> 
<DWph=2> <it=  7> <et=4.48> <Mt= 0.02> <Spt= 0.01> <nCl=  6> <al=0.61> <DB= 1211.5964> <Mlp= 1216.7750> <PB=1221.1> 
<DWph=2> <it=  8> <et=4.51> <Mt= 0.01> <Spt= 0.01> <nCl= 10> <al=0.31> <DB= 1209.5862> <Mlp= 1216.7485> <PB=1221.1> 
<DWph=2> <it=  9> <et=4.53> <Mt= 0.02> <Spt= 0.01> <nCl=  3> <al=0.55> <DB= 1215.7009> <Mlp= 1216.5535> <PB=1221.1> 
<DWph=2> <it= 10> <et=4.55> <Mt= 0.01> <Spt= 0.01> <nCl=  5> <al=0.60> <DB= 1216.0268> <Mlp= 1216.5114> <PB=1221.1> 
<DWph=2> <it= 11> <et=4.57> <Mt= 0.01> <Spt= 0.01> <nCl=  8> <al=0.28> <DB= 1215.8159> <Mlp= 1216.5064> <PB=1221.1> 
<DWph=2> <it= 12> <et=4.60> <Mt= 0.01> <Spt= 0.02> <nCl= 13> <al=0.00> <DB= 1210.1635> <Mlp= 1216.4955> <PB=1221.1> 
<DWph=2> <it= 13> <et=4.62> <Mt= 0.01> <Spt= 0.01> <nCl=  0> <al=0.00> <DB= 1216.4955> <Mlp= 1216.4955> <PB=1221.1> 
<DWph=1> <it= 14> <et=4.64> <Mt= 0.00> <Spt= 0.01> <nCl= 16> <al=0.34> <DB= 1094.1597> <Mlp= 1216.4955> <PB=1221.1> 
<DWph=1> <it= 15> <et=4.66> <Mt= 0.01> <Spt= 0.01> <nCl=  7> <al=0.24> <DB= 1204.9858> <Mlp= 1216.2908> <PB=1221.1> 
<DWph=1> <it= 16> <et=4.68> <Mt= 0.02> <Spt= 0.01> <nCl=  4> <al=0.14> <DB= 1205.7363> <Mlp= 1216.1402> <PB=1221.1> 
<DWph=1> <it= 17> <et=4.71> <Mt= 0.01> <Spt= 0.01> <nCl=  9> <al=0.04> <DB= 1206.1545> <Mlp= 1215.9746> <PB=1221.1> 
<DWph=1> <it= 18> <et=4.74> <Mt= 0.02> <Spt= 0.01> <nCl=  2> <al=0.13> <DB= 1213.7599> <Mlp= 1215.8701> <PB=1221.1> 
<DWph=1> <it= 19> <et=4.76> <Mt= 0.01> <Spt= 0.02> <nCl=  9> <al=0.00> <DB= 1215.8701> <Mlp= 1215.8701> <PB=1221.1> 
    RCSP exact solver info for graph G_1 : TT = 0.00982, pt = 2.7e-05, dt = 0.007686, ct = 0.001658, ndl = 5', bdl = 36', odl = 3', odf = 24', bsi = 1', cnt = 25', bdch = 386', odch = 43', lcp = 44', #sols = 150
<DWph=0> <it= 20> <et=4.79> <Mt= 0.00> <Spt= 0.02> <nCl= 71> <al=0.00> <DB= 1205.8701> <Mlp= 1215.8701> <PB=1221.1> 
    RCSP exact solver info for graph G_1 : TT = 0.009552, pt = 6.1e-05, dt = 0.007488, ct = 0.001516, ndl = 4', bdl = 31', odl = 3', odf = 23', bsi = 1', cnt = 17', bdch = 320', odch = 37', lcp = 40', #sols = 150
<DWph=0> <it= 21> <et=4.82> <Mt= 0.02> <Spt= 0.02> <nCl= 31> <al=0.00> <DB= 1215.7697> <Mlp= 1215.7697> <PB=1221.1> 
Dynamic params and stats :  aver.obdmd = 23.6962 aver.buck.num. = 26
@@ 1 2 1215.77 0.009174 0.009344 18.5315 4.82
Labels distribution in buckets (bucket size) : largest - 39, top 0.1% - 39, top 0.5% - 34, top 2% - 25, top 10% - 14, top 50% - 3
Reduced cost fixing for graph G_1... 15697 buck. arcs remain (57.2% from prev., 10.6% from max.) + 9040 jump buck. arcs (6.1% from max.)
 TT = 0.033907, pt = 0.00437, dt = 0.012444, ct = 0.016769, ndl = 16', bdl = 113', odl = 3', odf = 61', lpcb = 194', cnt = 183', bdch = 952', odch = 155', lcp = 144'
Labels distribution in buckets (bucket size) : largest - 42, top 0.1% - 42, top 0.5% - 38, top 2% - 27, top 10% - 15, top 50% - 3
Run forward enumeration with border = 50... succeeded! lpt = 0.053562, ndl = 20', dl = 9', lpcb = 284', dch = 60'
Run enumeration concatenation with time limit 0.3 sec.... succeeded!
Sorting and storing enumerated solutions ... done!
 TT = 0.108083, pt = 0, dt = 0.053562, ct = 0.023551, ndl = 20', bdl = 9', lpcb = 284', cnt = 399', bdch = 60', odch = 0', lcp = 0'
Enumeration succeeded!, number of elem. solutions is 16735
Estimating inspection time...     TT = 0.001557, performed by inspection with 16735 solutions, nbR1C = 0, nbDiscC = 0
Inspection time is low enough. Pricing will be done by inspection.
Added 1168 columns in the formulation 
Removed 2943 columns (not in the enumerated set) from the formulation
Regenerated 1168 columns with the 'enumerated' flag
<DWph=2> <it= 22> <et=5.11> <Mt= 0.02> <Spt= 0.01> <nCl=  0> <al=0.00> <DB= 1216.9249> <Mlp= 1216.9249> <PB=1221.1> 
<DWph=1> <it= 23> <et=5.12> <Mt= 0.00> <Spt= 0.01> <nCl=  0> <al=0.00> <DB= 1216.9249> <Mlp= 1216.9249> <PB=1221.1> 
    TT = 0.000735, performed by inspection with 16735 solutions, nbR1C = 0, nbDiscC = 0
<DWph=0> <it= 24> <et=5.13> <Mt= 0.01> <Spt= 0.01> <nCl=150> <al=0.30> <DB= 1188.6731> <Mlp= 1216.9249> <PB=1221.1> 
    TT = 0.000735, performed by inspection with 16735 solutions, nbR1C = 0, nbDiscC = 0
<DWph=0> <it= 25> <et=5.15> <Mt= 0.00> <Spt= 0.01> <nCl= 42> <al=0.37> <DB= 1206.1997> <Mlp= 1216.4931> <PB=1221.1> 
    TT = 0.000701, performed by inspection with 16735 solutions, nbR1C = 0, nbDiscC = 0
    TT = 0.000673, performed by inspection with 16735 solutions, nbR1C = 0, nbDiscC = 0
<DWph=0> <it= 26> <et=5.17> <Mt= 0.01> <Spt= 0.01> <nCl= 10> <al=0.00> <DB= 1216.4671> <Mlp= 1216.4671> <PB=1221.1> 
Dynamic params and stats :  aver.obdmd = 23.6962 aver.buck.num. = 26
@@ 1 2 1216.47 0.000711 0.000735 0 5.17
Reduced cost fixing for graph G_1...  took 0 sec., done by inspection with 16735 solutions, remains 8649 (51.7%)
Removed 89 columns (not in the enumerated set) from the formulation
ColGenEvalAlg final dual bound: 1216.47 (rounded: 1217)
Gap improvement since the last cut separation : 0.607425 (1209.3)
Current active cuts : CAP(21,1700.72)
Shrinking heuristic shrunk 13 edges
In total 5 RCC cut(s) are found by the Fractional capacity min-cut heuristic 
In total 2 RCC cut(s) are found by the greedy construction heuristic 
In total 4 RCC cut(s) are found by the global pool greedy search heuristic 
----- Add fac. cuts : CAP(11), max.viol = 0.17724, aver.viol = 0.0775751, sep/add took 0.024275/0.0102122 sec. -----
5132 columns (1281 active), 108 dyn. constrs. (34 active), 348 art. vars. (190 active)
<DWph=2> <it=  1> <et=5.27> <Mt= 0.00> <Spt= 0.01> <nCl=  0> <al=0.00> <DB= 1216.7500> <Mlp= 1216.7500> <PB=1221.1> 
<DWph=1> <it=  2> <et=5.27> <Mt= 0.01> <Spt= 0.00> <nCl=  0> <al=0.00> <DB= 1216.7500> <Mlp= 1216.7500> <PB=1221.1> 
    TT = 0.000494, performed by inspection with 8649 solutions, nbR1C = 0, nbDiscC = 0
<DWph=0> <it=  3> <et=5.28> <Mt= 0.00> <Spt= 0.00> <nCl= 33> <al=0.30> <DB= 1211.7500> <Mlp= 1216.7500> <PB=1221.1> 
    TT = 0.000468, performed by inspection with 8649 solutions, nbR1C = 0, nbDiscC = 0
    TT = 0.000445, performed by inspection with 8649 solutions, nbR1C = 0, nbDiscC = 0
<DWph=0> <it=  4> <et=5.29> <Mt= 0.00> <Spt= 0.01> <nCl=  0> <al=0.00> <DB= 1216.7500> <Mlp= 1216.7500> <PB=1221.1> 
Dynamic params and stats :  aver.obdmd = 23.6962 aver.buck.num. = 26
@@ 1 3 1216.75 0.000469 0.000494 0 5.29
Reduced cost fixing for graph G_1...  took 0 sec., done by inspection with 8649 solutions, remains 6820 (78.9%)
Removed 32 columns (not in the enumerated set) from the formulation
    Full reduced cost fixing is not called (gap ratio is 0.937595)
ColGenEvalAlg final dual bound: 1216.75 (rounded: 1217)
Gap improvement since the last cut separation : 0.0610576 (1216.47)
Current active cuts : CAP(22,1747.04)
Shrinking heuristic shrunk 38 edges
50 Rank-1 3-rows pack. cuts added ,  max viol. = 0.5, aver. viol. = 0.44
Building structures for heuristic rank-1 packing cut separation...done!
100 Rank-1 4-rows pack. cuts added ,  max viol. = 0.5, aver. viol. = 0.4275
----- Add fac. cuts : R1C(150), max.viol = 0.5, aver.viol = 0.431667, sep/add took 0.0233084/0.0302031 sec. -----
1314 columns (1282 active), 184 dyn. constrs. (173 active), 498 art. vars. (329 active)
<DWph=2> <it=  1> <et=5.49> <Mt= 0.01> <Spt= 0.00> <nCl=  0> <al=0.00> <DB= 1220.5838> <Mlp= 1220.5838> <PB=1221.1> 
<DWph=1> <it=  2> <et=5.49> <Mt= 0.00> <Spt= 0.01> <nCl=  0> <al=0.00> <DB= 1220.5838> <Mlp= 1220.5838> <PB=1221.1> 
    TT = 0.000918, performed by inspection with 6820 solutions, nbR1C = 18, nbDiscC = 0
<DWph=0> <it=  3> <et=5.50> <Mt= 0.00> <Spt= 0.01> <nCl=150> <al=0.30> <DB= 1192.1035> <Mlp= 1220.5838> <PB=1221.1> 
    TT = 0.000982, performed by inspection with 6820 solutions, nbR1C = 29, nbDiscC = 0
<DWph=0> <it=  4> <et=5.52> <Mt= 0.01> <Spt= 0.00> <nCl=  8> <al=0.37> <DB= 1209.4974> <Mlp= 1219.7128> <PB=1221.1> 
    TT = 0.000918, performed by inspection with 6820 solutions, nbR1C = 32, nbDiscC = 0
<DWph=0> <it=  5> <et=5.52> <Mt= 0.01> <Spt= 0.01> <nCl=  9> <al=0.27> <DB= 1216.9461> <Mlp= 1219.7011> <PB=1221.1> 
    TT = 0.000892, performed by inspection with 6820 solutions, nbR1C = 32, nbDiscC = 0
    TT = 0.000831, performed by inspection with 6820 solutions, nbR1C = 26, nbDiscC = 0
<DWph=0> <it=  6> <et=5.53> <Mt= 0.00> <Spt= 0.01> <nCl= 14> <al=0.00> <DB= 1219.6982> <Mlp= 1219.6982> <PB=1221.1> 
Dynamic params and stats :  aver.obdmd = 23.6962 aver.buck.num. = 26 nbR1C = 26 with avMem = 0
@@ 1 4 1219.7 0.0009082 0.000982 0 5.53
Reduced cost fixing for graph G_1...  took 0 sec., done by inspection with 6820 solutions, remains 737 (10.8%)
Removed 671 columns (not in the enumerated set) from the formulation
ColGenEvalAlg final dual bound: 1219.7 (rounded: 1220)
Gap improvement since the last cut separation : 0.677758 (1216.75)
Current active cuts : CAP(21,1827.54) R1C(26,15.6279) 3rowPackR1C(12) 4rowPackR1C(14)
Shrinking heuristic shrunk 7 edges
In total 5 RCC cut(s) are found by the Fractional capacity min-cut heuristic 
In total 10 RCC cut(s) are found by the greedy construction heuristic 
In total 5 RCC cut(s) are found by the global pool greedy search heuristic 
150 Rank-1 3-rows pack. cuts added ,  max viol. = 0.326749, aver. viol. = 0.145197
Building structures for heuristic rank-1 packing cut separation...done!
100 Rank-1 4-rows pack. cuts added ,  max viol. = 0.415792, aver. viol. = 0.211474
----- Add fac. cuts : CAP(20) R1C(250), max.viol = 0.415792, aver.viol = 0.163279, sep/add took 0.0866331/0.0432243 sec. -----
1436 columns (792 active), 443 dyn. constrs. (323 active), 768 art. vars. (479 active)
<DWph=2> <it=  1> <et=5.70> <Mt= 0.01> <Spt= 0.00> <nCl=  0> <al=0.00> <DB= 1221.0000> <Mlp= 1221.0000> <PB=1221> 
<DWph=1> <it=  2> <et=5.70> <Mt= 0.00> <Spt= 0.00> <nCl=  0> <al=0.00> <DB= 1221.0000> <Mlp= 1221.0000> <PB=1221> 
    TT = 0.000246, performed by inspection with 737 solutions, nbR1C = 46, nbDiscC = 0
<DWph=0> <it=  3> <et=5.71> <Mt= 0.00> <Spt= 0.01> <nCl= 17> <al=0.30> <DB= 1211.0000> <Mlp= 1221.0000> <PB=1221> 
    TT = 0.000253, performed by inspection with 737 solutions, nbR1C = 74, nbDiscC = 0
<DWph=0> <it=  4> <et=5.73> <Mt= 0.02> <Spt= 0.00> <nCl=  5> <al=0.37> <DB= 1217.3000> <Mlp= 1221.0000> <PB=1221> 
    TT = 0.000233, performed by inspection with 737 solutions, nbR1C = 79, nbDiscC = 0
    TT = 0.000202, performed by inspection with 737 solutions, nbR1C = 63, nbDiscC = 0
<DWph=0> <it=  5> <et=5.74> <Mt= 0.01> <Spt= 0.01> <nCl=  5> <al=0.00> <DB= 1221.0000> <Mlp= 1221.0000> <PB=1221> 
Dynamic params and stats :  aver.obdmd = 23.6962 aver.buck.num. = 26 nbR1C = 63 with avMem = 0
@@ 1 5 1221 0.0002335 0.000253 0 5.74
ColGenEvalAlg final dual bound: 1221 (rounded: 1221)
Gap improvement since the last cut separation : 1 (1219.7)
Current active cuts : CAP(25,1823.42) R1C(63,30.6719) 3rowPackR1C(41) 4rowPackR1C(22)
New model incumbent solution 1221, TIME = 0h0m5s76t = 576
************************************************************************************************
Search is finished, global bounds : [ 1221 , 1221 ], TIME = 0h0m5s76t = 576
************************************************************************************************
1221.0
[[10, 41, 14, 36, 4, 59, 35, 55, 33, 19, 9], [5, 30, 70, 29, 37, 65], [28, 74, 48, 13, 39, 61, 50], [11, 64, 40, 53, 68, 18, 25, 42], [1, 24, 52, 21, 43, 67, 69, 58, 38], [8, 71, 22, 31, 73, 76, 32, 7, 57, 47], [75, 3, 20, 54, 62, 6, 60, 66, 16], [17, 72, 56, 27, 49, 63, 2], [26, 44, 23, 77], [51, 45, 46, 34, 12, 15]]
Built-in heuristic is enabled
instance_name solver_name ext_heuristic solution_value solution_time best_lb root_lb root_time nb_branch_and_bound_nodes status
/home/logis/Downloads/VRPSolverEasy/VRPSolverEasy/demos/data/CVRP/B-n78-k10 CLP True 1220.9999999999727 5.761757415 1221.0 1221.0 5.761094114 1 0

