Time resource is critical for vehicle type 1 (21,0)
Capacity resource will be imposed in pricing (0.504524)
Node memory for rank-1 cuts will be used (6.7619)
~~~~~~~~~~~~~~~~~~~~~~~~~~~~~~~~~~~~~~~~~~~~~~~~~~~~~~~~~~~~~~~~~~~~~~~~~~~~~~~~~~~~~
VRPSolver v0.5.27, 24/02/2023, © Inria Bordeaux, France, vrpsolver.math.u-bordeaux.fr
      Corresponds to the solver by Pessoa, Sadykov, Uchoa and Vanderbeck (2020)
                 Paper: dx.doi.org/10.1007/s10107-020-01523-z
~~~~~~~~~~~~~~~~~~~~~~~~~~~~~~~~~~~~~~~~~~~~~~~~~~~~~~~~~~~~~~~~~~~~~~~~~~~~~~~~~~~~~
   BaPCod v0.77, 15/03/2023, © Inria Bordeaux, France, bapcod.math.u-bordeaux.fr 
           THIS CODE IS PROVIDED AS IS, USE IT AT YOUR OWN RISK
~~~~~~~~~~~~~~~~~~~~~~~~~~~~~~~~~~~~~~~~~~~~~~~~~~~~~~~~~~~~~~~~~~~~~~~~~~~~~~~~~~~~~
Bucket steps were recalculated for graph G_1 : [46.0001, 40]
RCSP solver info : non-symmetric case as the resource 0 consumption for the reverse arc of 0->100 is not the same : 24 against 34
Bidirectional border value is initialised to 100.4
RCSP solver info : number of forw. reachable buckets / buck. strongly connected components is 2366( 98.5833% ) / 671( 28.3601% )
RCSP solver info : number of back. reachable buckets / buck. strongly connected components is 2371( 98.7917% ) / 671( 28.3003% )
Generating neighbourhoods for rank-1 cuts separation
Building structures for 4- and 5-row rank-1 packing cut separation...done!
Model is built TIME = 0h0m0s9t = 9
************************************************************************************************
**** BaB tree root node
**** Local DB = -1e+12, global bounds : [ -1e+12 , 976.2 ], TIME = 0h0m0s9t = 9
**** 1 open nodes, 0 columns (0 active), 0 dyn. constrs. (0 active), 202 art. vars. (202 active)
************************************************************************************************
#<DWph=2> <it=  1> <et=0.10> <Mt= 0.00> <Spt= 0.00> <nCl= 30> <al=0.00> <DB=-583560.0000> <Mlp=243659.5200> <PB=976.2> 
#<DWph=2> <it=  2> <et=0.11> <Mt= 0.00> <Spt= 0.01> <nCl= 30> <al=0.55> <DB=-439724.1420> <Mlp=198246.7600> <PB=976.2> 
#<DWph=2> <it=  3> <et=0.12> <Mt= 0.00> <Spt= 0.01> <nCl= 30> <al=0.45> <DB=-528287.3249> <Mlp=146928.4000> <PB=976.2> 
#<DWph=2> <it=  4> <et=0.12> <Mt= 0.00> <Spt= 0.00> <nCl= 30> <al=0.51> <DB=-466662.3324> <Mlp=117775.0500> <PB=976.2> 
#<DWph=2> <it=  5> <et=0.13> <Mt= 0.00> <Spt= 0.01> <nCl= 30> <al=0.55> <DB=-427106.9215> <Mlp=92006.2371> <PB=976.2> 
#<DWph=2> <it=  6> <et=0.14> <Mt= 0.00> <Spt= 0.01> <nCl= 30> <al=0.60> <DB=-398116.6805> <Mlp=79777.2908> <PB=976.2> 
#<DWph=2> <it=  7> <et=0.15> <Mt= 0.00> <Spt= 0.01> <nCl= 30> <al=0.64> <DB=-462893.5331> <Mlp=64967.2204> <PB=976.2> 
#<DWph=2> <it=  8> <et=0.16> <Mt= 0.00> <Spt= 0.00> <nCl= 30> <al=0.68> <DB=-442739.9776> <Mlp=58123.2488> <PB=976.2> 
#<DWph=2> <it=  9> <et=0.17> <Mt= 0.00> <Spt= 0.01> <nCl= 30> <al=0.71> <DB=-374261.8471> <Mlp=34270.8797> <PB=976.2> 
#<DWph=2> <it= 10> <et=0.17> <Mt= 0.00> <Spt= 0.01> <nCl= 30> <al=0.61> <DB=-350477.7943> <Mlp=28947.0266> <PB=976.2> 
#<DWph=2> <it= 11> <et=0.18> <Mt= 0.00> <Spt= 0.00> <nCl= 30> <al=0.65> <DB=-319433.1674> <Mlp=21367.6444> <PB=976.2> 
#<DWph=2> <it= 12> <et=0.19> <Mt= 0.01> <Spt= 0.01> <nCl= 30> <al=0.68> <DB=-277674.0758> <Mlp=14153.8672> <PB=976.2> 
#<DWph=2> <it= 13> <et=0.20> <Mt= 0.00> <Spt= 0.01> <nCl= 30> <al=0.71> <DB=-261455.3028> <Mlp=10202.2289> <PB=976.2> 
#<DWph=2> <it= 14> <et=0.21> <Mt= 0.00> <Spt= 0.00> <nCl= 30> <al=0.74> <DB=-211304.9723> <Mlp= 6843.9226> <PB=976.2> 
#<DWph=2> <it= 15> <et=0.22> <Mt= 0.00> <Spt= 0.01> <nCl= 30> <al=0.64> <DB=-190329.4593> <Mlp= 5367.5704> <PB=976.2> 
#<DWph=2> <it= 16> <et=0.23> <Mt= 0.01> <Spt= 0.01> <nCl= 30> <al=0.68> <DB=-159107.8302> <Mlp= 4186.3464> <PB=976.2> 
#<DWph=2> <it= 17> <et=0.24> <Mt= 0.00> <Spt= 0.01> <nCl= 30> <al=0.71> <DB=-141900.3809> <Mlp= 3235.6426> <PB=976.2> 
#<DWph=2> <it= 18> <et=0.25> <Mt= 0.00> <Spt= 0.00> <nCl= 30> <al=0.61> <DB=-125334.8047> <Mlp= 2492.3399> <PB=976.2> 
#<DWph=2> <it= 19> <et=0.26> <Mt= 0.01> <Spt= 0.01> <nCl= 30> <al=0.51> <DB=-124930.0337> <Mlp= 1845.0592> <PB=976.2> 
#<DWph=2> <it= 20> <et=0.27> <Mt= 0.00> <Spt= 0.01> <nCl= 30> <al=0.41> <DB=-83360.8836> <Mlp= 1468.7586> <PB=976.2> 
<DWph=2> <it= 21> <et=0.28> <Mt= 0.00> <Spt= 0.00> <nCl= 30> <al=0.31> <DB=-62075.9649> <Mlp= 1238.6492> <PB=976.2> 
<DWph=2> <it= 22> <et=0.29> <Mt= 0.00> <Spt= 0.01> <nCl= 30> <al=0.21> <DB=-12560.4907> <Mlp= 1238.6492> <PB=976.2> 
<DWph=2> <it= 23> <et=0.30> <Mt= 0.01> <Spt= 0.01> <nCl= 30> <al=0.11> <DB=-2143.2062> <Mlp= 1238.6492> <PB=976.2> 
<DWph=2> <it= 24> <et=0.31> <Mt= 0.00> <Spt= 0.00> <nCl= 30> <al=0.01> <DB=-1372.2340> <Mlp= 1232.6813> <PB=976.2> 
<DWph=2> <it= 25> <et=0.32> <Mt= 0.00> <Spt= 0.01> <nCl= 30> <al=0.11> <DB=-1165.5479> <Mlp= 1218.8349> <PB=976.2> 
<DWph=2> <it= 26> <et=0.33> <Mt= 0.00> <Spt= 0.01> <nCl= 30> <al=0.20> <DB= -675.0519> <Mlp= 1201.7654> <PB=976.2> 
<DWph=2> <it= 27> <et=0.34> <Mt= 0.01> <Spt= 0.01> <nCl= 30> <al=0.28> <DB= -867.1591> <Mlp= 1177.6605> <PB=976.2> 
<DWph=2> <it= 28> <et=0.35> <Mt= 0.00> <Spt= 0.00> <nCl= 30> <al=0.35> <DB= -413.3663> <Mlp= 1167.6305> <PB=976.2> 
<DWph=2> <it= 29> <et=0.36> <Mt= 0.00> <Spt= 0.01> <nCl= 30> <al=0.42> <DB= -455.5766> <Mlp= 1156.9501> <PB=976.2> 
<DWph=2> <it= 30> <et=0.37> <Mt= 0.01> <Spt= 0.01> <nCl= 30> <al=0.47> <DB= -212.8024> <Mlp= 1136.3804> <PB=976.2> 
<DWph=2> <it= 31> <et=0.39> <Mt= 0.00> <Spt= 0.01> <nCl= 30> <al=0.53> <DB=  -59.3999> <Mlp= 1109.4830> <PB=976.2> 
<DWph=2> <it= 32> <et=0.40> <Mt= 0.01> <Spt= 0.01> <nCl= 30> <al=0.43> <DB=  108.1009> <Mlp= 1097.7975> <PB=976.2> 
<DWph=2> <it= 33> <et=0.41> <Mt= 0.00> <Spt= 0.01> <nCl= 30> <al=0.48> <DB=  -97.2589> <Mlp= 1075.2535> <PB=976.2> 
<DWph=2> <it= 34> <et=0.43> <Mt= 0.01> <Spt= 0.00> <nCl= 30> <al=0.54> <DB=  274.8057> <Mlp= 1057.3061> <PB=976.2> 
<DWph=2> <it= 35> <et=0.44> <Mt= 0.00> <Spt= 0.01> <nCl= 30> <al=0.58> <DB=  161.1389> <Mlp= 1048.2217> <PB=976.2> 
<DWph=2> <it= 36> <et=0.45> <Mt= 0.00> <Spt= 0.01> <nCl= 30> <al=0.62> <DB=  172.2560> <Mlp= 1039.2500> <PB=976.2> 
<DWph=2> <it= 37> <et=0.46> <Mt= 0.01> <Spt= 0.01> <nCl= 26> <al=0.66> <DB=  443.5633> <Mlp= 1033.2242> <PB=976.2> 
<DWph=2> <it= 38> <et=0.47> <Mt= 0.00> <Spt= 0.01> <nCl= 30> <al=0.56> <DB=  267.7351> <Mlp= 1029.4277> <PB=976.2> 
<DWph=2> <it= 39> <et=0.49> <Mt= 0.00> <Spt= 0.01> <nCl= 30> <al=0.61> <DB=  519.7312> <Mlp= 1024.5590> <PB=976.2> 
<DWph=2> <it= 40> <et=0.50> <Mt= 0.01> <Spt= 0.01> <nCl= 30> <al=0.64> <DB=  177.5394> <Mlp= 1020.0838> <PB=976.2> 
<DWph=2> <it= 41> <et=0.51> <Mt= 0.00> <Spt= 0.00> <nCl= 30> <al=0.68> <DB=  457.8249> <Mlp= 1012.4425> <PB=976.2> 
<DWph=2> <it= 42> <et=0.52> <Mt= 0.01> <Spt= 0.01> <nCl= 30> <al=0.71> <DB=  492.5808> <Mlp= 1004.1469> <PB=976.2> 
<DWph=2> <it= 43> <et=0.54> <Mt= 0.00> <Spt= 0.01> <nCl= 30> <al=0.61> <DB=  395.0798> <Mlp=  999.2864> <PB=976.2> 
<DWph=2> <it= 44> <et=0.55> <Mt= 0.00> <Spt= 0.01> <nCl= 30> <al=0.51> <DB=  333.7360> <Mlp=  995.0880> <PB=976.2> 
<DWph=2> <it= 45> <et=0.56> <Mt= 0.01> <Spt= 0.01> <nCl= 30> <al=0.56> <DB=  512.4788> <Mlp=  985.1465> <PB=976.2> 
<DWph=2> <it= 46> <et=0.57> <Mt= 0.00> <Spt= 0.00> <nCl= 25> <al=0.60> <DB=  513.6831> <Mlp=  977.7294> <PB=976.2> 
<DWph=2> <it= 47> <et=0.58> <Mt= 0.00> <Spt= 0.01> <nCl= 28> <al=0.50> <DB=  643.8231> <Mlp=  975.1474> <PB=976.2> 
<DWph=2> <it= 48> <et=0.60> <Mt= 0.01> <Spt= 0.01> <nCl= 30> <al=0.55> <DB=  569.4245> <Mlp=  971.3791> <PB=976.2> 
<DWph=2> <it= 49> <et=0.61> <Mt= 0.00> <Spt= 0.01> <nCl= 30> <al=0.45> <DB=  639.6455> <Mlp=  966.6112> <PB=976.2> 
<DWph=2> <it= 50> <et=0.62> <Mt= 0.01> <Spt= 0.01> <nCl= 30> <al=0.51> <DB=  435.0323> <Mlp=  964.6764> <PB=976.2> 
<DWph=2> <it= 51> <et=0.63> <Mt= 0.00> <Spt= 0.01> <nCl= 30> <al=0.56> <DB=  766.0464> <Mlp=  962.4240> <PB=976.2> 
<DWph=2> <it= 52> <et=0.64> <Mt= 0.00> <Spt= 0.00> <nCl= 29> <al=0.46> <DB=  652.3429> <Mlp=  961.1448> <PB=976.2> 
<DWph=2> <it= 53> <et=0.66> <Mt= 0.01> <Spt= 0.01> <nCl= 30> <al=0.51> <DB=  738.0546> <Mlp=  958.1426> <PB=976.2> 
<DWph=2> <it= 54> <et=0.67> <Mt= 0.00> <Spt= 0.01> <nCl= 24> <al=0.56> <DB=  831.3488> <Mlp=  955.3549> <PB=976.2> 
<DWph=2> <it= 55> <et=0.68> <Mt= 0.00> <Spt= 0.01> <nCl= 26> <al=0.60> <DB=  693.7070> <Mlp=  954.6907> <PB=976.2> 
<DWph=2> <it= 56> <et=0.69> <Mt= 0.01> <Spt= 0.01> <nCl= 30> <al=0.64> <DB=  734.3063> <Mlp=  951.8439> <PB=976.2> 
<DWph=2> <it= 57> <et=0.71> <Mt= 0.00> <Spt= 0.01> <nCl= 26> <al=0.54> <DB=  799.0285> <Mlp=  948.8786> <PB=976.2> 
<DWph=2> <it= 58> <et=0.72> <Mt= 0.01> <Spt= 0.01> <nCl= 29> <al=0.59> <DB=  741.1106> <Mlp=  947.3473> <PB=976.2> 
<DWph=2> <it= 59> <et=0.73> <Mt= 0.00> <Spt= 0.00> <nCl= 26> <al=0.49> <DB=  837.3161> <Mlp=  945.1511> <PB=976.2> 
<DWph=2> <it= 60> <et=0.74> <Mt= 0.00> <Spt= 0.01> <nCl= 29> <al=0.54> <DB=  834.2709> <Mlp=  944.9822> <PB=976.2> 
<DWph=2> <it= 61> <et=0.76> <Mt= 0.01> <Spt= 0.01> <nCl= 23> <al=0.44> <DB=  879.5431> <Mlp=  943.8743> <PB=976.2> 
<DWph=2> <it= 62> <et=0.77> <Mt= 0.00> <Spt= 0.01> <nCl= 22> <al=0.50> <DB=  886.7016> <Mlp=  943.5345> <PB=976.2> 
<DWph=2> <it= 63> <et=0.78> <Mt= 0.00> <Spt= 0.01> <nCl= 19> <al=0.55> <DB=  858.2594> <Mlp=  942.9904> <PB=976.2> 
<DWph=2> <it= 64> <et=0.79> <Mt= 0.00> <Spt= 0.01> <nCl= 24> <al=0.45> <DB=  811.8056> <Mlp=  942.3964> <PB=976.2> 
<DWph=2> <it= 65> <et=0.80> <Mt= 0.00> <Spt= 0.01> <nCl= 18> <al=0.50> <DB=  878.7829> <Mlp=  942.2667> <PB=976.2> 
<DWph=2> <it= 66> <et=0.81> <Mt= 0.01> <Spt= 0.00> <nCl= 13> <al=0.40> <DB=  878.7728> <Mlp=  942.0126> <PB=976.2> 
<DWph=2> <it= 67> <et=0.83> <Mt= 0.00> <Spt= 0.02> <nCl= 35> <al=0.00> <DB=  737.1645> <Mlp=  942.0126> <PB=976.2> 
<DWph=2> <it= 68> <et=0.84> <Mt= 0.00> <Spt= 0.01> <nCl= 18> <al=0.36> <DB=  865.4601> <Mlp=  941.9104> <PB=976.2> 
<DWph=2> <it= 69> <et=0.85> <Mt= 0.00> <Spt= 0.01> <nCl= 19> <al=0.26> <DB=  835.9387> <Mlp=  941.7186> <PB=976.2> 
<DWph=2> <it= 70> <et=0.86> <Mt= 0.01> <Spt= 0.01> <nCl= 26> <al=0.34> <DB=  824.1700> <Mlp=  941.4529> <PB=976.2> 
<DWph=2> <it= 71> <et=0.87> <Mt= 0.00> <Spt= 0.00> <nCl= 18> <al=0.40> <DB=  812.7197> <Mlp=  940.2360> <PB=976.2> 
<DWph=2> <it= 72> <et=0.88> <Mt= 0.00> <Spt= 0.01> <nCl= 23> <al=0.46> <DB=  820.4665> <Mlp=  939.8958> <PB=976.2> 
<DWph=2> <it= 73> <et=0.90> <Mt= 0.00> <Spt= 0.02> <nCl= 36> <al=0.03> <DB=  783.1680> <Mlp=  939.5561> <PB=976.2> 
<DWph=2> <it= 74> <et=0.92> <Mt= 0.01> <Spt= 0.01> <nCl= 19> <al=0.42> <DB=  881.6925> <Mlp=  937.9728> <PB=976.2> 
<DWph=2> <it= 75> <et=0.93> <Mt= 0.00> <Spt= 0.01> <nCl= 23> <al=0.32> <DB=  826.8951> <Mlp=  937.8913> <PB=976.2> 
<DWph=2> <it= 76> <et=0.94> <Mt= 0.01> <Spt= 0.00> <nCl= 19> <al=0.38> <DB=  910.1927> <Mlp=  936.7473> <PB=976.2> 
<DWph=2> <it= 77> <et=0.96> <Mt= 0.00> <Spt= 0.02> <nCl= 32> <al=0.00> <DB=  836.5283> <Mlp=  936.7368> <PB=976.2> 
<DWph=1> <it= 78> <et=1.03> <Mt= 0.00> <Spt= 0.06> <nCl= 30> <al=0.18> <DB=  709.4852> <Mlp=  936.4024> <PB=976.2> 
<DWph=1> <it= 79> <et=1.10> <Mt= 0.01> <Spt= 0.07> <nCl= 30> <al=0.27> <DB=  770.4915> <Mlp=  929.3489> <PB=976.2> 
<DWph=1> <it= 80> <et=1.16> <Mt= 0.01> <Spt= 0.05> <nCl= 29> <al=0.34> <DB=  764.1782> <Mlp=  924.1218> <PB=976.2> 
<DWph=1> <it= 81> <et=1.23> <Mt= 0.00> <Spt= 0.06> <nCl= 28> <al=0.41> <DB=  794.7765> <Mlp=  922.9136> <PB=976.2> 
<DWph=1> <it= 82> <et=1.29> <Mt= 0.01> <Spt= 0.06> <nCl= 30> <al=0.46> <DB=  759.6726> <Mlp=  922.3841> <PB=976.2> 
<DWph=1> <it= 83> <et=1.35> <Mt= 0.00> <Spt= 0.06> <nCl= 27> <al=0.52> <DB=  793.1291> <Mlp=  920.1279> <PB=976.2> 
<DWph=1> <it= 84> <et=1.41> <Mt= 0.01> <Spt= 0.05> <nCl= 28> <al=0.57> <DB=  810.4434> <Mlp=  919.5512> <PB=976.2> 
<DWph=1> <it= 85> <et=1.48> <Mt= 0.00> <Spt= 0.06> <nCl= 19> <al=0.61> <DB=  828.6742> <Mlp=  916.9379> <PB=976.2> 
<DWph=1> <it= 86> <et=1.54> <Mt= 0.01> <Spt= 0.06> <nCl= 23> <al=0.65> <DB=  841.9469> <Mlp=  915.9016> <PB=976.2> 
<DWph=1> <it= 87> <et=1.60> <Mt= 0.00> <Spt= 0.06> <nCl= 22> <al=0.68> <DB=  857.6585> <Mlp=  914.4737> <PB=976.2> 
<DWph=1> <it= 88> <et=1.66> <Mt= 0.01> <Spt= 0.05> <nCl= 14> <al=0.72> <DB=  873.5006> <Mlp=  913.8272> <PB=976.2> 
<DWph=1> <it= 89> <et=1.71> <Mt= 0.00> <Spt= 0.05> <nCl=  8> <al=0.74> <DB=  843.2437> <Mlp=  913.5712> <PB=976.2> 
<DWph=1> <it= 90> <et=1.77> <Mt= 0.00> <Spt= 0.05> <nCl=  9> <al=0.64> <DB=  862.0224> <Mlp=  913.3184> <PB=976.2> 
<DWph=1> <it= 91> <et=1.82> <Mt= 0.00> <Spt= 0.06> <nCl=  8> <al=0.54> <DB=  869.9356> <Mlp=  913.2055> <PB=976.2> 
<DWph=1> <it= 92> <et=1.88> <Mt= 0.01> <Spt= 0.05> <nCl=  7> <al=0.44> <DB=  869.0487> <Mlp=  913.1519> <PB=976.2> 
<DWph=1> <it= 93> <et=1.93> <Mt= 0.00> <Spt= 0.05> <nCl=  2> <al=0.50> <DB=  873.4392> <Mlp=  913.1495> <PB=976.2> 
<DWph=1> <it= 94> <et=1.98> <Mt= 0.00> <Spt= 0.05> <nCl= 12> <al=0.40> <DB=  881.3689> <Mlp=  913.1194> <PB=976.2> 
<DWph=1> <it= 95> <et=2.04> <Mt= 0.00> <Spt= 0.05> <nCl= 12> <al=0.30> <DB=  878.5289> <Mlp=  913.0944> <PB=976.2> 
<DWph=1> <it= 96> <et=2.09> <Mt= 0.00> <Spt= 0.06> <nCl=  9> <al=0.37> <DB=  896.0296> <Mlp=  913.0673> <PB=976.2> 
<DWph=1> <it= 97> <et=2.15> <Mt= 0.00> <Spt= 0.05> <nCl=  7> <al=0.43> <DB=  892.4334> <Mlp=  913.0429> <PB=976.2> 
<DWph=1> <it= 98> <et=2.20> <Mt= 0.01> <Spt= 0.05> <nCl=  4> <al=0.49> <DB=  904.6756> <Mlp=  912.9639> <PB=976.2> 
<DWph=1> <it= 99> <et=2.25> <Mt= 0.00> <Spt= 0.05> <nCl=  7> <al=0.39> <DB=  909.6296> <Mlp=  912.9626> <PB=976.2> 
<DWph=1> <it=100> <et=2.31> <Mt= 0.00> <Spt= 0.05> <nCl=  3> <al=0.45> <DB=  911.2091> <Mlp=  912.9601> <PB=976.2> 
<DWph=1> <it=101> <et=2.36> <Mt= 0.00> <Spt= 0.06> <nCl=  5> <al=0.35> <DB=  907.3194> <Mlp=  912.9589> <PB=976.2> 
<DWph=1> <it=102> <et=2.47> <Mt= 0.00> <Spt= 0.10> <nCl=  9> <al=0.00> <DB=  904.0233> <Mlp=  912.9585> <PB=976.2> 
<DWph=1> <it=103> <et=2.52> <Mt= 0.00> <Spt= 0.06> <nCl=  1> <al=0.32> <DB=  912.6549> <Mlp=  912.9581> <PB=976.2> 
<DWph=1> <it=104> <et=2.58> <Mt= 0.01> <Spt= 0.05> <nCl=  1> <al=0.38> <DB=  912.7033> <Mlp=  912.9581> <PB=976.2> 
<DWph=1> <it=105> <et=2.68> <Mt= 0.00> <Spt= 0.10> <nCl=  3> <al=0.00> <DB=  912.9576> <Mlp=  912.9576> <PB=976.2> 
    RCSP exact solver info for graph G_1 : TT = 0.081142, pt = 8e-05, dt = 0.072629, ct = 0.007628, ndl = 17', bdl = 264', odl = 26', odf = 126', bsi = 2', cnt = 11', bdch = 4532', odch = 673', lcp = 901', #sols = 150
<DWph=0> <it=106> <et=2.77> <Mt= 0.00> <Spt= 0.09> <nCl= 62> <al=0.35> <DB=  883.0552> <Mlp=  912.9576> <PB=976.2> 
    RCSP exact solver info for graph G_1 : TT = 0.067262, pt = 0.000112, dt = 0.057216, ct = 0.009115, ndl = 17', bdl = 242', odl = 25', odf = 122', bsi = 2', cnt = 11', bdch = 4198', odch = 631', lcp = 880', #sols = 150
<DWph=0> <it=107> <et=2.85> <Mt= 0.00> <Spt= 0.07> <nCl= 14> <al=0.25> <DB=  905.4813> <Mlp=  912.7787> <PB=976.2> 
    RCSP exact solver info for graph G_1 : TT = 0.066316, pt = 0.000108, dt = 0.055994, ct = 0.009333, ndl = 17', bdl = 242', odl = 25', odf = 122', bsi = 2', cnt = 11', bdch = 4223', odch = 638', lcp = 888', #sols = 150
<DWph=0> <it=108> <et=2.92> <Mt= 0.00> <Spt= 0.07> <nCl= 22> <al=0.15> <DB=  910.9509> <Mlp=  912.7664> <PB=976.2> 
    RCSP exact solver info for graph G_1 : TT = 0.06669, pt = 0.000106, dt = 0.056289, ct = 0.009389, ndl = 18', bdl = 244', odl = 25', odf = 123', bsi = 2', cnt = 11', bdch = 4263', odch = 647', lcp = 901', #sols = 150
<DWph=0> <it=109> <et=2.99> <Mt= 0.01> <Spt= 0.07> <nCl=  3> <al=0.23> <DB=  912.3433> <Mlp=  912.7614> <PB=976.2> 
    RCSP exact solver info for graph G_1 : TT = 0.066237, pt = 0.000112, dt = 0.055902, ct = 0.009316, ndl = 17', bdl = 243', odl = 25', odf = 123', bsi = 2', cnt = 11', bdch = 4248', odch = 646', lcp = 897', #sols = 150
    RCSP exact solver info for graph G_1 : TT = 0.0645, pt = 0.000107, dt = 0.054546, ct = 0.008982, ndl = 17', bdl = 241', odl = 25', odf = 121', bsi = 2', cnt = 10', bdch = 4115', odch = 623', lcp = 870', #sols = 150
<DWph=0> <it=110> <et=3.13> <Mt= 0.00> <Spt= 0.14> <nCl= 12> <al=0.00> <DB=  912.7612> <Mlp=  912.7612> <PB=976.2> 
Dynamic params and stats :  bidir.bord. = 106.9 aver.obdmd = 7.84314 aver.buck.num. = 23.5294
@@ 1 0 912.761 0.0677232 0.080257 59.2762 3.13
Labels distribution in buckets (bucket size) : largest - 176, top 0.1% - 132, top 0.5% - 95, top 2% - 60, top 10% - 22, top 50% - 0
Reduced cost fixing for graph G_1... 122393 buck. arcs remain (90.2% from prev., 53.5% from max.) + 3699 jump buck. arcs (1.62% from max.)
Backward reduced cost fixing... 119268 buck. arcs remain (90.2% from prev., 53.5% from max.) + 1098 jump buck. arcs (0.492% from max.)
 TT = 1.02519, pt = 0.042819, dt = 0.695089, ct = 0.286409, ndl = 91', bdl = 2969', odl = 93', odf = 573', lpcb = 1245', cnt = 58504', bdch = 76166', odch = 7197', lcp = 8703'
Labels distribution in buckets (bucket size) : largest - 292, top 0.1% - 262, top 0.5% - 176, top 2% - 114, top 10% - 40, top 50% - 0
Run forward enumeration with border = 106.9... not succeeded (ratio 0.978245) lpt = 0.010313, ndl = 8', dl = 0', lpcb = 3', dch = 110'
 TT = 0.012938, pt = 0.000501, dt = 0.010313, ct = 0, ndl = 8', bdl = 0', lpcb = 3', cnt = 222', bdch = 110', odch = 0', lcp = 0'
ColGenEvalAlg final dual bound: 912.761 (rounded: 912.761)
Shrinking heuristic shrunk 13 edges
In total 1 RCC cut(s) are found by the Fractional capacity min-cut heuristic 
In total 1 RCC cut(s) are found by the greedy construction heuristic 
----- Add fac. cuts : CAP(2), max.viol = 0.531852, aver.viol = 0.531852, sep/add took 0.0492546/0.00107007 sec. -----
2655 columns (2655 active), 2 dyn. constrs. (2 active), 204 art. vars. (204 active)
<DWph=2> <it=  1> <et=4.25> <Mt= 0.01> <Spt= 0.01> <nCl= 17> <al=0.50> <DB=  913.5218> <Mlp=  914.2825> <PB=976.2> 
<DWph=2> <it=  2> <et=4.26> <Mt= 0.00> <Spt= 0.01> <nCl=  9> <al=0.40> <DB=  910.9872> <Mlp=  914.2816> <PB=976.2> 
<DWph=2> <it=  3> <et=4.27> <Mt= 0.00> <Spt= 0.01> <nCl=  8> <al=0.00> <DB=  898.5267> <Mlp=  914.2816> <PB=976.2> 
<DWph=2> <it=  4> <et=4.28> <Mt= 0.00> <Spt= 0.01> <nCl=  5> <al=0.36> <DB=  911.4204> <Mlp=  914.2816> <PB=976.2> 
<DWph=2> <it=  5> <et=4.30> <Mt= 0.00> <Spt= 0.02> <nCl=  6> <al=0.00> <DB=  904.8106> <Mlp=  914.2760> <PB=976.2> 
<DWph=2> <it=  6> <et=4.32> <Mt= 0.00> <Spt= 0.01> <nCl=  1> <al=0.00> <DB=  914.2760> <Mlp=  914.2760> <PB=976.2> 
<DWph=1> <it=  7> <et=4.37> <Mt= 0.00> <Spt= 0.05> <nCl= 15> <al=0.22> <DB=  838.1862> <Mlp=  914.2760> <PB=976.2> 
<DWph=1> <it=  8> <et=4.42> <Mt= 0.01> <Spt= 0.05> <nCl=  8> <al=0.12> <DB=  837.4067> <Mlp=  914.1946> <PB=976.2> 
<DWph=1> <it=  9> <et=4.47> <Mt= 0.00> <Spt= 0.04> <nCl=  6> <al=0.21> <DB=  873.4583> <Mlp=  914.1855> <PB=976.2> 
<DWph=1> <it= 10> <et=4.52> <Mt= 0.00> <Spt= 0.05> <nCl=  8> <al=0.11> <DB=  878.8425> <Mlp=  914.0595> <PB=976.2> 
<DWph=1> <it= 11> <et=4.57> <Mt= 0.00> <Spt= 0.05> <nCl=  7> <al=0.20> <DB=  874.8458> <Mlp=  913.9916> <PB=976.2> 
<DWph=1> <it= 12> <et=4.62> <Mt= 0.01> <Spt= 0.05> <nCl=  8> <al=0.28> <DB=  890.0375> <Mlp=  913.7914> <PB=976.2> 
<DWph=1> <it= 13> <et=4.67> <Mt= 0.00> <Spt= 0.05> <nCl=  4> <al=0.35> <DB=  895.3210> <Mlp=  913.7021> <PB=976.2> 
<DWph=1> <it= 14> <et=4.73> <Mt= 0.00> <Spt= 0.05> <nCl=  3> <al=0.42> <DB=  902.3532> <Mlp=  913.6943> <PB=976.2> 
<DWph=1> <it= 15> <et=4.82> <Mt= 0.01> <Spt= 0.09> <nCl=  5> <al=0.00> <DB=  911.4024> <Mlp=  913.6614> <PB=976.2> 
<DWph=1> <it= 16> <et=4.87> <Mt= 0.00> <Spt= 0.05> <nCl=  3> <al=0.38> <DB=  911.9929> <Mlp=  913.6559> <PB=976.2> 
<DWph=1> <it= 17> <et=4.92> <Mt= 0.00> <Spt= 0.04> <nCl=  2> <al=0.44> <DB=  912.2245> <Mlp=  913.6548> <PB=976.2> 
<DWph=1> <it= 18> <et=4.97> <Mt= 0.00> <Spt= 0.05> <nCl=  4> <al=0.34> <DB=  912.3573> <Mlp=  913.6476> <PB=976.2> 
<DWph=1> <it= 19> <et=5.02> <Mt= 0.00> <Spt= 0.05> <nCl=  2> <al=0.40> <DB=  912.9026> <Mlp=  913.6451> <PB=976.2> 
<DWph=1> <it= 20> <et=5.11> <Mt= 0.00> <Spt= 0.09> <nCl=  1> <al=0.00> <DB=  913.6443> <Mlp=  913.6443> <PB=976.2> 
    RCSP exact solver info for graph G_1 : TT = 0.058404, pt = 7.8e-05, dt = 0.050152, ct = 0.007344, ndl = 16', bdl = 226', odl = 24', odf = 115', bsi = 2', cnt = 9', bdch = 3776', odch = 562', lcp = 806', #sols = 150
<DWph=0> <it= 21> <et=5.17> <Mt= 0.01> <Spt= 0.06> <nCl= 28> <al=0.20> <DB=  906.1525> <Mlp=  913.6443> <PB=976.2> 
    RCSP exact solver info for graph G_1 : TT = 0.059845, pt = 0.000107, dt = 0.051347, ct = 0.0075, ndl = 16', bdl = 230', odl = 24', odf = 116', bsi = 2', cnt = 10', bdch = 3883', odch = 585', lcp = 826', #sols = 150
    RCSP exact solver info for graph G_1 : TT = 0.059109, pt = 0.000104, dt = 0.050707, ct = 0.00743, ndl = 16', bdl = 229', odl = 24', odf = 116', bsi = 2', cnt = 10', bdch = 3824', odch = 573', lcp = 816', #sols = 150
<DWph=0> <it= 22> <et=5.30> <Mt= 0.00> <Spt= 0.13> <nCl= 19> <al=0.00> <DB=  913.6383> <Mlp=  913.6383> <PB=976.2> 
Dynamic params and stats :  bidir.bord. = 106.9 aver.obdmd = 7.84314 aver.buck.num. = 23.5294
@@ 1 1 913.638 0.05816 0.058847 53.4757 5.3
    Full reduced cost fixing is not called (gap ratio is 0.986174)
ColGenEvalAlg final dual bound: 913.638 (rounded: 913.638)
Gap improvement since the last cut separation : 0.013826 (912.761)
Cut generation tailing off counter increased to 1
Current active cuts : CAP(1,33)
Shrinking heuristic shrunk 13 edges
In total 4 RCC cut(s) are found by the Fractional capacity min-cut heuristic 
In total 2 RCC cut(s) are found by the greedy construction heuristic 
----- Add fac. cuts : CAP(6), max.viol = 0.104253, aver.viol = 0.0754515, sep/add took 0.0472276/0.0033574 sec. -----
2824 columns (2824 active), 8 dyn. constrs. (7 active), 210 art. vars. (209 active)
<DWph=2> <it=  1> <et=5.38> <Mt= 0.00> <Spt= 0.01> <nCl=  7> <al=0.00> <DB=  913.6662> <Mlp=  913.6662> <PB=976.2> 
<DWph=1> <it=  2> <et=5.42> <Mt= 0.00> <Spt= 0.05> <nCl=  5> <al=0.40> <DB=  899.8212> <Mlp=  913.6662> <PB=976.2> 
<DWph=1> <it=  3> <et=5.52> <Mt= 0.00> <Spt= 0.09> <nCl=  0> <al=0.00> <DB=  913.6553> <Mlp=  913.6553> <PB=976.2> 
    RCSP exact solver info for graph G_1 : TT = 0.059385, pt = 8e-05, dt = 0.050834, ct = 0.007605, ndl = 16', bdl = 227', odl = 24', odf = 116', bsi = 2', cnt = 11', bdch = 3824', odch = 579', lcp = 813', #sols = 150
<DWph=0> <it=  4> <et=5.58> <Mt= 0.00> <Spt= 0.07> <nCl= 10> <al=0.36> <DB=  912.2149> <Mlp=  913.6553> <PB=976.2> 
    RCSP exact solver info for graph G_1 : TT = 0.059191, pt = 0.000111, dt = 0.050721, ct = 0.007467, ndl = 16', bdl = 227', odl = 24', odf = 116', bsi = 2', cnt = 11', bdch = 3811', odch = 577', lcp = 805', #sols = 150
    RCSP exact solver info for graph G_1 : TT = 0.058956, pt = 0.000106, dt = 0.050482, ct = 0.007475, ndl = 16', bdl = 227', odl = 24', odf = 116', bsi = 2', cnt = 11', bdch = 3791', odch = 575', lcp = 802', #sols = 150
<DWph=0> <it=  5> <et=5.71> <Mt= 0.01> <Spt= 0.12> <nCl=  4> <al=0.00> <DB=  913.6548> <Mlp=  913.6548> <PB=976.2> 
Dynamic params and stats :  bidir.bord. = 106.9 aver.obdmd = 7.84314 aver.buck.num. = 23.5294
@@ 1 2 913.655 0.0581947 0.058439 53.4757 5.71
    Full reduced cost fixing is not called (gap ratio is 0.985915)
ColGenEvalAlg final dual bound: 913.655 (rounded: 913.655)
Gap improvement since the last cut separation : 0.00026308 (913.638)
Cut generation tailing off counter increased to 2
Current active cuts : CAP(2,34.2278)
Shrinking heuristic shrunk 11 edges
6 Rank-1 1-rows pack. cuts added ,  max viol. = 0.33047, aver. viol. = 0.166568
150 Rank-1 3-rows pack. cuts added ,  max viol. = 0.461614, aver. viol. = 0.289947
----- Add fac. cuts : R1C(156), max.viol = 0.461614, aver.viol = 0.286644, sep/add took 0.0547583/0.0884165 sec. -----
2850 columns (2850 active), 163 dyn. constrs. (158 active), 366 art. vars. (360 active)
<DWph=2> <it=  1> <et=5.91> <Mt= 0.03> <Spt= 0.01> <nCl= 27> <al=0.50> <DB=  887.6983> <Mlp=  929.8737> <PB=976.2> 
<DWph=2> <it=  2> <et=5.93> <Mt= 0.02> <Spt= 0.01> <nCl= 13> <al=0.55> <DB=  920.4975> <Mlp=  928.8608> <PB=976.2> 
<DWph=2> <it=  3> <et=5.95> <Mt= 0.00> <Spt= 0.02> <nCl= 18> <al=0.45> <DB=  925.0792> <Mlp=  928.8278> <PB=976.2> 
<DWph=2> <it=  4> <et=5.97> <Mt= 0.01> <Spt= 0.01> <nCl= 15> <al=0.35> <DB=  897.6962> <Mlp=  928.7156> <PB=976.2> 
<DWph=2> <it=  5> <et=5.98> <Mt= 0.00> <Spt= 0.01> <nCl=  6> <al=0.42> <DB=  893.4856> <Mlp=  928.6701> <PB=976.2> 
<DWph=2> <it=  6> <et=6.00> <Mt= 0.01> <Spt= 0.01> <nCl= 19> <al=0.47> <DB=  855.8483> <Mlp=  928.6243> <PB=976.2> 
<DWph=2> <it=  7> <et=6.03> <Mt= 0.00> <Spt= 0.02> <nCl= 23> <al=0.05> <DB=  877.0616> <Mlp=  928.5682> <PB=976.2> 
<DWph=2> <it=  8> <et=6.04> <Mt= 0.01> <Spt= 0.01> <nCl=  3> <al=0.43> <DB=  927.7340> <Mlp=  928.4777> <PB=976.2> 
<DWph=2> <it=  9> <et=6.06> <Mt= 0.00> <Spt= 0.01> <nCl= 15> <al=0.33> <DB=  849.1121> <Mlp=  928.4777> <PB=976.2> 
<DWph=2> <it= 10> <et=6.09> <Mt= 0.01> <Spt= 0.03> <nCl= 18> <al=0.00> <DB=  915.8141> <Mlp=  928.2192> <PB=976.2> 
<DWph=2> <it= 11> <et=6.11> <Mt= 0.00> <Spt= 0.02> <nCl=  1> <al=0.00> <DB=  928.2192> <Mlp=  928.2192> <PB=976.2> 
<DWph=1> <it= 12> <et=6.21> <Mt= 0.00> <Spt= 0.09> <nCl= 30> <al=0.19> <DB=  734.5690> <Mlp=  928.2192> <PB=976.2> 
<DWph=1> <it= 13> <et=6.32> <Mt= 0.02> <Spt= 0.09> <nCl= 30> <al=0.09> <DB=  792.2418> <Mlp=  926.5179> <PB=976.2> 
<DWph=1> <it= 14> <et=6.43> <Mt= 0.02> <Spt= 0.10> <nCl= 30> <al=0.18> <DB=  830.3110> <Mlp=  925.6340> <PB=976.2> 
<DWph=1> <it= 15> <et=6.54> <Mt= 0.01> <Spt= 0.10> <nCl= 30> <al=0.08> <DB=  760.0641> <Mlp=  925.1823> <PB=976.2> 
<DWph=1> <it= 16> <et=6.65> <Mt= 0.01> <Spt= 0.10> <nCl= 27> <al=0.18> <DB=  829.5827> <Mlp=  925.0076> <PB=976.2> 
<DWph=1> <it= 17> <et=6.77> <Mt= 0.02> <Spt= 0.09> <nCl= 30> <al=0.26> <DB=  839.1205> <Mlp=  924.4051> <PB=976.2> 
<DWph=1> <it= 18> <et=6.87> <Mt= 0.01> <Spt= 0.10> <nCl= 15> <al=0.33> <DB=  879.6980> <Mlp=  924.0571> <PB=976.2> 
<DWph=1> <it= 19> <et=6.97> <Mt= 0.01> <Spt= 0.09> <nCl= 10> <al=0.40> <DB=  892.4828> <Mlp=  923.9298> <PB=976.2> 
<DWph=1> <it= 20> <et=7.06> <Mt= 0.00> <Spt= 0.08> <nCl=  9> <al=0.46> <DB=  909.8914> <Mlp=  923.9015> <PB=976.2> 
<DWph=1> <it= 21> <et=7.16> <Mt= 0.01> <Spt= 0.09> <nCl=  4> <al=0.51> <DB=  917.3974> <Mlp=  923.8660> <PB=976.2> 
<DWph=1> <it= 22> <et=7.25> <Mt= 0.00> <Spt= 0.09> <nCl=  3> <al=0.56> <DB=  919.8095> <Mlp=  923.8575> <PB=976.2> 
<DWph=1> <it= 23> <et=7.34> <Mt= 0.01> <Spt= 0.09> <nCl=  3> <al=0.61> <DB=  910.1035> <Mlp=  923.8477> <PB=976.2> 
<DWph=1> <it= 24> <et=7.52> <Mt= 0.00> <Spt= 0.18> <nCl= 10> <al=0.01> <DB=  855.2543> <Mlp=  923.8477> <PB=976.2> 
<DWph=1> <it= 25> <et=7.62> <Mt= 0.01> <Spt= 0.09> <nCl=  2> <al=0.41> <DB=  914.2276> <Mlp=  923.7933> <PB=976.2> 
<DWph=1> <it= 26> <et=7.71> <Mt= 0.00> <Spt= 0.08> <nCl=  1> <al=0.47> <DB=  914.3407> <Mlp=  923.7903> <PB=976.2> 
<DWph=1> <it= 27> <et=7.89> <Mt= 0.00> <Spt= 0.18> <nCl=  1> <al=0.04> <DB=  921.7532> <Mlp=  923.7903> <PB=976.2> 
<DWph=1> <it= 28> <et=8.07> <Mt= 0.00> <Spt= 0.17> <nCl=  7> <al=0.00> <DB=  913.1650> <Mlp=  923.7903> <PB=976.2> 
<DWph=1> <it= 29> <et=8.25> <Mt= 0.01> <Spt= 0.18> <nCl=  3> <al=0.00> <DB=  922.1829> <Mlp=  923.7857> <PB=976.2> 
<DWph=1> <it= 30> <et=8.42> <Mt= 0.00> <Spt= 0.17> <nCl=  1> <al=0.00> <DB=  923.7852> <Mlp=  923.7852> <PB=976.2> 
    RCSP exact solver info for graph G_1 : TT = 0.212751, pt = 0.001681, dt = 0.188934, ct = 0.021293, ndl = 24', bdl = 296', odl = 27', odf = 141', bsi = 2', cnt = 76', bdch = 6389', odch = 882', lcp = 1335', #sols = 150
<DWph=0> <it= 31> <et=8.65> <Mt= 0.00> <Spt= 0.23> <nCl=145> <al=0.12> <DB=  815.0057> <Mlp=  923.7852> <PB=976.2> 
    RCSP exact solver info for graph G_1 : TT = 0.150621, pt = 0.001655, dt = 0.127478, ct = 0.020524, ndl = 23', bdl = 284', odl = 26', odf = 137', bsi = 2', cnt = 57', bdch = 5913', odch = 825', lcp = 1249', #sols = 150
<DWph=0> <it= 32> <et=8.82> <Mt= 0.02> <Spt= 0.15> <nCl= 25> <al=0.02> <DB=  892.7734> <Mlp=  922.8966> <PB=976.2> 
    RCSP exact solver info for graph G_1 : TT = 0.144902, pt = 0.001512, dt = 0.122764, ct = 0.019667, ndl = 22', bdl = 282', odl = 25', odf = 132', bsi = 2', cnt = 50', bdch = 5768', odch = 786', lcp = 1179', #sols = 150
<DWph=0> <it= 33> <et=8.98> <Mt= 0.01> <Spt= 0.15> <nCl= 29> <al=0.00> <DB=  886.8126> <Mlp=  922.6577> <PB=976.2> 
    RCSP exact solver info for graph G_1 : TT = 0.146529, pt = 0.001648, dt = 0.12397, ct = 0.019928, ndl = 22', bdl = 276', odl = 26', odf = 134', bsi = 2', cnt = 53', bdch = 5714', odch = 796', lcp = 1194', #sols = 150
<DWph=0> <it= 34> <et=9.14> <Mt= 0.00> <Spt= 0.15> <nCl= 13> <al=0.03> <DB=  921.8500> <Mlp=  922.6509> <PB=976.2> 
    RCSP exact solver info for graph G_1 : TT = 0.143952, pt = 0.001446, dt = 0.121952, ct = 0.019594, ndl = 22', bdl = 275', odl = 26', odf = 134', bsi = 2', cnt = 51', bdch = 5675', odch = 790', lcp = 1188', #sols = 150
<DWph=0> <it= 35> <et=9.29> <Mt= 0.01> <Spt= 0.15> <nCl=  1> <al=0.00> <DB=  921.6416> <Mlp=  922.6507> <PB=976.2> 
    RCSP exact solver info for graph G_1 : TT = 0.147285, pt = 0.001656, dt = 0.124612, ct = 0.020066, ndl = 22', bdl = 277', odl = 26', odf = 135', bsi = 2', cnt = 55', bdch = 5762', odch = 804', lcp = 1206', #sols = 150
    RCSP exact solver info for graph G_1 : TT = 0.146035, pt = 0.001447, dt = 0.124002, ct = 0.019641, ndl = 22', bdl = 276', odl = 26', odf = 134', bsi = 2', cnt = 51', bdch = 5680', odch = 791', lcp = 1189', #sols = 150
<DWph=0> <it= 36> <et=9.59> <Mt= 0.00> <Spt= 0.30> <nCl=  0> <al=0.00> <DB=  922.6507> <Mlp=  922.6507> <PB=976.2> 
Dynamic params and stats :  bidir.bord. = 106.9 aver.obdmd = 7.84314 aver.buck.num. = 23.5294 nbR1C = 31 with avMem = 8.03226
@@ 1 3 922.651 0.153489 0.210227 53.4757 9.59
Labels distribution in buckets (bucket size) : largest - 198, top 0.1% - 159, top 0.5% - 114, top 2% - 76, top 10% - 29, top 50% - 0
Reduced cost fixing for graph G_1... 114877 buck. arcs remain (93.9% from prev., 50.2% from max.) + 5474 jump buck. arcs (2.39% from max.)
Backward reduced cost fixing... 111970 buck. arcs remain (93.9% from prev., 50.2% from max.) + 1871 jump buck. arcs (0.839% from max.)
 TT = 1.97161, pt = 0.07339, dt = 1.34114, ct = 0.555837, ndl = 125', bdl = 3608', odl = 100', odf = 688', lpcb = 1705', cnt = 82546', bdch = 118736', odch = 11930', lcp = 14708'
Labels distribution in buckets (bucket size) : largest - 474, top 0.1% - 407, top 0.5% - 277, top 2% - 146, top 10% - 52, top 50% - 0
Run forward enumeration with border = 106.9... not succeeded (ratio 0.974066) lpt = 0.012239, ndl = 8', dl = 0', lpcb = 5', dch = 80'
 TT = 0.015901, pt = 0, dt = 0.012239, ct = 0, ndl = 8', bdl = 0', lpcb = 5', cnt = 283', bdch = 80', odch = 0', lcp = 0'
ColGenEvalAlg final dual bound: 922.651 (rounded: 922.651)
Gap improvement since the last cut separation : 0.143831 (913.655)
Current active cuts : CAP(1,31.5157) R1C(4+27,53.8171) 1rowPackR1C(4) 3rowPackR1C(27)
Shrinking heuristic shrunk 11 edges
14 Rank-1 1-rows pack. cuts added ,  max viol. = 0.247152, aver. viol. = 0.099926
150 Rank-1 3-rows pack. cuts added ,  max viol. = 0.366334, aver. viol. = 0.252031
----- Add fac. cuts : R1C(164), max.viol = 0.366334, aver.viol = 0.253977, sep/add took 0.0553179/0.122351 sec. -----
3467 columns (3467 active), 322 dyn. constrs. (197 active), 530 art. vars. (399 active)
<DWph=2> <it=  1> <et=11.86> <Mt= 0.07> <Spt= 0.02> <nCl= 19> <al=0.50> <DB=  920.3404> <Mlp=  927.2134> <PB=976.2> 
<DWph=2> <it=  2> <et=11.90> <Mt= 0.01> <Spt= 0.02> <nCl= 26> <al=0.10> <DB=  842.5470> <Mlp=  927.1248> <PB=976.2> 
<DWph=2> <it=  3> <et=11.94> <Mt= 0.02> <Spt= 0.03> <nCl= 26> <al=0.00> <DB=  926.7496> <Mlp=  926.9487> <PB=976.2> 
<DWph=2> <it=  4> <et=11.97> <Mt= 0.00> <Spt= 0.02> <nCl=  0> <al=0.00> <DB=  926.9486> <Mlp=  926.9486> <PB=976.2> 
<DWph=1> <it=  5> <et=12.07> <Mt= 0.01> <Spt= 0.10> <nCl= 29> <al=0.25> <DB=  839.9843> <Mlp=  926.9486> <PB=976.2> 
<DWph=1> <it=  6> <et=12.19> <Mt= 0.02> <Spt= 0.10> <nCl= 21> <al=0.15> <DB=  875.0715> <Mlp=  926.7456> <PB=976.2> 
<DWph=1> <it=  7> <et=12.31> <Mt= 0.02> <Spt= 0.10> <nCl= 15> <al=0.05> <DB=  888.7011> <Mlp=  926.4549> <PB=976.2> 
<DWph=1> <it=  8> <et=12.42> <Mt= 0.01> <Spt= 0.09> <nCl=  8> <al=0.00> <DB=  888.9224> <Mlp=  926.3802> <PB=976.2> 
<DWph=1> <it=  9> <et=12.52> <Mt= 0.01> <Spt= 0.10> <nCl=  7> <al=0.06> <DB=  872.4003> <Mlp=  926.3372> <PB=976.2> 
<DWph=1> <it= 10> <et=12.63> <Mt= 0.01> <Spt= 0.10> <nCl=  5> <al=0.00> <DB=  913.0463> <Mlp=  926.2908> <PB=976.2> 
<DWph=1> <it= 11> <et=12.73> <Mt= 0.01> <Spt= 0.09> <nCl=  8> <al=0.06> <DB=  921.1561> <Mlp=  926.2824> <PB=976.2> 
<DWph=1> <it= 12> <et=12.83> <Mt= 0.01> <Spt= 0.09> <nCl=  2> <al=0.00> <DB=  924.8703> <Mlp=  926.2765> <PB=976.2> 
<DWph=1> <it= 13> <et=13.02> <Mt= 0.00> <Spt= 0.18> <nCl=  0> <al=0.00> <DB=  926.2762> <Mlp=  926.2762> <PB=976.2> 
    RCSP exact solver info for graph G_1 : TT = 0.202508, pt = 0.003087, dt = 0.17428, ct = 0.024171, ndl = 29', bdl = 336', odl = 28', odf = 159', bsi = 2', cnt = 94', bdch = 8468', odch = 1211', lcp = 1844', #sols = 150
<DWph=0> <it= 14> <et=13.23> <Mt= 0.00> <Spt= 0.22> <nCl= 73> <al=0.00> <DB=  893.6534> <Mlp=  926.2762> <PB=976.2> 
    RCSP exact solver info for graph G_1 : TT = 0.190327, pt = 0.003363, dt = 0.163517, ct = 0.022448, ndl = 28', bdl = 325', odl = 27', odf = 153', bsi = 2', cnt = 84', bdch = 7860', odch = 1106', lcp = 1707', #sols = 150
<DWph=0> <it= 15> <et=13.46> <Mt= 0.03> <Spt= 0.20> <nCl= 58> <al=0.00> <DB=  907.7306> <Mlp=  926.0276> <PB=976.2> 
    RCSP exact solver info for graph G_1 : TT = 0.196064, pt = 0.003525, dt = 0.168355, ct = 0.023161, ndl = 28', bdl = 331', odl = 28', odf = 155', bsi = 2', cnt = 86', bdch = 8043', odch = 1140', lcp = 1747', #sols = 150
<DWph=0> <it= 16> <et=13.68> <Mt= 0.02> <Spt= 0.20> <nCl= 17> <al=0.07> <DB=  919.3834> <Mlp=  925.9601> <PB=976.2> 
    RCSP exact solver info for graph G_1 : TT = 0.19444, pt = 0.003441, dt = 0.166899, ct = 0.023054, ndl = 28', bdl = 328', odl = 27', odf = 154', bsi = 2', cnt = 84', bdch = 7948', odch = 1120', lcp = 1728', #sols = 150
    RCSP exact solver info for graph G_1 : TT = 0.188623, pt = 0.00302, dt = 0.16189, ct = 0.022639, ndl = 27', bdl = 319', odl = 28', odf = 154', bsi = 2', cnt = 79', bdch = 7784', odch = 1107', lcp = 1728', #sols = 150
<DWph=0> <it= 17> <et=14.08> <Mt= 0.01> <Spt= 0.39> <nCl=  6> <al=0.00> <DB=  925.9571> <Mlp=  925.9571> <PB=976.2> 
Dynamic params and stats :  bidir.bord. = 106.9 aver.obdmd = 7.84314 aver.buck.num. = 23.5294 nbR1C = 71 with avMem = 10.0986
@@ 1 4 925.957 0.190083 0.198451 50.1976 14.08
    Full reduced cost fixing is not called (gap ratio is 0.938254)
ColGenEvalAlg final dual bound: 925.957 (rounded: 925.957)
Gap improvement since the last cut separation : 0.0617457 (922.651)
Current active cuts : CAP(1,27.3708) R1C(8+63,74.9539) 1rowPackR1C(8) 3rowPackR1C(63)
Shrinking heuristic shrunk 5 edges
11 Rank-1 1-rows pack. cuts added ,  max viol. = 0.203958, aver. viol. = 0.0673487
150 Rank-1 3-rows pack. cuts added ,  max viol. = 0.305902, aver. viol. = 0.190486
----- Add fac. cuts : R1C(161), max.viol = 0.331746, aver.viol = 0.192107, sep/add took 0.071584/0.134292 sec. -----
3787 columns (3787 active), 358 dyn. constrs. (235 active), 691 art. vars. (437 active)
<DWph=2> <it=  1> <et=14.46> <Mt= 0.14> <Spt= 0.02> <nCl=  9> <al=0.50> <DB=  921.9282> <Mlp=  929.1351> <PB=976.2> 
<DWph=2> <it=  2> <et=14.50> <Mt= 0.02> <Spt= 0.01> <nCl= 12> <al=0.55> <DB=  905.0233> <Mlp=  929.0626> <PB=976.2> 
<DWph=2> <it=  3> <et=14.53> <Mt= 0.02> <Spt= 0.02> <nCl=  5> <al=0.60> <DB=  927.1849> <Mlp=  928.9888> <PB=976.2> 
<DWph=2> <it=  4> <et=14.55> <Mt= 0.00> <Spt= 0.02> <nCl= 10> <al=0.50> <DB=  917.5376> <Mlp=  928.9886> <PB=976.2> 
<DWph=2> <it=  5> <et=14.59> <Mt= 0.01> <Spt= 0.03> <nCl= 11> <al=0.09> <DB=  869.4643> <Mlp=  928.9742> <PB=976.2> 
<DWph=2> <it=  6> <et=14.62> <Mt= 0.01> <Spt= 0.01> <nCl= 10> <al=0.45> <DB=  819.5658> <Mlp=  928.9728> <PB=976.2> 
<DWph=2> <it=  7> <et=14.66> <Mt= 0.02> <Spt= 0.02> <nCl=  6> <al=0.50> <DB=  900.7804> <Mlp=  928.8729> <PB=976.2> 
<DWph=2> <it=  8> <et=14.71> <Mt= 0.03> <Spt= 0.03> <nCl= 10> <al=0.10> <DB=  893.5028> <Mlp=  928.7418> <PB=976.2> 
<DWph=2> <it=  9> <et=14.76> <Mt= 0.01> <Spt= 0.03> <nCl=  6> <al=0.00> <DB=  928.6989> <Mlp=  928.6989> <PB=976.2> 
<DWph=1> <it= 10> <et=14.87> <Mt= 0.00> <Spt= 0.11> <nCl= 30> <al=0.35> <DB=  855.2972> <Mlp=  928.6989> <PB=976.2> 
<DWph=1> <it= 11> <et=15.02> <Mt= 0.04> <Spt= 0.10> <nCl= 13> <al=0.42> <DB=  886.6703> <Mlp=  928.5233> <PB=976.2> 
<DWph=1> <it= 12> <et=15.16> <Mt= 0.04> <Spt= 0.11> <nCl= 14> <al=0.32> <DB=  874.2114> <Mlp=  928.3752> <PB=976.2> 
<DWph=1> <it= 13> <et=15.30> <Mt= 0.03> <Spt= 0.11> <nCl=  7> <al=0.38> <DB=  895.1001> <Mlp=  928.2472> <PB=976.2> 
<DWph=1> <it= 14> <et=15.43> <Mt= 0.03> <Spt= 0.11> <nCl=  3> <al=0.45> <DB=  913.4263> <Mlp=  928.1664> <PB=976.2> 
<DWph=1> <it= 15> <et=15.55> <Mt= 0.01> <Spt= 0.11> <nCl=  5> <al=0.35> <DB=  923.0675> <Mlp=  928.1631> <PB=976.2> 
<DWph=1> <it= 16> <et=15.67> <Mt= 0.00> <Spt= 0.11> <nCl=  5> <al=0.25> <DB=  925.2373> <Mlp=  928.1622> <PB=976.2> 
<DWph=1> <it= 17> <et=15.78> <Mt= 0.01> <Spt= 0.10> <nCl=  2> <al=0.32> <DB=  925.3996> <Mlp=  928.1621> <PB=976.2> 
<DWph=1> <it= 18> <et=15.89> <Mt= 0.00> <Spt= 0.11> <nCl=  1> <al=0.39> <DB=  926.2539> <Mlp=  928.1614> <PB=976.2> 
<DWph=1> <it= 19> <et=16.10> <Mt= 0.01> <Spt= 0.21> <nCl=  1> <al=0.00> <DB=  928.1613> <Mlp=  928.1613> <PB=976.2> 
    RCSP exact solver info for graph G_1 : TT = 0.30639, pt = 0.004342, dt = 0.269577, ct = 0.031462, ndl = 38', bdl = 410', odl = 33', odf = 200', bsi = 3', cnt = 159', bdch = 13241', odch = 2082', lcp = 3323', #sols = 150
<DWph=0> <it= 20> <et=16.43> <Mt= 0.00> <Spt= 0.32> <nCl=112> <al=0.35> <DB=  884.1438> <Mlp=  928.1613> <PB=976.2> 
    RCSP exact solver info for graph G_1 : TT = 0.280827, pt = 0.004799, dt = 0.24542, ct = 0.02954, ndl = 36', bdl = 394', odl = 32', odf = 193', bsi = 3', cnt = 148', bdch = 12184', odch = 1893', lcp = 3030', #sols = 150
<DWph=0> <it= 21> <et=16.76> <Mt= 0.04> <Spt= 0.29> <nCl=  8> <al=0.25> <DB=  916.9728> <Mlp=  927.9257> <PB=976.2> 
    RCSP exact solver info for graph G_1 : TT = 0.27498, pt = 0.004701, dt = 0.240444, ct = 0.028734, ndl = 35', bdl = 386', odl = 31', odf = 188', bsi = 3', cnt = 140', bdch = 11854', odch = 1816', lcp = 2947', #sols = 150
<DWph=0> <it= 22> <et=17.05> <Mt= 0.02> <Spt= 0.28> <nCl=  4> <al=0.15> <DB=  925.3816> <Mlp=  927.9151> <PB=976.2> 
    RCSP exact solver info for graph G_1 : TT = 0.273891, pt = 0.004704, dt = 0.239611, ct = 0.028466, ndl = 36', bdl = 389', odl = 30', odf = 185', bsi = 3', cnt = 138', bdch = 11757', odch = 1785', lcp = 2858', #sols = 150
<DWph=0> <it= 23> <et=17.34> <Mt= 0.00> <Spt= 0.27> <nCl=  2> <al=0.24> <DB=  924.1423> <Mlp=  927.9151> <PB=976.2> 
    RCSP exact solver info for graph G_1 : TT = 0.282317, pt = 0.004746, dt = 0.244315, ct = 0.032243, ndl = 35', bdl = 373', odl = 31', odf = 187', bsi = 3', cnt = 115', bdch = 11345', odch = 1746', lcp = 2737', #sols = 150
<DWph=0> <it= 24> <et=17.64> <Mt= 0.01> <Spt= 0.30> <nCl=  1> <al=0.31> <DB=  926.8877> <Mlp=  927.9128> <PB=976.2> 
    RCSP exact solver info for graph G_1 : TT = 0.268231, pt = 0.004709, dt = 0.233973, ct = 0.028526, ndl = 35', bdl = 378', odl = 31', odf = 185', bsi = 2', cnt = 138', bdch = 11390', odch = 1737', lcp = 2824', #sols = 150
<DWph=0> <it= 25> <et=17.92> <Mt= 0.00> <Spt= 0.27> <nCl=  1> <al=0.38> <DB=  927.5228> <Mlp=  927.9128> <PB=976.2> 
    RCSP exact solver info for graph G_1 : TT = 0.265102, pt = 0.004704, dt = 0.23087, ct = 0.028438, ndl = 34', bdl = 375', odl = 31', odf = 184', bsi = 2', cnt = 135', bdch = 11166', odch = 1708', lcp = 2753', #sols = 150
    RCSP exact solver info for graph G_1 : TT = 0.256354, pt = 0.004129, dt = 0.223772, ct = 0.02739, ndl = 34', bdl = 373', odl = 31', odf = 183', bsi = 2', cnt = 131', bdch = 11109', odch = 1704', lcp = 2750', #sols = 150
<DWph=0> <it= 26> <et=18.45> <Mt= 0.01> <Spt= 0.53> <nCl= 10> <al=0.00> <DB=  927.9128> <Mlp=  927.9128> <PB=976.2> 
Dynamic params and stats :  bidir.bord. = 107.4 aver.obdmd = 7.84314 aver.buck.num. = 23.5294 nbR1C = 100 with avMem = 10.7
@@ 1 5 927.913 0.270348 0.301039 51.8229 18.45
    Full reduced cost fixing is not called (gap ratio is 0.901734)
ColGenEvalAlg final dual bound: 927.913 (rounded: 927.913)
Gap improvement since the last cut separation : 0.0389241 (925.957)
Current active cuts : CAP(1,15.5004) R1C(9+91,92.1355) 1rowPackR1C(9) 3rowPackR1C(91)
Shrinking heuristic shrunk 5 edges
13 Rank-1 1-rows pack. cuts added ,  max viol. = 0.205458, aver. viol. = 0.0743372
150 Rank-1 3-rows pack. cuts added ,  max viol. = 0.328919, aver. viol. = 0.157398
----- Add fac. cuts : R1C(163), max.viol = 0.328919, aver.viol = 0.154398, sep/add took 0.0769611/0.150597 sec. -----
4085 columns (4085 active), 398 dyn. constrs. (265 active), 854 art. vars. (467 active)
<DWph=2> <it=  1> <et=18.87> <Mt= 0.14> <Spt= 0.04> <nCl= 20> <al=0.00> <DB=  929.9682> <Mlp=  929.9682> <PB=976.2> 
<DWph=1> <it=  2> <et=18.99> <Mt= 0.00> <Spt= 0.11> <nCl= 30> <al=0.40> <DB=  816.3831> <Mlp=  929.9682> <PB=976.2> 
<DWph=1> <it=  3> <et=19.14> <Mt= 0.04> <Spt= 0.11> <nCl=  9> <al=0.30> <DB=  902.9494> <Mlp=  929.7898> <PB=976.2> 
<DWph=1> <it=  4> <et=19.28> <Mt= 0.03> <Spt= 0.11> <nCl=  8> <al=0.20> <DB=  900.9709> <Mlp=  929.6974> <PB=976.2> 
<DWph=1> <it=  5> <et=19.40> <Mt= 0.02> <Spt= 0.10> <nCl=  4> <al=0.28> <DB=  918.4256> <Mlp=  929.6905> <PB=976.2> 
<DWph=1> <it=  6> <et=19.51> <Mt= 0.00> <Spt= 0.11> <nCl=  3> <al=0.18> <DB=  921.6414> <Mlp=  929.6901> <PB=976.2> 
<DWph=1> <it=  7> <et=19.63> <Mt= 0.01> <Spt= 0.11> <nCl=  1> <al=0.26> <DB=  927.5802> <Mlp=  929.6886> <PB=976.2> 
<DWph=1> <it=  8> <et=19.85> <Mt= 0.01> <Spt= 0.21> <nCl=  7> <al=0.00> <DB=  923.3702> <Mlp=  929.6870> <PB=976.2> 
<DWph=1> <it=  9> <et=20.06> <Mt= 0.01> <Spt= 0.21> <nCl=  2> <al=0.00> <DB=  928.7647> <Mlp=  929.6870> <PB=976.2> 
<DWph=1> <it= 10> <et=20.17> <Mt= 0.00> <Spt= 0.10> <nCl=  0> <al=0.00> <DB=  929.6870> <Mlp=  929.6870> <PB=976.2> 
    RCSP exact solver info for graph G_1 : TT = 0.312799, pt = 0.004825, dt = 0.273507, ct = 0.0334, ndl = 40', bdl = 421', odl = 34', odf = 210', bsi = 3', cnt = 184', bdch = 14181', odch = 2269', lcp = 3537', #sols = 150
<DWph=0> <it= 11> <et=20.50> <Mt= 0.00> <Spt= 0.33> <nCl= 95> <al=0.00> <DB=  898.3455> <Mlp=  929.6870> <PB=976.2> 
    RCSP exact solver info for graph G_1 : TT = 0.339146, pt = 0.004958, dt = 0.297255, ct = 0.0358, ndl = 41', bdl = 432', odl = 34', odf = 214', bsi = 3', cnt = 227', bdch = 15344', odch = 2435', lcp = 3849', #sols = 150
<DWph=0> <it= 12> <et=20.91> <Mt= 0.06> <Spt= 0.35> <nCl= 34> <al=0.00> <DB=  913.2439> <Mlp=  929.5361> <PB=976.2> 
    RCSP exact solver info for graph G_1 : TT = 0.310327, pt = 0.004823, dt = 0.271682, ct = 0.032697, ndl = 39', bdl = 418', odl = 33', odf = 206', bsi = 3', cnt = 189', bdch = 14063', odch = 2261', lcp = 3562', #sols = 150
<DWph=0> <it= 13> <et=21.25> <Mt= 0.02> <Spt= 0.31> <nCl= 14> <al=0.00> <DB=  918.7214> <Mlp=  929.5199> <PB=976.2> 
    RCSP exact solver info for graph G_1 : TT = 0.313671, pt = 0.004858, dt = 0.274457, ct = 0.033246, ndl = 40', bdl = 425', odl = 33', odf = 206', bsi = 3', cnt = 187', bdch = 14294', odch = 2293', lcp = 3581', #sols = 150
<DWph=0> <it= 14> <et=21.57> <Mt= 0.01> <Spt= 0.32> <nCl= 13> <al=0.08> <DB=  928.6752> <Mlp=  929.5199> <PB=976.2> 
    RCSP exact solver info for graph G_1 : TT = 0.312077, pt = 0.004785, dt = 0.273603, ct = 0.032549, ndl = 39', bdl = 418', odl = 33', odf = 206', bsi = 3', cnt = 186', bdch = 14041', odch = 2258', lcp = 3560', #sols = 150
<DWph=0> <it= 15> <et=21.89> <Mt= 0.00> <Spt= 0.32> <nCl=  1> <al=0.00> <DB=  929.5199> <Mlp=  929.5199> <PB=976.2> 
Dynamic params and stats :  bidir.bord. = 107.4 aver.obdmd = 7.84314 aver.buck.num. = 23.5294 nbR1C = 121 with avMem = 10.3719
@@ 1 6 929.52 0.311639 0.333055 51.8229 21.89
Labels distribution in buckets (bucket size) : largest - 684, top 0.1% - 607, top 0.5% - 269, top 2% - 137, top 10% - 48, top 50% - 0
Reduced cost fixing for graph G_1... 106149 buck. arcs remain (92.4% from prev., 46.4% from max.) + 6574 jump buck. arcs (2.87% from max.)
Backward reduced cost fixing... 103599 buck. arcs remain (92.5% from prev., 46.4% from max.) + 2395 jump buck. arcs (1.07% from max.)
 TT = 4.53984, pt = 0.162754, dt = 3.44005, ct = 0.935317, ndl = 225', bdl = 5831', odl = 143', odf = 1191', lpcb = 3253', cnt = 182414', bdch = 293055', odch = 41503', lcp = 50332'
Labels distribution in buckets (bucket size) : largest - 823, top 0.1% - 805, top 0.5% - 524, top 2% - 261, top 10% - 81, top 50% - 0
Run forward enumeration with border = 107.4... not succeeded (ratio 0.969023) lpt = 0.022071, ndl = 12', dl = 0', lpcb = 12', dch = 70'
 TT = 0.027586, pt = 0, dt = 0.022071, ct = 0, ndl = 12', bdl = 0', lpcb = 12', cnt = 711', bdch = 70', odch = 0', lcp = 0'
ColGenEvalAlg final dual bound: 929.52 (rounded: 929.52)
Gap improvement since the last cut separation : 0.0332818 (927.913)
Current active cuts : CAP(1,10.8039) R1C(11+110,111.813) 1rowPackR1C(11) 3rowPackR1C(110)
Shrinking heuristic shrunk 5 edges
13 Rank-1 1-rows pack. cuts added ,  max viol. = 0.109104, aver. viol. = 0.0498094
150 Rank-1 3-rows pack. cuts added ,  max viol. = 0.322779, aver. viol. = 0.140411
----- Add fac. cuts : R1C(163), max.viol = 0.322779, aver.viol = 0.137127, sep/add took 0.0814388/0.161289 sec. -----
4326 columns (4326 active), 428 dyn. constrs. (285 active), 1017 art. vars. (487 active)
<DWph=2> <it=  1> <et=26.94> <Mt= 0.19> <Spt= 0.02> <nCl=  2> <al=0.50> <DB=  923.2860> <Mlp=  931.0598> <PB=976.2> 
<DWph=2> <it=  2> <et=27.02> <Mt= 0.05> <Spt= 0.03> <nCl= 11> <al=0.10> <DB=  906.5219> <Mlp=  930.9986> <PB=976.2> 
<DWph=2> <it=  3> <et=27.08> <Mt= 0.02> <Spt= 0.03> <nCl=  1> <al=0.00> <DB=  929.0506> <Mlp=  930.9767> <PB=976.2> 
<DWph=2> <it=  4> <et=27.12> <Mt= 0.02> <Spt= 0.03> <nCl=  0> <al=0.00> <DB=  930.9758> <Mlp=  930.9758> <PB=976.2> 
<DWph=1> <it=  5> <et=27.22> <Mt= 0.00> <Spt= 0.11> <nCl= 21> <al=0.25> <DB=  866.2398> <Mlp=  930.9758> <PB=976.2> 
<DWph=1> <it=  6> <et=27.37> <Mt= 0.04> <Spt= 0.10> <nCl= 15> <al=0.15> <DB=  889.8863> <Mlp=  930.9185> <PB=976.2> 
<DWph=1> <it=  7> <et=27.52> <Mt= 0.04> <Spt= 0.11> <nCl=  9> <al=0.05> <DB=  912.4427> <Mlp=  930.8759> <PB=976.2> 
<DWph=1> <it=  8> <et=27.65> <Mt= 0.03> <Spt= 0.11> <nCl=  8> <al=0.00> <DB=  907.4407> <Mlp=  930.8622> <PB=976.2> 
<DWph=1> <it=  9> <et=27.80> <Mt= 0.03> <Spt= 0.11> <nCl=  6> <al=0.06> <DB=  917.6603> <Mlp=  930.8294> <PB=976.2> 
<DWph=1> <it= 10> <et=27.93> <Mt= 0.02> <Spt= 0.11> <nCl=  4> <al=0.15> <DB=  914.7184> <Mlp=  930.8230> <PB=976.2> 
<DWph=1> <it= 11> <et=28.07> <Mt= 0.03> <Spt= 0.11> <nCl=  4> <al=0.05> <DB=  895.5923> <Mlp=  930.8089> <PB=976.2> 
<DWph=1> <it= 12> <et=28.19> <Mt= 0.01> <Spt= 0.11> <nCl=  2> <al=0.14> <DB=  927.8526> <Mlp=  930.8078> <PB=976.2> 
<DWph=1> <it= 13> <et=28.31> <Mt= 0.01> <Spt= 0.11> <nCl=  1> <al=0.23> <DB=  930.1166> <Mlp=  930.8068> <PB=976.2> 
<DWph=1> <it= 14> <et=28.43> <Mt= 0.01> <Spt= 0.11> <nCl=  1> <al=0.13> <DB=  930.6701> <Mlp=  930.8068> <PB=976.2> 
<DWph=1> <it= 15> <et=28.65> <Mt= 0.01> <Spt= 0.21> <nCl=  0> <al=0.00> <DB=  930.8068> <Mlp=  930.8068> <PB=976.2> 
    RCSP exact solver info for graph G_1 : TT = 0.395233, pt = 0.0068, dt = 0.348866, ct = 0.038335, ndl = 48', bdl = 458', odl = 34', odf = 231', bsi = 3', cnt = 328', bdch = 18059', odch = 2979', lcp = 4612', #sols = 150
<DWph=0> <it= 16> <et=29.06> <Mt= 0.00> <Spt= 0.41> <nCl= 65> <al=0.00> <DB=  905.0981> <Mlp=  930.8068> <PB=976.2> 
    RCSP exact solver info for graph G_1 : TT = 0.38067, pt = 0.006538, dt = 0.33676, ct = 0.036104, ndl = 46', bdl = 451', odl = 35', odf = 232', bsi = 3', cnt = 293', bdch = 17647', odch = 2920', lcp = 4579', #sols = 150
<DWph=0> <it= 17> <et=29.51> <Mt= 0.06> <Spt= 0.39> <nCl= 23> <al=0.00> <DB=  907.3911> <Mlp=  930.6791> <PB=976.2> 
    RCSP exact solver info for graph G_1 : TT = 0.382043, pt = 0.006717, dt = 0.337072, ct = 0.037023, ndl = 47', bdl = 458', odl = 34', odf = 229', bsi = 3', cnt = 301', bdch = 17568', odch = 2884', lcp = 4453', #sols = 150
<DWph=0> <it= 18> <et=29.92> <Mt= 0.02> <Spt= 0.39> <nCl=  9> <al=0.00> <DB=  928.1744> <Mlp=  930.6744> <PB=976.2> 
    RCSP exact solver info for graph G_1 : TT = 0.376825, pt = 0.006291, dt = 0.332754, ct = 0.036545, ndl = 46', bdl = 448', odl = 34', odf = 230', bsi = 3', cnt = 311', bdch = 17514', odch = 2909', lcp = 4538', #sols = 150
<DWph=0> <it= 19> <et=30.35> <Mt= 0.04> <Spt= 0.38> <nCl=  8> <al=0.00> <DB=  929.3768> <Mlp=  930.6549> <PB=976.2> 
    RCSP exact solver info for graph G_1 : TT = 0.377997, pt = 0.006362, dt = 0.334123, ct = 0.036238, ndl = 46', bdl = 445', odl = 34', odf = 231', bsi = 3', cnt = 308', bdch = 17440', odch = 2899', lcp = 4563', #sols = 150
<DWph=0> <it= 20> <et=30.74> <Mt= 0.01> <Spt= 0.38> <nCl=  2> <al=0.00> <DB=  929.4840> <Mlp=  930.6548> <PB=976.2> 
    RCSP exact solver info for graph G_1 : TT = 0.377097, pt = 0.006402, dt = 0.333243, ct = 0.036206, ndl = 46', bdl = 445', odl = 34', odf = 231', bsi = 3', cnt = 308', bdch = 17433', odch = 2899', lcp = 4561', #sols = 150
    RCSP exact solver info for graph G_1 : TT = 0.377108, pt = 0.006444, dt = 0.333248, ct = 0.036172, ndl = 46', bdl = 445', odl = 34', odf = 231', bsi = 3', cnt = 308', bdch = 17433', odch = 2899', lcp = 4561', #sols = 150
<DWph=0> <it= 21> <et=31.51> <Mt= 0.01> <Spt= 0.76> <nCl=  0> <al=0.00> <DB=  930.6548> <Mlp=  930.6548> <PB=976.2> 
Dynamic params and stats :  bidir.bord. = 107.4 aver.obdmd = 7.84314 aver.buck.num. = 23.5294 nbR1C = 164 with avMem = 10.7317
@@ 1 7 930.655 0.373241 0.387201 46.4139 31.51
    Full reduced cost fixing is not called (gap ratio is 0.975687)
ColGenEvalAlg final dual bound: 930.655 (rounded: 930.655)
Gap improvement since the last cut separation : 0.0243126 (929.52)
Current active cuts : CAP(1,6.22875) R1C(14+150,130.079) 1rowPackR1C(14) 3rowPackR1C(150)
Shrinking heuristic shrunk 2 edges
4 Rank-1 1-rows pack. cuts added ,  max viol. = 0.0868693, aver. viol. = 0.0432472
150 Rank-1 3-rows pack. cuts added ,  max viol. = 0.229833, aver. viol. = 0.0875381
----- Add fac. cuts : R1C(154), max.viol = 0.232135, aver.viol = 0.0893086, sep/add took 0.0978816/0.164672 sec. -----
4518 columns (4518 active), 439 dyn. constrs. (322 active), 1171 art. vars. (524 active)
<DWph=2> <it=  1> <et=32.05> <Mt= 0.22> <Spt= 0.04> <nCl=  7> <al=0.00> <DB=  931.5275> <Mlp=  931.5275> <PB=976.2> 
<DWph=1> <it=  2> <et=32.17> <Mt= 0.01> <Spt= 0.11> <nCl= 16> <al=0.40> <DB=  876.7880> <Mlp=  931.5275> <PB=976.2> 
<DWph=1> <it=  3> <et=32.33> <Mt= 0.04> <Spt= 0.11> <nCl= 13> <al=0.30> <DB=  911.7869> <Mlp=  931.4979> <PB=976.2> 
<DWph=1> <it=  4> <et=32.48> <Mt= 0.05> <Spt= 0.12> <nCl=  6> <al=0.37> <DB=  920.4777> <Mlp=  931.4788> <PB=976.2> 
<DWph=1> <it=  5> <et=32.62> <Mt= 0.02> <Spt= 0.11> <nCl=  3> <al=0.43> <DB=  926.7108> <Mlp=  931.4708> <PB=976.2> 
<DWph=1> <it=  6> <et=32.74> <Mt= 0.02> <Spt= 0.11> <nCl=  1> <al=0.33> <DB=  924.3727> <Mlp=  931.4705> <PB=976.2> 
<DWph=1> <it=  7> <et=32.98> <Mt= 0.01> <Spt= 0.22> <nCl=  3> <al=0.00> <DB=  911.6723> <Mlp=  931.4697> <PB=976.2> 
<DWph=1> <it=  8> <et=33.12> <Mt= 0.03> <Spt= 0.11> <nCl=  1> <al=0.13> <DB=  931.3046> <Mlp=  931.4671> <PB=976.2> 
<DWph=1> <it=  9> <et=33.34> <Mt= 0.00> <Spt= 0.22> <nCl=  2> <al=0.00> <DB=  931.4671> <Mlp=  931.4671> <PB=976.2> 
    RCSP exact solver info for graph G_1 : TT = 0.452365, pt = 0.007849, dt = 0.39969, ct = 0.043536, ndl = 52', bdl = 457', odl = 35', odf = 250', bsi = 3', cnt = 447', bdch = 20204', odch = 3401', lcp = 5523', #sols = 150
<DWph=0> <it= 10> <et=33.82> <Mt= 0.01> <Spt= 0.47> <nCl= 84> <al=0.00> <DB=  910.3212> <Mlp=  931.4671> <PB=976.2> 
    RCSP exact solver info for graph G_1 : TT = 0.453563, pt = 0.007634, dt = 0.396561, ct = 0.048172, ndl = 51', bdl = 460', odl = 34', odf = 244', bsi = 3', cnt = 328', bdch = 19310', odch = 3291', lcp = 4978', #sols = 150
<DWph=0> <it= 11> <et=34.35> <Mt= 0.07> <Spt= 0.46> <nCl=  5> <al=0.00> <DB=  920.1052> <Mlp=  931.4184> <PB=976.2> 
    RCSP exact solver info for graph G_1 : TT = 0.444681, pt = 0.007602, dt = 0.392679, ct = 0.043192, ndl = 51', bdl = 466', odl = 35', odf = 249', bsi = 3', cnt = 401', bdch = 20357', odch = 3453', lcp = 5472', #sols = 150
<DWph=0> <it= 12> <et=34.84> <Mt= 0.02> <Spt= 0.46> <nCl=  4> <al=0.00> <DB=  928.1515> <Mlp=  931.4157> <PB=976.2> 
    RCSP exact solver info for graph G_1 : TT = 0.451119, pt = 0.007612, dt = 0.397809, ct = 0.044396, ndl = 52', bdl = 471', odl = 35', odf = 249', bsi = 3', cnt = 412', bdch = 20505', odch = 3462', lcp = 5492', #sols = 150
<DWph=0> <it= 13> <et=35.30> <Mt= 0.02> <Spt= 0.45> <nCl=  8> <al=0.05> <DB=  929.9811> <Mlp=  931.4157> <PB=976.2> 
    RCSP exact solver info for graph G_1 : TT = 0.442067, pt = 0.007588, dt = 0.390205, ct = 0.043006, ndl = 51', bdl = 466', odl = 35', odf = 247', bsi = 3', cnt = 397', bdch = 20167', odch = 3412', lcp = 5395', #sols = 150
<DWph=0> <it= 14> <et=35.76> <Mt= 0.01> <Spt= 0.45> <nCl=  2> <al=0.00> <DB=  929.9879> <Mlp=  931.4155> <PB=976.2> 
    RCSP exact solver info for graph G_1 : TT = 0.436926, pt = 0.007665, dt = 0.385772, ct = 0.0422, ndl = 51', bdl = 459', odl = 35', odf = 247', bsi = 3', cnt = 390', bdch = 19850', odch = 3359', lcp = 5348', #sols = 150
    RCSP exact solver info for graph G_1 : TT = 0.436628, pt = 0.007598, dt = 0.385584, ct = 0.042155, ndl = 51', bdl = 463', odl = 35', odf = 246', bsi = 3', cnt = 389', bdch = 19916', odch = 3363', lcp = 5293', #sols = 150
<DWph=0> <it= 15> <et=36.65> <Mt= 0.00> <Spt= 0.88> <nCl=  1> <al=0.00> <DB=  931.4155> <Mlp=  931.4155> <PB=976.2> 
Dynamic params and stats :  bidir.bord. = 107.8 aver.obdmd = 7.84314 aver.buck.num. = 23.5294 nbR1C = 183 with avMem = 11.7104
@@ 1 8 931.415 0.436422 0.444733 48.3986 36.65
    Full reduced cost fixing is not called (gap ratio is 0.959392)
ColGenEvalAlg final dual bound: 931.415 (rounded: 931.415)
Gap improvement since the last cut separation : 0.0167013 (930.655)
Separator R1C not in maximum phase
Cut generation tailing off counter increased to 0
Current active cuts : CAP(1,2.95149) R1C(13+170,139.34) 1rowPackR1C(13) 3rowPackR1C(170)
Shrinking heuristic shrunk 2 edges
6 Rank-1 1-rows pack. cuts added ,  max viol. = 0.256821, aver. viol. = 0.0762444
150 Rank-1 3-rows pack. cuts added ,  max viol. = 0.202389, aver. viol. = 0.0724754
Building structures for heuristic rank-1 packing cut separation...done!
100 Rank-1 4-rows pack. cuts added ,  max viol. = 0.173689, aver. viol. = 0.0608874
----- Add fac. cuts : R1C(256), max.viol = 0.294257, aver.viol = 0.0777776, sep/add took 0.24101/0.288166 sec. -----
4674 columns (4674 active), 578 dyn. constrs. (442 active), 1427 art. vars. (644 active)
<DWph=2> <it=  1> <et=37.65> <Mt= 0.40> <Spt= 0.05> <nCl= 17> <al=0.00> <DB=  928.8885> <Mlp=  932.5000> <PB=932.5> 
<DWph=2> <it=  2> <et=37.69> <Mt= 0.02> <Spt= 0.03> <nCl=  6> <al=0.40> <DB=  929.6731> <Mlp=  932.5000> <PB=932.5> 
<DWph=2> <it=  3> <et=37.78> <Mt= 0.04> <Spt= 0.04> <nCl= 14> <al=0.00> <DB=  923.9110> <Mlp=  932.5000> <PB=932.5> 
<DWph=2> <it=  4> <et=37.84> <Mt= 0.02> <Spt= 0.04> <nCl=  2> <al=0.00> <DB=  932.5000> <Mlp=  932.5000> <PB=932.5> 
<DWph=1> <it=  5> <et=37.97> <Mt= 0.01> <Spt= 0.12> <nCl= 20> <al=0.26> <DB=  906.6317> <Mlp=  932.5000> <PB=932.5> 
<DWph=1> <it=  6> <et=38.28> <Mt= 0.18> <Spt= 0.13> <nCl= 20> <al=0.16> <DB=  845.0416> <Mlp=  932.4314> <PB=932.5> 
<DWph=1> <it=  7> <et=38.47> <Mt= 0.06> <Spt= 0.13> <nCl= 12> <al=0.24> <DB=  874.8161> <Mlp=  932.4211> <PB=932.5> 
<DWph=1> <it=  8> <et=38.67> <Mt= 0.08> <Spt= 0.13> <nCl=  9> <al=0.32> <DB=  904.1587> <Mlp=  932.4039> <PB=932.5> 
<DWph=1> <it=  9> <et=38.84> <Mt= 0.04> <Spt= 0.12> <nCl=  2> <al=0.39> <DB=  920.8206> <Mlp=  932.3988> <PB=932.5> 
<DWph=1> <it= 10> <et=38.97> <Mt= 0.01> <Spt= 0.13> <nCl=  5> <al=0.29> <DB=  914.5923> <Mlp=  932.3988> <PB=932.5> 
<DWph=1> <it= 11> <et=39.13> <Mt= 0.02> <Spt= 0.12> <nCl=  2> <al=0.36> <DB=  907.4133> <Mlp=  932.3975> <PB=932.5> 
<DWph=1> <it= 12> <et=39.27> <Mt= 0.02> <Spt= 0.13> <nCl=  3> <al=0.42> <DB=  890.9200> <Mlp=  932.3975> <PB=932.5> 
<DWph=1> <it= 13> <et=39.42> <Mt= 0.02> <Spt= 0.12> <nCl=  2> <al=0.48> <DB=  887.7067> <Mlp=  932.3975> <PB=932.5> 
<DWph=1> <it= 14> <et=39.57> <Mt= 0.03> <Spt= 0.12> <nCl=  1> <al=0.53> <DB=  917.7321> <Mlp=  932.3975> <PB=932.5> 
<DWph=1> <it= 15> <et=39.82> <Mt= 0.01> <Spt= 0.25> <nCl=  3> <al=0.00> <DB=  913.6991> <Mlp=  932.3975> <PB=932.5> 
<DWph=1> <it= 16> <et=40.07> <Mt= 0.01> <Spt= 0.24> <nCl=  1> <al=0.00> <DB=  929.5155> <Mlp=  932.3975> <PB=932.5> 
<DWph=1> <it= 17> <et=40.32> <Mt= 0.01> <Spt= 0.23> <nCl=  1> <al=0.00> <DB=  932.3975> <Mlp=  932.3975> <PB=932.5> 
    RCSP exact solver info for graph G_1 : TT = 0.647929, pt = 0.008799, dt = 0.57033, ct = 0.06747, ndl = 63', bdl = 549', odl = 40', odf = 303', bsi = 3', cnt = 563', bdch = 28302', odch = 5149', lcp = 7578', #sols = 150
<DWph=0> <it= 18> <et=41.01> <Mt= 0.01> <Spt= 0.69> <nCl=150> <al=0.13> <DB=  884.5955> <Mlp=  932.3975> <PB=932.5> 
    RCSP exact solver info for graph G_1 : TT = 0.615651, pt = 0.011167, dt = 0.544306, ct = 0.058933, ndl = 62', bdl = 542', odl = 38', odf = 291', bsi = 3', cnt = 570', bdch = 27014', odch = 4650', lcp = 7319', #sols = 150
<DWph=0> <it= 19> <et=41.85> <Mt= 0.18> <Spt= 0.65> <nCl=106> <al=0.03> <DB=  893.6139> <Mlp=  932.1000> <PB=932.5> 
    RCSP exact solver info for graph G_1 : TT = 0.650089, pt = 0.012643, dt = 0.572957, ct = 0.063086, ndl = 64', bdl = 548', odl = 38', odf = 294', bsi = 3', cnt = 629', bdch = 28036', odch = 4840', lcp = 7652', #sols = 150
<DWph=0> <it= 20> <et=42.64> <Mt= 0.13> <Spt= 0.66> <nCl= 32> <al=0.13> <DB=  922.9388> <Mlp=  932.1000> <PB=932.1> 
    RCSP exact solver info for graph G_1 : TT = 0.652466, pt = 0.013042, dt = 0.574988, ct = 0.062982, ndl = 63', bdl = 544', odl = 38', odf = 293', bsi = 3', cnt = 623', bdch = 27666', odch = 4812', lcp = 7521', #sols = 150
<DWph=0> <it= 21> <et=43.36> <Mt= 0.06> <Spt= 0.66> <nCl=  9> <al=0.22> <DB=  930.1173> <Mlp=  932.1000> <PB=932.1> 
    RCSP exact solver info for graph G_1 : TT = 0.651925, pt = 0.013, dt = 0.574258, ct = 0.06322, ndl = 63', bdl = 545', odl = 38', odf = 293', bsi = 3', cnt = 626', bdch = 27696', odch = 4831', lcp = 7536', #sols = 150
<DWph=0> <it= 22> <et=44.04> <Mt= 0.03> <Spt= 0.66> <nCl=  2> <al=0.12> <DB=  931.4096> <Mlp=  932.1000> <PB=932.1> 
    RCSP exact solver info for graph G_1 : TT = 0.65795, pt = 0.013156, dt = 0.579831, ct = 0.063499, ndl = 63', bdl = 544', odl = 38', odf = 293', bsi = 3', cnt = 629', bdch = 27712', odch = 4840', lcp = 7546', #sols = 150
    RCSP exact solver info for graph G_1 : TT = 0.614333, pt = 0.010669, dt = 0.542568, ct = 0.059709, ndl = 62', bdl = 534', odl = 39', odf = 293', bsi = 3', cnt = 624', bdch = 27135', odch = 4752', lcp = 7445', #sols = 150
<DWph=0> <it= 23> <et=45.34> <Mt= 0.01> <Spt= 1.28> <nCl=  5> <al=0.00> <DB=  932.1000> <Mlp=  932.1000> <PB=932.1> 
Dynamic params and stats :  bidir.bord. = 108.2 aver.obdmd = 7.84314 aver.buck.num. = 23.5294 nbR1C = 238 with avMem = 12.8361
@@ 1 9 932.1 0.628305 0.64333 48.3986 45.34
ColGenEvalAlg final dual bound: 932.1 (rounded: 932.1)
Gap improvement since the last cut separation : 1 (931.415)
Current active cuts : R1C(14+224,162.374) 1rowPackR1C(14) 3rowPackR1C(184) 4rowPackR1C(40)
New model incumbent solution 932.1, TIME = 0h0m45s36t = 4536
************************************************************************************************
Search is finished, global bounds : [ 932.1 , 932.1 ], TIME = 0h0m45s37t = 4537
************************************************************************************************
instance_name solver_name ext_heuristic solution_value solution_time best_lb root_lb root_time nb_branch_and_bound_nodes status
/home/logis/Downloads/VRPSolverEasy/VRPSolverEasy/demos/data/CVRPTW/R108 CLP False 932.0997236198043 45.372245987 932.0997236198043 932.1000000000018 45.368764088 1 0

