Node memory for rank-1 cuts will be used (7.54936)
~~~~~~~~~~~~~~~~~~~~~~~~~~~~~~~~~~~~~~~~~~~~~~~~~~~~~~~~~~~~~~~~~~~~~~~~~~~~~~~~~~~~~
VRPSolver v0.5.27, 24/02/2023, © Inria Bordeaux, France, vrpsolver.math.u-bordeaux.fr
      Corresponds to the solver by Pessoa, Sadykov, Uchoa and Vanderbeck (2020)
                 Paper: dx.doi.org/10.1007/s10107-020-01523-z
~~~~~~~~~~~~~~~~~~~~~~~~~~~~~~~~~~~~~~~~~~~~~~~~~~~~~~~~~~~~~~~~~~~~~~~~~~~~~~~~~~~~~
   BaPCod v0.77, 15/03/2023, © Inria Bordeaux, France, bapcod.math.u-bordeaux.fr 
           THIS CODE IS PROVIDED AS IS, USE IT AT YOUR OWN RISK
~~~~~~~~~~~~~~~~~~~~~~~~~~~~~~~~~~~~~~~~~~~~~~~~~~~~~~~~~~~~~~~~~~~~~~~~~~~~~~~~~~~~~
Bucket steps were recalculated for graph G_1 : [4]
RCSP solver info : symmetric case is detected for graph G_1! 
Bidirectional border value is initialised to 50
RCSP solver info : number of forw. reachable buckets / buck. strongly connected components is 1642( 94.2595% ) / 1267( 77.162% )
Generating neighbourhoods for rank-1 cuts separation
Building structures for 4- and 5-row rank-1 packing cut separation...done!
Model is built TIME = 0h0m0s3t = 3
************************************************************************************************
**** BaB tree root node
**** Local DB = -1e+12, global bounds : [ -1e+12 , 1e+06 ], TIME = 0h0m0s3t = 3
**** 1 open nodes, 0 columns (0 active), 0 dyn. constrs. (0 active), 132 art. vars. (132 active)
************************************************************************************************
#<DWph=2> <it=  1> <et=0.03> <Mt= 0.00> <Spt= 0.00> <nCl= 30> <al=0.00> <DB=-297189173.5385> <Mlp=5132307.6923> <PB=1000000> 
#<DWph=2> <it=  2> <et=0.04> <Mt= 0.00> <Spt= 0.00> <nCl= 30> <al=0.55> <DB=-186167980.5603> <Mlp=4936064.7378> <PB=1000000> 
#<DWph=2> <it=  3> <et=0.04> <Mt= 0.00> <Spt= 0.01> <nCl= 30> <al=0.45> <DB=-213610174.5723> <Mlp=4827062.9650> <PB=1000000> 
#<DWph=2> <it=  4> <et=0.05> <Mt= 0.00> <Spt= 0.00> <nCl= 30> <al=0.51> <DB=-133483532.1529> <Mlp=4789649.4343> <PB=1000000> 
#<DWph=2> <it=  5> <et=0.05> <Mt= 0.00> <Spt= 0.01> <nCl= 30> <al=0.41> <DB=-118637177.8259> <Mlp=4622386.7424> <PB=1000000> 
#<DWph=2> <it=  6> <et=0.06> <Mt= 0.00> <Spt= 0.00> <nCl= 30> <al=0.46> <DB=-171385167.9211> <Mlp=4526639.3783> <PB=1000000> 
#<DWph=2> <it=  7> <et=0.06> <Mt= 0.00> <Spt= 0.01> <nCl= 30> <al=0.52> <DB=-109627870.9752> <Mlp=4498001.7678> <PB=1000000> 
#<DWph=2> <it=  8> <et=0.07> <Mt= 0.00> <Spt= 0.00> <nCl= 30> <al=0.42> <DB=-80185257.7236> <Mlp=4425251.7923> <PB=1000000> 
#<DWph=2> <it=  9> <et=0.07> <Mt= 0.00> <Spt= 0.01> <nCl= 30> <al=0.32> <DB=-77454006.1365> <Mlp=4313866.1608> <PB=1000000> 
#<DWph=2> <it= 10> <et=0.08> <Mt= 0.00> <Spt= 0.00> <nCl= 30> <al=0.39> <DB=-65328272.4995> <Mlp=4236808.7566> <PB=1000000> 
#<DWph=2> <it= 11> <et=0.08> <Mt= 0.00> <Spt= 0.01> <nCl= 30> <al=0.45> <DB=-80650321.6253> <Mlp=4038102.1916> <PB=1000000> 
#<DWph=2> <it= 12> <et=0.08> <Mt= 0.00> <Spt= 0.00> <nCl= 30> <al=0.50> <DB=-69206509.6702> <Mlp=3929017.0619> <PB=1000000> 
#<DWph=2> <it= 13> <et=0.09> <Mt= 0.00> <Spt= 0.00> <nCl= 30> <al=0.55> <DB=-73147763.0179> <Mlp=3879552.5281> <PB=1000000> 
#<DWph=2> <it= 14> <et=0.09> <Mt= 0.00> <Spt= 0.01> <nCl= 30> <al=0.60> <DB=-60855099.8221> <Mlp=3817998.3396> <PB=1000000> 
#<DWph=2> <it= 15> <et=0.10> <Mt= 0.00> <Spt= 0.00> <nCl= 30> <al=0.64> <DB=-61653373.9566> <Mlp=3812261.1719> <PB=1000000> 
#<DWph=2> <it= 16> <et=0.10> <Mt= 0.00> <Spt= 0.01> <nCl= 30> <al=0.54> <DB=-52412621.5222> <Mlp=3680413.4174> <PB=1000000> 
#<DWph=2> <it= 17> <et=0.11> <Mt= 0.00> <Spt= 0.00> <nCl= 30> <al=0.58> <DB=-43010031.0689> <Mlp=3561298.8894> <PB=1000000> 
#<DWph=2> <it= 18> <et=0.11> <Mt= 0.00> <Spt= 0.00> <nCl= 30> <al=0.48> <DB=-38846314.7491> <Mlp=3436907.6856> <PB=1000000> 
#<DWph=2> <it= 19> <et=0.12> <Mt= 0.00> <Spt= 0.01> <nCl= 30> <al=0.54> <DB=-35883355.3074> <Mlp=3213464.1476> <PB=1000000> 
#<DWph=2> <it= 20> <et=0.12> <Mt= 0.00> <Spt= 0.00> <nCl= 30> <al=0.58> <DB=-37415227.6763> <Mlp=2982492.3008> <PB=1000000> 
#<DWph=2> <it= 21> <et=0.13> <Mt= 0.00> <Spt= 0.01> <nCl= 30> <al=0.62> <DB=-34592100.9360> <Mlp=2948514.5286> <PB=1000000> 
#<DWph=2> <it= 22> <et=0.13> <Mt= 0.00> <Spt= 0.00> <nCl= 30> <al=0.66> <DB=-32701025.1737> <Mlp=2883575.1940> <PB=1000000> 
#<DWph=2> <it= 23> <et=0.14> <Mt= 0.00> <Spt= 0.01> <nCl= 30> <al=0.70> <DB=-29392978.4971> <Mlp=2775750.6671> <PB=1000000> 
#<DWph=2> <it= 24> <et=0.14> <Mt= 0.01> <Spt= 0.00> <nCl= 30> <al=0.73> <DB=-28213448.2934> <Mlp=2283025.0641> <PB=1000000> 
#<DWph=2> <it= 25> <et=0.15> <Mt= 0.00> <Spt= 0.00> <nCl= 30> <al=0.75> <DB=-27768556.6823> <Mlp=1999781.4861> <PB=1000000> 
#<DWph=2> <it= 26> <et=0.15> <Mt= 0.00> <Spt= 0.01> <nCl= 30> <al=0.78> <DB=-26175233.4039> <Mlp=1644488.5236> <PB=1000000> 
#<DWph=2> <it= 27> <et=0.16> <Mt= 0.00> <Spt= 0.00> <nCl= 30> <al=0.68> <DB=-25952122.6348> <Mlp=1562188.2752> <PB=1000000> 
#<DWph=2> <it= 28> <et=0.17> <Mt= 0.00> <Spt= 0.01> <nCl= 30> <al=0.71> <DB=-32102173.2358> <Mlp=1431877.6498> <PB=1000000> 
#<DWph=2> <it= 29> <et=0.17> <Mt= 0.00> <Spt= 0.00> <nCl= 30> <al=0.74> <DB=-24663568.8470> <Mlp=1413447.1194> <PB=1000000> 
#<DWph=2> <it= 30> <et=0.18> <Mt= 0.00> <Spt= 0.00> <nCl= 30> <al=0.64> <DB=-23711079.0106> <Mlp=1288773.1829> <PB=1000000> 
#<DWph=2> <it= 31> <et=0.18> <Mt= 0.01> <Spt= 0.01> <nCl= 30> <al=0.68> <DB=-24371895.3574> <Mlp=1226890.8432> <PB=1000000> 
#<DWph=2> <it= 32> <et=0.19> <Mt= 0.00> <Spt= 0.00> <nCl= 30> <al=0.71> <DB=-23181901.7058> <Mlp=1028947.2708> <PB=1000000> 
#<DWph=2> <it= 33> <et=0.20> <Mt= 0.00> <Spt= 0.01> <nCl= 30> <al=0.74> <DB=-20634348.7291> <Mlp=791592.4800> <PB=1000000> 
#<DWph=2> <it= 34> <et=0.20> <Mt= 0.00> <Spt= 0.00> <nCl= 30> <al=0.64> <DB=-19704515.5734> <Mlp=405130.4346> <PB=1000000> 
#<DWph=2> <it= 35> <et=0.21> <Mt= 0.01> <Spt= 0.01> <nCl= 30> <al=0.67> <DB=-12703889.1490> <Mlp=10605.5414> <PB=1000000> 
#<DWph=2> <it= 36> <et=0.22> <Mt= 0.00> <Spt= 0.00> <nCl= 29> <al=0.57> <DB=-6360033.9824> <Mlp= 8932.1349> <PB=1000000> 
#<DWph=2> <it= 37> <et=0.22> <Mt= 0.00> <Spt= 0.00> <nCl= 30> <al=0.47> <DB=-1901549.4860> <Mlp= 8876.9434> <PB=1000000> 
#<DWph=2> <it= 38> <et=0.23> <Mt= 0.00> <Spt= 0.00> <nCl= 30> <al=0.37> <DB=-249344.2579> <Mlp= 6219.5133> <PB=1000000> 
<DWph=2> <it= 39> <et=0.23> <Mt= 0.01> <Spt= 0.01> <nCl=  1> <al=0.44> <DB=-106899.4438> <Mlp= 2689.4520> <PB=1000000> 
<DWph=2> <it= 40> <et=0.24> <Mt= 0.00> <Spt= 0.00> <nCl=  2> <al=0.34> <DB=-33827.9955> <Mlp= 2687.4173> <PB=1000000> 
<DWph=2> <it= 41> <et=0.24> <Mt= 0.00> <Spt= 0.00> <nCl= 21> <al=0.24> <DB=-5857.7606> <Mlp= 2684.8190> <PB=1000000> 
<DWph=2> <it= 42> <et=0.24> <Mt= 0.00> <Spt= 0.00> <nCl= 30> <al=0.14> <DB=-21572.2040> <Mlp= 2605.6516> <PB=1000000> 
<DWph=2> <it= 43> <et=0.25> <Mt= 0.00> <Spt= 0.01> <nCl= 30> <al=0.22> <DB=-11960.7924> <Mlp= 2484.3914> <PB=1000000> 
<DWph=2> <it= 44> <et=0.26> <Mt= 0.01> <Spt= 0.00> <nCl= 30> <al=0.30> <DB=-3998.9506> <Mlp= 2382.5833> <PB=1000000> 
<DWph=2> <it= 45> <et=0.26> <Mt= 0.00> <Spt= 0.01> <nCl= 30> <al=0.37> <DB=-11465.6636> <Mlp= 2330.5305> <PB=1000000> 
<DWph=2> <it= 46> <et=0.27> <Mt= 0.00> <Spt= 0.00> <nCl= 30> <al=0.43> <DB=-22654.8610> <Mlp= 2140.4004> <PB=1000000> 
<DWph=2> <it= 47> <et=0.28> <Mt= 0.00> <Spt= 0.01> <nCl= 30> <al=0.49> <DB=-5751.5646> <Mlp= 2120.0366> <PB=1000000> 
<DWph=2> <it= 48> <et=0.28> <Mt= 0.01> <Spt= 0.00> <nCl= 30> <al=0.54> <DB=-3558.3706> <Mlp= 1994.6492> <PB=1000000> 
<DWph=2> <it= 49> <et=0.29> <Mt= 0.00> <Spt= 0.00> <nCl= 30> <al=0.59> <DB=-4735.4833> <Mlp= 1973.8708> <PB=1000000> 
<DWph=2> <it= 50> <et=0.30> <Mt= 0.00> <Spt= 0.01> <nCl= 30> <al=0.63> <DB=-4514.9779> <Mlp= 1830.5546> <PB=1000000> 
<DWph=2> <it= 51> <et=0.30> <Mt= 0.00> <Spt= 0.00> <nCl= 30> <al=0.67> <DB=-3798.2945> <Mlp= 1774.4853> <PB=1000000> 
<DWph=2> <it= 52> <et=0.31> <Mt= 0.00> <Spt= 0.01> <nCl= 30> <al=0.70> <DB=-2994.9935> <Mlp= 1742.1800> <PB=1000000> 
<DWph=2> <it= 53> <et=0.32> <Mt= 0.01> <Spt= 0.00> <nCl= 30> <al=0.73> <DB=-3358.0822> <Mlp= 1706.9872> <PB=1000000> 
<DWph=2> <it= 54> <et=0.33> <Mt= 0.00> <Spt= 0.01> <nCl= 30> <al=0.76> <DB=-1509.9706> <Mlp= 1686.2413> <PB=1000000> 
<DWph=2> <it= 55> <et=0.33> <Mt= 0.00> <Spt= 0.00> <nCl= 30> <al=0.66> <DB=-4079.1324> <Mlp= 1615.9746> <PB=1000000> 
<DWph=2> <it= 56> <et=0.34> <Mt= 0.01> <Spt= 0.00> <nCl= 30> <al=0.69> <DB=-3286.4122> <Mlp= 1558.0016> <PB=1000000> 
<DWph=2> <it= 57> <et=0.35> <Mt= 0.00> <Spt= 0.01> <nCl= 30> <al=0.72> <DB= -554.6304> <Mlp= 1488.8626> <PB=1000000> 
<DWph=2> <it= 58> <et=0.36> <Mt= 0.00> <Spt= 0.00> <nCl= 30> <al=0.75> <DB= -135.5382> <Mlp= 1452.5965> <PB=1000000> 
<DWph=2> <it= 59> <et=0.36> <Mt= 0.01> <Spt= 0.01> <nCl= 30> <al=0.77> <DB=  267.1578> <Mlp= 1413.0725> <PB=1000000> 
<DWph=2> <it= 60> <et=0.37> <Mt= 0.00> <Spt= 0.00> <nCl= 30> <al=0.67> <DB= -531.2021> <Mlp= 1378.7835> <PB=1000000> 
<DWph=2> <it= 61> <et=0.38> <Mt= 0.00> <Spt= 0.01> <nCl= 30> <al=0.71> <DB=  403.9849> <Mlp= 1359.4998> <PB=1000000> 
<DWph=2> <it= 62> <et=0.39> <Mt= 0.01> <Spt= 0.00> <nCl= 27> <al=0.74> <DB=  763.1428> <Mlp= 1338.1940> <PB=1000000> 
<DWph=2> <it= 63> <et=0.39> <Mt= 0.00> <Spt= 0.00> <nCl= 30> <al=0.64> <DB=  738.7991> <Mlp= 1317.6945> <PB=1000000> 
<DWph=2> <it= 64> <et=0.40> <Mt= 0.00> <Spt= 0.01> <nCl= 19> <al=0.67> <DB= 1208.2503> <Mlp= 1310.9534> <PB=1000000> 
<DWph=2> <it= 65> <et=0.41> <Mt= 0.00> <Spt= 0.00> <nCl= 30> <al=0.57> <DB= 1202.9386> <Mlp= 1305.3055> <PB=1000000> 
<DWph=2> <it= 66> <et=0.41> <Mt= 0.01> <Spt= 0.01> <nCl= 28> <al=0.47> <DB= 1224.7327> <Mlp= 1297.4743> <PB=1000000> 
<DWph=2> <it= 67> <et=0.42> <Mt= 0.00> <Spt= 0.00> <nCl= 29> <al=0.53> <DB= 1200.2975> <Mlp= 1285.1529> <PB=1000000> 
<DWph=2> <it= 68> <et=0.43> <Mt= 0.00> <Spt= 0.01> <nCl= 27> <al=0.43> <DB= 1217.4977> <Mlp= 1276.5771> <PB=1000000> 
<DWph=2> <it= 69> <et=0.43> <Mt= 0.00> <Spt= 0.00> <nCl= 29> <al=0.33> <DB= 1212.7157> <Mlp= 1273.2297> <PB=1000000> 
<DWph=2> <it= 70> <et=0.44> <Mt= 0.00> <Spt= 0.01> <nCl= 28> <al=0.23> <DB= 1221.1831> <Mlp= 1270.1132> <PB=1000000> 
<DWph=2> <it= 71> <et=0.45> <Mt= 0.01> <Spt= 0.00> <nCl= 28> <al=0.13> <DB= 1242.0580> <Mlp= 1268.0443> <PB=1000000> 
<DWph=2> <it= 72> <et=0.45> <Mt= 0.00> <Spt= 0.00> <nCl= 25> <al=0.03> <DB= 1240.1235> <Mlp= 1266.3020> <PB=1000000> 
<DWph=2> <it= 73> <et=0.46> <Mt= 0.00> <Spt= 0.01> <nCl= 24> <al=0.12> <DB= 1208.5728> <Mlp= 1266.0194> <PB=1000000> 
<DWph=2> <it= 74> <et=0.46> <Mt= 0.00> <Spt= 0.00> <nCl= 16> <al=0.21> <DB= 1246.4232> <Mlp= 1264.9119> <PB=1000000> 
<DWph=2> <it= 75> <et=0.47> <Mt= 0.00> <Spt= 0.01> <nCl= 15> <al=0.29> <DB= 1236.0049> <Mlp= 1264.6512> <PB=1000000> 
<DWph=2> <it= 76> <et=0.48> <Mt= 0.00> <Spt= 0.00> <nCl=  9> <al=0.19> <DB= 1254.2314> <Mlp= 1264.2694> <PB=1000000> 
<DWph=2> <it= 77> <et=0.48> <Mt= 0.00> <Spt= 0.01> <nCl=  9> <al=0.27> <DB= 1259.8729> <Mlp= 1264.0740> <PB=1000000> 
<DWph=2> <it= 78> <et=0.49> <Mt= 0.01> <Spt= 0.00> <nCl= 11> <al=0.00> <DB= 1264.0740> <Mlp= 1264.0740> <PB=1000000> 
<DWph=1> <it= 79> <et=0.50> <Mt= 0.00> <Spt= 0.01> <nCl= 26> <al=0.07> <DB= 1210.0815> <Mlp= 1264.0740> <PB=1000000> 
<DWph=1> <it= 80> <et=0.51> <Mt= 0.00> <Spt= 0.01> <nCl= 26> <al=0.00> <DB= 1237.9323> <Mlp= 1262.4269> <PB=1000000> 
<DWph=1> <it= 81> <et=0.52> <Mt= 0.00> <Spt= 0.01> <nCl= 15> <al=0.07> <DB= 1237.7289> <Mlp= 1260.9111> <PB=1000000> 
<DWph=1> <it= 82> <et=0.53> <Mt= 0.00> <Spt= 0.01> <nCl= 13> <al=0.17> <DB= 1233.6579> <Mlp= 1260.3055> <PB=1000000> 
<DWph=1> <it= 83> <et=0.54> <Mt= 0.00> <Spt= 0.01> <nCl= 13> <al=0.07> <DB= 1237.9560> <Mlp= 1259.3614> <PB=1000000> 
<DWph=1> <it= 84> <et=0.55> <Mt= 0.00> <Spt= 0.01> <nCl= 12> <al=0.16> <DB= 1243.6343> <Mlp= 1258.6588> <PB=1000000> 
<DWph=1> <it= 85> <et=0.56> <Mt= 0.00> <Spt= 0.01> <nCl=  5> <al=0.24> <DB= 1252.1964> <Mlp= 1258.6455> <PB=1000000> 
<DWph=1> <it= 86> <et=0.57> <Mt= 0.00> <Spt= 0.01> <nCl=  5> <al=0.32> <DB= 1256.5766> <Mlp= 1258.6302> <PB=1000000> 
<DWph=1> <it= 87> <et=0.58> <Mt= 0.01> <Spt= 0.00> <nCl=  2> <al=0.22> <DB= 1256.6787> <Mlp= 1258.6295> <PB=1000000> 
<DWph=1> <it= 88> <et=0.60> <Mt= 0.00> <Spt= 0.02> <nCl=  4> <al=0.00> <DB= 1258.6295> <Mlp= 1258.6295> <PB=1000000> 
    RCSP exact solver info for graph G_1 : TT = 0.031441, pt = 1.2e-05, dt = 0.027489, ct = 0.003574, ndl = 7', bdl = 212', odl = 3', odf = 25', bsi = 1', cnt = 21', bdch = 2646', odch = 60', lcp = 115', #sols = 150
<DWph=0> <it= 89> <et=0.63> <Mt= 0.00> <Spt= 0.04> <nCl=133> <al=0.20> <DB= 1230.7767> <Mlp= 1258.6295> <PB=1000000> 
    RCSP exact solver info for graph G_1 : TT = 0.024572, pt = 3.2e-05, dt = 0.020653, ct = 0.003496, ndl = 7', bdl = 211', odl = 3', odf = 25', bsi = 1', cnt = 21', bdch = 2629', odch = 58', lcp = 114', #sols = 150
<DWph=0> <it= 90> <et=0.66> <Mt= 0.00> <Spt= 0.02> <nCl= 52> <al=0.28> <DB= 1248.9794> <Mlp= 1257.7297> <PB=1000000> 
    RCSP exact solver info for graph G_1 : TT = 0.024066, pt = 2.6e-05, dt = 0.020236, ct = 0.003463, ndl = 7', bdl = 207', odl = 2', odf = 24', bsi = 1', cnt = 20', bdch = 2540', odch = 56', lcp = 113', #sols = 150
<DWph=0> <it= 91> <et=0.69> <Mt= 0.00> <Spt= 0.03> <nCl=  9> <al=0.18> <DB= 1256.1305> <Mlp= 1257.6742> <PB=1000000> 
    RCSP exact solver info for graph G_1 : TT = 0.024098, pt = 2.5e-05, dt = 0.020264, ct = 0.003475, ndl = 7', bdl = 207', odl = 2', odf = 24', bsi = 1', cnt = 20', bdch = 2547', odch = 56', lcp = 113', #sols = 150
    RCSP exact solver info for graph G_1 : TT = 0.023904, pt = 2.3e-05, dt = 0.020105, ct = 0.003449, ndl = 7', bdl = 206', odl = 2', odf = 24', bsi = 1', cnt = 20', bdch = 2518', odch = 56', lcp = 109', #sols = 150
<DWph=0> <it= 92> <et=0.74> <Mt= 0.00> <Spt= 0.05> <nCl= 16> <al=0.00> <DB= 1257.6742> <Mlp= 1257.6742> <PB=1000000> 
Dynamic params and stats :  aver.obdmd = 23.5224 aver.buck.num. = 26
@@ 1 0 1257.67 0.0252408 0.031063 84.9905 0.74
Labels distribution in buckets (bucket size) : largest - 93, top 0.1% - 93, top 0.5% - 61, top 2% - 41, top 10% - 27, top 50% - 4
Reduced cost fixing for graph G_1... 84474 buck. arcs remain (94.6% from prev., 80.4% from max.) + 0 jump buck. arcs (0% from max.)
 TT = 0.218199, pt = 0.015839, dt = 0.133828, ct = 0.068331, ndl = 32', bdl = 1250', odl = 4', odf = 86', lpcb = 260', cnt = 2861', bdch = 29568', odch = 408', lcp = 868'
Labels distribution in buckets (bucket size) : largest - 93, top 0.1% - 93, top 0.5% - 75, top 2% - 50, top 10% - 28, top 50% - 5
Run forward enumeration with border = 50... not succeeded (ratio 0.984262) lpt = 0.004468, ndl = 8', dl = 0', lpcb = 0', dch = 4'
 TT = 0.007499, pt = 0.001967, dt = 0.004468, ct = 0, ndl = 8', bdl = 0', cnt = 41', bdch = 4', odch = 0', lcp = 0'
ColGenEvalAlg final dual bound: 1257.67 (rounded: 1258)
In total 2 RCC cut(s) are found by the connected components heuristic 
Shrinking heuristic shrunk 13 edges
In total 34 RCC cut(s) are found by the Fractional capacity min-cut heuristic 
In total 121 RCC cut(s) are found by the greedy construction heuristic 
----- Add fac. cuts : CAP(100), max.viol = 0.86154, aver.viol = 0.400201, sep/add took 0.0140265/0.0851019 sec. -----
2478 columns (2478 active), 100 dyn. constrs. (100 active), 232 art. vars. (232 active)
<DWph=2> <it=  1> <et=1.10> <Mt= 0.02> <Spt= 0.01> <nCl= 24> <al=0.50> <DB= 1262.1319> <Mlp= 1317.0098> <PB=1000000> 
<DWph=2> <it=  2> <et=1.12> <Mt= 0.02> <Spt= 0.00> <nCl= 30> <al=0.55> <DB=  790.7749> <Mlp= 1313.5393> <PB=1000000> 
<DWph=2> <it=  3> <et=1.15> <Mt= 0.01> <Spt= 0.01> <nCl= 22> <al=0.60> <DB= 1277.3052> <Mlp= 1308.4337> <PB=1000000> 
<DWph=2> <it=  4> <et=1.17> <Mt= 0.02> <Spt= 0.01> <nCl= 20> <al=0.64> <DB= 1284.3234> <Mlp= 1305.7382> <PB=1000000> 
<DWph=2> <it=  5> <et=1.19> <Mt= 0.01> <Spt= 0.00> <nCl= 18> <al=0.67> <DB= 1286.2440> <Mlp= 1304.7118> <PB=1000000> 
<DWph=2> <it=  6> <et=1.21> <Mt= 0.02> <Spt= 0.01> <nCl= 18> <al=0.70> <DB= 1276.5914> <Mlp= 1302.7331> <PB=1000000> 
<DWph=2> <it=  7> <et=1.23> <Mt= 0.01> <Spt= 0.01> <nCl=  9> <al=0.73> <DB= 1284.5640> <Mlp= 1300.9050> <PB=1000000> 
<DWph=2> <it=  8> <et=1.24> <Mt= 0.01> <Spt= 0.00> <nCl= 15> <al=0.63> <DB= 1278.8636> <Mlp= 1300.8762> <PB=1000000> 
<DWph=2> <it=  9> <et=1.26> <Mt= 0.00> <Spt= 0.01> <nCl=  4> <al=0.67> <DB= 1290.9468> <Mlp= 1300.5318> <PB=1000000> 
<DWph=2> <it= 10> <et=1.27> <Mt= 0.01> <Spt= 0.01> <nCl=  8> <al=0.57> <DB= 1290.1052> <Mlp= 1300.5293> <PB=1000000> 
<DWph=2> <it= 11> <et=1.28> <Mt= 0.01> <Spt= 0.00> <nCl= 15> <al=0.47> <DB= 1276.8667> <Mlp= 1300.4194> <PB=1000000> 
<DWph=2> <it= 12> <et=1.29> <Mt= 0.00> <Spt= 0.01> <nCl=  5> <al=0.52> <DB= 1291.4832> <Mlp= 1300.1278> <PB=1000000> 
<DWph=2> <it= 13> <et=1.30> <Mt= 0.01> <Spt= 0.00> <nCl=  8> <al=0.42> <DB= 1293.7851> <Mlp= 1300.0839> <PB=1000000> 
<DWph=2> <it= 14> <et=1.31> <Mt= 0.00> <Spt= 0.01> <nCl=  5> <al=0.48> <DB= 1293.4622> <Mlp= 1300.0801> <PB=1000000> 
<DWph=2> <it= 15> <et=1.33> <Mt= 0.01> <Spt= 0.01> <nCl=  6> <al=0.53> <DB= 1293.8965> <Mlp= 1300.0691> <PB=1000000> 
<DWph=2> <it= 16> <et=1.35> <Mt= 0.00> <Spt= 0.01> <nCl=  4> <al=0.00> <DB= 1295.4034> <Mlp= 1300.0480> <PB=1000000> 
<DWph=2> <it= 17> <et=1.36> <Mt= 0.00> <Spt= 0.01> <nCl=  3> <al=0.00> <DB= 1300.0480> <Mlp= 1300.0480> <PB=1000000> 
<DWph=1> <it= 18> <et=1.38> <Mt= 0.01> <Spt= 0.02> <nCl= 24> <al=0.38> <DB= 1283.6190> <Mlp= 1300.0480> <PB=1000000> 
<DWph=1> <it= 19> <et=1.39> <Mt= 0.01> <Spt= 0.01> <nCl=  9> <al=0.44> <DB= 1292.5298> <Mlp= 1299.7861> <PB=1000000> 
<DWph=1> <it= 20> <et=1.41> <Mt= 0.00> <Spt= 0.01> <nCl=  7> <al=0.50> <DB= 1294.2805> <Mlp= 1299.7402> <PB=1000000> 
<DWph=1> <it= 21> <et=1.44> <Mt= 0.01> <Spt= 0.02> <nCl=  8> <al=0.10> <DB= 1298.5295> <Mlp= 1299.7064> <PB=1000000> 
<DWph=1> <it= 22> <et=1.46> <Mt= 0.00> <Spt= 0.02> <nCl=  5> <al=0.00> <DB= 1299.7064> <Mlp= 1299.7064> <PB=1000000> 
    RCSP exact solver info for graph G_1 : TT = 0.017116, pt = 1.4e-05, dt = 0.014212, ct = 0.002604, ndl = 5', bdl = 156', odl = 2', odf = 17', bsi = 2', cnt = 11', bdch = 1403', odch = 31', lcp = 48', #sols = 150
<DWph=0> <it= 23> <et=1.49> <Mt= 0.00> <Spt= 0.02> <nCl=104> <al=0.35> <DB= 1295.2064> <Mlp= 1299.7064> <PB=1000000> 
    RCSP exact solver info for graph G_1 : TT = 0.017411, pt = 3.7e-05, dt = 0.01438, ct = 0.002646, ndl = 5', bdl = 156', odl = 2', odf = 17', bsi = 2', cnt = 11', bdch = 1417', odch = 32', lcp = 49', #sols = 150
<DWph=0> <it= 24> <et=1.52> <Mt= 0.01> <Spt= 0.02> <nCl= 39> <al=0.35> <DB= 1295.2311> <Mlp= 1299.6827> <PB=1000000> 
    RCSP exact solver info for graph G_1 : TT = 0.017014, pt = 3.2e-05, dt = 0.014069, ct = 0.002579, ndl = 5', bdl = 153', odl = 2', odf = 17', bsi = 2', cnt = 11', bdch = 1370', odch = 31', lcp = 47', #sols = 150
<DWph=0> <it= 25> <et=1.54> <Mt= 0.00> <Spt= 0.03> <nCl= 33> <al=0.41> <DB= 1297.8427> <Mlp= 1299.6815> <PB=1000000> 
    RCSP exact solver info for graph G_1 : TT = 0.017053, pt = 3.1e-05, dt = 0.014098, ct = 0.002586, ndl = 5', bdl = 153', odl = 2', odf = 17', bsi = 2', cnt = 10', bdch = 1370', odch = 31', lcp = 48', #sols = 150
    RCSP exact solver info for graph G_1 : TT = 0.016849, pt = 2.5e-05, dt = 0.01394, ct = 0.002565, ndl = 5', bdl = 152', odl = 2', odf = 17', bsi = 2', cnt = 10', bdch = 1350', odch = 31', lcp = 47', #sols = 150
<DWph=0> <it= 26> <et=1.59> <Mt= 0.01> <Spt= 0.04> <nCl=  6> <al=0.00> <DB= 1299.6774> <Mlp= 1299.6774> <PB=1000000> 
Dynamic params and stats :  aver.obdmd = 23.5224 aver.buck.num. = 26
@@ 1 1 1299.68 0.0167358 0.017026 80.4208 1.59
    Full reduced cost fixing is not called (gap ratio is 0.999958)
ColGenEvalAlg final dual bound: 1299.68 (rounded: 1300)
False gap improvement since the last cut separation : 0.333976 (1257.67)
Current active cuts : CAP(7,745.555)
In total 2 RCC cut(s) are found by the connected components heuristic 
Shrinking heuristic shrunk 10 edges
In total 15 RCC cut(s) are found by the Fractional capacity min-cut heuristic 
In total 55 RCC cut(s) are found by the greedy construction heuristic 
In total 11 RCC cut(s) are found by the global pool greedy search heuristic 
----- Add fac. cuts : CAP(83), max.viol = 0.511651, aver.viol = 0.175431, sep/add took 0.0177431/0.10682 sec. -----
2927 columns (2927 active), 183 dyn. constrs. (91 active), 315 art. vars. (223 active)
<DWph=2> <it=  1> <et=1.76> <Mt= 0.03> <Spt= 0.00> <nCl= 23> <al=0.50> <DB=  754.7478> <Mlp= 1306.9139> <PB=1000000> 
<DWph=2> <it=  2> <et=1.78> <Mt= 0.01> <Spt= 0.01> <nCl=  9> <al=0.55> <DB= 1285.3873> <Mlp= 1306.7829> <PB=1000000> 
<DWph=2> <it=  3> <et=1.80> <Mt= 0.02> <Spt= 0.01> <nCl=  6> <al=0.60> <DB= 1299.6005> <Mlp= 1304.2574> <PB=1000000> 
<DWph=2> <it=  4> <et=1.82> <Mt= 0.02> <Spt= 0.00> <nCl=  5> <al=0.64> <DB= 1301.2497> <Mlp= 1303.9909> <PB=1000000> 
<DWph=2> <it=  5> <et=1.84> <Mt= 0.01> <Spt= 0.01> <nCl=  2> <al=0.67> <DB= 1300.2689> <Mlp= 1303.9091> <PB=1000000> 
<DWph=2> <it=  6> <et=1.86> <Mt= 0.00> <Spt= 0.01> <nCl=  9> <al=0.41> <DB= 1302.7823> <Mlp= 1303.8452> <PB=1000000> 
<DWph=2> <it=  7> <et=1.88> <Mt= 0.01> <Spt= 0.01> <nCl= 11> <al=0.60> <DB= 1292.8879> <Mlp= 1303.7366> <PB=1000000> 
<DWph=2> <it=  8> <et=1.90> <Mt= 0.01> <Spt= 0.01> <nCl=  6> <al=0.29> <DB= 1295.3322> <Mlp= 1303.5499> <PB=1000000> 
<DWph=2> <it=  9> <et=1.92> <Mt= 0.01> <Spt= 0.02> <nCl=  9> <al=0.09> <DB= 1295.5707> <Mlp= 1303.4769> <PB=1000000> 
<DWph=2> <it= 10> <et=1.93> <Mt= 0.01> <Spt= 0.00> <nCl=  5> <al=0.44> <DB= 1302.9908> <Mlp= 1303.4734> <PB=1000000> 
<DWph=2> <it= 11> <et=1.95> <Mt= 0.00> <Spt= 0.02> <nCl=  4> <al=0.00> <DB= 1303.4734> <Mlp= 1303.4734> <PB=1000000> 
<DWph=1> <it= 12> <et=1.96> <Mt= 0.00> <Spt= 0.01> <nCl= 11> <al=0.24> <DB= 1294.5438> <Mlp= 1303.4734> <PB=1000000> 
<DWph=1> <it= 13> <et=1.98> <Mt= 0.01> <Spt= 0.01> <nCl=  8> <al=0.14> <DB= 1294.4406> <Mlp= 1303.4350> <PB=1000000> 
<DWph=1> <it= 14> <et=2.00> <Mt= 0.01> <Spt= 0.01> <nCl=  7> <al=0.23> <DB= 1301.3394> <Mlp= 1303.3675> <PB=1000000> 
<DWph=1> <it= 15> <et=2.02> <Mt= 0.00> <Spt= 0.01> <nCl=  4> <al=0.13> <DB= 1302.2057> <Mlp= 1303.3527> <PB=1000000> 
<DWph=1> <it= 16> <et=2.03> <Mt= 0.01> <Spt= 0.01> <nCl=  2> <al=0.22> <DB= 1303.1029> <Mlp= 1303.3513> <PB=1000000> 
<DWph=1> <it= 17> <et=2.06> <Mt= 0.01> <Spt= 0.02> <nCl=  2> <al=0.00> <DB= 1303.3511> <Mlp= 1303.3511> <PB=1000000> 
    RCSP exact solver info for graph G_1 : TT = 0.015227, pt = 1.6e-05, dt = 0.012567, ct = 0.002322, ndl = 4', bdl = 137', odl = 2', odf = 17', bsi = 1', cnt = 9', bdch = 1140', odch = 32', lcp = 41', #sols = 150
<DWph=0> <it= 18> <et=2.09> <Mt= 0.00> <Spt= 0.02> <nCl= 57> <al=0.02> <DB= 1298.9273> <Mlp= 1303.3511> <PB=1000000> 
    RCSP exact solver info for graph G_1 : TT = 0.015064, pt = 3.4e-05, dt = 0.012468, ct = 0.002222, ndl = 4', bdl = 135', odl = 2', odf = 17', bsi = 1', cnt = 9', bdch = 1091', odch = 31', lcp = 39', #sols = 150
<DWph=0> <it= 19> <et=2.11> <Mt= 0.01> <Spt= 0.02> <nCl= 26> <al=0.12> <DB= 1301.6078> <Mlp= 1303.3229> <PB=1000000> 
    RCSP exact solver info for graph G_1 : TT = 0.014901, pt = 3.1e-05, dt = 0.012307, ct = 0.002234, ndl = 4', bdl = 135', odl = 2', odf = 17', bsi = 1', cnt = 9', bdch = 1090', odch = 31', lcp = 39', #sols = 150
<DWph=0> <it= 20> <et=2.14> <Mt= 0.00> <Spt= 0.02> <nCl=  5> <al=0.20> <DB= 1302.9735> <Mlp= 1303.3228> <PB=1000000> 
    RCSP exact solver info for graph G_1 : TT = 0.014797, pt = 2.9e-05, dt = 0.012231, ct = 0.002221, ndl = 4', bdl = 134', odl = 2', odf = 17', bsi = 1', cnt = 9', bdch = 1081', odch = 30', lcp = 39', #sols = 150
    RCSP exact solver info for graph G_1 : TT = 0.014852, pt = 2.4e-05, dt = 0.012268, ct = 0.002249, ndl = 4', bdl = 135', odl = 2', odf = 17', bsi = 1', cnt = 9', bdch = 1092', odch = 31', lcp = 39', #sols = 150
<DWph=0> <it= 21> <et=2.18> <Mt= 0.01> <Spt= 0.04> <nCl=  6> <al=0.00> <DB= 1303.3228> <Mlp= 1303.3228> <PB=1000000> 
Dynamic params and stats :  aver.obdmd = 23.5224 aver.buck.num. = 26
@@ 1 2 1303.32 0.0146178 0.014889 80.4208 2.18
    Full reduced cost fixing is not called (gap ratio is 0.999954)
ColGenEvalAlg final dual bound: 1303.32 (rounded: 1304)
False gap improvement since the last cut separation : 0.0280483 (1299.68)
Current active cuts : CAP(19,814.817)
In total 1 RCC cut(s) are found by the connected components heuristic 
Shrinking heuristic shrunk 11 edges
In total 4 RCC cut(s) are found by the Fractional capacity min-cut heuristic 
In total 19 RCC cut(s) are found by the greedy construction heuristic 
In total 6 RCC cut(s) are found by the global pool greedy search heuristic 
----- Add fac. cuts : CAP(30), max.viol = 0.357702, aver.viol = 0.18924, sep/add took 0.0170614/0.0420905 sec. -----
3144 columns (3144 active), 121 dyn. constrs. (57 active), 345 art. vars. (189 active)
<DWph=2> <it=  1> <et=2.33> <Mt= 0.03> <Spt= 0.01> <nCl= 13> <al=0.50> <DB=  962.8110> <Mlp= 1309.4142> <PB=1000000> 
<DWph=2> <it=  2> <et=2.36> <Mt= 0.02> <Spt= 0.01> <nCl= 10> <al=0.10> <DB= 1304.6972> <Mlp= 1306.1912> <PB=1000000> 
<DWph=2> <it=  3> <et=2.38> <Mt= 0.01> <Spt= 0.01> <nCl=  2> <al=0.00> <DB= 1306.1881> <Mlp= 1306.1881> <PB=1000000> 
<DWph=1> <it=  4> <et=2.40> <Mt= 0.00> <Spt= 0.02> <nCl=  2> <al=0.00> <DB= 1306.1881> <Mlp= 1306.1881> <PB=1000000> 
    RCSP exact solver info for graph G_1 : TT = 0.014174, pt = 2.1e-05, dt = 0.01174, ct = 0.002019, ndl = 4', bdl = 129', odl = 2', odf = 19', bsi = 1', cnt = 9', bdch = 1037', odch = 37', lcp = 40', #sols = 150
<DWph=0> <it=  5> <et=2.42> <Mt= 0.00> <Spt= 0.02> <nCl= 21> <al=0.25> <DB= 1296.5799> <Mlp= 1306.1881> <PB=1000000> 
    RCSP exact solver info for graph G_1 : TT = 0.014284, pt = 3e-05, dt = 0.011756, ct = 0.00207, ndl = 4', bdl = 130', odl = 2', odf = 19', bsi = 1', cnt = 8', bdch = 1038', odch = 37', lcp = 40', #sols = 150
    RCSP exact solver info for graph G_1 : TT = 0.01398, pt = 2.5e-05, dt = 0.011602, ct = 0.001986, ndl = 4', bdl = 129', odl = 2', odf = 19', bsi = 1', cnt = 8', bdch = 1016', odch = 36', lcp = 39', #sols = 150
<DWph=0> <it=  6> <et=2.46> <Mt= 0.01> <Spt= 0.03> <nCl= 29> <al=0.00> <DB= 1306.1852> <Mlp= 1306.1852> <PB=1000000> 
Dynamic params and stats :  aver.obdmd = 23.5224 aver.buck.num. = 26
@@ 1 3 1306.19 0.0137243 0.013826 80.4208 2.46
    Full reduced cost fixing is not called (gap ratio is 0.999951)
ColGenEvalAlg final dual bound: 1306.19 (rounded: 1307)
False gap improvement since the last cut separation : 0.0219625 (1303.32)
Current active cuts : CAP(24,767.665)
Shrinking heuristic shrunk 12 edges
In total 5 RCC cut(s) are found by the Fractional capacity min-cut heuristic 
In total 13 RCC cut(s) are found by the greedy construction heuristic 
In total 6 RCC cut(s) are found by the global pool greedy search heuristic 
----- Add fac. cuts : CAP(24), max.viol = 0.185798, aver.viol = 0.0896518, sep/add took 0.0168941/0.029721 sec. -----
3221 columns (3221 active), 81 dyn. constrs. (63 active), 369 art. vars. (195 active)
<DWph=2> <it=  1> <et=2.57> <Mt= 0.02> <Spt= 0.01> <nCl=  3> <al=0.50> <DB= 1306.3583> <Mlp= 1308.3668> <PB=1000000> 
<DWph=2> <it=  2> <et=2.58> <Mt= 0.01> <Spt= 0.00> <nCl=  9> <al=0.55> <DB= 1209.0939> <Mlp= 1308.3668> <PB=1000000> 
<DWph=2> <it=  3> <et=2.60> <Mt= 0.01> <Spt= 0.01> <nCl=  3> <al=0.60> <DB= 1297.7564> <Mlp= 1307.6958> <PB=1000000> 
<DWph=2> <it=  4> <et=2.61> <Mt= 0.00> <Spt= 0.01> <nCl=  1> <al=0.27> <DB= 1202.2015> <Mlp= 1307.6772> <PB=1000000> 
<DWph=2> <it=  5> <et=2.62> <Mt= 0.01> <Spt= 0.01> <nCl=  2> <al=0.54> <DB= 1270.2993> <Mlp= 1307.6772> <PB=1000000> 
<DWph=2> <it=  6> <et=2.64> <Mt= 0.00> <Spt= 0.01> <nCl=  3> <al=0.00> <DB= 1307.6772> <Mlp= 1307.6772> <PB=1000000> 
<DWph=1> <it=  7> <et=2.65> <Mt= 0.00> <Spt= 0.00> <nCl=  5> <al=0.34> <DB= 1302.2441> <Mlp= 1307.6772> <PB=1000000> 
<DWph=1> <it=  8> <et=2.66> <Mt= 0.01> <Spt= 0.01> <nCl=  1> <al=0.40> <DB= 1305.4462> <Mlp= 1307.5982> <PB=1000000> 
<DWph=1> <it=  9> <et=2.68> <Mt= 0.00> <Spt= 0.01> <nCl=  2> <al=0.30> <DB= 1306.9484> <Mlp= 1307.5982> <PB=1000000> 
<DWph=1> <it= 10> <et=2.70> <Mt= 0.01> <Spt= 0.02> <nCl=  2> <al=0.00> <DB= 1307.5942> <Mlp= 1307.5942> <PB=1000000> 
    RCSP exact solver info for graph G_1 : TT = 0.01205, pt = 1.4e-05, dt = 0.009985, ct = 0.001695, ndl = 3', bdl = 111', odl = 2', odf = 18', bsi = 1', cnt = 7', bdch = 778', odch = 30', lcp = 31', #sols = 150
<DWph=0> <it= 11> <et=2.72> <Mt= 0.00> <Spt= 0.01> <nCl= 22> <al=0.10> <DB= 1305.5689> <Mlp= 1307.5942> <PB=1000000> 
    RCSP exact solver info for graph G_1 : TT = 0.012084, pt = 2.9e-05, dt = 0.009948, ct = 0.001698, ndl = 3', bdl = 109', odl = 2', odf = 18', bsi = 1', cnt = 7', bdch = 770', odch = 29', lcp = 31', #sols = 150
<DWph=0> <it= 12> <et=2.74> <Mt= 0.01> <Spt= 0.02> <nCl= 14> <al=0.00> <DB= 1307.5315> <Mlp= 1307.5662> <PB=1000000> 
    RCSP exact solver info for graph G_1 : TT = 0.012181, pt = 2.8e-05, dt = 0.010075, ct = 0.001699, ndl = 3', bdl = 110', odl = 2', odf = 18', bsi = 1', cnt = 7', bdch = 789', odch = 30', lcp = 32', #sols = 150
    RCSP exact solver info for graph G_1 : TT = 0.011834, pt = 2.3e-05, dt = 0.009771, ct = 0.001673, ndl = 3', bdl = 107', odl = 2', odf = 18', bsi = 1', cnt = 7', bdch = 753', odch = 29', lcp = 30', #sols = 150
<DWph=0> <it= 13> <et=2.77> <Mt= 0.00> <Spt= 0.03> <nCl=  4> <al=0.00> <DB= 1307.5662> <Mlp= 1307.5662> <PB=1000000> 
Dynamic params and stats :  aver.obdmd = 23.5224 aver.buck.num. = 26
@@ 1 4 1307.57 0.011636 0.011774 80.4208 2.77
    Full reduced cost fixing is not called (gap ratio is 0.99995)
ColGenEvalAlg final dual bound: 1307.57 (rounded: 1308)
False gap improvement since the last cut separation : 0.0105726 (1306.19)
Cut generation tailing off counter increased to 1
Current active cuts : CAP(26,892.797)
Shrinking heuristic shrunk 15 edges
In total 2 RCC cut(s) are found by the Fractional capacity min-cut heuristic 
In total 5 RCC cut(s) are found by the greedy construction heuristic 
In total 2 RCC cut(s) are found by the global pool greedy search heuristic 
----- Add fac. cuts : CAP(9), max.viol = 0.178999, aver.viol = 0.0800564, sep/add took 0.0128331/0.00799199 sec. -----
3292 columns (3292 active), 72 dyn. constrs. (44 active), 378 art. vars. (176 active)
<DWph=2> <it=  1> <et=2.82> <Mt= 0.01> <Spt= 0.00> <nCl=  3> <al=0.50> <DB= 1306.1107> <Mlp= 1307.8177> <PB=1000000> 
<DWph=2> <it=  2> <et=2.84> <Mt= 0.00> <Spt= 0.02> <nCl=  3> <al=0.00> <DB= 1307.7575> <Mlp= 1307.7575> <PB=1000000> 
<DWph=1> <it=  3> <et=2.85> <Mt= 0.01> <Spt= 0.01> <nCl=  4> <al=0.45> <DB= 1299.7808> <Mlp= 1307.7575> <PB=1000000> 
<DWph=1> <it=  4> <et=2.88> <Mt= 0.00> <Spt= 0.02> <nCl=  8> <al=0.00> <DB= 1307.7561> <Mlp= 1307.7561> <PB=1000000> 
    RCSP exact solver info for graph G_1 : TT = 0.011838, pt = 1.4e-05, dt = 0.009771, ct = 0.00164, ndl = 3', bdl = 109', odl = 2', odf = 18', bsi = 1', cnt = 6', bdch = 754', odch = 28', lcp = 30', #sols = 150
<DWph=0> <it=  5> <et=2.90> <Mt= 0.00> <Spt= 0.02> <nCl= 13> <al=0.41> <DB= 1289.2897> <Mlp= 1307.7561> <PB=1000000> 
    RCSP exact solver info for graph G_1 : TT = 0.011865, pt = 2.8e-05, dt = 0.009816, ct = 0.001636, ndl = 3', bdl = 109', odl = 2', odf = 18', bsi = 1', cnt = 6', bdch = 757', odch = 29', lcp = 30', #sols = 150
    RCSP exact solver info for graph G_1 : TT = 0.011793, pt = 2.3e-05, dt = 0.009783, ct = 0.001639, ndl = 3', bdl = 109', odl = 2', odf = 18', bsi = 1', cnt = 6', bdch = 756', odch = 29', lcp = 30', #sols = 150
<DWph=0> <it=  6> <et=2.93> <Mt= 0.01> <Spt= 0.03> <nCl=  3> <al=0.00> <DB= 1307.7561> <Mlp= 1307.7561> <PB=1000000> 
Dynamic params and stats :  aver.obdmd = 23.5224 aver.buck.num. = 26
@@ 1 5 1307.76 0.0114283 0.011452 80.4208 2.93
    Full reduced cost fixing is not called (gap ratio is 0.99995)
ColGenEvalAlg final dual bound: 1307.76 (rounded: 1308)
False gap improvement since the last cut separation : 0.00145198 (1307.57)
Cut generation tailing off counter increased to 2
Current active cuts : CAP(27,908.751)
Shrinking heuristic shrunk 11 edges
In total 2 RCC cut(s) are found by the Fractional capacity min-cut heuristic 
In total 3 RCC cut(s) are found by the greedy construction heuristic 
In total 3 RCC cut(s) are found by the global pool greedy search heuristic 
----- Add fac. cuts : CAP(8), max.viol = 0.130775, aver.viol = 0.0682757, sep/add took 0.0167046/0.00813933 sec. -----
3326 columns (3326 active), 52 dyn. constrs. (45 active), 386 art. vars. (177 active)
<DWph=2> <it=  1> <et=2.99> <Mt= 0.01> <Spt= 0.01> <nCl=  0> <al=0.00> <DB= 1307.8720> <Mlp= 1307.8720> <PB=1000000> 
<DWph=1> <it=  2> <et=3.01> <Mt= 0.00> <Spt= 0.01> <nCl=  0> <al=0.00> <DB= 1307.8720> <Mlp= 1307.8720> <PB=1000000> 
    RCSP exact solver info for graph G_1 : TT = 0.011962, pt = 1.3e-05, dt = 0.009908, ct = 0.001654, ndl = 3', bdl = 110', odl = 2', odf = 18', bsi = 1', cnt = 6', bdch = 764', odch = 30', lcp = 30', #sols = 150
<DWph=0> <it=  3> <et=3.03> <Mt= 0.00> <Spt= 0.02> <nCl= 17> <al=0.30> <DB= 1303.2300> <Mlp= 1307.8720> <PB=1000000> 
    RCSP exact solver info for graph G_1 : TT = 0.01195, pt = 3.1e-05, dt = 0.00991, ct = 0.001647, ndl = 3', bdl = 110', odl = 2', odf = 18', bsi = 1', cnt = 6', bdch = 769', odch = 30', lcp = 30', #sols = 150
    RCSP exact solver info for graph G_1 : TT = 0.01184, pt = 2.6e-05, dt = 0.009848, ct = 0.001635, ndl = 3', bdl = 110', odl = 2', odf = 18', bsi = 1', cnt = 6', bdch = 766', odch = 30', lcp = 30', #sols = 150
<DWph=0> <it=  4> <et=3.06> <Mt= 0.00> <Spt= 0.02> <nCl=  2> <al=0.00> <DB= 1307.8711> <Mlp= 1307.8711> <PB=1000000> 
Dynamic params and stats :  aver.obdmd = 23.5224 aver.buck.num. = 26
@@ 1 6 1307.87 0.011534 0.011562 80.4208 3.06
    Full reduced cost fixing is not called (gap ratio is 0.99995)
ColGenEvalAlg final dual bound: 1307.87 (rounded: 1308)
False gap improvement since the last cut separation : 0.000879675 (1307.76)
----- Cut separators priority level decreased to 1-----
Current active cuts : CAP(30,934.088)
Shrinking heuristic shrunk 10 edges
6 Rank-1 1-rows pack. cuts added ,  max viol. = 0.202658, aver. viol. = 0.11357
150 Rank-1 3-rows pack. cuts added ,  max viol. = 0.306708, aver. viol. = 0.23171
----- Add fac. cuts : R1C(156), max.viol = 0.381034, aver.viol = 0.23988, sep/add took 0.0177154/0.09949 sec. -----
3345 columns (3345 active), 201 dyn. constrs. (197 active), 542 art. vars. (329 active)
<DWph=2> <it=  1> <et=3.23> <Mt= 0.04> <Spt= 0.01> <nCl=  8> <al=0.50> <DB= 1260.3637> <Mlp= 1313.9174> <PB=1000000> 
<DWph=2> <it=  2> <et=3.26> <Mt= 0.01> <Spt= 0.02> <nCl= 19> <al=0.10> <DB= 1122.5030> <Mlp= 1313.7203> <PB=1000000> 
<DWph=2> <it=  3> <et=3.28> <Mt= 0.02> <Spt= 0.01> <nCl=  3> <al=0.45> <DB= 1271.5043> <Mlp= 1312.9506> <PB=1000000> 
<DWph=2> <it=  4> <et=3.31> <Mt= 0.01> <Spt= 0.01> <nCl= 10> <al=0.01> <DB= 1217.2529> <Mlp= 1312.9506> <PB=1000000> 
<DWph=2> <it=  5> <et=3.32> <Mt= 0.00> <Spt= 0.01> <nCl=  3> <al=0.41> <DB= 1303.8923> <Mlp= 1312.9490> <PB=1000000> 
<DWph=2> <it=  6> <et=3.33> <Mt= 0.01> <Spt= 0.01> <nCl=  1> <al=0.46> <DB= 1307.0235> <Mlp= 1312.9487> <PB=1000000> 
<DWph=2> <it=  7> <et=3.35> <Mt= 0.00> <Spt= 0.01> <nCl=  4> <al=0.04> <DB= 1277.2139> <Mlp= 1312.9474> <PB=1000000> 
<DWph=2> <it=  8> <et=3.37> <Mt= 0.01> <Spt= 0.01> <nCl=  2> <al=0.42> <DB= 1312.6804> <Mlp= 1312.9474> <PB=1000000> 
<DWph=2> <it=  9> <et=3.38> <Mt= 0.00> <Spt= 0.01> <nCl=  1> <al=0.00> <DB= 1312.9474> <Mlp= 1312.9474> <PB=1000000> 
<DWph=1> <it= 10> <et=3.40> <Mt= 0.00> <Spt= 0.02> <nCl= 16> <al=0.22> <DB= 1231.6143> <Mlp= 1312.9474> <PB=1000000> 
<DWph=1> <it= 11> <et=3.43> <Mt= 0.02> <Spt= 0.02> <nCl= 10> <al=0.12> <DB= 1243.2785> <Mlp= 1312.9271> <PB=1000000> 
<DWph=1> <it= 12> <et=3.46> <Mt= 0.01> <Spt= 0.01> <nCl=  6> <al=0.02> <DB= 1282.9812> <Mlp= 1312.8769> <PB=1000000> 
<DWph=1> <it= 13> <et=3.49> <Mt= 0.01> <Spt= 0.02> <nCl=  6> <al=0.12> <DB= 1233.5290> <Mlp= 1312.8539> <PB=1000000> 
<DWph=1> <it= 14> <et=3.52> <Mt= 0.01> <Spt= 0.03> <nCl=  3> <al=0.00> <DB= 1286.6332> <Mlp= 1312.8539> <PB=1000000> 
<DWph=1> <it= 15> <et=3.56> <Mt= 0.00> <Spt= 0.03> <nCl=  1> <al=0.00> <DB= 1312.8539> <Mlp= 1312.8539> <PB=1000000> 
    RCSP exact solver info for graph G_1 : TT = 0.051443, pt = 0.000401, dt = 0.044288, ct = 0.006282, ndl = 6', bdl = 190', odl = 3', odf = 32', bsi = 1', cnt = 88', bdch = 1912', odch = 143', lcp = 97', #sols = 150
<DWph=0> <it= 16> <et=3.63> <Mt= 0.00> <Spt= 0.07> <nCl=150> <al=0.00> <DB= 1119.1579> <Mlp= 1312.8539> <PB=1000000> 
    RCSP exact solver info for graph G_1 : TT = 0.042906, pt = 0.000678, dt = 0.035367, ct = 0.006385, ndl = 6', bdl = 184', odl = 3', odf = 32', bsi = 1', cnt = 75', bdch = 1823', odch = 146', lcp = 90', #sols = 150
<DWph=0> <it= 17> <et=3.71> <Mt= 0.03> <Spt= 0.05> <nCl= 70> <al=0.00> <DB= 1166.7057> <Mlp= 1312.7547> <PB=1000000> 
    RCSP exact solver info for graph G_1 : TT = 0.0425, pt = 0.000758, dt = 0.035289, ct = 0.005988, ndl = 5', bdl = 177', odl = 3', odf = 31', bsi = 1', cnt = 56', bdch = 1703', odch = 125', lcp = 80', #sols = 150
<DWph=0> <it= 18> <et=3.77> <Mt= 0.01> <Spt= 0.05> <nCl= 13> <al=0.10> <DB= 1297.5265> <Mlp= 1312.7369> <PB=1000000> 
    RCSP exact solver info for graph G_1 : TT = 0.043048, pt = 0.000666, dt = 0.035955, ct = 0.005952, ndl = 6', bdl = 178', odl = 3', odf = 30', bsi = 1', cnt = 55', bdch = 1718', odch = 124', lcp = 82', #sols = 150
<DWph=0> <it= 19> <et=3.82> <Mt= 0.01> <Spt= 0.04> <nCl=  9> <al=0.00> <DB= 1310.9410> <Mlp= 1312.7348> <PB=1000000> 
    RCSP exact solver info for graph G_1 : TT = 0.041242, pt = 0.000626, dt = 0.034246, ct = 0.005893, ndl = 6', bdl = 177', odl = 3', odf = 30', bsi = 1', cnt = 54', bdch = 1698', odch = 122', lcp = 79', #sols = 150
    RCSP exact solver info for graph G_1 : TT = 0.04064, pt = 0.000499, dt = 0.033927, ct = 0.005787, ndl = 6', bdl = 176', odl = 3', odf = 30', bsi = 1', cnt = 55', bdch = 1694', odch = 122', lcp = 79', #sols = 150
<DWph=0> <it= 20> <et=3.92> <Mt= 0.00> <Spt= 0.09> <nCl= 26> <al=0.00> <DB= 1312.7348> <Mlp= 1312.7348> <PB=1000000> 
Dynamic params and stats :  aver.obdmd = 23.5224 aver.buck.num. = 26 nbR1C = 49 with avMem = 8.57143
@@ 1 7 1312.73 0.0425598 0.05057 80.4208 3.92
    Full reduced cost fixing is not called (gap ratio is 0.999945)
ColGenEvalAlg final dual bound: 1312.73 (rounded: 1313)
False gap improvement since the last cut separation : 0.0371879 (1307.87)
Current active cuts : CAP(20,874.82) R1C(3+46,39.1473) 1rowPackR1C(3) 3rowPackR1C(46)
Shrinking heuristic shrunk 12 edges
In total 4 RCC cut(s) are found by the greedy construction heuristic 
9 Rank-1 1-rows pack. cuts added ,  max viol. = 0.268765, aver. viol. = 0.0971709
150 Rank-1 3-rows pack. cuts added ,  max viol. = 0.320252, aver. viol. = 0.131693
----- Add fac. cuts : CAP(4) R1C(159), max.viol = 0.320252, aver.viol = 0.132877, sep/add took 0.0177189/0.116874 sec. -----
3706 columns (3706 active), 360 dyn. constrs. (249 active), 705 art. vars. (381 active)
<DWph=2> <it=  1> <et=4.15> <Mt= 0.09> <Spt= 0.01> <nCl=  2> <al=0.50> <DB= 1297.7492> <Mlp= 1314.1096> <PB=1000000> 
<DWph=2> <it=  2> <et=4.18> <Mt= 0.00> <Spt= 0.02> <nCl= 10> <al=0.10> <DB= 1263.0977> <Mlp= 1314.1093> <PB=1000000> 
<DWph=2> <it=  3> <et=4.23> <Mt= 0.04> <Spt= 0.01> <nCl=  5> <al=0.45> <DB= 1297.9874> <Mlp= 1314.0792> <PB=1000000> 
<DWph=2> <it=  4> <et=4.26> <Mt= 0.02> <Spt= 0.01> <nCl=  1> <al=0.51> <DB= 1313.7069> <Mlp= 1314.0676> <PB=1000000> 
<DWph=2> <it=  5> <et=4.27> <Mt= 0.01> <Spt= 0.01> <nCl=  4> <al=0.41> <DB= 1296.1158> <Mlp= 1314.0651> <PB=1000000> 
<DWph=2> <it=  6> <et=4.30> <Mt= 0.01> <Spt= 0.01> <nCl=  1> <al=0.46> <DB= 1303.8235> <Mlp= 1314.0519> <PB=1000000> 
<DWph=2> <it=  7> <et=4.33> <Mt= 0.01> <Spt= 0.02> <nCl=  3> <al=0.04> <DB= 1256.0567> <Mlp= 1314.0519> <PB=1000000> 
<DWph=2> <it=  8> <et=4.34> <Mt= 0.01> <Spt= 0.01> <nCl=  2> <al=0.42> <DB= 1305.7790> <Mlp= 1314.0519> <PB=1000000> 
<DWph=2> <it=  9> <et=4.36> <Mt= 0.00> <Spt= 0.01> <nCl=  2> <al=0.48> <DB= 1311.2854> <Mlp= 1314.0519> <PB=1000000> 
<DWph=2> <it= 10> <et=4.38> <Mt= 0.01> <Spt= 0.02> <nCl=  5> <al=0.00> <DB= 1314.0519> <Mlp= 1314.0519> <PB=1000000> 
<DWph=1> <it= 11> <et=4.41> <Mt= 0.00> <Spt= 0.02> <nCl= 10> <al=0.28> <DB= 1278.6403> <Mlp= 1314.0519> <PB=1000000> 
<DWph=1> <it= 12> <et=4.44> <Mt= 0.01> <Spt= 0.02> <nCl=  6> <al=0.18> <DB= 1299.9929> <Mlp= 1314.0483> <PB=1000000> 
<DWph=1> <it= 13> <et=4.46> <Mt= 0.01> <Spt= 0.02> <nCl=  3> <al=0.26> <DB= 1297.3003> <Mlp= 1314.0483> <PB=1000000> 
<DWph=1> <it= 14> <et=4.51> <Mt= 0.01> <Spt= 0.04> <nCl=  1> <al=0.00> <DB= 1314.0483> <Mlp= 1314.0483> <PB=1000000> 
    RCSP exact solver info for graph G_1 : TT = 0.066794, pt = 0.000804, dt = 0.056267, ct = 0.009246, ndl = 8', bdl = 231', odl = 3', odf = 39', bsi = 2', cnt = 105', bdch = 2877', odch = 179', lcp = 132', #sols = 150
<DWph=0> <it= 15> <et=4.60> <Mt= 0.00> <Spt= 0.08> <nCl=150> <al=0.23> <DB= 1243.7449> <Mlp= 1314.0483> <PB=1000000> 
    RCSP exact solver info for graph G_1 : TT = 0.065293, pt = 0.001062, dt = 0.054094, ct = 0.009624, ndl = 8', bdl = 245', odl = 3', odf = 41', bsi = 1', cnt = 118', bdch = 3185', odch = 220', lcp = 145', #sols = 150
<DWph=0> <it= 16> <et=4.71> <Mt= 0.04> <Spt= 0.07> <nCl= 40> <al=0.31> <DB= 1292.2662> <Mlp= 1314.0130> <PB=1000000> 
    RCSP exact solver info for graph G_1 : TT = 0.06149, pt = 0.001087, dt = 0.050817, ct = 0.009099, ndl = 8', bdl = 227', odl = 3', odf = 38', bsi = 2', cnt = 102', bdch = 2797', odch = 174', lcp = 125', #sols = 150
<DWph=0> <it= 17> <et=4.80> <Mt= 0.03> <Spt= 0.07> <nCl= 24> <al=0.21> <DB= 1308.6372> <Mlp= 1314.0029> <PB=1000000> 
    RCSP exact solver info for graph G_1 : TT = 0.060874, pt = 0.001068, dt = 0.050329, ct = 0.008951, ndl = 8', bdl = 225', odl = 3', odf = 37', bsi = 2', cnt = 95', bdch = 2742', odch = 166', lcp = 122', #sols = 150
<DWph=0> <it= 18> <et=4.88> <Mt= 0.01> <Spt= 0.06> <nCl= 17> <al=0.29> <DB= 1309.3100> <Mlp= 1314.0029> <PB=1000000> 
    RCSP exact solver info for graph G_1 : TT = 0.061875, pt = 0.001064, dt = 0.051285, ct = 0.009013, ndl = 8', bdl = 229', odl = 3', odf = 38', bsi = 1', cnt = 98', bdch = 2839', odch = 180', lcp = 127', #sols = 150
<DWph=0> <it= 19> <et=4.95> <Mt= 0.00> <Spt= 0.07> <nCl= 23> <al=0.36> <DB= 1312.3149> <Mlp= 1314.0029> <PB=1000000> 
    RCSP exact solver info for graph G_1 : TT = 0.060229, pt = 0.00106, dt = 0.049836, ct = 0.008839, ndl = 8', bdl = 222', odl = 3', odf = 37', bsi = 1', cnt = 92', bdch = 2708', odch = 163', lcp = 121', #sols = 150
    RCSP exact solver info for graph G_1 : TT = 0.056536, pt = 0.000853, dt = 0.04662, ct = 0.00857, ndl = 7', bdl = 220', odl = 3', odf = 36', bsi = 2', cnt = 91', bdch = 2647', odch = 159', lcp = 117', #sols = 150
<DWph=0> <it= 20> <et=5.08> <Mt= 0.01> <Spt= 0.13> <nCl= 12> <al=0.00> <DB= 1314.0029> <Mlp= 1314.0029> <PB=1000000> 
Dynamic params and stats :  aver.obdmd = 23.5224 aver.buck.num. = 26 nbR1C = 97 with avMem = 7.71134
@@ 1 8 1314 0.06037 0.065513 80.4208 5.08
    Full reduced cost fixing is not called (gap ratio is 0.999944)
ColGenEvalAlg final dual bound: 1314 (rounded: 1315)
False gap improvement since the last cut separation : 0.00965979 (1312.73)
Separator R1C not in maximum phase
Cut generation tailing off counter increased to 0
Current active cuts : CAP(17,891.631) R1C(8+89,56.3567) 1rowPackR1C(8) 3rowPackR1C(89)
Shrinking heuristic shrunk 11 edges
In total 3 RCC cut(s) are found by the Fractional capacity min-cut heuristic 
In total 5 RCC cut(s) are found by the greedy construction heuristic 
In total 2 RCC cut(s) are found by the global pool greedy search heuristic 
5 Rank-1 1-rows pack. cuts added ,  max viol. = 0.116136, aver. viol. = 0.0635583
135 Rank-1 3-rows pack. cuts added ,  max viol. = 0.287427, aver. viol. = 0.0749406
Building structures for heuristic rank-1 packing cut separation...done!
100 Rank-1 4-rows pack. cuts added ,  max viol. = 0.314308, aver. viol. = 0.0867626
----- Add fac. cuts : CAP(10) R1C(240), max.viol = 0.343579, aver.viol = 0.094438, sep/add took 0.0567391/0.203323 sec. -----
4027 columns (4027 active), 499 dyn. constrs. (385 active), 955 art. vars. (517 active)
<DWph=2> <it=  1> <et=5.49> <Mt= 0.11> <Spt= 0.01> <nCl= 10> <al=0.50> <DB= 1258.5782> <Mlp= 1314.8359> <PB=1000000> 
<DWph=2> <it=  2> <et=5.55> <Mt= 0.04> <Spt= 0.03> <nCl= 10> <al=0.10> <DB= 1263.3486> <Mlp= 1314.8175> <PB=1000000> 
<DWph=2> <it=  3> <et=5.60> <Mt= 0.03> <Spt= 0.01> <nCl=  7> <al=0.45> <DB= 1275.9423> <Mlp= 1314.8148> <PB=1000000> 
<DWph=2> <it=  4> <et=5.70> <Mt= 0.07> <Spt= 0.03> <nCl=  9> <al=0.01> <DB= 1258.2087> <Mlp= 1314.7820> <PB=1000000> 
<DWph=2> <it=  5> <et=5.76> <Mt= 0.05> <Spt= 0.01> <nCl=  4> <al=0.41> <DB= 1314.6810> <Mlp= 1314.7540> <PB=1000000> 
<DWph=2> <it=  6> <et=5.79> <Mt= 0.02> <Spt= 0.02> <nCl=  5> <al=0.31> <DB= 1294.9297> <Mlp= 1314.7540> <PB=1000000> 
<DWph=2> <it=  7> <et=5.83> <Mt= 0.01> <Spt= 0.02> <nCl=  7> <al=0.00> <DB= 1311.3014> <Mlp= 1314.7509> <PB=1000000> 
<DWph=2> <it=  8> <et=5.86> <Mt= 0.00> <Spt= 0.03> <nCl=  0> <al=0.00> <DB= 1314.7509> <Mlp= 1314.7509> <PB=1000000> 
<DWph=1> <it=  9> <et=5.89> <Mt= 0.01> <Spt= 0.02> <nCl= 14> <al=0.17> <DB= 1232.4751> <Mlp= 1314.7509> <PB=1000000> 
<DWph=1> <it= 10> <et=5.96> <Mt= 0.04> <Spt= 0.03> <nCl= 13> <al=0.26> <DB= 1200.6758> <Mlp= 1314.7352> <PB=1000000> 
<DWph=1> <it= 11> <et=6.02> <Mt= 0.03> <Spt= 0.03> <nCl=  6> <al=0.16> <DB= 1258.7977> <Mlp= 1314.7236> <PB=1000000> 
<DWph=1> <it= 12> <et=6.08> <Mt= 0.05> <Spt= 0.02> <nCl=  5> <al=0.24> <DB= 1301.2248> <Mlp= 1314.7219> <PB=1000000> 
<DWph=1> <it= 13> <et=6.12> <Mt= 0.00> <Spt= 0.03> <nCl=  7> <al=0.14> <DB= 1270.1214> <Mlp= 1314.7219> <PB=1000000> 
<DWph=1> <it= 14> <et=6.15> <Mt= 0.01> <Spt= 0.02> <nCl=  3> <al=0.23> <DB= 1297.2262> <Mlp= 1314.7218> <PB=1000000> 
<DWph=1> <it= 15> <et=6.18> <Mt= 0.01> <Spt= 0.03> <nCl=  2> <al=0.30> <DB= 1296.3267> <Mlp= 1314.7218> <PB=1000000> 
<DWph=1> <it= 16> <et=6.22> <Mt= 0.01> <Spt= 0.02> <nCl=  1> <al=0.20> <DB= 1305.0506> <Mlp= 1314.7210> <PB=1000000> 
<DWph=1> <it= 17> <et=6.26> <Mt= 0.02> <Spt= 0.03> <nCl=  5> <al=0.10> <DB= 1312.0036> <Mlp= 1314.7196> <PB=1000000> 
<DWph=1> <it= 18> <et=6.32> <Mt= 0.01> <Spt= 0.04> <nCl=  2> <al=0.00> <DB= 1314.7196> <Mlp= 1314.7196> <PB=1000000> 
    RCSP exact solver info for graph G_1 : TT = 0.116422, pt = 0.001326, dt = 0.097546, ct = 0.016973, ndl = 12', bdl = 326', odl = 3', odf = 56', bsi = 2', cnt = 265', bdch = 5407', odch = 443', lcp = 320', #sols = 150
<DWph=0> <it= 19> <et=6.47> <Mt= 0.00> <Spt= 0.15> <nCl=133> <al=0.09> <DB= 1224.4521> <Mlp= 1314.7196> <PB=1000000> 
    RCSP exact solver info for graph G_1 : TT = 0.119182, pt = 0.001728, dt = 0.09923, ct = 0.017608, ndl = 12', bdl = 334', odl = 3', odf = 57', bsi = 2', cnt = 252', bdch = 5695', odch = 448', lcp = 332', #sols = 150
<DWph=0> <it= 20> <et=6.70> <Mt= 0.10> <Spt= 0.13> <nCl= 50> <al=0.18> <DB= 1280.3796> <Mlp= 1314.6602> <PB=1000000> 
    RCSP exact solver info for graph G_1 : TT = 0.12393, pt = 0.001751, dt = 0.103451, ct = 0.018103, ndl = 13', bdl = 348', odl = 3', odf = 58', bsi = 2', cnt = 265', bdch = 6154', odch = 491', lcp = 355', #sols = 150
<DWph=0> <it= 21> <et=6.87> <Mt= 0.05> <Spt= 0.13> <nCl= 28> <al=0.27> <DB= 1303.9222> <Mlp= 1314.6571> <PB=1000000> 
    RCSP exact solver info for graph G_1 : TT = 0.122676, pt = 0.001821, dt = 0.102662, ct = 0.01757, ndl = 13', bdl = 343', odl = 3', odf = 57', bsi = 2', cnt = 249', bdch = 6001', odch = 458', lcp = 339', #sols = 150
    RCSP exact solver info for graph G_1 : TT = 0.109381, pt = 0.001397, dt = 0.091123, ct = 0.016293, ndl = 12', bdl = 340', odl = 3', odf = 55', bsi = 2', cnt = 225', bdch = 5834', odch = 430', lcp = 336', #sols = 150
<DWph=0> <it= 22> <et=7.14> <Mt= 0.01> <Spt= 0.24> <nCl= 31> <al=0.00> <DB= 1314.6551> <Mlp= 1314.6551> <PB=1000000> 
Dynamic params and stats :  aver.obdmd = 23.5224 aver.buck.num. = 26 nbR1C = 134 with avMem = 8.81343
@@ 1 9 1314.66 0.116112 0.121554 80.4208 7.14
    Full reduced cost fixing is not called (gap ratio is 0.999943)
ColGenEvalAlg final dual bound: 1314.66 (rounded: 1315)
False gap improvement since the last cut separation : 0.00496379 (1314)
Separator R1C not in maximum phase
Cut generation tailing off counter increased to 0
Current active cuts : CAP(17,843.033) R1C(11+123,73.5506) 1rowPackR1C(11) 3rowPackR1C(109) 4rowPackR1C(14)
Shrinking heuristic shrunk 14 edges
In total 1 RCC cut(s) are found by the greedy construction heuristic 
In total 1 RCC cut(s) are found by the global pool greedy search heuristic 
1 Rank-1 1-rows pack. cuts added ,  max viol. = 0.0597996, aver. viol. = 0.0597996
73 Rank-1 3-rows pack. cuts added ,  max viol. = 0.231818, aver. viol. = 0.0659213
Building structures for heuristic rank-1 packing cut separation...done!
94 Rank-1 4-rows pack. cuts added ,  max viol. = 0.175015, aver. viol. = 0.076525
100 Rank-1 5-rows pack. cuts added ,  max viol. = 0.228014, aver. viol. = 0.130419
----- Add fac. cuts : CAP(2) R1C(268), max.viol = 0.306369, aver.viol = 0.108621, sep/add took 0.49101/0.258631 sec. -----
4379 columns (4379 active), 655 dyn. constrs. (440 active), 1225 art. vars. (572 active)
<DWph=2> <it=  1> <et=8.09> <Mt= 0.17> <Spt= 0.02> <nCl=  5> <al=0.50> <DB= 1277.0284> <Mlp= 1315.3757> <PB=1000000> 
<DWph=2> <it=  2> <et=8.19> <Mt= 0.09> <Spt= 0.01> <nCl=  1> <al=0.55> <DB= 1314.9466> <Mlp= 1315.3029> <PB=1000000> 
<DWph=2> <it=  3> <et=8.22> <Mt= 0.01> <Spt= 0.02> <nCl=  4> <al=0.45> <DB= 1257.9755> <Mlp= 1315.3026> <PB=1000000> 
<DWph=2> <it=  4> <et=8.27> <Mt= 0.04> <Spt= 0.01> <nCl=  3> <al=0.51> <DB= 1309.8995> <Mlp= 1315.2894> <PB=1000000> 
<DWph=2> <it=  5> <et=8.34> <Mt= 0.04> <Spt= 0.03> <nCl=  7> <al=0.11> <DB= 1238.0660> <Mlp= 1315.2816> <PB=1000000> 
<DWph=2> <it=  6> <et=8.37> <Mt= 0.01> <Spt= 0.02> <nCl=  2> <al=0.45> <DB= 1265.5904> <Mlp= 1315.2814> <PB=1000000> 
<DWph=2> <it=  7> <et=8.43> <Mt= 0.02> <Spt= 0.04> <nCl=  3> <al=0.00> <DB= 1292.0607> <Mlp= 1315.2808> <PB=1000000> 
<DWph=2> <it=  8> <et=8.46> <Mt= 0.01> <Spt= 0.02> <nCl=  1> <al=0.41> <DB= 1288.8145> <Mlp= 1315.2808> <PB=1000000> 
<DWph=2> <it=  9> <et=8.49> <Mt= 0.01> <Spt= 0.02> <nCl=  2> <al=0.00> <DB= 1315.2808> <Mlp= 1315.2808> <PB=1000000> 
<DWph=1> <it= 10> <et=8.52> <Mt= 0.00> <Spt= 0.03> <nCl=  6> <al=0.37> <DB= 1197.8357> <Mlp= 1315.2808> <PB=1000000> 
<DWph=1> <it= 11> <et=8.60> <Mt= 0.06> <Spt= 0.02> <nCl=  6> <al=0.43> <DB= 1202.7198> <Mlp= 1315.2702> <PB=1000000> 
<DWph=1> <it= 12> <et=8.72> <Mt= 0.08> <Spt= 0.03> <nCl=  6> <al=0.49> <DB= 1284.3316> <Mlp= 1315.2432> <PB=1000000> 
<DWph=1> <it= 13> <et=8.76> <Mt= 0.02> <Spt= 0.03> <nCl=  2> <al=0.54> <DB= 1298.5683> <Mlp= 1315.2391> <PB=1000000> 
<DWph=1> <it= 14> <et=8.82> <Mt= 0.01> <Spt= 0.05> <nCl=  1> <al=0.00> <DB= 1312.1991> <Mlp= 1315.2391> <PB=1000000> 
<DWph=1> <it= 15> <et=8.87> <Mt= 0.01> <Spt= 0.04> <nCl=  0> <al=0.00> <DB= 1315.2391> <Mlp= 1315.2391> <PB=1000000> 
    RCSP exact solver info for graph G_1 : TT = 0.149936, pt = 0.001453, dt = 0.124539, ct = 0.023316, ndl = 15', bdl = 375', odl = 4', odf = 72', bsi = 2', cnt = 364', bdch = 7299', odch = 643', lcp = 516', #sols = 150
<DWph=0> <it= 16> <et=9.06> <Mt= 0.00> <Spt= 0.19> <nCl=150> <al=0.24> <DB= 1123.6713> <Mlp= 1315.2391> <PB=1000000> 
    RCSP exact solver info for graph G_1 : TT = 0.139943, pt = 0.001801, dt = 0.116324, ct = 0.021198, ndl = 14', bdl = 359', odl = 4', odf = 66', bsi = 1', cnt = 288', bdch = 6745', odch = 539', lcp = 440', #sols = 150
<DWph=0> <it= 17> <et=9.31> <Mt= 0.10> <Spt= 0.15> <nCl= 32> <al=0.32> <DB= 1254.7742> <Mlp= 1315.1855> <PB=1000000> 
    RCSP exact solver info for graph G_1 : TT = 0.137559, pt = 0.001849, dt = 0.114784, ct = 0.020303, ndl = 14', bdl = 357', odl = 4', odf = 64', bsi = 1', cnt = 273', bdch = 6639', odch = 516', lcp = 409', #sols = 150
<DWph=0> <it= 18> <et=9.48> <Mt= 0.03> <Spt= 0.14> <nCl= 31> <al=0.22> <DB= 1291.5513> <Mlp= 1315.1843> <PB=1000000> 
    RCSP exact solver info for graph G_1 : TT = 0.137433, pt = 0.001866, dt = 0.114742, ct = 0.020213, ndl = 14', bdl = 356', odl = 4', odf = 64', bsi = 1', cnt = 269', bdch = 6541', odch = 505', lcp = 407', #sols = 150
    RCSP exact solver info for graph G_1 : TT = 0.128436, pt = 0.00154, dt = 0.107088, ct = 0.019207, ndl = 14', bdl = 354', odl = 4', odf = 64', bsi = 1', cnt = 257', bdch = 6468', odch = 495', lcp = 398', #sols = 150
<DWph=0> <it= 19> <et=9.78> <Mt= 0.01> <Spt= 0.28> <nCl= 36> <al=0.00> <DB= 1315.1842> <Mlp= 1315.1842> <PB=1000000> 
Dynamic params and stats :  aver.obdmd = 23.5224 aver.buck.num. = 26 nbR1C = 135 with avMem = 10.0222
@@ 1 10 1315.18 0.136343 0.147855 80.4208 9.78
    Full reduced cost fixing is not called (gap ratio is 0.999942)
ColGenEvalAlg final dual bound: 1315.18 (rounded: 1316)
False gap improvement since the last cut separation : 0.00402489 (1314.66)
Cut generation tailing off counter increased to 1
Current active cuts : CAP(15,823.721) R1C(11+124,76.2832) 1rowPackR1C(11) 3rowPackR1C(85) 4rowPackR1C(20) 5rowPackR1C(19)
Shrinking heuristic shrunk 9 edges
In total 1 RCC cut(s) are found by the greedy construction heuristic 
4 Rank-1 1-rows pack. cuts added ,  max viol. = 0.0400686, aver. viol. = 0.0337377
57 Rank-1 3-rows pack. cuts added ,  max viol. = 0.0718055, aver. viol. = 0.0303575
Building structures for heuristic rank-1 packing cut separation...done!
36 Rank-1 4-rows pack. cuts added ,  max viol. = 0.087662, aver. viol. = 0.0365261
100 Rank-1 5-rows pack. cuts added ,  max viol. = 0.155723, aver. viol. = 0.0629236
----- Add fac. cuts : CAP(1) R1C(197), max.viol = 0.26878, aver.viol = 0.0740929, sep/add took 0.710906/0.216849 sec. -----
4677 columns (4677 active), 638 dyn. constrs. (365 active), 1423 art. vars. (497 active)
<DWph=2> <it=  1> <et=10.95> <Mt= 0.20> <Spt= 0.02> <nCl=  3> <al=0.50> <DB= 1288.7115> <Mlp= 1315.5890> <PB=1000000> 
<DWph=2> <it=  2> <et=11.02> <Mt= 0.04> <Spt= 0.03> <nCl=  5> <al=0.10> <DB= 1304.5985> <Mlp= 1315.5855> <PB=1000000> 
<DWph=2> <it=  3> <et=11.08> <Mt= 0.05> <Spt= 0.02> <nCl=  1> <al=0.45> <DB= 1315.4836> <Mlp= 1315.5808> <PB=1000000> 
<DWph=2> <it=  4> <et=11.11> <Mt= 0.01> <Spt= 0.01> <nCl=  1> <al=0.35> <DB= 1297.9787> <Mlp= 1315.5806> <PB=1000000> 
<DWph=2> <it=  5> <et=11.15> <Mt= 0.02> <Spt= 0.02> <nCl=  2> <al=0.42> <DB= 1304.5546> <Mlp= 1315.5803> <PB=1000000> 
<DWph=2> <it=  6> <et=11.18> <Mt= 0.01> <Spt= 0.01> <nCl=  1> <al=0.47> <DB= 1260.6455> <Mlp= 1315.5803> <PB=1000000> 
<DWph=2> <it=  7> <et=11.25> <Mt= 0.06> <Spt= 0.02> <nCl=  1> <al=0.53> <DB= 1310.0901> <Mlp= 1315.5727> <PB=1000000> 
<DWph=2> <it=  8> <et=11.29> <Mt= 0.02> <Spt= 0.02> <nCl=  1> <al=0.43> <DB= 1285.6855> <Mlp= 1315.5717> <PB=1000000> 
<DWph=2> <it=  9> <et=11.34> <Mt= 0.02> <Spt= 0.03> <nCl=  2> <al=0.00> <DB= 1315.5717> <Mlp= 1315.5717> <PB=1000000> 
<DWph=1> <it= 10> <et=11.37> <Mt= 0.00> <Spt= 0.02> <nCl=  4> <al=0.38> <DB= 1296.6609> <Mlp= 1315.5717> <PB=1000000> 
<DWph=1> <it= 11> <et=11.41> <Mt= 0.01> <Spt= 0.03> <nCl=  1> <al=0.45> <DB= 1301.4689> <Mlp= 1315.5717> <PB=1000000> 
<DWph=1> <it= 12> <et=11.46> <Mt= 0.03> <Spt= 0.03> <nCl=  4> <al=0.35> <DB= 1307.6997> <Mlp= 1315.5703> <PB=1000000> 
<DWph=1> <it= 13> <et=11.50> <Mt= 0.00> <Spt= 0.03> <nCl=  2> <al=0.41> <DB= 1291.8639> <Mlp= 1315.5703> <PB=1000000> 
<DWph=1> <it= 14> <et=11.56> <Mt= 0.01> <Spt= 0.05> <nCl=  0> <al=0.00> <DB= 1315.5703> <Mlp= 1315.5703> <PB=1000000> 
    RCSP exact solver info for graph G_1 : TT = 0.262341, pt = 0.001907, dt = 0.196416, ct = 0.063383, ndl = 21', bdl = 463', odl = 4', odf = 93', bsi = 2', cnt = 1049', bdch = 11030', odch = 1141', lcp = 1027', #sols = 150
<DWph=0> <it= 15> <et=11.86> <Mt= 0.01> <Spt= 0.30> <nCl=150> <al=0.37> <DB= 1254.7830> <Mlp= 1315.5703> <PB=1000000> 
    RCSP exact solver info for graph G_1 : TT = 0.256712, pt = 0.00245, dt = 0.192054, ct = 0.06157, ndl = 20', bdl = 453', odl = 4', odf = 89', bsi = 2', cnt = 827', bdch = 10509', odch = 1015', lcp = 941', #sols = 150
<DWph=0> <it= 16> <et=12.24> <Mt= 0.11> <Spt= 0.26> <nCl= 29> <al=0.43> <DB= 1289.2594> <Mlp= 1315.5490> <PB=1000000> 
    RCSP exact solver info for graph G_1 : TT = 0.254967, pt = 0.002581, dt = 0.191296, ct = 0.060416, ndl = 19', bdl = 439', odl = 4', odf = 86', bsi = 2', cnt = 748', bdch = 10024', odch = 957', lcp = 908', #sols = 150
<DWph=0> <it= 17> <et=12.57> <Mt= 0.07> <Spt= 0.26> <nCl= 21> <al=0.33> <DB= 1307.1319> <Mlp= 1315.5446> <PB=1000000> 
    RCSP exact solver info for graph G_1 : TT = 0.24583, pt = 0.002588, dt = 0.186819, ct = 0.055763, ndl = 19', bdl = 432', odl = 4', odf = 84', bsi = 2', cnt = 665', bdch = 9661', odch = 893', lcp = 866', #sols = 150
<DWph=0> <it= 18> <et=12.84> <Mt= 0.02> <Spt= 0.26> <nCl= 38> <al=0.23> <DB= 1307.7774> <Mlp= 1315.5445> <PB=1000000> 
    RCSP exact solver info for graph G_1 : TT = 0.245637, pt = 0.002589, dt = 0.188062, ct = 0.054316, ndl = 19', bdl = 430', odl = 4', odf = 84', bsi = 2', cnt = 645', bdch = 9622', odch = 902', lcp = 868', #sols = 150
    RCSP exact solver info for graph G_1 : TT = 0.222093, pt = 0.00208, dt = 0.173057, ct = 0.046311, ndl = 19', bdl = 439', odl = 4', odf = 86', bsi = 2', cnt = 672', bdch = 9921', odch = 935', lcp = 893', #sols = 150
<DWph=0> <it= 19> <et=13.34> <Mt= 0.01> <Spt= 0.48> <nCl= 42> <al=0.00> <DB= 1315.5444> <Mlp= 1315.5444> <PB=1000000> 
Dynamic params and stats :  aver.obdmd = 23.5224 aver.buck.num. = 26 nbR1C = 175 with avMem = 10.2171
@@ 1 11 1315.54 0.244911 0.259799 80.4208 13.34
    Full reduced cost fixing is not called (gap ratio is 0.999942)
Bucket graph for G_1 is regenerated as bucket steps were adjusted for 67 vertices
RCSP solver info : number of forw. reachable buckets / buck. strongly connected components is 3074( 89.962% ) / 2924( 95.1204% )
168371 forw. buck. arcs remain (85.6872% from max.)
ColGenEvalAlg final dual bound: 1315.54 (rounded: 1316)
False gap improvement since the last cut separation : 0.0027381 (1315.18)
Cut generation tailing off counter increased to 2
Current active cuts : CAP(14,822.762) R1C(14+161,87.625) 1rowPackR1C(14) 3rowPackR1C(91) 4rowPackR1C(32) 5rowPackR1C(38)
Shrinking heuristic shrunk 8 edges
34 Rank-1 3-rows pack. cuts added ,  max viol. = 0.136568, aver. viol. = 0.0348264
Building structures for heuristic rank-1 packing cut separation...done!
59 Rank-1 4-rows pack. cuts added ,  max viol. = 0.121271, aver. viol. = 0.0482336
100 Rank-1 5-rows pack. cuts added ,  max viol. = 0.176931, aver. viol. = 0.0895193
----- Add fac. cuts : R1C(193), max.viol = 0.2193, aver.viol = 0.0815447, sep/add took 0.619766/0.227618 sec. -----
4985 columns (4985 active), 558 dyn. constrs. (398 active), 1616 art. vars. (530 active)
<DWph=2> <it=  1> <et=14.56> <Mt= 0.25> <Spt= 0.06> <nCl=  9> <al=0.00> <DB= 1286.3053> <Mlp= 1315.7378> <PB=1000000> 
<DWph=2> <it=  2> <et=14.64> <Mt= 0.03> <Spt= 0.05> <nCl=  5> <al=0.00> <DB= 1306.5620> <Mlp= 1315.7364> <PB=1000000> 
<DWph=2> <it=  3> <et=14.69> <Mt= 0.01> <Spt= 0.04> <nCl=  0> <al=0.00> <DB= 1315.7364> <Mlp= 1315.7364> <PB=1000000> 
<DWph=1> <it=  4> <et=14.73> <Mt= 0.00> <Spt= 0.04> <nCl=  6> <al=0.20> <DB= 1307.0753> <Mlp= 1315.7364> <PB=1000000> 
<DWph=1> <it=  5> <et=14.79> <Mt= 0.02> <Spt= 0.04> <nCl=  2> <al=0.28> <DB= 1197.1214> <Mlp= 1315.7340> <PB=1000000> 
<DWph=1> <it=  6> <et=14.85> <Mt= 0.02> <Spt= 0.03> <nCl=  7> <al=0.35> <DB= 1288.3849> <Mlp= 1315.7340> <PB=1000000> 
<DWph=1> <it=  7> <et=14.93> <Mt= 0.01> <Spt= 0.07> <nCl=  2> <al=0.00> <DB= 1311.6992> <Mlp= 1315.7340> <PB=1000000> 
<DWph=1> <it=  8> <et=15.01> <Mt= 0.01> <Spt= 0.07> <nCl=  0> <al=0.00> <DB= 1315.7340> <Mlp= 1315.7340> <PB=1000000> 
    RCSP exact solver info for graph G_1 : TT = 0.245107, pt = 0.002096, dt = 0.180564, ct = 0.061746, ndl = 21', bdl = 458', odl = 6', odf = 160', bsi = 2', cnt = 727', bdch = 6869', odch = 1386', lcp = 658', #sols = 150
<DWph=0> <it=  9> <et=15.29> <Mt= 0.00> <Spt= 0.28> <nCl=150> <al=0.22> <DB= 1231.5892> <Mlp= 1315.7340> <PB=1000000> 
    RCSP exact solver info for graph G_1 : TT = 0.255743, pt = 0.002376, dt = 0.189011, ct = 0.063606, ndl = 21', bdl = 463', odl = 6', odf = 161', bsi = 2', cnt = 681', bdch = 6958', odch = 1390', lcp = 647', #sols = 150
<DWph=0> <it= 10> <et=15.69> <Mt= 0.13> <Spt= 0.27> <nCl= 22> <al=0.30> <DB= 1288.4489> <Mlp= 1315.7178> <PB=1000000> 
    RCSP exact solver info for graph G_1 : TT = 0.254571, pt = 0.002407, dt = 0.18853, ct = 0.062837, ndl = 21', bdl = 461', odl = 6', odf = 161', bsi = 2', cnt = 659', bdch = 6931', odch = 1382', lcp = 639', #sols = 150
<DWph=0> <it= 11> <et=15.97> <Mt= 0.02> <Spt= 0.26> <nCl= 17> <al=0.37> <DB= 1301.2732> <Mlp= 1315.7177> <PB=1000000> 
    RCSP exact solver info for graph G_1 : TT = 0.257826, pt = 0.002451, dt = 0.191652, ct = 0.062941, ndl = 21', bdl = 465', odl = 6', odf = 162', bsi = 2', cnt = 655', bdch = 7007', odch = 1398', lcp = 653', #sols = 150
<DWph=0> <it= 12> <et=16.24> <Mt= 0.01> <Spt= 0.26> <nCl=  9> <al=0.43> <DB= 1309.5203> <Mlp= 1315.7177> <PB=1000000> 
    RCSP exact solver info for graph G_1 : TT = 0.264194, pt = 0.002416, dt = 0.196217, ct = 0.064759, ndl = 21', bdl = 469', odl = 6', odf = 164', bsi = 2', cnt = 679', bdch = 7144', odch = 1433', lcp = 672', #sols = 150
<DWph=0> <it= 13> <et=16.53> <Mt= 0.02> <Spt= 0.27> <nCl= 21> <al=0.33> <DB= 1313.6784> <Mlp= 1315.7177> <PB=1000000> 
    RCSP exact solver info for graph G_1 : TT = 0.259591, pt = 0.002414, dt = 0.192249, ct = 0.064164, ndl = 21', bdl = 465', odl = 6', odf = 163', bsi = 2', cnt = 667', bdch = 7083', odch = 1412', lcp = 665', #sols = 150
    RCSP exact solver info for graph G_1 : TT = 0.245842, pt = 0.002183, dt = 0.18482, ct = 0.058097, ndl = 21', bdl = 465', odl = 6', odf = 162', bsi = 2', cnt = 645', bdch = 7040', odch = 1397', lcp = 649', #sols = 150
<DWph=0> <it= 14> <et=17.06> <Mt= 0.01> <Spt= 0.52> <nCl= 26> <al=0.00> <DB= 1315.2909> <Mlp= 1315.7177> <PB=1000000> 
    RCSP exact solver info for graph G_1 : TT = 0.247168, pt = 0.002273, dt = 0.185598, ct = 0.058567, ndl = 21', bdl = 465', odl = 6', odf = 163', bsi = 2', cnt = 641', bdch = 7047', odch = 1399', lcp = 651', #sols = 150
    RCSP exact solver info for graph G_1 : TT = 0.251834, pt = 0.002199, dt = 0.188325, ct = 0.060552, ndl = 21', bdl = 467', odl = 6', odf = 164', bsi = 2', cnt = 676', bdch = 7139', odch = 1438', lcp = 667', #sols = 150
<DWph=0> <it= 15> <et=17.58> <Mt= 0.01> <Spt= 0.51> <nCl= 23> <al=0.00> <DB= 1315.7177> <Mlp= 1315.7177> <PB=1000000> 
Dynamic params and stats :  aver.obdmd = 47.0448 aver.buck.num. = 51 nbR1C = 183 with avMem = 10.2186
@@ 1 12 1315.72 0.250471 0.260976 85.6872 17.58
    Full reduced cost fixing is not called (gap ratio is 0.999942)
ColGenEvalAlg final dual bound: 1315.72 (rounded: 1316)
False gap improvement since the last cut separation : 0.00131736 (1315.54)
----- Cut generation is stopped due to tailing off -----
Current active cuts : CAP(14,824.371) R1C(14+169,92.6239) 1rowPackR1C(14) 3rowPackR1C(86) 4rowPackR1C(37) 5rowPackR1C(46)
**** Strong branching phase 1 is started *****
SB phase 1 cand.  1 branch on VNB (lhs=9.0009)        : [ 1315.7180,  1333.9116], score = 0.01      <et=17.95>
SB phase 1 cand.  2 branch on EDGE[30,64] (lhs=0.4606): [ 1315.7177,  1316.0587], score = 0.00      <et=18.08>
SB phase 1 cand.  3 branch on EDGE[48,62] (lhs=0.5401): [ 1315.8473,  1315.8782], score = 0.02      <et=18.3>
SB phase 1 cand.  4 branch on EDGE[16,28] (lhs=0.4550): [ 1315.8722,  1316.0000], score = 0.04      <et=18.55>
SB phase 1 cand.  5 branch on EDGE[47,61] (lhs=0.4310): [ 1315.7967,  1315.9510], score = 0.02      <et=18.75>
SB phase 1 cand.  6 branch on EDGE[0,28] (lhs=0.5724) : [ 1315.8153,  1315.8328], score = 0.01      <et=18.95>
SB phase 1 cand.  7 branch on EDGE[13,31] (lhs=0.5831): [ 1315.9243,  1316.1971], score = 0.10      <et=19.23>
SB phase 1 cand.  8 branch on EDGE[11,23] (lhs=0.4068): [ 1315.8390,  1316.0000], score = 0.03      <et=19.43>
SB phase 1 cand.  9 branch on EDGE[37,48] (lhs=0.4023): [ 1315.8496,  1315.9638], score = 0.03      <et=19.65>
SB phase 1 cand. 10 branch on EDGE[0,30] (lhs=0.6094) : [ 1315.7658,  1316.0000], score = 0.01      <et=19.79>
SB phase 1 cand. 11 branch on EDGE[0,7] (lhs=0.3906)  : [ 1315.8247,  1316.0000], score = 0.03      <et=20.01>
SB phase 1 cand. 12 branch on EDGE[37,61] (lhs=0.6104): [ 1315.8827,  1316.0000], score = 0.05      <et=20.2>
SB phase 1 cand. 13 branch on EDGE[7,30] (lhs=0.3730) : [ 1315.7633,  1316.0000], score = 0.01      <et=20.35>
SB phase 1 cand. 14 branch on EDGE[50,61] (lhs=0.3696): [ 1315.7551,  1316.4450], score = 0.03      <et=20.6>
SB phase 1 cand. 15 branch on EDGE[0,45] (lhs=0.6368) : [ 1315.8215,  1316.1805], score = 0.05      <et=20.84>
SB phase 1 cand. 16 branch on EDGE[31,45] (lhs=0.6405): [ 1315.8566,  1316.5756], score = 0.12      <et=21.15>
SB phase 1 cand. 17 branch on EDGE[13,45] (lhs=0.3412): [ 1315.8222,  1316.2283], score = 0.05      <et=21.39>
SB phase 1 cand. 18 branch on EDGE[37,59] (lhs=0.3264): [ 1315.8132,  1316.0000], score = 0.03      <et=21.56>
SB phase 1 cand. 19 branch on EDGE[11,55] (lhs=0.3240): [ 1315.7285,  1316.0000], score = 0.00      <et=21.73>
SB phase 1 cand. 20 branch on EDGE[1,7] (lhs=0.3211)  : [ 1315.8655,  1316.0000], score = 0.04      <et=21.92>
SB phase 1 cand. 21 branch on EDGE[38,57] (lhs=0.6813): [ 1315.8933,  1316.5896], score = 0.15      <et=22.23>
SB phase 1 cand. 22 branch on EDGE[0,25] (lhs=0.6850) : [ 1316.0000,  1316.1751], score = 0.13      <et=22.45>
SB phase 1 cand. 23 branch on EDGE[16,62] (lhs=0.6877): [ 1315.8709,  1316.4117], score = 0.11      <et=22.74>
SB phase 1 cand. 24 branch on EDGE[28,50] (lhs=0.3048): [ 1315.7823,  1315.9920], score = 0.02      <et=22.97>
SB phase 1 cand. 25 branch on EDGE[7,35] (lhs=0.2963) : [ 1315.9347,  1316.3558], score = 0.14      <et=23.26>
SB phase 1 cand. 26 branch on EDGE[0,51] (lhs=0.7047) : [ 1315.8350,  1316.1825], score = 0.05      <et=23.51>
SB phase 1 cand. 27 branch on EDGE[25,63] (lhs=0.7094): [ 1315.8909,  1316.2841], score = 0.10      <et=23.78>
SB phase 1 cand. 28 branch on EDGE[7,55] (lhs=0.2884) : [ 1315.7534,  1317.4953], score = 0.06      <et=24.05>
SB phase 1 cand. 29 branch on EDGE[25,48] (lhs=0.2807): [ 1315.8147,  1316.4815], score = 0.07      <et=24.31>
SB phase 1 cand. 30 branch on EDGE[35,64] (lhs=0.2797): [ 1315.7177,  1316.0000], score = 0.00      <et=24.38>
SB phase 1 cand. 31 branch on EDGE[16,47] (lhs=0.2706): [ 1315.8082,  1316.3620], score = 0.06      <et=24.65>
SB phase 1 cand. 32 branch on EDGE[5,9] (lhs=0.7435)  : [ 1316.0000,  1316.2002], score = 0.14      <et=24.9>
SB phase 1 cand. 33 branch on EDGE[9,12] (lhs=0.7435) : [ 1316.0000,  1316.3323], score = 0.17      <et=25.17>
SB phase 1 cand. 34 branch on EDGE[24,36] (lhs=0.7444): [ 1316.0000,  1316.4203], score = 0.20      <et=25.43>
SB phase 1 cand. 35 branch on EDGE[12,24] (lhs=0.2556): [ 1316.0000,  1316.4225], score = 0.20      <et=25.68>
SB phase 1 cand. 36 branch on EDGE[28,62] (lhs=0.2489): [ 1315.8304,  1316.0000], score = 0.03      <et=25.83>
SB phase 1 cand. 37 branch on EDGE[7,57] (lhs=0.2453) : [ 1315.8368,  1317.0376], score = 0.16      <et=26.14>
SB phase 1 cand. 38 branch on EDGE[13,56] (lhs=0.7736): [ 1315.8446,  1317.0845], score = 0.17      <et=26.41>
SB phase 1 cand. 39 branch on EDGE[0,9] (lhs=0.2181)  : [ 1316.0000,  1316.4584], score = 0.21      <et=26.73>
SB phase 1 cand. 40 branch on EDGE[0,24] (lhs=0.7835) : [ 1315.8241,  1316.8188], score = 0.12      <et=27.06>
SB phase 1 cand. 41 branch on EDGE[30,37] (lhs=0.2137): [ 1315.7704,  1316.0000], score = 0.01      <et=27.18>
SB phase 1 cand. 42 branch on EDGE[1,45] (lhs=0.1999) : [ 1315.7297,  1317.2051], score = 0.02      <et=27.48>
SB phase 1 cand. 43 branch on EDGE[0,47] (lhs=0.8004) : [ 1315.7648,  1315.9849], score = 0.01      <et=27.68>
SB phase 1 cand. 44 branch on EDGE[5,42] (lhs=0.8014) : [ 1316.0000,  1316.7099], score = 0.28      <et=28>
SB phase 1 cand. 45 branch on EDGE[2,36] (lhs=0.1970) : [ 1315.8438,  1317.5862], score = 0.24      <et=28.29>
SB phase 1 cand. 46 branch on EDGE[23,31] (lhs=0.1942): [ 1315.7777,  1317.4069], score = 0.10      <et=28.62>
SB phase 1 cand. 47 branch on EDGE[48,61] (lhs=0.1918): [ 1315.7450,  1316.0000], score = 0.01      <et=28.73>
SB phase 1 cand. 48 branch on EDGE[35,38] (lhs=0.1907): [ 1315.7207,  1316.2174], score = 0.00      <et=28.93>
SB phase 1 cand. 49 branch on EDGE[0,33] (lhs=0.8111) : [ 1315.9585,  1316.8217], score = 0.27      <et=29.28>
SB phase 1 cand. 50 branch on EDGE[48,59] (lhs=0.1826): [ 1315.7470,  1316.0000], score = 0.01      <et=29.4>
SB phase 1 cand. 51 branch on EDGE[19,35] (lhs=0.8178): [ 1315.7177,  1316.4491], score = 0.00      <et=29.61>
SB phase 1 cand. 52 branch on EDGE[1,19] (lhs=0.1822) : [ 1315.7177,  1318.0277], score = 0.00      <et=29.89>
SB phase 1 cand. 53 branch on EDGE[47,59] (lhs=0.1822): [ 1315.7834,  1317.3026], score = 0.10      <et=30.21>
SB phase 1 cand. 54 branch on EDGE[23,51] (lhs=0.1819): [ 1315.7797,  1318.4628], score = 0.17      <et=30.5>
SB phase 1 cand. 55 branch on EDGE[2,10] (lhs=0.8196) : [ 1315.8445,  1317.4722], score = 0.22      <et=30.81>
SB phase 1 cand. 56 branch on EDGE[3,15] (lhs=0.8238) : [ 1316.0000,  1316.5863], score = 0.25      <et=31.13>
SB phase 1 cand. 57 branch on EDGE[16,48] (lhs=0.1754): [ 1315.7373,  1317.5520], score = 0.04      <et=31.38>
SB phase 1 cand. 58 branch on EDGE[33,42] (lhs=0.1683): [ 1315.9113,  1316.8254], score = 0.21      <et=31.69>
SB phase 1 cand. 59 branch on EDGE[31,56] (lhs=0.1626): [ 1315.7461,  1317.1934], score = 0.04      <et=31.91>
SB phase 1 cand. 60 branch on EDGE[31,57] (lhs=0.1593): [ 1315.7185,  1317.3413], score = 0.00      <et=32.15>
SB phase 1 cand. 61 branch on EDGE[11,31] (lhs=0.1589): [ 1315.7779,  1316.4498], score = 0.04      <et=32.41>
SB phase 1 cand. 62 branch on EDGE[13,43] (lhs=0.1524): [ 1315.7722,  1316.9576], score = 0.07      <et=32.69>
SB phase 1 cand. 63 branch on EDGE[45,55] (lhs=0.1497): [ 1315.7481,  1317.1299], score = 0.04      <et=32.94>
SB phase 1 cand. 64 branch on EDGE[44,59] (lhs=0.8504): [ 1315.7177,  1315.7188], score = 0.00      <et=32.98>
SB phase 1 cand. 65 branch on EDGE[14,27] (lhs=0.8509): [ 1315.8008,  1316.2082], score = 0.04      <et=33.25>
SB phase 1 cand. 66 branch on EDGE[9,36] (lhs=0.1486) : [ 1316.0000,  1317.3384], score = 0.46      <et=33.6>
SB phase 1 cand. 67 branch on EDGE[3,21] (lhs=0.1477) : [ 1315.9470,  1318.3911], score = 0.61      <et=33.95>
SB phase 1 cand. 68 branch on EDGE[0,5] (lhs=0.1477)  : [ 1315.7468,  1316.8289], score = 0.03      <et=34.2>
SB phase 1 cand. 69 branch on EDGE[0,18] (lhs=0.8612) : [ 1315.7529,  1316.4392], score = 0.03      <et=34.44>
SB phase 1 cand. 70 branch on EDGE[0,11] (lhs=0.1387) : [ 1315.7376,  1316.8111], score = 0.02      <et=34.67>
SB phase 1 cand. 71 branch on EDGE[28,47] (lhs=0.1368): [ 1315.7483,  1317.0000], score = 0.04      <et=34.88>
SB phase 1 cand. 72 branch on EDGE[17,41] (lhs=0.8636): [ 1315.7529,  1316.2826], score = 0.02      <et=35.13>
SB phase 1 cand. 73 branch on EDGE[0,6] (lhs=0.8642)  : [ 1315.8281,  1318.6991], score = 0.33      <et=35.45>
SB phase 1 cand. 74 branch on EDGE[6,28] (lhs=0.1358) : [ 1315.8281,  1317.0000], score = 0.14      <et=35.65>
SB phase 1 cand. 75 branch on EDGE[59,64] (lhs=0.1295): [ 1315.7177,  1315.7188], score = 0.00      <et=35.69>
SB phase 1 cand. 76 branch on EDGE[0,38] (lhs=0.1288) : [ 1315.7177,  1317.6734], score = 0.00      <et=35.96>
SB phase 1 cand. 77 branch on EDGE[35,44] (lhs=0.1288): [ 1315.7177,  1316.0000], score = 0.00      <et=36.04>
SB phase 1 cand. 78 branch on EDGE[37,62] (lhs=0.1242): [ 1315.7303,  1317.1395], score = 0.02      <et=36.28>
SB phase 1 cand. 79 branch on EDGE[22,35] (lhs=0.1229): [ 1315.7616,  1318.6710], score = 0.13      <et=36.56>
SB phase 1 cand. 80 branch on EDGE[10,26] (lhs=0.8773): [ 1315.7604,  1317.2652], score = 0.07      <et=36.82>
SB phase 1 cand. 81 branch on EDGE[10,62] (lhs=0.1224): [ 1315.7331,  1317.2889], score = 0.02      <et=37.03>
SB phase 1 cand. 82 branch on EDGE[25,59] (lhs=0.1224): [ 1315.7180,  1316.8550], score = 0.00      <et=37.22>
SB phase 1 cand. 83 branch on EDGE[22,43] (lhs=0.8783): [ 1315.7479,  1317.2499], score = 0.05      <et=37.48>
SB phase 1 cand. 84 branch on EDGE[35,56] (lhs=0.1188): [ 1315.7506,  1318.3876], score = 0.09      <et=37.77>
SB phase 1 cand. 85 branch on EDGE[5,15] (lhs=0.1174) : [ 1315.7995,  1318.5626], score = 0.23      <et=38.04>
SB phase 1 cand. 86 branch on EDGE[21,36] (lhs=0.8835): [ 1315.7666,  1318.5626], score = 0.14      <et=38.35>
SB phase 1 cand. 87 branch on EDGE[11,57] (lhs=0.8894): [ 1315.7497,  1316.0000], score = 0.01      <et=38.5>
SB phase 1 cand. 88 branch on EDGE[19,38] (lhs=0.8904): [ 1315.7348,  1316.0000], score = 0.00      <et=38.61>
SB phase 1 cand. 89 branch on EDGE[0,49] (lhs=0.8924) : [ 1315.7772,  1316.5493], score = 0.05      <et=38.85>
SB phase 1 cand. 90 branch on EDGE[9,49] (lhs=0.1070) : [ 1315.8008,  1317.2589], score = 0.13      <et=39.17>
SB phase 1 cand. 91 branch on EDGE[48,63] (lhs=0.1057): [ 1315.7301,  1317.7097], score = 0.02      <et=39.41>
SB phase 1 cand. 92 branch on EDGE[18,23] (lhs=0.8946): [ 1315.7661,  1316.7307], score = 0.05      <et=39.67>
SB phase 1 cand. 93 branch on EDGE[2,6] (lhs=0.8952)  : [ 1315.7834,  1317.0000], score = 0.08      <et=39.88>
SB phase 1 cand. 94 branch on EDGE[30,61] (lhs=0.1041): [ 1315.7283,  1316.0000], score = 0.00      <et=39.97>
SB phase 1 cand. 95 branch on EDGE[0,23] (lhs=0.1040) : [ 1315.7515,  1317.8251], score = 0.07      <et=40.25>
SB phase 1 cand. 96 branch on EDGE[0,16] (lhs=0.1035) : [ 1315.7320,  1316.5195], score = 0.01      <et=40.45>
SB phase 1 cand. 97 branch on EDGE[16,50] (lhs=0.1014): [ 1315.7272,  1316.7498], score = 0.01      <et=40.67>
SB phase 1 cand. 98 branch on EDGE[23,38] (lhs=0.1011): [ 1315.7177,  1316.0000], score = 0.00      <et=40.72>
SB phase 1 cand. 99 branch on EDGE[37,50] (lhs=0.1003): [ 1315.7211,  1317.0000], score = 0.00      <et=40.88>
SB phase 1 cand. 100 branch on EDGE[0,26] (lhs=0.0979) : [ 1315.7282,  1318.0286], score = 0.02      <et=41.14>
**** Strong branching phase 2 is started *****
#<DWph=1> <it= 15> <et=42.98> <Mt= 1.31> <Spt= 0.52> <nCl=105> <al=0.00> <DB= 1318.1356> <Mlp= 1318.1356> <PB=1000000> 
#<DWph=1> <it= 10> <et=44.06> <Mt= 0.59> <Spt= 0.43> <nCl= 32> <al=0.00> <DB= 1315.9192> <Mlp= 1315.9192> <PB=1000000> 
SB phase 2 cand.  1 branch on EDGE[3,21] (lhs=0.1477): [ 1315.9192,  1318.1356], score = 0.49      <et=44.07>
#<DWph=1> <it= 14> <et=45.27> <Mt= 0.54> <Spt= 0.62> <nCl=103> <al=0.00> <DB= 1317.2611> <Mlp= 1317.2611> <PB=1000000> 
##<DWph=1> <it= 11> <et=46.55> <Mt= 0.80> <Spt= 0.45> <nCl= 45> <al=0.00> <DB= 1315.9250> <Mlp= 1315.9250> <PB=1000000> 
SB phase 2 cand.  2 branch on EDGE[9,36] (lhs=0.1486): [ 1315.9250,  1317.2611], score = 0.32      <et=46.56>
#<DWph=1> <it= 13> <et=48.07> <Mt= 1.01> <Spt= 0.46> <nCl= 69> <al=0.00> <DB= 1317.3784> <Mlp= 1317.3784> <PB=1000000> 
#<DWph=1> <it=  8> <et=48.79> <Mt= 0.33> <Spt= 0.33> <nCl= 17> <al=0.00> <DB= 1315.8191> <Mlp= 1315.8191> <PB=1000000> 
SB phase 2 cand.  3 branch on EDGE[0,6] (lhs=0.8642) : [ 1315.8191,  1317.3784], score = 0.17      <et=48.79>
**** Strong branching phase 3 is started *****
**** SB phase 3 evaluation of candidate 1, branch 1 ( EDGE[3,21] >= 1 ), value = 1318.14
<DWph=2> <it=  1> <et=48.89> <Mt= 0.01> <Spt= 0.05> <nCl=  4> <al=0.00> <DB= 1314.7948> <Mlp= 1318.1356> <PB=1000000> 
<DWph=1> <it=  2> <et=48.93> <Mt= 0.01> <Spt= 0.03> <nCl=  5> <al=0.40> <DB= 1272.5543> <Mlp= 1318.1356> <PB=1000000> 
<DWph=1> <it=  3> <et=48.97> <Mt= 0.01> <Spt= 0.04> <nCl=  1> <al=0.30> <DB= 1313.2292> <Mlp= 1318.1356> <PB=1000000> 
<DWph=1> <it=  4> <et=49.04> <Mt= 0.01> <Spt= 0.06> <nCl=  0> <al=0.00> <DB= 1318.1356> <Mlp= 1318.1356> <PB=1000000> 
    RCSP exact solver info for graph G_1 : TT = 0.205293, pt = 0.001618, dt = 0.155844, ct = 0.047082, ndl = 19', bdl = 432', odl = 7', odf = 167', bsi = 1', cnt = 600', bdch = 6384', odch = 1561', lcp = 628', #sols = 150
<DWph=0> <it=  5> <et=49.27> <Mt= 0.00> <Spt= 0.23> <nCl=150> <al=0.10> <DB= 1275.3298> <Mlp= 1318.1356> <PB=1000000> 
    RCSP exact solver info for graph G_1 : TT = 0.223557, pt = 0.001641, dt = 0.167275, ct = 0.053978, ndl = 20', bdl = 462', odl = 7', odf = 177', bsi = 2', cnt = 835', bdch = 7258', odch = 1890', lcp = 734', #sols = 150
<DWph=0> <it=  6> <et=49.64> <Mt= 0.13> <Spt= 0.24> <nCl=144> <al=0.00> <DB= 1311.1326> <Mlp= 1317.7825> <PB=1000000> 
    RCSP exact solver info for graph G_1 : TT = 0.226843, pt = 0.001861, dt = 0.16747, ct = 0.056842, ndl = 19', bdl = 439', odl = 7', odf = 170', bsi = 2', cnt = 724', bdch = 6633', odch = 1664', lcp = 672', #sols = 150
<DWph=0> <it=  7> <et=49.92> <Mt= 0.04> <Spt= 0.24> <nCl= 24> <al=0.10> <DB= 1314.5062> <Mlp= 1317.7780> <PB=1000000> 
    RCSP exact solver info for graph G_1 : TT = 0.23368, pt = 0.00187, dt = 0.171118, ct = 0.060037, ndl = 20', bdl = 445', odl = 7', odf = 172', bsi = 2', cnt = 741', bdch = 6756', odch = 1702', lcp = 694', #sols = 150
<DWph=0> <it=  8> <et=50.17> <Mt= 0.01> <Spt= 0.23> <nCl= 14> <al=0.19> <DB= 1317.1563> <Mlp= 1317.7780> <PB=1000000> 
    RCSP exact solver info for graph G_1 : TT = 0.227086, pt = 0.001868, dt = 0.167533, ct = 0.057005, ndl = 19', bdl = 439', odl = 7', odf = 169', bsi = 2', cnt = 692', bdch = 6601', odch = 1590', lcp = 651', #sols = 150
    RCSP exact solver info for graph G_1 : TT = 0.223431, pt = 0.001717, dt = 0.166556, ct = 0.054483, ndl = 20', bdl = 452', odl = 7', odf = 174', bsi = 2', cnt = 704', bdch = 6968', odch = 1653', lcp = 674', #sols = 150
<DWph=0> <it=  9> <et=50.64> <Mt= 0.01> <Spt= 0.46> <nCl= 32> <al=0.00> <DB= 1317.7780> <Mlp= 1317.7780> <PB=1000000> 
Dynamic params and stats :  aver.obdmd = 47.0448 aver.buck.num. = 51 nbR1C = 143 with avMem = 10.0979
@@ 208 0 1317.78 0.220871 0.231155 84.3309 50.64
    Full reduced cost fixing is not called (gap ratio is 0.99994)
ColGenEvalAlg final dual bound: 1317.78 (rounded: 1318)
Current active cuts : CAP(12,684.163) R1C(12+131,96.3378) 1rowPackR1C(12) 3rowPackR1C(75) 4rowPackR1C(26) 5rowPackR1C(30)
2 Rank-1 1-rows pack. cuts added ,  max viol. = 0.0513269, aver. viol. = 0.0395407
57 Rank-1 3-rows pack. cuts added ,  max viol. = 0.15208, aver. viol. = 0.0566057
Building structures for heuristic rank-1 packing cut separation...done!
51 Rank-1 4-rows pack. cuts added ,  max viol. = 0.230477, aver. viol. = 0.0635723
100 Rank-1 5-rows pack. cuts added ,  max viol. = 0.246597, aver. viol. = 0.21104
In total 1 RCC cut(s) are found by the connected components heuristic 
Shrinking heuristic shrunk 24 edges
In total 6 RCC cut(s) are found by the Fractional capacity min-cut heuristic 
In total 3 RCC cut(s) are found by the greedy construction heuristic 
In total 2 RCC cut(s) are found by the global pool greedy search heuristic 
----- Add fac. cuts : CAP(12) R1C(210), max.viol = 0.503764, aver.viol = 0.220201, sep/add took 0.281082/0.285002 sec. -----
6029 columns (5763 active), 438 dyn. constrs. (391 active), 574 art. vars. (523 active)
<DWph=2> <it=  1> <et=51.47> <Mt= 0.23> <Spt= 0.03> <nCl=  1> <al=0.50> <DB= 1317.6744> <Mlp= 1318.2804> <PB=1000000> 
<DWph=2> <it=  2> <et=51.53> <Mt= 0.01> <Spt= 0.05> <nCl=  4> <al=0.10> <DB= 1299.2033> <Mlp= 1318.2804> <PB=1000000> 
<DWph=2> <it=  3> <et=51.59> <Mt= 0.03> <Spt= 0.03> <nCl=  1> <al=0.45> <DB= 1317.7546> <Mlp= 1318.2800> <PB=1000000> 
<DWph=2> <it=  4> <et=51.66> <Mt= 0.02> <Spt= 0.05> <nCl=  3> <al=0.01> <DB= 1315.8622> <Mlp= 1318.2793> <PB=1000000> 
<DWph=2> <it=  5> <et=51.72> <Mt= 0.01> <Spt= 0.05> <nCl=  3> <al=0.00> <DB= 1318.2791> <Mlp= 1318.2791> <PB=1000000> 
<DWph=1> <it=  6> <et=51.77> <Mt= 0.01> <Spt= 0.04> <nCl=  3> <al=0.31> <DB= 1296.8596> <Mlp= 1318.2791> <PB=1000000> 
<DWph=1> <it=  7> <et=51.82> <Mt= 0.02> <Spt= 0.03> <nCl=  2> <al=0.21> <DB= 1312.0646> <Mlp= 1318.2775> <PB=1000000> 
<DWph=1> <it=  8> <et=51.90> <Mt= 0.01> <Spt= 0.07> <nCl=  0> <al=0.00> <DB= 1318.2775> <Mlp= 1318.2775> <PB=1000000> 
    RCSP exact solver info for graph G_1 : TT = 0.187708, pt = 0.001673, dt = 0.146363, ct = 0.039061, ndl = 18', bdl = 410', odl = 7', odf = 154', bsi = 2', cnt = 445', bdch = 5932', odch = 1328', lcp = 565', #sols = 150
<DWph=0> <it=  9> <et=52.11> <Mt= 0.00> <Spt= 0.20> <nCl= 43> <al=0.18> <DB= 1237.8824> <Mlp= 1318.2775> <PB=1000000> 
    RCSP exact solver info for graph G_1 : TT = 0.192401, pt = 0.00177, dt = 0.150758, ct = 0.039196, ndl = 18', bdl = 413', odl = 7', odf = 155', bsi = 2', cnt = 421', bdch = 6052', odch = 1322', lcp = 563', #sols = 150
<DWph=0> <it= 10> <et=52.33> <Mt= 0.03> <Spt= 0.20> <nCl= 24> <al=0.08> <DB= 1280.9504> <Mlp= 1318.2754> <PB=1000000> 
    RCSP exact solver info for graph G_1 : TT = 0.19124, pt = 0.001819, dt = 0.149822, ct = 0.038927, ndl = 18', bdl = 408', odl = 7', odf = 154', bsi = 2', cnt = 421', bdch = 5942', odch = 1306', lcp = 562', #sols = 150
<DWph=0> <it= 11> <et=52.54> <Mt= 0.01> <Spt= 0.19> <nCl=  9> <al=0.18> <DB= 1311.7043> <Mlp= 1318.2754> <PB=1000000> 
    RCSP exact solver info for graph G_1 : TT = 0.190326, pt = 0.001773, dt = 0.148977, ct = 0.03891, ndl = 18', bdl = 409', odl = 7', odf = 153', bsi = 2', cnt = 422', bdch = 5968', odch = 1311', lcp = 564', #sols = 150
    RCSP exact solver info for graph G_1 : TT = 0.188531, pt = 0.001659, dt = 0.147226, ct = 0.03899, ndl = 18', bdl = 406', odl = 7', odf = 153', bsi = 2', cnt = 423', bdch = 5892', odch = 1296', lcp = 559', #sols = 150
<DWph=0> <it= 12> <et=52.94> <Mt= 0.01> <Spt= 0.39> <nCl= 16> <al=0.00> <DB= 1318.2754> <Mlp= 1318.2754> <PB=1000000> 
Dynamic params and stats :  aver.obdmd = 47.0448 aver.buck.num. = 51 nbR1C = 143 with avMem = 9.78322
@@ 208 1 1318.28 0.187646 0.189954 84.3309 52.94
    Full reduced cost fixing is not called (gap ratio is 0.999939)
ColGenEvalAlg final dual bound: 1318.28 (rounded: 1319)
False gap improvement since the last cut separation : 0.00377493 (1317.78)
Cut generation tailing off counter increased to 1
Current active cuts : CAP(15,740.499) R1C(12+131,93.6569) 1rowPackR1C(12) 3rowPackR1C(76) 4rowPackR1C(28) 5rowPackR1C(27)
1 Rank-1 1-rows pack. cuts added ,  max viol. = 0.0378711, aver. viol. = 0.0378711
30 Rank-1 3-rows pack. cuts added ,  max viol. = 0.101344, aver. viol. = 0.052827
Building structures for heuristic rank-1 packing cut separation...done!
40 Rank-1 4-rows pack. cuts added ,  max viol. = 0.15547, aver. viol. = 0.0667359
100 Rank-1 5-rows pack. cuts added ,  max viol. = 0.206325, aver. viol. = 0.10713
Shrinking heuristic shrunk 11 edges
In total 3 RCC cut(s) are found by the greedy construction heuristic 
----- Add fac. cuts : CAP(3) R1C(171), max.viol = 0.240159, aver.viol = 0.103213, sep/add took 0.567769/0.237363 sec. -----
6138 columns (5872 active), 612 dyn. constrs. (348 active), 748 art. vars. (480 active)
<DWph=2> <it=  1> <et=54.00> <Mt= 0.22> <Spt= 0.03> <nCl=  1> <al=0.50> <DB= 1309.5677> <Mlp= 1318.5289> <PB=1000000> 
<DWph=2> <it=  2> <et=54.09> <Mt= 0.01> <Spt= 0.07> <nCl=  0> <al=0.00> <DB= 1318.5289> <Mlp= 1318.5289> <PB=1000000> 
<DWph=1> <it=  3> <et=54.13> <Mt= 0.00> <Spt= 0.04> <nCl=  5> <al=0.45> <DB= 1294.4578> <Mlp= 1318.5289> <PB=1000000> 
<DWph=1> <it=  4> <et=54.21> <Mt= 0.02> <Spt= 0.07> <nCl=  2> <al=0.00> <DB= 1318.5288> <Mlp= 1318.5288> <PB=1000000> 
    RCSP exact solver info for graph G_1 : TT = 0.207071, pt = 0.001711, dt = 0.162647, ct = 0.042073, ndl = 20', bdl = 434', odl = 7', odf = 161', bsi = 2', cnt = 489', bdch = 6672', odch = 1445', lcp = 653', #sols = 150
<DWph=0> <it=  5> <et=54.44> <Mt= 0.00> <Spt= 0.22> <nCl= 70> <al=0.25> <DB= 1292.7467> <Mlp= 1318.5288> <PB=1000000> 
    RCSP exact solver info for graph G_1 : TT = 0.218191, pt = 0.002036, dt = 0.171764, ct = 0.043734, ndl = 20', bdl = 438', odl = 7', odf = 160', bsi = 2', cnt = 472', bdch = 6701', odch = 1426', lcp = 652', #sols = 150
<DWph=0> <it=  6> <et=54.78> <Mt= 0.11> <Spt= 0.23> <nCl= 42> <al=0.33> <DB= 1291.2253> <Mlp= 1318.5034> <PB=1000000> 
    RCSP exact solver info for graph G_1 : TT = 0.215263, pt = 0.002005, dt = 0.170187, ct = 0.04239, ndl = 19', bdl = 434', odl = 7', odf = 157', bsi = 2', cnt = 452', bdch = 6572', odch = 1376', lcp = 627', #sols = 150
<DWph=0> <it=  7> <et=55.02> <Mt= 0.02> <Spt= 0.22> <nCl= 13> <al=0.39> <DB= 1317.1332> <Mlp= 1318.5030> <PB=1000000> 
    RCSP exact solver info for graph G_1 : TT = 0.216883, pt = 0.002009, dt = 0.170738, ct = 0.043453, ndl = 20', bdl = 439', odl = 7', odf = 159', bsi = 2', cnt = 463', bdch = 6668', odch = 1402', lcp = 638', #sols = 150
<DWph=0> <it=  8> <et=55.25> <Mt= 0.02> <Spt= 0.22> <nCl=  9> <al=0.29> <DB= 1316.4988> <Mlp= 1318.5030> <PB=1000000> 
    RCSP exact solver info for graph G_1 : TT = 0.218023, pt = 0.002024, dt = 0.17177, ct = 0.043537, ndl = 20', bdl = 437', odl = 7', odf = 159', bsi = 2', cnt = 474', bdch = 6650', odch = 1435', lcp = 644', #sols = 150
    RCSP exact solver info for graph G_1 : TT = 0.207549, pt = 0.001784, dt = 0.163841, ct = 0.041277, ndl = 19', bdl = 434', odl = 7', odf = 157', bsi = 2', cnt = 449', bdch = 6516', odch = 1376', lcp = 625', #sols = 150
<DWph=0> <it=  9> <et=55.70> <Mt= 0.01> <Spt= 0.44> <nCl=  4> <al=0.00> <DB= 1318.5030> <Mlp= 1318.5030> <PB=1000000> 
Dynamic params and stats :  aver.obdmd = 47.0448 aver.buck.num. = 51 nbR1C = 149 with avMem = 9.9396
@@ 208 2 1318.5 0.211235 0.215498 84.3309 55.7
    Full reduced cost fixing is not called (gap ratio is 0.999939)
ColGenEvalAlg final dual bound: 1318.5 (rounded: 1319)
False gap improvement since the last cut separation : 0.00172649 (1318.28)
Cut generation tailing off counter increased to 2
Current active cuts : CAP(16,772.368) R1C(11+138,88.1283) 1rowPackR1C(11) 3rowPackR1C(68) 4rowPackR1C(29) 5rowPackR1C(41)
2 Rank-1 1-rows pack. cuts added ,  max viol. = 0.0335436, aver. viol. = 0.0319303
34 Rank-1 3-rows pack. cuts added ,  max viol. = 0.0695353, aver. viol. = 0.0367962
Building structures for heuristic rank-1 packing cut separation...done!
30 Rank-1 4-rows pack. cuts added ,  max viol. = 0.121857, aver. viol. = 0.0544391
100 Rank-1 5-rows pack. cuts added ,  max viol. = 0.181166, aver. viol. = 0.082142
Shrinking heuristic shrunk 11 edges
----- Add fac. cuts : R1C(166), max.viol = 0.250204, aver.viol = 0.0807839, sep/add took 0.592011/0.218612 sec. -----
6284 columns (6018 active), 580 dyn. constrs. (344 active), 914 art. vars. (476 active)
<DWph=2> <it=  1> <et=56.78> <Mt= 0.18> <Spt= 0.05> <nCl=  6> <al=0.00> <DB= 1292.1076> <Mlp= 1318.6463> <PB=1000000> 
<DWph=2> <it=  2> <et=56.85> <Mt= 0.04> <Spt= 0.03> <nCl=  1> <al=0.40> <DB= 1318.5756> <Mlp= 1318.6458> <PB=1000000> 
<DWph=2> <it=  3> <et=56.91> <Mt= 0.01> <Spt= 0.05> <nCl=  1> <al=0.00> <DB= 1317.7522> <Mlp= 1318.6458> <PB=1000000> 
<DWph=2> <it=  4> <et=56.97> <Mt= 0.01> <Spt= 0.05> <nCl=  0> <al=0.00> <DB= 1318.6458> <Mlp= 1318.6458> <PB=1000000> 
<DWph=1> <it=  5> <et=57.01> <Mt= 0.01> <Spt= 0.03> <nCl=  5> <al=0.26> <DB= 1308.0866> <Mlp= 1318.6458> <PB=1000000> 
<DWph=1> <it=  6> <et=57.10> <Mt= 0.02> <Spt= 0.07> <nCl=  4> <al=0.00> <DB= 1306.3123> <Mlp= 1318.6453> <PB=1000000> 
<DWph=1> <it=  7> <et=57.15> <Mt= 0.01> <Spt= 0.04> <nCl=  1> <al=0.23> <DB= 1317.8201> <Mlp= 1318.6453> <PB=1000000> 
<DWph=1> <it=  8> <et=57.23> <Mt= 0.01> <Spt= 0.07> <nCl=  0> <al=0.00> <DB= 1318.6453> <Mlp= 1318.6453> <PB=1000000> 
    RCSP exact solver info for graph G_1 : TT = 0.204816, pt = 0.001819, dt = 0.159924, ct = 0.042438, ndl = 19', bdl = 429', odl = 6', odf = 154', bsi = 2', cnt = 452', bdch = 6173', odch = 1361', lcp = 576', #sols = 150
<DWph=0> <it=  9> <et=57.46> <Mt= 0.01> <Spt= 0.22> <nCl= 80> <al=0.03> <DB= 1262.0517> <Mlp= 1318.6453> <PB=1000000> 
    RCSP exact solver info for graph G_1 : TT = 0.203212, pt = 0.001883, dt = 0.159566, ct = 0.041077, ndl = 19', bdl = 428', odl = 6', odf = 154', bsi = 2', cnt = 429', bdch = 6225', odch = 1348', lcp = 577', #sols = 150
<DWph=0> <it= 10> <et=57.70> <Mt= 0.02> <Spt= 0.21> <nCl= 32> <al=0.00> <DB= 1299.2873> <Mlp= 1318.6453> <PB=1000000> 
    RCSP exact solver info for graph G_1 : TT = 0.204441, pt = 0.001925, dt = 0.160383, ct = 0.041456, ndl = 19', bdl = 428', odl = 6', odf = 154', bsi = 2', cnt = 429', bdch = 6219', odch = 1350', lcp = 578', #sols = 150
    RCSP exact solver info for graph G_1 : TT = 0.202457, pt = 0.001793, dt = 0.158947, ct = 0.041066, ndl = 19', bdl = 428', odl = 6', odf = 154', bsi = 2', cnt = 431', bdch = 6224', odch = 1353', lcp = 578', #sols = 150
<DWph=0> <it= 11> <et=58.13> <Mt= 0.02> <Spt= 0.42> <nCl=  3> <al=0.00> <DB= 1318.6453> <Mlp= 1318.6453> <PB=1000000> 
Dynamic params and stats :  aver.obdmd = 47.0448 aver.buck.num. = 51 nbR1C = 157 with avMem = 9.47771
@@ 208 3 1318.65 0.201214 0.202362 84.3309 58.13
    Full reduced cost fixing is not called (gap ratio is 0.999939)
ColGenEvalAlg final dual bound: 1318.65 (rounded: 1319)
False gap improvement since the last cut separation : 0.00107894 (1318.5)
----- Cut generation is stopped due to tailing off -----
Current active cuts : CAP(16,771.616) R1C(12+145,90.1818) 1rowPackR1C(12) 3rowPackR1C(68) 4rowPackR1C(31) 5rowPackR1C(46)
**** SB phase 3 evaluation of candidate 1, branch 2 ( EDGE[3,21] <= 0 ), value = 1315.92
<DWph=2> <it=  1> <et=58.28> <Mt= 0.02> <Spt= 0.02> <nCl=  2> <al=0.50> <DB= 1314.6127> <Mlp= 1315.9192> <PB=1000000> 
<DWph=2> <it=  2> <et=58.35> <Mt= 0.01> <Spt= 0.06> <nCl=  1> <al=0.10> <DB= 1298.5426> <Mlp= 1315.9192> <PB=1000000> 
<DWph=1> <it=  3> <et=58.43> <Mt= 0.01> <Spt= 0.07> <nCl=  1> <al=0.00> <DB= 1315.9192> <Mlp= 1315.9192> <PB=1000000> 
    RCSP exact solver info for graph G_1 : TT = 0.219118, pt = 0.00203, dt = 0.171444, ct = 0.044979, ndl = 20', bdl = 461', odl = 6', odf = 154', bsi = 2', cnt = 495', bdch = 6978', odch = 1148', lcp = 589', #sols = 150
<DWph=0> <it=  4> <et=58.66> <Mt= 0.00> <Spt= 0.23> <nCl= 73> <al=0.35> <DB= 1222.3369> <Mlp= 1315.9192> <PB=1000000> 
    RCSP exact solver info for graph G_1 : TT = 0.220169, pt = 0.002052, dt = 0.173287, ct = 0.04412, ndl = 20', bdl = 464', odl = 7', odf = 154', bsi = 2', cnt = 470', bdch = 7020', odch = 1183', lcp = 597', #sols = 150
<DWph=0> <it=  5> <et=58.94> <Mt= 0.05> <Spt= 0.23> <nCl= 20> <al=0.25> <DB= 1285.2781> <Mlp= 1315.9064> <PB=1000000> 
    RCSP exact solver info for graph G_1 : TT = 0.217679, pt = 0.002043, dt = 0.171023, ct = 0.043892, ndl = 20', bdl = 456', odl = 6', odf = 152', bsi = 2', cnt = 459', bdch = 6746', odch = 1151', lcp = 586', #sols = 150
<DWph=0> <it=  6> <et=59.17> <Mt= 0.02> <Spt= 0.22> <nCl= 13> <al=0.15> <DB= 1311.3121> <Mlp= 1315.9063> <PB=1000000> 
    RCSP exact solver info for graph G_1 : TT = 0.215567, pt = 0.002019, dt = 0.169779, ct = 0.043057, ndl = 20', bdl = 455', odl = 6', odf = 152', bsi = 2', cnt = 449', bdch = 6737', odch = 1137', lcp = 572', #sols = 150
    RCSP exact solver info for graph G_1 : TT = 0.216315, pt = 0.001904, dt = 0.169966, ct = 0.043739, ndl = 20', bdl = 459', odl = 6', odf = 153', bsi = 2', cnt = 470', bdch = 6862', odch = 1164', lcp = 591', #sols = 150
<DWph=0> <it=  7> <et=59.62> <Mt= 0.00> <Spt= 0.44> <nCl= 21> <al=0.00> <DB= 1315.9063> <Mlp= 1315.9063> <PB=1000000> 
Dynamic params and stats :  aver.obdmd = 47.0448 aver.buck.num. = 51 nbR1C = 157 with avMem = 10.2357
@@ 209 0 1315.91 0.215057 0.217407 84.3309 59.62
    Full reduced cost fixing is not called (gap ratio is 0.999942)
ColGenEvalAlg final dual bound: 1315.91 (rounded: 1316)
Current active cuts : CAP(14,871.046) R1C(13+144,90.898) 1rowPackR1C(13) 3rowPackR1C(75) 4rowPackR1C(29) 5rowPackR1C(40)
4 Rank-1 1-rows pack. cuts added ,  max viol. = 0.0504057, aver. viol. = 0.0395469
54 Rank-1 3-rows pack. cuts added ,  max viol. = 0.0853988, aver. viol. = 0.0332048
Building structures for heuristic rank-1 packing cut separation...done!
66 Rank-1 4-rows pack. cuts added ,  max viol. = 0.112006, aver. viol. = 0.0331849
100 Rank-1 5-rows pack. cuts added ,  max viol. = 0.128345, aver. viol. = 0.0632266
Shrinking heuristic shrunk 10 edges
In total 1 RCC cut(s) are found by the greedy construction heuristic 
In total 4 RCC cut(s) are found by the global pool greedy search heuristic 
----- Add fac. cuts : CAP(5) R1C(224), max.viol = 0.223398, aver.viol = 0.0670041, sep/add took 0.593243/0.28542 sec. -----
6314 columns (5447 active), 507 dyn. constrs. (413 active), 639 art. vars. (545 active)
<DWph=2> <it=  1> <et=60.59> <Mt= 0.08> <Spt= 0.00> <nCl=  0> <al=0.50> <DB= 1315.9063> <Mlp= 1316.0000> <PB=1316> 
ColGenEvalAlg final dual bound: 1315.91 (rounded: 1316)
Gap improvement since the last cut separation : 1 (1315.91)
Current active cuts : CAP(15,876.364) R1C(12+159,91.6218) 1rowPackR1C(12) 3rowPackR1C(73) 4rowPackR1C(38) 5rowPackR1C(48)
SB exact phase 3 branch on EDGE[3,21] (lhs=0.147713) : [1318.6453, 1316], tree depth = 1e+12, tree size = 1e+12, score = -0.899
SB with phases chosed candidate EDGE[3,21] (lhs=0.147713)
New model incumbent solution 1316, TIME = 0h1m0s60t = 6060
************************************************************************************************
Search is finished, global bounds : [ 1316 , 1316 ], TIME = 0h1m0s60t = 6060
************************************************************************************************
Built-in heuristic is enabled
instance_name solver_name ext_heuristic solution_value solution_time best_lb root_lb root_time nb_branch_and_bound_nodes status
/home/logis/Downloads/VRPSolverEasy/VRPSolverEasy/demos/data/CVRP/B-n66-k9 CLP False 1316.0 60.603501681 1316.0 1316.0 17.633023522000002 3 0

