Node memory for rank-1 cuts will be used (8.32196)
~~~~~~~~~~~~~~~~~~~~~~~~~~~~~~~~~~~~~~~~~~~~~~~~~~~~~~~~~~~~~~~~~~~~~~~~~~~~~~~~~~~~~
VRPSolver v0.5.27, 24/02/2023, © Inria Bordeaux, France, vrpsolver.math.u-bordeaux.fr
      Corresponds to the solver by Pessoa, Sadykov, Uchoa and Vanderbeck (2020)
                 Paper: dx.doi.org/10.1007/s10107-020-01523-z
~~~~~~~~~~~~~~~~~~~~~~~~~~~~~~~~~~~~~~~~~~~~~~~~~~~~~~~~~~~~~~~~~~~~~~~~~~~~~~~~~~~~~
   BaPCod v0.77, 15/03/2023, © Inria Bordeaux, France, bapcod.math.u-bordeaux.fr 
           THIS CODE IS PROVIDED AS IS, USE IT AT YOUR OWN RISK
~~~~~~~~~~~~~~~~~~~~~~~~~~~~~~~~~~~~~~~~~~~~~~~~~~~~~~~~~~~~~~~~~~~~~~~~~~~~~~~~~~~~~
Bucket steps were recalculated for graph G_1 : [4]
RCSP solver info : symmetric case is detected for graph G_1! 
Bidirectional border value is initialised to 50
RCSP solver info : number of forw. reachable buckets / buck. strongly connected components is 1545( 94.3223% ) / 1095( 70.8738% )
Generating neighbourhoods for rank-1 cuts separation
Building structures for 4- and 5-row rank-1 packing cut separation...done!
Model is built TIME = 0h0m0s4t = 4
************************************************************************************************
**** BaB tree root node
**** Local DB = -1e+12, global bounds : [ -1e+12 , 1313.1 ], TIME = 0h0m0s4t = 4
**** 1 open nodes, 0 columns (0 active), 0 dyn. constrs. (0 active), 124 art. vars. (124 active)
************************************************************************************************
#<DWph=2> <it=  1> <et=0.05> <Mt= 0.00> <Spt= 0.00> <nCl= 30> <al=0.00> <DB=-14271432.1600> <Mlp=204843.6000> <PB=1313.1> 
#<DWph=2> <it=  2> <et=0.06> <Mt= 0.00> <Spt= 0.01> <nCl= 31> <al=0.10> <DB=-5032817.4500> <Mlp=195303.5000> <PB=1313.1> 
#<DWph=2> <it=  3> <et=0.06> <Mt= 0.00> <Spt= 0.00> <nCl= 30> <al=0.45> <DB=-9508056.5406> <Mlp=195144.2543> <PB=1313.1> 
#<DWph=2> <it=  4> <et=0.07> <Mt= 0.00> <Spt= 0.01> <nCl= 30> <al=0.51> <DB=-8721466.3918> <Mlp=182368.2836> <PB=1313.1> 
#<DWph=2> <it=  5> <et=0.07> <Mt= 0.00> <Spt= 0.00> <nCl= 30> <al=0.55> <DB=-6018102.2782> <Mlp=173844.3664> <PB=1313.1> 
#<DWph=2> <it=  6> <et=0.08> <Mt= 0.00> <Spt= 0.01> <nCl= 30> <al=0.45> <DB=-8264571.1685> <Mlp=173495.1473> <PB=1313.1> 
#<DWph=2> <it=  7> <et=0.08> <Mt= 0.00> <Spt= 0.00> <nCl= 30> <al=0.35> <DB=-6341146.2764> <Mlp=169234.1130> <PB=1313.1> 
#<DWph=2> <it=  8> <et=0.09> <Mt= 0.00> <Spt= 0.01> <nCl= 30> <al=0.25> <DB=-4780284.9687> <Mlp=167543.7183> <PB=1313.1> 
#<DWph=2> <it=  9> <et=0.09> <Mt= 0.00> <Spt= 0.00> <nCl= 30> <al=0.33> <DB=-5998789.7721> <Mlp=160011.0091> <PB=1313.1> 
#<DWph=2> <it= 10> <et=0.10> <Mt= 0.00> <Spt= 0.01> <nCl= 30> <al=0.40> <DB=-7678818.7378> <Mlp=156169.8149> <PB=1313.1> 
#<DWph=2> <it= 11> <et=0.10> <Mt= 0.00> <Spt= 0.00> <nCl= 30> <al=0.46> <DB=-7432739.0745> <Mlp=156116.1852> <PB=1313.1> 
#<DWph=2> <it= 12> <et=0.11> <Mt= 0.00> <Spt= 0.00> <nCl= 30> <al=0.51> <DB=-4212068.6000> <Mlp=155918.3624> <PB=1313.1> 
#<DWph=2> <it= 13> <et=0.11> <Mt= 0.00> <Spt= 0.01> <nCl= 30> <al=0.41> <DB=-5976291.5635> <Mlp=153144.9986> <PB=1313.1> 
#<DWph=2> <it= 14> <et=0.12> <Mt= 0.00> <Spt= 0.00> <nCl= 30> <al=0.47> <DB=-2882958.4230> <Mlp=151996.2165> <PB=1313.1> 
#<DWph=2> <it= 15> <et=0.12> <Mt= 0.00> <Spt= 0.01> <nCl= 30> <al=0.37> <DB=-5708387.1640> <Mlp=150977.6550> <PB=1313.1> 
#<DWph=2> <it= 16> <et=0.12> <Mt= 0.00> <Spt= 0.00> <nCl= 30> <al=0.43> <DB=-3792526.0472> <Mlp=148931.8386> <PB=1313.1> 
#<DWph=2> <it= 17> <et=0.13> <Mt= 0.00> <Spt= 0.01> <nCl= 30> <al=0.49> <DB=-3355041.2468> <Mlp=147884.8257> <PB=1313.1> 
#<DWph=2> <it= 18> <et=0.13> <Mt= 0.00> <Spt= 0.00> <nCl= 30> <al=0.54> <DB=-3242435.2711> <Mlp=145766.8314> <PB=1313.1> 
#<DWph=2> <it= 19> <et=0.14> <Mt= 0.00> <Spt= 0.00> <nCl= 30> <al=0.59> <DB=-2702024.0556> <Mlp=144206.8867> <PB=1313.1> 
#<DWph=2> <it= 20> <et=0.14> <Mt= 0.00> <Spt= 0.01> <nCl= 30> <al=0.63> <DB=-2767570.5170> <Mlp=142434.8067> <PB=1313.1> 
#<DWph=2> <it= 21> <et=0.15> <Mt= 0.00> <Spt= 0.00> <nCl= 30> <al=0.67> <DB=-2471461.7969> <Mlp=140700.5679> <PB=1313.1> 
#<DWph=2> <it= 22> <et=0.15> <Mt= 0.00> <Spt= 0.01> <nCl= 30> <al=0.57> <DB=-2329104.4885> <Mlp=135380.2369> <PB=1313.1> 
#<DWph=2> <it= 23> <et=0.16> <Mt= 0.00> <Spt= 0.00> <nCl= 30> <al=0.61> <DB=-2139165.3819> <Mlp=129210.1385> <PB=1313.1> 
#<DWph=2> <it= 24> <et=0.16> <Mt= 0.00> <Spt= 0.00> <nCl= 30> <al=0.65> <DB=-2138604.3940> <Mlp=127681.8160> <PB=1313.1> 
#<DWph=2> <it= 25> <et=0.17> <Mt= 0.00> <Spt= 0.01> <nCl= 30> <al=0.68> <DB=-1741652.4014> <Mlp=122834.1662> <PB=1313.1> 
#<DWph=2> <it= 26> <et=0.17> <Mt= 0.00> <Spt= 0.00> <nCl= 30> <al=0.58> <DB=-1918467.0489> <Mlp=116612.9320> <PB=1313.1> 
#<DWph=2> <it= 27> <et=0.18> <Mt= 0.00> <Spt= 0.01> <nCl= 30> <al=0.62> <DB=-1763283.0982> <Mlp=111204.9780> <PB=1313.1> 
#<DWph=2> <it= 28> <et=0.18> <Mt= 0.00> <Spt= 0.00> <nCl= 30> <al=0.52> <DB=-1626658.4523> <Mlp=107690.6254> <PB=1313.1> 
#<DWph=2> <it= 29> <et=0.18> <Mt= 0.00> <Spt= 0.01> <nCl= 30> <al=0.57> <DB=-1448427.7904> <Mlp=101005.7013> <PB=1313.1> 
#<DWph=2> <it= 30> <et=0.19> <Mt= 0.01> <Spt= 0.00> <nCl= 30> <al=0.61> <DB=-1118620.3631> <Mlp=92705.7669> <PB=1313.1> 
#<DWph=2> <it= 31> <et=0.19> <Mt= 0.00> <Spt= 0.00> <nCl= 30> <al=0.51> <DB=-1128573.7115> <Mlp=89074.7223> <PB=1313.1> 
#<DWph=2> <it= 32> <et=0.20> <Mt= 0.00> <Spt= 0.01> <nCl= 30> <al=0.56> <DB=-1078257.3002> <Mlp=87309.5412> <PB=1313.1> 
#<DWph=2> <it= 33> <et=0.21> <Mt= 0.00> <Spt= 0.00> <nCl= 30> <al=0.61> <DB=-1066007.4106> <Mlp=67888.6394> <PB=1313.1> 
#<DWph=2> <it= 34> <et=0.21> <Mt= 0.00> <Spt= 0.01> <nCl= 30> <al=0.65> <DB=-906324.4198> <Mlp=57301.7328> <PB=1313.1> 
#<DWph=2> <it= 35> <et=0.22> <Mt= 0.00> <Spt= 0.00> <nCl= 30> <al=0.68> <DB=-888907.1392> <Mlp=42815.4763> <PB=1313.1> 
#<DWph=2> <it= 36> <et=0.22> <Mt= 0.00> <Spt= 0.00> <nCl= 30> <al=0.71> <DB=-783274.6936> <Mlp=33017.0121> <PB=1313.1> 
#<DWph=2> <it= 37> <et=0.23> <Mt= 0.01> <Spt= 0.01> <nCl= 30> <al=0.74> <DB=-691267.0649> <Mlp= 7144.0583> <PB=1313.1> 
#<DWph=2> <it= 38> <et=0.24> <Mt= 0.00> <Spt= 0.00> <nCl= 30> <al=0.64> <DB=-407315.1808> <Mlp= 3820.9776> <PB=1313.1> 
#<DWph=2> <it= 39> <et=0.24> <Mt= 0.00> <Spt= 0.01> <nCl= 26> <al=0.54> <DB=-178926.1340> <Mlp= 3533.6419> <PB=1313.1> 
#<DWph=2> <it= 40> <et=0.25> <Mt= 0.00> <Spt= 0.00> <nCl= 30> <al=0.44> <DB=-33353.9967> <Mlp= 3520.4845> <PB=1313.1> 
#<DWph=2> <it= 41> <et=0.25> <Mt= 0.00> <Spt= 0.00> <nCl= 30> <al=0.34> <DB=-6773.6130> <Mlp= 3214.8347> <PB=1313.1> 
<DWph=2> <it= 42> <et=0.26> <Mt= 0.01> <Spt= 0.01> <nCl= 30> <al=0.41> <DB=-8134.6355> <Mlp= 2402.5759> <PB=1313.1> 
<DWph=2> <it= 43> <et=0.26> <Mt= 0.00> <Spt= 0.00> <nCl= 23> <al=0.47> <DB=-1944.0672> <Mlp= 2290.9982> <PB=1313.1> 
<DWph=2> <it= 44> <et=0.27> <Mt= 0.00> <Spt= 0.00> <nCl= 30> <al=0.37> <DB=-18664.9491> <Mlp= 2228.8382> <PB=1313.1> 
<DWph=2> <it= 45> <et=0.28> <Mt= 0.00> <Spt= 0.01> <nCl= 30> <al=0.43> <DB=-14490.3489> <Mlp= 2202.5849> <PB=1313.1> 
<DWph=2> <it= 46> <et=0.28> <Mt= 0.00> <Spt= 0.00> <nCl= 30> <al=0.49> <DB=-8075.2871> <Mlp= 2180.6295> <PB=1313.1> 
<DWph=2> <it= 47> <et=0.29> <Mt= 0.00> <Spt= 0.01> <nCl= 30> <al=0.54> <DB=-4736.9847> <Mlp= 2123.7033> <PB=1313.1> 
<DWph=2> <it= 48> <et=0.29> <Mt= 0.00> <Spt= 0.00> <nCl= 30> <al=0.58> <DB= -915.1728> <Mlp= 2061.2066> <PB=1313.1> 
<DWph=2> <it= 49> <et=0.30> <Mt= 0.01> <Spt= 0.01> <nCl= 30> <al=0.63> <DB=-6072.1283> <Mlp= 1987.5246> <PB=1313.1> 
<DWph=2> <it= 50> <et=0.30> <Mt= 0.00> <Spt= 0.00> <nCl= 30> <al=0.66> <DB=-2883.2057> <Mlp= 1943.0046> <PB=1313.1> 
<DWph=2> <it= 51> <et=0.31> <Mt= 0.00> <Spt= 0.00> <nCl= 30> <al=0.70> <DB=-1190.5611> <Mlp= 1861.1730> <PB=1313.1> 
<DWph=2> <it= 52> <et=0.32> <Mt= 0.00> <Spt= 0.01> <nCl= 30> <al=0.73> <DB= -652.2764> <Mlp= 1754.0773> <PB=1313.1> 
<DWph=2> <it= 53> <et=0.32> <Mt= 0.00> <Spt= 0.00> <nCl= 30> <al=0.75> <DB=-2108.5761> <Mlp= 1726.9974> <PB=1313.1> 
<DWph=2> <it= 54> <et=0.33> <Mt= 0.00> <Spt= 0.01> <nCl= 30> <al=0.78> <DB= -871.0539> <Mlp= 1721.1125> <PB=1313.1> 
<DWph=2> <it= 55> <et=0.33> <Mt= 0.01> <Spt= 0.00> <nCl= 30> <al=0.80> <DB= -525.5916> <Mlp= 1696.3356> <PB=1313.1> 
<DWph=2> <it= 56> <et=0.34> <Mt= 0.00> <Spt= 0.01> <nCl= 30> <al=0.82> <DB= -510.0861> <Mlp= 1683.3509> <PB=1313.1> 
<DWph=2> <it= 57> <et=0.35> <Mt= 0.00> <Spt= 0.00> <nCl= 30> <al=0.84> <DB= -505.7707> <Mlp= 1672.3265> <PB=1313.1> 
<DWph=2> <it= 58> <et=0.35> <Mt= 0.00> <Spt= 0.00> <nCl= 30> <al=0.86> <DB= -407.5222> <Mlp= 1635.6408> <PB=1313.1> 
<DWph=2> <it= 59> <et=0.36> <Mt= 0.00> <Spt= 0.01> <nCl= 30> <al=0.87> <DB= -150.5395> <Mlp= 1610.8720> <PB=1313.1> 
<DWph=2> <it= 60> <et=0.36> <Mt= 0.00> <Spt= 0.00> <nCl= 30> <al=0.88> <DB= -128.6928> <Mlp= 1582.1312> <PB=1313.1> 
<DWph=2> <it= 61> <et=0.37> <Mt= 0.01> <Spt= 0.01> <nCl= 26> <al=0.89> <DB= -117.1060> <Mlp= 1530.0451> <PB=1313.1> 
<DWph=2> <it= 62> <et=0.38> <Mt= 0.00> <Spt= 0.00> <nCl= 30> <al=0.91> <DB= -200.9783> <Mlp= 1501.6103> <PB=1313.1> 
<DWph=2> <it= 63> <et=0.38> <Mt= 0.00> <Spt= 0.01> <nCl= 23> <al=0.91> <DB=  135.2933> <Mlp= 1468.0200> <PB=1313.1> 
<DWph=2> <it= 64> <et=0.39> <Mt= 0.00> <Spt= 0.00> <nCl= 30> <al=0.81> <DB= -206.8195> <Mlp= 1465.2457> <PB=1313.1> 
<DWph=2> <it= 65> <et=0.40> <Mt= 0.00> <Spt= 0.00> <nCl= 28> <al=0.83> <DB=  236.3625> <Mlp= 1422.9950> <PB=1313.1> 
<DWph=2> <it= 66> <et=0.40> <Mt= 0.01> <Spt= 0.01> <nCl= 29> <al=0.85> <DB=  432.1781> <Mlp= 1403.3594> <PB=1313.1> 
<DWph=2> <it= 67> <et=0.41> <Mt= 0.00> <Spt= 0.00> <nCl= 28> <al=0.86> <DB=  364.4219> <Mlp= 1390.2526> <PB=1313.1> 
<DWph=2> <it= 68> <et=0.41> <Mt= 0.00> <Spt= 0.01> <nCl= 19> <al=0.88> <DB=  425.0454> <Mlp= 1364.5929> <PB=1313.1> 
<DWph=2> <it= 69> <et=0.42> <Mt= 0.00> <Spt= 0.00> <nCl= 16> <al=0.89> <DB=  542.6095> <Mlp= 1357.7107> <PB=1313.1> 
<DWph=2> <it= 70> <et=0.43> <Mt= 0.00> <Spt= 0.01> <nCl= 29> <al=0.79> <DB=  187.1815> <Mlp= 1341.6274> <PB=1313.1> 
<DWph=2> <it= 71> <et=0.43> <Mt= 0.00> <Spt= 0.00> <nCl= 22> <al=0.81> <DB=  642.3964> <Mlp= 1326.9099> <PB=1313.1> 
<DWph=2> <it= 72> <et=0.44> <Mt= 0.01> <Spt= 0.01> <nCl= 27> <al=0.83> <DB=  632.0838> <Mlp= 1315.2727> <PB=1313.1> 
<DWph=2> <it= 73> <et=0.44> <Mt= 0.00> <Spt= 0.00> <nCl= 17> <al=0.85> <DB=  798.1877> <Mlp= 1304.3010> <PB=1313.1> 
<DWph=2> <it= 74> <et=0.45> <Mt= 0.00> <Spt= 0.00> <nCl= 30> <al=0.75> <DB=  344.8867> <Mlp= 1303.2063> <PB=1313.1> 
<DWph=2> <it= 75> <et=0.46> <Mt= 0.00> <Spt= 0.01> <nCl= 17> <al=0.77> <DB=  720.3907> <Mlp= 1285.2993> <PB=1313.1> 
<DWph=2> <it= 76> <et=0.46> <Mt= 0.00> <Spt= 0.00> <nCl= 12> <al=0.80> <DB=  901.2074> <Mlp= 1279.2415> <PB=1313.1> 
<DWph=2> <it= 77> <et=0.47> <Mt= 0.00> <Spt= 0.01> <nCl= 24> <al=0.70> <DB=  874.3047> <Mlp= 1278.7988> <PB=1313.1> 
<DWph=2> <it= 78> <et=0.47> <Mt= 0.01> <Spt= 0.00> <nCl= 18> <al=0.73> <DB=  865.9363> <Mlp= 1270.8698> <PB=1313.1> 
<DWph=2> <it= 79> <et=0.48> <Mt= 0.00> <Spt= 0.00> <nCl=  9> <al=0.75> <DB=  955.0647> <Mlp= 1269.0685> <PB=1313.1> 
<DWph=2> <it= 80> <et=0.48> <Mt= 0.00> <Spt= 0.01> <nCl= 22> <al=0.65> <DB=  530.0555> <Mlp= 1268.4260> <PB=1313.1> 
<DWph=2> <it= 81> <et=0.49> <Mt= 0.00> <Spt= 0.00> <nCl= 14> <al=0.69> <DB=  969.6009> <Mlp= 1263.1964> <PB=1313.1> 
<DWph=2> <it= 82> <et=0.49> <Mt= 0.00> <Spt= 0.01> <nCl= 17> <al=0.59> <DB=  856.7282> <Mlp= 1262.4509> <PB=1313.1> 
<DWph=2> <it= 83> <et=0.50> <Mt= 0.00> <Spt= 0.00> <nCl=  7> <al=0.63> <DB= 1160.8886> <Mlp= 1261.8814> <PB=1313.1> 
<DWph=2> <it= 84> <et=0.50> <Mt= 0.00> <Spt= 0.01> <nCl=  9> <al=0.67> <DB= 1123.5283> <Mlp= 1261.4923> <PB=1313.1> 
<DWph=2> <it= 85> <et=0.51> <Mt= 0.00> <Spt= 0.00> <nCl= 12> <al=0.40> <DB= 1097.6508> <Mlp= 1261.3094> <PB=1313.1> 
<DWph=2> <it= 86> <et=0.52> <Mt= 0.00> <Spt= 0.01> <nCl=  6> <al=0.60> <DB= 1232.5047> <Mlp= 1261.2765> <PB=1313.1> 
<DWph=2> <it= 87> <et=0.52> <Mt= 0.00> <Spt= 0.00> <nCl=  4> <al=0.50> <DB= 1104.4838> <Mlp= 1261.2755> <PB=1313.1> 
<DWph=2> <it= 88> <et=0.53> <Mt= 0.00> <Spt= 0.01> <nCl=  4> <al=0.55> <DB= 1257.4823> <Mlp= 1261.1281> <PB=1313.1> 
<DWph=2> <it= 89> <et=0.54> <Mt= 0.01> <Spt= 0.00> <nCl= 10> <al=0.00> <DB= 1095.3707> <Mlp= 1261.0881> <PB=1313.1> 
<DWph=2> <it= 90> <et=0.54> <Mt= 0.00> <Spt= 0.01> <nCl=  7> <al=0.35> <DB= 1117.0080> <Mlp= 1260.4040> <PB=1313.1> 
<DWph=2> <it= 91> <et=0.55> <Mt= 0.00> <Spt= 0.00> <nCl=  5> <al=0.25> <DB= 1259.4729> <Mlp= 1259.8881> <PB=1313.1> 
<DWph=2> <it= 92> <et=0.56> <Mt= 0.00> <Spt= 0.01> <nCl= 10> <al=0.00> <DB= 1006.4355> <Mlp= 1259.8692> <PB=1313.1> 
<DWph=2> <it= 93> <et=0.56> <Mt= 0.00> <Spt= 0.00> <nCl=  0> <al=0.05> <DB= 1006.4355> <Mlp= 1257.5099> <PB=1313.1> 
<DWph=1> <it= 94> <et=0.57> <Mt= 0.00> <Spt= 0.01> <nCl= 29> <al=0.05> <DB=  707.7436> <Mlp= 1257.5099> <PB=1313.1> 
<DWph=1> <it= 95> <et=0.58> <Mt= 0.00> <Spt= 0.01> <nCl= 23> <al=0.14> <DB=  946.1990> <Mlp= 1256.4744> <PB=1313.1> 
<DWph=1> <it= 96> <et=0.59> <Mt= 0.00> <Spt= 0.01> <nCl= 19> <al=0.23> <DB=  891.2903> <Mlp= 1255.5869> <PB=1313.1> 
<DWph=1> <it= 97> <et=0.60> <Mt= 0.00> <Spt= 0.01> <nCl= 15> <al=0.31> <DB= 1150.0427> <Mlp= 1254.5948> <PB=1313.1> 
<DWph=1> <it= 98> <et=0.61> <Mt= 0.00> <Spt= 0.00> <nCl= 13> <al=0.21> <DB= 1179.4053> <Mlp= 1254.4405> <PB=1313.1> 
<DWph=1> <it= 99> <et=0.62> <Mt= 0.01> <Spt= 0.01> <nCl=  6> <al=0.29> <DB= 1201.4449> <Mlp= 1254.0829> <PB=1313.1> 
<DWph=1> <it=100> <et=0.63> <Mt= 0.00> <Spt= 0.01> <nCl=  5> <al=0.36> <DB= 1188.4506> <Mlp= 1254.0277> <PB=1313.1> 
<DWph=1> <it=101> <et=0.64> <Mt= 0.00> <Spt= 0.01> <nCl=  3> <al=0.42> <DB= 1232.1331> <Mlp= 1254.0202> <PB=1313.1> 
<DWph=1> <it=102> <et=0.65> <Mt= 0.00> <Spt= 0.01> <nCl=  1> <al=0.32> <DB= 1251.7426> <Mlp= 1254.0202> <PB=1313.1> 
<DWph=1> <it=103> <et=0.66> <Mt= 0.00> <Spt= 0.01> <nCl=  2> <al=0.22> <DB= 1243.9993> <Mlp= 1254.0175> <PB=1313.1> 
<DWph=1> <it=104> <et=0.67> <Mt= 0.00> <Spt= 0.02> <nCl=  3> <al=0.00> <DB= 1254.0060> <Mlp= 1254.0060> <PB=1313.1> 
    RCSP exact solver info for graph G_1 : TT = 0.028451, pt = 1.2e-05, dt = 0.025273, ct = 0.002785, ndl = 7', bdl = 223', odl = 2', odf = 24', bsi = 1', cnt = 16', bdch = 2509', odch = 61', lcp = 64', #sols = 150
<DWph=0> <it=105> <et=0.71> <Mt= 0.00> <Spt= 0.03> <nCl=140> <al=0.20> <DB= 1009.5873> <Mlp= 1254.0060> <PB=1313.1> 
    RCSP exact solver info for graph G_1 : TT = 0.023006, pt = 3.1e-05, dt = 0.019849, ct = 0.002751, ndl = 7', bdl = 220', odl = 2', odf = 24', bsi = 1', cnt = 16', bdch = 2458', odch = 60', lcp = 61', #sols = 150
<DWph=0> <it=106> <et=0.73> <Mt= 0.00> <Spt= 0.02> <nCl= 77> <al=0.10> <DB= 1189.5428> <Mlp= 1251.7723> <PB=1313.1> 
    RCSP exact solver info for graph G_1 : TT = 0.023076, pt = 2.4e-05, dt = 0.019928, ct = 0.002764, ndl = 7', bdl = 221', odl = 2', odf = 24', bsi = 1', cnt = 16', bdch = 2486', odch = 61', lcp = 61', #sols = 150
<DWph=0> <it=107> <et=0.76> <Mt= 0.00> <Spt= 0.03> <nCl= 28> <al=0.00> <DB= 1189.5347> <Mlp= 1251.5347> <PB=1313.1> 
    RCSP exact solver info for graph G_1 : TT = 0.023035, pt = 2.6e-05, dt = 0.019901, ct = 0.002759, ndl = 7', bdl = 221', odl = 2', odf = 24', bsi = 1', cnt = 17', bdch = 2480', odch = 60', lcp = 61', #sols = 150
    RCSP exact solver info for graph G_1 : TT = 0.022948, pt = 2.3e-05, dt = 0.01984, ct = 0.00275, ndl = 7', bdl = 221', odl = 2', odf = 24', bsi = 1', cnt = 16', bdch = 2470', odch = 60', lcp = 61', #sols = 150
<DWph=0> <it=108> <et=0.81> <Mt= 0.00> <Spt= 0.05> <nCl=  7> <al=0.00> <DB= 1251.4656> <Mlp= 1251.4656> <PB=1313.1> 
Dynamic params and stats :  aver.obdmd = 23.5397 aver.buck.num. = 26
@@ 1 0 1251.47 0.02372 0.028058 86.2334 0.81
Labels distribution in buckets (bucket size) : largest - 74, top 0.1% - 74, top 0.5% - 62, top 2% - 41, top 10% - 24, top 50% - 6
Reduced cost fixing for graph G_1... 56566 buck. arcs remain (70.8% from prev., 61% from max.) + 7870 jump buck. arcs (8.49% from max.)
 TT = 0.124333, pt = 0.012242, dt = 0.063764, ct = 0.048144, ndl = 27', bdl = 689', odl = 2', odf = 77', lpcb = 477', cnt = 1496', bdch = 10252', odch = 709', lcp = 405'
Labels distribution in buckets (bucket size) : largest - 85, top 0.1% - 85, top 0.5% - 71, top 2% - 47, top 10% - 25, top 50% - 6
Run forward enumeration with border = 50... not succeeded (ratio 0.955142) lpt = 0.012271, ndl = 16', dl = 0', lpcb = 22', dch = 17'
 TT = 0.015334, pt = 0.001971, dt = 0.012271, ct = 0, ndl = 16', bdl = 0', lpcb = 22', cnt = 76', bdch = 17', odch = 0', lcp = 0'
ColGenEvalAlg final dual bound: 1251.47 (rounded: 1252)
In total 2 RCC cut(s) are found by the connected components heuristic 
Shrinking heuristic shrunk 15 edges
In total 21 RCC cut(s) are found by the Fractional capacity min-cut heuristic 
In total 183 RCC cut(s) are found by the greedy construction heuristic 
----- Add fac. cuts : CAP(100), max.viol = 0.78607, aver.viol = 0.359325, sep/add took 0.0125334/0.129833 sec. -----
2722 columns (2722 active), 100 dyn. constrs. (100 active), 224 art. vars. (224 active)
<DWph=2> <it=  1> <et=1.11> <Mt= 0.01> <Spt= 0.00> <nCl= 17> <al=0.50> <DB= 1149.3068> <Mlp= 1279.2761> <PB=1313.1> 
<DWph=2> <it=  2> <et=1.13> <Mt= 0.01> <Spt= 0.01> <nCl= 29> <al=0.10> <DB= 1140.8645> <Mlp= 1274.9859> <PB=1313.1> 
<DWph=2> <it=  3> <et=1.14> <Mt= 0.01> <Spt= 0.01> <nCl=  6> <al=0.45> <DB= 1252.1857> <Mlp= 1272.2260> <PB=1313.1> 
<DWph=2> <it=  4> <et=1.15> <Mt= 0.00> <Spt= 0.00> <nCl=  3> <al=0.51> <DB= 1264.9249> <Mlp= 1272.2260> <PB=1313.1> 
<DWph=2> <it=  5> <et=1.16> <Mt= 0.00> <Spt= 0.01> <nCl= 14> <al=0.41> <DB= 1267.1934> <Mlp= 1272.1934> <PB=1313.1> 
<DWph=2> <it=  6> <et=1.17> <Mt= 0.01> <Spt= 0.00> <nCl= 11> <al=0.46> <DB= 1257.8053> <Mlp= 1272.1569> <PB=1313.1> 
<DWph=2> <it=  7> <et=1.19> <Mt= 0.00> <Spt= 0.01> <nCl= 15> <al=0.04> <DB= 1255.6356> <Mlp= 1272.0106> <PB=1313.1> 
<DWph=2> <it=  8> <et=1.19> <Mt= 0.01> <Spt= 0.01> <nCl=  1> <al=0.42> <DB= 1268.4338> <Mlp= 1272.0106> <PB=1313.1> 
<DWph=2> <it=  9> <et=1.20> <Mt= 0.00> <Spt= 0.01> <nCl=  8> <al=0.00> <DB= 1259.9283> <Mlp= 1272.0106> <PB=1313.1> 
<DWph=2> <it= 10> <et=1.22> <Mt= 0.00> <Spt= 0.01> <nCl=  7> <al=0.00> <DB= 1259.2019> <Mlp= 1271.7496> <PB=1313.1> 
<DWph=2> <it= 11> <et=1.23> <Mt= 0.00> <Spt= 0.01> <nCl=  1> <al=0.00> <DB= 1271.7496> <Mlp= 1271.7496> <PB=1313.1> 
<DWph=1> <it= 12> <et=1.24> <Mt= 0.00> <Spt= 0.00> <nCl= 15> <al=0.02> <DB= 1254.2968> <Mlp= 1271.7496> <PB=1313.1> 
<DWph=1> <it= 13> <et=1.25> <Mt= 0.01> <Spt= 0.01> <nCl=  9> <al=0.12> <DB= 1264.7145> <Mlp= 1271.6488> <PB=1313.1> 
<DWph=1> <it= 14> <et=1.26> <Mt= 0.00> <Spt= 0.01> <nCl=  5> <al=0.02> <DB= 1267.6718> <Mlp= 1271.5603> <PB=1313.1> 
<DWph=1> <it= 15> <et=1.28> <Mt= 0.01> <Spt= 0.02> <nCl=  0> <al=0.00> <DB= 1271.5592> <Mlp= 1271.5592> <PB=1313.1> 
    RCSP exact solver info for graph G_1 : TT = 0.014977, pt = 1.4e-05, dt = 0.012305, ct = 0.002279, ndl = 5', bdl = 117', odl = 2', odf = 21', bsi = 1', cnt = 9', bdch = 1084', odch = 50', lcp = 46', #sols = 150
<DWph=0> <it= 16> <et=1.30> <Mt= 0.00> <Spt= 0.02> <nCl= 70> <al=0.01> <DB= 1255.6786> <Mlp= 1271.5592> <PB=1313.1> 
    RCSP exact solver info for graph G_1 : TT = 0.015076, pt = 3.4e-05, dt = 0.012333, ct = 0.002309, ndl = 5', bdl = 118', odl = 2', odf = 21', bsi = 1', cnt = 10', bdch = 1096', odch = 49', lcp = 46', #sols = 150
<DWph=0> <it= 17> <et=1.33> <Mt= 0.00> <Spt= 0.02> <nCl= 42> <al=0.00> <DB= 1265.9013> <Mlp= 1271.4108> <PB=1313.1> 
    RCSP exact solver info for graph G_1 : TT = 0.015569, pt = 3e-05, dt = 0.012799, ct = 0.002346, ndl = 5', bdl = 124', odl = 2', odf = 22', bsi = 1', cnt = 10', bdch = 1169', odch = 52', lcp = 46', #sols = 150
<DWph=0> <it= 18> <et=1.35> <Mt= 0.01> <Spt= 0.02> <nCl= 26> <al=0.02> <DB= 1270.8589> <Mlp= 1271.3050> <PB=1313.1> 
    RCSP exact solver info for graph G_1 : TT = 0.016436, pt = 3e-05, dt = 0.013589, ct = 0.00241, ndl = 5', bdl = 134', odl = 2', odf = 23', bsi = 1', cnt = 11', bdch = 1294', odch = 56', lcp = 49', #sols = 150
    RCSP exact solver info for graph G_1 : TT = 0.015104, pt = 2.4e-05, dt = 0.012427, ct = 0.002286, ndl = 5', bdl = 121', odl = 2', odf = 22', bsi = 1', cnt = 10', bdch = 1125', odch = 50', lcp = 46', #sols = 150
<DWph=0> <it= 19> <et=1.39> <Mt= 0.00> <Spt= 0.04> <nCl= 15> <al=0.00> <DB= 1271.3046> <Mlp= 1271.3046> <PB=1313.1> 
Dynamic params and stats :  aver.obdmd = 23.5397 aver.buck.num. = 26
@@ 1 1 1271.3 0.0150166 0.015999 61.0475 1.39
Labels distribution in buckets (bucket size) : largest - 71, top 0.1% - 71, top 0.5% - 53, top 2% - 37, top 10% - 19, top 50% - 4
Reduced cost fixing for graph G_1... 44598 buck. arcs remain (78.8% from prev., 48.1% from max.) + 10364 jump buck. arcs (11.2% from max.)
 TT = 0.078737, pt = 0.007258, dt = 0.036482, ct = 0.034839, ndl = 21', bdl = 430', odl = 2', odf = 70', lpcb = 293', cnt = 805', bdch = 4578', odch = 508', lcp = 319'
Labels distribution in buckets (bucket size) : largest - 82, top 0.1% - 82, top 0.5% - 65, top 2% - 38, top 10% - 19, top 50% - 4
Run forward enumeration with border = 50... not succeeded (ratio 0.928381) lpt = 0.017131, ndl = 24', dl = 4', lpcb = 55', dch = 28'
 TT = 0.018679, pt = 0, dt = 0.017131, ct = 0, ndl = 24', bdl = 4', lpcb = 55', cnt = 118', bdch = 28', odch = 0', lcp = 0'
ColGenEvalAlg final dual bound: 1271.3 (rounded: 1272)
Gap improvement since the last cut separation : 0.321882 (1251.47)
Current active cuts : CAP(10,168.327)
In total 4 RCC cut(s) are found by the connected components heuristic 
Shrinking heuristic shrunk 11 edges
In total 20 RCC cut(s) are found by the Fractional capacity min-cut heuristic 
In total 111 RCC cut(s) are found by the greedy construction heuristic 
In total 10 RCC cut(s) are found by the global pool greedy search heuristic 
----- Add fac. cuts : CAP(100), max.viol = 0.617752, aver.viol = 0.274885, sep/add took 0.0158753/0.157124 sec. -----
3016 columns (3016 active), 200 dyn. constrs. (110 active), 324 art. vars. (234 active)
<DWph=2> <it=  1> <et=1.70> <Mt= 0.02> <Spt= 0.00> <nCl= 29> <al=0.50> <DB=  782.1008> <Mlp= 1286.6122> <PB=1313.1> 
<DWph=2> <it=  2> <et=1.73> <Mt= 0.03> <Spt= 0.01> <nCl= 16> <al=0.55> <DB= 1062.1704> <Mlp= 1280.6879> <PB=1313.1> 
<DWph=2> <it=  3> <et=1.74> <Mt= 0.00> <Spt= 0.01> <nCl=  4> <al=0.60> <DB= 1275.0722> <Mlp= 1280.6074> <PB=1313.1> 
<DWph=2> <it=  4> <et=1.76> <Mt= 0.01> <Spt= 0.01> <nCl= 28> <al=0.27> <DB= 1171.7260> <Mlp= 1280.3695> <PB=1313.1> 
<DWph=2> <it=  5> <et=1.78> <Mt= 0.01> <Spt= 0.01> <nCl=  9> <al=0.54> <DB= 1271.4538> <Mlp= 1280.1586> <PB=1313.1> 
<DWph=2> <it=  6> <et=1.79> <Mt= 0.00> <Spt= 0.00> <nCl= 12> <al=0.58> <DB= 1272.5818> <Mlp= 1279.8249> <PB=1313.1> 
<DWph=2> <it=  7> <et=1.81> <Mt= 0.01> <Spt= 0.01> <nCl= 10> <al=0.25> <DB= 1131.7157> <Mlp= 1279.8249> <PB=1313.1> 
<DWph=2> <it=  8> <et=1.82> <Mt= 0.00> <Spt= 0.01> <nCl= 17> <al=0.05> <DB= 1265.5489> <Mlp= 1279.7995> <PB=1313.1> 
<DWph=2> <it=  9> <et=1.83> <Mt= 0.01> <Spt= 0.01> <nCl=  2> <al=0.42> <DB= 1278.5722> <Mlp= 1279.7261> <PB=1313.1> 
<DWph=2> <it= 10> <et=1.84> <Mt= 0.00> <Spt= 0.01> <nCl= 12> <al=0.00> <DB= 1264.2071> <Mlp= 1279.7261> <PB=1313.1> 
<DWph=2> <it= 11> <et=1.86> <Mt= 0.00> <Spt= 0.01> <nCl=  9> <al=0.00> <DB= 1279.2858> <Mlp= 1279.6457> <PB=1313.1> 
<DWph=2> <it= 12> <et=1.87> <Mt= 0.01> <Spt= 0.01> <nCl=  3> <al=0.00> <DB= 1279.6457> <Mlp= 1279.6457> <PB=1313.1> 
<DWph=1> <it= 13> <et=1.88> <Mt= 0.00> <Spt= 0.01> <nCl= 16> <al=0.18> <DB= 1206.4884> <Mlp= 1279.6457> <PB=1313.1> 
<DWph=1> <it= 14> <et=1.90> <Mt= 0.00> <Spt= 0.01> <nCl= 18> <al=0.08> <DB= 1225.2084> <Mlp= 1279.3501> <PB=1313.1> 
<DWph=1> <it= 15> <et=1.91> <Mt= 0.01> <Spt= 0.01> <nCl= 10> <al=0.17> <DB= 1272.7135> <Mlp= 1279.3292> <PB=1313.1> 
<DWph=1> <it= 16> <et=1.93> <Mt= 0.00> <Spt= 0.00> <nCl=  4> <al=0.26> <DB= 1271.7801> <Mlp= 1279.3276> <PB=1313.1> 
<DWph=1> <it= 17> <et=1.95> <Mt= 0.01> <Spt= 0.02> <nCl=  7> <al=0.00> <DB= 1277.8341> <Mlp= 1279.3083> <PB=1313.1> 
<DWph=1> <it= 18> <et=1.96> <Mt= 0.00> <Spt= 0.01> <nCl=  5> <al=0.23> <DB= 1277.1022> <Mlp= 1279.3065> <PB=1313.1> 
<DWph=1> <it= 19> <et=1.97> <Mt= 0.01> <Spt= 0.01> <nCl=  3> <al=0.00> <DB= 1279.3003> <Mlp= 1279.3003> <PB=1313.1> 
    RCSP exact solver info for graph G_1 : TT = 0.012844, pt = 1.5e-05, dt = 0.010289, ct = 0.002131, ndl = 5', bdl = 84', odl = 2', odf = 21', bsi = 1', cnt = 10', bdch = 807', odch = 43', lcp = 43', #sols = 150
<DWph=0> <it= 20> <et=2.00> <Mt= 0.00> <Spt= 0.02> <nCl= 80> <al=0.03> <DB= 1239.6637> <Mlp= 1279.3003> <PB=1313.1> 
    RCSP exact solver info for graph G_1 : TT = 0.013017, pt = 3.8e-05, dt = 0.010401, ct = 0.002134, ndl = 5', bdl = 84', odl = 2', odf = 21', bsi = 1', cnt = 11', bdch = 814', odch = 43', lcp = 41', #sols = 150
<DWph=0> <it= 21> <et=2.03> <Mt= 0.00> <Spt= 0.03> <nCl= 61> <al=0.00> <DB= 1273.7352> <Mlp= 1278.7801> <PB=1313.1> 
    RCSP exact solver info for graph G_1 : TT = 0.012538, pt = 3.7e-05, dt = 0.01005, ct = 0.002045, ndl = 4', bdl = 81', odl = 2', odf = 21', bsi = 1', cnt = 10', bdch = 771', odch = 40', lcp = 39', #sols = 150
<DWph=0> <it= 22> <et=2.05> <Mt= 0.01> <Spt= 0.01> <nCl= 28> <al=0.00> <DB= 1275.5675> <Mlp= 1278.7462> <PB=1313.1> 
    RCSP exact solver info for graph G_1 : TT = 0.012512, pt = 3.4e-05, dt = 0.010016, ct = 0.002031, ndl = 4', bdl = 81', odl = 2', odf = 20', bsi = 1', cnt = 10', bdch = 766', odch = 40', lcp = 39', #sols = 150
<DWph=0> <it= 23> <et=2.07> <Mt= 0.00> <Spt= 0.02> <nCl=  1> <al=0.00> <DB= 1278.7462> <Mlp= 1278.7462> <PB=1313.1> 
Dynamic params and stats :  aver.obdmd = 23.5397 aver.buck.num. = 26
@@ 1 2 1278.75 0.0122742 0.012535 48.1313 2.07
Labels distribution in buckets (bucket size) : largest - 52, top 0.1% - 52, top 0.5% - 42, top 2% - 33, top 10% - 19, top 50% - 4
Reduced cost fixing for graph G_1... 41575 buck. arcs remain (93.2% from prev., 44.9% from max.) + 10295 jump buck. arcs (11.1% from max.)
 TT = 0.067055, pt = 0.005536, dt = 0.030452, ct = 0.030907, ndl = 18', bdl = 376', odl = 2', odf = 67', lpcb = 187', cnt = 692', bdch = 3495', odch = 416', lcp = 252'
Labels distribution in buckets (bucket size) : largest - 56, top 0.1% - 56, top 0.5% - 48, top 2% - 34, top 10% - 21, top 50% - 4
Run forward enumeration with border = 50... not succeeded (ratio 0.92465) lpt = 0.017308, ndl = 24', dl = 5', lpcb = 54', dch = 27'
 TT = 0.018532, pt = 0, dt = 0.017308, ct = 0, ndl = 24', bdl = 5', lpcb = 54', cnt = 123', bdch = 27', odch = 0', lcp = 0'
ColGenEvalAlg final dual bound: 1278.75 (rounded: 1279)
Gap improvement since the last cut separation : 0.178047 (1271.3)
Current active cuts : CAP(19,452.797)
Shrinking heuristic shrunk 16 edges
In total 13 RCC cut(s) are found by the Fractional capacity min-cut heuristic 
In total 38 RCC cut(s) are found by the greedy construction heuristic 
In total 2 RCC cut(s) are found by the global pool greedy search heuristic 
----- Add fac. cuts : CAP(53), max.viol = 0.287512, aver.viol = 0.107445, sep/add took 0.0126905/0.0898577 sec. -----
3400 columns (3400 active), 163 dyn. constrs. (88 active), 377 art. vars. (212 active)
<DWph=2> <it=  1> <et=2.34> <Mt= 0.01> <Spt= 0.01> <nCl=  3> <al=0.50> <DB= 1279.7046> <Mlp= 1280.6629> <PB=1313.1> 
<DWph=2> <it=  2> <et=2.35> <Mt= 0.00> <Spt= 0.01> <nCl= 15> <al=0.00> <DB= 1279.6586> <Mlp= 1280.6629> <PB=1313.1> 
<DWph=2> <it=  3> <et=2.36> <Mt= 0.01> <Spt= 0.01> <nCl=  2> <al=0.00> <DB= 1280.6575> <Mlp= 1280.6575> <PB=1313.1> 
<DWph=1> <it=  4> <et=2.37> <Mt= 0.00> <Spt= 0.00> <nCl= 12> <al=0.20> <DB= 1265.0470> <Mlp= 1280.6575> <PB=1313.1> 
<DWph=1> <it=  5> <et=2.38> <Mt= 0.00> <Spt= 0.01> <nCl=  7> <al=0.28> <DB= 1276.0195> <Mlp= 1280.4619> <PB=1313.1> 
<DWph=1> <it=  6> <et=2.40> <Mt= 0.00> <Spt= 0.02> <nCl=  3> <al=0.00> <DB= 1280.1286> <Mlp= 1280.4463> <PB=1313.1> 
<DWph=1> <it=  7> <et=2.42> <Mt= 0.01> <Spt= 0.01> <nCl=  4> <al=0.00> <DB= 1280.4463> <Mlp= 1280.4463> <PB=1313.1> 
    RCSP exact solver info for graph G_1 : TT = 0.011734, pt = 1.5e-05, dt = 0.00926, ct = 0.002053, ndl = 5', bdl = 72', odl = 2', odf = 20', bsi = 1', cnt = 11', bdch = 692', odch = 43', lcp = 41', #sols = 150
<DWph=0> <it=  8> <et=2.44> <Mt= 0.00> <Spt= 0.02> <nCl= 53> <al=0.15> <DB= 1270.4757> <Mlp= 1280.4463> <PB=1313.1> 
    RCSP exact solver info for graph G_1 : TT = 0.012937, pt = 3.4e-05, dt = 0.010303, ct = 0.002094, ndl = 5', bdl = 74', odl = 2', odf = 21', bsi = 1', cnt = 10', bdch = 740', odch = 43', lcp = 42', #sols = 150
<DWph=0> <it=  9> <et=2.46> <Mt= 0.00> <Spt= 0.02> <nCl= 13> <al=0.05> <DB= 1277.7337> <Mlp= 1280.3145> <PB=1313.1> 
    RCSP exact solver info for graph G_1 : TT = 0.012199, pt = 3.5e-05, dt = 0.009706, ct = 0.002067, ndl = 5', bdl = 73', odl = 2', odf = 20', bsi = 1', cnt = 10', bdch = 722', odch = 41', lcp = 41', #sols = 150
<DWph=0> <it= 10> <et=2.48> <Mt= 0.01> <Spt= 0.01> <nCl=  2> <al=0.15> <DB= 1279.7923> <Mlp= 1280.3076> <PB=1313.1> 
    RCSP exact solver info for graph G_1 : TT = 0.012, pt = 3e-05, dt = 0.009527, ct = 0.002032, ndl = 5', bdl = 73', odl = 2', odf = 21', bsi = 1', cnt = 9', bdch = 721', odch = 41', lcp = 41', #sols = 150
    RCSP exact solver info for graph G_1 : TT = 0.011842, pt = 2.4e-05, dt = 0.00941, ct = 0.002006, ndl = 5', bdl = 73', odl = 2', odf = 20', bsi = 1', cnt = 9', bdch = 716', odch = 41', lcp = 41', #sols = 150
<DWph=0> <it= 11> <et=2.51> <Mt= 0.00> <Spt= 0.03> <nCl= 11> <al=0.00> <DB= 1280.3076> <Mlp= 1280.3076> <PB=1313.1> 
Dynamic params and stats :  aver.obdmd = 23.5397 aver.buck.num. = 26
@@ 1 3 1280.31 0.0116916 0.012397 44.8688 2.51
    Full reduced cost fixing is not called (gap ratio is 0.954415)
ColGenEvalAlg final dual bound: 1280.31 (rounded: 1281)
Gap improvement since the last cut separation : 0.0454522 (1278.75)
Current active cuts : CAP(28,682.634)
Shrinking heuristic shrunk 10 edges
In total 1 RCC cut(s) are found by the Fractional capacity min-cut heuristic 
In total 20 RCC cut(s) are found by the greedy construction heuristic 
In total 17 RCC cut(s) are found by the global pool greedy search heuristic 
----- Add fac. cuts : CAP(38), max.viol = 0.161576, aver.viol = 0.072844, sep/add took 0.0170824/0.058247 sec. -----
3525 columns (3525 active), 126 dyn. constrs. (82 active), 415 art. vars. (206 active)
<DWph=2> <it=  1> <et=2.67> <Mt= 0.01> <Spt= 0.01> <nCl= 15> <al=0.00> <DB= 1271.5045> <Mlp= 1281.3217> <PB=1313.1> 
<DWph=2> <it=  2> <et=2.68> <Mt= 0.01> <Spt= 0.01> <nCl=  3> <al=0.40> <DB= 1280.9067> <Mlp= 1281.2915> <PB=1313.1> 
<DWph=2> <it=  3> <et=2.69> <Mt= 0.00> <Spt= 0.01> <nCl=  3> <al=0.00> <DB= 1281.2811> <Mlp= 1281.2811> <PB=1313.1> 
<DWph=1> <it=  4> <et=2.70> <Mt= 0.00> <Spt= 0.01> <nCl= 12> <al=0.36> <DB= 1269.1819> <Mlp= 1281.2811> <PB=1313.1> 
<DWph=1> <it=  5> <et=2.71> <Mt= 0.00> <Spt= 0.00> <nCl=  5> <al=0.26> <DB= 1277.0493> <Mlp= 1281.2349> <PB=1313.1> 
<DWph=1> <it=  6> <et=2.72> <Mt= 0.01> <Spt= 0.01> <nCl=  2> <al=0.16> <DB= 1277.6886> <Mlp= 1281.2170> <PB=1313.1> 
<DWph=1> <it=  7> <et=2.73> <Mt= 0.00> <Spt= 0.01> <nCl=  2> <al=0.06> <DB= 1274.0126> <Mlp= 1281.2138> <PB=1313.1> 
<DWph=1> <it=  8> <et=2.75> <Mt= 0.00> <Spt= 0.01> <nCl=  1> <al=0.00> <DB= 1281.1997> <Mlp= 1281.1997> <PB=1313.1> 
    RCSP exact solver info for graph G_1 : TT = 0.011087, pt = 1.5e-05, dt = 0.008746, ct = 0.001908, ndl = 4', bdl = 66', odl = 2', odf = 20', bsi = 1', cnt = 8', bdch = 609', odch = 38', lcp = 38', #sols = 150
<DWph=0> <it=  9> <et=2.76> <Mt= 0.00> <Spt= 0.02> <nCl= 31> <al=0.05> <DB= 1273.1997> <Mlp= 1281.1997> <PB=1313.1> 
    RCSP exact solver info for graph G_1 : TT = 0.011317, pt = 3.2e-05, dt = 0.008952, ct = 0.001898, ndl = 4', bdl = 68', odl = 2', odf = 20', bsi = 1', cnt = 8', bdch = 626', odch = 38', lcp = 38', #sols = 150
<DWph=0> <it= 10> <et=2.78> <Mt= 0.01> <Spt= 0.01> <nCl=  7> <al=0.15> <DB= 1279.5028> <Mlp= 1281.1192> <PB=1313.1> 
    RCSP exact solver info for graph G_1 : TT = 0.011358, pt = 2.8e-05, dt = 0.009001, ct = 0.001926, ndl = 4', bdl = 68', odl = 2', odf = 20', bsi = 1', cnt = 8', bdch = 635', odch = 38', lcp = 38', #sols = 150
    RCSP exact solver info for graph G_1 : TT = 0.011075, pt = 2.5e-05, dt = 0.008777, ct = 0.001882, ndl = 4', bdl = 67', odl = 2', odf = 20', bsi = 1', cnt = 8', bdch = 613', odch = 37', lcp = 38', #sols = 150
<DWph=0> <it= 11> <et=2.81> <Mt= 0.00> <Spt= 0.03> <nCl=  7> <al=0.00> <DB= 1281.1190> <Mlp= 1281.1190> <PB=1313.1> 
Dynamic params and stats :  aver.obdmd = 23.5397 aver.buck.num. = 26
@@ 1 4 1281.12 0.0107725 0.010927 44.8688 2.81
    Full reduced cost fixing is not called (gap ratio is 0.930729)
ColGenEvalAlg final dual bound: 1281.12 (rounded: 1282)
Gap improvement since the last cut separation : 0.0247419 (1280.31)
Current active cuts : CAP(30,845.325)
Shrinking heuristic shrunk 8 edges
In total 3 RCC cut(s) are found by the Fractional capacity min-cut heuristic 
In total 4 RCC cut(s) are found by the greedy construction heuristic 
----- Add fac. cuts : CAP(7), max.viol = 0.118248, aver.viol = 0.0554464, sep/add took 0.0167334/0.0116721 sec. -----
3613 columns (3613 active), 89 dyn. constrs. (53 active), 422 art. vars. (177 active)
<DWph=2> <it=  1> <et=2.90> <Mt= 0.01> <Spt= 0.01> <nCl=  5> <al=0.00> <DB= 1281.3064> <Mlp= 1281.3064> <PB=1313.1> 
<DWph=1> <it=  2> <et=2.91> <Mt= 0.00> <Spt= 0.01> <nCl=  1> <al=0.40> <DB= 1278.6493> <Mlp= 1281.3064> <PB=1313.1> 
<DWph=1> <it=  3> <et=2.92> <Mt= 0.00> <Spt= 0.00> <nCl=  3> <al=0.46> <DB= 1279.5014> <Mlp= 1281.3016> <PB=1313.1> 
<DWph=1> <it=  4> <et=2.93> <Mt= 0.00> <Spt= 0.01> <nCl=  2> <al=0.00> <DB= 1281.2963> <Mlp= 1281.2963> <PB=1313.1> 
    RCSP exact solver info for graph G_1 : TT = 0.010231, pt = 1.4e-05, dt = 0.00809, ct = 0.001738, ndl = 4', bdl = 62', odl = 2', odf = 19', bsi = 1', cnt = 8', bdch = 525', odch = 34', lcp = 32', #sols = 150
<DWph=0> <it=  5> <et=2.95> <Mt= 0.00> <Spt= 0.02> <nCl= 18> <al=0.26> <DB= 1276.2869> <Mlp= 1281.2963> <PB=1313.1> 
    RCSP exact solver info for graph G_1 : TT = 0.01044, pt = 3.3e-05, dt = 0.008219, ct = 0.001753, ndl = 4', bdl = 62', odl = 2', odf = 19', bsi = 1', cnt = 8', bdch = 529', odch = 35', lcp = 33', #sols = 150
    RCSP exact solver info for graph G_1 : TT = 0.010331, pt = 2.6e-05, dt = 0.008183, ct = 0.001729, ndl = 4', bdl = 63', odl = 2', odf = 19', bsi = 1', cnt = 8', bdch = 532', odch = 35', lcp = 33', #sols = 150
<DWph=0> <it=  6> <et=2.98> <Mt= 0.01> <Spt= 0.02> <nCl=  6> <al=0.00> <DB= 1281.2865> <Mlp= 1281.2865> <PB=1313.1> 
Dynamic params and stats :  aver.obdmd = 23.5397 aver.buck.num. = 26
@@ 1 5 1281.29 0.009904 0.009972 44.8688 2.98
    Full reduced cost fixing is not called (gap ratio is 0.925838)
ColGenEvalAlg final dual bound: 1281.29 (rounded: 1282)
Gap improvement since the last cut separation : 0.00523809 (1281.12)
Cut generation tailing off counter increased to 1
Current active cuts : CAP(28,825.05)
Shrinking heuristic shrunk 9 edges
In total 1 RCC cut(s) are found by the Fractional capacity min-cut heuristic 
In total 2 RCC cut(s) are found by the greedy construction heuristic 
In total 7 RCC cut(s) are found by the global pool greedy search heuristic 
----- Add fac. cuts : CAP(10), max.viol = 0.046129, aver.viol = 0.0226118, sep/add took 0.0165879/0.0163186 sec. -----
3648 columns (3648 active), 63 dyn. constrs. (54 active), 432 art. vars. (178 active)
<DWph=2> <it=  1> <et=3.05> <Mt= 0.00> <Spt= 0.01> <nCl=  6> <al=0.00> <DB= 1280.3989> <Mlp= 1281.3625> <PB=1313.1> 
<DWph=2> <it=  2> <et=3.06> <Mt= 0.00> <Spt= 0.01> <nCl=  0> <al=0.00> <DB= 1281.3616> <Mlp= 1281.3616> <PB=1313.1> 
<DWph=1> <it=  3> <et=3.07> <Mt= 0.01> <Spt= 0.00> <nCl=  3> <al=0.30> <DB= 1279.3976> <Mlp= 1281.3616> <PB=1313.1> 
<DWph=1> <it=  4> <et=3.08> <Mt= 0.00> <Spt= 0.01> <nCl=  1> <al=0.37> <DB= 1280.6419> <Mlp= 1281.3611> <PB=1313.1> 
<DWph=1> <it=  5> <et=3.09> <Mt= 0.00> <Spt= 0.01> <nCl=  2> <al=0.00> <DB= 1281.3610> <Mlp= 1281.3610> <PB=1313.1> 
    RCSP exact solver info for graph G_1 : TT = 0.010381, pt = 1.3e-05, dt = 0.008166, ct = 0.001788, ndl = 4', bdl = 62', odl = 2', odf = 19', bsi = 1', cnt = 8', bdch = 543', odch = 34', lcp = 33', #sols = 150
<DWph=0> <it=  6> <et=3.11> <Mt= 0.00> <Spt= 0.02> <nCl= 10> <al=0.17> <DB= 1280.6447> <Mlp= 1281.3610> <PB=1313.1> 
    RCSP exact solver info for graph G_1 : TT = 0.010707, pt = 2.8e-05, dt = 0.008441, ct = 0.001796, ndl = 4', bdl = 64', odl = 2', odf = 20', bsi = 1', cnt = 8', bdch = 562', odch = 36', lcp = 34', #sols = 150
    RCSP exact solver info for graph G_1 : TT = 0.010584, pt = 2.5e-05, dt = 0.008376, ct = 0.001784, ndl = 4', bdl = 64', odl = 2', odf = 20', bsi = 1', cnt = 8', bdch = 558', odch = 36', lcp = 34', #sols = 150
<DWph=0> <it=  7> <et=3.13> <Mt= 0.00> <Spt= 0.02> <nCl=  6> <al=0.00> <DB= 1281.3609> <Mlp= 1281.3609> <PB=1313.1> 
Dynamic params and stats :  aver.obdmd = 23.5397 aver.buck.num. = 26
@@ 1 6 1281.36 0.010117 0.010237 44.8688 3.13
    Full reduced cost fixing is not called (gap ratio is 0.923665)
ColGenEvalAlg final dual bound: 1281.36 (rounded: 1282)
Gap improvement since the last cut separation : 0.00233972 (1281.29)
Cut generation tailing off counter increased to 2
Current active cuts : CAP(32,850.146)
Shrinking heuristic shrunk 8 edges
In total 4 RCC cut(s) are found by the global pool greedy search heuristic 
----- Add fac. cuts : CAP(4), max.viol = 0.028436, aver.viol = 0.0132222, sep/add took 0.016947/0.00461411 sec. -----
3676 columns (3676 active), 58 dyn. constrs. (52 active), 436 art. vars. (176 active)
<DWph=2> <it=  1> <et=3.18> <Mt= 0.01> <Spt= 0.01> <nCl=  0> <al=0.00> <DB= 1281.3713> <Mlp= 1281.3713> <PB=1313.1> 
<DWph=1> <it=  2> <et=3.18> <Mt= 0.00> <Spt= 0.01> <nCl=  1> <al=0.40> <DB= 1281.2790> <Mlp= 1281.3713> <PB=1313.1> 
<DWph=1> <it=  3> <et=3.20> <Mt= 0.00> <Spt= 0.01> <nCl=  1> <al=0.00> <DB= 1281.3711> <Mlp= 1281.3711> <PB=1313.1> 
    RCSP exact solver info for graph G_1 : TT = 0.010567, pt = 1.2e-05, dt = 0.008313, ct = 0.001819, ndl = 4', bdl = 63', odl = 2', odf = 19', bsi = 1', cnt = 8', bdch = 551', odch = 34', lcp = 34', #sols = 150
<DWph=0> <it=  4> <et=3.21> <Mt= 0.00> <Spt= 0.01> <nCl=  2> <al=0.20> <DB= 1281.3605> <Mlp= 1281.3711> <PB=1313.1> 
    RCSP exact solver info for graph G_1 : TT = 0.010645, pt = 3e-05, dt = 0.008396, ct = 0.001803, ndl = 4', bdl = 63', odl = 2', odf = 19', bsi = 1', cnt = 8', bdch = 551', odch = 34', lcp = 34', #sols = 150
    RCSP exact solver info for graph G_1 : TT = 0.010712, pt = 2.9e-05, dt = 0.00848, ct = 0.001799, ndl = 4', bdl = 63', odl = 2', odf = 19', bsi = 1', cnt = 8', bdch = 551', odch = 34', lcp = 34', #sols = 150
<DWph=0> <it=  5> <et=3.24> <Mt= 0.00> <Spt= 0.03> <nCl=  0> <al=0.00> <DB= 1281.3711> <Mlp= 1281.3711> <PB=1313.1> 
Dynamic params and stats :  aver.obdmd = 23.5397 aver.buck.num. = 26
@@ 1 7 1281.37 0.0102033 0.010279 44.8688 3.24
    Full reduced cost fixing is not called (gap ratio is 0.923368)
ColGenEvalAlg final dual bound: 1281.37 (rounded: 1282)
Gap improvement since the last cut separation : 0.000321344 (1281.36)
----- Cut separators priority level decreased to 1-----
Current active cuts : CAP(34,852.508)
Shrinking heuristic shrunk 11 edges
7 Rank-1 1-rows pack. cuts added ,  max viol. = 0.194456, aver. viol. = 0.0733133
150 Rank-1 3-rows pack. cuts added ,  max viol. = 0.275409, aver. viol. = 0.142247
----- Add fac. cuts : R1C(157), max.viol = 0.275409, aver.viol = 0.139848, sep/add took 0.0178042/0.147053 sec. -----
3680 columns (3680 active), 209 dyn. constrs. (207 active), 593 art. vars. (331 active)
<DWph=2> <it=  1> <et=3.47> <Mt= 0.04> <Spt= 0.01> <nCl= 22> <al=0.50> <DB= 1094.1040> <Mlp= 1284.8859> <PB=1313.1> 
<DWph=2> <it=  2> <et=3.49> <Mt= 0.02> <Spt= 0.00> <nCl=  4> <al=0.55> <DB= 1282.6779> <Mlp= 1284.2751> <PB=1313.1> 
<DWph=2> <it=  3> <et=3.50> <Mt= 0.01> <Spt= 0.01> <nCl=  7> <al=0.45> <DB= 1280.4690> <Mlp= 1284.0814> <PB=1313.1> 
<DWph=2> <it=  4> <et=3.52> <Mt= 0.00> <Spt= 0.01> <nCl=  7> <al=0.51> <DB= 1281.3692> <Mlp= 1284.0339> <PB=1313.1> 
<DWph=2> <it=  5> <et=3.53> <Mt= 0.01> <Spt= 0.01> <nCl=  8> <al=0.11> <DB= 1278.9704> <Mlp= 1284.0145> <PB=1313.1> 
<DWph=2> <it=  6> <et=3.55> <Mt= 0.00> <Spt= 0.01> <nCl=  5> <al=0.00> <DB= 1284.0094> <Mlp= 1284.0094> <PB=1313.1> 
<DWph=1> <it=  7> <et=3.57> <Mt= 0.01> <Spt= 0.01> <nCl= 11> <al=0.35> <DB= 1270.5571> <Mlp= 1284.0094> <PB=1313.1> 
<DWph=1> <it=  8> <et=3.59> <Mt= 0.01> <Spt= 0.01> <nCl= 10> <al=0.42> <DB= 1274.6385> <Mlp= 1283.9355> <PB=1313.1> 
<DWph=1> <it=  9> <et=3.61> <Mt= 0.00> <Spt= 0.01> <nCl=  9> <al=0.32> <DB= 1276.9186> <Mlp= 1283.9293> <PB=1313.1> 
<DWph=1> <it= 10> <et=3.63> <Mt= 0.01> <Spt= 0.03> <nCl=  9> <al=0.00> <DB= 1280.6631> <Mlp= 1283.9279> <PB=1313.1> 
<DWph=1> <it= 11> <et=3.64> <Mt= 0.00> <Spt= 0.01> <nCl=  3> <al=0.29> <DB= 1283.1487> <Mlp= 1283.9279> <PB=1313.1> 
<DWph=1> <it= 12> <et=3.67> <Mt= 0.00> <Spt= 0.02> <nCl=  1> <al=0.00> <DB= 1283.9279> <Mlp= 1283.9279> <PB=1313.1> 
    RCSP exact solver info for graph G_1 : TT = 0.041892, pt = 0.000221, dt = 0.03554, ct = 0.005615, ndl = 6', bdl = 100', odl = 2', odf = 27', bsi = 1', cnt = 18', bdch = 1254', odch = 94', lcp = 84', #sols = 150
<DWph=0> <it= 13> <et=3.72> <Mt= 0.00> <Spt= 0.05> <nCl= 69> <al=0.09> <DB= 1268.7386> <Mlp= 1283.9279> <PB=1313.1> 
    RCSP exact solver info for graph G_1 : TT = 0.043015, pt = 0.000418, dt = 0.035475, ct = 0.006596, ndl = 8', bdl = 116', odl = 2', odf = 30', bsi = 1', cnt = 25', bdch = 1630', odch = 123', lcp = 122', #sols = 150
<DWph=0> <it= 14> <et=3.78> <Mt= 0.01> <Spt= 0.05> <nCl= 27> <al=0.18> <DB= 1277.9079> <Mlp= 1283.7439> <PB=1313.1> 
    RCSP exact solver info for graph G_1 : TT = 0.041577, pt = 0.000472, dt = 0.034082, ct = 0.006539, ndl = 7', bdl = 112', odl = 2', odf = 30', bsi = 1', cnt = 26', bdch = 1550', odch = 123', lcp = 119', #sols = 150
<DWph=0> <it= 15> <et=3.84> <Mt= 0.01> <Spt= 0.04> <nCl= 12> <al=0.26> <DB= 1279.6117> <Mlp= 1283.7028> <PB=1313.1> 
    RCSP exact solver info for graph G_1 : TT = 0.041514, pt = 0.00043, dt = 0.034085, ct = 0.006521, ndl = 7', bdl = 112', odl = 2', odf = 30', bsi = 1', cnt = 26', bdch = 1557', odch = 124', lcp = 119', #sols = 150
<DWph=0> <it= 16> <et=3.89> <Mt= 0.00> <Spt= 0.05> <nCl=  4> <al=0.33> <DB= 1281.6400> <Mlp= 1283.7022> <PB=1313.1> 
    RCSP exact solver info for graph G_1 : TT = 0.041426, pt = 0.000416, dt = 0.034024, ct = 0.0065, ndl = 7', bdl = 112', odl = 2', odf = 30', bsi = 1', cnt = 25', bdch = 1553', odch = 124', lcp = 120', #sols = 150
    RCSP exact solver info for graph G_1 : TT = 0.037716, pt = 0.000323, dt = 0.030758, ct = 0.006178, ndl = 7', bdl = 107', odl = 2', odf = 29', bsi = 1', cnt = 22', bdch = 1430', odch = 111', lcp = 109', #sols = 150
<DWph=0> <it= 17> <et=3.97> <Mt= 0.01> <Spt= 0.09> <nCl= 13> <al=0.00> <DB= 1283.7022> <Mlp= 1283.7022> <PB=1313.1> 
Dynamic params and stats :  aver.obdmd = 23.5397 aver.buck.num. = 26 nbR1C = 25 with avMem = 10.44
@@ 1 8 1283.7 0.0403188 0.042071 44.8688 3.97
Labels distribution in buckets (bucket size) : largest - 110, top 0.1% - 110, top 0.5% - 77, top 2% - 63, top 10% - 35, top 50% - 4
Reduced cost fixing for graph G_1... 39718 buck. arcs remain (95.5% from prev., 42.9% from max.) + 10141 jump buck. arcs (10.9% from max.)
 TT = 0.154581, pt = 0.014959, dt = 0.073272, ct = 0.066021, ndl = 25', bdl = 495', odl = 3', odf = 86', lpcb = 263', cnt = 1023', bdch = 5605', odch = 628', lcp = 441'
Labels distribution in buckets (bucket size) : largest - 110, top 0.1% - 110, top 0.5% - 97, top 2% - 66, top 10% - 36, top 50% - 4
Run forward enumeration with border = 50... not succeeded (ratio 0.879187) lpt = 0.052942, ndl = 40', dl = 9', lpcb = 157', dch = 85'
 TT = 0.057155, pt = 0, dt = 0.052942, ct = 0, ndl = 40', bdl = 9', lpcb = 157', cnt = 269', bdch = 85', odch = 0', lcp = 0'
ColGenEvalAlg final dual bound: 1283.7 (rounded: 1284)
Gap improvement since the last cut separation : 0.073467 (1281.37)
Current active cuts : CAP(24,665.12) R1C(3+22,23.0546) 1rowPackR1C(3) 3rowPackR1C(22)
Shrinking heuristic shrunk 10 edges
In total 2 RCC cut(s) are found by the Fractional capacity min-cut heuristic 
In total 11 RCC cut(s) are found by the greedy construction heuristic 
In total 17 RCC cut(s) are found by the global pool greedy search heuristic 
8 Rank-1 1-rows pack. cuts added ,  max viol. = 0.122479, aver. viol. = 0.0749344
150 Rank-1 3-rows pack. cuts added ,  max viol. = 0.184031, aver. viol. = 0.0638337
----- Add fac. cuts : CAP(30) R1C(158), max.viol = 0.218628, aver.viol = 0.0651767, sep/add took 0.0184802/0.198962 sec. -----
3901 columns (3901 active), 395 dyn. constrs. (255 active), 781 art. vars. (379 active)
<DWph=2> <it=  1> <et=4.45> <Mt= 0.03> <Spt= 0.00> <nCl=  5> <al=0.50> <DB= 1280.5416> <Mlp= 1285.1481> <PB=1313.1> 
<DWph=2> <it=  2> <et=4.46> <Mt= 0.00> <Spt= 0.01> <nCl=  2> <al=0.55> <DB= 1284.3528> <Mlp= 1285.1481> <PB=1313.1> 
<DWph=2> <it=  3> <et=4.48> <Mt= 0.01> <Spt= 0.01> <nCl= 14> <al=0.45> <DB= 1273.2019> <Mlp= 1285.1480> <PB=1313.1> 
<DWph=2> <it=  4> <et=4.50> <Mt= 0.01> <Spt= 0.01> <nCl=  6> <al=0.51> <DB= 1277.1058> <Mlp= 1285.1058> <PB=1313.1> 
<DWph=2> <it=  5> <et=4.52> <Mt= 0.01> <Spt= 0.01> <nCl=  8> <al=0.11> <DB= 1279.9710> <Mlp= 1285.0956> <PB=1313.1> 
<DWph=2> <it=  6> <et=4.54> <Mt= 0.00> <Spt= 0.02> <nCl=  8> <al=0.00> <DB= 1267.1199> <Mlp= 1285.0956> <PB=1313.1> 
<DWph=2> <it=  7> <et=4.56> <Mt= 0.01> <Spt= 0.01> <nCl=  5> <al=0.00> <DB= 1281.2409> <Mlp= 1285.0954> <PB=1313.1> 
<DWph=2> <it=  8> <et=4.58> <Mt= 0.00> <Spt= 0.01> <nCl=  3> <al=0.00> <DB= 1285.0954> <Mlp= 1285.0954> <PB=1313.1> 
<DWph=1> <it=  9> <et=4.60> <Mt= 0.00> <Spt= 0.02> <nCl= 19> <al=0.15> <DB= 1259.2603> <Mlp= 1285.0954> <PB=1313.1> 
<DWph=1> <it= 10> <et=4.64> <Mt= 0.03> <Spt= 0.01> <nCl= 17> <al=0.05> <DB= 1167.1943> <Mlp= 1284.9597> <PB=1313.1> 
<DWph=1> <it= 11> <et=4.74> <Mt= 0.09> <Spt= 0.02> <nCl= 23> <al=0.15> <DB=  896.4412> <Mlp= 1284.9489> <PB=1313.1> 
<DWph=1> <it= 12> <et=4.77> <Mt= 0.01> <Spt= 0.01> <nCl= 17> <al=0.23> <DB= 1200.6514> <Mlp= 1284.9489> <PB=1313.1> 
<DWph=1> <it= 13> <et=4.79> <Mt= 0.01> <Spt= 0.02> <nCl=  2> <al=0.31> <DB= 1281.8384> <Mlp= 1284.9456> <PB=1313.1> 
<DWph=1> <it= 14> <et=4.81> <Mt= 0.00> <Spt= 0.01> <nCl=  8> <al=0.21> <DB= 1276.8756> <Mlp= 1284.9454> <PB=1313.1> 
<DWph=1> <it= 15> <et=4.83> <Mt= 0.01> <Spt= 0.01> <nCl=  3> <al=0.29> <DB= 1276.4274> <Mlp= 1284.9454> <PB=1313.1> 
<DWph=1> <it= 16> <et=4.86> <Mt= 0.00> <Spt= 0.03> <nCl=  7> <al=0.00> <DB= 1283.8187> <Mlp= 1284.9454> <PB=1313.1> 
<DWph=1> <it= 17> <et=4.89> <Mt= 0.01> <Spt= 0.02> <nCl=  0> <al=0.00> <DB= 1284.9454> <Mlp= 1284.9454> <PB=1313.1> 
    RCSP exact solver info for graph G_1 : TT = 0.073553, pt = 0.0005, dt = 0.062135, ct = 0.01038, ndl = 12', bdl = 167', odl = 2', odf = 43', bsi = 1', cnt = 81', bdch = 3296', odch = 303', lcp = 308', #sols = 150
<DWph=0> <it= 18> <et=4.99> <Mt= 0.00> <Spt= 0.11> <nCl=150> <al=0.16> <DB= 1272.6314> <Mlp= 1284.9454> <PB=1313.1> 
    RCSP exact solver info for graph G_1 : TT = 0.060477, pt = 0.000651, dt = 0.050325, ct = 0.008979, ndl = 11', bdl = 151', odl = 2', odf = 38', bsi = 1', cnt = 41', bdch = 2799', odch = 249', lcp = 253', #sols = 150
<DWph=0> <it= 19> <et=5.08> <Mt= 0.02> <Spt= 0.06> <nCl= 39> <al=0.24> <DB= 1276.1077> <Mlp= 1284.8776> <PB=1313.1> 
    RCSP exact solver info for graph G_1 : TT = 0.059699, pt = 0.000689, dt = 0.049947, ct = 0.00855, ndl = 10', bdl = 150', odl = 2', odf = 38', bsi = 1', cnt = 40', bdch = 2685', odch = 218', lcp = 219', #sols = 150
<DWph=0> <it= 20> <et=5.16> <Mt= 0.02> <Spt= 0.07> <nCl= 39> <al=0.32> <DB= 1282.0541> <Mlp= 1284.8544> <PB=1313.1> 
    RCSP exact solver info for graph G_1 : TT = 0.056366, pt = 0.000686, dt = 0.047064, ct = 0.008069, ndl = 10', bdl = 143', odl = 2', odf = 36', bsi = 1', cnt = 39', bdch = 2396', odch = 193', lcp = 197', #sols = 150
<DWph=0> <it= 21> <et=5.24> <Mt= 0.01> <Spt= 0.06> <nCl= 20> <al=0.22> <DB= 1284.2373> <Mlp= 1284.8536> <PB=1313.1> 
    RCSP exact solver info for graph G_1 : TT = 0.057905, pt = 0.000683, dt = 0.048438, ct = 0.008237, ndl = 10', bdl = 150', odl = 2', odf = 37', bsi = 1', cnt = 40', bdch = 2540', odch = 198', lcp = 199', #sols = 150
<DWph=0> <it= 22> <et=5.30> <Mt= 0.00> <Spt= 0.07> <nCl=  9> <al=0.12> <DB= 1283.7068> <Mlp= 1284.8536> <PB=1313.1> 
    RCSP exact solver info for graph G_1 : TT = 0.056395, pt = 0.000676, dt = 0.047115, ct = 0.008106, ndl = 10', bdl = 143', odl = 2', odf = 36', bsi = 1', cnt = 40', bdch = 2405', odch = 193', lcp = 197', #sols = 150
    RCSP exact solver info for graph G_1 : TT = 0.052192, pt = 0.000509, dt = 0.043282, ct = 0.007986, ndl = 10', bdl = 142', odl = 2', odf = 36', bsi = 1', cnt = 40', bdch = 2376', odch = 192', lcp = 194', #sols = 150
<DWph=0> <it= 23> <et=5.42> <Mt= 0.00> <Spt= 0.11> <nCl=  9> <al=0.00> <DB= 1284.8536> <Mlp= 1284.8536> <PB=1313.1> 
Dynamic params and stats :  aver.obdmd = 23.5397 aver.buck.num. = 26 nbR1C = 54 with avMem = 8.5
@@ 1 9 1284.85 0.0583733 0.072515 42.8647 5.42
    Full reduced cost fixing is not called (gap ratio is 0.960698)
ColGenEvalAlg final dual bound: 1284.85 (rounded: 1285)
Gap improvement since the last cut separation : 0.0391683 (1283.7)
Current active cuts : CAP(23,505.823) R1C(7+47,63.7754) 1rowPackR1C(7) 3rowPackR1C(47)
Shrinking heuristic shrunk 13 edges
In total 2 RCC cut(s) are found by the Fractional capacity min-cut heuristic 
In total 3 RCC cut(s) are found by the greedy construction heuristic 
In total 1 RCC cut(s) are found by the global pool greedy search heuristic 
5 Rank-1 1-rows pack. cuts added ,  max viol. = 0.160826, aver. viol. = 0.0903852
90 Rank-1 3-rows pack. cuts added ,  max viol. = 0.199397, aver. viol. = 0.0596137
Building structures for heuristic rank-1 packing cut separation...done!
97 Rank-1 4-rows pack. cuts added ,  max viol. = 0.142255, aver. viol. = 0.0652636
100 Rank-1 5-rows pack. cuts added ,  max viol. = 0.231404, aver. viol. = 0.117092
----- Add fac. cuts : CAP(6) R1C(292), max.viol = 0.336109, aver.viol = 0.101082, sep/add took 0.5819/0.370335 sec. -----
4314 columns (4314 active), 553 dyn. constrs. (393 active), 1079 art. vars. (517 active)
<DWph=2> <it=  1> <et=6.49> <Mt= 0.07> <Spt= 0.02> <nCl=  4> <al=0.00> <DB= 1286.1665> <Mlp= 1286.1665> <PB=1313.1> 
<DWph=1> <it=  2> <et=6.51> <Mt= 0.00> <Spt= 0.02> <nCl= 14> <al=0.40> <DB= 1272.7238> <Mlp= 1286.1665> <PB=1313.1> 
<DWph=1> <it=  3> <et=6.54> <Mt= 0.01> <Spt= 0.02> <nCl=  4> <al=0.46> <DB= 1281.7852> <Mlp= 1286.1341> <PB=1313.1> 
<DWph=1> <it=  4> <et=6.57> <Mt= 0.01> <Spt= 0.01> <nCl=  3> <al=0.36> <DB= 1284.7536> <Mlp= 1286.1308> <PB=1313.1> 
<DWph=1> <it=  5> <et=6.59> <Mt= 0.00> <Spt= 0.02> <nCl=  1> <al=0.26> <DB= 1285.7728> <Mlp= 1286.1308> <PB=1313.1> 
<DWph=1> <it=  6> <et=6.61> <Mt= 0.01> <Spt= 0.02> <nCl=  5> <al=0.16> <DB= 1285.9349> <Mlp= 1286.1306> <PB=1313.1> 
<DWph=1> <it=  7> <et=6.65> <Mt= 0.00> <Spt= 0.03> <nCl=  2> <al=0.00> <DB= 1286.1305> <Mlp= 1286.1305> <PB=1313.1> 
    RCSP exact solver info for graph G_1 : TT = 0.172671, pt = 0.000992, dt = 0.15331, ct = 0.017694, ndl = 20', bdl = 280', odl = 3', odf = 70', bsi = 1', cnt = 133', bdch = 9018', odch = 1152', lcp = 1029', #sols = 150
<DWph=0> <it=  8> <et=6.85> <Mt= 0.01> <Spt= 0.20> <nCl=111> <al=0.00> <DB= 1273.9728> <Mlp= 1286.1305> <PB=1313.1> 
    RCSP exact solver info for graph G_1 : TT = 0.110591, pt = 0.000993, dt = 0.095352, ct = 0.013679, ndl = 16', bdl = 221', odl = 3', odf = 55', bsi = 1', cnt = 96', bdch = 5696', odch = 575', lcp = 607', #sols = 150
<DWph=0> <it=  9> <et=7.00> <Mt= 0.02> <Spt= 0.13> <nCl= 66> <al=0.00> <DB= 1278.2980> <Mlp= 1285.9961> <PB=1313.1> 
    RCSP exact solver info for graph G_1 : TT = 0.114343, pt = 0.001043, dt = 0.09893, ct = 0.013781, ndl = 16', bdl = 223', odl = 3', odf = 55', bsi = 1', cnt = 95', bdch = 5706', odch = 570', lcp = 594', #sols = 150
    RCSP exact solver info for graph G_1 : TT = 0.115041, pt = 0.000953, dt = 0.099578, ct = 0.013932, ndl = 16', bdl = 224', odl = 3', odf = 56', bsi = 1', cnt = 97', bdch = 5784', odch = 579', lcp = 601', #sols = 150
<DWph=0> <it= 10> <et=7.26> <Mt= 0.02> <Spt= 0.23> <nCl=  6> <al=0.00> <DB= 1285.9909> <Mlp= 1285.9909> <PB=1313.1> 
Dynamic params and stats :  aver.obdmd = 23.5397 aver.buck.num. = 26 nbR1C = 80 with avMem = 10.975
@@ 1 10 1285.99 0.126564 0.171004 42.8647 7.26
    Full reduced cost fixing is not called (gap ratio is 0.921882)
ColGenEvalAlg final dual bound: 1285.99 (rounded: 1286)
Gap improvement since the last cut separation : 0.040261 (1284.85)
Current active cuts : CAP(21,498.398) R1C(10+70,71.7989) 1rowPackR1C(10) 3rowPackR1C(51) 4rowPackR1C(9) 5rowPackR1C(10)
Shrinking heuristic shrunk 13 edges
In total 3 RCC cut(s) are found by the Fractional capacity min-cut heuristic 
In total 5 RCC cut(s) are found by the greedy construction heuristic 
In total 12 RCC cut(s) are found by the global pool greedy search heuristic 
3 Rank-1 1-rows pack. cuts added ,  max viol. = 0.106286, aver. viol. = 0.0761968
89 Rank-1 3-rows pack. cuts added ,  max viol. = 0.149448, aver. viol. = 0.0454639
Building structures for heuristic rank-1 packing cut separation...done!
96 Rank-1 4-rows pack. cuts added ,  max viol. = 0.161329, aver. viol. = 0.0541202
100 Rank-1 5-rows pack. cuts added ,  max viol. = 0.203805, aver. viol. = 0.108113
----- Add fac. cuts : CAP(20) R1C(288), max.viol = 0.260312, aver.viol = 0.082866, sep/add took 0.68001/0.389573 sec. -----
4530 columns (4530 active), 701 dyn. constrs. (428 active), 1387 art. vars. (552 active)
<DWph=2> <it=  1> <et=8.47> <Mt= 0.06> <Spt= 0.02> <nCl=  8> <al=0.00> <DB= 1283.4292> <Mlp= 1286.6315> <PB=1313.1> 
<DWph=2> <it=  2> <et=8.49> <Mt= 0.01> <Spt= 0.02> <nCl=  2> <al=0.00> <DB= 1286.6315> <Mlp= 1286.6315> <PB=1313.1> 
<DWph=1> <it=  3> <et=8.51> <Mt= 0.00> <Spt= 0.02> <nCl= 14> <al=0.30> <DB= 1276.1122> <Mlp= 1286.6315> <PB=1313.1> 
<DWph=1> <it=  4> <et=8.71> <Mt= 0.17> <Spt= 0.02> <nCl=  6> <al=0.37> <DB= 1282.4725> <Mlp= 1286.5850> <PB=1313.1> 
<DWph=1> <it=  5> <et=8.74> <Mt= 0.02> <Spt= 0.02> <nCl= 11> <al=0.43> <DB= 1277.2583> <Mlp= 1286.5815> <PB=1313.1> 
<DWph=1> <it=  6> <et=8.77> <Mt= 0.01> <Spt= 0.02> <nCl=  5> <al=0.49> <DB= 1278.8608> <Mlp= 1286.5809> <PB=1313.1> 
<DWph=1> <it=  7> <et=8.81> <Mt= 0.01> <Spt= 0.03> <nCl=  1> <al=0.08> <DB= 1284.5782> <Mlp= 1286.5809> <PB=1313.1> 
<DWph=1> <it=  8> <et=8.85> <Mt= 0.00> <Spt= 0.04> <nCl=  3> <al=0.00> <DB= 1285.2950> <Mlp= 1286.5807> <PB=1313.1> 
<DWph=1> <it=  9> <et=8.89> <Mt= 0.01> <Spt= 0.03> <nCl=  1> <al=0.00> <DB= 1286.5807> <Mlp= 1286.5807> <PB=1313.1> 
    RCSP exact solver info for graph G_1 : TT = 0.159104, pt = 0.000977, dt = 0.137395, ct = 0.020133, ndl = 22', bdl = 262', odl = 3', odf = 76', bsi = 2', cnt = 195', bdch = 9135', odch = 1082', lcp = 1023', #sols = 150
<DWph=0> <it= 10> <et=9.09> <Mt= 0.00> <Spt= 0.20> <nCl=150> <al=0.24> <DB= 1221.9625> <Mlp= 1286.5807> <PB=1313.1> 
    RCSP exact solver info for graph G_1 : TT = 0.14608, pt = 0.001312, dt = 0.125267, ct = 0.018813, ndl = 20', bdl = 240', odl = 3', odf = 68', bsi = 2', cnt = 193', bdch = 7315', odch = 840', lcp = 812', #sols = 150
<DWph=0> <it= 11> <et=9.34> <Mt= 0.09> <Spt= 0.15> <nCl= 34> <al=0.14> <DB= 1275.5936> <Mlp= 1286.5277> <PB=1313.1> 
    RCSP exact solver info for graph G_1 : TT = 0.138288, pt = 0.001304, dt = 0.118584, ct = 0.01781, ndl = 19', bdl = 233', odl = 3', odf = 67', bsi = 1', cnt = 175', bdch = 6872', odch = 775', lcp = 736', #sols = 150
<DWph=0> <it= 12> <et=9.50> <Mt= 0.02> <Spt= 0.15> <nCl=  9> <al=0.23> <DB= 1284.0488> <Mlp= 1286.5269> <PB=1313.1> 
    RCSP exact solver info for graph G_1 : TT = 0.138136, pt = 0.001297, dt = 0.118432, ct = 0.017811, ndl = 19', bdl = 233', odl = 3', odf = 67', bsi = 1', cnt = 172', bdch = 6898', odch = 774', lcp = 729', #sols = 150
<DWph=0> <it= 13> <et=9.65> <Mt= 0.00> <Spt= 0.14> <nCl=  8> <al=0.13> <DB= 1286.1130> <Mlp= 1286.5269> <PB=1313.1> 
    RCSP exact solver info for graph G_1 : TT = 0.138013, pt = 0.001287, dt = 0.118359, ct = 0.017781, ndl = 19', bdl = 234', odl = 3', odf = 67', bsi = 1', cnt = 172', bdch = 6902', odch = 771', lcp = 725', #sols = 150
    RCSP exact solver info for graph G_1 : TT = 0.13061, pt = 0.001064, dt = 0.111573, ct = 0.017376, ndl = 19', bdl = 232', odl = 3', odf = 66', bsi = 2', cnt = 168', bdch = 6785', odch = 758', lcp = 711', #sols = 150
<DWph=0> <it= 14> <et=9.93> <Mt= 0.01> <Spt= 0.28> <nCl= 10> <al=0.00> <DB= 1286.5269> <Mlp= 1286.5269> <PB=1313.1> 
Dynamic params and stats :  aver.obdmd = 23.5397 aver.buck.num. = 26 nbR1C = 88 with avMem = 10.6477
@@ 1 11 1286.53 0.139889 0.157528 42.8647 9.93
    Full reduced cost fixing is not called (gap ratio is 0.903587)
ColGenEvalAlg final dual bound: 1286.53 (rounded: 1287)
Gap improvement since the last cut separation : 0.0197722 (1285.99)
Cut generation tailing off counter increased to 1
Current active cuts : CAP(17,389.505) R1C(9+79,91.8566) 1rowPackR1C(9) 3rowPackR1C(46) 4rowPackR1C(17) 5rowPackR1C(16)
Shrinking heuristic shrunk 13 edges
In total 3 RCC cut(s) are found by the global pool greedy search heuristic 
34 Rank-1 3-rows pack. cuts added ,  max viol. = 0.232278, aver. viol. = 0.0821493
Building structures for heuristic rank-1 packing cut separation...done!
65 Rank-1 4-rows pack. cuts added ,  max viol. = 0.252879, aver. viol. = 0.0890456
100 Rank-1 5-rows pack. cuts added ,  max viol. = 0.2596, aver. viol. = 0.222293
----- Add fac. cuts : CAP(3) R1C(199), max.viol = 0.320169, aver.viol = 0.169625, sep/add took 0.660419/0.29215 sec. -----
4792 columns (4792 active), 630 dyn. constrs. (324 active), 1589 art. vars. (448 active)
<DWph=2> <it=  1> <et=11.02> <Mt= 0.05> <Spt= 0.02> <nCl=  6> <al=0.00> <DB= 1283.4412> <Mlp= 1286.9288> <PB=1313.1> 
<DWph=2> <it=  2> <et=11.05> <Mt= 0.01> <Spt= 0.02> <nCl=  2> <al=0.00> <DB= 1286.8634> <Mlp= 1286.9221> <PB=1313.1> 
<DWph=2> <it=  3> <et=11.08> <Mt= 0.01> <Spt= 0.02> <nCl=  1> <al=0.00> <DB= 1286.9221> <Mlp= 1286.9221> <PB=1313.1> 
<DWph=1> <it=  4> <et=11.10> <Mt= 0.00> <Spt= 0.02> <nCl=  9> <al=0.20> <DB= 1281.5698> <Mlp= 1286.9221> <PB=1313.1> 
<DWph=1> <it=  5> <et=11.15> <Mt= 0.04> <Spt= 0.01> <nCl=  2> <al=0.10> <DB= 1285.5273> <Mlp= 1286.9062> <PB=1313.1> 
<DWph=1> <it=  6> <et=11.18> <Mt= 0.01> <Spt= 0.02> <nCl=  1> <al=0.00> <DB= 1286.9049> <Mlp= 1286.9049> <PB=1313.1> 
    RCSP exact solver info for graph G_1 : TT = 0.201164, pt = 0.001175, dt = 0.177033, ct = 0.022335, ndl = 24', bdl = 297', odl = 3', odf = 81', bsi = 1', cnt = 247', bdch = 11185', odch = 1383', lcp = 1417', #sols = 150
<DWph=0> <it=  7> <et=11.40> <Mt= 0.00> <Spt= 0.22> <nCl= 48> <al=0.00> <DB= 1276.5567> <Mlp= 1286.9049> <PB=1313.1> 
    RCSP exact solver info for graph G_1 : TT = 0.18842, pt = 0.001306, dt = 0.164946, ct = 0.021501, ndl = 23', bdl = 286', odl = 3', odf = 77', bsi = 1', cnt = 231', bdch = 10233', odch = 1206', lcp = 1227', #sols = 150
<DWph=0> <it=  8> <et=11.62> <Mt= 0.02> <Spt= 0.19> <nCl= 18> <al=0.01> <DB= 1286.6995> <Mlp= 1286.8867> <PB=1313.1> 
    RCSP exact solver info for graph G_1 : TT = 0.187953, pt = 0.001262, dt = 0.164638, ct = 0.02141, ndl = 23', bdl = 287', odl = 3', odf = 78', bsi = 1', cnt = 226', bdch = 10278', odch = 1213', lcp = 1229', #sols = 150
<DWph=0> <it=  9> <et=11.82> <Mt= 0.01> <Spt= 0.19> <nCl=  5> <al=0.11> <DB= 1286.7886> <Mlp= 1286.8865> <PB=1313.1> 
    RCSP exact solver info for graph G_1 : TT = 0.186893, pt = 0.001257, dt = 0.163716, ct = 0.021311, ndl = 23', bdl = 285', odl = 3', odf = 77', bsi = 1', cnt = 225', bdch = 10186', odch = 1202', lcp = 1220', #sols = 150
    RCSP exact solver info for graph G_1 : TT = 0.183924, pt = 0.001138, dt = 0.160921, ct = 0.021212, ndl = 23', bdl = 285', odl = 3', odf = 77', bsi = 1', cnt = 225', bdch = 10193', odch = 1202', lcp = 1209', #sols = 150
<DWph=0> <it= 10> <et=12.20> <Mt= 0.00> <Spt= 0.38> <nCl=  7> <al=0.00> <DB= 1286.8865> <Mlp= 1286.8865> <PB=1313.1> 
Dynamic params and stats :  aver.obdmd = 23.5397 aver.buck.num. = 26 nbR1C = 90 with avMem = 11.4222
@@ 1 12 1286.89 0.187805 0.199368 42.8647 12.2
Labels distribution in buckets (bucket size) : largest - 347, top 0.1% - 347, top 0.5% - 316, top 2% - 255, top 10% - 98, top 50% - 7
Reduced cost fixing for graph G_1... 36688 buck. arcs remain (92.4% from prev., 39.6% from max.) + 10999 jump buck. arcs (11.9% from max.)
 TT = 0.632456, pt = 0.091456, dt = 0.343234, ct = 0.197008, ndl = 78', bdl = 1307', odl = 5', odf = 241', lpcb = 964', cnt = 4260', bdch = 31763', odch = 4358', lcp = 3121'
Labels distribution in buckets (bucket size) : largest - 347, top 0.1% - 347, top 0.5% - 316, top 2% - 272, top 10% - 108, top 50% - 8
Run forward enumeration with border = 50... not succeeded (ratio 0.854095) lpt = 0.10638, ndl = 44', dl = 9', lpcb = 209', dch = 94'
 TT = 0.110395, pt = 0, dt = 0.10638, ct = 0, ndl = 44', bdl = 9', lpcb = 209', cnt = 599', bdch = 94', odch = 0', lcp = 0'
ColGenEvalAlg final dual bound: 1286.89 (rounded: 1287)
Gap improvement since the last cut separation : 0.0135354 (1286.53)
Cut generation tailing off counter increased to 2
Current active cuts : CAP(17,359.9) R1C(9+81,93.4166) 1rowPackR1C(9) 3rowPackR1C(40) 4rowPackR1C(23) 5rowPackR1C(18)
Shrinking heuristic shrunk 14 edges
In total 1 RCC cut(s) are found by the greedy construction heuristic 
In total 2 RCC cut(s) are found by the global pool greedy search heuristic 
1 Rank-1 1-rows pack. cuts added ,  max viol. = 0.0218869, aver. viol. = 0.0218869
66 Rank-1 3-rows pack. cuts added ,  max viol. = 0.0579452, aver. viol. = 0.0355224
Building structures for heuristic rank-1 packing cut separation...done!
96 Rank-1 4-rows pack. cuts added ,  max viol. = 0.0732207, aver. viol. = 0.0401362
100 Rank-1 5-rows pack. cuts added ,  max viol. = 0.137792, aver. viol. = 0.0792326
----- Add fac. cuts : CAP(3) R1C(263), max.viol = 0.275583, aver.viol = 0.0692231, sep/add took 0.63703/0.375184 sec. -----
4891 columns (4891 active), 590 dyn. constrs. (392 active), 1855 art. vars. (516 active)
<DWph=2> <it=  1> <et=14.14> <Mt= 0.09> <Spt= 0.02> <nCl= 12> <al=0.00> <DB= 1286.8344> <Mlp= 1287.4754> <PB=1313.1> 
<DWph=2> <it=  2> <et=14.17> <Mt= 0.01> <Spt= 0.02> <nCl=  2> <al=0.00> <DB= 1286.7584> <Mlp= 1287.4754> <PB=1313.1> 
<DWph=2> <it=  3> <et=14.19> <Mt= 0.00> <Spt= 0.02> <nCl=  0> <al=0.00> <DB= 1287.4754> <Mlp= 1287.4754> <PB=1313.1> 
<DWph=1> <it=  4> <et=14.21> <Mt= 0.00> <Spt= 0.02> <nCl=  5> <al=0.20> <DB= 1277.9383> <Mlp= 1287.4754> <PB=1313.1> 
<DWph=1> <it=  5> <et=14.27> <Mt= 0.04> <Spt= 0.02> <nCl= 12> <al=0.10> <DB= 1273.3608> <Mlp= 1287.4195> <PB=1313.1> 
<DWph=1> <it=  6> <et=14.31> <Mt= 0.02> <Spt= 0.02> <nCl=  2> <al=0.19> <DB= 1286.5360> <Mlp= 1287.4190> <PB=1313.1> 
<DWph=1> <it=  7> <et=14.34> <Mt= 0.01> <Spt= 0.02> <nCl=  4> <al=0.09> <DB= 1278.9972> <Mlp= 1287.4189> <PB=1313.1> 
<DWph=1> <it=  8> <et=14.38> <Mt= 0.02> <Spt= 0.02> <nCl=  5> <al=0.18> <DB= 1278.5056> <Mlp= 1287.4084> <PB=1313.1> 
<DWph=1> <it=  9> <et=14.40> <Mt= 0.01> <Spt= 0.02> <nCl=  5> <al=0.26> <DB= 1285.0053> <Mlp= 1287.4081> <PB=1313.1> 
<DWph=1> <it= 10> <et=14.44> <Mt= 0.00> <Spt= 0.03> <nCl=  4> <al=0.00> <DB= 1287.4081> <Mlp= 1287.4081> <PB=1313.1> 
    RCSP exact solver info for graph G_1 : TT = 0.258029, pt = 0.001269, dt = 0.227483, ct = 0.028588, ndl = 29', bdl = 306', odl = 3', odf = 99', bsi = 2', cnt = 437', bdch = 15019', odch = 2318', lcp = 2005', #sols = 150
<DWph=0> <it= 11> <et=14.73> <Mt= 0.00> <Spt= 0.29> <nCl= 76> <al=0.24> <DB= 1279.6925> <Mlp= 1287.4081> <PB=1313.1> 
    RCSP exact solver info for graph G_1 : TT = 0.254681, pt = 0.00145, dt = 0.224501, ct = 0.028102, ndl = 29', bdl = 315', odl = 3', odf = 96', bsi = 1', cnt = 424', bdch = 14679', odch = 2152', lcp = 1917', #sols = 150
<DWph=0> <it= 12> <et=15.04> <Mt= 0.04> <Spt= 0.26> <nCl= 47> <al=0.31> <DB= 1285.2355> <Mlp= 1287.3832> <PB=1313.1> 
    RCSP exact solver info for graph G_1 : TT = 0.262452, pt = 0.001421, dt = 0.231684, ct = 0.028692, ndl = 29', bdl = 323', odl = 3', odf = 99', bsi = 1', cnt = 452', bdch = 15485', odch = 2236', lcp = 2009', #sols = 150
<DWph=0> <it= 13> <et=15.33> <Mt= 0.02> <Spt= 0.28> <nCl= 33> <al=0.21> <DB= 1284.5652> <Mlp= 1287.3819> <PB=1313.1> 
    RCSP exact solver info for graph G_1 : TT = 0.262418, pt = 0.00144, dt = 0.232056, ct = 0.028281, ndl = 29', bdl = 320', odl = 3', odf = 98', bsi = 1', cnt = 431', bdch = 15381', odch = 2218', lcp = 2014', #sols = 150
    RCSP exact solver info for graph G_1 : TT = 0.243753, pt = 0.001297, dt = 0.214556, ct = 0.027243, ndl = 28', bdl = 302', odl = 3', odf = 95', bsi = 1', cnt = 423', bdch = 14381', odch = 2114', lcp = 1929', #sols = 150
<DWph=0> <it= 14> <et=15.85> <Mt= 0.01> <Spt= 0.51> <nCl= 24> <al=0.00> <DB= 1286.9234> <Mlp= 1287.3819> <PB=1313.1> 
    RCSP exact solver info for graph G_1 : TT = 0.244632, pt = 0.001326, dt = 0.215036, ct = 0.027617, ndl = 28', bdl = 306', odl = 3', odf = 96', bsi = 2', cnt = 432', bdch = 14534', odch = 2138', lcp = 1941', #sols = 150
    RCSP exact solver info for graph G_1 : TT = 0.244146, pt = 0.00126, dt = 0.214925, ct = 0.027359, ndl = 28', bdl = 305', odl = 3', odf = 96', bsi = 1', cnt = 422', bdch = 14508', odch = 2132', lcp = 1943', #sols = 150
<DWph=0> <it= 15> <et=16.36> <Mt= 0.00> <Spt= 0.50> <nCl= 10> <al=0.00> <DB= 1287.3818> <Mlp= 1287.3818> <PB=1313.1> 
Dynamic params and stats :  aver.obdmd = 23.5397 aver.buck.num. = 26 nbR1C = 98 with avMem = 11.3061
@@ 1 13 1287.38 0.250875 0.260376 39.5946 16.36
    Full reduced cost fixing is not called (gap ratio is 0.981033)
Bucket graph for G_1 is regenerated as bucket steps were adjusted for 63 vertices
RCSP solver info : number of forw. reachable buckets / buck. strongly connected components is 2905( 90.4139% ) / 2585( 88.9845% )
72970 forw. buck. arcs remain (41.9141% from max.)
ColGenEvalAlg final dual bound: 1287.38 (rounded: 1288)
Gap improvement since the last cut separation : 0.0188946 (1286.89)
----- Cut generation is stopped due to tailing off -----
Current active cuts : CAP(18,318.711) R1C(10+88,101.131) 1rowPackR1C(10) 3rowPackR1C(32) 4rowPackR1C(25) 5rowPackR1C(31)
------------------------------------------------
-- Enumeration for restr. mast. heur. started --
------------------------------------------------
<DWph=2> <it=  1> <et=16.49> <Mt= 0.01> <Spt= 0.00> <nCl=  0> <al=0.50> <DB= 1287.3818> <Mlp= 1287.3818> <PB=1313.1> 
<DWph=1> <it=  2> <et=16.49> <Mt= 0.00> <Spt= 0.00> <nCl=  0> <al=0.50> <DB= 1287.3818> <Mlp= 1287.3818> <PB=1313.1> 
@@ 2 0 1287.38 0 0 41.9141 16.49
<DWph=1> <it=  2> <et=16.49> <Mt= 0.00> <Spt= 0.00> <nCl=  0> <al=0.00> <DB= 1287.3818> <Mlp= 1287.3818> <PB=1313.1> 
False gap = 25.7182
Labels distribution in buckets (bucket size) : largest - 0, top 0.1% - 0, top 0.5% - 0, top 2% - 0, top 10% - 0, top 50% - 0
Reduced cost fixing for graph G_1... 67693 buck. arcs remain (93.8% from prev., 38.9% from max.) + 22704 jump buck. arcs (13% from max.)
 TT = 0.96093, pt = 0.104487, dt = 0.572242, ct = 0.282991, ndl = 120', bdl = 1833', odl = 14', odf = 638', lpcb = 1062', cnt = 3478', bdch = 31318', odch = 10101', lcp = 3463'
Labels distribution in buckets (bucket size) : largest - 248, top 0.1% - 234, top 0.5% - 216, top 2% - 172, top 10% - 67, top 50% - 4
Run forward enumeration with border = 50... not succeeded (ratio 0.914913) lpt = 0.022924, ndl = 14', dl = 1', lpcb = 35', dch = 12'
 TT = 0.027483, pt = 0.000241, dt = 0.022924, ct = 0, ndl = 14', bdl = 1', lpcb = 35', cnt = 66', bdch = 12', odch = 0', lcp = 0'
False gap = 12.8591
Labels distribution in buckets (bucket size) : largest - 248, top 0.1% - 234, top 0.5% - 216, top 2% - 172, top 10% - 67, top 50% - 4
Reduced cost fixing for graph G_1... 36285 buck. arcs remain (53.6% from prev., 20.8% from max.) + 23791 jump buck. arcs (13.7% from max.)
 TT = 0.683895, pt = 0.102544, dt = 0.402825, ct = 0.177622, ndl = 108', bdl = 1287', odl = 12', odf = 517', lpcb = 1233', cnt = 2579', bdch = 20897', odch = 6671', lcp = 2516'
Labels distribution in buckets (bucket size) : largest - 248, top 0.1% - 234, top 0.5% - 216, top 2% - 172, top 10% - 67, top 50% - 4
Run forward enumeration with border = 50... not succeeded (ratio 0.594449) lpt = 0.269967, ndl = 62', dl = 9', lpcb = 599', dch = 103'
 TT = 0.28212, pt = 0, dt = 0.269967, ct = 0, ndl = 62', bdl = 9', lpcb = 599', cnt = 1204', bdch = 103', odch = 0', lcp = 0'
False gap = 6.42954
Labels distribution in buckets (bucket size) : largest - 248, top 0.1% - 234, top 0.5% - 216, top 2% - 172, top 10% - 67, top 50% - 4
Reduced cost fixing for graph G_1... 19963 buck. arcs remain (55% from prev., 11.5% from max.) + 20338 jump buck. arcs (11.7% from max.)
 TT = 0.447108, pt = 0.082977, dt = 0.252627, ct = 0.11056, ndl = 94', bdl = 734', odl = 9', odf = 400', lpcb = 657', cnt = 1797', bdch = 11499', odch = 5233', lcp = 1961'
Labels distribution in buckets (bucket size) : largest - 246, top 0.1% - 234, top 0.5% - 216, top 2% - 172, top 10% - 65, top 50% - 4
Run forward enumeration with border = 50... succeeded! lpt = 0.277748, ndl = 39', dl = 3', lpcb = 555', dch = 38'
Run enumeration concatenation with time limit 3000 sec.... succeeded!
Sorting and storing enumerated solutions ... done!
 TT = 0.546606, pt = 0, dt = 0.277748, ct = 0.194696, ndl = 39', bdl = 3', lpcb = 555', cnt = 2081', bdch = 38', odch = 0', lcp = 0'
Enumeration succeeded!, number of elem. solutions is 30079
30079 enum. solutions in graph 1
Added 2194 columns in the formulation 
Removed 2938 columns (not in the enumerated set) from the formulation
Regenerated 2194 columns with the 'enumerated' flag
Added 5000 enum. columns to the heuristic restricted master 
Added 4338 columns in the formulation 
------------------------------------------------
---- Restricted Master IP Heuristic started ----
------------------------------------------------
Version identifier: 20.1.0.0 | 2020-11-10 | 9bedb6d68
CPXPARAM_Advance                                 0
CPXPARAM_Threads                                 1
CPXPARAM_Emphasis_MIP                            1
CPXPARAM_MIP_Limits_Nodes                        2000000
CPXPARAM_Simplex_Tolerances_Optimality           9.9999999999999995e-08
CPXPARAM_Simplex_Tolerances_Feasibility          9.9999999999999995e-08
CPXPARAM_TimeLimit                               20
CPXPARAM_MIP_Tolerances_UpperCutoff              1313.0000010000001
CPXPARAM_MIP_Tolerances_MIPGap                   1.0000000000000001e-09
Tried aggregator 1 time.
MIP Presolve eliminated 12 rows and 1162 columns.
MIP Presolve modified 11821 coefficients.
Reduced MIP has 179 rows, 5370 columns, and 250856 nonzeros.
Reduced MIP has 5370 binaries, 0 generals, 0 SOSs, and 0 indicators.
Presolve time = 0.29 sec. (407.20 ticks)
Tried aggregator 1 time.
Detecting symmetries...
MIP Presolve eliminated 0 rows and 18 columns.
MIP Presolve modified 91 coefficients.
Reduced MIP has 179 rows, 5352 columns, and 250322 nonzeros.
Reduced MIP has 5352 binaries, 0 generals, 0 SOSs, and 0 indicators.
Presolve time = 0.20 sec. (293.81 ticks)
Probing fixed 118 vars, tightened 0 bounds.
Probing time = 0.46 sec. (1022.69 ticks)
Clique table members: 587.
MIP emphasis: integer feasibility.
MIP search method: dynamic search.
Parallel mode: none, using 1 thread.
Root relaxation solution time = 0.20 sec. (216.74 ticks)

        Nodes                                         Cuts/
   Node  Left     Objective  IInf  Best Integer    Best Bound    ItCnt     Gap

      0     0     1287.4963   100                   1287.4963     1608         
      0     0     1287.6773   112                    Cuts: 44     1867         
      0     0     1287.7308   111                  Cliques: 4     1969         
      0     0     1287.7735   111                  Cliques: 2     2055         
Detecting symmetries...
      0     2     1287.7735   111                   1287.7736     2055         
Elapsed time = 3.07 sec. (6106.35 ticks, tree = 0.01 MB, solutions = 0)
*     1     1      integral     0     1290.0000     1287.7736     2438    0.17%
*     2     0      integral     0     1288.0000     1288.0000     2529    0.00%

Clique cuts applied:  10
Zero-half cuts applied:  4

Root node processing (before b&c):
  Real time             =    3.07 sec. (6091.86 ticks)
Sequential b&c:
  Real time             =    0.07 sec. (90.99 ticks)
                          ------------
Total (root+branch&cut) =    3.13 sec. (6182.85 ticks)
Solution status = Optimum
New model incumbent solution 1288, TIME = 0h0m23s15t = 2315
************************************************************************************************
Search is finished, global bounds : [ 1288 , 1288 ], TIME = 0h0m23s15t = 2315
************************************************************************************************
Built-in heuristic is enabled
instance_name solver_name ext_heuristic solution_value solution_time best_lb root_lb root_time nb_branch_and_bound_nodes status
/home/logis/Downloads/VRPSolverEasy/VRPSolverEasy/demos/data/CVRP/A-n62-k8 CPLEX False 1287.9999999996076 23.157606566 1288.0 1288.0 16.490513458 1 0

