Node memory for rank-1 cuts will be used (7.56098)
~~~~~~~~~~~~~~~~~~~~~~~~~~~~~~~~~~~~~~~~~~~~~~~~~~~~~~~~~~~~~~~~~~~~~~~~~~~~~~~~~~~~~
VRPSolver v0.5.27, 24/02/2023, © Inria Bordeaux, France, vrpsolver.math.u-bordeaux.fr
      Corresponds to the solver by Pessoa, Sadykov, Uchoa and Vanderbeck (2020)
                 Paper: dx.doi.org/10.1007/s10107-020-01523-z
~~~~~~~~~~~~~~~~~~~~~~~~~~~~~~~~~~~~~~~~~~~~~~~~~~~~~~~~~~~~~~~~~~~~~~~~~~~~~~~~~~~~~
   BaPCod v0.77, 15/03/2023, © Inria Bordeaux, France, bapcod.math.u-bordeaux.fr 
           THIS CODE IS PROVIDED AS IS, USE IT AT YOUR OWN RISK
~~~~~~~~~~~~~~~~~~~~~~~~~~~~~~~~~~~~~~~~~~~~~~~~~~~~~~~~~~~~~~~~~~~~~~~~~~~~~~~~~~~~~
Bucket steps were recalculated for graph G_1 : [4]
RCSP solver info : symmetric case is detected for graph G_1! 
Bidirectional border value is initialised to 50
RCSP solver info : number of forw. reachable buckets / buck. strongly connected components is 793( 92.4242% ) / 643( 81.0845% )
Generating neighbourhoods for rank-1 cuts separation
Building structures for 4- and 5-row rank-1 packing cut separation...done!
Model is built TIME = 0h0m0s0t = 0
************************************************************************************************
**** BaB tree root node
**** Local DB = -1e+12, global bounds : [ -1e+12 , 784.1 ], TIME = 0h0m0s0t = 0
**** 1 open nodes, 0 columns (0 active), 0 dyn. constrs. (0 active), 64 art. vars. (64 active)
************************************************************************************************
#<DWph=2> <it=  1> <et=0.00> <Mt= 0.00> <Spt= 0.00> <nCl= 30> <al=0.00> <DB=-2944153.8400> <Mlp=63041.6400> <PB=784.1> 
#<DWph=2> <it=  2> <et=0.01> <Mt= 0.00> <Spt= 0.00> <nCl= 30> <al=0.55> <DB=-2122617.3635> <Mlp=58932.6954> <PB=784.1> 
#<DWph=2> <it=  3> <et=0.01> <Mt= 0.00> <Spt= 0.00> <nCl= 30> <al=0.45> <DB=-1483054.5073> <Mlp=55406.3040> <PB=784.1> 
#<DWph=2> <it=  4> <et=0.01> <Mt= 0.00> <Spt= 0.00> <nCl= 30> <al=0.35> <DB=-1448727.1487> <Mlp=53722.1384> <PB=784.1> 
#<DWph=2> <it=  5> <et=0.01> <Mt= 0.00> <Spt= 0.00> <nCl= 30> <al=0.42> <DB=-993663.3787> <Mlp=52505.0822> <PB=784.1> 
#<DWph=2> <it=  6> <et=0.01> <Mt= 0.00> <Spt= 0.00> <nCl= 30> <al=0.32> <DB=-1118116.4896> <Mlp=51768.8238> <PB=784.1> 
#<DWph=2> <it=  7> <et=0.01> <Mt= 0.00> <Spt= 0.01> <nCl= 30> <al=0.38> <DB=-1037291.1067> <Mlp=49414.9400> <PB=784.1> 
#<DWph=2> <it=  8> <et=0.02> <Mt= 0.00> <Spt= 0.00> <nCl= 30> <al=0.45> <DB=-740726.2767> <Mlp=47646.1897> <PB=784.1> 
#<DWph=2> <it=  9> <et=0.02> <Mt= 0.00> <Spt= 0.00> <nCl= 30> <al=0.50> <DB=-651410.9940> <Mlp=47171.5594> <PB=784.1> 
#<DWph=2> <it= 10> <et=0.02> <Mt= 0.00> <Spt= 0.00> <nCl= 30> <al=0.40> <DB=-597960.4721> <Mlp=40407.2385> <PB=784.1> 
#<DWph=2> <it= 11> <et=0.02> <Mt= 0.00> <Spt= 0.00> <nCl= 30> <al=0.30> <DB=-434787.7919> <Mlp=38326.1560> <PB=784.1> 
#<DWph=2> <it= 12> <et=0.02> <Mt= 0.00> <Spt= 0.00> <nCl= 30> <al=0.37> <DB=-331015.0657> <Mlp=32550.6909> <PB=784.1> 
#<DWph=2> <it= 13> <et=0.02> <Mt= 0.00> <Spt= 0.00> <nCl= 30> <al=0.27> <DB=-325496.7050> <Mlp=21884.8038> <PB=784.1> 
#<DWph=2> <it= 14> <et=0.03> <Mt= 0.00> <Spt= 0.00> <nCl= 30> <al=0.34> <DB=-281023.2844> <Mlp=18618.5092> <PB=784.1> 
#<DWph=2> <it= 15> <et=0.03> <Mt= 0.00> <Spt= 0.01> <nCl= 30> <al=0.24> <DB=-238007.7450> <Mlp= 8325.3890> <PB=784.1> 
#<DWph=2> <it= 16> <et=0.03> <Mt= 0.00> <Spt= 0.00> <nCl= 30> <al=0.32> <DB=-182683.8873> <Mlp= 2724.7476> <PB=784.1> 
#<DWph=2> <it= 17> <et=0.03> <Mt= 0.00> <Spt= 0.00> <nCl= 30> <al=0.39> <DB=-53655.8138> <Mlp= 2426.9669> <PB=784.1> 
#<DWph=2> <it= 18> <et=0.04> <Mt= 0.00> <Spt= 0.00> <nCl= 30> <al=0.29> <DB=-1775.6102> <Mlp= 2359.0032> <PB=784.1> 
<DWph=2> <it= 19> <et=0.04> <Mt= 0.00> <Spt= 0.00> <nCl= 30> <al=0.36> <DB=-7579.2900> <Mlp= 1520.7691> <PB=784.1> 
<DWph=2> <it= 20> <et=0.04> <Mt= 0.00> <Spt= 0.01> <nCl= 30> <al=0.42> <DB=-7754.4566> <Mlp= 1413.5044> <PB=784.1> 
<DWph=2> <it= 21> <et=0.04> <Mt= 0.00> <Spt= 0.00> <nCl= 30> <al=0.48> <DB=-1901.0470> <Mlp= 1319.2898> <PB=784.1> 
<DWph=2> <it= 22> <et=0.05> <Mt= 0.00> <Spt= 0.00> <nCl= 30> <al=0.53> <DB=-1424.0550> <Mlp= 1258.1900> <PB=784.1> 
<DWph=2> <it= 23> <et=0.05> <Mt= 0.01> <Spt= 0.00> <nCl= 30> <al=0.58> <DB=-3228.6448> <Mlp= 1222.3611> <PB=784.1> 
<DWph=2> <it= 24> <et=0.05> <Mt= 0.00> <Spt= 0.00> <nCl= 30> <al=0.62> <DB= -601.8007> <Mlp= 1152.9483> <PB=784.1> 
<DWph=2> <it= 25> <et=0.06> <Mt= 0.00> <Spt= 0.00> <nCl= 30> <al=0.66> <DB= -763.5398> <Mlp= 1138.1968> <PB=784.1> 
<DWph=2> <it= 26> <et=0.06> <Mt= 0.00> <Spt= 0.01> <nCl= 30> <al=0.69> <DB= -137.9328> <Mlp= 1092.7069> <PB=784.1> 
<DWph=2> <it= 27> <et=0.06> <Mt= 0.00> <Spt= 0.00> <nCl= 30> <al=0.72> <DB=-1061.3415> <Mlp= 1027.8545> <PB=784.1> 
<DWph=2> <it= 28> <et=0.06> <Mt= 0.00> <Spt= 0.00> <nCl= 29> <al=0.75> <DB=  146.7146> <Mlp=  955.5636> <PB=784.1> 
<DWph=2> <it= 29> <et=0.07> <Mt= 0.00> <Spt= 0.00> <nCl= 30> <al=0.78> <DB=   74.5794> <Mlp=  899.3690> <PB=784.1> 
<DWph=2> <it= 30> <et=0.07> <Mt= 0.00> <Spt= 0.00> <nCl= 25> <al=0.80> <DB=  447.5382> <Mlp=  843.1753> <PB=784.1> 
<DWph=2> <it= 31> <et=0.07> <Mt= 0.00> <Spt= 0.01> <nCl= 18> <al=0.82> <DB=  460.3801> <Mlp=  839.9211> <PB=784.1> 
<DWph=2> <it= 32> <et=0.07> <Mt= 0.00> <Spt= 0.00> <nCl= 23> <al=0.84> <DB=  599.9487> <Mlp=  839.1111> <PB=784.1> 
<DWph=2> <it= 33> <et=0.08> <Mt= 0.01> <Spt= 0.00> <nCl= 18> <al=0.85> <DB=  694.9804> <Mlp=  836.4694> <PB=784.1> 
<DWph=2> <it= 34> <et=0.08> <Mt= 0.00> <Spt= 0.00> <nCl= 29> <al=0.75> <DB=  509.2772> <Mlp=  813.6552> <PB=784.1> 
<DWph=2> <it= 35> <et=0.08> <Mt= 0.00> <Spt= 0.00> <nCl= 28> <al=0.78> <DB=  406.2117> <Mlp=  804.6993> <PB=784.1> 
<DWph=2> <it= 36> <et=0.09> <Mt= 0.00> <Spt= 0.00> <nCl= 16> <al=0.80> <DB=  705.9485> <Mlp=  796.1500> <PB=784.1> 
<DWph=2> <it= 37> <et=0.09> <Mt= 0.00> <Spt= 0.01> <nCl= 19> <al=0.70> <DB=  704.9418> <Mlp=  788.9286> <PB=784.1> 
<DWph=2> <it= 38> <et=0.09> <Mt= 0.00> <Spt= 0.00> <nCl= 18> <al=0.60> <DB=  719.0233> <Mlp=  782.8182> <PB=784.1> 
<DWph=2> <it= 39> <et=0.10> <Mt= 0.00> <Spt= 0.00> <nCl= 25> <al=0.50> <DB=  714.0913> <Mlp=  779.7500> <PB=784.1> 
<DWph=2> <it= 40> <et=0.10> <Mt= 0.00> <Spt= 0.00> <nCl= 21> <al=0.55> <DB=  746.6394> <Mlp=  774.5556> <PB=784.1> 
<DWph=2> <it= 41> <et=0.10> <Mt= 0.00> <Spt= 0.00> <nCl= 14> <al=0.45> <DB=  740.7869> <Mlp=  772.5294> <PB=784.1> 
<DWph=2> <it= 42> <et=0.10> <Mt= 0.01> <Spt= 0.00> <nCl= 13> <al=0.51> <DB=  756.8567> <Mlp=  771.9412> <PB=784.1> 
<DWph=2> <it= 43> <et=0.11> <Mt= 0.00> <Spt= 0.01> <nCl= 13> <al=0.55> <DB=  699.3412> <Mlp=  771.5882> <PB=784.1> 
<DWph=2> <it= 44> <et=0.11> <Mt= 0.00> <Spt= 0.00> <nCl= 10> <al=0.20> <DB=  758.0627> <Mlp=  771.0000> <PB=784.1> 
<DWph=2> <it= 45> <et=0.11> <Mt= 0.00> <Spt= 0.00> <nCl= 11> <al=0.00> <DB=  766.0000> <Mlp=  771.0000> <PB=784.1> 
<DWph=2> <it= 46> <et=0.11> <Mt= 0.00> <Spt= 0.00> <nCl=  9> <al=0.00> <DB=  771.0000> <Mlp=  771.0000> <PB=784.1> 
<DWph=1> <it= 47> <et=0.12> <Mt= 0.00> <Spt= 0.01> <nCl= 10> <al=0.30> <DB=  751.0000> <Mlp=  771.0000> <PB=784.1> 
<DWph=1> <it= 48> <et=0.12> <Mt= 0.00> <Spt= 0.00> <nCl=  6> <al=0.20> <DB=  753.9149> <Mlp=  770.5000> <PB=784.1> 
<DWph=1> <it= 49> <et=0.12> <Mt= 0.00> <Spt= 0.00> <nCl=  2> <al=0.28> <DB=  765.8691> <Mlp=  770.5000> <PB=784.1> 
<DWph=1> <it= 50> <et=0.13> <Mt= 0.00> <Spt= 0.00> <nCl=  3> <al=0.18> <DB=  767.4760> <Mlp=  770.5000> <PB=784.1> 
<DWph=1> <it= 51> <et=0.13> <Mt= 0.00> <Spt= 0.01> <nCl=  5> <al=0.00> <DB=  770.4286> <Mlp=  770.4286> <PB=784.1> 
    RCSP exact solver info for graph G_1 : TT = 0.002759, pt = 1.3e-05, dt = 0.002186, ct = 0.000301, ndl = 1', bdl = 12', odl = 1', odf = 9', bsi = 1', cnt = 1', bdch = 74', odch = 10', lcp = 8', #sols = 150
<DWph=0> <it= 52> <et=0.14> <Mt= 0.00> <Spt= 0.00> <nCl= 90> <al=0.00> <DB=  765.4286> <Mlp=  770.4286> <PB=784.1> 
    RCSP exact solver info for graph G_1 : TT = 0.002301, pt = 2.4e-05, dt = 0.00172, ct = 0.000295, ndl = 0', bdl = 12', odl = 1', odf = 9', bsi = 1', cnt = 1', bdch = 73', odch = 10', lcp = 8', #sols = 150
<DWph=0> <it= 53> <et=0.14> <Mt= 0.00> <Spt= 0.00> <nCl=  9> <al=0.00> <DB=  770.2857> <Mlp=  770.2857> <PB=784.1> 
Dynamic params and stats :  aver.obdmd = 23.0606 aver.buck.num. = 26
@@ 1 0 770.286 0.002251 0.002487 85.1453 0.14
Labels distribution in buckets (bucket size) : largest - 27, top 0.1% - 27, top 0.5% - 25, top 2% - 17, top 10% - 7, top 50% - 1
Reduced cost fixing for graph G_1... 3328 buck. arcs remain (16.4% from prev., 14% from max.) + 2370 jump buck. arcs (9.97% from max.)
 TT = 0.00663, pt = 0.000802, dt = 0.001693, ct = 0.004037, ndl = 2', bdl = 13', odl = 1', odf = 13', lpcb = 39', cnt = 11', bdch = 102', odch = 22', lcp = 11'
Labels distribution in buckets (bucket size) : largest - 33, top 0.1% - 33, top 0.5% - 30, top 2% - 18, top 10% - 8, top 50% - 1
Run forward enumeration with border = 50... succeeded! lpt = 0.00594, ndl = 1', dl = 0', lpcb = 10', dch = 2'
Run enumeration concatenation with time limit 0.3 sec.... succeeded!
Sorting and storing enumerated solutions ... done!
 TT = 0.012568, pt = 0.003085, dt = 0.00594, ct = 0.001013, ndl = 1', bdl = 0', lpcb = 10', cnt = 9', bdch = 2', odch = 0', lcp = 0'
Enumeration succeeded!, number of elem. solutions is 875
Estimating inspection time...     TT = 8.3e-05, performed by inspection with 875 solutions, nbR1C = 0, nbDiscC = 0
Inspection time is low enough. Pricing will be done by inspection.
Added 283 columns in the formulation 
Removed 1021 columns (not in the enumerated set) from the formulation
Regenerated 283 columns with the 'enumerated' flag
<DWph=2> <it= 54> <et=0.17> <Mt= 0.00> <Spt= 0.00> <nCl=  0> <al=0.00> <DB=  770.2857> <Mlp=  770.2857> <PB=784.1> 
<DWph=1> <it= 55> <et=0.17> <Mt= 0.00> <Spt= 0.00> <nCl=  0> <al=0.00> <DB=  770.2857> <Mlp=  770.2857> <PB=784.1> 
<DWph=0> <it= 56> <et=0.17> <Mt= 0.00> <Spt= 0.00> <nCl=  0> <al=0.30> <DB=  770.2857> <Mlp=  770.2857> <PB=784.1> 
@@ 1 0 770.286 0 0 0 0.17
ColGenEvalAlg final dual bound: 770.286 (rounded: 771)
In total 2 RCC cut(s) are found by the connected components heuristic 
Shrinking heuristic shrunk 15 edges
In total 4 RCC cut(s) are found by the Fractional capacity min-cut heuristic 
In total 7 RCC cut(s) are found by the greedy construction heuristic 
----- Add fac. cuts : CAP(13), max.viol = 0.428571, aver.viol = 0.252747, sep/add took 0.000664882/0.0016146 sec. -----
283 columns (283 active), 13 dyn. constrs. (13 active), 77 art. vars. (77 active)
#<DWph=2> <it=  1> <et=0.18> <Mt= 0.00> <Spt= 0.01> <nCl=  0> <al=0.00> <DB=  897.7286> <Mlp=  897.7286> <PB=784.1> 
 Artificial variables in the solution : decreasing phase of stage 
#<DWph=1> <it=  2> <et=0.18> <Mt= 0.00> <Spt= 0.00> <nCl=  0> <al=0.00> <DB=  897.7286> <Mlp=  897.7286> <PB=784.1> 
 Artificial variables in the solution : decreasing phase of stage 
#    TT = 0.000114, performed by inspection with 875 solutions, nbR1C = 0, nbDiscC = 0
<DWph=0> <it=  3> <et=0.18> <Mt= 0.00> <Spt= 0.00> <nCl=129> <al=0.30> <DB=-26621.7857> <Mlp=  897.7286> <PB=784.1> 
    TT = 0.000156, performed by inspection with 875 solutions, nbR1C = 0, nbDiscC = 0
<DWph=0> <it=  4> <et=0.18> <Mt= 0.00> <Spt= 0.00> <nCl= 11> <al=0.30> <DB=-6378.5190> <Mlp=  782.1667> <PB=784.1> 
    TT = 0.000128, performed by inspection with 875 solutions, nbR1C = 0, nbDiscC = 0
<DWph=0> <it=  5> <et=0.19> <Mt= 0.00> <Spt= 0.00> <nCl= 34> <al=0.20> <DB=  342.8768> <Mlp=  781.9286> <PB=784.1> 
    TT = 0.00011, performed by inspection with 875 solutions, nbR1C = 0, nbDiscC = 0
    TT = 0.000116, performed by inspection with 875 solutions, nbR1C = 0, nbDiscC = 0
<DWph=0> <it=  6> <et=0.19> <Mt= 0.01> <Spt= 0.01> <nCl= 44> <al=0.00> <DB=  780.6087> <Mlp=  780.6087> <PB=784.1> 
Dynamic params and stats :  aver.obdmd = 23.0606 aver.buck.num. = 26
@@ 1 1 780.609 0.0001248 0.000156 0 0.19
Reduced cost fixing for graph G_1...  took 0 sec., done by inspection with 875 solutions, remains 84 (9.6%)
Removed 360 columns (not in the enumerated set) from the formulation
ColGenEvalAlg final dual bound: 780.609 (rounded: 781)
Gap improvement since the last cut separation : 0.747269 (770.286)
Current active cuts : CAP(5,250.13)
Shrinking heuristic shrunk 14 edges
In total 2 RCC cut(s) are found by the Fractional capacity min-cut heuristic 
In total 6 RCC cut(s) are found by the greedy construction heuristic 
----- Add fac. cuts : CAP(8), max.viol = 0.304348, aver.viol = 0.271739, sep/add took 0.000796056/0.000626246 sec. -----
333 columns (141 active), 21 dyn. constrs. (13 active), 85 art. vars. (77 active)
<DWph=2> <it=  1> <et=0.20> <Mt= 0.00> <Spt= 0.00> <nCl=  0> <al=0.00> <DB=  784.0000> <Mlp=  784.0000> <PB=784> 
<DWph=1> <it=  2> <et=0.20> <Mt= 0.00> <Spt= 0.00> <nCl=  0> <al=0.00> <DB=  784.0000> <Mlp=  784.0000> <PB=784> 
    TT = 1.4e-05, performed by inspection with 84 solutions, nbR1C = 0, nbDiscC = 0
    TT = 1.2e-05, performed by inspection with 84 solutions, nbR1C = 0, nbDiscC = 0
<DWph=0> <it=  3> <et=0.20> <Mt= 0.00> <Spt= 0.00> <nCl=  0> <al=0.00> <DB=  784.0000> <Mlp=  784.0000> <PB=784> 
Dynamic params and stats :  aver.obdmd = 23.0606 aver.buck.num. = 26
@@ 1 2 784 1.3e-05 1.4e-05 0 0.2
ColGenEvalAlg final dual bound: 784 (rounded: 784)
Gap improvement since the last cut separation : 1 (780.609)
Current active cuts : CAP(6,321)
New model incumbent solution 784, TIME = 0h0m0s20t = 20
************************************************************************************************
Search is finished, global bounds : [ 784 , 784 ], TIME = 0h0m0s20t = 20
************************************************************************************************
784.0
[[20, 5, 25, 10, 15, 22, 9, 8, 18, 29], [12, 1, 16, 30], [24, 27], [6, 3, 2, 23, 4, 11, 28, 14], [21, 31, 19, 17, 13, 7, 26]]
Built-in heuristic is enabled
instance_name solver_name ext_heuristic solution_value solution_time best_lb root_lb root_time nb_branch_and_bound_nodes status
/home/logis/Downloads/VRPSolverEasy/VRPSolverEasy/demos/data/CVRP/A-n32-k5 CLP True 783.9999999999985 0.20451401400000002 784.0 784.0 0.204246506 1 0

