Node memory for rank-1 cuts will be used (10.2775)
~~~~~~~~~~~~~~~~~~~~~~~~~~~~~~~~~~~~~~~~~~~~~~~~~~~~~~~~~~~~~~~~~~~~~~~~~~~~~~~~~~~~~
VRPSolver v0.5.27, 24/02/2023, © Inria Bordeaux, France, vrpsolver.math.u-bordeaux.fr
      Corresponds to the solver by Pessoa, Sadykov, Uchoa and Vanderbeck (2020)
                 Paper: dx.doi.org/10.1007/s10107-020-01523-z
~~~~~~~~~~~~~~~~~~~~~~~~~~~~~~~~~~~~~~~~~~~~~~~~~~~~~~~~~~~~~~~~~~~~~~~~~~~~~~~~~~~~~
   BaPCod v0.77, 15/03/2023, © Inria Bordeaux, France, bapcod.math.u-bordeaux.fr 
           THIS CODE IS PROVIDED AS IS, USE IT AT YOUR OWN RISK
~~~~~~~~~~~~~~~~~~~~~~~~~~~~~~~~~~~~~~~~~~~~~~~~~~~~~~~~~~~~~~~~~~~~~~~~~~~~~~~~~~~~~
Bucket steps were recalculated for graph G_1 : [1]
RCSP solver info : symmetric case is detected for graph G_1! 
Bidirectional border value is initialised to 10
RCSP solver info : number of forw. reachable buckets / buck. strongly connected components is 398( 36.4469% ) / 398( 100% )
Bucket steps were recalculated for graph G_2 : [1.5]
RCSP solver info : symmetric case is detected for graph G_2! 
Bidirectional border value is initialised to 15
RCSP solver info : number of forw. reachable buckets / buck. strongly connected components is 710( 65.0183% ) / 710( 100% )
Bucket steps were recalculated for graph G_3 : [2]
RCSP solver info : symmetric case is detected for graph G_3! 
Bidirectional border value is initialised to 20
RCSP solver info : number of forw. reachable buckets / buck. strongly connected components is 821( 75.1832% ) / 821( 100% )
Bucket steps were recalculated for graph G_4 : [3]
RCSP solver info : symmetric case is detected for graph G_4! 
Bidirectional border value is initialised to 35
RCSP solver info : number of forw. reachable buckets / buck. strongly connected components is 1083( 86.7788% ) / 1083( 100% )
Bucket steps were recalculated for graph G_5 : [5]
RCSP solver info : symmetric case is detected for graph G_5! 
Bidirectional border value is initialised to 60
RCSP solver info : number of forw. reachable buckets / buck. strongly connected components is 1203( 92.5385% ) / 1203( 100% )
Bucket steps were recalculated for graph G_6 : [8]
RCSP solver info : symmetric case is detected for graph G_6! 
Bidirectional border value is initialised to 100
RCSP solver info : number of forw. reachable buckets / buck. strongly connected components is 1291( 95.4882% ) / 1216( 94.1905% )
Generating neighbourhoods for rank-1 cuts separation
Building structures for 4- and 5-row rank-1 packing cut separation...done!
Model is built TIME = 0h0m0s8t = 8
************************************************************************************************
**** BaB tree root node
**** Local DB = -1e+12, global bounds : [ -1e+12 , 1529.32 ], TIME = 0h0m0s8t = 8
**** 1 open nodes, 0 columns (0 active), 0 dyn. constrs. (0 active), 112 art. vars. (112 active)
************************************************************************************************
#<DWph=2> <it=  1> <et=0.10> <Mt= 0.00> <Spt= 0.01> <nCl=180> <al=0.00> <DB=-12239087.6038> <Mlp=183518.7600> <PB=1529.323> 
#<DWph=2> <it=  2> <et=0.11> <Mt= 0.00> <Spt= 0.01> <nCl=152> <al=0.55> <DB=-6131877.5772> <Mlp=99876.1612> <PB=1529.323> 
#<DWph=2> <it=  3> <et=0.12> <Mt= 0.00> <Spt= 0.01> <nCl=166> <al=0.45> <DB=-5382015.8480> <Mlp=72650.8726> <PB=1529.323> 
#<DWph=2> <it=  4> <et=0.13> <Mt= 0.00> <Spt= 0.01> <nCl=114> <al=0.35> <DB=-2371530.1882> <Mlp=12782.7366> <PB=1529.323> 
<DWph=2> <it=  5> <et=0.14> <Mt= 0.00> <Spt= 0.01> <nCl= 59> <al=0.25> <DB=-573374.4913> <Mlp= 1920.4514> <PB=1529.323> 
<DWph=2> <it=  6> <et=0.15> <Mt= 0.00> <Spt= 0.01> <nCl=105> <al=0.15> <DB=-73415.7857> <Mlp= 1902.7647> <PB=1529.323> 
<DWph=2> <it=  7> <et=0.16> <Mt= 0.00> <Spt= 0.01> <nCl=137> <al=0.05> <DB=-15586.9628> <Mlp= 1726.7602> <PB=1529.323> 
<DWph=2> <it=  8> <et=0.17> <Mt= 0.00> <Spt= 0.01> <nCl=130> <al=0.00> <DB=-4226.0584> <Mlp= 1571.1082> <PB=1529.323> 
<DWph=2> <it=  9> <et=0.18> <Mt= 0.00> <Spt= 0.01> <nCl=111> <al=0.06> <DB=-1178.5409> <Mlp= 1524.3396> <PB=1529.323> 
<DWph=2> <it= 10> <et=0.20> <Mt= 0.00> <Spt= 0.01> <nCl= 87> <al=0.15> <DB=  214.1389> <Mlp= 1493.4235> <PB=1529.323> 
<DWph=2> <it= 11> <et=0.21> <Mt= 0.00> <Spt= 0.01> <nCl= 30> <al=0.23> <DB= 1112.2969> <Mlp= 1484.9108> <PB=1529.323> 
<DWph=2> <it= 12> <et=0.22> <Mt= 0.00> <Spt= 0.01> <nCl= 29> <al=0.13> <DB= 1150.9715> <Mlp= 1483.3060> <PB=1529.323> 
<DWph=2> <it= 13> <et=0.23> <Mt= 0.00> <Spt= 0.01> <nCl=  9> <al=0.22> <DB= 1374.5777> <Mlp= 1483.2268> <PB=1529.323> 
<DWph=2> <it= 14> <et=0.25> <Mt= 0.00> <Spt= 0.02> <nCl=  6> <al=0.00> <DB= 1483.2181> <Mlp= 1483.2181> <PB=1529.323> 
<DWph=1> <it= 15> <et=0.28> <Mt= 0.00> <Spt= 0.03> <nCl= 15> <al=0.00> <DB= 1483.2181> <Mlp= 1483.2181> <PB=1529.323> 
    RCSP exact solver info for graph G_1 : TT = 0.000216, pt = 1.3e-05, dt = 6.8e-05, ct = 1.9e-05, ndl = 0', bdl = 0', odl = 0', odf = 0', bsi = 0', cnt = 0', bdch = 0', odch = 0', lcp = 0', #sols = 95
    RCSP exact solver info for graph G_2 : TT = 0.000511, pt = 1.7e-05, dt = 0.000262, ct = 7.6e-05, ndl = 0', bdl = 0', odl = 0', odf = 0', bsi = 0', cnt = 0', bdch = 0', odch = 0', lcp = 0', #sols = 150
    RCSP exact solver info for graph G_3 : TT = 0.000828, pt = 1.9e-05, dt = 0.000514, ct = 0.000135, ndl = 0', bdl = 0', odl = 0', odf = 0', bsi = 0', cnt = 0', bdch = 0', odch = 0', lcp = 0', #sols = 150
    RCSP exact solver info for graph G_4 : TT = 0.002242, pt = 2.2e-05, dt = 0.001661, ct = 0.000372, ndl = 0', bdl = 2', odl = 0', odf = 4', bsi = 1', cnt = 1', bdch = 8', odch = 2', lcp = 0', #sols = 150
    RCSP exact solver info for graph G_5 : TT = 0.005411, pt = 2.5e-05, dt = 0.004428, ct = 0.000709, ndl = 1', bdl = 21', odl = 2', odf = 12', bsi = 1', cnt = 2', bdch = 148', odch = 14', lcp = 9', #sols = 150
    RCSP exact solver info for graph G_6 : TT = 0.012086, pt = 3.4e-05, dt = 0.010907, ct = 0.000856, ndl = 3', bdl = 84', odl = 5', odf = 30', bsi = 1', cnt = 4', bdch = 966', odch = 65', lcp = 52', #sols = 150
<DWph=0> <it= 16> <et=0.31> <Mt= 0.00> <Spt= 0.03> <nCl=460> <al=0.00> <DB= 1447.5579> <Mlp= 1483.2181> <PB=1529.323> 
    RCSP exact solver info for graph G_1 : TT = 0.000236, pt = 2.6e-05, dt = 6.5e-05, ct = 1.8e-05, ndl = 0', bdl = 0', odl = 0', odf = 0', bsi = 0', cnt = 0', bdch = 0', odch = 0', lcp = 0', #sols = 95
    RCSP exact solver info for graph G_2 : TT = 0.000471, pt = 3.4e-05, dt = 0.000193, ct = 7.7e-05, ndl = 0', bdl = 0', odl = 0', odf = 0', bsi = 0', cnt = 0', bdch = 0', odch = 0', lcp = 0', #sols = 150
    RCSP exact solver info for graph G_3 : TT = 0.00075, pt = 3.6e-05, dt = 0.000387, ct = 0.000139, ndl = 0', bdl = 0', odl = 0', odf = 0', bsi = 0', cnt = 0', bdch = 0', odch = 0', lcp = 0', #sols = 150
    RCSP exact solver info for graph G_4 : TT = 0.00176, pt = 4.3e-05, dt = 0.001131, ct = 0.000386, ndl = 0', bdl = 2', odl = 0', odf = 4', bsi = 1', cnt = 1', bdch = 8', odch = 1', lcp = 0', #sols = 150
    RCSP exact solver info for graph G_5 : TT = 0.004235, pt = 4.6e-05, dt = 0.003226, ct = 0.000727, ndl = 1', bdl = 21', odl = 2', odf = 13', bsi = 1', cnt = 2', bdch = 149', odch = 14', lcp = 9', #sols = 150
    RCSP exact solver info for graph G_6 : TT = 0.01045, pt = 4.4e-05, dt = 0.009233, ct = 0.000888, ndl = 3', bdl = 84', odl = 5', odf = 30', bsi = 1', cnt = 4', bdch = 966', odch = 66', lcp = 52', #sols = 150
    RCSP exact solver info for graph G_1 : TT = 0.000229, pt = 2.5e-05, dt = 5.9e-05, ct = 1.8e-05, ndl = 0', bdl = 0', odl = 0', odf = 0', bsi = 0', cnt = 0', bdch = 0', odch = 0', lcp = 0', #sols = 95
    RCSP exact solver info for graph G_2 : TT = 0.000467, pt = 3.1e-05, dt = 0.000195, ct = 7.9e-05, ndl = 0', bdl = 0', odl = 0', odf = 0', bsi = 0', cnt = 0', bdch = 0', odch = 0', lcp = 0', #sols = 150
    RCSP exact solver info for graph G_3 : TT = 0.000721, pt = 3.2e-05, dt = 0.000371, ct = 0.000144, ndl = 0', bdl = 0', odl = 0', odf = 0', bsi = 0', cnt = 0', bdch = 0', odch = 0', lcp = 0', #sols = 150
    RCSP exact solver info for graph G_4 : TT = 0.001743, pt = 3.8e-05, dt = 0.001127, ct = 0.000387, ndl = 0', bdl = 2', odl = 0', odf = 4', bsi = 1', cnt = 1', bdch = 8', odch = 1', lcp = 0', #sols = 150
    RCSP exact solver info for graph G_5 : TT = 0.004229, pt = 4.2e-05, dt = 0.003219, ct = 0.000723, ndl = 1', bdl = 21', odl = 2', odf = 13', bsi = 1', cnt = 2', bdch = 149', odch = 14', lcp = 9', #sols = 150
    RCSP exact solver info for graph G_6 : TT = 0.010414, pt = 3.9e-05, dt = 0.009214, ct = 0.000881, ndl = 3', bdl = 84', odl = 5', odf = 30', bsi = 1', cnt = 4', bdch = 967', odch = 66', lcp = 52', #sols = 150
<DWph=0> <it= 17> <et=0.36> <Mt= 0.00> <Spt= 0.05> <nCl=  9> <al=0.00> <DB= 1483.1872> <Mlp= 1483.1872> <PB=1529.323> 
Dynamic params and stats :  aver.obdmd = 6.75 aver.buck.num. = 21
@@ 1 0 1483.19 8.23333e-05 8.7e-05 4.50653 0.36
Dynamic params and stats :  aver.obdmd = 10.5385 aver.buck.num. = 21
@@ 1 0 1483.19 0.000294 0.000338 19.1838 0.36
Dynamic params and stats :  aver.obdmd = 13.2885 aver.buck.num. = 21
@@ 1 0 1483.19 0.000563333 0.000649 38.5212 0.36
Dynamic params and stats :  aver.obdmd = 19.8462 aver.buck.num. = 24
@@ 1 0 1483.19 0.001688 0.002033 69.2748 0.36
Dynamic params and stats :  aver.obdmd = 22.1538 aver.buck.num. = 25
@@ 1 0 1483.19 0.004344 0.005137 81.7402 0.36
Dynamic params and stats :  aver.obdmd = 23.8462 aver.buck.num. = 26
@@ 1 0 1483.19 0.0106597 0.011763 88.6561 0.36
Labels distribution in buckets (bucket size) : largest - 1, top 0.1% - 1, top 0.5% - 1, top 2% - 1, top 10% - 1, top 50% - 0
Reduced cost fixing for graph G_1... 198 buck. arcs remain (22.9% from prev., 1.03% from max.) + 0 jump buck. arcs (0% from max.)
 TT = 0.000285, pt = 3.4e-05, dt = 3.4e-05, ct = 0.000105, ndl = 0', bdl = 0', odl = 0', odf = 0', lpcb = 0', cnt = 0', bdch = 0', odch = 0', lcp = 0'
Labels distribution in buckets (bucket size) : largest - 1, top 0.1% - 1, top 0.5% - 1, top 2% - 1, top 10% - 1, top 50% - 1
Run forward enumeration with border = 10... succeeded! lpt = 0.002009, ndl = 0', dl = 0', lpcb = 0', dch = 0'
Run enumeration concatenation with time limit 0.3 sec.... succeeded!
Sorting and storing enumerated solutions ... done!
 TT = 0.004728, pt = 0.001983, dt = 0.002009, ct = 2.8e-05, ndl = 0', bdl = 0', cnt = 0', bdch = 0', odch = 0', lcp = 0'
Enumeration succeeded!, number of elem. solutions is 46
Estimating inspection time...     TT = 9.9e-05, performed by inspection with 46 solutions, nbR1C = 0, nbDiscC = 0
Inspection time is low enough. Pricing will be done by inspection.
Labels distribution in buckets (bucket size) : largest - 2, top 0.1% - 2, top 0.5% - 1, top 2% - 1, top 10% - 1, top 50% - 0
Reduced cost fixing for graph G_2... 1398 buck. arcs remain (21.1% from prev., 4.05% from max.) + 41 jump buck. arcs (0.119% from max.)
 TT = 0.001149, pt = 0.000165, dt = 0.00017, ct = 0.000697, ndl = 0', bdl = 1', odl = 0', odf = 3', lpcb = 0', cnt = 0', bdch = 2', odch = 1', lcp = 0'
Labels distribution in buckets (bucket size) : largest - 2, top 0.1% - 2, top 0.5% - 2, top 2% - 1, top 10% - 1, top 50% - 0
Run forward enumeration with border = 15... succeeded! lpt = 0.002152, ndl = 0', dl = 0', lpcb = 0', dch = 1'
Run enumeration concatenation with time limit 0.3 sec.... succeeded!
Sorting and storing enumerated solutions ... done!
 TT = 0.00464, pt = 0.0018, dt = 0.002152, ct = 0.000105, ndl = 0', bdl = 0', lpcb = 0', cnt = 0', bdch = 1', odch = 0', lcp = 0'
Enumeration succeeded!, number of elem. solutions is 220
Estimating inspection time...     TT = 7.7e-05, performed by inspection with 220 solutions, nbR1C = 0, nbDiscC = 0
Inspection time is low enough. Pricing will be done by inspection.
Labels distribution in buckets (bucket size) : largest - 4, top 0.1% - 4, top 0.5% - 3, top 2% - 2, top 10% - 1, top 50% - 0
Reduced cost fixing for graph G_3... 4822 buck. arcs remain (31.2% from prev., 12% from max.) + 547 jump buck. arcs (1.36% from max.)
 TT = 0.003135, pt = 0.000373, dt = 0.000426, ct = 0.002214, ndl = 0', bdl = 3', odl = 0', odf = 4', lpcb = 3', cnt = 2', bdch = 9', odch = 2', lcp = 0'
Labels distribution in buckets (bucket size) : largest - 4, top 0.1% - 4, top 0.5% - 4, top 2% - 3, top 10% - 1, top 50% - 0
Run forward enumeration with border = 20... succeeded! lpt = 0.002889, ndl = 0', dl = 0', lpcb = 1', dch = 13'
Run enumeration concatenation with time limit 0.3 sec.... succeeded!
Sorting and storing enumerated solutions ... done!
 TT = 0.004846, pt = 0.000509, dt = 0.002889, ct = 0.000465, ndl = 0', bdl = 0', lpcb = 1', cnt = 2', bdch = 13', odch = 0', lcp = 0'
Enumeration succeeded!, number of elem. solutions is 899
Estimating inspection time...     TT = 0.00011, performed by inspection with 899 solutions, nbR1C = 0, nbDiscC = 0
Inspection time is low enough. Pricing will be done by inspection.
Labels distribution in buckets (bucket size) : largest - 7, top 0.1% - 7, top 0.5% - 6, top 2% - 5, top 10% - 3, top 50% - 1
Reduced cost fixing for graph G_4... 14704 buck. arcs remain (40.1% from prev., 27.8% from max.) + 2757 jump buck. arcs (5.21% from max.)
 TT = 0.011702, pt = 0.00127, dt = 0.002695, ct = 0.007589, ndl = 2', bdl = 23', odl = 1', odf = 15', lpcb = 48', cnt = 22', bdch = 134', odch = 25', lcp = 14'
Labels distribution in buckets (bucket size) : largest - 7, top 0.1% - 7, top 0.5% - 6, top 2% - 5, top 10% - 3, top 50% - 1
Run forward enumeration with border = 35... succeeded! lpt = 0.011223, ndl = 1', dl = 3', lpcb = 33', dch = 116'
Run enumeration concatenation with time limit 0.3 sec.... succeeded!
Sorting and storing enumerated solutions ... done!
 TT = 0.024425, pt = 0.000577, dt = 0.011223, ct = 0.005738, ndl = 1', bdl = 3', lpcb = 33', cnt = 25', bdch = 116', odch = 0', lcp = 0'
Enumeration succeeded!, number of elem. solutions is 7846
Estimating inspection time...     TT = 0.000432, performed by inspection with 7846 solutions, nbR1C = 0, nbDiscC = 0
Inspection time is low enough. Pricing will be done by inspection.
Labels distribution in buckets (bucket size) : largest - 18, top 0.1% - 18, top 0.5% - 17, top 2% - 13, top 10% - 7, top 50% - 1
Reduced cost fixing for graph G_5... 12254 buck. arcs remain (25.5% from prev., 20.8% from max.) + 4241 jump buck. arcs (7.2% from max.)
 TT = 0.018833, pt = 0.002883, dt = 0.006607, ct = 0.009176, ndl = 6', bdl = 53', odl = 3', odf = 34', lpcb = 167', cnt = 47', bdch = 558', odch = 84', lcp = 57'
Labels distribution in buckets (bucket size) : largest - 23, top 0.1% - 23, top 0.5% - 20, top 2% - 15, top 10% - 9, top 50% - 1
Run forward enumeration with border = 60... succeeded! lpt = 0.01748, ndl = 5', dl = 4', lpcb = 76', dch = 57'
Run enumeration concatenation with time limit 0.3 sec.... succeeded!
Sorting and storing enumerated solutions ... done!
 TT = 0.04668, pt = 0.001984, dt = 0.01748, ct = 0.012685, ndl = 5', bdl = 4', lpcb = 76', cnt = 72', bdch = 57', odch = 0', lcp = 0'
Enumeration succeeded!, number of elem. solutions is 13966
Estimating inspection time...     TT = 0.001461, performed by inspection with 13966 solutions, nbR1C = 0, nbDiscC = 0
Inspection time is low enough. Pricing will be done by inspection.
Labels distribution in buckets (bucket size) : largest - 34, top 0.1% - 34, top 0.5% - 27, top 2% - 21, top 10% - 14, top 50% - 3
Reduced cost fixing for graph G_6... 10734 buck. arcs remain (19.1% from prev., 17% from max.) + 5330 jump buck. arcs (8.43% from max.)
 TT = 0.021595, pt = 0.003706, dt = 0.007416, ct = 0.010286, ndl = 8', bdl = 63', odl = 4', odf = 38', lpcb = 210', cnt = 66', bdch = 794', odch = 105', lcp = 64'
Labels distribution in buckets (bucket size) : largest - 34, top 0.1% - 34, top 0.5% - 30, top 2% - 22, top 10% - 15, top 50% - 3
Run forward enumeration with border = 100... succeeded! lpt = 0.037473, ndl = 16', dl = 6', lpcb = 182', dch = 38'
Run enumeration concatenation with time limit 0.30402 sec.... succeeded!
Sorting and storing enumerated solutions ... done!
 TT = 0.100276, pt = 0.000894, dt = 0.037473, ct = 0.027756, ndl = 16', bdl = 6', lpcb = 182', cnt = 261', bdch = 38', odch = 0', lcp = 0'
Enumeration succeeded!, number of elem. solutions is 24244
Estimating inspection time...     TT = 0.002024, performed by inspection with 24244 solutions, nbR1C = 0, nbDiscC = 0
Inspection time is low enough. Pricing will be done by inspection.
Added 62 columns in the formulation 
Added 179 columns in the formulation 
Added 223 columns in the formulation 
Added 242 columns in the formulation 
Added 226 columns in the formulation 
Added 209 columns in the formulation 
Removed 658 columns (not in the enumerated set) from the formulation
Regenerated 1141 columns with the 'enumerated' flag
<DWph=2> <it= 18> <et=0.63> <Mt= 0.01> <Spt= 0.01> <nCl=  0> <al=0.00> <DB= 1484.0968> <Mlp= 1484.0968> <PB=1529.323> 
<DWph=1> <it= 19> <et=0.64> <Mt= 0.00> <Spt= 0.00> <nCl=  0> <al=0.00> <DB= 1484.0968> <Mlp= 1484.0968> <PB=1529.323> 
    TT = 2.1e-05, performed by inspection with 46 solutions, nbR1C = 0, nbDiscC = 0
    TT = 4e-05, performed by inspection with 220 solutions, nbR1C = 0, nbDiscC = 0
    TT = 7.6e-05, performed by inspection with 899 solutions, nbR1C = 0, nbDiscC = 0
    TT = 0.00041, performed by inspection with 7846 solutions, nbR1C = 0, nbDiscC = 0
    TT = 0.000895, performed by inspection with 13966 solutions, nbR1C = 0, nbDiscC = 0
    TT = 0.001273, performed by inspection with 24244 solutions, nbR1C = 0, nbDiscC = 0
    TT = 1.7e-05, performed by inspection with 46 solutions, nbR1C = 0, nbDiscC = 0
    TT = 3.7e-05, performed by inspection with 220 solutions, nbR1C = 0, nbDiscC = 0
    TT = 7.4e-05, performed by inspection with 899 solutions, nbR1C = 0, nbDiscC = 0
    TT = 0.000406, performed by inspection with 7846 solutions, nbR1C = 0, nbDiscC = 0
    TT = 0.000874, performed by inspection with 13966 solutions, nbR1C = 0, nbDiscC = 0
    TT = 0.001235, performed by inspection with 24244 solutions, nbR1C = 0, nbDiscC = 0
<DWph=0> <it= 20> <et=0.66> <Mt= 0.00> <Spt= 0.02> <nCl=368> <al=0.00> <DB= 1484.0968> <Mlp= 1484.0968> <PB=1529.323> 
Dynamic params and stats :  aver.obdmd = 6.75 aver.buck.num. = 21
@@ 1 0 1484.1 1.9e-05 2.1e-05 0 0.66
Dynamic params and stats :  aver.obdmd = 10.5385 aver.buck.num. = 21
@@ 1 0 1484.1 3.85e-05 4e-05 0 0.66
Dynamic params and stats :  aver.obdmd = 13.2885 aver.buck.num. = 21
@@ 1 0 1484.1 7.5e-05 7.6e-05 0 0.66
Dynamic params and stats :  aver.obdmd = 19.8462 aver.buck.num. = 24
@@ 1 0 1484.1 0.000408 0.00041 0 0.66
Dynamic params and stats :  aver.obdmd = 22.1538 aver.buck.num. = 25
@@ 1 0 1484.1 0.0008845 0.000895 0 0.66
Dynamic params and stats :  aver.obdmd = 23.8462 aver.buck.num. = 26
@@ 1 0 1484.1 0.001254 0.001273 0 0.66
Reduced cost fixing for graph G_1...  took 0 sec., done by inspection with 46 solutions, remains 45 (97.8%)
Reduced cost fixing for graph G_2...  took 0 sec., done by inspection with 220 solutions, remains 207 (94.1%)
Reduced cost fixing for graph G_3...  took 0 sec., done by inspection with 899 solutions, remains 850 (94.5%)
Reduced cost fixing for graph G_4...  took 0 sec., done by inspection with 7846 solutions, remains 7067 (90.1%)
Reduced cost fixing for graph G_5...  took 0 sec., done by inspection with 13966 solutions, remains 12085 (86.5%)
Reduced cost fixing for graph G_6...  took 0 sec., done by inspection with 24244 solutions, remains 21295 (87.8%)
Removed 8 columns (not in the enumerated set) from the formulation
    Full reduced cost fixing is not called (gap ratio is 0.980285)
ColGenEvalAlg final dual bound: 1484.1 (rounded: 1484.1)
Shrinking heuristic shrunk 5 edges
99 Rank-1 3-rows pack. cuts added ,  max viol. = 0.426761, aver. viol. = 0.168032
Building structures for heuristic rank-1 packing cut separation...done!
100 Rank-1 4-rows pack. cuts added ,  max viol. = 0.666667, aver. viol. = 0.278709
----- Add fac. cuts : R1C(199), max.viol = 0.666667, aver.viol = 0.223648, sep/add took 0.0389697/0.0422712 sec. -----
1501 columns (1501 active), 199 dyn. constrs. (199 active), 305 art. vars. (305 active)
<DWph=2> <it=  1> <et=0.77> <Mt= 0.00> <Spt= 0.01> <nCl=  0> <al=0.00> <DB= 1491.8599> <Mlp= 1491.8599> <PB=1491.8599> 
<DWph=1> <it=  2> <et=0.77> <Mt= 0.00> <Spt= 0.00> <nCl=  0> <al=0.00> <DB= 1491.8599> <Mlp= 1491.8599> <PB=1491.8599> 
    TT = 2.6e-05, performed by inspection with 45 solutions, nbR1C = 11, nbDiscC = 0
    TT = 5.8e-05, performed by inspection with 207 solutions, nbR1C = 11, nbDiscC = 0
    TT = 0.000116, performed by inspection with 850 solutions, nbR1C = 11, nbDiscC = 0
    TT = 0.000719, performed by inspection with 7067 solutions, nbR1C = 11, nbDiscC = 0
    TT = 0.001459, performed by inspection with 12085 solutions, nbR1C = 11, nbDiscC = 0
    TT = 0.002552, performed by inspection with 21295 solutions, nbR1C = 11, nbDiscC = 0
    TT = 2.4e-05, performed by inspection with 45 solutions, nbR1C = 11, nbDiscC = 0
    TT = 4.9e-05, performed by inspection with 207 solutions, nbR1C = 11, nbDiscC = 0
    TT = 0.000109, performed by inspection with 850 solutions, nbR1C = 11, nbDiscC = 0
    TT = 0.000705, performed by inspection with 7067 solutions, nbR1C = 11, nbDiscC = 0
    TT = 0.001431, performed by inspection with 12085 solutions, nbR1C = 11, nbDiscC = 0
    TT = 0.002507, performed by inspection with 21295 solutions, nbR1C = 11, nbDiscC = 0
<DWph=0> <it=  3> <et=0.80> <Mt= 0.00> <Spt= 0.03> <nCl= 81> <al=0.00> <DB= 1491.8599> <Mlp= 1491.8599> <PB=1491.8599> 
Dynamic params and stats :  aver.obdmd = 6.75 aver.buck.num. = 21 nbR1C = 11 with avMem = 3.54545
@@ 1 1 1491.86 2.5e-05 2.6e-05 0 0.8
Dynamic params and stats :  aver.obdmd = 10.5385 aver.buck.num. = 21 nbR1C = 11 with avMem = 3.54545
@@ 1 1 1491.86 5.35e-05 5.8e-05 0 0.8
Dynamic params and stats :  aver.obdmd = 13.2885 aver.buck.num. = 21 nbR1C = 11 with avMem = 3.54545
@@ 1 1 1491.86 0.0001125 0.000116 0 0.8
Dynamic params and stats :  aver.obdmd = 19.8462 aver.buck.num. = 24 nbR1C = 11 with avMem = 3.54545
@@ 1 1 1491.86 0.000712 0.000719 0 0.8
Dynamic params and stats :  aver.obdmd = 22.1538 aver.buck.num. = 25 nbR1C = 11 with avMem = 3.54545
@@ 1 1 1491.86 0.001445 0.001459 0 0.8
Dynamic params and stats :  aver.obdmd = 23.8462 aver.buck.num. = 26 nbR1C = 11 with avMem = 3.54545
@@ 1 1 1491.86 0.0025295 0.002552 0 0.8
ColGenEvalAlg final dual bound: 1491.86 (rounded: 1491.86)
Gap improvement since the last cut separation : 1 (1484.1)
Current active cuts : R1C(11,20.9251) 3rowPackR1C(5) 4rowPackR1C(6)
New model incumbent solution 1491.86, TIME = 0h0m0s82t = 82
************************************************************************************************
Search is finished, global bounds : [ 1491.86 , 1491.86 ], TIME = 0h0m0s82t = 82
************************************************************************************************
instance_name solver_name ext_heuristic solution_value solution_time best_lb root_lb root_time nb_branch_and_bound_nodes status
/home/logis/Downloads/VRPSolverEasy/VRPSolverEasy/demos/data/HFVRP/c50_13fsmd CPLEX False 1491.859877094668 0.8242408059999999 1491.859877094668 1491.859877094668 0.823516889 1 0

