Node memory for rank-1 cuts will be used (9.00901)
~~~~~~~~~~~~~~~~~~~~~~~~~~~~~~~~~~~~~~~~~~~~~~~~~~~~~~~~~~~~~~~~~~~~~~~~~~~~~~~~~~~~~
VRPSolver v0.5.27, 24/02/2023, © Inria Bordeaux, France, vrpsolver.math.u-bordeaux.fr
      Corresponds to the solver by Pessoa, Sadykov, Uchoa and Vanderbeck (2020)
                 Paper: dx.doi.org/10.1007/s10107-020-01523-z
~~~~~~~~~~~~~~~~~~~~~~~~~~~~~~~~~~~~~~~~~~~~~~~~~~~~~~~~~~~~~~~~~~~~~~~~~~~~~~~~~~~~~
   BaPCod v0.77, 15/03/2023, © Inria Bordeaux, France, bapcod.math.u-bordeaux.fr 
           THIS CODE IS PROVIDED AS IS, USE IT AT YOUR OWN RISK
~~~~~~~~~~~~~~~~~~~~~~~~~~~~~~~~~~~~~~~~~~~~~~~~~~~~~~~~~~~~~~~~~~~~~~~~~~~~~~~~~~~~~
Bucket steps were recalculated for graph G_1 : [2]
RCSP solver info : symmetric case is detected for graph G_1! 
Bidirectional border value is initialised to 20
RCSP solver info : number of forw. reachable buckets / buck. strongly connected components is 899( 82.326% ) / 899( 100% )
Bucket steps were recalculated for graph G_2 : [3.5]
RCSP solver info : symmetric case is detected for graph G_2! 
Bidirectional border value is initialised to 40
RCSP solver info : number of forw. reachable buckets / buck. strongly connected components is 1082( 90.4682% ) / 1082( 100% )
Bucket steps were recalculated for graph G_3 : [6]
RCSP solver info : symmetric case is detected for graph G_3! 
Bidirectional border value is initialised to 70
RCSP solver info : number of forw. reachable buckets / buck. strongly connected components is 1186( 95.0321% ) / 979( 82.5464% )
Generating neighbourhoods for rank-1 cuts separation
Building structures for 4- and 5-row rank-1 packing cut separation...done!
Model is built TIME = 0h0m0s4t = 4
************************************************************************************************
**** BaB tree root node
**** Local DB = -1e+12, global bounds : [ -1e+12 , 1155.72 ], TIME = 0h0m0s4t = 4
**** 1 open nodes, 0 columns (0 active), 0 dyn. constrs. (0 active), 106 art. vars. (106 active)
************************************************************************************************
#<DWph=2> <it=  1> <et=0.05> <Mt= 0.00> <Spt= 0.00> <nCl= 90> <al=0.00> <DB=-8776909.9586> <Mlp=138686.5200> <PB=1155.721> 
#<DWph=2> <it=  2> <et=0.06> <Mt= 0.00> <Spt= 0.01> <nCl= 90> <al=0.55> <DB=-5928354.5522> <Mlp=130981.0473> <PB=1155.721> 
#<DWph=2> <it=  3> <et=0.07> <Mt= 0.00> <Spt= 0.01> <nCl= 90> <al=0.45> <DB=-4960998.2190> <Mlp=123108.3718> <PB=1155.721> 
#<DWph=2> <it=  4> <et=0.07> <Mt= 0.00> <Spt= 0.00> <nCl= 90> <al=0.51> <DB=-4195392.9714> <Mlp=109324.1461> <PB=1155.721> 
#<DWph=2> <it=  5> <et=0.08> <Mt= 0.00> <Spt= 0.01> <nCl= 90> <al=0.41> <DB=-3697773.5806> <Mlp=99109.6840> <PB=1155.721> 
#<DWph=2> <it=  6> <et=0.09> <Mt= 0.00> <Spt= 0.01> <nCl= 90> <al=0.31> <DB=-3160610.1965> <Mlp=85821.1147> <PB=1155.721> 
#<DWph=2> <it=  7> <et=0.10> <Mt= 0.00> <Spt= 0.01> <nCl= 90> <al=0.37> <DB=-2385357.2304> <Mlp=65378.0169> <PB=1155.721> 
#<DWph=2> <it=  8> <et=0.11> <Mt= 0.00> <Spt= 0.00> <nCl= 90> <al=0.27> <DB=-2001227.8976> <Mlp=43547.1767> <PB=1155.721> 
#<DWph=2> <it=  9> <et=0.11> <Mt= 0.00> <Spt= 0.01> <nCl= 90> <al=0.35> <DB=-1637101.7580> <Mlp=18124.9370> <PB=1155.721> 
#<DWph=2> <it= 10> <et=0.12> <Mt= 0.00> <Spt= 0.01> <nCl= 89> <al=0.41> <DB=-1158494.4636> <Mlp=11165.9499> <PB=1155.721> 
#<DWph=2> <it= 11> <et=0.13> <Mt= 0.00> <Spt= 0.00> <nCl= 79> <al=0.31> <DB=-631395.1701> <Mlp= 4153.5087> <PB=1155.721> 
<DWph=2> <it= 12> <et=0.14> <Mt= 0.00> <Spt= 0.01> <nCl= 69> <al=0.21> <DB=-133629.0999> <Mlp= 1409.6027> <PB=1155.721> 
<DWph=2> <it= 13> <et=0.14> <Mt= 0.00> <Spt= 0.01> <nCl= 89> <al=0.11> <DB=-16332.7168> <Mlp= 1358.1306> <PB=1155.721> 
<DWph=2> <it= 14> <et=0.15> <Mt= 0.00> <Spt= 0.00> <nCl= 90> <al=0.01> <DB=-11635.1067> <Mlp= 1249.6633> <PB=1155.721> 
<DWph=2> <it= 15> <et=0.16> <Mt= 0.00> <Spt= 0.01> <nCl= 90> <al=0.11> <DB=-3854.7949> <Mlp= 1239.2857> <PB=1155.721> 
<DWph=2> <it= 16> <et=0.17> <Mt= 0.01> <Spt= 0.01> <nCl= 86> <al=0.20> <DB=-1798.4105> <Mlp= 1168.1749> <PB=1155.721> 
<DWph=2> <it= 17> <et=0.18> <Mt= 0.00> <Spt= 0.01> <nCl= 67> <al=0.28> <DB= -820.2305> <Mlp= 1136.3108> <PB=1155.721> 
<DWph=2> <it= 18> <et=0.18> <Mt= 0.00> <Spt= 0.00> <nCl= 51> <al=0.35> <DB= -206.7346> <Mlp= 1121.5120> <PB=1155.721> 
<DWph=2> <it= 19> <et=0.19> <Mt= 0.00> <Spt= 0.01> <nCl= 29> <al=0.42> <DB=  573.2913> <Mlp= 1119.0439> <PB=1155.721> 
<DWph=2> <it= 20> <et=0.20> <Mt= 0.00> <Spt= 0.01> <nCl= 15> <al=0.32> <DB=  881.9508> <Mlp= 1116.5193> <PB=1155.721> 
<DWph=2> <it= 21> <et=0.21> <Mt= 0.00> <Spt= 0.00> <nCl= 28> <al=0.22> <DB=  731.0660> <Mlp= 1115.3646> <PB=1155.721> 
<DWph=2> <it= 22> <et=0.21> <Mt= 0.00> <Spt= 0.01> <nCl= 19> <al=0.30> <DB=  707.4849> <Mlp= 1115.0115> <PB=1155.721> 
<DWph=2> <it= 23> <et=0.22> <Mt= 0.00> <Spt= 0.01> <nCl= 14> <al=0.37> <DB=  777.6381> <Mlp= 1111.2856> <PB=1155.721> 
<DWph=2> <it= 24> <et=0.23> <Mt= 0.00> <Spt= 0.00> <nCl= 11> <al=0.43> <DB=  942.5027> <Mlp= 1110.2687> <PB=1155.721> 
<DWph=2> <it= 25> <et=0.24> <Mt= 0.00> <Spt= 0.02> <nCl= 13> <al=0.00> <DB= 1070.0387> <Mlp= 1110.1849> <PB=1155.721> 
<DWph=2> <it= 26> <et=0.25> <Mt= 0.00> <Spt= 0.00> <nCl= 14> <al=0.23> <DB=  808.4953> <Mlp= 1110.0774> <PB=1155.721> 
<DWph=2> <it= 27> <et=0.26> <Mt= 0.00> <Spt= 0.01> <nCl= 10> <al=0.00> <DB= 1108.5853> <Mlp= 1110.0754> <PB=1155.721> 
<DWph=1> <it= 28> <et=0.27> <Mt= 0.00> <Spt= 0.02> <nCl= 21> <al=0.21> <DB= 1037.2638> <Mlp= 1110.0750> <PB=1155.721> 
<DWph=1> <it= 29> <et=0.28> <Mt= 0.00> <Spt= 0.01> <nCl=  5> <al=0.11> <DB=  969.1167> <Mlp= 1110.0059> <PB=1155.721> 
<DWph=1> <it= 30> <et=0.29> <Mt= 0.00> <Spt= 0.01> <nCl= 10> <al=0.01> <DB= 1036.9051> <Mlp= 1109.6465> <PB=1155.721> 
<DWph=1> <it= 31> <et=0.31> <Mt= 0.00> <Spt= 0.01> <nCl=  5> <al=0.00> <DB= 1109.4083> <Mlp= 1109.4083> <PB=1155.721> 
    RCSP exact solver info for graph G_1 : TT = 0.001367, pt = 1.2e-05, dt = 0.000934, ct = 0.000255, ndl = 0', bdl = 1', odl = 0', odf = 1', bsi = 0', cnt = 0', bdch = 2', odch = 0', lcp = 0', #sols = 150
    RCSP exact solver info for graph G_2 : TT = 0.004266, pt = 1.7e-05, dt = 0.003423, ct = 0.000601, ndl = 1', bdl = 14', odl = 1', odf = 8', bsi = 1', cnt = 1', bdch = 69', odch = 7', lcp = 3', #sols = 150
    RCSP exact solver info for graph G_3 : TT = 0.010358, pt = 2.4e-05, dt = 0.009099, ct = 0.000944, ndl = 2', bdl = 67', odl = 3', odf = 22', bsi = 1', cnt = 4', bdch = 677', odch = 42', lcp = 30', #sols = 150
<DWph=0> <it= 32> <et=0.33> <Mt= 0.00> <Spt= 0.02> <nCl=261> <al=0.00> <DB= 1027.3407> <Mlp= 1109.4083> <PB=1155.721> 
    RCSP exact solver info for graph G_1 : TT = 0.001184, pt = 3.9e-05, dt = 0.000697, ct = 0.000247, ndl = 0', bdl = 1', odl = 0', odf = 1', bsi = 0', cnt = 0', bdch = 2', odch = 0', lcp = 0', #sols = 150
    RCSP exact solver info for graph G_2 : TT = 0.00331, pt = 4.2e-05, dt = 0.002363, ct = 0.000626, ndl = 1', bdl = 15', odl = 1', odf = 8', bsi = 1', cnt = 2', bdch = 70', odch = 7', lcp = 3', #sols = 150
    RCSP exact solver info for graph G_3 : TT = 0.008491, pt = 3.6e-05, dt = 0.007243, ct = 0.000932, ndl = 2', bdl = 66', odl = 3', odf = 22', bsi = 1', cnt = 4', bdch = 650', odch = 40', lcp = 29', #sols = 150
<DWph=0> <it= 33> <et=0.34> <Mt= 0.00> <Spt= 0.02> <nCl= 31> <al=0.00> <DB= 1108.9573> <Mlp= 1108.9573> <PB=1155.721> 
Dynamic params and stats :  aver.obdmd = 16.3077 aver.buck.num. = 21
@@ 1 0 1108.96 0.0010665 0.001189 54.508 0.34
Dynamic params and stats :  aver.obdmd = 19.8269 aver.buck.num. = 23
@@ 1 0 1108.96 0.0035065 0.004024 81.2502 0.34
Dynamic params and stats :  aver.obdmd = 21.8269 aver.buck.num. = 24
@@ 1 0 1108.96 0.009109 0.010043 88.4578 0.34
Labels distribution in buckets (bucket size) : largest - 4, top 0.1% - 4, top 0.5% - 4, top 2% - 3, top 10% - 2, top 50% - 0
Reduced cost fixing for graph G_1... 14196 buck. arcs remain (59.3% from prev., 32.3% from max.) + 857 jump buck. arcs (1.95% from max.)
 TT = 0.008322, pt = 0.000726, dt = 0.001253, ct = 0.006225, ndl = 1', bdl = 13', odl = 0', odf = 7', lpcb = 11', cnt = 15', bdch = 48', odch = 6', lcp = 2'
Labels distribution in buckets (bucket size) : largest - 6, top 0.1% - 6, top 0.5% - 5, top 2% - 4, top 10% - 2, top 50% - 1
Run forward enumeration with border = 20... succeeded! lpt = 0.015766, ndl = 2', dl = 6', lpcb = 42', dch = 242'
Run enumeration concatenation with time limit 0.3 sec.... succeeded!
Sorting and storing enumerated solutions ... done!
 TT = 0.040478, pt = 0.002132, dt = 0.015766, ct = 0.010766, ndl = 2', bdl = 6', lpcb = 42', cnt = 34', bdch = 242', odch = 0', lcp = 0'
Enumeration succeeded!, number of elem. solutions is 11702
Estimating inspection time...     TT = 0.000582, performed by inspection with 11702 solutions, nbR1C = 0, nbDiscC = 0
Inspection time is low enough. Pricing will be done by inspection.
Labels distribution in buckets (bucket size) : largest - 16, top 0.1% - 16, top 0.5% - 12, top 2% - 9, top 10% - 6, top 50% - 1
Reduced cost fixing for graph G_2... 19441 buck. arcs remain (45.2% from prev., 36.7% from max.) + 3718 jump buck. arcs (7.02% from max.)
 TT = 0.021273, pt = 0.002172, dt = 0.006684, ct = 0.012187, ndl = 5', bdl = 60', odl = 2', odf = 28', lpcb = 111', cnt = 69', bdch = 497', odch = 68', lcp = 40'
Labels distribution in buckets (bucket size) : largest - 16, top 0.1% - 16, top 0.5% - 14, top 2% - 10, top 10% - 6, top 50% - 1
Run forward enumeration with border = 40... succeeded! lpt = 0.068813, ndl = 14', dl = 20', lpcb = 321', dch = 410'
Run enumeration concatenation with time limit 0.3 sec.... succeeded!
Sorting and storing enumerated solutions ... done!
 TT = 0.292384, pt = 0.002142, dt = 0.068813, ct = 0.098132, ndl = 14', bdl = 20', lpcb = 321', cnt = 194', bdch = 410', odch = 0', lcp = 0'
Enumeration succeeded!, number of elem. solutions is 69013
Estimating inspection time...     TT = 0.003846, performed by inspection with 69013 solutions, nbR1C = 0, nbDiscC = 0
Inspection time is low enough. Pricing will be done by inspection.
Labels distribution in buckets (bucket size) : largest - 31, top 0.1% - 31, top 0.5% - 25, top 2% - 22, top 10% - 13, top 50% - 2
Reduced cost fixing for graph G_3... 18677 buck. arcs remain (36.3% from prev., 32.1% from max.) + 5333 jump buck. arcs (9.18% from max.)
 TT = 0.031681, pt = 0.003646, dt = 0.012425, ct = 0.015429, ndl = 9', bdl = 101', odl = 4', odf = 47', lpcb = 237', cnt = 145', bdch = 1161', odch = 172', lcp = 91'
Labels distribution in buckets (bucket size) : largest - 37, top 0.1% - 37, top 0.5% - 29, top 2% - 24, top 10% - 13, top 50% - 3
Run forward enumeration with border = 70... succeeded! lpt = 0.264055, ndl = 73', dl = 47', lpcb = 1412', dch = 578'
Run enumeration concatenation with time limit 0.3 sec.... time limit reached, not succeeded.
Sorting and storing enumerated solutions ...  TT = 0.748933, pt = 0.001939, dt = 0.264055, ct = 0.319129, ndl = 73', bdl = 47', lpcb = 1412', cnt = 1188', bdch = 578', odch = 0', lcp = 0'
Added 382 columns in the formulation 
Added 296 columns in the formulation 
Removed 550 columns (not in the enumerated set) from the formulation
Regenerated 678 columns with the 'enumerated' flag
<DWph=2> <it= 34> <et=1.54> <Mt= 0.03> <Spt= 0.00> <nCl= 10> <al=0.00> <DB= 1108.9573> <Mlp= 1108.9573> <PB=1155.721> 
<DWph=1> <it= 35> <et=1.54> <Mt= 0.00> <Spt= 0.01> <nCl=  2> <al=0.40> <DB= 1108.9573> <Mlp= 1108.9573> <PB=1155.721> 
<DWph=0> <it= 36> <et=1.54> <Mt= 0.00> <Spt= 0.00> <nCl=  0> <al=0.46> <DB= 1108.9573> <Mlp= 1108.9573> <PB=1155.721> 
@@ 1 0 1108.96 0 0 0 1.54
@@ 1 0 1108.96 0 0 0 1.54
@@ 1 0 1108.96 0 0 32.1463 1.54
ColGenEvalAlg final dual bound: 1108.96 (rounded: 1108.96)
Shrinking heuristic shrunk 9 edges
1 Rank-1 1-rows pack. cuts added ,  max viol. = 0.220109, aver. viol. = 0.220109
115 Rank-1 3-rows pack. cuts added ,  max viol. = 0.5, aver. viol. = 0.210964
Building structures for heuristic rank-1 packing cut separation...done!
100 Rank-1 4-rows pack. cuts added ,  max viol. = 0.546196, aver. viol. = 0.28481
----- Add fac. cuts : R1C(216), max.viol = 0.546196, aver.viol = 0.248251, sep/add took 0.0327546/0.0541311 sec. -----
1468 columns (1468 active), 216 dyn. constrs. (216 active), 319 art. vars. (319 active)
<DWph=2> <it=  1> <et=1.65> <Mt= 0.00> <Spt= 0.00> <nCl= 10> <al=0.50> <DB= 1121.1369> <Mlp= 1133.3164> <PB=1155.721> 
<DWph=2> <it=  2> <et=1.66> <Mt= 0.00> <Spt= 0.01> <nCl=  6> <al=0.55> <DB= 1110.1656> <Mlp= 1133.3164> <PB=1155.721> 
<DWph=2> <it=  3> <et=1.67> <Mt= 0.00> <Spt= 0.01> <nCl= 24> <al=0.19> <DB= 1088.8250> <Mlp= 1132.9271> <PB=1155.721> 
<DWph=2> <it=  4> <et=1.68> <Mt= 0.01> <Spt= 0.00> <nCl= 12> <al=0.50> <DB= 1031.2461> <Mlp= 1132.8897> <PB=1155.721> 
<DWph=2> <it=  5> <et=1.68> <Mt= 0.00> <Spt= 0.01> <nCl=  4> <al=0.55> <DB= 1105.6431> <Mlp= 1132.8897> <PB=1155.721> 
<DWph=2> <it=  6> <et=1.69> <Mt= 0.00> <Spt= 0.00> <nCl=  1> <al=0.59> <DB= 1103.3730> <Mlp= 1132.8897> <PB=1155.721> 
<DWph=2> <it=  7> <et=1.70> <Mt= 0.00> <Spt= 0.01> <nCl= 18> <al=0.00> <DB= 1132.8815> <Mlp= 1132.8815> <PB=1155.721> 
<DWph=1> <it=  8> <et=1.71> <Mt= 0.00> <Spt= 0.01> <nCl= 14> <al=0.53> <DB= 1052.2697> <Mlp= 1132.8815> <PB=1155.721> 
<DWph=1> <it=  9> <et=1.71> <Mt= 0.00> <Spt= 0.00> <nCl=  4> <al=0.58> <DB=  916.0130> <Mlp= 1132.8305> <PB=1155.721> 
<DWph=1> <it= 10> <et=1.72> <Mt= 0.00> <Spt= 0.01> <nCl=  5> <al=0.62> <DB=  991.9262> <Mlp= 1132.8012> <PB=1155.721> 
<DWph=1> <it= 11> <et=1.74> <Mt= 0.00> <Spt= 0.01> <nCl=  3> <al=0.32> <DB= 1060.6447> <Mlp= 1132.6243> <PB=1155.721> 
<DWph=1> <it= 12> <et=1.75> <Mt= 0.00> <Spt= 0.01> <nCl=  6> <al=0.12> <DB= 1115.0824> <Mlp= 1132.6243> <PB=1155.721> 
<DWph=1> <it= 13> <et=1.76> <Mt= 0.01> <Spt= 0.02> <nCl=  3> <al=0.00> <DB= 1132.1721> <Mlp= 1132.6243> <PB=1155.721> 
<DWph=1> <it= 14> <et=1.77> <Mt= 0.00> <Spt= 0.01> <nCl=  0> <al=0.00> <DB= 1132.6243> <Mlp= 1132.6243> <PB=1155.721> 
    TT = 0.00096, performed by inspection with 11702 solutions, nbR1C = 32, nbDiscC = 0
    TT = 0.007208, performed by inspection with 69013 solutions, nbR1C = 32, nbDiscC = 0
    RCSP exact solver info for graph G_3 : TT = 0.013958, pt = 0.000218, dt = 0.011499, ct = 0.001893, ndl = 3', bdl = 24', odl = 3', odf = 25', bsi = 1', cnt = 16', bdch = 347', odch = 66', lcp = 42', #sols = 150
<DWph=0> <it= 15> <et=1.82> <Mt= 0.00> <Spt= 0.04> <nCl=262> <al=0.26> <DB=  535.3880> <Mlp= 1132.6243> <PB=1155.721> 
    TT = 0.00102, performed by inspection with 11702 solutions, nbR1C = 39, nbDiscC = 0
    TT = 0.007834, performed by inspection with 69013 solutions, nbR1C = 39, nbDiscC = 0
    RCSP exact solver info for graph G_3 : TT = 0.012447, pt = 0.000273, dt = 0.009918, ct = 0.001937, ndl = 3', bdl = 24', odl = 3', odf = 24', bsi = 1', cnt = 14', bdch = 336', odch = 63', lcp = 40', #sols = 150
<DWph=0> <it= 16> <et=1.85> <Mt= 0.00> <Spt= 0.03> <nCl= 65> <al=0.33> <DB=  964.0694> <Mlp= 1129.4467> <PB=1155.721> 
    TT = 0.00102, performed by inspection with 11702 solutions, nbR1C = 39, nbDiscC = 0
    TT = 0.007806, performed by inspection with 69013 solutions, nbR1C = 39, nbDiscC = 0
    RCSP exact solver info for graph G_3 : TT = 0.012399, pt = 0.000249, dt = 0.009972, ct = 0.001873, ndl = 3', bdl = 24', odl = 3', odf = 25', bsi = 1', cnt = 13', bdch = 335', odch = 62', lcp = 39', #sols = 150
    TT = 0.001055, performed by inspection with 11702 solutions, nbR1C = 31, nbDiscC = 0
    TT = 0.007098, performed by inspection with 69013 solutions, nbR1C = 31, nbDiscC = 0
    RCSP exact solver info for graph G_3 : TT = 0.012045, pt = 0.000215, dt = 0.009603, ct = 0.001907, ndl = 3', bdl = 23', odl = 3', odf = 24', bsi = 1', cnt = 14', bdch = 335', odch = 63', lcp = 39', #sols = 150
<DWph=0> <it= 17> <et=1.91> <Mt= 0.00> <Spt= 0.05> <nCl= 31> <al=0.00> <DB= 1129.4467> <Mlp= 1129.4467> <PB=1155.721> 
Dynamic params and stats :  aver.obdmd = 16.3077 aver.buck.num. = 21 nbR1C = 31 with avMem = 4.3871
@@ 1 1 1129.45 0.00101375 0.001055 0 1.91
Dynamic params and stats :  aver.obdmd = 19.8269 aver.buck.num. = 23 nbR1C = 31 with avMem = 4.3871
@@ 1 1 1129.45 0.0074865 0.007834 0 1.91
Dynamic params and stats :  aver.obdmd = 21.8269 aver.buck.num. = 24 nbR1C = 31 with avMem = 4.3871
@@ 1 1 1129.45 0.0121505 0.013392 32.1463 1.91
Reduced cost fixing for graph G_1...  took 0 sec., done by inspection with 11702 solutions, remains 4248 (36.3%)
Reduced cost fixing for graph G_2...  took 0.01 sec., done by inspection with 69013 solutions, remains 10497 (15.2%)
Labels distribution in buckets (bucket size) : largest - 39, top 0.1% - 39, top 0.5% - 38, top 2% - 34, top 10% - 19, top 50% - 3
Reduced cost fixing for graph G_3... 10225 buck. arcs remain (54.7% from prev., 17.6% from max.) + 5273 jump buck. arcs (9.08% from max.)
 TT = 0.038715, pt = 0.004889, dt = 0.016708, ct = 0.016822, ndl = 13', bdl = 78', odl = 3', odf = 48', lpcb = 123', cnt = 142', bdch = 848', odch = 223', lcp = 124'
Labels distribution in buckets (bucket size) : largest - 43, top 0.1% - 43, top 0.5% - 42, top 2% - 37, top 10% - 20, top 50% - 3
Run forward enumeration with border = 70... succeeded! lpt = 0.066915, ndl = 18', dl = 5', lpcb = 240', dch = 50'
Run enumeration concatenation with time limit 0.35175 sec.... succeeded!
Sorting and storing enumerated solutions ... done!
 TT = 0.221965, pt = 0, dt = 0.066915, ct = 0.076416, ndl = 18', bdl = 5', lpcb = 240', cnt = 453', bdch = 50', odch = 0', lcp = 0'
Enumeration succeeded!, number of elem. solutions is 50248
Estimating inspection time...     TT = 0.013006, performed by inspection with 50248 solutions, nbR1C = 31, nbDiscC = 0
Inspection time is low enough. Pricing will be done by inspection.
Added 531 columns in the formulation 
Removed 569 columns (not in the enumerated set) from the formulation
Regenerated 531 columns with the 'enumerated' flag
<DWph=2> <it= 18> <et=2.28> <Mt= 0.03> <Spt= 0.01> <nCl=  0> <al=0.00> <DB= 1130.1417> <Mlp= 1130.1417> <PB=1155.721> 
<DWph=1> <it= 19> <et=2.28> <Mt= 0.00> <Spt= 0.00> <nCl=  0> <al=0.00> <DB= 1130.1417> <Mlp= 1130.1417> <PB=1155.721> 
    TT = 0.000563, performed by inspection with 4248 solutions, nbR1C = 47, nbDiscC = 0
    TT = 0.001457, performed by inspection with 10497 solutions, nbR1C = 47, nbDiscC = 0
    TT = 0.010127, performed by inspection with 50248 solutions, nbR1C = 47, nbDiscC = 0
<DWph=0> <it= 20> <et=2.31> <Mt= 0.00> <Spt= 0.02> <nCl= 99> <al=0.30> <DB= 1042.6715> <Mlp= 1130.1417> <PB=1155.721> 
    TT = 0.000433, performed by inspection with 4248 solutions, nbR1C = 47, nbDiscC = 0
    TT = 0.001497, performed by inspection with 10497 solutions, nbR1C = 47, nbDiscC = 0
    TT = 0.010023, performed by inspection with 50248 solutions, nbR1C = 47, nbDiscC = 0
    TT = 0.000417, performed by inspection with 4248 solutions, nbR1C = 43, nbDiscC = 0
    TT = 0.001433, performed by inspection with 10497 solutions, nbR1C = 43, nbDiscC = 0
    TT = 0.009519, performed by inspection with 50248 solutions, nbR1C = 43, nbDiscC = 0
<DWph=0> <it= 21> <et=2.34> <Mt= 0.00> <Spt= 0.04> <nCl=  7> <al=0.00> <DB= 1130.1417> <Mlp= 1130.1417> <PB=1155.721> 
Dynamic params and stats :  aver.obdmd = 16.3077 aver.buck.num. = 21 nbR1C = 43 with avMem = 5.09302
@@ 1 1 1130.14 0.000471 0.000563 0 2.34
Dynamic params and stats :  aver.obdmd = 19.8269 aver.buck.num. = 23 nbR1C = 43 with avMem = 5.09302
@@ 1 1 1130.14 0.00146233 0.001497 0 2.34
Dynamic params and stats :  aver.obdmd = 21.8269 aver.buck.num. = 24 nbR1C = 43 with avMem = 5.09302
@@ 1 1 1130.14 0.00988967 0.010127 0 2.34
Reduced cost fixing for graph G_1...  took 0 sec., done by inspection with 4248 solutions, remains 3919 (92.3%)
Reduced cost fixing for graph G_2...  took 0 sec., done by inspection with 10497 solutions, remains 8975 (85.5%)
Reduced cost fixing for graph G_3...  took 0.01 sec., done by inspection with 50248 solutions, remains 40730 (81.1%)
Removed 15 columns (not in the enumerated set) from the formulation
    Full reduced cost fixing is not called (gap ratio is 0.973547)
ColGenEvalAlg final dual bound: 1130.14 (rounded: 1130.14)
Gap improvement since the last cut separation : 0.453009 (1108.96)
Current active cuts : R1C(43,114.062) 3rowPackR1C(29) 4rowPackR1C(14)
Shrinking heuristic shrunk 12 edges
82 Rank-1 3-rows pack. cuts added ,  max viol. = 0.391304, aver. viol. = 0.171792
Building structures for heuristic rank-1 packing cut separation...done!
100 Rank-1 4-rows pack. cuts added ,  max viol. = 0.478261, aver. viol. = 0.219565
----- Add fac. cuts : R1C(182), max.viol = 0.478261, aver.viol = 0.198041, sep/add took 0.0305105/0.0494474 sec. -----
2350 columns (1458 active), 398 dyn. constrs. (225 active), 501 art. vars. (328 active)
<DWph=2> <it=  1> <et=2.48> <Mt= 0.00> <Spt= 0.00> <nCl=  0> <al=0.00> <DB= 1131.0008> <Mlp= 1131.0008> <PB=1131.0008> 
<DWph=1> <it=  2> <et=2.48> <Mt= 0.00> <Spt= 0.00> <nCl=  0> <al=0.00> <DB= 1131.0008> <Mlp= 1131.0008> <PB=1131.0008> 
    TT = 0.000499, performed by inspection with 3919 solutions, nbR1C = 54, nbDiscC = 0
    TT = 0.001347, performed by inspection with 8975 solutions, nbR1C = 54, nbDiscC = 0
    TT = 0.009274, performed by inspection with 40730 solutions, nbR1C = 54, nbDiscC = 0
    TT = 0.000436, performed by inspection with 3919 solutions, nbR1C = 54, nbDiscC = 0
    TT = 0.001372, performed by inspection with 8975 solutions, nbR1C = 54, nbDiscC = 0
    TT = 0.009215, performed by inspection with 40730 solutions, nbR1C = 54, nbDiscC = 0
<DWph=0> <it=  3> <et=2.52> <Mt= 0.00> <Spt= 0.04> <nCl= 15> <al=0.00> <DB= 1131.0008> <Mlp= 1131.0008> <PB=1131.0008> 
Dynamic params and stats :  aver.obdmd = 16.3077 aver.buck.num. = 21 nbR1C = 54 with avMem = 4.66667
@@ 1 2 1131 0.0004675 0.000499 0 2.52
Dynamic params and stats :  aver.obdmd = 19.8269 aver.buck.num. = 23 nbR1C = 54 with avMem = 4.66667
@@ 1 2 1131 0.0013595 0.001372 0 2.52
Dynamic params and stats :  aver.obdmd = 21.8269 aver.buck.num. = 24 nbR1C = 54 with avMem = 4.66667
@@ 1 2 1131 0.0092445 0.009274 0 2.52
ColGenEvalAlg final dual bound: 1131 (rounded: 1131)
Gap improvement since the last cut separation : 1 (1130.14)
Current active cuts : R1C(54,115.896) 3rowPackR1C(36) 4rowPackR1C(18)
New model incumbent solution 1131, TIME = 0h0m2s57t = 257
************************************************************************************************
Search is finished, global bounds : [ 1131 , 1131 ], TIME = 0h0m2s57t = 257
************************************************************************************************
instance_name solver_name ext_heuristic solution_value solution_time best_lb root_lb root_time nb_branch_and_bound_nodes status
/home/logis/Downloads/VRPSolverEasy/VRPSolverEasy/demos/data/HFVRP/c50_16fsmd CPLEX False 1131.000836745979 2.5714952010000003 1131.0008367459793 1131.0008367459793 2.570570997 1 0

