Node memory for rank-1 cuts will be used (9.00901)
~~~~~~~~~~~~~~~~~~~~~~~~~~~~~~~~~~~~~~~~~~~~~~~~~~~~~~~~~~~~~~~~~~~~~~~~~~~~~~~~~~~~~
VRPSolver v0.5.27, 24/02/2023, © Inria Bordeaux, France, vrpsolver.math.u-bordeaux.fr
      Corresponds to the solver by Pessoa, Sadykov, Uchoa and Vanderbeck (2020)
                 Paper: dx.doi.org/10.1007/s10107-020-01523-z
~~~~~~~~~~~~~~~~~~~~~~~~~~~~~~~~~~~~~~~~~~~~~~~~~~~~~~~~~~~~~~~~~~~~~~~~~~~~~~~~~~~~~
   BaPCod v0.77, 15/03/2023, © Inria Bordeaux, France, bapcod.math.u-bordeaux.fr 
           THIS CODE IS PROVIDED AS IS, USE IT AT YOUR OWN RISK
~~~~~~~~~~~~~~~~~~~~~~~~~~~~~~~~~~~~~~~~~~~~~~~~~~~~~~~~~~~~~~~~~~~~~~~~~~~~~~~~~~~~~
Bucket steps were recalculated for graph G_1 : [2]
RCSP solver info : symmetric case is detected for graph G_1! 
Bidirectional border value is initialised to 20
RCSP solver info : number of forw. reachable buckets / buck. strongly connected components is 899( 82.326% ) / 899( 100% )
Bucket steps were recalculated for graph G_2 : [3.5]
RCSP solver info : symmetric case is detected for graph G_2! 
Bidirectional border value is initialised to 40
RCSP solver info : number of forw. reachable buckets / buck. strongly connected components is 1082( 90.4682% ) / 1082( 100% )
Bucket steps were recalculated for graph G_3 : [6]
RCSP solver info : symmetric case is detected for graph G_3! 
Bidirectional border value is initialised to 70
RCSP solver info : number of forw. reachable buckets / buck. strongly connected components is 1186( 95.0321% ) / 979( 82.5464% )
Generating neighbourhoods for rank-1 cuts separation
Building structures for 4- and 5-row rank-1 packing cut separation...done!
Model is built TIME = 0h0m0s6t = 6
************************************************************************************************
**** BaB tree root node
**** Local DB = -1e+12, global bounds : [ -1e+12 , 1166.33 ], TIME = 0h0m0s6t = 6
**** 1 open nodes, 0 columns (0 active), 0 dyn. constrs. (0 active), 106 art. vars. (106 active)
************************************************************************************************
#<DWph=2> <it=  1> <et=0.07> <Mt= 0.00> <Spt= 0.00> <nCl= 90> <al=0.00> <DB=-427564.1801> <Mlp=142759.2816> <PB=1166.334> 
#<DWph=2> <it=  2> <et=0.08> <Mt= 0.00> <Spt= 0.01> <nCl= 90> <al=0.55> <DB=-249551.7307> <Mlp=134982.4895> <PB=1166.334> 
#<DWph=2> <it=  3> <et=0.08> <Mt= 0.00> <Spt= 0.01> <nCl= 90> <al=0.45> <DB=-192327.2948> <Mlp=127036.7966> <PB=1166.334> 
#<DWph=2> <it=  4> <et=0.09> <Mt= 0.00> <Spt= 0.00> <nCl= 90> <al=0.51> <DB=-155584.2831> <Mlp=112736.6208> <PB=1166.334> 
#<DWph=2> <it=  5> <et=0.10> <Mt= 0.00> <Spt= 0.01> <nCl= 90> <al=0.41> <DB=-131792.5308> <Mlp=102392.5617> <PB=1166.334> 
#<DWph=2> <it=  6> <et=0.10> <Mt= 0.00> <Spt= 0.01> <nCl= 90> <al=0.46> <DB=-104690.6045> <Mlp=90239.9229> <PB=1166.334> 
#<DWph=2> <it=  7> <et=0.11> <Mt= 0.00> <Spt= 0.00> <nCl= 90> <al=0.52> <DB=-71084.5369> <Mlp=72086.6053> <PB=1166.334> 
#<DWph=2> <it=  8> <et=0.12> <Mt= 0.00> <Spt= 0.01> <nCl= 90> <al=0.42> <DB=-76966.3112> <Mlp=50666.7757> <PB=1166.334> 
#<DWph=2> <it=  9> <et=0.13> <Mt= 0.00> <Spt= 0.01> <nCl= 90> <al=0.48> <DB=-78119.7478> <Mlp=42042.0413> <PB=1166.334> 
#<DWph=2> <it= 10> <et=0.13> <Mt= 0.00> <Spt= 0.00> <nCl= 90> <al=0.53> <DB=-56330.6229> <Mlp=38101.5978> <PB=1166.334> 
#<DWph=2> <it= 11> <et=0.14> <Mt= 0.00> <Spt= 0.01> <nCl= 90> <al=0.58> <DB=-44674.0938> <Mlp=27445.4823> <PB=1166.334> 
#<DWph=2> <it= 12> <et=0.15> <Mt= 0.00> <Spt= 0.01> <nCl= 83> <al=0.62> <DB=-38380.2102> <Mlp=11472.1377> <PB=1166.334> 
#<DWph=2> <it= 13> <et=0.16> <Mt= 0.00> <Spt= 0.00> <nCl= 73> <al=0.66> <DB=-25709.1959> <Mlp= 5089.3179> <PB=1166.334> 
<DWph=2> <it= 14> <et=0.17> <Mt= 0.01> <Spt= 0.01> <nCl= 36> <al=0.56> <DB=-12607.4918> <Mlp= 2240.1898> <PB=1166.334> 
<DWph=2> <it= 15> <et=0.17> <Mt= 0.00> <Spt= 0.01> <nCl= 74> <al=0.46> <DB=-4228.3846> <Mlp= 2145.8496> <PB=1166.334> 
<DWph=2> <it= 16> <et=0.18> <Mt= 0.00> <Spt= 0.00> <nCl= 79> <al=0.36> <DB= -518.5812> <Mlp= 1874.7378> <PB=1166.334> 
<DWph=2> <it= 17> <et=0.19> <Mt= 0.00> <Spt= 0.01> <nCl= 90> <al=0.26> <DB=  166.9914> <Mlp= 1706.2905> <PB=1166.334> 
<DWph=2> <it= 18> <et=0.20> <Mt= 0.00> <Spt= 0.01> <nCl= 90> <al=0.33> <DB=  179.0374> <Mlp= 1500.6130> <PB=1166.334> 
<DWph=2> <it= 19> <et=0.21> <Mt= 0.00> <Spt= 0.00> <nCl= 90> <al=0.40> <DB=  390.2990> <Mlp= 1402.2012> <PB=1166.334> 
<DWph=2> <it= 20> <et=0.22> <Mt= 0.00> <Spt= 0.01> <nCl= 82> <al=0.46> <DB=  771.6419> <Mlp= 1283.2673> <PB=1166.334> 
<DWph=2> <it= 21> <et=0.23> <Mt= 0.01> <Spt= 0.01> <nCl= 86> <al=0.36> <DB=  902.1445> <Mlp= 1231.2019> <PB=1166.334> 
<DWph=2> <it= 22> <et=0.23> <Mt= 0.00> <Spt= 0.01> <nCl= 80> <al=0.42> <DB= 1003.4234> <Mlp= 1195.1274> <PB=1166.334> 
<DWph=2> <it= 23> <et=0.24> <Mt= 0.00> <Spt= 0.00> <nCl= 60> <al=0.48> <DB= 1040.2905> <Mlp= 1155.5687> <PB=1166.334> 
<DWph=2> <it= 24> <et=0.25> <Mt= 0.00> <Spt= 0.01> <nCl= 57> <al=0.53> <DB= 1054.3050> <Mlp= 1137.6606> <PB=1166.334> 
<DWph=2> <it= 25> <et=0.26> <Mt= 0.00> <Spt= 0.01> <nCl= 37> <al=0.58> <DB= 1076.6496> <Mlp= 1128.3797> <PB=1166.334> 
<DWph=2> <it= 26> <et=0.27> <Mt= 0.00> <Spt= 0.00> <nCl= 29> <al=0.62> <DB= 1093.2403> <Mlp= 1125.7308> <PB=1166.334> 
<DWph=2> <it= 27> <et=0.27> <Mt= 0.00> <Spt= 0.01> <nCl= 21> <al=0.52> <DB= 1105.2740> <Mlp= 1124.7560> <PB=1166.334> 
<DWph=2> <it= 28> <et=0.28> <Mt= 0.00> <Spt= 0.00> <nCl= 22> <al=0.42> <DB= 1090.9442> <Mlp= 1123.9238> <PB=1166.334> 
<DWph=2> <it= 29> <et=0.29> <Mt= 0.01> <Spt= 0.01> <nCl= 18> <al=0.48> <DB= 1104.0700> <Mlp= 1123.1881> <PB=1166.334> 
<DWph=2> <it= 30> <et=0.30> <Mt= 0.00> <Spt= 0.01> <nCl= 26> <al=0.06> <DB= 1119.8491> <Mlp= 1123.0162> <PB=1166.334> 
<DWph=2> <it= 31> <et=0.31> <Mt= 0.00> <Spt= 0.02> <nCl=  2> <al=0.00> <DB= 1123.0058> <Mlp= 1123.0058> <PB=1166.334> 
<DWph=1> <it= 32> <et=0.33> <Mt= 0.00> <Spt= 0.01> <nCl= 23> <al=0.33> <DB= 1108.2355> <Mlp= 1123.0058> <PB=1166.334> 
<DWph=1> <it= 33> <et=0.34> <Mt= 0.00> <Spt= 0.01> <nCl= 12> <al=0.40> <DB= 1116.3108> <Mlp= 1121.6449> <PB=1166.334> 
<DWph=1> <it= 34> <et=0.36> <Mt= 0.00> <Spt= 0.02> <nCl=  9> <al=0.00> <DB= 1120.0074> <Mlp= 1121.6119> <PB=1166.334> 
<DWph=1> <it= 35> <et=0.38> <Mt= 0.00> <Spt= 0.02> <nCl=  8> <al=0.00> <DB= 1121.6022> <Mlp= 1121.6022> <PB=1166.334> 
    RCSP exact solver info for graph G_1 : TT = 0.001347, pt = 1e-05, dt = 0.000893, ct = 0.000273, ndl = 0', bdl = 1', odl = 0', odf = 1', bsi = 0', cnt = 0', bdch = 2', odch = 0', lcp = 0', #sols = 150
    RCSP exact solver info for graph G_2 : TT = 0.004126, pt = 1.2e-05, dt = 0.003327, ct = 0.000588, ndl = 1', bdl = 14', odl = 1', odf = 7', bsi = 1', cnt = 2', bdch = 70', odch = 6', lcp = 4', #sols = 150
    RCSP exact solver info for graph G_3 : TT = 0.010668, pt = 2e-05, dt = 0.009385, ct = 0.00098, ndl = 2', bdl = 71', odl = 3', odf = 21', bsi = 1', cnt = 4', bdch = 720', odch = 42', lcp = 32', #sols = 150
    RCSP exact solver info for graph G_1 : TT = 0.001206, pt = 3.9e-05, dt = 0.000701, ct = 0.000273, ndl = 0', bdl = 1', odl = 0', odf = 1', bsi = 0', cnt = 0', bdch = 2', odch = 0', lcp = 0', #sols = 150
    RCSP exact solver info for graph G_2 : TT = 0.003215, pt = 4.2e-05, dt = 0.00234, ct = 0.000607, ndl = 1', bdl = 14', odl = 1', odf = 7', bsi = 1', cnt = 2', bdch = 70', odch = 6', lcp = 4', #sols = 150
    RCSP exact solver info for graph G_3 : TT = 0.008855, pt = 3.1e-05, dt = 0.007543, ct = 0.001, ndl = 2', bdl = 71', odl = 3', odf = 21', bsi = 1', cnt = 4', bdch = 720', odch = 42', lcp = 32', #sols = 150
<DWph=0> <it= 36> <et=0.42> <Mt= 0.00> <Spt= 0.04> <nCl=252> <al=0.00> <DB= 1121.6022> <Mlp= 1121.6022> <PB=1166.334> 
Dynamic params and stats :  aver.obdmd = 16.3077 aver.buck.num. = 21
@@ 1 0 1121.6 0.00107 0.001166 54.508 0.42
Dynamic params and stats :  aver.obdmd = 19.8269 aver.buck.num. = 23
@@ 1 0 1121.6 0.003431 0.003915 81.2502 0.42
Dynamic params and stats :  aver.obdmd = 21.8269 aver.buck.num. = 24
@@ 1 0 1121.6 0.009454 0.010365 88.4578 0.42
Labels distribution in buckets (bucket size) : largest - 5, top 0.1% - 5, top 0.5% - 4, top 2% - 3, top 10% - 2, top 50% - 0
Reduced cost fixing for graph G_1... 13214 buck. arcs remain (55.2% from prev., 30.1% from max.) + 1213 jump buck. arcs (2.76% from max.)
 TT = 0.007901, pt = 0.000735, dt = 0.001159, ct = 0.005893, ndl = 1', bdl = 13', odl = 0', odf = 6', lpcb = 11', cnt = 14', bdch = 48', odch = 6', lcp = 3'
Labels distribution in buckets (bucket size) : largest - 6, top 0.1% - 6, top 0.5% - 5, top 2% - 4, top 10% - 2, top 50% - 1
Run forward enumeration with border = 20... succeeded! lpt = 0.012416, ndl = 1', dl = 4', lpcb = 39', dch = 164'
Run enumeration concatenation with time limit 0.3 sec.... succeeded!
Sorting and storing enumerated solutions ... done!
 TT = 0.030261, pt = 0.001988, dt = 0.012416, ct = 0.00707, ndl = 1', bdl = 4', lpcb = 39', cnt = 26', bdch = 164', odch = 0', lcp = 0'
Enumeration succeeded!, number of elem. solutions is 8591
Estimating inspection time...     TT = 0.00033, performed by inspection with 8591 solutions, nbR1C = 0, nbDiscC = 0
Inspection time is low enough. Pricing will be done by inspection.
Labels distribution in buckets (bucket size) : largest - 13, top 0.1% - 13, top 0.5% - 12, top 2% - 8, top 10% - 5, top 50% - 1
Reduced cost fixing for graph G_2... 20478 buck. arcs remain (47.6% from prev., 38.7% from max.) + 3619 jump buck. arcs (6.83% from max.)
 TT = 0.020632, pt = 0.002139, dt = 0.006557, ct = 0.011783, ndl = 5', bdl = 62', odl = 2', odf = 25', lpcb = 104', cnt = 73', bdch = 501', odch = 57', lcp = 40'
Labels distribution in buckets (bucket size) : largest - 15, top 0.1% - 15, top 0.5% - 12, top 2% - 9, top 10% - 6, top 50% - 1
Run forward enumeration with border = 40... succeeded! lpt = 0.079746, ndl = 16', dl = 25', lpcb = 384', dch = 545'
Run enumeration concatenation with time limit 0.3 sec.... succeeded!
Sorting and storing enumerated solutions ... done!
 TT = 0.353637, pt = 0.00202, dt = 0.079746, ct = 0.126133, ndl = 16', bdl = 25', lpcb = 384', cnt = 236', bdch = 545', odch = 0', lcp = 0'
Enumeration succeeded!, number of elem. solutions is 87945
Estimating inspection time...     TT = 0.006533, performed by inspection with 87945 solutions, nbR1C = 0, nbDiscC = 0
Inspection time is low enough. Pricing will be done by inspection.
Labels distribution in buckets (bucket size) : largest - 39, top 0.1% - 39, top 0.5% - 33, top 2% - 26, top 10% - 14, top 50% - 2
Reduced cost fixing for graph G_3... 16679 buck. arcs remain (32.5% from prev., 28.7% from max.) + 5968 jump buck. arcs (10.3% from max.)
 TT = 0.030446, pt = 0.004089, dt = 0.011635, ct = 0.014548, ndl = 10', bdl = 103', odl = 4', odf = 41', lpcb = 249', cnt = 138', bdch = 1233', odch = 161', lcp = 98'
Labels distribution in buckets (bucket size) : largest - 44, top 0.1% - 44, top 0.5% - 35, top 2% - 29, top 10% - 15, top 50% - 3
Run forward enumeration with border = 70... succeeded! lpt = 0.18016, ndl = 56', dl = 31', lpcb = 1003', dch = 328'
Run enumeration concatenation with time limit 0.3 sec.... time limit reached, not succeeded.
Sorting and storing enumerated solutions ...  TT = 0.578989, pt = 0.001957, dt = 0.18016, ct = 0.307082, ndl = 56', bdl = 31', lpcb = 1003', cnt = 901', bdch = 328', odch = 0', lcp = 0'
Added 377 columns in the formulation 
Added 335 columns in the formulation 
Removed 778 columns (not in the enumerated set) from the formulation
Regenerated 712 columns with the 'enumerated' flag
<DWph=2> <it= 37> <et=1.51> <Mt= 0.02> <Spt= 0.00> <nCl= 12> <al=0.00> <DB= 1122.2483> <Mlp= 1122.2483> <PB=1166.334> 
<DWph=1> <it= 38> <et=1.52> <Mt= 0.00> <Spt= 0.01> <nCl=  4> <al=0.00> <DB= 1122.2483> <Mlp= 1122.2483> <PB=1166.334> 
    TT = 0.000237, performed by inspection with 8591 solutions, nbR1C = 0, nbDiscC = 0
    TT = 0.003427, performed by inspection with 87945 solutions, nbR1C = 0, nbDiscC = 0
    RCSP exact solver info for graph G_3 : TT = 0.005286, pt = 1.3e-05, dt = 0.004109, ct = 0.000787, ndl = 3', bdl = 17', odl = 2', odf = 20', bsi = 1', cnt = 4', bdch = 221', odch = 46', lcp = 31', #sols = 150
    TT = 0.000235, performed by inspection with 8591 solutions, nbR1C = 0, nbDiscC = 0
    TT = 0.003371, performed by inspection with 87945 solutions, nbR1C = 0, nbDiscC = 0
    RCSP exact solver info for graph G_3 : TT = 0.005162, pt = 2.3e-05, dt = 0.004036, ct = 0.000796, ndl = 3', bdl = 17', odl = 2', odf = 20', bsi = 1', cnt = 4', bdch = 221', odch = 46', lcp = 31', #sols = 150
<DWph=0> <it= 39> <et=1.55> <Mt= 0.00> <Spt= 0.03> <nCl=195> <al=0.00> <DB= 1122.2483> <Mlp= 1122.2483> <PB=1166.334> 
Dynamic params and stats :  aver.obdmd = 16.3077 aver.buck.num. = 21
@@ 1 0 1122.25 0.000236 0.000237 0 1.55
Dynamic params and stats :  aver.obdmd = 19.8269 aver.buck.num. = 23
@@ 1 0 1122.25 0.003399 0.003427 0 1.55
Dynamic params and stats :  aver.obdmd = 21.8269 aver.buck.num. = 24
@@ 1 0 1122.25 0.004864 0.004896 28.7074 1.55
Reduced cost fixing for graph G_1...  took 0 sec., done by inspection with 8591 solutions, remains 8122 (94.5%)
Reduced cost fixing for graph G_2...  took 0 sec., done by inspection with 87945 solutions, remains 76879 (87.4%)
Removed 8 columns (not in the enumerated set) from the formulation
    Full reduced cost fixing is not called (gap ratio is 0.985556)
ColGenEvalAlg final dual bound: 1122.25 (rounded: 1122.25)
Shrinking heuristic shrunk 6 edges
1 Rank-1 1-rows pack. cuts added ,  max viol. = 0.431002, aver. viol. = 0.431002
150 Rank-1 3-rows pack. cuts added ,  max viol. = 0.490957, aver. viol. = 0.175944
----- Add fac. cuts : R1C(151), max.viol = 0.490957, aver.viol = 0.177633, sep/add took 0.00859598/0.0466607 sec. -----
1854 columns (1854 active), 151 dyn. constrs. (151 active), 256 art. vars. (256 active)
<DWph=2> <it=  1> <et=1.64> <Mt= 0.01> <Spt= 0.00> <nCl= 12> <al=0.50> <DB= 1133.6268> <Mlp= 1142.2812> <PB=1166.334> 
<DWph=2> <it=  2> <et=1.66> <Mt= 0.01> <Spt= 0.01> <nCl= 17> <al=0.40> <DB= 1121.3628> <Mlp= 1142.0091> <PB=1166.334> 
<DWph=2> <it=  3> <et=1.67> <Mt= 0.00> <Spt= 0.00> <nCl= 12> <al=0.30> <DB= 1132.6548> <Mlp= 1141.5041> <PB=1166.334> 
<DWph=2> <it=  4> <et=1.67> <Mt= 0.00> <Spt= 0.01> <nCl= 10> <al=0.20> <DB= 1137.2974> <Mlp= 1141.4369> <PB=1166.334> 
<DWph=2> <it=  5> <et=1.68> <Mt= 0.01> <Spt= 0.00> <nCl= 13> <al=0.10> <DB= 1130.4839> <Mlp= 1141.4188> <PB=1166.334> 
<DWph=2> <it=  6> <et=1.69> <Mt= 0.00> <Spt= 0.01> <nCl= 14> <al=0.00> <DB= 1137.4015> <Mlp= 1141.3703> <PB=1166.334> 
<DWph=2> <it=  7> <et=1.69> <Mt= 0.00> <Spt= 0.00> <nCl= 10> <al=0.00> <DB= 1127.2442> <Mlp= 1141.3703> <PB=1166.334> 
<DWph=2> <it=  8> <et=1.70> <Mt= 0.00> <Spt= 0.00> <nCl=  9> <al=0.00> <DB= 1134.8747> <Mlp= 1141.0193> <PB=1166.334> 
<DWph=2> <it=  9> <et=1.70> <Mt= 0.00> <Spt= 0.01> <nCl=  6> <al=0.00> <DB= 1141.0193> <Mlp= 1141.0193> <PB=1166.334> 
<DWph=1> <it= 10> <et=1.71> <Mt= 0.00> <Spt= 0.00> <nCl= 15> <al=0.00> <DB= 1133.7485> <Mlp= 1141.0193> <PB=1166.334> 
<DWph=1> <it= 11> <et=1.72> <Mt= 0.01> <Spt= 0.01> <nCl=  9> <al=0.00> <DB= 1117.7518> <Mlp= 1140.9700> <PB=1166.334> 
<DWph=1> <it= 12> <et=1.73> <Mt= 0.00> <Spt= 0.01> <nCl=  7> <al=0.00> <DB= 1140.9700> <Mlp= 1140.9700> <PB=1166.334> 
    TT = 0.000528, performed by inspection with 8122 solutions, nbR1C = 30, nbDiscC = 0
    TT = 0.008751, performed by inspection with 76879 solutions, nbR1C = 30, nbDiscC = 0
    RCSP exact solver info for graph G_3 : TT = 0.015146, pt = 0.00019, dt = 0.012313, ct = 0.00225, ndl = 4', bdl = 24', odl = 3', odf = 27', bsi = 2', cnt = 24', bdch = 398', odch = 82', lcp = 54', #sols = 150
<DWph=0> <it= 13> <et=1.77> <Mt= 0.00> <Spt= 0.04> <nCl=262> <al=0.00> <DB= 1086.2526> <Mlp= 1140.9700> <PB=1166.334> 
    TT = 0.000534, performed by inspection with 8122 solutions, nbR1C = 25, nbDiscC = 0
    TT = 0.008574, performed by inspection with 76879 solutions, nbR1C = 25, nbDiscC = 0
    RCSP exact solver info for graph G_3 : TT = 0.011605, pt = 0.000184, dt = 0.009223, ct = 0.001882, ndl = 4', bdl = 22', odl = 3', odf = 24', bsi = 2', cnt = 12', bdch = 325', odch = 64', lcp = 43', #sols = 150
<DWph=0> <it= 14> <et=1.81> <Mt= 0.00> <Spt= 0.03> <nCl=123> <al=0.00> <DB= 1122.2038> <Mlp= 1139.3605> <PB=1166.334> 
    TT = 0.000533, performed by inspection with 8122 solutions, nbR1C = 25, nbDiscC = 0
    TT = 0.008555, performed by inspection with 76879 solutions, nbR1C = 25, nbDiscC = 0
    RCSP exact solver info for graph G_3 : TT = 0.011647, pt = 0.000183, dt = 0.009256, ct = 0.001891, ndl = 4', bdl = 22', odl = 3', odf = 24', bsi = 2', cnt = 12', bdch = 332', odch = 64', lcp = 43', #sols = 150
<DWph=0> <it= 15> <et=1.84> <Mt= 0.01> <Spt= 0.03> <nCl= 17> <al=0.00> <DB= 1139.3605> <Mlp= 1139.3605> <PB=1166.334> 
Dynamic params and stats :  aver.obdmd = 16.3077 aver.buck.num. = 21 nbR1C = 25 with avMem = 3.72
@@ 1 1 1139.36 0.000531667 0.000534 0 1.84
Dynamic params and stats :  aver.obdmd = 19.8269 aver.buck.num. = 23 nbR1C = 25 with avMem = 3.72
@@ 1 1 1139.36 0.00862667 0.008751 0 1.84
Dynamic params and stats :  aver.obdmd = 21.8269 aver.buck.num. = 24 nbR1C = 25 with avMem = 3.72
@@ 1 1 1139.36 0.0122717 0.014563 28.7074 1.84
Reduced cost fixing for graph G_1...  took 0 sec., done by inspection with 8122 solutions, remains 4608 (56.7%)
Reduced cost fixing for graph G_2...  took 0.01 sec., done by inspection with 76879 solutions, remains 21928 (28.5%)
Labels distribution in buckets (bucket size) : largest - 45, top 0.1% - 45, top 0.5% - 41, top 2% - 34, top 10% - 20, top 50% - 4
Reduced cost fixing for graph G_3... 9738 buck. arcs remain (58.4% from prev., 16.8% from max.) + 5298 jump buck. arcs (9.12% from max.)
 TT = 0.034949, pt = 0.004821, dt = 0.014381, ct = 0.015323, ndl = 12', bdl = 78', odl = 3', odf = 41', lpcb = 110', cnt = 137', bdch = 789', odch = 183', lcp = 116'
Labels distribution in buckets (bucket size) : largest - 53, top 0.1% - 53, top 0.5% - 45, top 2% - 36, top 10% - 21, top 50% - 4
Run forward enumeration with border = 70... succeeded! lpt = 0.061239, ndl = 17', dl = 4', lpcb = 227', dch = 41'
Run enumeration concatenation with time limit 0.3399 sec.... succeeded!
Sorting and storing enumerated solutions ... done!
 TT = 0.180076, pt = 0, dt = 0.061239, ct = 0.055938, ndl = 17', bdl = 4', lpcb = 227', cnt = 441', bdch = 41', odch = 0', lcp = 0'
Enumeration succeeded!, number of elem. solutions is 35036
Estimating inspection time...     TT = 0.009812, performed by inspection with 35036 solutions, nbR1C = 25, nbDiscC = 0
Inspection time is low enough. Pricing will be done by inspection.
Added 587 columns in the formulation 
Removed 748 columns (not in the enumerated set) from the formulation
Regenerated 587 columns with the 'enumerated' flag
<DWph=2> <it= 16> <et=2.18> <Mt= 0.04> <Spt= 0.00> <nCl=  0> <al=0.00> <DB= 1140.0601> <Mlp= 1140.0601> <PB=1166.334> 
<DWph=1> <it= 17> <et=2.18> <Mt= 0.00> <Spt= 0.00> <nCl=  0> <al=0.00> <DB= 1140.0601> <Mlp= 1140.0601> <PB=1166.334> 
    TT = 0.000375, performed by inspection with 4608 solutions, nbR1C = 41, nbDiscC = 0
    TT = 0.003059, performed by inspection with 21928 solutions, nbR1C = 41, nbDiscC = 0
    TT = 0.005993, performed by inspection with 35036 solutions, nbR1C = 41, nbDiscC = 0
    TT = 0.000341, performed by inspection with 4608 solutions, nbR1C = 33, nbDiscC = 0
    TT = 0.002745, performed by inspection with 21928 solutions, nbR1C = 33, nbDiscC = 0
    TT = 0.005288, performed by inspection with 35036 solutions, nbR1C = 33, nbDiscC = 0
<DWph=0> <it= 18> <et=2.22> <Mt= 0.00> <Spt= 0.04> <nCl=109> <al=0.00> <DB= 1140.0601> <Mlp= 1140.0601> <PB=1166.334> 
Dynamic params and stats :  aver.obdmd = 16.3077 aver.buck.num. = 21 nbR1C = 33 with avMem = 4.0303
@@ 1 1 1140.06 0.000358 0.000375 0 2.22
Dynamic params and stats :  aver.obdmd = 19.8269 aver.buck.num. = 23 nbR1C = 33 with avMem = 4.0303
@@ 1 1 1140.06 0.002902 0.003059 0 2.22
Dynamic params and stats :  aver.obdmd = 21.8269 aver.buck.num. = 24 nbR1C = 33 with avMem = 4.0303
@@ 1 1 1140.06 0.0056405 0.005993 0 2.22
Reduced cost fixing for graph G_1...  took 0 sec., done by inspection with 4608 solutions, remains 3858 (83.7%)
Reduced cost fixing for graph G_2...  took 0 sec., done by inspection with 21928 solutions, remains 16719 (76.2%)
Reduced cost fixing for graph G_3...  took 0 sec., done by inspection with 35036 solutions, remains 27064 (77.2%)
Removed 35 columns (not in the enumerated set) from the formulation
    Full reduced cost fixing is not called (gap ratio is 0.974066)
ColGenEvalAlg final dual bound: 1140.06 (rounded: 1140.06)
Gap improvement since the last cut separation : 0.404026 (1122.25)
Current active cuts : R1C(33,114.169) 3rowPackR1C(33)
Shrinking heuristic shrunk 15 edges
In total 1 RCC cut(s) are found by the Fractional capacity min-cut heuristic 
64 Rank-1 3-rows pack. cuts added ,  max viol. = 0.45679, aver. viol. = 0.202353
Building structures for heuristic rank-1 packing cut separation...done!
67 Rank-1 4-rows pack. cuts added ,  max viol. = 0.584362, aver. viol. = 0.234752
100 Rank-1 5-rows pack. cuts added ,  max viol. = 0.584362, aver. viol. = 0.413909
----- Add fac. cuts : CAP(1) R1C(231), max.viol = 0.584362, aver.viol = 0.30238, sep/add took 0.275518/0.0636509 sec. -----
2780 columns (1716 active), 383 dyn. constrs. (265 active), 488 art. vars. (370 active)
<DWph=2> <it=  1> <et=2.61> <Mt= 0.00> <Spt= 0.00> <nCl=  0> <al=0.00> <DB= 1141.9048> <Mlp= 1141.9048> <PB=1166.334> 
<DWph=1> <it=  2> <et=2.61> <Mt= 0.00> <Spt= 0.00> <nCl=  0> <al=0.00> <DB= 1141.9048> <Mlp= 1141.9048> <PB=1166.334> 
    TT = 0.00036, performed by inspection with 3858 solutions, nbR1C = 52, nbDiscC = 0
    TT = 0.002535, performed by inspection with 16719 solutions, nbR1C = 52, nbDiscC = 0
    TT = 0.004949, performed by inspection with 27064 solutions, nbR1C = 52, nbDiscC = 0
    TT = 0.000338, performed by inspection with 3858 solutions, nbR1C = 48, nbDiscC = 0
    TT = 0.002393, performed by inspection with 16719 solutions, nbR1C = 48, nbDiscC = 0
    TT = 0.004674, performed by inspection with 27064 solutions, nbR1C = 48, nbDiscC = 0
<DWph=0> <it=  3> <et=2.64> <Mt= 0.00> <Spt= 0.03> <nCl= 34> <al=0.00> <DB= 1141.9048> <Mlp= 1141.9048> <PB=1166.334> 
Dynamic params and stats :  aver.obdmd = 16.3077 aver.buck.num. = 21 nbR1C = 48 with avMem = 3.77083
@@ 1 2 1141.9 0.000349 0.00036 0 2.64
Dynamic params and stats :  aver.obdmd = 19.8269 aver.buck.num. = 23 nbR1C = 48 with avMem = 3.77083
@@ 1 2 1141.9 0.002464 0.002535 0 2.64
Dynamic params and stats :  aver.obdmd = 21.8269 aver.buck.num. = 24 nbR1C = 48 with avMem = 3.77083
@@ 1 2 1141.9 0.0048115 0.004949 0 2.64
Reduced cost fixing for graph G_1...  took 0 sec., done by inspection with 3858 solutions, remains 3419 (88.6%)
Reduced cost fixing for graph G_2...  took 0 sec., done by inspection with 16719 solutions, remains 13927 (83.3%)
Reduced cost fixing for graph G_3...  took 0 sec., done by inspection with 27064 solutions, remains 24250 (89.6%)
Removed 16 columns (not in the enumerated set) from the formulation
    Full reduced cost fixing is not called (gap ratio is 0.905675)
ColGenEvalAlg final dual bound: 1141.9 (rounded: 1141.9)
Gap improvement since the last cut separation : 0.0702122 (1140.06)
Current active cuts : R1C(48,131.461) 3rowPackR1C(40) 4rowPackR1C(7) 5rowPackR1C(1)
Shrinking heuristic shrunk 11 edges
38 Rank-1 3-rows pack. cuts added ,  max viol. = 0.333333, aver. viol. = 0.137061
Building structures for heuristic rank-1 packing cut separation...done!
46 Rank-1 4-rows pack. cuts added ,  max viol. = 0.333333, aver. viol. = 0.197464
100 Rank-1 5-rows pack. cuts added ,  max viol. = 0.333333, aver. viol. = 0.269167
----- Add fac. cuts : R1C(184), max.viol = 0.333333, aver.viol = 0.223958, sep/add took 0.27457/0.0517408 sec. -----
1750 columns (1734 active), 449 dyn. constrs. (232 active), 672 art. vars. (337 active)
<DWph=2> <it=  1> <et=3.03> <Mt= 0.01> <Spt= 0.01> <nCl=  0> <al=0.00> <DB= 1142.1452> <Mlp= 1142.1452> <PB=1166.334> 
<DWph=1> <it=  2> <et=3.03> <Mt= 0.00> <Spt= 0.00> <nCl=  0> <al=0.00> <DB= 1142.1452> <Mlp= 1142.1452> <PB=1166.334> 
    TT = 0.000343, performed by inspection with 3419 solutions, nbR1C = 55, nbDiscC = 0
    TT = 0.002106, performed by inspection with 13927 solutions, nbR1C = 55, nbDiscC = 0
    TT = 0.004597, performed by inspection with 24250 solutions, nbR1C = 55, nbDiscC = 0
<DWph=0> <it=  3> <et=3.05> <Mt= 0.00> <Spt= 0.01> <nCl= 29> <al=0.30> <DB= 1142.1307> <Mlp= 1142.1452> <PB=1166.334> 
    TT = 0.000335, performed by inspection with 3419 solutions, nbR1C = 55, nbDiscC = 0
    TT = 0.002064, performed by inspection with 13927 solutions, nbR1C = 55, nbDiscC = 0
    TT = 0.004584, performed by inspection with 24250 solutions, nbR1C = 55, nbDiscC = 0
    TT = 0.000308, performed by inspection with 3419 solutions, nbR1C = 45, nbDiscC = 0
    TT = 0.001903, performed by inspection with 13927 solutions, nbR1C = 45, nbDiscC = 0
    TT = 0.004095, performed by inspection with 24250 solutions, nbR1C = 45, nbDiscC = 0
<DWph=0> <it=  4> <et=3.07> <Mt= 0.00> <Spt= 0.03> <nCl=  5> <al=0.00> <DB= 1142.1452> <Mlp= 1142.1452> <PB=1166.334> 
Dynamic params and stats :  aver.obdmd = 16.3077 aver.buck.num. = 21 nbR1C = 45 with avMem = 3.82222
@@ 1 3 1142.15 0.000328667 0.000343 0 3.07
Dynamic params and stats :  aver.obdmd = 19.8269 aver.buck.num. = 23 nbR1C = 45 with avMem = 3.82222
@@ 1 3 1142.15 0.00202433 0.002106 0 3.07
Dynamic params and stats :  aver.obdmd = 21.8269 aver.buck.num. = 24 nbR1C = 45 with avMem = 3.82222
@@ 1 3 1142.15 0.00442533 0.004597 0 3.07
Reduced cost fixing for graph G_1...  took 0 sec., done by inspection with 3419 solutions, remains 3279 (95.9%)
Reduced cost fixing for graph G_2...  took 0 sec., done by inspection with 13927 solutions, remains 12593 (90.4%)
Reduced cost fixing for graph G_3...  took 0 sec., done by inspection with 24250 solutions, remains 22844 (94.2%)
Removed 5 columns (not in the enumerated set) from the formulation
ColGenEvalAlg final dual bound: 1142.15 (rounded: 1142.15)
Gap improvement since the last cut separation : 0.00983921 (1141.9)
Cut generation tailing off counter increased to 1
Current active cuts : R1C(45,130.635) 3rowPackR1C(35) 4rowPackR1C(8) 5rowPackR1C(2)
Shrinking heuristic shrunk 19 edges
15 Rank-1 3-rows pack. cuts added ,  max viol. = 0.0714286, aver. viol. = 0.0714286
Building structures for heuristic rank-1 packing cut separation...done!
29 Rank-1 4-rows pack. cuts added ,  max viol. = 0.214286, aver. viol. = 0.105911
100 Rank-1 5-rows pack. cuts added ,  max viol. = 0.214286, aver. viol. = 0.101429
----- Add fac. cuts : R1C(144), max.viol = 0.214286, aver.viol = 0.133929, sep/add took 0.234161/0.0421961 sec. -----
1768 columns (1763 active), 376 dyn. constrs. (189 active), 816 art. vars. (294 active)
<DWph=2> <it=  1> <et=3.40> <Mt= 0.00> <Spt= 0.00> <nCl=  0> <al=0.00> <DB= 1142.5167> <Mlp= 1142.5167> <PB=1166.334> 
<DWph=1> <it=  2> <et=3.40> <Mt= 0.00> <Spt= 0.00> <nCl=  0> <al=0.00> <DB= 1142.5167> <Mlp= 1142.5167> <PB=1166.334> 
    TT = 0.00035, performed by inspection with 3279 solutions, nbR1C = 52, nbDiscC = 0
    TT = 0.001805, performed by inspection with 12593 solutions, nbR1C = 52, nbDiscC = 0
    TT = 0.004336, performed by inspection with 22844 solutions, nbR1C = 52, nbDiscC = 0
    TT = 0.000322, performed by inspection with 3279 solutions, nbR1C = 49, nbDiscC = 0
    TT = 0.001724, performed by inspection with 12593 solutions, nbR1C = 49, nbDiscC = 0
    TT = 0.004146, performed by inspection with 22844 solutions, nbR1C = 49, nbDiscC = 0
<DWph=0> <it=  3> <et=3.42> <Mt= 0.00> <Spt= 0.03> <nCl=  9> <al=0.00> <DB= 1142.5167> <Mlp= 1142.5167> <PB=1166.334> 
Dynamic params and stats :  aver.obdmd = 16.3077 aver.buck.num. = 21 nbR1C = 49 with avMem = 3.93878
@@ 1 4 1142.52 0.000336 0.00035 0 3.42
Dynamic params and stats :  aver.obdmd = 19.8269 aver.buck.num. = 23 nbR1C = 49 with avMem = 3.93878
@@ 1 4 1142.52 0.0017645 0.001805 0 3.42
Dynamic params and stats :  aver.obdmd = 21.8269 aver.buck.num. = 24 nbR1C = 49 with avMem = 3.93878
@@ 1 4 1142.52 0.004241 0.004336 0 3.42
Reduced cost fixing for graph G_1...  took 0 sec., done by inspection with 3279 solutions, remains 3238 (98.7%)
Reduced cost fixing for graph G_2...  took 0 sec., done by inspection with 12593 solutions, remains 12120 (96.2%)
Reduced cost fixing for graph G_3...  took 0 sec., done by inspection with 22844 solutions, remains 22324 (97.7%)
Removed 2 columns (not in the enumerated set) from the formulation
    Full reduced cost fixing is not called (gap ratio is 0.984639)
ColGenEvalAlg final dual bound: 1142.52 (rounded: 1142.52)
Gap improvement since the last cut separation : 0.0153613 (1142.15)
Cut generation tailing off counter increased to 2
Current active cuts : R1C(49,142.25) 3rowPackR1C(35) 4rowPackR1C(7) 5rowPackR1C(7)
Shrinking heuristic shrunk 9 edges
34 Rank-1 3-rows pack. cuts added ,  max viol. = 0.186813, aver. viol. = 0.0762767
Building structures for heuristic rank-1 packing cut separation...done!
84 Rank-1 4-rows pack. cuts added ,  max viol. = 0.186813, aver. viol. = 0.0902669
100 Rank-1 5-rows pack. cuts added ,  max viol. = 0.186813, aver. viol. = 0.153187
----- Add fac. cuts : R1C(218), max.viol = 0.307692, aver.viol = 0.122593, sep/add took 0.320466/0.0645639 sec. -----
1772 columns (1770 active), 407 dyn. constrs. (267 active), 1034 art. vars. (372 active)
<DWph=2> <it=  1> <et=3.86> <Mt= 0.01> <Spt= 0.00> <nCl=  0> <al=0.00> <DB= 1142.7322> <Mlp= 1142.7322> <PB=1166.334> 
<DWph=1> <it=  2> <et=3.86> <Mt= 0.00> <Spt= 0.00> <nCl=  0> <al=0.00> <DB= 1142.7322> <Mlp= 1142.7322> <PB=1166.334> 
    TT = 0.000372, performed by inspection with 3238 solutions, nbR1C = 60, nbDiscC = 0
    TT = 0.001931, performed by inspection with 12120 solutions, nbR1C = 60, nbDiscC = 0
    TT = 0.004971, performed by inspection with 22324 solutions, nbR1C = 60, nbDiscC = 0
    TT = 0.000358, performed by inspection with 3238 solutions, nbR1C = 60, nbDiscC = 0
    TT = 0.00188, performed by inspection with 12120 solutions, nbR1C = 60, nbDiscC = 0
    TT = 0.004872, performed by inspection with 22324 solutions, nbR1C = 60, nbDiscC = 0
<DWph=0> <it=  3> <et=3.88> <Mt= 0.00> <Spt= 0.03> <nCl= 13> <al=0.00> <DB= 1142.7322> <Mlp= 1142.7322> <PB=1166.334> 
Dynamic params and stats :  aver.obdmd = 16.3077 aver.buck.num. = 21 nbR1C = 60 with avMem = 4.01667
@@ 1 5 1142.73 0.000365 0.000372 0 3.88
Dynamic params and stats :  aver.obdmd = 19.8269 aver.buck.num. = 23 nbR1C = 60 with avMem = 4.01667
@@ 1 5 1142.73 0.0019055 0.001931 0 3.88
Dynamic params and stats :  aver.obdmd = 21.8269 aver.buck.num. = 24 nbR1C = 60 with avMem = 4.01667
@@ 1 5 1142.73 0.0049215 0.004971 0 3.88
Reduced cost fixing for graph G_1...  took 0 sec., done by inspection with 3238 solutions, remains 3215 (99.3%)
Reduced cost fixing for graph G_2...  took 0 sec., done by inspection with 12120 solutions, remains 11855 (97.8%)
Reduced cost fixing for graph G_3...  took 0 sec., done by inspection with 22324 solutions, remains 21786 (97.6%)
Removed 1 columns (not in the enumerated set) from the formulation
    Full reduced cost fixing is not called (gap ratio is 0.97573)
ColGenEvalAlg final dual bound: 1142.73 (rounded: 1142.73)
Gap improvement since the last cut separation : 0.00904731 (1142.52)
----- Cut generation is stopped due to tailing off -----
Current active cuts : R1C(60,145.515) 3rowPackR1C(35) 4rowPackR1C(14) 5rowPackR1C(11)
------------------------------------------------
-- Enumeration for restr. mast. heur. started --
------------------------------------------------
<DWph=2> <it=  1> <et=3.93> <Mt= 0.00> <Spt= 0.00> <nCl=  0> <al=0.50> <DB= 1142.7322> <Mlp= 1142.7322> <PB=1166.334> 
<DWph=1> <it=  2> <et=3.93> <Mt= 0.00> <Spt= 0.00> <nCl=  0> <al=0.50> <DB= 1142.7322> <Mlp= 1142.7322> <PB=1166.334> 
<DWph=0> <it=  3> <et=3.93> <Mt= 0.00> <Spt= 0.00> <nCl=  0> <al=0.50> <DB= 1142.7322> <Mlp= 1142.7322> <PB=1166.334> 
@@ 2 0 1142.73 0 0 0 3.93
@@ 2 0 1142.73 0 0 0 3.93
@@ 2 0 1142.73 0 0 0 3.93
<DWph=0> <it=  3> <et=3.93> <Mt= 0.00> <Spt= 0.00> <nCl=  0> <al=0.00> <DB= 1142.7322> <Mlp= 1142.7322> <PB=1166.334> 
False gap = 23.6018
Reduced cost fixing for graph G_1...  took 0 sec., done by inspection with 3215 solutions, remains 3215 (100%)
Reduced cost fixing for graph G_2...  took 0 sec., done by inspection with 11855 solutions, remains 11855 (100%)
Reduced cost fixing for graph G_3...  took 0 sec., done by inspection with 21786 solutions, remains 21786 (100%)
Added 5000 enum. columns to the heuristic restricted master 
Added 461 columns in the formulation 
Added 1317 columns in the formulation 
Added 2248 columns in the formulation 
------------------------------------------------
---- Restricted Master IP Heuristic started ----
------------------------------------------------
Version identifier: 20.1.0.0 | 2020-11-10 | 9bedb6d68
CPXPARAM_Advance                                 0
CPXPARAM_Threads                                 1
CPXPARAM_Emphasis_MIP                            1
CPXPARAM_MIP_Limits_Nodes                        2000000
CPXPARAM_Simplex_Tolerances_Optimality           9.9999999999999995e-08
CPXPARAM_Simplex_Tolerances_Feasibility          9.9999999999999995e-08
CPXPARAM_TimeLimit                               20
CPXPARAM_MIP_Tolerances_UpperCutoff              1166.3339999999998
CPXPARAM_MIP_Tolerances_MIPGap                   1.0000000000000001e-09
Tried aggregator 1 time.
MIP Presolve eliminated 0 rows and 607 columns.
MIP Presolve modified 66 coefficients.
Reduced MIP has 115 rows, 5201 columns, and 88425 nonzeros.
Reduced MIP has 5201 binaries, 0 generals, 0 SOSs, and 0 indicators.
Presolve time = 0.06 sec. (89.50 ticks)
Tried aggregator 1 time.
Detecting symmetries...
Reduced MIP has 115 rows, 5201 columns, and 88425 nonzeros.
Reduced MIP has 5201 binaries, 0 generals, 0 SOSs, and 0 indicators.
Presolve time = 0.04 sec. (66.25 ticks)
Probing fixed 21 vars, tightened 0 bounds.
Probing time = 0.12 sec. (181.00 ticks)
Clique table members: 1007.
MIP emphasis: integer feasibility.
MIP search method: dynamic search.
Parallel mode: none, using 1 thread.
Root relaxation solution time = 0.03 sec. (44.12 ticks)

        Nodes                                         Cuts/
   Node  Left     Objective  IInf  Best Integer    Best Bound    ItCnt     Gap

      0     0     1142.7322    67                   1142.7322      411         
      0     0     1143.5274    81                    Cuts: 24      481         
      0     0     1143.8664    96                    Cuts: 13      553         
      0     0     1144.4385    96                    Cuts: 28      652         
*     0+    0                         1162.8550     1144.4385             1.58%
*     0+    0                         1146.3824     1144.4385             0.17%
      0     0  -1.00000e+75     0     1146.3824     1144.4385      652    0.17%
Detecting symmetries...

Repeating presolve.
Tried aggregator 1 time.
MIP Presolve eliminated 7 rows and 4982 columns.
MIP Presolve modified 376 coefficients.
Reduced MIP has 104 rows, 219 columns, and 3086 nonzeros.
Reduced MIP has 219 binaries, 0 generals, 0 SOSs, and 0 indicators.
Presolve time = 0.01 sec. (13.79 ticks)
Probing fixed 45 vars, tightened 0 bounds.
Probing changed sense of 2 constraints.
Probing time = 0.00 sec. (1.90 ticks)
Cover probing fixed 4 vars, tightened 0 bounds.
Tried aggregator 1 time.
MIP Presolve eliminated 10 rows and 49 columns.
MIP Presolve modified 51 coefficients.
Reduced MIP has 94 rows, 170 columns, and 2131 nonzeros.
Reduced MIP has 170 binaries, 0 generals, 0 SOSs, and 0 indicators.
Presolve time = 0.00 sec. (2.32 ticks)
Probing time = 0.00 sec. (1.10 ticks)
Tried aggregator 1 time.
Reduced MIP has 94 rows, 170 columns, and 2131 nonzeros.
Reduced MIP has 170 binaries, 0 generals, 0 SOSs, and 0 indicators.
Presolve time = 0.00 sec. (1.56 ticks)
Represolve time = 0.02 sec. (34.45 ticks)
Probing time = 0.00 sec. (1.11 ticks)
Clique table members: 358.
MIP emphasis: integer feasibility.
MIP search method: dynamic search.
Parallel mode: none, using 1 thread.
Root relaxation solution time = 0.00 sec. (4.70 ticks)

        Nodes                                         Cuts/
   Node  Left     Objective  IInf  Best Integer    Best Bound    ItCnt     Gap

*     0+    0                         1146.3824     1144.4385             0.17%
      0     0     1144.7641    46     1146.3824     1144.7641      828    0.14%
      0     0     1144.8519    57     1146.3824      Cuts: 17      850    0.13%
*     0+    0                         1144.9360     1144.8519             0.01%
      0     0        cutoff           1144.9360     1144.8519      853    0.01%
Elapsed time = 0.90 sec. (1429.33 ticks, tree = 0.01 MB, solutions = 3)

Clique cuts applied:  10
Zero-half cuts applied:  6
Gomory fractional cuts applied:  1

Root node processing (before b&c):
  Real time             =    0.90 sec. (1429.58 ticks)
Sequential b&c:
  Real time             =    0.00 sec. (0.00 ticks)
                          ------------
Total (root+branch&cut) =    0.90 sec. (1429.58 ticks)
Solution status = Optimum
**** Strong branching phase 1 is started *****
SB phase 1 cand.  1 branch on VNB[0] (lhs=8.7935)     : [ 1143.3019,  1158.4086], score = 8.93      <et=5.08>
SB phase 1 cand.  2 branch on VNB[2] (lhs=3.7935)     : [ 1143.2484,  1545.5250], score = 12.18      <et=5.1>
SB phase 1 cand.  3 branch on ASB[3,21] (lhs=0.4994)  : [ 1143.5426,  1143.7562], score = 0.83      <et=5.11>
SB phase 1 cand.  4 branch on ASB[2,29] (lhs=0.4963)  : [ 1143.2771,  1144.1987], score = 0.80      <et=5.12>
SB phase 1 cand.  5 branch on ASB[3,1] (lhs=0.5098)   : [ 1143.4041,  1143.7415], score = 0.68      <et=5.13>
SB phase 1 cand.  6 branch on ASB[3,28] (lhs=0.5132)  : [ 1143.5146,  1143.5843], score = 0.67      <et=5.14>
SB phase 1 cand.  7 branch on ASB[2,48] (lhs=0.5349)  : [ 1142.9754,  1143.5354], score = 0.20      <et=5.15>
SB phase 1 cand.  8 branch on ASB[2,6] (lhs=0.4642)   : [ 1143.0519,  1143.4957], score = 0.24      <et=5.15>
SB phase 1 cand.  9 branch on ASB[3,6] (lhs=0.5358)   : [ 1143.0519,  1143.6807], score = 0.30      <et=5.16>
SB phase 1 cand. 10 branch on ASB[3,22] (lhs=0.5391)  : [ 1143.3837,  1144.0312], score = 0.85      <et=5.17>
SB phase 1 cand. 11 branch on ASB[3,2] (lhs=0.5456)   : [ 1143.2791,  1145.7817], score = 1.67      <et=5.19>
SB phase 1 cand. 12 branch on ASB[2,2] (lhs=0.4544)   : [ 1143.2791,  1145.7817], score = 1.67      <et=5.2>
SB phase 1 cand. 13 branch on ASB[2,16] (lhs=0.5487)  : [ 1143.3356,  1143.7505], score = 0.61      <et=5.21>
SB phase 1 cand. 14 branch on ASB[1,48] (lhs=0.4496)  : [ 1142.9621,  1143.7065], score = 0.22      <et=5.22>
SB phase 1 cand. 15 branch on ASB[2,15] (lhs=0.4428)  : [ 1143.6102,  1144.4835], score = 1.54      <et=5.23>
SB phase 1 cand. 16 branch on ASB[3,29] (lhs=0.4399)  : [ 1143.1101,  1143.7562], score = 0.39      <et=5.24>
SB phase 1 cand. 17 branch on ASB[2,13] (lhs=0.4367)  : [ 1143.2012,  1144.3820], score = 0.77      <et=5.25>
SB phase 1 cand. 18 branch on ASB[3,13] (lhs=0.5633)  : [ 1143.2012,  1144.2699], score = 0.72      <et=5.26>
SB phase 1 cand. 19 branch on ASB[2,21] (lhs=0.4346)  : [ 1143.2063,  1144.4046], score = 0.79      <et=5.27>
SB phase 1 cand. 20 branch on ASB[2,11] (lhs=0.5685)  : [ 1143.3634,  1143.7921], score = 0.67      <et=5.28>
SB phase 1 cand. 21 branch on ASB[3,16] (lhs=0.4293)  : [ 1143.3959,  1143.7426], score = 0.67      <et=5.29>
SB phase 1 cand. 22 branch on ASB[2,33] (lhs=0.5728)  : [ 1143.5140,  1144.7929], score = 1.61      <et=5.3>
SB phase 1 cand. 23 branch on ASB[2,45] (lhs=0.5728)  : [ 1143.5140,  1143.9282], score = 0.94      <et=5.31>
SB phase 1 cand. 24 branch on ASB[3,12] (lhs=0.4272)  : [ 1143.5175,  1144.5797], score = 1.45      <et=5.32>
SB phase 1 cand. 25 branch on ASB[3,15] (lhs=0.4272)  : [ 1143.5140,  1145.5187], score = 2.18      <et=5.33>
SB phase 1 cand. 26 branch on ASB[3,33] (lhs=0.4272)  : [ 1143.5140,  1145.5187], score = 2.18      <et=5.34>
SB phase 1 cand. 27 branch on ASB[3,37] (lhs=0.4272)  : [ 1143.5880,  1144.8982], score = 1.85      <et=5.35>
SB phase 1 cand. 28 branch on ASB[3,45] (lhs=0.4272)  : [ 1143.5140,  1145.5187], score = 2.18      <et=5.37>
SB phase 1 cand. 29 branch on ASB[2,37] (lhs=0.5728)  : [ 1143.3242,  1143.7726], score = 0.62      <et=5.38>
SB phase 1 cand. 30 branch on ASB[3,11] (lhs=0.4095)  : [ 1143.4071,  1143.6148], score = 0.60      <et=5.39>
SB phase 1 cand. 31 branch on ASB[1,31] (lhs=0.4048)  : [ 1142.8882,  1145.2252], score = 0.39      <et=5.4>
SB phase 1 cand. 32 branch on ASB[3,32] (lhs=0.6012)  : [ 1143.2834,  1144.6043], score = 1.03      <et=5.41>
SB phase 1 cand. 33 branch on ASB[3,35] (lhs=0.6016)  : [ 1143.2144,  1145.3310], score = 1.25      <et=5.42>
SB phase 1 cand. 34 branch on ASB[3,36] (lhs=0.6016)  : [ 1143.2144,  1145.3310], score = 1.25      <et=5.43>
SB phase 1 cand. 35 branch on ASB[3,3] (lhs=0.6038)   : [ 1143.1521,  1146.3206], score = 1.51      <et=5.44>
SB phase 1 cand. 36 branch on ASB[3,20] (lhs=0.6038)  : [ 1143.1521,  1146.3206], score = 1.51      <et=5.46>
SB phase 1 cand. 37 branch on ASB[2,19] (lhs=0.6038)  : [ 1143.1103,  1143.2743], score = 0.20      <et=5.47>
SB phase 1 cand. 38 branch on ASB[2,40] (lhs=0.6038)  : [ 1143.1103,  1143.2698], score = 0.20      <et=5.47>
SB phase 1 cand. 39 branch on ASB[2,41] (lhs=0.6038)  : [ 1143.1103,  1143.2767], score = 0.21      <et=5.48>
SB phase 1 cand. 40 branch on ASB[3,41] (lhs=0.3962)  : [ 1143.1103,  1143.2890], score = 0.21      <et=5.49>
SB phase 1 cand. 41 branch on ASB[2,3] (lhs=0.3962)   : [ 1143.1521,  1146.3206], score = 1.51      <et=5.5>
SB phase 1 cand. 42 branch on ASB[2,20] (lhs=0.3962)  : [ 1143.1521,  1146.3206], score = 1.51      <et=5.52>
SB phase 1 cand. 43 branch on ASB[2,35] (lhs=0.3962)  : [ 1143.1509,  1145.6825], score = 1.24      <et=5.53>
SB phase 1 cand. 44 branch on ASB[2,36] (lhs=0.3962)  : [ 1143.1509,  1145.6825], score = 1.24      <et=5.54>
SB phase 1 cand. 45 branch on ASB[2,42] (lhs=0.6038)  : [ 1143.1103,  1143.2132], score = 0.18      <et=5.55>
SB phase 1 cand. 46 branch on ASB[1,28] (lhs=0.3880)  : [ 1142.8522,  1145.9728], score = 0.39      <et=5.56>
SB phase 1 cand. 47 branch on ASB[1,1] (lhs=0.3841)   : [ 1142.8178,  1145.4578], score = 0.23      <et=5.56>
SB phase 1 cand. 48 branch on ASB[3,46] (lhs=0.3831)  : [ 1143.1709,  1144.0596], score = 0.58      <et=5.57>
SB phase 1 cand. 49 branch on ASB[1,22] (lhs=0.3703)  : [ 1142.8210,  1146.3682], score = 0.32      <et=5.58>
SB phase 1 cand. 50 branch on ASB[1,46] (lhs=0.3667)  : [ 1142.9165,  1143.5212], score = 0.15      <et=5.59>
SB phase 1 cand. 51 branch on ASB[2,31] (lhs=0.3392)  : [ 1143.2039,  1143.3081], score = 0.27      <et=5.6>
SB phase 1 cand. 52 branch on EDGE[38,46] (lhs=0.4972): [ 1143.1253,  1144.0924], score = 0.53      <et=5.61>
SB phase 1 cand. 53 branch on EDGE[7,23] (lhs=0.5040) : [ 1142.9064,  1142.9700], score = 0.04      <et=5.61>
SB phase 1 cand. 54 branch on EDGE[0,2] (lhs=0.4945)  : [ 1143.2869,  1144.1539], score = 0.79      <et=5.62>
SB phase 1 cand. 55 branch on EDGE[3,28] (lhs=0.5132) : [ 1143.4989,  1143.5843], score = 0.65      <et=5.63>
SB phase 1 cand. 56 branch on EDGE[2,32] (lhs=0.4835) : [ 1143.2869,  1143.8364], score = 0.61      <et=5.64>
SB phase 1 cand. 57 branch on EDGE[0,38] (lhs=0.4808) : [ 1143.1522,  1143.2722], score = 0.23      <et=5.65>
SB phase 1 cand. 58 branch on EDGE[8,27] (lhs=0.4785) : [ 1143.1051,  1143.3293], score = 0.22      <et=5.66>
SB phase 1 cand. 59 branch on EDGE[26,31] (lhs=0.5409): [ 1143.2677,  1143.6779], score = 0.51      <et=5.67>
SB phase 1 cand. 60 branch on EDGE[16,21] (lhs=0.4588): [ 1143.2902,  1143.9085], score = 0.66      <et=5.68>
SB phase 1 cand. 61 branch on EDGE[0,8] (lhs=0.4542)  : [ 1142.9511,  1143.1889], score = 0.10      <et=5.69>
SB phase 1 cand. 62 branch on EDGE[0,17] (lhs=0.5572) : [ 1143.1594,  1143.2012], score = 0.20      <et=5.69>
SB phase 1 cand. 63 branch on EDGE[0,42] (lhs=0.4428) : [ 1143.7277,  1143.8383], score = 1.10      <et=5.7>
SB phase 1 cand. 64 branch on EDGE[4,17] (lhs=0.4428) : [ 1143.2012,  1144.5902], score = 0.87      <et=5.71>
SB phase 1 cand. 65 branch on EDGE[12,46] (lhs=0.4428): [ 1143.0548,  1143.9267], score = 0.39      <et=5.72>
SB phase 1 cand. 66 branch on EDGE[0,13] (lhs=0.4367) : [ 1143.2012,  1144.2708], score = 0.72      <et=5.73>
SB phase 1 cand. 67 branch on EDGE[0,37] (lhs=0.4367) : [ 1143.2274,  1143.7564], score = 0.51      <et=5.74>
SB phase 1 cand. 68 branch on EDGE[15,33] (lhs=0.4367): [ 1143.2662,  1144.6315], score = 1.01      <et=5.75>
SB phase 1 cand. 69 branch on EDGE[30,39] (lhs=0.4367): [ 1143.2666,  1144.3237], score = 0.85      <et=5.76>
SB phase 1 cand. 70 branch on EDGE[33,39] (lhs=0.5633): [ 1143.2652,  1144.6315], score = 1.01      <et=5.77>
SB phase 1 cand. 71 branch on EDGE[12,37] (lhs=0.4332): [ 1143.5417,  1144.3230], score = 1.29      <et=5.78>
SB phase 1 cand. 72 branch on EDGE[13,25] (lhs=0.4332): [ 1143.2320,  1143.5477], score = 0.41      <et=5.79>
SB phase 1 cand. 73 branch on EDGE[15,45] (lhs=0.4332): [ 1143.3008,  1143.8304], score = 0.62      <et=5.8>
SB phase 1 cand. 74 branch on EDGE[44,45] (lhs=0.5668): [ 1143.2948,  1143.8304], score = 0.62      <et=5.81>
SB phase 1 cand. 75 branch on EDGE[2,29] (lhs=0.5711) : [ 1143.2827,  1143.6164], score = 0.49      <et=5.82>
SB phase 1 cand. 76 branch on EDGE[9,50] (lhs=0.5728) : [ 1143.3901,  1143.7639], score = 0.68      <et=5.83>
SB phase 1 cand. 77 branch on EDGE[9,30] (lhs=0.4272) : [ 1143.5814,  1143.7145], score = 0.83      <et=5.84>
SB phase 1 cand. 78 branch on EDGE[0,4] (lhs=0.5728)  : [ 1143.3180,  1143.8771], score = 0.67      <et=5.85>
SB phase 1 cand. 79 branch on EDGE[0,18] (lhs=0.4272) : [ 1143.1590,  1143.4741], score = 0.32      <et=5.86>
SB phase 1 cand. 80 branch on EDGE[18,47] (lhs=0.5728): [ 1143.4741,  1144.2484], score = 1.12      <et=5.87>
SB phase 1 cand. 81 branch on EDGE[42,44] (lhs=0.4272): [ 1143.5685,  1144.4163], score = 1.41      <et=5.88>
SB phase 1 cand. 82 branch on EDGE[43,48] (lhs=0.4238): [ 1142.8167,  1143.7858], score = 0.09      <et=5.89>
SB phase 1 cand. 83 branch on EDGE[18,25] (lhs=0.4058): [ 1143.0232,  1143.9850], score = 0.36      <et=5.9>
SB phase 1 cand. 84 branch on EDGE[0,31] (lhs=0.4048) : [ 1142.9132,  1145.0133], score = 0.41      <et=5.91>
SB phase 1 cand. 85 branch on EDGE[21,50] (lhs=0.3831): [ 1143.2641,  1144.2660], score = 0.82      <et=5.92>
SB phase 1 cand. 86 branch on EDGE[20,32] (lhs=0.3703): [ 1142.8565,  1149.1879], score = 0.80      <et=5.93>
SB phase 1 cand. 87 branch on EDGE[2,20] (lhs=0.3650) : [ 1143.3927,  1143.7327], score = 0.66      <et=5.94>
SB phase 1 cand. 88 branch on EDGE[22,28] (lhs=0.6534): [ 1143.2455,  1143.8419], score = 0.57      <et=5.95>
SB phase 1 cand. 89 branch on EDGE[0,3] (lhs=0.3345)  : [ 1142.8513,  1149.2805], score = 0.78      <et=5.96>
SB phase 1 cand. 90 branch on EDGE[7,26] (lhs=0.6775) : [ 1143.1234,  1143.3187], score = 0.23      <et=5.97>
SB phase 1 cand. 91 branch on EDGE[7,43] (lhs=0.3096) : [ 1143.1909,  1143.3187], score = 0.27      <et=5.97>
SB phase 1 cand. 92 branch on EDGE[0,14] (lhs=0.3032) : [ 1143.3839,  1143.4649], score = 0.48      <et=5.98>
SB phase 1 cand. 93 branch on EDGE[6,14] (lhs=0.6968) : [ 1143.3839,  1143.4649], score = 0.48      <et=5.99>
SB phase 1 cand. 94 branch on EDGE[16,29] (lhs=0.3012): [ 1142.9383,  1145.0124], score = 0.47      <et=6>
SB phase 1 cand. 95 branch on EDGE[4,47] (lhs=0.2971) : [ 1143.2364,  1144.7309], score = 1.01      <et=6.01>
SB phase 1 cand. 96 branch on EDGE[13,18] (lhs=0.2971): [ 1143.3203,  1144.7831], score = 1.21      <et=6.02>
SB phase 1 cand. 97 branch on EDGE[8,26] (lhs=0.7075) : [ 1142.8390,  1143.6292], score = 0.10      <et=6.03>
SB phase 1 cand. 98 branch on EDGE[4,18] (lhs=0.2911) : [ 1142.7871,  1145.7701], score = 0.17      <et=6.04>
SB phase 1 cand. 99 branch on EDGE[7,48] (lhs=0.2757) : [ 1142.8350,  1143.8746], score = 0.12      <et=6.05>
SB phase 1 cand. 100 branch on EDGE[8,31] (lhs=0.2718) : [ 1142.8390,  1143.6309], score = 0.10      <et=6.06>
**** Strong branching phase 2 is started *****
# Artificial variables in the solution : decreasing phase of stage 
# Artificial variables in the solution : decreasing phase of stage 
#    TT = 0.000311, performed by inspection with 3215 solutions, nbR1C = 26, nbDiscC = 0
    TT = 0.001386, performed by inspection with 11855 solutions, nbR1C = 26, nbDiscC = 0
    TT = 0.00353, performed by inspection with 21786 solutions, nbR1C = 26, nbDiscC = 0
Dynamic params and stats :  aver.obdmd = 16.3077 aver.buck.num. = 21 nbR1C = 26 with avMem = 3.88462
Dynamic params and stats :  aver.obdmd = 19.8269 aver.buck.num. = 23 nbR1C = 26 with avMem = 3.88462
Dynamic params and stats :  aver.obdmd = 21.8269 aver.buck.num. = 24 nbR1C = 26 with avMem = 3.88462
<DWph=0> <it=  3> <et=6.09> <Mt= 0.00> <Spt= 0.02> <nCl=307> <al=0.00> <DB= 1429.5648> <Mlp= 1545.5250> <PB=1144.936> 
    TT = 0.000383, performed by inspection with 3215 solutions, nbR1C = 60, nbDiscC = 0
    TT = 0.00187, performed by inspection with 11855 solutions, nbR1C = 60, nbDiscC = 0
    TT = 0.004887, performed by inspection with 21786 solutions, nbR1C = 60, nbDiscC = 0
    TT = 0.000347, performed by inspection with 3215 solutions, nbR1C = 56, nbDiscC = 0
    TT = 0.001751, performed by inspection with 11855 solutions, nbR1C = 56, nbDiscC = 0
    TT = 0.004566, performed by inspection with 21786 solutions, nbR1C = 56, nbDiscC = 0
Dynamic params and stats :  aver.obdmd = 16.3077 aver.buck.num. = 21 nbR1C = 56 with avMem = 3.98214
Dynamic params and stats :  aver.obdmd = 19.8269 aver.buck.num. = 23 nbR1C = 56 with avMem = 3.98214
Dynamic params and stats :  aver.obdmd = 21.8269 aver.buck.num. = 24 nbR1C = 56 with avMem = 3.98214
<DWph=0> <it=  3> <et=6.19> <Mt= 0.00> <Spt= 0.03> <nCl=  7> <al=0.00> <DB= 1143.2484> <Mlp= 1143.2484> <PB=1144.936> 
SB phase 2 cand.  1 branch on VNB[2] (lhs=3.7935)   : [ 1143.2484, 1000000000000.0000], score = 516188.76      <et=6.2>
    TT = 0.000327, performed by inspection with 3215 solutions, nbR1C = 29, nbDiscC = 0
    TT = 0.001393, performed by inspection with 11855 solutions, nbR1C = 29, nbDiscC = 0
    TT = 0.003528, performed by inspection with 21786 solutions, nbR1C = 29, nbDiscC = 0
    TT = 0.0003, performed by inspection with 3215 solutions, nbR1C = 36, nbDiscC = 0
    TT = 0.001423, performed by inspection with 11855 solutions, nbR1C = 36, nbDiscC = 0
    TT = 0.003658, performed by inspection with 21786 solutions, nbR1C = 36, nbDiscC = 0
    TT = 0.000297, performed by inspection with 3215 solutions, nbR1C = 36, nbDiscC = 0
    TT = 0.001413, performed by inspection with 11855 solutions, nbR1C = 36, nbDiscC = 0
    TT = 0.003628, performed by inspection with 21786 solutions, nbR1C = 36, nbDiscC = 0
    TT = 0.000293, performed by inspection with 3215 solutions, nbR1C = 34, nbDiscC = 0
    TT = 0.001362, performed by inspection with 11855 solutions, nbR1C = 34, nbDiscC = 0
    TT = 0.00347, performed by inspection with 21786 solutions, nbR1C = 34, nbDiscC = 0
Dynamic params and stats :  aver.obdmd = 16.3077 aver.buck.num. = 21 nbR1C = 34 with avMem = 3.79412
Dynamic params and stats :  aver.obdmd = 19.8269 aver.buck.num. = 23 nbR1C = 34 with avMem = 3.79412
Dynamic params and stats :  aver.obdmd = 21.8269 aver.buck.num. = 24 nbR1C = 34 with avMem = 3.79412
<DWph=0> <it=  5> <et=6.30> <Mt= 0.04> <Spt= 0.05> <nCl=314> <al=0.00> <DB= 1156.6225> <Mlp= 1156.6225> <PB=1144.936> 
    TT = 0.000378, performed by inspection with 3215 solutions, nbR1C = 60, nbDiscC = 0
    TT = 0.001866, performed by inspection with 11855 solutions, nbR1C = 60, nbDiscC = 0
    TT = 0.004879, performed by inspection with 21786 solutions, nbR1C = 60, nbDiscC = 0
    TT = 0.000332, performed by inspection with 3215 solutions, nbR1C = 50, nbDiscC = 0
    TT = 0.001651, performed by inspection with 11855 solutions, nbR1C = 50, nbDiscC = 0
    TT = 0.004292, performed by inspection with 21786 solutions, nbR1C = 50, nbDiscC = 0
Dynamic params and stats :  aver.obdmd = 16.3077 aver.buck.num. = 21 nbR1C = 50 with avMem = 4
Dynamic params and stats :  aver.obdmd = 19.8269 aver.buck.num. = 23 nbR1C = 50 with avMem = 4
Dynamic params and stats :  aver.obdmd = 21.8269 aver.buck.num. = 24 nbR1C = 50 with avMem = 4
<DWph=0> <it=  3> <et=6.35> <Mt= 0.00> <Spt= 0.03> <nCl= 10> <al=0.00> <DB= 1143.3019> <Mlp= 1143.3019> <PB=1144.936> 
SB phase 2 cand.  2 branch on VNB[0] (lhs=8.7935)   : [ 1143.3019,  1156.6225], score = 7.91      <et=6.36>
    TT = 0.000319, performed by inspection with 3215 solutions, nbR1C = 37, nbDiscC = 0
    TT = 0.001473, performed by inspection with 11855 solutions, nbR1C = 37, nbDiscC = 0
    TT = 0.00371, performed by inspection with 21786 solutions, nbR1C = 37, nbDiscC = 0
    TT = 0.000304, performed by inspection with 3215 solutions, nbR1C = 42, nbDiscC = 0
    TT = 0.001514, performed by inspection with 11855 solutions, nbR1C = 42, nbDiscC = 0
    TT = 0.003929, performed by inspection with 21786 solutions, nbR1C = 42, nbDiscC = 0
    TT = 0.000296, performed by inspection with 3215 solutions, nbR1C = 40, nbDiscC = 0
    TT = 0.001463, performed by inspection with 11855 solutions, nbR1C = 40, nbDiscC = 0
    TT = 0.00379, performed by inspection with 21786 solutions, nbR1C = 40, nbDiscC = 0
Dynamic params and stats :  aver.obdmd = 16.3077 aver.buck.num. = 21 nbR1C = 40 with avMem = 3.95
Dynamic params and stats :  aver.obdmd = 19.8269 aver.buck.num. = 23 nbR1C = 40 with avMem = 3.95
Dynamic params and stats :  aver.obdmd = 21.8269 aver.buck.num. = 24 nbR1C = 40 with avMem = 3.95
<DWph=0> <it=  4> <et=6.42> <Mt= 0.02> <Spt= 0.04> <nCl=130> <al=0.00> <DB= 1145.4885> <Mlp= 1145.4885> <PB=1144.936> 
    TT = 0.00035, performed by inspection with 3215 solutions, nbR1C = 49, nbDiscC = 0
    TT = 0.001693, performed by inspection with 11855 solutions, nbR1C = 49, nbDiscC = 0
    TT = 0.004336, performed by inspection with 21786 solutions, nbR1C = 49, nbDiscC = 0
    TT = 0.000334, performed by inspection with 3215 solutions, nbR1C = 49, nbDiscC = 0
    TT = 0.001635, performed by inspection with 11855 solutions, nbR1C = 49, nbDiscC = 0
    TT = 0.004233, performed by inspection with 21786 solutions, nbR1C = 49, nbDiscC = 0
Dynamic params and stats :  aver.obdmd = 16.3077 aver.buck.num. = 21 nbR1C = 49 with avMem = 3.95918
Dynamic params and stats :  aver.obdmd = 19.8269 aver.buck.num. = 23 nbR1C = 49 with avMem = 3.95918
Dynamic params and stats :  aver.obdmd = 21.8269 aver.buck.num. = 24 nbR1C = 49 with avMem = 3.95918
<DWph=0> <it=  3> <et=6.47> <Mt= 0.00> <Spt= 0.02> <nCl= 10> <al=0.00> <DB= 1143.5140> <Mlp= 1143.5140> <PB=1144.936> 
SB phase 2 cand.  3 branch on ASB[3,45] (lhs=0.4272): [ 1143.5140,  1145.4885], score = 2.15      <et=6.48>
**** Strong branching phase 3 is started *****
**** SB phase 3 evaluation of candidate 1, branch 1 ( VNB[2] <= 3 ), value = 1e+12
Branch is already conquered!
**** SB phase 3 evaluation of candidate 1, branch 2 ( VNB[2] >= 4 ), value = 1143.25
<DWph=2> <it=  1> <et=6.50> <Mt= 0.00> <Spt= 0.01> <nCl=  0> <al=0.00> <DB= 1143.2484> <Mlp= 1143.2484> <PB=1144.936> 
<DWph=1> <it=  2> <et=6.51> <Mt= 0.00> <Spt= 0.00> <nCl=  0> <al=0.00> <DB= 1143.2484> <Mlp= 1143.2484> <PB=1144.936> 
    TT = 0.00037, performed by inspection with 3215 solutions, nbR1C = 56, nbDiscC = 0
    TT = 0.001802, performed by inspection with 11855 solutions, nbR1C = 56, nbDiscC = 0
    TT = 0.004735, performed by inspection with 21786 solutions, nbR1C = 56, nbDiscC = 0
    TT = 0.000354, performed by inspection with 3215 solutions, nbR1C = 56, nbDiscC = 0
    TT = 0.001759, performed by inspection with 11855 solutions, nbR1C = 56, nbDiscC = 0
    TT = 0.004591, performed by inspection with 21786 solutions, nbR1C = 56, nbDiscC = 0
<DWph=0> <it=  3> <et=6.53> <Mt= 0.01> <Spt= 0.02> <nCl=  0> <al=0.00> <DB= 1143.2484> <Mlp= 1143.2484> <PB=1144.936> 
Dynamic params and stats :  aver.obdmd = 16.3077 aver.buck.num. = 21 nbR1C = 56 with avMem = 3.98214
@@ 210 0 1143.25 0.000362 0.00037 0 6.53
Dynamic params and stats :  aver.obdmd = 19.8269 aver.buck.num. = 23 nbR1C = 56 with avMem = 3.98214
@@ 210 0 1143.25 0.0017805 0.001802 0 6.53
Dynamic params and stats :  aver.obdmd = 21.8269 aver.buck.num. = 24 nbR1C = 56 with avMem = 3.98214
@@ 210 0 1143.25 0.004663 0.004735 0 6.53
Reduced cost fixing for graph G_1...  took 0 sec., done by inspection with 3215 solutions, remains 69 (2.15%)
Reduced cost fixing for graph G_2...  took 0 sec., done by inspection with 11855 solutions, remains 90 (0.759%)
Reduced cost fixing for graph G_3...  took 0 sec., done by inspection with 21786 solutions, remains 107 (0.491%)
Removed 1363 columns (not in the enumerated set) from the formulation
Added 0 columns in the formulation 
Added 0 columns in the formulation 
Added 0 columns in the formulation 
ColGenEvalAlg final dual bound: 1143.25 (rounded: 1143.25)
Current active cuts : R1C(56,144.606) 3rowPackR1C(34) 4rowPackR1C(14) 5rowPackR1C(8)
----- Terminating the node by MIP -----
Version identifier: 20.1.0.0 | 2020-11-10 | 9bedb6d68
CPXPARAM_Advance                                 0
CPXPARAM_Threads                                 1
CPXPARAM_MIP_Limits_Nodes                        2000000
CPXPARAM_Simplex_Tolerances_Optimality           9.9999999999999995e-08
CPXPARAM_Simplex_Tolerances_Feasibility          9.9999999999999995e-08
CPXPARAM_TimeLimit                               1757.5809999999999
CPXPARAM_MIP_Tolerances_UpperCutoff              1144.9359940188224
CPXPARAM_MIP_Tolerances_MIPGap                   1.0000000000000001e-09
Tried aggregator 1 time.
MIP Presolve eliminated 11 rows and 249 columns.
MIP Presolve modified 435 coefficients.
Reduced MIP has 97 rows, 177 columns, and 2291 nonzeros.
Reduced MIP has 177 binaries, 0 generals, 0 SOSs, and 0 indicators.
Presolve time = 0.01 sec. (7.89 ticks)
Probing fixed 62 vars, tightened 0 bounds.
Probing changed sense of 10 constraints.
Probing time = 0.00 sec. (1.26 ticks)
Cover probing fixed 3 vars, tightened 0 bounds.
Tried aggregator 1 time.
MIP Presolve eliminated 16 rows and 66 columns.
MIP Presolve modified 58 coefficients.
Reduced MIP has 81 rows, 111 columns, and 1096 nonzeros.
Reduced MIP has 111 binaries, 0 generals, 0 SOSs, and 0 indicators.
Presolve time = 0.00 sec. (1.26 ticks)
Probing fixed 9 vars, tightened 0 bounds.
Probing time = 0.00 sec. (0.57 ticks)
Tried aggregator 1 time.
MIP Presolve eliminated 7 rows and 11 columns.
MIP Presolve modified 1 coefficients.
Reduced MIP has 74 rows, 100 columns, and 922 nonzeros.
Reduced MIP has 100 binaries, 0 generals, 0 SOSs, and 0 indicators.
Presolve time = 0.00 sec. (1.04 ticks)
Probing fixed 10 vars, tightened 0 bounds.
Probing changed sense of 2 constraints.
Probing time = 0.00 sec. (0.50 ticks)
Clique table members: 294.
MIP emphasis: balance optimality and feasibility.
MIP search method: dynamic search.
Parallel mode: none, using 1 thread.
Root relaxation solution time = 0.00 sec. (1.21 ticks)

        Nodes                                         Cuts/
   Node  Left     Objective  IInf  Best Integer    Best Bound    ItCnt     Gap

      0     0     1144.2880    28                   1144.2880       98         
*     0+    0                         1144.9360     1144.2880             0.06%
      0     0        cutoff           1144.9360     1144.2880      104    0.06%
Elapsed time = 0.01 sec. (15.80 ticks, tree = 0.01 MB, solutions = 1)

Root node processing (before b&c):
  Real time             =    0.01 sec. (15.81 ticks)
Sequential b&c:
  Real time             =    0.00 sec. (0.00 ticks)
                          ------------
Total (root+branch&cut) =    0.01 sec. (15.81 ticks)
Solution status = Optimum
 SB phase 3 candidate 1 is conquered !
SB with phases chosed candidate VNB[2] (lhs=3.79346)
New model incumbent solution 1144.94, TIME = 0h0m6s58t = 658
************************************************************************************************
Search is finished, global bounds : [ 1144.94 , 1144.94 ], TIME = 0h0m6s58t = 658
************************************************************************************************
instance_name solver_name ext_heuristic solution_value solution_time best_lb root_lb root_time nb_branch_and_bound_nodes status
/home/logis/Downloads/VRPSolverEasy/VRPSolverEasy/demos/data/HFVRP/c50_16hd CPLEX False 1144.9359940188224 6.585325584 1144.9359940188224 1142.7322232117335 3.9336311840000002 3 0

