Node memory for rank-1 cuts will be used (10.296)
~~~~~~~~~~~~~~~~~~~~~~~~~~~~~~~~~~~~~~~~~~~~~~~~~~~~~~~~~~~~~~~~~~~~~~~~~~~~~~~~~~~~~
VRPSolver v0.5.27, 24/02/2023, © Inria Bordeaux, France, vrpsolver.math.u-bordeaux.fr
      Corresponds to the solver by Pessoa, Sadykov, Uchoa and Vanderbeck (2020)
                 Paper: dx.doi.org/10.1007/s10107-020-01523-z
~~~~~~~~~~~~~~~~~~~~~~~~~~~~~~~~~~~~~~~~~~~~~~~~~~~~~~~~~~~~~~~~~~~~~~~~~~~~~~~~~~~~~
   BaPCod v0.77, 15/03/2023, © Inria Bordeaux, France, bapcod.math.u-bordeaux.fr 
           THIS CODE IS PROVIDED AS IS, USE IT AT YOUR OWN RISK
~~~~~~~~~~~~~~~~~~~~~~~~~~~~~~~~~~~~~~~~~~~~~~~~~~~~~~~~~~~~~~~~~~~~~~~~~~~~~~~~~~~~~
Bucket steps were recalculated for graph G_1 : [2]
RCSP solver info : symmetric case is detected for graph G_1! 
Bidirectional border value is initialised to 25
RCSP solver info : number of forw. reachable buckets / buck. strongly connected components is 1154( 85.355% ) / 1154( 100% )
Bucket steps were recalculated for graph G_2 : [4]
RCSP solver info : symmetric case is detected for graph G_2! 
Bidirectional border value is initialised to 50
RCSP solver info : number of forw. reachable buckets / buck. strongly connected components is 1253( 92.6775% ) / 1253( 100% )
Bucket steps were recalculated for graph G_3 : [6.5]
RCSP solver info : symmetric case is detected for graph G_3! 
Bidirectional border value is initialised to 80
RCSP solver info : number of forw. reachable buckets / buck. strongly connected components is 1239( 95.3077% ) / 949( 76.594% )
Generating neighbourhoods for rank-1 cuts separation
Building structures for 4- and 5-row rank-1 packing cut separation...done!
Model is built TIME = 0h0m0s4t = 4
************************************************************************************************
**** BaB tree root node
**** Local DB = -1e+12, global bounds : [ -1e+12 , 2667.07 ], TIME = 0h0m0s4t = 4
**** 1 open nodes, 0 columns (0 active), 0 dyn. constrs. (0 active), 106 art. vars. (106 active)
************************************************************************************************
#<DWph=2> <it=  1> <et=0.05> <Mt= 0.00> <Spt= 0.00> <nCl= 90> <al=0.00> <DB=-24171247.3822> <Mlp=320048.8800> <PB=2667.074> 
#<DWph=2> <it=  2> <et=0.06> <Mt= 0.00> <Spt= 0.01> <nCl= 90> <al=0.55> <DB=-17963651.8657> <Mlp=304116.1333> <PB=2667.074> 
#<DWph=2> <it=  3> <et=0.07> <Mt= 0.00> <Spt= 0.01> <nCl= 90> <al=0.45> <DB=-14460618.8082> <Mlp=287051.2098> <PB=2667.074> 
#<DWph=2> <it=  4> <et=0.08> <Mt= 0.00> <Spt= 0.01> <nCl= 90> <al=0.35> <DB=-11477925.1385> <Mlp=266564.7228> <PB=2667.074> 
#<DWph=2> <it=  5> <et=0.09> <Mt= 0.00> <Spt= 0.01> <nCl= 90> <al=0.25> <DB=-9135409.5922> <Mlp=219802.7353> <PB=2667.074> 
#<DWph=2> <it=  6> <et=0.10> <Mt= 0.00> <Spt= 0.01> <nCl= 90> <al=0.15> <DB=-8937053.2444> <Mlp=193122.8812> <PB=2667.074> 
#<DWph=2> <it=  7> <et=0.11> <Mt= 0.00> <Spt= 0.00> <nCl= 90> <al=0.24> <DB=-7987675.5661> <Mlp=165820.9417> <PB=2667.074> 
#<DWph=2> <it=  8> <et=0.12> <Mt= 0.00> <Spt= 0.01> <nCl= 90> <al=0.31> <DB=-7180036.1875> <Mlp=154196.9513> <PB=2667.074> 
#<DWph=2> <it=  9> <et=0.12> <Mt= 0.00> <Spt= 0.01> <nCl= 90> <al=0.38> <DB=-6610535.5779> <Mlp=143012.3853> <PB=2667.074> 
#<DWph=2> <it= 10> <et=0.13> <Mt= 0.00> <Spt= 0.01> <nCl= 90> <al=0.44> <DB=-6195933.5619> <Mlp=94653.2700> <PB=2667.074> 
#<DWph=2> <it= 11> <et=0.14> <Mt= 0.00> <Spt= 0.01> <nCl= 90> <al=0.50> <DB=-4254053.2523> <Mlp=68210.1767> <PB=2667.074> 
#<DWph=2> <it= 12> <et=0.15> <Mt= 0.00> <Spt= 0.01> <nCl= 90> <al=0.40> <DB=-3485935.5008> <Mlp=17828.6389> <PB=2667.074> 
#<DWph=2> <it= 13> <et=0.16> <Mt= 0.00> <Spt= 0.00> <nCl= 75> <al=0.46> <DB=-2129168.6593> <Mlp= 9193.1762> <PB=2667.074> 
<DWph=2> <it= 14> <et=0.17> <Mt= 0.00> <Spt= 0.01> <nCl= 16> <al=0.36> <DB=-745746.1456> <Mlp= 2899.1862> <PB=2667.074> 
<DWph=2> <it= 15> <et=0.18> <Mt= 0.00> <Spt= 0.01> <nCl= 62> <al=0.26> <DB=-169744.1861> <Mlp= 2899.1862> <PB=2667.074> 
<DWph=2> <it= 16> <et=0.19> <Mt= 0.00> <Spt= 0.01> <nCl= 82> <al=0.16> <DB=-16118.3100> <Mlp= 2875.5435> <PB=2667.074> 
<DWph=2> <it= 17> <et=0.20> <Mt= 0.00> <Spt= 0.01> <nCl= 90> <al=0.06> <DB=-5156.1445> <Mlp= 2797.8385> <PB=2667.074> 
<DWph=2> <it= 18> <et=0.21> <Mt= 0.01> <Spt= 0.01> <nCl= 90> <al=0.15> <DB=-2151.5153> <Mlp= 2742.9045> <PB=2667.074> 
<DWph=2> <it= 19> <et=0.22> <Mt= 0.00> <Spt= 0.01> <nCl= 90> <al=0.24> <DB=  225.1334> <Mlp= 2701.7511> <PB=2667.074> 
<DWph=2> <it= 20> <et=0.23> <Mt= 0.00> <Spt= 0.00> <nCl= 89> <al=0.31> <DB= 1402.7972> <Mlp= 2665.8204> <PB=2667.074> 
<DWph=2> <it= 21> <et=0.24> <Mt= 0.00> <Spt= 0.01> <nCl= 76> <al=0.38> <DB= 1808.2421> <Mlp= 2638.0025> <PB=2667.074> 
<DWph=2> <it= 22> <et=0.25> <Mt= 0.00> <Spt= 0.01> <nCl= 73> <al=0.28> <DB= 2171.6645> <Mlp= 2622.6314> <PB=2667.074> 
<DWph=2> <it= 23> <et=0.26> <Mt= 0.00> <Spt= 0.01> <nCl= 53> <al=0.35> <DB= 2303.3563> <Mlp= 2609.6588> <PB=2667.074> 
<DWph=2> <it= 24> <et=0.27> <Mt= 0.00> <Spt= 0.01> <nCl= 44> <al=0.25> <DB= 2272.1458> <Mlp= 2605.1512> <PB=2667.074> 
<DWph=2> <it= 25> <et=0.27> <Mt= 0.00> <Spt= 0.01> <nCl= 30> <al=0.15> <DB= 2469.9019> <Mlp= 2603.4209> <PB=2667.074> 
<DWph=2> <it= 26> <et=0.28> <Mt= 0.00> <Spt= 0.01> <nCl= 18> <al=0.05> <DB= 2543.2786> <Mlp= 2603.0581> <PB=2667.074> 
<DWph=2> <it= 27> <et=0.29> <Mt= 0.00> <Spt= 0.00> <nCl= 19> <al=0.15> <DB= 2592.6218> <Mlp= 2602.8647> <PB=2667.074> 
<DWph=2> <it= 28> <et=0.31> <Mt= 0.00> <Spt= 0.02> <nCl=  3> <al=0.00> <DB= 2602.8647> <Mlp= 2602.8647> <PB=2667.074> 
<DWph=1> <it= 29> <et=0.33> <Mt= 0.00> <Spt= 0.02> <nCl= 45> <al=0.13> <DB= 2478.5147> <Mlp= 2602.8647> <PB=2667.074> 
<DWph=1> <it= 30> <et=0.36> <Mt= 0.00> <Spt= 0.03> <nCl= 24> <al=0.00> <DB= 2602.2139> <Mlp= 2602.2139> <PB=2667.074> 
    RCSP exact solver info for graph G_1 : TT = 0.002987, pt = 1.6e-05, dt = 0.002188, ct = 0.000603, ndl = 0', bdl = 4', odl = 0', odf = 2', bsi = 1', cnt = 1', bdch = 12', odch = 1', lcp = 0', #sols = 150
    RCSP exact solver info for graph G_2 : TT = 0.011918, pt = 2.2e-05, dt = 0.010084, ct = 0.001533, ndl = 3', bdl = 66', odl = 1', odf = 8', bsi = 2', cnt = 4', bdch = 544', odch = 11', lcp = 19', #sols = 150
    RCSP exact solver info for graph G_3 : TT = 0.035719, pt = 3.7e-05, dt = 0.032721, ct = 0.002567, ndl = 9', bdl = 274', odl = 2', odf = 20', bsi = 3', cnt = 20', bdch = 4538', odch = 47', lcp = 115', #sols = 150
    RCSP exact solver info for graph G_1 : TT = 0.002273, pt = 5e-05, dt = 0.001411, ct = 0.000597, ndl = 0', bdl = 4', odl = 0', odf = 2', bsi = 1', cnt = 1', bdch = 12', odch = 1', lcp = 0', #sols = 150
    RCSP exact solver info for graph G_2 : TT = 0.009105, pt = 5.7e-05, dt = 0.007202, ct = 0.001576, ndl = 3', bdl = 66', odl = 1', odf = 8', bsi = 2', cnt = 4', bdch = 544', odch = 11', lcp = 19', #sols = 150
    RCSP exact solver info for graph G_3 : TT = 0.031101, pt = 4.1e-05, dt = 0.028013, ct = 0.002712, ndl = 9', bdl = 274', odl = 2', odf = 20', bsi = 3', cnt = 20', bdch = 4538', odch = 47', lcp = 115', #sols = 150
<DWph=0> <it= 31> <et=0.46> <Mt= 0.00> <Spt= 0.10> <nCl=289> <al=0.00> <DB= 2602.2139> <Mlp= 2602.2139> <PB=2667.074> 
Dynamic params and stats :  aver.obdmd = 21.1346 aver.buck.num. = 26
@@ 1 0 2602.21 0.0023995 0.002791 64.2642 0.46
Dynamic params and stats :  aver.obdmd = 23.1154 aver.buck.num. = 26
@@ 1 0 2602.21 0.0101975 0.011617 82.5477 0.46
Dynamic params and stats :  aver.obdmd = 22.8462 aver.buck.num. = 25
@@ 1 0 2602.21 0.0330065 0.035288 90.8929 0.46
Labels distribution in buckets (bucket size) : largest - 6, top 0.1% - 6, top 0.5% - 6, top 2% - 5, top 10% - 3, top 50% - 1
Reduced cost fixing for graph G_1... 27265 buck. arcs remain (75.2% from prev., 48.3% from max.) + 660 jump buck. arcs (1.17% from max.)
 TT = 0.017389, pt = 0.001741, dt = 0.003747, ct = 0.011751, ndl = 3', bdl = 51', odl = 0', odf = 7', lpcb = 32', cnt = 60', bdch = 256', odch = 8', lcp = 8'
Labels distribution in buckets (bucket size) : largest - 8, top 0.1% - 8, top 0.5% - 6, top 2% - 5, top 10% - 4, top 50% - 1
Run forward enumeration with border = 25... succeeded! lpt = 0.082173, ndl = 9', dl = 45', lpcb = 240', dch = 1888'
Run enumeration concatenation with time limit 0.3 sec.... succeeded!
Sorting and storing enumerated solutions ... done!
 TT = 0.292531, pt = 0.001896, dt = 0.082173, ct = 0.116994, ndl = 9', bdl = 45', lpcb = 240', cnt = 211', bdch = 1888', odch = 0', lcp = 0'
Enumeration succeeded!, number of elem. solutions is 64302
Estimating inspection time...     TT = 0.006472, performed by inspection with 64302 solutions, nbR1C = 0, nbDiscC = 0
Inspection time is low enough. Pricing will be done by inspection.
Labels distribution in buckets (bucket size) : largest - 27, top 0.1% - 27, top 0.5% - 27, top 2% - 21, top 10% - 15, top 50% - 5
Reduced cost fixing for graph G_2... 20805 buck. arcs remain (41.1% from prev., 33.9% from max.) + 7377 jump buck. arcs (12% from max.)
 TT = 0.043902, pt = 0.006128, dt = 0.016656, ct = 0.02089, ndl = 14', bdl = 159', odl = 1', odf = 23', lpcb = 336', cnt = 248', bdch = 1828', odch = 66', lcp = 116'
Labels distribution in buckets (bucket size) : largest - 35, top 0.1% - 35, top 0.5% - 27, top 2% - 25, top 10% - 16, top 50% - 5
Run forward enumeration with border = 50... succeeded! lpt = 0.11006, ndl = 25', dl = 26', lpcb = 637', dch = 397'
Run enumeration concatenation with time limit 0.3 sec.... succeeded!
Sorting and storing enumerated solutions ... done!
 TT = 0.361612, pt = 0.001898, dt = 0.11006, ct = 0.115206, ndl = 25', bdl = 26', lpcb = 637', cnt = 540', bdch = 397', odch = 0', lcp = 0'
Enumeration succeeded!, number of elem. solutions is 65803
Estimating inspection time...     TT = 0.010231, performed by inspection with 65803 solutions, nbR1C = 0, nbDiscC = 0
Inspection time is low enough. Pricing will be done by inspection.
Labels distribution in buckets (bucket size) : largest - 76, top 0.1% - 76, top 0.5% - 61, top 2% - 55, top 10% - 37, top 50% - 11
Reduced cost fixing for graph G_3... 20239 buck. arcs remain (36.7% from prev., 33.3% from max.) + 8776 jump buck. arcs (14.5% from max.)
 TT = 0.066853, pt = 0.011973, dt = 0.02592, ct = 0.028701, ndl = 25', bdl = 249', odl = 1', odf = 33', lpcb = 585', cnt = 763', bdch = 4396', odch = 101', lcp = 257'
Labels distribution in buckets (bucket size) : largest - 77, top 0.1% - 77, top 0.5% - 64, top 2% - 59, top 10% - 42, top 50% - 13
Run forward enumeration with border = 80... succeeded! lpt = 0.478169, ndl = 121', dl = 70', lpcb = 2824', dch = 710'
Run enumeration concatenation with time limit 0.92298 sec.... succeeded!
Sorting and storing enumerated solutions ... done!
 TT = 1.98712, pt = 0.002006, dt = 0.478169, ct = 0.720226, ndl = 121', bdl = 70', lpcb = 2824', cnt = 4515', bdch = 710', odch = 0', lcp = 0'
Enumeration succeeded!, number of elem. solutions is 286938
Estimating inspection time...     TT = 0.018139, performed by inspection with 286938 solutions, nbR1C = 0, nbDiscC = 0
Inspection time is low enough. Pricing will be done by inspection.
Added 419 columns in the formulation 
Added 231 columns in the formulation 
Added 0 columns in the formulation 
Removed 1698 columns (not in the enumerated set) from the formulation
Regenerated 650 columns with the 'enumerated' flag
<DWph=2> <it= 32> <et=3.30> <Mt= 0.01> <Spt= 0.01> <nCl=  0> <al=0.00> <DB= 2604.9481> <Mlp= 2604.9481> <PB=2667.074> 
<DWph=1> <it= 33> <et=3.30> <Mt= 0.00> <Spt= 0.00> <nCl=  0> <al=0.00> <DB= 2604.9481> <Mlp= 2604.9481> <PB=2667.074> 
    TT = 0.002929, performed by inspection with 64302 solutions, nbR1C = 0, nbDiscC = 0
    TT = 0.001718, performed by inspection with 65803 solutions, nbR1C = 0, nbDiscC = 0
    TT = 0.010229, performed by inspection with 286938 solutions, nbR1C = 0, nbDiscC = 0
<DWph=0> <it= 34> <et=3.33> <Mt= 0.00> <Spt= 0.02> <nCl=322> <al=0.30> <DB= 2453.7319> <Mlp= 2604.9481> <PB=2667.074> 
    TT = 0.002865, performed by inspection with 64302 solutions, nbR1C = 0, nbDiscC = 0
    TT = 0.001703, performed by inspection with 65803 solutions, nbR1C = 0, nbDiscC = 0
    TT = 0.010125, performed by inspection with 286938 solutions, nbR1C = 0, nbDiscC = 0
    TT = 0.002902, performed by inspection with 64302 solutions, nbR1C = 0, nbDiscC = 0
    TT = 0.001713, performed by inspection with 65803 solutions, nbR1C = 0, nbDiscC = 0
    TT = 0.009899, performed by inspection with 286938 solutions, nbR1C = 0, nbDiscC = 0
<DWph=0> <it= 35> <et=3.37> <Mt= 0.00> <Spt= 0.04> <nCl= 80> <al=0.00> <DB= 2604.6920> <Mlp= 2604.6920> <PB=2667.074> 
Dynamic params and stats :  aver.obdmd = 21.1346 aver.buck.num. = 26
@@ 1 0 2604.69 0.00289867 0.002929 0 3.37
Dynamic params and stats :  aver.obdmd = 23.1154 aver.buck.num. = 26
@@ 1 0 2604.69 0.00171133 0.001718 0 3.37
Dynamic params and stats :  aver.obdmd = 22.8462 aver.buck.num. = 25
@@ 1 0 2604.69 0.0100843 0.010229 0 3.37
Reduced cost fixing for graph G_1...  took 0 sec., done by inspection with 64302 solutions, remains 57040 (88.7%)
Reduced cost fixing for graph G_2...  took 0 sec., done by inspection with 65803 solutions, remains 44965 (68.3%)
Reduced cost fixing for graph G_3...  took 0.03 sec., done by inspection with 286938 solutions, remains 208700 (72.7%)
Removed 192 columns (not in the enumerated set) from the formulation
    Full reduced cost fixing is not called (gap ratio is 0.961793)
ColGenEvalAlg final dual bound: 2604.69 (rounded: 2604.69)
Shrinking heuristic shrunk 8 edges
38 Rank-1 3-rows pack. cuts added ,  max viol. = 0.5, aver. viol. = 0.183271
Building structures for heuristic rank-1 packing cut separation...done!
54 Rank-1 4-rows pack. cuts added ,  max viol. = 0.5, aver. viol. = 0.23082
100 Rank-1 5-rows pack. cuts added ,  max viol. = 0.5, aver. viol. = 0.323571
----- Add fac. cuts : R1C(192), max.viol = 0.5, aver.viol = 0.295759, sep/add took 0.325379/0.02525 sec. -----
860 columns (860 active), 192 dyn. constrs. (192 active), 295 art. vars. (295 active)
<DWph=2> <it=  1> <et=3.82> <Mt= 0.00> <Spt= 0.00> <nCl=  0> <al=0.00> <DB= 2617.8978> <Mlp= 2617.8978> <PB=2667.074> 
<DWph=1> <it=  2> <et=3.82> <Mt= 0.00> <Spt= 0.00> <nCl=  0> <al=0.00> <DB= 2617.8978> <Mlp= 2617.8978> <PB=2667.074> 
    TT = 0.006074, performed by inspection with 57040 solutions, nbR1C = 22, nbDiscC = 0
    TT = 0.004105, performed by inspection with 44965 solutions, nbR1C = 22, nbDiscC = 0
    TT = 0.02526, performed by inspection with 208700 solutions, nbR1C = 22, nbDiscC = 0
<DWph=0> <it=  3> <et=3.87> <Mt= 0.00> <Spt= 0.06> <nCl=250> <al=0.30> <DB= 2049.7793> <Mlp= 2617.8978> <PB=2667.074> 
    TT = 0.006349, performed by inspection with 57040 solutions, nbR1C = 29, nbDiscC = 0
    TT = 0.004459, performed by inspection with 44965 solutions, nbR1C = 29, nbDiscC = 0
    TT = 0.027478, performed by inspection with 208700 solutions, nbR1C = 29, nbDiscC = 0
<DWph=0> <it=  4> <et=3.92> <Mt= 0.00> <Spt= 0.05> <nCl= 42> <al=0.37> <DB= 2406.1287> <Mlp= 2615.4133> <PB=2667.074> 
    TT = 0.006356, performed by inspection with 57040 solutions, nbR1C = 30, nbDiscC = 0
    TT = 0.004401, performed by inspection with 44965 solutions, nbR1C = 30, nbDiscC = 0
    TT = 0.028486, performed by inspection with 208700 solutions, nbR1C = 30, nbDiscC = 0
    TT = 0.005828, performed by inspection with 57040 solutions, nbR1C = 17, nbDiscC = 0
    TT = 0.003583, performed by inspection with 44965 solutions, nbR1C = 17, nbDiscC = 0
    TT = 0.021424, performed by inspection with 208700 solutions, nbR1C = 17, nbDiscC = 0
<DWph=0> <it=  5> <et=4.01> <Mt= 0.00> <Spt= 0.08> <nCl= 23> <al=0.00> <DB= 2615.3966> <Mlp= 2615.3966> <PB=2667.074> 
Dynamic params and stats :  aver.obdmd = 21.1346 aver.buck.num. = 26 nbR1C = 17 with avMem = 3.82353
@@ 1 1 2615.4 0.00615175 0.006356 0 4.01
Dynamic params and stats :  aver.obdmd = 23.1154 aver.buck.num. = 26 nbR1C = 17 with avMem = 3.82353
@@ 1 1 2615.4 0.004137 0.004459 0 4.01
Dynamic params and stats :  aver.obdmd = 22.8462 aver.buck.num. = 25 nbR1C = 17 with avMem = 3.82353
@@ 1 1 2615.4 0.025662 0.028486 0 4.01
Reduced cost fixing for graph G_1...  took 0 sec., done by inspection with 57040 solutions, remains 40662 (71.3%)
Reduced cost fixing for graph G_2...  took 0 sec., done by inspection with 44965 solutions, remains 15802 (35.1%)
Reduced cost fixing for graph G_3...  took 0.03 sec., done by inspection with 208700 solutions, remains 45500 (21.8%)
Removed 245 columns (not in the enumerated set) from the formulation
ColGenEvalAlg final dual bound: 2615.4 (rounded: 2615.4)
Gap improvement since the last cut separation : 0.171597 (2604.69)
Current active cuts : R1C(17,53.1083) 3rowPackR1C(8) 4rowPackR1C(4) 5rowPackR1C(5)
Shrinking heuristic shrunk 7 edges
8 Rank-1 3-rows pack. cuts added ,  max viol. = 0.09, aver. viol. = 0.06875
Building structures for heuristic rank-1 packing cut separation...done!
19 Rank-1 4-rows pack. cuts added ,  max viol. = 0.09, aver. viol. = 0.0642105
100 Rank-1 5-rows pack. cuts added ,  max viol. = 0.11, aver. viol. = 0.07105
----- Add fac. cuts : R1C(127), max.viol = 0.19, aver.viol = 0.096378, sep/add took 0.323965/0.0209307 sec. -----
983 columns (930 active), 319 dyn. constrs. (144 active), 422 art. vars. (247 active)
<DWph=2> <it=  1> <et=4.52> <Mt= 0.00> <Spt= 0.00> <nCl=  0> <al=0.00> <DB= 2616.7796> <Mlp= 2616.7796> <PB=2667.074> 
<DWph=1> <it=  2> <et=4.52> <Mt= 0.00> <Spt= 0.00> <nCl=  0> <al=0.00> <DB= 2616.7796> <Mlp= 2616.7796> <PB=2667.074> 
    TT = 0.004944, performed by inspection with 40662 solutions, nbR1C = 27, nbDiscC = 0
    TT = 0.001697, performed by inspection with 15802 solutions, nbR1C = 27, nbDiscC = 0
    TT = 0.006125, performed by inspection with 45500 solutions, nbR1C = 27, nbDiscC = 0
<DWph=0> <it=  3> <et=4.55> <Mt= 0.01> <Spt= 0.03> <nCl=172> <al=0.30> <DB= 2608.0011> <Mlp= 2616.7796> <PB=2667.074> 
    TT = 0.004709, performed by inspection with 40662 solutions, nbR1C = 27, nbDiscC = 0
    TT = 0.001585, performed by inspection with 15802 solutions, nbR1C = 27, nbDiscC = 0
    TT = 0.006131, performed by inspection with 45500 solutions, nbR1C = 27, nbDiscC = 0
    TT = 0.004756, performed by inspection with 40662 solutions, nbR1C = 27, nbDiscC = 0
    TT = 0.001639, performed by inspection with 15802 solutions, nbR1C = 27, nbDiscC = 0
    TT = 0.006173, performed by inspection with 45500 solutions, nbR1C = 27, nbDiscC = 0
<DWph=0> <it=  4> <et=4.58> <Mt= 0.00> <Spt= 0.04> <nCl=  0> <al=0.00> <DB= 2616.7796> <Mlp= 2616.7796> <PB=2667.074> 
Dynamic params and stats :  aver.obdmd = 21.1346 aver.buck.num. = 26 nbR1C = 27 with avMem = 4.37037
@@ 1 2 2616.78 0.004803 0.004944 0 4.58
Dynamic params and stats :  aver.obdmd = 23.1154 aver.buck.num. = 26 nbR1C = 27 with avMem = 4.37037
@@ 1 2 2616.78 0.00164033 0.001697 0 4.58
Dynamic params and stats :  aver.obdmd = 22.8462 aver.buck.num. = 25 nbR1C = 27 with avMem = 4.37037
@@ 1 2 2616.78 0.006143 0.006173 0 4.58
Reduced cost fixing for graph G_1...  took 0 sec., done by inspection with 40662 solutions, remains 38612 (95%)
Reduced cost fixing for graph G_2...  took 0 sec., done by inspection with 15802 solutions, remains 13985 (88.5%)
Reduced cost fixing for graph G_3...  took 0 sec., done by inspection with 45500 solutions, remains 24772 (54.4%)
Removed 180 columns (not in the enumerated set) from the formulation
    Full reduced cost fixing is not called (gap ratio is 0.973238)
ColGenEvalAlg final dual bound: 2616.78 (rounded: 2616.78)
Gap improvement since the last cut separation : 0.0267617 (2615.4)
Current active cuts : R1C(27,75.7614) 3rowPackR1C(6) 4rowPackR1C(5) 5rowPackR1C(16)
Shrinking heuristic shrunk 8 edges
11 Rank-1 3-rows pack. cuts added ,  max viol. = 0.211111, aver. viol. = 0.116162
Building structures for heuristic rank-1 packing cut separation...done!
27 Rank-1 4-rows pack. cuts added ,  max viol. = 0.211111, aver. viol. = 0.100412
100 Rank-1 5-rows pack. cuts added ,  max viol. = 0.248148, aver. viol. = 0.128519
----- Add fac. cuts : R1C(138), max.viol = 0.311111, aver.viol = 0.161836, sep/add took 0.327817/0.0223763 sec. -----
952 columns (922 active), 282 dyn. constrs. (165 active), 560 art. vars. (268 active)
<DWph=2> <it=  1> <et=5.01> <Mt= 0.00> <Spt= 0.00> <nCl=  0> <al=0.00> <DB= 2617.6805> <Mlp= 2617.6805> <PB=2667.074> 
<DWph=1> <it=  2> <et=5.01> <Mt= 0.00> <Spt= 0.00> <nCl=  0> <al=0.00> <DB= 2617.6805> <Mlp= 2617.6805> <PB=2667.074> 
    TT = 0.004635, performed by inspection with 38612 solutions, nbR1C = 30, nbDiscC = 0
    TT = 0.001498, performed by inspection with 13985 solutions, nbR1C = 30, nbDiscC = 0
    TT = 0.003699, performed by inspection with 24772 solutions, nbR1C = 30, nbDiscC = 0
    TT = 0.004498, performed by inspection with 38612 solutions, nbR1C = 30, nbDiscC = 0
    TT = 0.001462, performed by inspection with 13985 solutions, nbR1C = 30, nbDiscC = 0
    TT = 0.003714, performed by inspection with 24772 solutions, nbR1C = 30, nbDiscC = 0
<DWph=0> <it=  3> <et=5.05> <Mt= 0.00> <Spt= 0.04> <nCl=163> <al=0.00> <DB= 2617.6805> <Mlp= 2617.6805> <PB=2667.074> 
Dynamic params and stats :  aver.obdmd = 21.1346 aver.buck.num. = 26 nbR1C = 30 with avMem = 4.3
@@ 1 3 2617.68 0.0045665 0.004635 0 5.05
Dynamic params and stats :  aver.obdmd = 23.1154 aver.buck.num. = 26 nbR1C = 30 with avMem = 4.3
@@ 1 3 2617.68 0.00148 0.001498 0 5.05
Dynamic params and stats :  aver.obdmd = 22.8462 aver.buck.num. = 25 nbR1C = 30 with avMem = 4.3
@@ 1 3 2617.68 0.0037065 0.003714 0 5.05
Reduced cost fixing for graph G_1...  took 0 sec., done by inspection with 38612 solutions, remains 37404 (96.9%)
Reduced cost fixing for graph G_2...  took 0 sec., done by inspection with 13985 solutions, remains 13874 (99.2%)
Reduced cost fixing for graph G_3...  took 0 sec., done by inspection with 24772 solutions, remains 14996 (60.5%)
Removed 170 columns (not in the enumerated set) from the formulation
    Full reduced cost fixing is not called (gap ratio is 0.955806)
ColGenEvalAlg final dual bound: 2617.68 (rounded: 2617.68)
Gap improvement since the last cut separation : 0.017912 (2616.78)
Cut generation tailing off counter increased to 1
Current active cuts : R1C(30,88.3742) 3rowPackR1C(6) 4rowPackR1C(9) 5rowPackR1C(15)
Shrinking heuristic shrunk 3 edges
10 Rank-1 3-rows pack. cuts added ,  max viol. = 0.106383, aver. viol. = 0.0587561
Building structures for heuristic rank-1 packing cut separation...done!
24 Rank-1 4-rows pack. cuts added ,  max viol. = 0.106383, aver. viol. = 0.0667621
100 Rank-1 5-rows pack. cuts added ,  max viol. = 0.106383, aver. viol. = 0.0902701
----- Add fac. cuts : R1C(134), max.viol = 0.198036, aver.viol = 0.0914088, sep/add took 0.418457/0.0205866 sec. -----
935 columns (915 active), 299 dyn. constrs. (164 active), 694 art. vars. (267 active)
<DWph=2> <it=  1> <et=5.54> <Mt= 0.00> <Spt= 0.01> <nCl=  0> <al=0.00> <DB= 2617.9590> <Mlp= 2617.9590> <PB=2667.074> 
<DWph=1> <it=  2> <et=5.55> <Mt= 0.00> <Spt= 0.00> <nCl=  0> <al=0.00> <DB= 2617.9590> <Mlp= 2617.9590> <PB=2667.074> 
    TT = 0.005482, performed by inspection with 37404 solutions, nbR1C = 36, nbDiscC = 0
    TT = 0.001744, performed by inspection with 13874 solutions, nbR1C = 36, nbDiscC = 0
    TT = 0.002698, performed by inspection with 14996 solutions, nbR1C = 36, nbDiscC = 0
    TT = 0.004511, performed by inspection with 37404 solutions, nbR1C = 36, nbDiscC = 0
    TT = 0.001599, performed by inspection with 13874 solutions, nbR1C = 36, nbDiscC = 0
    TT = 0.002637, performed by inspection with 14996 solutions, nbR1C = 36, nbDiscC = 0
<DWph=0> <it=  3> <et=5.59> <Mt= 0.00> <Spt= 0.04> <nCl=158> <al=0.00> <DB= 2617.9590> <Mlp= 2617.9590> <PB=2667.074> 
Dynamic params and stats :  aver.obdmd = 21.1346 aver.buck.num. = 26 nbR1C = 36 with avMem = 4.33333
@@ 1 4 2617.96 0.0049965 0.005482 0 5.59
Dynamic params and stats :  aver.obdmd = 23.1154 aver.buck.num. = 26 nbR1C = 36 with avMem = 4.33333
@@ 1 4 2617.96 0.0016715 0.001744 0 5.59
Dynamic params and stats :  aver.obdmd = 22.8462 aver.buck.num. = 25 nbR1C = 36 with avMem = 4.33333
@@ 1 4 2617.96 0.0026675 0.002698 0 5.59
Reduced cost fixing for graph G_1...  took 0 sec., done by inspection with 37404 solutions, remains 37166 (99.4%)
Reduced cost fixing for graph G_2...  took 0 sec., done by inspection with 13874 solutions, remains 13821 (99.6%)
Reduced cost fixing for graph G_3...  took 0 sec., done by inspection with 14996 solutions, remains 13891 (92.6%)
Removed 159 columns (not in the enumerated set) from the formulation
    Full reduced cost fixing is not called (gap ratio is 0.950415)
ColGenEvalAlg final dual bound: 2617.96 (rounded: 2617.96)
Gap improvement since the last cut separation : 0.00564001 (2617.68)
Cut generation tailing off counter increased to 2
Current active cuts : R1C(36,95.5485) 3rowPackR1C(7) 4rowPackR1C(10) 5rowPackR1C(19)
Shrinking heuristic shrunk 9 edges
7 Rank-1 3-rows pack. cuts added ,  max viol. = 0.146288, aver. viol. = 0.0583281
Building structures for heuristic rank-1 packing cut separation...done!
16 Rank-1 4-rows pack. cuts added ,  max viol. = 0.146288, aver. viol. = 0.0509007
100 Rank-1 5-rows pack. cuts added ,  max viol. = 0.165939, aver. viol. = 0.0560044
----- Add fac. cuts : R1C(123), max.viol = 0.331878, aver.viol = 0.0772713, sep/add took 0.381374/0.0199809 sec. -----
923 columns (914 active), 287 dyn. constrs. (159 active), 817 art. vars. (262 active)
<DWph=2> <it=  1> <et=6.04> <Mt= 0.00> <Spt= 0.01> <nCl=  0> <al=0.00> <DB= 2618.1502> <Mlp= 2618.1502> <PB=2667.074> 
<DWph=1> <it=  2> <et=6.04> <Mt= 0.00> <Spt= 0.00> <nCl=  0> <al=0.00> <DB= 2618.1502> <Mlp= 2618.1502> <PB=2667.074> 
    TT = 0.004881, performed by inspection with 37166 solutions, nbR1C = 44, nbDiscC = 0
    TT = 0.001928, performed by inspection with 13821 solutions, nbR1C = 44, nbDiscC = 0
    TT = 0.002932, performed by inspection with 13891 solutions, nbR1C = 44, nbDiscC = 0
    TT = 0.004762, performed by inspection with 37166 solutions, nbR1C = 44, nbDiscC = 0
    TT = 0.001922, performed by inspection with 13821 solutions, nbR1C = 44, nbDiscC = 0
    TT = 0.002899, performed by inspection with 13891 solutions, nbR1C = 44, nbDiscC = 0
<DWph=0> <it=  3> <et=6.08> <Mt= 0.00> <Spt= 0.04> <nCl=161> <al=0.00> <DB= 2618.1502> <Mlp= 2618.1502> <PB=2667.074> 
Dynamic params and stats :  aver.obdmd = 21.1346 aver.buck.num. = 26 nbR1C = 44 with avMem = 4.5
@@ 1 5 2618.15 0.0048215 0.004881 0 6.08
Dynamic params and stats :  aver.obdmd = 23.1154 aver.buck.num. = 26 nbR1C = 44 with avMem = 4.5
@@ 1 5 2618.15 0.001925 0.001928 0 6.08
Dynamic params and stats :  aver.obdmd = 22.8462 aver.buck.num. = 25 nbR1C = 44 with avMem = 4.5
@@ 1 5 2618.15 0.0029155 0.002932 0 6.08
Reduced cost fixing for graph G_1...  took 0 sec., done by inspection with 37166 solutions, remains 36740 (98.9%)
Reduced cost fixing for graph G_2...  took 0 sec., done by inspection with 13821 solutions, remains 13765 (99.6%)
Reduced cost fixing for graph G_3...  took 0 sec., done by inspection with 13891 solutions, remains 12320 (88.7%)
Removed 160 columns (not in the enumerated set) from the formulation
    Full reduced cost fixing is not called (gap ratio is 0.946716)
ColGenEvalAlg final dual bound: 2618.15 (rounded: 2618.15)
Gap improvement since the last cut separation : 0.00389201 (2617.96)
----- Cut generation is stopped due to tailing off -----
Current active cuts : R1C(44,107.312) 3rowPackR1C(5) 4rowPackR1C(12) 5rowPackR1C(27)
**** Strong branching phase 1 is started *****
SB phase 1 cand.  1 branch on VNB[0] (lhs=15.7537)    : [ 2633.1004,  2639.0361], score = 312.25      <et=6.14>
SB phase 1 cand.  2 branch on VNB[1] (lhs=15.7537)    : [ 2628.7295,  2633.1004], score = 158.16      <et=6.15>
SB phase 1 cand.  3 branch on EDGE[7,43] (lhs=0.5000) : [ 2618.5998,  2619.3298], score = 0.53      <et=6.15>
SB phase 1 cand.  4 branch on EDGE[23,48] (lhs=0.5455): [ 2618.4296,  2619.3359], score = 0.33      <et=6.15>
SB phase 1 cand.  5 branch on EDGE[8,27] (lhs=0.5455) : [ 2618.6311,  2619.2162], score = 0.51      <et=6.16>
SB phase 1 cand.  6 branch on EDGE[8,32] (lhs=0.5455) : [ 2618.7403,  2619.2027], score = 0.62      <et=6.16>
SB phase 1 cand.  7 branch on EDGE[0,2] (lhs=0.5455)  : [ 2618.2735,  2619.3372], score = 0.15      <et=6.16>
SB phase 1 cand.  8 branch on EDGE[2,11] (lhs=0.5455) : [ 2618.4828,  2619.3372], score = 0.39      <et=6.17>
SB phase 1 cand.  9 branch on EDGE[11,16] (lhs=0.4545): [ 2618.4828,  2619.4758], score = 0.44      <et=6.17>
SB phase 1 cand. 10 branch on EDGE[16,38] (lhs=0.4545): [ 2618.4828,  2619.2008], score = 0.35      <et=6.18>
SB phase 1 cand. 11 branch on EDGE[0,26] (lhs=0.4545) : [ 2618.4401,  2619.3359], score = 0.34      <et=6.18>
SB phase 1 cand. 12 branch on EDGE[0,16] (lhs=0.5455) : [ 2618.4828,  2619.1763], score = 0.34      <et=6.18>
SB phase 1 cand. 13 branch on EDGE[0,7] (lhs=0.4091)  : [ 2618.3267,  2618.6241], score = 0.08      <et=6.18>
SB phase 1 cand. 14 branch on EDGE[7,26] (lhs=0.5909) : [ 2618.4401,  2619.3240], score = 0.34      <et=6.19>
SB phase 1 cand. 15 branch on EDGE[7,23] (lhs=0.3636) : [ 2618.5607,  2618.6343], score = 0.20      <et=6.19>
SB phase 1 cand. 16 branch on EDGE[26,43] (lhs=0.3636): [ 2619.0909,  2619.9066], score = 1.65      <et=6.19>
SB phase 1 cand. 17 branch on EDGE[10,46] (lhs=0.6702): [ 2618.7231,  2620.6676], score = 1.44      <et=6.2>
SB phase 1 cand. 18 branch on EDGE[17,33] (lhs=0.6702): [ 2618.7231,  2618.8178], score = 0.38      <et=6.2>
SB phase 1 cand. 19 branch on EDGE[0,10] (lhs=0.3266) : [ 2618.8049,  2618.9541], score = 0.53      <et=6.2>
SB phase 1 cand. 20 branch on EDGE[6,23] (lhs=0.6818) : [ 2618.3819,  2618.8569], score = 0.16      <et=6.2>
SB phase 1 cand. 21 branch on EDGE[2,32] (lhs=0.3182) : [ 2618.2735,  2620.7785], score = 0.32      <et=6.21>
SB phase 1 cand. 22 branch on EDGE[0,48] (lhs=0.6818) : [ 2618.2785,  2618.9123], score = 0.10      <et=6.21>
SB phase 1 cand. 23 branch on EDGE[30,49] (lhs=0.6987): [ 2618.6126,  2619.0456], score = 0.41      <et=6.21>
SB phase 1 cand. 24 branch on EDGE[37,44] (lhs=0.6987): [ 2618.7874,  2619.2589], score = 0.71      <et=6.22>
SB phase 1 cand. 25 branch on EDGE[44,47] (lhs=0.6987): [ 2618.8178,  2618.8989], score = 0.50      <et=6.22>
SB phase 1 cand. 26 branch on EDGE[42,45] (lhs=0.7209): [ 2618.8178,  2619.3279], score = 0.79      <et=6.22>
SB phase 1 cand. 27 branch on EDGE[33,39] (lhs=0.7241): [ 2618.9670,  2619.3861], score = 1.01      <et=6.23>
SB phase 1 cand. 28 branch on EDGE[0,20] (lhs=0.7273) : [ 2618.5171,  2619.4425], score = 0.47      <et=6.23>
SB phase 1 cand. 29 branch on EDGE[1,20] (lhs=0.2727) : [ 2618.5171,  2619.8609], score = 0.63      <et=6.23>
SB phase 1 cand. 30 branch on EDGE[16,20] (lhs=0.2727): [ 2618.5171,  2620.2590], score = 0.77      <et=6.23>
SB phase 1 cand. 31 branch on EDGE[20,28] (lhs=0.7273): [ 2618.6553,  2618.7415], score = 0.30      <et=6.24>
SB phase 1 cand. 32 branch on EDGE[22,28] (lhs=0.7273): [ 2618.4689,  2619.9317], score = 0.57      <et=6.24>
SB phase 1 cand. 33 branch on EDGE[0,23] (lhs=0.2727) : [ 2618.3285,  2618.8571], score = 0.13      <et=6.24>
SB phase 1 cand. 34 branch on EDGE[0,8] (lhs=0.2727)  : [ 2618.2501,  2619.5398], score = 0.14      <et=6.25>
SB phase 1 cand. 35 branch on EDGE[33,45] (lhs=0.2727): [ 2618.6747,  2620.4370], score = 1.20      <et=6.25>
SB phase 1 cand. 36 branch on EDGE[0,49] (lhs=0.7304) : [ 2618.2855,  2620.5513], score = 0.32      <et=6.25>
SB phase 1 cand. 37 branch on EDGE[38,49] (lhs=0.2696): [ 2618.2850,  2620.9706], score = 0.38      <et=6.26>
SB phase 1 cand. 38 branch on EDGE[16,49] (lhs=0.2442): [ 2618.2829,  2621.5574], score = 0.45      <et=6.26>
SB phase 1 cand. 39 branch on EDGE[30,39] (lhs=0.2442): [ 2618.4448,  2619.3861], score = 0.36      <et=6.26>
SB phase 1 cand. 40 branch on EDGE[42,44] (lhs=0.2283): [ 2618.3763,  2620.4795], score = 0.53      <et=6.27>
SB phase 1 cand. 41 branch on EDGE[8,48] (lhs=0.2273) : [ 2618.3957,  2625.1178], score = 1.71      <et=6.27>
SB phase 1 cand. 42 branch on EDGE[1,26] (lhs=0.2273) : [ 2618.3558,  2621.4212], score = 0.67      <et=6.27>
SB phase 1 cand. 43 branch on EDGE[6,24] (lhs=0.2273) : [ 2618.2806,  2620.2094], score = 0.27      <et=6.28>
SB phase 1 cand. 44 branch on EDGE[0,24] (lhs=0.7727) : [ 2618.2806,  2620.0229], score = 0.24      <et=6.28>
SB phase 1 cand. 45 branch on EDGE[17,44] (lhs=0.2252): [ 2618.2686,  2620.0615], score = 0.23      <et=6.28>
SB phase 1 cand. 46 branch on EDGE[0,37] (lhs=0.7780) : [ 2618.2396,  2618.9802], score = 0.07      <et=6.28>
SB phase 1 cand. 47 branch on EDGE[37,47] (lhs=0.2220): [ 2618.2396,  2618.9802], score = 0.07      <et=6.29>
SB phase 1 cand. 48 branch on EDGE[37,38] (lhs=0.2093): [ 2618.2396,  2623.2912], score = 0.46      <et=6.29>
SB phase 1 cand. 49 branch on EDGE[27,48] (lhs=0.1818): [ 2618.1783,  2621.1700], score = 0.08      <et=6.29>
SB phase 1 cand. 50 branch on EDGE[1,8] (lhs=0.1818)  : [ 2618.3399,  2621.8002], score = 0.69      <et=6.3>
SB phase 1 cand. 51 branch on EDGE[1,2] (lhs=0.1818)  : [ 2618.2099,  2621.1064], score = 0.18      <et=6.3>
SB phase 1 cand. 52 branch on EDGE[33,46] (lhs=0.1712): [ 2618.1758,  2623.3654], score = 0.13      <et=6.3>
SB phase 1 cand. 53 branch on EDGE[8,26] (lhs=0.1364) : [ 2618.1690,  2621.7488], score = 0.07      <et=6.31>
SB phase 1 cand. 54 branch on EDGE[7,27] (lhs=0.1364) : [ 2618.2468,  2621.7116], score = 0.34      <et=6.31>
SB phase 1 cand. 55 branch on EDGE[0,28] (lhs=0.1364) : [ 2618.1928,  2620.2376], score = 0.09      <et=6.31>
SB phase 1 cand. 56 branch on EDGE[0,31] (lhs=0.8636) : [ 2618.1964,  2619.4426], score = 0.06      <et=6.31>
SB phase 1 cand. 57 branch on EDGE[1,28] (lhs=0.1364) : [ 2618.1964,  2621.8750], score = 0.17      <et=6.32>
SB phase 1 cand. 58 branch on EDGE[2,22] (lhs=0.1364) : [ 2618.3718,  2623.2642], score = 1.13      <et=6.32>
SB phase 1 cand. 59 branch on EDGE[3,22] (lhs=0.1364) : [ 2618.1964,  2621.2402], score = 0.14      <et=6.32>
SB phase 1 cand. 60 branch on EDGE[3,31] (lhs=0.8636) : [ 2618.1964,  2619.2350], score = 0.05      <et=6.33>
SB phase 1 cand. 61 branch on EDGE[26,28] (lhs=0.1364): [ 2618.4036,  2623.1402], score = 1.26      <et=6.33>
SB phase 1 cand. 62 branch on EDGE[28,31] (lhs=0.1364): [ 2618.1964,  2619.2350], score = 0.05      <et=6.33>
SB phase 1 cand. 63 branch on EDGE[2,27] (lhs=0.1364) : [ 2618.1614,  2625.8255], score = 0.09      <et=6.33>
SB phase 1 cand. 64 branch on EDGE[2,46] (lhs=0.1364) : [ 2618.1614,  2624.0277], score = 0.07      <et=6.34>
SB phase 1 cand. 65 branch on EDGE[0,15] (lhs=0.8985) : [ 2618.1614,  2619.7223], score = 0.02      <et=6.34>
SB phase 1 cand. 66 branch on EDGE[15,45] (lhs=0.8985): [ 2618.1614,  2620.4287], score = 0.03      <et=6.34>
SB phase 1 cand. 67 branch on EDGE[6,48] (lhs=0.0909) : [ 2618.1783,  2621.9318], score = 0.11      <et=6.35>
SB phase 1 cand. 68 branch on EDGE[23,43] (lhs=0.0909): [ 2618.1783,  2620.7624], score = 0.07      <et=6.35>
SB phase 1 cand. 69 branch on EDGE[8,31] (lhs=0.0909) : [ 2618.1563,  2620.9143], score = 0.02      <et=6.35>
SB phase 1 cand. 70 branch on EDGE[32,48] (lhs=0.0909): [ 2618.1675,  2626.6390], score = 0.15      <et=6.35>
SB phase 1 cand. 71 branch on EDGE[43,48] (lhs=0.0909): [ 2618.1675,  2626.6390], score = 0.15      <et=6.36>
SB phase 1 cand. 72 branch on EDGE[10,39] (lhs=0.9175): [ 2618.1614,  2620.5047], score = 0.03      <et=6.36>
SB phase 1 cand. 73 branch on EDGE[0,44] (lhs=0.0698) : [ 2618.1614,  2619.4327], score = 0.01      <et=6.36>
SB phase 1 cand. 74 branch on EDGE[10,30] (lhs=0.0539): [ 2618.1614,  2622.1327], score = 0.04      <et=6.37>
SB phase 1 cand. 75 branch on EDGE[0,39] (lhs=0.0539) : [ 2618.1614,  2620.5091], score = 0.03      <et=6.37>
SB phase 1 cand. 76 branch on EDGE[0,33] (lhs=0.0476) : [ 2618.1614,  2624.1003], score = 0.07      <et=6.37>
SB phase 1 cand. 77 branch on EDGE[44,45] (lhs=0.0476): [ 2618.1614,  2625.6267], score = 0.08      <et=6.37>
SB phase 1 cand. 78 branch on EDGE[26,31] (lhs=0.0455): [ 2618.1638,  2621.7548], score = 0.05      <et=6.38>
SB phase 1 cand. 79 branch on EDGE[26,48] (lhs=0.0455): [ 2618.1784,  2621.2102], score = 0.09      <et=6.38>
SB phase 1 cand. 80 branch on EDGE[23,32] (lhs=0.0455): [ 2618.1511,  2622.2561], score = 0.00      <et=6.38>
SB phase 1 cand. 81 branch on EDGE[24,48] (lhs=0.0455): [ 2618.1680,  2630.2991], score = 0.22      <et=6.39>
SB phase 1 cand. 82 branch on EDGE[24,43] (lhs=0.9545): [ 2618.1680,  2621.7116], score = 0.06      <et=6.39>
SB phase 1 cand. 83 branch on EDGE[15,37] (lhs=0.0412): [ 2618.1614,  2620.3063], score = 0.02      <et=6.39>
SB phase 1 cand. 84 branch on EDGE[15,38] (lhs=0.0317): [ 2618.1504,  2628.5971], score = 0.00      <et=6.39>
SB phase 1 cand. 85 branch on EDGE[15,47] (lhs=0.0317): [ 2618.1504,  2623.0752], score = 0.00      <et=6.4>
SB phase 1 cand. 86 branch on EDGE[9,38] (lhs=0.0317) : [ 2618.1614,  2621.5474], score = 0.04      <et=6.4>
SB phase 1 cand. 87 branch on EDGE[0,9] (lhs=0.9683)  : [ 2618.1614,  2620.8231], score = 0.03      <et=6.4>
SB phase 1 cand. 88 branch on EDGE[0,34] (lhs=0.0285) : [ 2618.1597,  2620.9968], score = 0.03      <et=6.41>
SB phase 1 cand. 89 branch on EDGE[0,50] (lhs=0.9715) : [ 2618.1597,  2621.0515], score = 0.03      <et=6.41>
SB phase 1 cand. 90 branch on EDGE[9,50] (lhs=0.0285) : [ 2618.1591,  2622.5400], score = 0.04      <et=6.41>
SB phase 1 cand. 91 branch on EDGE[21,34] (lhs=0.9715): [ 2618.1597,  2621.0434], score = 0.03      <et=6.42>
SB phase 1 cand. 92 branch on EDGE[21,50] (lhs=0.0285): [ 2618.1597,  2621.0512], score = 0.03      <et=6.42>
SB phase 1 cand. 93 branch on EDGE[34,50] (lhs=0.9715): [ 2618.1597,  2621.1907], score = 0.03      <et=6.42>
SB phase 1 cand. 94 branch on EDGE[9,30] (lhs=0.9715) : [ 2618.1597,  2621.2441], score = 0.03      <et=6.42>
SB phase 1 cand. 95 branch on EDGE[10,33] (lhs=0.0285): [ 2618.1614,  2622.4917], score = 0.05      <et=6.43>
SB phase 1 cand. 96 branch on EDGE[33,37] (lhs=0.0285): [ 2618.1614,  2621.9620], score = 0.04      <et=6.43>
SB phase 1 cand. 97 branch on EDGE[33,49] (lhs=0.0285): [ 2618.1614,  2621.9620], score = 0.04      <et=6.43>
SB phase 1 cand. 98 branch on EDGE[15,17] (lhs=0.0285): [ 2618.1614,  2622.9446], score = 0.05      <et=6.44>
SB phase 1 cand. 99 branch on EDGE[15,33] (lhs=0.0285): [ 2618.1614,  2625.3185], score = 0.08      <et=6.44>
SB phase 1 cand. 100 branch on EDGE[17,45] (lhs=0.0285): [ 2618.1614,  2621.7216], score = 0.04      <et=6.44>
**** Strong branching phase 2 is started *****
    TT = 0.004171, performed by inspection with 36740 solutions, nbR1C = 26, nbDiscC = 0
    TT = 0.001457, performed by inspection with 13765 solutions, nbR1C = 26, nbDiscC = 0
    TT = 0.002096, performed by inspection with 12320 solutions, nbR1C = 26, nbDiscC = 0
    TT = 0.004182, performed by inspection with 36740 solutions, nbR1C = 26, nbDiscC = 0
    TT = 0.001562, performed by inspection with 13765 solutions, nbR1C = 26, nbDiscC = 0
    TT = 0.002034, performed by inspection with 12320 solutions, nbR1C = 26, nbDiscC = 0
    TT = 0.004061, performed by inspection with 36740 solutions, nbR1C = 26, nbDiscC = 0
    TT = 0.001444, performed by inspection with 13765 solutions, nbR1C = 26, nbDiscC = 0
    TT = 0.002029, performed by inspection with 12320 solutions, nbR1C = 26, nbDiscC = 0
Dynamic params and stats :  aver.obdmd = 21.1346 aver.buck.num. = 26 nbR1C = 26 with avMem = 4.34615
Dynamic params and stats :  aver.obdmd = 23.1154 aver.buck.num. = 26 nbR1C = 26 with avMem = 4.34615
Dynamic params and stats :  aver.obdmd = 22.8462 aver.buck.num. = 25 nbR1C = 26 with avMem = 4.34615
<DWph=0> <it=  4> <et=6.50> <Mt= 0.00> <Spt= 0.05> <nCl=183> <al=0.00> <DB= 2639.0361> <Mlp= 2639.0361> <PB=2667.074> 
    TT = 0.004102, performed by inspection with 36740 solutions, nbR1C = 20, nbDiscC = 0
    TT = 0.001342, performed by inspection with 13765 solutions, nbR1C = 20, nbDiscC = 0
    TT = 0.001947, performed by inspection with 12320 solutions, nbR1C = 20, nbDiscC = 0
    TT = 0.004167, performed by inspection with 36740 solutions, nbR1C = 24, nbDiscC = 0
    TT = 0.00142, performed by inspection with 13765 solutions, nbR1C = 24, nbDiscC = 0
    TT = 0.002013, performed by inspection with 12320 solutions, nbR1C = 24, nbDiscC = 0
    TT = 0.00404, performed by inspection with 36740 solutions, nbR1C = 21, nbDiscC = 0
    TT = 0.001405, performed by inspection with 13765 solutions, nbR1C = 21, nbDiscC = 0
    TT = 0.002013, performed by inspection with 12320 solutions, nbR1C = 21, nbDiscC = 0
Dynamic params and stats :  aver.obdmd = 21.1346 aver.buck.num. = 26 nbR1C = 21 with avMem = 4.57143
Dynamic params and stats :  aver.obdmd = 23.1154 aver.buck.num. = 26 nbR1C = 21 with avMem = 4.57143
Dynamic params and stats :  aver.obdmd = 22.8462 aver.buck.num. = 25 nbR1C = 21 with avMem = 4.57143
<DWph=0> <it=  4> <et=6.58> <Mt= 0.01> <Spt= 0.05> <nCl=388> <al=0.00> <DB= 2629.9080> <Mlp= 2629.9080> <PB=2667.074> 
SB phase 2 cand.  1 branch on VNB[0] (lhs=15.7537)   : [ 2629.9080,  2639.0361], score = 245.57      <et=6.6>
    TT = 0.004038, performed by inspection with 36740 solutions, nbR1C = 18, nbDiscC = 0
    TT = 0.001322, performed by inspection with 13765 solutions, nbR1C = 18, nbDiscC = 0
    TT = 0.001969, performed by inspection with 12320 solutions, nbR1C = 18, nbDiscC = 0
    TT = 0.004201, performed by inspection with 36740 solutions, nbR1C = 23, nbDiscC = 0
    TT = 0.001431, performed by inspection with 13765 solutions, nbR1C = 23, nbDiscC = 0
    TT = 0.002038, performed by inspection with 12320 solutions, nbR1C = 23, nbDiscC = 0
    TT = 0.00415, performed by inspection with 36740 solutions, nbR1C = 23, nbDiscC = 0
    TT = 0.001404, performed by inspection with 13765 solutions, nbR1C = 23, nbDiscC = 0
    TT = 0.002022, performed by inspection with 12320 solutions, nbR1C = 23, nbDiscC = 0
    TT = 0.004062, performed by inspection with 36740 solutions, nbR1C = 21, nbDiscC = 0
    TT = 0.001396, performed by inspection with 13765 solutions, nbR1C = 21, nbDiscC = 0
    TT = 0.002422, performed by inspection with 12320 solutions, nbR1C = 21, nbDiscC = 0
Dynamic params and stats :  aver.obdmd = 21.1346 aver.buck.num. = 26 nbR1C = 21 with avMem = 4.57143
Dynamic params and stats :  aver.obdmd = 23.1154 aver.buck.num. = 26 nbR1C = 21 with avMem = 4.57143
Dynamic params and stats :  aver.obdmd = 22.8462 aver.buck.num. = 25 nbR1C = 21 with avMem = 4.57143
<DWph=0> <it=  5> <et=6.68> <Mt= 0.00> <Spt= 0.07> <nCl=387> <al=0.00> <DB= 2629.9080> <Mlp= 2629.9080> <PB=2667.074> 
    TT = 0.0044, performed by inspection with 36740 solutions, nbR1C = 32, nbDiscC = 0
    TT = 0.001627, performed by inspection with 13765 solutions, nbR1C = 32, nbDiscC = 0
    TT = 0.002222, performed by inspection with 12320 solutions, nbR1C = 32, nbDiscC = 0
    TT = 0.004338, performed by inspection with 36740 solutions, nbR1C = 32, nbDiscC = 0
    TT = 0.001581, performed by inspection with 13765 solutions, nbR1C = 32, nbDiscC = 0
    TT = 0.002212, performed by inspection with 12320 solutions, nbR1C = 32, nbDiscC = 0
    TT = 0.004295, performed by inspection with 36740 solutions, nbR1C = 32, nbDiscC = 0
    TT = 0.001569, performed by inspection with 13765 solutions, nbR1C = 32, nbDiscC = 0
    TT = 0.002219, performed by inspection with 12320 solutions, nbR1C = 32, nbDiscC = 0
Dynamic params and stats :  aver.obdmd = 21.1346 aver.buck.num. = 26 nbR1C = 32 with avMem = 4.375
Dynamic params and stats :  aver.obdmd = 23.1154 aver.buck.num. = 26 nbR1C = 32 with avMem = 4.375
Dynamic params and stats :  aver.obdmd = 22.8462 aver.buck.num. = 25 nbR1C = 32 with avMem = 4.375
<DWph=0> <it=  4> <et=6.76> <Mt= 0.01> <Spt= 0.04> <nCl=175> <al=0.00> <DB= 2628.7295> <Mlp= 2628.7295> <PB=2667.074> 
SB phase 2 cand.  2 branch on VNB[1] (lhs=15.7537)   : [ 2628.7295,  2629.9080], score = 124.39      <et=6.77>
    TT = 0.004195, performed by inspection with 36740 solutions, nbR1C = 24, nbDiscC = 0
    TT = 0.001448, performed by inspection with 13765 solutions, nbR1C = 24, nbDiscC = 0
    TT = 0.002056, performed by inspection with 12320 solutions, nbR1C = 24, nbDiscC = 0
    TT = 0.004146, performed by inspection with 36740 solutions, nbR1C = 24, nbDiscC = 0
    TT = 0.00141, performed by inspection with 13765 solutions, nbR1C = 24, nbDiscC = 0
    TT = 0.002027, performed by inspection with 12320 solutions, nbR1C = 24, nbDiscC = 0
    TT = 0.004044, performed by inspection with 36740 solutions, nbR1C = 21, nbDiscC = 0
    TT = 0.001312, performed by inspection with 13765 solutions, nbR1C = 21, nbDiscC = 0
    TT = 0.001974, performed by inspection with 12320 solutions, nbR1C = 21, nbDiscC = 0
Dynamic params and stats :  aver.obdmd = 21.1346 aver.buck.num. = 26 nbR1C = 21 with avMem = 4.33333
Dynamic params and stats :  aver.obdmd = 23.1154 aver.buck.num. = 26 nbR1C = 21 with avMem = 4.33333
Dynamic params and stats :  aver.obdmd = 22.8462 aver.buck.num. = 25 nbR1C = 21 with avMem = 4.33333
<DWph=0> <it=  4> <et=6.83> <Mt= 0.01> <Spt= 0.05> <nCl=277> <al=0.00> <DB= 2625.0749> <Mlp= 2625.0749> <PB=2667.074> 
    TT = 0.004522, performed by inspection with 36740 solutions, nbR1C = 36, nbDiscC = 0
    TT = 0.001734, performed by inspection with 13765 solutions, nbR1C = 36, nbDiscC = 0
    TT = 0.002508, performed by inspection with 12320 solutions, nbR1C = 36, nbDiscC = 0
    TT = 0.00446, performed by inspection with 36740 solutions, nbR1C = 36, nbDiscC = 0
    TT = 0.001678, performed by inspection with 13765 solutions, nbR1C = 36, nbDiscC = 0
    TT = 0.002315, performed by inspection with 12320 solutions, nbR1C = 36, nbDiscC = 0
Dynamic params and stats :  aver.obdmd = 21.1346 aver.buck.num. = 26 nbR1C = 36 with avMem = 4.44444
Dynamic params and stats :  aver.obdmd = 23.1154 aver.buck.num. = 26 nbR1C = 36 with avMem = 4.44444
Dynamic params and stats :  aver.obdmd = 22.8462 aver.buck.num. = 25 nbR1C = 36 with avMem = 4.44444
<DWph=0> <it=  3> <et=6.89> <Mt= 0.00> <Spt= 0.04> <nCl=155> <al=0.00> <DB= 2618.3957> <Mlp= 2618.3957> <PB=2667.074> 
SB phase 2 cand.  3 branch on EDGE[8,48] (lhs=0.2273): [ 2618.3957,  2625.0749], score = 1.70      <et=6.89>
**** Strong branching phase 3 is started *****
**** SB phase 3 evaluation of candidate 1, branch 1 ( VNB[0] <= 15 ), value = 2639.04
<DWph=2> <it=  1> <et=6.94> <Mt= 0.00> <Spt= 0.00> <nCl=  0> <al=0.00> <DB= 2639.0361> <Mlp= 2639.0361> <PB=2667.074> 
<DWph=1> <it=  2> <et=6.94> <Mt= 0.00> <Spt= 0.00> <nCl=  0> <al=0.00> <DB= 2639.0361> <Mlp= 2639.0361> <PB=2667.074> 
    TT = 0.004186, performed by inspection with 36740 solutions, nbR1C = 26, nbDiscC = 0
    TT = 0.001518, performed by inspection with 13765 solutions, nbR1C = 26, nbDiscC = 0
    TT = 0.002105, performed by inspection with 12320 solutions, nbR1C = 26, nbDiscC = 0
    TT = 0.00428, performed by inspection with 36740 solutions, nbR1C = 26, nbDiscC = 0
    TT = 0.001435, performed by inspection with 13765 solutions, nbR1C = 26, nbDiscC = 0
    TT = 0.002113, performed by inspection with 12320 solutions, nbR1C = 26, nbDiscC = 0
<DWph=0> <it=  3> <et=6.96> <Mt= 0.00> <Spt= 0.03> <nCl=  0> <al=0.00> <DB= 2639.0361> <Mlp= 2639.0361> <PB=2667.074> 
Dynamic params and stats :  aver.obdmd = 21.1346 aver.buck.num. = 26 nbR1C = 26 with avMem = 4.34615
@@ 208 0 2639.04 0.004233 0.00428 0 6.96
Dynamic params and stats :  aver.obdmd = 23.1154 aver.buck.num. = 26 nbR1C = 26 with avMem = 4.34615
@@ 208 0 2639.04 0.0014765 0.001518 0 6.96
Dynamic params and stats :  aver.obdmd = 22.8462 aver.buck.num. = 25 nbR1C = 26 with avMem = 4.34615
@@ 208 0 2639.04 0.002109 0.002113 0 6.96
Reduced cost fixing for graph G_1...  took 0 sec., done by inspection with 36740 solutions, remains 5857 (15.9%)
Reduced cost fixing for graph G_2...  took 0 sec., done by inspection with 13765 solutions, remains 2517 (18.3%)
Reduced cost fixing for graph G_3...  took 0 sec., done by inspection with 12320 solutions, remains 161 (1.31%)
Removed 201 columns (not in the enumerated set) from the formulation
Added 5535 columns in the formulation 
Added 2289 columns in the formulation 
Added 158 columns in the formulation 
ColGenEvalAlg final dual bound: 2639.04 (rounded: 2639.04)
Current active cuts : R1C(26,83.4863) 3rowPackR1C(5) 4rowPackR1C(7) 5rowPackR1C(14)
----- Terminating the node by MIP -----
Version identifier: 20.1.0.0 | 2020-11-10 | 9bedb6d68
CPXPARAM_Advance                                 0
CPXPARAM_Threads                                 1
CPXPARAM_MIP_Limits_Nodes                        2000000
CPXPARAM_Simplex_Tolerances_Optimality           9.9999999999999995e-08
CPXPARAM_Simplex_Tolerances_Feasibility          9.9999999999999995e-08
CPXPARAM_TimeLimit                               1756.9538
CPXPARAM_MIP_Tolerances_UpperCutoff              2667.0740000000001
CPXPARAM_MIP_Tolerances_MIPGap                   1.0000000000000001e-09
Tried aggregator 1 time.
MIP Presolve eliminated 3 rows and 344 columns.
MIP Presolve modified 1672 coefficients.
Reduced MIP has 77 rows, 8535 columns, and 66492 nonzeros.
Reduced MIP has 8535 binaries, 0 generals, 0 SOSs, and 0 indicators.
Presolve time = 0.06 sec. (78.67 ticks)
Tried aggregator 1 time.
Detecting symmetries...
Reduced MIP has 77 rows, 8535 columns, and 66492 nonzeros.
Reduced MIP has 8535 binaries, 0 generals, 0 SOSs, and 0 indicators.
Presolve time = 0.04 sec. (60.11 ticks)
Probing time = 0.01 sec. (11.86 ticks)
Clique table members: 638.
MIP emphasis: balance optimality and feasibility.
MIP search method: dynamic search.
Parallel mode: none, using 1 thread.
Root relaxation solution time = 0.02 sec. (31.29 ticks)

        Nodes                                         Cuts/
   Node  Left     Objective  IInf  Best Integer    Best Bound    ItCnt     Gap

      0     0     2639.0361    52                   2639.0361      266         
      0     0     2644.5582    67                    Cuts: 38      357         
      0     0     2646.1221    74                    Cuts: 17      399         
Detecting symmetries...

Repeating presolve.
Tried aggregator 1 time.
MIP Presolve eliminated 0 rows and 4214 columns.
MIP Presolve modified 161 coefficients.
Reduced MIP has 77 rows, 4321 columns, and 31443 nonzeros.
Reduced MIP has 4321 binaries, 0 generals, 0 SOSs, and 0 indicators.
Presolve time = 0.02 sec. (30.25 ticks)
Tried aggregator 1 time.
Detecting symmetries...
Reduced MIP has 77 rows, 4321 columns, and 31443 nonzeros.
Reduced MIP has 4321 binaries, 0 generals, 0 SOSs, and 0 indicators.
Presolve time = 0.01 sec. (24.29 ticks)
Represolve time = 0.08 sec. (82.15 ticks)
Probing time = 0.01 sec. (7.50 ticks)
Clique table members: 536.
MIP emphasis: balance optimality and feasibility.
MIP search method: dynamic search.
Parallel mode: none, using 1 thread.
Root relaxation solution time = 0.02 sec. (24.96 ticks)

        Nodes                                         Cuts/
   Node  Left     Objective  IInf  Best Integer    Best Bound    ItCnt     Gap

      0     0     2646.1221    74                   2646.1221      739         
      0     0     2646.7786    66                    Cuts: 11      775         
      0     0     2647.1172    62                    Cuts: 18      810         
      0     0     2647.3275    76                     Cuts: 6      840         
      0     0     2647.4244    76                     Cuts: 4      868         
      0     0     2647.5174    80                     Cuts: 7      887         
Detecting symmetries...
      0     2     2647.5174    80                   2647.5196      887         
Elapsed time = 0.96 sec. (1308.64 ticks, tree = 0.01 MB, solutions = 0)
     89    30        cutoff                         2648.8242     3124         
    180    56     2650.3464    68                   2649.7201     4423         
    300   172     2661.7485    43                   2650.0660     6112         
    413   231     2662.2201    39                   2650.2549     8282         
    480   272     2653.3890    59                   2650.9108     9807         
    601   370        cutoff                         2652.0156    11985         
    737   470     2653.2144    35                   2652.4185    13866         
    834   525     2659.4925    29                   2653.3580    15794         
    920   583     2662.0776    52                   2653.5142    17109         
   1438   850     2663.5394    35                   2655.7932    26059         
Elapsed time = 2.53 sec. (4454.23 ticks, tree = 2.33 MB, solutions = 0)

Performing restart 1

Repeating presolve.
Tried aggregator 1 time.
MIP Presolve eliminated 0 rows and 465 columns.
MIP Presolve modified 7856 coefficients.
Reduced MIP has 77 rows, 3856 columns, and 26066 nonzeros.
Reduced MIP has 3856 binaries, 0 generals, 0 SOSs, and 0 indicators.
Presolve time = 0.02 sec. (31.99 ticks)
Tried aggregator 1 time.
MIP Presolve eliminated 0 rows and 1 columns.
Reduced MIP has 77 rows, 3855 columns, and 26056 nonzeros.
Reduced MIP has 3855 binaries, 0 generals, 0 SOSs, and 0 indicators.
Presolve time = 0.01 sec. (20.51 ticks)
Represolve time = 0.30 sec. (291.10 ticks)
   1488     0     2647.6572    79                     Cuts: 7    27100         
   1488     0     2647.7119    83                 ZeroHalf: 1    27119         
   1488     0     2647.7435    86                 ZeroHalf: 3    27141         
   1488     0     2647.7691    88                     Cuts: 8    27157         
   1489     3     2647.7706    88                   2655.8275    27160         
   1601    43     2647.9534    64                   2655.8275    28817         
   1852   221     2650.7891    55                   2655.8275    31820         
   2225   506     2666.3051    47                   2655.8275    35299         

Performing restart 2

Repeating presolve.
Tried aggregator 1 time.
MIP Presolve eliminated 0 rows and 32 columns.
Reduced MIP has 77 rows, 3823 columns, and 25823 nonzeros.
Reduced MIP has 3823 binaries, 0 generals, 0 SOSs, and 0 indicators.
Presolve time = 0.01 sec. (18.55 ticks)
Tried aggregator 1 time.
Reduced MIP has 77 rows, 3823 columns, and 25823 nonzeros.
Reduced MIP has 3823 binaries, 0 generals, 0 SOSs, and 0 indicators.
Presolve time = 0.01 sec. (20.15 ticks)
Represolve time = 0.19 sec. (183.23 ticks)
   2480     0     2647.8510    86                     Cuts: 2    39401         
   2480     2     2647.8510    86                   2655.8275    39401         
   2523    31     2664.0857    44                   2655.8275    40715         
   2610   108     2658.7743    40                   2655.8275    42127         
   2730   196     2663.5133    28                   2655.8275    44342         
   2881   285     2661.7721    36                   2655.8275    47465         
   3046   407     2660.2235    41                   2655.8275    50017         
Elapsed time = 14.88 sec. (25322.35 ticks, tree = 1.00 MB, solutions = 0)
   3236   499     2655.0267    44                   2655.8275    53854         
   3440   613     2666.9964    23                   2655.8275    58082         
   3655   723     2658.5723    35                   2655.8275    62512         
   3864   798     2654.7542    41                   2655.8275    67491         
   4098   883     2662.2237    43                   2655.8275    73115         
   4323   990     2665.1478    20                   2655.8275    77635         
   4563  1109     2661.9797    54                   2655.8275    82430         
   4800  1162     2662.8491    44                   2655.8275    87829         
   5001  1175     2665.6203    24                   2655.9106    92470         
   5217  1169     2660.5570    26                   2656.4582    98007         
Elapsed time = 20.06 sec. (34901.52 ticks, tree = 2.92 MB, solutions = 0)
   5431  1146     2661.4771    27                   2657.0836   103298         
   5661  1130        cutoff                         2657.8074   108571         
   5884  1061        cutoff                         2658.3317   113737         
   6116  1031        cutoff                         2658.9050   118719         
   6349   928        cutoff                         2659.5905   123784         
   6572   801     2662.7967    41                   2660.2595   128769         
   6830   629     2665.0537    30                   2661.1478   134452         
   7129   399     2664.4533    36                   2662.1823   140403         

Clique cuts applied:  23
Cover cuts applied:  1
Zero-half cuts applied:  12
Gomory fractional cuts applied:  1

Root node processing (before b&c):
  Real time             =    0.96 sec. (1308.71 ticks)
Sequential b&c:
  Real time             =   23.43 sec. (42151.09 ticks)
                          ------------
Total (root+branch&cut) =   24.40 sec. (43459.80 ticks)
Solution status = Infeasible
**** SB phase 3 evaluation of candidate 1, branch 2 ( VNB[0] >= 16 ), value = 2629.91
<DWph=2> <it=  1> <et=31.64> <Mt= 0.00> <Spt= 0.00> <nCl=  0> <al=0.00> <DB= 2629.9080> <Mlp= 2629.9080> <PB=2667.074> 
<DWph=1> <it=  2> <et=31.64> <Mt= 0.00> <Spt= 0.00> <nCl=  0> <al=0.00> <DB= 2629.9080> <Mlp= 2629.9080> <PB=2667.074> 
    TT = 0.005374, performed by inspection with 36740 solutions, nbR1C = 21, nbDiscC = 0
    TT = 0.00148, performed by inspection with 13765 solutions, nbR1C = 21, nbDiscC = 0
    TT = 0.001376, performed by inspection with 12320 solutions, nbR1C = 21, nbDiscC = 0
    TT = 0.005145, performed by inspection with 36740 solutions, nbR1C = 21, nbDiscC = 0
    TT = 0.001434, performed by inspection with 13765 solutions, nbR1C = 21, nbDiscC = 0
    TT = 0.00136, performed by inspection with 12320 solutions, nbR1C = 21, nbDiscC = 0
<DWph=0> <it=  3> <et=31.67> <Mt= 0.00> <Spt= 0.03> <nCl=  0> <al=0.00> <DB= 2629.9080> <Mlp= 2629.9080> <PB=2667.074> 
Dynamic params and stats :  aver.obdmd = 21.1346 aver.buck.num. = 26 nbR1C = 21 with avMem = 4.57143
@@ 209 0 2629.91 0.0052595 0.005374 0 31.67
Dynamic params and stats :  aver.obdmd = 23.1154 aver.buck.num. = 26 nbR1C = 21 with avMem = 4.57143
@@ 209 0 2629.91 0.001457 0.00148 0 31.67
Dynamic params and stats :  aver.obdmd = 22.8462 aver.buck.num. = 25 nbR1C = 21 with avMem = 4.57143
@@ 209 0 2629.91 0.001368 0.001376 0 31.67
Reduced cost fixing for graph G_1...  took 0 sec., done by inspection with 36740 solutions, remains 21735 (59.2%)
Reduced cost fixing for graph G_2...  took 0 sec., done by inspection with 13765 solutions, remains 9455 (68.7%)
Reduced cost fixing for graph G_3...  took 0 sec., done by inspection with 12320 solutions, remains 5696 (46.2%)
Removed 641 columns (not in the enumerated set) from the formulation
ColGenEvalAlg final dual bound: 2629.91 (rounded: 2629.91)
Current active cuts : R1C(21,116.67) 3rowPackR1C(3) 4rowPackR1C(3) 5rowPackR1C(15)
16 Rank-1 3-rows pack. cuts added ,  max viol. = 0.212121, aver. viol. = 0.11553
Building structures for heuristic rank-1 packing cut separation...done!
21 Rank-1 4-rows pack. cuts added ,  max viol. = 0.212121, aver. viol. = 0.142857
100 Rank-1 5-rows pack. cuts added ,  max viol. = 0.212121, aver. viol. = 0.139242
Shrinking heuristic shrunk 8 edges
----- Add fac. cuts : R1C(137), max.viol = 0.424242, aver.viol = 0.169985, sep/add took 0.372473/0.0132914 sec. -----
1009 columns (662 active), 183 dyn. constrs. (159 active), 289 art. vars. (265 active)
<DWph=2> <it=  1> <et=32.14> <Mt= 0.00> <Spt= 0.00> <nCl=  0> <al=0.00> <DB= 2631.2580> <Mlp= 2631.2580> <PB=2667.074> 
<DWph=1> <it=  2> <et=32.14> <Mt= 0.00> <Spt= 0.00> <nCl=  0> <al=0.00> <DB= 2631.2580> <Mlp= 2631.2580> <PB=2667.074> 
    TT = 0.003741, performed by inspection with 21735 solutions, nbR1C = 27, nbDiscC = 0
    TT = 0.001255, performed by inspection with 9455 solutions, nbR1C = 27, nbDiscC = 0
    TT = 0.000907, performed by inspection with 5696 solutions, nbR1C = 27, nbDiscC = 0
<DWph=0> <it=  3> <et=32.17> <Mt= 0.00> <Spt= 0.03> <nCl=309> <al=0.30> <DB= 2627.3108> <Mlp= 2631.2580> <PB=2667.074> 
    TT = 0.003657, performed by inspection with 21735 solutions, nbR1C = 28, nbDiscC = 0
    TT = 0.001274, performed by inspection with 9455 solutions, nbR1C = 28, nbDiscC = 0
    TT = 0.000926, performed by inspection with 5696 solutions, nbR1C = 28, nbDiscC = 0
    TT = 0.003586, performed by inspection with 21735 solutions, nbR1C = 28, nbDiscC = 0
    TT = 0.001238, performed by inspection with 9455 solutions, nbR1C = 28, nbDiscC = 0
    TT = 0.000921, performed by inspection with 5696 solutions, nbR1C = 28, nbDiscC = 0
<DWph=0> <it=  4> <et=32.19> <Mt= 0.00> <Spt= 0.02> <nCl=  0> <al=0.00> <DB= 2631.2580> <Mlp= 2631.2580> <PB=2667.074> 
Dynamic params and stats :  aver.obdmd = 21.1346 aver.buck.num. = 26 nbR1C = 28 with avMem = 4.32143
@@ 209 1 2631.26 0.00366133 0.003741 0 32.19
Dynamic params and stats :  aver.obdmd = 23.1154 aver.buck.num. = 26 nbR1C = 28 with avMem = 4.32143
@@ 209 1 2631.26 0.00125567 0.001274 0 32.19
Dynamic params and stats :  aver.obdmd = 22.8462 aver.buck.num. = 25 nbR1C = 28 with avMem = 4.32143
@@ 209 1 2631.26 0.000918 0.000926 0 32.19
Reduced cost fixing for graph G_1...  took 0 sec., done by inspection with 21735 solutions, remains 20204 (93%)
Reduced cost fixing for graph G_2...  took 0 sec., done by inspection with 9455 solutions, remains 8603 (91%)
Reduced cost fixing for graph G_3...  took 0 sec., done by inspection with 5696 solutions, remains 4676 (82.1%)
Removed 302 columns (not in the enumerated set) from the formulation
    Full reduced cost fixing is not called (gap ratio is 0.963676)
ColGenEvalAlg final dual bound: 2631.26 (rounded: 2631.26)
Gap improvement since the last cut separation : 0.0363245 (2629.91)
Current active cuts : R1C(28,121.696) 3rowPackR1C(8) 4rowPackR1C(3) 5rowPackR1C(17)
6 Rank-1 3-rows pack. cuts added ,  max viol. = 0.142857, aver. viol. = 0.142857
Building structures for heuristic rank-1 packing cut separation...done!
12 Rank-1 4-rows pack. cuts added ,  max viol. = 0.142857, aver. viol. = 0.142857
100 Rank-1 5-rows pack. cuts added ,  max viol. = 0.142857, aver. viol. = 0.117857
Shrinking heuristic shrunk 8 edges
----- Add fac. cuts : R1C(118), max.viol = 0.285714, aver.viol = 0.144068, sep/add took 0.322136/0.0126289 sec. -----
1018 columns (669 active), 301 dyn. constrs. (147 active), 407 art. vars. (253 active)
<DWph=2> <it=  1> <et=32.56> <Mt= 0.00> <Spt= 0.01> <nCl=  0> <al=0.00> <DB= 2632.3366> <Mlp= 2632.3366> <PB=2667.074> 
<DWph=1> <it=  2> <et=32.56> <Mt= 0.00> <Spt= 0.00> <nCl=  0> <al=0.00> <DB= 2632.3366> <Mlp= 2632.3366> <PB=2667.074> 
    TT = 0.003824, performed by inspection with 20204 solutions, nbR1C = 37, nbDiscC = 0
    TT = 0.001507, performed by inspection with 8603 solutions, nbR1C = 37, nbDiscC = 0
    TT = 0.000991, performed by inspection with 4676 solutions, nbR1C = 37, nbDiscC = 0
    TT = 0.003829, performed by inspection with 20204 solutions, nbR1C = 37, nbDiscC = 0
    TT = 0.001312, performed by inspection with 8603 solutions, nbR1C = 37, nbDiscC = 0
    TT = 0.000901, performed by inspection with 4676 solutions, nbR1C = 37, nbDiscC = 0
<DWph=0> <it=  3> <et=32.60> <Mt= 0.00> <Spt= 0.04> <nCl=308> <al=0.00> <DB= 2632.3366> <Mlp= 2632.3366> <PB=2667.074> 
Dynamic params and stats :  aver.obdmd = 21.1346 aver.buck.num. = 26 nbR1C = 37 with avMem = 4.40541
@@ 209 2 2632.34 0.0038265 0.003829 0 32.6
Dynamic params and stats :  aver.obdmd = 23.1154 aver.buck.num. = 26 nbR1C = 37 with avMem = 4.40541
@@ 209 2 2632.34 0.0014095 0.001507 0 32.6
Dynamic params and stats :  aver.obdmd = 22.8462 aver.buck.num. = 25 nbR1C = 37 with avMem = 4.40541
@@ 209 2 2632.34 0.000946 0.000991 0 32.6
Reduced cost fixing for graph G_1...  took 0 sec., done by inspection with 20204 solutions, remains 19454 (96.3%)
Reduced cost fixing for graph G_2...  took 0 sec., done by inspection with 8603 solutions, remains 7834 (91.1%)
Reduced cost fixing for graph G_3...  took 0 sec., done by inspection with 4676 solutions, remains 3560 (76.1%)
Removed 301 columns (not in the enumerated set) from the formulation
    Full reduced cost fixing is not called (gap ratio is 0.934657)
ColGenEvalAlg final dual bound: 2632.34 (rounded: 2632.34)
Gap improvement since the last cut separation : 0.0301126 (2631.26)
Current active cuts : R1C(37,133.014) 3rowPackR1C(9) 4rowPackR1C(4) 5rowPackR1C(24)
14 Rank-1 3-rows pack. cuts added ,  max viol. = 0.188, aver. viol. = 0.0771429
Building structures for heuristic rank-1 packing cut separation...done!
27 Rank-1 4-rows pack. cuts added ,  max viol. = 0.188, aver. viol. = 0.0823704
100 Rank-1 5-rows pack. cuts added ,  max viol. = 0.188, aver. viol. = 0.10382
Shrinking heuristic shrunk 4 edges
----- Add fac. cuts : R1C(141), max.viol = 0.224, aver.viol = 0.12227, sep/add took 0.435509/0.0147455 sec. -----
1026 columns (676 active), 314 dyn. constrs. (179 active), 548 art. vars. (285 active)
<DWph=2> <it=  1> <et=33.09> <Mt= 0.01> <Spt= 0.00> <nCl=  0> <al=0.00> <DB= 2633.0244> <Mlp= 2633.0244> <PB=2667.074> 
<DWph=1> <it=  2> <et=33.09> <Mt= 0.00> <Spt= 0.00> <nCl=  0> <al=0.00> <DB= 2633.0244> <Mlp= 2633.0244> <PB=2667.074> 
    TT = 0.0038, performed by inspection with 19454 solutions, nbR1C = 44, nbDiscC = 0
    TT = 0.001345, performed by inspection with 7834 solutions, nbR1C = 44, nbDiscC = 0
    TT = 0.000815, performed by inspection with 3560 solutions, nbR1C = 44, nbDiscC = 0
<DWph=0> <it=  3> <et=33.12> <Mt= 0.00> <Spt= 0.03> <nCl=305> <al=0.30> <DB= 2600.6104> <Mlp= 2633.0244> <PB=2667.074> 
    TT = 0.003721, performed by inspection with 19454 solutions, nbR1C = 45, nbDiscC = 0
    TT = 0.00133, performed by inspection with 7834 solutions, nbR1C = 45, nbDiscC = 0
    TT = 0.000809, performed by inspection with 3560 solutions, nbR1C = 45, nbDiscC = 0
    TT = 0.003475, performed by inspection with 19454 solutions, nbR1C = 41, nbDiscC = 0
    TT = 0.001339, performed by inspection with 7834 solutions, nbR1C = 41, nbDiscC = 0
    TT = 0.000751, performed by inspection with 3560 solutions, nbR1C = 41, nbDiscC = 0
<DWph=0> <it=  4> <et=33.15> <Mt= 0.00> <Spt= 0.03> <nCl= 17> <al=0.00> <DB= 2633.0244> <Mlp= 2633.0244> <PB=2667.074> 
Dynamic params and stats :  aver.obdmd = 21.1346 aver.buck.num. = 26 nbR1C = 41 with avMem = 4.31707
@@ 209 3 2633.02 0.00366533 0.0038 0 33.15
Dynamic params and stats :  aver.obdmd = 23.1154 aver.buck.num. = 26 nbR1C = 41 with avMem = 4.31707
@@ 209 3 2633.02 0.001338 0.001345 0 33.15
Dynamic params and stats :  aver.obdmd = 22.8462 aver.buck.num. = 25 nbR1C = 41 with avMem = 4.31707
@@ 209 3 2633.02 0.000791667 0.000815 0 33.15
Reduced cost fixing for graph G_1...  took 0 sec., done by inspection with 19454 solutions, remains 19045 (97.9%)
Reduced cost fixing for graph G_2...  took 0 sec., done by inspection with 7834 solutions, remains 6705 (85.6%)
Reduced cost fixing for graph G_3...  took 0 sec., done by inspection with 3560 solutions, remains 2449 (68.8%)
Removed 317 columns (not in the enumerated set) from the formulation
    Full reduced cost fixing is not called (gap ratio is 0.916148)
ColGenEvalAlg final dual bound: 2633.02 (rounded: 2633.02)
Gap improvement since the last cut separation : 0.0198021 (2632.34)
Cut generation tailing off counter increased to 1
Current active cuts : R1C(41,140.183) 3rowPackR1C(11) 4rowPackR1C(6) 5rowPackR1C(24)
2 Rank-1 3-rows pack. cuts added ,  max viol. = 0.333333, aver. viol. = 0.333333
Building structures for heuristic rank-1 packing cut separation...done!
7 Rank-1 4-rows pack. cuts added ,  max viol. = 0.333333, aver. viol. = 0.333333
100 Rank-1 5-rows pack. cuts added ,  max viol. = 0.333333, aver. viol. = 0.203333
Shrinking heuristic shrunk 13 edges
----- Add fac. cuts : R1C(109), max.viol = 0.333333, aver.viol = 0.333333, sep/add took 0.246663/0.0119873 sec. -----
1033 columns (681 active), 317 dyn. constrs. (151 active), 657 art. vars. (257 active)
<DWph=2> <it=  1> <et=33.44> <Mt= 0.00> <Spt= 0.00> <nCl=  0> <al=0.00> <DB= 2633.0727> <Mlp= 2633.0727> <PB=2667.074> 
<DWph=1> <it=  2> <et=33.45> <Mt= 0.00> <Spt= 0.00> <nCl=  0> <al=0.00> <DB= 2633.0727> <Mlp= 2633.0727> <PB=2667.074> 
    TT = 0.003655, performed by inspection with 19045 solutions, nbR1C = 41, nbDiscC = 0
    TT = 0.001101, performed by inspection with 6705 solutions, nbR1C = 41, nbDiscC = 0
    TT = 0.000572, performed by inspection with 2449 solutions, nbR1C = 41, nbDiscC = 0
    TT = 0.003555, performed by inspection with 19045 solutions, nbR1C = 41, nbDiscC = 0
    TT = 0.001105, performed by inspection with 6705 solutions, nbR1C = 41, nbDiscC = 0
    TT = 0.000563, performed by inspection with 2449 solutions, nbR1C = 41, nbDiscC = 0
<DWph=0> <it=  3> <et=33.49> <Mt= 0.00> <Spt= 0.04> <nCl=300> <al=0.00> <DB= 2633.0727> <Mlp= 2633.0727> <PB=2667.074> 
Dynamic params and stats :  aver.obdmd = 21.1346 aver.buck.num. = 26 nbR1C = 41 with avMem = 4.36585
@@ 209 4 2633.07 0.003605 0.003655 0 33.49
Dynamic params and stats :  aver.obdmd = 23.1154 aver.buck.num. = 26 nbR1C = 41 with avMem = 4.36585
@@ 209 4 2633.07 0.001103 0.001105 0 33.49
Dynamic params and stats :  aver.obdmd = 22.8462 aver.buck.num. = 25 nbR1C = 41 with avMem = 4.36585
@@ 209 4 2633.07 0.0005675 0.000572 0 33.49
Reduced cost fixing for graph G_1...  took 0 sec., done by inspection with 19045 solutions, remains 18977 (99.6%)
Reduced cost fixing for graph G_2...  took 0 sec., done by inspection with 6705 solutions, remains 6650 (99.2%)
Reduced cost fixing for graph G_3...  took 0 sec., done by inspection with 2449 solutions, remains 2323 (94.9%)
Removed 300 columns (not in the enumerated set) from the formulation
    Full reduced cost fixing is not called (gap ratio is 0.91485)
ColGenEvalAlg final dual bound: 2633.07 (rounded: 2633.07)
Gap improvement since the last cut separation : 0.00141703 (2633.02)
Cut generation tailing off counter increased to 2
Current active cuts : R1C(41,140.208) 3rowPackR1C(10) 4rowPackR1C(6) 5rowPackR1C(25)
2 Rank-1 3-rows pack. cuts added ,  max viol. = 0.0637255, aver. viol. = 0.0465686
Building structures for heuristic rank-1 packing cut separation...done!
5 Rank-1 4-rows pack. cuts added ,  max viol. = 0.0637255, aver. viol. = 0.0460784
70 Rank-1 5-rows pack. cuts added ,  max viol. = 0.0686275, aver. viol. = 0.0382003
Shrinking heuristic shrunk 4 edges
----- Add fac. cuts : R1C(77), max.viol = 0.137255, aver.viol = 0.0612427, sep/add took 0.436973/0.00879714 sec. -----
1033 columns (681 active), 258 dyn. constrs. (119 active), 734 art. vars. (225 active)
<DWph=2> <it=  1> <et=33.96> <Mt= 0.00> <Spt= 0.01> <nCl=  0> <al=0.00> <DB= 2633.1460> <Mlp= 2633.1460> <PB=2667.074> 
<DWph=1> <it=  2> <et=33.97> <Mt= 0.00> <Spt= 0.00> <nCl=  0> <al=0.00> <DB= 2633.1460> <Mlp= 2633.1460> <PB=2667.074> 
    TT = 0.003799, performed by inspection with 18977 solutions, nbR1C = 44, nbDiscC = 0
    TT = 0.001157, performed by inspection with 6650 solutions, nbR1C = 44, nbDiscC = 0
    TT = 0.00058, performed by inspection with 2323 solutions, nbR1C = 44, nbDiscC = 0
    TT = 0.003681, performed by inspection with 18977 solutions, nbR1C = 44, nbDiscC = 0
    TT = 0.001099, performed by inspection with 6650 solutions, nbR1C = 44, nbDiscC = 0
    TT = 0.000536, performed by inspection with 2323 solutions, nbR1C = 44, nbDiscC = 0
<DWph=0> <it=  3> <et=34.00> <Mt= 0.00> <Spt= 0.03> <nCl=302> <al=0.00> <DB= 2633.1460> <Mlp= 2633.1460> <PB=2667.074> 
Dynamic params and stats :  aver.obdmd = 21.1346 aver.buck.num. = 26 nbR1C = 44 with avMem = 4.45455
@@ 209 5 2633.15 0.00374 0.003799 0 34
Dynamic params and stats :  aver.obdmd = 23.1154 aver.buck.num. = 26 nbR1C = 44 with avMem = 4.45455
@@ 209 5 2633.15 0.001128 0.001157 0 34
Dynamic params and stats :  aver.obdmd = 22.8462 aver.buck.num. = 25 nbR1C = 44 with avMem = 4.45455
@@ 209 5 2633.15 0.000558 0.00058 0 34
Reduced cost fixing for graph G_1...  took 0 sec., done by inspection with 18977 solutions, remains 18908 (99.6%)
Reduced cost fixing for graph G_2...  took 0 sec., done by inspection with 6650 solutions, remains 6528 (98.2%)
Reduced cost fixing for graph G_3...  took 0 sec., done by inspection with 2323 solutions, remains 2136 (92%)
Removed 302 columns (not in the enumerated set) from the formulation
    Full reduced cost fixing is not called (gap ratio is 0.912878)
ColGenEvalAlg final dual bound: 2633.15 (rounded: 2633.15)
Gap improvement since the last cut separation : 0.0021555 (2633.07)
----- Cut generation is stopped due to tailing off -----
Current active cuts : R1C(44,139.858) 3rowPackR1C(9) 4rowPackR1C(6) 5rowPackR1C(29)
SB exact phase 3 branch on VNB[0] (lhs=15.7537) : [2667.074, 2633.146], tree depth = 1.713, tree size = 4.556, score = -0.03501
SB with phases chosed candidate VNB[0] (lhs=15.7537)
************************************************************************************************
**** BaB tree node (N° 3, parent N° 1, depth 1, treatOrderId 209)
**** Local DB = 2633.15, global bounds : [ 2633.15 , 2667.07 ], TIME = 0h0m34s4t = 3404
**** 2 open nodes, ETS : 5, 1035 columns (681 active), 76 dyn. constrs. (45 active), 182 art. vars. (151 active)
************************************************************************************************
Estimated subtree size of the father is 4.55629
**** Strong branching phase 2 is started *****
    TT = 0.003299, performed by inspection with 18908 solutions, nbR1C = 28, nbDiscC = 0
    TT = 0.000984, performed by inspection with 6528 solutions, nbR1C = 28, nbDiscC = 0
    TT = 0.000452, performed by inspection with 2136 solutions, nbR1C = 28, nbDiscC = 0
    TT = 0.003134, performed by inspection with 18908 solutions, nbR1C = 28, nbDiscC = 0
    TT = 0.000897, performed by inspection with 6528 solutions, nbR1C = 28, nbDiscC = 0
    TT = 0.00048, performed by inspection with 2136 solutions, nbR1C = 28, nbDiscC = 0
    TT = 0.003125, performed by inspection with 18908 solutions, nbR1C = 28, nbDiscC = 0
    TT = 0.000934, performed by inspection with 6528 solutions, nbR1C = 28, nbDiscC = 0
    TT = 0.000433, performed by inspection with 2136 solutions, nbR1C = 28, nbDiscC = 0
    TT = 0.003028, performed by inspection with 18908 solutions, nbR1C = 28, nbDiscC = 0
    TT = 0.000872, performed by inspection with 6528 solutions, nbR1C = 28, nbDiscC = 0
    TT = 0.000422, performed by inspection with 2136 solutions, nbR1C = 28, nbDiscC = 0
Dynamic params and stats :  aver.obdmd = 21.1346 aver.buck.num. = 26 nbR1C = 28 with avMem = 4.35714
Dynamic params and stats :  aver.obdmd = 23.1154 aver.buck.num. = 26 nbR1C = 28 with avMem = 4.35714
Dynamic params and stats :  aver.obdmd = 22.8462 aver.buck.num. = 25 nbR1C = 28 with avMem = 4.35714
<DWph=0> <it=  5> <et=34.10> <Mt= 0.01> <Spt= 0.05> <nCl=342> <al=0.00> <DB= 2635.9757> <Mlp= 2635.9757> <PB=2635.9757> 
    TT = 0.003671, performed by inspection with 18908 solutions, nbR1C = 39, nbDiscC = 0
    TT = 0.001093, performed by inspection with 6528 solutions, nbR1C = 39, nbDiscC = 0
    TT = 0.000492, performed by inspection with 2136 solutions, nbR1C = 39, nbDiscC = 0
    TT = 0.003379, performed by inspection with 18908 solutions, nbR1C = 39, nbDiscC = 0
    TT = 0.001036, performed by inspection with 6528 solutions, nbR1C = 39, nbDiscC = 0
    TT = 0.000519, performed by inspection with 2136 solutions, nbR1C = 39, nbDiscC = 0
Dynamic params and stats :  aver.obdmd = 21.1346 aver.buck.num. = 26 nbR1C = 39 with avMem = 4.4359
Dynamic params and stats :  aver.obdmd = 23.1154 aver.buck.num. = 26 nbR1C = 39 with avMem = 4.4359
Dynamic params and stats :  aver.obdmd = 22.8462 aver.buck.num. = 25 nbR1C = 39 with avMem = 4.4359
<DWph=0> <it=  3> <et=34.16> <Mt= 0.00> <Spt= 0.03> <nCl=301> <al=0.00> <DB= 2633.3148> <Mlp= 2633.3148> <PB=2635.9757> 
SB phase 2 cand.  1 branch on EDGE[10,46] (lhs=0.2885): [ 2633.3148,  2635.9757], score = 0.48 (h)  <et=34.17>
**** Strong branching phase 3 is started *****
**** SB phase 3 evaluation of candidate 1, branch 1 ( EDGE[10,46] >= 1 ), value = 2635.98
Branch is already conquered!
**** SB phase 3 evaluation of candidate 1, branch 2 ( EDGE[10,46] <= 0 ), value = 2633.31
<DWph=2> <it=  1> <et=34.18> <Mt= 0.00> <Spt= 0.01> <nCl=  0> <al=0.00> <DB= 2633.3148> <Mlp= 2633.3148> <PB=2635.9757> 
<DWph=1> <it=  2> <et=34.18> <Mt= 0.00> <Spt= 0.00> <nCl=  0> <al=0.00> <DB= 2633.3148> <Mlp= 2633.3148> <PB=2635.9757> 
    TT = 0.003652, performed by inspection with 18908 solutions, nbR1C = 39, nbDiscC = 0
    TT = 0.001041, performed by inspection with 6528 solutions, nbR1C = 39, nbDiscC = 0
    TT = 0.000491, performed by inspection with 2136 solutions, nbR1C = 39, nbDiscC = 0
    TT = 0.003415, performed by inspection with 18908 solutions, nbR1C = 39, nbDiscC = 0
    TT = 0.001093, performed by inspection with 6528 solutions, nbR1C = 39, nbDiscC = 0
    TT = 0.000594, performed by inspection with 2136 solutions, nbR1C = 39, nbDiscC = 0
<DWph=0> <it=  3> <et=34.20> <Mt= 0.00> <Spt= 0.02> <nCl=  0> <al=0.00> <DB= 2633.3148> <Mlp= 2633.3148> <PB=2635.9757> 
Dynamic params and stats :  aver.obdmd = 21.1346 aver.buck.num. = 26 nbR1C = 39 with avMem = 4.4359
@@ 212 0 2633.31 0.0035335 0.003652 0 34.2
Dynamic params and stats :  aver.obdmd = 23.1154 aver.buck.num. = 26 nbR1C = 39 with avMem = 4.4359
@@ 212 0 2633.31 0.001067 0.001093 0 34.2
Dynamic params and stats :  aver.obdmd = 22.8462 aver.buck.num. = 25 nbR1C = 39 with avMem = 4.4359
@@ 212 0 2633.31 0.0005425 0.000594 0 34.2
Reduced cost fixing for graph G_1...  took 0 sec., done by inspection with 18908 solutions, remains 238 (1.26%)
Reduced cost fixing for graph G_2...  took 0 sec., done by inspection with 6528 solutions, remains 1 (0.0153%)
Reduced cost fixing for graph G_3...  took 0 sec., done by inspection with 2136 solutions, remains 1 (0.0468%)
Removed 665 columns (not in the enumerated set) from the formulation
Added 25 columns in the formulation 
Added 1 columns in the formulation 
Added 1 columns in the formulation 
ColGenEvalAlg final dual bound: 2633.31 (rounded: 2633.31)
Current active cuts : R1C(39,138.93) 3rowPackR1C(8) 4rowPackR1C(6) 5rowPackR1C(25)
----- Terminating the node by MIP -----
Version identifier: 20.1.0.0 | 2020-11-10 | 9bedb6d68
CPXPARAM_Advance                                 0
CPXPARAM_Threads                                 1
CPXPARAM_MIP_Limits_Nodes                        2000000
CPXPARAM_Simplex_Tolerances_Optimality           9.9999999999999995e-08
CPXPARAM_Simplex_Tolerances_Feasibility          9.9999999999999995e-08
CPXPARAM_TimeLimit                               1730.4546
CPXPARAM_MIP_Tolerances_UpperCutoff              2635.9756908357822
CPXPARAM_MIP_Tolerances_MIPGap                   1.0000000000000001e-09
Tried aggregator 1 time.
MIP Presolve eliminated 9 rows and 126 columns.
MIP Presolve modified 310 coefficients.
Reduced MIP has 85 rows, 218 columns, and 1701 nonzeros.
Reduced MIP has 218 binaries, 0 generals, 0 SOSs, and 0 indicators.
Presolve time = 0.00 sec. (2.72 ticks)
Probing fixed 16 vars, tightened 0 bounds.
Probing time = 0.00 sec. (1.61 ticks)
Tried aggregator 1 time.
MIP Presolve eliminated 2 rows and 16 columns.
MIP Presolve modified 29 coefficients.
Reduced MIP has 83 rows, 202 columns, and 1509 nonzeros.
Reduced MIP has 202 binaries, 0 generals, 0 SOSs, and 0 indicators.
Presolve time = 0.00 sec. (1.67 ticks)
Probing fixed 1 vars, tightened 0 bounds.
Probing time = 0.00 sec. (1.42 ticks)
Clique table members: 449.
MIP emphasis: balance optimality and feasibility.
MIP search method: dynamic search.
Parallel mode: none, using 1 thread.
Root relaxation solution time = 0.00 sec. (2.36 ticks)

        Nodes                                         Cuts/
   Node  Left     Objective  IInf  Best Integer    Best Bound    ItCnt     Gap

      0     0     2633.3342    43                   2633.3342      148         
      0     0     2634.0527    61                    Cuts: 31      188         
      0     0     2634.4651    55                    Cuts: 25      264         

Repeating presolve.
Tried aggregator 1 time.
MIP Presolve eliminated 17 rows and 92 columns.
MIP Presolve modified 56 coefficients.
Reduced MIP has 65 rows, 110 columns, and 786 nonzeros.
Reduced MIP has 110 binaries, 0 generals, 0 SOSs, and 0 indicators.
Presolve time = 0.00 sec. (1.25 ticks)
Probing fixed 2 vars, tightened 0 bounds.
Probing changed sense of 3 constraints.
Probing time = 0.00 sec. (0.52 ticks)
Tried aggregator 1 time.
MIP Presolve eliminated 2 rows and 3 columns.
MIP Presolve modified 3 coefficients.
Reduced MIP has 63 rows, 107 columns, and 732 nonzeros.
Reduced MIP has 107 binaries, 0 generals, 0 SOSs, and 0 indicators.
Presolve time = 0.00 sec. (0.80 ticks)
Probing time = 0.00 sec. (0.46 ticks)
Tried aggregator 1 time.
Reduced MIP has 63 rows, 107 columns, and 732 nonzeros.
Reduced MIP has 107 binaries, 0 generals, 0 SOSs, and 0 indicators.
Presolve time = 0.00 sec. (0.49 ticks)
Represolve time = 0.01 sec. (5.09 ticks)
Probing fixed 1 vars, tightened 0 bounds.
Probing changed sense of 1 constraints.
Probing time = 0.00 sec. (0.52 ticks)
Clique table members: 347.
MIP emphasis: balance optimality and feasibility.
MIP search method: dynamic search.
Parallel mode: none, using 1 thread.
Root relaxation solution time = 0.00 sec. (2.03 ticks)

        Nodes                                         Cuts/
   Node  Left     Objective  IInf  Best Integer    Best Bound    ItCnt     Gap

      0     0     2634.5260    55                   2634.5260      391         
      0     0     2634.7354    62                    Cuts: 24      412         
*     0     0      integral     0     2634.9634      Cuts: 36      438    0.00%
      0     0        cutoff           2634.9634     2634.9634      438    0.00%
Elapsed time = 0.05 sec. (54.12 ticks, tree = 0.01 MB, solutions = 1)

Clique cuts applied:  4
Implied bound cuts applied:  2
Zero-half cuts applied:  11
Lift and project cuts applied:  29
Gomory fractional cuts applied:  2

Root node processing (before b&c):
  Real time             =    0.05 sec. (54.14 ticks)
Sequential b&c:
  Real time             =    0.00 sec. (0.00 ticks)
                          ------------
Total (root+branch&cut) =    0.05 sec. (54.14 ticks)
Solution status = Optimum
 SB phase 3 candidate 1 is conquered !
SB with phases chosed candidate EDGE[10,46] (lhs=0.288462)
New model incumbent solution 2634.96, TIME = 0h0m34s29t = 3429
************************************************************************************************
Search is finished, global bounds : [ 2634.96 , 2634.96 ], TIME = 0h0m34s29t = 3429
************************************************************************************************
instance_name solver_name ext_heuristic solution_value solution_time best_lb root_lb root_time nb_branch_and_bound_nodes status
/home/logis/Downloads/VRPSolverEasy/VRPSolverEasy/demos/data/HFVRP/c50_15fsmfd CPLEX False 2634.963416280921 34.295919355 2634.9634162808115 2618.1501922300677 6.137759784999999 5 0

