Node memory for rank-1 cuts will be used (10.296)
~~~~~~~~~~~~~~~~~~~~~~~~~~~~~~~~~~~~~~~~~~~~~~~~~~~~~~~~~~~~~~~~~~~~~~~~~~~~~~~~~~~~~
VRPSolver v0.5.27, 24/02/2023, © Inria Bordeaux, France, vrpsolver.math.u-bordeaux.fr
      Corresponds to the solver by Pessoa, Sadykov, Uchoa and Vanderbeck (2020)
                 Paper: dx.doi.org/10.1007/s10107-020-01523-z
~~~~~~~~~~~~~~~~~~~~~~~~~~~~~~~~~~~~~~~~~~~~~~~~~~~~~~~~~~~~~~~~~~~~~~~~~~~~~~~~~~~~~
   BaPCod v0.77, 15/03/2023, © Inria Bordeaux, France, bapcod.math.u-bordeaux.fr 
           THIS CODE IS PROVIDED AS IS, USE IT AT YOUR OWN RISK
~~~~~~~~~~~~~~~~~~~~~~~~~~~~~~~~~~~~~~~~~~~~~~~~~~~~~~~~~~~~~~~~~~~~~~~~~~~~~~~~~~~~~
Bucket steps were recalculated for graph G_1 : [2]
RCSP solver info : symmetric case is detected for graph G_1! 
Bidirectional border value is initialised to 25
RCSP solver info : number of forw. reachable buckets / buck. strongly connected components is 1154( 85.355% ) / 1154( 100% )
Bucket steps were recalculated for graph G_2 : [4]
RCSP solver info : symmetric case is detected for graph G_2! 
Bidirectional border value is initialised to 50
RCSP solver info : number of forw. reachable buckets / buck. strongly connected components is 1253( 92.6775% ) / 1253( 100% )
Bucket steps were recalculated for graph G_3 : [6.5]
RCSP solver info : symmetric case is detected for graph G_3! 
Bidirectional border value is initialised to 80
RCSP solver info : number of forw. reachable buckets / buck. strongly connected components is 1239( 95.3077% ) / 949( 76.594% )
Generating neighbourhoods for rank-1 cuts separation
Building structures for 4- and 5-row rank-1 packing cut separation...done!
Model is built TIME = 0h0m0s6t = 6
************************************************************************************************
**** BaB tree root node
**** Local DB = -1e+12, global bounds : [ -1e+12 , 1060.27 ], TIME = 0h0m0s6t = 6
**** 1 open nodes, 0 columns (0 active), 0 dyn. constrs. (0 active), 106 art. vars. (106 active)
************************************************************************************************
#<DWph=2> <it=  1> <et=0.07> <Mt= 0.00> <Spt= 0.00> <nCl= 90> <al=0.00> <DB=-9557167.5422> <Mlp=127232.0400> <PB=1060.267> 
#<DWph=2> <it=  2> <et=0.08> <Mt= 0.00> <Spt= 0.01> <nCl= 90> <al=0.55> <DB=-7093923.2768> <Mlp=120915.1353> <PB=1060.267> 
#<DWph=2> <it=  3> <et=0.09> <Mt= 0.00> <Spt= 0.01> <nCl= 90> <al=0.45> <DB=-5676519.4132> <Mlp=114196.0712> <PB=1060.267> 
#<DWph=2> <it=  4> <et=0.10> <Mt= 0.00> <Spt= 0.01> <nCl= 90> <al=0.35> <DB=-4511979.9959> <Mlp=106156.3935> <PB=1060.267> 
#<DWph=2> <it=  5> <et=0.11> <Mt= 0.00> <Spt= 0.01> <nCl= 90> <al=0.25> <DB=-3705477.7325> <Mlp=87557.1787> <PB=1060.267> 
#<DWph=2> <it=  6> <et=0.12> <Mt= 0.00> <Spt= 0.01> <nCl= 90> <al=0.15> <DB=-3514451.7719> <Mlp=77434.0126> <PB=1060.267> 
#<DWph=2> <it=  7> <et=0.13> <Mt= 0.00> <Spt= 0.00> <nCl= 90> <al=0.24> <DB=-3057382.9742> <Mlp=63644.1402> <PB=1060.267> 
#<DWph=2> <it=  8> <et=0.13> <Mt= 0.00> <Spt= 0.01> <nCl= 90> <al=0.31> <DB=-3576869.2010> <Mlp=53586.6203> <PB=1060.267> 
#<DWph=2> <it=  9> <et=0.14> <Mt= 0.00> <Spt= 0.01> <nCl= 90> <al=0.38> <DB=-2426907.5497> <Mlp=51767.0642> <PB=1060.267> 
#<DWph=2> <it= 10> <et=0.15> <Mt= 0.00> <Spt= 0.01> <nCl= 90> <al=0.44> <DB=-2392225.3360> <Mlp=35438.5160> <PB=1060.267> 
#<DWph=2> <it= 11> <et=0.16> <Mt= 0.00> <Spt= 0.01> <nCl= 90> <al=0.50> <DB=-1632562.1137> <Mlp=26070.1913> <PB=1060.267> 
#<DWph=2> <it= 12> <et=0.17> <Mt= 0.00> <Spt= 0.00> <nCl= 90> <al=0.40> <DB=-1195778.4495> <Mlp=11497.6903> <PB=1060.267> 
<DWph=2> <it= 13> <et=0.18> <Mt= 0.00> <Spt= 0.01> <nCl= 69> <al=0.30> <DB=-348600.7267> <Mlp= 1351.4182> <PB=1060.267> 
<DWph=2> <it= 14> <et=0.19> <Mt= 0.00> <Spt= 0.01> <nCl= 70> <al=0.20> <DB=-62468.0783> <Mlp= 1313.6705> <PB=1060.267> 
<DWph=2> <it= 15> <et=0.20> <Mt= 0.00> <Spt= 0.01> <nCl= 90> <al=0.10> <DB=-19809.6219> <Mlp= 1245.2652> <PB=1060.267> 
<DWph=2> <it= 16> <et=0.21> <Mt= 0.01> <Spt= 0.00> <nCl= 90> <al=0.00> <DB=-10507.7103> <Mlp= 1159.9202> <PB=1060.267> 
<DWph=2> <it= 17> <et=0.21> <Mt= 0.00> <Spt= 0.01> <nCl= 90> <al=0.10> <DB=-6548.9347> <Mlp= 1092.4198> <PB=1060.267> 
<DWph=2> <it= 18> <et=0.22> <Mt= 0.00> <Spt= 0.01> <nCl= 90> <al=0.19> <DB=-3726.5577> <Mlp= 1055.6781> <PB=1060.267> 
<DWph=2> <it= 19> <et=0.23> <Mt= 0.00> <Spt= 0.01> <nCl= 86> <al=0.27> <DB=-1432.5149> <Mlp= 1026.3685> <PB=1060.267> 
<DWph=2> <it= 20> <et=0.24> <Mt= 0.00> <Spt= 0.01> <nCl= 73> <al=0.34> <DB= -692.8014> <Mlp= 1011.1220> <PB=1060.267> 
<DWph=2> <it= 21> <et=0.25> <Mt= 0.00> <Spt= 0.01> <nCl= 71> <al=0.24> <DB=  140.0733> <Mlp=  994.5478> <PB=1060.267> 
<DWph=2> <it= 22> <et=0.26> <Mt= 0.00> <Spt= 0.00> <nCl= 34> <al=0.32> <DB=  576.1921> <Mlp=  989.3222> <PB=1060.267> 
<DWph=2> <it= 23> <et=0.27> <Mt= 0.00> <Spt= 0.01> <nCl= 34> <al=0.22> <DB=  740.1401> <Mlp=  988.7812> <PB=1060.267> 
<DWph=2> <it= 24> <et=0.28> <Mt= 0.00> <Spt= 0.01> <nCl=  9> <al=0.30> <DB=  928.2346> <Mlp=  988.5800> <PB=1060.267> 
<DWph=2> <it= 25> <et=0.29> <Mt= 0.00> <Spt= 0.01> <nCl=  8> <al=0.20> <DB=  974.3159> <Mlp=  988.5121> <PB=1060.267> 
<DWph=2> <it= 26> <et=0.30> <Mt= 0.00> <Spt= 0.01> <nCl=  6> <al=0.00> <DB=  988.4998> <Mlp=  988.4998> <PB=1060.267> 
<DWph=1> <it= 27> <et=0.31> <Mt= 0.00> <Spt= 0.01> <nCl= 31> <al=0.00> <DB=  569.2287> <Mlp=  988.4998> <PB=1060.267> 
<DWph=1> <it= 28> <et=0.33> <Mt= 0.00> <Spt= 0.02> <nCl= 11> <al=0.10> <DB=  841.5885> <Mlp=  986.0752> <PB=1060.267> 
<DWph=1> <it= 29> <et=0.34> <Mt= 0.01> <Spt= 0.01> <nCl=  7> <al=0.19> <DB=  958.8204> <Mlp=  985.8413> <PB=1060.267> 
<DWph=1> <it= 30> <et=0.35> <Mt= 0.00> <Spt= 0.01> <nCl=  3> <al=0.09> <DB=  943.6228> <Mlp=  985.8327> <PB=1060.267> 
<DWph=1> <it= 31> <et=0.37> <Mt= 0.00> <Spt= 0.01> <nCl=  6> <al=0.00> <DB=  985.7678> <Mlp=  985.7678> <PB=1060.267> 
    RCSP exact solver info for graph G_1 : TT = 0.00218, pt = 1.7e-05, dt = 0.001604, ct = 0.000363, ndl = 0', bdl = 3', odl = 0', odf = 3', bsi = 1', cnt = 1', bdch = 8', odch = 1', lcp = 0', #sols = 150
    RCSP exact solver info for graph G_2 : TT = 0.006057, pt = 2e-05, dt = 0.005062, ct = 0.000733, ndl = 1', bdl = 28', odl = 2', odf = 14', bsi = 1', cnt = 2', bdch = 184', odch = 16', lcp = 9', #sols = 150
    RCSP exact solver info for graph G_3 : TT = 0.012103, pt = 2.6e-05, dt = 0.010822, ct = 0.000952, ndl = 3', bdl = 86', odl = 3', odf = 28', bsi = 1', cnt = 5', bdch = 886', odch = 60', lcp = 35', #sols = 150
<DWph=0> <it= 32> <et=0.39> <Mt= 0.00> <Spt= 0.03> <nCl=274> <al=0.00> <DB=  949.0162> <Mlp=  985.7678> <PB=1060.267> 
    RCSP exact solver info for graph G_1 : TT = 0.001871, pt = 5.2e-05, dt = 0.001212, ct = 0.000376, ndl = 0', bdl = 3', odl = 0', odf = 3', bsi = 1', cnt = 1', bdch = 8', odch = 1', lcp = 0', #sols = 150
    RCSP exact solver info for graph G_2 : TT = 0.004891, pt = 4.9e-05, dt = 0.003815, ct = 0.000757, ndl = 1', bdl = 27', odl = 2', odf = 14', bsi = 1', cnt = 2', bdch = 183', odch = 16', lcp = 9', #sols = 150
    RCSP exact solver info for graph G_3 : TT = 0.010534, pt = 3.9e-05, dt = 0.009212, ct = 0.000989, ndl = 3', bdl = 88', odl = 4', odf = 28', bsi = 1', cnt = 5', bdch = 926', odch = 62', lcp = 36', #sols = 150
<DWph=0> <it= 33> <et=0.41> <Mt= 0.00> <Spt= 0.02> <nCl= 29> <al=0.00> <DB=  985.6693> <Mlp=  985.6693> <PB=1060.267> 
Dynamic params and stats :  aver.obdmd = 21.1346 aver.buck.num. = 26
@@ 1 0 985.669 0.0017775 0.001967 64.2642 0.41
Dynamic params and stats :  aver.obdmd = 23.1154 aver.buck.num. = 26
@@ 1 0 985.669 0.0051835 0.005795 82.5477 0.41
Dynamic params and stats :  aver.obdmd = 22.8462 aver.buck.num. = 25
@@ 1 0 985.669 0.0109875 0.011774 90.8929 0.41
Labels distribution in buckets (bucket size) : largest - 6, top 0.1% - 6, top 0.5% - 6, top 2% - 4, top 10% - 3, top 50% - 1
Reduced cost fixing for graph G_1... 28030 buck. arcs remain (77.3% from prev., 49.7% from max.) + 19 jump buck. arcs (0.0337% from max.)
 TT = 0.016791, pt = 0.001192, dt = 0.003215, ct = 0.012241, ndl = 2', bdl = 34', odl = 1', odf = 14', lpcb = 22', cnt = 45', bdch = 177', odch = 18', lcp = 8'
Labels distribution in buckets (bucket size) : largest - 8, top 0.1% - 8, top 0.5% - 6, top 2% - 5, top 10% - 3, top 50% - 1
Run forward enumeration with border = 25... succeeded! lpt = 0.137293, ndl = 11', dl = 98', lpcb = 211', dch = 4209'
Run enumeration concatenation with time limit 0.3 sec.... time limit reached, not succeeded.
Sorting and storing enumerated solutions ...  TT = 0.509041, pt = 0.001964, dt = 0.137293, ct = 0.300287, ndl = 11', bdl = 98', lpcb = 211', cnt = 345', bdch = 4209', odch = 0', lcp = 0'
Labels distribution in buckets (bucket size) : largest - 18, top 0.1% - 18, top 0.5% - 16, top 2% - 12, top 10% - 7, top 50% - 1
Reduced cost fixing for graph G_2... 39892 buck. arcs remain (78.8% from prev., 65% from max.) + 2355 jump buck. arcs (3.84% from max.)
 TT = 0.041323, pt = 0.002837, dt = 0.016509, ct = 0.021799, ndl = 7', bdl = 156', odl = 3', odf = 45', lpcb = 110', cnt = 237', bdch = 1647', odch = 141', lcp = 74'
Labels distribution in buckets (bucket size) : largest - 21, top 0.1% - 21, top 0.5% - 18, top 2% - 15, top 10% - 8, top 50% - 2
Run forward enumeration with border = 50... not succeeded (ratio 0.869011) lpt = 0.043916, ndl = 40', dl = 23', lpcb = 145', dch = 463'
 TT = 0.046673, pt = 0.000647, dt = 0.043916, ct = 0, ndl = 40', bdl = 23', lpcb = 145', cnt = 214', bdch = 463', odch = 0', lcp = 0'
Labels distribution in buckets (bucket size) : largest - 37, top 0.1% - 37, top 0.5% - 34, top 2% - 26, top 10% - 15, top 50% - 3
Reduced cost fixing for graph G_3... 36748 buck. arcs remain (66.6% from prev., 60.5% from max.) + 4059 jump buck. arcs (6.69% from max.)
 TT = 0.053046, pt = 0.003806, dt = 0.023894, ct = 0.02515, ndl = 11', bdl = 210', odl = 5', odf = 63', lpcb = 196', cnt = 388', bdch = 2651', odch = 297', lcp = 138'
Labels distribution in buckets (bucket size) : largest - 49, top 0.1% - 49, top 0.5% - 37, top 2% - 29, top 10% - 18, top 50% - 3
Run forward enumeration with border = 80... not succeeded (ratio 0.887506) lpt = 0.026722, ndl = 36', dl = 11', lpcb = 110', dch = 55'
 TT = 0.029023, pt = 0.000646, dt = 0.026722, ct = 0, ndl = 36', bdl = 11', lpcb = 110', cnt = 183', bdch = 55', odch = 0', lcp = 0'
ColGenEvalAlg final dual bound: 985.669 (rounded: 985.669)
Shrinking heuristic shrunk 6 edges
4 Rank-1 1-rows pack. cuts added ,  max viol. = 0.166667, aver. viol. = 0.0625
150 Rank-1 3-rows pack. cuts added ,  max viol. = 0.5, aver. viol. = 0.196821
----- Add fac. cuts : R1C(154), max.viol = 0.5, aver.viol = 0.195497, sep/add took 0.00832509/0.0611802 sec. -----
2261 columns (2261 active), 154 dyn. constrs. (154 active), 257 art. vars. (257 active)
<DWph=2> <it=  1> <et=1.20> <Mt= 0.00> <Spt= 0.01> <nCl= 20> <al=0.50> <DB=  892.0903> <Mlp=  997.0566> <PB=1060.267> 
<DWph=2> <it=  2> <et=1.21> <Mt= 0.00> <Spt= 0.01> <nCl=  3> <al=0.55> <DB=  990.2932> <Mlp=  995.9446> <PB=1060.267> 
<DWph=2> <it=  3> <et=1.23> <Mt= 0.00> <Spt= 0.01> <nCl= 14> <al=0.45> <DB=  955.8963> <Mlp=  995.8924> <PB=1060.267> 
<DWph=2> <it=  4> <et=1.25> <Mt= 0.01> <Spt= 0.02> <nCl= 13> <al=0.01> <DB=  923.5020> <Mlp=  995.8924> <PB=1060.267> 
<DWph=2> <it=  5> <et=1.26> <Mt= 0.00> <Spt= 0.01> <nCl=  9> <al=0.41> <DB=  818.5027> <Mlp=  995.6812> <PB=1060.267> 
<DWph=2> <it=  6> <et=1.28> <Mt= 0.00> <Spt= 0.02> <nCl= 18> <al=0.00> <DB=  915.3749> <Mlp=  995.6206> <PB=1060.267> 
<DWph=2> <it=  7> <et=1.30> <Mt= 0.00> <Spt= 0.02> <nCl=  1> <al=0.00> <DB=  995.6155> <Mlp=  995.6155> <PB=1060.267> 
<DWph=1> <it=  8> <et=1.32> <Mt= 0.00> <Spt= 0.02> <nCl= 13> <al=0.26> <DB=  947.3624> <Mlp=  995.6155> <PB=1060.267> 
<DWph=1> <it=  9> <et=1.35> <Mt= 0.00> <Spt= 0.03> <nCl=  3> <al=0.00> <DB=  995.6044> <Mlp=  995.6044> <PB=1060.267> 
    RCSP exact solver info for graph G_1 : TT = 0.003362, pt = 0.000151, dt = 0.002394, ct = 0.000607, ndl = 0', bdl = 3', odl = 0', odf = 3', bsi = 1', cnt = 1', bdch = 8', odch = 1', lcp = 0', #sols = 150
    RCSP exact solver info for graph G_2 : TT = 0.010058, pt = 0.000164, dt = 0.008061, ct = 0.001539, ndl = 1', bdl = 24', odl = 2', odf = 15', bsi = 1', cnt = 4', bdch = 175', odch = 19', lcp = 11', #sols = 150
    RCSP exact solver info for graph G_3 : TT = 0.017559, pt = 0.000183, dt = 0.014973, ct = 0.002073, ndl = 3', bdl = 62', odl = 4', odf = 30', bsi = 1', cnt = 11', bdch = 723', odch = 77', lcp = 46', #sols = 150
<DWph=0> <it= 10> <et=1.40> <Mt= 0.00> <Spt= 0.05> <nCl=158> <al=0.16> <DB=  942.8646> <Mlp=  995.6044> <PB=1060.267> 
    RCSP exact solver info for graph G_1 : TT = 0.003307, pt = 0.00022, dt = 0.002233, ct = 0.00063, ndl = 0', bdl = 3', odl = 0', odf = 3', bsi = 1', cnt = 1', bdch = 8', odch = 1', lcp = 0', #sols = 150
    RCSP exact solver info for graph G_2 : TT = 0.009112, pt = 0.000206, dt = 0.007066, ct = 0.001563, ndl = 1', bdl = 25', odl = 2', odf = 15', bsi = 1', cnt = 4', bdch = 176', odch = 19', lcp = 11', #sols = 150
    RCSP exact solver info for graph G_3 : TT = 0.016038, pt = 0.000196, dt = 0.01343, ct = 0.002107, ndl = 3', bdl = 62', odl = 4', odf = 30', bsi = 1', cnt = 11', bdch = 729', odch = 76', lcp = 46', #sols = 150
    RCSP exact solver info for graph G_1 : TT = 0.003262, pt = 0.000206, dt = 0.002209, ct = 0.000625, ndl = 0', bdl = 3', odl = 0', odf = 3', bsi = 1', cnt = 1', bdch = 8', odch = 1', lcp = 0', #sols = 150
    RCSP exact solver info for graph G_2 : TT = 0.009039, pt = 0.000191, dt = 0.007011, ct = 0.001566, ndl = 1', bdl = 25', odl = 2', odf = 15', bsi = 1', cnt = 4', bdch = 176', odch = 19', lcp = 11', #sols = 150
    RCSP exact solver info for graph G_3 : TT = 0.015942, pt = 0.000184, dt = 0.013364, ct = 0.002097, ndl = 3', bdl = 62', odl = 4', odf = 30', bsi = 1', cnt = 11', bdch = 722', odch = 76', lcp = 46', #sols = 150
<DWph=0> <it= 11> <et=1.47> <Mt= 0.00> <Spt= 0.06> <nCl= 23> <al=0.00> <DB=  995.5355> <Mlp=  995.5355> <PB=1060.267> 
Dynamic params and stats :  aver.obdmd = 21.0577 aver.buck.num. = 26 nbR1C = 24 with avMem = 5.375
@@ 1 1 995.535 0.00289933 0.003001 49.6986 1.47
Dynamic params and stats :  aver.obdmd = 23.1154 aver.buck.num. = 26 nbR1C = 24 with avMem = 5.375
@@ 1 1 995.535 0.00893533 0.0096 65.0236 1.47
Dynamic params and stats :  aver.obdmd = 22.8462 aver.buck.num. = 25 nbR1C = 24 with avMem = 5.375
@@ 1 1 995.535 0.0160147 0.017046 60.5404 1.47
Labels distribution in buckets (bucket size) : largest - 7, top 0.1% - 7, top 0.5% - 5, top 2% - 4, top 10% - 3, top 50% - 1
Reduced cost fixing for graph G_1... 27889 buck. arcs remain (99.5% from prev., 49.4% from max.) + 101 jump buck. arcs (0.179% from max.)
 TT = 0.01948, pt = 0.001852, dt = 0.004324, ct = 0.013137, ndl = 2', bdl = 34', odl = 1', odf = 12', lpcb = 5', cnt = 48', bdch = 192', odch = 16', lcp = 9'
Labels distribution in buckets (bucket size) : largest - 8, top 0.1% - 8, top 0.5% - 7, top 2% - 5, top 10% - 3, top 50% - 1
Run forward enumeration with border = 25... succeeded! lpt = 0.130092, ndl = 10', dl = 79', lpcb = 217', dch = 3437'
Run enumeration concatenation with time limit 0.3 sec.... time limit reached, not succeeded.
Sorting and storing enumerated solutions ...  TT = 0.50144, pt = 0, dt = 0.130092, ct = 0.300461, ndl = 10', bdl = 79', lpcb = 217', cnt = 308', bdch = 3437', odch = 0', lcp = 0'
Labels distribution in buckets (bucket size) : largest - 20, top 0.1% - 20, top 0.5% - 19, top 2% - 16, top 10% - 8, top 50% - 2
Reduced cost fixing for graph G_2... 36537 buck. arcs remain (91.6% from prev., 59.6% from max.) + 3078 jump buck. arcs (5.02% from max.)
 TT = 0.062294, pt = 0.004389, dt = 0.025705, ct = 0.031944, ndl = 9', bdl = 166', odl = 4', odf = 49', lpcb = 71', cnt = 250', bdch = 1836', odch = 184', lcp = 94'
Labels distribution in buckets (bucket size) : largest - 29, top 0.1% - 29, top 0.5% - 20, top 2% - 17, top 10% - 9, top 50% - 2
Run forward enumeration with border = 50... succeeded! lpt = 1.25799, ndl = 145', dl = 321', lpcb = 4688', dch = 9249'
Run enumeration concatenation with time limit 0.3 sec.... time limit reached, not succeeded.
Sorting and storing enumerated solutions ...  TT = 2.0355, pt = 0, dt = 1.25799, ct = 0.326516, ndl = 145', bdl = 321', lpcb = 4688', cnt = 3274', bdch = 9249', odch = 0', lcp = 0'
Labels distribution in buckets (bucket size) : largest - 39, top 0.1% - 39, top 0.5% - 35, top 2% - 30, top 10% - 18, top 50% - 3
Reduced cost fixing for graph G_3... 32449 buck. arcs remain (88.3% from prev., 53.5% from max.) + 4686 jump buck. arcs (7.72% from max.)
 TT = 0.080983, pt = 0.00536, dt = 0.037351, ct = 0.037982, ndl = 14', bdl = 219', odl = 5', odf = 72', lpcb = 118', cnt = 418', bdch = 2849', odch = 421', lcp = 186'
Labels distribution in buckets (bucket size) : largest - 48, top 0.1% - 48, top 0.5% - 45, top 2% - 33, top 10% - 21, top 50% - 3
Run forward enumeration with border = 80... not succeeded (ratio 0.857461) lpt = 0.054359, ndl = 44', dl = 15', lpcb = 164', dch = 69'
 TT = 0.057518, pt = 0, dt = 0.054359, ct = 0, ndl = 44', bdl = 15', lpcb = 164', cnt = 283', bdch = 69', odch = 0', lcp = 0'
ColGenEvalAlg final dual bound: 995.535 (rounded: 995.535)
Gap improvement since the last cut separation : 0.132259 (985.669)
Current active cuts : R1C(3+21,49.5817) 1rowPackR1C(3) 3rowPackR1C(21)
Shrinking heuristic shrunk 19 edges
58 Rank-1 3-rows pack. cuts added ,  max viol. = 0.333333, aver. viol. = 0.143678
Building structures for heuristic rank-1 packing cut separation...done!
66 Rank-1 4-rows pack. cuts added ,  max viol. = 0.37037, aver. viol. = 0.166386
100 Rank-1 5-rows pack. cuts added ,  max viol. = 0.407407, aver. viol. = 0.318148
----- Add fac. cuts : R1C(224), max.viol = 0.407407, aver.viol = 0.228257, sep/add took 0.284609/0.107161 sec. -----
2536 columns (2536 active), 378 dyn. constrs. (248 active), 481 art. vars. (351 active)
<DWph=2> <it=  1> <et=4.65> <Mt= 0.01> <Spt= 0.03> <nCl= 19> <al=0.00> <DB=  915.8695> <Mlp=  997.6230> <PB=1060.267> 
<DWph=2> <it=  2> <et=4.68> <Mt= 0.00> <Spt= 0.02> <nCl=  2> <al=0.00> <DB=  997.5759> <Mlp=  997.5759> <PB=1060.267> 
<DWph=1> <it=  3> <et=4.70> <Mt= 0.00> <Spt= 0.02> <nCl= 13> <al=0.30> <DB=  929.2926> <Mlp=  997.5759> <PB=1060.267> 
<DWph=1> <it=  4> <et=4.72> <Mt= 0.00> <Spt= 0.02> <nCl=  4> <al=0.37> <DB=  810.5485> <Mlp=  997.5759> <PB=1060.267> 
<DWph=1> <it=  5> <et=4.76> <Mt= 0.01> <Spt= 0.04> <nCl=  2> <al=0.00> <DB=  997.5257> <Mlp=  997.5257> <PB=1060.267> 
    RCSP exact solver info for graph G_1 : TT = 0.003564, pt = 0.000288, dt = 0.002351, ct = 0.000669, ndl = 0', bdl = 3', odl = 0', odf = 3', bsi = 1', cnt = 1', bdch = 8', odch = 1', lcp = 0', #sols = 150
    RCSP exact solver info for graph G_2 : TT = 0.010778, pt = 0.000293, dt = 0.008372, ct = 0.001809, ndl = 2', bdl = 24', odl = 2', odf = 16', bsi = 1', cnt = 6', bdch = 188', odch = 23', lcp = 13', #sols = 150
    RCSP exact solver info for graph G_3 : TT = 0.020785, pt = 0.000299, dt = 0.017628, ct = 0.002526, ndl = 4', bdl = 65', odl = 4', odf = 35', bsi = 2', cnt = 17', bdch = 909', odch = 108', lcp = 62', #sols = 150
    RCSP exact solver info for graph G_1 : TT = 0.003684, pt = 0.000346, dt = 0.002418, ct = 0.000656, ndl = 0', bdl = 3', odl = 0', odf = 3', bsi = 1', cnt = 1', bdch = 8', odch = 1', lcp = 0', #sols = 150
    RCSP exact solver info for graph G_2 : TT = 0.01095, pt = 0.000331, dt = 0.008484, ct = 0.001831, ndl = 2', bdl = 24', odl = 2', odf = 16', bsi = 1', cnt = 6', bdch = 188', odch = 23', lcp = 13', #sols = 150
    RCSP exact solver info for graph G_3 : TT = 0.020759, pt = 0.00032, dt = 0.017556, ct = 0.002536, ndl = 4', bdl = 65', odl = 4', odf = 35', bsi = 2', cnt = 17', bdch = 909', odch = 108', lcp = 62', #sols = 150
<DWph=0> <it=  6> <et=4.85> <Mt= 0.00> <Spt= 0.09> <nCl= 83> <al=0.00> <DB=  997.5257> <Mlp=  997.5257> <PB=1060.267> 
Dynamic params and stats :  aver.obdmd = 21.0192 aver.buck.num. = 26 nbR1C = 38 with avMem = 7.07895
@@ 1 2 997.526 0.003047 0.003074 49.4486 4.85
Dynamic params and stats :  aver.obdmd = 23.1154 aver.buck.num. = 26 nbR1C = 38 with avMem = 7.07895
@@ 1 2 997.526 0.010248 0.010315 59.555 4.85
Dynamic params and stats :  aver.obdmd = 22.8462 aver.buck.num. = 25 nbR1C = 38 with avMem = 7.07895
@@ 1 2 997.526 0.020123 0.020154 53.458 4.85
    Full reduced cost fixing is not called (gap ratio is 0.969254)
ColGenEvalAlg final dual bound: 997.526 (rounded: 997.526)
Gap improvement since the last cut separation : 0.030746 (995.535)
Current active cuts : R1C(1+37,59.7461) 1rowPackR1C(1) 3rowPackR1C(22) 4rowPackR1C(7) 5rowPackR1C(8)
Shrinking heuristic shrunk 6 edges
77 Rank-1 3-rows pack. cuts added ,  max viol. = 0.236842, aver. viol. = 0.0747095
Building structures for heuristic rank-1 packing cut separation...done!
87 Rank-1 4-rows pack. cuts added ,  max viol. = 0.252632, aver. viol. = 0.107743
100 Rank-1 5-rows pack. cuts added ,  max viol. = 0.252632, aver. viol. = 0.223316
----- Add fac. cuts : R1C(264), max.viol = 0.252632, aver.viol = 0.142085, sep/add took 0.443545/0.136432 sec. -----
2659 columns (2659 active), 512 dyn. constrs. (302 active), 745 art. vars. (405 active)
<DWph=2> <it=  1> <et=5.47> <Mt= 0.01> <Spt= 0.01> <nCl= 18> <al=0.50> <DB=  881.3409> <Mlp=  999.2243> <PB=1060.267> 
<DWph=2> <it=  2> <et=5.50> <Mt= 0.01> <Spt= 0.02> <nCl= 12> <al=0.55> <DB=  962.1395> <Mlp=  998.4674> <PB=1060.267> 
<DWph=2> <it=  3> <et=5.53> <Mt= 0.00> <Spt= 0.02> <nCl= 14> <al=0.19> <DB=  917.2250> <Mlp=  998.4674> <PB=1060.267> 
<DWph=2> <it=  4> <et=5.56> <Mt= 0.00> <Spt= 0.03> <nCl=  9> <al=0.00> <DB=  973.6216> <Mlp=  998.4674> <PB=1060.267> 
<DWph=2> <it=  5> <et=5.58> <Mt= 0.01> <Spt= 0.02> <nCl=  0> <al=0.00> <DB=  998.4674> <Mlp=  998.4674> <PB=1060.267> 
<DWph=1> <it=  6> <et=5.60> <Mt= 0.00> <Spt= 0.02> <nCl=  9> <al=0.30> <DB=  970.6504> <Mlp=  998.4674> <PB=1060.267> 
<DWph=1> <it=  7> <et=5.62> <Mt= 0.00> <Spt= 0.02> <nCl=  1> <al=0.30> <DB=  984.2111> <Mlp=  998.4674> <PB=1060.267> 
<DWph=1> <it=  8> <et=5.66> <Mt= 0.00> <Spt= 0.04> <nCl=  1> <al=0.00> <DB=  998.4674> <Mlp=  998.4674> <PB=1060.267> 
    RCSP exact solver info for graph G_1 : TT = 0.003652, pt = 0.000282, dt = 0.002411, ct = 0.000696, ndl = 0', bdl = 3', odl = 0', odf = 3', bsi = 1', cnt = 2', bdch = 8', odch = 1', lcp = 0', #sols = 150
    RCSP exact solver info for graph G_2 : TT = 0.011214, pt = 0.000286, dt = 0.008709, ct = 0.001907, ndl = 2', bdl = 25', odl = 2', odf = 17', bsi = 1', cnt = 6', bdch = 209', odch = 26', lcp = 15', #sols = 150
    RCSP exact solver info for graph G_3 : TT = 0.021233, pt = 0.000292, dt = 0.017904, ct = 0.0027, ndl = 5', bdl = 68', odl = 4', odf = 37', bsi = 2', cnt = 21', bdch = 1000', odch = 123', lcp = 70', #sols = 150
<DWph=0> <it=  9> <et=5.71> <Mt= 0.00> <Spt= 0.05> <nCl= 93> <al=0.27> <DB=  859.8545> <Mlp=  998.4674> <PB=1060.267> 
    RCSP exact solver info for graph G_1 : TT = 0.00372, pt = 0.000347, dt = 0.002435, ct = 0.000685, ndl = 0', bdl = 3', odl = 0', odf = 3', bsi = 1', cnt = 2', bdch = 8', odch = 1', lcp = 0', #sols = 150
    RCSP exact solver info for graph G_2 : TT = 0.011172, pt = 0.000332, dt = 0.008638, ct = 0.00189, ndl = 2', bdl = 25', odl = 2', odf = 16', bsi = 1', cnt = 6', bdch = 204', odch = 25', lcp = 15', #sols = 150
    RCSP exact solver info for graph G_3 : TT = 0.021332, pt = 0.000325, dt = 0.017974, ct = 0.002707, ndl = 5', bdl = 69', odl = 4', odf = 37', bsi = 2', cnt = 22', bdch = 997', odch = 122', lcp = 68', #sols = 150
    RCSP exact solver info for graph G_1 : TT = 0.0037, pt = 0.000341, dt = 0.002426, ct = 0.000687, ndl = 0', bdl = 3', odl = 0', odf = 3', bsi = 1', cnt = 2', bdch = 8', odch = 1', lcp = 0', #sols = 150
    RCSP exact solver info for graph G_2 : TT = 0.011146, pt = 0.000333, dt = 0.008624, ct = 0.00189, ndl = 2', bdl = 25', odl = 2', odf = 16', bsi = 1', cnt = 6', bdch = 202', odch = 25', lcp = 15', #sols = 150
    RCSP exact solver info for graph G_3 : TT = 0.021208, pt = 0.00032, dt = 0.017858, ct = 0.002696, ndl = 5', bdl = 68', odl = 4', odf = 36', bsi = 2', cnt = 22', bdch = 987', odch = 121', lcp = 67', #sols = 150
<DWph=0> <it= 10> <et=5.80> <Mt= 0.00> <Spt= 0.09> <nCl= 26> <al=0.00> <DB=  998.4674> <Mlp=  998.4674> <PB=1060.267> 
Dynamic params and stats :  aver.obdmd = 20.9615 aver.buck.num. = 26 nbR1C = 39 with avMem = 6.64103
@@ 1 3 998.467 0.00311333 0.00312 49.4486 5.8
Dynamic params and stats :  aver.obdmd = 23.1154 aver.buck.num. = 26 nbR1C = 39 with avMem = 6.64103
@@ 1 3 998.467 0.0105527 0.010616 59.555 5.8
Dynamic params and stats :  aver.obdmd = 22.8462 aver.buck.num. = 25 nbR1C = 39 with avMem = 6.64103
@@ 1 3 998.467 0.020613 0.020681 53.458 5.8
    Full reduced cost fixing is not called (gap ratio is 0.954706)
ColGenEvalAlg final dual bound: 998.467 (rounded: 998.467)
Gap improvement since the last cut separation : 0.015009 (997.526)
Cut generation tailing off counter increased to 1
Current active cuts : R1C(1+38,78.1481) 1rowPackR1C(1) 3rowPackR1C(19) 4rowPackR1C(13) 5rowPackR1C(6)
Shrinking heuristic shrunk 27 edges
17 Rank-1 3-rows pack. cuts added ,  max viol. = 0.4, aver. viol. = 0.258824
Building structures for heuristic rank-1 packing cut separation...done!
12 Rank-1 4-rows pack. cuts added ,  max viol. = 0.6, aver. viol. = 0.433333
100 Rank-1 5-rows pack. cuts added ,  max viol. = 0.6, aver. viol. = 0.283
----- Add fac. cuts : R1C(129), max.viol = 0.6, aver.viol = 0.393798, sep/add took 0.21652/0.0732916 sec. -----
2842 columns (2842 active), 431 dyn. constrs. (168 active), 874 art. vars. (271 active)
<DWph=2> <it=  1> <et=6.12> <Mt= 0.01> <Spt= 0.01> <nCl=  2> <al=0.50> <DB=  964.0353> <Mlp=  998.6882> <PB=1060.267> 
<DWph=2> <it=  2> <et=6.15> <Mt= 0.00> <Spt= 0.02> <nCl=  3> <al=0.10> <DB=  992.0049> <Mlp=  998.6882> <PB=1060.267> 
<DWph=2> <it=  3> <et=6.18> <Mt= 0.00> <Spt= 0.03> <nCl=  1> <al=0.00> <DB=  998.6713> <Mlp=  998.6713> <PB=1060.267> 
<DWph=1> <it=  4> <et=6.22> <Mt= 0.00> <Spt= 0.03> <nCl=  1> <al=0.00> <DB=  998.6713> <Mlp=  998.6713> <PB=1060.267> 
    RCSP exact solver info for graph G_1 : TT = 0.003961, pt = 0.000341, dt = 0.002595, ct = 0.00073, ndl = 0', bdl = 3', odl = 0', odf = 3', bsi = 1', cnt = 2', bdch = 8', odch = 1', lcp = 0', #sols = 150
    RCSP exact solver info for graph G_2 : TT = 0.011746, pt = 0.000347, dt = 0.009108, ct = 0.00193, ndl = 2', bdl = 25', odl = 2', odf = 17', bsi = 1', cnt = 6', bdch = 205', odch = 26', lcp = 15', #sols = 150
    RCSP exact solver info for graph G_3 : TT = 0.022467, pt = 0.000351, dt = 0.018999, ct = 0.002742, ndl = 5', bdl = 69', odl = 4', odf = 37', bsi = 2', cnt = 23', bdch = 1016', odch = 125', lcp = 69', #sols = 150
    RCSP exact solver info for graph G_1 : TT = 0.003967, pt = 0.000389, dt = 0.002598, ct = 0.000724, ndl = 0', bdl = 3', odl = 0', odf = 3', bsi = 1', cnt = 2', bdch = 8', odch = 1', lcp = 0', #sols = 150
    RCSP exact solver info for graph G_2 : TT = 0.011713, pt = 0.000373, dt = 0.009103, ct = 0.001921, ndl = 2', bdl = 25', odl = 2', odf = 17', bsi = 1', cnt = 6', bdch = 205', odch = 26', lcp = 15', #sols = 150
    RCSP exact solver info for graph G_3 : TT = 0.022472, pt = 0.000373, dt = 0.018995, ct = 0.002741, ndl = 5', bdl = 69', odl = 4', odf = 37', bsi = 2', cnt = 23', bdch = 1016', odch = 125', lcp = 69', #sols = 150
<DWph=0> <it=  5> <et=6.30> <Mt= 0.00> <Spt= 0.09> <nCl= 21> <al=0.00> <DB=  998.6713> <Mlp=  998.6713> <PB=1060.267> 
Dynamic params and stats :  aver.obdmd = 20.9231 aver.buck.num. = 26 nbR1C = 44 with avMem = 7.18182
@@ 1 4 998.671 0.0033235 0.003325 49.4486 6.3
Dynamic params and stats :  aver.obdmd = 23.1154 aver.buck.num. = 26 nbR1C = 44 with avMem = 7.18182
@@ 1 4 998.671 0.011031 0.011038 59.555 6.3
Dynamic params and stats :  aver.obdmd = 22.8462 aver.buck.num. = 25 nbR1C = 44 with avMem = 7.18182
@@ 1 4 998.671 0.0217385 0.021741 53.458 6.3
    Full reduced cost fixing is not called (gap ratio is 0.951557)
ColGenEvalAlg final dual bound: 998.671 (rounded: 998.671)
Gap improvement since the last cut separation : 0.00329909 (998.467)
Cut generation tailing off counter increased to 2
Current active cuts : R1C(1+43,79.3514) 1rowPackR1C(1) 3rowPackR1C(18) 4rowPackR1C(13) 5rowPackR1C(12)
Shrinking heuristic shrunk 5 edges
46 Rank-1 3-rows pack. cuts added ,  max viol. = 0.113208, aver. viol. = 0.0360131
Building structures for heuristic rank-1 packing cut separation...done!
64 Rank-1 4-rows pack. cuts added ,  max viol. = 0.196226, aver. viol. = 0.0545401
100 Rank-1 5-rows pack. cuts added ,  max viol. = 0.196226, aver. viol. = 0.0821698
----- Add fac. cuts : R1C(210), max.viol = 0.328302, aver.viol = 0.0748607, sep/add took 0.466516/0.122935 sec. -----
2870 columns (2870 active), 378 dyn. constrs. (254 active), 1084 art. vars. (357 active)
<DWph=2> <it=  1> <et=6.94> <Mt= 0.01> <Spt= 0.02> <nCl=  6> <al=0.50> <DB=  958.3355> <Mlp=  999.2537> <PB=1060.267> 
<DWph=2> <it=  2> <et=6.97> <Mt= 0.01> <Spt= 0.03> <nCl= 13> <al=0.10> <DB=  945.5116> <Mlp=  999.2400> <PB=1060.267> 
<DWph=2> <it=  3> <et=7.00> <Mt= 0.00> <Spt= 0.02> <nCl=  7> <al=0.00> <DB=  972.4186> <Mlp=  999.2076> <PB=1060.267> 
<DWph=2> <it=  4> <et=7.03> <Mt= 0.00> <Spt= 0.03> <nCl=  2> <al=0.00> <DB=  985.5658> <Mlp=  999.2076> <PB=1060.267> 
<DWph=2> <it=  5> <et=7.06> <Mt= 0.00> <Spt= 0.02> <nCl=  0> <al=0.00> <DB=  999.2076> <Mlp=  999.2076> <PB=1060.267> 
<DWph=1> <it=  6> <et=7.08> <Mt= 0.01> <Spt= 0.02> <nCl=  9> <al=0.15> <DB=  940.9089> <Mlp=  999.2076> <PB=1060.267> 
<DWph=1> <it=  7> <et=7.11> <Mt= 0.01> <Spt= 0.02> <nCl=  4> <al=0.05> <DB=  952.4182> <Mlp=  999.2005> <PB=1060.267> 
<DWph=1> <it=  8> <et=7.16> <Mt= 0.00> <Spt= 0.05> <nCl=  0> <al=0.00> <DB=  999.1991> <Mlp=  999.1991> <PB=1060.267> 
    RCSP exact solver info for graph G_1 : TT = 0.004284, pt = 0.000379, dt = 0.002821, ct = 0.000799, ndl = 0', bdl = 3', odl = 0', odf = 3', bsi = 1', cnt = 2', bdch = 9', odch = 2', lcp = 0', #sols = 150
    RCSP exact solver info for graph G_2 : TT = 0.013003, pt = 0.000383, dt = 0.01013, ct = 0.002122, ndl = 2', bdl = 27', odl = 2', odf = 17', bsi = 1', cnt = 7', bdch = 231', odch = 29', lcp = 17', #sols = 150
    RCSP exact solver info for graph G_3 : TT = 0.025078, pt = 0.000392, dt = 0.021319, ct = 0.002957, ndl = 5', bdl = 75', odl = 4', odf = 39', bsi = 2', cnt = 25', bdch = 1162', odch = 145', lcp = 78', #sols = 150
<DWph=0> <it=  9> <et=7.21> <Mt= 0.00> <Spt= 0.05> <nCl= 49> <al=0.05> <DB=  998.4292> <Mlp=  999.1991> <PB=1060.267> 
    RCSP exact solver info for graph G_1 : TT = 0.00429, pt = 0.00043, dt = 0.002803, ct = 0.000792, ndl = 0', bdl = 3', odl = 0', odf = 3', bsi = 1', cnt = 2', bdch = 9', odch = 2', lcp = 0', #sols = 150
    RCSP exact solver info for graph G_2 : TT = 0.012923, pt = 0.000416, dt = 0.010057, ct = 0.002119, ndl = 2', bdl = 27', odl = 2', odf = 17', bsi = 1', cnt = 7', bdch = 231', odch = 29', lcp = 17', #sols = 150
    RCSP exact solver info for graph G_3 : TT = 0.025005, pt = 0.000421, dt = 0.021245, ct = 0.002964, ndl = 5', bdl = 75', odl = 4', odf = 39', bsi = 2', cnt = 25', bdch = 1162', odch = 145', lcp = 78', #sols = 150
<DWph=0> <it= 10> <et=7.26> <Mt= 0.00> <Spt= 0.05> <nCl=  0> <al=0.00> <DB=  999.1991> <Mlp=  999.1991> <PB=1060.267> 
Dynamic params and stats :  aver.obdmd = 20.9231 aver.buck.num. = 26 nbR1C = 49 with avMem = 7.16327
@@ 1 5 999.199 0.0036075 0.00362 49.4486 7.26
Dynamic params and stats :  aver.obdmd = 23.1154 aver.buck.num. = 26 nbR1C = 49 with avMem = 7.16327
@@ 1 5 999.199 0.012214 0.012252 59.555 7.26
Dynamic params and stats :  aver.obdmd = 22.8462 aver.buck.num. = 25 nbR1C = 49 with avMem = 7.16327
@@ 1 5 999.199 0.0242425 0.024276 53.458 7.26
    Full reduced cost fixing is not called (gap ratio is 0.943403)
ColGenEvalAlg final dual bound: 999.199 (rounded: 999.199)
Gap improvement since the last cut separation : 0.00856874 (998.671)
----- Cut generation is stopped due to tailing off -----
Current active cuts : R1C(1+48,90.0955) 1rowPackR1C(1) 3rowPackR1C(19) 4rowPackR1C(20) 5rowPackR1C(9)
**** Strong branching phase 1 is started *****
SB phase 1 cand.  1 branch on VNB[3] (lhs=1.2465)     : [  999.2476,  1000.2374], score = 0.05      <et=7.3>
SB phase 1 cand.  2 branch on VNB[0] (lhs=11.1737)    : [  999.2317,   999.6379], score = 0.01      <et=7.31>
SB phase 1 cand.  3 branch on VNB[1] (lhs=7.8433)     : [  999.2145,   999.3186], score = 0.00      <et=7.31>
SB phase 1 cand.  4 branch on VNB[2] (lhs=2.0839)     : [  999.2076,   999.4105], score = 0.00      <et=7.32>
SB phase 1 cand.  5 branch on ASB[3,27] (lhs=0.5614)  : [  999.3465,  1000.4293], score = 0.18      <et=7.33>
SB phase 1 cand.  6 branch on ASB[1,27] (lhs=0.4386)  : [  999.3465,  1000.4293], score = 0.18      <et=7.33>
SB phase 1 cand.  7 branch on ASB[2,5] (lhs=0.4364)   : [  999.4514,   999.6006], score = 0.10      <et=7.34>
SB phase 1 cand.  8 branch on ASB[3,32] (lhs=0.4341)  : [  999.4196,  1000.2323], score = 0.23      <et=7.35>
SB phase 1 cand.  9 branch on ASB[1,32] (lhs=0.5659)  : [  999.4296,  1000.1834], score = 0.23      <et=7.36>
SB phase 1 cand. 10 branch on ASB[2,50] (lhs=0.6343)  : [  999.3626,  1000.2623], score = 0.17      <et=7.36>
SB phase 1 cand. 11 branch on ASB[2,9] (lhs=0.6387)   : [  999.3626,  1000.2775], score = 0.18      <et=7.37>
SB phase 1 cand. 12 branch on ASB[1,9] (lhs=0.3569)   : [  999.3626,  1000.6324], score = 0.23      <et=7.38>
SB phase 1 cand. 13 branch on ASB[1,5] (lhs=0.3436)   : [  999.3563,   999.7960], score = 0.09      <et=7.38>
SB phase 1 cand. 14 branch on ASB[2,30] (lhs=0.6608)  : [  999.3626,  1000.2921], score = 0.18      <et=7.39>
SB phase 1 cand. 15 branch on ASB[2,34] (lhs=0.6608)  : [  999.3626,  1000.2973], score = 0.18      <et=7.4>
SB phase 1 cand. 16 branch on ASB[2,38] (lhs=0.6652)  : [  999.3671,  1000.2644], score = 0.18      <et=7.4>
SB phase 1 cand. 17 branch on ASB[2,44] (lhs=0.6652)  : [  999.4004,   999.9935], score = 0.16      <et=7.41>
SB phase 1 cand. 18 branch on ASB[1,44] (lhs=0.3348)  : [  999.4004,  1000.0245], score = 0.17      <et=7.42>
SB phase 1 cand. 19 branch on ASB[2,10] (lhs=0.6696)  : [  999.3586,  1000.5223], score = 0.21      <et=7.42>
SB phase 1 cand. 20 branch on ASB[1,38] (lhs=0.3304)  : [  999.3671,  1000.6050], score = 0.24      <et=7.43>
SB phase 1 cand. 21 branch on ASB[1,50] (lhs=0.3260)  : [  999.3150,  1001.0531], score = 0.21      <et=7.44>
SB phase 1 cand. 22 branch on ASB[2,15] (lhs=0.6961)  : [  999.3586,  1000.5354], score = 0.21      <et=7.44>
SB phase 1 cand. 23 branch on ASB[2,33] (lhs=0.6961)  : [  999.3586,  1000.5354], score = 0.21      <et=7.45>
SB phase 1 cand. 24 branch on ASB[2,39] (lhs=0.6961)  : [  999.3586,  1000.4330], score = 0.20      <et=7.46>
SB phase 1 cand. 25 branch on ASB[2,45] (lhs=0.6961)  : [  999.3586,  1000.4635], score = 0.20      <et=7.47>
SB phase 1 cand. 26 branch on ASB[2,49] (lhs=0.7138)  : [  999.3626,  1000.5974], score = 0.23      <et=7.47>
SB phase 1 cand. 27 branch on ASB[1,11] (lhs=0.7226)  : [  999.3227,   999.6787], score = 0.06      <et=7.48>
SB phase 1 cand. 28 branch on ASB[1,37] (lhs=0.7270)  : [  999.3504,  1000.6734], score = 0.22      <et=7.49>
SB phase 1 cand. 29 branch on ASB[1,12] (lhs=0.2730)  : [  999.3096,  1001.5004], score = 0.25      <et=7.49>
SB phase 1 cand. 30 branch on ASB[1,18] (lhs=0.2730)  : [  999.2993,  1001.5004], score = 0.23      <et=7.5>
SB phase 1 cand. 31 branch on ASB[1,47] (lhs=0.2730)  : [  999.2993,  1001.5004], score = 0.23      <et=7.51>
SB phase 1 cand. 32 branch on ASB[2,12] (lhs=0.7270)  : [  999.3096,  1001.1644], score = 0.22      <et=7.52>
SB phase 1 cand. 33 branch on ASB[2,18] (lhs=0.7270)  : [  999.3096,  1001.1644], score = 0.22      <et=7.53>
SB phase 1 cand. 34 branch on ASB[2,47] (lhs=0.7270)  : [  999.3096,  1001.1644], score = 0.22      <et=7.53>
SB phase 1 cand. 35 branch on ASB[1,17] (lhs=0.7447)  : [  999.3375,  1000.8446], score = 0.23      <et=7.54>
SB phase 1 cand. 36 branch on ASB[2,17] (lhs=0.2553)  : [  999.3375,  1000.8446], score = 0.23      <et=7.55>
SB phase 1 cand. 37 branch on ASB[3,34] (lhs=0.2553)  : [  999.3113,  1000.4077], score = 0.14      <et=7.56>
SB phase 1 cand. 38 branch on ASB[3,30] (lhs=0.2509)  : [  999.3113,  1000.4999], score = 0.15      <et=7.56>
SB phase 1 cand. 39 branch on ASB[1,46] (lhs=0.7535)  : [  999.2503,  1000.3846], score = 0.06      <et=7.57>
SB phase 1 cand. 40 branch on ASB[3,46] (lhs=0.2465)  : [  999.2420,  1001.0295], score = 0.08      <et=7.58>
SB phase 1 cand. 41 branch on ASB[3,15] (lhs=0.2421)  : [  999.2871,  1001.7317], score = 0.22      <et=7.58>
SB phase 1 cand. 42 branch on ASB[3,33] (lhs=0.2421)  : [  999.2871,  1001.7317], score = 0.22      <et=7.59>
SB phase 1 cand. 43 branch on ASB[3,37] (lhs=0.2421)  : [  999.2871,  1001.7648], score = 0.23      <et=7.6>
SB phase 1 cand. 44 branch on ASB[3,39] (lhs=0.2421)  : [  999.2871,  1000.6353], score = 0.13      <et=7.61>
SB phase 1 cand. 45 branch on ASB[3,45] (lhs=0.2421)  : [  999.2871,  1001.7317], score = 0.22      <et=7.62>
SB phase 1 cand. 46 branch on ASB[2,11] (lhs=0.2288)  : [  999.2484,  1000.0800], score = 0.04      <et=7.62>
SB phase 1 cand. 47 branch on ASB[3,49] (lhs=0.2244)  : [  999.2179,  1000.6480], score = 0.03      <et=7.63>
SB phase 1 cand. 48 branch on ASB[3,5] (lhs=0.2200)   : [  999.2179,   999.9846], score = 0.01      <et=7.64>
SB phase 1 cand. 49 branch on ASB[3,10] (lhs=0.2156)  : [  999.2321,  1000.6391], score = 0.05      <et=7.65>
SB phase 1 cand. 50 branch on ASB[1,10] (lhs=0.1148)  : [  999.2076,  1000.9175], score = 0.01      <et=7.65>
SB phase 1 cand. 51 branch on ASB[1,30] (lhs=0.0883)  : [  999.2076,  1002.1620], score = 0.03      <et=7.66>
SB phase 1 cand. 52 branch on ASB[1,34] (lhs=0.0839)  : [  999.2076,  1002.3652], score = 0.03      <et=7.67>
SB phase 1 cand. 53 branch on EDGE[0,47] (lhs=0.5048) : [  999.3096,   999.3616], score = 0.02      <et=7.67>
SB phase 1 cand. 54 branch on EDGE[0,17] (lhs=0.5489) : [  999.3291,   999.4514], score = 0.03      <et=7.68>
SB phase 1 cand. 55 branch on EDGE[17,44] (lhs=0.5489): [  999.3291,   999.4514], score = 0.03      <et=7.68>
SB phase 1 cand. 56 branch on EDGE[17,37] (lhs=0.4511): [  999.3291,   999.4514], score = 0.03      <et=7.69>
SB phase 1 cand. 57 branch on EDGE[0,2] (lhs=0.5526)  : [  999.4556,  1000.0379], score = 0.22      <et=7.7>
SB phase 1 cand. 58 branch on EDGE[0,8] (lhs=0.4430)  : [  999.5030,  1000.4233], score = 0.37      <et=7.7>
SB phase 1 cand. 59 branch on EDGE[8,27] (lhs=0.5570) : [  999.5431,  1000.4233], score = 0.42      <et=7.71>
SB phase 1 cand. 60 branch on EDGE[30,49] (lhs=0.4408): [  999.4514,   999.6006], score = 0.10      <et=7.72>
SB phase 1 cand. 61 branch on EDGE[11,32] (lhs=0.4408): [  999.3896,   999.7118], score = 0.10      <et=7.73>
SB phase 1 cand. 62 branch on EDGE[16,46] (lhs=0.5622): [  999.9816,  1001.0254], score = 1.43      <et=7.74>
SB phase 1 cand. 63 branch on EDGE[2,32] (lhs=0.4341) : [  999.4072,  1000.5625], score = 0.28      <et=7.74>
SB phase 1 cand. 64 branch on EDGE[0,44] (lhs=0.4305) : [  999.3291,   999.4514], score = 0.03      <et=7.75>
SB phase 1 cand. 65 branch on EDGE[17,42] (lhs=0.4305): [  999.3291,   999.4514], score = 0.03      <et=7.75>
SB phase 1 cand. 66 branch on EDGE[0,11] (lhs=0.5725) : [  999.3671,   999.7217], score = 0.09      <et=7.76>
SB phase 1 cand. 67 branch on EDGE[5,10] (lhs=0.4099) : [  999.4514,   999.6006], score = 0.10      <et=7.77>
SB phase 1 cand. 68 branch on EDGE[16,21] (lhs=0.6343): [  999.3671,  1000.4107], score = 0.20      <et=7.77>
SB phase 1 cand. 69 branch on EDGE[0,16] (lhs=0.3628) : [  999.4061,  1000.5188], score = 0.27      <et=7.78>
SB phase 1 cand. 70 branch on EDGE[9,38] (lhs=0.6387) : [  999.3671,  1000.3732], score = 0.20      <et=7.78>
SB phase 1 cand. 71 branch on EDGE[0,49] (lhs=0.6608) : [  999.3626,  1000.3732], score = 0.19      <et=7.79>
SB phase 1 cand. 72 branch on EDGE[15,44] (lhs=0.6652): [  999.4004,  1000.1376], score = 0.19      <et=7.8>
SB phase 1 cand. 73 branch on EDGE[0,9] (lhs=0.3304)  : [  999.3671,  1000.3732], score = 0.20      <et=7.8>
SB phase 1 cand. 74 branch on EDGE[11,38] (lhs=0.3260): [  999.3150,  1000.5795], score = 0.16      <et=7.81>
SB phase 1 cand. 75 branch on EDGE[9,50] (lhs=0.6740) : [  999.3563,   999.7726], score = 0.09      <et=7.82>
SB phase 1 cand. 76 branch on EDGE[22,29] (lhs=0.6917): [  999.4774,  1000.1488], score = 0.26      <et=7.82>
SB phase 1 cand. 77 branch on EDGE[5,49] (lhs=0.3083) : [  999.3586,  1000.5545], score = 0.22      <et=7.83>
SB phase 1 cand. 78 branch on EDGE[0,19] (lhs=0.2936) : [  999.3439,  1000.8582], score = 0.24      <et=7.84>
SB phase 1 cand. 79 branch on EDGE[42,44] (lhs=0.2936): [  999.3572,  1000.6581], score = 0.23      <et=7.85>
SB phase 1 cand. 80 branch on EDGE[4,19] (lhs=0.7064) : [  999.3572,  1000.8582], score = 0.26      <et=7.86>
SB phase 1 cand. 81 branch on EDGE[9,30] (lhs=0.2907) : [  999.3563,  1000.2540], score = 0.17      <et=7.86>
SB phase 1 cand. 82 branch on EDGE[4,18] (lhs=0.2730) : [  999.2993,  1001.5769], score = 0.24      <et=7.87>
SB phase 1 cand. 83 branch on EDGE[5,12] (lhs=0.2730) : [  999.3096,  1001.5004], score = 0.25      <et=7.88>
SB phase 1 cand. 84 branch on EDGE[12,47] (lhs=0.7270): [  999.3096,  1001.3658], score = 0.24      <et=7.89>
SB phase 1 cand. 85 branch on EDGE[18,47] (lhs=0.7270): [  999.3096,  1001.5004], score = 0.25      <et=7.89>
SB phase 1 cand. 86 branch on EDGE[15,37] (lhs=0.2730): [  999.3610,  1000.2279], score = 0.17      <et=7.9>
SB phase 1 cand. 87 branch on EDGE[10,30] (lhs=0.2686): [  999.3226,  1002.1845], score = 0.37      <et=7.91>
SB phase 1 cand. 88 branch on EDGE[21,50] (lhs=0.2686): [  999.2686,  1001.0531], score = 0.13      <et=7.92>
SB phase 1 cand. 89 branch on EDGE[34,50] (lhs=0.7314): [  999.2686,  1001.0518], score = 0.13      <et=7.93>
SB phase 1 cand. 90 branch on EDGE[1,27] (lhs=0.2553) : [  999.3011,  1001.7356], score = 0.26      <et=7.93>
SB phase 1 cand. 91 branch on EDGE[0,1] (lhs=0.7447)  : [  999.3011,  1001.0609], score = 0.19      <et=7.94>
SB phase 1 cand. 92 branch on EDGE[37,42] (lhs=0.2553): [  999.2678,   999.9580], score = 0.05      <et=7.95>
SB phase 1 cand. 93 branch on EDGE[10,49] (lhs=0.2553): [  999.3427,   999.8504], score = 0.09      <et=7.96>
SB phase 1 cand. 94 branch on EDGE[5,46] (lhs=0.2509) : [  999.2687,  1001.3157], score = 0.15      <et=7.96>
SB phase 1 cand. 95 branch on EDGE[0,5] (lhs=0.7491)  : [  999.2687,  1001.3018], score = 0.15      <et=7.97>
SB phase 1 cand. 96 branch on EDGE[11,22] (lhs=0.2465): [  999.2781,  1001.5436], score = 0.19      <et=7.98>
SB phase 1 cand. 97 branch on EDGE[16,29] (lhs=0.2377): [  999.2686,  1001.6478], score = 0.17      <et=7.99>
SB phase 1 cand. 98 branch on EDGE[11,50] (lhs=0.2288): [  999.2326,  1001.0728], score = 0.06      <et=7.99>
SB phase 1 cand. 99 branch on EDGE[34,49] (lhs=0.2112): [  999.2168,  1004.5688], score = 0.09      <et=8>
SB phase 1 cand. 100 branch on EDGE[0,48] (lhs=0.8779) : [  999.2489,  1000.9264], score = 0.09      <et=8.01>
**** Strong branching phase 2 is started *****
<DWph=1> <it=  9> <et=8.21> <Mt= 0.01> <Spt= 0.19> <nCl= 53> <al=0.00> <DB=  999.8236> <Mlp=  999.8236> <PB=999.82355> 
<DWph=1> <it=  4> <et=8.36> <Mt= 0.01> <Spt= 0.10> <nCl= 10> <al=0.00> <DB=  999.7950> <Mlp=  999.7950> <PB=999.82355> 
SB phase 2 cand.  1 branch on EDGE[16,46] (lhs=0.5622): [  999.7950,   999.8236], score = 0.37      <et=8.36>
<DWph=1> <it=  5> <et=8.53> <Mt= 0.00> <Spt= 0.14> <nCl= 28> <al=0.00> <DB= 1000.3193> <Mlp= 1000.3193> <PB=999.82355> 
<DWph=1> <it=  4> <et=8.68> <Mt= 0.01> <Spt= 0.12> <nCl= 29> <al=0.00> <DB=  999.5290> <Mlp=  999.5290> <PB=999.82355> 
SB phase 2 cand.  2 branch on EDGE[8,27] (lhs=0.5570) : [  999.5290,  1000.3193], score = 0.37      <et=8.69>
<DWph=1> <it=  5> <et=8.85> <Mt= 0.01> <Spt= 0.13> <nCl= 29> <al=0.00> <DB= 1000.3193> <Mlp= 1000.3193> <PB=999.82355> 
<DWph=1> <it=  4> <et=9.01> <Mt= 0.00> <Spt= 0.12> <nCl= 13> <al=0.00> <DB=  999.4930> <Mlp=  999.4930> <PB=999.82355> 
SB phase 2 cand.  3 branch on EDGE[0,8] (lhs=0.4430)  : [  999.4930,  1000.3193], score = 0.33      <et=9.01>
**** Strong branching phase 3 is started *****
**** SB phase 3 evaluation of candidate 1, branch 1 ( EDGE[16,46] >= 1 ), value = 999.824
<DWph=2> <it=  1> <et=9.06> <Mt= 0.00> <Spt= 0.03> <nCl=  0> <al=0.00> <DB=  999.8236> <Mlp=  999.8236> <PB=999.82355> 
<DWph=1> <it=  2> <et=9.10> <Mt= 0.00> <Spt= 0.03> <nCl=  0> <al=0.00> <DB=  999.8236> <Mlp=  999.8236> <PB=999.82355> 
    RCSP exact solver info for graph G_1 : TT = 0.004393, pt = 0.000254, dt = 0.003213, ct = 0.00065, ndl = 0', bdl = 2', odl = 0', odf = 3', bsi = 1', cnt = 1', bdch = 7', odch = 1', lcp = 0', #sols = 150
    RCSP exact solver info for graph G_2 : TT = 0.011232, pt = 0.000258, dt = 0.008831, ct = 0.001786, ndl = 2', bdl = 23', odl = 2', odf = 16', bsi = 1', cnt = 5', bdch = 183', odch = 25', lcp = 14', #sols = 150
    RCSP exact solver info for graph G_3 : TT = 0.020227, pt = 0.000265, dt = 0.017065, ct = 0.002467, ndl = 4', bdl = 63', odl = 4', odf = 35', bsi = 2', cnt = 20', bdch = 859', odch = 115', lcp = 61', #sols = 150
<DWph=0> <it=  3> <et=9.15> <Mt= 0.00> <Spt= 0.05> <nCl=110> <al=0.30> <DB=  995.8787> <Mlp=  999.8236> <PB=999.82355> 
    RCSP exact solver info for graph G_1 : TT = 0.004436, pt = 0.000296, dt = 0.003246, ct = 0.000653, ndl = 0', bdl = 2', odl = 0', odf = 3', bsi = 1', cnt = 1', bdch = 7', odch = 1', lcp = 0', #sols = 150
    RCSP exact solver info for graph G_2 : TT = 0.011068, pt = 0.000301, dt = 0.008674, ct = 0.001776, ndl = 2', bdl = 23', odl = 2', odf = 16', bsi = 1', cnt = 5', bdch = 183', odch = 25', lcp = 14', #sols = 150
    RCSP exact solver info for graph G_3 : TT = 0.019849, pt = 0.00029, dt = 0.016699, ct = 0.002485, ndl = 4', bdl = 63', odl = 4', odf = 35', bsi = 2', cnt = 20', bdch = 861', odch = 116', lcp = 61', #sols = 150
    RCSP exact solver info for graph G_1 : TT = 0.004419, pt = 0.000306, dt = 0.003219, ct = 0.000646, ndl = 0', bdl = 2', odl = 0', odf = 3', bsi = 1', cnt = 1', bdch = 7', odch = 1', lcp = 0', #sols = 150
    RCSP exact solver info for graph G_2 : TT = 0.011026, pt = 0.000293, dt = 0.008656, ct = 0.001771, ndl = 2', bdl = 23', odl = 2', odf = 16', bsi = 1', cnt = 5', bdch = 183', odch = 25', lcp = 14', #sols = 150
    RCSP exact solver info for graph G_3 : TT = 0.019813, pt = 0.00029, dt = 0.016688, ct = 0.002462, ndl = 4', bdl = 63', odl = 4', odf = 35', bsi = 2', cnt = 20', bdch = 861', odch = 115', lcp = 61', #sols = 150
<DWph=0> <it=  4> <et=9.23> <Mt= 0.01> <Spt= 0.08> <nCl=  2> <al=0.00> <DB=  999.8236> <Mlp=  999.8236> <PB=999.82355> 
Dynamic params and stats :  aver.obdmd = 20.9231 aver.buck.num. = 26 nbR1C = 32 with avMem = 6.59375
@@ 208 0 999.824 0.00387567 0.003899 49.4486 9.23
Dynamic params and stats :  aver.obdmd = 23.1154 aver.buck.num. = 26 nbR1C = 32 with avMem = 6.59375
@@ 208 0 999.824 0.010498 0.010617 59.555 9.23
Dynamic params and stats :  aver.obdmd = 22.8462 aver.buck.num. = 25 nbR1C = 32 with avMem = 6.59375
@@ 208 0 999.824 0.0192887 0.019532 53.458 9.23
ColGenEvalAlg final dual bound: 999.824 (rounded: 999.824)
Current active cuts : R1C(1+31,82.3501) 1rowPackR1C(1) 3rowPackR1C(14) 4rowPackR1C(12) 5rowPackR1C(5)
**** SB phase 3 evaluation of candidate 1, branch 2 ( EDGE[16,46] <= 0 ), value = 999.795
<DWph=2> <it=  1> <et=9.29> <Mt= 0.00> <Spt= 0.03> <nCl=  0> <al=0.00> <DB=  999.7950> <Mlp=  999.7950> <PB=999.82355> 
<DWph=1> <it=  2> <et=9.33> <Mt= 0.00> <Spt= 0.04> <nCl=  0> <al=0.00> <DB=  999.7950> <Mlp=  999.7950> <PB=999.82355> 
    RCSP exact solver info for graph G_1 : TT = 0.005012, pt = 0.000317, dt = 0.003633, ct = 0.000763, ndl = 0', bdl = 3', odl = 0', odf = 3', bsi = 1', cnt = 2', bdch = 9', odch = 1', lcp = 0', #sols = 150
    RCSP exact solver info for graph G_2 : TT = 0.013015, pt = 0.000323, dt = 0.010334, ct = 0.001989, ndl = 2', bdl = 26', odl = 2', odf = 17', bsi = 1', cnt = 6', bdch = 220', odch = 28', lcp = 16', #sols = 150
    RCSP exact solver info for graph G_3 : TT = 0.023023, pt = 0.000324, dt = 0.019568, ct = 0.002697, ndl = 5', bdl = 69', odl = 4', odf = 37', bsi = 2', cnt = 22', bdch = 1014', odch = 127', lcp = 70', #sols = 150
    RCSP exact solver info for graph G_1 : TT = 0.004993, pt = 0.000366, dt = 0.003604, ct = 0.000764, ndl = 0', bdl = 3', odl = 0', odf = 3', bsi = 1', cnt = 2', bdch = 9', odch = 1', lcp = 0', #sols = 150
    RCSP exact solver info for graph G_2 : TT = 0.012787, pt = 0.000354, dt = 0.010126, ct = 0.001987, ndl = 2', bdl = 26', odl = 2', odf = 17', bsi = 1', cnt = 6', bdch = 220', odch = 28', lcp = 16', #sols = 150
    RCSP exact solver info for graph G_3 : TT = 0.022621, pt = 0.000358, dt = 0.019192, ct = 0.002694, ndl = 5', bdl = 69', odl = 4', odf = 37', bsi = 2', cnt = 22', bdch = 1014', odch = 127', lcp = 70', #sols = 150
<DWph=0> <it=  3> <et=9.42> <Mt= 0.00> <Spt= 0.09> <nCl= 24> <al=0.00> <DB=  999.7950> <Mlp=  999.7950> <PB=999.82355> 
Dynamic params and stats :  aver.obdmd = 20.9231 aver.buck.num. = 26 nbR1C = 43 with avMem = 6.44186
@@ 209 0 999.795 0.004382 0.004396 49.4486 9.42
Dynamic params and stats :  aver.obdmd = 23.1154 aver.buck.num. = 26 nbR1C = 43 with avMem = 6.44186
@@ 209 0 999.795 0.012218 0.012323 59.555 9.42
Dynamic params and stats :  aver.obdmd = 22.8462 aver.buck.num. = 25 nbR1C = 43 with avMem = 6.44186
@@ 209 0 999.795 0.0220755 0.022265 53.458 9.42
Labels distribution in buckets (bucket size) : largest - 11, top 0.1% - 11, top 0.5% - 7, top 2% - 5, top 10% - 3, top 50% - 1
Reduced cost fixing for graph G_1... 827 buck. arcs remain (2.97% from prev., 1.47% from max.) + 1841 jump buck. arcs (3.26% from max.)
 TT = 0.009119, pt = 0.002608, dt = 0.002869, ct = 0.003445, ndl = 2', bdl = 17', odl = 1', odf = 10', lpcb = 28', cnt = 4', bdch = 80', odch = 14', lcp = 5'
Labels distribution in buckets (bucket size) : largest - 11, top 0.1% - 11, top 0.5% - 7, top 2% - 6, top 10% - 3, top 50% - 1
Run forward enumeration with border = 25... succeeded! lpt = 0.00093, ndl = 0', dl = 0', lpcb = 0', dch = 0'
Run enumeration concatenation with time limit 0.3 sec.... succeeded!
Sorting and storing enumerated solutions ... done!
 TT = 0.001775, pt = 0, dt = 0.00093, ct = 0.000109, ndl = 0', bdl = 0', lpcb = 0', cnt = 0', bdch = 0', odch = 0', lcp = 0'
Enumeration succeeded!, number of elem. solutions is 61
Estimating inspection time...     TT = 5.7e-05, performed by inspection with 61 solutions, nbR1C = 43, nbDiscC = 0
Inspection time is low enough. Pricing will be done by inspection.
Labels distribution in buckets (bucket size) : largest - 32, top 0.1% - 32, top 0.5% - 28, top 2% - 20, top 10% - 11, top 50% - 2
Reduced cost fixing for graph G_2... 189 buck. arcs remain (0.517% from prev., 0.308% from max.) + 755 jump buck. arcs (1.23% from max.)
 TT = 0.017224, pt = 0.006401, dt = 0.006393, ct = 0.004152, ndl = 5', bdl = 58', odl = 2', odf = 24', lpcb = 109', cnt = 6', bdch = 603', odch = 75', lcp = 34'
Labels distribution in buckets (bucket size) : largest - 39, top 0.1% - 39, top 0.5% - 36, top 2% - 24, top 10% - 12, top 50% - 2
Run forward enumeration with border = 50... succeeded! lpt = 0.000725, ndl = 0', dl = 0', lpcb = 0', dch = 0'
Run enumeration concatenation with time limit 0.37401 sec.... succeeded!
Sorting and storing enumerated solutions ... done!
 TT = 0.0015, pt = 0, dt = 0.000725, ct = 6.3e-05, ndl = 0', bdl = 0', lpcb = 0', cnt = 0', bdch = 0', odch = 0', lcp = 0'
Enumeration succeeded!, number of elem. solutions is 12
Estimating inspection time...     TT = 3.8e-05, performed by inspection with 12 solutions, nbR1C = 43, nbDiscC = 0
Inspection time is low enough. Pricing will be done by inspection.
Labels distribution in buckets (bucket size) : largest - 73, top 0.1% - 73, top 0.5% - 61, top 2% - 42, top 10% - 24, top 50% - 3
Reduced cost fixing for graph G_3... 284 buck. arcs remain (0.875% from prev., 0.468% from max.) + 1187 jump buck. arcs (1.96% from max.)
 TT = 0.018231, pt = 0.007777, dt = 0.005588, ct = 0.004494, ndl = 7', bdl = 79', odl = 1', odf = 20', lpcb = 83', cnt = 35', bdch = 885', odch = 101', lcp = 43'
Labels distribution in buckets (bucket size) : largest - 74, top 0.1% - 74, top 0.5% - 64, top 2% - 46, top 10% - 27, top 50% - 4
Run forward enumeration with border = 80... succeeded! lpt = 0.000753, ndl = 0', dl = 0', lpcb = 0', dch = 0'
Run enumeration concatenation with time limit 0.66732 sec.... succeeded!
Sorting and storing enumerated solutions ... done!
 TT = 0.001535, pt = 0, dt = 0.000753, ct = 5.8e-05, ndl = 0', bdl = 0', lpcb = 0', cnt = 0', bdch = 0', odch = 0', lcp = 0'
Enumeration succeeded!, number of elem. solutions is 6
Estimating inspection time...     TT = 3.9e-05, performed by inspection with 6 solutions, nbR1C = 43, nbDiscC = 0
Inspection time is low enough. Pricing will be done by inspection.
Added 138 columns in the formulation 
Added 24 columns in the formulation 
Added 16 columns in the formulation 
Removed 2816 columns (not in the enumerated set) from the formulation
Regenerated 178 columns with the 'enumerated' flag
Added 0 columns in the formulation 
Added 0 columns in the formulation 
Added 0 columns in the formulation 
ColGenEvalAlg final dual bound: 999.795 (rounded: 999.795)
Current active cuts : R1C(1+42,84.882) 1rowPackR1C(1) 3rowPackR1C(19) 4rowPackR1C(17) 5rowPackR1C(6)
----- Terminating the node by MIP -----
Version identifier: 20.1.0.0 | 2020-11-10 | 9bedb6d68
CPXPARAM_Advance                                 0
CPXPARAM_Threads                                 1
CPXPARAM_MIP_Limits_Nodes                        2000000
CPXPARAM_Simplex_Tolerances_Optimality           9.9999999999999995e-08
CPXPARAM_Simplex_Tolerances_Feasibility          9.9999999999999995e-08
CPXPARAM_TimeLimit                               1754.6997999999999
CPXPARAM_MIP_Tolerances_UpperCutoff              999.82355002081169
CPXPARAM_MIP_Tolerances_MIPGap                   1.0000000000000001e-09
Tried aggregator 2 times.
MIP Presolve eliminated 38 rows and 137 columns.
MIP Presolve modified 346 coefficients.
Aggregator did 5 substitutions.
Reduced MIP has 45 rows, 36 columns, and 192 nonzeros.
Reduced MIP has 36 binaries, 0 generals, 0 SOSs, and 0 indicators.
Presolve time = 0.00 sec. (1.24 ticks)

Root node processing (before b&c):
  Real time             =    0.00 sec. (1.34 ticks)
Sequential b&c:
  Real time             =    0.00 sec. (0.00 ticks)
                          ------------
Total (root+branch&cut) =    0.00 sec. (1.34 ticks)
Solution status = Infeasible
 SB phase 3 candidate 1 is conquered !
SB with phases chosed candidate EDGE[16,46] (lhs=0.562178)
New model incumbent solution 999.824, TIME = 0h0m9s50t = 950
************************************************************************************************
Search is finished, global bounds : [ 999.824 , 999.824 ], TIME = 0h0m9s50t = 950
************************************************************************************************
instance_name solver_name ext_heuristic solution_value solution_time best_lb root_lb root_time nb_branch_and_bound_nodes status
/home/logis/Downloads/VRPSolverEasy/VRPSolverEasy/demos/data/HFVRP/c50_15fsmd CPLEX False 999.8235500208117 9.506753549999999 999.8235500208117 999.1990878021961 7.2868404369999995 3 0

