Node memory for rank-1 cuts will be used (10.2775)
~~~~~~~~~~~~~~~~~~~~~~~~~~~~~~~~~~~~~~~~~~~~~~~~~~~~~~~~~~~~~~~~~~~~~~~~~~~~~~~~~~~~~
VRPSolver v0.5.27, 24/02/2023, © Inria Bordeaux, France, vrpsolver.math.u-bordeaux.fr
      Corresponds to the solver by Pessoa, Sadykov, Uchoa and Vanderbeck (2020)
                 Paper: dx.doi.org/10.1007/s10107-020-01523-z
~~~~~~~~~~~~~~~~~~~~~~~~~~~~~~~~~~~~~~~~~~~~~~~~~~~~~~~~~~~~~~~~~~~~~~~~~~~~~~~~~~~~~
   BaPCod v0.77, 15/03/2023, © Inria Bordeaux, France, bapcod.math.u-bordeaux.fr 
           THIS CODE IS PROVIDED AS IS, USE IT AT YOUR OWN RISK
~~~~~~~~~~~~~~~~~~~~~~~~~~~~~~~~~~~~~~~~~~~~~~~~~~~~~~~~~~~~~~~~~~~~~~~~~~~~~~~~~~~~~
Bucket steps were recalculated for graph G_1 : [1]
RCSP solver info : symmetric case is detected for graph G_1! 
Bidirectional border value is initialised to 10
RCSP solver info : number of forw. reachable buckets / buck. strongly connected components is 398( 36.4469% ) / 398( 100% )
Bucket steps were recalculated for graph G_2 : [1.5]
RCSP solver info : symmetric case is detected for graph G_2! 
Bidirectional border value is initialised to 15
RCSP solver info : number of forw. reachable buckets / buck. strongly connected components is 710( 65.0183% ) / 710( 100% )
Bucket steps were recalculated for graph G_3 : [2]
RCSP solver info : symmetric case is detected for graph G_3! 
Bidirectional border value is initialised to 20
RCSP solver info : number of forw. reachable buckets / buck. strongly connected components is 821( 75.1832% ) / 821( 100% )
Bucket steps were recalculated for graph G_4 : [3]
RCSP solver info : symmetric case is detected for graph G_4! 
Bidirectional border value is initialised to 35
RCSP solver info : number of forw. reachable buckets / buck. strongly connected components is 1083( 86.7788% ) / 1083( 100% )
Bucket steps were recalculated for graph G_5 : [5]
RCSP solver info : symmetric case is detected for graph G_5! 
Bidirectional border value is initialised to 60
RCSP solver info : number of forw. reachable buckets / buck. strongly connected components is 1203( 92.5385% ) / 1203( 100% )
Bucket steps were recalculated for graph G_6 : [8]
RCSP solver info : symmetric case is detected for graph G_6! 
Bidirectional border value is initialised to 100
RCSP solver info : number of forw. reachable buckets / buck. strongly connected components is 1291( 95.4882% ) / 1216( 94.1905% )
Generating neighbourhoods for rank-1 cuts separation
Building structures for 4- and 5-row rank-1 packing cut separation...done!
Model is built TIME = 0h0m0s8t = 8
************************************************************************************************
**** BaB tree root node
**** Local DB = -1e+12, global bounds : [ -1e+12 , 2530.64 ], TIME = 0h0m0s8t = 8
**** 1 open nodes, 0 columns (0 active), 0 dyn. constrs. (0 active), 112 art. vars. (112 active)
************************************************************************************************
#<DWph=2> <it=  1> <et=0.09> <Mt= 0.00> <Spt= 0.01> <nCl=180> <al=0.00> <DB=-20499469.3958> <Mlp=303676.4400> <PB=2530.637> 
#<DWph=2> <it=  2> <et=0.10> <Mt= 0.00> <Spt= 0.01> <nCl=155> <al=0.55> <DB=-10295827.0623> <Mlp=165124.7868> <PB=2530.637> 
#<DWph=2> <it=  3> <et=0.11> <Mt= 0.00> <Spt= 0.01> <nCl=165> <al=0.45> <DB=-9513235.2860> <Mlp=117013.9614> <PB=2530.637> 
#<DWph=2> <it=  4> <et=0.13> <Mt= 0.00> <Spt= 0.01> <nCl=153> <al=0.51> <DB=-5853350.4558> <Mlp=69000.6262> <PB=2530.637> 
#<DWph=2> <it=  5> <et=0.14> <Mt= 0.00> <Spt= 0.01> <nCl=107> <al=0.41> <DB=-3832975.9617> <Mlp=14880.7638> <PB=2530.637> 
<DWph=2> <it=  6> <et=0.15> <Mt= 0.00> <Spt= 0.01> <nCl= 17> <al=0.31> <DB=-1161419.7137> <Mlp= 2796.4882> <PB=2530.637> 
<DWph=2> <it=  7> <et=0.16> <Mt= 0.00> <Spt= 0.01> <nCl= 48> <al=0.21> <DB=-229955.7414> <Mlp= 2782.7261> <PB=2530.637> 
<DWph=2> <it=  8> <et=0.17> <Mt= 0.00> <Spt= 0.01> <nCl=117> <al=0.11> <DB=-24782.2972> <Mlp= 2782.7261> <PB=2530.637> 
<DWph=2> <it=  9> <et=0.18> <Mt= 0.00> <Spt= 0.01> <nCl=135> <al=0.01> <DB=-10480.8863> <Mlp= 2625.2953> <PB=2530.637> 
<DWph=2> <it= 10> <et=0.19> <Mt= 0.00> <Spt= 0.01> <nCl=112> <al=0.10> <DB=-4341.6825> <Mlp= 2527.4525> <PB=2530.637> 
<DWph=2> <it= 11> <et=0.20> <Mt= 0.00> <Spt= 0.01> <nCl= 98> <al=0.19> <DB=-3359.9376> <Mlp= 2483.4813> <PB=2530.637> 
<DWph=2> <it= 12> <et=0.22> <Mt= 0.00> <Spt= 0.01> <nCl= 84> <al=0.27> <DB=-1621.1331> <Mlp= 2470.0406> <PB=2530.637> 
<DWph=2> <it= 13> <et=0.23> <Mt= 0.01> <Spt= 0.01> <nCl= 83> <al=0.35> <DB=   40.6764> <Mlp= 2453.5624> <PB=2530.637> 
<DWph=2> <it= 14> <et=0.24> <Mt= 0.00> <Spt= 0.01> <nCl= 73> <al=0.25> <DB= 1226.6829> <Mlp= 2442.4425> <PB=2530.637> 
<DWph=2> <it= 15> <et=0.25> <Mt= 0.00> <Spt= 0.01> <nCl= 70> <al=0.15> <DB= 1245.1165> <Mlp= 2434.3497> <PB=2530.637> 
<DWph=2> <it= 16> <et=0.26> <Mt= 0.00> <Spt= 0.01> <nCl= 59> <al=0.23> <DB= 1544.8805> <Mlp= 2429.3765> <PB=2530.637> 
<DWph=2> <it= 17> <et=0.28> <Mt= 0.00> <Spt= 0.01> <nCl= 52> <al=0.31> <DB= 1796.7656> <Mlp= 2427.3694> <PB=2530.637> 
<DWph=2> <it= 18> <et=0.29> <Mt= 0.00> <Spt= 0.01> <nCl= 50> <al=0.38> <DB= 1795.7705> <Mlp= 2425.4271> <PB=2530.637> 
<DWph=2> <it= 19> <et=0.30> <Mt= 0.00> <Spt= 0.02> <nCl= 40> <al=0.44> <DB= 1971.9394> <Mlp= 2424.0132> <PB=2530.637> 
<DWph=2> <it= 20> <et=0.31> <Mt= 0.00> <Spt= 0.01> <nCl= 39> <al=0.34> <DB= 2132.3592> <Mlp= 2423.4153> <PB=2530.637> 
<DWph=2> <it= 21> <et=0.32> <Mt= 0.01> <Spt= 0.01> <nCl= 28> <al=0.24> <DB= 1906.9150> <Mlp= 2422.4396> <PB=2530.637> 
<DWph=2> <it= 22> <et=0.33> <Mt= 0.00> <Spt= 0.01> <nCl= 23> <al=0.32> <DB= 1522.5142> <Mlp= 2421.8909> <PB=2530.637> 
<DWph=2> <it= 23> <et=0.35> <Mt= 0.00> <Spt= 0.01> <nCl= 29> <al=0.38> <DB= 2002.4087> <Mlp= 2419.7453> <PB=2530.637> 
<DWph=2> <it= 24> <et=0.36> <Mt= 0.00> <Spt= 0.01> <nCl= 14> <al=0.45> <DB= 2198.8121> <Mlp= 2418.8369> <PB=2530.637> 
<DWph=2> <it= 25> <et=0.37> <Mt= 0.00> <Spt= 0.01> <nCl= 30> <al=0.50> <DB= 2147.2720> <Mlp= 2418.6521> <PB=2530.637> 
<DWph=2> <it= 26> <et=0.39> <Mt= 0.00> <Spt= 0.02> <nCl= 41> <al=0.10> <DB= 2239.8006> <Mlp= 2417.5277> <PB=2530.637> 
<DWph=2> <it= 27> <et=0.40> <Mt= 0.00> <Spt= 0.01> <nCl=  6> <al=0.45> <DB= 2194.0402> <Mlp= 2417.4246> <PB=2530.637> 
<DWph=2> <it= 28> <et=0.41> <Mt= 0.00> <Spt= 0.01> <nCl= 12> <al=0.51> <DB= 2344.1946> <Mlp= 2417.3054> <PB=2530.637> 
<DWph=2> <it= 29> <et=0.43> <Mt= 0.00> <Spt= 0.01> <nCl= 22> <al=0.41> <DB= 2118.0237> <Mlp= 2417.3032> <PB=2530.637> 
<DWph=2> <it= 30> <et=0.44> <Mt= 0.01> <Spt= 0.01> <nCl= 21> <al=0.31> <DB= 2238.8952> <Mlp= 2416.5867> <PB=2530.637> 
<DWph=2> <it= 31> <et=0.46> <Mt= 0.00> <Spt= 0.02> <nCl= 29> <al=0.00> <DB= 2394.3503> <Mlp= 2416.2449> <PB=2530.637> 
<DWph=2> <it= 32> <et=0.47> <Mt= 0.00> <Spt= 0.01> <nCl=  5> <al=0.28> <DB= 2386.2546> <Mlp= 2416.2393> <PB=2530.637> 
<DWph=2> <it= 33> <et=0.49> <Mt= 0.00> <Spt= 0.02> <nCl=  6> <al=0.00> <DB= 2416.2157> <Mlp= 2416.2157> <PB=2530.637> 
<DWph=1> <it= 34> <et=0.52> <Mt= 0.00> <Spt= 0.03> <nCl= 60> <al=0.25> <DB= 1558.0941> <Mlp= 2416.2157> <PB=2530.637> 
<DWph=1> <it= 35> <et=0.55> <Mt= 0.00> <Spt= 0.02> <nCl= 61> <al=0.15> <DB= 1604.5798> <Mlp= 2410.6585> <PB=2530.637> 
<DWph=1> <it= 36> <et=0.57> <Mt= 0.00> <Spt= 0.03> <nCl= 50> <al=0.23> <DB= 1722.9296> <Mlp= 2408.8386> <PB=2530.637> 
<DWph=1> <it= 37> <et=0.60> <Mt= 0.01> <Spt= 0.02> <nCl= 45> <al=0.31> <DB= 1925.2454> <Mlp= 2406.6070> <PB=2530.637> 
<DWph=1> <it= 38> <et=0.63> <Mt= 0.00> <Spt= 0.03> <nCl= 30> <al=0.38> <DB= 1978.1646> <Mlp= 2404.0122> <PB=2530.637> 
<DWph=1> <it= 39> <et=0.66> <Mt= 0.00> <Spt= 0.02> <nCl= 18> <al=0.44> <DB= 2227.4242> <Mlp= 2401.6096> <PB=2530.637> 
<DWph=1> <it= 40> <et=0.68> <Mt= 0.00> <Spt= 0.03> <nCl= 15> <al=0.34> <DB= 2227.6019> <Mlp= 2401.2859> <PB=2530.637> 
<DWph=1> <it= 41> <et=0.71> <Mt= 0.00> <Spt= 0.02> <nCl=  7> <al=0.41> <DB= 2330.3181> <Mlp= 2400.8130> <PB=2530.637> 
<DWph=1> <it= 42> <et=0.74> <Mt= 0.00> <Spt= 0.03> <nCl=  3> <al=0.31> <DB= 2352.8427> <Mlp= 2400.7976> <PB=2530.637> 
<DWph=1> <it= 43> <et=0.76> <Mt= 0.00> <Spt= 0.02> <nCl=  9> <al=0.38> <DB= 2376.2514> <Mlp= 2400.7237> <PB=2530.637> 
<DWph=1> <it= 44> <et=0.81> <Mt= 0.01> <Spt= 0.05> <nCl=  4> <al=0.00> <DB= 2400.6554> <Mlp= 2400.6554> <PB=2530.637> 
    RCSP exact solver info for graph G_1 : TT = 0.000224, pt = 1.5e-05, dt = 7e-05, ct = 1.8e-05, ndl = 0', bdl = 0', odl = 0', odf = 0', bsi = 0', cnt = 0', bdch = 0', odch = 0', lcp = 0', #sols = 95
    RCSP exact solver info for graph G_2 : TT = 0.00046, pt = 1.8e-05, dt = 0.000208, ct = 8.7e-05, ndl = 0', bdl = 0', odl = 0', odf = 0', bsi = 0', cnt = 0', bdch = 0', odch = 0', lcp = 0', #sols = 150
    RCSP exact solver info for graph G_3 : TT = 0.000786, pt = 1.8e-05, dt = 0.000461, ct = 0.000164, ndl = 0', bdl = 0', odl = 0', odf = 0', bsi = 0', cnt = 0', bdch = 0', odch = 0', lcp = 0', #sols = 150
    RCSP exact solver info for graph G_4 : TT = 0.003161, pt = 2.4e-05, dt = 0.00231, ct = 0.00063, ndl = 0', bdl = 4', odl = 0', odf = 2', bsi = 1', cnt = 2', bdch = 14', odch = 1', lcp = 0', #sols = 150
    RCSP exact solver info for graph G_5 : TT = 0.014135, pt = 2.7e-05, dt = 0.011703, ct = 0.002092, ndl = 4', bdl = 66', odl = 0', odf = 8', bsi = 2', cnt = 13', bdch = 660', odch = 9', lcp = 37', #sols = 150
    RCSP exact solver info for graph G_6 : TT = 0.066538, pt = 3.6e-05, dt = 0.061394, ct = 0.004639, ndl = 16', bdl = 471', odl = 1', odf = 25', bsi = 4', cnt = 78', bdch = 11257', odch = 41', lcp = 459', #sols = 150
<DWph=0> <it= 45> <et=0.91> <Mt= 0.00> <Spt= 0.10> <nCl=491> <al=0.18> <DB= 2194.8785> <Mlp= 2400.6554> <PB=2530.637> 
    RCSP exact solver info for graph G_1 : TT = 0.000235, pt = 2.8e-05, dt = 6.1e-05, ct = 1.6e-05, ndl = 0', bdl = 0', odl = 0', odf = 0', bsi = 0', cnt = 0', bdch = 0', odch = 0', lcp = 0', #sols = 95
    RCSP exact solver info for graph G_2 : TT = 0.000475, pt = 3.5e-05, dt = 0.000197, ct = 8.4e-05, ndl = 0', bdl = 0', odl = 0', odf = 0', bsi = 0', cnt = 0', bdch = 0', odch = 0', lcp = 0', #sols = 150
    RCSP exact solver info for graph G_3 : TT = 0.000787, pt = 3.6e-05, dt = 0.000389, ct = 0.000199, ndl = 0', bdl = 0', odl = 0', odf = 0', bsi = 0', cnt = 0', bdch = 0', odch = 0', lcp = 0', #sols = 150
    RCSP exact solver info for graph G_4 : TT = 0.002333, pt = 4.4e-05, dt = 0.001428, ct = 0.00065, ndl = 0', bdl = 4', odl = 0', odf = 2', bsi = 1', cnt = 2', bdch = 14', odch = 1', lcp = 1', #sols = 150
    RCSP exact solver info for graph G_5 : TT = 0.010341, pt = 4.7e-05, dt = 0.007889, ct = 0.002127, ndl = 4', bdl = 65', odl = 0', odf = 8', bsi = 2', cnt = 12', bdch = 658', odch = 9', lcp = 37', #sols = 150
    RCSP exact solver info for graph G_6 : TT = 0.061374, pt = 4.7e-05, dt = 0.056239, ct = 0.004709, ndl = 17', bdl = 478', odl = 1', odf = 25', bsi = 4', cnt = 83', bdch = 11736', odch = 42', lcp = 474', #sols = 150
<DWph=0> <it= 46> <et=0.99> <Mt= 0.00> <Spt= 0.08> <nCl=114> <al=0.08> <DB= 2329.6934> <Mlp= 2400.1756> <PB=2530.637> 
    RCSP exact solver info for graph G_1 : TT = 0.000232, pt = 2.7e-05, dt = 6.2e-05, ct = 1.8e-05, ndl = 0', bdl = 0', odl = 0', odf = 0', bsi = 0', cnt = 0', bdch = 0', odch = 0', lcp = 0', #sols = 95
    RCSP exact solver info for graph G_2 : TT = 0.000477, pt = 3.6e-05, dt = 0.000196, ct = 8.6e-05, ndl = 0', bdl = 0', odl = 0', odf = 0', bsi = 0', cnt = 0', bdch = 0', odch = 0', lcp = 0', #sols = 150
    RCSP exact solver info for graph G_3 : TT = 0.000757, pt = 3.6e-05, dt = 0.000387, ct = 0.000165, ndl = 0', bdl = 0', odl = 0', odf = 0', bsi = 0', cnt = 0', bdch = 0', odch = 0', lcp = 0', #sols = 150
    RCSP exact solver info for graph G_4 : TT = 0.002334, pt = 4.4e-05, dt = 0.001436, ct = 0.000653, ndl = 0', bdl = 4', odl = 0', odf = 2', bsi = 1', cnt = 2', bdch = 14', odch = 1', lcp = 0', #sols = 150
    RCSP exact solver info for graph G_5 : TT = 0.010424, pt = 4.7e-05, dt = 0.007989, ct = 0.002115, ndl = 4', bdl = 65', odl = 0', odf = 8', bsi = 2', cnt = 12', bdch = 659', odch = 9', lcp = 36', #sols = 150
    RCSP exact solver info for graph G_6 : TT = 0.060103, pt = 4.7e-05, dt = 0.054986, ct = 0.0047, ndl = 17', bdl = 473', odl = 1', odf = 25', bsi = 4', cnt = 77', bdch = 11434', odch = 42', lcp = 467', #sols = 150
<DWph=0> <it= 47> <et=1.08> <Mt= 0.00> <Spt= 0.08> <nCl= 53> <al=0.00> <DB= 2384.9876> <Mlp= 2400.1310> <PB=2530.637> 
    RCSP exact solver info for graph G_1 : TT = 0.000233, pt = 2.7e-05, dt = 6.2e-05, ct = 1.8e-05, ndl = 0', bdl = 0', odl = 0', odf = 0', bsi = 0', cnt = 0', bdch = 0', odch = 0', lcp = 0', #sols = 95
    RCSP exact solver info for graph G_2 : TT = 0.000482, pt = 3.6e-05, dt = 0.000199, ct = 8.7e-05, ndl = 0', bdl = 0', odl = 0', odf = 0', bsi = 0', cnt = 0', bdch = 0', odch = 0', lcp = 0', #sols = 150
    RCSP exact solver info for graph G_3 : TT = 0.000756, pt = 3.5e-05, dt = 0.000397, ct = 0.000163, ndl = 0', bdl = 0', odl = 0', odf = 0', bsi = 0', cnt = 0', bdch = 0', odch = 0', lcp = 0', #sols = 150
    RCSP exact solver info for graph G_4 : TT = 0.002332, pt = 4.5e-05, dt = 0.001432, ct = 0.00065, ndl = 0', bdl = 4', odl = 0', odf = 2', bsi = 1', cnt = 2', bdch = 14', odch = 1', lcp = 0', #sols = 150
    RCSP exact solver info for graph G_5 : TT = 0.010336, pt = 4.5e-05, dt = 0.007868, ct = 0.002143, ndl = 4', bdl = 65', odl = 0', odf = 8', bsi = 2', cnt = 12', bdch = 659', odch = 9', lcp = 36', #sols = 150
    RCSP exact solver info for graph G_6 : TT = 0.060006, pt = 4.7e-05, dt = 0.054885, ct = 0.004708, ndl = 17', bdl = 474', odl = 1', odf = 25', bsi = 4', cnt = 78', bdch = 11491', odch = 42', lcp = 469', #sols = 150
    RCSP exact solver info for graph G_1 : TT = 0.000229, pt = 2.5e-05, dt = 5.9e-05, ct = 1.7e-05, ndl = 0', bdl = 0', odl = 0', odf = 0', bsi = 0', cnt = 0', bdch = 0', odch = 0', lcp = 0', #sols = 95
    RCSP exact solver info for graph G_2 : TT = 0.000478, pt = 3.6e-05, dt = 0.000198, ct = 8.8e-05, ndl = 0', bdl = 0', odl = 0', odf = 0', bsi = 0', cnt = 0', bdch = 0', odch = 0', lcp = 0', #sols = 150
    RCSP exact solver info for graph G_3 : TT = 0.000789, pt = 3.5e-05, dt = 0.000393, ct = 0.000185, ndl = 0', bdl = 0', odl = 0', odf = 0', bsi = 0', cnt = 0', bdch = 0', odch = 0', lcp = 0', #sols = 150
    RCSP exact solver info for graph G_4 : TT = 0.002323, pt = 4.2e-05, dt = 0.001431, ct = 0.00065, ndl = 0', bdl = 4', odl = 0', odf = 2', bsi = 1', cnt = 2', bdch = 14', odch = 1', lcp = 0', #sols = 150
    RCSP exact solver info for graph G_5 : TT = 0.010365, pt = 4.5e-05, dt = 0.007931, ct = 0.002121, ndl = 4', bdl = 65', odl = 0', odf = 8', bsi = 2', cnt = 12', bdch = 659', odch = 9', lcp = 36', #sols = 150
    RCSP exact solver info for graph G_6 : TT = 0.060009, pt = 4.6e-05, dt = 0.05493, ct = 0.004664, ndl = 17', bdl = 474', odl = 1', odf = 25', bsi = 4', cnt = 78', bdch = 11497', odch = 42', lcp = 469', #sols = 150
<DWph=0> <it= 48> <et=1.24> <Mt= 0.00> <Spt= 0.16> <nCl=  3> <al=0.00> <DB= 2400.1285> <Mlp= 2400.1285> <PB=2530.637> 
Dynamic params and stats :  aver.obdmd = 6.67308 aver.buck.num. = 21
@@ 1 0 2400.13 8.02e-05 8.8e-05 4.50653 1.24
Dynamic params and stats :  aver.obdmd = 10 aver.buck.num. = 21
@@ 1 0 2400.13 0.000286 0.000295 19.1838 1.24
Dynamic params and stats :  aver.obdmd = 12.75 aver.buck.num. = 21
@@ 1 0 2400.13 0.0005806 0.000625 38.5212 1.24
Dynamic params and stats :  aver.obdmd = 19.8462 aver.buck.num. = 24
@@ 1 0 2400.13 0.002254 0.00294 69.2748 1.24
Dynamic params and stats :  aver.obdmd = 22.1538 aver.buck.num. = 25
@@ 1 0 2400.13 0.0107956 0.013795 81.7402 1.24
Dynamic params and stats :  aver.obdmd = 23.8462 aver.buck.num. = 26
@@ 1 0 2400.13 0.0611708 0.066033 88.6561 1.24
Labels distribution in buckets (bucket size) : largest - 1, top 0.1% - 1, top 0.5% - 1, top 2% - 1, top 10% - 1, top 50% - 0
Reduced cost fixing for graph G_1... 261 buck. arcs remain (30.2% from prev., 1.36% from max.) + 0 jump buck. arcs (0% from max.)
 TT = 0.000304, pt = 3.5e-05, dt = 3.9e-05, ct = 0.000124, ndl = 0', bdl = 0', odl = 0', odf = 0', lpcb = 0', cnt = 0', bdch = 0', odch = 0', lcp = 0'
Labels distribution in buckets (bucket size) : largest - 1, top 0.1% - 1, top 0.5% - 1, top 2% - 1, top 10% - 1, top 50% - 1
Run forward enumeration with border = 10... succeeded! lpt = 0.001989, ndl = 0', dl = 0', lpcb = 0', dch = 0'
Run enumeration concatenation with time limit 0.3 sec.... succeeded!
Sorting and storing enumerated solutions ... done!
 TT = 0.004684, pt = 0.001951, dt = 0.001989, ct = 3.6e-05, ndl = 0', bdl = 0', cnt = 0', bdch = 0', odch = 0', lcp = 0'
Enumeration succeeded!, number of elem. solutions is 63
Estimating inspection time...     TT = 0.000113, performed by inspection with 63 solutions, nbR1C = 0, nbDiscC = 0
Inspection time is low enough. Pricing will be done by inspection.
Labels distribution in buckets (bucket size) : largest - 2, top 0.1% - 2, top 0.5% - 2, top 2% - 1, top 10% - 1, top 50% - 0
Reduced cost fixing for graph G_2... 2269 buck. arcs remain (34.2% from prev., 6.57% from max.) + 0 jump buck. arcs (0% from max.)
 TT = 0.001377, pt = 0.000159, dt = 0.000165, ct = 0.000933, ndl = 0', bdl = 1', odl = 0', odf = 2', lpcb = 0', cnt = 1', bdch = 2', odch = 0', lcp = 0'
Labels distribution in buckets (bucket size) : largest - 2, top 0.1% - 2, top 0.5% - 2, top 2% - 1, top 10% - 1, top 50% - 0
Run forward enumeration with border = 15... succeeded! lpt = 0.002314, ndl = 0', dl = 0', lpcb = 0', dch = 6'
Run enumeration concatenation with time limit 0.3 sec.... succeeded!
Sorting and storing enumerated solutions ... done!
 TT = 0.005148, pt = 0.001988, dt = 0.002314, ct = 0.000204, ndl = 0', bdl = 0', lpcb = 0', cnt = 1', bdch = 6', odch = 0', lcp = 0'
Enumeration succeeded!, number of elem. solutions is 433
Estimating inspection time...     TT = 8.7e-05, performed by inspection with 433 solutions, nbR1C = 0, nbDiscC = 0
Inspection time is low enough. Pricing will be done by inspection.
Labels distribution in buckets (bucket size) : largest - 4, top 0.1% - 4, top 0.5% - 3, top 2% - 2, top 10% - 1, top 50% - 0
Reduced cost fixing for graph G_3... 7553 buck. arcs remain (48.9% from prev., 18.8% from max.) + 0 jump buck. arcs (0% from max.)
 TT = 0.003972, pt = 0.000406, dt = 0.000465, ct = 0.00298, ndl = 0', bdl = 5', odl = 0', odf = 3', lpcb = 3', cnt = 5', bdch = 13', odch = 2', lcp = 0'
Labels distribution in buckets (bucket size) : largest - 4, top 0.1% - 4, top 0.5% - 4, top 2% - 3, top 10% - 1, top 50% - 0
Run forward enumeration with border = 20... succeeded! lpt = 0.004321, ndl = 0', dl = 2', lpcb = 1', dch = 91'
Run enumeration concatenation with time limit 0.3 sec.... succeeded!
Sorting and storing enumerated solutions ... done!
 TT = 0.008665, pt = 0.000492, dt = 0.004321, ct = 0.001634, ndl = 0', bdl = 2', lpcb = 1', cnt = 9', bdch = 91', odch = 0', lcp = 0'
Enumeration succeeded!, number of elem. solutions is 2423
Estimating inspection time...     TT = 0.000211, performed by inspection with 2423 solutions, nbR1C = 0, nbDiscC = 0
Inspection time is low enough. Pricing will be done by inspection.
Labels distribution in buckets (bucket size) : largest - 11, top 0.1% - 11, top 0.5% - 8, top 2% - 7, top 10% - 4, top 50% - 1
Reduced cost fixing for graph G_4... 29679 buck. arcs remain (80.9% from prev., 56.1% from max.) + 44 jump buck. arcs (0.0831% from max.)
 TT = 0.021172, pt = 0.002063, dt = 0.006055, ct = 0.012901, ndl = 5', bdl = 70', odl = 1', odf = 9', lpcb = 55', cnt = 89', bdch = 569', odch = 15', lcp = 27'
Labels distribution in buckets (bucket size) : largest - 11, top 0.1% - 11, top 0.5% - 9, top 2% - 7, top 10% - 4, top 50% - 1
Run forward enumeration with border = 35... succeeded! lpt = 0.186169, ndl = 9', dl = 193', lpcb = 37', dch = 9935'
Run enumeration concatenation with time limit 0.3 sec.... time limit reached, not succeeded.
Sorting and storing enumerated solutions ...  TT = 0.577047, pt = 0.000601, dt = 0.186169, ct = 0.301661, ndl = 9', bdl = 193', lpcb = 37', cnt = 666', bdch = 9935', odch = 0', lcp = 0'
Labels distribution in buckets (bucket size) : largest - 52, top 0.1% - 52, top 0.5% - 38, top 2% - 31, top 10% - 19, top 50% - 5
Reduced cost fixing for graph G_5... 44128 buck. arcs remain (91.7% from prev., 74.9% from max.) + 440 jump buck. arcs (0.747% from max.)
 TT = 0.098547, pt = 0.009354, dt = 0.057307, ct = 0.031675, ndl = 21', bdl = 579', odl = 1', odf = 29', lpcb = 165', cnt = 1178', bdch = 11742', odch = 77', lcp = 415'
Labels distribution in buckets (bucket size) : largest - 52, top 0.1% - 52, top 0.5% - 49, top 2% - 36, top 10% - 22, top 50% - 6
Run forward enumeration with border = 60... not succeeded (ratio 0.977775) lpt = 0.003107, ndl = 8', dl = 0', lpcb = 0', dch = 9'
 TT = 0.004525, pt = 0.000631, dt = 0.003107, ct = 0, ndl = 8', bdl = 0', lpcb = 0', cnt = 54', bdch = 9', odch = 0', lcp = 0'
Labels distribution in buckets (bucket size) : largest - 153, top 0.1% - 153, top 0.5% - 136, top 2% - 106, top 10% - 60, top 50% - 22
Reduced cost fixing for graph G_6... 53543 buck. arcs remain (95.5% from prev., 84.7% from max.) + 768 jump buck. arcs (1.21% from max.)
 TT = 0.277252, pt = 0.02798, dt = 0.187883, ct = 0.061108, ndl = 51', bdl = 1563', odl = 1', odf = 48', lpcb = 174', cnt = 10042', bdch = 46772', odch = 106', lcp = 1694'
Labels distribution in buckets (bucket size) : largest - 173, top 0.1% - 173, top 0.5% - 153, top 2% - 122, top 10% - 64, top 50% - 23
Run forward enumeration with border = 100... not succeeded (ratio 0.97893) lpt = 0.003131, ndl = 8', dl = 0', lpcb = 0', dch = 4'
 TT = 0.004809, pt = 0.000628, dt = 0.003131, ct = 0, ndl = 8', bdl = 0', lpcb = 0', cnt = 126', bdch = 4', odch = 0', lcp = 0'
Added 95 columns in the formulation 
Added 223 columns in the formulation 
Added 302 columns in the formulation 
Removed 32 columns (not in the enumerated set) from the formulation
Regenerated 620 columns with the 'enumerated' flag
<DWph=2> <it= 49> <et=2.29> <Mt= 0.02> <Spt= 0.02> <nCl= 25> <al=0.00> <DB= 2400.1285> <Mlp= 2400.1285> <PB=2530.637> 
<DWph=1> <it= 50> <et=2.34> <Mt= 0.00> <Spt= 0.05> <nCl=  4> <al=0.00> <DB= 2400.1285> <Mlp= 2400.1285> <PB=2530.637> 
<DWph=0> <it= 51> <et=2.34> <Mt= 0.00> <Spt= 0.00> <nCl=  0> <al=0.30> <DB= 2400.1285> <Mlp= 2400.1285> <PB=2530.637> 
@@ 1 0 2400.13 0 0 0 2.34
@@ 1 0 2400.13 0 0 0 2.34
@@ 1 0 2400.13 0 0 0 2.34
@@ 1 0 2400.13 0 0 56.051 2.34
@@ 1 0 2400.13 0 0 74.9202 2.34
@@ 1 0 2400.13 0 0 84.653 2.34
Bucket graph for G_6 is regenerated as bucket steps were adjusted for 52 vertices
RCSP solver info : number of forw. reachable buckets / buck. strongly connected components is 2432( 91.7044% ) / 2432( 100% )
106640 forw. buck. arcs remain (88.3513% from max.)
ColGenEvalAlg final dual bound: 2400.13 (rounded: 2400.13)
In total 1 RCC cut(s) are found by the connected components heuristic 
Shrinking heuristic shrunk 2 edges
In total 1 RCC cut(s) are found by the Fractional capacity min-cut heuristic 
In total 7 RCC cut(s) are found by the greedy construction heuristic 
----- Add fac. cuts : CAP(9), max.viol = 0.115226, aver.viol = 0.074447, sep/add took 0.00975418/0.00900298 sec. -----
3063 columns (3063 active), 9 dyn. constrs. (9 active), 115 art. vars. (115 active)
<DWph=2> <it=  1> <et=2.41> <Mt= 0.00> <Spt= 0.02> <nCl= 34> <al=0.00> <DB= 2400.1843> <Mlp= 2400.1843> <PB=2530.637> 
<DWph=1> <it=  2> <et=2.46> <Mt= 0.00> <Spt= 0.06> <nCl=  1> <al=0.00> <DB= 2400.1843> <Mlp= 2400.1843> <PB=2530.637> 
    TT = 1.9e-05, performed by inspection with 63 solutions, nbR1C = 0, nbDiscC = 0
    TT = 4.2e-05, performed by inspection with 433 solutions, nbR1C = 0, nbDiscC = 0
    TT = 0.000136, performed by inspection with 2423 solutions, nbR1C = 0, nbDiscC = 0
    RCSP exact solver info for graph G_4 : TT = 0.002303, pt = 2.4e-05, dt = 0.001413, ct = 0.000648, ndl = 0', bdl = 4', odl = 0', odf = 2', bsi = 1', cnt = 2', bdch = 14', odch = 1', lcp = 1', #sols = 150
    RCSP exact solver info for graph G_5 : TT = 0.010382, pt = 2.7e-05, dt = 0.007962, ct = 0.002148, ndl = 4', bdl = 65', odl = 0', odf = 8', bsi = 2', cnt = 12', bdch = 665', odch = 9', lcp = 37', #sols = 150
    RCSP exact solver info for graph G_6 : TT = 0.052235, pt = 0.000157, dt = 0.047143, ct = 0.004537, ndl = 17', bdl = 480', odl = 2', odf = 34', bsi = 4', cnt = 23', bdch = 7553', odch = 80', lcp = 271', #sols = 150
    TT = 2.1e-05, performed by inspection with 63 solutions, nbR1C = 0, nbDiscC = 0
    TT = 4.5e-05, performed by inspection with 433 solutions, nbR1C = 0, nbDiscC = 0
    TT = 0.000145, performed by inspection with 2423 solutions, nbR1C = 0, nbDiscC = 0
    RCSP exact solver info for graph G_4 : TT = 0.002277, pt = 3.8e-05, dt = 0.001432, ct = 0.000618, ndl = 0', bdl = 4', odl = 0', odf = 2', bsi = 1', cnt = 2', bdch = 14', odch = 1', lcp = 1', #sols = 150
    RCSP exact solver info for graph G_5 : TT = 0.010354, pt = 4.1e-05, dt = 0.007942, ct = 0.002119, ndl = 4', bdl = 65', odl = 0', odf = 8', bsi = 2', cnt = 12', bdch = 665', odch = 9', lcp = 37', #sols = 150
    RCSP exact solver info for graph G_6 : TT = 0.052188, pt = 0.000173, dt = 0.047079, ct = 0.004541, ndl = 17', bdl = 480', odl = 2', odf = 34', bsi = 4', cnt = 23', bdch = 7553', odch = 80', lcp = 271', #sols = 150
<DWph=0> <it=  3> <et=2.61> <Mt= 0.00> <Spt= 0.14> <nCl=117> <al=0.00> <DB= 2400.1843> <Mlp= 2400.1843> <PB=2530.637> 
Dynamic params and stats :  aver.obdmd = 6.67308 aver.buck.num. = 21
@@ 1 1 2400.18 2e-05 2.1e-05 0 2.61
Dynamic params and stats :  aver.obdmd = 10 aver.buck.num. = 21
@@ 1 1 2400.18 4.35e-05 4.5e-05 0 2.61
Dynamic params and stats :  aver.obdmd = 12.75 aver.buck.num. = 21
@@ 1 1 2400.18 0.0001405 0.000145 0 2.61
Dynamic params and stats :  aver.obdmd = 19.8462 aver.buck.num. = 24
@@ 1 1 2400.18 0.0020555 0.002061 56.051 2.61
Dynamic params and stats :  aver.obdmd = 22.1538 aver.buck.num. = 25
@@ 1 1 2400.18 0.0100855 0.01011 74.9202 2.61
Dynamic params and stats :  aver.obdmd = 47.6923 aver.buck.num. = 51
@@ 1 1 2400.18 0.05165 0.05168 88.3513 2.61
Reduced cost fixing for graph G_1...  took 0 sec., done by inspection with 63 solutions, remains 63 (100%)
Reduced cost fixing for graph G_2...  took 0 sec., done by inspection with 433 solutions, remains 433 (100%)
Reduced cost fixing for graph G_3...  took 0 sec., done by inspection with 2423 solutions, remains 2423 (100%)
    Full reduced cost fixing is not called (gap ratio is 0.999572)
ColGenEvalAlg final dual bound: 2400.18 (rounded: 2400.18)
Gap improvement since the last cut separation : 0.000427997 (2400.13)
Cut generation tailing off counter increased to 1
Current active cuts : CAP(3,8.92026)
Shrinking heuristic shrunk 5 edges
3 Rank-1 1-rows pack. cuts added ,  max viol. = 0.187351, aver. viol. = 0.0981798
150 Rank-1 3-rows pack. cuts added ,  max viol. = 0.444512, aver. viol. = 0.226247
----- Add fac. cuts : R1C(153), max.viol = 0.444512, aver.viol = 0.231185, sep/add took 0.00847759/0.0829907 sec. -----
3215 columns (3215 active), 162 dyn. constrs. (156 active), 268 art. vars. (262 active)
<DWph=2> <it=  1> <et=2.74> <Mt= 0.02> <Spt= 0.02> <nCl= 25> <al=0.50> <DB= 2403.5043> <Mlp= 2406.8244> <PB=2530.637> 
<DWph=2> <it=  2> <et=2.77> <Mt= 0.00> <Spt= 0.02> <nCl= 20> <al=0.55> <DB= 2384.1684> <Mlp= 2406.7645> <PB=2530.637> 
<DWph=2> <it=  3> <et=2.83> <Mt= 0.01> <Spt= 0.05> <nCl= 36> <al=0.19> <DB= 2319.8974> <Mlp= 2406.6412> <PB=2530.637> 
<DWph=2> <it=  4> <et=2.86> <Mt= 0.01> <Spt= 0.02> <nCl= 10> <al=0.50> <DB= 2370.4454> <Mlp= 2406.4168> <PB=2530.637> 
<DWph=2> <it=  5> <et=2.92> <Mt= 0.01> <Spt= 0.06> <nCl= 23> <al=0.00> <DB= 2401.1981> <Mlp= 2406.4080> <PB=2530.637> 
<DWph=2> <it=  6> <et=2.97> <Mt= 0.00> <Spt= 0.04> <nCl=  0> <al=0.00> <DB= 2406.4080> <Mlp= 2406.4080> <PB=2530.637> 
<DWph=1> <it=  7> <et=3.02> <Mt= 0.00> <Spt= 0.05> <nCl= 28> <al=0.35> <DB= 2045.8934> <Mlp= 2406.4080> <PB=2530.637> 
<DWph=1> <it=  8> <et=3.09> <Mt= 0.02> <Spt= 0.05> <nCl=  7> <al=0.41> <DB= 2258.0384> <Mlp= 2406.0411> <PB=2530.637> 
<DWph=1> <it=  9> <et=3.14> <Mt= 0.00> <Spt= 0.05> <nCl=  2> <al=0.47> <DB= 2326.9810> <Mlp= 2406.0372> <PB=2530.637> 
<DWph=1> <it= 10> <et=3.20> <Mt= 0.00> <Spt= 0.05> <nCl=  7> <al=0.52> <DB= 2314.3900> <Mlp= 2405.7834> <PB=2530.637> 
<DWph=1> <it= 11> <et=3.30> <Mt= 0.01> <Spt= 0.11> <nCl=  5> <al=0.14> <DB= 2384.3627> <Mlp= 2405.7741> <PB=2530.637> 
<DWph=1> <it= 12> <et=3.40> <Mt= 0.00> <Spt= 0.09> <nCl=  4> <al=0.00> <DB= 2360.1460> <Mlp= 2405.7741> <PB=2530.637> 
<DWph=1> <it= 13> <et=3.50> <Mt= 0.00> <Spt= 0.10> <nCl=  2> <al=0.00> <DB= 2404.9655> <Mlp= 2405.7721> <PB=2530.637> 
<DWph=1> <it= 14> <et=3.60> <Mt= 0.01> <Spt= 0.09> <nCl=  0> <al=0.00> <DB= 2405.7721> <Mlp= 2405.7721> <PB=2530.637> 
    TT = 3.1e-05, performed by inspection with 63 solutions, nbR1C = 43, nbDiscC = 0
    TT = 7.1e-05, performed by inspection with 433 solutions, nbR1C = 43, nbDiscC = 0
    TT = 0.00023, performed by inspection with 2423 solutions, nbR1C = 43, nbDiscC = 0
    RCSP exact solver info for graph G_4 : TT = 0.005782, pt = 0.000352, dt = 0.004097, ct = 0.001113, ndl = 0', bdl = 4', odl = 0', odf = 2', bsi = 1', cnt = 2', bdch = 15', odch = 1', lcp = 1', #sols = 150
    RCSP exact solver info for graph G_5 : TT = 0.029959, pt = 0.000367, dt = 0.024146, ct = 0.005108, ndl = 5', bdl = 73', odl = 0', odf = 9', bsi = 3', cnt = 23', bdch = 849', odch = 13', lcp = 51', #sols = 150
    RCSP exact solver info for graph G_6 : TT = 0.164984, pt = 0.000505, dt = 0.149324, ct = 0.014626, ndl = 25', bdl = 635', odl = 3', odf = 51', bsi = 4', cnt = 65', bdch = 13911', odch = 184', lcp = 601', #sols = 150
<DWph=0> <it= 15> <et=3.81> <Mt= 0.00> <Spt= 0.22> <nCl=134> <al=0.17> <DB= 2317.3519> <Mlp= 2405.7721> <PB=2530.637> 
    TT = 3.6e-05, performed by inspection with 63 solutions, nbR1C = 53, nbDiscC = 0
    TT = 7.4e-05, performed by inspection with 433 solutions, nbR1C = 53, nbDiscC = 0
    TT = 0.000243, performed by inspection with 2423 solutions, nbR1C = 53, nbDiscC = 0
    RCSP exact solver info for graph G_4 : TT = 0.005535, pt = 0.00045, dt = 0.003694, ct = 0.00117, ndl = 0', bdl = 4', odl = 0', odf = 2', bsi = 1', cnt = 2', bdch = 15', odch = 1', lcp = 1', #sols = 150
    RCSP exact solver info for graph G_5 : TT = 0.027196, pt = 0.000445, dt = 0.021329, ct = 0.005114, ndl = 5', bdl = 73', odl = 0', odf = 9', bsi = 3', cnt = 22', bdch = 852', odch = 12', lcp = 51', #sols = 150
    RCSP exact solver info for graph G_6 : TT = 0.139764, pt = 0.000588, dt = 0.124774, ct = 0.013935, ndl = 24', bdl = 626', odl = 3', odf = 49', bsi = 4', cnt = 61', bdch = 13285', odch = 168', lcp = 561', #sols = 150
<DWph=0> <it= 16> <et=4.00> <Mt= 0.00> <Spt= 0.18> <nCl= 46> <al=0.07> <DB= 2335.6852> <Mlp= 2405.7301> <PB=2530.637> 
    TT = 3.5e-05, performed by inspection with 63 solutions, nbR1C = 55, nbDiscC = 0
    TT = 7.6e-05, performed by inspection with 433 solutions, nbR1C = 55, nbDiscC = 0
    TT = 0.000246, performed by inspection with 2423 solutions, nbR1C = 55, nbDiscC = 0
    RCSP exact solver info for graph G_4 : TT = 0.005569, pt = 0.000462, dt = 0.0037, ct = 0.001173, ndl = 0', bdl = 4', odl = 0', odf = 2', bsi = 1', cnt = 2', bdch = 15', odch = 1', lcp = 1', #sols = 150
    RCSP exact solver info for graph G_5 : TT = 0.0276, pt = 0.000466, dt = 0.021661, ct = 0.005157, ndl = 5', bdl = 73', odl = 0', odf = 9', bsi = 3', cnt = 22', bdch = 844', odch = 12', lcp = 51', #sols = 150
    RCSP exact solver info for graph G_6 : TT = 0.141357, pt = 0.000603, dt = 0.126276, ct = 0.014014, ndl = 24', bdl = 627', odl = 3', odf = 49', bsi = 4', cnt = 60', bdch = 13406', odch = 170', lcp = 565', #sols = 150
<DWph=0> <it= 17> <et=4.19> <Mt= 0.01> <Spt= 0.19> <nCl= 16> <al=0.16> <DB= 2394.2727> <Mlp= 2405.7261> <PB=2530.637> 
    TT = 3.4e-05, performed by inspection with 63 solutions, nbR1C = 55, nbDiscC = 0
    TT = 7.6e-05, performed by inspection with 433 solutions, nbR1C = 55, nbDiscC = 0
    TT = 0.000246, performed by inspection with 2423 solutions, nbR1C = 55, nbDiscC = 0
    RCSP exact solver info for graph G_4 : TT = 0.005575, pt = 0.000459, dt = 0.003713, ct = 0.001171, ndl = 0', bdl = 4', odl = 0', odf = 2', bsi = 1', cnt = 2', bdch = 15', odch = 1', lcp = 1', #sols = 150
    RCSP exact solver info for graph G_5 : TT = 0.027292, pt = 0.00046, dt = 0.021354, ct = 0.005166, ndl = 5', bdl = 73', odl = 0', odf = 9', bsi = 3', cnt = 22', bdch = 839', odch = 12', lcp = 50', #sols = 150
    RCSP exact solver info for graph G_6 : TT = 0.141314, pt = 0.000607, dt = 0.126227, ct = 0.013996, ndl = 24', bdl = 626', odl = 3', odf = 49', bsi = 4', cnt = 60', bdch = 13391', odch = 171', lcp = 566', #sols = 150
    TT = 3.2e-05, performed by inspection with 63 solutions, nbR1C = 46, nbDiscC = 0
    TT = 7.6e-05, performed by inspection with 433 solutions, nbR1C = 46, nbDiscC = 0
    TT = 0.00024, performed by inspection with 2423 solutions, nbR1C = 46, nbDiscC = 0
    RCSP exact solver info for graph G_4 : TT = 0.005412, pt = 0.000395, dt = 0.003609, ct = 0.001168, ndl = 0', bdl = 4', odl = 0', odf = 2', bsi = 1', cnt = 2', bdch = 15', odch = 1', lcp = 1', #sols = 150
    RCSP exact solver info for graph G_5 : TT = 0.026596, pt = 0.000395, dt = 0.020732, ct = 0.005151, ndl = 5', bdl = 73', odl = 0', odf = 9', bsi = 3', cnt = 22', bdch = 839', odch = 12', lcp = 50', #sols = 150
    RCSP exact solver info for graph G_6 : TT = 0.137026, pt = 0.000552, dt = 0.12205, ct = 0.013948, ndl = 24', bdl = 626', odl = 3', odf = 49', bsi = 4', cnt = 60', bdch = 13396', odch = 171', lcp = 566', #sols = 150
<DWph=0> <it= 18> <et=4.55> <Mt= 0.00> <Spt= 0.36> <nCl=  6> <al=0.00> <DB= 2405.7261> <Mlp= 2405.7261> <PB=2530.637> 
Dynamic params and stats :  aver.obdmd = 6.67308 aver.buck.num. = 21 nbR1C = 46 with avMem = 9.13043
@@ 1 2 2405.73 3.36e-05 3.6e-05 0 4.55
Dynamic params and stats :  aver.obdmd = 10 aver.buck.num. = 21 nbR1C = 46 with avMem = 9.13043
@@ 1 2 2405.73 7.46e-05 7.6e-05 0 4.55
Dynamic params and stats :  aver.obdmd = 12.75 aver.buck.num. = 21 nbR1C = 46 with avMem = 9.13043
@@ 1 2 2405.73 0.000241 0.000246 0 4.55
Dynamic params and stats :  aver.obdmd = 19.8462 aver.buck.num. = 24 nbR1C = 46 with avMem = 9.13043
@@ 1 2 2405.73 0.0049216 0.00521 56.051 4.55
Dynamic params and stats :  aver.obdmd = 22.1538 aver.buck.num. = 25 nbR1C = 46 with avMem = 9.13043
@@ 1 2 2405.73 0.0269836 0.029254 74.9202 4.55
Dynamic params and stats :  aver.obdmd = 47.6923 aver.buck.num. = 51 nbR1C = 46 with avMem = 9.13043
@@ 1 2 2405.73 0.143834 0.16395 88.3513 4.55
Reduced cost fixing for graph G_1...  took 0 sec., done by inspection with 63 solutions, remains 63 (100%)
Reduced cost fixing for graph G_2...  took 0 sec., done by inspection with 433 solutions, remains 433 (100%)
Reduced cost fixing for graph G_3...  took 0 sec., done by inspection with 2423 solutions, remains 2423 (100%)
    Full reduced cost fixing is not called (gap ratio is 0.957109)
Bucket graph for G_6 is regenerated as bucket steps were adjusted for 52 vertices
RCSP solver info : number of forw. reachable buckets / buck. strongly connected components is 4795( 91.2986% ) / 4795( 100% )
210137 forw. buck. arcs remain (88.2929% from max.)
ColGenEvalAlg final dual bound: 2405.73 (rounded: 2405.73)
Gap improvement since the last cut separation : 0.0424808 (2400.18)
Current active cuts : CAP(1,0.891166) R1C(2+44,38.5539) 1rowPackR1C(2) 3rowPackR1C(44)
Shrinking heuristic shrunk 1 edges
3 Rank-1 1-rows pack. cuts added ,  max viol. = 0.118763, aver. viol. = 0.0989467
143 Rank-1 3-rows pack. cuts added ,  max viol. = 0.305697, aver. viol. = 0.0904239
Building structures for heuristic rank-1 packing cut separation...done!
43 Rank-1 4-rows pack. cuts added ,  max viol. = 0.321888, aver. viol. = 0.136545
100 Rank-1 5-rows pack. cuts added ,  max viol. = 0.321888, aver. viol. = 0.295732
----- Add fac. cuts : R1C(289), max.viol = 0.349697, aver.viol = 0.183604, sep/add took 0.551853/0.187675 sec. -----
3586 columns (3586 active), 445 dyn. constrs. (337 active), 557 art. vars. (443 active)
<DWph=2> <it=  1> <et=5.42> <Mt= 0.01> <Spt= 0.06> <nCl= 20> <al=0.00> <DB= 2378.3964> <Mlp= 2406.3607> <PB=2406.3607> 
<DWph=2> <it=  2> <et=5.49> <Mt= 0.01> <Spt= 0.07> <nCl=  6> <al=0.00> <DB= 2371.4035> <Mlp= 2406.3607> <PB=2406.3607> 
<DWph=2> <it=  3> <et=5.57> <Mt= 0.00> <Spt= 0.06> <nCl=  0> <al=0.00> <DB= 2406.3607> <Mlp= 2406.3607> <PB=2406.3607> 
<DWph=1> <it=  4> <et=5.63> <Mt= 0.00> <Spt= 0.06> <nCl=  8> <al=0.20> <DB= 2346.1143> <Mlp= 2406.3607> <PB=2406.3607> 
<DWph=1> <it=  5> <et=5.70> <Mt= 0.01> <Spt= 0.07> <nCl=  3> <al=0.10> <DB= 2371.0869> <Mlp= 2406.3607> <PB=2406.3607> 
<DWph=1> <it=  6> <et=5.78> <Mt= 0.02> <Spt= 0.06> <nCl=  3> <al=0.00> <DB= 2372.5475> <Mlp= 2406.3607> <PB=2406.3607> 
<DWph=1> <it=  7> <et=5.84> <Mt= 0.01> <Spt= 0.06> <nCl=  0> <al=0.00> <DB= 2406.3607> <Mlp= 2406.3607> <PB=2406.3607> 
    TT = 4.5e-05, performed by inspection with 63 solutions, nbR1C = 76, nbDiscC = 0
    TT = 8.3e-05, performed by inspection with 433 solutions, nbR1C = 76, nbDiscC = 0
    TT = 0.000251, performed by inspection with 2423 solutions, nbR1C = 76, nbDiscC = 0
    RCSP exact solver info for graph G_4 : TT = 0.00619, pt = 0.000642, dt = 0.004132, ct = 0.001186, ndl = 0', bdl = 4', odl = 0', odf = 2', bsi = 1', cnt = 2', bdch = 15', odch = 1', lcp = 1', #sols = 150
    RCSP exact solver info for graph G_5 : TT = 0.032652, pt = 0.000646, dt = 0.026281, ct = 0.0054, ndl = 5', bdl = 76', odl = 0', odf = 10', bsi = 3', cnt = 24', bdch = 910', odch = 14', lcp = 56', #sols = 150
    RCSP exact solver info for graph G_6 : TT = 0.164308, pt = 0.000861, dt = 0.147121, ct = 0.015722, ndl = 27', bdl = 679', odl = 5', odf = 81', bsi = 5', cnt = 27', bdch = 9348', odch = 300', lcp = 380', #sols = 150
<DWph=0> <it=  8> <et=6.07> <Mt= 0.00> <Spt= 0.22> <nCl= 69> <al=0.00> <DB= 2390.7996> <Mlp= 2406.3607> <PB=2406.3607> 
    TT = 4.5e-05, performed by inspection with 63 solutions, nbR1C = 80, nbDiscC = 0
    TT = 8.2e-05, performed by inspection with 433 solutions, nbR1C = 80, nbDiscC = 0
    TT = 0.00026, performed by inspection with 2423 solutions, nbR1C = 80, nbDiscC = 0
    RCSP exact solver info for graph G_4 : TT = 0.006323, pt = 0.000703, dt = 0.004182, ct = 0.001191, ndl = 0', bdl = 4', odl = 0', odf = 2', bsi = 1', cnt = 2', bdch = 15', odch = 1', lcp = 1', #sols = 150
    RCSP exact solver info for graph G_5 : TT = 0.031993, pt = 0.000697, dt = 0.02552, ct = 0.005449, ndl = 5', bdl = 76', odl = 0', odf = 10', bsi = 3', cnt = 24', bdch = 909', odch = 14', lcp = 56', #sols = 150
    RCSP exact solver info for graph G_6 : TT = 0.163514, pt = 0.000931, dt = 0.14608, ct = 0.01591, ndl = 27', bdl = 679', odl = 5', odf = 81', bsi = 5', cnt = 27', bdch = 9332', odch = 299', lcp = 379', #sols = 150
<DWph=0> <it=  9> <et=6.29> <Mt= 0.01> <Spt= 0.21> <nCl= 12> <al=0.00> <DB= 2401.4886> <Mlp= 2406.3607> <PB=2406.3607> 
    TT = 4.3e-05, performed by inspection with 63 solutions, nbR1C = 82, nbDiscC = 0
    TT = 8e-05, performed by inspection with 433 solutions, nbR1C = 82, nbDiscC = 0
    TT = 0.00026, performed by inspection with 2423 solutions, nbR1C = 82, nbDiscC = 0
    RCSP exact solver info for graph G_4 : TT = 0.006347, pt = 0.000718, dt = 0.004186, ct = 0.001195, ndl = 0', bdl = 4', odl = 0', odf = 2', bsi = 1', cnt = 2', bdch = 15', odch = 1', lcp = 1', #sols = 150
    RCSP exact solver info for graph G_5 : TT = 0.032245, pt = 0.000723, dt = 0.025715, ct = 0.005476, ndl = 5', bdl = 76', odl = 0', odf = 10', bsi = 3', cnt = 24', bdch = 915', odch = 14', lcp = 56', #sols = 150
    RCSP exact solver info for graph G_6 : TT = 0.164539, pt = 0.000988, dt = 0.147162, ct = 0.015796, ndl = 27', bdl = 679', odl = 5', odf = 81', bsi = 5', cnt = 27', bdch = 9337', odch = 299', lcp = 380', #sols = 150
<DWph=0> <it= 10> <et=6.51> <Mt= 0.00> <Spt= 0.21> <nCl=  4> <al=0.00> <DB= 2403.7459> <Mlp= 2406.3607> <PB=2406.3607> 
    TT = 4.5e-05, performed by inspection with 63 solutions, nbR1C = 85, nbDiscC = 0
    TT = 8.3e-05, performed by inspection with 433 solutions, nbR1C = 85, nbDiscC = 0
    TT = 0.00026, performed by inspection with 2423 solutions, nbR1C = 85, nbDiscC = 0
    RCSP exact solver info for graph G_4 : TT = 0.006517, pt = 0.000741, dt = 0.004292, ct = 0.001233, ndl = 0', bdl = 4', odl = 0', odf = 2', bsi = 1', cnt = 2', bdch = 15', odch = 1', lcp = 1', #sols = 150
    RCSP exact solver info for graph G_5 : TT = 0.032668, pt = 0.000746, dt = 0.026137, ct = 0.005448, ndl = 5', bdl = 76', odl = 0', odf = 10', bsi = 3', cnt = 24', bdch = 914', odch = 14', lcp = 57', #sols = 150
    RCSP exact solver info for graph G_6 : TT = 0.167772, pt = 0.000986, dt = 0.149988, ct = 0.016132, ndl = 27', bdl = 680', odl = 5', odf = 81', bsi = 5', cnt = 27', bdch = 9339', odch = 298', lcp = 378', #sols = 150
    TT = 4.5e-05, performed by inspection with 63 solutions, nbR1C = 84, nbDiscC = 0
    TT = 8.4e-05, performed by inspection with 433 solutions, nbR1C = 84, nbDiscC = 0
    TT = 0.000256, performed by inspection with 2423 solutions, nbR1C = 84, nbDiscC = 0
    RCSP exact solver info for graph G_4 : TT = 0.006438, pt = 0.000736, dt = 0.004246, ct = 0.001203, ndl = 0', bdl = 4', odl = 0', odf = 2', bsi = 1', cnt = 2', bdch = 15', odch = 1', lcp = 1', #sols = 150
    RCSP exact solver info for graph G_5 : TT = 0.032419, pt = 0.00074, dt = 0.02588, ct = 0.005463, ndl = 5', bdl = 76', odl = 0', odf = 10', bsi = 3', cnt = 24', bdch = 911', odch = 14', lcp = 56', #sols = 150
    RCSP exact solver info for graph G_6 : TT = 0.166823, pt = 0.001017, dt = 0.149296, ct = 0.01592, ndl = 27', bdl = 681', odl = 5', odf = 81', bsi = 5', cnt = 27', bdch = 9384', odch = 301', lcp = 380', #sols = 150
<DWph=0> <it= 11> <et=6.94> <Mt= 0.01> <Spt= 0.43> <nCl=  1> <al=0.00> <DB= 2406.3607> <Mlp= 2406.3607> <PB=2406.3607> 
Dynamic params and stats :  aver.obdmd = 6.67308 aver.buck.num. = 21 nbR1C = 84 with avMem = 9.70238
@@ 1 3 2406.36 4.46e-05 4.5e-05 0 6.94
Dynamic params and stats :  aver.obdmd = 10 aver.buck.num. = 21 nbR1C = 84 with avMem = 9.70238
@@ 1 3 2406.36 8.24e-05 8.4e-05 0 6.94
Dynamic params and stats :  aver.obdmd = 12.75 aver.buck.num. = 21 nbR1C = 84 with avMem = 9.70238
@@ 1 3 2406.36 0.0002574 0.00026 0 6.94
Dynamic params and stats :  aver.obdmd = 19.8462 aver.buck.num. = 24 nbR1C = 84 with avMem = 9.70238
@@ 1 3 2406.36 0.0054092 0.005525 56.051 6.94
Dynamic params and stats :  aver.obdmd = 22.1538 aver.buck.num. = 25 nbR1C = 84 with avMem = 9.70238
@@ 1 3 2406.36 0.0313538 0.031681 74.9202 6.94
Dynamic params and stats :  aver.obdmd = 95.3846 aver.buck.num. = 101 nbR1C = 84 with avMem = 9.70238
@@ 1 3 2406.36 0.163825 0.16612 88.2929 6.94
ColGenEvalAlg final dual bound: 2406.36 (rounded: 2406.36)
Gap improvement since the last cut separation : 1 (2405.73)
Current active cuts : CAP(1,0.455508) R1C(3+81,49.0149) 1rowPackR1C(3) 3rowPackR1C(68) 4rowPackR1C(13)
New model incumbent solution 2406.36, TIME = 0h0m6s96t = 696
************************************************************************************************
Search is finished, global bounds : [ 2406.36 , 2406.36 ], TIME = 0h0m6s96t = 696
************************************************************************************************
instance_name solver_name ext_heuristic solution_value solution_time best_lb root_lb root_time nb_branch_and_bound_nodes status
/home/logis/Downloads/VRPSolverEasy/VRPSolverEasy/demos/data/HFVRP/c50_13fsmf CLP False 2406.3607160847373 6.962786191 2406.360716084736 2406.360716084736 6.962331357 1 0

