Node memory for rank-1 cuts will be used (10.296)
~~~~~~~~~~~~~~~~~~~~~~~~~~~~~~~~~~~~~~~~~~~~~~~~~~~~~~~~~~~~~~~~~~~~~~~~~~~~~~~~~~~~~
VRPSolver v0.5.27, 24/02/2023, © Inria Bordeaux, France, vrpsolver.math.u-bordeaux.fr
      Corresponds to the solver by Pessoa, Sadykov, Uchoa and Vanderbeck (2020)
                 Paper: dx.doi.org/10.1007/s10107-020-01523-z
~~~~~~~~~~~~~~~~~~~~~~~~~~~~~~~~~~~~~~~~~~~~~~~~~~~~~~~~~~~~~~~~~~~~~~~~~~~~~~~~~~~~~
   BaPCod v0.77, 15/03/2023, © Inria Bordeaux, France, bapcod.math.u-bordeaux.fr 
           THIS CODE IS PROVIDED AS IS, USE IT AT YOUR OWN RISK
~~~~~~~~~~~~~~~~~~~~~~~~~~~~~~~~~~~~~~~~~~~~~~~~~~~~~~~~~~~~~~~~~~~~~~~~~~~~~~~~~~~~~
Bucket steps were recalculated for graph G_1 : [2]
RCSP solver info : symmetric case is detected for graph G_1! 
Bidirectional border value is initialised to 25
RCSP solver info : number of forw. reachable buckets / buck. strongly connected components is 1154( 85.355% ) / 1154( 100% )
Bucket steps were recalculated for graph G_2 : [4]
RCSP solver info : symmetric case is detected for graph G_2! 
Bidirectional border value is initialised to 50
RCSP solver info : number of forw. reachable buckets / buck. strongly connected components is 1253( 92.6775% ) / 1253( 100% )
Bucket steps were recalculated for graph G_3 : [6.5]
RCSP solver info : symmetric case is detected for graph G_3! 
Bidirectional border value is initialised to 80
RCSP solver info : number of forw. reachable buckets / buck. strongly connected components is 1239( 95.3077% ) / 949( 76.594% )
Generating neighbourhoods for rank-1 cuts separation
Building structures for 4- and 5-row rank-1 packing cut separation...done!
Model is built TIME = 0h0m0s6t = 6
************************************************************************************************
**** BaB tree root node
**** Local DB = -1e+12, global bounds : [ -1e+12 , 1035.23 ], TIME = 0h0m0s6t = 6
**** 1 open nodes, 0 columns (0 active), 0 dyn. constrs. (0 active), 106 art. vars. (106 active)
************************************************************************************************
#<DWph=2> <it=  1> <et=0.07> <Mt= 0.00> <Spt= 0.00> <nCl= 90> <al=0.00> <DB=-374532.4983> <Mlp=127954.9224> <PB=1035.234> 
#<DWph=2> <it=  2> <et=0.08> <Mt= 0.00> <Spt= 0.01> <nCl= 90> <al=0.55> <DB=-258111.2597> <Mlp=121477.6455> <PB=1035.234> 
#<DWph=2> <it=  3> <et=0.09> <Mt= 0.00> <Spt= 0.01> <nCl= 90> <al=0.45> <DB=-183486.1539> <Mlp=114641.2820> <PB=1035.234> 
#<DWph=2> <it=  4> <et=0.10> <Mt= 0.00> <Spt= 0.01> <nCl= 90> <al=0.35> <DB=-132180.1849> <Mlp=106191.1266> <PB=1035.234> 
#<DWph=2> <it=  5> <et=0.11> <Mt= 0.00> <Spt= 0.01> <nCl= 90> <al=0.42> <DB=-106941.0576> <Mlp=87848.1660> <PB=1035.234> 
#<DWph=2> <it=  6> <et=0.12> <Mt= 0.00> <Spt= 0.01> <nCl= 90> <al=0.47> <DB=-93396.2530> <Mlp=80217.9711> <PB=1035.234> 
#<DWph=2> <it=  7> <et=0.13> <Mt= 0.00> <Spt= 0.00> <nCl= 90> <al=0.53> <DB=-62406.1013> <Mlp=62671.9911> <PB=1035.234> 
#<DWph=2> <it=  8> <et=0.14> <Mt= 0.00> <Spt= 0.01> <nCl= 90> <al=0.57> <DB=-54367.9101> <Mlp=48337.4958> <PB=1035.234> 
#<DWph=2> <it=  9> <et=0.15> <Mt= 0.00> <Spt= 0.01> <nCl= 90> <al=0.62> <DB=-49608.8660> <Mlp=34325.3923> <PB=1035.234> 
#<DWph=2> <it= 10> <et=0.16> <Mt= 0.00> <Spt= 0.01> <nCl= 90> <al=0.65> <DB=-39437.5281> <Mlp=24535.2231> <PB=1035.234> 
#<DWph=2> <it= 11> <et=0.17> <Mt= 0.00> <Spt= 0.01> <nCl= 90> <al=0.69> <DB=-36283.6677> <Mlp= 9699.6714> <PB=1035.234> 
#<DWph=2> <it= 12> <et=0.17> <Mt= 0.01> <Spt= 0.00> <nCl= 42> <al=0.72> <DB=-24482.3510> <Mlp= 4294.4965> <PB=1035.234> 
<DWph=2> <it= 13> <et=0.18> <Mt= 0.00> <Spt= 0.01> <nCl= 54> <al=0.62> <DB=-13913.0638> <Mlp= 1744.7787> <PB=1035.234> 
<DWph=2> <it= 14> <et=0.19> <Mt= 0.00> <Spt= 0.01> <nCl= 49> <al=0.52> <DB=-6377.5687> <Mlp= 1687.4095> <PB=1035.234> 
<DWph=2> <it= 15> <et=0.20> <Mt= 0.00> <Spt= 0.01> <nCl= 66> <al=0.42> <DB=-1834.9914> <Mlp= 1615.4514> <PB=1035.234> 
<DWph=2> <it= 16> <et=0.21> <Mt= 0.00> <Spt= 0.00> <nCl= 89> <al=0.32> <DB=  332.1170> <Mlp= 1500.5239> <PB=1035.234> 
<DWph=2> <it= 17> <et=0.22> <Mt= 0.00> <Spt= 0.01> <nCl= 90> <al=0.22> <DB=  449.6481> <Mlp= 1334.1109> <PB=1035.234> 
<DWph=2> <it= 18> <et=0.23> <Mt= 0.00> <Spt= 0.01> <nCl= 90> <al=0.30> <DB= -237.9374> <Mlp= 1173.2816> <PB=1035.234> 
<DWph=2> <it= 19> <et=0.24> <Mt= 0.00> <Spt= 0.01> <nCl= 88> <al=0.37> <DB=  683.5451> <Mlp= 1136.5361> <PB=1035.234> 
<DWph=2> <it= 20> <et=0.25> <Mt= 0.01> <Spt= 0.01> <nCl= 89> <al=0.43> <DB=  769.9096> <Mlp= 1104.0518> <PB=1035.234> 
<DWph=2> <it= 21> <et=0.26> <Mt= 0.00> <Spt= 0.01> <nCl= 80> <al=0.49> <DB=  855.8895> <Mlp= 1050.8383> <PB=1035.234> 
<DWph=2> <it= 22> <et=0.27> <Mt= 0.00> <Spt= 0.00> <nCl= 74> <al=0.54> <DB=  888.1946> <Mlp= 1023.1415> <PB=1035.234> 
<DWph=2> <it= 23> <et=0.28> <Mt= 0.00> <Spt= 0.01> <nCl= 59> <al=0.59> <DB=  930.8913> <Mlp= 1007.5924> <PB=1035.234> 
<DWph=2> <it= 24> <et=0.29> <Mt= 0.00> <Spt= 0.01> <nCl= 43> <al=0.63> <DB=  958.7017> <Mlp=  999.5325> <PB=1035.234> 
<DWph=2> <it= 25> <et=0.30> <Mt= 0.00> <Spt= 0.01> <nCl= 28> <al=0.53> <DB=  967.7952> <Mlp=  997.9048> <PB=1035.234> 
<DWph=2> <it= 26> <et=0.31> <Mt= 0.00> <Spt= 0.00> <nCl= 36> <al=0.43> <DB=  980.0036> <Mlp=  994.5979> <PB=1035.234> 
<DWph=2> <it= 27> <et=0.31> <Mt= 0.01> <Spt= 0.01> <nCl= 15> <al=0.48> <DB=  987.1571> <Mlp=  993.7323> <PB=1035.234> 
<DWph=2> <it= 28> <et=0.32> <Mt= 0.00> <Spt= 0.01> <nCl= 15> <al=0.38> <DB=  984.9576> <Mlp=  993.4271> <PB=1035.234> 
<DWph=2> <it= 29> <et=0.33> <Mt= 0.00> <Spt= 0.01> <nCl=  5> <al=0.45> <DB=  986.2576> <Mlp=  993.1273> <PB=1035.234> 
<DWph=2> <it= 30> <et=0.35> <Mt= 0.00> <Spt= 0.01> <nCl=  7> <al=0.00> <DB=  992.8561> <Mlp=  993.1087> <PB=1035.234> 
<DWph=2> <it= 31> <et=0.36> <Mt= 0.00> <Spt= 0.02> <nCl=  0> <al=0.00> <DB=  993.1087> <Mlp=  993.1087> <PB=1035.234> 
<DWph=1> <it= 32> <et=0.37> <Mt= 0.00> <Spt= 0.01> <nCl= 26> <al=0.30> <DB=  981.5218> <Mlp=  993.1087> <PB=1035.234> 
<DWph=1> <it= 33> <et=0.39> <Mt= 0.00> <Spt= 0.01> <nCl= 11> <al=0.37> <DB=  989.2428> <Mlp=  992.3025> <PB=1035.234> 
<DWph=1> <it= 34> <et=0.41> <Mt= 0.00> <Spt= 0.03> <nCl= 14> <al=0.00> <DB=  991.6118> <Mlp=  992.2015> <PB=1035.234> 
<DWph=1> <it= 35> <et=0.44> <Mt= 0.00> <Spt= 0.02> <nCl=  2> <al=0.00> <DB=  992.1960> <Mlp=  992.1993> <PB=1035.234> 
<DWph=1> <it= 36> <et=0.47> <Mt= 0.00> <Spt= 0.03> <nCl=  0> <al=0.00> <DB=  992.1993> <Mlp=  992.1993> <PB=1035.234> 
    RCSP exact solver info for graph G_1 : TT = 0.002211, pt = 1.4e-05, dt = 0.001617, ct = 0.000399, ndl = 0', bdl = 3', odl = 0', odf = 3', bsi = 1', cnt = 1', bdch = 8', odch = 1', lcp = 0', #sols = 150
    RCSP exact solver info for graph G_2 : TT = 0.006088, pt = 1.7e-05, dt = 0.005089, ct = 0.000737, ndl = 1', bdl = 28', odl = 2', odf = 14', bsi = 1', cnt = 2', bdch = 188', odch = 16', lcp = 10', #sols = 150
    RCSP exact solver info for graph G_3 : TT = 0.011645, pt = 2.6e-05, dt = 0.010395, ct = 0.000924, ndl = 3', bdl = 83', odl = 4', odf = 27', bsi = 1', cnt = 4', bdch = 852', odch = 56', lcp = 38', #sols = 150
<DWph=0> <it= 37> <et=0.49> <Mt= 0.00> <Spt= 0.02> <nCl=275> <al=0.00> <DB=  990.3715> <Mlp=  992.1993> <PB=1035.234> 
    RCSP exact solver info for graph G_1 : TT = 0.001858, pt = 4.8e-05, dt = 0.001193, ct = 0.000406, ndl = 0', bdl = 3', odl = 0', odf = 3', bsi = 1', cnt = 1', bdch = 8', odch = 1', lcp = 0', #sols = 150
    RCSP exact solver info for graph G_2 : TT = 0.004816, pt = 4.7e-05, dt = 0.003738, ct = 0.000766, ndl = 1', bdl = 28', odl = 2', odf = 14', bsi = 1', cnt = 2', bdch = 188', odch = 16', lcp = 10', #sols = 150
    RCSP exact solver info for graph G_3 : TT = 0.010907, pt = 3.5e-05, dt = 0.009552, ct = 0.001025, ndl = 3', bdl = 90', odl = 4', odf = 29', bsi = 1', cnt = 4', bdch = 967', odch = 65', lcp = 42', #sols = 150
<DWph=0> <it= 38> <et=0.51> <Mt= 0.00> <Spt= 0.02> <nCl= 40> <al=0.00> <DB=  991.9744> <Mlp=  992.1543> <PB=1035.234> 
    RCSP exact solver info for graph G_1 : TT = 0.001824, pt = 3.8e-05, dt = 0.001169, ct = 0.000407, ndl = 0', bdl = 3', odl = 0', odf = 3', bsi = 1', cnt = 1', bdch = 8', odch = 1', lcp = 0', #sols = 150
    RCSP exact solver info for graph G_2 : TT = 0.004802, pt = 3.5e-05, dt = 0.003735, ct = 0.00077, ndl = 1', bdl = 28', odl = 2', odf = 14', bsi = 1', cnt = 2', bdch = 189', odch = 16', lcp = 10', #sols = 150
    RCSP exact solver info for graph G_3 : TT = 0.010458, pt = 3.1e-05, dt = 0.009121, ct = 0.001021, ndl = 3', bdl = 87', odl = 4', odf = 28', bsi = 1', cnt = 4', bdch = 929', odch = 62', lcp = 41', #sols = 150
    RCSP exact solver info for graph G_1 : TT = 0.001806, pt = 3.4e-05, dt = 0.00116, ct = 0.000408, ndl = 0', bdl = 3', odl = 0', odf = 3', bsi = 1', cnt = 1', bdch = 8', odch = 1', lcp = 0', #sols = 150
    RCSP exact solver info for graph G_2 : TT = 0.004769, pt = 3e-05, dt = 0.003708, ct = 0.000769, ndl = 1', bdl = 28', odl = 2', odf = 14', bsi = 1', cnt = 2', bdch = 189', odch = 16', lcp = 10', #sols = 150
    RCSP exact solver info for graph G_3 : TT = 0.010195, pt = 2.7e-05, dt = 0.008903, ct = 0.00099, ndl = 3', bdl = 85', odl = 4', odf = 28', bsi = 1', cnt = 4', bdch = 892', odch = 59', lcp = 39', #sols = 150
<DWph=0> <it= 39> <et=0.56> <Mt= 0.00> <Spt= 0.04> <nCl= 14> <al=0.00> <DB=  992.1541> <Mlp=  992.1541> <PB=1035.234> 
Dynamic params and stats :  aver.obdmd = 21.0769 aver.buck.num. = 26
@@ 1 0 992.154 0.00168975 0.002016 64.2642 0.56
Dynamic params and stats :  aver.obdmd = 23.1154 aver.buck.num. = 26
@@ 1 0 992.154 0.004828 0.005826 82.5477 0.56
Dynamic params and stats :  aver.obdmd = 22.8462 aver.buck.num. = 25
@@ 1 0 992.154 0.0104827 0.011319 90.8929 0.56
Labels distribution in buckets (bucket size) : largest - 6, top 0.1% - 6, top 0.5% - 6, top 2% - 5, top 10% - 3, top 50% - 1
Reduced cost fixing for graph G_1... 22729 buck. arcs remain (62.7% from prev., 40.3% from max.) + 1780 jump buck. arcs (3.16% from max.)
 TT = 0.014561, pt = 0.001231, dt = 0.002794, ct = 0.01041, ndl = 2', bdl = 30', odl = 1', odf = 13', lpcb = 29', cnt = 34', bdch = 149', odch = 17', lcp = 9'
Labels distribution in buckets (bucket size) : largest - 9, top 0.1% - 9, top 0.5% - 6, top 2% - 5, top 10% - 3, top 50% - 1
Run forward enumeration with border = 25... succeeded! lpt = 0.038549, ndl = 5', dl = 17', lpcb = 138', dch = 607'
Run enumeration concatenation with time limit 0.3 sec.... succeeded!
Sorting and storing enumerated solutions ... done!
 TT = 0.128859, pt = 0.001991, dt = 0.038549, ct = 0.042252, ndl = 5', bdl = 17', lpcb = 138', cnt = 89', bdch = 607', odch = 0', lcp = 0'
Enumeration succeeded!, number of elem. solutions is 35544
Estimating inspection time...     TT = 0.00183, performed by inspection with 35544 solutions, nbR1C = 0, nbDiscC = 0
Inspection time is low enough. Pricing will be done by inspection.
Labels distribution in buckets (bucket size) : largest - 19, top 0.1% - 19, top 0.5% - 16, top 2% - 12, top 10% - 7, top 50% - 2
Reduced cost fixing for graph G_2... 23616 buck. arcs remain (46.6% from prev., 38.5% from max.) + 4465 jump buck. arcs (7.28% from max.)
 TT = 0.029922, pt = 0.002872, dt = 0.011296, ct = 0.015577, ndl = 7', bdl = 94', odl = 3', odf = 44', lpcb = 176', cnt = 126', bdch = 931', odch = 134', lcp = 74'
Labels distribution in buckets (bucket size) : largest - 22, top 0.1% - 22, top 0.5% - 18, top 2% - 13, top 10% - 8, top 50% - 2
Run forward enumeration with border = 50... succeeded! lpt = 0.1671, ndl = 37', dl = 46', lpcb = 835', dch = 832'
Run enumeration concatenation with time limit 0.3 sec.... time limit reached, not succeeded.
Sorting and storing enumerated solutions ...  TT = 0.565769, pt = 0.001932, dt = 0.1671, ct = 0.30127, ndl = 37', bdl = 46', lpcb = 835', cnt = 564', bdch = 832', odch = 0', lcp = 0'
Labels distribution in buckets (bucket size) : largest - 38, top 0.1% - 38, top 0.5% - 29, top 2% - 26, top 10% - 14, top 50% - 3
Reduced cost fixing for graph G_3... 19231 buck. arcs remain (34.9% from prev., 31.7% from max.) + 5639 jump buck. arcs (9.29% from max.)
 TT = 0.033962, pt = 0.003949, dt = 0.013914, ct = 0.015895, ndl = 11', bdl = 110', odl = 5', odf = 56', lpcb = 271', cnt = 174', bdch = 1387', odch = 224', lcp = 116'
Labels distribution in buckets (bucket size) : largest - 39, top 0.1% - 39, top 0.5% - 32, top 2% - 28, top 10% - 17, top 50% - 3
Run forward enumeration with border = 80... succeeded! lpt = 0.384903, ndl = 118', dl = 65', lpcb = 2086', dch = 730'
Run enumeration concatenation with time limit 0.3 sec.... time limit reached, not succeeded.
Sorting and storing enumerated solutions ...  TT = 0.907727, pt = 0.000646, dt = 0.384903, ct = 0.327049, ndl = 118', bdl = 65', lpcb = 2086', cnt = 2080', bdch = 730', odch = 0', lcp = 0'
Added 374 columns in the formulation 
Removed 319 columns (not in the enumerated set) from the formulation
Regenerated 374 columns with the 'enumerated' flag
<DWph=2> <it= 40> <et=2.29> <Mt= 0.03> <Spt= 0.01> <nCl=  6> <al=0.50> <DB=  992.1541> <Mlp=  992.1541> <PB=1035.234> 
<DWph=1> <it= 41> <et=2.30> <Mt= 0.01> <Spt= 0.01> <nCl=  8> <al=0.00> <DB=  990.7958> <Mlp=  992.1541> <PB=1035.234> 
<DWph=0> <it= 42> <et=2.30> <Mt= 0.00> <Spt= 0.00> <nCl=  0> <al=0.30> <DB=  992.1541> <Mlp=  992.1541> <PB=1035.234> 
@@ 1 0 992.154 0 0 0 2.3
@@ 1 0 992.154 0 0 38.4939 2.3
@@ 1 0 992.154 0 0 31.682 2.3
ColGenEvalAlg final dual bound: 992.154 (rounded: 992.154)
Shrinking heuristic shrunk 7 edges
1 Rank-1 1-rows pack. cuts added ,  max viol. = 0.139055, aver. viol. = 0.139055
150 Rank-1 3-rows pack. cuts added ,  max viol. = 0.5, aver. viol. = 0.279391
----- Add fac. cuts : R1C(151), max.viol = 0.5, aver.viol = 0.278629, sep/add took 0.00726189/0.0591967 sec. -----
2086 columns (2086 active), 151 dyn. constrs. (151 active), 257 art. vars. (257 active)
<DWph=2> <it=  1> <et=2.39> <Mt= 0.00> <Spt= 0.01> <nCl= 27> <al=0.50> <DB=  996.7681> <Mlp= 1008.6179> <PB=1035.234> 
<DWph=2> <it=  2> <et=2.41> <Mt= 0.01> <Spt= 0.01> <nCl= 33> <al=0.40> <DB=  986.3156> <Mlp= 1005.2292> <PB=1035.234> 
<DWph=2> <it=  3> <et=2.42> <Mt= 0.00> <Spt= 0.01> <nCl= 18> <al=0.30> <DB=  996.2759> <Mlp= 1004.4515> <PB=1035.234> 
<DWph=2> <it=  4> <et=2.43> <Mt= 0.01> <Spt= 0.01> <nCl=  9> <al=0.20> <DB= 1002.5215> <Mlp= 1004.2424> <PB=1035.234> 
<DWph=2> <it=  5> <et=2.44> <Mt= 0.00> <Spt= 0.01> <nCl= 15> <al=0.10> <DB=  994.8791> <Mlp= 1004.1228> <PB=1035.234> 
<DWph=2> <it=  6> <et=2.45> <Mt= 0.00> <Spt= 0.00> <nCl=  1> <al=0.00> <DB=  998.3468> <Mlp= 1004.1228> <PB=1035.234> 
<DWph=2> <it=  7> <et=2.45> <Mt= 0.00> <Spt= 0.01> <nCl=  0> <al=0.00> <DB= 1004.1228> <Mlp= 1004.1228> <PB=1035.234> 
<DWph=1> <it=  8> <et=2.47> <Mt= 0.00> <Spt= 0.01> <nCl= 16> <al=0.00> <DB=  998.7983> <Mlp= 1004.1228> <PB=1035.234> 
<DWph=1> <it=  9> <et=2.48> <Mt= 0.00> <Spt= 0.01> <nCl= 11> <al=0.00> <DB=  998.0425> <Mlp= 1003.8924> <PB=1035.234> 
<DWph=1> <it= 10> <et=2.49> <Mt= 0.00> <Spt= 0.01> <nCl=  5> <al=0.00> <DB= 1002.4727> <Mlp= 1003.8079> <PB=1035.234> 
<DWph=1> <it= 11> <et=2.51> <Mt= 0.01> <Spt= 0.01> <nCl=  8> <al=0.00> <DB= 1001.9529> <Mlp= 1003.7943> <PB=1035.234> 
<DWph=1> <it= 12> <et=2.52> <Mt= 0.00> <Spt= 0.01> <nCl=  4> <al=0.00> <DB= 1002.8975> <Mlp= 1003.7868> <PB=1035.234> 
<DWph=1> <it= 13> <et=2.53> <Mt= 0.00> <Spt= 0.01> <nCl=  0> <al=0.00> <DB= 1003.7858> <Mlp= 1003.7858> <PB=1035.234> 
    TT = 0.002738, performed by inspection with 35544 solutions, nbR1C = 26, nbDiscC = 0
    RCSP exact solver info for graph G_2 : TT = 0.009294, pt = 0.000202, dt = 0.007347, ct = 0.001453, ndl = 2', bdl = 13', odl = 2', odf = 16', bsi = 1', cnt = 7', bdch = 122', odch = 24', lcp = 14', #sols = 150
    RCSP exact solver info for graph G_3 : TT = 0.015539, pt = 0.000216, dt = 0.013022, ct = 0.001932, ndl = 4', bdl = 30', odl = 4', odf = 33', bsi = 1', cnt = 14', bdch = 477', odch = 99', lcp = 54', #sols = 150
<DWph=0> <it= 14> <et=2.58> <Mt= 0.00> <Spt= 0.05> <nCl=224> <al=0.00> <DB=  979.8570> <Mlp= 1003.7858> <PB=1035.234> 
    TT = 0.002725, performed by inspection with 35544 solutions, nbR1C = 25, nbDiscC = 0
    RCSP exact solver info for graph G_2 : TT = 0.007938, pt = 0.000231, dt = 0.006052, ct = 0.001381, ndl = 2', bdl = 12', odl = 2', odf = 15', bsi = 1', cnt = 6', bdch = 108', odch = 23', lcp = 13', #sols = 150
    RCSP exact solver info for graph G_3 : TT = 0.012883, pt = 0.000221, dt = 0.010555, ct = 0.001785, ndl = 4', bdl = 27', odl = 4', odf = 31', bsi = 1', cnt = 13', bdch = 410', odch = 88', lcp = 50', #sols = 150
<DWph=0> <it= 15> <et=2.62> <Mt= 0.00> <Spt= 0.03> <nCl=114> <al=0.00> <DB= 1001.4033> <Mlp= 1002.8647> <PB=1035.234> 
    TT = 0.0027, performed by inspection with 35544 solutions, nbR1C = 24, nbDiscC = 0
    RCSP exact solver info for graph G_2 : TT = 0.007991, pt = 0.000227, dt = 0.006085, ct = 0.001391, ndl = 2', bdl = 13', odl = 2', odf = 16', bsi = 1', cnt = 6', bdch = 112', odch = 23', lcp = 13', #sols = 150
    RCSP exact solver info for graph G_3 : TT = 0.012875, pt = 0.000218, dt = 0.010541, ct = 0.001777, ndl = 4', bdl = 27', odl = 4', odf = 31', bsi = 1', cnt = 13', bdch = 408', odch = 87', lcp = 50', #sols = 150
<DWph=0> <it= 16> <et=2.65> <Mt= 0.01> <Spt= 0.03> <nCl= 10> <al=0.00> <DB= 1002.8559> <Mlp= 1002.8559> <PB=1035.234> 
Dynamic params and stats :  aver.obdmd = 21.0769 aver.buck.num. = 26 nbR1C = 24 with avMem = 6.375
@@ 1 1 1002.86 0.002721 0.002738 0 2.65
Dynamic params and stats :  aver.obdmd = 23.1154 aver.buck.num. = 26 nbR1C = 24 with avMem = 6.375
@@ 1 1 1002.86 0.007903 0.0088 38.4939 2.65
Dynamic params and stats :  aver.obdmd = 22.8462 aver.buck.num. = 25 nbR1C = 24 with avMem = 6.375
@@ 1 1 1002.86 0.013204 0.014954 31.682 2.65
Reduced cost fixing for graph G_1...  took 0 sec., done by inspection with 35544 solutions, remains 20695 (58.2%)
Labels distribution in buckets (bucket size) : largest - 24, top 0.1% - 24, top 0.5% - 22, top 2% - 18, top 10% - 9, top 50% - 2
Reduced cost fixing for graph G_2... 18079 buck. arcs remain (76.6% from prev., 29.5% from max.) + 4670 jump buck. arcs (7.61% from max.)
 TT = 0.041916, pt = 0.004022, dt = 0.017768, ct = 0.019871, ndl = 10', bdl = 82', odl = 4', odf = 51', lpcb = 85', cnt = 129', bdch = 870', odch = 195', lcp = 104'
Labels distribution in buckets (bucket size) : largest - 34, top 0.1% - 34, top 0.5% - 29, top 2% - 20, top 10% - 10, top 50% - 2
Run forward enumeration with border = 50... succeeded! lpt = 0.101021, ndl = 20', dl = 17', lpcb = 375', dch = 267'
Run enumeration concatenation with time limit 0.3 sec.... succeeded!
Sorting and storing enumerated solutions ... done!
 TT = 0.415984, pt = 0, dt = 0.101021, ct = 0.154123, ndl = 20', bdl = 17', lpcb = 375', cnt = 388', bdch = 267', odch = 0', lcp = 0'
Enumeration succeeded!, number of elem. solutions is 93052
Estimating inspection time...     TT = 0.015573, performed by inspection with 93052 solutions, nbR1C = 24, nbDiscC = 0
Inspection time is low enough. Pricing will be done by inspection.
Labels distribution in buckets (bucket size) : largest - 52, top 0.1% - 52, top 0.5% - 43, top 2% - 33, top 10% - 18, top 50% - 3
Reduced cost fixing for graph G_3... 14159 buck. arcs remain (73.6% from prev., 23.3% from max.) + 5739 jump buck. arcs (9.45% from max.)
 TT = 0.046889, pt = 0.004559, dt = 0.019812, ct = 0.022203, ndl = 13', bdl = 88', odl = 4', odf = 61', lpcb = 106', cnt = 182', bdch = 967', odch = 306', lcp = 139'
Labels distribution in buckets (bucket size) : largest - 53, top 0.1% - 53, top 0.5% - 49, top 2% - 37, top 10% - 21, top 50% - 4
Run forward enumeration with border = 80... succeeded! lpt = 0.236794, ndl = 56', dl = 23', lpcb = 825', dch = 226'
Run enumeration concatenation with time limit 0.37608 sec.... time limit reached, not succeeded.
Sorting and storing enumerated solutions ...  TT = 0.695191, pt = 0, dt = 0.236794, ct = 0.386969, ndl = 56', bdl = 23', lpcb = 825', cnt = 1483', bdch = 226', odch = 0', lcp = 0'
Added 445 columns in the formulation 
Removed 516 columns (not in the enumerated set) from the formulation
Regenerated 445 columns with the 'enumerated' flag
<DWph=2> <it= 17> <et=4.04> <Mt= 0.07> <Spt= 0.01> <nCl=  8> <al=0.00> <DB= 1003.4713> <Mlp= 1003.4713> <PB=1035.234> 
<DWph=1> <it= 18> <et=4.05> <Mt= 0.00> <Spt= 0.01> <nCl=  5> <al=0.00> <DB= 1003.4713> <Mlp= 1003.4713> <PB=1035.234> 
    TT = 0.001657, performed by inspection with 20695 solutions, nbR1C = 24, nbDiscC = 0
    TT = 0.011217, performed by inspection with 93052 solutions, nbR1C = 24, nbDiscC = 0
    RCSP exact solver info for graph G_3 : TT = 0.011517, pt = 0.000216, dt = 0.00927, ct = 0.001578, ndl = 4', bdl = 19', odl = 3', odf = 29', bsi = 1', cnt = 12', bdch = 310', odch = 83', lcp = 46', #sols = 150
<DWph=0> <it= 19> <et=4.09> <Mt= 0.00> <Spt= 0.04> <nCl=114> <al=0.30> <DB= 1000.2241> <Mlp= 1003.4713> <PB=1035.234> 
    TT = 0.001668, performed by inspection with 20695 solutions, nbR1C = 24, nbDiscC = 0
    TT = 0.011128, performed by inspection with 93052 solutions, nbR1C = 24, nbDiscC = 0
    RCSP exact solver info for graph G_3 : TT = 0.011359, pt = 0.000225, dt = 0.009162, ct = 0.001579, ndl = 4', bdl = 19', odl = 3', odf = 29', bsi = 1', cnt = 12', bdch = 310', odch = 83', lcp = 46', #sols = 150
    TT = 0.001685, performed by inspection with 20695 solutions, nbR1C = 24, nbDiscC = 0
    TT = 0.01117, performed by inspection with 93052 solutions, nbR1C = 24, nbDiscC = 0
    RCSP exact solver info for graph G_3 : TT = 0.011336, pt = 0.000222, dt = 0.009136, ct = 0.001573, ndl = 4', bdl = 19', odl = 3', odf = 29', bsi = 1', cnt = 12', bdch = 309', odch = 83', lcp = 45', #sols = 150
<DWph=0> <it= 20> <et=4.15> <Mt= 0.01> <Spt= 0.06> <nCl=  7> <al=0.00> <DB= 1003.4713> <Mlp= 1003.4713> <PB=1035.234> 
Dynamic params and stats :  aver.obdmd = 21.0769 aver.buck.num. = 26 nbR1C = 24 with avMem = 6.25
@@ 1 1 1003.47 0.00167 0.001685 0 4.15
Dynamic params and stats :  aver.obdmd = 23.1154 aver.buck.num. = 26 nbR1C = 24 with avMem = 6.25
@@ 1 1 1003.47 0.0111717 0.011217 0 4.15
Dynamic params and stats :  aver.obdmd = 22.8462 aver.buck.num. = 25 nbR1C = 24 with avMem = 6.25
@@ 1 1 1003.47 0.010766 0.010848 23.3262 4.15
Reduced cost fixing for graph G_1...  took 0 sec., done by inspection with 20695 solutions, remains 17774 (85.9%)
Reduced cost fixing for graph G_2...  took 0.01 sec., done by inspection with 93052 solutions, remains 72020 (77.4%)
Removed 9 columns (not in the enumerated set) from the formulation
    Full reduced cost fixing is not called (gap ratio is 0.980996)
ColGenEvalAlg final dual bound: 1003.47 (rounded: 1003.47)
Gap improvement since the last cut separation : 0.262701 (992.154)
Current active cuts : R1C(24,64.0759) 3rowPackR1C(24)
Shrinking heuristic shrunk 14 edges
1 Rank-1 1-rows pack. cuts added ,  max viol. = 0.280255, aver. viol. = 0.280255
57 Rank-1 3-rows pack. cuts added ,  max viol. = 0.280255, aver. viol. = 0.159236
Building structures for heuristic rank-1 packing cut separation...done!
100 Rank-1 4-rows pack. cuts added ,  max viol. = 0.280255, aver. viol. = 0.201783
----- Add fac. cuts : R1C(158), max.viol = 0.280255, aver.viol = 0.186931, sep/add took 0.030046/0.0745844 sec. -----
3004 columns (2190 active), 309 dyn. constrs. (182 active), 415 art. vars. (288 active)
<DWph=2> <it=  1> <et=4.32> <Mt= 0.01> <Spt= 0.01> <nCl=  6> <al=0.50> <DB= 1004.5812> <Mlp= 1006.8855> <PB=1035.234> 
<DWph=2> <it=  2> <et=4.33> <Mt= 0.00> <Spt= 0.01> <nCl= 10> <al=0.00> <DB= 1006.8810> <Mlp= 1006.8810> <PB=1035.234> 
<DWph=1> <it=  3> <et=4.34> <Mt= 0.00> <Spt= 0.00> <nCl=  4> <al=0.30> <DB= 1006.6853> <Mlp= 1006.8810> <PB=1035.234> 
<DWph=1> <it=  4> <et=4.35> <Mt= 0.00> <Spt= 0.01> <nCl=  5> <al=0.00> <DB= 1006.8807> <Mlp= 1006.8807> <PB=1035.234> 
    TT = 0.001799, performed by inspection with 17774 solutions, nbR1C = 45, nbDiscC = 0
    TT = 0.010231, performed by inspection with 72020 solutions, nbR1C = 45, nbDiscC = 0
    RCSP exact solver info for graph G_3 : TT = 0.015857, pt = 0.000366, dt = 0.013001, ct = 0.002046, ndl = 5', bdl = 24', odl = 3', odf = 33', bsi = 1', cnt = 20', bdch = 475', odch = 119', lcp = 67', #sols = 150
    TT = 0.001792, performed by inspection with 17774 solutions, nbR1C = 45, nbDiscC = 0
    TT = 0.010196, performed by inspection with 72020 solutions, nbR1C = 45, nbDiscC = 0
    RCSP exact solver info for graph G_3 : TT = 0.015794, pt = 0.00038, dt = 0.012974, ct = 0.002051, ndl = 5', bdl = 24', odl = 3', odf = 34', bsi = 1', cnt = 20', bdch = 477', odch = 120', lcp = 67', #sols = 150
<DWph=0> <it=  5> <et=4.43> <Mt= 0.00> <Spt= 0.08> <nCl=101> <al=0.00> <DB= 1006.8807> <Mlp= 1006.8807> <PB=1035.234> 
Dynamic params and stats :  aver.obdmd = 21.0769 aver.buck.num. = 26 nbR1C = 45 with avMem = 7
@@ 1 2 1006.88 0.0017955 0.001799 0 4.43
Dynamic params and stats :  aver.obdmd = 23.1154 aver.buck.num. = 26 nbR1C = 45 with avMem = 7
@@ 1 2 1006.88 0.0102135 0.010231 0 4.43
Dynamic params and stats :  aver.obdmd = 22.8462 aver.buck.num. = 25 nbR1C = 45 with avMem = 7
@@ 1 2 1006.88 0.015036 0.015047 23.3262 4.43
Reduced cost fixing for graph G_1...  took 0 sec., done by inspection with 17774 solutions, remains 15202 (85.5%)
Reduced cost fixing for graph G_2...  took 0.01 sec., done by inspection with 72020 solutions, remains 54131 (75.2%)
Labels distribution in buckets (bucket size) : largest - 62, top 0.1% - 62, top 0.5% - 53, top 2% - 44, top 10% - 24, top 50% - 4
Reduced cost fixing for graph G_3... 12561 buck. arcs remain (88.7% from prev., 20.7% from max.) + 5766 jump buck. arcs (9.5% from max.)
 TT = 0.058687, pt = 0.006738, dt = 0.026519, ct = 0.02501, ndl = 17', bdl = 97', odl = 4', odf = 68', lpcb = 101', cnt = 227', bdch = 1285', odch = 428', lcp = 208'
Labels distribution in buckets (bucket size) : largest - 74, top 0.1% - 74, top 0.5% - 58, top 2% - 49, top 10% - 27, top 50% - 4
Run forward enumeration with border = 80... succeeded! lpt = 0.208688, ndl = 45', dl = 15', lpcb = 622', dch = 143'
Run enumeration concatenation with time limit 0.46215 sec.... succeeded!
Sorting and storing enumerated solutions ... done!
 TT = 0.897378, pt = 0, dt = 0.208688, ct = 0.369241, ndl = 45', bdl = 15', lpcb = 622', cnt = 1444', bdch = 143', odch = 0', lcp = 0'
Enumeration succeeded!, number of elem. solutions is 153313
Estimating inspection time...     TT = 0.048007, performed by inspection with 153313 solutions, nbR1C = 45, nbDiscC = 0
Inspection time is too high. Pricing will be done by the labelling algorithm.
Removed 4 columns (not in the enumerated set) from the formulation
ColGenEvalAlg final dual bound: 1006.88 (rounded: 1006.88)
Gap improvement since the last cut separation : 0.107342 (1003.47)
Current active cuts : R1C(1+44,78.5062) 1rowPackR1C(1) 3rowPackR1C(29) 4rowPackR1C(15)
Shrinking heuristic shrunk 4 edges
3 Rank-1 1-rows pack. cuts added ,  max viol. = 0.102911, aver. viol. = 0.0832413
128 Rank-1 3-rows pack. cuts added ,  max viol. = 0.199971, aver. viol. = 0.075731
Building structures for heuristic rank-1 packing cut separation...done!
66 Rank-1 4-rows pack. cuts added ,  max viol. = 0.24276, aver. viol. = 0.113034
100 Rank-1 5-rows pack. cuts added ,  max viol. = 0.32808, aver. viol. = 0.202839
----- Add fac. cuts : R1C(297), max.viol = 0.363352, aver.viol = 0.13025, sep/add took 0.50801/0.151811 sec. -----
2316 columns (2312 active), 479 dyn. constrs. (342 active), 712 art. vars. (448 active)
<DWph=2> <it=  1> <et=6.21> <Mt= 0.01> <Spt= 0.01> <nCl= 11> <al=0.00> <DB= 1007.7867> <Mlp= 1007.7867> <PB=1035.234> 
<DWph=1> <it=  2> <et=6.22> <Mt= 0.00> <Spt= 0.01> <nCl=  9> <al=0.40> <DB= 1005.2630> <Mlp= 1007.7867> <PB=1035.234> 
<DWph=1> <it=  3> <et=6.24> <Mt= 0.01> <Spt= 0.01> <nCl=  3> <al=0.00> <DB= 1002.0080> <Mlp= 1007.7867> <PB=1035.234> 
<DWph=1> <it=  4> <et=6.25> <Mt= 0.00> <Spt= 0.01> <nCl=  3> <al=0.20> <DB= 1004.6827> <Mlp= 1007.7867> <PB=1035.234> 
<DWph=1> <it=  5> <et=6.26> <Mt= 0.00> <Spt= 0.01> <nCl=  3> <al=0.10> <DB= 1006.2454> <Mlp= 1007.7867> <PB=1035.234> 
<DWph=1> <it=  6> <et=6.26> <Mt= 0.00> <Spt= 0.00> <nCl=  0> <al=0.00> <DB= 1007.7866> <Mlp= 1007.7866> <PB=1035.234> 
    TT = 0.001749, performed by inspection with 15202 solutions, nbR1C = 62, nbDiscC = 0
    TT = 0.008296, performed by inspection with 54131 solutions, nbR1C = 62, nbDiscC = 0
    RCSP exact solver info for graph G_3 : TT = 0.019709, pt = 0.000533, dt = 0.016311, ct = 0.002391, ndl = 6', bdl = 23', odl = 3', odf = 35', bsi = 2', cnt = 27', bdch = 577', odch = 164', lcp = 85', #sols = 150
<DWph=0> <it=  7> <et=6.31> <Mt= 0.01> <Spt= 0.05> <nCl= 63> <al=0.00> <DB= 1004.6564> <Mlp= 1007.7866> <PB=1035.234> 
    TT = 0.001761, performed by inspection with 15202 solutions, nbR1C = 61, nbDiscC = 0
    TT = 0.008211, performed by inspection with 54131 solutions, nbR1C = 61, nbDiscC = 0
    RCSP exact solver info for graph G_3 : TT = 0.019662, pt = 0.000566, dt = 0.016192, ct = 0.002466, ndl = 6', bdl = 24', odl = 3', odf = 36', bsi = 2', cnt = 29', bdch = 582', odch = 165', lcp = 85', #sols = 150
<DWph=0> <it=  8> <et=6.36> <Mt= 0.00> <Spt= 0.04> <nCl= 31> <al=0.00> <DB= 1007.7729> <Mlp= 1007.7729> <PB=1035.234> 
Dynamic params and stats :  aver.obdmd = 21.0769 aver.buck.num. = 26 nbR1C = 61 with avMem = 7.70492
@@ 1 3 1007.77 0.001755 0.001761 0 6.36
Dynamic params and stats :  aver.obdmd = 23.1154 aver.buck.num. = 26 nbR1C = 61 with avMem = 7.70492
@@ 1 3 1007.77 0.0082535 0.008296 0 6.36
Dynamic params and stats :  aver.obdmd = 22.8462 aver.buck.num. = 25 nbR1C = 61 with avMem = 7.70492
@@ 1 3 1007.77 0.01868 0.018702 20.6936 6.36
Reduced cost fixing for graph G_1...  took 0 sec., done by inspection with 15202 solutions, remains 14087 (92.7%)
Reduced cost fixing for graph G_2...  took 0.01 sec., done by inspection with 54131 solutions, remains 48107 (88.9%)
Removed 4 columns (not in the enumerated set) from the formulation
    Full reduced cost fixing is not called (gap ratio is 0.968532)
ColGenEvalAlg final dual bound: 1007.77 (rounded: 1007.77)
Gap improvement since the last cut separation : 0.0314684 (1006.88)
Current active cuts : R1C(2+59,110.278) 1rowPackR1C(2) 3rowPackR1C(37) 4rowPackR1C(19) 5rowPackR1C(3)
Shrinking heuristic shrunk 4 edges
1 Rank-1 1-rows pack. cuts added ,  max viol. = 0.0934367, aver. viol. = 0.0934367
52 Rank-1 3-rows pack. cuts added ,  max viol. = 0.181435, aver. viol. = 0.0746184
Building structures for heuristic rank-1 packing cut separation...done!
37 Rank-1 4-rows pack. cuts added ,  max viol. = 0.181435, aver. viol. = 0.0551769
100 Rank-1 5-rows pack. cuts added ,  max viol. = 0.181435, aver. viol. = 0.118265
----- Add fac. cuts : R1C(190), max.viol = 0.189431, aver.viol = 0.112193, sep/add took 0.505087/0.0997731 sec. -----
2435 columns (2431 active), 532 dyn. constrs. (252 active), 902 art. vars. (358 active)
<DWph=2> <it=  1> <et=7.11> <Mt= 0.01> <Spt= 0.01> <nCl=  6> <al=0.00> <DB= 1008.4121> <Mlp= 1008.4121> <PB=1035.234> 
<DWph=1> <it=  2> <et=7.12> <Mt= 0.00> <Spt= 0.02> <nCl=  6> <al=0.00> <DB= 1008.4121> <Mlp= 1008.4121> <PB=1035.234> 
    TT = 0.001747, performed by inspection with 14087 solutions, nbR1C = 71, nbDiscC = 0
    TT = 0.007814, performed by inspection with 48107 solutions, nbR1C = 71, nbDiscC = 0
    RCSP exact solver info for graph G_3 : TT = 0.021535, pt = 0.000594, dt = 0.017789, ct = 0.00268, ndl = 6', bdl = 25', odl = 3', odf = 37', bsi = 2', cnt = 34', bdch = 639', odch = 185', lcp = 94', #sols = 150
    TT = 0.001755, performed by inspection with 14087 solutions, nbR1C = 71, nbDiscC = 0
    TT = 0.007819, performed by inspection with 48107 solutions, nbR1C = 71, nbDiscC = 0
    RCSP exact solver info for graph G_3 : TT = 0.021389, pt = 0.000612, dt = 0.017656, ct = 0.002698, ndl = 6', bdl = 25', odl = 3', odf = 37', bsi = 2', cnt = 34', bdch = 639', odch = 185', lcp = 94', #sols = 150
<DWph=0> <it=  3> <et=7.20> <Mt= 0.00> <Spt= 0.07> <nCl= 35> <al=0.00> <DB= 1008.4121> <Mlp= 1008.4121> <PB=1035.234> 
Dynamic params and stats :  aver.obdmd = 21.0769 aver.buck.num. = 26 nbR1C = 71 with avMem = 7.49296
@@ 1 4 1008.41 0.001751 0.001755 0 7.2
Dynamic params and stats :  aver.obdmd = 23.1154 aver.buck.num. = 26 nbR1C = 71 with avMem = 7.49296
@@ 1 4 1008.41 0.0078165 0.007819 0 7.2
Dynamic params and stats :  aver.obdmd = 22.8462 aver.buck.num. = 25 nbR1C = 71 with avMem = 7.49296
@@ 1 4 1008.41 0.0204115 0.020469 20.6936 7.2
Reduced cost fixing for graph G_1...  took 0 sec., done by inspection with 14087 solutions, remains 13400 (95.1%)
Reduced cost fixing for graph G_2...  took 0 sec., done by inspection with 48107 solutions, remains 44872 (93.3%)
Removed 3 columns (not in the enumerated set) from the formulation
    Full reduced cost fixing is not called (gap ratio is 0.945988)
ColGenEvalAlg final dual bound: 1008.41 (rounded: 1008.41)
Gap improvement since the last cut separation : 0.0232762 (1007.77)
Current active cuts : R1C(2+69,115.865) 1rowPackR1C(2) 3rowPackR1C(40) 4rowPackR1C(23) 5rowPackR1C(6)
Shrinking heuristic shrunk 8 edges
4 Rank-1 1-rows pack. cuts added ,  max viol. = 0.0586023, aver. viol. = 0.0474484
37 Rank-1 3-rows pack. cuts added ,  max viol. = 0.130387, aver. viol. = 0.0600698
Building structures for heuristic rank-1 packing cut separation...done!
55 Rank-1 4-rows pack. cuts added ,  max viol. = 0.0849671, aver. viol. = 0.0540043
100 Rank-1 5-rows pack. cuts added ,  max viol. = 0.112123, aver. viol. = 0.0750045
----- Add fac. cuts : R1C(196), max.viol = 0.156188, aver.viol = 0.0756163, sep/add took 0.448464/0.0994226 sec. -----
2478 columns (2475 active), 448 dyn. constrs. (268 active), 1098 art. vars. (374 active)
<DWph=2> <it=  1> <et=7.91> <Mt= 0.02> <Spt= 0.02> <nCl=  9> <al=0.00> <DB= 1008.8116> <Mlp= 1008.8116> <PB=1035.234> 
<DWph=1> <it=  2> <et=7.92> <Mt= 0.00> <Spt= 0.01> <nCl=  6> <al=0.00> <DB= 1008.4837> <Mlp= 1008.8116> <PB=1035.234> 
    TT = 0.001969, performed by inspection with 13400 solutions, nbR1C = 95, nbDiscC = 0
    TT = 0.008998, performed by inspection with 44872 solutions, nbR1C = 95, nbDiscC = 0
    RCSP exact solver info for graph G_3 : TT = 0.028558, pt = 0.000809, dt = 0.023833, ct = 0.003435, ndl = 7', bdl = 29', odl = 3', odf = 42', bsi = 2', cnt = 48', bdch = 844', odch = 244', lcp = 123', #sols = 150
<DWph=0> <it=  3> <et=7.98> <Mt= 0.00> <Spt= 0.05> <nCl= 38> <al=0.30> <DB= 1007.2964> <Mlp= 1008.8104> <PB=1035.234> 
    TT = 0.002028, performed by inspection with 13400 solutions, nbR1C = 97, nbDiscC = 0
    TT = 0.009233, performed by inspection with 44872 solutions, nbR1C = 97, nbDiscC = 0
    RCSP exact solver info for graph G_3 : TT = 0.028346, pt = 0.000863, dt = 0.023613, ct = 0.003406, ndl = 7', bdl = 29', odl = 3', odf = 42', bsi = 2', cnt = 45', bdch = 833', odch = 240', lcp = 121', #sols = 150
    TT = 0.001746, performed by inspection with 13400 solutions, nbR1C = 76, nbDiscC = 0
    TT = 0.007694, performed by inspection with 44872 solutions, nbR1C = 76, nbDiscC = 0
    RCSP exact solver info for graph G_3 : TT = 0.02564, pt = 0.000672, dt = 0.021318, ct = 0.003167, ndl = 7', bdl = 29', odl = 3', odf = 42', bsi = 2', cnt = 44', bdch = 824', odch = 235', lcp = 118', #sols = 150
<DWph=0> <it=  4> <et=8.07> <Mt= 0.00> <Spt= 0.09> <nCl=  9> <al=0.00> <DB= 1008.8017> <Mlp= 1008.8017> <PB=1035.234> 
Dynamic params and stats :  aver.obdmd = 21.0769 aver.buck.num. = 26 nbR1C = 76 with avMem = 7.75
@@ 1 5 1008.8 0.00191433 0.002028 0 8.07
Dynamic params and stats :  aver.obdmd = 23.1154 aver.buck.num. = 26 nbR1C = 76 with avMem = 7.75
@@ 1 5 1008.8 0.00864167 0.009233 0 8.07
Dynamic params and stats :  aver.obdmd = 22.8462 aver.buck.num. = 25 nbR1C = 76 with avMem = 7.75
@@ 1 5 1008.8 0.0262573 0.027268 20.6936 8.07
Reduced cost fixing for graph G_1...  took 0 sec., done by inspection with 13400 solutions, remains 12972 (96.8%)
Reduced cost fixing for graph G_2...  took 0 sec., done by inspection with 44872 solutions, remains 42207 (94.1%)
    Full reduced cost fixing is not called (gap ratio is 0.932248)
ColGenEvalAlg final dual bound: 1008.8 (rounded: 1008.8)
Gap improvement since the last cut separation : 0.0145245 (1008.41)
Cut generation tailing off counter increased to 1
Current active cuts : R1C(4+72,130.604) 1rowPackR1C(4) 3rowPackR1C(35) 4rowPackR1C(29) 5rowPackR1C(8)
Shrinking heuristic shrunk 10 edges
1 Rank-1 1-rows pack. cuts added ,  max viol. = 0.128571, aver. viol. = 0.128571
68 Rank-1 3-rows pack. cuts added ,  max viol. = 0.1875, aver. viol. = 0.0535714
Building structures for heuristic rank-1 packing cut separation...done!
53 Rank-1 4-rows pack. cuts added ,  max viol. = 0.103571, aver. viol. = 0.0510445
100 Rank-1 5-rows pack. cuts added ,  max viol. = 0.141071, aver. viol. = 0.0944286
----- Add fac. cuts : R1C(222), max.viol = 0.276786, aver.viol = 0.0932674, sep/add took 0.417692/0.126882 sec. -----
2540 columns (2537 active), 490 dyn. constrs. (298 active), 1320 art. vars. (404 active)
<DWph=2> <it=  1> <et=8.76> <Mt= 0.02> <Spt= 0.01> <nCl=  4> <al=0.00> <DB= 1009.0873> <Mlp= 1009.0873> <PB=1035.234> 
<DWph=1> <it=  2> <et=8.78> <Mt= 0.00> <Spt= 0.02> <nCl=  2> <al=0.00> <DB= 1009.0873> <Mlp= 1009.0873> <PB=1035.234> 
    TT = 0.00179, performed by inspection with 12972 solutions, nbR1C = 90, nbDiscC = 0
    TT = 0.008067, performed by inspection with 42207 solutions, nbR1C = 90, nbDiscC = 0
    RCSP exact solver info for graph G_3 : TT = 0.02932, pt = 0.00077, dt = 0.024547, ct = 0.003492, ndl = 7', bdl = 30', odl = 3', odf = 43', bsi = 2', cnt = 46', bdch = 889', odch = 258', lcp = 128', #sols = 150
<DWph=0> <it=  3> <et=8.83> <Mt= 0.00> <Spt= 0.04> <nCl= 12> <al=0.30> <DB= 1007.8699> <Mlp= 1009.0873> <PB=1035.234> 
    TT = 0.001799, performed by inspection with 12972 solutions, nbR1C = 90, nbDiscC = 0
    TT = 0.008077, performed by inspection with 42207 solutions, nbR1C = 90, nbDiscC = 0
    RCSP exact solver info for graph G_3 : TT = 0.029239, pt = 0.000809, dt = 0.024495, ct = 0.00348, ndl = 7', bdl = 30', odl = 3', odf = 43', bsi = 2', cnt = 47', bdch = 891', odch = 260', lcp = 129', #sols = 150
    TT = 0.001819, performed by inspection with 12972 solutions, nbR1C = 89, nbDiscC = 0
    TT = 0.00805, performed by inspection with 42207 solutions, nbR1C = 89, nbDiscC = 0
    RCSP exact solver info for graph G_3 : TT = 0.029179, pt = 0.0008, dt = 0.024462, ct = 0.003477, ndl = 7', bdl = 30', odl = 3', odf = 43', bsi = 2', cnt = 47', bdch = 892', odch = 260', lcp = 129', #sols = 150
<DWph=0> <it=  4> <et=8.92> <Mt= 0.00> <Spt= 0.09> <nCl=  0> <al=0.00> <DB= 1009.0873> <Mlp= 1009.0873> <PB=1035.234> 
Dynamic params and stats :  aver.obdmd = 21.0769 aver.buck.num. = 26 nbR1C = 89 with avMem = 8.13483
@@ 1 6 1009.09 0.00180267 0.001819 0 8.92
Dynamic params and stats :  aver.obdmd = 23.1154 aver.buck.num. = 26 nbR1C = 89 with avMem = 8.13483
@@ 1 6 1009.09 0.00806467 0.008077 0 8.92
Dynamic params and stats :  aver.obdmd = 22.8462 aver.buck.num. = 25 nbR1C = 89 with avMem = 8.13483
@@ 1 6 1009.09 0.0279843 0.028039 20.6936 8.92
Reduced cost fixing for graph G_1...  took 0 sec., done by inspection with 12972 solutions, remains 12796 (98.6%)
Reduced cost fixing for graph G_2...  took 0 sec., done by inspection with 42207 solutions, remains 41090 (97.4%)
    Full reduced cost fixing is not called (gap ratio is 0.922175)
ColGenEvalAlg final dual bound: 1009.09 (rounded: 1009.09)
Gap improvement since the last cut separation : 0.010805 (1008.8)
Cut generation tailing off counter increased to 2
Current active cuts : R1C(5+84,137.78) 1rowPackR1C(5) 3rowPackR1C(40) 4rowPackR1C(35) 5rowPackR1C(9)
Shrinking heuristic shrunk 6 edges
20 Rank-1 3-rows pack. cuts added ,  max viol. = 0.0677065, aver. viol. = 0.0334127
Building structures for heuristic rank-1 packing cut separation...done!
51 Rank-1 4-rows pack. cuts added ,  max viol. = 0.107257, aver. viol. = 0.0366906
100 Rank-1 5-rows pack. cuts added ,  max viol. = 0.107257, aver. viol. = 0.0610171
----- Add fac. cuts : R1C(171), max.viol = 0.180483, aver.viol = 0.0646843, sep/add took 0.528866/0.107991 sec. -----
2558 columns (2555 active), 469 dyn. constrs. (260 active), 1491 art. vars. (366 active)
<DWph=2> <it=  1> <et=9.71> <Mt= 0.01> <Spt= 0.02> <nCl=  5> <al=0.00> <DB= 1009.4559> <Mlp= 1009.4559> <PB=1035.234> 
<DWph=1> <it=  2> <et=9.72> <Mt= 0.01> <Spt= 0.01> <nCl=  7> <al=0.40> <DB= 1008.1316> <Mlp= 1009.4559> <PB=1035.234> 
<DWph=1> <it=  3> <et=9.74> <Mt= 0.00> <Spt= 0.01> <nCl=  1> <al=0.00> <DB= 1009.4534> <Mlp= 1009.4534> <PB=1035.234> 
    TT = 0.001915, performed by inspection with 12796 solutions, nbR1C = 92, nbDiscC = 0
    TT = 0.008425, performed by inspection with 41090 solutions, nbR1C = 92, nbDiscC = 0
    RCSP exact solver info for graph G_3 : TT = 0.031387, pt = 0.000803, dt = 0.026285, ct = 0.003815, ndl = 8', bdl = 32', odl = 4', odf = 45', bsi = 2', cnt = 51', bdch = 968', odch = 280', lcp = 141', #sols = 150
<DWph=0> <it=  4> <et=9.79> <Mt= 0.00> <Spt= 0.05> <nCl= 32> <al=0.20> <DB= 1009.2695> <Mlp= 1009.4534> <PB=1035.234> 
    TT = 0.001947, performed by inspection with 12796 solutions, nbR1C = 94, nbDiscC = 0
    TT = 0.008665, performed by inspection with 41090 solutions, nbR1C = 94, nbDiscC = 0
    RCSP exact solver info for graph G_3 : TT = 0.031491, pt = 0.000888, dt = 0.026354, ct = 0.003807, ndl = 8', bdl = 32', odl = 4', odf = 45', bsi = 2', cnt = 50', bdch = 965', odch = 279', lcp = 141', #sols = 150
    TT = 0.001948, performed by inspection with 12796 solutions, nbR1C = 94, nbDiscC = 0
    TT = 0.008646, performed by inspection with 41090 solutions, nbR1C = 94, nbDiscC = 0
    RCSP exact solver info for graph G_3 : TT = 0.03176, pt = 0.000866, dt = 0.026605, ct = 0.003827, ndl = 8', bdl = 32', odl = 4', odf = 45', bsi = 2', cnt = 50', bdch = 965', odch = 278', lcp = 141', #sols = 150
<DWph=0> <it=  5> <et=9.89> <Mt= 0.00> <Spt= 0.10> <nCl=  2> <al=0.00> <DB= 1009.4529> <Mlp= 1009.4529> <PB=1035.234> 
Dynamic params and stats :  aver.obdmd = 21.0769 aver.buck.num. = 26 nbR1C = 94 with avMem = 8.41489
@@ 1 7 1009.45 0.00193667 0.001948 0 9.89
Dynamic params and stats :  aver.obdmd = 23.1154 aver.buck.num. = 26 nbR1C = 94 with avMem = 8.41489
@@ 1 7 1009.45 0.00857867 0.008665 0 9.89
Dynamic params and stats :  aver.obdmd = 22.8462 aver.buck.num. = 25 nbR1C = 94 with avMem = 8.41489
@@ 1 7 1009.45 0.030231 0.030432 20.6936 9.89
Reduced cost fixing for graph G_1...  took 0 sec., done by inspection with 12796 solutions, remains 12593 (98.4%)
Reduced cost fixing for graph G_2...  took 0.01 sec., done by inspection with 41090 solutions, remains 39492 (96.1%)
    Full reduced cost fixing is not called (gap ratio is 0.909279)
ColGenEvalAlg final dual bound: 1009.45 (rounded: 1009.45)
Gap improvement since the last cut separation : 0.0139838 (1009.09)
----- Cut generation is stopped due to tailing off -----
Current active cuts : R1C(5+89,143.072) 1rowPackR1C(5) 3rowPackR1C(37) 4rowPackR1C(34) 5rowPackR1C(18)
------------------------------------------------
-- Enumeration for restr. mast. heur. started --
------------------------------------------------
<DWph=2> <it=  1> <et=10.04> <Mt= 0.01> <Spt= 0.00> <nCl=  0> <al=0.50> <DB= 1009.4529> <Mlp= 1009.4529> <PB=1035.234> 
<DWph=1> <it=  2> <et=10.04> <Mt= 0.00> <Spt= 0.00> <nCl=  0> <al=0.50> <DB= 1009.4529> <Mlp= 1009.4529> <PB=1035.234> 
@@ 2 0 1009.45 0 0 0 10.04
@@ 2 0 1009.45 0 0 0 10.04
@@ 2 0 1009.45 0 0 20.6936 10.04
<DWph=1> <it=  2> <et=10.04> <Mt= 0.00> <Spt= 0.00> <nCl=  0> <al=0.00> <DB= 1009.4529> <Mlp= 1009.4529> <PB=1035.234> 
False gap = 25.7811
Reduced cost fixing for graph G_1...  took 0 sec., done by inspection with 12593 solutions, remains 12593 (100%)
Reduced cost fixing for graph G_2...  took 0 sec., done by inspection with 39492 solutions, remains 39492 (100%)
Labels distribution in buckets (bucket size) : largest - 120, top 0.1% - 120, top 0.5% - 109, top 2% - 80, top 10% - 38, top 50% - 5
Reduced cost fixing for graph G_3...  took 0.06 sec., done by inspection with 153313 solutions, remains 101544 (66.2%)
Estimating inspection time...     TT = 0.034072, performed by inspection with 101544 solutions, nbR1C = 94, nbDiscC = 0
Inspection time is small enough, pricing will be done by inspection.
Added 723 columns in the formulation 
Removed 701 columns (not in the enumerated set) from the formulation
Regenerated 723 columns with the 'enumerated' flag
Added 5000 enum. columns to the heuristic restricted master 
Added 843 columns in the formulation 
Added 1266 columns in the formulation 
Added 2061 columns in the formulation 
------------------------------------------------
---- Restricted Master IP Heuristic started ----
------------------------------------------------
Version identifier: 20.1.0.0 | 2020-11-10 | 9bedb6d68
CPXPARAM_Advance                                 0
CPXPARAM_Threads                                 1
CPXPARAM_Emphasis_MIP                            1
CPXPARAM_MIP_Limits_Nodes                        2000000
CPXPARAM_Simplex_Tolerances_Optimality           9.9999999999999995e-08
CPXPARAM_Simplex_Tolerances_Feasibility          9.9999999999999995e-08
CPXPARAM_TimeLimit                               20
CPXPARAM_MIP_Tolerances_UpperCutoff              1035.2339999999999
CPXPARAM_MIP_Tolerances_MIPGap                   1.0000000000000001e-09
Tried aggregator 1 time.
MIP Presolve eliminated 7 rows and 743 columns.
MIP Presolve modified 50 coefficients.
Reduced MIP has 143 rows, 5328 columns, and 122412 nonzeros.
Reduced MIP has 5328 binaries, 0 generals, 0 SOSs, and 0 indicators.
Presolve time = 0.09 sec. (125.22 ticks)
Tried aggregator 1 time.
Detecting symmetries...
Reduced MIP has 143 rows, 5328 columns, and 122412 nonzeros.
Reduced MIP has 5328 binaries, 0 generals, 0 SOSs, and 0 indicators.
Presolve time = 0.05 sec. (93.63 ticks)
Probing fixed 95 vars, tightened 0 bounds.
Probing time = 0.26 sec. (439.06 ticks)
Clique table members: 354.
MIP emphasis: integer feasibility.
MIP search method: dynamic search.
Parallel mode: none, using 1 thread.
Root relaxation solution time = 0.04 sec. (59.10 ticks)

        Nodes                                         Cuts/
   Node  Left     Objective  IInf  Best Integer    Best Bound    ItCnt     Gap

      0     0     1009.5292    91                   1009.5292      496         
      0     0     1009.8930    82                    Cuts: 21      579         
      0     0     1010.1729   106                    Cuts: 20      655         
      0     0     1010.3611    86                     Cuts: 4      734         
Detecting symmetries...
      0     2     1010.3611    86                   1010.3635      734         
Elapsed time = 1.12 sec. (1839.31 ticks, tree = 0.01 MB, solutions = 0)
*     8     8      integral     0     1020.3913     1010.3641     1163    0.98%
*    32    16      integral     0     1020.1512     1010.6654     1756    0.93%
*    39    19      integral     0     1018.9605     1010.6654     2033    0.81%
*    40    18      integral     0     1018.8318     1010.6654     2034    0.80%
*    74    44      integral     0     1018.8167     1010.6654     2991    0.80%
     83    47     1013.0247    44     1018.8167     1010.6668     3290    0.80%
*   125    68      integral     0     1017.9400     1010.6668     4053    0.71%
    136    75     1013.9579    46     1017.9400     1011.1449     4682    0.67%
    220    95     1016.3826    26     1017.9400     1011.7018     6216    0.61%
    291   122     1016.8612    60     1017.9400     1011.9236     7997    0.59%
*   300+  125                         1017.8604     1011.9455             0.58%
*   355   114      integral     0     1017.3317     1012.1814     9032    0.51%
    365   108     1014.3868    18     1017.3317     1012.4093     9210    0.48%
*   367    66      integral     0     1015.8338     1012.4093     9263    0.34%
*   388    45      integral     0     1015.5762     1012.5318     9533    0.30%
*   393    36      integral     0     1015.2939     1012.5318     9631    0.27%

Clique cuts applied:  4
Zero-half cuts applied:  7
Gomory fractional cuts applied:  1

Root node processing (before b&c):
  Real time             =    1.12 sec. (1838.59 ticks)
Sequential b&c:
  Real time             =    0.72 sec. (1567.49 ticks)
                          ------------
Total (root+branch&cut) =    1.83 sec. (3406.08 ticks)
Solution status = Optimum
**** Strong branching phase 1 is started *****
SB phase 1 cand.  1 branch on VNB[0] (lhs=8.8469)     : [ 1011.7699,  1120.5496], score = 59.73      <et=12.45>
SB phase 1 cand.  2 branch on VNB[3] (lhs=1.8469)     : [ 1009.4938,  1944.0790], score = 1.05      <et=12.49>
SB phase 1 cand.  3 branch on ASB[1,6] (lhs=0.5006)   : [ 1009.7562,  1009.8868], score = 0.13      <et=12.51>
SB phase 1 cand.  4 branch on ASB[1,27] (lhs=0.4817)  : [ 1009.7067,  1010.5220], score = 0.27      <et=12.53>
SB phase 1 cand.  5 branch on ASB[2,13] (lhs=0.4682)  : [ 1009.7090,  1010.0010], score = 0.14      <et=12.55>
SB phase 1 cand.  6 branch on ASB[2,41] (lhs=0.4682)  : [ 1009.7115,  1009.8728], score = 0.11      <et=12.57>
SB phase 1 cand.  7 branch on ASB[1,16] (lhs=0.5343)  : [ 1009.7834,  1010.1252], score = 0.22      <et=12.59>
SB phase 1 cand.  8 branch on ASB[2,5] (lhs=0.5348)   : [ 1009.8083,  1009.8440], score = 0.14      <et=12.61>
SB phase 1 cand.  9 branch on ASB[1,46] (lhs=0.5368)  : [ 1009.8146,  1010.0034], score = 0.20      <et=12.63>
SB phase 1 cand. 10 branch on ASB[3,27] (lhs=0.4178)  : [ 1009.8635,  1009.8725], score = 0.17      <et=12.65>
SB phase 1 cand. 11 branch on ASB[2,14] (lhs=0.5830)  : [ 1009.8211,  1010.0658], score = 0.23      <et=12.67>
SB phase 1 cand. 12 branch on ASB[2,17] (lhs=0.4146)  : [ 1009.5180,  1010.3573], score = 0.06      <et=12.69>
SB phase 1 cand. 13 branch on ASB[1,17] (lhs=0.5854)  : [ 1009.5182,  1010.3573], score = 0.06      <et=12.71>
SB phase 1 cand. 14 branch on ASB[2,12] (lhs=0.4034)  : [ 1009.6115,  1009.8252], score = 0.06      <et=12.73>
SB phase 1 cand. 15 branch on ASB[2,18] (lhs=0.4034)  : [ 1009.8444,  1010.0545], score = 0.24      <et=12.75>
SB phase 1 cand. 16 branch on ASB[2,25] (lhs=0.4034)  : [ 1009.5927,  1009.9290], score = 0.07      <et=12.76>
SB phase 1 cand. 17 branch on ASB[2,47] (lhs=0.4034)  : [ 1009.8023,  1010.1270], score = 0.24      <et=12.78>
SB phase 1 cand. 18 branch on ASB[3,18] (lhs=0.5966)  : [ 1009.8461,  1009.9680], score = 0.20      <et=12.8>
SB phase 1 cand. 19 branch on ASB[3,25] (lhs=0.5966)  : [ 1009.8461,  1009.8579], score = 0.16      <et=12.82>
SB phase 1 cand. 20 branch on ASB[3,47] (lhs=0.5966)  : [ 1009.8023,  1010.0905], score = 0.22      <et=12.84>
SB phase 1 cand. 21 branch on ASB[3,12] (lhs=0.3847)  : [ 1009.5927,  1010.5852], score = 0.16      <et=12.86>
SB phase 1 cand. 22 branch on ASB[3,16] (lhs=0.3841)  : [ 1009.6061,  1009.8165], score = 0.06      <et=12.88>
SB phase 1 cand. 23 branch on ASB[3,32] (lhs=0.6190)  : [ 1009.6737,  1010.1190], score = 0.15      <et=12.9>
SB phase 1 cand. 24 branch on ASB[2,11] (lhs=0.3752)  : [ 1009.6355,  1010.0105], score = 0.10      <et=12.92>
SB phase 1 cand. 25 branch on ASB[1,21] (lhs=0.6380)  : [ 1009.7433,  1009.9176], score = 0.13      <et=12.94>
SB phase 1 cand. 26 branch on ASB[1,29] (lhs=0.6380)  : [ 1009.7583,  1009.9176], score = 0.14      <et=12.95>
SB phase 1 cand. 27 branch on ASB[1,1] (lhs=0.6504)   : [ 1009.7265,  1010.0786], score = 0.17      <et=12.97>
SB phase 1 cand. 28 branch on ASB[1,4] (lhs=0.6583)   : [ 1010.0634,  1010.4576], score = 0.61      <et=13>
SB phase 1 cand. 29 branch on ASB[1,37] (lhs=0.6583)  : [ 1009.9443,  1010.2712], score = 0.40      <et=13.02>
SB phase 1 cand. 30 branch on ASB[2,44] (lhs=0.6583)  : [ 1010.0086,  1010.3585], score = 0.50      <et=13.04>
SB phase 1 cand. 31 branch on ASB[3,21] (lhs=0.3264)  : [ 1009.6207,  1010.0647], score = 0.10      <et=13.06>
SB phase 1 cand. 32 branch on ASB[3,6] (lhs=0.3198)   : [ 1009.5858,  1011.7354], score = 0.30      <et=13.08>
SB phase 1 cand. 33 branch on ASB[3,14] (lhs=0.3198)  : [ 1009.5860,  1011.5267], score = 0.28      <et=13.11>
SB phase 1 cand. 34 branch on ASB[1,11] (lhs=0.3189)  : [ 1009.5412,  1010.2066], score = 0.07      <et=13.12>
SB phase 1 cand. 35 branch on ASB[1,22] (lhs=0.6820)  : [ 1009.7100,  1010.1510], score = 0.18      <et=13.15>
SB phase 1 cand. 36 branch on ASB[2,46] (lhs=0.3098)  : [ 1009.5107,  1009.8940], score = 0.03      <et=13.16>
SB phase 1 cand. 37 branch on ASB[3,11] (lhs=0.3059)  : [ 1009.7360,  1009.8802], score = 0.12      <et=13.18>
SB phase 1 cand. 38 branch on ASB[3,29] (lhs=0.2846)  : [ 1009.6104,  1010.0804], score = 0.10      <et=13.2>
SB phase 1 cand. 39 branch on ASB[1,44] (lhs=0.2768)  : [ 1009.5718,  1011.4437], score = 0.24      <et=13.22>
SB phase 1 cand. 40 branch on ASB[3,4] (lhs=0.2768)   : [ 1009.7216,  1012.5742], score = 0.84      <et=13.24>
SB phase 1 cand. 41 branch on ASB[3,13] (lhs=0.2768)  : [ 1009.9030,  1011.6296], score = 0.98      <et=13.27>
SB phase 1 cand. 42 branch on ASB[3,41] (lhs=0.2768)  : [ 1009.7216,  1011.5256], score = 0.56      <et=13.29>
SB phase 1 cand. 43 branch on ASB[1,13] (lhs=0.2550)  : [ 1009.5662,  1010.9675], score = 0.17      <et=13.3>
SB phase 1 cand. 44 branch on ASB[1,41] (lhs=0.2550)  : [ 1009.5662,  1010.9675], score = 0.17      <et=13.32>
SB phase 1 cand. 45 branch on ASB[1,32] (lhs=0.2502)  : [ 1009.5836,  1010.4255], score = 0.13      <et=13.34>
SB phase 1 cand. 46 branch on ASB[2,37] (lhs=0.2485)  : [ 1009.5256,  1010.5927], score = 0.08      <et=13.36>
SB phase 1 cand. 47 branch on ASB[3,5] (lhs=0.2460)   : [ 1009.5719,  1010.1893], score = 0.09      <et=13.38>
SB phase 1 cand. 48 branch on ASB[3,30] (lhs=0.2450)  : [ 1009.6556,  1010.1243], score = 0.14      <et=13.4>
SB phase 1 cand. 49 branch on ASB[3,34] (lhs=0.2450)  : [ 1009.6511,  1010.1346], score = 0.14      <et=13.42>
SB phase 1 cand. 50 branch on ASB[2,30] (lhs=0.7550)  : [ 1009.6752,  1010.1213], score = 0.15      <et=13.44>
SB phase 1 cand. 51 branch on ASB[2,34] (lhs=0.7550)  : [ 1009.6511,  1010.1340], score = 0.13      <et=13.46>
SB phase 1 cand. 52 branch on EDGE[5,10] (lhs=0.5033) : [ 1009.8054,  1010.7707], score = 0.46      <et=13.49>
SB phase 1 cand. 53 branch on EDGE[22,29] (lhs=0.4873): [ 1009.8036,  1010.3061], score = 0.30      <et=13.5>
SB phase 1 cand. 54 branch on EDGE[9,50] (lhs=0.5211) : [ 1009.6889,  1009.9006], score = 0.11      <et=13.52>
SB phase 1 cand. 55 branch on EDGE[30,49] (lhs=0.5393): [ 1009.8443,  1010.0869], score = 0.25      <et=13.55>
SB phase 1 cand. 56 branch on EDGE[9,30] (lhs=0.4291) : [ 1009.8228,  1010.2613], score = 0.30      <et=13.57>
SB phase 1 cand. 57 branch on EDGE[8,27] (lhs=0.4246) : [ 1009.8466,  1009.8915], score = 0.17      <et=13.59>
SB phase 1 cand. 58 branch on EDGE[6,23] (lhs=0.5830) : [ 1009.6403,  1010.7964], score = 0.25      <et=13.61>
SB phase 1 cand. 59 branch on EDGE[0,48] (lhs=0.5835) : [ 1009.6683,  1010.4037], score = 0.20      <et=13.63>
SB phase 1 cand. 60 branch on EDGE[27,48] (lhs=0.4165): [ 1009.6683,  1010.4037], score = 0.20      <et=13.65>
SB phase 1 cand. 61 branch on EDGE[10,49] (lhs=0.4146): [ 1010.0061,  1010.0825], score = 0.35      <et=13.67>
SB phase 1 cand. 62 branch on EDGE[11,16] (lhs=0.4083): [ 1009.7334,  1009.9897], score = 0.15      <et=13.69>
SB phase 1 cand. 63 branch on EDGE[2,32] (lhs=0.5933) : [ 1009.7785,  1010.0110], score = 0.18      <et=13.71>
SB phase 1 cand. 64 branch on EDGE[18,25] (lhs=0.5966): [ 1009.7735,  1009.8490], score = 0.13      <et=13.73>
SB phase 1 cand. 65 branch on EDGE[0,8] (lhs=0.4001)  : [ 1009.5921,  1010.3711], score = 0.13      <et=13.75>
SB phase 1 cand. 66 branch on EDGE[16,46] (lhs=0.3837): [ 1009.7086,  1010.7180], score = 0.32      <et=13.77>
SB phase 1 cand. 67 branch on EDGE[17,42] (lhs=0.3735): [ 1009.5066,  1010.5800], score = 0.06      <et=13.79>
SB phase 1 cand. 68 branch on EDGE[17,44] (lhs=0.6265): [ 1009.5093,  1009.7199], score = 0.02      <et=13.81>
SB phase 1 cand. 69 branch on EDGE[0,23] (lhs=0.3684) : [ 1009.6076,  1011.0923], score = 0.25      <et=13.83>
SB phase 1 cand. 70 branch on EDGE[37,42] (lhs=0.3497): [ 1009.5078,  1010.3350], score = 0.05      <et=13.84>
SB phase 1 cand. 71 branch on EDGE[0,41] (lhs=0.6583) : [ 1010.1495,  1010.2568], score = 0.56      <et=13.86>
SB phase 1 cand. 72 branch on EDGE[4,19] (lhs=0.6583) : [ 1009.7872,  1010.3611], score = 0.30      <et=13.89>
SB phase 1 cand. 73 branch on EDGE[2,20] (lhs=0.6680) : [ 1009.8336,  1010.0043], score = 0.21      <et=13.91>
SB phase 1 cand. 74 branch on EDGE[0,14] (lhs=0.6802) : [ 1009.5858,  1011.3721], score = 0.25      <et=13.93>
SB phase 1 cand. 75 branch on EDGE[0,18] (lhs=0.6802) : [ 1009.5867,  1011.3935], score = 0.26      <et=13.96>
SB phase 1 cand. 76 branch on EDGE[6,14] (lhs=0.3198) : [ 1009.5858,  1011.4319], score = 0.26      <et=13.98>
SB phase 1 cand. 77 branch on EDGE[13,25] (lhs=0.6802): [ 1009.6823,  1010.4404], score = 0.23      <et=14>
SB phase 1 cand. 78 branch on EDGE[0,44] (lhs=0.3086) : [ 1009.5061,  1010.1829], score = 0.04      <et=14.01>
SB phase 1 cand. 79 branch on EDGE[17,37] (lhs=0.3086): [ 1009.5066,  1010.7216], score = 0.07      <et=14.03>
SB phase 1 cand. 80 branch on EDGE[0,17] (lhs=0.6914) : [ 1009.5066,  1010.5697], score = 0.06      <et=14.05>
SB phase 1 cand. 81 branch on EDGE[0,5] (lhs=0.6944)  : [ 1009.5163,  1010.3585], score = 0.06      <et=14.07>
SB phase 1 cand. 82 branch on EDGE[5,46] (lhs=0.3056) : [ 1009.5142,  1010.5368], score = 0.07      <et=14.09>
SB phase 1 cand. 83 branch on EDGE[0,2] (lhs=0.3022)  : [ 1009.6608,  1010.1870], score = 0.15      <et=14.11>
SB phase 1 cand. 84 branch on EDGE[15,37] (lhs=0.2768): [ 1009.7118,  1011.9494], score = 0.65      <et=14.13>
SB phase 1 cand. 85 branch on EDGE[11,50] (lhs=0.2768): [ 1009.5456,  1011.1691], score = 0.16      <et=14.15>
SB phase 1 cand. 86 branch on EDGE[0,19] (lhs=0.2768) : [ 1009.5178,  1012.4306], score = 0.19      <et=14.17>
SB phase 1 cand. 87 branch on EDGE[0,24] (lhs=0.7232) : [ 1009.7036,  1011.5340], score = 0.52      <et=14.2>
SB phase 1 cand. 88 branch on EDGE[0,47] (lhs=0.2768) : [ 1010.1495,  1011.2781], score = 1.27      <et=14.22>
SB phase 1 cand. 89 branch on EDGE[4,41] (lhs=0.2768) : [ 1009.7459,  1012.2047], score = 0.81      <et=14.24>
SB phase 1 cand. 90 branch on EDGE[4,47] (lhs=0.2768) : [ 1009.7216,  1012.5742], score = 0.84      <et=14.27>
SB phase 1 cand. 91 branch on EDGE[12,47] (lhs=0.7232): [ 1010.1495,  1011.2781], score = 1.27      <et=14.29>
SB phase 1 cand. 92 branch on EDGE[14,24] (lhs=0.2768): [ 1009.7036,  1013.6181], score = 1.04      <et=14.31>
SB phase 1 cand. 93 branch on EDGE[14,25] (lhs=0.7232): [ 1009.7036,  1013.6181], score = 1.04      <et=14.34>
SB phase 1 cand. 94 branch on EDGE[15,44] (lhs=0.7232): [ 1009.7404,  1011.3608], score = 0.55      <et=14.36>
SB phase 1 cand. 95 branch on EDGE[18,47] (lhs=0.7232): [ 1009.8699,  1012.3294], score = 1.20      <et=14.38>
SB phase 1 cand. 96 branch on EDGE[42,44] (lhs=0.2768): [ 1009.8669,  1011.6066], score = 0.89      <et=14.41>
SB phase 1 cand. 97 branch on EDGE[0,4] (lhs=0.7232)  : [ 1009.7216,  1012.5742], score = 0.84      <et=14.43>
SB phase 1 cand. 98 branch on EDGE[16,21] (lhs=0.7372): [ 1009.6203,  1010.0513], score = 0.10      <et=14.45>
SB phase 1 cand. 99 branch on EDGE[20,29] (lhs=0.2626): [ 1009.5376,  1011.0695], score = 0.14      <et=14.47>
SB phase 1 cand. 100 branch on EDGE[0,13] (lhs=0.2550) : [ 1009.5709,  1010.9605], score = 0.18      <et=14.48>
**** Strong branching phase 2 is started *****
## Artificial variables in the solution : decreasing phase of stage 
####### Artificial variables in the solution : decreasing phase of stage 
<DWph=1> <it=  9> <et=14.63> <Mt= 0.03> <Spt= 0.12> <nCl=145> <al=0.00> <DB= 1114.1053> <Mlp= 1114.1053> <PB=1015.2939> 
<DWph=1> <it=  3> <et=14.83> <Mt= 0.03> <Spt= 0.03> <nCl= 11> <al=0.00> <DB= 1010.5216> <Mlp= 1010.5216> <PB=1015.2939> 
SB phase 2 cand.  1 branch on VNB[0] (lhs=8.8469)     : [ 1010.5216, 1000000000000.0000], score = 1068702.53      <et=14.86>
<DWph=1> <it=  2> <et=14.90> <Mt= 0.00> <Spt= 0.02> <nCl= 17> <al=0.00> <DB= 1011.2781> <Mlp= 1011.2781> <PB=1015.2939> 
<DWph=1> <it=  4> <et=15.03> <Mt= 0.04> <Spt= 0.04> <nCl= 13> <al=0.00> <DB= 1009.9285> <Mlp= 1009.9285> <PB=1015.2939> 
SB phase 2 cand.  2 branch on EDGE[0,47] (lhs=0.2768) : [ 1009.9285,  1011.2781], score = 0.87      <et=15.06>
<DWph=1> <it=  2> <et=15.11> <Mt= 0.00> <Spt= 0.02> <nCl= 17> <al=0.00> <DB= 1011.2781> <Mlp= 1011.2781> <PB=1015.2939> 
<DWph=1> <it=  3> <et=15.20> <Mt= 0.00> <Spt= 0.03> <nCl= 20> <al=0.00> <DB= 1010.1495> <Mlp= 1010.1495> <PB=1015.2939> 
SB phase 2 cand.  3 branch on EDGE[12,47] (lhs=0.7232): [ 1010.1495,  1011.2781], score = 1.27      <et=15.24>
**** Strong branching phase 3 is started *****
**** SB phase 3 evaluation of candidate 1, branch 1 ( VNB[0] <= 8 ), value = 1e+12
#<DWph=2> <it=  1> <et=15.37> <Mt= 0.00> <Spt= 0.01> <nCl= 27> <al=0.00> <DB= 1120.9057> <Mlp= 1114.1053> <PB=1015.2939> 
 Artificial variables in the solution : decreasing phase of stage 
#<DWph=1> <it=  2> <et=15.39> <Mt= 0.00> <Spt= 0.02> <nCl=  0> <al=0.00> <DB= 1114.1053> <Mlp= 1114.1053> <PB=1015.2939> 
 Artificial variables in the solution : decreasing phase of stage 
#    TT = 0.001417, performed by inspection with 12593 solutions, nbR1C = 38, nbDiscC = 0
    TT = 0.004801, performed by inspection with 39492 solutions, nbR1C = 38, nbDiscC = 0
    RCSP exact solver info for graph G_3 : TT = 0.078952, pt = 0.000291, dt = 0.067525, ct = 0.010539, ndl = 27', bdl = 127', odl = 0', odf = 31', bsi = 5', cnt = 1128', bdch = 5084', odch = 15', lcp = 804', #sols = 150
<DWph=0> <it=  3> <et=15.49> <Mt= 0.00> <Spt= 0.10> <nCl=239> <al=0.30> <DB= 1083.6015> <Mlp= 1114.1053> <PB=1015.2939> 
Dynamic params and stats :  aver.obdmd = 21.0769 aver.buck.num. = 26 nbR1C = 38 with avMem = 6.31579
@@ 210 0 1083.6 0.001417 0.001417 0 15.49
Dynamic params and stats :  aver.obdmd = 23.1154 aver.buck.num. = 26 nbR1C = 38 with avMem = 6.31579
@@ 210 0 1083.6 0.004801 0.004801 0 15.49
Dynamic params and stats :  aver.obdmd = 22.8462 aver.buck.num. = 25 nbR1C = 38 with avMem = 6.31579
@@ 210 0 1083.6 0.078064 0.078064 20.6936 15.49
ColGenEvalAlg final dual bound: 1083.6 (rounded: 1083.6)
Current active cuts : R1C(1+37,140.864) 1rowPackR1C(1) 3rowPackR1C(23) 4rowPackR1C(10) 5rowPackR1C(4)
**** SB phase 3 evaluation of candidate 1, branch 2 ( VNB[0] >= 9 ), value = 1010.52
<DWph=2> <it=  1> <et=15.61> <Mt= 0.01> <Spt= 0.01> <nCl=  0> <al=0.00> <DB= 1010.5216> <Mlp= 1010.5216> <PB=1015.2939> 
<DWph=1> <it=  2> <et=15.63> <Mt= 0.00> <Spt= 0.01> <nCl=  0> <al=0.00> <DB= 1010.5216> <Mlp= 1010.5216> <PB=1015.2939> 
    TT = 0.001799, performed by inspection with 12593 solutions, nbR1C = 83, nbDiscC = 0
    TT = 0.007451, performed by inspection with 39492 solutions, nbR1C = 83, nbDiscC = 0
    RCSP exact solver info for graph G_3 : TT = 0.026856, pt = 0.000734, dt = 0.022454, ct = 0.00317, ndl = 7', bdl = 29', odl = 4', odf = 43', bsi = 2', cnt = 44', bdch = 820', odch = 250', lcp = 121', #sols = 150
<DWph=0> <it=  3> <et=15.67> <Mt= 0.00> <Spt= 0.05> <nCl= 27> <al=0.30> <DB= 1007.2519> <Mlp= 1010.5216> <PB=1015.2939> 
    TT = 0.001811, performed by inspection with 12593 solutions, nbR1C = 83, nbDiscC = 0
    TT = 0.007444, performed by inspection with 39492 solutions, nbR1C = 83, nbDiscC = 0
    RCSP exact solver info for graph G_3 : TT = 0.02645, pt = 0.000762, dt = 0.022015, ct = 0.003176, ndl = 7', bdl = 29', odl = 4', odf = 43', bsi = 2', cnt = 44', bdch = 819', odch = 249', lcp = 120', #sols = 150
    TT = 0.001801, performed by inspection with 12593 solutions, nbR1C = 83, nbDiscC = 0
    TT = 0.007475, performed by inspection with 39492 solutions, nbR1C = 83, nbDiscC = 0
    RCSP exact solver info for graph G_3 : TT = 0.026465, pt = 0.000782, dt = 0.022006, ct = 0.003186, ndl = 7', bdl = 29', odl = 4', odf = 43', bsi = 2', cnt = 44', bdch = 819', odch = 249', lcp = 120', #sols = 150
<DWph=0> <it=  4> <et=15.76> <Mt= 0.00> <Spt= 0.08> <nCl=  0> <al=0.00> <DB= 1010.5216> <Mlp= 1010.5216> <PB=1015.2939> 
Dynamic params and stats :  aver.obdmd = 21.0769 aver.buck.num. = 26 nbR1C = 83 with avMem = 8
@@ 211 0 1010.52 0.00180367 0.001811 0 15.76
Dynamic params and stats :  aver.obdmd = 23.1154 aver.buck.num. = 26 nbR1C = 83 with avMem = 8
@@ 211 0 1010.52 0.00745667 0.007475 0 15.76
Dynamic params and stats :  aver.obdmd = 22.8462 aver.buck.num. = 25 nbR1C = 83 with avMem = 8
@@ 211 0 1010.52 0.0253357 0.025624 20.6936 15.76
Reduced cost fixing for graph G_1...  took 0 sec., done by inspection with 12593 solutions, remains 379 (3.01%)
Reduced cost fixing for graph G_2...  took 0 sec., done by inspection with 39492 solutions, remains 366 (0.927%)
Labels distribution in buckets (bucket size) : largest - 110, top 0.1% - 110, top 0.5% - 99, top 2% - 70, top 10% - 35, top 50% - 4
Reduced cost fixing for graph G_3...  took 0.05 sec., done by inspection with 153313 solutions, remains 488 (0.318%)
Estimating inspection time...     TT = 0.004645, performed by inspection with 488 solutions, nbR1C = 83, nbDiscC = 0
Inspection time is small enough, pricing will be done by inspection.
Added 440 columns in the formulation 
Removed 1473 columns (not in the enumerated set) from the formulation
Regenerated 440 columns with the 'enumerated' flag
Added 130 columns in the formulation 
Added 123 columns in the formulation 
Added 328 columns in the formulation 
ColGenEvalAlg final dual bound: 1010.52 (rounded: 1010.52)
Current active cuts : R1C(5+78,146.97) 1rowPackR1C(5) 3rowPackR1C(35) 4rowPackR1C(28) 5rowPackR1C(15)
----- Terminating the node by MIP -----
Version identifier: 20.1.0.0 | 2020-11-10 | 9bedb6d68
CPXPARAM_Advance                                 0
CPXPARAM_Threads                                 1
CPXPARAM_MIP_Limits_Nodes                        2000000
CPXPARAM_Simplex_Tolerances_Optimality           9.9999999999999995e-08
CPXPARAM_Simplex_Tolerances_Feasibility          9.9999999999999995e-08
CPXPARAM_TimeLimit                               1748.3788
CPXPARAM_MIP_Tolerances_UpperCutoff              1015.2938842352916
CPXPARAM_MIP_Tolerances_MIPGap                   1.0000000000000001e-09
Tried aggregator 1 time.
MIP Presolve eliminated 8 rows and 522 columns.
MIP Presolve modified 423 coefficients.
Reduced MIP has 143 rows, 1226 columns, and 27934 nonzeros.
Reduced MIP has 1226 binaries, 0 generals, 0 SOSs, and 0 indicators.
Presolve time = 0.02 sec. (33.71 ticks)
Probing fixed 129 vars, tightened 0 bounds.
Probing time = 0.06 sec. (93.37 ticks)
Tried aggregator 1 time.
MIP Presolve eliminated 2 rows and 129 columns.
MIP Presolve modified 4 coefficients.
Reduced MIP has 141 rows, 1097 columns, and 23776 nonzeros.
Reduced MIP has 1097 binaries, 0 generals, 0 SOSs, and 0 indicators.
Presolve time = 0.01 sec. (20.26 ticks)
Probing time = 0.00 sec. (4.85 ticks)
Tried aggregator 1 time.
Detecting symmetries...
Reduced MIP has 141 rows, 1097 columns, and 23776 nonzeros.
Reduced MIP has 1097 binaries, 0 generals, 0 SOSs, and 0 indicators.
Presolve time = 0.01 sec. (17.54 ticks)
Probing time = 0.00 sec. (4.85 ticks)
Clique table members: 360.
MIP emphasis: balance optimality and feasibility.
MIP search method: dynamic search.
Parallel mode: none, using 1 thread.
Root relaxation solution time = 0.01 sec. (27.83 ticks)

        Nodes                                         Cuts/
   Node  Left     Objective  IInf  Best Integer    Best Bound    ItCnt     Gap

      0     0     1010.6184    70                   1010.6184      380         
      0     0     1011.8966    77                    Cuts: 29      498         
      0     0     1012.1291    64                    Cuts: 22      578         

Repeating presolve.
Tried aggregator 1 time.
MIP Presolve eliminated 9 rows and 468 columns.
MIP Presolve modified 388 coefficients.
Reduced MIP has 132 rows, 629 columns, and 13061 nonzeros.
Reduced MIP has 629 binaries, 0 generals, 0 SOSs, and 0 indicators.
Presolve time = 0.01 sec. (22.56 ticks)
Probing fixed 47 vars, tightened 0 bounds.
Probing changed sense of 1 constraints.
Probing time = 0.02 sec. (24.31 ticks)
Tried aggregator 1 time.
MIP Presolve eliminated 0 rows and 47 columns.
MIP Presolve modified 1 coefficients.
Reduced MIP has 132 rows, 582 columns, and 11952 nonzeros.
Reduced MIP has 582 binaries, 0 generals, 0 SOSs, and 0 indicators.
Presolve time = 0.00 sec. (9.38 ticks)
Probing time = 0.00 sec. (3.62 ticks)
Tried aggregator 1 time.
Reduced MIP has 132 rows, 582 columns, and 11952 nonzeros.
Reduced MIP has 582 binaries, 0 generals, 0 SOSs, and 0 indicators.
Presolve time = 0.00 sec. (9.07 ticks)
Represolve time = 0.06 sec. (84.24 ticks)
Probing time = 0.00 sec. (3.62 ticks)
Clique table members: 307.
MIP emphasis: balance optimality and feasibility.
MIP search method: dynamic search.
Parallel mode: none, using 1 thread.
Root relaxation solution time = 0.01 sec. (19.73 ticks)

        Nodes                                         Cuts/
   Node  Left     Objective  IInf  Best Integer    Best Bound    ItCnt     Gap

      0     0     1012.1500    61                   1012.1500      948         
      0     0     1012.2986    65                    Cuts: 22     1010         
      0     0     1012.4555    77                     Cuts: 8     1071         
      0     0     1012.5016    74                     Cuts: 9     1114         
      0     0     1012.5459    75                     Cuts: 7     1155         
      0     0     1012.5749    68                     Cuts: 4     1191         
      0     0     1012.6017    79                     Cuts: 4     1218         
      0     0     1012.6122    74                     Cuts: 7     1243         
*     0+    0                         1015.2939     1012.6122             0.26%
      0     2     1012.6122    74     1015.2939     1012.6129     1243    0.26%
Elapsed time = 0.42 sec. (728.59 ticks, tree = 0.01 MB, solutions = 1)

Clique cuts applied:  9
Zero-half cuts applied:  11
Gomory fractional cuts applied:  1

Root node processing (before b&c):
  Real time             =    0.42 sec. (728.62 ticks)
Sequential b&c:
  Real time             =    0.04 sec. (101.09 ticks)
                          ------------
Total (root+branch&cut) =    0.47 sec. (829.71 ticks)
Solution status = Optimum
 SB phase 3 candidate 1 is conquered !
SB with phases chosed candidate VNB[0] (lhs=8.84685)
New model incumbent solution 1015.29, TIME = 0h0m16s46t = 1646
************************************************************************************************
Search is finished, global bounds : [ 1015.29 , 1015.29 ], TIME = 0h0m16s47t = 1647
************************************************************************************************
instance_name solver_name ext_heuristic solution_value solution_time best_lb root_lb root_time nb_branch_and_bound_nodes status
/home/logis/Downloads/VRPSolverEasy/VRPSolverEasy/demos/data/HFVRP/c50_15hd CPLEX False 1015.2938842352916 16.472659202 1015.2938842352913 1009.4529445308884 10.040507791 3 0

