Node memory for rank-1 cuts will be used (10.2775)
~~~~~~~~~~~~~~~~~~~~~~~~~~~~~~~~~~~~~~~~~~~~~~~~~~~~~~~~~~~~~~~~~~~~~~~~~~~~~~~~~~~~~
VRPSolver v0.5.27, 24/02/2023, © Inria Bordeaux, France, vrpsolver.math.u-bordeaux.fr
      Corresponds to the solver by Pessoa, Sadykov, Uchoa and Vanderbeck (2020)
                 Paper: dx.doi.org/10.1007/s10107-020-01523-z
~~~~~~~~~~~~~~~~~~~~~~~~~~~~~~~~~~~~~~~~~~~~~~~~~~~~~~~~~~~~~~~~~~~~~~~~~~~~~~~~~~~~~
   BaPCod v0.77, 15/03/2023, © Inria Bordeaux, France, bapcod.math.u-bordeaux.fr 
           THIS CODE IS PROVIDED AS IS, USE IT AT YOUR OWN RISK
~~~~~~~~~~~~~~~~~~~~~~~~~~~~~~~~~~~~~~~~~~~~~~~~~~~~~~~~~~~~~~~~~~~~~~~~~~~~~~~~~~~~~
Bucket steps were recalculated for graph G_1 : [1]
RCSP solver info : symmetric case is detected for graph G_1! 
Bidirectional border value is initialised to 10
RCSP solver info : number of forw. reachable buckets / buck. strongly connected components is 398( 36.4469% ) / 398( 100% )
Bucket steps were recalculated for graph G_2 : [1.5]
RCSP solver info : symmetric case is detected for graph G_2! 
Bidirectional border value is initialised to 15
RCSP solver info : number of forw. reachable buckets / buck. strongly connected components is 710( 65.0183% ) / 710( 100% )
Bucket steps were recalculated for graph G_3 : [2]
RCSP solver info : symmetric case is detected for graph G_3! 
Bidirectional border value is initialised to 20
RCSP solver info : number of forw. reachable buckets / buck. strongly connected components is 821( 75.1832% ) / 821( 100% )
Bucket steps were recalculated for graph G_4 : [3]
RCSP solver info : symmetric case is detected for graph G_4! 
Bidirectional border value is initialised to 35
RCSP solver info : number of forw. reachable buckets / buck. strongly connected components is 1083( 86.7788% ) / 1083( 100% )
Bucket steps were recalculated for graph G_5 : [5]
RCSP solver info : symmetric case is detected for graph G_5! 
Bidirectional border value is initialised to 60
RCSP solver info : number of forw. reachable buckets / buck. strongly connected components is 1203( 92.5385% ) / 1203( 100% )
Bucket steps were recalculated for graph G_6 : [8]
RCSP solver info : symmetric case is detected for graph G_6! 
Bidirectional border value is initialised to 100
RCSP solver info : number of forw. reachable buckets / buck. strongly connected components is 1291( 95.4882% ) / 1216( 94.1905% )
Generating neighbourhoods for rank-1 cuts separation
Building structures for 4- and 5-row rank-1 packing cut separation...done!
Model is built TIME = 0h0m0s9t = 9
************************************************************************************************
**** BaB tree root node
**** Local DB = -1e+12, global bounds : [ -1e+12 , 2530.64 ], TIME = 0h0m0s9t = 9
**** 1 open nodes, 0 columns (0 active), 0 dyn. constrs. (0 active), 112 art. vars. (112 active)
************************************************************************************************
#<DWph=2> <it=  1> <et=0.11> <Mt= 0.00> <Spt= 0.01> <nCl=180> <al=0.00> <DB=-20499469.3958> <Mlp=303676.4400> <PB=2530.637> 
#<DWph=2> <it=  2> <et=0.12> <Mt= 0.00> <Spt= 0.01> <nCl=155> <al=0.55> <DB=-10625910.2963> <Mlp=165124.7868> <PB=2530.637> 
#<DWph=2> <it=  3> <et=0.13> <Mt= 0.00> <Spt= 0.01> <nCl=164> <al=0.45> <DB=-8841933.1262> <Mlp=108120.9839> <PB=2530.637> 
#<DWph=2> <it=  4> <et=0.14> <Mt= 0.00> <Spt= 0.01> <nCl=163> <al=0.35> <DB=-7032453.1324> <Mlp=32899.7773> <PB=2530.637> 
#<DWph=2> <it=  5> <et=0.16> <Mt= 0.00> <Spt= 0.01> <nCl=130> <al=0.42> <DB=-3833034.7254> <Mlp=13013.7373> <PB=2530.637> 
<DWph=2> <it=  6> <et=0.17> <Mt= 0.00> <Spt= 0.01> <nCl= 33> <al=0.32> <DB=-1198368.5068> <Mlp= 2779.5833> <PB=2530.637> 
<DWph=2> <it=  7> <et=0.18> <Mt= 0.00> <Spt= 0.01> <nCl= 55> <al=0.22> <DB=-247413.1770> <Mlp= 2779.5833> <PB=2530.637> 
<DWph=2> <it=  8> <et=0.19> <Mt= 0.00> <Spt= 0.01> <nCl= 98> <al=0.12> <DB=-25322.5325> <Mlp= 2758.8988> <PB=2530.637> 
<DWph=2> <it=  9> <et=0.20> <Mt= 0.00> <Spt= 0.01> <nCl=129> <al=0.02> <DB=-11421.9128> <Mlp= 2618.3264> <PB=2530.637> 
<DWph=2> <it= 10> <et=0.21> <Mt= 0.00> <Spt= 0.01> <nCl=121> <al=0.11> <DB=-9268.0884> <Mlp= 2557.1676> <PB=2530.637> 
<DWph=2> <it= 11> <et=0.22> <Mt= 0.00> <Spt= 0.01> <nCl=102> <al=0.20> <DB=-3560.1742> <Mlp= 2539.9187> <PB=2530.637> 
<DWph=2> <it= 12> <et=0.23> <Mt= 0.00> <Spt= 0.01> <nCl= 97> <al=0.10> <DB=-1538.6251> <Mlp= 2505.7465> <PB=2530.637> 
<DWph=2> <it= 13> <et=0.25> <Mt= 0.00> <Spt= 0.01> <nCl= 81> <al=0.19> <DB= -479.4595> <Mlp= 2468.7000> <PB=2530.637> 
<DWph=2> <it= 14> <et=0.26> <Mt= 0.00> <Spt= 0.02> <nCl= 97> <al=0.27> <DB= -722.1986> <Mlp= 2459.2681> <PB=2530.637> 
<DWph=2> <it= 15> <et=0.27> <Mt= 0.00> <Spt= 0.01> <nCl= 78> <al=0.35> <DB=  281.2669> <Mlp= 2445.4809> <PB=2530.637> 
<DWph=2> <it= 16> <et=0.28> <Mt= 0.01> <Spt= 0.01> <nCl= 60> <al=0.41> <DB= 1196.0356> <Mlp= 2434.0242> <PB=2530.637> 
<DWph=2> <it= 17> <et=0.29> <Mt= 0.00> <Spt= 0.01> <nCl= 65> <al=0.31> <DB= 1396.5779> <Mlp= 2431.2842> <PB=2530.637> 
<DWph=2> <it= 18> <et=0.31> <Mt= 0.00> <Spt= 0.01> <nCl= 50> <al=0.38> <DB= 1540.5667> <Mlp= 2427.0157> <PB=2530.637> 
<DWph=2> <it= 19> <et=0.32> <Mt= 0.00> <Spt= 0.01> <nCl= 44> <al=0.44> <DB= 1817.2668> <Mlp= 2425.0598> <PB=2530.637> 
<DWph=2> <it= 20> <et=0.33> <Mt= 0.00> <Spt= 0.01> <nCl= 42> <al=0.50> <DB= 1315.8627> <Mlp= 2422.8728> <PB=2530.637> 
<DWph=2> <it= 21> <et=0.34> <Mt= 0.00> <Spt= 0.01> <nCl= 36> <al=0.55> <DB= 2087.9045> <Mlp= 2416.9846> <PB=2530.637> 
<DWph=2> <it= 22> <et=0.35> <Mt= 0.00> <Spt= 0.01> <nCl= 32> <al=0.59> <DB= 2028.0510> <Mlp= 2416.8523> <PB=2530.637> 
<DWph=2> <it= 23> <et=0.36> <Mt= 0.00> <Spt= 0.01> <nCl= 26> <al=0.63> <DB= 1722.3270> <Mlp= 2416.7759> <PB=2530.637> 
<DWph=2> <it= 24> <et=0.38> <Mt= 0.00> <Spt= 0.01> <nCl= 28> <al=0.67> <DB= 2117.1346> <Mlp= 2414.6879> <PB=2530.637> 
<DWph=2> <it= 25> <et=0.39> <Mt= 0.00> <Spt= 0.01> <nCl= 29> <al=0.57> <DB= 2143.4604> <Mlp= 2414.5484> <PB=2530.637> 
<DWph=2> <it= 26> <et=0.40> <Mt= 0.00> <Spt= 0.01> <nCl= 24> <al=0.61> <DB= 2111.5057> <Mlp= 2414.0763> <PB=2530.637> 
<DWph=2> <it= 27> <et=0.41> <Mt= 0.00> <Spt= 0.02> <nCl= 16> <al=0.51> <DB= 2260.1456> <Mlp= 2413.5750> <PB=2530.637> 
<DWph=2> <it= 28> <et=0.42> <Mt= 0.00> <Spt= 0.01> <nCl= 24> <al=0.56> <DB= 2313.7211> <Mlp= 2412.9091> <PB=2530.637> 
<DWph=2> <it= 29> <et=0.43> <Mt= 0.01> <Spt= 0.01> <nCl= 13> <al=0.46> <DB= 2334.7873> <Mlp= 2412.9053> <PB=2530.637> 
<DWph=2> <it= 30> <et=0.44> <Mt= 0.00> <Spt= 0.01> <nCl= 10> <al=0.36> <DB= 2334.2209> <Mlp= 2412.8974> <PB=2530.637> 
<DWph=2> <it= 31> <et=0.47> <Mt= 0.00> <Spt= 0.02> <nCl= 11> <al=0.00> <DB= 2412.8894> <Mlp= 2412.8894> <PB=2530.637> 
<DWph=1> <it= 32> <et=0.49> <Mt= 0.00> <Spt= 0.02> <nCl= 62> <al=0.33> <DB= 1653.3371> <Mlp= 2412.8894> <PB=2530.637> 
<DWph=1> <it= 33> <et=0.52> <Mt= 0.00> <Spt= 0.03> <nCl= 37> <al=0.39> <DB= 2038.7421> <Mlp= 2406.8084> <PB=2530.637> 
<DWph=1> <it= 34> <et=0.54> <Mt= 0.00> <Spt= 0.02> <nCl= 27> <al=0.45> <DB= 2074.1008> <Mlp= 2403.5594> <PB=2530.637> 
<DWph=1> <it= 35> <et=0.57> <Mt= 0.00> <Spt= 0.03> <nCl= 29> <al=0.51> <DB= 2167.7976> <Mlp= 2401.1900> <PB=2530.637> 
<DWph=1> <it= 36> <et=0.60> <Mt= 0.00> <Spt= 0.03> <nCl= 14> <al=0.56> <DB= 2273.9930> <Mlp= 2400.5346> <PB=2530.637> 
<DWph=1> <it= 37> <et=0.62> <Mt= 0.00> <Spt= 0.02> <nCl= 12> <al=0.46> <DB= 2258.6349> <Mlp= 2400.4963> <PB=2530.637> 
<DWph=1> <it= 38> <et=0.65> <Mt= 0.00> <Spt= 0.03> <nCl=  6> <al=0.51> <DB= 2329.9998> <Mlp= 2400.4165> <PB=2530.637> 
<DWph=1> <it= 39> <et=0.68> <Mt= 0.00> <Spt= 0.02> <nCl=  6> <al=0.41> <DB= 2371.0586> <Mlp= 2400.3843> <PB=2530.637> 
<DWph=1> <it= 40> <et=0.70> <Mt= 0.00> <Spt= 0.03> <nCl=  8> <al=0.31> <DB= 2322.8632> <Mlp= 2400.3696> <PB=2530.637> 
<DWph=1> <it= 41> <et=0.73> <Mt= 0.00> <Spt= 0.02> <nCl=  7> <al=0.38> <DB= 2384.4064> <Mlp= 2400.2795> <PB=2530.637> 
<DWph=1> <it= 42> <et=0.75> <Mt= 0.00> <Spt= 0.03> <nCl=  3> <al=0.44> <DB= 2387.0593> <Mlp= 2400.2710> <PB=2530.637> 
<DWph=1> <it= 43> <et=0.78> <Mt= 0.01> <Spt= 0.02> <nCl=  1> <al=0.50> <DB= 2393.6838> <Mlp= 2400.2657> <PB=2530.637> 
<DWph=1> <it= 44> <et=0.83> <Mt= 0.00> <Spt= 0.05> <nCl=  6> <al=0.00> <DB= 2400.2648> <Mlp= 2400.2648> <PB=2530.637> 
    RCSP exact solver info for graph G_1 : TT = 0.000219, pt = 1.3e-05, dt = 7.1e-05, ct = 1.9e-05, ndl = 0', bdl = 0', odl = 0', odf = 0', bsi = 0', cnt = 0', bdch = 0', odch = 0', lcp = 0', #sols = 95
    RCSP exact solver info for graph G_2 : TT = 0.000471, pt = 2e-05, dt = 0.000219, ct = 8.7e-05, ndl = 0', bdl = 0', odl = 0', odf = 0', bsi = 0', cnt = 0', bdch = 0', odch = 0', lcp = 0', #sols = 150
    RCSP exact solver info for graph G_3 : TT = 0.000909, pt = 1.9e-05, dt = 0.000578, ct = 0.000168, ndl = 0', bdl = 0', odl = 0', odf = 0', bsi = 0', cnt = 0', bdch = 0', odch = 0', lcp = 0', #sols = 150
    RCSP exact solver info for graph G_4 : TT = 0.003237, pt = 2.3e-05, dt = 0.002387, ct = 0.000638, ndl = 0', bdl = 4', odl = 0', odf = 2', bsi = 1', cnt = 2', bdch = 14', odch = 1', lcp = 1', #sols = 150
    RCSP exact solver info for graph G_5 : TT = 0.014223, pt = 3.1e-05, dt = 0.011723, ct = 0.002146, ndl = 4', bdl = 66', odl = 0', odf = 8', bsi = 2', cnt = 12', bdch = 657', odch = 9', lcp = 36', #sols = 150
    RCSP exact solver info for graph G_6 : TT = 0.069394, pt = 3.7e-05, dt = 0.064156, ct = 0.004752, ndl = 17', bdl = 477', odl = 1', odf = 25', bsi = 4', cnt = 71', bdch = 11704', odch = 42', lcp = 471', #sols = 150
<DWph=0> <it= 45> <et=0.93> <Mt= 0.00> <Spt= 0.10> <nCl=470> <al=0.30> <DB= 2260.6442> <Mlp= 2400.2648> <PB=2530.637> 
    RCSP exact solver info for graph G_1 : TT = 0.00024, pt = 2.7e-05, dt = 6.2e-05, ct = 1.8e-05, ndl = 0', bdl = 0', odl = 0', odf = 0', bsi = 0', cnt = 0', bdch = 0', odch = 0', lcp = 0', #sols = 95
    RCSP exact solver info for graph G_2 : TT = 0.000489, pt = 3.6e-05, dt = 0.000203, ct = 8.5e-05, ndl = 0', bdl = 0', odl = 0', odf = 0', bsi = 0', cnt = 0', bdch = 0', odch = 0', lcp = 0', #sols = 150
    RCSP exact solver info for graph G_3 : TT = 0.000778, pt = 3.6e-05, dt = 0.000404, ct = 0.00017, ndl = 0', bdl = 0', odl = 0', odf = 0', bsi = 0', cnt = 0', bdch = 0', odch = 0', lcp = 0', #sols = 150
    RCSP exact solver info for graph G_4 : TT = 0.00239, pt = 4.6e-05, dt = 0.001475, ct = 0.000662, ndl = 0', bdl = 4', odl = 0', odf = 2', bsi = 1', cnt = 2', bdch = 14', odch = 1', lcp = 1', #sols = 150
    RCSP exact solver info for graph G_5 : TT = 0.010554, pt = 4.6e-05, dt = 0.008057, ct = 0.002169, ndl = 4', bdl = 65', odl = 0', odf = 8', bsi = 2', cnt = 12', bdch = 659', odch = 9', lcp = 36', #sols = 150
    RCSP exact solver info for graph G_6 : TT = 0.061112, pt = 4.9e-05, dt = 0.055913, ct = 0.004763, ndl = 17', bdl = 477', odl = 1', odf = 25', bsi = 4', cnt = 77', bdch = 11675', odch = 42', lcp = 473', #sols = 150
<DWph=0> <it= 46> <et=1.01> <Mt= 0.00> <Spt= 0.08> <nCl= 72> <al=0.20> <DB= 2378.0624> <Mlp= 2400.1359> <PB=2530.637> 
    RCSP exact solver info for graph G_1 : TT = 0.000235, pt = 2.5e-05, dt = 6.4e-05, ct = 1.8e-05, ndl = 0', bdl = 0', odl = 0', odf = 0', bsi = 0', cnt = 0', bdch = 0', odch = 0', lcp = 0', #sols = 95
    RCSP exact solver info for graph G_2 : TT = 0.000491, pt = 3.7e-05, dt = 0.000202, ct = 9e-05, ndl = 0', bdl = 0', odl = 0', odf = 0', bsi = 0', cnt = 0', bdch = 0', odch = 0', lcp = 0', #sols = 150
    RCSP exact solver info for graph G_3 : TT = 0.00077, pt = 3.6e-05, dt = 0.000404, ct = 0.000166, ndl = 0', bdl = 0', odl = 0', odf = 0', bsi = 0', cnt = 0', bdch = 0', odch = 0', lcp = 0', #sols = 150
    RCSP exact solver info for graph G_4 : TT = 0.002385, pt = 4.6e-05, dt = 0.001466, ct = 0.000658, ndl = 0', bdl = 4', odl = 0', odf = 2', bsi = 1', cnt = 2', bdch = 14', odch = 1', lcp = 0', #sols = 150
    RCSP exact solver info for graph G_5 : TT = 0.010565, pt = 4.6e-05, dt = 0.00807, ct = 0.002168, ndl = 4', bdl = 65', odl = 0', odf = 8', bsi = 2', cnt = 12', bdch = 661', odch = 9', lcp = 37', #sols = 150
    RCSP exact solver info for graph G_6 : TT = 0.060954, pt = 4.8e-05, dt = 0.055737, ct = 0.004766, ndl = 17', bdl = 475', odl = 1', odf = 25', bsi = 4', cnt = 78', bdch = 11581', odch = 42', lcp = 474', #sols = 150
    RCSP exact solver info for graph G_1 : TT = 0.000234, pt = 2.5e-05, dt = 6.1e-05, ct = 1.8e-05, ndl = 0', bdl = 0', odl = 0', odf = 0', bsi = 0', cnt = 0', bdch = 0', odch = 0', lcp = 0', #sols = 95
    RCSP exact solver info for graph G_2 : TT = 0.000496, pt = 3.9e-05, dt = 0.000208, ct = 9.3e-05, ndl = 0', bdl = 0', odl = 0', odf = 0', bsi = 0', cnt = 0', bdch = 0', odch = 0', lcp = 0', #sols = 150
    RCSP exact solver info for graph G_3 : TT = 0.000764, pt = 3.6e-05, dt = 0.000395, ct = 0.000165, ndl = 0', bdl = 0', odl = 0', odf = 0', bsi = 0', cnt = 0', bdch = 0', odch = 0', lcp = 0', #sols = 150
    RCSP exact solver info for graph G_4 : TT = 0.002394, pt = 4.4e-05, dt = 0.001483, ct = 0.000661, ndl = 0', bdl = 4', odl = 0', odf = 2', bsi = 1', cnt = 2', bdch = 14', odch = 1', lcp = 0', #sols = 150
    RCSP exact solver info for graph G_5 : TT = 0.01066, pt = 4.3e-05, dt = 0.008099, ct = 0.002203, ndl = 4', bdl = 66', odl = 0', odf = 8', bsi = 2', cnt = 12', bdch = 664', odch = 9', lcp = 37', #sols = 150
    RCSP exact solver info for graph G_6 : TT = 0.06125, pt = 5.1e-05, dt = 0.056012, ct = 0.004742, ndl = 17', bdl = 476', odl = 1', odf = 25', bsi = 4', cnt = 78', bdch = 11594', odch = 43', lcp = 476', #sols = 150
<DWph=0> <it= 47> <et=1.18> <Mt= 0.00> <Spt= 0.17> <nCl= 27> <al=0.00> <DB= 2400.1285> <Mlp= 2400.1285> <PB=2530.637> 
Dynamic params and stats :  aver.obdmd = 6.71154 aver.buck.num. = 21
@@ 1 0 2400.13 8.275e-05 9e-05 4.50653 1.18
Dynamic params and stats :  aver.obdmd = 10.3846 aver.buck.num. = 21
@@ 1 0 2400.13 0.00029675 0.000306 19.1838 1.18
Dynamic params and stats :  aver.obdmd = 13.0769 aver.buck.num. = 21
@@ 1 0 2400.13 0.0006125 0.000746 38.5212 1.18
Dynamic params and stats :  aver.obdmd = 19.8462 aver.buck.num. = 24
@@ 1 0 2400.13 0.0023575 0.003025 69.2748 1.18
Dynamic params and stats :  aver.obdmd = 22.1538 aver.buck.num. = 25
@@ 1 0 2400.13 0.0111587 0.013869 81.7402 1.18
Dynamic params and stats :  aver.obdmd = 23.8462 aver.buck.num. = 26
@@ 1 0 2400.13 0.0627103 0.068908 88.6561 1.18
Labels distribution in buckets (bucket size) : largest - 1, top 0.1% - 1, top 0.5% - 1, top 2% - 1, top 10% - 1, top 50% - 0
Reduced cost fixing for graph G_1... 261 buck. arcs remain (30.2% from prev., 1.36% from max.) + 0 jump buck. arcs (0% from max.)
 TT = 0.000311, pt = 3.6e-05, dt = 4e-05, ct = 0.000127, ndl = 0', bdl = 0', odl = 0', odf = 0', lpcb = 0', cnt = 0', bdch = 0', odch = 0', lcp = 0'
Labels distribution in buckets (bucket size) : largest - 1, top 0.1% - 1, top 0.5% - 1, top 2% - 1, top 10% - 1, top 50% - 1
Run forward enumeration with border = 10... succeeded! lpt = 0.00202, ndl = 0', dl = 0', lpcb = 0', dch = 0'
Run enumeration concatenation with time limit 0.3 sec.... succeeded!
Sorting and storing enumerated solutions ... done!
 TT = 0.004749, pt = 0.001974, dt = 0.00202, ct = 3.9e-05, ndl = 0', bdl = 0', cnt = 0', bdch = 0', odch = 0', lcp = 0'
Enumeration succeeded!, number of elem. solutions is 63
Estimating inspection time...     TT = 9.8e-05, performed by inspection with 63 solutions, nbR1C = 0, nbDiscC = 0
Inspection time is low enough. Pricing will be done by inspection.
Labels distribution in buckets (bucket size) : largest - 2, top 0.1% - 2, top 0.5% - 2, top 2% - 1, top 10% - 1, top 50% - 0
Reduced cost fixing for graph G_2... 2269 buck. arcs remain (34.2% from prev., 6.57% from max.) + 0 jump buck. arcs (0% from max.)
 TT = 0.00142, pt = 0.00017, dt = 0.000171, ct = 0.000959, ndl = 0', bdl = 1', odl = 0', odf = 2', lpcb = 0', cnt = 1', bdch = 2', odch = 0', lcp = 0'
Labels distribution in buckets (bucket size) : largest - 2, top 0.1% - 2, top 0.5% - 2, top 2% - 1, top 10% - 1, top 50% - 0
Run forward enumeration with border = 15... succeeded! lpt = 0.002325, ndl = 0', dl = 0', lpcb = 0', dch = 6'
Run enumeration concatenation with time limit 0.3 sec.... succeeded!
Sorting and storing enumerated solutions ... done!
 TT = 0.005053, pt = 0.001827, dt = 0.002325, ct = 0.000212, ndl = 0', bdl = 0', lpcb = 0', cnt = 1', bdch = 6', odch = 0', lcp = 0'
Enumeration succeeded!, number of elem. solutions is 433
Estimating inspection time...     TT = 8.8e-05, performed by inspection with 433 solutions, nbR1C = 0, nbDiscC = 0
Inspection time is low enough. Pricing will be done by inspection.
Labels distribution in buckets (bucket size) : largest - 4, top 0.1% - 4, top 0.5% - 3, top 2% - 2, top 10% - 1, top 50% - 0
Reduced cost fixing for graph G_3... 7553 buck. arcs remain (48.9% from prev., 18.8% from max.) + 0 jump buck. arcs (0% from max.)
 TT = 0.004066, pt = 0.000418, dt = 0.000464, ct = 0.003057, ndl = 0', bdl = 5', odl = 0', odf = 3', lpcb = 3', cnt = 5', bdch = 13', odch = 2', lcp = 0'
Labels distribution in buckets (bucket size) : largest - 4, top 0.1% - 4, top 0.5% - 4, top 2% - 3, top 10% - 1, top 50% - 0
Run forward enumeration with border = 20... succeeded! lpt = 0.004391, ndl = 0', dl = 2', lpcb = 1', dch = 91'
Run enumeration concatenation with time limit 0.3 sec.... succeeded!
Sorting and storing enumerated solutions ... done!
 TT = 0.008797, pt = 0.000515, dt = 0.004391, ct = 0.001669, ndl = 0', bdl = 2', lpcb = 1', cnt = 9', bdch = 91', odch = 0', lcp = 0'
Enumeration succeeded!, number of elem. solutions is 2423
Estimating inspection time...     TT = 0.000218, performed by inspection with 2423 solutions, nbR1C = 0, nbDiscC = 0
Inspection time is low enough. Pricing will be done by inspection.
Labels distribution in buckets (bucket size) : largest - 11, top 0.1% - 11, top 0.5% - 8, top 2% - 7, top 10% - 4, top 50% - 1
Reduced cost fixing for graph G_4... 29679 buck. arcs remain (80.9% from prev., 56.1% from max.) + 44 jump buck. arcs (0.0831% from max.)
 TT = 0.021564, pt = 0.002137, dt = 0.006157, ct = 0.013107, ndl = 5', bdl = 70', odl = 1', odf = 9', lpcb = 56', cnt = 90', bdch = 574', odch = 15', lcp = 28'
Labels distribution in buckets (bucket size) : largest - 11, top 0.1% - 11, top 0.5% - 9, top 2% - 7, top 10% - 4, top 50% - 1
Run forward enumeration with border = 35... succeeded! lpt = 0.189335, ndl = 9', dl = 193', lpcb = 36', dch = 9947'
Run enumeration concatenation with time limit 0.3 sec.... time limit reached, not succeeded.
Sorting and storing enumerated solutions ...  TT = 0.587017, pt = 0.000598, dt = 0.189335, ct = 0.30507, ndl = 9', bdl = 193', lpcb = 36', cnt = 668', bdch = 9947', odch = 0', lcp = 0'
Labels distribution in buckets (bucket size) : largest - 52, top 0.1% - 52, top 0.5% - 38, top 2% - 31, top 10% - 19, top 50% - 5
Reduced cost fixing for graph G_5... 44128 buck. arcs remain (91.7% from prev., 74.9% from max.) + 440 jump buck. arcs (0.747% from max.)
 TT = 0.10031, pt = 0.009708, dt = 0.058542, ct = 0.031841, ndl = 21', bdl = 580', odl = 1', odf = 29', lpcb = 165', cnt = 1185', bdch = 11815', odch = 78', lcp = 421'
Labels distribution in buckets (bucket size) : largest - 52, top 0.1% - 52, top 0.5% - 49, top 2% - 36, top 10% - 22, top 50% - 6
Run forward enumeration with border = 60... not succeeded (ratio 0.977775) lpt = 0.00319, ndl = 8', dl = 0', lpcb = 0', dch = 9'
 TT = 0.004628, pt = 0.000639, dt = 0.00319, ct = 0, ndl = 8', bdl = 0', lpcb = 0', cnt = 54', bdch = 9', odch = 0', lcp = 0'
Labels distribution in buckets (bucket size) : largest - 153, top 0.1% - 153, top 0.5% - 136, top 2% - 107, top 10% - 60, top 50% - 22
Reduced cost fixing for graph G_6... 53543 buck. arcs remain (95.5% from prev., 84.7% from max.) + 768 jump buck. arcs (1.21% from max.)
 TT = 0.280249, pt = 0.028702, dt = 0.190593, ct = 0.060666, ndl = 51', bdl = 1564', odl = 1', odf = 48', lpcb = 174', cnt = 10066', bdch = 46954', odch = 106', lcp = 1704'
Labels distribution in buckets (bucket size) : largest - 173, top 0.1% - 173, top 0.5% - 153, top 2% - 123, top 10% - 65, top 50% - 24
Run forward enumeration with border = 100... not succeeded (ratio 0.97893) lpt = 0.003156, ndl = 8', dl = 0', lpcb = 0', dch = 4'
 TT = 0.004869, pt = 0.000643, dt = 0.003156, ct = 0, ndl = 8', bdl = 0', lpcb = 0', cnt = 127', bdch = 4', odch = 0', lcp = 0'
Added 95 columns in the formulation 
Added 235 columns in the formulation 
Added 318 columns in the formulation 
Removed 32 columns (not in the enumerated set) from the formulation
Regenerated 648 columns with the 'enumerated' flag
<DWph=2> <it= 48> <et=2.27> <Mt= 0.03> <Spt= 0.02> <nCl= 27> <al=0.00> <DB= 2400.1285> <Mlp= 2400.1285> <PB=2530.637> 
<DWph=1> <it= 49> <et=2.31> <Mt= 0.01> <Spt= 0.04> <nCl=  3> <al=0.00> <DB= 2400.1285> <Mlp= 2400.1285> <PB=2530.637> 
<DWph=0> <it= 50> <et=2.31> <Mt= 0.00> <Spt= 0.00> <nCl=  0> <al=0.30> <DB= 2400.1285> <Mlp= 2400.1285> <PB=2530.637> 
@@ 1 0 2400.13 0 0 0 2.31
@@ 1 0 2400.13 0 0 0 2.31
@@ 1 0 2400.13 0 0 0 2.31
@@ 1 0 2400.13 0 0 56.051 2.31
@@ 1 0 2400.13 0 0 74.9202 2.31
@@ 1 0 2400.13 0 0 84.653 2.31
Bucket graph for G_6 is regenerated as bucket steps were adjusted for 52 vertices
RCSP solver info : number of forw. reachable buckets / buck. strongly connected components is 2432( 91.7044% ) / 2432( 100% )
106640 forw. buck. arcs remain (88.3513% from max.)
ColGenEvalAlg final dual bound: 2400.13 (rounded: 2400.13)
In total 1 RCC cut(s) are found by the connected components heuristic 
Shrinking heuristic shrunk 2 edges
In total 1 RCC cut(s) are found by the Fractional capacity min-cut heuristic 
In total 7 RCC cut(s) are found by the greedy construction heuristic 
----- Add fac. cuts : CAP(9), max.viol = 0.115226, aver.viol = 0.074447, sep/add took 0.0101712/0.0085094 sec. -----
2978 columns (2978 active), 9 dyn. constrs. (9 active), 115 art. vars. (115 active)
<DWph=2> <it=  1> <et=2.39> <Mt= 0.00> <Spt= 0.03> <nCl= 31> <al=0.00> <DB= 2400.1843> <Mlp= 2400.1843> <PB=2530.637> 
<DWph=1> <it=  2> <et=2.44> <Mt= 0.00> <Spt= 0.05> <nCl=  3> <al=0.00> <DB= 2400.1843> <Mlp= 2400.1843> <PB=2530.637> 
    TT = 2e-05, performed by inspection with 63 solutions, nbR1C = 0, nbDiscC = 0
    TT = 4.5e-05, performed by inspection with 433 solutions, nbR1C = 0, nbDiscC = 0
    TT = 0.000138, performed by inspection with 2423 solutions, nbR1C = 0, nbDiscC = 0
    RCSP exact solver info for graph G_4 : TT = 0.002295, pt = 2.5e-05, dt = 0.001463, ct = 0.000623, ndl = 0', bdl = 4', odl = 0', odf = 2', bsi = 1', cnt = 2', bdch = 14', odch = 1', lcp = 1', #sols = 150
    RCSP exact solver info for graph G_5 : TT = 0.010525, pt = 2.8e-05, dt = 0.008099, ct = 0.002146, ndl = 4', bdl = 66', odl = 0', odf = 8', bsi = 2', cnt = 12', bdch = 664', odch = 9', lcp = 37', #sols = 150
    RCSP exact solver info for graph G_6 : TT = 0.05256, pt = 0.000158, dt = 0.047447, ct = 0.004556, ndl = 17', bdl = 478', odl = 2', odf = 34', bsi = 4', cnt = 23', bdch = 7501', odch = 79', lcp = 271', #sols = 150
    TT = 2.2e-05, performed by inspection with 63 solutions, nbR1C = 0, nbDiscC = 0
    TT = 4.8e-05, performed by inspection with 433 solutions, nbR1C = 0, nbDiscC = 0
    TT = 0.000149, performed by inspection with 2423 solutions, nbR1C = 0, nbDiscC = 0
    RCSP exact solver info for graph G_4 : TT = 0.002331, pt = 4.1e-05, dt = 0.001472, ct = 0.000623, ndl = 0', bdl = 4', odl = 0', odf = 2', bsi = 1', cnt = 2', bdch = 14', odch = 1', lcp = 1', #sols = 150
    RCSP exact solver info for graph G_5 : TT = 0.01058, pt = 4.2e-05, dt = 0.008129, ct = 0.002148, ndl = 4', bdl = 66', odl = 0', odf = 8', bsi = 2', cnt = 12', bdch = 664', odch = 9', lcp = 37', #sols = 150
    RCSP exact solver info for graph G_6 : TT = 0.052391, pt = 0.000175, dt = 0.047258, ct = 0.004546, ndl = 17', bdl = 478', odl = 2', odf = 34', bsi = 4', cnt = 23', bdch = 7501', odch = 79', lcp = 271', #sols = 150
<DWph=0> <it=  3> <et=2.59> <Mt= 0.00> <Spt= 0.14> <nCl=140> <al=0.00> <DB= 2400.1843> <Mlp= 2400.1843> <PB=2530.637> 
Dynamic params and stats :  aver.obdmd = 6.71154 aver.buck.num. = 21
@@ 1 1 2400.18 2.1e-05 2.2e-05 0 2.59
Dynamic params and stats :  aver.obdmd = 10.3846 aver.buck.num. = 21
@@ 1 1 2400.18 4.65e-05 4.8e-05 0 2.59
Dynamic params and stats :  aver.obdmd = 13.0769 aver.buck.num. = 21
@@ 1 1 2400.18 0.0001435 0.000149 0 2.59
Dynamic params and stats :  aver.obdmd = 19.8462 aver.buck.num. = 24
@@ 1 1 2400.18 0.0020905 0.002095 56.051 2.59
Dynamic params and stats :  aver.obdmd = 22.1538 aver.buck.num. = 25
@@ 1 1 2400.18 0.010261 0.010277 74.9202 2.59
Dynamic params and stats :  aver.obdmd = 47.6923 aver.buck.num. = 51
@@ 1 1 2400.18 0.0519035 0.052003 88.3513 2.59
Reduced cost fixing for graph G_1...  took 0 sec., done by inspection with 63 solutions, remains 63 (100%)
Reduced cost fixing for graph G_2...  took 0 sec., done by inspection with 433 solutions, remains 433 (100%)
Reduced cost fixing for graph G_3...  took 0 sec., done by inspection with 2423 solutions, remains 2423 (100%)
    Full reduced cost fixing is not called (gap ratio is 0.999572)
ColGenEvalAlg final dual bound: 2400.18 (rounded: 2400.18)
Gap improvement since the last cut separation : 0.000427997 (2400.13)
Cut generation tailing off counter increased to 1
Current active cuts : CAP(3,9.17822)
Shrinking heuristic shrunk 5 edges
3 Rank-1 1-rows pack. cuts added ,  max viol. = 0.187351, aver. viol. = 0.0981798
150 Rank-1 3-rows pack. cuts added ,  max viol. = 0.444512, aver. viol. = 0.226247
----- Add fac. cuts : R1C(153), max.viol = 0.444512, aver.viol = 0.231185, sep/add took 0.00882856/0.0801047 sec. -----
3152 columns (3152 active), 162 dyn. constrs. (156 active), 268 art. vars. (262 active)
<DWph=2> <it=  1> <et=2.72> <Mt= 0.01> <Spt= 0.03> <nCl= 25> <al=0.50> <DB= 2377.6406> <Mlp= 2407.0404> <PB=2530.637> 
<DWph=2> <it=  2> <et=2.74> <Mt= 0.00> <Spt= 0.02> <nCl= 17> <al=0.40> <DB= 2385.6451> <Mlp= 2406.9046> <PB=2530.637> 
<DWph=2> <it=  3> <et=2.77> <Mt= 0.01> <Spt= 0.02> <nCl= 23> <al=0.30> <DB= 2383.6159> <Mlp= 2406.6905> <PB=2530.637> 
<DWph=2> <it=  4> <et=2.79> <Mt= 0.00> <Spt= 0.02> <nCl= 22> <al=0.20> <DB= 2386.9488> <Mlp= 2406.6532> <PB=2530.637> 
<DWph=2> <it=  5> <et=2.81> <Mt= 0.00> <Spt= 0.02> <nCl= 15> <al=0.10> <DB= 2394.6824> <Mlp= 2406.5158> <PB=2530.637> 
<DWph=2> <it=  6> <et=2.83> <Mt= 0.01> <Spt= 0.02> <nCl=  7> <al=0.00> <DB= 2381.7440> <Mlp= 2406.5158> <PB=2530.637> 
<DWph=2> <it=  7> <et=2.85> <Mt= 0.00> <Spt= 0.02> <nCl=  6> <al=0.00> <DB= 2333.2615> <Mlp= 2406.5158> <PB=2530.637> 
<DWph=2> <it=  8> <et=2.87> <Mt= 0.00> <Spt= 0.02> <nCl=  5> <al=0.00> <DB= 2406.5126> <Mlp= 2406.5126> <PB=2530.637> 
<DWph=1> <it=  9> <et=2.92> <Mt= 0.00> <Spt= 0.04> <nCl= 33> <al=0.00> <DB= 2163.0573> <Mlp= 2406.5126> <PB=2530.637> 
<DWph=1> <it= 10> <et=2.98> <Mt= 0.01> <Spt= 0.05> <nCl= 19> <al=0.00> <DB= 2225.5337> <Mlp= 2406.1601> <PB=2530.637> 
<DWph=1> <it= 11> <et=3.03> <Mt= 0.00> <Spt= 0.05> <nCl= 11> <al=0.00> <DB= 2288.5058> <Mlp= 2406.0767> <PB=2530.637> 
<DWph=1> <it= 12> <et=3.08> <Mt= 0.00> <Spt= 0.05> <nCl=  4> <al=0.00> <DB= 2351.8318> <Mlp= 2406.0653> <PB=2530.637> 
<DWph=1> <it= 13> <et=3.13> <Mt= 0.01> <Spt= 0.04> <nCl=  5> <al=0.00> <DB= 2364.8610> <Mlp= 2405.8438> <PB=2530.637> 
<DWph=1> <it= 14> <et=3.18> <Mt= 0.00> <Spt= 0.05> <nCl=  2> <al=0.00> <DB= 2393.5761> <Mlp= 2405.8431> <PB=2530.637> 
<DWph=1> <it= 15> <et=3.22> <Mt= 0.00> <Spt= 0.04> <nCl=  1> <al=0.00> <DB= 2405.8431> <Mlp= 2405.8431> <PB=2530.637> 
    TT = 3.2e-05, performed by inspection with 63 solutions, nbR1C = 36, nbDiscC = 0
    TT = 7e-05, performed by inspection with 433 solutions, nbR1C = 36, nbDiscC = 0
    TT = 0.00023, performed by inspection with 2423 solutions, nbR1C = 36, nbDiscC = 0
    RCSP exact solver info for graph G_4 : TT = 0.005833, pt = 0.000309, dt = 0.004153, ct = 0.001149, ndl = 0', bdl = 4', odl = 0', odf = 2', bsi = 1', cnt = 2', bdch = 15', odch = 1', lcp = 1', #sols = 150
    RCSP exact solver info for graph G_5 : TT = 0.029653, pt = 0.000322, dt = 0.023859, ct = 0.005124, ndl = 5', bdl = 73', odl = 0', odf = 9', bsi = 3', cnt = 22', bdch = 832', odch = 12', lcp = 50', #sols = 150
    RCSP exact solver info for graph G_6 : TT = 0.159876, pt = 0.000461, dt = 0.14487, ct = 0.014029, ndl = 24', bdl = 619', odl = 3', odf = 48', bsi = 4', cnt = 59', bdch = 12944', odch = 161', lcp = 552', #sols = 150
<DWph=0> <it= 16> <et=3.44> <Mt= 0.00> <Spt= 0.22> <nCl=133> <al=0.00> <DB= 2314.2976> <Mlp= 2405.8431> <PB=2530.637> 
    TT = 3.2e-05, performed by inspection with 63 solutions, nbR1C = 38, nbDiscC = 0
    TT = 7.4e-05, performed by inspection with 433 solutions, nbR1C = 38, nbDiscC = 0
    TT = 0.000241, performed by inspection with 2423 solutions, nbR1C = 38, nbDiscC = 0
    RCSP exact solver info for graph G_4 : TT = 0.005424, pt = 0.000357, dt = 0.00364, ct = 0.001203, ndl = 0', bdl = 4', odl = 0', odf = 2', bsi = 1', cnt = 2', bdch = 15', odch = 1', lcp = 1', #sols = 150
    RCSP exact solver info for graph G_5 : TT = 0.026952, pt = 0.000353, dt = 0.020924, ct = 0.005328, ndl = 5', bdl = 74', odl = 0', odf = 9', bsi = 3', cnt = 23', bdch = 850', odch = 12', lcp = 51', #sols = 150
    RCSP exact solver info for graph G_6 : TT = 0.13752, pt = 0.000494, dt = 0.122134, ct = 0.014407, ndl = 24', bdl = 625', odl = 3', odf = 49', bsi = 4', cnt = 62', bdch = 13393', odch = 169', lcp = 565', #sols = 150
<DWph=0> <it= 17> <et=3.62> <Mt= 0.01> <Spt= 0.18> <nCl= 38> <al=0.00> <DB= 2343.3034> <Mlp= 2405.7642> <PB=2530.637> 
    TT = 3.4e-05, performed by inspection with 63 solutions, nbR1C = 40, nbDiscC = 0
    TT = 7.5e-05, performed by inspection with 433 solutions, nbR1C = 40, nbDiscC = 0
    TT = 0.00024, performed by inspection with 2423 solutions, nbR1C = 40, nbDiscC = 0
    RCSP exact solver info for graph G_4 : TT = 0.005428, pt = 0.000371, dt = 0.003631, ct = 0.00119, ndl = 0', bdl = 4', odl = 0', odf = 2', bsi = 1', cnt = 2', bdch = 15', odch = 1', lcp = 1', #sols = 150
    RCSP exact solver info for graph G_5 : TT = 0.026675, pt = 0.000364, dt = 0.020767, ct = 0.005226, ndl = 5', bdl = 73', odl = 0', odf = 9', bsi = 3', cnt = 23', bdch = 847', odch = 13', lcp = 51', #sols = 150
    RCSP exact solver info for graph G_6 : TT = 0.138136, pt = 0.000508, dt = 0.122716, ct = 0.014444, ndl = 24', bdl = 629', odl = 3', odf = 49', bsi = 4', cnt = 63', bdch = 13592', odch = 174', lcp = 570', #sols = 150
<DWph=0> <it= 18> <et=3.81> <Mt= 0.00> <Spt= 0.18> <nCl= 15> <al=0.00> <DB= 2405.1526> <Mlp= 2405.7269> <PB=2530.637> 
    TT = 3.3e-05, performed by inspection with 63 solutions, nbR1C = 40, nbDiscC = 0
    TT = 7.6e-05, performed by inspection with 433 solutions, nbR1C = 40, nbDiscC = 0
    TT = 0.000244, performed by inspection with 2423 solutions, nbR1C = 40, nbDiscC = 0
    RCSP exact solver info for graph G_4 : TT = 0.005425, pt = 0.000366, dt = 0.00363, ct = 0.001189, ndl = 0', bdl = 4', odl = 0', odf = 2', bsi = 1', cnt = 2', bdch = 15', odch = 1', lcp = 1', #sols = 150
    RCSP exact solver info for graph G_5 : TT = 0.026697, pt = 0.000368, dt = 0.020794, ct = 0.005231, ndl = 5', bdl = 73', odl = 0', odf = 9', bsi = 3', cnt = 23', bdch = 846', odch = 13', lcp = 51', #sols = 150
    RCSP exact solver info for graph G_6 : TT = 0.13815, pt = 0.000517, dt = 0.122726, ct = 0.014429, ndl = 24', bdl = 629', odl = 3', odf = 49', bsi = 4', cnt = 63', bdch = 13576', odch = 173', lcp = 569', #sols = 150
<DWph=0> <it= 19> <et=3.99> <Mt= 0.00> <Spt= 0.17> <nCl=  0> <al=0.00> <DB= 2405.7269> <Mlp= 2405.7269> <PB=2530.637> 
Dynamic params and stats :  aver.obdmd = 6.71154 aver.buck.num. = 21 nbR1C = 40 with avMem = 9.225
@@ 1 2 2405.73 3.275e-05 3.4e-05 0 3.99
Dynamic params and stats :  aver.obdmd = 10.3846 aver.buck.num. = 21 nbR1C = 40 with avMem = 9.225
@@ 1 2 2405.73 7.375e-05 7.6e-05 0 3.99
Dynamic params and stats :  aver.obdmd = 13.0769 aver.buck.num. = 21 nbR1C = 40 with avMem = 9.225
@@ 1 2 2405.73 0.00023875 0.000244 0 3.99
Dynamic params and stats :  aver.obdmd = 19.8462 aver.buck.num. = 24 nbR1C = 40 with avMem = 9.225
@@ 1 2 2405.73 0.00494625 0.005302 56.051 3.99
Dynamic params and stats :  aver.obdmd = 22.1538 aver.buck.num. = 25 nbR1C = 40 with avMem = 9.225
@@ 1 2 2405.73 0.0268133 0.028983 74.9202 3.99
Dynamic params and stats :  aver.obdmd = 47.6923 aver.buck.num. = 51 nbR1C = 40 with avMem = 9.225
@@ 1 2 2405.73 0.142439 0.158899 88.3513 3.99
Reduced cost fixing for graph G_1...  took 0 sec., done by inspection with 63 solutions, remains 63 (100%)
Reduced cost fixing for graph G_2...  took 0 sec., done by inspection with 433 solutions, remains 433 (100%)
Reduced cost fixing for graph G_3...  took 0 sec., done by inspection with 2423 solutions, remains 2423 (100%)
    Full reduced cost fixing is not called (gap ratio is 0.957103)
Bucket graph for G_6 is regenerated as bucket steps were adjusted for 52 vertices
RCSP solver info : number of forw. reachable buckets / buck. strongly connected components is 4795( 91.2986% ) / 4795( 100% )
210137 forw. buck. arcs remain (88.2929% from max.)
ColGenEvalAlg final dual bound: 2405.73 (rounded: 2405.73)
Gap improvement since the last cut separation : 0.0424874 (2400.18)
Current active cuts : CAP(1,0.91803) R1C(1+39,40.1102) 1rowPackR1C(1) 3rowPackR1C(39)
Shrinking heuristic shrunk 1 edges
6 Rank-1 1-rows pack. cuts added ,  max viol. = 0.118372, aver. viol. = 0.0624731
150 Rank-1 3-rows pack. cuts added ,  max viol. = 0.303723, aver. viol. = 0.0850676
----- Add fac. cuts : R1C(156), max.viol = 0.304159, aver.viol = 0.0965777, sep/add took 0.0113764/0.100028 sec. -----
3533 columns (3533 active), 312 dyn. constrs. (197 active), 424 art. vars. (303 active)
<DWph=2> <it=  1> <et=4.20> <Mt= 0.01> <Spt= 0.04> <nCl=  5> <al=0.50> <DB= 2406.0438> <Mlp= 2406.3607> <PB=2406.3607> 
<DWph=2> <it=  2> <et=4.23> <Mt= 0.00> <Spt= 0.03> <nCl= 11> <al=0.50> <DB= 2398.3314> <Mlp= 2406.3607> <PB=2406.3607> 
<DWph=2> <it=  3> <et=4.30> <Mt= 0.01> <Spt= 0.07> <nCl= 14> <al=0.00> <DB= 2394.0181> <Mlp= 2406.3607> <PB=2406.3607> 
<DWph=2> <it=  4> <et=4.36> <Mt= 0.00> <Spt= 0.06> <nCl=  0> <al=0.00> <DB= 2406.3607> <Mlp= 2406.3607> <PB=2406.3607> 
<DWph=1> <it=  5> <et=4.42> <Mt= 0.00> <Spt= 0.06> <nCl= 14> <al=0.30> <DB= 2319.9353> <Mlp= 2406.3607> <PB=2406.3607> 
<DWph=1> <it=  6> <et=4.54> <Mt= 0.00> <Spt= 0.10> <nCl=  6> <al=0.00> <DB= 2404.1050> <Mlp= 2406.3607> <PB=2406.3607> 
<DWph=1> <it=  7> <et=4.65> <Mt= 0.01> <Spt= 0.11> <nCl=  0> <al=0.00> <DB= 2406.3607> <Mlp= 2406.3607> <PB=2406.3607> 
    TT = 3.3e-05, performed by inspection with 63 solutions, nbR1C = 48, nbDiscC = 0
    TT = 8.2e-05, performed by inspection with 433 solutions, nbR1C = 48, nbDiscC = 0
    TT = 0.000244, performed by inspection with 2423 solutions, nbR1C = 48, nbDiscC = 0
    RCSP exact solver info for graph G_4 : TT = 0.005763, pt = 0.000411, dt = 0.003903, ct = 0.001231, ndl = 0', bdl = 4', odl = 0', odf = 2', bsi = 1', cnt = 2', bdch = 16', odch = 1', lcp = 1', #sols = 150
    RCSP exact solver info for graph G_5 : TT = 0.03081, pt = 0.000403, dt = 0.02448, ct = 0.00561, ndl = 5', bdl = 78', odl = 0', odf = 10', bsi = 3', cnt = 26', bdch = 948', odch = 15', lcp = 59', #sols = 150
    RCSP exact solver info for graph G_6 : TT = 0.150183, pt = 0.000681, dt = 0.132662, ct = 0.016233, ndl = 27', bdl = 690', odl = 5', odf = 82', bsi = 5', cnt = 34', bdch = 9483', odch = 304', lcp = 381', #sols = 150
<DWph=0> <it=  8> <et=4.85> <Mt= 0.00> <Spt= 0.20> <nCl= 80> <al=0.10> <DB= 2317.4550> <Mlp= 2406.3607> <PB=2406.3607> 
    TT = 3.5e-05, performed by inspection with 63 solutions, nbR1C = 39, nbDiscC = 0
    TT = 7.9e-05, performed by inspection with 433 solutions, nbR1C = 39, nbDiscC = 0
    TT = 0.000245, performed by inspection with 2423 solutions, nbR1C = 39, nbDiscC = 0
    RCSP exact solver info for graph G_4 : TT = 0.005773, pt = 0.000352, dt = 0.00391, ct = 0.001284, ndl = 0', bdl = 4', odl = 0', odf = 2', bsi = 1', cnt = 3', bdch = 17', odch = 1', lcp = 1', #sols = 150
    RCSP exact solver info for graph G_5 : TT = 0.030857, pt = 0.000352, dt = 0.024265, ct = 0.005902, ndl = 6', bdl = 82', odl = 0', odf = 11', bsi = 3', cnt = 29', bdch = 1018', odch = 17', lcp = 64', #sols = 150
    RCSP exact solver info for graph G_6 : TT = 0.150607, pt = 0.000634, dt = 0.132109, ct = 0.017267, ndl = 29', bdl = 732', odl = 5', odf = 87', bsi = 5', cnt = 38', bdch = 10499', odch = 345', lcp = 424', #sols = 150
<DWph=0> <it=  9> <et=5.06> <Mt= 0.01> <Spt= 0.21> <nCl= 91> <al=0.00> <DB= 2293.3896> <Mlp= 2406.3607> <PB=2406.3607> 
    TT = 3.4e-05, performed by inspection with 63 solutions, nbR1C = 48, nbDiscC = 0
    TT = 7.9e-05, performed by inspection with 433 solutions, nbR1C = 48, nbDiscC = 0
    TT = 0.00025, performed by inspection with 2423 solutions, nbR1C = 48, nbDiscC = 0
    RCSP exact solver info for graph G_4 : TT = 0.005834, pt = 0.000429, dt = 0.003913, ct = 0.001263, ndl = 0', bdl = 4', odl = 0', odf = 2', bsi = 1', cnt = 2', bdch = 16', odch = 1', lcp = 1', #sols = 150
    RCSP exact solver info for graph G_5 : TT = 0.029797, pt = 0.000423, dt = 0.023362, ct = 0.005687, ndl = 5', bdl = 79', odl = 0', odf = 10', bsi = 3', cnt = 28', bdch = 953', odch = 15', lcp = 59', #sols = 150
    RCSP exact solver info for graph G_6 : TT = 0.145749, pt = 0.000706, dt = 0.128234, ct = 0.016247, ndl = 27', bdl = 693', odl = 5', odf = 81', bsi = 5', cnt = 36', bdch = 9439', odch = 309', lcp = 381', #sols = 150
<DWph=0> <it= 10> <et=5.27> <Mt= 0.01> <Spt= 0.19> <nCl= 38> <al=0.10> <DB= 2349.7358> <Mlp= 2406.3607> <PB=2406.3607> 
    TT = 4.1e-05, performed by inspection with 63 solutions, nbR1C = 86, nbDiscC = 0
    TT = 9e-05, performed by inspection with 433 solutions, nbR1C = 86, nbDiscC = 0
    TT = 0.00028, performed by inspection with 2423 solutions, nbR1C = 86, nbDiscC = 0
    RCSP exact solver info for graph G_4 : TT = 0.007259, pt = 0.00075, dt = 0.004802, ct = 0.001463, ndl = 1', bdl = 5', odl = 0', odf = 2', bsi = 1', cnt = 3', bdch = 19', odch = 1', lcp = 1', #sols = 150
    RCSP exact solver info for graph G_5 : TT = 0.041567, pt = 0.000743, dt = 0.033267, ct = 0.007214, ndl = 6', bdl = 90', odl = 0', odf = 12', bsi = 3', cnt = 51', bdch = 1196', odch = 22', lcp = 84', #sols = 150
    RCSP exact solver info for graph G_6 : TT = 0.220443, pt = 0.001024, dt = 0.196925, ct = 0.021851, ndl = 34', bdl = 849', odl = 6', odf = 104', bsi = 5', cnt = 105', bdch = 13121', odch = 493', lcp = 630', #sols = 150
<DWph=0> <it= 11> <et=5.73> <Mt= 0.16> <Spt= 0.30> <nCl=198> <al=0.19> <DB= 2137.1036> <Mlp= 2406.3607> <PB=2406.3607> 
    TT = 3.9e-05, performed by inspection with 63 solutions, nbR1C = 78, nbDiscC = 0
    TT = 8.7e-05, performed by inspection with 433 solutions, nbR1C = 78, nbDiscC = 0
    TT = 0.000275, performed by inspection with 2423 solutions, nbR1C = 78, nbDiscC = 0
    RCSP exact solver info for graph G_4 : TT = 0.006679, pt = 0.00063, dt = 0.004428, ct = 0.001353, ndl = 1', bdl = 4', odl = 0', odf = 2', bsi = 1', cnt = 3', bdch = 17', odch = 1', lcp = 1', #sols = 150
    RCSP exact solver info for graph G_5 : TT = 0.034813, pt = 0.000625, dt = 0.027531, ct = 0.006315, ndl = 6', bdl = 83', odl = 0', odf = 11', bsi = 3', cnt = 35', bdch = 1055', odch = 17', lcp = 68', #sols = 150
    RCSP exact solver info for graph G_6 : TT = 0.180288, pt = 0.00091, dt = 0.160108, ct = 0.018636, ndl = 30', bdl = 761', odl = 6', odf = 92', bsi = 5', cnt = 43', bdch = 11192', odch = 376', lcp = 468', #sols = 150
<DWph=0> <it= 12> <et=5.98> <Mt= 0.02> <Spt= 0.23> <nCl= 43> <al=0.27> <DB= 2393.2277> <Mlp= 2406.3607> <PB=2406.3607> 
    TT = 4.2e-05, performed by inspection with 63 solutions, nbR1C = 78, nbDiscC = 0
    TT = 9.2e-05, performed by inspection with 433 solutions, nbR1C = 78, nbDiscC = 0
    TT = 0.000272, performed by inspection with 2423 solutions, nbR1C = 78, nbDiscC = 0
    RCSP exact solver info for graph G_4 : TT = 0.006727, pt = 0.000629, dt = 0.004471, ct = 0.001367, ndl = 1', bdl = 4', odl = 0', odf = 2', bsi = 1', cnt = 3', bdch = 18', odch = 1', lcp = 1', #sols = 150
    RCSP exact solver info for graph G_5 : TT = 0.035508, pt = 0.000627, dt = 0.028083, ct = 0.006462, ndl = 6', bdl = 85', odl = 0', odf = 11', bsi = 3', cnt = 39', bdch = 1083', odch = 19', lcp = 72', #sols = 150
    RCSP exact solver info for graph G_6 : TT = 0.185568, pt = 0.000927, dt = 0.164843, ct = 0.019192, ndl = 31', bdl = 782', odl = 6', odf = 95', bsi = 5', cnt = 52', bdch = 11712', odch = 404', lcp = 501', #sols = 150
<DWph=0> <it= 13> <et=6.22> <Mt= 0.00> <Spt= 0.24> <nCl= 21> <al=0.34> <DB= 2392.4451> <Mlp= 2406.3607> <PB=2406.3607> 
    TT = 4.2e-05, performed by inspection with 63 solutions, nbR1C = 78, nbDiscC = 0
    TT = 9.1e-05, performed by inspection with 433 solutions, nbR1C = 78, nbDiscC = 0
    TT = 0.000275, performed by inspection with 2423 solutions, nbR1C = 78, nbDiscC = 0
    RCSP exact solver info for graph G_4 : TT = 0.006735, pt = 0.000633, dt = 0.004476, ct = 0.001364, ndl = 1', bdl = 4', odl = 0', odf = 2', bsi = 1', cnt = 3', bdch = 18', odch = 1', lcp = 1', #sols = 150
    RCSP exact solver info for graph G_5 : TT = 0.035398, pt = 0.000633, dt = 0.027938, ct = 0.006464, ndl = 6', bdl = 84', odl = 0', odf = 11', bsi = 3', cnt = 37', bdch = 1076', odch = 18', lcp = 71', #sols = 150
    RCSP exact solver info for graph G_6 : TT = 0.184397, pt = 0.000933, dt = 0.163742, ct = 0.019085, ndl = 31', bdl = 777', odl = 6', odf = 94', bsi = 5', cnt = 49', bdch = 11603', odch = 396', lcp = 491', #sols = 150
    TT = 4.3e-05, performed by inspection with 63 solutions, nbR1C = 47, nbDiscC = 0
    TT = 9e-05, performed by inspection with 433 solutions, nbR1C = 47, nbDiscC = 0
    TT = 0.000263, performed by inspection with 2423 solutions, nbR1C = 47, nbDiscC = 0
    RCSP exact solver info for graph G_4 : TT = 0.006299, pt = 0.000428, dt = 0.00422, ct = 0.001363, ndl = 1', bdl = 4', odl = 0', odf = 2', bsi = 1', cnt = 3', bdch = 18', odch = 1', lcp = 1', #sols = 150
    RCSP exact solver info for graph G_5 : TT = 0.033403, pt = 0.000425, dt = 0.026156, ct = 0.006455, ndl = 6', bdl = 85', odl = 0', odf = 11', bsi = 3', cnt = 39', bdch = 1093', odch = 19', lcp = 73', #sols = 150
    RCSP exact solver info for graph G_6 : TT = 0.168333, pt = 0.000693, dt = 0.147833, ct = 0.019194, ndl = 32', bdl = 791', odl = 6', odf = 96', bsi = 5', cnt = 54', bdch = 11975', odch = 419', lcp = 515', #sols = 150
<DWph=0> <it= 14> <et=6.68> <Mt= 0.01> <Spt= 0.46> <nCl= 30> <al=0.00> <DB= 2373.6460> <Mlp= 2406.3607> <PB=2406.3607> 
    TT = 4e-05, performed by inspection with 63 solutions, nbR1C = 78, nbDiscC = 0
    TT = 8.9e-05, performed by inspection with 433 solutions, nbR1C = 78, nbDiscC = 0
    TT = 0.000275, performed by inspection with 2423 solutions, nbR1C = 78, nbDiscC = 0
    RCSP exact solver info for graph G_4 : TT = 0.006705, pt = 0.000637, dt = 0.00446, ct = 0.001371, ndl = 1', bdl = 4', odl = 0', odf = 2', bsi = 1', cnt = 3', bdch = 18', odch = 1', lcp = 1', #sols = 150
    RCSP exact solver info for graph G_5 : TT = 0.03534, pt = 0.000636, dt = 0.027938, ct = 0.006436, ndl = 6', bdl = 84', odl = 0', odf = 11', bsi = 3', cnt = 38', bdch = 1072', odch = 18', lcp = 71', #sols = 150
    RCSP exact solver info for graph G_6 : TT = 0.182632, pt = 0.000929, dt = 0.162229, ct = 0.018867, ndl = 31', bdl = 772', odl = 6', odf = 94', bsi = 5', cnt = 50', bdch = 11396', odch = 390', lcp = 482', #sols = 150
    TT = 4.3e-05, performed by inspection with 63 solutions, nbR1C = 47, nbDiscC = 0
    TT = 8.8e-05, performed by inspection with 433 solutions, nbR1C = 47, nbDiscC = 0
    TT = 0.000264, performed by inspection with 2423 solutions, nbR1C = 47, nbDiscC = 0
    RCSP exact solver info for graph G_4 : TT = 0.006137, pt = 0.00042, dt = 0.004112, ct = 0.001354, ndl = 1', bdl = 4', odl = 0', odf = 2', bsi = 1', cnt = 3', bdch = 18', odch = 1', lcp = 1', #sols = 150
    RCSP exact solver info for graph G_5 : TT = 0.03225, pt = 0.000408, dt = 0.025108, ct = 0.006373, ndl = 6', bdl = 84', odl = 0', odf = 11', bsi = 3', cnt = 38', bdch = 1075', odch = 19', lcp = 71', #sols = 150
    RCSP exact solver info for graph G_6 : TT = 0.16325, pt = 0.000704, dt = 0.143199, ct = 0.018691, ndl = 31', bdl = 772', odl = 6', odf = 93', bsi = 5', cnt = 51', bdch = 11371', odch = 389', lcp = 484', #sols = 150
<DWph=0> <it= 15> <et=7.13> <Mt= 0.00> <Spt= 0.44> <nCl=  6> <al=0.00> <DB= 2406.3607> <Mlp= 2406.3607> <PB=2406.3607> 
Dynamic params and stats :  aver.obdmd = 6.71154 aver.buck.num. = 21 nbR1C = 47 with avMem = 8.55319
@@ 1 3 2406.36 3.92e-05 4.3e-05 0 7.13
Dynamic params and stats :  aver.obdmd = 10.3846 aver.buck.num. = 21 nbR1C = 47 with avMem = 8.55319
@@ 1 3 2406.36 8.67e-05 9.2e-05 0 7.13
Dynamic params and stats :  aver.obdmd = 13.0769 aver.buck.num. = 21 nbR1C = 47 with avMem = 8.55319
@@ 1 3 2406.36 0.0002643 0.00028 0 7.13
Dynamic params and stats :  aver.obdmd = 19.8462 aver.buck.num. = 24 nbR1C = 47 with avMem = 8.55319
@@ 1 3 2406.36 0.0056108 0.006265 56.051 7.13
Dynamic params and stats :  aver.obdmd = 22.1538 aver.buck.num. = 25 nbR1C = 47 with avMem = 8.55319
@@ 1 3 2406.36 0.0331046 0.040481 74.9202 7.13
Dynamic params and stats :  aver.obdmd = 95.3846 aver.buck.num. = 101 nbR1C = 47 with avMem = 8.55319
@@ 1 3 2406.36 0.171715 0.218776 88.2929 7.13
ColGenEvalAlg final dual bound: 2406.36 (rounded: 2406.36)
Gap improvement since the last cut separation : 1 (2405.73)
Current active cuts : R1C(1+46,85.1987) 1rowPackR1C(1) 3rowPackR1C(46)
New model incumbent solution 2406.36, TIME = 0h0m7s15t = 715
************************************************************************************************
Search is finished, global bounds : [ 2406.36 , 2406.36 ], TIME = 0h0m7s15t = 715
************************************************************************************************
instance_name solver_name ext_heuristic solution_value solution_time best_lb root_lb root_time nb_branch_and_bound_nodes status
/home/logis/Downloads/VRPSolverEasy/VRPSolverEasy/demos/data/HFVRP/c50_13fsmf CPLEX False 2406.3607160847337 7.152150359 2406.3607160847387 2406.3607160847387 7.151790054 1 0

