Arc memory for rank-1 cuts will be used (15.4162)
~~~~~~~~~~~~~~~~~~~~~~~~~~~~~~~~~~~~~~~~~~~~~~~~~~~~~~~~~~~~~~~~~~~~~~~~~~~~~~~~~~~~~
VRPSolver v0.5.27, 24/02/2023, © Inria Bordeaux, France, vrpsolver.math.u-bordeaux.fr
      Corresponds to the solver by Pessoa, Sadykov, Uchoa and Vanderbeck (2020)
                 Paper: dx.doi.org/10.1007/s10107-020-01523-z
~~~~~~~~~~~~~~~~~~~~~~~~~~~~~~~~~~~~~~~~~~~~~~~~~~~~~~~~~~~~~~~~~~~~~~~~~~~~~~~~~~~~~
   BaPCod v0.77, 15/03/2023, © Inria Bordeaux, France, bapcod.math.u-bordeaux.fr 
           THIS CODE IS PROVIDED AS IS, USE IT AT YOUR OWN RISK
~~~~~~~~~~~~~~~~~~~~~~~~~~~~~~~~~~~~~~~~~~~~~~~~~~~~~~~~~~~~~~~~~~~~~~~~~~~~~~~~~~~~~
Bucket steps were recalculated for graph G_1 : [5]
RCSP solver info : symmetric case is detected for graph G_1! 
Bidirectional border value is initialised to 60
RCSP solver info : number of forw. reachable buckets / buck. strongly connected components is 1203( 92.5385% ) / 1203( 100% )
Bucket steps were recalculated for graph G_2 : [6.5]
RCSP solver info : symmetric case is detected for graph G_2! 
Bidirectional border value is initialised to 80
RCSP solver info : number of forw. reachable buckets / buck. strongly connected components is 1222( 94% ) / 1198( 98.036% )
Bucket steps were recalculated for graph G_3 : [12]
RCSP solver info : symmetric case is detected for graph G_3! 
Bidirectional border value is initialised to 150
RCSP solver info : number of forw. reachable buckets / buck. strongly connected components is 1312( 97.0414% ) / 737( 56.1738% )
Generating neighbourhoods for rank-1 cuts separation
Building structures for 4- and 5-row rank-1 packing cut separation...done!
Model is built TIME = 0h0m0s6t = 6
************************************************************************************************
**** BaB tree root node
**** Local DB = -1e+12, global bounds : [ -1e+12 , 625.881 ], TIME = 0h0m0s6t = 6
**** 1 open nodes, 0 columns (0 active), 0 dyn. constrs. (0 active), 106 art. vars. (106 active)
************************************************************************************************
#<DWph=2> <it=  1> <et=0.07> <Mt= 0.00> <Spt= 0.00> <nCl= 90> <al=0.00> <DB=-160428.6361> <Mlp=76607.8344> <PB=625.881> 
#<DWph=2> <it=  2> <et=0.08> <Mt= 0.00> <Spt= 0.01> <nCl= 90> <al=0.55> <DB=-81646.3312> <Mlp=71519.4453> <PB=625.881> 
#<DWph=2> <it=  3> <et=0.09> <Mt= 0.00> <Spt= 0.01> <nCl= 90> <al=0.45> <DB=-64697.4239> <Mlp=62757.6992> <PB=625.881> 
#<DWph=2> <it=  4> <et=0.10> <Mt= 0.00> <Spt= 0.01> <nCl= 90> <al=0.51> <DB=-54694.9602> <Mlp=58959.9022> <PB=625.881> 
#<DWph=2> <it=  5> <et=0.11> <Mt= 0.00> <Spt= 0.01> <nCl= 90> <al=0.55> <DB=-49208.1895> <Mlp=55806.6500> <PB=625.881> 
#<DWph=2> <it=  6> <et=0.12> <Mt= 0.00> <Spt= 0.01> <nCl= 90> <al=0.60> <DB=-45241.3871> <Mlp=51890.0651> <PB=625.881> 
#<DWph=2> <it=  7> <et=0.13> <Mt= 0.00> <Spt= 0.01> <nCl= 90> <al=0.64> <DB=-44861.7030> <Mlp=43102.7014> <PB=625.881> 
#<DWph=2> <it=  8> <et=0.14> <Mt= 0.00> <Spt= 0.01> <nCl= 90> <al=0.68> <DB=-37619.3086> <Mlp=40323.4030> <PB=625.881> 
#<DWph=2> <it=  9> <et=0.15> <Mt= 0.00> <Spt= 0.01> <nCl= 90> <al=0.71> <DB=-35944.0574> <Mlp=29304.3048> <PB=625.881> 
#<DWph=2> <it= 10> <et=0.16> <Mt= 0.00> <Spt= 0.01> <nCl= 90> <al=0.74> <DB=-31696.5891> <Mlp=23469.2987> <PB=625.881> 
#<DWph=2> <it= 11> <et=0.17> <Mt= 0.00> <Spt= 0.00> <nCl= 90> <al=0.76> <DB=-27509.8785> <Mlp=18147.3521> <PB=625.881> 
#<DWph=2> <it= 12> <et=0.18> <Mt= 0.00> <Spt= 0.01> <nCl= 90> <al=0.79> <DB=-27774.3467> <Mlp= 8814.2349> <PB=625.881> 
#<DWph=2> <it= 13> <et=0.19> <Mt= 0.00> <Spt= 0.01> <nCl= 90> <al=0.81> <DB=-24202.3847> <Mlp= 3086.5975> <PB=625.881> 
<DWph=2> <it= 14> <et=0.20> <Mt= 0.01> <Spt= 0.01> <nCl= 65> <al=0.71> <DB=-16756.6926> <Mlp= 1190.6588> <PB=625.881> 
<DWph=2> <it= 15> <et=0.21> <Mt= 0.00> <Spt= 0.01> <nCl= 90> <al=0.61> <DB=-9483.6528> <Mlp= 1190.3589> <PB=625.881> 
<DWph=2> <it= 16> <et=0.22> <Mt= 0.00> <Spt= 0.01> <nCl= 83> <al=0.51> <DB=-4333.5674> <Mlp= 1103.5882> <PB=625.881> 
<DWph=2> <it= 17> <et=0.23> <Mt= 0.00> <Spt= 0.01> <nCl= 90> <al=0.41> <DB=-1246.4460> <Mlp= 1041.1695> <PB=625.881> 
<DWph=2> <it= 18> <et=0.24> <Mt= 0.00> <Spt= 0.00> <nCl= 90> <al=0.31> <DB= -467.9252> <Mlp=  976.4029> <PB=625.881> 
<DWph=2> <it= 19> <et=0.25> <Mt= 0.00> <Spt= 0.01> <nCl= 90> <al=0.38> <DB= -753.6389> <Mlp=  918.4598> <PB=625.881> 
<DWph=2> <it= 20> <et=0.26> <Mt= 0.01> <Spt= 0.01> <nCl= 90> <al=0.44> <DB=   61.8779> <Mlp=  873.0281> <PB=625.881> 
<DWph=2> <it= 21> <et=0.28> <Mt= 0.00> <Spt= 0.01> <nCl= 90> <al=0.50> <DB=  237.5556> <Mlp=  816.9316> <PB=625.881> 
<DWph=2> <it= 22> <et=0.29> <Mt= 0.00> <Spt= 0.01> <nCl= 90> <al=0.55> <DB=  310.2842> <Mlp=  791.6201> <PB=625.881> 
<DWph=2> <it= 23> <et=0.30> <Mt= 0.00> <Spt= 0.01> <nCl= 90> <al=0.59> <DB=  329.8437> <Mlp=  735.0139> <PB=625.881> 
<DWph=2> <it= 24> <et=0.31> <Mt= 0.00> <Spt= 0.01> <nCl= 90> <al=0.63> <DB=  426.2513> <Mlp=  699.1863> <PB=625.881> 
<DWph=2> <it= 25> <et=0.32> <Mt= 0.00> <Spt= 0.01> <nCl= 90> <al=0.67> <DB=  483.6065> <Mlp=  678.6893> <PB=625.881> 
<DWph=2> <it= 26> <et=0.33> <Mt= 0.01> <Spt= 0.01> <nCl= 90> <al=0.70> <DB=  484.1487> <Mlp=  643.6234> <PB=625.881> 
<DWph=2> <it= 27> <et=0.34> <Mt= 0.00> <Spt= 0.01> <nCl= 74> <al=0.73> <DB=  518.7040> <Mlp=  622.1487> <PB=625.881> 
<DWph=2> <it= 28> <et=0.36> <Mt= 0.00> <Spt= 0.01> <nCl= 52> <al=0.63> <DB=  552.6104> <Mlp=  608.0908> <PB=625.881> 
<DWph=2> <it= 29> <et=0.37> <Mt= 0.00> <Spt= 0.01> <nCl= 67> <al=0.67> <DB=  561.3349> <Mlp=  604.7482> <PB=625.881> 
<DWph=2> <it= 30> <et=0.38> <Mt= 0.01> <Spt= 0.01> <nCl= 49> <al=0.70> <DB=  570.5937> <Mlp=  599.7077> <PB=625.881> 
<DWph=2> <it= 31> <et=0.39> <Mt= 0.00> <Spt= 0.01> <nCl= 35> <al=0.73> <DB=  577.7636> <Mlp=  597.3194> <PB=625.881> 
<DWph=2> <it= 32> <et=0.40> <Mt= 0.00> <Spt= 0.00> <nCl= 30> <al=0.63> <DB=  581.6966> <Mlp=  596.6519> <PB=625.881> 
<DWph=2> <it= 33> <et=0.41> <Mt= 0.00> <Spt= 0.01> <nCl= 17> <al=0.67> <DB=  586.4495> <Mlp=  596.0363> <PB=625.881> 
<DWph=2> <it= 34> <et=0.42> <Mt= 0.00> <Spt= 0.01> <nCl= 25> <al=0.57> <DB=  588.4312> <Mlp=  595.8167> <PB=625.881> 
<DWph=2> <it= 35> <et=0.44> <Mt= 0.00> <Spt= 0.02> <nCl= 35> <al=0.00> <DB=  594.1447> <Mlp=  595.7674> <PB=625.881> 
<DWph=2> <it= 36> <et=0.45> <Mt= 0.00> <Spt= 0.01> <nCl=  9> <al=0.37> <DB=  594.1139> <Mlp=  595.7448> <PB=625.881> 
<DWph=2> <it= 37> <et=0.46> <Mt= 0.00> <Spt= 0.01> <nCl=  6> <al=0.43> <DB=  595.1210> <Mlp=  595.6729> <PB=625.881> 
<DWph=2> <it= 38> <et=0.47> <Mt= 0.01> <Spt= 0.01> <nCl= 12> <al=0.00> <DB=  595.4100> <Mlp=  595.6729> <PB=625.881> 
<DWph=2> <it= 39> <et=0.48> <Mt= 0.00> <Spt= 0.01> <nCl= 10> <al=0.23> <DB=  595.1812> <Mlp=  595.6722> <PB=625.881> 
<DWph=2> <it= 40> <et=0.50> <Mt= 0.00> <Spt= 0.02> <nCl= 14> <al=0.00> <DB=  595.6410> <Mlp=  595.6410> <PB=625.881> 
<DWph=1> <it= 41> <et=0.52> <Mt= 0.00> <Spt= 0.02> <nCl= 24> <al=0.03> <DB=  583.5050> <Mlp=  595.6410> <PB=625.881> 
<DWph=1> <it= 42> <et=0.54> <Mt= 0.00> <Spt= 0.01> <nCl= 19> <al=0.00> <DB=  589.8343> <Mlp=  595.2541> <PB=625.881> 
<DWph=1> <it= 43> <et=0.56> <Mt= 0.00> <Spt= 0.02> <nCl= 14> <al=0.04> <DB=  590.1181> <Mlp=  595.0238> <PB=625.881> 
<DWph=1> <it= 44> <et=0.59> <Mt= 0.00> <Spt= 0.04> <nCl= 10> <al=0.00> <DB=  595.0171> <Mlp=  595.0171> <PB=625.881> 
    RCSP exact solver info for graph G_1 : TT = 0.005297, pt = 1.5e-05, dt = 0.004303, ct = 0.000726, ndl = 1', bdl = 22', odl = 2', odf = 11', bsi = 1', cnt = 2', bdch = 149', odch = 12', lcp = 9', #sols = 150
    RCSP exact solver info for graph G_2 : TT = 0.009769, pt = 2.2e-05, dt = 0.008448, ct = 0.001011, ndl = 2', bdl = 57', odl = 3', odf = 21', bsi = 1', cnt = 4', bdch = 563', odch = 36', lcp = 29', #sols = 150
    RCSP exact solver info for graph G_3 : TT = 0.024423, pt = 3.1e-05, dt = 0.023079, ct = 0.00098, ndl = 5', bdl = 198', odl = 7', odf = 47', bsi = 2', cnt = 7', bdch = 3097', odch = 157', lcp = 137', #sols = 150
    RCSP exact solver info for graph G_1 : TT = 0.00432, pt = 4.9e-05, dt = 0.003254, ct = 0.000758, ndl = 1', bdl = 22', odl = 2', odf = 11', bsi = 1', cnt = 2', bdch = 149', odch = 12', lcp = 9', #sols = 150
    RCSP exact solver info for graph G_2 : TT = 0.008, pt = 4.5e-05, dt = 0.006625, ct = 0.001051, ndl = 2', bdl = 57', odl = 3', odf = 21', bsi = 1', cnt = 4', bdch = 563', odch = 36', lcp = 29', #sols = 150
    RCSP exact solver info for graph G_3 : TT = 0.022472, pt = 4.1e-05, dt = 0.021088, ct = 0.001015, ndl = 5', bdl = 198', odl = 7', odf = 47', bsi = 2', cnt = 7', bdch = 3097', odch = 157', lcp = 137', #sols = 150
<DWph=0> <it= 45> <et=0.68> <Mt= 0.00> <Spt= 0.08> <nCl=294> <al=0.00> <DB=  595.0171> <Mlp=  595.0171> <PB=625.881> 
Dynamic params and stats :  aver.obdmd = 22.1538 aver.buck.num. = 25
@@ 1 0 595.017 0.0045205 0.005029 81.7402 0.68
Dynamic params and stats :  aver.obdmd = 22.5192 aver.buck.num. = 25
@@ 1 0 595.017 0.0085675 0.009459 88.3008 0.68
Dynamic params and stats :  aver.obdmd = 24.25 aver.buck.num. = 26
@@ 1 0 595.017 0.023081 0.024059 91.8974 0.68
Labels distribution in buckets (bucket size) : largest - 18, top 0.1% - 18, top 0.5% - 15, top 2% - 13, top 10% - 7, top 50% - 1
Reduced cost fixing for graph G_1... 27791 buck. arcs remain (57.7% from prev., 47.2% from max.) + 3641 jump buck. arcs (6.18% from max.)
 TT = 0.031094, pt = 0.002837, dt = 0.011878, ct = 0.016228, ndl = 7', bdl = 101', odl = 4', odf = 38', lpcb = 142', cnt = 138', bdch = 1073', odch = 118', lcp = 90'
Labels distribution in buckets (bucket size) : largest - 22, top 0.1% - 22, top 0.5% - 18, top 2% - 14, top 10% - 9, top 50% - 2
Run forward enumeration with border = 60... succeeded! lpt = 0.201858, ndl = 36', dl = 80', lpcb = 927', dch = 1807'
Run enumeration concatenation with time limit 0.3 sec.... time limit reached, not succeeded.
Sorting and storing enumerated solutions ...  TT = 0.620154, pt = 0.001963, dt = 0.201858, ct = 0.303541, ndl = 36', bdl = 80', lpcb = 927', cnt = 698', bdch = 1807', odch = 0', lcp = 0'
Labels distribution in buckets (bucket size) : largest - 26, top 0.1% - 26, top 0.5% - 23, top 2% - 20, top 10% - 12, top 50% - 2
Reduced cost fixing for graph G_2... 26222 buck. arcs remain (49.6% from prev., 43.8% from max.) + 4835 jump buck. arcs (8.08% from max.)
 TT = 0.039858, pt = 0.004652, dt = 0.016392, ct = 0.01862, ndl = 10', bdl = 145', odl = 5', odf = 46', lpcb = 222', cnt = 214', bdch = 1757', odch = 188', lcp = 141'
Labels distribution in buckets (bucket size) : largest - 33, top 0.1% - 33, top 0.5% - 26, top 2% - 22, top 10% - 14, top 50% - 3
Run forward enumeration with border = 80... succeeded! lpt = 0.422164, ndl = 102', dl = 134', lpcb = 2312', dch = 2129'
Run enumeration concatenation with time limit 0.3 sec.... time limit reached, not succeeded.
Sorting and storing enumerated solutions ...  TT = 0.959198, pt = 0.000648, dt = 0.422164, ct = 0.323065, ndl = 102', bdl = 134', lpcb = 2312', cnt = 2157', bdch = 2129', odch = 0', lcp = 0'
Labels distribution in buckets (bucket size) : largest - 53, top 0.1% - 53, top 0.5% - 43, top 2% - 34, top 10% - 22, top 50% - 6
Reduced cost fixing for graph G_3... 19944 buck. arcs remain (33.8% from prev., 31% from max.) + 6366 jump buck. arcs (9.9% from max.)
 TT = 0.039553, pt = 0.004003, dt = 0.017245, ct = 0.018085, ndl = 14', bdl = 112', odl = 7', odf = 59', lpcb = 338', cnt = 295', bdch = 1636', odch = 278', lcp = 173'
Labels distribution in buckets (bucket size) : largest - 57, top 0.1% - 57, top 0.5% - 43, top 2% - 37, top 10% - 22, top 50% - 6
Run forward enumeration with border = 150... not succeeded (ratio 0.576761) lpt = 0.161423, ndl = 128', dl = 36', lpcb = 909', dch = 192'
 TT = 0.170902, pt = 0.000641, dt = 0.161423, ct = 0, ndl = 128', bdl = 36', lpcb = 909', cnt = 1125', bdch = 192', odch = 0', lcp = 0'
Bucket graph for G_3 is regenerated as bucket steps were adjusted for 52 vertices
RCSP solver info : number of forw. reachable buckets / buck. strongly connected components is 2523( 95.1357% ) / 2473( 98.0182% )
39615 forw. buck. arcs remain (32.0251% from max.)
ColGenEvalAlg final dual bound: 595.017 (rounded: 595.017)
Shrinking heuristic shrunk 11 edges
1 Rank-1 1-rows pack. cuts added ,  max viol. = 0.109, aver. viol. = 0.109
150 Rank-1 3-rows pack. cuts added ,  max viol. = 0.5, aver. viol. = 0.277953
----- Add fac. cuts : R1C(151), max.viol = 0.5, aver.viol = 0.279, sep/add took 0.00815339/0.0918493 sec. -----
3104 columns (3104 active), 151 dyn. constrs. (151 active), 256 art. vars. (256 active)
<DWph=2> <it=  1> <et=2.69> <Mt= 0.01> <Spt= 0.02> <nCl= 31> <al=0.50> <DB=  590.3451> <Mlp=  601.8409> <PB=625.881> 
<DWph=2> <it=  2> <et=2.70> <Mt= 0.00> <Spt= 0.01> <nCl=  8> <al=0.55> <DB=  597.6493> <Mlp=  600.6441> <PB=625.881> 
<DWph=2> <it=  3> <et=2.72> <Mt= 0.01> <Spt= 0.01> <nCl= 17> <al=0.45> <DB=  598.0802> <Mlp=  600.6295> <PB=625.881> 
<DWph=2> <it=  4> <et=2.73> <Mt= 0.00> <Spt= 0.01> <nCl= 11> <al=0.51> <DB=  599.0674> <Mlp=  600.6295> <PB=625.881> 
<DWph=2> <it=  5> <et=2.74> <Mt= 0.00> <Spt= 0.01> <nCl= 15> <al=0.41> <DB=  593.7230> <Mlp=  600.6295> <PB=625.881> 
<DWph=2> <it=  6> <et=2.76> <Mt= 0.00> <Spt= 0.02> <nCl= 14> <al=0.46> <DB=  597.0471> <Mlp=  600.6208> <PB=625.881> 
<DWph=2> <it=  7> <et=2.78> <Mt= 0.00> <Spt= 0.02> <nCl= 15> <al=0.04> <DB=  593.8784> <Mlp=  600.6162> <PB=625.881> 
<DWph=2> <it=  8> <et=2.80> <Mt= 0.01> <Spt= 0.01> <nCl= 27> <al=0.42> <DB=  598.8388> <Mlp=  600.1586> <PB=625.881> 
<DWph=2> <it=  9> <et=2.82> <Mt= 0.00> <Spt= 0.02> <nCl= 15> <al=0.48> <DB=  597.7695> <Mlp=  600.0772> <PB=625.881> 
<DWph=2> <it= 10> <et=2.83> <Mt= 0.00> <Spt= 0.01> <nCl=  8> <al=0.38> <DB=  599.8790> <Mlp=  600.0739> <PB=625.881> 
<DWph=2> <it= 11> <et=2.85> <Mt= 0.00> <Spt= 0.01> <nCl= 15> <al=0.28> <DB=  598.3131> <Mlp=  600.0694> <PB=625.881> 
<DWph=2> <it= 12> <et=2.87> <Mt= 0.01> <Spt= 0.02> <nCl= 11> <al=0.00> <DB=  600.0646> <Mlp=  600.0646> <PB=625.881> 
<DWph=1> <it= 13> <et=2.90> <Mt= 0.00> <Spt= 0.03> <nCl= 25> <al=0.25> <DB=  588.8464> <Mlp=  600.0646> <PB=625.881> 
<DWph=1> <it= 14> <et=2.92> <Mt= 0.00> <Spt= 0.02> <nCl=  8> <al=0.32> <DB=  597.2353> <Mlp=  600.0054> <PB=625.881> 
<DWph=1> <it= 15> <et=2.95> <Mt= 0.00> <Spt= 0.02> <nCl=  7> <al=0.22> <DB=  597.8149> <Mlp=  599.9949> <PB=625.881> 
<DWph=1> <it= 16> <et=2.97> <Mt= 0.00> <Spt= 0.02> <nCl=  3> <al=0.12> <DB=  599.5133> <Mlp=  599.9742> <PB=625.881> 
<DWph=1> <it= 17> <et=2.99> <Mt= 0.01> <Spt= 0.02> <nCl=  3> <al=0.21> <DB=  599.5792> <Mlp=  599.9742> <PB=625.881> 
<DWph=1> <it= 18> <et=3.03> <Mt= 0.00> <Spt= 0.04> <nCl=  0> <al=0.00> <DB=  599.9742> <Mlp=  599.9742> <PB=625.881> 
    RCSP exact solver info for graph G_1 : TT = 0.007551, pt = 0.000155, dt = 0.005864, ct = 0.001236, ndl = 1', bdl = 12', odl = 1', odf = 12', bsi = 1', cnt = 5', bdch = 92', odch = 15', lcp = 11', #sols = 150
    RCSP exact solver info for graph G_2 : TT = 0.012364, pt = 0.000158, dt = 0.010098, ct = 0.001787, ndl = 3', bdl = 26', odl = 3', odf = 23', bsi = 1', cnt = 8', bdch = 296', odch = 47', lcp = 37', #sols = 150
    RCSP exact solver info for graph G_3 : TT = 0.022343, pt = 0.000222, dt = 0.019836, ct = 0.001852, ndl = 6', bdl = 51', odl = 10', odf = 99', bsi = 2', cnt = 10', bdch = 682', odch = 244', lcp = 118', #sols = 150
<DWph=0> <it= 19> <et=3.09> <Mt= 0.00> <Spt= 0.06> <nCl=188> <al=0.19> <DB=  585.8215> <Mlp=  599.9742> <PB=625.881> 
    RCSP exact solver info for graph G_1 : TT = 0.006899, pt = 0.000196, dt = 0.005131, ct = 0.001284, ndl = 1', bdl = 12', odl = 1', odf = 12', bsi = 1', cnt = 5', bdch = 94', odch = 15', lcp = 11', #sols = 150
    RCSP exact solver info for graph G_2 : TT = 0.01126, pt = 0.000181, dt = 0.00895, ct = 0.001838, ndl = 3', bdl = 26', odl = 3', odf = 23', bsi = 1', cnt = 8', bdch = 299', odch = 48', lcp = 37', #sols = 150
    RCSP exact solver info for graph G_3 : TT = 0.021247, pt = 0.000228, dt = 0.018637, ct = 0.001958, ndl = 7', bdl = 53', odl = 10', odf = 102', bsi = 2', cnt = 11', bdch = 716', odch = 255', lcp = 122', #sols = 150
<DWph=0> <it= 20> <et=3.15> <Mt= 0.00> <Spt= 0.05> <nCl= 47> <al=0.19> <DB=  597.1969> <Mlp=  599.8663> <PB=625.881> 
    RCSP exact solver info for graph G_1 : TT = 0.006947, pt = 0.000195, dt = 0.005186, ct = 0.001298, ndl = 1', bdl = 12', odl = 1', odf = 12', bsi = 1', cnt = 5', bdch = 95', odch = 16', lcp = 11', #sols = 150
    RCSP exact solver info for graph G_2 : TT = 0.011085, pt = 0.000189, dt = 0.008803, ct = 0.001798, ndl = 3', bdl = 25', odl = 3', odf = 23', bsi = 1', cnt = 7', bdch = 293', odch = 46', lcp = 37', #sols = 150
    RCSP exact solver info for graph G_3 : TT = 0.021311, pt = 0.000234, dt = 0.018693, ct = 0.001967, ndl = 7', bdl = 53', odl = 10', odf = 102', bsi = 2', cnt = 11', bdch = 720', odch = 257', lcp = 123', #sols = 150
    RCSP exact solver info for graph G_1 : TT = 0.006869, pt = 0.000189, dt = 0.00512, ct = 0.001276, ndl = 1', bdl = 12', odl = 1', odf = 12', bsi = 1', cnt = 5', bdch = 94', odch = 15', lcp = 11', #sols = 150
    RCSP exact solver info for graph G_2 : TT = 0.011043, pt = 0.000175, dt = 0.008775, ct = 0.001797, ndl = 3', bdl = 25', odl = 3', odf = 23', bsi = 1', cnt = 7', bdch = 293', odch = 46', lcp = 37', #sols = 150
    RCSP exact solver info for graph G_3 : TT = 0.021297, pt = 0.000231, dt = 0.018678, ct = 0.001975, ndl = 7', bdl = 53', odl = 10', odf = 102', bsi = 2', cnt = 10', bdch = 722', odch = 258', lcp = 124', #sols = 150
<DWph=0> <it= 21> <et=3.24> <Mt= 0.00> <Spt= 0.09> <nCl= 10> <al=0.00> <DB=  599.8661> <Mlp=  599.8661> <PB=625.881> 
Dynamic params and stats :  aver.obdmd = 22.1538 aver.buck.num. = 25 nbR1C = 23 with avMem = 14.1739
@@ 1 1 599.866 0.00659875 0.0071 47.1834 3.24
Dynamic params and stats :  aver.obdmd = 22.5192 aver.buck.num. = 25 nbR1C = 23 with avMem = 14.1739
@@ 1 1 599.866 0.0109615 0.011885 43.8129 3.24
Dynamic params and stats :  aver.obdmd = 48.5 aver.buck.num. = 51 nbR1C = 23 with avMem = 14.1739
@@ 1 1 599.866 0.020899 0.021688 32.0251 3.24
Labels distribution in buckets (bucket size) : largest - 19, top 0.1% - 19, top 0.5% - 16, top 2% - 14, top 10% - 8, top 50% - 1
Reduced cost fixing for graph G_1... 24236 buck. arcs remain (87.2% from prev., 41.1% from max.) + 3853 jump buck. arcs (6.54% from max.)
 TT = 0.04241, pt = 0.003709, dt = 0.017594, ct = 0.020856, ndl = 8', bdl = 95', odl = 4', odf = 44', lpcb = 62', cnt = 144', bdch = 1092', odch = 171', lcp = 119'
Labels distribution in buckets (bucket size) : largest - 25, top 0.1% - 25, top 0.5% - 22, top 2% - 16, top 10% - 11, top 50% - 2
Run forward enumeration with border = 60... succeeded! lpt = 0.16361, ndl = 28', dl = 49', lpcb = 633', dch = 1002'
Run enumeration concatenation with time limit 0.3 sec.... time limit reached, not succeeded.
Sorting and storing enumerated solutions ...  TT = 0.536144, pt = 0, dt = 0.16361, ct = 0.300848, ndl = 28', bdl = 49', lpcb = 633', cnt = 609', bdch = 1002', odch = 0', lcp = 0'
Labels distribution in buckets (bucket size) : largest - 31, top 0.1% - 31, top 0.5% - 26, top 2% - 23, top 10% - 15, top 50% - 3
Reduced cost fixing for graph G_2... 22645 buck. arcs remain (86.4% from prev., 37.8% from max.) + 5308 jump buck. arcs (8.87% from max.)
 TT = 0.054263, pt = 0.005237, dt = 0.023683, ct = 0.025042, ndl = 12', bdl = 132', odl = 6', odf = 54', lpcb = 91', cnt = 226', bdch = 1570', odch = 256', lcp = 182'
Labels distribution in buckets (bucket size) : largest - 35, top 0.1% - 35, top 0.5% - 31, top 2% - 25, top 10% - 17, top 50% - 3
Run forward enumeration with border = 80... succeeded! lpt = 0.369039, ndl = 75', dl = 75', lpcb = 1537', dch = 1067'
Run enumeration concatenation with time limit 0.32241 sec.... time limit reached, not succeeded.
Sorting and storing enumerated solutions ...  TT = 0.849328, pt = 0, dt = 0.369039, ct = 0.32984, ndl = 75', bdl = 75', lpcb = 1537', cnt = 1866', bdch = 1067', odch = 0', lcp = 0'
Labels distribution in buckets (bucket size) : largest - 34, top 0.1% - 32, top 0.5% - 24, top 2% - 21, top 10% - 14, top 50% - 4
Reduced cost fixing for graph G_3... 31481 buck. arcs remain (80.6% from prev., 25.4% from max.) + 13195 jump buck. arcs (10.7% from max.)
 TT = 0.067337, pt = 0.004958, dt = 0.027433, ct = 0.034411, ndl = 18', bdl = 108', odl = 11', odf = 128', lpcb = 117', cnt = 289', bdch = 919', odch = 449', lcp = 179'
Labels distribution in buckets (bucket size) : largest - 38, top 0.1% - 34, top 0.5% - 26, top 2% - 21, top 10% - 15, top 50% - 4
Run forward enumeration with border = 150... not succeeded (ratio 0.309305) lpt = 0.474797, ndl = 200', dl = 51', lpcb = 1951', dch = 373'
 TT = 0.506169, pt = 0, dt = 0.474797, ct = 0, ndl = 200', bdl = 51', lpcb = 1951', cnt = 3177', bdch = 373', odch = 0', lcp = 0'
ColGenEvalAlg final dual bound: 599.866 (rounded: 599.866)
Gap improvement since the last cut separation : 0.15711 (595.017)
Current active cuts : R1C(1+22,30.0563) 1rowPackR1C(1) 3rowPackR1C(22)
Shrinking heuristic shrunk 5 edges
3 Rank-1 1-rows pack. cuts added ,  max viol. = 0.0824931, aver. viol. = 0.048121
150 Rank-1 3-rows pack. cuts added ,  max viol. = 0.367553, aver. viol. = 0.201636
----- Add fac. cuts : R1C(153), max.viol = 0.367553, aver.viol = 0.202184, sep/add took 0.0119655/0.116385 sec. -----
3582 columns (3582 active), 304 dyn. constrs. (176 active), 409 art. vars. (281 active)
<DWph=2> <it=  1> <et=5.52> <Mt= 0.02> <Spt= 0.02> <nCl= 10> <al=0.50> <DB=  601.2917> <Mlp=  602.7174> <PB=625.881> 
<DWph=2> <it=  2> <et=5.53> <Mt= 0.00> <Spt= 0.01> <nCl= 22> <al=0.40> <DB=  596.2620> <Mlp=  602.6697> <PB=625.881> 
<DWph=2> <it=  3> <et=5.55> <Mt= 0.01> <Spt= 0.02> <nCl=  8> <al=0.46> <DB=  601.2009> <Mlp=  602.5383> <PB=625.881> 
<DWph=2> <it=  4> <et=5.58> <Mt= 0.00> <Spt= 0.02> <nCl= 17> <al=0.03> <DB=  602.3122> <Mlp=  602.5259> <PB=625.881> 
<DWph=2> <it=  5> <et=5.61> <Mt= 0.00> <Spt= 0.03> <nCl=  4> <al=0.00> <DB=  602.5259> <Mlp=  602.5259> <PB=625.881> 
<DWph=1> <it=  6> <et=5.64> <Mt= 0.00> <Spt= 0.02> <nCl= 24> <al=0.31> <DB=  598.4480> <Mlp=  602.5259> <PB=625.881> 
<DWph=1> <it=  7> <et=5.66> <Mt= 0.01> <Spt= 0.02> <nCl=  8> <al=0.38> <DB=  600.0389> <Mlp=  602.5226> <PB=625.881> 
<DWph=1> <it=  8> <et=5.69> <Mt= 0.00> <Spt= 0.02> <nCl=  9> <al=0.28> <DB=  600.5004> <Mlp=  602.5226> <PB=625.881> 
<DWph=1> <it=  9> <et=5.71> <Mt= 0.00> <Spt= 0.03> <nCl= 12> <al=0.18> <DB=  601.4793> <Mlp=  602.3363> <PB=625.881> 
<DWph=1> <it= 10> <et=5.74> <Mt= 0.01> <Spt= 0.02> <nCl=  3> <al=0.26> <DB=  601.7799> <Mlp=  602.3229> <PB=625.881> 
<DWph=1> <it= 11> <et=5.78> <Mt= 0.00> <Spt= 0.04> <nCl=  2> <al=0.00> <DB=  602.2853> <Mlp=  602.3214> <PB=625.881> 
<DWph=1> <it= 12> <et=5.83> <Mt= 0.00> <Spt= 0.04> <nCl=  0> <al=0.00> <DB=  602.3214> <Mlp=  602.3214> <PB=625.881> 
    RCSP exact solver info for graph G_1 : TT = 0.007423, pt = 0.000285, dt = 0.005491, ct = 0.00134, ndl = 1', bdl = 11', odl = 1', odf = 13', bsi = 1', cnt = 7', bdch = 92', odch = 18', lcp = 12', #sols = 150
    RCSP exact solver info for graph G_2 : TT = 0.012371, pt = 0.000279, dt = 0.009837, ct = 0.001929, ndl = 3', bdl = 24', odl = 3', odf = 24', bsi = 1', cnt = 9', bdch = 303', odch = 56', lcp = 43', #sols = 150
    RCSP exact solver info for graph G_3 : TT = 0.023129, pt = 0.000336, dt = 0.020289, ct = 0.002048, ndl = 7', bdl = 48', odl = 10', odf = 101', bsi = 2', cnt = 13', bdch = 690', odch = 282', lcp = 129', #sols = 150
<DWph=0> <it= 13> <et=5.89> <Mt= 0.00> <Spt= 0.06> <nCl=132> <al=0.00> <DB=  594.6544> <Mlp=  602.3214> <PB=625.881> 
    RCSP exact solver info for graph G_1 : TT = 0.007466, pt = 0.000345, dt = 0.005473, ct = 0.001321, ndl = 1', bdl = 11', odl = 1', odf = 13', bsi = 1', cnt = 7', bdch = 92', odch = 17', lcp = 12', #sols = 150
    RCSP exact solver info for graph G_2 : TT = 0.012371, pt = 0.000321, dt = 0.009806, ct = 0.001913, ndl = 3', bdl = 24', odl = 3', odf = 24', bsi = 1', cnt = 10', bdch = 301', odch = 56', lcp = 43', #sols = 150
    RCSP exact solver info for graph G_3 : TT = 0.022805, pt = 0.000358, dt = 0.019938, ct = 0.002078, ndl = 7', bdl = 48', odl = 10', odf = 102', bsi = 2', cnt = 13', bdch = 699', odch = 289', lcp = 131', #sols = 150
<DWph=0> <it= 14> <et=5.94> <Mt= 0.01> <Spt= 0.05> <nCl= 22> <al=0.00> <DB=  602.2902> <Mlp=  602.2902> <PB=625.881> 
Dynamic params and stats :  aver.obdmd = 22.1538 aver.buck.num. = 25 nbR1C = 45 with avMem = 17.9111
@@ 1 2 602.29 0.0068125 0.006831 41.1477 5.94
Dynamic params and stats :  aver.obdmd = 22.5192 aver.buck.num. = 25 nbR1C = 45 with avMem = 17.9111
@@ 1 2 602.29 0.0117425 0.011766 37.8363 5.94
Dynamic params and stats :  aver.obdmd = 48.5 aver.buck.num. = 51 nbR1C = 45 with avMem = 17.9111
@@ 1 2 602.29 0.0221765 0.022337 25.4495 5.94
    Full reduced cost fixing is not called (gap ratio is 0.906817)
ColGenEvalAlg final dual bound: 602.29 (rounded: 602.29)
Gap improvement since the last cut separation : 0.0931827 (599.866)
Current active cuts : R1C(2+43,46.1465) 1rowPackR1C(2) 3rowPackR1C(43)
Shrinking heuristic shrunk 4 edges
1 Rank-1 1-rows pack. cuts added ,  max viol. = 0.199217, aver. viol. = 0.199217
150 Rank-1 3-rows pack. cuts added ,  max viol. = 0.391479, aver. viol. = 0.136929
----- Add fac. cuts : R1C(151), max.viol = 0.391479, aver.viol = 0.1392, sep/add took 0.0142532/0.124758 sec. -----
3855 columns (3855 active), 327 dyn. constrs. (196 active), 560 art. vars. (301 active)
<DWph=2> <it=  1> <et=6.14> <Mt= 0.02> <Spt= 0.02> <nCl= 10> <al=0.50> <DB=  600.1187> <Mlp=  603.8461> <PB=625.881> 
<DWph=2> <it=  2> <et=6.17> <Mt= 0.00> <Spt= 0.03> <nCl= 18> <al=0.10> <DB=  594.9589> <Mlp=  603.8458> <PB=625.881> 
<DWph=2> <it=  3> <et=6.20> <Mt= 0.01> <Spt= 0.02> <nCl=  7> <al=0.45> <DB=  603.4513> <Mlp=  603.8285> <PB=625.881> 
<DWph=2> <it=  4> <et=6.22> <Mt= 0.00> <Spt= 0.01> <nCl= 12> <al=0.35> <DB=  603.4253> <Mlp=  603.8285> <PB=625.881> 
<DWph=2> <it=  5> <et=6.25> <Mt= 0.00> <Spt= 0.03> <nCl=  8> <al=0.00> <DB=  603.8281> <Mlp=  603.8281> <PB=625.881> 
<DWph=1> <it=  6> <et=6.27> <Mt= 0.00> <Spt= 0.03> <nCl= 18> <al=0.32> <DB=  597.6413> <Mlp=  603.8281> <PB=625.881> 
<DWph=1> <it=  7> <et=6.31> <Mt= 0.01> <Spt= 0.02> <nCl= 13> <al=0.22> <DB=  601.0221> <Mlp=  603.7327> <PB=625.881> 
<DWph=1> <it=  8> <et=6.34> <Mt= 0.01> <Spt= 0.03> <nCl=  4> <al=0.12> <DB=  602.3754> <Mlp=  603.7327> <PB=625.881> 
<DWph=1> <it=  9> <et=6.38> <Mt= 0.00> <Spt= 0.04> <nCl=  0> <al=0.00> <DB=  603.7327> <Mlp=  603.7327> <PB=625.881> 
    RCSP exact solver info for graph G_1 : TT = 0.008461, pt = 0.000432, dt = 0.006142, ct = 0.001557, ndl = 2', bdl = 11', odl = 1', odf = 13', bsi = 1', cnt = 11', bdch = 101', odch = 20', lcp = 14', #sols = 150
    RCSP exact solver info for graph G_2 : TT = 0.014628, pt = 0.000415, dt = 0.011566, ct = 0.002292, ndl = 4', bdl = 26', odl = 3', odf = 26', bsi = 1', cnt = 15', bdch = 357', odch = 68', lcp = 50', #sols = 150
    RCSP exact solver info for graph G_3 : TT = 0.027838, pt = 0.000466, dt = 0.024493, ct = 0.002408, ndl = 9', bdl = 58', odl = 11', odf = 113', bsi = 2', cnt = 21', bdch = 921', odch = 373', lcp = 171', #sols = 150
<DWph=0> <it= 10> <et=6.46> <Mt= 0.00> <Spt= 0.07> <nCl=122> <al=0.10> <DB=  594.0123> <Mlp=  603.7327> <PB=625.881> 
    RCSP exact solver info for graph G_1 : TT = 0.008575, pt = 0.000536, dt = 0.006149, ct = 0.001539, ndl = 2', bdl = 11', odl = 1', odf = 13', bsi = 1', cnt = 10', bdch = 100', odch = 20', lcp = 14', #sols = 150
    RCSP exact solver info for graph G_2 : TT = 0.014471, pt = 0.000509, dt = 0.011321, ct = 0.002278, ndl = 4', bdl = 25', odl = 3', odf = 26', bsi = 2', cnt = 14', bdch = 342', odch = 65', lcp = 48', #sols = 150
    RCSP exact solver info for graph G_3 : TT = 0.027711, pt = 0.000561, dt = 0.024267, ct = 0.002408, ndl = 8', bdl = 57', odl = 11', odf = 112', bsi = 2', cnt = 22', bdch = 886', odch = 368', lcp = 163', #sols = 150
    RCSP exact solver info for graph G_1 : TT = 0.008371, pt = 0.000452, dt = 0.00604, ct = 0.001498, ndl = 2', bdl = 11', odl = 1', odf = 13', bsi = 1', cnt = 10', bdch = 100', odch = 20', lcp = 14', #sols = 150
    RCSP exact solver info for graph G_2 : TT = 0.014149, pt = 0.000429, dt = 0.011112, ct = 0.002238, ndl = 4', bdl = 25', odl = 3', odf = 26', bsi = 1', cnt = 14', bdch = 339', odch = 65', lcp = 48', #sols = 150
    RCSP exact solver info for graph G_3 : TT = 0.027026, pt = 0.000483, dt = 0.023687, ct = 0.002389, ndl = 8', bdl = 56', odl = 11', odf = 112', bsi = 2', cnt = 21', bdch = 875', odch = 364', lcp = 161', #sols = 150
<DWph=0> <it= 11> <et=6.58> <Mt= 0.01> <Spt= 0.12> <nCl= 35> <al=0.00> <DB=  603.6905> <Mlp=  603.6905> <PB=625.881> 
Dynamic params and stats :  aver.obdmd = 22.1538 aver.buck.num. = 25 nbR1C = 62 with avMem = 20.5806
@@ 1 3 603.69 0.00764167 0.007699 41.1477 6.58
Dynamic params and stats :  aver.obdmd = 22.5192 aver.buck.num. = 25 nbR1C = 62 with avMem = 20.5806
@@ 1 3 603.69 0.0136023 0.013858 37.8363 6.58
Dynamic params and stats :  aver.obdmd = 48.5 aver.buck.num. = 51 nbR1C = 62 with avMem = 20.5806
@@ 1 3 603.69 0.0265507 0.026901 25.4495 6.58
Labels distribution in buckets (bucket size) : largest - 29, top 0.1% - 29, top 0.5% - 22, top 2% - 17, top 10% - 10, top 50% - 1
Reduced cost fixing for graph G_1... 21746 buck. arcs remain (89.7% from prev., 36.9% from max.) + 4108 jump buck. arcs (6.97% from max.)
 TT = 0.052297, pt = 0.004852, dt = 0.024413, ct = 0.022743, ndl = 11', bdl = 107', odl = 5', odf = 56', lpcb = 77', cnt = 171', bdch = 1436', odch = 279', lcp = 179'
Labels distribution in buckets (bucket size) : largest - 34, top 0.1% - 34, top 0.5% - 29, top 2% - 20, top 10% - 13, top 50% - 2
Run forward enumeration with border = 60... succeeded! lpt = 0.154877, ndl = 23', dl = 33', lpcb = 476', dch = 671'
Run enumeration concatenation with time limit 0.3 sec.... succeeded!
Sorting and storing enumerated solutions ... done!
 TT = 0.744817, pt = 0, dt = 0.154877, ct = 0.29487, ndl = 23', bdl = 33', lpcb = 476', cnt = 623', bdch = 671', odch = 0', lcp = 0'
Enumeration succeeded!, number of elem. solutions is 154420
Estimating inspection time...     TT = 0.030509, performed by inspection with 154420 solutions, nbR1C = 62, nbDiscC = 0
Inspection time is too high. Pricing will be done by the labelling algorithm.
Labels distribution in buckets (bucket size) : largest - 44, top 0.1% - 44, top 0.5% - 36, top 2% - 30, top 10% - 18, top 50% - 3
Reduced cost fixing for graph G_2... 19996 buck. arcs remain (88.3% from prev., 33.4% from max.) + 5206 jump buck. arcs (8.7% from max.)
 TT = 0.073906, pt = 0.007532, dt = 0.035546, ct = 0.03042, ndl = 17', bdl = 159', odl = 6', odf = 72', lpcb = 123', cnt = 301', bdch = 2222', odch = 474', lcp = 303'
Labels distribution in buckets (bucket size) : largest - 67, top 0.1% - 67, top 0.5% - 44, top 2% - 36, top 10% - 22, top 50% - 4
Run forward enumeration with border = 80... succeeded! lpt = 0.332143, ndl = 58', dl = 45', lpcb = 1053', dch = 644'
Run enumeration concatenation with time limit 0.41337 sec.... time limit reached, not succeeded.
Sorting and storing enumerated solutions ...  TT = 0.862441, pt = 0, dt = 0.332143, ct = 0.421311, ndl = 58', bdl = 45', lpcb = 1053', cnt = 2010', bdch = 644', odch = 0', lcp = 0'
Labels distribution in buckets (bucket size) : largest - 47, top 0.1% - 44, top 0.5% - 38, top 2% - 28, top 10% - 18, top 50% - 4
Reduced cost fixing for graph G_3... 28847 buck. arcs remain (91.6% from prev., 23.3% from max.) + 12503 jump buck. arcs (10.1% from max.)
 TT = 0.084111, pt = 0.00689, dt = 0.036488, ct = 0.040089, ndl = 24', bdl = 129', odl = 11', odf = 158', lpcb = 122', cnt = 431', bdch = 1211', odch = 736', lcp = 245'
Labels distribution in buckets (bucket size) : largest - 47, top 0.1% - 44, top 0.5% - 39, top 2% - 28, top 10% - 19, top 50% - 5
Run forward enumeration with border = 150... succeeded! lpt = 0.784045, ndl = 194', dl = 46', lpcb = 2427', dch = 434'
Run enumeration concatenation with time limit 0.79677 sec.... time limit reached, not succeeded.
Sorting and storing enumerated solutions ...  TT = 1.80641, pt = 0, dt = 0.784045, ct = 0.806143, ndl = 194', bdl = 46', lpcb = 2427', cnt = 7387', bdch = 434', odch = 0', lcp = 0'
ColGenEvalAlg final dual bound: 603.69 (rounded: 603.69)
Gap improvement since the last cut separation : 0.0593546 (602.29)
Current active cuts : R1C(1+61,62.0474) 1rowPackR1C(1) 3rowPackR1C(61)
Shrinking heuristic shrunk 2 edges
1 Rank-1 1-rows pack. cuts added ,  max viol. = 0.0672446, aver. viol. = 0.0672446
150 Rank-1 3-rows pack. cuts added ,  max viol. = 0.224081, aver. viol. = 0.108513
----- Add fac. cuts : R1C(151), max.viol = 0.23017, aver.viol = 0.112388, sep/add took 0.0157984/0.137373 sec. -----
4102 columns (4102 active), 347 dyn. constrs. (213 active), 711 art. vars. (318 active)
<DWph=2> <it=  1> <et=10.57> <Mt= 0.02> <Spt= 0.02> <nCl=  8> <al=0.50> <DB=  603.9883> <Mlp=  604.2861> <PB=625.881> 
<DWph=2> <it=  2> <et=10.59> <Mt= 0.01> <Spt= 0.02> <nCl= 13> <al=0.40> <DB=  602.5628> <Mlp=  604.2861> <PB=625.881> 
<DWph=2> <it=  3> <et=10.63> <Mt= 0.00> <Spt= 0.03> <nCl=  6> <al=0.00> <DB=  604.2775> <Mlp=  604.2775> <PB=625.881> 
<DWph=1> <it=  4> <et=10.65> <Mt= 0.00> <Spt= 0.02> <nCl= 11> <al=0.36> <DB=  601.4435> <Mlp=  604.2775> <PB=625.881> 
<DWph=1> <it=  5> <et=10.71> <Mt= 0.01> <Spt= 0.05> <nCl= 11> <al=0.00> <DB=  603.0553> <Mlp=  604.2737> <PB=625.881> 
<DWph=1> <it=  6> <et=10.76> <Mt= 0.00> <Spt= 0.04> <nCl=  1> <al=0.00> <DB=  604.2736> <Mlp=  604.2736> <PB=625.881> 
    RCSP exact solver info for graph G_1 : TT = 0.008582, pt = 0.00058, dt = 0.006107, ct = 0.001541, ndl = 2', bdl = 10', odl = 1', odf = 13', bsi = 1', cnt = 11', bdch = 93', odch = 21', lcp = 14', #sols = 150
    RCSP exact solver info for graph G_2 : TT = 0.014189, pt = 0.000533, dt = 0.011132, ct = 0.002155, ndl = 4', bdl = 23', odl = 3', odf = 26', bsi = 1', cnt = 15', bdch = 315', odch = 69', lcp = 50', #sols = 150
    RCSP exact solver info for graph G_3 : TT = 0.028217, pt = 0.00059, dt = 0.024756, ct = 0.002382, ndl = 9', bdl = 52', odl = 11', odf = 116', bsi = 2', cnt = 21', bdch = 872', odch = 404', lcp = 172', #sols = 150
<DWph=0> <it=  7> <et=10.83> <Mt= 0.00> <Spt= 0.07> <nCl= 83> <al=0.22> <DB=  599.1458> <Mlp=  604.2736> <PB=625.881> 
    RCSP exact solver info for graph G_1 : TT = 0.008789, pt = 0.000631, dt = 0.006209, ct = 0.001551, ndl = 2', bdl = 10', odl = 1', odf = 13', bsi = 1', cnt = 11', bdch = 94', odch = 20', lcp = 14', #sols = 150
    RCSP exact solver info for graph G_2 : TT = 0.014471, pt = 0.000588, dt = 0.011334, ct = 0.002176, ndl = 4', bdl = 23', odl = 3', odf = 26', bsi = 1', cnt = 15', bdch = 322', odch = 69', lcp = 51', #sols = 150
    RCSP exact solver info for graph G_3 : TT = 0.029177, pt = 0.000638, dt = 0.025557, ct = 0.002483, ndl = 9', bdl = 53', odl = 11', odf = 118', bsi = 2', cnt = 23', bdch = 911', odch = 421', lcp = 177', #sols = 150
<DWph=0> <it=  8> <et=10.89> <Mt= 0.01> <Spt= 0.06> <nCl= 18> <al=0.12> <DB=  603.6720> <Mlp=  604.2670> <PB=625.881> 
    RCSP exact solver info for graph G_1 : TT = 0.00883, pt = 0.000642, dt = 0.006227, ct = 0.001573, ndl = 2', bdl = 10', odl = 1', odf = 13', bsi = 1', cnt = 11', bdch = 93', odch = 21', lcp = 14', #sols = 150
    RCSP exact solver info for graph G_2 : TT = 0.014534, pt = 0.000613, dt = 0.011357, ct = 0.00218, ndl = 4', bdl = 23', odl = 3', odf = 26', bsi = 1', cnt = 16', bdch = 322', odch = 69', lcp = 51', #sols = 150
    RCSP exact solver info for graph G_3 : TT = 0.02918, pt = 0.000662, dt = 0.02555, ct = 0.002463, ndl = 9', bdl = 53', odl = 11', odf = 118', bsi = 2', cnt = 24', bdch = 912', odch = 422', lcp = 178', #sols = 150
    RCSP exact solver info for graph G_1 : TT = 0.008784, pt = 0.000644, dt = 0.006183, ct = 0.00157, ndl = 2', bdl = 10', odl = 1', odf = 13', bsi = 1', cnt = 11', bdch = 93', odch = 21', lcp = 14', #sols = 150
    RCSP exact solver info for graph G_2 : TT = 0.014461, pt = 0.000611, dt = 0.011285, ct = 0.002177, ndl = 4', bdl = 23', odl = 3', odf = 26', bsi = 1', cnt = 16', bdch = 322', odch = 70', lcp = 51', #sols = 150
    RCSP exact solver info for graph G_3 : TT = 0.029062, pt = 0.000665, dt = 0.025423, ct = 0.002474, ndl = 9', bdl = 54', odl = 11', odf = 118', bsi = 2', cnt = 24', bdch = 912', odch = 422', lcp = 177', #sols = 150
<DWph=0> <it=  9> <et=11.01> <Mt= 0.00> <Spt= 0.12> <nCl=  2> <al=0.00> <DB=  604.2669> <Mlp=  604.2669> <PB=625.881> 
Dynamic params and stats :  aver.obdmd = 22.1538 aver.buck.num. = 25 nbR1C = 74 with avMem = 25.027
@@ 1 4 604.267 0.00774025 0.0078 36.9202 11.01
Dynamic params and stats :  aver.obdmd = 22.5192 aver.buck.num. = 25 nbR1C = 74 with avMem = 25.027
@@ 1 4 604.267 0.013449 0.013537 33.4102 11.01
Dynamic params and stats :  aver.obdmd = 48.5 aver.buck.num. = 51 nbR1C = 74 with avMem = 25.027
@@ 1 4 604.267 0.027772 0.02804 23.3201 11.01
    Full reduced cost fixing is not called (gap ratio is 0.974023)
ColGenEvalAlg final dual bound: 604.267 (rounded: 604.267)
Gap improvement since the last cut separation : 0.0259768 (603.69)
Current active cuts : R1C(74,69.4619) 3rowPackR1C(74)
Shrinking heuristic shrunk 3 edges
3 Rank-1 1-rows pack. cuts added ,  max viol. = 0.0805347, aver. viol. = 0.0529339
150 Rank-1 3-rows pack. cuts added ,  max viol. = 0.29044, aver. viol. = 0.127014
----- Add fac. cuts : R1C(153), max.viol = 0.29044, aver.viol = 0.13068, sep/add took 0.0164996/0.144998 sec. -----
4255 columns (4255 active), 366 dyn. constrs. (227 active), 864 art. vars. (332 active)
<DWph=2> <it=  1> <et=11.28> <Mt= 0.03> <Spt= 0.02> <nCl=  8> <al=0.50> <DB=  604.0747> <Mlp=  604.9043> <PB=625.881> 
<DWph=2> <it=  2> <et=11.33> <Mt= 0.02> <Spt= 0.03> <nCl= 21> <al=0.10> <DB=  597.2182> <Mlp=  604.8840> <PB=625.881> 
<DWph=2> <it=  3> <et=11.37> <Mt= 0.00> <Spt= 0.03> <nCl=  6> <al=0.00> <DB=  604.1902> <Mlp=  604.8840> <PB=625.881> 
<DWph=2> <it=  4> <et=11.41> <Mt= 0.01> <Spt= 0.03> <nCl=  3> <al=0.00> <DB=  603.5690> <Mlp=  604.8840> <PB=625.881> 
<DWph=2> <it=  5> <et=11.44> <Mt= 0.00> <Spt= 0.03> <nCl=  5> <al=0.00> <DB=  604.8840> <Mlp=  604.8840> <PB=625.881> 
<DWph=1> <it=  6> <et=11.47> <Mt= 0.00> <Spt= 0.03> <nCl= 13> <al=0.15> <DB=  598.9814> <Mlp=  604.8840> <PB=625.881> 
<DWph=1> <it=  7> <et=11.51> <Mt= 0.01> <Spt= 0.03> <nCl= 10> <al=0.24> <DB=  603.0795> <Mlp=  604.8733> <PB=625.881> 
<DWph=1> <it=  8> <et=11.54> <Mt= 0.01> <Spt= 0.02> <nCl=  5> <al=0.31> <DB=  604.1462> <Mlp=  604.8732> <PB=625.881> 
<DWph=1> <it=  9> <et=11.59> <Mt= 0.00> <Spt= 0.05> <nCl=  3> <al=0.00> <DB=  604.2779> <Mlp=  604.8732> <PB=625.881> 
<DWph=1> <it= 10> <et=11.64> <Mt= 0.00> <Spt= 0.05> <nCl=  1> <al=0.00> <DB=  604.7201> <Mlp=  604.8732> <PB=625.881> 
<DWph=1> <it= 11> <et=11.69> <Mt= 0.01> <Spt= 0.05> <nCl=  0> <al=0.00> <DB=  604.8732> <Mlp=  604.8732> <PB=625.881> 
    RCSP exact solver info for graph G_1 : TT = 0.009876, pt = 0.000689, dt = 0.007001, ct = 0.001789, ndl = 2', bdl = 11', odl = 1', odf = 14', bsi = 1', cnt = 16', bdch = 110', odch = 25', lcp = 16', #sols = 150
    RCSP exact solver info for graph G_2 : TT = 0.01672, pt = 0.000619, dt = 0.013078, ct = 0.00261, ndl = 4', bdl = 26', odl = 3', odf = 29', bsi = 1', cnt = 26', bdch = 390', odch = 85', lcp = 61', #sols = 150
    RCSP exact solver info for graph G_3 : TT = 0.033652, pt = 0.00068, dt = 0.029591, ct = 0.00285, ndl = 10', bdl = 62', odl = 11', odf = 131', bsi = 2', cnt = 32', bdch = 1134', odch = 523', lcp = 218', #sols = 150
<DWph=0> <it= 12> <et=11.78> <Mt= 0.00> <Spt= 0.08> <nCl=131> <al=0.08> <DB=  599.2819> <Mlp=  604.8732> <PB=625.881> 
    RCSP exact solver info for graph G_1 : TT = 0.009716, pt = 0.00074, dt = 0.006806, ct = 0.001728, ndl = 2', bdl = 11', odl = 1', odf = 14', bsi = 1', cnt = 14', bdch = 105', odch = 24', lcp = 15', #sols = 150
    RCSP exact solver info for graph G_2 : TT = 0.016122, pt = 0.000678, dt = 0.012566, ct = 0.002449, ndl = 4', bdl = 25', odl = 3', odf = 28', bsi = 1', cnt = 20', bdch = 373', odch = 81', lcp = 59', #sols = 150
    RCSP exact solver info for graph G_3 : TT = 0.032038, pt = 0.000725, dt = 0.028095, ct = 0.002689, ndl = 10', bdl = 58', odl = 11', odf = 124', bsi = 2', cnt = 28', bdch = 1034', odch = 474', lcp = 202', #sols = 150
<DWph=0> <it= 13> <et=11.86> <Mt= 0.01> <Spt= 0.07> <nCl= 46> <al=0.00> <DB=  601.8362> <Mlp=  604.7927> <PB=625.881> 
    RCSP exact solver info for graph G_1 : TT = 0.009868, pt = 0.000729, dt = 0.006894, ct = 0.001781, ndl = 2', bdl = 11', odl = 1', odf = 14', bsi = 1', cnt = 15', bdch = 106', odch = 25', lcp = 16', #sols = 150
    RCSP exact solver info for graph G_2 : TT = 0.01641, pt = 0.000714, dt = 0.012805, ct = 0.002469, ndl = 4', bdl = 25', odl = 3', odf = 28', bsi = 1', cnt = 20', bdch = 382', odch = 83', lcp = 60', #sols = 150
    RCSP exact solver info for graph G_3 : TT = 0.032746, pt = 0.00076, dt = 0.02871, ct = 0.002712, ndl = 10', bdl = 58', odl = 11', odf = 125', bsi = 2', cnt = 28', bdch = 1038', odch = 477', lcp = 203', #sols = 150
    RCSP exact solver info for graph G_1 : TT = 0.009803, pt = 0.000763, dt = 0.00684, ct = 0.001753, ndl = 2', bdl = 11', odl = 1', odf = 14', bsi = 1', cnt = 15', bdch = 106', odch = 25', lcp = 16', #sols = 150
    RCSP exact solver info for graph G_2 : TT = 0.016364, pt = 0.000711, dt = 0.01277, ct = 0.002464, ndl = 4', bdl = 25', odl = 3', odf = 28', bsi = 1', cnt = 21', bdch = 382', odch = 83', lcp = 60', #sols = 150
    RCSP exact solver info for graph G_3 : TT = 0.032134, pt = 0.000763, dt = 0.028137, ct = 0.002701, ndl = 10', bdl = 58', odl = 11', odf = 125', bsi = 2', cnt = 29', bdch = 1038', odch = 477', lcp = 203', #sols = 150
<DWph=0> <it= 14> <et=11.99> <Mt= 0.00> <Spt= 0.13> <nCl=  1> <al=0.00> <DB=  604.7927> <Mlp=  604.7927> <PB=625.881> 
Dynamic params and stats :  aver.obdmd = 22.1538 aver.buck.num. = 25 nbR1C = 81 with avMem = 27.2593
@@ 1 5 604.793 0.008648 0.00879 36.9202 11.99
Dynamic params and stats :  aver.obdmd = 22.5192 aver.buck.num. = 25 nbR1C = 81 with avMem = 27.2593
@@ 1 5 604.793 0.0153027 0.015688 33.4102 11.99
Dynamic params and stats :  aver.obdmd = 48.5 aver.buck.num. = 51 nbR1C = 81 with avMem = 27.2593
@@ 1 5 604.793 0.0313713 0.032441 23.3201 11.99
    Full reduced cost fixing is not called (gap ratio is 0.95033)
ColGenEvalAlg final dual bound: 604.793 (rounded: 604.793)
Gap improvement since the last cut separation : 0.0243254 (604.267)
Current active cuts : R1C(2+79,78.8134) 1rowPackR1C(2) 3rowPackR1C(79)
Shrinking heuristic shrunk 6 edges
3 Rank-1 1-rows pack. cuts added ,  max viol. = 0.0576308, aver. viol. = 0.039915
150 Rank-1 3-rows pack. cuts added ,  max viol. = 0.156896, aver. viol. = 0.0794773
----- Add fac. cuts : R1C(153), max.viol = 0.164112, aver.viol = 0.0845759, sep/add took 0.014602/0.158358 sec. -----
4508 columns (4508 active), 380 dyn. constrs. (234 active), 1017 art. vars. (339 active)
<DWph=2> <it=  1> <et=12.29> <Mt= 0.05> <Spt= 0.02> <nCl= 21> <al=0.50> <DB=  604.1591> <Mlp=  605.4463> <PB=625.881> 
<DWph=2> <it=  2> <et=12.34> <Mt= 0.02> <Spt= 0.02> <nCl=  8> <al=0.55> <DB=  604.2178> <Mlp=  605.3737> <PB=625.881> 
<DWph=2> <it=  3> <et=12.39> <Mt= 0.02> <Spt= 0.04> <nCl= 13> <al=0.19> <DB=  604.8247> <Mlp=  605.3593> <PB=625.881> 
<DWph=2> <it=  4> <et=12.43> <Mt= 0.00> <Spt= 0.03> <nCl= 10> <al=0.00> <DB=  597.6520> <Mlp=  605.3593> <PB=625.881> 
<DWph=2> <it=  5> <et=12.45> <Mt= 0.00> <Spt= 0.02> <nCl=  2> <al=0.40> <DB=  604.7129> <Mlp=  605.3593> <PB=625.881> 
<DWph=2> <it=  6> <et=12.48> <Mt= 0.01> <Spt= 0.03> <nCl=  0> <al=0.00> <DB=  605.3593> <Mlp=  605.3593> <PB=625.881> 
<DWph=1> <it=  7> <et=12.51> <Mt= 0.00> <Spt= 0.03> <nCl= 19> <al=0.36> <DB=  598.4523> <Mlp=  605.3593> <PB=625.881> 
<DWph=1> <it=  8> <et=12.55> <Mt= 0.00> <Spt= 0.03> <nCl=  3> <al=0.42> <DB=  597.0590> <Mlp=  605.3593> <PB=625.881> 
<DWph=1> <it=  9> <et=12.61> <Mt= 0.01> <Spt= 0.05> <nCl=  3> <al=0.00> <DB=  605.3591> <Mlp=  605.3591> <PB=625.881> 
    RCSP exact solver info for graph G_1 : TT = 0.01058, pt = 0.000843, dt = 0.007393, ct = 0.00191, ndl = 2', bdl = 11', odl = 1', odf = 15', bsi = 1', cnt = 18', bdch = 116', odch = 26', lcp = 17', #sols = 150
    RCSP exact solver info for graph G_2 : TT = 0.017969, pt = 0.000753, dt = 0.014045, ct = 0.002734, ndl = 5', bdl = 26', odl = 3', odf = 30', bsi = 1', cnt = 26', bdch = 416', odch = 94', lcp = 66', #sols = 150
    RCSP exact solver info for graph G_3 : TT = 0.035308, pt = 0.000828, dt = 0.030957, ct = 0.002973, ndl = 11', bdl = 61', odl = 11', odf = 131', bsi = 2', cnt = 36', bdch = 1144', odch = 534', lcp = 223', #sols = 150
<DWph=0> <it= 10> <et=12.69> <Mt= 0.00> <Spt= 0.08> <nCl= 71> <al=0.22> <DB=  601.5582> <Mlp=  605.3591> <PB=625.881> 
    RCSP exact solver info for graph G_1 : TT = 0.010843, pt = 0.000923, dt = 0.007491, ct = 0.001958, ndl = 2', bdl = 11', odl = 1', odf = 14', bsi = 1', cnt = 18', bdch = 115', odch = 26', lcp = 17', #sols = 150
    RCSP exact solver info for graph G_2 : TT = 0.018538, pt = 0.00084, dt = 0.014379, ct = 0.002866, ndl = 5', bdl = 27', odl = 3', odf = 30', bsi = 1', cnt = 27', bdch = 425', odch = 95', lcp = 67', #sols = 150
    RCSP exact solver info for graph G_3 : TT = 0.036679, pt = 0.000893, dt = 0.032198, ct = 0.003029, ndl = 11', bdl = 62', odl = 11', odf = 133', bsi = 2', cnt = 35', bdch = 1180', odch = 550', lcp = 231', #sols = 150
<DWph=0> <it= 11> <et=12.78> <Mt= 0.01> <Spt= 0.07> <nCl= 13> <al=0.12> <DB=  604.9103> <Mlp=  605.3367> <PB=625.881> 
    RCSP exact solver info for graph G_1 : TT = 0.01095, pt = 0.000936, dt = 0.007538, ct = 0.001989, ndl = 2', bdl = 11', odl = 1', odf = 15', bsi = 1', cnt = 19', bdch = 117', odch = 26', lcp = 17', #sols = 150
    RCSP exact solver info for graph G_2 : TT = 0.0185, pt = 0.000834, dt = 0.014336, ct = 0.00287, ndl = 5', bdl = 27', odl = 3', odf = 30', bsi = 1', cnt = 27', bdch = 425', odch = 94', lcp = 67', #sols = 150
    RCSP exact solver info for graph G_3 : TT = 0.036834, pt = 0.000932, dt = 0.032318, ct = 0.003027, ndl = 11', bdl = 63', odl = 11', odf = 133', bsi = 2', cnt = 36', bdch = 1190', odch = 555', lcp = 232', #sols = 150
<DWph=0> <it= 12> <et=12.85> <Mt= 0.01> <Spt= 0.07> <nCl=  5> <al=0.02> <DB=  605.3152> <Mlp=  605.3367> <PB=625.881> 
    RCSP exact solver info for graph G_1 : TT = 0.01074, pt = 0.00089, dt = 0.007401, ct = 0.001968, ndl = 2', bdl = 11', odl = 1', odf = 15', bsi = 1', cnt = 19', bdch = 117', odch = 26', lcp = 17', #sols = 150
    RCSP exact solver info for graph G_2 : TT = 0.018224, pt = 0.000823, dt = 0.014108, ct = 0.002845, ndl = 5', bdl = 27', odl = 3', odf = 30', bsi = 1', cnt = 27', bdch = 426', odch = 94', lcp = 67', #sols = 150
    RCSP exact solver info for graph G_3 : TT = 0.036142, pt = 0.000888, dt = 0.031649, ct = 0.003015, ndl = 11', bdl = 63', odl = 11', odf = 133', bsi = 2', cnt = 36', bdch = 1190', odch = 555', lcp = 232', #sols = 150
<DWph=0> <it= 13> <et=12.92> <Mt= 0.00> <Spt= 0.07> <nCl=  0> <al=0.00> <DB=  605.3367> <Mlp=  605.3367> <PB=625.881> 
Dynamic params and stats :  aver.obdmd = 22.1538 aver.buck.num. = 25 nbR1C = 92 with avMem = 28.3478
@@ 1 6 605.337 0.009412 0.009527 36.9202 12.92
Dynamic params and stats :  aver.obdmd = 22.5192 aver.buck.num. = 25 nbR1C = 92 with avMem = 28.3478
@@ 1 6 605.337 0.0170457 0.017245 33.4102 12.92
Dynamic params and stats :  aver.obdmd = 48.5 aver.buck.num. = 51 nbR1C = 92 with avMem = 28.3478
@@ 1 6 605.337 0.0347915 0.035345 23.3201 12.92
    Full reduced cost fixing is not called (gap ratio is 0.925816)
ColGenEvalAlg final dual bound: 605.337 (rounded: 605.337)
Gap improvement since the last cut separation : 0.0257951 (604.793)
Current active cuts : R1C(2+90,88.7166) 1rowPackR1C(2) 3rowPackR1C(90)
Shrinking heuristic shrunk 6 edges
1 Rank-1 1-rows pack. cuts added ,  max viol. = 0.0221426, aver. viol. = 0.0221426
127 Rank-1 3-rows pack. cuts added ,  max viol. = 0.150091, aver. viol. = 0.0624501
Building structures for heuristic rank-1 packing cut separation...done!
100 Rank-1 4-rows pack. cuts added ,  max viol. = 0.164378, aver. viol. = 0.0877083
----- Add fac. cuts : R1C(228), max.viol = 0.164378, aver.viol = 0.0788364, sep/add took 0.0691844/0.249554 sec. -----
4676 columns (4676 active), 462 dyn. constrs. (321 active), 1245 art. vars. (426 active)
<DWph=2> <it=  1> <et=13.40> <Mt= 0.06> <Spt= 0.03> <nCl= 19> <al=0.50> <DB=  604.4784> <Mlp=  605.8295> <PB=625.881> 
<DWph=2> <it=  2> <et=13.49> <Mt= 0.07> <Spt= 0.02> <nCl= 12> <al=0.55> <DB=  604.8215> <Mlp=  605.8122> <PB=625.881> 
<DWph=2> <it=  3> <et=13.54> <Mt= 0.00> <Spt= 0.04> <nCl= 25> <al=0.19> <DB=  600.5128> <Mlp=  605.8122> <PB=625.881> 
<DWph=2> <it=  4> <et=13.60> <Mt= 0.03> <Spt= 0.04> <nCl= 19> <al=0.00> <DB=  604.6495> <Mlp=  605.8109> <PB=625.881> 
<DWph=2> <it=  5> <et=13.64> <Mt= 0.00> <Spt= 0.04> <nCl=  2> <al=0.00> <DB=  605.8109> <Mlp=  605.8109> <PB=625.881> 
<DWph=1> <it=  6> <et=13.67> <Mt= 0.00> <Spt= 0.03> <nCl= 19> <al=0.30> <DB=  595.7041> <Mlp=  605.8109> <PB=625.881> 
<DWph=1> <it=  7> <et=13.78> <Mt= 0.08> <Spt= 0.03> <nCl= 10> <al=0.20> <DB=  602.7216> <Mlp=  605.8100> <PB=625.881> 
<DWph=1> <it=  8> <et=13.82> <Mt= 0.01> <Spt= 0.03> <nCl=  3> <al=0.28> <DB=  604.7779> <Mlp=  605.8100> <PB=625.881> 
<DWph=1> <it=  9> <et=13.85> <Mt= 0.01> <Spt= 0.03> <nCl=  5> <al=0.18> <DB=  605.6157> <Mlp=  605.8097> <PB=625.881> 
<DWph=1> <it= 10> <et=13.91> <Mt= 0.00> <Spt= 0.05> <nCl=  0> <al=0.00> <DB=  605.8097> <Mlp=  605.8097> <PB=625.881> 
    RCSP exact solver info for graph G_1 : TT = 0.011448, pt = 0.000957, dt = 0.00778, ct = 0.002241, ndl = 2', bdl = 12', odl = 1', odf = 15', bsi = 1', cnt = 25', bdch = 122', odch = 29', lcp = 18', #sols = 150
    RCSP exact solver info for graph G_2 : TT = 0.020864, pt = 0.000885, dt = 0.015917, ct = 0.003578, ndl = 5', bdl = 28', odl = 3', odf = 32', bsi = 2', cnt = 49', bdch = 470', odch = 113', lcp = 76', #sols = 150
    RCSP exact solver info for graph G_3 : TT = 0.042874, pt = 0.000931, dt = 0.037849, ct = 0.003473, ndl = 12', bdl = 72', odl = 12', odf = 148', bsi = 2', cnt = 56', bdch = 1456', odch = 725', lcp = 284', #sols = 150
<DWph=0> <it= 11> <et=14.02> <Mt= 0.00> <Spt= 0.11> <nCl=135> <al=0.16> <DB=  597.1363> <Mlp=  605.8097> <PB=625.881> 
    RCSP exact solver info for graph G_1 : TT = 0.011743, pt = 0.001091, dt = 0.007962, ct = 0.002203, ndl = 2', bdl = 11', odl = 1', odf = 15', bsi = 1', cnt = 22', bdch = 119', odch = 28', lcp = 18', #sols = 150
    RCSP exact solver info for graph G_2 : TT = 0.020746, pt = 0.000981, dt = 0.015843, ct = 0.003448, ndl = 5', bdl = 28', odl = 3', odf = 31', bsi = 2', cnt = 42', bdch = 464', odch = 108', lcp = 74', #sols = 150
    RCSP exact solver info for graph G_3 : TT = 0.041786, pt = 0.00103, dt = 0.036851, ct = 0.003316, ndl = 12', bdl = 69', odl = 12', odf = 143', bsi = 2', cnt = 46', bdch = 1371', odch = 671', lcp = 269', #sols = 150
<DWph=0> <it= 12> <et=14.14> <Mt= 0.03> <Spt= 0.08> <nCl= 32> <al=0.24> <DB=  604.1266> <Mlp=  605.7968> <PB=625.881> 
    RCSP exact solver info for graph G_1 : TT = 0.011681, pt = 0.001084, dt = 0.007923, ct = 0.002158, ndl = 2', bdl = 11', odl = 1', odf = 15', bsi = 1', cnt = 21', bdch = 120', odch = 28', lcp = 18', #sols = 150
    RCSP exact solver info for graph G_2 : TT = 0.02045, pt = 0.001007, dt = 0.015638, ct = 0.00332, ndl = 5', bdl = 27', odl = 3', odf = 31', bsi = 2', cnt = 38', bdch = 453', odch = 105', lcp = 72', #sols = 150
    RCSP exact solver info for graph G_3 : TT = 0.041198, pt = 0.001046, dt = 0.036282, ct = 0.003265, ndl = 12', bdl = 68', odl = 12', odf = 142', bsi = 2', cnt = 43', bdch = 1337', odch = 650', lcp = 263', #sols = 150
    RCSP exact solver info for graph G_1 : TT = 0.011244, pt = 0.000961, dt = 0.007688, ct = 0.002097, ndl = 2', bdl = 11', odl = 1', odf = 15', bsi = 1', cnt = 21', bdch = 120', odch = 28', lcp = 18', #sols = 150
    RCSP exact solver info for graph G_2 : TT = 0.019676, pt = 0.000915, dt = 0.015089, ct = 0.003176, ndl = 5', bdl = 28', odl = 3', odf = 31', bsi = 2', cnt = 37', bdch = 453', odch = 105', lcp = 73', #sols = 150
    RCSP exact solver info for graph G_3 : TT = 0.039466, pt = 0.000968, dt = 0.034647, ct = 0.003224, ndl = 12', bdl = 67', odl = 12', odf = 141', bsi = 2', cnt = 42', bdch = 1324', odch = 644', lcp = 260', #sols = 150
<DWph=0> <it= 13> <et=14.30> <Mt= 0.01> <Spt= 0.16> <nCl= 14> <al=0.00> <DB=  605.7968> <Mlp=  605.7968> <PB=625.881> 
Dynamic params and stats :  aver.obdmd = 22.1538 aver.buck.num. = 25 nbR1C = 100 with avMem = 28.54
@@ 1 7 605.797 0.010013 0.010165 36.9202 14.3
Dynamic params and stats :  aver.obdmd = 22.5192 aver.buck.num. = 25 nbR1C = 100 with avMem = 28.54
@@ 1 7 605.797 0.0190022 0.019495 33.4102 14.3
Dynamic params and stats :  aver.obdmd = 48.5 aver.buck.num. = 51 nbR1C = 100 with avMem = 28.54
@@ 1 7 605.797 0.0397268 0.041322 23.3201 14.3
    Full reduced cost fixing is not called (gap ratio is 0.90508)
ColGenEvalAlg final dual bound: 605.797 (rounded: 605.797)
Gap improvement since the last cut separation : 0.0223973 (605.337)
Current active cuts : R1C(1+99,96.0382) 1rowPackR1C(1) 3rowPackR1C(84) 4rowPackR1C(15)
Shrinking heuristic shrunk 4 edges
2 Rank-1 1-rows pack. cuts added ,  max viol. = 0.0245832, aver. viol. = 0.0243086
71 Rank-1 3-rows pack. cuts added ,  max viol. = 0.139564, aver. viol. = 0.0388542
Building structures for heuristic rank-1 packing cut separation...done!
100 Rank-1 4-rows pack. cuts added ,  max viol. = 0.19317, aver. viol. = 0.0487773
----- Add fac. cuts : R1C(173), max.viol = 0.19317, aver.viol = 0.048184, sep/add took 0.0662476/0.202134 sec. -----
4971 columns (4971 active), 494 dyn. constrs. (273 active), 1418 art. vars. (378 active)
<DWph=2> <it=  1> <et=14.73> <Mt= 0.05> <Spt= 0.02> <nCl=  7> <al=0.50> <DB=  605.0181> <Mlp=  606.0648> <PB=625.881> 
<DWph=2> <it=  2> <et=14.78> <Mt= 0.02> <Spt= 0.04> <nCl=  5> <al=0.10> <DB=  604.2388> <Mlp=  606.0626> <PB=625.881> 
<DWph=2> <it=  3> <et=14.82> <Mt= 0.00> <Spt= 0.04> <nCl=  1> <al=0.00> <DB=  606.0626> <Mlp=  606.0626> <PB=625.881> 
<DWph=1> <it=  4> <et=14.86> <Mt= 0.01> <Spt= 0.03> <nCl=  9> <al=0.35> <DB=  605.1805> <Mlp=  606.0626> <PB=625.881> 
<DWph=1> <it=  5> <et=14.92> <Mt= 0.01> <Spt= 0.05> <nCl=  3> <al=0.00> <DB=  606.0619> <Mlp=  606.0619> <PB=625.881> 
    RCSP exact solver info for graph G_1 : TT = 0.011818, pt = 0.001149, dt = 0.007915, ct = 0.002137, ndl = 2', bdl = 12', odl = 1', odf = 15', bsi = 1', cnt = 22', bdch = 121', odch = 28', lcp = 19', #sols = 150
    RCSP exact solver info for graph G_2 : TT = 0.019956, pt = 0.000941, dt = 0.015333, ct = 0.003204, ndl = 5', bdl = 28', odl = 3', odf = 32', bsi = 1', cnt = 37', bdch = 458', odch = 109', lcp = 74', #sols = 150
    RCSP exact solver info for graph G_3 : TT = 0.042194, pt = 0.000938, dt = 0.037244, ct = 0.003404, ndl = 12', bdl = 71', odl = 12', odf = 152', bsi = 2', cnt = 46', bdch = 1459', odch = 727', lcp = 288', #sols = 150
<DWph=0> <it=  6> <et=15.02> <Mt= 0.00> <Spt= 0.09> <nCl= 67> <al=0.32> <DB=  601.4040> <Mlp=  606.0619> <PB=625.881> 
    RCSP exact solver info for graph G_1 : TT = 0.011786, pt = 0.001058, dt = 0.008015, ct = 0.00219, ndl = 2', bdl = 12', odl = 1', odf = 15', bsi = 1', cnt = 23', bdch = 123', odch = 29', lcp = 19', #sols = 150
    RCSP exact solver info for graph G_2 : TT = 0.020636, pt = 0.001002, dt = 0.015852, ct = 0.003303, ndl = 5', bdl = 28', odl = 3', odf = 32', bsi = 2', cnt = 38', bdch = 466', odch = 111', lcp = 75', #sols = 150
    RCSP exact solver info for graph G_3 : TT = 0.043066, pt = 0.001074, dt = 0.037939, ct = 0.003441, ndl = 12', bdl = 71', odl = 12', odf = 152', bsi = 2', cnt = 47', bdch = 1453', odch = 727', lcp = 286', #sols = 150
<DWph=0> <it=  7> <et=15.12> <Mt= 0.02> <Spt= 0.09> <nCl=  4> <al=0.38> <DB=  604.2693> <Mlp=  606.0517> <PB=625.881> 
    RCSP exact solver info for graph G_1 : TT = 0.01181, pt = 0.001126, dt = 0.007999, ct = 0.002163, ndl = 2', bdl = 12', odl = 1', odf = 15', bsi = 1', cnt = 22', bdch = 123', odch = 29', lcp = 19', #sols = 150
    RCSP exact solver info for graph G_2 : TT = 0.020802, pt = 0.000989, dt = 0.015998, ct = 0.003314, ndl = 5', bdl = 29', odl = 3', odf = 32', bsi = 2', cnt = 38', bdch = 474', odch = 112', lcp = 76', #sols = 150
    RCSP exact solver info for graph G_3 : TT = 0.043166, pt = 0.001039, dt = 0.038049, ct = 0.003434, ndl = 12', bdl = 72', odl = 12', odf = 153', bsi = 2', cnt = 47', bdch = 1467', odch = 732', lcp = 287', #sols = 150
<DWph=0> <it=  8> <et=15.22> <Mt= 0.02> <Spt= 0.08> <nCl= 18> <al=0.28> <DB=  605.5251> <Mlp=  606.0503> <PB=625.881> 
    RCSP exact solver info for graph G_1 : TT = 0.011829, pt = 0.001104, dt = 0.007982, ct = 0.002155, ndl = 2', bdl = 12', odl = 1', odf = 15', bsi = 1', cnt = 22', bdch = 123', odch = 28', lcp = 19', #sols = 150
    RCSP exact solver info for graph G_2 : TT = 0.020712, pt = 0.001014, dt = 0.015905, ct = 0.003298, ndl = 5', bdl = 29', odl = 3', odf = 32', bsi = 2', cnt = 38', bdch = 473', odch = 112', lcp = 76', #sols = 150
    RCSP exact solver info for graph G_3 : TT = 0.043165, pt = 0.001088, dt = 0.038017, ct = 0.003441, ndl = 12', bdl = 71', odl = 12', odf = 153', bsi = 2', cnt = 47', bdch = 1466', odch = 732', lcp = 287', #sols = 150
<DWph=0> <it=  9> <et=15.31> <Mt= 0.00> <Spt= 0.08> <nCl=  4> <al=0.36> <DB=  605.8638> <Mlp=  606.0503> <PB=625.881> 
    RCSP exact solver info for graph G_1 : TT = 0.011765, pt = 0.001093, dt = 0.007962, ct = 0.00218, ndl = 2', bdl = 12', odl = 1', odf = 15', bsi = 1', cnt = 22', bdch = 123', odch = 28', lcp = 19', #sols = 150
    RCSP exact solver info for graph G_2 : TT = 0.020698, pt = 0.001046, dt = 0.015867, ct = 0.003286, ndl = 5', bdl = 29', odl = 3', odf = 32', bsi = 2', cnt = 37', bdch = 470', odch = 111', lcp = 76', #sols = 150
    RCSP exact solver info for graph G_3 : TT = 0.043101, pt = 0.001092, dt = 0.037952, ct = 0.003428, ndl = 12', bdl = 71', odl = 12', odf = 152', bsi = 2', cnt = 47', bdch = 1460', odch = 730', lcp = 286', #sols = 150
    RCSP exact solver info for graph G_1 : TT = 0.011453, pt = 0.00102, dt = 0.007786, ct = 0.002123, ndl = 2', bdl = 12', odl = 1', odf = 15', bsi = 1', cnt = 22', bdch = 122', odch = 28', lcp = 18', #sols = 150
    RCSP exact solver info for graph G_2 : TT = 0.02027, pt = 0.000972, dt = 0.015553, ct = 0.003249, ndl = 5', bdl = 29', odl = 3', odf = 32', bsi = 2', cnt = 37', bdch = 471', odch = 111', lcp = 76', #sols = 150
    RCSP exact solver info for graph G_3 : TT = 0.042145, pt = 0.001014, dt = 0.037101, ct = 0.003399, ndl = 12', bdl = 71', odl = 12', odf = 152', bsi = 2', cnt = 47', bdch = 1458', odch = 729', lcp = 286', #sols = 150
<DWph=0> <it= 10> <et=15.47> <Mt= 0.00> <Spt= 0.16> <nCl=  1> <al=0.00> <DB=  606.0503> <Mlp=  606.0503> <PB=625.881> 
Dynamic params and stats :  aver.obdmd = 22.1538 aver.buck.num. = 25 nbR1C = 99 with avMem = 29.7778
@@ 1 8 606.05 0.0101012 0.010205 36.9202 15.47
Dynamic params and stats :  aver.obdmd = 22.5192 aver.buck.num. = 25 nbR1C = 99 with avMem = 29.7778
@@ 1 8 606.05 0.019027 0.019312 33.4102 15.47
Dynamic params and stats :  aver.obdmd = 48.5 aver.buck.num. = 51 nbR1C = 99 with avMem = 29.7778
@@ 1 8 606.05 0.0411415 0.041483 23.3201 15.47
Labels distribution in buckets (bucket size) : largest - 34, top 0.1% - 34, top 0.5% - 31, top 2% - 21, top 10% - 13, top 50% - 2
Reduced cost fixing for graph G_1...  took 0.03 sec., done by inspection with 154420 solutions, remains 125571 (81.3%)
Estimating inspection time...     TT = 0.02151, performed by inspection with 125571 solutions, nbR1C = 99, nbDiscC = 0
Inspection time is small enough, pricing will be done by inspection.
Labels distribution in buckets (bucket size) : largest - 67, top 0.1% - 67, top 0.5% - 58, top 2% - 40, top 10% - 25, top 50% - 4
Reduced cost fixing for graph G_2... 19064 buck. arcs remain (95.3% from prev., 31.9% from max.) + 5316 jump buck. arcs (8.88% from max.)
 TT = 0.133269, pt = 0.013145, dt = 0.075565, ct = 0.043937, ndl = 29', bdl = 230', odl = 8', odf = 126', lpcb = 185', cnt = 520', bdch = 4755', odch = 1374', lcp = 810'
Labels distribution in buckets (bucket size) : largest - 101, top 0.1% - 101, top 0.5% - 69, top 2% - 54, top 10% - 31, top 50% - 5
Run forward enumeration with border = 80... succeeded! lpt = 0.417844, ndl = 57', dl = 37', lpcb = 1012', dch = 575'
Run enumeration concatenation with time limit 0.59322 sec.... time limit reached, not succeeded.
Sorting and storing enumerated solutions ...  TT = 1.11849, pt = 0, dt = 0.417844, ct = 0.59481, ndl = 57', bdl = 37', lpcb = 1012', cnt = 3420', bdch = 575', odch = 0', lcp = 0'
Labels distribution in buckets (bucket size) : largest - 95, top 0.1% - 76, top 0.5% - 63, top 2% - 45, top 10% - 26, top 50% - 6
Reduced cost fixing for graph G_3... 27905 buck. arcs remain (96.7% from prev., 22.6% from max.) + 12408 jump buck. arcs (10% from max.)
 TT = 0.136055, pt = 0.012311, dt = 0.066442, ct = 0.056363, ndl = 36', bdl = 184', odl = 14', odf = 246', lpcb = 162', cnt = 856', bdch = 2379', odch = 1610', lcp = 495'
Labels distribution in buckets (bucket size) : largest - 95, top 0.1% - 76, top 0.5% - 65, top 2% - 48, top 10% - 28, top 50% - 6
Run forward enumeration with border = 150... succeeded! lpt = 0.995504, ndl = 194', dl = 40', lpcb = 2370', dch = 401'
Run enumeration concatenation with time limit 1.24542 sec.... time limit reached, not succeeded.
Sorting and storing enumerated solutions ...  TT = 2.48976, pt = 0, dt = 0.995504, ct = 1.27478, ndl = 194', bdl = 40', lpcb = 2370', cnt = 11256', bdch = 401', odch = 0', lcp = 0'
Added 928 columns in the formulation 
Removed 660 columns (not in the enumerated set) from the formulation
Regenerated 928 columns with the 'enumerated' flag
<DWph=2> <it= 11> <et=20.42> <Mt= 0.78> <Spt= 0.03> <nCl= 13> <al=0.00> <DB=  605.3511> <Mlp=  606.0906> <PB=625.881> 
<DWph=2> <it= 12> <et=20.43> <Mt= 0.01> <Spt= 0.02> <nCl=  2> <al=0.40> <DB=  605.6674> <Mlp=  606.0906> <PB=625.881> 
<DWph=2> <it= 13> <et=20.46> <Mt= 0.00> <Spt= 0.03> <nCl=  4> <al=0.00> <DB=  606.0906> <Mlp=  606.0906> <PB=625.881> 
<DWph=1> <it= 14> <et=20.49> <Mt= 0.00> <Spt= 0.02> <nCl=  5> <al=0.20> <DB=  606.0676> <Mlp=  606.0906> <PB=625.881> 
<DWph=1> <it= 15> <et=20.53> <Mt= 0.00> <Spt= 0.04> <nCl=  0> <al=0.00> <DB=  606.0906> <Mlp=  606.0906> <PB=625.881> 
    TT = 0.019704, performed by inspection with 125571 solutions, nbR1C = 93, nbDiscC = 0
    RCSP exact solver info for graph G_2 : TT = 0.021257, pt = 0.000917, dt = 0.016071, ct = 0.003676, ndl = 5', bdl = 29', odl = 3', odf = 33', bsi = 2', cnt = 55', bdch = 500', odch = 121', lcp = 83', #sols = 150
    RCSP exact solver info for graph G_3 : TT = 0.044641, pt = 0.000972, dt = 0.039426, ct = 0.003574, ndl = 13', bdl = 72', odl = 12', odf = 155', bsi = 2', cnt = 52', bdch = 1579', odch = 860', lcp = 329', #sols = 150
<DWph=0> <it= 16> <et=20.64> <Mt= 0.00> <Spt= 0.10> <nCl= 89> <al=0.00> <DB=  601.3577> <Mlp=  606.0906> <PB=625.881> 
    TT = 0.019586, performed by inspection with 125571 solutions, nbR1C = 92, nbDiscC = 0
    RCSP exact solver info for graph G_2 : TT = 0.020761, pt = 0.00092, dt = 0.015806, ct = 0.00349, ndl = 5', bdl = 28', odl = 3', odf = 33', bsi = 2', cnt = 48', bdch = 491', odch = 119', lcp = 81', #sols = 150
    RCSP exact solver info for graph G_3 : TT = 0.043019, pt = 0.000996, dt = 0.037899, ct = 0.003478, ndl = 13', bdl = 71', odl = 12', odf = 151', bsi = 2', cnt = 48', bdch = 1509', odch = 796', lcp = 308', #sols = 150
<DWph=0> <it= 17> <et=20.74> <Mt= 0.01> <Spt= 0.09> <nCl= 10> <al=0.00> <DB=  605.9790> <Mlp=  606.0890> <PB=625.881> 
    TT = 0.01958, performed by inspection with 125571 solutions, nbR1C = 92, nbDiscC = 0
    RCSP exact solver info for graph G_2 : TT = 0.020786, pt = 0.000945, dt = 0.015822, ct = 0.003473, ndl = 5', bdl = 28', odl = 3', odf = 33', bsi = 2', cnt = 48', bdch = 491', odch = 119', lcp = 81', #sols = 150
    RCSP exact solver info for graph G_3 : TT = 0.043053, pt = 0.001039, dt = 0.037888, ct = 0.003464, ndl = 13', bdl = 71', odl = 12', odf = 151', bsi = 2', cnt = 48', bdch = 1509', odch = 796', lcp = 308', #sols = 150
<DWph=0> <it= 18> <et=20.83> <Mt= 0.00> <Spt= 0.09> <nCl=  0> <al=0.00> <DB=  606.0890> <Mlp=  606.0890> <PB=625.881> 
Dynamic params and stats :  aver.obdmd = 22.1538 aver.buck.num. = 25 nbR1C = 92 with avMem = 31.2826
@@ 1 8 606.089 0.0196233 0.019704 0 20.83
Dynamic params and stats :  aver.obdmd = 22.5192 aver.buck.num. = 25 nbR1C = 92 with avMem = 31.2826
@@ 1 8 606.089 0.019446 0.019747 31.853 20.83
Dynamic params and stats :  aver.obdmd = 48.5 aver.buck.num. = 51 nbR1C = 92 with avMem = 31.2826
@@ 1 8 606.089 0.0419097 0.043 22.5586 20.83
Reduced cost fixing for graph G_1...  took 0.02 sec., done by inspection with 125571 solutions, remains 122479 (97.5%)
Removed 4 columns (not in the enumerated set) from the formulation
    Full reduced cost fixing is not called (gap ratio is 0.998049)
ColGenEvalAlg final dual bound: 606.089 (rounded: 606.089)
Gap improvement since the last cut separation : 0.0145506 (605.797)
Separator R1C not in maximum phase
Cut generation tailing off counter increased to 0
Current active cuts : R1C(92,106.397) 3rowPackR1C(69) 4rowPackR1C(23)
Shrinking heuristic shrunk 5 edges
128 Rank-1 3-rows pack. cuts added ,  max viol. = 0.0481485, aver. viol. = 0.0296847
Building structures for heuristic rank-1 packing cut separation...done!
100 Rank-1 4-rows pack. cuts added ,  max viol. = 0.172165, aver. viol. = 0.0491197
100 Rank-1 5-rows pack. cuts added ,  max viol. = 0.224829, aver. viol. = 0.18976
----- Add fac. cuts : R1C(328), max.viol = 0.449658, aver.viol = 0.13697, sep/add took 0.563599/0.403728 sec. -----
6096 columns (4549 active), 601 dyn. constrs. (420 active), 1746 art. vars. (525 active)
<DWph=2> <it=  1> <et=22.01> <Mt= 0.07> <Spt= 0.04> <nCl= 10> <al=0.00> <DB=  606.1905> <Mlp=  606.7800> <PB=625.881> 
<DWph=2> <it=  2> <et=22.07> <Mt= 0.02> <Spt= 0.04> <nCl= 18> <al=0.00> <DB=  605.8792> <Mlp=  606.7741> <PB=625.881> 
<DWph=2> <it=  3> <et=22.11> <Mt= 0.01> <Spt= 0.03> <nCl=  3> <al=0.00> <DB=  606.7738> <Mlp=  606.7738> <PB=625.881> 
<DWph=1> <it=  4> <et=22.16> <Mt= 0.01> <Spt= 0.04> <nCl=  7> <al=0.00> <DB=  606.7738> <Mlp=  606.7738> <PB=625.881> 
    TT = 0.021828, performed by inspection with 122479 solutions, nbR1C = 100, nbDiscC = 0
    RCSP exact solver info for graph G_2 : TT = 0.022034, pt = 0.001071, dt = 0.016835, ct = 0.003503, ndl = 6', bdl = 29', odl = 3', odf = 33', bsi = 2', cnt = 40', bdch = 510', odch = 120', lcp = 84', #sols = 150
    RCSP exact solver info for graph G_3 : TT = 0.047889, pt = 0.001122, dt = 0.0422, ct = 0.003852, ndl = 14', bdl = 74', odl = 13', odf = 159', bsi = 2', cnt = 61', bdch = 1670', odch = 860', lcp = 337', #sols = 150
<DWph=0> <it=  5> <et=22.30> <Mt= 0.00> <Spt= 0.14> <nCl=121> <al=0.10> <DB=  601.5882> <Mlp=  606.7738> <PB=625.881> 
    TT = 0.022764, performed by inspection with 122479 solutions, nbR1C = 107, nbDiscC = 0
    RCSP exact solver info for graph G_2 : TT = 0.021714, pt = 0.001147, dt = 0.016547, ct = 0.003434, ndl = 5', bdl = 28', odl = 3', odf = 33', bsi = 2', cnt = 39', bdch = 490', odch = 115', lcp = 80', #sols = 150
    RCSP exact solver info for graph G_3 : TT = 0.046405, pt = 0.001205, dt = 0.04065, ct = 0.003803, ndl = 13', bdl = 71', odl = 12', odf = 154', bsi = 2', cnt = 57', bdch = 1552', odch = 788', lcp = 310', #sols = 150
<DWph=0> <it=  6> <et=22.46> <Mt= 0.05> <Spt= 0.10> <nCl= 28> <al=0.00> <DB=  606.4115> <Mlp=  606.7388> <PB=625.881> 
    TT = 0.02313, performed by inspection with 122479 solutions, nbR1C = 109, nbDiscC = 0
    RCSP exact solver info for graph G_2 : TT = 0.021739, pt = 0.001189, dt = 0.016534, ct = 0.003424, ndl = 5', bdl = 28', odl = 3', odf = 32', bsi = 2', cnt = 39', bdch = 484', odch = 113', lcp = 79', #sols = 150
    RCSP exact solver info for graph G_3 : TT = 0.046474, pt = 0.00129, dt = 0.040657, ct = 0.003789, ndl = 13', bdl = 72', odl = 12', odf = 154', bsi = 2', cnt = 56', bdch = 1552', odch = 791', lcp = 309', #sols = 150
    TT = 0.022567, performed by inspection with 122479 solutions, nbR1C = 105, nbDiscC = 0
    RCSP exact solver info for graph G_2 : TT = 0.021516, pt = 0.001176, dt = 0.016364, ct = 0.003383, ndl = 5', bdl = 28', odl = 3', odf = 32', bsi = 2', cnt = 39', bdch = 484', odch = 113', lcp = 79', #sols = 150
    RCSP exact solver info for graph G_3 : TT = 0.046037, pt = 0.001253, dt = 0.040284, ct = 0.003773, ndl = 13', bdl = 72', odl = 12', odf = 154', bsi = 2', cnt = 56', bdch = 1556', odch = 792', lcp = 310', #sols = 150
<DWph=0> <it=  7> <et=22.68> <Mt= 0.02> <Spt= 0.20> <nCl=  5> <al=0.00> <DB=  606.7360> <Mlp=  606.7360> <PB=625.881> 
Dynamic params and stats :  aver.obdmd = 22.1538 aver.buck.num. = 25 nbR1C = 105 with avMem = 32.9524
@@ 1 9 606.736 0.0225723 0.02313 0 22.68
Dynamic params and stats :  aver.obdmd = 22.5192 aver.buck.num. = 25 nbR1C = 105 with avMem = 32.9524
@@ 1 9 606.736 0.020006 0.020338 31.853 22.68
Dynamic params and stats :  aver.obdmd = 48.5 aver.buck.num. = 51 nbR1C = 105 with avMem = 32.9524
@@ 1 9 606.736 0.044752 0.046052 22.5586 22.68
Reduced cost fixing for graph G_1...  took 0.02 sec., done by inspection with 122479 solutions, remains 117231 (95.7%)
Removed 1 columns (not in the enumerated set) from the formulation
    Full reduced cost fixing is not called (gap ratio is 0.965426)
ColGenEvalAlg final dual bound: 606.736 (rounded: 606.736)
Gap improvement since the last cut separation : 0.0326865 (606.089)
Current active cuts : R1C(105,107.184) 3rowPackR1C(71) 4rowPackR1C(23) 5rowPackR1C(11)
Shrinking heuristic shrunk 3 edges
2 Rank-1 1-rows pack. cuts added ,  max viol. = 0.0545232, aver. viol. = 0.0495461
121 Rank-1 3-rows pack. cuts added ,  max viol. = 0.223158, aver. viol. = 0.0720833
Building structures for heuristic rank-1 packing cut separation...done!
66 Rank-1 4-rows pack. cuts added ,  max viol. = 0.26973, aver. viol. = 0.089005
100 Rank-1 5-rows pack. cuts added ,  max viol. = 0.282539, aver. viol. = 0.185438
----- Add fac. cuts : R1C(289), max.viol = 0.367492, aver.viol = 0.145576, sep/add took 0.767777/0.360323 sec. -----
4741 columns (4740 active), 709 dyn. constrs. (394 active), 2035 art. vars. (499 active)
<DWph=2> <it=  1> <et=24.08> <Mt= 0.09> <Spt= 0.04> <nCl= 26> <al=0.00> <DB=  604.1654> <Mlp=  607.3666> <PB=625.881> 
<DWph=2> <it=  2> <et=24.11> <Mt= 0.01> <Spt= 0.02> <nCl=  3> <al=0.40> <DB=  607.2393> <Mlp=  607.3646> <PB=625.881> 
<DWph=2> <it=  3> <et=24.15> <Mt= 0.01> <Spt= 0.04> <nCl=  6> <al=0.00> <DB=  607.3646> <Mlp=  607.3646> <PB=625.881> 
<DWph=1> <it=  4> <et=24.19> <Mt= 0.00> <Spt= 0.03> <nCl= 17> <al=0.20> <DB=  606.5065> <Mlp=  607.3646> <PB=625.881> 
<DWph=1> <it=  5> <et=24.23> <Mt= 0.01> <Spt= 0.02> <nCl=  3> <al=0.10> <DB=  607.2737> <Mlp=  607.3623> <PB=625.881> 
<DWph=1> <it=  6> <et=24.26> <Mt= 0.01> <Spt= 0.03> <nCl=  0> <al=0.00> <DB=  607.3622> <Mlp=  607.3622> <PB=625.881> 
    TT = 0.023878, performed by inspection with 117231 solutions, nbR1C = 127, nbDiscC = 0
    RCSP exact solver info for graph G_2 : TT = 0.024881, pt = 0.00143, dt = 0.018753, ct = 0.003992, ndl = 6', bdl = 30', odl = 3', odf = 35', bsi = 1', cnt = 50', bdch = 548', odch = 128', lcp = 91', #sols = 150
    RCSP exact solver info for graph G_3 : TT = 0.059833, pt = 0.001436, dt = 0.05266, ct = 0.004838, ndl = 16', bdl = 84', odl = 13', odf = 180', bsi = 2', cnt = 98', bdch = 2105', odch = 1113', lcp = 414', #sols = 150
<DWph=0> <it=  7> <et=24.43> <Mt= 0.00> <Spt= 0.17> <nCl=182> <al=0.00> <DB=  601.4885> <Mlp=  607.3622> <PB=625.881> 
    TT = 0.023895, performed by inspection with 117231 solutions, nbR1C = 123, nbDiscC = 0
    RCSP exact solver info for graph G_2 : TT = 0.024551, pt = 0.001434, dt = 0.018495, ct = 0.003957, ndl = 6', bdl = 30', odl = 3', odf = 35', bsi = 1', cnt = 50', bdch = 539', odch = 127', lcp = 90', #sols = 150
    RCSP exact solver info for graph G_3 : TT = 0.057247, pt = 0.001444, dt = 0.050244, ct = 0.004678, ndl = 15', bdl = 82', odl = 13', odf = 178', bsi = 2', cnt = 87', bdch = 2014', odch = 1072', lcp = 402', #sols = 150
<DWph=0> <it=  8> <et=24.60> <Mt= 0.05> <Spt= 0.12> <nCl= 17> <al=0.00> <DB=  607.1417> <Mlp=  607.2962> <PB=625.881> 
    TT = 0.024114, performed by inspection with 117231 solutions, nbR1C = 126, nbDiscC = 0
    RCSP exact solver info for graph G_2 : TT = 0.024664, pt = 0.001456, dt = 0.018587, ct = 0.003976, ndl = 6', bdl = 30', odl = 3', odf = 35', bsi = 1', cnt = 50', bdch = 538', odch = 127', lcp = 90', #sols = 150
    RCSP exact solver info for graph G_3 : TT = 0.05754, pt = 0.001487, dt = 0.050523, ct = 0.004671, ndl = 15', bdl = 82', odl = 13', odf = 178', bsi = 2', cnt = 86', bdch = 2012', odch = 1071', lcp = 400', #sols = 150
    TT = 0.024125, performed by inspection with 117231 solutions, nbR1C = 126, nbDiscC = 0
    RCSP exact solver info for graph G_2 : TT = 0.024686, pt = 0.001458, dt = 0.018577, ct = 0.003983, ndl = 6', bdl = 30', odl = 3', odf = 35', bsi = 1', cnt = 50', bdch = 538', odch = 127', lcp = 90', #sols = 150
    RCSP exact solver info for graph G_3 : TT = 0.057649, pt = 0.001546, dt = 0.050561, ct = 0.004677, ndl = 15', bdl = 82', odl = 13', odf = 178', bsi = 2', cnt = 86', bdch = 2013', odch = 1073', lcp = 401', #sols = 150
<DWph=0> <it=  9> <et=24.84> <Mt= 0.01> <Spt= 0.23> <nCl=  4> <al=0.00> <DB=  607.2958> <Mlp=  607.2958> <PB=625.881> 
Dynamic params and stats :  aver.obdmd = 22.1538 aver.buck.num. = 25 nbR1C = 126 with avMem = 35.6667
@@ 1 10 607.296 0.024003 0.024125 0 24.84
Dynamic params and stats :  aver.obdmd = 22.5192 aver.buck.num. = 25 nbR1C = 126 with avMem = 35.6667
@@ 1 10 607.296 0.02258 0.022745 31.853 24.84
Dynamic params and stats :  aver.obdmd = 48.5 aver.buck.num. = 51 nbR1C = 126 with avMem = 35.6667
@@ 1 10 607.296 0.055713 0.057498 22.5586 24.84
Reduced cost fixing for graph G_1...  took 0.02 sec., done by inspection with 117231 solutions, remains 111421 (95%)
Removed 1 columns (not in the enumerated set) from the formulation
    Full reduced cost fixing is not called (gap ratio is 0.937193)
ColGenEvalAlg final dual bound: 607.296 (rounded: 607.296)
Gap improvement since the last cut separation : 0.0292447 (606.736)
Current active cuts : R1C(1+125,114.761) 1rowPackR1C(1) 3rowPackR1C(79) 4rowPackR1C(31) 5rowPackR1C(15)
Shrinking heuristic shrunk 2 edges
1 Rank-1 1-rows pack. cuts added ,  max viol. = 0.0255429, aver. viol. = 0.0255429
97 Rank-1 3-rows pack. cuts added ,  max viol. = 0.0833118, aver. viol. = 0.0326854
Building structures for heuristic rank-1 packing cut separation...done!
76 Rank-1 4-rows pack. cuts added ,  max viol. = 0.157626, aver. viol. = 0.0443066
100 Rank-1 5-rows pack. cuts added ,  max viol. = 0.159083, aver. viol. = 0.0887812
----- Add fac. cuts : R1C(274), max.viol = 0.266671, aver.viol = 0.0658174, sep/add took 0.857424/0.364241 sec. -----
4998 columns (4997 active), 668 dyn. constrs. (400 active), 2309 art. vars. (505 active)
<DWph=2> <it=  1> <et=26.32> <Mt= 0.05> <Spt= 0.04> <nCl= 16> <al=0.00> <DB=  607.5290> <Mlp=  607.5290> <PB=607.52904> 
<DWph=1> <it=  2> <et=26.38> <Mt= 0.00> <Spt= 0.06> <nCl=  6> <al=0.00> <DB=  607.5290> <Mlp=  607.5290> <PB=607.52904> 
    TT = 0.026209, performed by inspection with 111421 solutions, nbR1C = 148, nbDiscC = 0
    RCSP exact solver info for graph G_2 : TT = 0.026752, pt = 0.001754, dt = 0.019954, ct = 0.004281, ndl = 6', bdl = 30', odl = 3', odf = 35', bsi = 2', cnt = 54', bdch = 551', odch = 130', lcp = 93', #sols = 150
    RCSP exact solver info for graph G_3 : TT = 0.064069, pt = 0.00178, dt = 0.056135, ct = 0.005187, ndl = 16', bdl = 86', odl = 14', odf = 185', bsi = 2', cnt = 98', bdch = 2193', odch = 1163', lcp = 432', #sols = 150
<DWph=0> <it=  3> <et=26.51> <Mt= 0.01> <Spt= 0.13> <nCl= 22> <al=0.30> <DB=  606.9506> <Mlp=  607.5290> <PB=607.52904> 
    TT = 0.026206, performed by inspection with 111421 solutions, nbR1C = 148, nbDiscC = 0
    RCSP exact solver info for graph G_2 : TT = 0.026716, pt = 0.001804, dt = 0.01989, ct = 0.004273, ndl = 6', bdl = 30', odl = 3', odf = 35', bsi = 2', cnt = 54', bdch = 550', odch = 129', lcp = 93', #sols = 150
    RCSP exact solver info for graph G_3 : TT = 0.063851, pt = 0.001899, dt = 0.055849, ct = 0.005151, ndl = 16', bdl = 86', odl = 14', odf = 185', bsi = 2', cnt = 98', bdch = 2179', odch = 1159', lcp = 429', #sols = 150
<DWph=0> <it=  4> <et=26.67> <Mt= 0.03> <Spt= 0.13> <nCl=  4> <al=0.37> <DB=  607.3656> <Mlp=  607.5290> <PB=607.52904> 
    TT = 0.026291, performed by inspection with 111421 solutions, nbR1C = 148, nbDiscC = 0
    RCSP exact solver info for graph G_2 : TT = 0.026734, pt = 0.001791, dt = 0.019927, ct = 0.004289, ndl = 6', bdl = 30', odl = 3', odf = 35', bsi = 2', cnt = 54', bdch = 550', odch = 129', lcp = 92', #sols = 150
    RCSP exact solver info for graph G_3 : TT = 0.063974, pt = 0.001876, dt = 0.055934, ct = 0.005198, ndl = 16', bdl = 86', odl = 14', odf = 185', bsi = 2', cnt = 98', bdch = 2179', odch = 1159', lcp = 430', #sols = 150
    TT = 0.024453, performed by inspection with 111421 solutions, nbR1C = 134, nbDiscC = 0
    RCSP exact solver info for graph G_2 : TT = 0.02593, pt = 0.001663, dt = 0.019339, ct = 0.004201, ndl = 6', bdl = 30', odl = 3', odf = 35', bsi = 2', cnt = 54', bdch = 552', odch = 129', lcp = 93', #sols = 150
    RCSP exact solver info for graph G_3 : TT = 0.061817, pt = 0.001733, dt = 0.054066, ct = 0.005054, ndl = 16', bdl = 85', odl = 14', odf = 184', bsi = 2', cnt = 98', bdch = 2168', odch = 1153', lcp = 428', #sols = 150
<DWph=0> <it=  5> <et=26.93> <Mt= 0.01> <Spt= 0.24> <nCl=  1> <al=0.00> <DB=  607.5290> <Mlp=  607.5290> <PB=607.52904> 
Dynamic params and stats :  aver.obdmd = 22.1538 aver.buck.num. = 25 nbR1C = 134 with avMem = 37.8209
@@ 1 11 607.529 0.0257898 0.026291 0 26.93
Dynamic params and stats :  aver.obdmd = 22.5192 aver.buck.num. = 25 nbR1C = 134 with avMem = 37.8209
@@ 1 11 607.529 0.0240385 0.024235 31.853 26.93
Dynamic params and stats :  aver.obdmd = 48.5 aver.buck.num. = 51 nbR1C = 134 with avMem = 37.8209
@@ 1 11 607.529 0.0606435 0.061322 22.5586 26.93
ColGenEvalAlg final dual bound: 607.529 (rounded: 607.529)
Gap improvement since the last cut separation : 1 (607.296)
Current active cuts : R1C(134,120.153) 3rowPackR1C(77) 4rowPackR1C(36) 5rowPackR1C(21)
New model incumbent solution 607.529, TIME = 0h0m27s6t = 2706
************************************************************************************************
Search is finished, global bounds : [ 607.529 , 607.529 ], TIME = 0h0m27s6t = 2706
************************************************************************************************
instance_name solver_name ext_heuristic solution_value solution_time best_lb root_lb root_time nb_branch_and_bound_nodes status
/home/logis/Downloads/VRPSolverEasy/VRPSolverEasy/demos/data/HFVRP/c50_14hd CPLEX False 607.5290365558004 27.064672679999997 607.529036468821 607.529036468821 27.063797619000002 1 0

